rmse	mae	#iter	time_pred	time_learn	time_learn2	time_learn4	alpha	rmse_mcmc_this	rmse_mcmc_all	rmse_mcmc_all_but5
1735.05	1268.15	0	1.#QNAN	0	0.016	0	5.15004e-008	1735.05	1735.05	3880.47
1512.05	1082.81	1	1.#QNAN	0	0.016	0	2.91045e-007	1448.92	1512.05	3880.47
1464.37	1036.92	2	1.#QNAN	0	0.031	0	4.37444e-007	1435.34	1464.37	3880.47
1445.94	1017.69	3	1.#QNAN	0	0.015	0	4.33989e-007	1431.76	1445.94	3880.47
1435.85	1008.12	4	1.#QNAN	0	0.016	0	4.52893e-007	1415.39	1435.85	37687.6
1424.57	995.437	5	1.#QNAN	0	0.016	0	4.40449e-007	1398.41	1424.57	1398.41
1411.73	984.41	6	1.#QNAN	0	0.015	0	4.83434e-007	1360.03	1411.73	1373.88
1398.12	972.525	7	1.#QNAN	0	0.016	0	4.89831e-007	1335.12	1398.12	1356.34
1386.35	961.549	8	1.#QNAN	0	0.015	0	4.91758e-007	1321.81	1386.35	1345.04
1377.57	953.987	9	1.#QNAN	0	0.032	0	4.99205e-007	1330.23	1377.57	1339
1369.01	946.414	10	1.#QNAN	0	0.015	0	5.05588e-007	1319.72	1369.01	1332.74
1360.9	939.841	11	1.#QNAN	0	0.016	0	5.35038e-007	1318.14	1360.9	1327.29
1354.38	933.086	12	1.#QNAN	0	0.015	0	5.26738e-007	1320.94	1354.38	1323.79
1347.28	926.834	13	1.#QNAN	0	0.032	0	5.27593e-007	1292.72	1347.28	1318.46
1342.07	922.808	14	1.#QNAN	0	0.015	0	5.19595e-007	1310.89	1342.07	1315.39
1337.63	918.008	15	1.#QNAN	0	0.016	0	5.22579e-007	1315.91	1337.63	1313.36
1333.22	913.835	16	1.#QNAN	0	0.015	0	5.50628e-007	1302.4	1333.22	1310.74
1329.37	910.127	17	1.#QNAN	0	0.016	0	5.30612e-007	1300.78	1329.37	1308.54
1325.47	906.554	18	1.#QNAN	0	0.031	0	5.36365e-007	1288.76	1325.47	1305.93
1323.03	904.087	19	1.#QNAN	0	0.016	0	5.37618e-007	1305.77	1323.03	1304.92
1320.66	901.928	20	1.#QNAN	0	0.015	0	5.64987e-007	1304.5	1320.66	1303.75
1318.32	899.901	21	1.#QNAN	0	0.016	0	5.55877e-007	1301.81	1318.32	1302.6
1316.31	897.643	22	1.#QNAN	0	0.016	0	5.66749e-007	1303.93	1316.31	1301.62
1313.98	895.934	23	1.#QNAN	0	0.015	0	5.59449e-007	1287.24	1313.98	1300.04
1312.19	893.672	24	1.#QNAN	0	0.016	0	5.52032e-007	1296.14	1312.19	1299.03
1310.63	891.99	25	1.#QNAN	0	0.031	0	5.49617e-007	1305.04	1310.63	1298.37
1309.3	890.418	26	1.#QNAN	0	0.016	1	5.67776e-007	1308.71	1309.3	1297.83
1307.84	888.93	27	1.#QNAN	0	0.015	0	5.59948e-007	1297.34	1307.84	1296.98
1306.45	887.785	28	1.#QNAN	0	0.016	0	5.73323e-007	1297.77	1306.45	1296.1
1305.02	886.623	29	1.#QNAN	0	0.015	0	5.58541e-007	1290.4	1305.02	1295.19
1304.2	885.617	30	1.#QNAN	0	0.016	0	5.59325e-007	1304.47	1304.2	1294.92
1303.09	884.484	31	1.#QNAN	0	0.031	0	5.7101e-007	1301.06	1303.09	1294.27
1301.92	883.104	32	1.#QNAN	0	0.016	0	5.81121e-007	1298.41	1301.92	1293.53
1300.61	881.789	33	1.#QNAN	0	0.015	0	5.95651e-007	1300.6	1300.61	1292.58
1298.94	880.259	34	1.#QNAN	0	0.016	0	5.73708e-007	1284.89	1298.94	1291.16
1296.96	878.205	35	1.#QNAN	0	0.016	0	6.23695e-007	1290.39	1296.96	1289.37
1294.64	875.789	36	1.#QNAN	0	0.015	0	6.32935e-007	1279.57	1294.64	1287.19
1291.95	873.376	37	1.#QNAN	0	0.016	0	6.26903e-007	1278.45	1291.95	1284.51
1289.59	870.94	38	1.#QNAN	0	0.015	0	6.12965e-007	1307.11	1289.59	1282.29
1287.11	868.687	39	1.#QNAN	0	0.032	0	5.98256e-007	1276.88	1287.11	1279.89
1284.25	866.66	40	1.#QNAN	0	0.015	0	6.48705e-007	1266.32	1284.25	1277.01
1281.88	864.779	41	1.#QNAN	0	0.016	0	6.44497e-007	1269.95	1281.88	1274.7
1279.23	862.85	42	1.#QNAN	0	0.015	0	6.39518e-007	1254.84	1279.23	1272.04
1277.29	861.292	43	1.#QNAN	0	0.016	0	6.38909e-007	1279.65	1277.29	1270.17
1275.29	859.616	44	1.#QNAN	0	0.031	0	6.43819e-007	1285.95	1275.29	1268.24
1273.7	858.042	45	1.#QNAN	0	0.016	0	6.32679e-007	1296.27	1273.7	1266.79
1271.98	856.665	46	1.#QNAN	0	0.015	0	6.3213e-007	1297.15	1271.98	1265.17
1270.46	855.388	47	1.#QNAN	0	0.016	0	6.39207e-007	1290.57	1270.46	1263.76
1269.08	854.27	48	1.#QNAN	0	0.016	0	6.63998e-007	1297.24	1269.08	1262.52
1267.5	853.107	49	1.#QNAN	0	0.015	0	6.57904e-007	1296.85	1267.5	1261.07
1266.4	852.117	50	1.#QNAN	0	0.016	0	6.58722e-007	1283.09	1266.4	1260.16
1264.99	850.902	51	1.#QNAN	0	0.031	0	6.35269e-007	1269	1264.99	1258.91
1263.95	850.003	52	1.#QNAN	0	0.016	0	7.10433e-007	1296.29	1263.95	1258.03
1262.96	849.167	53	1.#QNAN	0	0.015	0	6.48125e-007	1305.12	1262.96	1257.2
1262.12	848.386	54	1.#QNAN	0	0.016	0	6.64177e-007	1311.38	1262.12	1256.5
1260.97	847.31	55	1.#QNAN	0	0.015	0	6.84711e-007	1281.27	1260.97	1255.46
1260.34	846.473	56	1.#QNAN	0	0.016	0	6.8674e-007	1317.86	1260.34	1255
1260.25	846.056	57	1.#QNAN	0	0.016	0	6.93646e-007	1355.52	1260.25	1255.12
1259.85	845.199	58	1.#QNAN	0	0.031	0	6.90246e-007	1334.55	1259.85	1254.91
1259.09	844.43	59	1.#QNAN	0	0.015	0	6.95267e-007	1329.83	1259.09	1254.3
1258.44	843.72	60	1.#QNAN	0	0.016	0	6.81926e-007	1317.42	1258.44	1253.79
1257.83	843.039	61	1.#QNAN	0	0.016	0	6.8543e-007	1307.54	1257.83	1253.29
1257	842.32	62	1.#QNAN	0	0.015	0	7.1685e-007	1300.2	1257	1252.57
1255.78	841.517	63	1.#QNAN	0	0.016	0	6.97635e-007	1279.61	1255.78	1251.42
1254.85	840.759	64	1.#QNAN	0	0.015	0	6.9365e-007	1292.98	1254.85	1250.56
1254.13	840.13	65	1.#QNAN	0	0.016	0	7.32633e-007	1291.01	1254.13	1249.95
1254.11	839.608	66	1.#QNAN	0	0.015	0	7.0209e-007	1337.81	1254.11	1250.06
1253.64	839.111	67	1.#QNAN	0	0.016	0	6.95074e-007	1295	1253.64	1249.7
1253.1	838.725	68	1.#QNAN	0	0.015	0	6.88642e-007	1309.26	1253.1	1249.27
1253.28	838.46	69	1.#QNAN	0	0.016	0	7.00469e-007	1429.85	1253.28	1249.62
1253.11	838.283	70	1.#QNAN	0	0.016	0	7.16787e-007	1396.95	1253.11	1249.59
1252.89	838.043	71	1.#QNAN	0	0.015	0	7.07883e-007	1344.63	1252.89	1249.5
1252.88	837.846	72	1.#QNAN	0	0.031	0	6.98699e-007	1408.27	1252.88	1249.64
1252.81	837.436	73	1.#QNAN	0	0.016	0	7.20775e-007	1425.1	1252.81	1249.73
1252.62	837.059	74	1.#QNAN	0	0.016	0	6.96314e-007	1394.13	1252.62	1249.67
1252.59	836.684	75	1.#QNAN	0	0.015	0	7.00223e-007	1389.03	1252.59	1249.79
1252.62	836.432	76	1.#QNAN	0	0.016	0	7.27214e-007	1390.05	1252.62	1249.97
1252.78	836.229	77	1.#QNAN	0	0.015	0	7.41307e-007	1393.19	1252.78	1250.28
1252.83	835.972	78	1.#QNAN	0	0.032	0	7.4289e-007	1343.82	1252.83	1250.46
1253.02	835.67	79	1.#QNAN	0	0.015	0	7.42411e-007	1379.98	1253.02	1250.79
1252.86	835.318	80	1.#QNAN	0	0.016	0	7.31911e-007	1340.14	1252.86	1250.73
1252.84	835.023	81	1.#QNAN	0	0.015	0	7.07732e-007	1323.8	1252.84	1250.8
1252.85	834.804	82	1.#QNAN	0	0.016	0	7.47606e-007	1328.07	1252.85	1250.9
1252.6	834.31	83	1.#QNAN	0	0.016	1	7.04955e-007	1304.95	1252.6	1250.71
1252.53	834.004	84	1.#QNAN	0	0.015	0	7.02433e-007	1324.84	1252.53	1250.71
1252.12	833.549	85	1.#QNAN	0	0.031	0	6.78425e-007	1289.21	1252.12	1250.35
1252.02	833.21	86	1.#QNAN	0	0.016	0	7.16981e-007	1319.41	1252.02	1250.33
1252.43	833.04	87	1.#QNAN	0	0.016	0	7.28124e-007	1384.83	1252.43	1250.85
1252.17	832.541	88	1.#QNAN	0	0.015	0	7.15423e-007	1302.65	1252.17	1250.66
1252.11	832.115	89	1.#QNAN	0	0.016	0	7.0122e-007	1327.13	1252.11	1250.67
1251.96	831.708	90	1.#QNAN	0	0.015	0	7.25684e-007	1319.46	1251.96	1250.6
1252.28	831.498	91	1.#QNAN	0	0.032	0	7.09096e-007	1361.99	1252.28	1251.03
1252.33	831.292	92	1.#QNAN	0	0.015	0	7.26699e-007	1334.24	1252.33	1251.16
1252.36	830.898	93	1.#QNAN	0	0.016	0	7.53578e-007	1338.18	1252.36	1251.28
1252.81	830.725	94	1.#QNAN	0	0.015	0	7.23935e-007	1384.82	1252.81	1251.81
1253.02	830.618	95	1.#QNAN	0	0.016	0	7.27063e-007	1352.73	1253.02	1252.11
1252.94	830.347	96	1.#QNAN	0	0.031	0	7.35389e-007	1314.32	1252.94	1252.08
1253.13	830.16	97	1.#QNAN	0	0.016	0	7.38951e-007	1338.39	1253.13	1252.34
1253.15	829.848	98	1.#QNAN	0	0.015	0	7.61901e-007	1331.47	1253.15	1252.44
1253.06	829.598	99	1.#QNAN	0	0.016	0	7.56424e-007	1330.75	1253.06	1252.41
1253.29	829.395	100	1.#QNAN	0	0.016	0	7.26457e-007	1376.12	1253.29	1252.72
1253.5	829.21	101	1.#QNAN	0	0.015	0	7.11364e-007	1367.35	1253.5	1253
1253.6	829.082	102	1.#QNAN	0	0.031	0	7.52497e-007	1345.62	1253.6	1253.17
1253.86	829.039	103	1.#QNAN	0	0.016	0	7.33493e-007	1373.44	1253.86	1253.51
1253.85	828.739	104	1.#QNAN	0	0.016	0	7.30545e-007	1358.45	1253.85	1253.55
1253.94	828.514	105	1.#QNAN	0	0.015	0	7.22065e-007	1356.84	1253.94	1253.71
1253.7	828.164	106	1.#QNAN	0	0.016	0	7.5257e-007	1310.03	1253.7	1253.5
1253.91	827.949	107	1.#QNAN	0	0.015	0	7.41354e-007	1381.65	1253.91	1253.78
1254.38	827.995	108	1.#QNAN	0	0.032	0	7.30288e-007	1437.74	1254.38	1254.33
1254.24	827.742	109	1.#QNAN	0	0.015	0	7.28058e-007	1318.56	1254.24	1254.21
1253.88	827.4	110	1.#QNAN	0	0.016	0	7.67342e-007	1290.13	1253.88	1253.87
1253.45	827.12	111	1.#QNAN	0	0.015	0	7.41612e-007	1280.34	1253.45	1253.45
1253.04	826.78	112	1.#QNAN	0	0.016	0	7.35671e-007	1274.28	1253.04	1253.05
1252.31	826.312	113	1.#QNAN	0	0.016	0	7.26091e-007	1272.87	1252.31	1252.33
1252.03	826.042	114	1.#QNAN	0	0.031	0	7.69551e-007	1322.44	1252.03	1252.08
1251.92	825.79	115	1.#QNAN	0	0.015	0	7.24504e-007	1360.72	1251.92	1252.01
1251.76	825.511	116	1.#QNAN	0	0.016	0	7.57016e-007	1312.51	1251.76	1251.88
1251.55	825.175	117	1.#QNAN	0	0.016	0	7.25889e-007	1306.34	1251.55	1251.69
1251.79	825.039	118	1.#QNAN	0	0.015	0	7.69331e-007	1398.91	1251.79	1251.98
1251.4	824.695	119	1.#QNAN	0	0.016	0	7.34666e-007	1281.24	1251.4	1251.61
1251.34	824.521	120	1.#QNAN	0	0.031	0	7.50481e-007	1338.11	1251.34	1251.58
1251.19	824.304	121	1.#QNAN	0	0.016	0	7.46708e-007	1327.98	1251.19	1251.45
1251.04	824.007	122	1.#QNAN	0	0.015	0	7.29109e-007	1292.61	1251.04	1251.32
1250.85	823.734	123	1.#QNAN	0	0.016	0	7.45241e-007	1301.35	1250.85	1251.16
1250.48	823.515	124	1.#QNAN	0	0.015	0	7.50068e-007	1287.82	1250.48	1250.79
1250.17	823.302	125	1.#QNAN	0	0.016	0	7.37653e-007	1307.13	1250.17	1250.49
1249.81	823.044	126	1.#QNAN	0	0.016	0	7.21548e-007	1279.11	1249.81	1250.13
1249.58	822.796	127	1.#QNAN	0	0.031	0	7.38614e-007	1291.86	1249.58	1249.9
1248.97	822.374	128	1.#QNAN	0	0.015	0	7.67695e-007	1265.87	1248.97	1249.3
1248.47	821.997	129	1.#QNAN	0	0.016	0	7.74073e-007	1282.11	1248.47	1248.8
1247.91	821.725	130	1.#QNAN	0	0.016	0	7.51134e-007	1266	1247.91	1248.23
1247.45	821.384	131	1.#QNAN	0	0.015	0	7.60922e-007	1275.17	1247.45	1247.77
1247.18	821.135	132	1.#QNAN	0	0.016	0	7.44808e-007	1322.52	1247.18	1247.51
1247.1	820.956	133	1.#QNAN	0	0.015	0	7.47217e-007	1307.5	1247.1	1247.45
1246.75	820.72	134	1.#QNAN	0	0.016	0	7.53248e-007	1281.5	1246.75	1247.1
1246.44	820.429	135	1.#QNAN	0	0.031	0	7.43773e-007	1281.69	1246.44	1246.79
1246.1	820.138	136	1.#QNAN	0	0.016	0	7.31485e-007	1285.31	1246.1	1246.46
1245.64	819.843	137	1.#QNAN	0	0.015	0	7.6516e-007	1290.71	1245.64	1245.99
1245.32	819.569	138	1.#QNAN	0	0.016	1	7.76659e-007	1287.9	1245.32	1245.67
1245.17	819.305	139	1.#QNAN	0	0.016	0	7.49155e-007	1297.46	1245.17	1245.53
1244.87	819.07	140	1.#QNAN	0	0.015	0	7.70937e-007	1289.14	1244.87	1245.23
1244.76	818.918	141	1.#QNAN	0	0.016	0	7.58706e-007	1342.6	1244.76	1245.13
1244.53	818.663	142	1.#QNAN	0	0.031	0	7.48412e-007	1297.87	1244.53	1244.91
1244.25	818.475	143	1.#QNAN	0	0.016	0	7.38547e-007	1294.26	1244.25	1244.62
1244.15	818.364	144	1.#QNAN	0	0.015	0	7.57963e-007	1312.12	1244.15	1244.53
1243.83	818.112	145	1.#QNAN	0	0.016	0	7.679e-007	1291.15	1243.83	1244.21
1243.96	817.902	146	1.#QNAN	0	0.015	0	7.10619e-007	1384.72	1243.96	1244.37
1244.15	817.827	147	1.#QNAN	0	0.016	0	7.47252e-007	1352.19	1244.15	1244.58
1244.3	817.751	148	1.#QNAN	0	0.016	0	7.56793e-007	1337.11	1244.3	1244.76
1244.28	817.636	149	1.#QNAN	0	0.031	0	7.78074e-007	1309.72	1244.28	1244.75
1244.24	817.556	150	1.#QNAN	0	0.015	0	7.44782e-007	1323.06	1244.24	1244.72
1244.01	817.43	151	1.#QNAN	0	0.016	0	7.45882e-007	1291.59	1244.01	1244.49
1244	817.346	152	1.#QNAN	0	0.016	0	7.23615e-007	1307.96	1244	1244.5
1243.82	817.281	153	1.#QNAN	0	0.015	0	7.6479e-007	1299.87	1243.82	1244.32
1243.46	817.027	154	1.#QNAN	0	0.016	0	7.45446e-007	1263.34	1243.46	1243.95
1243.03	816.797	155	1.#QNAN	0	0.015	0	7.56456e-007	1274.74	1243.03	1243.52
1242.68	816.628	156	1.#QNAN	0	0.032	0	7.48829e-007	1263.43	1242.68	1243.17
1242.57	816.473	157	1.#QNAN	0	0.015	0	7.64337e-007	1318.24	1242.57	1243.07
1242.56	816.285	158	1.#QNAN	0	0.016	0	7.66897e-007	1364.7	1242.56	1243.08
1242.59	816.088	159	1.#QNAN	0	0.015	0	7.86792e-007	1339.42	1242.59	1243.13
1242.47	815.885	160	1.#QNAN	0	0.016	0	7.85257e-007	1316.11	1242.47	1243.02
1242.36	815.721	161	1.#QNAN	0	0.016	0	7.66419e-007	1305.87	1242.36	1242.93
1241.85	815.43	162	1.#QNAN	0	0.015	0	7.73674e-007	1242.31	1241.85	1242.4
1241.8	815.367	163	1.#QNAN	0	0.031	0	7.70506e-007	1315.73	1241.8	1242.37
1241.71	815.264	164	1.#QNAN	0	0.016	0	7.65642e-007	1311.93	1241.71	1242.29
1241.58	815.152	165	1.#QNAN	0	0.016	0	7.65247e-007	1292.24	1241.58	1242.17
1241.4	815.092	166	1.#QNAN	0	0.015	0	7.43284e-007	1309.12	1241.4	1241.99
1241.31	815	167	1.#QNAN	0	0.016	0	7.50743e-007	1325.22	1241.31	1241.92
1241.23	814.815	168	1.#QNAN	0	0.015	0	7.76291e-007	1324.02	1241.23	1241.86
1241.27	814.693	169	1.#QNAN	0	0.016	0	7.78687e-007	1350.31	1241.27	1241.91
1241.18	814.526	170	1.#QNAN	0	0.031	0	7.77886e-007	1321.05	1241.18	1241.84
1241.21	814.4	171	1.#QNAN	0	0.016	0	7.75254e-007	1349.68	1241.21	1241.88
1241.09	814.194	172	1.#QNAN	0	0.015	0	7.5464e-007	1309.1	1241.09	1241.77
1241.1	814.072	173	1.#QNAN	0	0.016	0	8.01073e-007	1361.72	1241.1	1241.8
1241.19	813.938	174	1.#QNAN	0	0.016	0	8.01488e-007	1341.17	1241.19	1241.9
1241.23	813.787	175	1.#QNAN	0	0.015	0	7.53947e-007	1337.55	1241.23	1241.95
1241.35	813.701	176	1.#QNAN	0	0.016	0	7.88341e-007	1367.8	1241.35	1242.09
1241.65	813.597	177	1.#QNAN	0	0.031	0	7.76486e-007	1414.88	1241.65	1242.42
1241.75	813.536	178	1.#QNAN	0	0.016	0	7.98563e-007	1343.94	1241.75	1242.53
1241.5	813.381	179	1.#QNAN	0	0.015	0	7.73049e-007	1274.45	1241.5	1242.28
1241.08	813.098	180	1.#QNAN	0	0.016	0	7.95847e-007	1263.17	1241.08	1241.85
1240.92	812.985	181	1.#QNAN	0	0.015	0	7.73113e-007	1295.96	1240.92	1241.69
1240.84	812.887	182	1.#QNAN	0	0.016	0	7.71357e-007	1313.33	1240.84	1241.61
1240.88	812.794	183	1.#QNAN	0	0.031	0	7.61229e-007	1342.78	1240.88	1241.67
1240.66	812.653	184	1.#QNAN	0	0.016	0	7.75921e-007	1295.34	1240.66	1241.44
1240.67	812.545	185	1.#QNAN	0	0.015	0	7.52473e-007	1341.12	1240.67	1241.46
1240.81	812.494	186	1.#QNAN	0	0.016	0	7.5085e-007	1388.89	1240.81	1241.61
1240.98	812.45	187	1.#QNAN	0	0.016	0	7.54855e-007	1377.97	1240.98	1241.8
1240.86	812.383	188	1.#QNAN	0	0.015	0	7.60123e-007	1301.24	1240.86	1241.68
1240.76	812.315	189	1.#QNAN	0	0.031	0	7.75727e-007	1292.98	1240.76	1241.59
1240.72	812.201	190	1.#QNAN	0	0.016	0	7.7387e-007	1320.9	1240.72	1241.55
1240.83	812.21	191	1.#QNAN	0	0.016	0	7.62503e-007	1343.16	1240.83	1241.67
1240.99	812.243	192	1.#QNAN	0	0.015	0	7.76701e-007	1356.3	1240.99	1241.84
1241.01	812.146	193	1.#QNAN	0	0.016	0	7.59081e-007	1337.16	1241.01	1241.87
1241.16	812.139	194	1.#QNAN	0	0.015	1	7.56984e-007	1358.75	1241.16	1242.03
1241.2	812.084	195	1.#QNAN	0	0.016	0	7.68756e-007	1338.27	1241.2	1242.09
1241.41	812.094	196	1.#QNAN	0	0.031	0	7.80306e-007	1358.13	1241.41	1242.32
1241.6	812.146	197	1.#QNAN	0	0.016	0	7.55302e-007	1354.65	1241.6	1242.51
1241.66	812.151	198	1.#QNAN	0	0.015	0	7.48346e-007	1336.99	1241.66	1242.58
1241.72	812.115	199	1.#QNAN	0	0.016	0	7.80256e-007	1315.72	1241.72	1242.64
1241.77	812.14	200	1.#QNAN	0	0.016	0	7.66768e-007	1315.77	1241.77	1242.7
1241.96	812.183	201	1.#QNAN	0	0.015	0	7.46307e-007	1338.26	1241.96	1242.9
1241.97	812.179	202	1.#QNAN	0	0.016	0	7.81523e-007	1326.11	1241.97	1242.91
1242.13	812.222	203	1.#QNAN	0	0.031	0	7.63682e-007	1349.74	1242.13	1243.08
1242.39	812.371	204	1.#QNAN	0	0.016	0	7.69596e-007	1365.94	1242.39	1243.35
1242.49	812.363	205	1.#QNAN	0	0.015	0	7.88799e-007	1316.09	1242.49	1243.47
1242.79	812.431	206	1.#QNAN	0	0.016	0	7.61042e-007	1382.03	1242.79	1243.77
1242.96	812.466	207	1.#QNAN	0	0.015	0	7.96476e-007	1363.52	1242.96	1243.97
1243.17	812.419	208	1.#QNAN	0	0.016	0	7.44846e-007	1372.4	1243.17	1244.19
1243.39	812.41	209	1.#QNAN	0	0.016	0	7.99137e-007	1361.9	1243.39	1244.42
1243.43	812.401	210	1.#QNAN	0	0.016	0	7.98358e-007	1318.76	1243.43	1244.46
1243.49	812.406	211	1.#QNAN	0	0.015	0	7.84824e-007	1318.25	1243.49	1244.53
1243.41	812.294	212	1.#QNAN	0	0.016	0	7.65403e-007	1300.84	1243.41	1244.46
1243.32	812.225	213	1.#QNAN	0	0.016	0	7.65113e-007	1295.34	1243.32	1244.36
1243.39	812.253	214	1.#QNAN	0	0.015	0	8.00006e-007	1353.4	1243.39	1244.44
1243.57	812.232	215	1.#QNAN	0	0.016	0	7.72006e-007	1367.31	1243.57	1244.63
1243.49	812.119	216	1.#QNAN	0	0.031	0	7.84316e-007	1296.55	1243.49	1244.55
1243.51	811.973	217	1.#QNAN	0	0.016	0	7.53817e-007	1303.77	1243.51	1244.58
1243.32	811.806	218	1.#QNAN	0	0.015	0	7.67591e-007	1256.11	1243.32	1244.39
1243.2	811.758	219	1.#QNAN	0	0.016	0	7.4769e-007	1293.92	1243.2	1244.26
1243.01	811.641	220	1.#QNAN	0	0.015	0	7.64734e-007	1276.1	1243.01	1244.07
1242.97	811.553	221	1.#QNAN	0	0.016	0	7.6205e-007	1285.45	1242.97	1244.02
1242.97	811.521	222	1.#QNAN	0	0.016	0	7.64745e-007	1299.21	1242.97	1244.03
1242.9	811.469	223	1.#QNAN	0	0.031	0	7.31029e-007	1274.57	1242.9	1243.96
1242.87	811.416	224	1.#QNAN	0	0.015	0	7.68138e-007	1300.99	1242.87	1243.93
1242.81	811.388	225	1.#QNAN	0	0.016	0	7.62585e-007	1298.22	1242.81	1243.87
1242.98	811.401	226	1.#QNAN	0	0.016	0	7.7264e-007	1334.76	1242.98	1244.05
1243.01	811.404	227	1.#QNAN	0	0.015	0	7.65886e-007	1327.92	1243.01	1244.08
1242.77	811.29	228	1.#QNAN	0	0.016	0	7.5997e-007	1281.32	1242.77	1243.83
1242.51	811.131	229	1.#QNAN	0	0.015	0	7.83443e-007	1269.94	1242.51	1243.58
1242.33	811.038	230	1.#QNAN	0	0.032	0	7.69512e-007	1297.51	1242.33	1243.39
1242.32	811.044	231	1.#QNAN	0	0.015	0	7.99394e-007	1315.98	1242.32	1243.37
1242.42	811.006	232	1.#QNAN	0	0.016	0	7.67192e-007	1369.1	1242.42	1243.49
1242.55	810.961	233	1.#QNAN	0	0.015	0	7.63077e-007	1351.02	1242.55	1243.62
1242.45	810.91	234	1.#QNAN	0	0.016	0	7.83191e-007	1311.77	1242.45	1243.52
1242.4	810.845	235	1.#QNAN	0	0.016	0	7.6443e-007	1331.68	1242.4	1243.48
1242.34	810.798	236	1.#QNAN	0	0.015	0	7.72594e-007	1332.85	1242.34	1243.42
1242.2	810.703	237	1.#QNAN	0	0.031	0	7.42503e-007	1290.63	1242.2	1243.27
1241.99	810.624	238	1.#QNAN	0	0.016	0	7.57463e-007	1291.73	1241.99	1243.07
1241.91	810.6	239	1.#QNAN	0	0.016	0	7.59185e-007	1308.02	1241.91	1242.98
1242.01	810.648	240	1.#QNAN	0	0.015	0	8.08817e-007	1351.95	1242.01	1243.09
1242.02	810.661	241	1.#QNAN	0	0.016	0	7.58249e-007	1307.07	1242.02	1243.1
1242.04	810.682	242	1.#QNAN	0	0.015	0	7.40846e-007	1321.07	1242.04	1243.13
1242.08	810.744	243	1.#QNAN	0	0.016	0	7.78267e-007	1318.4	1242.08	1243.17
1242.34	810.864	244	1.#QNAN	0	0.031	0	7.6225e-007	1394.52	1242.34	1243.44
1242.55	810.977	245	1.#QNAN	0	0.016	0	7.79485e-007	1371.72	1242.55	1243.66
1242.66	811.07	246	1.#QNAN	0	0.015	0	7.82579e-007	1338.18	1242.66	1243.77
1242.75	811.075	247	1.#QNAN	0	0.016	0	7.63808e-007	1339.43	1242.75	1243.86
1242.75	811.093	248	1.#QNAN	0	0.016	0	7.63257e-007	1323.47	1242.75	1243.87
1242.76	811.051	249	1.#QNAN	0	0.015	0	7.64608e-007	1338.96	1242.76	1243.88
1242.96	811.069	250	1.#QNAN	0	0.016	1	7.64757e-007	1388.08	1242.96	1244.09
1243.01	811.017	251	1.#QNAN	0	0.031	0	7.80961e-007	1329.76	1243.01	1244.14
1242.94	810.923	252	1.#QNAN	0	0.016	0	7.52774e-007	1314.27	1242.94	1244.08
1243.03	810.891	253	1.#QNAN	0	0.015	0	8.02338e-007	1373.5	1243.03	1244.17
1243.01	810.867	254	1.#QNAN	0	0.016	0	7.90275e-007	1349.32	1243.01	1244.16
1243.05	810.873	255	1.#QNAN	0	0.015	0	7.9495e-007	1357.13	1243.05	1244.21
1243.02	810.825	256	1.#QNAN	0	0.016	0	7.77816e-007	1333.9	1243.02	1244.18
1243.19	810.819	257	1.#QNAN	0	0.016	0	7.72397e-007	1384.98	1243.19	1244.36
1243.12	810.782	258	1.#QNAN	0	0.015	0	7.86525e-007	1325.82	1243.12	1244.29
1243.2	810.799	259	1.#QNAN	0	0.015	0	7.67771e-007	1340.07	1243.2	1244.37
1243.25	810.79	260	1.#QNAN	0	0.016	0	7.80044e-007	1345.95	1243.25	1244.43
1243.3	810.797	261	1.#QNAN	0	0.016	0	7.84138e-007	1329.42	1243.3	1244.48
1243.24	810.789	262	1.#QNAN	0	0.015	0	7.47783e-007	1300.45	1243.24	1244.41
1243.15	810.717	263	1.#QNAN	0	0.016	0	7.39286e-007	1312.81	1243.15	1244.33
1243.22	810.695	264	1.#QNAN	0	0.031	0	7.56161e-007	1369.42	1243.22	1244.4
1243.36	810.729	265	1.#QNAN	0	0.016	0	7.48389e-007	1390.72	1243.36	1244.55
1243.52	810.764	266	1.#QNAN	0	0.015	0	7.62298e-007	1404.29	1243.52	1244.72
1243.84	810.826	267	1.#QNAN	0	0.016	0	7.89229e-007	1469.47	1243.84	1245.05
1244.05	810.85	268	1.#QNAN	0	0.015	0	7.66357e-007	1425.15	1244.05	1245.27
1244.36	810.874	269	1.#QNAN	0	0.016	0	7.65024e-007	1431.94	1244.36	1245.6
1244.6	810.915	270	1.#QNAN	0	0.031	0	7.55783e-007	1408.56	1244.6	1245.85
1244.68	810.911	271	1.#QNAN	0	0.016	0	7.63964e-007	1341.87	1244.68	1245.93
1244.88	810.975	272	1.#QNAN	0	0.015	0	7.5762e-007	1393.13	1244.88	1246.14
1244.92	810.987	273	1.#QNAN	0	0.016	0	7.63967e-007	1328.22	1244.92	1246.18
1245	811.003	274	1.#QNAN	0	0.016	0	7.51533e-007	1365.84	1245	1246.27
1244.92	810.959	275	1.#QNAN	0	0.015	0	7.67278e-007	1306.24	1244.92	1246.19
1244.81	810.921	276	1.#QNAN	0	0.031	0	7.59642e-007	1301.06	1244.81	1246.07
1244.76	810.876	277	1.#QNAN	0	0.016	0	7.55062e-007	1311.04	1244.76	1246.03
1244.87	810.918	278	1.#QNAN	0	0.016	0	7.98942e-007	1359.53	1244.87	1246.13
1244.86	810.923	279	1.#QNAN	0	0.015	0	7.74796e-007	1332.61	1244.86	1246.12
1244.82	810.929	280	1.#QNAN	0	0.016	0	7.66141e-007	1301.62	1244.82	1246.08
1244.99	811.004	281	1.#QNAN	0	0.015	0	7.4072e-007	1384.51	1244.99	1246.26
1244.98	810.95	282	1.#QNAN	0	0.016	0	7.77906e-007	1311.48	1244.98	1246.24
1245.07	810.96	283	1.#QNAN	0	0.016	0	7.80429e-007	1335.57	1245.07	1246.34
1245.36	811.022	284	1.#QNAN	0	0.031	0	7.78337e-007	1447.01	1245.36	1246.64
1245.55	811.058	285	1.#QNAN	0	0.015	0	7.6267e-007	1373.33	1245.55	1246.83
1245.74	811.114	286	1.#QNAN	0	0.016	0	7.64288e-007	1391.07	1245.74	1247.02
1246.02	811.19	287	1.#QNAN	0	0.016	0	7.67912e-007	1410.75	1246.02	1247.31
1246.25	811.237	288	1.#QNAN	0	0.015	0	7.80174e-007	1393.99	1246.25	1247.54
1246.49	811.248	289	1.#QNAN	0	0.016	0	8.07632e-007	1383.63	1246.49	1247.78
1246.79	811.256	290	1.#QNAN	0	0.015	0	7.75049e-007	1460.49	1246.79	1248.09
1247.11	811.271	291	1.#QNAN	0	0.032	0	7.77631e-007	1455.07	1247.11	1248.41
1247.28	811.285	292	1.#QNAN	0	0.015	0	7.60325e-007	1390.43	1247.28	1248.59
1247.37	811.256	293	1.#QNAN	0	0.016	0	7.7792e-007	1336.32	1247.37	1248.68
1247.37	811.202	294	1.#QNAN	0	0.015	0	7.94407e-007	1293.44	1247.37	1248.68
1247.54	811.195	295	1.#QNAN	0	0.016	0	7.66642e-007	1366.24	1247.54	1248.85
1247.93	811.211	296	1.#QNAN	0	0.016	0	7.77695e-007	1476.51	1247.93	1249.24
1248.2	811.231	297	1.#QNAN	0	0.015	0	7.52381e-007	1416.54	1248.2	1249.53
1248.46	811.245	298	1.#QNAN	0	0.031	0	7.91397e-007	1380.27	1248.46	1249.79
1248.76	811.286	299	1.#QNAN	0	0.016	0	8.07964e-007	1414.24	1248.76	1250.1
1248.94	811.269	300	1.#QNAN	0	0.016	0	7.8245e-007	1377.81	1248.94	1250.28
1248.94	811.22	301	1.#QNAN	0	0.015	0	7.90248e-007	1314.08	1248.94	1250.28
1249	811.17	302	1.#QNAN	0	0.016	0	7.84007e-007	1344.23	1249	1250.34
1249.16	811.201	303	1.#QNAN	0	0.015	0	7.85928e-007	1369.28	1249.16	1250.5
1249.24	811.195	304	1.#QNAN	0	0.016	0	7.99824e-007	1320.28	1249.24	1250.58
1249.32	811.159	305	1.#QNAN	0	0.016	0	8.02748e-007	1363.5	1249.32	1250.66
1249.41	811.116	306	1.#QNAN	0	0.031	1	7.64341e-007	1339.9	1249.41	1250.76
1249.43	811.09	307	1.#QNAN	0	0.015	0	7.63287e-007	1308.24	1249.43	1250.77
1249.49	811.101	308	1.#QNAN	0	0.016	0	7.87403e-007	1328.14	1249.49	1250.83
1249.64	811.157	309	1.#QNAN	0	0.016	0	7.81438e-007	1365.27	1249.64	1250.98
1249.66	811.165	310	1.#QNAN	0	0.015	0	7.83531e-007	1326.54	1249.66	1251
1249.78	811.208	311	1.#QNAN	0	0.016	0	7.58339e-007	1366.82	1249.78	1251.13
1249.8	811.196	312	1.#QNAN	0	0.015	0	7.68364e-007	1333.68	1249.8	1251.15
1249.75	811.209	313	1.#QNAN	0	0.032	0	8.07612e-007	1310.65	1249.75	1251.09
1249.82	811.248	314	1.#QNAN	0	0.015	0	7.87785e-007	1353.32	1249.82	1251.16
1250.04	811.346	315	1.#QNAN	0	0.016	0	7.63727e-007	1397.9	1250.04	1251.39
1250.11	811.377	316	1.#QNAN	0	0.015	0	7.73156e-007	1337.53	1250.11	1251.46
1250.12	811.354	317	1.#QNAN	0	0.016	0	7.83446e-007	1340.03	1250.12	1251.46
1250.23	811.434	318	1.#QNAN	0	0.016	0	7.60415e-007	1361.08	1250.23	1251.57
1250.28	811.473	319	1.#QNAN	0	0.015	0	7.90944e-007	1351.82	1250.28	1251.62
1250.42	811.496	320	1.#QNAN	0	0.031	0	7.75813e-007	1379.05	1250.42	1251.77
1250.48	811.553	321	1.#QNAN	0	0.016	0	8.15659e-007	1318.11	1250.48	1251.83
1250.56	811.619	322	1.#QNAN	0	0.016	0	7.84848e-007	1350.94	1250.56	1251.91
1250.56	811.641	323	1.#QNAN	0	0.015	0	8.26238e-007	1347.31	1250.56	1251.91
1250.66	811.688	324	1.#QNAN	0	0.016	0	7.91904e-007	1347.23	1250.66	1252.01
1250.89	811.793	325	1.#QNAN	0	0.015	0	7.66307e-007	1403.05	1250.89	1252.25
1251.16	811.872	326	1.#QNAN	0	0.032	0	7.66324e-007	1430.31	1251.16	1252.53
1251.49	811.939	327	1.#QNAN	0	0.015	0	7.839e-007	1442.53	1251.49	1252.86
1251.56	812.01	328	1.#QNAN	0	0.016	0	8.16779e-007	1350.01	1251.56	1252.93
1251.64	812.079	329	1.#QNAN	0	0.015	0	8.00184e-007	1379.52	1251.64	1253.01
1251.8	812.144	330	1.#QNAN	0	0.016	0	7.75802e-007	1383.95	1251.8	1253.17
1251.9	812.211	331	1.#QNAN	0	0.016	0	7.70701e-007	1356.94	1251.9	1253.27
1251.97	812.239	332	1.#QNAN	0	0.015	0	7.74646e-007	1359.04	1251.97	1253.34
1251.85	812.223	333	1.#QNAN	0	0.031	0	7.78997e-007	1309.72	1251.85	1253.21
1251.74	812.225	334	1.#QNAN	0	0.016	0	7.89618e-007	1288.22	1251.74	1253.1
1251.74	812.215	335	1.#QNAN	0	0.016	0	7.84627e-007	1315.87	1251.74	1253.09
1251.81	812.22	336	1.#QNAN	0	0.015	0	7.86851e-007	1336.36	1251.81	1253.16
1251.94	812.261	337	1.#QNAN	0	0.016	0	7.69365e-007	1374.39	1251.94	1253.3
1252.11	812.325	338	1.#QNAN	0	0.015	0	8.22964e-007	1367.56	1252.11	1253.47
1252.23	812.363	339	1.#QNAN	0	0.016	0	7.70704e-007	1355.99	1252.23	1253.59
1252.33	812.366	340	1.#QNAN	0	0.031	0	7.59399e-007	1362.87	1252.33	1253.69
1252.56	812.457	341	1.#QNAN	0	0.016	0	7.65935e-007	1406.76	1252.56	1253.92
1252.82	812.518	342	1.#QNAN	0	0.015	0	7.64382e-007	1437.19	1252.82	1254.19
1252.9	812.537	343	1.#QNAN	0	0.016	0	7.67463e-007	1351.52	1252.9	1254.27
1253.09	812.551	344	1.#QNAN	0	0.016	0	7.92445e-007	1387.6	1253.09	1254.46
1253.22	812.557	345	1.#QNAN	0	0.015	0	7.9514e-007	1381.96	1253.22	1254.59
1253.21	812.514	346	1.#QNAN	0	0.016	0	7.81411e-007	1303.91	1253.21	1254.58
1253.18	812.482	347	1.#QNAN	0	0.031	0	7.96548e-007	1297.15	1253.18	1254.55
1253.2	812.481	348	1.#QNAN	0	0.016	0	7.7312e-007	1311.55	1253.2	1254.57
1253.32	812.5	349	1.#QNAN	0	0.015	0	7.768e-007	1348.46	1253.32	1254.69
1253.51	812.527	350	1.#QNAN	0	0.016	0	7.8274e-007	1382.73	1253.51	1254.88
1253.76	812.633	351	1.#QNAN	0	0.015	0	7.75006e-007	1413.75	1253.76	1255.14
1253.96	812.71	352	1.#QNAN	0	0.016	0	7.49125e-007	1395.19	1253.96	1255.34
1254.11	812.774	353	1.#QNAN	0	0.016	0	7.89685e-007	1367.99	1254.11	1255.49
1254.27	812.824	354	1.#QNAN	0	0.015	0	7.90189e-007	1386.59	1254.27	1255.65
1254.41	812.856	355	1.#QNAN	0	0.031	0	7.8898e-007	1372.21	1254.41	1255.79
1254.47	812.854	356	1.#QNAN	0	0.016	0	7.69647e-007	1328.81	1254.47	1255.85
1254.61	812.898	357	1.#QNAN	0	0.016	0	8.06688e-007	1399.64	1254.61	1256
1254.78	812.952	358	1.#QNAN	0	0.015	0	7.96145e-007	1393.86	1254.78	1256.17
1254.82	812.983	359	1.#QNAN	0	0.016	0	8.21201e-007	1339.66	1254.82	1256.21
1254.93	813.024	360	1.#QNAN	0	0.015	0	7.58042e-007	1361.6	1254.93	1256.32
1255.03	813.058	361	1.#QNAN	0	0.032	1	8.06406e-007	1361.54	1255.03	1256.41
1255.02	813.094	362	1.#QNAN	0	0.015	0	7.79476e-007	1323.88	1255.02	1256.41
1255.14	813.121	363	1.#QNAN	0	0.016	0	7.7345e-007	1356.02	1255.14	1256.52
1255.24	813.164	364	1.#QNAN	0	0.015	0	8.13398e-007	1362.63	1255.24	1256.63
1255.39	813.201	365	1.#QNAN	0	0.016	0	7.91263e-007	1362.27	1255.39	1256.78
1255.5	813.236	366	1.#QNAN	0	0.016	0	7.83572e-007	1351.26	1255.5	1256.89
1255.48	813.228	367	1.#QNAN	0	0.031	0	7.89398e-007	1303.81	1255.48	1256.87
1255.6	813.238	368	1.#QNAN	0	0.015	0	7.95614e-007	1363.59	1255.6	1256.99
1255.63	813.224	369	1.#QNAN	0	0.016	0	8.05343e-007	1319.91	1255.63	1257.01
1255.62	813.214	370	1.#QNAN	0	0.016	0	7.94859e-007	1313.43	1255.62	1257
1255.65	813.239	371	1.#QNAN	0	0.015	0	7.93607e-007	1326.7	1255.65	1257.04
1255.79	813.254	372	1.#QNAN	0	0.016	0	7.91802e-007	1376.94	1255.79	1257.18
1255.94	813.305	373	1.#QNAN	0	0.015	0	7.72971e-007	1370.54	1255.94	1257.33
1256.14	813.377	374	1.#QNAN	0	0.032	0	7.86013e-007	1410.28	1256.14	1257.53
1256.26	813.405	375	1.#QNAN	0	0.015	0	7.73815e-007	1403.64	1256.26	1257.66
1256.44	813.456	376	1.#QNAN	0	0.016	0	7.85029e-007	1411.79	1256.44	1257.84
1256.51	813.478	377	1.#QNAN	0	0.015	0	7.73219e-007	1341.59	1256.51	1257.91
1256.63	813.489	378	1.#QNAN	0	0.016	0	8.03511e-007	1367.29	1256.63	1258.02
1256.71	813.464	379	1.#QNAN	0	0.016	0	7.91057e-007	1389.53	1256.71	1258.11
1256.89	813.478	380	1.#QNAN	0	0.031	0	7.8619e-007	1437.35	1256.89	1258.29
1256.92	813.457	381	1.#QNAN	0	0.015	0	8.06566e-007	1350.23	1256.92	1258.32
1256.97	813.44	382	1.#QNAN	0	0.016	0	7.94147e-007	1345.68	1256.97	1258.36
1257.06	813.436	383	1.#QNAN	0	0.016	0	7.77946e-007	1370.4	1257.06	1258.46
1257.18	813.442	384	1.#QNAN	0	0.015	0	7.99511e-007	1365.63	1257.18	1258.58
1257.28	813.453	385	1.#QNAN	0	0.031	0	7.99692e-007	1369.6	1257.28	1258.68
1257.28	813.445	386	1.#QNAN	0	0.016	0	7.93341e-007	1329.66	1257.28	1258.68
1257.18	813.414	387	1.#QNAN	0	0.016	0	7.4933e-007	1315.4	1257.18	1258.57
1257.11	813.409	388	1.#QNAN	0	0.015	0	7.78328e-007	1293.83	1257.11	1258.5
1257.01	813.376	389	1.#QNAN	0	0.016	0	7.73965e-007	1306.19	1257.01	1258.4
1257.02	813.377	390	1.#QNAN	0	0.015	0	7.8738e-007	1320.39	1257.02	1258.4
1256.89	813.332	391	1.#QNAN	0	0.032	0	8.09446e-007	1294.08	1256.89	1258.27
1256.84	813.309	392	1.#QNAN	0	0.015	0	7.87571e-007	1299.58	1256.84	1258.23
1256.8	813.284	393	1.#QNAN	0	0.016	0	7.91467e-007	1299.47	1256.8	1258.17
1256.72	813.249	394	1.#QNAN	0	0.015	0	7.93881e-007	1295.65	1256.72	1258.1
1256.6	813.231	395	1.#QNAN	0	0.016	0	7.97996e-007	1287.64	1256.6	1257.97
1256.51	813.193	396	1.#QNAN	0	0.016	0	7.83009e-007	1279	1256.51	1257.88
1256.42	813.169	397	1.#QNAN	0	0.015	0	7.85634e-007	1308.51	1256.42	1257.79
1256.35	813.131	398	1.#QNAN	0	0.016	0	8.16137e-007	1278.55	1256.35	1257.72
1256.38	813.095	399	1.#QNAN	0	0.031	0	7.78426e-007	1342.28	1256.38	1257.74
1256.48	813.079	400	1.#QNAN	0	0.016	0	7.95318e-007	1355	1256.48	1257.84
1256.52	813.025	401	1.#QNAN	0	0.015	0	7.92805e-007	1336.56	1256.52	1257.88
1256.56	812.989	402	1.#QNAN	0	0.016	0	7.8848e-007	1330.53	1256.56	1257.93
1256.67	812.989	403	1.#QNAN	0	0.015	0	7.75767e-007	1362.74	1256.67	1258.03
1256.71	812.976	404	1.#QNAN	0	0.016	0	8.34597e-007	1327.1	1256.71	1258.07
1256.64	812.935	405	1.#QNAN	0	0.016	0	7.9476e-007	1309.71	1256.64	1258
1256.6	812.895	406	1.#QNAN	0	0.031	0	7.96781e-007	1336.41	1256.6	1257.95
1256.5	812.868	407	1.#QNAN	0	0.015	0	7.86256e-007	1301.65	1256.5	1257.85
1256.34	812.821	408	1.#QNAN	0	0.016	0	7.84618e-007	1298.17	1256.34	1257.68
1256.17	812.749	409	1.#QNAN	0	0.016	0	8.15384e-007	1278.71	1256.17	1257.51
1255.99	812.679	410	1.#QNAN	0	0.015	0	8.03275e-007	1279.08	1255.99	1257.32
1255.88	812.61	411	1.#QNAN	0	0.016	0	7.79212e-007	1300.77	1255.88	1257.22
1255.97	812.603	412	1.#QNAN	0	0.015	0	7.78749e-007	1393.06	1255.97	1257.31
1255.98	812.58	413	1.#QNAN	0	0.032	0	7.96911e-007	1329.43	1255.98	1257.32
1256.02	812.568	414	1.#QNAN	0	0.015	0	7.81794e-007	1345.44	1256.02	1257.35
1256.08	812.598	415	1.#QNAN	0	0.016	0	8.0692e-007	1343.43	1256.08	1257.41
1256.02	812.569	416	1.#QNAN	0	0.015	0	7.73239e-007	1289.65	1256.02	1257.35
1255.95	812.529	417	1.#QNAN	0	0.016	1	8.09419e-007	1289.06	1255.95	1257.27
1255.87	812.511	418	1.#QNAN	0	0.016	0	7.7843e-007	1281.05	1255.87	1257.19
1255.98	812.549	419	1.#QNAN	0	0.015	0	7.77771e-007	1355.59	1255.98	1257.31
1256.18	812.627	420	1.#QNAN	0	0.031	0	7.91877e-007	1401.13	1256.18	1257.5
1256.35	812.667	421	1.#QNAN	0	0.016	0	7.86179e-007	1433.6	1256.35	1257.67
1256.43	812.704	422	1.#QNAN	0	0.016	0	7.90778e-007	1342.43	1256.43	1257.75
1256.45	812.702	423	1.#QNAN	0	0.015	0	8.01215e-007	1321.97	1256.45	1257.77
1256.43	812.704	424	1.#QNAN	0	0.016	0	7.81742e-007	1312.95	1256.43	1257.75
1256.47	812.719	425	1.#QNAN	0	0.015	0	7.92375e-007	1354.68	1256.47	1257.79
1256.39	812.684	426	1.#QNAN	0	0.016	0	7.89224e-007	1317.17	1256.39	1257.71
1256.32	812.624	427	1.#QNAN	0	0.016	0	7.83723e-007	1328.69	1256.32	1257.63
1256.22	812.582	428	1.#QNAN	0	0.031	0	7.80582e-007	1278.31	1256.22	1257.53
1256.15	812.54	429	1.#QNAN	0	0.015	0	7.95763e-007	1289.4	1256.15	1257.46
1256.17	812.539	430	1.#QNAN	0	0.016	0	7.96809e-007	1343.97	1256.17	1257.47
1256.15	812.521	431	1.#QNAN	0	0.016	0	7.91199e-007	1336.23	1256.15	1257.45
1256.12	812.506	432	1.#QNAN	0	0.015	0	8.25097e-007	1317.16	1256.12	1257.42
1256.22	812.547	433	1.#QNAN	0	0.016	0	7.74451e-007	1370.31	1256.22	1257.52
1256.3	812.578	434	1.#QNAN	0	0.031	0	7.73657e-007	1364.56	1256.3	1257.6
1256.3	812.561	435	1.#QNAN	0	0.016	0	7.72897e-007	1321.44	1256.3	1257.6
1256.21	812.544	436	1.#QNAN	0	0.015	0	8.09984e-007	1290.04	1256.21	1257.5
1256.07	812.501	437	1.#QNAN	0	0.016	0	7.9117e-007	1280.7	1256.07	1257.36
1255.99	812.489	438	1.#QNAN	0	0.015	0	7.68592e-007	1300.27	1255.99	1257.27
1255.88	812.476	439	1.#QNAN	0	0.032	0	7.82293e-007	1277.77	1255.88	1257.16
1255.89	812.505	440	1.#QNAN	0	0.015	0	7.89192e-007	1335.2	1255.89	1257.17
1255.89	812.523	441	1.#QNAN	0	0.016	0	7.68705e-007	1314.67	1255.89	1257.16
1255.9	812.539	442	1.#QNAN	0	0.015	0	7.87264e-007	1306.59	1255.9	1257.18
1255.85	812.538	443	1.#QNAN	0	0.016	0	7.80463e-007	1294.17	1255.85	1257.12
1255.94	812.563	444	1.#QNAN	0	0.016	0	7.89577e-007	1357.61	1255.94	1257.21
1255.94	812.565	445	1.#QNAN	0	0.015	0	8.01337e-007	1328.91	1255.94	1257.21
1255.93	812.572	446	1.#QNAN	0	0.016	0	7.92331e-007	1317.49	1255.93	1257.19
1255.88	812.579	447	1.#QNAN	0	0.031	0	7.94347e-007	1310.35	1255.88	1257.14
1255.85	812.582	448	1.#QNAN	0	0.016	0	8.03932e-007	1320.11	1255.85	1257.11
1255.9	812.595	449	1.#QNAN	0	0.015	0	7.8464e-007	1357.19	1255.9	1257.16
1255.87	812.573	450	1.#QNAN	0	0.016	0	7.80573e-007	1322.75	1255.87	1257.12
1255.94	812.577	451	1.#QNAN	0	0.015	0	7.97425e-007	1368.49	1255.94	1257.2
1255.98	812.573	452	1.#QNAN	0	0.016	0	7.87199e-007	1348.57	1255.98	1257.24
1255.96	812.562	453	1.#QNAN	0	0.016	0	7.84176e-007	1334.88	1255.96	1257.21
1255.98	812.551	454	1.#QNAN	0	0.031	0	7.71433e-007	1338.88	1255.98	1257.23
1255.87	812.501	455	1.#QNAN	0	0.015	0	8.36308e-007	1284.14	1255.87	1257.11
1255.91	812.475	456	1.#QNAN	0	0.016	0	8.03457e-007	1351.23	1255.91	1257.16
1255.9	812.412	457	1.#QNAN	0	0.016	0	8.10524e-007	1325.08	1255.9	1257.14
1255.9	812.365	458	1.#QNAN	0	0.015	0	8.35504e-007	1343.16	1255.9	1257.14
1255.83	812.317	459	1.#QNAN	0	0.016	0	8.08436e-007	1308.79	1255.83	1257.06
1255.78	812.303	460	1.#QNAN	0	0.015	0	7.96913e-007	1322.08	1255.78	1257.01
1255.73	812.272	461	1.#QNAN	0	0.016	0	7.85124e-007	1305.16	1255.73	1256.96
1255.77	812.261	462	1.#QNAN	0	0.031	0	8.15084e-007	1338.5	1255.77	1256.99
1255.72	812.201	463	1.#QNAN	0	0.016	0	7.80772e-007	1311.25	1255.72	1256.95
1255.68	812.116	464	1.#QNAN	0	0.015	0	8.18172e-007	1316.72	1255.68	1256.9
1255.64	812.077	465	1.#QNAN	0	0.016	0	7.98629e-007	1330.53	1255.64	1256.86
1255.49	811.981	466	1.#QNAN	0	0.016	0	8.04855e-007	1284.82	1255.49	1256.71
1255.38	811.914	467	1.#QNAN	0	0.015	0	7.69271e-007	1287.04	1255.38	1256.6
1255.25	811.87	468	1.#QNAN	0	0.031	0	8.04339e-007	1268.02	1255.25	1256.46
1255.16	811.788	469	1.#QNAN	0	0.016	0	7.84164e-007	1268.88	1255.16	1256.37
1255.03	811.739	470	1.#QNAN	0	0.016	0	7.68415e-007	1263.9	1255.03	1256.23
1254.88	811.691	471	1.#QNAN	0	0.015	0	8.15441e-007	1276.54	1254.88	1256.09
1254.91	811.683	472	1.#QNAN	0	0.016	0	7.98295e-007	1337.46	1254.91	1256.11
1254.89	811.681	473	1.#QNAN	0	0.015	1	7.8589e-007	1329.53	1254.89	1256.08
1254.75	811.628	474	1.#QNAN	0	0.016	0	8.32037e-007	1326.69	1254.75	1255.94
1254.68	811.576	475	1.#QNAN	0	0.016	0	7.82603e-007	1294.26	1254.68	1255.87
1254.67	811.542	476	1.#QNAN	0	0.031	0	7.80758e-007	1332.73	1254.67	1255.86
1254.54	811.444	477	1.#QNAN	0	0.015	0	7.69989e-007	1267.81	1254.54	1255.73
1254.52	811.409	478	1.#QNAN	0	0.016	0	8.1627e-007	1314.84	1254.52	1255.7
1254.6	811.389	479	1.#QNAN	0	0.016	0	7.92518e-007	1367.97	1254.6	1255.79
1254.67	811.359	480	1.#QNAN	0	0.015	0	8.0995e-007	1361.87	1254.67	1255.85
1254.71	811.329	481	1.#QNAN	0	0.016	0	7.97135e-007	1376.38	1254.71	1255.9
1254.67	811.274	482	1.#QNAN	0	0.031	0	7.79151e-007	1323.93	1254.67	1255.85
1254.58	811.209	483	1.#QNAN	0	0.016	0	7.79266e-007	1292.33	1254.58	1255.76
1254.57	811.197	484	1.#QNAN	0	0.015	0	7.70564e-007	1336.39	1254.57	1255.75
1254.63	811.172	485	1.#QNAN	0	0.016	0	7.85892e-007	1389.72	1254.63	1255.81
1254.67	811.148	486	1.#QNAN	0	0.015	0	8.4029e-007	1355.26	1254.67	1255.85
1254.73	811.122	487	1.#QNAN	0	0.016	0	8.1714e-007	1367.33	1254.73	1255.91
1254.69	811.083	488	1.#QNAN	0	0.031	0	8.47183e-007	1322.8	1254.69	1255.87
1254.6	811.057	489	1.#QNAN	0	0.016	0	8.03294e-007	1286.53	1254.6	1255.77
1254.46	811.017	490	1.#QNAN	0	0.015	0	7.60331e-007	1285.85	1254.46	1255.63
1254.34	810.968	491	1.#QNAN	0	0.016	0	7.85082e-007	1274.76	1254.34	1255.51
1254.15	810.896	492	1.#QNAN	0	0.016	0	7.96874e-007	1243.95	1254.15	1255.31
1254.06	810.843	493	1.#QNAN	0	0.015	0	7.804e-007	1301.52	1254.06	1255.22
1253.93	810.785	494	1.#QNAN	0	0.016	0	7.84651e-007	1306.05	1253.93	1255.09
1253.98	810.782	495	1.#QNAN	0	0.031	0	8.05617e-007	1373.53	1253.98	1255.14
1253.94	810.758	496	1.#QNAN	0	0.016	0	8.06133e-007	1322.16	1253.94	1255.09
1253.88	810.699	497	1.#QNAN	0	0.015	0	7.72473e-007	1322.76	1253.88	1255.03
1253.81	810.661	498	1.#QNAN	0	0.016	0	7.76696e-007	1327.08	1253.81	1254.96
1253.76	810.617	499	1.#QNAN	0	0.015	0	7.91461e-007	1344.65	1253.76	1254.9
1253.75	810.557	500	1.#QNAN	0	0.016	0	7.94811e-007	1332.18	1253.75	1254.9
1253.7	810.503	501	1.#QNAN	0	0.031	0	7.95535e-007	1302.69	1253.7	1254.84
1253.71	810.481	502	1.#QNAN	0	0.016	0	8.12779e-007	1335.11	1253.71	1254.85
1253.69	810.453	503	1.#QNAN	0	0.015	0	8.44081e-007	1379.3	1253.69	1254.82
1253.64	810.403	504	1.#QNAN	0	0.016	0	8.35442e-007	1383.39	1253.64	1254.77
1253.69	810.385	505	1.#QNAN	0	0.016	0	8.20402e-007	1389.23	1253.69	1254.82
1253.67	810.361	506	1.#QNAN	0	0.015	0	8.28173e-007	1367.56	1253.67	1254.8
1253.6	810.302	507	1.#QNAN	0	0.016	0	8.0485e-007	1296.39	1253.6	1254.72
1253.46	810.233	508	1.#QNAN	0	0.031	0	8.12902e-007	1312.46	1253.46	1254.59
1253.46	810.195	509	1.#QNAN	0	0.016	0	7.96578e-007	1350.4	1253.46	1254.58
1253.47	810.15	510	1.#QNAN	0	0.015	0	7.93934e-007	1363.31	1253.47	1254.59
1253.43	810.108	511	1.#QNAN	0	0.016	0	8.08929e-007	1316.22	1253.43	1254.55
1253.4	810.075	512	1.#QNAN	0	0.015	0	7.91529e-007	1312.83	1253.4	1254.51
1253.37	810.021	513	1.#QNAN	0	0.016	0	8.0854e-007	1307.78	1253.37	1254.48
1253.23	809.956	514	1.#QNAN	0	0.016	0	8.23704e-007	1265.04	1253.23	1254.34
1253.19	809.91	515	1.#QNAN	0	0.031	0	8.04653e-007	1299.38	1253.19	1254.29
1253.19	809.857	516	1.#QNAN	0	0.015	0	7.91151e-007	1333.81	1253.19	1254.3
1253.24	809.831	517	1.#QNAN	0	0.016	0	8.04041e-007	1397.24	1253.24	1254.35
1253.27	809.809	518	1.#QNAN	0	0.016	0	8.10742e-007	1354.97	1253.27	1254.37
1253.32	809.798	519	1.#QNAN	0	0.015	0	8.13041e-007	1340.98	1253.32	1254.42
1253.21	809.736	520	1.#QNAN	0	0.016	0	7.78975e-007	1305.93	1253.21	1254.31
1253.13	809.694	521	1.#QNAN	0	0.015	0	7.98392e-007	1266.61	1253.13	1254.23
1253.08	809.671	522	1.#QNAN	0	0.016	0	7.83815e-007	1303.76	1253.08	1254.18
1252.95	809.64	523	1.#QNAN	0	0.031	0	7.80124e-007	1254.25	1252.95	1254.04
1252.92	809.633	524	1.#QNAN	0	0.016	0	7.64729e-007	1302.02	1252.92	1254.01
1252.88	809.611	525	1.#QNAN	0	0.015	0	8.08156e-007	1288.03	1252.88	1253.97
1252.89	809.616	526	1.#QNAN	0	0.016	0	7.79025e-007	1325.71	1252.89	1253.98
1252.91	809.648	527	1.#QNAN	0	0.016	0	7.85717e-007	1322.34	1252.91	1254
1252.84	809.627	528	1.#QNAN	0	0.015	0	8.45701e-007	1282.65	1252.84	1253.92
1252.71	809.592	529	1.#QNAN	0	0.016	1	7.98889e-007	1273.42	1252.71	1253.79
1252.55	809.549	530	1.#QNAN	0	0.031	0	7.93676e-007	1250.6	1252.55	1253.63
1252.53	809.521	531	1.#QNAN	0	0.016	0	7.7859e-007	1319.12	1252.53	1253.6
1252.47	809.488	532	1.#QNAN	0	0.015	0	7.69821e-007	1300.43	1252.47	1253.54
1252.36	809.455	533	1.#QNAN	0	0.016	0	8.03457e-007	1260.18	1252.36	1253.43
1252.34	809.466	534	1.#QNAN	0	0.015	0	8.06859e-007	1298.4	1252.34	1253.4
1252.33	809.477	535	1.#QNAN	0	0.016	0	7.84904e-007	1316.74	1252.33	1253.4
1252.29	809.455	536	1.#QNAN	0	0.016	0	8.03652e-007	1288.5	1252.29	1253.36
1252.38	809.452	537	1.#QNAN	0	0.031	0	8.22324e-007	1395.07	1252.38	1253.44
1252.41	809.446	538	1.#QNAN	0	0.015	0	8.2599e-007	1343.15	1252.41	1253.47
1252.4	809.434	539	1.#QNAN	0	0.016	0	7.92572e-007	1313.62	1252.4	1253.46
1252.42	809.427	540	1.#QNAN	0	0.016	0	8.02843e-007	1332.56	1252.42	1253.48
1252.42	809.414	541	1.#QNAN	0	0.015	0	7.80419e-007	1352.87	1252.42	1253.48
1252.39	809.411	542	1.#QNAN	0	0.016	0	8.30319e-007	1302.36	1252.39	1253.45
1252.37	809.417	543	1.#QNAN	0	0.015	0	8.07263e-007	1293.12	1252.37	1253.43
1252.33	809.409	544	1.#QNAN	0	0.032	0	8.18323e-007	1297.04	1252.33	1253.39
1252.34	809.415	545	1.#QNAN	0	0.015	0	7.73393e-007	1333.46	1252.34	1253.4
1252.32	809.395	546	1.#QNAN	0	0.016	0	7.76514e-007	1333.03	1252.32	1253.37
1252.26	809.372	547	1.#QNAN	0	0.015	0	8.1115e-007	1291.77	1252.26	1253.31
1252.22	809.344	548	1.#QNAN	0	0.016	0	8.08656e-007	1321.97	1252.22	1253.26
1252.22	809.327	549	1.#QNAN	0	0.016	0	7.9477e-007	1341.21	1252.22	1253.27
1252.18	809.324	550	1.#QNAN	0	0.031	0	7.80599e-007	1296.56	1252.18	1253.23
1252.12	809.304	551	1.#QNAN	0	0.015	0	8.12944e-007	1289.02	1252.12	1253.16
1252.09	809.299	552	1.#QNAN	0	0.016	0	8.00449e-007	1315.9	1252.09	1253.13
1252.08	809.294	553	1.#QNAN	0	0.016	0	8.23187e-007	1338.81	1252.08	1253.12
1252.12	809.276	554	1.#QNAN	0	0.015	0	8.24117e-007	1333.51	1252.12	1253.16
1252.19	809.284	555	1.#QNAN	0	0.016	0	8.01435e-007	1382.12	1252.19	1253.23
1252.24	809.267	556	1.#QNAN	0	0.015	0	8.38903e-007	1377.35	1252.24	1253.28
1252.23	809.262	557	1.#QNAN	0	0.016	0	7.9533e-007	1321.13	1252.23	1253.27
1252.27	809.287	558	1.#QNAN	0	0.015	0	8.01368e-007	1343.59	1252.27	1253.31
1252.27	809.292	559	1.#QNAN	0	0.016	0	7.94293e-007	1327.48	1252.27	1253.31
1252.27	809.27	560	1.#QNAN	0	0.015	0	7.83957e-007	1328.05	1252.27	1253.3
1252.25	809.285	561	1.#QNAN	0	0.016	0	7.92686e-007	1323.52	1252.25	1253.28
1252.3	809.307	562	1.#QNAN	0	0.016	0	7.83688e-007	1387.44	1252.3	1253.33
1252.29	809.304	563	1.#QNAN	0	0.015	0	7.90214e-007	1340.04	1252.29	1253.32
1252.31	809.303	564	1.#QNAN	0	0.016	0	8.00966e-007	1337.37	1252.31	1253.34
1252.31	809.305	565	1.#QNAN	0	0.015	0	8.2133e-007	1345.21	1252.31	1253.34
1252.32	809.284	566	1.#QNAN	0	0.016	0	8.29289e-007	1349.99	1252.32	1253.35
1252.26	809.266	567	1.#QNAN	0	0.015	0	7.94138e-007	1294.01	1252.26	1253.29
1252.23	809.232	568	1.#QNAN	0	0.016	0	8.16667e-007	1311.25	1252.23	1253.25
1252.21	809.226	569	1.#QNAN	0	0.015	0	8.29769e-007	1319.39	1252.21	1253.23
1252.23	809.232	570	1.#QNAN	0	0.016	0	7.86673e-007	1335.12	1252.23	1253.26
1252.25	809.232	571	1.#QNAN	0	0.016	0	8.27471e-007	1339.06	1252.25	1253.28
1252.28	809.212	572	1.#QNAN	0	0.015	0	8.06524e-007	1350.29	1252.28	1253.31
1252.25	809.197	573	1.#QNAN	0	0.031	0	7.7289e-007	1299.81	1252.25	1253.27
1252.26	809.194	574	1.#QNAN	0	0.016	0	8.0247e-007	1314.75	1252.26	1253.28
1252.25	809.172	575	1.#QNAN	0	0.016	0	7.8703e-007	1295.78	1252.25	1253.26
1252.24	809.152	576	1.#QNAN	0	0.015	0	8.16739e-007	1310.85	1252.24	1253.25
1252.16	809.109	577	1.#QNAN	0	0.016	0	8.25557e-007	1279.39	1252.16	1253.17
1252.13	809.074	578	1.#QNAN	0	0.015	0	7.91601e-007	1301.98	1252.13	1253.14
1252.11	809.086	579	1.#QNAN	0	0.032	0	7.79994e-007	1314.48	1252.11	1253.12
1252.11	809.106	580	1.#QNAN	0	0.015	0	8.21539e-007	1308.51	1252.11	1253.12
1252.06	809.094	581	1.#QNAN	0	0.016	0	7.66347e-007	1312.49	1252.06	1253.07
1252.04	809.076	582	1.#QNAN	0	0.015	0	7.91546e-007	1298.46	1252.04	1253.05
1252.01	809.043	583	1.#QNAN	0	0.016	0	8.01851e-007	1286.74	1252.01	1253.01
1252.16	809.085	584	1.#QNAN	0	0.016	0	7.86848e-007	1429.65	1252.16	1253.17
1252.19	809.067	585	1.#QNAN	0	0.031	1	7.8082e-007	1322.47	1252.19	1253.19
1252.26	809.075	586	1.#QNAN	0	0.015	0	8.03652e-007	1359.06	1252.26	1253.26
1252.27	809.049	587	1.#QNAN	0	0.016	0	8.09092e-007	1334.11	1252.27	1253.27
1252.29	809.031	588	1.#QNAN	0	0.016	0	7.99419e-007	1339.94	1252.29	1253.29
1252.22	808.985	589	1.#QNAN	0	0.015	0	8.06069e-007	1299.15	1252.22	1253.22
1252.22	808.963	590	1.#QNAN	0	0.016	0	8.03654e-007	1348.42	1252.22	1253.22
1252.28	808.951	591	1.#QNAN	0	0.015	0	7.89097e-007	1364.32	1252.28	1253.28
1252.29	808.927	592	1.#QNAN	0	0.032	0	8.04503e-007	1329.26	1252.29	1253.29
1252.31	808.913	593	1.#QNAN	0	0.015	0	8.024e-007	1324.36	1252.31	1253.31
1252.39	808.908	594	1.#QNAN	0	0.016	0	7.98902e-007	1384.54	1252.39	1253.39
1252.49	808.916	595	1.#QNAN	0	0.015	0	8.2035e-007	1398.02	1252.49	1253.49
1252.58	808.918	596	1.#QNAN	0	0.016	0	8.51361e-007	1399.65	1252.58	1253.58
1252.64	808.91	597	1.#QNAN	0	0.016	0	8.1105e-007	1354.24	1252.64	1253.64
1252.66	808.877	598	1.#QNAN	0	0.015	0	8.36729e-007	1339.12	1252.66	1253.66
1252.72	808.86	599	1.#QNAN	0	0.031	0	7.76167e-007	1361.17	1252.72	1253.72
1252.77	808.853	600	1.#QNAN	0	0.016	0	8.22921e-007	1369.35	1252.77	1253.77
1252.77	808.847	601	1.#QNAN	0	0.016	0	8.27314e-007	1354.39	1252.77	1253.77
1252.79	808.834	602	1.#QNAN	0	0.015	0	7.86977e-007	1336.8	1252.79	1253.79
1252.8	808.824	603	1.#QNAN	0	0.016	0	7.92382e-007	1358.35	1252.8	1253.8
1252.78	808.811	604	1.#QNAN	0	0.015	0	7.94407e-007	1335.56	1252.78	1253.78
1252.75	808.803	605	1.#QNAN	0	0.032	0	8.28543e-007	1327.07	1252.75	1253.74
1252.78	808.776	606	1.#QNAN	0	0.015	0	8.14355e-007	1365.43	1252.78	1253.77
1252.75	808.738	607	1.#QNAN	0	0.016	0	8.48206e-007	1333.27	1252.75	1253.74
1252.67	808.701	608	1.#QNAN	0	0.015	0	7.77384e-007	1284.72	1252.67	1253.66
1252.61	808.65	609	1.#QNAN	0	0.016	0	8.19444e-007	1317.89	1252.61	1253.6
1252.66	808.656	610	1.#QNAN	0	0.016	0	8.17101e-007	1395.44	1252.66	1253.65
1252.74	808.637	611	1.#QNAN	0	0.015	0	7.91176e-007	1415.26	1252.74	1253.73
1252.79	808.616	612	1.#QNAN	0	0.031	0	8.01844e-007	1412.02	1252.79	1253.78
1252.78	808.595	613	1.#QNAN	0	0.016	0	7.99622e-007	1328.46	1252.78	1253.77
1252.74	808.576	614	1.#QNAN	0	0.016	0	8.42204e-007	1327.4	1252.74	1253.73
1252.71	808.576	615	1.#QNAN	0	0.015	0	8.01953e-007	1315.87	1252.71	1253.69
1252.74	808.576	616	1.#QNAN	0	0.016	0	8.03222e-007	1351.51	1252.74	1253.72
1252.81	808.586	617	1.#QNAN	0	0.015	0	8.18607e-007	1381.2	1252.81	1253.8
1252.82	808.574	618	1.#QNAN	0	0.016	0	8.16131e-007	1346.67	1252.82	1253.81
1252.87	808.601	619	1.#QNAN	0	0.031	0	7.97697e-007	1355.88	1252.87	1253.85
1252.84	808.585	620	1.#QNAN	0	0.016	0	7.96463e-007	1322.17	1252.84	1253.82
1252.78	808.564	621	1.#QNAN	0	0.015	0	7.93665e-007	1297.86	1252.78	1253.76
1252.73	808.552	622	1.#QNAN	0	0.016	0	8.25022e-007	1313.77	1252.73	1253.71
1252.72	808.524	623	1.#QNAN	0	0.016	0	8.11099e-007	1329.21	1252.72	1253.7
1252.75	808.51	624	1.#QNAN	0	0.015	0	7.93622e-007	1361.99	1252.75	1253.73
1252.72	808.459	625	1.#QNAN	0	0.016	0	8.17724e-007	1324.77	1252.72	1253.7
1252.7	808.428	626	1.#QNAN	0	0.031	0	8.02493e-007	1332	1252.7	1253.68
1252.7	808.396	627	1.#QNAN	0	0.016	0	8.13742e-007	1356.29	1252.7	1253.67
1252.69	808.381	628	1.#QNAN	0	0.015	0	8.1185e-007	1348.36	1252.69	1253.67
1252.66	808.354	629	1.#QNAN	0	0.016	0	8.62506e-007	1324.8	1252.66	1253.64
1252.54	808.299	630	1.#QNAN	0	0.015	0	8.1031e-007	1270.6	1252.54	1253.52
1252.55	808.303	631	1.#QNAN	0	0.016	0	7.97557e-007	1364.5	1252.55	1253.53
1252.54	808.304	632	1.#QNAN	0	0.031	0	8.41332e-007	1315.37	1252.54	1253.51
1252.53	808.304	633	1.#QNAN	0	0.016	0	8.0267e-007	1301.93	1252.53	1253.5
1252.47	808.272	634	1.#QNAN	0	0.015	0	8.17426e-007	1286.32	1252.47	1253.43
1252.45	808.254	635	1.#QNAN	0	0.016	0	8.12029e-007	1317.93	1252.45	1253.42
1252.36	808.221	636	1.#QNAN	0	0.016	0	8.45585e-007	1288.29	1252.36	1253.33
1252.23	808.151	637	1.#QNAN	0	0.015	0	8.00748e-007	1260.11	1252.23	1253.19
1252.14	808.087	638	1.#QNAN	0	0.016	0	8.34966e-007	1290.02	1252.14	1253.1
1252.07	808.044	639	1.#QNAN	0	0.031	0	8.24079e-007	1303.83	1252.07	1253.03
1252.05	808.021	640	1.#QNAN	0	0.016	0	7.94148e-007	1322.59	1252.05	1253
1252	807.98	641	1.#QNAN	0	0.015	1	8.00022e-007	1310.38	1252	1252.96
1251.93	807.955	642	1.#QNAN	0	0.016	0	8.2668e-007	1347.46	1251.93	1252.88
1251.94	807.947	643	1.#QNAN	0	0.015	0	7.83429e-007	1380.76	1251.94	1252.9
1251.89	807.914	644	1.#QNAN	0	0.016	0	8.29896e-007	1355.95	1251.89	1252.85
1251.88	807.89	645	1.#QNAN	0	0.016	0	8.23438e-007	1361.88	1251.88	1252.83
1251.81	807.844	646	1.#QNAN	0	0.015	0	8.22876e-007	1311.81	1251.81	1252.76
1251.73	807.8	647	1.#QNAN	0	0.031	0	7.94903e-007	1280.56	1251.73	1252.68
1251.69	807.781	648	1.#QNAN	0	0.016	0	8.07036e-007	1328.62	1251.69	1252.64
1251.63	807.741	649	1.#QNAN	0	0.016	0	8.52208e-007	1301.09	1251.63	1252.57
1251.56	807.731	650	1.#QNAN	0	0.015	0	8.43836e-007	1320.49	1251.56	1252.51
1251.47	807.685	651	1.#QNAN	0	0.016	0	8.10988e-007	1275.9	1251.47	1252.41
1251.39	807.64	652	1.#QNAN	0	0.015	0	8.50086e-007	1282.01	1251.39	1252.33
1251.35	807.639	653	1.#QNAN	0	0.016	0	8.05038e-007	1301.34	1251.35	1252.29
1251.38	807.623	654	1.#QNAN	0	0.031	0	8.37491e-007	1340.74	1251.38	1252.31
1251.42	807.598	655	1.#QNAN	0	0.016	0	8.30109e-007	1360.31	1251.42	1252.36
1251.45	807.608	656	1.#QNAN	0	0.015	0	8.1047e-007	1362.25	1251.45	1252.39
1251.45	807.599	657	1.#QNAN	0	0.016	0	8.66848e-007	1330.87	1251.45	1252.38
1251.42	807.578	658	1.#QNAN	0	0.016	0	8.24276e-007	1301.58	1251.42	1252.36
1251.35	807.536	659	1.#QNAN	0	0.015	0	7.9343e-007	1271.49	1251.35	1252.29
1251.28	807.493	660	1.#QNAN	0	0.016	0	8.39884e-007	1258.14	1251.28	1252.21
1251.14	807.432	661	1.#QNAN	0	0.031	0	7.85465e-007	1247.58	1251.14	1252.07
1251.04	807.399	662	1.#QNAN	0	0.016	0	8.43449e-007	1298.37	1251.04	1251.97
1250.99	807.38	663	1.#QNAN	0	0.015	0	8.37307e-007	1306.19	1250.99	1251.91
1250.97	807.364	664	1.#QNAN	0	0.016	0	8.04787e-007	1305.64	1250.97	1251.89
1250.97	807.365	665	1.#QNAN	0	0.015	0	8.15024e-007	1352.55	1250.97	1251.9
1250.94	807.347	666	1.#QNAN	0	0.016	0	8.24217e-007	1345.41	1250.94	1251.87
1250.98	807.354	667	1.#QNAN	0	0.016	0	8.28217e-007	1416.83	1250.98	1251.9
1251.06	807.374	668	1.#QNAN	0	0.015	0	8.01991e-007	1444.85	1251.06	1251.98
1251.04	807.354	669	1.#QNAN	0	0.031	0	8.13958e-007	1320.81	1251.04	1251.96
1251.11	807.355	670	1.#QNAN	0	0.016	0	8.48523e-007	1414.07	1251.11	1252.04
1251.06	807.319	671	1.#QNAN	0	0.016	0	8.21265e-007	1353.39	1251.06	1251.99
1251.11	807.311	672	1.#QNAN	0	0.015	0	8.22663e-007	1418.87	1251.11	1252.04
1251.12	807.297	673	1.#QNAN	0	0.016	0	8.46247e-007	1363.38	1251.12	1252.04
1251.15	807.274	674	1.#QNAN	0	0.015	0	8.16394e-007	1341.68	1251.15	1252.07
1251.1	807.26	675	1.#QNAN	0	0.016	0	8.3196e-007	1307.72	1251.1	1252.02
1251.02	807.247	676	1.#QNAN	0	0.031	0	8.23418e-007	1317.34	1251.02	1251.94
1250.97	807.217	677	1.#QNAN	0	0.016	0	8.21499e-007	1337.45	1250.97	1251.89
1251.04	807.235	678	1.#QNAN	0	0.015	0	8.22374e-007	1382.7	1251.04	1251.96
1251.18	807.258	679	1.#QNAN	0	0.016	0	8.40198e-007	1472.05	1251.18	1252.1
1251.17	807.247	680	1.#QNAN	0	0.016	0	8.20913e-007	1340.08	1251.17	1252.09
1251.21	807.245	681	1.#QNAN	0	0.015	0	8.04154e-007	1374.16	1251.21	1252.13
1251.16	807.211	682	1.#QNAN	0	0.016	0	8.32011e-007	1299.24	1251.16	1252.08
1251.15	807.182	683	1.#QNAN	0	0.015	0	7.89897e-007	1317.93	1251.15	1252.07
1251.13	807.159	684	1.#QNAN	0	0.032	0	8.0511e-007	1316.98	1251.13	1252.05
1251.08	807.133	685	1.#QNAN	0	0.015	0	7.99299e-007	1292.23	1251.08	1251.99
1250.98	807.096	686	1.#QNAN	0	0.016	0	7.867e-007	1285.68	1250.98	1251.89
1251	807.078	687	1.#QNAN	0	0.015	0	8.28219e-007	1319.96	1251	1251.91
1250.93	807.05	688	1.#QNAN	0	0.016	0	8.2633e-007	1277.34	1250.93	1251.84
1250.94	807.061	689	1.#QNAN	0	0.016	0	8.13145e-007	1316.19	1250.94	1251.84
1250.88	807.044	690	1.#QNAN	0	0.015	0	8.12658e-007	1292.48	1250.88	1251.79
1250.88	807.055	691	1.#QNAN	0	0.031	0	8.06724e-007	1316.45	1250.88	1251.79
1250.8	807.044	692	1.#QNAN	0	0.016	0	7.83018e-007	1284.9	1250.8	1251.71
1250.73	807.021	693	1.#QNAN	0	0.016	0	8.07873e-007	1265.13	1250.73	1251.63
1250.62	806.983	694	1.#QNAN	0	0.015	0	8.3744e-007	1275.76	1250.62	1251.52
1250.6	806.96	695	1.#QNAN	0	0.016	0	8.20523e-007	1354	1250.6	1251.5
1250.59	806.934	696	1.#QNAN	0	0.015	0	8.17723e-007	1329.98	1250.59	1251.49
1250.56	806.911	697	1.#QNAN	0	0.016	0	8.30937e-007	1367.77	1250.56	1251.46
1250.46	806.877	698	1.#QNAN	0	0.031	1	8.45878e-007	1267.44	1250.46	1251.36
1250.43	806.856	699	1.#QNAN	0	0.016	0	8.26344e-007	1320.51	1250.43	1251.33
1250.43	806.84	700	1.#QNAN	0	0.015	0	8.52202e-007	1325.61	1250.43	1251.32
1250.45	806.847	701	1.#QNAN	0	0.016	0	8.46731e-007	1362	1250.45	1251.35
1250.42	806.848	702	1.#QNAN	0	0.016	0	8.45231e-007	1323.31	1250.42	1251.31
1250.43	806.842	703	1.#QNAN	0	0.015	0	8.20624e-007	1365.43	1250.43	1251.32
1250.51	806.847	704	1.#QNAN	0	0.016	0	8.62761e-007	1442.5	1250.51	1251.4
1250.58	806.872	705	1.#QNAN	0	0.015	0	8.02481e-007	1447.86	1250.58	1251.47
1250.55	806.848	706	1.#QNAN	0	0.032	0	8.4667e-007	1332.56	1250.55	1251.44
1250.54	806.844	707	1.#QNAN	0	0.015	0	8.33834e-007	1336.14	1250.54	1251.43
1250.55	806.853	708	1.#QNAN	0	0.016	0	8.2237e-007	1359.65	1250.55	1251.44
1250.53	806.859	709	1.#QNAN	0	0.015	0	8.25457e-007	1347.14	1250.53	1251.42
1250.49	806.842	710	1.#QNAN	0	0.016	0	8.27762e-007	1322.78	1250.49	1251.38
1250.48	806.825	711	1.#QNAN	0	0.016	0	8.09211e-007	1335.09	1250.48	1251.36
1250.41	806.799	712	1.#QNAN	0	0.015	0	8.13905e-007	1303	1250.41	1251.29
1250.34	806.787	713	1.#QNAN	0	0.031	0	8.29094e-007	1314.87	1250.34	1251.22
1250.26	806.747	714	1.#QNAN	0	0.016	0	7.98822e-007	1289.41	1250.26	1251.14
1250.24	806.736	715	1.#QNAN	0	0.016	0	8.32584e-007	1333.15	1250.24	1251.12
1250.21	806.718	716	1.#QNAN	0	0.015	0	7.78742e-007	1318.46	1250.21	1251.09
1250.16	806.7	717	1.#QNAN	0	0.016	0	8.31719e-007	1308.44	1250.16	1251.04
1250.07	806.669	718	1.#QNAN	0	0.031	0	8.32909e-007	1297.03	1250.07	1250.95
1250	806.654	719	1.#QNAN	0	0.016	0	8.36671e-007	1296.6	1250	1250.88
1249.95	806.625	720	1.#QNAN	0	0.015	0	8.56338e-007	1297.75	1249.95	1250.83
1249.9	806.599	721	1.#QNAN	0	0.017	0	8.53007e-007	1310.75	1249.9	1250.77
1249.82	806.576	722	1.#QNAN	0	0.015	0	8.4151e-007	1293	1249.82	1250.69
1249.74	806.553	723	1.#QNAN	0	0.016	0	8.56977e-007	1292.81	1249.74	1250.61
1249.69	806.543	724	1.#QNAN	0	0.016	0	8.36375e-007	1308.8	1249.69	1250.56
1249.64	806.526	725	1.#QNAN	0	0.031	0	7.8952e-007	1318.11	1249.64	1250.51
1249.58	806.51	726	1.#QNAN	0	0.015	0	8.35344e-007	1298.72	1249.58	1250.45
1249.51	806.487	727	1.#QNAN	0	0.016	0	8.36047e-007	1299.43	1249.51	1250.38
1249.44	806.472	728	1.#QNAN	0	0.016	0	8.16351e-007	1312.42	1249.44	1250.31
1249.44	806.476	729	1.#QNAN	0	0.015	0	8.33335e-007	1362.91	1249.44	1250.31
1249.46	806.487	730	1.#QNAN	0	0.016	0	8.27804e-007	1360.22	1249.46	1250.32
1249.48	806.503	731	1.#QNAN	0	0.015	0	8.23724e-007	1385.63	1249.48	1250.34
1249.5	806.518	732	1.#QNAN	0	0.016	0	8.47168e-007	1383.96	1249.5	1250.36
1249.55	806.53	733	1.#QNAN	0	0.031	0	8.059e-007	1400.91	1249.55	1250.41
1249.6	806.554	734	1.#QNAN	0	0.016	0	8.2231e-007	1374.18	1249.6	1250.46
1249.63	806.556	735	1.#QNAN	0	0.015	0	8.50378e-007	1378.61	1249.63	1250.48
1249.63	806.555	736	1.#QNAN	0	0.016	0	8.25947e-007	1337.78	1249.63	1250.49
1249.66	806.561	737	1.#QNAN	0	0.016	0	8.34613e-007	1395.39	1249.66	1250.52
1249.67	806.57	738	1.#QNAN	0	0.015	0	8.55823e-007	1358.64	1249.67	1250.53
1249.61	806.562	739	1.#QNAN	0	0.016	0	8.58633e-007	1315.13	1249.61	1250.47
1249.58	806.56	740	1.#QNAN	0	0.031	0	8.31078e-007	1325.53	1249.58	1250.44
1249.5	806.546	741	1.#QNAN	0	0.016	0	8.24214e-007	1299.42	1249.5	1250.36
1249.42	806.521	742	1.#QNAN	0	0.015	0	8.11058e-007	1321.66	1249.42	1250.28
1249.37	806.506	743	1.#QNAN	0	0.016	0	8.17841e-007	1331.52	1249.37	1250.22
1249.3	806.478	744	1.#QNAN	0	0.015	0	8.31596e-007	1307.21	1249.3	1250.15
1249.3	806.474	745	1.#QNAN	0	0.016	0	8.29039e-007	1338.57	1249.3	1250.15
1249.3	806.468	746	1.#QNAN	0	0.016	0	8.11032e-007	1338.28	1249.3	1250.15
1249.26	806.443	747	1.#QNAN	0	0.031	0	8.31098e-007	1325.27	1249.26	1250.11
1249.16	806.402	748	1.#QNAN	0	0.015	0	8.35711e-007	1271.53	1249.16	1250
1249.04	806.357	749	1.#QNAN	0	0.016	0	8.35036e-007	1268.28	1249.04	1249.88
1248.96	806.32	750	1.#QNAN	0	0.016	0	8.28257e-007	1300.13	1248.96	1249.8
1248.91	806.3	751	1.#QNAN	0	0.015	0	8.4404e-007	1329.97	1248.91	1249.75
1248.86	806.292	752	1.#QNAN	0	0.016	0	8.55894e-007	1309.41	1248.86	1249.7
1248.83	806.291	753	1.#QNAN	0	0.015	0	8.4193e-007	1332.97	1248.83	1249.67
1248.78	806.269	754	1.#QNAN	0	0.032	1	8.11277e-007	1309.75	1248.78	1249.62
1248.78	806.26	755	1.#QNAN	0	0.015	0	8.53941e-007	1314.03	1248.78	1249.61
1248.68	806.236	756	1.#QNAN	0	0.016	0	8.36674e-007	1244.21	1248.68	1249.52
1248.6	806.233	757	1.#QNAN	0	0.015	0	8.43683e-007	1266.21	1248.6	1249.44
1248.56	806.228	758	1.#QNAN	0	0.016	0	8.19276e-007	1272.86	1248.56	1249.39
1248.45	806.205	759	1.#QNAN	0	0.016	0	8.15678e-007	1260.68	1248.45	1249.28
1248.41	806.198	760	1.#QNAN	0	0.015	0	8.11675e-007	1297.21	1248.41	1249.24
1248.37	806.184	761	1.#QNAN	0	0.016	0	8.5601e-007	1284.1	1248.37	1249.19
1248.31	806.19	762	1.#QNAN	0	0.031	0	8.33985e-007	1287.11	1248.31	1249.14
1248.29	806.17	763	1.#QNAN	0	0.016	0	8.31099e-007	1333.78	1248.29	1249.12
1248.29	806.176	764	1.#QNAN	0	0.015	0	8.43664e-007	1340.49	1248.29	1249.11
1248.35	806.205	765	1.#QNAN	0	0.016	0	8.36183e-007	1401.42	1248.35	1249.18
1248.42	806.227	766	1.#QNAN	0	0.015	0	8.19287e-007	1394.43	1248.42	1249.24
1248.43	806.237	767	1.#QNAN	0	0.016	0	8.56671e-007	1344.36	1248.43	1249.25
1248.43	806.222	768	1.#QNAN	0	0.016	0	7.93591e-007	1359.07	1248.43	1249.25
1248.43	806.213	769	1.#QNAN	0	0.015	0	7.92895e-007	1354.8	1248.43	1249.25
1248.4	806.218	770	1.#QNAN	0	0.031	0	7.98021e-007	1343.05	1248.4	1249.22
1248.4	806.217	771	1.#QNAN	0	0.016	0	8.33404e-007	1350.56	1248.4	1249.22
1248.42	806.229	772	1.#QNAN	0	0.016	0	8.14996e-007	1372.12	1248.42	1249.24
1248.39	806.21	773	1.#QNAN	0	0.015	0	8.35883e-007	1323.4	1248.39	1249.21
1248.38	806.203	774	1.#QNAN	0	0.016	0	8.30295e-007	1333.29	1248.38	1249.2
1248.35	806.189	775	1.#QNAN	0	0.015	0	8.43641e-007	1323.67	1248.35	1249.17
1248.32	806.172	776	1.#QNAN	0	0.016	0	8.16084e-007	1315.08	1248.32	1249.13
1248.3	806.153	777	1.#QNAN	0	0.031	0	8.28327e-007	1349.71	1248.3	1249.12
1248.28	806.135	778	1.#QNAN	0	0.016	0	8.60509e-007	1315.1	1248.28	1249.1
1248.31	806.128	779	1.#QNAN	0	0.015	0	8.28801e-007	1366.88	1248.31	1249.12
1248.31	806.126	780	1.#QNAN	0	0.016	0	8.52747e-007	1351.21	1248.31	1249.13
1248.29	806.116	781	1.#QNAN	0	0.016	0	8.46196e-007	1340.52	1248.29	1249.1
1248.25	806.093	782	1.#QNAN	0	0.015	0	8.27862e-007	1335.67	1248.25	1249.06
1248.17	806.054	783	1.#QNAN	0	0.016	0	8.33433e-007	1322.89	1248.17	1248.98
1248.11	806.008	784	1.#QNAN	0	0.031	0	8.66278e-007	1313.77	1248.11	1248.92
1248.14	806.011	785	1.#QNAN	0	0.016	0	8.31827e-007	1386.16	1248.14	1248.94
1248.17	806.008	786	1.#QNAN	0	0.015	0	8.24726e-007	1416.63	1248.17	1248.98
1248.2	806.016	787	1.#QNAN	0	0.016	0	8.49892e-007	1408.19	1248.2	1249
1248.25	806.02	788	1.#QNAN	0	0.015	0	8.16211e-007	1418.9	1248.25	1249.05
1248.28	806.023	789	1.#QNAN	0	0.016	0	8.53613e-007	1398.74	1248.28	1249.08
1248.29	806.017	790	1.#QNAN	0	0.016	0	8.57852e-007	1362.49	1248.29	1249.1
1248.37	806.028	791	1.#QNAN	0	0.015	0	8.39573e-007	1406.37	1248.37	1249.17
1248.39	806.021	792	1.#QNAN	0	0.031	0	8.35255e-007	1390.34	1248.39	1249.2
1248.43	806.007	793	1.#QNAN	0	0.016	0	8.46958e-007	1391.21	1248.43	1249.24
1248.43	805.987	794	1.#QNAN	0	0.016	0	8.30276e-007	1334.57	1248.43	1249.23
1248.41	805.969	795	1.#QNAN	0	0.015	0	8.53407e-007	1315.88	1248.41	1249.21
1248.36	805.943	796	1.#QNAN	0	0.016	0	8.42363e-007	1305.83	1248.36	1249.16
1248.27	805.9	797	1.#QNAN	0	0.015	0	8.24575e-007	1274.7	1248.27	1249.06
1248.19	805.864	798	1.#QNAN	0	0.016	0	8.37884e-007	1278.76	1248.19	1248.99
1248.15	805.831	799	1.#QNAN	0	0.016	0	8.51842e-007	1293.57	1248.15	1248.95
