rmse	mae	#iter	time_pred	time_learn	time_learn2	time_learn4	alpha	rmse_mcmc_this	rmse_mcmc_all	rmse_mcmc_all_but5
16779	11178.8	0	1.#QNAN	0	0.016	0	4.5316e-012	16779	16779	4115.63
15846.4	10547.4	1	1.#QNAN	0	0.016	0	9.37794e-011	16485.8	15846.4	4115.63
15912.1	10526.2	2	1.#QNAN	0	0	0	1.15073e-010	16735	15912.1	4115.63
15887.7	10469.9	3	1.#QNAN	0	0.015	0	1.25969e-010	16352.5	15887.7	4115.63
15779.7	10338.7	4	1.#QNAN	0	0.016	0	1.39998e-010	15840.9	15779.7	32670.1
15782.4	10304.2	5	1.#QNAN	0	0.015	0	1.48536e-010	16175.3	15782.4	16175.3
15758.2	10255.6	6	1.#QNAN	0	0.016	0	1.63908e-010	15907.9	15758.2	15893.5
15711.6	10207.6	7	1.#QNAN	0	0.016	0	1.72872e-010	15760.6	15711.6	15728.2
15613.7	10110.9	8	1.#QNAN	0	0	0	1.94394e-010	15434.8	15613.7	15531.6
15529.9	10043.5	9	1.#QNAN	0	0.015	0	2.18552e-010	15217.2	15529.9	15393.7
15424.7	9964.01	10	1.#QNAN	0	0.016	0	2.38695e-010	14836.8	15424.7	15233.7
15343.7	9896.2	11	1.#QNAN	0	0.015	0	2.6152e-010	14890.3	15343.7	15128.6
15237.4	9817.27	12	1.#QNAN	0	0.016	0	3.01192e-010	14372.9	15237.4	14991.5
15160.6	9767.75	13	1.#QNAN	0	0.016	0	3.26138e-010	14647.2	15160.6	14906.6
15048.4	9687.15	14	1.#QNAN	0	0.015	0	3.81415e-010	13946	15048.4	14768
14939	9612.07	15	1.#QNAN	0	0.016	0	4.41192e-010	13726.1	14939	14640.6
14837.5	9547.8	16	1.#QNAN	0	0.015	0	4.7875e-010	13737.7	14837.5	14527.3
14713.5	9463.42	17	1.#QNAN	0	0.016	0	5.668e-010	13152.6	14713.5	14386.5
14589.1	9380.76	18	1.#QNAN	0	0	0	6.83019e-010	12949.6	14589.1	14244.2
14442	9284.34	19	1.#QNAN	0	0.016	0	7.9254e-010	12745.1	14442	14076.6
14273.4	9176.24	20	1.#QNAN	0	0.015	0	9.43228e-010	12091.1	14273.4	13883.6
14090.2	9061.26	21	1.#QNAN	0	0.016	0	1.05298e-009	11637.4	14090.2	13675.6
13885.2	8927.95	22	1.#QNAN	0	0.015	0	1.15598e-009	11119.3	13885.2	13444.4
13671.7	8792.39	23	1.#QNAN	0	0.016	0	1.30411e-009	10914.9	13671.7	13206.5
13446.3	8650.01	24	1.#QNAN	0	0.016	0	1.52346e-009	10467.2	13446.3	12956.7
13224.1	8518.61	25	1.#QNAN	0	0.015	0	1.66486e-009	10130.3	13224.1	12714.5
12998.8	8386.56	26	1.#QNAN	0	0.016	0	1.86519e-009	9925.13	12998.8	12471.7
12777.1	8249.55	27	1.#QNAN	0	0.015	0	1.95616e-009	9864.7	12777.1	12236.1
12567.1	8123.62	28	1.#QNAN	0	0	0	2.16638e-009	9818.22	12567.1	12015.6
12375.6	8010.16	29	1.#QNAN	0	0.016	0	2.43238e-009	9784.12	12375.6	11818.5
12181.3	7896.97	30	1.#QNAN	0	0.016	0	2.47592e-009	9445.17	12181.3	11619.3
11997.5	7791.59	31	1.#QNAN	0	0.015	0	2.64429e-009	9478.94	11997.5	11433.9
11823.8	7693.71	32	1.#QNAN	0	0.016	0	2.86209e-009	9484.23	11823.8	11261
11658	7599.39	33	1.#QNAN	0	0.015	0	2.87165e-009	9488.25	11658	11097.5
11502.8	7511.43	34	1.#QNAN	0	0.016	0	3.03398e-009	9305.23	11502.8	10946.4
11352.2	7426.31	35	1.#QNAN	0	0.016	0	3.2162e-009	9345.76	11352.2	10801.1
11210.8	7344.11	36	1.#QNAN	0	0	0	3.37678e-009	9285.57	11210.8	10666.4
11080.4	7268.21	37	1.#QNAN	0	0.015	0	3.52096e-009	9164.04	11080.4	10544.1
10954.3	7192.62	38	1.#QNAN	0	0.016	0	3.51609e-009	9103.29	10954.3	10426.3
10835	7122.37	39	1.#QNAN	0	0.015	0	3.6372e-009	9025.56	10835	10315.8
10717.6	7050.11	40	1.#QNAN	0	0.016	0	3.80608e-009	8882.05	10717.6	10206.9
10613.8	6987.39	41	1.#QNAN	0	0.016	0	4.02354e-009	9062.23	10613.8	10113.2
10509	6925.09	42	1.#QNAN	0	0	0	3.94852e-009	8890.17	10509	10018.1
10409.5	6864.62	43	1.#QNAN	0	0.015	0	4.16338e-009	8856.15	10409.5	9928.63
10313.7	6806.21	44	1.#QNAN	0	0.016	0	4.24288e-009	8668.85	10313.7	9842.6
10219	6749.15	45	1.#QNAN	0	0.015	0	4.40754e-009	8513.66	10219	9757.39
10135.3	6699.62	46	1.#QNAN	0	0.016	0	4.41877e-009	8826.51	10135.3	9684.18
10046.9	6645.68	47	1.#QNAN	0	0.016	0	4.45855e-009	8400.57	10046.9	9605.08
9960.38	6592.43	48	1.#QNAN	0	0.015	0	4.68019e-009	8320.18	9960.38	9527.84
9881.91	6544.48	49	1.#QNAN	0	0.016	0	5.07949e-009	8631.65	9881.91	9459.15
9806.48	6497.8	50	1.#QNAN	0	0	0	5.13002e-009	8480.8	9806.48	9393.09
9732.62	6450.33	51	1.#QNAN	0	0.015	0	5.03896e-009	8411.16	9732.62	9328.37
9660.22	6404.53	52	1.#QNAN	0	0.016	0	5.41775e-009	8339.08	9660.22	9264.92
9587.74	6360.17	53	1.#QNAN	0	0.016	0	5.60823e-009	8237.32	9587.74	9200.91
9518.43	6317.78	54	1.#QNAN	0	0.015	0	5.82555e-009	8311.4	9518.43	9140.01
9452.25	6276.64	55	1.#QNAN	0	0.016	0	5.9455e-009	8205.87	9452.25	9082
9385.25	6234.5	56	1.#QNAN	0	0.015	1	6.13347e-009	8041	9385.25	9022.83
9321.1	6194.21	57	1.#QNAN	0	0	0	6.2544e-009	7998.62	9321.1	8966.42
9255.91	6153.89	58	1.#QNAN	0	0.016	0	6.24854e-009	7899.85	9255.91	8908.64
9194.11	6114.72	59	1.#QNAN	0	0.016	0	7.18567e-009	7920.29	9194.11	8854.05
9132.6	6076.37	60	1.#QNAN	0	0.015	0	6.90931e-009	7808.66	9132.6	8799.24
9073.13	6038.34	61	1.#QNAN	0	0.016	0	7.11452e-009	7623.86	9073.13	8746.48
9014.53	6000.37	62	1.#QNAN	0	0.015	0	7.65875e-009	7535.01	9014.53	8694.35
8958.47	5964.8	63	1.#QNAN	0	0.016	0	7.39843e-009	7582.41	8958.47	8644.67
8904.24	5930.07	64	1.#QNAN	0	0	0	7.95003e-009	7566.06	8904.24	8596.65
8850.62	5895.51	65	1.#QNAN	0	0.016	0	7.9053e-009	7460.81	8850.62	8548.99
8796.8	5861.6	66	1.#QNAN	0	0.015	0	8.08702e-009	7446.61	8796.8	8501.06
8746.04	5828.98	67	1.#QNAN	0	0.016	0	8.1957e-009	7405.24	8746.04	8456.07
8698.38	5797.99	68	1.#QNAN	0	0.015	0	8.87307e-009	7360.04	8698.38	8414.07
8651.45	5768	69	1.#QNAN	0	0.016	0	8.80827e-009	7335.94	8651.45	8372.79
8603.55	5736.85	70	1.#QNAN	0	0	0	9.23105e-009	7183.18	8603.55	8330.18
8556.88	5706.52	71	1.#QNAN	0	0.016	0	9.25406e-009	7176.19	8556.88	8288.74
8510.55	5676.88	72	1.#QNAN	0	0.015	0	9.38555e-009	7068.13	8510.55	8247.37
8465.2	5647.47	73	1.#QNAN	0	0.016	0	9.54333e-009	7007.34	8465.2	8206.89
8420.95	5618.94	74	1.#QNAN	0	0.015	0	9.68751e-009	7011.89	8420.95	8167.44
8375.45	5589.19	75	1.#QNAN	0	0.016	0	1.01645e-008	6815.46	8375.45	8126.42
8332.19	5560.89	76	1.#QNAN	0	0	0	1.07803e-008	6896.01	8332.19	8087.66
8288.97	5532.03	77	1.#QNAN	0	0.016	0	1.0285e-008	6779.23	8288.97	8048.71
8246.86	5503.62	78	1.#QNAN	0	0.015	0	1.11478e-008	6743.02	8246.86	8010.7
8205.84	5476.14	79	1.#QNAN	0	0.016	0	1.11525e-008	6749.78	8205.84	7973.87
8164.79	5447.92	80	1.#QNAN	0	0.015	0	1.15634e-008	6680.2	8164.79	7936.88
8125.8	5421.17	81	1.#QNAN	0	0.016	0	1.20755e-008	6681.86	8125.8	7901.8
8085.8	5394.17	82	1.#QNAN	0	0.016	0	1.17653e-008	6461.5	8085.8	7865.45
8048.61	5368.53	83	1.#QNAN	0	0	0	1.23073e-008	6551.37	8048.61	7831.98
8011.07	5342.82	84	1.#QNAN	0	0.015	0	1.27992e-008	6459.33	8011.07	7797.95
7974.34	5317.7	85	1.#QNAN	0	0.016	0	1.32362e-008	6493.6	7974.34	7764.66
7938.89	5292.94	86	1.#QNAN	0	0.015	0	1.27654e-008	6410.73	7938.89	7732.44
7904.03	5268.9	87	1.#QNAN	0	0.016	0	1.27163e-008	6474.16	7904.03	7700.87
7867.55	5243.73	88	1.#QNAN	0	0.016	0	1.36269e-008	6292.55	7867.55	7667.4
7832.51	5219	89	1.#QNAN	0	0	0	1.41836e-008	6346.07	7832.51	7635.4
7799.86	5195.82	90	1.#QNAN	0	0.015	0	1.46931e-008	6419.67	7799.86	7605.79
7766.54	5172.53	91	1.#QNAN	0	0.016	0	1.46007e-008	6315.52	7766.54	7575.35
7732.83	5148.99	92	1.#QNAN	0	0.015	0	1.47028e-008	6257.63	7732.83	7544.47
7698.81	5125.04	93	1.#QNAN	0	0.016	0	1.5046e-008	6146.48	7698.81	7513.13
7667.33	5103.08	94	1.#QNAN	0	0.016	0	1.5449e-008	6256.33	7667.33	7484.31
7635.01	5080.39	95	1.#QNAN	0	0	0	1.58721e-008	6152.4	7635.01	7454.56
7603.42	5057.73	96	1.#QNAN	0	0.015	0	1.61378e-008	6104.6	7603.42	7425.45
7573.31	5037.01	97	1.#QNAN	0	0.016	0	1.60814e-008	6144.95	7573.31	7397.71
7542.07	5015.53	98	1.#QNAN	0	0.015	0	1.7209e-008	6020.72	7542.07	7368.77
7512.14	4994.84	99	1.#QNAN	0	0.016	0	1.7298e-008	6050.66	7512.14	7341.19
7483.19	4974.9	100	1.#QNAN	0	0.016	0	1.67623e-008	5989.65	7483.19	7314.45
7453.18	4954.51	101	1.#QNAN	0	0.015	0	1.80417e-008	5816.13	7453.18	7286.52
7423.75	4934.07	102	1.#QNAN	0	0	0	1.77232e-008	5801.91	7423.75	7259.18
7394.97	4914.05	103	1.#QNAN	0	0.016	0	1.76087e-008	5828.26	7394.97	7232.45
7365.77	4893.61	104	1.#QNAN	0	0.015	0	1.86061e-008	5785.1	7365.77	7205.27
7336.43	4873.33	105	1.#QNAN	0	0.016	0	1.8794e-008	5704.74	7336.43	7177.88
7307.29	4852.99	106	1.#QNAN	0	0.016	0	1.91698e-008	5649.22	7307.29	7150.62
7279.28	4833.87	107	1.#QNAN	0	0.015	0	1.96144e-008	5673.01	7279.28	7124.49
7251.66	4814.43	108	1.#QNAN	0	0	0	1.94129e-008	5645.88	7251.66	7098.73
7223.76	4794.82	109	1.#QNAN	0	0.016	0	2.02642e-008	5587.74	7223.76	7072.71
7196.97	4776.39	110	1.#QNAN	0	0.015	0	2.10605e-008	5628.89	7196.97	7047.68
7170.35	4758.36	111	1.#QNAN	0	0.016	0	2.06905e-008	5539.69	7170.35	7022.8
7143.05	4739.75	112	1.#QNAN	0	0.016	0	2.18247e-008	5504.38	7143.05	6997.21
7116.04	4721.14	113	1.#QNAN	0	0.015	0	2.16779e-008	5418.58	7116.04	6971.89
7090.13	4703.54	114	1.#QNAN	0	0	0	2.2953e-008	5436.13	7090.13	6947.59
7064.94	4686.03	115	1.#QNAN	0	0.016	0	2.27965e-008	5530.06	7064.94	6924.06
7039.35	4668.27	116	1.#QNAN	0	0.015	0	2.37782e-008	5444.69	7039.35	6900.06
7014.71	4651.03	117	1.#QNAN	0	0.016	0	2.34152e-008	5503.17	7014.71	6877.04
6989.81	4633.49	118	1.#QNAN	0	0.016	0	2.39885e-008	5388.99	6989.81	6853.65
6963.96	4615.67	119	1.#QNAN	0	0.015	0	2.44283e-008	5268.24	6963.96	6829.26
6939.13	4598.49	120	1.#QNAN	0	0.016	0	2.49243e-008	5293.62	6939.13	6805.88
6914.96	4581.71	121	1.#QNAN	0	0	0	2.58952e-008	5295.48	6914.96	6783.15
6890.62	4564.67	122	1.#QNAN	0	0.015	0	2.55529e-008	5280.86	6890.62	6760.22
6866.65	4548.19	123	1.#QNAN	0	0.016	0	2.62023e-008	5225.74	6866.65	6737.63
6842.54	4531.46	124	1.#QNAN	0	0.016	0	2.63278e-008	5180.35	6842.54	6714.91
6818.38	4514.72	125	1.#QNAN	0	0.015	0	2.77313e-008	5179.6	6818.38	6692.13
6794.62	4498.21	126	1.#QNAN	0	0.016	0	2.79767e-008	5146.17	6794.62	6669.75
6772.04	4482.48	127	1.#QNAN	0	0.015	0	2.79467e-008	5181.05	6772.04	6648.5
6749.12	4466.65	128	1.#QNAN	0	0	0	2.91807e-008	5033.54	6749.12	6626.91
6726.59	4450.8	129	1.#QNAN	0	0.016	0	2.88394e-008	5110.8	6726.59	6605.7
6703.76	4434.86	130	1.#QNAN	0	0.016	0	2.98916e-008	4988.09	6703.76	6584.08
6681.48	4419.27	131	1.#QNAN	0	0.015	0	2.89728e-008	4971.29	6681.48	6563.03
6659.94	4404.37	132	1.#QNAN	0	0.016	1	3.02657e-008	5041.92	6659.94	6542.69
6638.25	4389.43	133	1.#QNAN	0	0.015	0	3.02593e-008	5023.15	6638.25	6522.23
6617.19	4374.96	134	1.#QNAN	0	0	0	2.98874e-008	5008.12	6617.19	6502.3
6595.43	4359.95	135	1.#QNAN	0	0.016	0	3.12317e-008	4829.4	6595.43	6481.66
6574.6	4345.55	136	1.#QNAN	0	0.016	0	3.22832e-008	4890.76	6574.6	6461.98
6553.14	4330.73	137	1.#QNAN	0	0.015	0	3.07784e-008	4810.86	6553.14	6441.58
6532.39	4316.55	138	1.#QNAN	0	0.016	0	3.21463e-008	4839.73	6532.39	6421.86
6511.93	4302.59	139	1.#QNAN	0	0.015	0	3.37428e-008	4788.34	6511.93	6402.39
6490.58	4287.85	140	1.#QNAN	0	0.016	0	3.32038e-008	4720.74	6490.58	6382.01
6470.02	4273.68	141	1.#QNAN	0	0	0	3.42254e-008	4767.48	6470.02	6362.46
6449.23	4259.43	142	1.#QNAN	0	0.016	0	3.44712e-008	4666.91	6449.23	6342.61
6428.24	4245.14	143	1.#QNAN	0	0.015	0	3.47381e-008	4606.06	6428.24	6322.54
6407.57	4231.03	144	1.#QNAN	0	0.016	0	3.54298e-008	4595.96	6407.57	6302.79
6387.63	4217.43	145	1.#QNAN	0	0.015	0	3.53881e-008	4666.74	6387.63	6283.79
6367.33	4203.49	146	1.#QNAN	0	0.016	0	3.71756e-008	4599.17	6367.33	6264.41
6347.72	4190.33	147	1.#QNAN	0	0.016	0	3.68752e-008	4588.08	6347.72	6245.68
6327.7	4176.93	148	1.#QNAN	0	0.015	0	3.80676e-008	4542.24	6327.7	6226.49
6307.51	4163.45	149	1.#QNAN	0	0.016	0	3.69347e-008	4498.26	6307.51	6207.14
6288.4	4150.6	150	1.#QNAN	0	0	0	3.85022e-008	4568.4	6288.4	6188.86
6268.94	4137.6	151	1.#QNAN	0	0.015	0	3.83571e-008	4478.81	6268.94	6170.19
6249.9	4124.85	152	1.#QNAN	0	0.016	0	4.15763e-008	4532.22	6249.9	6151.93
6230.76	4112.09	153	1.#QNAN	0	0.016	0	4.18945e-008	4476.79	6230.76	6133.58
6211.95	4099.66	154	1.#QNAN	0	0.015	0	4.27102e-008	4423.01	6211.95	6115.51
6192.94	4086.96	155	1.#QNAN	0	0.016	0	4.34344e-008	4359.08	6192.94	6097.28
6174.05	4074.32	156	1.#QNAN	0	0.015	0	4.16696e-008	4385.22	6174.05	6079.17
6155.75	4062.18	157	1.#QNAN	0	0	0	4.21179e-008	4448.43	6155.75	6061.63
6137.5	4049.93	158	1.#QNAN	0	0.016	0	4.36939e-008	4414.03	6137.5	6044.14
6119.22	4037.8	159	1.#QNAN	0	0.016	0	4.37799e-008	4379.72	6119.22	6026.6
6101.5	4026	160	1.#QNAN	0	0.015	0	4.48476e-008	4370.39	6101.5	6009.61
6083.86	4014.34	161	1.#QNAN	0	0.016	0	4.63045e-008	4376.48	6083.86	5992.69
6066.51	4003.14	162	1.#QNAN	0	0.015	0	4.87836e-008	4351.56	6066.51	5976.04
6048.99	3991.64	163	1.#QNAN	0	0	0	4.85584e-008	4332.43	6048.99	5959.23
6031.57	3980.48	164	1.#QNAN	0	0.016	0	4.68724e-008	4308.95	6031.57	5942.5
6014.85	3969.47	165	1.#QNAN	0	0.016	0	4.73691e-008	4339.77	6014.85	5926.46
5997.64	3958.45	166	1.#QNAN	0	0.015	0	5.02125e-008	4281.13	5997.64	5909.9
5980.46	3947.39	167	1.#QNAN	0	0.016	0	4.86527e-008	4206.89	5980.46	5893.34
5963.79	3936.55	168	1.#QNAN	0	0.015	0	5.01815e-008	4235.18	5963.79	5877.32
5946.91	3925.63	169	1.#QNAN	0	0	0	4.95966e-008	4171.21	5946.91	5861.05
5930.28	3914.88	170	1.#QNAN	0	0.016	0	4.9478e-008	4213.9	5930.28	5845.02
5914.07	3904.23	171	1.#QNAN	0	0.016	0	5.17688e-008	4205.07	5914.07	5829.43
5897.56	3893.54	172	1.#QNAN	0	0.015	0	5.20689e-008	4127.17	5897.56	5813.51
5880.94	3882.84	173	1.#QNAN	0	0.016	0	5.34065e-008	4113.59	5880.94	5797.48
5865	3872.45	174	1.#QNAN	0	0.015	0	5.46616e-008	4152.09	5865	5782.12
5848.91	3862.16	175	1.#QNAN	0	0.016	0	5.12825e-008	4138.21	5848.91	5766.59
5833	3851.71	176	1.#QNAN	0	0	0	5.33916e-008	4109.72	5833	5751.22
5816.91	3841.29	177	1.#QNAN	0	0	0	5.30403e-008	4072.94	5816.91	5735.66
5801.43	3830.99	178	1.#QNAN	0	0.015	0	5.61217e-008	4145.13	5801.43	5720.73
5785.67	3820.73	179	1.#QNAN	0	0.016	0	5.46621e-008	4051.73	5785.67	5705.47
5770.04	3810.52	180	1.#QNAN	0	0.015	0	5.54707e-008	4036.58	5770.04	5690.36
5754.5	3800.3	181	1.#QNAN	0	0.016	0	5.71252e-008	4039.59	5754.5	5675.34
5738.61	3789.98	182	1.#QNAN	0	0.016	0	5.68154e-008	3958.44	5738.61	5659.94
5722.96	3779.81	183	1.#QNAN	0	0	0	5.78707e-008	3955.69	5722.96	5644.79
5707.27	3769.63	184	1.#QNAN	0	0.015	0	5.91246e-008	3933.63	5707.27	5629.58
5691.68	3759.49	185	1.#QNAN	0	0.016	0	6.12048e-008	3899.44	5691.68	5614.47
5676.23	3749.47	186	1.#QNAN	0	0.015	0	5.99967e-008	3865.06	5676.23	5599.48
5660.92	3739.43	187	1.#QNAN	0	0.016	0	6.24241e-008	3883.91	5660.92	5584.65
5645.68	3729.61	188	1.#QNAN	0	0.016	0	6.0241e-008	3873.4	5645.68	5569.86
5630.32	3719.67	189	1.#QNAN	0	0.015	0	6.25734e-008	3828.34	5630.32	5554.94
5615.65	3710	190	1.#QNAN	0	0	0	6.42374e-008	3871.27	5615.65	5540.72
5601.22	3700.61	191	1.#QNAN	0	0.016	0	6.44803e-008	3848.16	5601.22	5526.74
5586.81	3691.23	192	1.#QNAN	0	0.015	0	6.37785e-008	3883.32	5586.81	5512.79
5571.82	3681.63	193	1.#QNAN	0	0.016	0	6.69934e-008	3761.81	5571.82	5498.22
5557.29	3672.17	194	1.#QNAN	0	0.016	0	6.54095e-008	3828.52	5557.29	5484.12
5542.71	3662.6	195	1.#QNAN	0	0.015	0	6.63879e-008	3815.4	5542.71	5469.98
5527.9	3653.06	196	1.#QNAN	0	0	0	6.82335e-008	3719.1	5527.9	5455.57
5513.05	3643.53	197	1.#QNAN	0	0.016	0	6.68309e-008	3704.18	5513.05	5441.13
5498.7	3634.24	198	1.#QNAN	0	0.015	0	6.80142e-008	3694.1	5498.7	5427.19
5484.26	3624.99	199	1.#QNAN	0	0.016	0	6.87342e-008	3704.05	5484.26	5413.16
5469.7	3615.48	200	1.#QNAN	0	0.016	0	7.06824e-008	3670.12	5469.7	5399.01
5455.5	3606.26	201	1.#QNAN	0	0.015	0	7.12679e-008	3715.97	5455.5	5385.22
5441.19	3597.04	202	1.#QNAN	0	0.016	0	7.13326e-008	3621.29	5441.19	5371.3
5427.21	3587.94	203	1.#QNAN	0	0	0	7.49451e-008	3658.82	5427.21	5357.71
5413.01	3578.75	204	1.#QNAN	0	0.015	0	7.36095e-008	3611.32	5413.01	5343.88
5398.96	3569.49	205	1.#QNAN	0	0.016	0	7.50158e-008	3584.73	5398.96	5330.19
5384.82	3560.35	206	1.#QNAN	0	0.016	0	7.60609e-008	3569.06	5384.82	5316.43
5370.84	3551.3	207	1.#QNAN	0	0.015	0	7.82784e-008	3558.55	5370.84	5302.83
5356.85	3542.28	208	1.#QNAN	0	0.016	1	7.31787e-008	3493.96	5356.85	5289.2
5342.87	3533.22	209	1.#QNAN	0	0.015	0	7.47473e-008	3495.05	5342.87	5275.58
5329.16	3524.23	210	1.#QNAN	0	0.016	0	7.76604e-008	3540.35	5329.16	5262.23
5315.61	3515.3	211	1.#QNAN	0	0	0	7.84044e-008	3530.42	5315.61	5249.06
5302.04	3506.34	212	1.#QNAN	0	0.016	0	7.96258e-008	3492.57	5302.04	5235.86
5288.36	3497.48	213	1.#QNAN	0	0.015	0	7.97755e-008	3472.38	5288.36	5222.53
5275.13	3488.78	214	1.#QNAN	0	0.016	0	7.94724e-008	3504	5275.13	5209.67
5261.93	3480.17	215	1.#QNAN	0	0.015	0	7.98717e-008	3460.82	5261.93	5196.82
5249.24	3471.81	216	1.#QNAN	0	0.016	0	8.29911e-008	3498.96	5249.24	5184.47
5236.3	3463.24	217	1.#QNAN	0	0	0	8.10157e-008	3463.63	5236.3	5171.86
5223.35	3454.76	218	1.#QNAN	0	0.016	0	8.27998e-008	3429.74	5223.35	5159.24
5210.56	3446.23	219	1.#QNAN	0	0.015	0	8.32435e-008	3460.93	5210.56	5146.78
5198.13	3437.95	220	1.#QNAN	0	0.016	0	8.34871e-008	3509.11	5198.13	5134.7
5185.51	3429.65	221	1.#QNAN	0	0.015	0	8.29799e-008	3468.04	5185.51	5122.41
5173.17	3421.48	222	1.#QNAN	0	0.016	0	8.82683e-008	3459.53	5173.17	5110.41
5161.07	3413.43	223	1.#QNAN	0	0	0	8.29445e-008	3516.2	5161.07	5098.63
5148.67	3405.37	224	1.#QNAN	0	0	0	8.70379e-008	3445.31	5148.67	5086.56
5136.5	3397.52	225	1.#QNAN	0	0.015	0	8.63339e-008	3406.34	5136.5	5074.71
5124.44	3389.7	226	1.#QNAN	0	0.016	0	8.66865e-008	3409.35	5124.44	5062.96
5112.34	3381.94	227	1.#QNAN	0	0.015	0	8.90863e-008	3402.82	5112.34	5051.18
5100.3	3374.09	228	1.#QNAN	0	0.016	0	9.36343e-008	3388.13	5100.3	5039.45
5088.41	3366.46	229	1.#QNAN	0	0.016	0	8.97214e-008	3417.44	5088.41	5027.86
5076.35	3358.79	230	1.#QNAN	0	0	0	8.67849e-008	3375.32	5076.35	5016.1
5064.46	3351.17	231	1.#QNAN	0	0.015	0	8.87556e-008	3315.61	5064.46	5004.49
5052.65	3343.55	232	1.#QNAN	0	0.016	0	9.33503e-008	3359.37	5052.65	4992.97
5040.94	3335.98	233	1.#QNAN	0	0.015	0	9.17888e-008	3345.98	5040.94	4981.54
5029.43	3328.53	234	1.#QNAN	0	0.016	0	9.20292e-008	3371.45	5029.43	4970.32
5017.97	3321.23	235	1.#QNAN	0	0.016	0	9.3099e-008	3388.99	5017.97	4959.13
5006.42	3313.79	236	1.#QNAN	0	0	0	9.35182e-008	3316.35	5006.42	4947.87
4995.29	3306.48	237	1.#QNAN	0	0.015	0	9.56553e-008	3342.11	4995.29	4937.01
4984.24	3299.27	238	1.#QNAN	0	0.016	0	9.68488e-008	3350.02	4984.24	4926.23
4972.93	3291.93	239	1.#QNAN	0	0.015	0	9.65244e-008	3277.34	4972.93	4915.19
4962.03	3284.83	240	1.#QNAN	0	0.016	0	9.06618e-008	3322.4	4962.03	4904.55
4950.96	3277.72	241	1.#QNAN	0	0.016	0	9.72247e-008	3303.25	4950.96	4893.75
4940.02	3270.61	242	1.#QNAN	0	0	0	9.65036e-008	3280.45	4940.02	4883.07
4929.09	3263.64	243	1.#QNAN	0	0.015	0	1.03346e-007	3267.25	4929.09	4872.39
4918.2	3256.75	244	1.#QNAN	0	0.016	0	9.71967e-008	3230.46	4918.2	4861.74
4907.37	3249.75	245	1.#QNAN	0	0.015	0	9.85404e-008	3233.16	4907.37	4851.18
4896.83	3242.97	246	1.#QNAN	0	0.016	0	9.88229e-008	3267.42	4896.83	4840.89
4886.36	3236.34	247	1.#QNAN	0	0.016	0	1.02233e-007	3266.78	4886.36	4830.67
4875.84	3229.59	248	1.#QNAN	0	0.015	0	1.00481e-007	3257.78	4875.84	4820.39
4865.6	3223	249	1.#QNAN	0	0	0	9.88305e-008	3269.76	4865.6	4810.41
4855.17	3216.31	250	1.#QNAN	0	0.016	0	1.03974e-007	3259.88	4855.17	4800.23
4844.85	3209.59	251	1.#QNAN	0	0.015	0	1.05575e-007	3293.36	4844.85	4790.17
4834.46	3202.94	252	1.#QNAN	0	0.016	0	1.03942e-007	3274.25	4834.46	4780.03
4824.27	3196.39	253	1.#QNAN	0	0.016	0	1.03265e-007	3254.58	4824.27	4770.08
4813.78	3189.82	254	1.#QNAN	0	0.015	0	1.0566e-007	3228.74	4813.78	4759.82
4803.26	3183.21	255	1.#QNAN	0	0.016	0	1.06621e-007	3191.11	4803.26	4749.53
4792.81	3176.57	256	1.#QNAN	0	0	0	1.04549e-007	3177.68	4792.81	4739.3
4782.54	3170.08	257	1.#QNAN	0	0.015	0	1.03841e-007	3200.19	4782.54	4729.26
4772.36	3163.67	258	1.#QNAN	0	0.016	0	1.07529e-007	3192.82	4772.36	4719.29
4762.12	3157.26	259	1.#QNAN	0	0.016	0	1.09654e-007	3191.48	4762.12	4709.27
4751.93	3150.67	260	1.#QNAN	0	0.015	0	1.03969e-007	3141.86	4751.93	4699.31
4741.85	3144.33	261	1.#QNAN	0	0.016	0	1.07894e-007	3153.4	4741.85	4689.44
4731.56	3137.83	262	1.#QNAN	0	0	0	1.08181e-007	3095.45	4731.56	4679.36
4721.7	3131.57	263	1.#QNAN	0	0.015	0	1.07053e-007	3151.46	4721.7	4669.7
4711.68	3125.17	264	1.#QNAN	0	0.016	0	1.08003e-007	3102.19	4711.68	4659.9
4701.87	3118.87	265	1.#QNAN	0	0.016	0	1.13064e-007	3107.59	4701.87	4650.3
4692.21	3112.59	266	1.#QNAN	0	0.015	0	1.13158e-007	3142.04	4692.21	4640.86
4682.58	3106.44	267	1.#QNAN	0	0.016	0	1.09843e-007	3156.8	4682.58	4631.43
4672.78	3100.25	268	1.#QNAN	0	0	0	1.14314e-007	3099.78	4672.78	4621.84
4663.31	3094.22	269	1.#QNAN	0	0.015	0	1.14687e-007	3127.94	4663.31	4612.58
4653.78	3088.11	270	1.#QNAN	0	0.016	0	1.14706e-007	3114.21	4653.78	4603.25
4644.4	3082.1	271	1.#QNAN	0	0.016	0	1.13875e-007	3117.78	4644.4	4594.07
4634.91	3076.08	272	1.#QNAN	0	0.015	0	1.17533e-007	3085.77	4634.91	4584.78
4625.52	3070.02	273	1.#QNAN	0	0.016	0	1.18395e-007	3092.88	4625.52	4575.59
4616.21	3064	274	1.#QNAN	0	0.015	0	1.15511e-007	3066.53	4616.21	4566.48
4607.03	3058.08	275	1.#QNAN	0	0	0	1.19318e-007	3111.21	4607.03	4557.49
4597.88	3052.21	276	1.#QNAN	0	0.016	0	1.17519e-007	3093.45	4597.88	4548.54
4588.77	3046.31	277	1.#QNAN	0	0.016	0	1.17292e-007	3112.8	4588.77	4539.63
4579.7	3040.49	278	1.#QNAN	0	0.015	0	1.19944e-007	3092.62	4579.7	4530.76
4570.79	3034.69	279	1.#QNAN	0	0.016	0	1.20767e-007	3118.91	4570.79	4522.04
4562.11	3028.97	280	1.#QNAN	0	0.015	0	1.21988e-007	3112.9	4562.11	4513.56
4553.2	3023.18	281	1.#QNAN	0	0.016	0	1.22856e-007	3084.68	4553.2	4504.84
4544.28	3017.41	282	1.#QNAN	0	0	0	1.23219e-007	3049.1	4544.28	4496.11
4535.55	3011.75	283	1.#QNAN	0	0.016	0	1.25211e-007	3092.48	4535.55	4487.58
4526.73	3005.96	284	1.#QNAN	0	0.015	1	1.20374e-007	3039.53	4526.73	4478.95
4518.2	3000.36	285	1.#QNAN	0	0.016	0	1.17989e-007	3073.4	4518.2	4470.6
4509.48	2994.67	286	1.#QNAN	0	0.015	0	1.23692e-007	3035.52	4509.48	4462.07
4500.95	2989.04	287	1.#QNAN	0	0.016	0	1.24168e-007	3039.34	4500.95	4453.72
4492.54	2983.45	288	1.#QNAN	0	0.016	0	1.21396e-007	3045.63	4492.54	4445.5
4484.01	2977.86	289	1.#QNAN	0	0	0	1.24624e-007	3025	4484.01	4437.15
4475.75	2972.42	290	1.#QNAN	0	0.015	0	1.20035e-007	3036.56	4475.75	4429.08
4467.23	2966.81	291	1.#QNAN	0	0.016	0	1.27445e-007	2979.92	4467.23	4420.75
4458.79	2961.23	292	1.#QNAN	0	0.015	0	1.28906e-007	3017.48	4458.79	4412.5
4450.4	2955.72	293	1.#QNAN	0	0.016	0	1.27432e-007	3000.07	4450.4	4404.29
4442.08	2950.23	294	1.#QNAN	0	0.016	0	1.25047e-007	3010.07	4442.08	4396.16
4433.86	2944.79	295	1.#QNAN	0	0	0	1.23069e-007	3028.3	4433.86	4388.11
4425.64	2939.31	296	1.#QNAN	0	0.015	0	1.26878e-007	3030.01	4425.64	4380.07
4417.37	2933.9	297	1.#QNAN	0	0.016	0	1.2397e-007	3022.24	4417.37	4371.97
4409.26	2928.54	298	1.#QNAN	0	0.015	0	1.28291e-007	3042.14	4409.26	4364.04
4401.26	2923.26	299	1.#QNAN	0	0.016	0	1.24917e-007	3026.03	4401.26	4356.22
4393.02	2917.9	300	1.#QNAN	0	0.016	0	1.32757e-007	2956.64	4393.02	4348.15
4384.73	2912.58	301	1.#QNAN	0	0	0	1.30344e-007	2955.76	4384.73	4340.02
4376.61	2907.3	302	1.#QNAN	0	0.015	0	1.293e-007	3007.2	4376.61	4332.07
4368.43	2901.99	303	1.#QNAN	0	0.016	0	1.31414e-007	2955.16	4368.43	4324.04
4360.29	2896.69	304	1.#QNAN	0	0.015	0	1.32972e-007	2938.21	4360.29	4316.07
4352.36	2891.5	305	1.#QNAN	0	0.016	0	1.32286e-007	2984.46	4352.36	4308.3
4344.31	2886.18	306	1.#QNAN	0	0.016	0	1.25671e-007	2957.1	4344.31	4300.41
4336.32	2880.93	307	1.#QNAN	0	0	0	1.33332e-007	2964.17	4336.32	4292.6
4328.37	2875.65	308	1.#QNAN	0	0.015	0	1.31462e-007	2992.05	4328.37	4284.81
4320.64	2870.48	309	1.#QNAN	0	0.016	0	1.32038e-007	3012.07	4320.64	4277.26
4312.93	2865.34	310	1.#QNAN	0	0.015	0	1.34778e-007	3004.77	4312.93	4269.73
4305.21	2860.21	311	1.#QNAN	0	0.016	0	1.33803e-007	2990.39	4305.21	4262.17
4297.78	2855.22	312	1.#QNAN	0	0.016	0	1.31369e-007	2979.12	4297.78	4254.89
4290.15	2850.24	313	1.#QNAN	0	0.015	0	1.40738e-007	2948.62	4290.15	4247.43
4282.55	2845.22	314	1.#QNAN	0	0.016	0	1.39574e-007	2944.51	4282.55	4240
4275	2840.2	315	1.#QNAN	0	0	0	1.4076e-007	2951	4275	4232.62
4267.51	2835.21	316	1.#QNAN	0	0.015	0	1.36237e-007	2993.13	4267.51	4225.3
4260.25	2830.31	317	1.#QNAN	0	0.016	0	1.41878e-007	2996.5	4260.25	4218.2
4252.89	2825.36	318	1.#QNAN	0	0.016	0	1.38087e-007	2971.98	4252.89	4211.01
4245.49	2820.43	319	1.#QNAN	0	0.015	0	1.41019e-007	2937.6	4245.49	4203.76
4238.1	2815.52	320	1.#QNAN	0	0.016	0	1.40018e-007	2944.67	4238.1	4196.53
4230.84	2810.71	321	1.#QNAN	0	0	0	1.3965e-007	2944.97	4230.84	4189.44
4223.48	2805.8	322	1.#QNAN	0	0.015	0	1.46173e-007	2925.03	4223.48	4182.24
4216.29	2800.99	323	1.#QNAN	0	0.016	0	1.39009e-007	2956.12	4216.29	4175.21
4209.21	2796.25	324	1.#QNAN	0	0.016	0	1.33465e-007	2980.51	4209.21	4168.28
4202.07	2791.54	325	1.#QNAN	0	0.015	0	1.41703e-007	2951.93	4202.07	4161.3
4194.89	2786.79	326	1.#QNAN	0	0.016	0	1.44239e-007	2894.11	4194.89	4154.26
4187.71	2782.07	327	1.#QNAN	0	0.015	0	1.4365e-007	2941.04	4187.71	4147.23
4180.65	2777.39	328	1.#QNAN	0	0	0	1.36583e-007	2959.53	4180.65	4140.31
4173.56	2772.73	329	1.#QNAN	0	0.016	0	1.43211e-007	2986.19	4173.56	4133.38
4166.64	2768.11	330	1.#QNAN	0	0.016	0	1.42317e-007	2930.46	4166.64	4126.6
4159.59	2763.49	331	1.#QNAN	0	0.015	0	1.44017e-007	2930.08	4159.59	4119.69
4152.69	2758.96	332	1.#QNAN	0	0.016	0	1.46458e-007	2968.39	4152.69	4112.93
4145.79	2754.44	333	1.#QNAN	0	0.015	0	1.44009e-007	2939.35	4145.79	4106.17
4139.1	2750.04	334	1.#QNAN	0	0	0	1.43839e-007	2970.96	4139.1	4099.62
4132.24	2745.56	335	1.#QNAN	0	0.016	0	1.44501e-007	2924.63	4132.24	4092.89
4125.56	2741.11	336	1.#QNAN	0	0.016	0	1.45023e-007	2938.53	4125.56	4086.35
4118.82	2736.65	337	1.#QNAN	0	0.015	0	1.47345e-007	2912.36	4118.82	4079.74
4112.2	2732.29	338	1.#QNAN	0	0.016	0	1.48129e-007	2908.63	4112.2	4073.24
4105.61	2727.92	339	1.#QNAN	0	0.015	0	1.43086e-007	2933.22	4105.61	4066.79
4098.94	2723.54	340	1.#QNAN	0	0.016	0	1.51047e-007	2899.41	4098.94	4060.26
4092.42	2719.24	341	1.#QNAN	0	0	0	1.50409e-007	2923.39	4092.42	4053.87
4085.73	2714.84	342	1.#QNAN	0	0.016	0	1.49676e-007	2871.99	4085.73	4047.31
4079.13	2710.47	343	1.#QNAN	0	0.015	0	1.46202e-007	2892.13	4079.13	4040.84
4072.59	2706.15	344	1.#QNAN	0	0.016	0	1.52182e-007	2898.55	4072.59	4034.43
4066.26	2701.93	345	1.#QNAN	0	0.015	0	1.50237e-007	2945.94	4066.26	4028.23
4059.87	2697.73	346	1.#QNAN	0	0.016	0	1.48694e-007	2922.85	4059.87	4021.97
4053.47	2693.54	347	1.#QNAN	0	0	0	1.50915e-007	2893.04	4053.47	4015.7
4047.13	2689.32	348	1.#QNAN	0	0.016	0	1.50016e-007	2898.88	4047.13	4009.48
4040.96	2685.21	349	1.#QNAN	0	0.015	0	1.52025e-007	2937.63	4040.96	4003.44
4034.69	2681.04	350	1.#QNAN	0	0.016	0	1.48464e-007	2922.61	4034.69	3997.29
4028.5	2676.91	351	1.#QNAN	0	0.015	0	1.52264e-007	2925.36	4028.5	3991.23
4022.25	2672.76	352	1.#QNAN	0	0.016	0	1.54474e-007	2878.84	4022.25	3985.12
4016.1	2668.62	353	1.#QNAN	0	0.016	0	1.52532e-007	2926.08	4016.1	3979.1
4009.94	2664.47	354	1.#QNAN	0	0	0	1.50845e-007	2881.41	4009.94	3973.07
4003.87	2660.38	355	1.#QNAN	0	0.015	0	1.56113e-007	2877.61	4003.87	3967.14
3997.87	2656.35	356	1.#QNAN	0	0.016	0	1.56731e-007	2887.46	3997.87	3961.27
3991.84	2652.33	357	1.#QNAN	0	0.015	0	1.54914e-007	2900.85	3991.84	3955.35
3985.85	2648.33	358	1.#QNAN	0	0.016	0	1.53252e-007	2884.19	3985.85	3949.49
3979.79	2644.28	359	1.#QNAN	0	0.016	1	1.56615e-007	2878.95	3979.79	3943.56
3973.86	2640.34	360	1.#QNAN	0	0	0	1.54658e-007	2866.29	3973.86	3937.75
3967.92	2636.4	361	1.#QNAN	0	0.015	0	1.56282e-007	2859.19	3967.92	3931.93
3962.01	2632.44	362	1.#QNAN	0	0.016	0	1.6274e-007	2848.4	3962.01	3926.15
3956.15	2628.48	363	1.#QNAN	0	0.015	0	1.56387e-007	2873.45	3956.15	3920.4
3950.35	2624.62	364	1.#QNAN	0	0.016	0	1.58383e-007	2858.48	3950.35	3914.72
3944.58	2620.77	365	1.#QNAN	0	0.016	0	1.57602e-007	2859.66	3944.58	3909.06
3938.83	2616.93	366	1.#QNAN	0	0.015	0	1.57045e-007	2822.55	3938.83	3903.43
3933.08	2613.12	367	1.#QNAN	0	0	0	1.57303e-007	2842.49	3933.08	3897.78
3927.37	2609.32	368	1.#QNAN	0	0.016	0	1.56808e-007	2836.28	3927.37	3892.19
3921.78	2605.6	369	1.#QNAN	0	0.015	0	1.57026e-007	2849.53	3921.78	3886.71
3916.19	2601.85	370	1.#QNAN	0	0.016	0	1.5977e-007	2832.36	3916.19	3881.24
3910.71	2598.11	371	1.#QNAN	0	0.016	0	1.61197e-007	2850.77	3910.71	3875.88
3905.2	2594.37	372	1.#QNAN	0	0.015	0	1.60447e-007	2835.86	3905.2	3870.48
3899.74	2590.69	373	1.#QNAN	0	0	0	1.57993e-007	2844.7	3899.74	3865.14
3894.29	2587.01	374	1.#QNAN	0	0.016	0	1.62107e-007	2863.14	3894.29	3859.8
3888.9	2583.39	375	1.#QNAN	0	0.015	0	1.57764e-007	2870.53	3888.9	3854.52
3883.44	2579.73	376	1.#QNAN	0	0.016	0	1.65104e-007	2832.68	3883.44	3849.17
3878.12	2576.13	377	1.#QNAN	0	0.016	0	1.58579e-007	2831.66	3878.12	3843.97
3872.72	2572.49	378	1.#QNAN	0	0.015	0	1.63178e-007	2850.8	3872.72	3838.68
3867.31	2568.82	379	1.#QNAN	0	0.016	0	1.58884e-007	2819.77	3867.31	3833.4
3862.08	2565.27	380	1.#QNAN	0	0	0	1.62346e-007	2864.47	3862.08	3828.28
3856.71	2561.66	381	1.#QNAN	0	0.015	0	1.61117e-007	2839.4	3856.71	3823.02
3851.46	2558.08	382	1.#QNAN	0	0.016	0	1.62924e-007	2791.96	3851.46	3817.88
3846.25	2554.51	383	1.#QNAN	0	0.016	0	1.64214e-007	2802.36	3846.25	3812.79
3841.09	2551.01	384	1.#QNAN	0	0.015	0	1.67206e-007	2813.36	3841.09	3807.75
3835.94	2547.49	385	1.#QNAN	0	0.016	0	1.66021e-007	2834.09	3835.94	3802.71
3830.8	2544	386	1.#QNAN	0	0	0	1.67805e-007	2775.94	3830.8	3797.68
3825.73	2540.55	387	1.#QNAN	0	0.015	0	1.67656e-007	2794.54	3825.73	3792.71
3820.71	2537.13	388	1.#QNAN	0	0.016	0	1.65536e-007	2804.04	3820.71	3787.8
3815.55	2533.68	389	1.#QNAN	0	0.016	0	1.69891e-007	2743.51	3815.55	3782.75
3810.49	2530.22	390	1.#QNAN	0	0.015	0	1.67858e-007	2780.25	3810.49	3777.8
3805.52	2526.81	391	1.#QNAN	0	0.016	0	1.71914e-007	2794.96	3805.52	3772.93
3800.5	2523.36	392	1.#QNAN	0	0	0	1.69466e-007	2777.47	3800.5	3768.02
3795.55	2519.97	393	1.#QNAN	0	0.015	0	1.62728e-007	2811.79	3795.55	3763.19
3790.6	2516.55	394	1.#QNAN	0	0.016	0	1.6452e-007	2789.66	3790.6	3758.34
3785.7	2513.2	395	1.#QNAN	0	0.016	0	1.6325e-007	2796.05	3785.7	3753.54
3780.83	2509.84	396	1.#QNAN	0	0.015	0	1.7102e-007	2785.58	3780.83	3748.77
3775.99	2506.54	397	1.#QNAN	0	0.016	0	1.70474e-007	2773.78	3775.99	3744.03
3771.13	2503.24	398	1.#QNAN	0	0.015	0	1.70901e-007	2771.36	3771.13	3739.28
3766.29	2499.96	399	1.#QNAN	0	0	0	1.70729e-007	2763.53	3766.29	3734.54
