rmse	mae	#iter	time_pred	time_learn	time_learn2	time_learn4	alpha	rmse_mcmc_this	rmse_mcmc_all	rmse_mcmc_all_but5
18765.7	12975.9	0	1.#QNAN	0	0.016	0	1.6022e-012	18765.7	18765.7	4115.63
17206	11833.5	1	1.#QNAN	0	0.016	0	3.24794e-011	17519	17206	4115.63
16790.9	11378.9	2	1.#QNAN	0	0.015	0	3.98958e-011	17059.9	16790.9	4115.63
16771.9	11283.4	3	1.#QNAN	0	0.016	0	4.44009e-011	17413.1	16771.9	4115.63
16821.2	11253.4	4	1.#QNAN	0	0.015	0	4.95458e-011	17558.8	16821.2	32670.1
16732.5	11153.8	5	1.#QNAN	0	0.016	0	5.41284e-011	17002.4	16732.5	17002.4
16761.6	11153.1	6	1.#QNAN	0	0.016	0	6.18563e-011	17486.3	16761.6	17037.7
16725.7	11111.1	7	1.#QNAN	0	0.015	0	6.54284e-011	17164.5	16725.7	16879.4
16658.7	11040.2	8	1.#QNAN	0	0	0	7.67747e-011	16719.1	16658.7	16717.4
16593.5	10966.6	9	1.#QNAN	0	0.016	0	7.98463e-011	16623	16593.5	16605.2
16542.8	10909.5	10	1.#QNAN	0	0.015	0	8.73289e-011	16638	16542.8	16534.1
16467.8	10840.1	11	1.#QNAN	0	0.016	0	9.76187e-011	16265.2	16467.8	16424
16419.4	10787.6	12	1.#QNAN	0	0.016	0	1.122e-010	16450.4	16419.4	16370.1
16339.9	10717	13	1.#QNAN	0	0.015	0	1.22628e-010	15965.6	16339.9	16262.5
16262.5	10658.7	14	1.#QNAN	0	0	0	1.33204e-010	15839.1	16262.5	16164.2
16213.8	10621.7	15	1.#QNAN	0	0.016	0	1.49534e-010	15904.4	16213.8	16106.7
16161.4	10579.5	16	1.#QNAN	0	0.015	0	1.66455e-010	15791.5	16161.4	16049.2
16100.4	10527	17	1.#QNAN	0	0.016	1	1.87345e-010	15539.2	16100.4	15979.1
16064.6	10511.5	18	1.#QNAN	0	0.016	0	2.07341e-010	15828.6	16064.6	15940
15982.1	10451.1	19	1.#QNAN	0	0.015	0	2.34381e-010	14921.5	15982.1	15842.1
15901.3	10393.4	20	1.#QNAN	0	0.016	0	2.58551e-010	14844.8	15901.3	15746.8
15829.7	10344.2	21	1.#QNAN	0	0.015	0	3.06423e-010	14857.4	15829.7	15665
15748.5	10292.6	22	1.#QNAN	0	0	0	3.30561e-010	14696.5	15748.5	15573.7
15634.9	10211	23	1.#QNAN	0	0.016	0	3.87993e-010	13869.6	15634.9	15443.7
15512.2	10130.5	24	1.#QNAN	0	0.016	0	4.5484e-010	13764.7	15512.2	15303.3
15384.7	10052.1	25	1.#QNAN	0	0.015	0	5.22416e-010	13681.4	15384.7	15157.1
15243.4	9961.29	26	1.#QNAN	0	0.016	0	6.2325e-010	13191.6	15243.4	14996
15098.5	9866.15	27	1.#QNAN	0	0.015	0	6.80487e-010	13012	15098.5	14833.7
14951.9	9768.99	28	1.#QNAN	0	0	0	7.57196e-010	12860.1	14951.9	14671.3
14779.9	9663.01	29	1.#QNAN	0	0.016	0	8.41748e-010	12062.2	14779.9	14480.2
14626.7	9564.41	30	1.#QNAN	0	0.016	0	1.01095e-009	12046.7	14626.7	14313.9
14482.7	9471.79	31	1.#QNAN	0	0.015	0	1.11328e-009	12070.6	14482.7	14159.6
14342	9385.04	32	1.#QNAN	0	0.016	0	1.25579e-009	12182.5	14342	14009.4
14183.2	9283.6	33	1.#QNAN	0	0.015	0	1.31395e-009	11601.7	14183.2	13839.5
14031.7	9187.18	34	1.#QNAN	0	0.016	0	1.46107e-009	11387.5	14031.7	13679.4
13878	9091.87	35	1.#QNAN	0	0	0	1.55234e-009	11155.3	13878	13517.2
13728.6	8994.71	36	1.#QNAN	0	0.016	0	1.77364e-009	11052.2	13728.6	13360.8
13572.4	8896.27	37	1.#QNAN	0	0.015	0	1.7462e-009	10514.9	13572.4	13197.4
13425.5	8802.15	38	1.#QNAN	0	0.016	0	1.86991e-009	10665.5	13425.5	13045.2
13276.8	8708.41	39	1.#QNAN	0	0.015	0	2.03309e-009	10337.2	13276.8	12891.6
13138.5	8620.65	40	1.#QNAN	0	0.016	0	2.09017e-009	10497.3	13138.5	12750.2
12988.5	8525.34	41	1.#QNAN	0	0.016	0	2.25141e-009	9841.35	12988.5	12596
12851.5	8440.57	42	1.#QNAN	0	0.015	0	2.42744e-009	10146.3	12851.5	12456.6
12717.5	8356.49	43	1.#QNAN	0	0	0	2.62373e-009	10005.7	12717.5	12320.9
12578.7	8269.45	44	1.#QNAN	0	0	0	2.72303e-009	9556	12578.7	12179.9
12453.4	8191.45	45	1.#QNAN	0	0.015	0	2.81043e-009	9718.73	12453.4	12054.2
12325.7	8113.01	46	1.#QNAN	0	0.016	0	2.83124e-009	9626.77	12325.7	11926
12200.1	8035.86	47	1.#QNAN	0	0.016	0	3.00324e-009	9390.53	12200.1	11800.6
12079.1	7962.21	48	1.#QNAN	0	0.015	0	3.16669e-009	9340.35	12079.1	11680.2
11969.2	7896.4	49	1.#QNAN	0	0.016	0	3.28173e-009	9516.7	11969.2	11572.2
11859.2	7830.75	50	1.#QNAN	0	0	0	3.33898e-009	9568.69	11859.2	11464.2
11755.1	7767.25	51	1.#QNAN	0	0.015	0	3.36655e-009	9468.1	11755.1	11362.6
11643.6	7701.96	52	1.#QNAN	0	0.016	0	3.48833e-009	9007.41	11643.6	11252.9
11541.8	7640.96	53	1.#QNAN	0	0.016	0	3.76841e-009	9161.95	11541.8	11153.7
11439.7	7581.17	54	1.#QNAN	0	0.015	0	3.94726e-009	8890.54	11439.7	11054.3
11343.8	7524.96	55	1.#QNAN	0	0.016	0	3.971e-009	8860.36	11343.8	10961.4
11242.8	7465.07	56	1.#QNAN	0	0	0	4.15706e-009	8653.18	11242.8	10862.8
11145	7407.16	57	1.#QNAN	0	0.015	0	4.38037e-009	8536.3	11145	10767.8
11049.9	7350.77	58	1.#QNAN	0	0.016	0	4.48668e-009	8367.52	11049.9	10675.4
10959.9	7296.97	59	1.#QNAN	0	0.016	0	4.5947e-009	8405.94	10959.9	10588.3
10870	7243.25	60	1.#QNAN	0	0.015	0	4.84489e-009	8216.04	10870	10501.3
10784.3	7192.08	61	1.#QNAN	0	0.016	0	5.06663e-009	8228.2	10784.3	10418.9
10699.6	7140.84	62	1.#QNAN	0	0.015	0	5.10431e-009	8258.53	10699.6	10337.4
10617.3	7090.75	63	1.#QNAN	0	0.016	0	5.29747e-009	8260.44	10617.3	10258.6
10536.3	7041.75	64	1.#QNAN	0	0	0	5.2913e-009	8121.24	10536.3	10180.9
10459.6	6994.72	65	1.#QNAN	0	0.016	0	5.67783e-009	8138.15	10459.6	10107.7
10382.6	6947.03	66	1.#QNAN	0	0.015	0	5.54054e-009	7924.46	10382.6	10034
10305.9	6900.03	67	1.#QNAN	0	0.016	0	5.82182e-009	7868.45	10305.9	9960.66
10234.8	6857.03	68	1.#QNAN	0	0.015	0	6.07849e-009	8106.32	10234.8	9893.11
10162.8	6813.51	69	1.#QNAN	0	0.016	0	6.13462e-009	7936.87	10162.8	9824.52
10093.2	6770.16	70	1.#QNAN	0	0	0	6.54351e-009	7708.92	10093.2	9758.42
10024.3	6727.42	71	1.#QNAN	0	0.016	0	6.41744e-009	7804.16	10024.3	9692.99
9956.37	6684.22	72	1.#QNAN	0	0.015	0	6.75101e-009	7573	9956.37	9628.33
9890.99	6643.23	73	1.#QNAN	0	0.016	0	6.69723e-009	7676.04	9890.99	9566.38
9824.9	6602.31	74	1.#QNAN	0	0.015	0	7.27323e-009	7605.42	9824.9	9503.75
9760.91	6561.67	75	1.#QNAN	0	0.016	0	7.33981e-009	7508.45	9760.91	9443.09
9696.58	6521.04	76	1.#QNAN	0	0.016	0	7.89835e-009	7461	9696.58	9382.09
9634.73	6482.18	77	1.#QNAN	0	0.015	0	7.85326e-009	7430.22	9634.73	9323.48
9573.92	6443.39	78	1.#QNAN	0	0	0	8.12975e-009	7248.14	9573.92	9265.95
9516.38	6407.16	79	1.#QNAN	0	0.016	0	8.05034e-009	7512.83	9516.38	9211.95
9458.79	6370.2	80	1.#QNAN	0	0.015	0	8.92029e-009	7238.05	9458.79	9157.61
9402.11	6333.59	81	1.#QNAN	0	0.016	0	8.80998e-009	7135.77	9402.11	9104.12
9345.4	6297.18	82	1.#QNAN	0	0.016	0	8.79827e-009	7073.25	9345.4	9050.52
9291.91	6263.01	83	1.#QNAN	0	0.015	0	9.4263e-009	7096.76	9291.91	9000.22
9237.29	6227.57	84	1.#QNAN	0	0.016	0	9.94297e-009	6989.1	9237.29	8948.67
9183.87	6192.77	85	1.#QNAN	0	0	0	9.76535e-009	7111.95	9183.87	8898.4
9131.24	6157.91	86	1.#QNAN	0	0.015	0	1.04995e-008	7000.31	9131.24	8848.76
9079.39	6124.72	87	1.#QNAN	0	0.016	0	1.05816e-008	6972.33	9079.39	8799.91
9028.36	6091.01	88	1.#QNAN	0	0.016	0	1.08425e-008	6777.79	9028.36	8751.78
8977.02	6057.57	89	1.#QNAN	0	0.015	0	1.1554e-008	6642.08	8977.02	8703.19
8928.26	6026.02	90	1.#QNAN	0	0.016	0	1.15508e-008	6655.73	8928.26	8657.26
8878.88	5993.6	91	1.#QNAN	0	0.015	1	1.20644e-008	6608.06	8878.88	8610.57
8831.57	5962.08	92	1.#QNAN	0	0	0	1.25119e-008	6528.28	8831.57	8565.94
8783.76	5930.76	93	1.#QNAN	0	0.016	0	1.23206e-008	6425.49	8783.76	8520.81
8737.48	5900.58	94	1.#QNAN	0	0.016	0	1.318e-008	6458.83	8737.48	8477.18
8693.08	5871.49	95	1.#QNAN	0	0.015	0	1.33377e-008	6324.28	8693.08	8435.31
8648.06	5841.68	96	1.#QNAN	0	0.016	0	1.37231e-008	6262.88	8648.06	8392.8
8604.18	5812.33	97	1.#QNAN	0	0.015	0	1.39217e-008	6291.19	8604.18	8351.48
8560.66	5783.46	98	1.#QNAN	0	0	0	1.40354e-008	6270.4	8560.66	8310.5
8517.79	5755.07	99	1.#QNAN	0	0.016	0	1.38139e-008	6263.89	8517.79	8270.11
8475.16	5726.87	100	1.#QNAN	0	0.016	0	1.46842e-008	6222.3	8475.16	8229.93
8434.72	5699.41	101	1.#QNAN	0	0.015	0	1.53121e-008	6313.87	8434.72	8191.99
8395.1	5672.56	102	1.#QNAN	0	0.016	0	1.59301e-008	6173.67	8395.1	8154.82
8356.38	5646.34	103	1.#QNAN	0	0.015	0	1.63603e-008	6184.31	8356.38	8118.53
8316.99	5619.64	104	1.#QNAN	0	0.016	0	1.66713e-008	6032.46	8316.99	8081.49
8279.1	5593.69	105	1.#QNAN	0	0	0	1.6247e-008	6043.5	8279.1	8045.95
8241.27	5567.44	106	1.#QNAN	0	0.016	0	1.74548e-008	5942.38	8241.27	8010.34
8204.05	5542.03	107	1.#QNAN	0	0.015	0	1.77178e-008	6032.61	8204.05	7975.4
8167.02	5516.53	108	1.#QNAN	0	0.016	0	1.78931e-008	6036.79	8167.02	7940.58
8130.68	5491.22	109	1.#QNAN	0	0.015	0	1.80581e-008	5980.89	8130.68	7906.48
8093.97	5466	110	1.#QNAN	0	0.016	0	1.90838e-008	5920.82	8093.97	7871.97
8058.45	5441.14	111	1.#QNAN	0	0.016	0	1.89372e-008	5881.07	8058.45	7838.62
8022.1	5415.95	112	1.#QNAN	0	0	0	1.94729e-008	5798.55	8022.1	7804.39
7985.83	5390.88	113	1.#QNAN	0	0.015	0	2.03174e-008	5708.45	7985.83	7770.14
7949.84	5365.85	114	1.#QNAN	0	0.016	0	2.07631e-008	5629.13	7949.84	7736.14
7915.68	5341.95	115	1.#QNAN	0	0.015	0	2.17598e-008	5608.62	7915.68	7703.93
7882.32	5318.39	116	1.#QNAN	0	0.016	0	2.23501e-008	5639.83	7882.32	7672.52
7848.77	5294.88	117	1.#QNAN	0	0.016	0	2.28038e-008	5592.19	7848.77	7640.85
7815.19	5271.45	118	1.#QNAN	0	0.015	0	2.3678e-008	5484.41	7815.19	7609.16
7781.69	5248.05	119	1.#QNAN	0	0	0	2.3316e-008	5461.87	7781.69	7577.51
7749.45	5225.38	120	1.#QNAN	0	0.016	0	2.44658e-008	5547.54	7749.45	7547.14
7717.25	5202.61	121	1.#QNAN	0	0.015	0	2.49377e-008	5470.54	7717.25	7516.76
7685.6	5180.34	122	1.#QNAN	0	0.016	0	2.48656e-008	5389.03	7685.6	7486.87
7654.65	5158.66	123	1.#QNAN	0	0.016	0	2.63812e-008	5434.2	7654.65	7457.72
7624.14	5137.31	124	1.#QNAN	0	0.015	0	2.64424e-008	5505.64	7624.14	7428.97
7593.73	5116.05	125	1.#QNAN	0	0.016	0	2.61325e-008	5457.39	7593.73	7400.33
7563.82	5095.07	126	1.#QNAN	0	0	0	2.6909e-008	5417.81	7563.82	7372.12
7533.92	5074.17	127	1.#QNAN	0	0.015	0	2.85806e-008	5356.19	7533.92	7343.91
7504.57	5053.25	128	1.#QNAN	0	0.016	0	2.75342e-008	5237.21	7504.57	7316.19
7475.47	5032.72	129	1.#QNAN	0	0.016	0	2.90988e-008	5227.94	7475.47	7288.7
7446.48	5012.05	130	1.#QNAN	0	0.015	0	2.88146e-008	5200.68	7446.48	7261.3
7417.83	4991.46	131	1.#QNAN	0	0.016	0	2.94344e-008	5165.02	7417.83	7234.2
7389.63	4971.37	132	1.#QNAN	0	0.015	0	3.09633e-008	5220.13	7389.63	7207.57
7362.12	4951.54	133	1.#QNAN	0	0	0	3.10048e-008	5243.6	7362.12	7181.64
7335.02	4931.87	134	1.#QNAN	0	0.016	0	3.05757e-008	5180.61	7335.02	7156.06
7308.03	4912.98	135	1.#QNAN	0	0.016	0	3.09993e-008	5174.08	7308.03	7130.55
7281.68	4894.22	136	1.#QNAN	0	0.015	0	3.16705e-008	5180.73	7281.68	7105.69
7255.61	4875.74	137	1.#QNAN	0	0.016	0	3.22411e-008	5124.23	7255.61	7081.07
7229.53	4856.86	138	1.#QNAN	0	0.015	0	3.37075e-008	5114.71	7229.53	7056.42
7204.39	4838.63	139	1.#QNAN	0	0.016	0	3.22491e-008	5171.64	7204.39	7032.71
7178.86	4820.36	140	1.#QNAN	0	0	0	3.37769e-008	5038.29	7178.86	7008.6
7153.96	4802.26	141	1.#QNAN	0	0	0	3.49877e-008	5080.27	7153.96	6985.07
7129.66	4784.76	142	1.#QNAN	0	0.015	0	3.59943e-008	5136.58	7129.66	6962.22
7104.97	4767.04	143	1.#QNAN	0	0.016	0	3.50482e-008	5024.27	7104.97	6938.88
7080.92	4749.65	144	1.#QNAN	0	0.015	0	3.49466e-008	5001.1	7080.92	6916.18
7056.32	4731.87	145	1.#QNAN	0	0.016	0	3.76247e-008	4910.9	7056.32	6892.87
7032.38	4714.42	146	1.#QNAN	0	0.016	0	3.70106e-008	4986.86	7032.38	6870.27
7008.37	4697.07	147	1.#QNAN	0	0.015	0	3.59781e-008	4917.75	7008.37	6847.53
6983.86	4679.42	148	1.#QNAN	0	0	0	3.76528e-008	4770.8	6983.86	6824.24
6959.72	4662.27	149	1.#QNAN	0	0.016	0	3.83806e-008	4782.06	6959.72	6801.33
6936	4645.3	150	1.#QNAN	0	0.015	0	4.0066e-008	4769.19	6936	6778.8
6912.71	4628.43	151	1.#QNAN	0	0.016	0	4.06631e-008	4819.38	6912.71	6756.7
6889.31	4611.66	152	1.#QNAN	0	0.016	0	4.14437e-008	4726.48	6889.31	6734.47
6866.45	4595.11	153	1.#QNAN	0	0.015	0	4.21222e-008	4707.14	6866.45	6712.75
6843.4	4578.65	154	1.#QNAN	0	0.016	0	4.20654e-008	4627.87	6843.4	6690.81
6820.19	4562.17	155	1.#QNAN	0	0	0	4.22916e-008	4635.06	6820.19	6668.68
6797.99	4546.14	156	1.#QNAN	0	0.015	0	4.42772e-008	4694.67	6797.99	6647.6
6776.1	4530.35	157	1.#QNAN	0	0.016	0	4.36551e-008	4754.05	6776.1	6626.84
6754.47	4514.79	158	1.#QNAN	0	0.016	0	4.62651e-008	4703.36	6754.47	6606.3
6732.64	4499.15	159	1.#QNAN	0	0.015	0	4.63334e-008	4674.25	6732.64	6585.55
6711.43	4483.92	160	1.#QNAN	0	0.016	0	4.65618e-008	4693.28	6711.43	6565.43
6690.11	4468.63	161	1.#QNAN	0	0	0	4.73825e-008	4663.53	6690.11	6545.18
6668.87	4453.63	162	1.#QNAN	0	0.015	0	4.5676e-008	4625.48	6668.87	6525.01
6647.87	4438.9	163	1.#QNAN	0	0.016	0	4.67851e-008	4575.9	6647.87	6505.04
6626.88	4423.93	164	1.#QNAN	0	0.016	0	4.7715e-008	4597.15	6626.88	6485.09
6606.41	4409.45	165	1.#QNAN	0	0.015	0	4.8646e-008	4598.57	6606.41	6465.62
6585.42	4394.55	166	1.#QNAN	0	0.016	1	5.04918e-008	4503.1	6585.42	6445.61
6564.83	4380.05	167	1.#QNAN	0	0.015	0	5.13554e-008	4507.82	6564.83	6426
6544.34	4365.6	168	1.#QNAN	0	0	0	5.08145e-008	4497.38	6544.34	6406.47
6524.23	4351.35	169	1.#QNAN	0	0.016	0	5.29086e-008	4494.96	6524.23	6387.34
6504.42	4337.18	170	1.#QNAN	0	0.016	0	5.25182e-008	4528.44	6504.42	6368.51
6484.62	4323.14	171	1.#QNAN	0	0.015	0	5.2247e-008	4456.88	6484.62	6349.65
6465.14	4309.21	172	1.#QNAN	0	0.016	0	5.34636e-008	4486.47	6465.14	6331.14
6446.05	4295.52	173	1.#QNAN	0	0.015	0	5.64009e-008	4515.64	6446.05	6313.01
6427.03	4282.03	174	1.#QNAN	0	0	0	5.6799e-008	4471.97	6427.03	6294.95
6408.38	4268.69	175	1.#QNAN	0	0.016	0	5.48598e-008	4454.17	6408.38	6277.23
6389.69	4255.28	176	1.#QNAN	0	0.016	0	5.79729e-008	4428.45	6389.69	6259.46
6371.07	4241.83	177	1.#QNAN	0	0.015	0	5.7904e-008	4448.09	6371.07	6241.75
6353.01	4228.88	178	1.#QNAN	0	0.016	0	5.73663e-008	4480.62	6353.01	6224.58
6334.7	4215.79	179	1.#QNAN	0	0.015	0	5.99628e-008	4409.9	6334.7	6207.16
6316.37	4202.69	180	1.#QNAN	0	0.016	0	6.11671e-008	4336.72	6316.37	6189.71
6297.99	4189.53	181	1.#QNAN	0	0	0	6.09547e-008	4304.95	6297.99	6172.22
6280.31	4176.7	182	1.#QNAN	0	0.016	0	6.03793e-008	4327.77	6280.31	6155.39
6262.73	4163.96	183	1.#QNAN	0	0.015	0	6.04063e-008	4278.53	6262.73	6138.64
6245.24	4151.4	184	1.#QNAN	0	0.016	0	6.30159e-008	4301.17	6245.24	6121.99
6227.73	4138.8	185	1.#QNAN	0	0.015	0	6.33604e-008	4248.18	6227.73	6105.29
6209.98	4126.02	186	1.#QNAN	0	0.016	0	6.26587e-008	4253.47	6209.98	6088.36
6192.55	4113.34	187	1.#QNAN	0	0.016	0	6.60619e-008	4231.77	6192.55	6071.72
6175.2	4100.89	188	1.#QNAN	0	0.015	0	6.52408e-008	4192.13	6175.2	6055.17
6157.96	4088.55	189	1.#QNAN	0	0	0	6.48329e-008	4185.24	6157.96	6038.72
6140.85	4076.31	190	1.#QNAN	0	0.016	0	6.79538e-008	4200.75	6140.85	6022.41
6123.74	4064.07	191	1.#QNAN	0	0.015	0	6.4319e-008	4185.71	6123.74	6006.07
6106.86	4051.85	192	1.#QNAN	0	0.016	0	6.64217e-008	4161.69	6106.86	5989.94
6090.54	4040.01	193	1.#QNAN	0	0.016	0	6.73501e-008	4280.68	6090.54	5974.41
6074.43	4028.23	194	1.#QNAN	0	0.015	0	7.3294e-008	4289.31	6074.43	5959.09
6058.2	4016.52	195	1.#QNAN	0	0.016	0	7.04837e-008	4185.37	6058.2	5943.6
6042.11	4004.81	196	1.#QNAN	0	0.015	0	7.343e-008	4134.94	6042.11	5928.25
6026.5	3993.38	197	1.#QNAN	0	0	0	7.04232e-008	4171.98	6026.5	5913.38
6010.76	3981.88	198	1.#QNAN	0	0.016	0	6.98436e-008	4144.48	6010.76	5898.35
5995.15	3970.48	199	1.#QNAN	0	0.016	0	7.41092e-008	4152.36	5995.15	5883.44
5979.63	3959.11	200	1.#QNAN	0	0.015	0	7.62309e-008	4066.66	5979.63	5868.61
5964.47	3948.13	201	1.#QNAN	0	0.016	0	7.16323e-008	4113.13	5964.47	5854.14
5949.22	3937.06	202	1.#QNAN	0	0.015	0	7.31137e-008	4124.37	5949.22	5839.57
5934.17	3926.08	203	1.#QNAN	0	0	0	7.55452e-008	4133.53	5934.17	5825.21
5919.29	3915.2	204	1.#QNAN	0	0.016	0	7.64371e-008	4123.36	5919.29	5811.02
5904.47	3904.37	205	1.#QNAN	0	0.016	0	7.78647e-008	4085.55	5904.47	5796.87
5889.73	3893.66	206	1.#QNAN	0	0.015	0	7.59341e-008	4088.5	5889.73	5782.78
5875.2	3883.07	207	1.#QNAN	0	0.016	0	7.79957e-008	4123.66	5875.2	5768.92
5860.84	3872.59	208	1.#QNAN	0	0.015	0	7.92754e-008	4042.39	5860.84	5755.21
5846.4	3861.97	209	1.#QNAN	0	0.016	0	7.95916e-008	4060.46	5846.4	5741.41
5832.3	3851.5	210	1.#QNAN	0	0	0	8.24828e-008	4103.24	5832.3	5727.96
5818.11	3841.06	211	1.#QNAN	0	0.016	0	8.1541e-008	4039.34	5818.11	5714.4
5804.39	3830.91	212	1.#QNAN	0	0.015	0	8.23188e-008	4093.29	5804.39	5701.32
5790.73	3820.88	213	1.#QNAN	0	0.016	0	8.24611e-008	4070.29	5790.73	5688.29
5777.19	3810.91	214	1.#QNAN	0	0.015	0	8.74337e-008	4073.99	5777.19	5675.39
5763.71	3800.91	215	1.#QNAN	0	0.016	0	8.56662e-008	4027.02	5763.71	5662.53
5750.11	3790.84	216	1.#QNAN	0	0.016	0	8.59185e-008	3978.79	5750.11	5649.53
5736.81	3781.2	217	1.#QNAN	0	0	0	8.44733e-008	3995.77	5736.81	5636.85
5723.63	3771.76	218	1.#QNAN	0	0.015	0	8.98972e-008	3956.16	5723.63	5624.26
5710.58	3762.23	219	1.#QNAN	0	0.016	0	8.63947e-008	3968.85	5710.58	5611.78
5697.7	3752.75	220	1.#QNAN	0	0.015	0	9.24707e-008	3965.31	5697.7	5599.49
5684.75	3743.32	221	1.#QNAN	0	0.016	0	8.85082e-008	3961.05	5684.75	5587.11
5671.82	3733.77	222	1.#QNAN	0	0.016	0	9.11675e-008	3972.74	5671.82	5574.76
5658.87	3724.35	223	1.#QNAN	0	0	0	8.9565e-008	3909.16	5658.87	5562.38
5646.05	3715.02	224	1.#QNAN	0	0.015	0	8.98803e-008	3904.98	5646.05	5550.1
5633.26	3705.81	225	1.#QNAN	0	0.016	0	9.15899e-008	3864.09	5633.26	5537.87
5620.62	3696.72	226	1.#QNAN	0	0.015	0	9.17541e-008	3892.2	5620.62	5525.78
5608.43	3687.76	227	1.#QNAN	0	0.016	0	9.55395e-008	3895.16	5608.43	5514.13
5595.86	3678.74	228	1.#QNAN	0	0.016	0	9.3326e-008	3840.03	5595.86	5502.08
5583.62	3669.81	229	1.#QNAN	0	0	0	9.43035e-008	3875.46	5583.62	5490.37
5571.22	3660.74	230	1.#QNAN	0	0.015	0	9.7878e-008	3850.82	5571.22	5478.48
5559.06	3651.84	231	1.#QNAN	0	0.016	0	9.71218e-008	3831.98	5559.06	5466.84
5546.95	3643.05	232	1.#QNAN	0	0.015	0	9.78542e-008	3827.61	5546.95	5455.23
5534.74	3634.3	233	1.#QNAN	0	0.016	0	9.75043e-008	3822	5534.74	5443.53
5522.66	3625.61	234	1.#QNAN	0	0.016	0	9.84833e-008	3797.37	5522.66	5431.95
5510.68	3616.98	235	1.#QNAN	0	0.015	0	9.70583e-008	3814.88	5510.68	5420.48
5498.58	3608.35	236	1.#QNAN	0	0	0	1.00928e-007	3738.79	5498.58	5408.86
5486.72	3599.8	237	1.#QNAN	0	0.016	0	1.06147e-007	3790.5	5486.72	5397.48
5475.05	3591.37	238	1.#QNAN	0	0.015	0	1.01548e-007	3780.3	5475.05	5386.3
5463.44	3583.02	239	1.#QNAN	0	0.016	0	1.04411e-007	3818.55	5463.44	5375.17
5452.09	3574.86	240	1.#QNAN	0	0.016	0	1.05067e-007	3785.07	5452.09	5364.29
5440.87	3566.7	241	1.#QNAN	0	0.015	1	1.01281e-007	3824.61	5440.87	5353.55
5429.8	3558.62	242	1.#QNAN	0	0	0	1.06959e-007	3816.06	5429.8	5342.95
5418.57	3550.62	243	1.#QNAN	0	0.016	0	1.03781e-007	3718.26	5418.57	5332.17
5407.29	3542.6	244	1.#QNAN	0	0.015	0	1.06536e-007	3723.41	5407.29	5321.35
5396.33	3534.78	245	1.#QNAN	0	0.016	0	1.04799e-007	3748.28	5396.33	5310.84
5385.39	3527.07	246	1.#QNAN	0	0.016	0	1.05376e-007	3766.06	5385.39	5300.35
5374.52	3519.32	247	1.#QNAN	0	0.015	0	1.0489e-007	3782.5	5374.52	5289.93
5363.99	3511.66	248	1.#QNAN	0	0.016	0	1.08719e-007	3826.58	5363.99	5279.85
5353.39	3504.11	249	1.#QNAN	0	0	0	1.05791e-007	3842.37	5353.39	5269.7
5342.82	3496.55	250	1.#QNAN	0	0.015	0	1.10533e-007	3779.7	5342.82	5259.59
5332.45	3489.11	251	1.#QNAN	0	0.016	0	1.09842e-007	3770.41	5332.45	5249.65
5322.06	3481.57	252	1.#QNAN	0	0.016	0	1.12145e-007	3739.55	5322.06	5239.71
5311.6	3474.19	253	1.#QNAN	0	0.015	0	1.12643e-007	3713.14	5311.6	5229.67
5301.02	3466.76	254	1.#QNAN	0	0.016	0	1.11234e-007	3672.51	5301.02	5219.53
5290.49	3459.36	255	1.#QNAN	0	0.015	0	1.15301e-007	3670.16	5290.49	5209.42
5280.06	3452	256	1.#QNAN	0	0	0	1.16035e-007	3682.73	5280.06	5199.41
5269.85	3444.67	257	1.#QNAN	0	0.016	0	1.12497e-007	3700.7	5269.85	5189.62
5259.8	3437.4	258	1.#QNAN	0	0.016	0	1.1612e-007	3741.37	5259.8	5180.01
5249.69	3430.14	259	1.#QNAN	0	0.015	0	1.17834e-007	3698.96	5249.69	5170.33
5239.99	3423.11	260	1.#QNAN	0	0.016	0	1.21415e-007	3742.01	5239.99	5161.05
5230.24	3416.12	261	1.#QNAN	0	0.015	0	1.18592e-007	3696.7	5230.24	5151.7
5220.38	3409.07	262	1.#QNAN	0	0.016	0	1.17734e-007	3674.74	5220.38	5142.26
5210.69	3402.04	263	1.#QNAN	0	0	0	1.19738e-007	3686.53	5210.69	5132.98
5200.96	3395.04	264	1.#QNAN	0	0.016	0	1.14972e-007	3658.98	5200.96	5123.64
5191.43	3388.12	265	1.#QNAN	0	0.015	0	1.25006e-007	3703.43	5191.43	5114.52
5181.93	3381.12	266	1.#QNAN	0	0.016	0	1.2161e-007	3665.87	5181.93	5105.42
5172.33	3374.2	267	1.#QNAN	0	0.015	0	1.27288e-007	3582.97	5172.33	5096.2
5162.81	3367.21	268	1.#QNAN	0	0.016	0	1.197e-007	3644.24	5162.81	5087.08
5153.32	3360.31	269	1.#QNAN	0	0.016	0	1.18619e-007	3626.13	5153.32	5077.98
5143.69	3353.37	270	1.#QNAN	0	0	0	1.1934e-007	3569.33	5143.69	5068.74
5134.26	3346.58	271	1.#QNAN	0	0.015	0	1.25314e-007	3550.11	5134.26	5059.67
5124.79	3339.82	272	1.#QNAN	0	0.016	0	1.26195e-007	3487.68	5124.79	5050.55
5115.3	3333.07	273	1.#QNAN	0	0.015	0	1.21919e-007	3499.92	5115.3	5041.42
5105.85	3326.32	274	1.#QNAN	0	0.016	0	1.2558e-007	3496.9	5105.85	5032.34
5096.38	3319.67	275	1.#QNAN	0	0.016	0	1.23686e-007	3486.7	5096.38	5023.2
5087.01	3313.05	276	1.#QNAN	0	0.015	0	1.29987e-007	3483.89	5087.01	5014.19
5077.62	3306.42	277	1.#QNAN	0	0.016	0	1.27977e-007	3459.18	5077.62	5005.14
5068.44	3299.85	278	1.#QNAN	0	0.015	0	1.23181e-007	3505.01	5068.44	4996.31
5059.44	3293.37	279	1.#QNAN	0	0	0	1.26566e-007	3504.67	5059.44	4987.66
5050.45	3286.95	280	1.#QNAN	0	0.016	0	1.28576e-007	3509.66	5050.45	4979.02
5041.56	3280.65	281	1.#QNAN	0	0.016	0	1.2128e-007	3470.99	5041.56	4970.46
5032.66	3274.34	282	1.#QNAN	0	0.015	0	1.3466e-007	3470.7	5032.66	4961.89
5023.89	3268.05	283	1.#QNAN	0	0.016	0	1.3299e-007	3470.46	5023.89	4953.45
5015.18	3261.88	284	1.#QNAN	0	0.015	0	1.35697e-007	3492.7	5015.18	4945.08
5006.41	3255.71	285	1.#QNAN	0	0.016	0	1.3012e-007	3500.23	5006.41	4936.63
4997.55	3249.5	286	1.#QNAN	0	0.016	0	1.36224e-007	3423.9	4997.55	4928.09
4988.99	3243.4	287	1.#QNAN	0	0	0	1.38626e-007	3507.25	4988.99	4919.84
4980.25	3237.29	288	1.#QNAN	0	0.015	0	1.33458e-007	3435.47	4980.25	4911.44
4971.68	3231.35	289	1.#QNAN	0	0.016	0	1.34059e-007	3469.85	4971.68	4903.18
4963.16	3225.46	290	1.#QNAN	0	0.015	0	1.38349e-007	3480.24	4963.16	4894.98
4954.66	3219.59	291	1.#QNAN	0	0.016	0	1.39096e-007	3445.91	4954.66	4886.78
4946.21	3213.78	292	1.#QNAN	0	0.016	0	1.331e-007	3446.86	4946.21	4878.64
4937.88	3208.03	293	1.#QNAN	0	0.015	0	1.37132e-007	3473.78	4937.88	4870.6
4929.55	3202.26	294	1.#QNAN	0	0	0	1.38758e-007	3456.6	4929.55	4862.58
4921.31	3196.57	295	1.#QNAN	0	0.016	0	1.40571e-007	3438.17	4921.31	4854.64
4913.02	3190.9	296	1.#QNAN	0	0.015	0	1.35857e-007	3434.1	4913.02	4846.64
4904.7	3185.19	297	1.#QNAN	0	0.016	0	1.45269e-007	3421.29	4904.7	4838.62
4896.78	3179.62	298	1.#QNAN	0	0.016	0	1.44904e-007	3489.32	4896.78	4830.99
4888.76	3174	299	1.#QNAN	0	0.015	0	1.39288e-007	3416.57	4888.76	4823.27
4880.84	3168.48	300	1.#QNAN	0	0.016	0	1.41439e-007	3462.81	4880.84	4815.64
4872.82	3162.92	301	1.#QNAN	0	0	0	1.47611e-007	3387.27	4872.82	4807.91
4864.91	3157.47	302	1.#QNAN	0	0.015	0	1.40287e-007	3424.62	4864.91	4800.29
4856.96	3151.97	303	1.#QNAN	0	0.016	0	1.51511e-007	3398.88	4856.96	4792.62
4849.03	3146.48	304	1.#QNAN	0	0.016	0	1.43331e-007	3400.45	4849.03	4784.98
4841.22	3140.99	305	1.#QNAN	0	0.015	0	1.41975e-007	3414.35	4841.22	4777.45
4833.37	3135.59	306	1.#QNAN	0	0.016	0	1.47295e-007	3406.78	4833.37	4769.89
4825.6	3130.24	307	1.#QNAN	0	0	0	1.53203e-007	3418.49	4825.6	4762.39
4817.93	3124.94	308	1.#QNAN	0	0.015	0	1.47765e-007	3383.82	4817.93	4755
4810.27	3119.71	309	1.#QNAN	0	0.016	0	1.43139e-007	3356.83	4810.27	4747.61
4802.6	3114.5	310	1.#QNAN	0	0.016	0	1.48976e-007	3367.46	4802.6	4740.21
4795.08	3109.35	311	1.#QNAN	0	0.015	0	1.46808e-007	3376.94	4795.08	4732.96
4787.44	3104.15	312	1.#QNAN	0	0.016	0	1.53082e-007	3352.34	4787.44	4725.59
4779.78	3098.89	313	1.#QNAN	0	0.015	0	1.47876e-007	3340.64	4779.78	4718.21
4772.36	3093.78	314	1.#QNAN	0	0.016	0	1.50582e-007	3380.49	4772.36	4711.05
4764.76	3088.63	315	1.#QNAN	0	0	0	1.52114e-007	3318.53	4764.76	4703.71
4757.23	3083.43	316	1.#QNAN	0	0.016	1	1.61545e-007	3329.11	4757.23	4696.43
4749.79	3078.32	317	1.#QNAN	0	0.015	0	1.49189e-007	3367.59	4749.79	4689.25
4742.46	3073.21	318	1.#QNAN	0	0.016	0	1.55266e-007	3355.37	4742.46	4682.19
4735.04	3068.07	319	1.#QNAN	0	0.015	0	1.58794e-007	3328.73	4735.04	4675.02
4727.63	3062.9	320	1.#QNAN	0	0.016	0	1.53478e-007	3355.42	4727.63	4667.87
4720.46	3057.82	321	1.#QNAN	0	0.016	0	1.52975e-007	3387.2	4720.46	4660.95
4713.22	3052.76	322	1.#QNAN	0	0	0	1.52063e-007	3373.98	4713.22	4653.98
4705.97	3047.67	323	1.#QNAN	0	0	0	1.56004e-007	3355.96	4705.97	4646.98
4698.66	3042.6	324	1.#QNAN	0	0.016	0	1.56287e-007	3310.1	4698.66	4639.91
4691.41	3037.57	325	1.#QNAN	0	0.015	0	1.60654e-007	3312.1	4691.41	4632.91
4684.21	3032.58	326	1.#QNAN	0	0.016	0	1.65373e-007	3280.84	4684.21	4625.95
4677.03	3027.6	327	1.#QNAN	0	0.016	0	1.60934e-007	3276.92	4677.03	4619.01
4669.93	3022.65	328	1.#QNAN	0	0.015	0	1.61071e-007	3307.88	4669.93	4612.15
4662.86	3017.73	329	1.#QNAN	0	0.016	0	1.62271e-007	3285.85	4662.86	4605.32
4655.8	3012.83	330	1.#QNAN	0	0	0	1.5862e-007	3278.25	4655.8	4598.5
4648.71	3007.87	331	1.#QNAN	0	0.015	0	1.67627e-007	3278.66	4648.71	4591.65
4641.74	3002.98	332	1.#QNAN	0	0.016	0	1.6795e-007	3305.14	4641.74	4584.92
4634.77	2998.14	333	1.#QNAN	0	0.016	0	1.66698e-007	3264.99	4634.77	4578.17
4627.85	2993.36	334	1.#QNAN	0	0.015	0	1.62449e-007	3267.83	4627.85	4571.48
4620.88	2988.56	335	1.#QNAN	0	0.016	0	1.64973e-007	3259.49	4620.88	4564.74
4614.11	2983.81	336	1.#QNAN	0	0	0	1.6697e-007	3315.49	4614.11	4558.2
4607.41	2979.1	337	1.#QNAN	0	0.015	0	1.63201e-007	3298.6	4607.41	4551.72
4600.59	2974.37	338	1.#QNAN	0	0.016	0	1.66798e-007	3244.53	4600.59	4545.13
4593.81	2969.66	339	1.#QNAN	0	0.016	0	1.63948e-007	3244.38	4593.81	4538.58
4587	2964.93	340	1.#QNAN	0	0.015	0	1.66922e-007	3284.04	4587	4531.98
4580.39	2960.26	341	1.#QNAN	0	0.016	0	1.66656e-007	3287.16	4580.39	4525.6
4573.92	2955.64	342	1.#QNAN	0	0.015	0	1.68671e-007	3305.88	4573.92	4519.34
4567.47	2951.11	343	1.#QNAN	0	0	0	1.69081e-007	3292.75	4567.47	4513.11
4561	2946.57	344	1.#QNAN	0	0.016	0	1.67266e-007	3294.5	4561	4506.85
4554.69	2942.09	345	1.#QNAN	0	0.016	0	1.70587e-007	3328.45	4554.69	4500.76
4548.42	2937.62	346	1.#QNAN	0	0.015	0	1.68616e-007	3333.16	4548.42	4494.71
4542.24	2933.21	347	1.#QNAN	0	0.016	0	1.67558e-007	3329.7	4542.24	4488.76
4536.1	2928.81	348	1.#QNAN	0	0.015	0	1.63784e-007	3330.5	4536.1	4482.84
4529.89	2924.41	349	1.#QNAN	0	0	0	1.69502e-007	3332.16	4529.89	4476.85
4523.79	2920.02	350	1.#QNAN	0	0	0	1.66394e-007	3339.7	4523.79	4470.97
4517.78	2915.67	351	1.#QNAN	0	0.016	0	1.64456e-007	3346.59	4517.78	4465.17
4511.7	2911.3	352	1.#QNAN	0	0.015	0	1.6481e-007	3325.6	4511.7	4459.31
4505.75	2906.99	353	1.#QNAN	0	0.016	0	1.77447e-007	3368.29	4505.75	4453.58
4499.9	2902.75	354	1.#QNAN	0	0.015	0	1.70489e-007	3372.27	4499.9	4447.93
4494.07	2898.52	355	1.#QNAN	0	0.016	0	1.75594e-007	3385.17	4494.07	4442.32
4488.24	2894.28	356	1.#QNAN	0	0	0	1.73528e-007	3371.78	4488.24	4436.7
4482.47	2890.08	357	1.#QNAN	0	0.016	0	1.62015e-007	3366.29	4482.47	4431.13
4476.62	2885.85	358	1.#QNAN	0	0.015	0	1.71446e-007	3332.3	4476.62	4425.5
4470.84	2881.69	359	1.#QNAN	0	0.016	0	1.74525e-007	3350.65	4470.84	4419.92
4465.15	2877.55	360	1.#QNAN	0	0.015	0	1.71606e-007	3342.77	4465.15	4414.43
4459.44	2873.42	361	1.#QNAN	0	0.016	0	1.73299e-007	3353.56	4459.44	4408.93
4453.66	2869.28	362	1.#QNAN	0	0.016	0	1.73429e-007	3325.79	4453.66	4403.35
4447.84	2865.16	363	1.#QNAN	0	0	0	1.72096e-007	3290.2	4447.84	4397.72
4442.21	2861.12	364	1.#QNAN	0	0.015	0	1.67951e-007	3362.38	4442.21	4392.29
4436.6	2857.09	365	1.#QNAN	0	0.016	0	1.78156e-007	3333.91	4436.6	4386.88
4430.96	2853.04	366	1.#QNAN	0	0.015	0	1.83298e-007	3318.7	4430.96	4381.44
4425.36	2849	367	1.#QNAN	0	0.016	0	1.71877e-007	3320.22	4425.36	4376.04
4419.78	2844.95	368	1.#QNAN	0	0.016	0	1.72585e-007	3352.65	4419.78	4370.67
4414.28	2841	369	1.#QNAN	0	0	0	1.7147e-007	3329.09	4414.28	4365.36
4408.83	2837.06	370	1.#QNAN	0	0.015	0	1.76415e-007	3343.06	4408.83	4360.1
4403.33	2833.09	371	1.#QNAN	0	0.016	0	1.74629e-007	3333.3	4403.33	4354.79
4397.84	2829.09	372	1.#QNAN	0	0.015	0	1.81024e-007	3309.16	4397.84	4349.49
4392.46	2825.12	373	1.#QNAN	0	0.016	0	1.76865e-007	3353.01	4392.46	4344.3
4387.02	2821.14	374	1.#QNAN	0	0.016	0	1.75197e-007	3320.41	4387.02	4339.05
4381.69	2817.23	375	1.#QNAN	0	0.015	0	1.75756e-007	3290.3	4381.69	4333.91
4376.4	2813.39	376	1.#QNAN	0	0.016	0	1.72873e-007	3315.08	4376.4	4328.82
4371.1	2809.53	377	1.#QNAN	0	0	0	1.7817e-007	3295.52	4371.1	4323.7
4365.83	2805.72	378	1.#QNAN	0	0.015	0	1.87599e-007	3309.54	4365.83	4318.62
4360.51	2801.94	379	1.#QNAN	0	0.016	0	1.79623e-007	3280.57	4360.51	4313.48
4355.18	2798.14	380	1.#QNAN	0	0.016	0	1.75132e-007	3289.4	4355.18	4308.33
4349.79	2794.29	381	1.#QNAN	0	0.015	0	1.86651e-007	3282.04	4349.79	4303.12
4344.6	2790.57	382	1.#QNAN	0	0.016	0	1.85649e-007	3301.87	4344.6	4298.1
4339.39	2786.83	383	1.#QNAN	0	0.015	0	1.88723e-007	3294.87	4339.39	4293.07
4334.2	2783.04	384	1.#QNAN	0	0	0	1.79263e-007	3302.06	4334.2	4288.06
4329.08	2779.29	385	1.#QNAN	0	0.016	0	1.83879e-007	3287.69	4329.08	4283.12
4324.02	2775.55	386	1.#QNAN	0	0.016	0	1.78457e-007	3331.83	4324.02	4278.24
4318.95	2771.82	387	1.#QNAN	0	0.015	0	1.84531e-007	3316.06	4318.95	4273.34
4313.89	2768.12	388	1.#QNAN	0	0.016	0	1.84185e-007	3301.19	4313.89	4268.45
4308.76	2764.42	389	1.#QNAN	0	0.015	0	1.89673e-007	3274.52	4308.76	4263.5
4303.68	2760.77	390	1.#QNAN	0	0	0	1.86348e-007	3288.56	4303.68	4258.6
4298.66	2757.18	391	1.#QNAN	0	0.016	1	1.83916e-007	3271.5	4298.66	4253.75
4293.71	2753.62	392	1.#QNAN	0	0.016	0	1.83391e-007	3270.43	4293.71	4248.95
4288.83	2750.13	393	1.#QNAN	0	0.015	0	1.85513e-007	3255.44	4288.83	4244.24
4284.07	2746.65	394	1.#QNAN	0	0.016	0	1.91923e-007	3284.7	4284.07	4239.64
4279.27	2743.24	395	1.#QNAN	0	0.015	0	1.8697e-007	3299.37	4279.27	4235.02
4274.4	2739.75	396	1.#QNAN	0	0.016	0	1.90964e-007	3280.49	4274.4	4230.32
4269.65	2736.3	397	1.#QNAN	0	0	0	1.81304e-007	3293.08	4269.65	4225.73
4264.92	2732.9	398	1.#QNAN	0	0.016	0	1.92858e-007	3292.66	4264.92	4221.17
4260.15	2729.48	399	1.#QNAN	0	0.015	0	1.93517e-007	3259.97	4260.15	4216.57
4255.44	2726.08	400	1.#QNAN	0	0.016	0	1.95032e-007	3276.66	4255.44	4212.02
4250.75	2722.69	401	1.#QNAN	0	0.015	0	1.91796e-007	3262.39	4250.75	4207.49
4246.19	2719.36	402	1.#QNAN	0	0.016	0	1.97545e-007	3327.61	4246.19	4203.09
4241.6	2715.99	403	1.#QNAN	0	0	0	1.89883e-007	3301.87	4241.6	4198.67
4237.06	2712.69	404	1.#QNAN	0	0.016	0	1.96647e-007	3280.34	4237.06	4194.29
4232.43	2709.38	405	1.#QNAN	0	0.015	0	1.88849e-007	3265.74	4232.43	4189.82
4227.92	2706.11	406	1.#QNAN	0	0.016	0	1.85497e-007	3291.55	4227.92	4185.47
4223.41	2702.83	407	1.#QNAN	0	0.015	0	1.96685e-007	3267.11	4223.41	4181.12
4218.86	2699.58	408	1.#QNAN	0	0.016	0	1.87073e-007	3246.48	4218.86	4176.72
4214.27	2696.29	409	1.#QNAN	0	0.016	0	1.87781e-007	3229.89	4214.27	4172.29
4209.8	2693.07	410	1.#QNAN	0	0	0	1.92546e-007	3246.28	4209.8	4167.98
4205.4	2689.85	411	1.#QNAN	0	0.015	0	1.94747e-007	3255.32	4205.4	4163.73
4201.04	2686.66	412	1.#QNAN	0	0.016	0	1.95084e-007	3267.11	4201.04	4159.53
4196.62	2683.42	413	1.#QNAN	0	0.015	0	1.93832e-007	3236.93	4196.62	4155.27
4192.19	2680.24	414	1.#QNAN	0	0.016	0	1.95024e-007	3237.66	4192.19	4151
4187.87	2677.04	415	1.#QNAN	0	0.016	0	1.99669e-007	3267.48	4187.87	4146.84
4183.58	2673.92	416	1.#QNAN	0	0.015	0	1.90772e-007	3255.73	4183.58	4142.71
4179.28	2670.79	417	1.#QNAN	0	0.016	0	1.92311e-007	3246.01	4179.28	4138.57
4175.07	2667.7	418	1.#QNAN	0	0	0	1.99135e-007	3305.51	4175.07	4134.51
4170.73	2664.57	419	1.#QNAN	0	0.015	0	2.03795e-007	3227.94	4170.73	4130.32
4166.46	2661.46	420	1.#QNAN	0	0.016	0	1.98638e-007	3222.93	4166.46	4126.2
4162.28	2658.38	421	1.#QNAN	0	0.016	0	2.03947e-007	3241.03	4162.28	4122.17
4158.16	2655.35	422	1.#QNAN	0	0.015	0	1.94962e-007	3287.67	4158.16	4118.19
4154.01	2652.31	423	1.#QNAN	0	0.016	0	2.03966e-007	3259.5	4154.01	4114.2
4149.84	2649.29	424	1.#QNAN	0	0.015	0	2.0225e-007	3232.74	4149.84	4110.19
4145.72	2646.25	425	1.#QNAN	0	0	0	2.00212e-007	3221.96	4145.72	4106.21
4141.56	2643.26	426	1.#QNAN	0	0.016	0	2.01482e-007	3217.2	4141.56	4102.2
4137.46	2640.25	427	1.#QNAN	0	0.016	0	1.92156e-007	3214.89	4137.46	4098.25
4133.45	2637.26	428	1.#QNAN	0	0.015	0	1.92259e-007	3251.48	4133.45	4094.38
4129.38	2634.29	429	1.#QNAN	0	0.016	0	1.97177e-007	3229.73	4129.38	4090.45
4125.45	2631.41	430	1.#QNAN	0	0.015	0	1.99947e-007	3253.37	4125.45	4086.68
4121.55	2628.56	431	1.#QNAN	0	0.016	0	2.01901e-007	3256.96	4121.55	4082.91
4117.5	2625.67	432	1.#QNAN	0	0	0	2.01318e-007	3208.91	4117.5	4079.01
4113.57	2622.83	433	1.#QNAN	0	0.016	0	1.96736e-007	3253.42	4113.57	4075.22
4109.69	2619.99	434	1.#QNAN	0	0.015	0	1.95795e-007	3218.87	4109.69	4071.48
4105.81	2617.17	435	1.#QNAN	0	0.016	0	2.08979e-007	3241.93	4105.81	4067.74
4101.91	2614.3	436	1.#QNAN	0	0.015	0	2.10777e-007	3253.28	4101.91	4063.98
4097.99	2611.44	437	1.#QNAN	0	0.016	0	2.04234e-007	3219.76	4097.99	4060.19
4094.18	2608.6	438	1.#QNAN	0	0.016	0	1.9685e-007	3270.44	4094.18	4056.53
4090.36	2605.78	439	1.#QNAN	0	0	0	2.02686e-007	3231.26	4090.36	4052.84
4086.43	2602.92	440	1.#QNAN	0	0.015	0	2.03738e-007	3187.62	4086.43	4049.05
4082.58	2600.12	441	1.#QNAN	0	0.016	0	2.09066e-007	3214.29	4082.58	4045.33
4078.74	2597.27	442	1.#QNAN	0	0.015	0	2.05293e-007	3208.82	4078.74	4041.63
4075.04	2594.52	443	1.#QNAN	0	0.016	0	2.09338e-007	3243.58	4075.04	4038.06
4071.29	2591.73	444	1.#QNAN	0	0.016	0	2.04513e-007	3244.6	4071.29	4034.46
4067.7	2589.03	445	1.#QNAN	0	0	0	2.04992e-007	3252.84	4067.7	4030.99
4063.87	2586.27	446	1.#QNAN	0	0.015	0	2.08949e-007	3175.84	4063.87	4027.3
4060.16	2583.56	447	1.#QNAN	0	0.016	0	2.05572e-007	3214.95	4060.16	4023.72
4056.46	2580.89	448	1.#QNAN	0	0.015	0	2.02596e-007	3203.06	4056.46	4020.15
4052.82	2578.25	449	1.#QNAN	0	0.016	0	2.02706e-007	3212.25	4052.82	4016.64
4049.14	2575.6	450	1.#QNAN	0	0.016	0	2.10187e-007	3217.51	4049.14	4013.09
4045.5	2572.93	451	1.#QNAN	0	0	0	2.03783e-007	3207.88	4045.5	4009.58
4041.85	2570.3	452	1.#QNAN	0	0.015	0	2.06076e-007	3193.53	4041.85	4006.05
4038.27	2567.68	453	1.#QNAN	0	0.016	0	2.12436e-007	3238.13	4038.27	4002.6
4034.62	2565.04	454	1.#QNAN	0	0.015	0	2.1152e-007	3212.26	4034.62	3999.07
4030.99	2562.4	455	1.#QNAN	0	0.016	0	2.07045e-007	3197.07	4030.99	3995.57
4027.35	2559.74	456	1.#QNAN	0	0.016	0	2.02269e-007	3207.56	4027.35	3992.06
4023.73	2557.09	457	1.#QNAN	0	0.015	0	2.0268e-007	3210.13	4023.73	3988.56
4020.14	2554.47	458	1.#QNAN	0	0	0	2.02457e-007	3204.37	4020.14	3985.1
4016.7	2551.91	459	1.#QNAN	0	0.016	0	2.06966e-007	3223.98	4016.7	3981.78
4013.08	2549.3	460	1.#QNAN	0	0.015	0	2.01438e-007	3172.19	4013.08	3978.29
4009.49	2546.68	461	1.#QNAN	0	0.016	0	2.13255e-007	3180.73	4009.49	3974.82
4005.96	2544.07	462	1.#QNAN	0	0.016	0	2.11747e-007	3182.4	4005.96	3971.41
4002.45	2541.48	463	1.#QNAN	0	0.015	0	2.14477e-007	3170.5	4002.45	3968.02
3998.86	2538.85	464	1.#QNAN	0	0.016	0	2.10733e-007	3157.43	3998.86	3964.54
3995.35	2536.28	465	1.#QNAN	0	0.015	0	2.10079e-007	3153.32	3995.35	3961.16
3991.84	2533.72	466	1.#QNAN	0	0	0	2.09314e-007	3155.34	3991.84	3957.76
3988.4	2531.19	467	1.#QNAN	0	0.016	1	2.10607e-007	3162.44	3988.4	3954.44
3985.04	2528.71	468	1.#QNAN	0	0.016	0	2.15235e-007	3164.87	3985.04	3951.19
3981.69	2526.23	469	1.#QNAN	0	0.015	0	2.16379e-007	3192.6	3981.69	3947.96
3978.39	2523.77	470	1.#QNAN	0	0.016	0	2.11532e-007	3225.62	3978.39	3944.78
3975.12	2521.33	471	1.#QNAN	0	0.015	0	2.15063e-007	3213.09	3975.12	3941.63
3971.89	2518.91	472	1.#QNAN	0	0.016	0	2.05897e-007	3203.95	3971.89	3938.52
3968.56	2516.44	473	1.#QNAN	0	0	0	2.13401e-007	3202.11	3968.56	3935.31
3965.3	2513.97	474	1.#QNAN	0	0.016	0	2.16333e-007	3186.51	3965.3	3932.16
3962.05	2511.52	475	1.#QNAN	0	0.015	0	2.12617e-007	3172.01	3962.05	3929.03
3958.93	2509.16	476	1.#QNAN	0	0.016	0	2.05088e-007	3216.88	3958.93	3926.03
3955.72	2506.76	477	1.#QNAN	0	0.015	0	2.15387e-007	3195.33	3955.72	3922.93
3952.5	2504.35	478	1.#QNAN	0	0.016	0	2.13029e-007	3191.61	3952.5	3919.82
3949.25	2501.91	479	1.#QNAN	0	0.016	0	2.16403e-007	3157.65	3949.25	3916.69
3946.05	2499.51	480	1.#QNAN	0	0	0	2.23845e-007	3168.69	3946.05	3913.61
3942.97	2497.2	481	1.#QNAN	0	0.015	0	2.22572e-007	3216.24	3942.97	3910.64
3939.78	2494.8	482	1.#QNAN	0	0.016	0	2.03492e-007	3199.21	3939.78	3907.57
3936.61	2492.41	483	1.#QNAN	0	0.015	0	2.23783e-007	3188.37	3936.61	3904.51
3933.45	2490.01	484	1.#QNAN	0	0.016	0	2.23703e-007	3194.61	3933.45	3901.46
3930.35	2487.64	485	1.#QNAN	0	0.016	0	2.20242e-007	3218.22	3930.35	3898.47
3927.33	2485.32	486	1.#QNAN	0	0.015	0	2.20216e-007	3271.95	3927.33	3895.56
3924.27	2483	487	1.#QNAN	0	0	0	2.19924e-007	3241.12	3924.27	3892.62
3921.18	2480.69	488	1.#QNAN	0	0.016	0	2.24836e-007	3214.53	3921.18	3889.64
3918.13	2478.37	489	1.#QNAN	0	0.015	0	2.23825e-007	3215.27	3918.13	3886.71
3915.13	2476.09	490	1.#QNAN	0	0.016	0	2.1518e-007	3238.73	3915.13	3883.82
3912.23	2473.81	491	1.#QNAN	0	0.016	0	2.23713e-007	3271.99	3912.23	3881.04
3909.27	2471.54	492	1.#QNAN	0	0.015	0	2.16656e-007	3277.49	3909.27	3878.19
3906.35	2469.29	493	1.#QNAN	0	0.016	0	2.28168e-007	3283.39	3906.35	3875.39
3903.55	2467.09	494	1.#QNAN	0	0	0	2.16478e-007	3287.7	3903.55	3872.7
3900.63	2464.84	495	1.#QNAN	0	0.015	0	2.24321e-007	3248.04	3900.63	3869.89
3897.82	2462.62	496	1.#QNAN	0	0.016	0	2.21769e-007	3301.55	3897.82	3867.19
3894.99	2460.44	497	1.#QNAN	0	0.016	0	2.17881e-007	3301.84	3894.99	3864.48
3892.17	2458.29	498	1.#QNAN	0	0.015	0	2.2163e-007	3287.75	3892.17	3861.77
3889.36	2456.14	499	1.#QNAN	0	0.016	0	2.27157e-007	3312.21	3889.36	3859.06
3886.68	2454.01	500	1.#QNAN	0	0	0	2.20248e-007	3363	3886.68	3856.49
3883.95	2451.88	501	1.#QNAN	0	0.015	0	2.2459e-007	3330.33	3883.95	3853.86
3881.2	2449.74	502	1.#QNAN	0	0.016	0	2.20994e-007	3300.61	3881.2	3851.23
3878.4	2447.6	503	1.#QNAN	0	0.016	0	2.28186e-007	3266.72	3878.4	3848.54
3875.68	2445.45	504	1.#QNAN	0	0.015	0	2.18655e-007	3268.69	3875.68	3845.92
3872.92	2443.35	505	1.#QNAN	0	0.016	0	2.27837e-007	3283.43	3872.92	3843.26
3870.19	2441.22	506	1.#QNAN	0	0.015	0	2.22304e-007	3285.91	3870.19	3840.63
3867.39	2439.07	507	1.#QNAN	0	0	0	2.3877e-007	3243.04	3867.39	3837.94
3864.61	2436.95	508	1.#QNAN	0	0.016	0	2.25546e-007	3252.94	3864.61	3835.26
3861.91	2434.85	509	1.#QNAN	0	0.016	0	2.21352e-007	3260.97	3861.91	3832.66
3859.18	2432.76	510	1.#QNAN	0	0.015	0	2.1731e-007	3246.07	3859.18	3830.03
3856.43	2430.64	511	1.#QNAN	0	0.016	0	2.2114e-007	3210.06	3856.43	3827.38
3853.74	2428.59	512	1.#QNAN	0	0.015	0	2.27428e-007	3227.31	3853.74	3824.79
3851.06	2426.54	513	1.#QNAN	0	0	0	2.31191e-007	3221.79	3851.06	3822.21
3848.38	2424.46	514	1.#QNAN	0	0.016	0	2.30356e-007	3236.43	3848.38	3819.63
3845.62	2422.35	515	1.#QNAN	0	0.016	0	2.28814e-007	3223.82	3845.62	3816.98
3842.88	2420.26	516	1.#QNAN	0	0.015	0	2.25592e-007	3203.76	3842.88	3814.33
3840.21	2418.23	517	1.#QNAN	0	0.016	0	2.22058e-007	3212.25	3840.21	3811.75
3837.48	2416.2	518	1.#QNAN	0	0.015	0	2.28336e-007	3205.99	3837.48	3809.12
3834.71	2414.15	519	1.#QNAN	0	0.016	0	2.37962e-007	3199.7	3834.71	3806.44
3831.97	2412.12	520	1.#QNAN	0	0	0	2.34407e-007	3164.1	3831.97	3803.79
3829.31	2410.12	521	1.#QNAN	0	0.016	0	2.3083e-007	3203.87	3829.31	3801.22
3826.56	2408.1	522	1.#QNAN	0	0.015	0	2.28065e-007	3193.07	3826.56	3798.57
3823.86	2406.12	523	1.#QNAN	0	0.016	0	2.2439e-007	3170.93	3823.86	3795.96
3821.11	2404.11	524	1.#QNAN	0	0.015	0	2.27545e-007	3172.6	3821.11	3793.3
3818.45	2402.16	525	1.#QNAN	0	0.016	0	2.24511e-007	3170.88	3818.45	3790.73
3815.72	2400.18	526	1.#QNAN	0	0.016	0	2.28111e-007	3203.59	3815.72	3788.09
3812.99	2398.18	527	1.#QNAN	0	0	0	2.31341e-007	3197.32	3812.99	3785.44
3810.35	2396.21	528	1.#QNAN	0	0.015	0	2.3659e-007	3183.89	3810.35	3782.89
3807.72	2394.3	529	1.#QNAN	0	0.016	0	2.35136e-007	3178.73	3807.72	3780.35
3805.05	2392.33	530	1.#QNAN	0	0.015	0	2.36703e-007	3190.63	3805.05	3777.78
3802.47	2390.4	531	1.#QNAN	0	0.016	0	2.31099e-007	3213.22	3802.47	3775.29
3799.87	2388.41	532	1.#QNAN	0	0.016	0	2.31225e-007	3201.26	3799.87	3772.77
3797.22	2386.44	533	1.#QNAN	0	0	0	2.30673e-007	3200.15	3797.22	3770.22
3794.63	2384.49	534	1.#QNAN	0	0.015	0	2.35307e-007	3200.44	3794.63	3767.72
3792.04	2382.54	535	1.#QNAN	0	0.016	0	2.32869e-007	3183.34	3792.04	3765.22
3789.49	2380.64	536	1.#QNAN	0	0.015	0	2.32398e-007	3187.65	3789.49	3762.75
3786.93	2378.68	537	1.#QNAN	0	0.016	0	2.28584e-007	3217.35	3786.93	3760.29
3784.4	2376.76	538	1.#QNAN	0	0.016	0	2.32524e-007	3233.68	3784.4	3757.85
3781.87	2374.84	539	1.#QNAN	0	0.015	0	2.31746e-007	3211.88	3781.87	3755.4
3779.3	2372.93	540	1.#QNAN	0	0	0	2.34139e-007	3200.74	3779.3	3752.92
3776.77	2371.04	541	1.#QNAN	0	0.016	0	2.3095e-007	3176.77	3776.77	3750.47
3774.24	2369.12	542	1.#QNAN	0	0.015	1	2.30263e-007	3186.22	3774.24	3748.04
3771.81	2367.26	543	1.#QNAN	0	0.016	0	2.40193e-007	3243.33	3771.81	3745.69
3769.28	2365.39	544	1.#QNAN	0	0.016	0	2.24819e-007	3204.4	3769.28	3743.25
3766.85	2363.54	545	1.#QNAN	0	0.015	0	2.3183e-007	3208.46	3766.85	3740.9
3764.33	2361.68	546	1.#QNAN	0	0	0	2.34609e-007	3181.06	3764.33	3738.47
3761.94	2359.84	547	1.#QNAN	0	0.016	0	2.40571e-007	3211.66	3761.94	3736.16
3759.53	2358	548	1.#QNAN	0	0.015	0	2.37032e-007	3220.73	3759.53	3733.84
3757.07	2356.12	549	1.#QNAN	0	0.016	0	2.37731e-007	3193.62	3757.07	3731.46
3754.64	2354.29	550	1.#QNAN	0	0.016	0	2.45464e-007	3183.42	3754.64	3729.12
3752.2	2352.43	551	1.#QNAN	0	0.015	0	2.3455e-007	3189.9	3752.2	3726.75
3749.72	2350.59	552	1.#QNAN	0	0.016	0	2.28864e-007	3199.27	3749.72	3724.36
3747.31	2348.78	553	1.#QNAN	0	0	0	2.36987e-007	3208.32	3747.31	3722.03
3744.89	2346.96	554	1.#QNAN	0	0.015	0	2.43234e-007	3186.45	3744.89	3719.7
3742.5	2345.15	555	1.#QNAN	0	0.016	0	2.37831e-007	3216.57	3742.5	3717.39
3740.15	2343.34	556	1.#QNAN	0	0.016	0	2.45246e-007	3201.37	3740.15	3715.12
3737.77	2341.53	557	1.#QNAN	0	0.015	0	2.3856e-007	3212.19	3737.77	3712.82
3735.39	2339.72	558	1.#QNAN	0	0.016	0	2.47015e-007	3175.98	3735.39	3710.52
3733.09	2337.95	559	1.#QNAN	0	0.015	0	2.3805e-007	3221.82	3733.09	3708.3
3730.71	2336.13	560	1.#QNAN	0	0	0	2.34697e-007	3181.01	3730.71	3706
3728.44	2334.35	561	1.#QNAN	0	0.016	0	2.335e-007	3201.38	3728.44	3703.8
3726.09	2332.59	562	1.#QNAN	0	0.016	0	2.39663e-007	3154.57	3726.09	3701.53
3723.67	2330.85	563	1.#QNAN	0	0.015	0	2.41337e-007	3122.3	3723.67	3699.19
3721.37	2329.16	564	1.#QNAN	0	0.016	0	2.39528e-007	3155.8	3721.37	3696.97
3719.07	2327.46	565	1.#QNAN	0	0.015	0	2.34749e-007	3150.9	3719.07	3694.75
3716.76	2325.75	566	1.#QNAN	0	0.016	0	2.45203e-007	3098.32	3716.76	3692.52
3714.39	2324.01	567	1.#QNAN	0	0	0	2.46823e-007	3105.99	3714.39	3690.23
3712.06	2322.31	568	1.#QNAN	0	0.016	0	2.52405e-007	3099.94	3712.06	3687.97
3709.74	2320.61	569	1.#QNAN	0	0.015	0	2.42952e-007	3087.15	3709.74	3685.73
3707.43	2318.9	570	1.#QNAN	0	0.016	0	2.40143e-007	3083.44	3707.43	3683.49
3705.15	2317.22	571	1.#QNAN	0	0.015	0	2.45557e-007	3104.85	3705.15	3681.29
3702.9	2315.57	572	1.#QNAN	0	0.016	0	2.48099e-007	3117.86	3702.9	3679.12
3700.61	2313.91	573	1.#QNAN	0	0.016	0	2.3745e-007	3049.8	3700.61	3676.9
3698.41	2312.26	574	1.#QNAN	0	0.015	0	2.37741e-007	3125.83	3698.41	3674.77
3696.13	2310.58	575	1.#QNAN	0	0	0	2.31621e-007	3126.84	3696.13	3672.56
3693.83	2308.91	576	1.#QNAN	0	0.016	0	2.34759e-007	3129.65	3693.83	3670.33
3691.53	2307.24	577	1.#QNAN	0	0.015	0	2.38925e-007	3100.14	3691.53	3668.11
3689.23	2305.55	578	1.#QNAN	0	0.016	0	2.45645e-007	3100.49	3689.23	3665.88
3686.92	2303.89	579	1.#QNAN	0	0.016	0	2.4166e-007	3075.92	3686.92	3663.65
3684.78	2302.26	580	1.#QNAN	0	0.015	0	2.38973e-007	3134.69	3684.78	3661.58
3682.61	2300.64	581	1.#QNAN	0	0	0	2.5262e-007	3144.81	3682.61	3659.48
3680.38	2299	582	1.#QNAN	0	0.016	0	2.25403e-007	3133.38	3680.38	3657.33
3678.23	2297.37	583	1.#QNAN	0	0.015	0	2.45877e-007	3131.64	3678.23	3655.25
3676.12	2295.79	584	1.#QNAN	0	0.016	0	2.45726e-007	3140.09	3676.12	3653.22
3674.03	2294.21	585	1.#QNAN	0	0.016	0	2.50174e-007	3140.35	3674.03	3651.2
3671.97	2292.67	586	1.#QNAN	0	0.015	0	2.47342e-007	3143.4	3671.97	3649.21
3669.93	2291.1	587	1.#QNAN	0	0.016	0	2.44296e-007	3171.22	3669.93	3647.25
3667.88	2289.56	588	1.#QNAN	0	0.015	0	2.47455e-007	3138.16	3667.88	3645.27
3665.77	2288.01	589	1.#QNAN	0	0	0	2.39749e-007	3108.33	3665.77	3643.23
3663.67	2286.42	590	1.#QNAN	0	0.016	0	2.43566e-007	3103.65	3663.67	3641.2
3661.59	2284.86	591	1.#QNAN	0	0.016	0	2.42866e-007	3121.84	3661.59	3639.2
3659.56	2283.33	592	1.#QNAN	0	0.015	0	2.4301e-007	3144.73	3659.56	3637.24
3657.44	2281.74	593	1.#QNAN	0	0.016	0	2.47509e-007	3117.09	3657.44	3635.2
3655.36	2280.18	594	1.#QNAN	0	0.015	0	2.38454e-007	3108.07	3655.36	3633.18
3653.31	2278.65	595	1.#QNAN	0	0.016	0	2.49884e-007	3119.03	3653.31	3631.21
3651.16	2277.07	596	1.#QNAN	0	0.016	0	2.42e-007	3074.39	3651.16	3629.13
3649.17	2275.54	597	1.#QNAN	0	0	0	2.47486e-007	3148.61	3649.17	3627.21
3647.09	2274.01	598	1.#QNAN	0	0.015	0	2.44783e-007	3080.17	3647.09	3625.2
3645	2272.46	599	1.#QNAN	0	0.016	0	2.35681e-007	3077.44	3645	3623.17
3642.92	2270.93	600	1.#QNAN	0	0.015	0	2.52787e-007	3068.62	3642.92	3621.16
3640.86	2269.4	601	1.#QNAN	0	0.016	0	2.34942e-007	3077.93	3640.86	3619.17
3638.83	2267.87	602	1.#QNAN	0	0.016	0	2.45947e-007	3075.66	3638.83	3617.21
3636.81	2266.36	603	1.#QNAN	0	0.015	0	2.36975e-007	3077.67	3636.81	3615.25
3634.75	2264.84	604	1.#QNAN	0	0	0	2.42822e-007	3053.19	3634.75	3613.26
3632.7	2263.31	605	1.#QNAN	0	0.016	0	2.45971e-007	3040.72	3632.7	3611.28
3630.68	2261.79	606	1.#QNAN	0	0.015	0	2.5197e-007	3077	3630.68	3609.34
3628.64	2260.26	607	1.#QNAN	0	0.016	0	2.43123e-007	3072.28	3628.64	3607.36
3626.7	2258.78	608	1.#QNAN	0	0.016	0	2.39098e-007	3097.36	3626.7	3605.49
3624.72	2257.28	609	1.#QNAN	0	0.015	0	2.39342e-007	3078.24	3624.72	3603.58
3622.73	2255.77	610	1.#QNAN	0	0.016	0	2.48161e-007	3060.23	3622.73	3601.65
3620.74	2254.27	611	1.#QNAN	0	0	0	2.53108e-007	3036.81	3620.74	3599.73
3618.78	2252.77	612	1.#QNAN	0	0.015	0	2.47962e-007	3048.8	3618.78	3597.84
3616.85	2251.29	613	1.#QNAN	0	0.016	0	2.44592e-007	3071.57	3616.85	3595.97
3614.89	2249.82	614	1.#QNAN	0	0.016	0	2.51072e-007	3077.59	3614.89	3594.08
3612.94	2248.35	615	1.#QNAN	0	0.015	0	2.51551e-007	3073.78	3612.94	3592.2
3610.98	2246.86	616	1.#QNAN	0	0.016	1	2.51349e-007	3059.53	3610.98	3590.29
3608.95	2245.34	617	1.#QNAN	0	0.015	0	2.49911e-007	3017.33	3608.95	3588.34
3606.96	2243.84	618	1.#QNAN	0	0	0	2.49179e-007	3020.91	3606.96	3586.41
3604.99	2242.34	619	1.#QNAN	0	0.016	0	2.57659e-007	3071.87	3604.99	3584.51
3603.04	2240.87	620	1.#QNAN	0	0.016	0	2.48799e-007	3057.66	3603.04	3582.61
3601.11	2239.43	621	1.#QNAN	0	0.015	0	2.60672e-007	3041.92	3601.11	3580.75
3599.13	2237.93	622	1.#QNAN	0	0.016	0	2.40492e-007	3050.27	3599.13	3578.84
3597.2	2236.47	623	1.#QNAN	0	0.015	0	2.44851e-007	3034.41	3597.2	3576.96
3595.29	2235.01	624	1.#QNAN	0	0.016	0	2.49379e-007	3051.48	3595.29	3575.12
3593.42	2233.57	625	1.#QNAN	0	0	0	2.4389e-007	3078.55	3593.42	3573.31
3591.49	2232.1	626	1.#QNAN	0	0.016	0	2.51179e-007	3062.11	3591.49	3571.45
3589.56	2230.64	627	1.#QNAN	0	0.015	0	2.47766e-007	3039.78	3589.56	3569.57
3587.66	2229.22	628	1.#QNAN	0	0.016	0	2.59377e-007	3046.57	3587.66	3567.73
3585.79	2227.82	629	1.#QNAN	0	0.015	0	2.46645e-007	3075.32	3585.79	3565.92
3583.86	2226.4	630	1.#QNAN	0	0.016	0	2.48321e-007	3039.65	3583.86	3564.05
3581.95	2225.01	631	1.#QNAN	0	0.016	0	2.50383e-007	3032.63	3581.95	3562.2
3580.04	2223.63	632	1.#QNAN	0	0	0	2.55129e-007	3017.51	3580.04	3560.34
3578.18	2222.23	633	1.#QNAN	0	0.015	0	2.49942e-007	3028.69	3578.18	3558.54
3576.31	2220.85	634	1.#QNAN	0	0.016	0	2.47808e-007	3040.71	3576.31	3556.74
3574.45	2219.48	635	1.#QNAN	0	0.015	0	2.59956e-007	3023.34	3574.45	3554.93
3572.58	2218.08	636	1.#QNAN	0	0.016	0	2.64506e-007	3002.6	3572.58	3553.12
3570.67	2216.63	637	1.#QNAN	0	0.016	0	2.54319e-007	3015.48	3570.67	3551.26
3568.86	2215.26	638	1.#QNAN	0	0	0	2.56251e-007	3082.77	3568.86	3549.51
3566.95	2213.86	639	1.#QNAN	0	0.015	0	2.56751e-007	3032.06	3566.95	3547.66
3565	2212.47	640	1.#QNAN	0	0.016	0	2.54786e-007	3015.94	3565	3545.77
3563.1	2211.09	641	1.#QNAN	0	0.015	0	2.40263e-007	3031.53	3563.1	3543.93
3561.16	2209.71	642	1.#QNAN	0	0.016	0	2.53926e-007	2988.3	3561.16	3542.04
3559.27	2208.37	643	1.#QNAN	0	0.016	0	2.58568e-007	3042.95	3559.27	3540.2
3557.37	2207	644	1.#QNAN	0	0.015	0	2.49195e-007	2997.3	3557.37	3538.36
3555.5	2205.64	645	1.#QNAN	0	0	0	2.44896e-007	3016.27	3555.5	3536.54
3553.64	2204.28	646	1.#QNAN	0	0.016	0	2.56219e-007	3020.53	3553.64	3534.74
3551.78	2202.92	647	1.#QNAN	0	0.015	0	2.59177e-007	3048.16	3551.78	3532.94
3549.9	2201.53	648	1.#QNAN	0	0.016	0	2.58596e-007	3026.2	3549.9	3531.11
3548.04	2200.16	649	1.#QNAN	0	0.016	0	2.54791e-007	3012.45	3548.04	3529.31
3546.2	2198.83	650	1.#QNAN	0	0.015	0	2.61026e-007	3050.52	3546.2	3527.52
3544.34	2197.48	651	1.#QNAN	0	0.016	0	2.56442e-007	3036.41	3544.34	3525.72
3542.5	2196.17	652	1.#QNAN	0	0	0	2.55687e-007	3045.49	3542.5	3523.93
3540.71	2194.88	653	1.#QNAN	0	0.015	0	2.6006e-007	3063.41	3540.71	3522.2
3538.95	2193.56	654	1.#QNAN	0	0.016	0	2.56193e-007	3037.89	3538.95	3520.49
3537.17	2192.23	655	1.#QNAN	0	0.016	0	2.57654e-007	3062.58	3537.17	3518.76
3535.3	2190.89	656	1.#QNAN	0	0.015	0	2.59505e-007	2990.44	3535.3	3516.95
3533.46	2189.54	657	1.#QNAN	0	0.016	0	2.5618e-007	3001.28	3533.46	3515.15
3531.58	2188.22	658	1.#QNAN	0	0	0	2.54109e-007	2973.88	3531.58	3513.33
3529.78	2186.91	659	1.#QNAN	0	0.015	0	2.59157e-007	3007.49	3529.78	3511.58
3527.98	2185.59	660	1.#QNAN	0	0.016	0	2.52901e-007	2974.39	3527.98	3509.83
3526.23	2184.3	661	1.#QNAN	0	0.016	0	2.51092e-007	3021.21	3526.23	3508.13
3524.52	2182.99	662	1.#QNAN	0	0.015	0	2.49568e-007	3044.06	3524.52	3506.48
3522.78	2181.69	663	1.#QNAN	0	0.016	0	2.62241e-007	3003.69	3522.78	3504.79
3520.94	2180.36	664	1.#QNAN	0	0	0	2.52792e-007	2965.39	3520.94	3502.99
3519.15	2179.06	665	1.#QNAN	0	0.015	0	2.55379e-007	2989.77	3519.15	3501.26
3517.42	2177.8	666	1.#QNAN	0	0.016	0	2.60408e-007	2989.69	3517.42	3499.58
3515.71	2176.55	667	1.#QNAN	0	0.016	0	2.69115e-007	3002.5	3515.71	3497.92
3513.99	2175.25	668	1.#QNAN	0	0.015	0	2.63526e-007	3003.78	3513.99	3496.25
3512.32	2174	669	1.#QNAN	0	0.016	0	2.65332e-007	3017.12	3512.32	3494.63
3510.57	2172.74	670	1.#QNAN	0	0.015	0	2.57413e-007	2984.12	3510.57	3492.94
3508.87	2171.49	671	1.#QNAN	0	0.016	0	2.58104e-007	3010.05	3508.87	3491.29
3507.12	2170.22	672	1.#QNAN	0	0	0	2.6167e-007	3007.73	3507.12	3489.59
3505.39	2168.92	673	1.#QNAN	0	0.016	0	2.60047e-007	3031.36	3505.39	3487.91
3503.71	2167.65	674	1.#QNAN	0	0.015	0	2.63343e-007	3041.35	3503.71	3486.29
3502.06	2166.39	675	1.#QNAN	0	0.016	0	2.56411e-007	3057.12	3502.06	3484.69
3500.47	2165.17	676	1.#QNAN	0	0.015	0	2.55463e-007	3067.39	3500.47	3483.15
3498.88	2163.93	677	1.#QNAN	0	0.016	0	2.62914e-007	3066.65	3498.88	3481.6
3497.29	2162.71	678	1.#QNAN	0	0.016	0	2.60677e-007	3077.05	3497.29	3480.07
3495.71	2161.48	679	1.#QNAN	0	0.015	0	2.62742e-007	3082.84	3495.71	3478.53
3494.17	2160.27	680	1.#QNAN	0	0	0	2.67841e-007	3087.25	3494.17	3477.04
3492.55	2159.05	681	1.#QNAN	0	0.016	0	2.63037e-007	3033.2	3492.55	3475.48
3490.99	2157.84	682	1.#QNAN	0	0.015	0	2.58769e-007	3053.74	3490.99	3473.96
3489.37	2156.65	683	1.#QNAN	0	0.016	0	2.62925e-007	3027.39	3489.37	3472.39
3487.76	2155.46	684	1.#QNAN	0	0.016	0	2.5864e-007	3030.29	3487.76	3470.84
3486.1	2154.23	685	1.#QNAN	0	0.015	0	2.68938e-007	2971.16	3486.1	3469.22
3484.45	2153.04	686	1.#QNAN	0	0.016	0	2.61244e-007	2990.28	3484.45	3467.62
3482.82	2151.85	687	1.#QNAN	0	0	0	2.6546e-007	3017.4	3482.82	3466.04
3481.24	2150.67	688	1.#QNAN	0	0.015	0	2.50394e-007	3030.3	3481.24	3464.51
3479.7	2149.51	689	1.#QNAN	0	0.016	0	2.70386e-007	3044.25	3479.7	3463.01
3478.11	2148.36	690	1.#QNAN	0	0.016	0	2.65042e-007	3012.86	3478.11	3461.47
3476.55	2147.2	691	1.#QNAN	0	0.015	1	2.57519e-007	3002.1	3476.55	3459.95
3474.95	2146.02	692	1.#QNAN	0	0.016	0	2.60155e-007	2995.23	3474.95	3458.4
3473.41	2144.86	693	1.#QNAN	0	0	0	2.61747e-007	2992.09	3473.41	3456.91
3471.87	2143.7	694	1.#QNAN	0	0	0	2.57827e-007	3020.6	3471.87	3455.41
3470.36	2142.54	695	1.#QNAN	0	0.016	0	2.53123e-007	3046.8	3470.36	3453.95
3468.89	2141.42	696	1.#QNAN	0	0.016	0	2.61547e-007	3056.84	3468.89	3452.52
3467.37	2140.27	697	1.#QNAN	0	0.015	0	2.67706e-007	3012.93	3467.37	3451.05
3465.89	2139.15	698	1.#QNAN	0	0.016	0	2.54051e-007	3067.67	3465.89	3449.62
3464.45	2138.06	699	1.#QNAN	0	0.015	0	2.58286e-007	3057.16	3464.45	3448.22
3462.95	2136.93	700	1.#QNAN	0	0	0	2.6378e-007	3028.15	3462.95	3446.77
3461.46	2135.81	701	1.#QNAN	0	0.016	0	2.71599e-007	3027.45	3461.46	3445.33
3459.96	2134.68	702	1.#QNAN	0	0.016	0	2.70398e-007	3031.02	3459.96	3443.87
3458.47	2133.53	703	1.#QNAN	0	0.015	0	2.5612e-007	3041.85	3458.47	3442.43
3457	2132.4	704	1.#QNAN	0	0.016	0	2.69764e-007	3045.6	3457	3441.01
3455.52	2131.29	705	1.#QNAN	0	0.015	0	2.59329e-007	3019.58	3455.52	3439.57
3454.05	2130.18	706	1.#QNAN	0	0	0	2.56696e-007	3022.12	3454.05	3438.15
3452.56	2129.08	707	1.#QNAN	0	0.016	0	2.50597e-007	3008.97	3452.56	3436.7
3451.11	2127.99	708	1.#QNAN	0	0.016	0	2.62005e-007	3020.12	3451.11	3435.31
3449.65	2126.9	709	1.#QNAN	0	0.015	0	2.58096e-007	2999.09	3449.65	3433.89
3448.16	2125.8	710	1.#QNAN	0	0.016	0	2.60094e-007	3000.36	3448.16	3432.44
3446.64	2124.72	711	1.#QNAN	0	0.015	0	2.65107e-007	2997.46	3446.64	3430.97
3445.18	2123.65	712	1.#QNAN	0	0.016	0	2.71167e-007	3046.48	3445.18	3429.56
3443.63	2122.54	713	1.#QNAN	0	0	0	2.60775e-007	2974.83	3443.63	3428.05
3442.07	2121.43	714	1.#QNAN	0	0.016	0	2.54672e-007	2968.79	3442.07	3426.53
3440.59	2120.34	715	1.#QNAN	0	0.015	0	2.625e-007	2995.37	3440.59	3425.09
3439.11	2119.26	716	1.#QNAN	0	0.016	0	2.57724e-007	2970.41	3439.11	3423.65
3437.66	2118.19	717	1.#QNAN	0	0.015	0	2.76224e-007	2987.43	3437.66	3422.25
3436.25	2117.12	718	1.#QNAN	0	0.016	0	2.62813e-007	3022.97	3436.25	3420.89
3434.81	2116.06	719	1.#QNAN	0	0.016	0	2.68252e-007	3002.58	3434.81	3419.48
3433.37	2114.99	720	1.#QNAN	0	0	0	2.68099e-007	2990.94	3433.37	3418.09
3431.91	2113.92	721	1.#QNAN	0	0.015	0	2.70297e-007	3009.54	3431.91	3416.68
3430.51	2112.87	722	1.#QNAN	0	0.016	0	2.74422e-007	2986.4	3430.51	3415.32
3429.07	2111.79	723	1.#QNAN	0	0.015	0	2.605e-007	2977.6	3429.07	3413.92
3427.68	2110.75	724	1.#QNAN	0	0.016	0	2.62578e-007	3016.63	3427.68	3412.57
3426.3	2109.7	725	1.#QNAN	0	0.016	0	2.65168e-007	3011.97	3426.3	3411.23
3425.02	2108.71	726	1.#QNAN	0	0.015	0	2.69974e-007	3095.44	3425.02	3409.99
3423.66	2107.7	727	1.#QNAN	0	0	0	2.66242e-007	3019.65	3423.66	3408.68
3422.28	2106.69	728	1.#QNAN	0	0.016	0	2.68022e-007	2986.21	3422.28	3407.33
3420.85	2105.64	729	1.#QNAN	0	0.015	0	2.6562e-007	2970.08	3420.85	3405.95
3419.51	2104.63	730	1.#QNAN	0	0.016	0	2.58323e-007	3018.3	3419.51	3404.65
3418.15	2103.62	731	1.#QNAN	0	0.016	0	2.68767e-007	3005.71	3418.15	3403.33
3416.78	2102.61	732	1.#QNAN	0	0.015	0	2.60595e-007	3026.59	3416.78	3402
3415.38	2101.58	733	1.#QNAN	0	0.016	0	2.66838e-007	3029.41	3415.38	3400.64
3413.99	2100.54	734	1.#QNAN	0	0.015	0	2.67569e-007	3033.55	3413.99	3399.29
3412.66	2099.52	735	1.#QNAN	0	0.016	0	2.75844e-007	3039.58	3412.66	3398
3411.31	2098.52	736	1.#QNAN	0	0	0	2.61342e-007	3047.33	3411.31	3396.69
3410.01	2097.51	737	1.#QNAN	0	0.016	0	2.81631e-007	3060.26	3410.01	3395.43
3408.67	2096.53	738	1.#QNAN	0	0.015	0	2.64518e-007	3028.11	3408.67	3394.13
3407.36	2095.53	739	1.#QNAN	0	0.016	0	2.53122e-007	3068.55	3407.36	3392.86
3406.01	2094.52	740	1.#QNAN	0	0.015	0	2.66772e-007	3039.42	3406.01	3391.55
3404.71	2093.54	741	1.#QNAN	0	0.016	0	2.64571e-007	3052.13	3404.71	3390.29
3403.39	2092.53	742	1.#QNAN	0	0.016	0	2.76597e-007	3055.89	3403.39	3389.02
3402.06	2091.53	743	1.#QNAN	0	0	0	2.78829e-007	3001.63	3402.06	3387.73
3400.8	2090.56	744	1.#QNAN	0	0.015	0	2.6444e-007	3054.16	3400.8	3386.5
3399.48	2089.58	745	1.#QNAN	0	0.016	0	2.69407e-007	3036.77	3399.48	3385.22
3398.22	2088.58	746	1.#QNAN	0	0.015	0	2.70724e-007	3057.36	3398.22	3384
3396.96	2087.6	747	1.#QNAN	0	0.016	0	2.75305e-007	3060.45	3396.96	3382.79
3395.7	2086.61	748	1.#QNAN	0	0.016	0	2.70455e-007	3063.14	3395.7	3381.56
3394.44	2085.63	749	1.#QNAN	0	0.015	0	2.60472e-007	3037.17	3394.44	3380.34
3393.16	2084.63	750	1.#QNAN	0	0	0	2.73666e-007	3080.71	3393.16	3379.1
3391.88	2083.65	751	1.#QNAN	0	0.016	0	2.7785e-007	3046.22	3391.88	3377.87
3390.64	2082.69	752	1.#QNAN	0	0.015	0	2.70405e-007	3036.24	3390.64	3376.66
3389.35	2081.69	753	1.#QNAN	0	0.016	0	2.73485e-007	3038.76	3389.35	3375.42
3388.07	2080.72	754	1.#QNAN	0	0.016	0	2.65742e-007	3054.6	3388.07	3374.17
3386.76	2079.72	755	1.#QNAN	0	0.015	0	2.78544e-007	3023.06	3386.76	3372.9
3385.53	2078.75	756	1.#QNAN	0	0.016	0	2.72964e-007	3066.33	3385.53	3371.71
3384.22	2077.76	757	1.#QNAN	0	0.015	0	2.68346e-007	3015.6	3384.22	3370.44
3382.88	2076.77	758	1.#QNAN	0	0	0	2.73048e-007	3002.54	3382.88	3369.13
3381.56	2075.77	759	1.#QNAN	0	0.016	0	2.60282e-007	3006.57	3381.56	3367.85
3380.21	2074.77	760	1.#QNAN	0	0.016	0	2.71364e-007	3024.57	3380.21	3366.54
3378.93	2073.79	761	1.#QNAN	0	0.015	0	2.66678e-007	3019.97	3378.93	3365.29
3377.57	2072.78	762	1.#QNAN	0	0.016	0	2.74316e-007	3034.51	3377.57	3363.97
3376.26	2071.78	763	1.#QNAN	0	0.015	0	2.67648e-007	3034.45	3376.26	3362.7
3374.97	2070.81	764	1.#QNAN	0	0	0	2.66842e-007	3070.84	3374.97	3361.45
3373.67	2069.84	765	1.#QNAN	0	0.016	0	2.71496e-007	3042.86	3373.67	3360.19
3372.36	2068.86	766	1.#QNAN	0	0.016	1	2.70378e-007	3005.81	3372.36	3358.92
3371.02	2067.87	767	1.#QNAN	0	0.015	0	2.67564e-007	3031.85	3371.02	3357.61
3369.7	2066.89	768	1.#QNAN	0	0.016	0	2.62677e-007	3020.76	3369.7	3356.33
3368.4	2065.93	769	1.#QNAN	0	0.015	0	2.65184e-007	3014.17	3368.4	3355.07
3367.13	2064.96	770	1.#QNAN	0	0	0	2.76072e-007	2988.02	3367.13	3353.84
3365.79	2063.98	771	1.#QNAN	0	0.016	0	2.6305e-007	2987.06	3365.79	3352.53
3364.51	2063.03	772	1.#QNAN	0	0.016	0	2.77813e-007	2993.96	3364.51	3351.29
3363.26	2062.07	773	1.#QNAN	0	0.015	0	2.78838e-007	2996.41	3363.26	3350.08
3362.04	2061.12	774	1.#QNAN	0	0.016	0	2.65374e-007	3014.43	3362.04	3348.89
3360.75	2060.16	775	1.#QNAN	0	0.015	0	2.66492e-007	2970.72	3360.75	3347.64
3359.47	2059.19	776	1.#QNAN	0	0.016	0	2.72431e-007	2996.28	3359.47	3346.39
3358.19	2058.24	777	1.#QNAN	0	0	0	2.68275e-007	2977.75	3358.19	3345.16
3356.91	2057.29	778	1.#QNAN	0	0.016	0	2.74481e-007	2960.08	3356.91	3343.91
3355.59	2056.34	779	1.#QNAN	0	0.015	0	2.8095e-007	2948.26	3355.59	3342.62
3354.32	2055.41	780	1.#QNAN	0	0.016	0	2.69288e-007	2959.44	3354.32	3341.4
3353.09	2054.51	781	1.#QNAN	0	0.015	0	2.7471e-007	2977.09	3353.09	3340.19
3351.8	2053.56	782	1.#QNAN	0	0.016	0	2.74898e-007	2959.56	3351.8	3338.94
3350.52	2052.64	783	1.#QNAN	0	0.016	0	2.70265e-007	2953.52	3350.52	3337.7
3349.28	2051.71	784	1.#QNAN	0	0	0	2.66565e-007	2954.76	3349.28	3336.49
3348.05	2050.78	785	1.#QNAN	0	0.015	0	2.80755e-007	2981.7	3348.05	3335.29
3346.81	2049.84	786	1.#QNAN	0	0.016	0	2.74894e-007	2978.85	3346.81	3334.09
3345.59	2048.92	787	1.#QNAN	0	0.015	0	2.70505e-007	2993.37	3345.59	3332.9
3344.39	2048	788	1.#QNAN	0	0.016	0	2.74172e-007	3004.27	3344.39	3331.73
3343.2	2047.09	789	1.#QNAN	0	0.016	0	2.74001e-007	2994.1	3343.2	3330.58
3342.05	2046.18	790	1.#QNAN	0	0	0	2.88393e-007	3037.13	3342.05	3329.46
3340.89	2045.27	791	1.#QNAN	0	0.015	0	2.69755e-007	3041.82	3340.89	3328.34
3339.7	2044.37	792	1.#QNAN	0	0.016	0	2.82054e-007	2998.71	3339.7	3327.18
3338.57	2043.52	793	1.#QNAN	0	0.015	0	2.82296e-007	3014.32	3338.57	3326.08
3337.44	2042.67	794	1.#QNAN	0	0.016	0	2.86866e-007	2999.76	3337.44	3324.99
3336.33	2041.8	795	1.#QNAN	0	0.016	0	2.75456e-007	2978.64	3336.33	3323.91
3335.15	2040.93	796	1.#QNAN	0	0.015	0	2.74301e-007	2965.57	3335.15	3322.77
3333.95	2040.06	797	1.#QNAN	0	0	0	2.84937e-007	2957.93	3333.95	3321.6
3332.74	2039.19	798	1.#QNAN	0	0.016	0	2.82733e-007	2944.39	3332.74	3320.43
3331.55	2038.32	799	1.#QNAN	0	0.015	0	2.76314e-007	2945.77	3331.55	3319.27
3330.38	2037.43	800	1.#QNAN	0	0.016	0	2.8021e-007	2939.96	3330.38	3318.13
3329.23	2036.59	801	1.#QNAN	0	0.016	0	2.77523e-007	2957.68	3329.23	3317.02
3328.13	2035.76	802	1.#QNAN	0	0.015	0	2.74567e-007	2974.52	3328.13	3315.94
3327	2034.91	803	1.#QNAN	0	0	0	2.77058e-007	2968.14	3327	3314.85
3325.93	2034.07	804	1.#QNAN	0	0	0	2.79918e-007	2990.8	3325.93	3313.81
3324.83	2033.23	805	1.#QNAN	0	0.015	0	2.87921e-007	2956.47	3324.83	3312.74
3323.74	2032.39	806	1.#QNAN	0	0.016	0	2.78904e-007	2971.51	3323.74	3311.69
3322.65	2031.53	807	1.#QNAN	0	0.016	0	2.804e-007	2963.24	3322.65	3310.63
3321.53	2030.68	808	1.#QNAN	0	0.015	0	2.84032e-007	2917.42	3321.53	3309.54
3320.42	2029.82	809	1.#QNAN	0	0.016	0	2.68668e-007	2934.23	3320.42	3308.46
3319.28	2028.97	810	1.#QNAN	0	0.015	0	2.76573e-007	2913	3319.28	3307.35
3318.18	2028.12	811	1.#QNAN	0	0	0	2.86519e-007	2940.62	3318.18	3306.29
3317.07	2027.28	812	1.#QNAN	0	0.016	0	2.79766e-007	2949.75	3317.07	3305.21
3315.98	2026.42	813	1.#QNAN	0	0.016	0	2.78545e-007	2938.64	3315.98	3304.15
3314.88	2025.57	814	1.#QNAN	0	0.015	0	2.70583e-007	2940.09	3314.88	3303.09
3313.77	2024.74	815	1.#QNAN	0	0.016	0	2.80328e-007	2933.67	3313.77	3302.01
3312.64	2023.91	816	1.#QNAN	0	0.015	0	2.78779e-007	2938.62	3312.64	3300.91
3311.53	2023.08	817	1.#QNAN	0	0.016	0	2.7803e-007	2955.17	3311.53	3299.83
3310.46	2022.26	818	1.#QNAN	0	0.016	0	2.88119e-007	2965.3	3310.46	3298.8
3309.36	2021.45	819	1.#QNAN	0	0.015	0	2.77274e-007	2944.37	3309.36	3297.73
3308.25	2020.63	820	1.#QNAN	0	0.016	0	2.77858e-007	2939.56	3308.25	3296.64
3307.2	2019.85	821	1.#QNAN	0	0	0	2.79019e-007	2976.12	3307.2	3295.62
3306.15	2019.05	822	1.#QNAN	0	0.015	0	2.80605e-007	2954.04	3306.15	3294.6
3305.09	2018.24	823	1.#QNAN	0	0.016	0	2.80821e-007	2945.58	3305.09	3293.58
3304.02	2017.43	824	1.#QNAN	0	0.016	0	2.80936e-007	2952.47	3304.02	3292.54
3302.96	2016.61	825	1.#QNAN	0	0.015	0	2.79479e-007	2974	3302.96	3291.5
3301.93	2015.83	826	1.#QNAN	0	0.016	0	2.78606e-007	2983.36	3301.93	3290.51
3300.89	2015.03	827	1.#QNAN	0	0.015	0	2.77381e-007	2920.94	3300.89	3289.49
3299.88	2014.25	828	1.#QNAN	0	0	0	2.81701e-007	2945.27	3299.88	3288.51
3298.87	2013.46	829	1.#QNAN	0	0.016	0	2.80789e-007	2953.35	3298.87	3287.53
3297.86	2012.66	830	1.#QNAN	0	0.016	0	2.7349e-007	2924.46	3297.86	3286.56
3296.86	2011.87	831	1.#QNAN	0	0.015	0	2.80945e-007	2940.34	3296.86	3285.58
3295.91	2011.09	832	1.#QNAN	0	0.016	0	2.83292e-007	2969.76	3295.91	3284.66
3294.89	2010.31	833	1.#QNAN	0	0.015	0	2.80399e-007	2911.5	3294.89	3283.68
3293.86	2009.5	834	1.#QNAN	0	0.016	0	2.76106e-007	2914.81	3293.86	3282.68
3292.86	2008.73	835	1.#QNAN	0	0	0	2.7635e-007	2916.24	3292.86	3281.71
3291.87	2007.95	836	1.#QNAN	0	0.016	0	2.84664e-007	2917.25	3291.87	3280.74
3290.91	2007.18	837	1.#QNAN	0	0.015	0	2.88586e-007	2961.89	3290.91	3279.81
3289.89	2006.39	838	1.#QNAN	0	0.016	0	2.71826e-007	2892.47	3289.89	3278.83
3288.94	2005.61	839	1.#QNAN	0	0.015	0	2.71141e-007	2935.19	3288.94	3277.91
3287.96	2004.83	840	1.#QNAN	0	0.016	1	2.84046e-007	2923.08	3287.96	3276.96
3287.02	2004.07	841	1.#QNAN	0	0	0	2.85654e-007	2954.63	3287.02	3276.05
3286.07	2003.3	842	1.#QNAN	0	0.016	0	2.7898e-007	2951.21	3286.07	3275.13
3285.09	2002.5	843	1.#QNAN	0	0.015	0	2.7559e-007	2924.08	3285.09	3274.18
3284.13	2001.76	844	1.#QNAN	0	0.016	0	2.73708e-007	2940.51	3284.13	3273.25
3283.19	2001	845	1.#QNAN	0	0.015	0	2.77416e-007	2962.06	3283.19	3272.34
3282.28	2000.27	846	1.#QNAN	0	0.016	0	2.79608e-007	2965.6	3282.28	3271.46
3281.37	1999.52	847	1.#QNAN	0	0.016	0	2.7909e-007	2942.8	3281.37	3270.58
3280.43	1998.76	848	1.#QNAN	0	0.015	0	2.73153e-007	2932.24	3280.43	3269.67
3279.51	1997.99	849	1.#QNAN	0	0	0	2.86218e-007	2952.87	3279.51	3268.79
3278.56	1997.21	850	1.#QNAN	0	0.016	0	2.90143e-007	2943.95	3278.56	3267.87
3277.65	1996.47	851	1.#QNAN	0	0.015	0	2.76942e-007	2944.74	3277.65	3266.98
3276.71	1995.7	852	1.#QNAN	0	0.016	0	2.9111e-007	2932.67	3276.71	3266.07
3275.76	1994.95	853	1.#QNAN	0	0.016	0	2.7371e-007	2926.16	3275.76	3265.15
3274.79	1994.22	854	1.#QNAN	0	0.015	0	2.77176e-007	2933.62	3274.79	3264.22
3273.9	1993.48	855	1.#QNAN	0	0.016	0	2.85846e-007	2952.27	3273.9	3263.35
3272.96	1992.71	856	1.#QNAN	0	0.015	0	2.79596e-007	2930.56	3272.96	3262.44
3272.06	1991.97	857	1.#QNAN	0	0	0	2.76023e-007	2937.55	3272.06	3261.57
3271.13	1991.21	858	1.#QNAN	0	0.016	0	2.71927e-007	2921.02	3271.13	3260.67
3270.2	1990.47	859	1.#QNAN	0	0.016	0	2.7997e-007	2929.12	3270.2	3259.77
3269.29	1989.73	860	1.#QNAN	0	0.015	0	2.86212e-007	2937.22	3269.29	3258.89
3268.37	1988.99	861	1.#QNAN	0	0.016	0	2.75325e-007	2955.87	3268.37	3258
3267.44	1988.25	862	1.#QNAN	0	0.015	0	2.90312e-007	2932.34	3267.44	3257.1
3266.51	1987.51	863	1.#QNAN	0	0	0	2.78114e-007	2927.04	3266.51	3256.2
3265.57	1986.77	864	1.#QNAN	0	0.016	0	2.82582e-007	2920.45	3265.57	3255.29
3264.64	1986.03	865	1.#QNAN	0	0.016	0	2.82478e-007	2922.09	3264.64	3254.38
3263.72	1985.3	866	1.#QNAN	0	0.015	0	2.78256e-007	2926.82	3263.72	3253.5
3262.86	1984.57	867	1.#QNAN	0	0.016	0	2.85555e-007	2948.66	3262.86	3252.66
3262.01	1983.87	868	1.#QNAN	0	0.016	0	2.74449e-007	2953.64	3262.01	3251.85
3261.15	1983.17	869	1.#QNAN	0	0.015	0	2.86032e-007	2946.13	3261.15	3251.01
3260.28	1982.47	870	1.#QNAN	0	0.016	0	2.92565e-007	2925.11	3260.28	3250.17
3259.41	1981.76	871	1.#QNAN	0	0	0	2.8469e-007	2930.78	3259.41	3249.32
3258.44	1981.03	872	1.#QNAN	0	0.015	0	2.87998e-007	2854.74	3258.44	3248.38
3257.51	1980.29	873	1.#QNAN	0	0.016	0	2.94669e-007	2883.9	3257.51	3247.48
3256.54	1979.54	874	1.#QNAN	0	0.016	0	2.85158e-007	2878.08	3256.54	3246.54
3255.59	1978.8	875	1.#QNAN	0	0.015	0	2.91824e-007	2879.98	3255.59	3245.61
3254.69	1978.09	876	1.#QNAN	0	0.016	0	2.87491e-007	2918.29	3254.69	3244.74
3253.76	1977.37	877	1.#QNAN	0	0.015	0	2.92464e-007	2896.27	3253.76	3243.84
3252.83	1976.64	878	1.#QNAN	0	0	0	2.78776e-007	2910.42	3252.83	3242.94
3251.92	1975.92	879	1.#QNAN	0	0.016	0	2.82079e-007	2911.59	3251.92	3242.05
3251.06	1975.21	880	1.#QNAN	0	0.016	0	2.76449e-007	2925.5	3251.06	3241.21
3250.17	1974.48	881	1.#QNAN	0	0.015	0	2.88059e-007	2909.88	3250.17	3240.35
3249.3	1973.77	882	1.#QNAN	0	0.016	0	2.80947e-007	2924.06	3249.3	3239.51
3248.43	1973.08	883	1.#QNAN	0	0.015	0	2.89094e-007	2934.03	3248.43	3238.67
3247.54	1972.35	884	1.#QNAN	0	0.016	0	2.8697e-007	2928.16	3247.54	3237.81
3246.68	1971.66	885	1.#QNAN	0	0	0	2.73907e-007	2941.74	3246.68	3236.97
3245.87	1971	886	1.#QNAN	0	0.016	0	2.97122e-007	2969.55	3245.87	3236.18
3245.01	1970.32	887	1.#QNAN	0	0.015	0	2.85412e-007	2936.76	3245.01	3235.35
3244.15	1969.63	888	1.#QNAN	0	0.016	0	2.92561e-007	2920.64	3244.15	3234.52
3243.25	1968.94	889	1.#QNAN	0	0.015	0	2.81781e-007	2906.23	3243.25	3233.65
3242.4	1968.27	890	1.#QNAN	0	0.016	0	2.7949e-007	2924.44	3242.4	3232.82
3241.51	1967.58	891	1.#QNAN	0	0.016	0	2.87665e-007	2915.26	3241.51	3231.95
3240.63	1966.88	892	1.#QNAN	0	0	0	2.77531e-007	2920.26	3240.63	3231.1
3239.77	1966.22	893	1.#QNAN	0	0.015	0	2.91933e-007	2923.57	3239.77	3230.27
3238.87	1965.54	894	1.#QNAN	0	0.016	0	2.96299e-007	2921.2	3238.87	3229.4
3238.02	1964.87	895	1.#QNAN	0	0.015	0	2.77837e-007	2946.1	3238.02	3228.57
3237.15	1964.19	896	1.#QNAN	0	0.016	0	2.89343e-007	2938.12	3237.15	3227.72
3236.26	1963.5	897	1.#QNAN	0	0.016	0	2.7944e-007	2946.84	3236.26	3226.87
3235.42	1962.82	898	1.#QNAN	0	0	0	2.9154e-007	2954.46	3235.42	3226.04
3234.59	1962.16	899	1.#QNAN	0	0.015	0	2.88339e-007	2947.91	3234.59	3225.24
3233.75	1961.49	900	1.#QNAN	0	0.016	0	2.81743e-007	2965.7	3233.75	3224.43
3232.93	1960.82	901	1.#QNAN	0	0.015	0	3.01692e-007	2969.55	3232.93	3223.63
3232.12	1960.15	902	1.#QNAN	0	0.016	0	2.88809e-007	2964.3	3232.12	3222.84
3231.3	1959.49	903	1.#QNAN	0	0.016	0	2.85167e-007	2968.24	3231.3	3222.06
3230.43	1958.82	904	1.#QNAN	0	0.015	0	2.80053e-007	2947.84	3230.43	3221.21
3229.56	1958.12	905	1.#QNAN	0	0	0	2.95343e-007	2931.76	3229.56	3220.36
3228.7	1957.44	906	1.#QNAN	0	0.016	0	2.8245e-007	2932.42	3228.7	3219.53
3227.88	1956.79	907	1.#QNAN	0	0.015	0	2.85703e-007	2958.97	3227.88	3218.73
3227.03	1956.09	908	1.#QNAN	0	0.016	0	2.90483e-007	2928.73	3227.03	3217.9
3226.2	1955.41	909	1.#QNAN	0	0.016	0	2.91453e-007	2983.89	3226.2	3217.11
3225.38	1954.73	910	1.#QNAN	0	0.015	0	2.91923e-007	2984.53	3225.38	3216.3
3224.57	1954.06	911	1.#QNAN	0	0.016	0	2.80115e-007	2962.83	3224.57	3215.53
3223.74	1953.39	912	1.#QNAN	0	0	0	2.84315e-007	2956.31	3223.74	3214.71
3222.93	1952.72	913	1.#QNAN	0	0.015	1	2.87013e-007	2973.27	3222.93	3213.94
3222.07	1952.02	914	1.#QNAN	0	0.016	0	2.8957e-007	2932.17	3222.07	3213.09
3221.24	1951.35	915	1.#QNAN	0	0.016	0	2.83938e-007	2947	3221.24	3212.29
3220.39	1950.67	916	1.#QNAN	0	0.015	0	2.93726e-007	2939.5	3220.39	3211.46
3219.52	1949.99	917	1.#QNAN	0	0.016	0	2.78024e-007	2917.4	3219.52	3210.62
3218.7	1949.33	918	1.#QNAN	0	0.015	0	2.81681e-007	2947.36	3218.7	3209.82
3217.85	1948.65	919	1.#QNAN	0	0	0	2.74269e-007	2956.7	3217.85	3209
3216.99	1947.97	920	1.#QNAN	0	0.016	0	2.91217e-007	2935.45	3216.99	3208.16
3216.11	1947.29	921	1.#QNAN	0	0.016	0	2.83502e-007	2938.84	3216.11	3207.31
3215.26	1946.65	922	1.#QNAN	0	0.015	0	2.81918e-007	2948.41	3215.26	3206.49
3214.38	1945.98	923	1.#QNAN	0	0.016	0	2.833e-007	2924.07	3214.38	3205.63
3213.52	1945.32	924	1.#QNAN	0	0.015	0	2.90223e-007	2956.23	3213.52	3204.79
3212.67	1944.67	925	1.#QNAN	0	0.016	0	2.72839e-007	2938.4	3212.67	3203.97
3211.78	1944	926	1.#QNAN	0	0	0	2.91877e-007	2901.49	3211.78	3203.1
3210.9	1943.35	927	1.#QNAN	0	0.016	0	2.84019e-007	2929.23	3210.9	3202.24
3210.01	1942.69	928	1.#QNAN	0	0.015	0	2.75742e-007	2921.9	3210.01	3201.37
3209.21	1942.07	929	1.#QNAN	0	0.016	0	2.77351e-007	2966.66	3209.21	3200.59
3208.43	1941.46	930	1.#QNAN	0	0.015	0	2.85254e-007	3013.94	3208.43	3199.84
3207.58	1940.81	931	1.#QNAN	0	0.016	0	2.92949e-007	2950.77	3207.58	3199.02
3206.75	1940.17	932	1.#QNAN	0	0	0	2.94782e-007	2986.28	3206.75	3198.21
3205.9	1939.52	933	1.#QNAN	0	0.016	0	2.81481e-007	2956.68	3205.9	3197.38
3205.08	1938.89	934	1.#QNAN	0	0.015	0	2.80794e-007	2989.66	3205.08	3196.58
3204.26	1938.26	935	1.#QNAN	0	0.016	0	2.83517e-007	2953.84	3204.26	3195.78
3203.44	1937.63	936	1.#QNAN	0	0.015	0	2.85987e-007	2955.38	3203.44	3194.99
3202.6	1936.98	937	1.#QNAN	0	0.016	0	2.87558e-007	2932.26	3202.6	3194.17
3201.74	1936.33	938	1.#QNAN	0	0.016	0	2.91792e-007	2918.28	3201.74	3193.34
3200.96	1935.7	939	1.#QNAN	0	0	0	2.93021e-007	2943.96	3200.96	3192.57
3200.16	1935.09	940	1.#QNAN	0	0.015	0	2.90767e-007	2944.91	3200.16	3191.79
3199.37	1934.5	941	1.#QNAN	0	0.016	0	2.81841e-007	2937.61	3199.37	3191.03
3198.59	1933.91	942	1.#QNAN	0	0.015	0	2.90525e-007	2924.35	3198.59	3190.27
3197.8	1933.32	943	1.#QNAN	0	0.016	0	2.85684e-007	2923.54	3197.8	3189.5
3197	1932.73	944	1.#QNAN	0	0.016	0	2.86135e-007	2916.01	3197	3188.73
3196.21	1932.13	945	1.#QNAN	0	0	0	2.78387e-007	2916.03	3196.21	3187.95
3195.43	1931.56	946	1.#QNAN	0	0.015	0	2.95956e-007	2938.69	3195.43	3187.19
3194.66	1930.98	947	1.#QNAN	0	0.016	0	2.94899e-007	2945.1	3194.66	3186.45
3193.89	1930.4	948	1.#QNAN	0	0.015	0	2.8113e-007	2931.88	3193.89	3185.7
3193.09	1929.81	949	1.#QNAN	0	0.016	0	2.93328e-007	2918.46	3193.09	3184.93
3192.27	1929.2	950	1.#QNAN	0	0.016	0	2.91789e-007	2893.42	3192.27	3184.12
3191.46	1928.6	951	1.#QNAN	0	0	0	2.9042e-007	2891.09	3191.46	3183.33
3190.6	1927.98	952	1.#QNAN	0	0.015	0	2.88304e-007	2891.38	3190.6	3182.49
3189.76	1927.36	953	1.#QNAN	0	0.016	0	2.88144e-007	2905.81	3189.76	3181.68
3188.93	1926.77	954	1.#QNAN	0	0.015	0	2.91943e-007	2895.69	3188.93	3180.87
3188.07	1926.16	955	1.#QNAN	0	0.016	0	2.83323e-007	2885.62	3188.07	3180.03
3187.26	1925.56	956	1.#QNAN	0	0.016	0	2.96375e-007	2933.18	3187.26	3179.24
3186.45	1924.97	957	1.#QNAN	0	0.015	0	2.98104e-007	2915.45	3186.45	3178.46
3185.67	1924.38	958	1.#QNAN	0	0.016	0	2.88408e-007	2947.9	3185.67	3177.7
3184.88	1923.78	959	1.#QNAN	0	0	0	2.89882e-007	2957.55	3184.88	3176.93
3184.13	1923.21	960	1.#QNAN	0	0.015	0	2.76275e-007	2960	3184.13	3176.2
3183.37	1922.62	961	1.#QNAN	0	0.016	0	2.90167e-007	2941.56	3183.37	3175.47
3182.61	1922.04	962	1.#QNAN	0	0.016	0	2.72614e-007	2933.25	3182.61	3174.73
3181.84	1921.46	963	1.#QNAN	0	0.015	0	2.9183e-007	2913.14	3181.84	3173.97
3181.09	1920.87	964	1.#QNAN	0	0.016	0	2.93556e-007	2941.08	3181.09	3173.25
3180.33	1920.27	965	1.#QNAN	0	0.015	0	2.82009e-007	2915.38	3180.33	3172.51
3179.57	1919.69	966	1.#QNAN	0	0	0	2.84977e-007	2940.13	3179.57	3171.77
3178.84	1919.1	967	1.#QNAN	0	0.016	0	2.89836e-007	2965.46	3178.84	3171.07
3178.07	1918.51	968	1.#QNAN	0	0.016	0	2.97366e-007	2919.71	3178.07	3170.31
3177.37	1917.94	969	1.#QNAN	0	0.015	0	2.81705e-007	2965.19	3177.37	3169.63
3176.66	1917.36	970	1.#QNAN	0	0.016	0	2.8009e-007	2980.19	3176.66	3168.94
3175.92	1916.79	971	1.#QNAN	0	0.015	0	2.85735e-007	2942.54	3175.92	3168.23
3175.2	1916.21	972	1.#QNAN	0	0.016	0	2.90161e-007	2962.2	3175.2	3167.52
3174.45	1915.64	973	1.#QNAN	0	0.016	0	2.76057e-007	2929.93	3174.45	3166.8
3173.73	1915.08	974	1.#QNAN	0	0	0	2.89335e-007	2930.91	3173.73	3166.09
3173.02	1914.54	975	1.#QNAN	0	0.015	0	2.80696e-007	2936.54	3173.02	3165.4
3172.27	1913.97	976	1.#QNAN	0	0.016	0	2.93754e-007	2914.4	3172.27	3164.67
3171.54	1913.41	977	1.#QNAN	0	0.015	0	2.96456e-007	2926.27	3171.54	3163.96
3170.81	1912.84	978	1.#QNAN	0	0.016	0	2.84067e-007	2925.08	3170.81	3163.25
3170.11	1912.29	979	1.#QNAN	0	0.016	0	2.89799e-007	2937.66	3170.11	3162.57
3169.42	1911.73	980	1.#QNAN	0	0.015	0	2.958e-007	2936.65	3169.42	3161.9
3168.69	1911.16	981	1.#QNAN	0	0	0	2.81081e-007	2918.28	3168.69	3161.19
3168	1910.62	982	1.#QNAN	0	0.016	0	2.98436e-007	2959.54	3168	3160.52
3167.26	1910.05	983	1.#QNAN	0	0.015	0	2.81432e-007	2917.21	3167.26	3159.8
3166.56	1909.48	984	1.#QNAN	0	0.016	0	2.87838e-007	2933.35	3166.56	3159.12
3165.82	1908.9	985	1.#QNAN	0	0.016	0	2.8986e-007	2934.31	3165.82	3158.4
3165.11	1908.33	986	1.#QNAN	0	0.015	0	3.02577e-007	2965.53	3165.11	3157.71
3164.39	1907.76	987	1.#QNAN	0	0	0	2.9632e-007	2941.61	3164.39	3157.01
3163.69	1907.19	988	1.#QNAN	0	0.016	1	2.87033e-007	2931.63	3163.69	3156.32
3162.96	1906.64	989	1.#QNAN	0	0.015	0	2.94501e-007	2906.56	3162.96	3155.62
3162.26	1906.09	990	1.#QNAN	0	0.016	0	2.89725e-007	2928.7	3162.26	3154.93
3161.56	1905.55	991	1.#QNAN	0	0.016	0	2.85668e-007	2942.46	3161.56	3154.25
3160.88	1905.01	992	1.#QNAN	0	0.015	0	2.85257e-007	2936.84	3160.88	3153.59
3160.23	1904.48	993	1.#QNAN	0	0.016	0	2.83539e-007	2975.22	3160.23	3152.96
3159.56	1903.93	994	1.#QNAN	0	0	0	2.89372e-007	2971.62	3159.56	3152.31
3158.88	1903.39	995	1.#QNAN	0	0.015	0	2.79365e-007	2959.57	3158.88	3151.64
3158.18	1902.85	996	1.#QNAN	0	0.016	0	2.87866e-007	2941.75	3158.18	3150.97
3157.49	1902.31	997	1.#QNAN	0	0.016	0	2.84059e-007	2944.48	3157.49	3150.3
3156.8	1901.77	998	1.#QNAN	0	0.015	0	2.84878e-007	2936.18	3156.8	3149.63
3156.11	1901.24	999	1.#QNAN	0	0.016	0	2.79251e-007	2963.62	3156.11	3148.96
3155.44	1900.71	1000	1.#QNAN	0	0	0	2.85068e-007	2975.6	3155.44	3148.31
3154.81	1900.19	1001	1.#QNAN	0	0.015	0	2.9542e-007	2983.26	3154.81	3147.69
3154.15	1899.65	1002	1.#QNAN	0	0.016	0	2.91825e-007	2955.56	3154.15	3147.05
3153.49	1899.12	1003	1.#QNAN	0	0.016	0	2.90589e-007	2961.98	3153.49	3146.41
3152.81	1898.58	1004	1.#QNAN	0	0.015	0	2.83549e-007	2941.65	3152.81	3145.75
3152.09	1898.04	1005	1.#QNAN	0	0.016	0	2.96027e-007	2903.92	3152.09	3145.04
3151.41	1897.51	1006	1.#QNAN	0	0.015	0	2.94482e-007	2937.7	3151.41	3144.39
3150.75	1896.99	1007	1.#QNAN	0	0	0	2.94931e-007	2952.62	3150.75	3143.75
3150.09	1896.45	1008	1.#QNAN	0	0.016	0	2.96684e-007	2929.58	3150.09	3143.1
3149.42	1895.93	1009	1.#QNAN	0	0.016	0	3.04682e-007	2914.87	3149.42	3142.46
3148.74	1895.4	1010	1.#QNAN	0	0.015	0	2.88211e-007	2922.42	3148.74	3141.79
3148.08	1894.87	1011	1.#QNAN	0	0.016	0	2.98611e-007	2929.4	3148.08	3141.15
3147.36	1894.34	1012	1.#QNAN	0	0.015	0	2.84648e-007	2882.04	3147.36	3140.45
3146.7	1893.81	1013	1.#QNAN	0	0	0	2.94592e-007	2919.56	3146.7	3139.8
3146.04	1893.29	1014	1.#QNAN	0	0.016	0	2.90487e-007	2931.78	3146.04	3139.16
3145.34	1892.76	1015	1.#QNAN	0	0.016	0	2.86691e-007	2904.85	3145.34	3138.48
3144.66	1892.23	1016	1.#QNAN	0	0.015	0	3.01532e-007	2888.47	3144.66	3137.81
3143.98	1891.72	1017	1.#QNAN	0	0.016	0	2.87192e-007	2907.43	3143.98	3137.16
3143.34	1891.22	1018	1.#QNAN	0	0.015	0	2.95214e-007	2936.95	3143.34	3136.53
3142.66	1890.69	1019	1.#QNAN	0	0.016	0	2.98781e-007	2900.21	3142.66	3135.87
3142	1890.2	1020	1.#QNAN	0	0	0	2.97535e-007	2909.52	3142	3135.23
3141.33	1889.68	1021	1.#QNAN	0	0.016	0	2.94297e-007	2901.49	3141.33	3134.58
3140.66	1889.17	1022	1.#QNAN	0	0.015	0	2.9568e-007	2883.91	3140.66	3133.92
3140.02	1888.67	1023	1.#QNAN	0	0.016	0	2.91116e-007	2935.88	3140.02	3133.3
3139.37	1888.16	1024	1.#QNAN	0	0.015	0	2.97636e-007	2900.44	3139.37	3132.67
3138.72	1887.64	1025	1.#QNAN	0	0.016	0	2.93073e-007	2915.54	3138.72	3132.03
3138.02	1887.12	1026	1.#QNAN	0	0	0	2.92151e-007	2908.55	3138.02	3131.35
3137.34	1886.6	1027	1.#QNAN	0	0.016	0	2.92054e-007	2940.53	3137.34	3130.69
3136.64	1886.06	1028	1.#QNAN	0	0.015	0	3.00062e-007	2904.3	3136.64	3130.01
3135.99	1885.55	1029	1.#QNAN	0	0.016	0	3.04177e-007	2925.5	3135.99	3129.37
3135.38	1885.03	1030	1.#QNAN	0	0.015	0	2.86273e-007	2921.82	3135.38	3128.78
3134.76	1884.51	1031	1.#QNAN	0	0.016	0	2.91821e-007	2907.89	3134.76	3128.18
3134.15	1884.01	1032	1.#QNAN	0	0.016	0	2.90591e-007	2925.38	3134.15	3127.58
3133.5	1883.48	1033	1.#QNAN	0	0	0	2.88046e-007	2889.18	3133.5	3126.95
3132.85	1882.96	1034	1.#QNAN	0	0.015	0	2.97817e-007	2901.2	3132.85	3126.31
3132.17	1882.44	1035	1.#QNAN	0	0.016	0	2.87254e-007	2874.67	3132.17	3125.66
3131.5	1881.94	1036	1.#QNAN	0	0.015	0	2.99326e-007	2870.52	3131.5	3125
3130.87	1881.42	1037	1.#QNAN	0	0.016	0	2.84825e-007	2900.39	3130.87	3124.39
3130.25	1880.91	1038	1.#QNAN	0	0.016	0	2.91782e-007	2916.62	3130.25	3123.79
3129.63	1880.4	1039	1.#QNAN	0	0	0	2.88761e-007	2905.67	3129.63	3123.18
3128.99	1879.88	1040	1.#QNAN	0	0.015	0	2.83271e-007	2897.85	3128.99	3122.56
3128.35	1879.37	1041	1.#QNAN	0	0.016	0	2.98586e-007	2889.83	3128.35	3121.94
3127.7	1878.86	1042	1.#QNAN	0	0.015	0	2.98944e-007	2891.79	3127.7	3121.3
3127.08	1878.37	1043	1.#QNAN	0	0.016	0	3.04911e-007	2911.06	3127.08	3120.69
3126.45	1877.86	1044	1.#QNAN	0	0.016	0	2.9655e-007	2879.88	3126.45	3120.09
3125.84	1877.36	1045	1.#QNAN	0	0.015	0	3.0089e-007	2904.01	3125.84	3119.49
3125.24	1876.88	1046	1.#QNAN	0	0	0	2.96021e-007	2912.99	3125.24	3118.91
3124.62	1876.38	1047	1.#QNAN	0	0.016	0	2.93654e-007	2872.17	3124.62	3118.31
3124.01	1875.88	1048	1.#QNAN	0	0.015	0	2.93854e-007	2870.32	3124.01	3117.71
3123.39	1875.38	1049	1.#QNAN	0	0.016	0	2.86833e-007	2874.67	3123.39	3117.11
3122.74	1874.87	1050	1.#QNAN	0	0.016	0	2.95436e-007	2860.01	3122.74	3116.48
3122.13	1874.38	1051	1.#QNAN	0	0.015	0	2.87175e-007	2893.64	3122.13	3115.89
3121.53	1873.88	1052	1.#QNAN	0	0.016	0	2.99028e-007	2923.07	3121.53	3115.3
3120.9	1873.39	1053	1.#QNAN	0	0	0	2.89259e-007	2878.56	3120.9	3114.69
3120.22	1872.89	1054	1.#QNAN	0	0.015	0	2.9604e-007	2838.13	3120.22	3114.02
3119.53	1872.38	1055	1.#QNAN	0	0.016	0	2.95673e-007	2862.74	3119.53	3113.35
3118.88	1871.88	1056	1.#QNAN	0	0.016	0	2.98484e-007	2871.6	3118.88	3112.72
3118.21	1871.37	1057	1.#QNAN	0	0.015	0	3.01058e-007	2872.82	3118.21	3112.07
3117.57	1870.87	1058	1.#QNAN	0	0.016	0	3.02769e-007	2896.41	3117.57	3111.44
3116.91	1870.37	1059	1.#QNAN	0	0	0	2.96808e-007	2881.71	3116.91	3110.8
3116.28	1869.88	1060	1.#QNAN	0	0.015	0	2.96019e-007	2907.8	3116.28	3110.19
3115.66	1869.39	1061	1.#QNAN	0	0.016	0	2.93687e-007	2899.35	3115.66	3109.58
3115	1868.89	1062	1.#QNAN	0	0.016	0	3.03544e-007	2844.05	3115	3108.94
3114.39	1868.41	1063	1.#QNAN	0	0.015	1	2.98344e-007	2870.35	3114.39	3108.34
3113.76	1867.92	1064	1.#QNAN	0	0.016	0	2.98821e-007	2894.02	3113.76	3107.72
3113.13	1867.45	1065	1.#QNAN	0	0.015	0	2.96835e-007	2896.4	3113.13	3107.11
3112.5	1866.97	1066	1.#QNAN	0	0	0	2.90763e-007	2894.73	3112.5	3106.49
3111.88	1866.5	1067	1.#QNAN	0	0.016	0	3.00585e-007	2876.91	3111.88	3105.89
3111.26	1866.03	1068	1.#QNAN	0	0.016	0	2.90202e-007	2892.17	3111.26	3105.29
3110.64	1865.57	1069	1.#QNAN	0	0.015	0	2.94933e-007	2903.4	3110.64	3104.68
3110.05	1865.11	1070	1.#QNAN	0	0.016	0	2.95518e-007	2904.02	3110.05	3104.1
3109.41	1864.64	1071	1.#QNAN	0	0.015	0	2.97693e-007	2863.48	3109.41	3103.48
3108.79	1864.19	1072	1.#QNAN	0	0.016	0	2.9816e-007	2878.94	3108.79	3102.88
3108.17	1863.72	1073	1.#QNAN	0	0.016	0	2.94541e-007	2883.85	3108.17	3102.27
3107.56	1863.27	1074	1.#QNAN	0	0.015	0	3.00763e-007	2920.72	3107.56	3101.68
3106.92	1862.81	1075	1.#QNAN	0	0	0	2.96721e-007	2900.71	3106.92	3101.05
3106.23	1862.33	1076	1.#QNAN	0	0.016	0	2.87077e-007	2856.32	3106.23	3100.38
3105.57	1861.85	1077	1.#QNAN	0	0.015	0	2.92835e-007	2856.82	3105.57	3099.73
3104.89	1861.38	1078	1.#QNAN	0	0.016	0	3.03981e-007	2828.88	3104.89	3099.06
3104.19	1860.9	1079	1.#QNAN	0	0.016	0	2.99176e-007	2811.15	3104.19	3098.37
3103.48	1860.4	1080	1.#QNAN	0	0.015	0	2.8629e-007	2818.15	3103.48	3097.69
3102.79	1859.92	1081	1.#QNAN	0	0.016	0	2.92019e-007	2809.87	3102.79	3097.01
3102.1	1859.45	1082	1.#QNAN	0	0	0	2.97236e-007	2814.57	3102.1	3096.33
3101.43	1858.99	1083	1.#QNAN	0	0.015	0	2.97354e-007	2811.62	3101.43	3095.68
3100.75	1858.51	1084	1.#QNAN	0	0.016	0	2.96668e-007	2785.34	3100.75	3095.01
3100.06	1858.03	1085	1.#QNAN	0	0.016	0	3.02662e-007	2796.81	3100.06	3094.34
3099.41	1857.56	1086	1.#QNAN	0	0.015	0	3.02384e-007	2829.87	3099.41	3093.7
3098.7	1857.08	1087	1.#QNAN	0	0.016	0	3.07151e-007	2789.96	3098.7	3093
3098.03	1856.59	1088	1.#QNAN	0	0.015	0	2.88787e-007	2830.45	3098.03	3092.35
3097.42	1856.12	1089	1.#QNAN	0	0	0	3.16123e-007	2825.89	3097.42	3091.75
3096.8	1855.65	1090	1.#QNAN	0	0.016	0	3.03511e-007	2826.09	3096.8	3091.14
3096.16	1855.19	1091	1.#QNAN	0	0.016	0	2.9238e-007	2810.05	3096.16	3090.52
3095.55	1854.73	1092	1.#QNAN	0	0.015	0	2.92875e-007	2817.1	3095.55	3089.91
3094.93	1854.27	1093	1.#QNAN	0	0.016	0	2.99625e-007	2835.01	3094.93	3089.31
3094.31	1853.81	1094	1.#QNAN	0	0.015	0	3.01331e-007	2815.18	3094.31	3088.7
3093.69	1853.34	1095	1.#QNAN	0	0.016	0	2.98053e-007	2786.77	3093.69	3088.1
3093.05	1852.87	1096	1.#QNAN	0	0	0	3.00172e-007	2778.41	3093.05	3087.47
3092.4	1852.4	1097	1.#QNAN	0	0.016	0	2.98846e-007	2777.61	3092.4	3086.84
3091.77	1851.95	1098	1.#QNAN	0	0.015	0	3.00241e-007	2782.08	3091.77	3086.22
3091.14	1851.49	1099	1.#QNAN	0	0.016	0	3.05539e-007	2774.85	3091.14	3085.6
3090.48	1851.03	1100	1.#QNAN	0	0.015	0	2.93833e-007	2757.85	3090.48	3084.96
3089.8	1850.55	1101	1.#QNAN	0	0.016	0	2.9759e-007	2744.83	3089.8	3084.29
3089.11	1850.08	1102	1.#QNAN	0	0	0	3.05017e-007	2752.33	3089.11	3083.61
3088.41	1849.62	1103	1.#QNAN	0	0.016	0	2.97328e-007	2752.64	3088.41	3082.93
3087.75	1849.14	1104	1.#QNAN	0	0.015	0	3.08409e-007	2763.86	3087.75	3082.28
3087.1	1848.66	1105	1.#QNAN	0	0.016	0	2.93383e-007	2768.81	3087.1	3081.64
3086.43	1848.18	1106	1.#QNAN	0	0.015	0	2.94164e-007	2785.63	3086.43	3080.99
3085.76	1847.69	1107	1.#QNAN	0	0.016	0	3.05358e-007	2803.25	3085.76	3080.33
3085.13	1847.22	1108	1.#QNAN	0	0.016	0	2.91075e-007	2802.42	3085.13	3079.71
3084.45	1846.75	1109	1.#QNAN	0	0	0	3.13081e-007	2777.96	3084.45	3079.05
3083.81	1846.28	1110	1.#QNAN	0	0.015	0	2.92797e-007	2790.15	3083.81	3078.41
3083.13	1845.8	1111	1.#QNAN	0	0.016	0	2.96394e-007	2771.29	3083.13	3077.75
3082.49	1845.35	1112	1.#QNAN	0	0.015	0	3.03121e-007	2816.8	3082.49	3077.12
3081.85	1844.88	1113	1.#QNAN	0	0.016	0	3.04332e-007	2811.37	3081.85	3076.49
3081.2	1844.41	1114	1.#QNAN	0	0.016	0	3.06276e-007	2807.65	3081.2	3075.85
3080.56	1843.94	1115	1.#QNAN	0	0.015	0	3.05616e-007	2830.35	3080.56	3075.23
3079.89	1843.48	1116	1.#QNAN	0	0	0	2.99906e-007	2823.32	3079.89	3074.58
3079.3	1843.01	1117	1.#QNAN	0	0.016	0	2.97187e-007	2838.22	3079.3	3074
3078.66	1842.55	1118	1.#QNAN	0	0.015	0	2.98488e-007	2787.3	3078.66	3073.36
3078.06	1842.09	1119	1.#QNAN	0	0.016	0	3.01405e-007	2837.45	3078.06	3072.79
3077.45	1841.62	1120	1.#QNAN	0	0.016	0	3.06097e-007	2819.13	3077.45	3072.19
3076.85	1841.18	1121	1.#QNAN	0	0.015	0	2.97178e-007	2826.46	3076.85	3071.6
3076.24	1840.73	1122	1.#QNAN	0	0.016	0	3.03274e-007	2841.12	3076.24	3071
3075.62	1840.28	1123	1.#QNAN	0	0.015	0	2.97468e-007	2806.01	3075.62	3070.4
3075.02	1839.82	1124	1.#QNAN	0	0	0	2.98186e-007	2834.88	3075.02	3069.81
3074.44	1839.38	1125	1.#QNAN	0	0.016	0	3.03613e-007	2856.21	3074.44	3069.25
3073.85	1838.93	1126	1.#QNAN	0	0.016	0	3.01778e-007	2821.27	3073.85	3068.67
3073.24	1838.5	1127	1.#QNAN	0	0.015	0	2.97484e-007	2821.01	3073.24	3068.07
3072.63	1838.06	1128	1.#QNAN	0	0.016	0	2.97078e-007	2821.68	3072.63	3067.47
3072.04	1837.61	1129	1.#QNAN	0	0.015	0	3.16683e-007	2827.32	3072.04	3066.9
3071.44	1837.17	1130	1.#QNAN	0	0	0	3.09445e-007	2821.79	3071.44	3066.31
3070.85	1836.73	1131	1.#QNAN	0	0	0	3.03266e-007	2783.96	3070.85	3065.73
3070.27	1836.29	1132	1.#QNAN	0	0.016	0	3.05938e-007	2838.33	3070.27	3065.16
3069.71	1835.84	1133	1.#QNAN	0	0.015	0	3.01331e-007	2838.27	3069.71	3064.62
3069.12	1835.39	1134	1.#QNAN	0	0.016	0	3.06918e-007	2804.73	3069.12	3064.04
3068.54	1834.96	1135	1.#QNAN	0	0.015	0	3.04319e-007	2807.52	3068.54	3063.47
3067.96	1834.51	1136	1.#QNAN	0	0.016	0	2.98377e-007	2815.89	3067.96	3062.9
3067.41	1834.07	1137	1.#QNAN	0	0	0	3.01243e-007	2829.9	3067.41	3062.37
3066.85	1833.65	1138	1.#QNAN	0	0.016	1	3.04593e-007	2838.54	3066.85	3061.82
3066.26	1833.2	1139	1.#QNAN	0	0.015	0	2.98728e-007	2796.26	3066.26	3061.24
3065.7	1832.77	1140	1.#QNAN	0	0.016	0	3.0781e-007	2811.18	3065.7	3060.69
3065.13	1832.35	1141	1.#QNAN	0	0.015	0	3.09233e-007	2787.61	3065.13	3060.13
3064.57	1831.92	1142	1.#QNAN	0	0.016	0	3.01451e-007	2806.96	3064.57	3059.58
3064.03	1831.49	1143	1.#QNAN	0	0	0	3.10516e-007	2819.03	3064.03	3059.06
3063.47	1831.07	1144	1.#QNAN	0	0.016	0	3.22507e-007	2793.43	3063.47	3058.51
3062.93	1830.65	1145	1.#QNAN	0	0.015	0	3.07425e-007	2826.47	3062.93	3057.98
3062.38	1830.24	1146	1.#QNAN	0	0.016	0	2.96683e-007	2798.28	3062.38	3057.44
3061.8	1829.81	1147	1.#QNAN	0	0.015	0	3.06324e-007	2785.26	3061.8	3056.87
3061.23	1829.4	1148	1.#QNAN	0	0.016	0	3.00471e-007	2802.44	3061.23	3056.31
3060.65	1828.97	1149	1.#QNAN	0	0.016	0	2.93132e-007	2816.63	3060.65	3055.74
3060.03	1828.54	1150	1.#QNAN	0	0	0	3.05071e-007	2765.77	3060.03	3055.14
3059.42	1828.09	1151	1.#QNAN	0	0.015	0	3.11699e-007	2790.66	3059.42	3054.54
3058.81	1827.66	1152	1.#QNAN	0	0.016	0	3.15935e-007	2779.04	3058.81	3053.94
3058.21	1827.21	1153	1.#QNAN	0	0.015	0	2.93049e-007	2770.29	3058.21	3053.36
3057.65	1826.78	1154	1.#QNAN	0	0.016	0	3.02029e-007	2786.44	3057.65	3052.81
3057.05	1826.35	1155	1.#QNAN	0	0.016	0	3.13259e-007	2751.78	3057.05	3052.22
3056.47	1825.93	1156	1.#QNAN	0	0	0	3.03339e-007	2794.04	3056.47	3051.65
3055.88	1825.51	1157	1.#QNAN	0	0.015	0	3.14559e-007	2821.2	3055.88	3051.07
3055.29	1825.08	1158	1.#QNAN	0	0.016	0	3.02146e-007	2805.75	3055.29	3050.49
3054.7	1824.64	1159	1.#QNAN	0	0.015	0	3.06611e-007	2791.96	3054.7	3049.92
3054.15	1824.23	1160	1.#QNAN	0	0.016	0	3.01953e-007	2800.56	3054.15	3049.37
3053.6	1823.81	1161	1.#QNAN	0	0.016	0	3.20741e-007	2811.18	3053.6	3048.84
3053.02	1823.39	1162	1.#QNAN	0	0.015	0	3.04224e-007	2770.59	3053.02	3048.27
3052.47	1822.99	1163	1.#QNAN	0	0.016	0	3.04817e-007	2785.69	3052.47	3047.73
3051.93	1822.58	1164	1.#QNAN	0	0	0	3.11032e-007	2806.22	3051.93	3047.21
3051.37	1822.18	1165	1.#QNAN	0	0.015	0	2.94719e-007	2783.02	3051.37	3046.65
3050.81	1821.76	1166	1.#QNAN	0	0.016	0	3.03372e-007	2781.01	3050.81	3046.1
3050.24	1821.34	1167	1.#QNAN	0	0.016	0	2.9832e-007	2794.4	3050.24	3045.55
3049.67	1820.92	1168	1.#QNAN	0	0.015	0	3.10936e-007	2842.5	3049.67	3044.99
3049.09	1820.49	1169	1.#QNAN	0	0.016	0	2.90686e-007	2812.09	3049.09	3044.42
3048.5	1820.07	1170	1.#QNAN	0	0	0	3.06543e-007	2792.54	3048.5	3043.84
3047.92	1819.65	1171	1.#QNAN	0	0	0	3.04452e-007	2792.56	3047.92	3043.27
3047.35	1819.23	1172	1.#QNAN	0	0.016	0	2.92631e-007	2768.29	3047.35	3042.71
3046.8	1818.81	1173	1.#QNAN	0	0.016	0	3.07929e-007	2807.99	3046.8	3042.17
3046.21	1818.38	1174	1.#QNAN	0	0.015	0	2.97139e-007	2762.25	3046.21	3041.59
3045.65	1817.96	1175	1.#QNAN	0	0.016	0	3.06987e-007	2790.66	3045.65	3041.04
3045.1	1817.56	1176	1.#QNAN	0	0.015	0	2.99659e-007	2803.15	3045.1	3040.5
3044.56	1817.15	1177	1.#QNAN	0	0.016	0	2.98711e-007	2802.72	3044.56	3039.97
3044.02	1816.77	1178	1.#QNAN	0	0	0	2.98331e-007	2767.51	3044.02	3039.45
3043.51	1816.37	1179	1.#QNAN	0	0.016	0	3.05101e-007	2840.2	3043.51	3038.95
3042.98	1815.97	1180	1.#QNAN	0	0.015	0	2.98602e-007	2806.66	3042.98	3038.43
3042.44	1815.56	1181	1.#QNAN	0	0.016	0	3.04782e-007	2816.88	3042.44	3037.9
3041.88	1815.15	1182	1.#QNAN	0	0.015	0	2.95138e-007	2781.38	3041.88	3037.35
3041.34	1814.75	1183	1.#QNAN	0	0.016	0	2.9883e-007	2779.32	3041.34	3036.82
3040.75	1814.33	1184	1.#QNAN	0	0.016	0	3.04903e-007	2771.51	3040.75	3036.25
3040.18	1813.91	1185	1.#QNAN	0	0	0	3.10119e-007	2770.42	3040.18	3035.68
3039.56	1813.5	1186	1.#QNAN	0	0.015	0	3.15695e-007	2758.94	3039.56	3035.08
3038.96	1813.07	1187	1.#QNAN	0	0.016	0	2.98891e-007	2771.77	3038.96	3034.49
3038.39	1812.66	1188	1.#QNAN	0	0.015	0	3.13984e-007	2752.84	3038.39	3033.92
3037.8	1812.24	1189	1.#QNAN	0	0.016	0	3.01471e-007	2739.74	3037.8	3033.35
3037.23	1811.83	1190	1.#QNAN	0	0.016	0	2.96741e-007	2757.02	3037.23	3032.78
3036.64	1811.39	1191	1.#QNAN	0	0	0	3.054e-007	2757.29	3036.64	3032.21
3036.07	1810.97	1192	1.#QNAN	0	0.015	0	2.97989e-007	2781.91	3036.07	3031.65
3035.48	1810.54	1193	1.#QNAN	0	0.016	0	2.97894e-007	2752.16	3035.48	3031.06
3034.91	1810.11	1194	1.#QNAN	0	0.015	0	3.19286e-007	2767.05	3034.91	3030.5
3034.32	1809.69	1195	1.#QNAN	0	0.016	0	3.11053e-007	2788.63	3034.32	3029.93
3033.73	1809.25	1196	1.#QNAN	0	0.016	0	3.05619e-007	2775.27	3033.73	3029.35
3033.14	1808.81	1197	1.#QNAN	0	0.015	0	3.11522e-007	2782.35	3033.14	3028.77
3032.56	1808.38	1198	1.#QNAN	0	0	0	3.25184e-007	2779.78	3032.56	3028.2
3031.99	1807.95	1199	1.#QNAN	0	0.016	0	3.18902e-007	2822.85	3031.99	3027.64
