rmse	mae	#iter	time_pred	time_learn	time_learn2	time_learn4	alpha	rmse_mcmc_this	rmse_mcmc_all	rmse_mcmc_all_but5
1867.99	1389.45	0	1.#QNAN	0	0	0	5.1782e-008	1867.99	1867.99	3999.82
1538.73	1148.53	1	1.#QNAN	0	0	0	2.49061e-007	1490.8	1538.73	3999.82
1493.33	1105.82	2	1.#QNAN	0	0.016	0	4.41028e-007	1494.79	1493.33	3999.82
1473.88	1086.79	3	1.#QNAN	0	0	0	4.28737e-007	1481.79	1473.88	3999.82
1459.42	1072.57	4	1.#QNAN	0	0	0	4.37451e-007	1444.07	1459.42	37739.9
1446.9	1061.73	5	1.#QNAN	0	0.016	0	4.45064e-007	1424.42	1446.9	1424.42
1440.37	1053.77	6	1.#QNAN	0	0	0	4.76009e-007	1435.41	1440.37	1422.92
1434.2	1047.81	7	1.#QNAN	0	0	0	4.82773e-007	1417.43	1434.2	1417.87
1425.98	1038.84	8	1.#QNAN	0	0.015	0	4.66792e-007	1386.36	1425.98	1407.08
1418.05	1030.27	9	1.#QNAN	0	0	0	4.80262e-007	1373.44	1418.05	1397.71
1410.17	1022.73	10	1.#QNAN	0	0	0	4.92086e-007	1360.14	1410.17	1388.02
1402.79	1015.65	11	1.#QNAN	0	0	0	4.89233e-007	1361.9	1402.79	1381.03
1396.07	1008.81	12	1.#QNAN	0	0	0	4.91695e-007	1366.81	1396.07	1375.49
1389.76	1001.58	13	1.#QNAN	0	0	0	5.22852e-007	1354.17	1389.76	1369.99
1381.66	994.123	14	1.#QNAN	0	0	0	5.07563e-007	1317.05	1381.66	1361.87
1375.16	988.449	15	1.#QNAN	0	0.015	0	5.14765e-007	1337.88	1375.16	1356.14
1368.36	982.347	16	1.#QNAN	0	0	0	5.31914e-007	1328.78	1368.36	1350.28
1363.73	977.244	17	1.#QNAN	0	0	0	5.40254e-007	1342.97	1363.73	1347.01
1358.64	971.927	18	1.#QNAN	0	0.016	0	5.36108e-007	1335.04	1358.64	1343.03
1353.87	966.403	19	1.#QNAN	0	0	0	5.31596e-007	1341.88	1353.87	1339.43
1350.58	962.247	20	1.#QNAN	0	0	0	5.52332e-007	1362.59	1350.58	1337.75
1347.19	958.243	21	1.#QNAN	0	0.016	0	5.67574e-007	1367.45	1347.19	1335.84
1343.94	954.144	22	1.#QNAN	0	0	0	5.5612e-007	1359.01	1343.94	1333.81
1340.53	950.011	23	1.#QNAN	0	0	0	5.56089e-007	1354	1340.53	1331.55
1337.87	945.867	24	1.#QNAN	0	0	0	5.60703e-007	1361.55	1337.87	1330.07
1335.81	942.392	25	1.#QNAN	0	0	0	5.59767e-007	1358.76	1335.81	1329.02
1333.39	939.198	26	1.#QNAN	0	0	0	5.62632e-007	1361.2	1333.39	1327.69
1331.9	937.096	27	1.#QNAN	0	0	0	5.8487e-007	1371.77	1331.9	1327.25
1330.44	934.837	28	1.#QNAN	0	0.016	0	5.74371e-007	1371.85	1330.44	1326.79
1329.79	933.585	29	1.#QNAN	0	0	0	5.64738e-007	1409.49	1329.79	1327.38
1329.11	932.223	30	1.#QNAN	0	0	0	5.73741e-007	1430.32	1329.11	1327.97
1328.88	930.972	31	1.#QNAN	0	0.015	0	5.9338e-007	1436.72	1328.88	1328.91
1329.15	930.257	32	1.#QNAN	0	0	0	5.90103e-007	1438.78	1329.15	1330.3
1329.1	929.02	33	1.#QNAN	0	0	0	5.84199e-007	1435.65	1329.1	1331.27
1328.6	927.273	34	1.#QNAN	0	0.016	0	6.07827e-007	1429.86	1328.6	1331.7
1328.58	926.053	35	1.#QNAN	0	0	0	6.03268e-007	1436.3	1328.58	1332.54
1328.88	925.141	36	1.#QNAN	0	0	0	5.83996e-007	1441.05	1328.88	1333.66
1329.92	924.471	37	1.#QNAN	0	0.016	0	5.85714e-007	1469.28	1329.92	1335.57
1330.06	923.54	38	1.#QNAN	0	0	0	5.87763e-007	1439.16	1330.06	1336.41
1330.74	922.804	39	1.#QNAN	0	0	0	5.96112e-007	1461.21	1330.74	1337.81
1331.05	922.081	40	1.#QNAN	0	0.015	0	6.0845e-007	1429.92	1331.05	1338.62
1331.53	921.245	41	1.#QNAN	0	0	0	6.13707e-007	1451.48	1331.53	1339.71
1332.18	920.584	42	1.#QNAN	0	0	0	6.07551e-007	1458.13	1332.18	1340.93
1332.91	919.807	43	1.#QNAN	0	0	0	5.99018e-007	1466.72	1332.91	1342.22
1334	919.292	44	1.#QNAN	0	0	0	6.06692e-007	1489.32	1334	1343.89
1335.01	918.857	45	1.#QNAN	0	0	0	6.27971e-007	1494.38	1335.01	1345.43
1336.1	918.545	46	1.#QNAN	0	0	0	6.20388e-007	1493.61	1336.1	1346.99
1336.93	917.88	47	1.#QNAN	0	0.015	0	6.09894e-007	1474.63	1336.93	1348.25
1338.13	917.481	48	1.#QNAN	0	0	0	6.01502e-007	1498.56	1338.13	1349.87
1339.33	916.944	49	1.#QNAN	0	0	0	6.19885e-007	1504.31	1339.33	1351.5
1340.89	916.551	50	1.#QNAN	0	0.016	0	6.14886e-007	1528.86	1340.89	1353.48
1342.27	915.769	51	1.#QNAN	0	0	0	6.40949e-007	1542.15	1342.27	1355.27
1343.54	915.132	52	1.#QNAN	0	0	0	6.09015e-007	1523.96	1343.54	1356.85
1344.93	914.452	53	1.#QNAN	0	0.016	0	6.39828e-007	1544.66	1344.93	1358.6
1346.21	913.819	54	1.#QNAN	0	0	0	6.60051e-007	1549.17	1346.21	1360.21
1347.31	913.146	55	1.#QNAN	0	0	0	6.42539e-007	1531.29	1347.31	1361.57
1348.28	912.256	56	1.#QNAN	0	0.015	0	6.31205e-007	1532.91	1348.28	1362.78
1349.11	911.168	57	1.#QNAN	0	0	0	6.56713e-007	1508.9	1349.11	1363.78
1349.3	909.99	58	1.#QNAN	0	0	0	6.55198e-007	1483.57	1349.3	1364.02
1349.57	908.739	59	1.#QNAN	0	0.016	0	6.70777e-007	1483.21	1349.57	1364.34
1349.4	907.305	60	1.#QNAN	0	0	0	6.85072e-007	1463.86	1349.4	1364.12
1349.41	906.391	61	1.#QNAN	0	0	0	6.92619e-007	1479.1	1349.41	1364.04
1349.06	905.307	62	1.#QNAN	0	0	0	6.77438e-007	1459.14	1349.06	1363.54
1348.47	904.045	63	1.#QNAN	0	0	0	6.86197e-007	1469.8	1348.47	1362.79
1347.75	902.758	64	1.#QNAN	0	0	0	7.31995e-007	1462.86	1347.75	1361.89
1346.69	901.414	65	1.#QNAN	0	0	0	7.01292e-007	1439.65	1346.69	1360.57
1345.79	900.215	66	1.#QNAN	0	0.016	0	6.77874e-007	1412.93	1345.79	1359.47
1344.69	899.214	67	1.#QNAN	0	0	0	6.80373e-007	1383.44	1344.69	1358.13
1343.95	898.055	68	1.#QNAN	0	0	0	6.92432e-007	1416.2	1343.95	1357.22
1342.79	896.819	69	1.#QNAN	0	0.016	0	7.08083e-007	1392.12	1342.79	1355.83
1341.27	895.548	70	1.#QNAN	0	0	0	6.72191e-007	1362.21	1341.27	1354.06
1339.93	894.275	71	1.#QNAN	0	0	0	7.06275e-007	1393.96	1339.93	1352.49
1338.42	893.033	72	1.#QNAN	0	0.015	0	7.07906e-007	1369.89	1338.42	1350.73
1337.61	891.783	73	1.#QNAN	0	0	0	7.04647e-007	1428.83	1337.61	1349.75
1336.62	890.857	74	1.#QNAN	0	0	0	6.97671e-007	1361.99	1336.62	1348.58
1335.27	889.8	75	1.#QNAN	0	0	0	6.96655e-007	1344.75	1335.27	1346.99
1333.87	888.883	76	1.#QNAN	0	0.016	0	6.95417e-007	1341.19	1333.87	1345.32
1332.38	887.729	77	1.#QNAN	0	0	0	7.01521e-007	1340.86	1332.38	1343.58
1330.92	886.548	78	1.#QNAN	0	0	0	7.24371e-007	1347.59	1330.92	1341.84
1329.46	885.459	79	1.#QNAN	0	0.015	0	6.98175e-007	1363.46	1329.46	1340.12
1328.16	884.153	80	1.#QNAN	0	0	0	7.07235e-007	1356.93	1328.16	1338.6
1327.3	883.433	81	1.#QNAN	0	0	0	6.9283e-007	1374.65	1327.3	1337.53
1326.17	882.386	82	1.#QNAN	0	0.016	0	7.19585e-007	1397.9	1326.17	1336.18
1325.31	881.58	83	1.#QNAN	0	0	0	6.82854e-007	1394.78	1325.31	1335.12
1324.16	880.707	84	1.#QNAN	0	0	0	7.02372e-007	1371.28	1324.16	1333.74
1323.02	879.759	85	1.#QNAN	0	0.016	0	6.9409e-007	1370.79	1323.02	1332.4
1321.97	878.989	86	1.#QNAN	0	0	0	7.06487e-007	1355.05	1321.97	1331.16
1321.05	878.027	87	1.#QNAN	0	0	0	7.00933e-007	1372.93	1321.05	1330.09
1319.68	876.841	88	1.#QNAN	0	0	0	7.07095e-007	1321.1	1319.68	1328.53
1318.63	876.038	89	1.#QNAN	0	0.015	0	7.06283e-007	1361.51	1318.63	1327.3
1317.34	875.072	90	1.#QNAN	0	0	0	7.38855e-007	1322.9	1317.34	1325.83
1316.39	874.374	91	1.#QNAN	0	0	0	6.99089e-007	1361.51	1316.39	1324.74
1315.12	873.681	92	1.#QNAN	0	0.016	0	6.78513e-007	1319.92	1315.12	1323.28
1313.94	872.867	93	1.#QNAN	0	0	0	7.03766e-007	1332.46	1313.94	1321.92
1312.92	872.205	94	1.#QNAN	0	0.015	0	6.96551e-007	1344.37	1312.92	1320.73
1311.93	871.367	95	1.#QNAN	0	0	0	7.31906e-007	1351.03	1311.93	1319.62
1311.39	870.535	96	1.#QNAN	0	0	0	7.14168e-007	1397.89	1311.39	1318.99
1310.92	869.924	97	1.#QNAN	0	0.016	0	7.20612e-007	1386.38	1310.92	1318.43
1310.08	869.308	98	1.#QNAN	0	0	0	7.18216e-007	1374.32	1310.08	1317.45
1309.79	868.84	99	1.#QNAN	0	0	0	7.04654e-007	1408.36	1309.79	1317.07
1309.56	868.29	100	1.#QNAN	0	0.016	0	7.11148e-007	1410.49	1309.56	1316.78
1308.95	867.752	101	1.#QNAN	0	0	0	7.17238e-007	1377.58	1308.95	1316.05
1308.28	867.296	102	1.#QNAN	0	0	0	7.06844e-007	1377.29	1308.28	1315.26
1307.85	866.851	103	1.#QNAN	0	0.015	0	6.86312e-007	1392.31	1307.85	1314.74
1307.36	866.126	104	1.#QNAN	0	0	0	6.85371e-007	1389.75	1307.36	1314.16
1306.72	865.433	105	1.#QNAN	0	0	0	6.7705e-007	1360.87	1306.72	1313.43
1306.19	864.894	106	1.#QNAN	0	0	0	7.09289e-007	1343.95	1306.19	1312.81
1305.45	864.269	107	1.#QNAN	0	0.016	0	6.85559e-007	1342.82	1305.45	1311.96
1304.9	863.767	108	1.#QNAN	0	0	0	7.03207e-007	1362	1304.9	1311.31
1304.3	863.314	109	1.#QNAN	0	0	0	6.76789e-007	1347.63	1304.3	1310.62
1303.29	862.699	110	1.#QNAN	0	0.015	0	7.03399e-007	1296.12	1303.29	1309.5
1302.41	862.11	111	1.#QNAN	0	0	0	7.13193e-007	1327.91	1302.41	1308.5
1301.52	861.589	112	1.#QNAN	0	0	0	7.08775e-007	1316.85	1301.52	1307.5
1300.81	861.088	113	1.#QNAN	0	0.016	0	7.02318e-007	1331.66	1300.81	1306.7
1300.29	860.477	114	1.#QNAN	0	0	0	7.08809e-007	1344.89	1300.29	1306.1
1300.13	860.049	115	1.#QNAN	0	0	0	7.09145e-007	1370.38	1300.13	1305.88
1300.2	859.692	116	1.#QNAN	0	0.016	0	7.01265e-007	1414.98	1300.2	1305.92
1299.55	859.217	117	1.#QNAN	0	0	0	7.06427e-007	1324.61	1299.55	1305.19
1299.16	858.906	118	1.#QNAN	0	0	0	7.02719e-007	1352.48	1299.16	1304.72
1298.59	858.477	119	1.#QNAN	0	0.015	0	7.27529e-007	1321.54	1298.59	1304.08
1298.05	858.015	120	1.#QNAN	0	0	0	7.03449e-007	1313.85	1298.05	1303.48
1297.75	857.716	121	1.#QNAN	0	0	0	7.0255e-007	1346.58	1297.75	1303.11
1297.5	857.289	122	1.#QNAN	0	0.016	0	7.04887e-007	1362.94	1297.5	1302.81
1297.09	856.915	123	1.#QNAN	0	0	0	6.90207e-007	1339.84	1297.09	1302.33
1296.63	856.477	124	1.#QNAN	0	0	0	7.17888e-007	1334.75	1296.63	1301.82
1296.29	856.223	125	1.#QNAN	0	0.015	0	7.10308e-007	1342.82	1296.29	1301.42
1295.75	855.813	126	1.#QNAN	0	0	0	7.14939e-007	1324.31	1295.75	1300.82
1295.24	855.496	127	1.#QNAN	0	0	0	7.4429e-007	1307.99	1295.24	1300.26
1294.58	855.147	128	1.#QNAN	0	0	0	7.2062e-007	1292.16	1294.58	1299.53
1294.08	854.697	129	1.#QNAN	0	0.016	0	6.94646e-007	1319.14	1294.08	1298.99
1293.63	854.375	130	1.#QNAN	0	0	0	7.22314e-007	1325.52	1293.63	1298.49
1293.37	854.169	131	1.#QNAN	0	0	0	7.15375e-007	1343.53	1293.37	1298.18
1293.02	853.871	132	1.#QNAN	0	0.016	0	6.93555e-007	1335.71	1293.02	1297.79
1292.42	853.472	133	1.#QNAN	0	0	0	6.80068e-007	1306.52	1292.42	1297.14
1292.06	853.076	134	1.#QNAN	0	0	0	7.02404e-007	1353.43	1292.06	1296.74
1291.74	852.917	135	1.#QNAN	0	0.015	0	7.32198e-007	1355.74	1291.74	1296.38
1291.15	852.575	136	1.#QNAN	0	0	0	7.15866e-007	1310.71	1291.15	1295.73
1290.51	852.163	137	1.#QNAN	0	0	0	7.03594e-007	1324.52	1290.51	1295.02
1289.74	851.724	138	1.#QNAN	0	0.016	0	6.83763e-007	1295.92	1289.74	1294.17
1289.08	851.407	139	1.#QNAN	0	0	0	7.27391e-007	1308.24	1289.08	1293.44
1288.55	851.137	140	1.#QNAN	0	0	0	7.48091e-007	1335.51	1288.55	1292.87
1288.22	850.827	141	1.#QNAN	0	0	0	7.03514e-007	1332.41	1288.22	1292.49
1287.82	850.64	142	1.#QNAN	0	0.015	0	7.22962e-007	1326.89	1287.82	1292.04
1287.4	850.393	143	1.#QNAN	0	0	0	7.39744e-007	1341.24	1287.4	1291.57
1286.9	850.104	144	1.#QNAN	0	0	0	7.05744e-007	1332.83	1286.9	1291.02
1286.59	849.893	145	1.#QNAN	0	0.016	0	7.08277e-007	1356.3	1286.59	1290.67
1286.13	849.635	146	1.#QNAN	0	0	0	7.12197e-007	1313.44	1286.13	1290.16
1285.97	849.291	147	1.#QNAN	0	0	0	7.2415e-007	1378.81	1285.97	1289.98
1285.56	848.892	148	1.#QNAN	0	0.016	0	6.9796e-007	1326.17	1285.56	1289.52
1285.08	848.59	149	1.#QNAN	0	0	0	7.16499e-007	1288.87	1285.08	1289
1284.71	848.248	150	1.#QNAN	0	0	0	7.22373e-007	1291.55	1284.71	1288.6
1284.37	848.006	151	1.#QNAN	0	0.015	0	7.22583e-007	1289.65	1284.37	1288.22
1284.08	847.806	152	1.#QNAN	0	0	0	7.10711e-007	1301.77	1284.08	1287.9
1283.77	847.526	153	1.#QNAN	0	0	0	7.27797e-007	1305.33	1283.77	1287.56
1283.59	847.39	154	1.#QNAN	0	0.016	0	6.93491e-007	1325.72	1283.59	1287.34
1283.61	847.181	155	1.#QNAN	0	0	0	7.14233e-007	1355.73	1283.61	1287.36
1283.38	846.952	156	1.#QNAN	0	0	0	7.2672e-007	1317.63	1283.38	1287.1
1283.5	846.79	157	1.#QNAN	0	0.015	0	7.38506e-007	1404.2	1283.5	1287.21
1283.37	846.549	158	1.#QNAN	0	0	0	7.03089e-007	1347.25	1283.37	1287.05
1283.04	846.365	159	1.#QNAN	0	0	0	7.304e-007	1309.78	1283.04	1286.69
1282.47	845.994	160	1.#QNAN	0	0	0	7.0657e-007	1277.57	1282.47	1286.08
1281.96	845.654	161	1.#QNAN	0	0.016	0	7.12745e-007	1281.62	1281.96	1285.52
1281.51	845.373	162	1.#QNAN	0	0	0	7.46818e-007	1285.16	1281.51	1285.04
1281.2	845.109	163	1.#QNAN	0	0	0	7.27475e-007	1297.87	1281.2	1284.69
1280.95	844.803	164	1.#QNAN	0	0.016	0	7.35421e-007	1316.32	1280.95	1284.42
1280.77	844.517	165	1.#QNAN	0	0	0	7.03172e-007	1341.81	1280.77	1284.22
1280.33	844.162	166	1.#QNAN	0	0	0	7.17006e-007	1283.85	1280.33	1283.74
1280.13	844.004	167	1.#QNAN	0	0.015	0	7.29322e-007	1323.75	1280.13	1283.53
1279.86	843.722	168	1.#QNAN	0	0	0	7.07044e-007	1299.92	1279.86	1283.23
1279.65	843.564	169	1.#QNAN	0	0	0	7.14581e-007	1301.68	1279.65	1283.01
1279.57	843.423	170	1.#QNAN	0	0.016	0	7.36531e-007	1317.27	1279.57	1282.91
1279.39	843.226	171	1.#QNAN	0	0	0	7.16291e-007	1310.88	1279.39	1282.71
1279.07	843.086	172	1.#QNAN	0	0	0	7.16017e-007	1286.56	1279.07	1282.37
1278.68	842.82	173	1.#QNAN	0	0.015	0	6.66317e-007	1276.82	1278.68	1281.94
1278.61	842.734	174	1.#QNAN	0	0	0	7.43192e-007	1313.07	1278.61	1281.87
1278.54	842.585	175	1.#QNAN	0	0	0	7.09384e-007	1310.39	1278.54	1281.78
1278.41	842.465	176	1.#QNAN	0	0	0	7.02148e-007	1319.31	1278.41	1281.63
1278.12	842.296	177	1.#QNAN	0	0.016	0	7.10996e-007	1282.88	1278.12	1281.33
1278.02	842.167	178	1.#QNAN	0	0	0	7.15058e-007	1310.29	1278.02	1281.21
1277.83	842.029	179	1.#QNAN	0	0	0	7.06866e-007	1305.8	1277.83	1281.01
1277.76	841.97	180	1.#QNAN	0	0.016	0	7.03943e-007	1328.3	1277.76	1280.91
1277.76	841.884	181	1.#QNAN	0	0	0	7.02115e-007	1334.21	1277.76	1280.9
1277.88	841.808	182	1.#QNAN	0	0	0	7.26469e-007	1366.13	1277.88	1281.01
1277.86	841.725	183	1.#QNAN	0	0.015	0	6.78939e-007	1339.98	1277.86	1280.98
1277.71	841.539	184	1.#QNAN	0	0	0	6.63116e-007	1324.64	1277.71	1280.81
1277.62	841.451	185	1.#QNAN	0	0	0	7.03873e-007	1326.52	1277.62	1280.7
1277.62	841.392	186	1.#QNAN	0	0.016	0	6.93128e-007	1361.25	1277.62	1280.69
1277.56	841.322	187	1.#QNAN	0	0	0	6.77529e-007	1327.25	1277.56	1280.62
1277.31	841.207	188	1.#QNAN	0	0	0	7.03925e-007	1311.33	1277.31	1280.35
1277.17	841.114	189	1.#QNAN	0	0.015	0	7.14317e-007	1344.45	1277.17	1280.19
1276.86	840.93	190	1.#QNAN	0	0	0	6.95692e-007	1288.89	1276.86	1279.86
1276.64	840.814	191	1.#QNAN	0	0	0	7.03287e-007	1307.78	1276.64	1279.62
1276.43	840.751	192	1.#QNAN	0	0.016	0	7.08724e-007	1343.05	1276.43	1279.38
1276.28	840.622	193	1.#QNAN	0	0	0	7.37187e-007	1300.52	1276.28	1279.22
1276.06	840.459	194	1.#QNAN	0	0	0	7.05359e-007	1300.31	1276.06	1278.99
1275.84	840.322	195	1.#QNAN	0	0.016	0	7.15566e-007	1296.11	1275.84	1278.76
1275.46	840.14	196	1.#QNAN	0	0	0	7.08797e-007	1274.47	1275.46	1278.35
1275.24	839.956	197	1.#QNAN	0	0	0	7.1982e-007	1312.39	1275.24	1278.11
1275.03	839.856	198	1.#QNAN	0	0.015	0	7.26993e-007	1348.52	1275.03	1277.89
1274.94	839.788	199	1.#QNAN	0	0	0	7.19719e-007	1358.55	1274.94	1277.79
1274.93	839.719	200	1.#QNAN	0	0	0	6.90739e-007	1348.26	1274.93	1277.78
1274.73	839.56	201	1.#QNAN	0	0	0	7.23623e-007	1313.82	1274.73	1277.56
1274.63	839.457	202	1.#QNAN	0	0	0	7.20355e-007	1319.91	1274.63	1277.45
1274.5	839.346	203	1.#QNAN	0	0	0	7.20178e-007	1328.2	1274.5	1277.31
1274.2	839.225	204	1.#QNAN	0	0	0	6.95916e-007	1299.17	1274.2	1276.98
1274	839.075	205	1.#QNAN	0	0.015	0	7.09371e-007	1314.27	1274	1276.76
1273.54	838.922	206	1.#QNAN	0	0	0	7.01137e-007	1275.96	1273.54	1276.27
1273.32	838.785	207	1.#QNAN	0	0	0	7.17221e-007	1304.41	1273.32	1276.03
1273.01	838.635	208	1.#QNAN	0	0.016	0	7.13733e-007	1295.99	1273.01	1275.7
1272.59	838.432	209	1.#QNAN	0	0	0	7.05165e-007	1274.92	1272.59	1275.26
1272.14	838.21	210	1.#QNAN	0	0	0	7.20676e-007	1252.73	1272.14	1274.78
1271.94	838.076	211	1.#QNAN	0	0.016	0	7.44142e-007	1297.71	1271.94	1274.56
1271.79	837.932	212	1.#QNAN	0	0	0	7.08424e-007	1284.83	1271.79	1274.4
1271.66	837.806	213	1.#QNAN	0	0	0	7.05526e-007	1297.24	1271.66	1274.25
1271.43	837.656	214	1.#QNAN	0	0.015	0	7.19097e-007	1274.1	1271.43	1274
1271.15	837.503	215	1.#QNAN	0	0	0	7.24094e-007	1301.26	1271.15	1273.71
1271.01	837.405	216	1.#QNAN	0	0	0	6.95489e-007	1315.03	1271.01	1273.56
1270.97	837.253	217	1.#QNAN	0	0.016	0	7.20407e-007	1333.88	1270.97	1273.5
1270.85	837.114	218	1.#QNAN	0	0	0	7.35334e-007	1319.81	1270.85	1273.36
1270.71	837.056	219	1.#QNAN	0	0	0	7.11522e-007	1324.34	1270.71	1273.22
1270.59	836.995	220	1.#QNAN	0	0.015	0	7.14548e-007	1320.51	1270.59	1273.08
1270.34	836.871	221	1.#QNAN	0	0	0	7.03541e-007	1288.78	1270.34	1272.81
1270.29	836.834	222	1.#QNAN	0	0	0	7.07203e-007	1335.95	1270.29	1272.76
1270.37	836.799	223	1.#QNAN	0	0	0	7.16485e-007	1369.48	1270.37	1272.83
1270.34	836.75	224	1.#QNAN	0	0.016	0	6.97419e-007	1329.48	1270.34	1272.79
1270.33	836.673	225	1.#QNAN	0	0	0	7.13729e-007	1335.75	1270.33	1272.77
1270.21	836.603	226	1.#QNAN	0	0	0	7.30769e-007	1309.13	1270.21	1272.64
1270.12	836.538	227	1.#QNAN	0	0.016	0	7.10787e-007	1306.09	1270.12	1272.54
1269.97	836.356	228	1.#QNAN	0	0	0	7.04816e-007	1309.4	1269.97	1272.38
1269.98	836.243	229	1.#QNAN	0	0	0	7.27528e-007	1343.21	1269.98	1272.38
1270.02	836.232	230	1.#QNAN	0	0.015	0	7.17828e-007	1346.81	1270.02	1272.42
1270.18	836.233	231	1.#QNAN	0	0	0	7.03876e-007	1376.13	1270.18	1272.57
1270.17	836.11	232	1.#QNAN	0	0	0	6.82216e-007	1331.94	1270.17	1272.55
1270.23	836.045	233	1.#QNAN	0	0.016	0	7.32399e-007	1359.19	1270.23	1272.61
1270.31	835.979	234	1.#QNAN	0	0	0	7.13476e-007	1352.52	1270.31	1272.69
1270.27	835.913	235	1.#QNAN	0	0	0	7.07275e-007	1325.38	1270.27	1272.64
1270.35	835.922	236	1.#QNAN	0	0.015	0	7.00488e-007	1355.16	1270.35	1272.72
1270.29	835.902	237	1.#QNAN	0	0	0	7.07202e-007	1320.09	1270.29	1272.64
1270.36	835.857	238	1.#QNAN	0	0	0	7.20401e-007	1366.74	1270.36	1272.71
1270.35	835.737	239	1.#QNAN	0	0.016	0	7.65005e-007	1323.72	1270.35	1272.7
1270.35	835.623	240	1.#QNAN	0	0	0	7.14686e-007	1334.14	1270.35	1272.69
1270.31	835.571	241	1.#QNAN	0	0	0	7.13871e-007	1335.75	1270.31	1272.65
1270.2	835.455	242	1.#QNAN	0	0	0	7.10194e-007	1303.98	1270.2	1272.52
1269.99	835.309	243	1.#QNAN	0	0.016	0	7.13536e-007	1282.26	1269.99	1272.29
1269.89	835.208	244	1.#QNAN	0	0	0	7.22708e-007	1290.79	1269.89	1272.19
1269.6	835.068	245	1.#QNAN	0	0	0	6.97453e-007	1266.97	1269.6	1271.89
1269.44	834.916	246	1.#QNAN	0	0.015	0	7.18752e-007	1289.51	1269.44	1271.71
1269.29	834.819	247	1.#QNAN	0	0	0	7.19736e-007	1289.45	1269.29	1271.56
1269.24	834.748	248	1.#QNAN	0	0	0	7.00169e-007	1313.58	1269.24	1271.49
1268.97	834.527	249	1.#QNAN	0	0.016	0	7.37084e-007	1269.44	1268.97	1271.21
1269	834.459	250	1.#QNAN	0	0	0	7.15343e-007	1329.62	1269	1271.24
1268.9	834.37	251	1.#QNAN	0	0	0	7.23404e-007	1305.41	1268.9	1271.13
1268.78	834.275	252	1.#QNAN	0	0.015	0	6.81867e-007	1300.22	1268.78	1271
1268.84	834.183	253	1.#QNAN	0	0	0	7.14596e-007	1356.79	1268.84	1271.06
1268.82	834.046	254	1.#QNAN	0	0	0	7.41608e-007	1340.34	1268.82	1271.03
1268.79	833.901	255	1.#QNAN	0	0.016	0	7.29999e-007	1335.04	1268.79	1271
1268.67	833.809	256	1.#QNAN	0	0	0	7.25543e-007	1321.65	1268.67	1270.88
1268.66	833.681	257	1.#QNAN	0	0	0	7.40445e-007	1356.01	1268.66	1270.86
1268.51	833.535	258	1.#QNAN	0	0	0	7.18264e-007	1326.95	1268.51	1270.7
1268.5	833.423	259	1.#QNAN	0	0.016	0	7.64064e-007	1363.32	1268.5	1270.69
1268.46	833.312	260	1.#QNAN	0	0	0	7.41613e-007	1335.87	1268.46	1270.65
1268.37	833.221	261	1.#QNAN	0	0	0	7.23764e-007	1320.26	1268.37	1270.55
1268.17	833.057	262	1.#QNAN	0	0.015	0	7.42486e-007	1284.68	1268.17	1270.34
1268.03	832.949	263	1.#QNAN	0	0	0	7.5535e-007	1317.94	1268.03	1270.2
1267.8	832.803	264	1.#QNAN	0	0	0	7.35911e-007	1277.66	1267.8	1269.95
1267.67	832.674	265	1.#QNAN	0	0.016	1	7.54377e-007	1310.21	1267.67	1269.82
1267.4	832.525	266	1.#QNAN	0	0	0	7.55e-007	1288.31	1267.4	1269.54
1267.19	832.364	267	1.#QNAN	0	0	0	7.19564e-007	1299.76	1267.19	1269.32
1267.1	832.235	268	1.#QNAN	0	0	0	7.61403e-007	1352.1	1267.1	1269.22
1266.83	832.079	269	1.#QNAN	0	0.015	0	7.52179e-007	1300.46	1266.83	1268.94
1266.71	831.955	270	1.#QNAN	0	0	0	7.33102e-007	1340.6	1266.71	1268.81
1266.55	831.82	271	1.#QNAN	0	0.016	0	7.56094e-007	1309.49	1266.55	1268.65
1266.43	831.713	272	1.#QNAN	0	0	0	7.60817e-007	1336.8	1266.43	1268.51
1266.19	831.552	273	1.#QNAN	0	0	0	7.59626e-007	1289.91	1266.19	1268.27
1266.07	831.455	274	1.#QNAN	0	0.016	0	7.42381e-007	1352.57	1266.07	1268.14
1265.94	831.36	275	1.#QNAN	0	0	0	7.53939e-007	1322.95	1265.94	1268
1265.82	831.204	276	1.#QNAN	0	0	0	7.57434e-007	1329.27	1265.82	1267.87
1265.76	831.076	277	1.#QNAN	0	0	0	7.30851e-007	1337.42	1265.76	1267.81
1265.61	830.931	278	1.#QNAN	0	0.015	0	7.38736e-007	1327.77	1265.61	1267.65
1265.63	830.813	279	1.#QNAN	0	0	0	7.40061e-007	1355.25	1265.63	1267.66
1265.56	830.724	280	1.#QNAN	0	0	0	7.02016e-007	1334.76	1265.56	1267.59
1265.44	830.612	281	1.#QNAN	0	0.016	0	7.37278e-007	1305.85	1265.44	1267.46
1265.37	830.547	282	1.#QNAN	0	0	0	7.51921e-007	1326.59	1265.37	1267.38
1265.28	830.462	283	1.#QNAN	0	0	0	7.6867e-007	1349.16	1265.28	1267.28
1265.26	830.386	284	1.#QNAN	0	0.015	0	7.52676e-007	1368.12	1265.26	1267.26
1265.26	830.321	285	1.#QNAN	0	0	0	7.43368e-007	1355.6	1265.26	1267.25
1265.26	830.283	286	1.#QNAN	0	0	0	6.96851e-007	1348.09	1265.26	1267.24
1265.16	830.148	287	1.#QNAN	0	0.016	0	7.2601e-007	1322.69	1265.16	1267.14
1265.13	830.088	288	1.#QNAN	0	0	0	7.7035e-007	1349.94	1265.13	1267.1
1265.14	830.035	289	1.#QNAN	0	0	0	7.30929e-007	1338.74	1265.14	1267.11
1265.11	829.959	290	1.#QNAN	0	0.016	0	7.34312e-007	1335.68	1265.11	1267.07
1265.03	829.828	291	1.#QNAN	0	0	0	7.31389e-007	1329.94	1265.03	1266.99
1264.94	829.702	292	1.#QNAN	0	0	0	7.56599e-007	1323.78	1264.94	1266.88
1264.77	829.503	293	1.#QNAN	0	0	0	7.30782e-007	1307.99	1264.77	1266.71
1264.78	829.403	294	1.#QNAN	0	0.015	0	7.5427e-007	1351.99	1264.78	1266.72
1264.85	829.31	295	1.#QNAN	0	0	0	7.54543e-007	1370.02	1264.85	1266.79
1264.94	829.26	296	1.#QNAN	0	0	0	7.55369e-007	1372.16	1264.94	1266.87
1264.95	829.179	297	1.#QNAN	0	0.016	0	7.27958e-007	1354.45	1264.95	1266.88
1264.95	829.065	298	1.#QNAN	0	0	0	7.46867e-007	1357.99	1264.95	1266.88
1265.02	828.968	299	1.#QNAN	0	0	0	7.65171e-007	1383.35	1265.02	1266.94
1264.94	828.837	300	1.#QNAN	0	0.015	0	7.48193e-007	1321.7	1264.94	1266.85
1264.91	828.738	301	1.#QNAN	0	0	0	7.32664e-007	1332.99	1264.91	1266.81
1264.78	828.617	302	1.#QNAN	0	0	0	7.41615e-007	1291.09	1264.78	1266.68
1264.71	828.548	303	1.#QNAN	0	0.016	0	7.39077e-007	1315.55	1264.71	1266.6
1264.8	828.474	304	1.#QNAN	0	0	0	7.38291e-007	1379.2	1264.8	1266.69
1264.91	828.391	305	1.#QNAN	0	0	0	7.32078e-007	1389.78	1264.91	1266.8
1265.06	828.365	306	1.#QNAN	0	0.016	0	7.34645e-007	1389.72	1265.06	1266.94
1264.96	828.245	307	1.#QNAN	0	0	0	7.31425e-007	1314.81	1264.96	1266.84
1264.85	828.12	308	1.#QNAN	0	0	0	7.28183e-007	1307.73	1264.85	1266.72
1264.79	827.986	309	1.#QNAN	0	0.015	0	7.58386e-007	1346.78	1264.79	1266.65
1264.82	827.902	310	1.#QNAN	0	0	0	7.40943e-007	1375.8	1264.82	1266.68
1264.94	827.853	311	1.#QNAN	0	0	0	7.53507e-007	1405.86	1264.94	1266.8
1264.99	827.809	312	1.#QNAN	0	0	0	7.46482e-007	1388.63	1264.99	1266.84
1264.97	827.782	313	1.#QNAN	0	0.016	0	7.48928e-007	1362.71	1264.97	1266.82
1265.07	827.748	314	1.#QNAN	0	0	0	7.38376e-007	1381.71	1265.07	1266.91
1265.05	827.677	315	1.#QNAN	0	0	0	7.39002e-007	1335.27	1265.05	1266.88
1264.93	827.583	316	1.#QNAN	0	0.015	0	7.3598e-007	1332.53	1264.93	1266.76
1264.74	827.488	317	1.#QNAN	0	0	0	7.51577e-007	1317.57	1264.74	1266.56
1264.59	827.398	318	1.#QNAN	0	0	0	7.5615e-007	1314.17	1264.59	1266.4
1264.48	827.295	319	1.#QNAN	0	0.016	0	7.31569e-007	1325.73	1264.48	1266.28
1264.38	827.207	320	1.#QNAN	0	0	0	7.58127e-007	1336.12	1264.38	1266.17
1264.3	827.127	321	1.#QNAN	0	0	0	7.66252e-007	1331.32	1264.3	1266.09
1264.27	827.105	322	1.#QNAN	0	0.016	0	7.73107e-007	1360.16	1264.27	1266.05
1264.23	827.091	323	1.#QNAN	0	0	0	7.35699e-007	1353.73	1264.23	1266
1264.05	826.997	324	1.#QNAN	0	0	0	7.38437e-007	1309.08	1264.05	1265.81
1263.98	826.918	325	1.#QNAN	0	0.015	0	7.63668e-007	1362.07	1263.98	1265.73
1263.93	826.84	326	1.#QNAN	0	0	0	7.47412e-007	1405.57	1263.93	1265.67
1263.87	826.781	327	1.#QNAN	0	0	0	7.37298e-007	1374.6	1263.87	1265.61
1263.85	826.721	328	1.#QNAN	0	0	0	7.5731e-007	1401.91	1263.85	1265.58
1263.69	826.6	329	1.#QNAN	0	0.016	0	7.71677e-007	1367.79	1263.69	1265.42
1263.64	826.52	330	1.#QNAN	0	0	0	7.6518e-007	1340.44	1263.64	1265.36
1263.68	826.458	331	1.#QNAN	0	0	0	7.76127e-007	1383.24	1263.68	1265.4
1263.69	826.4	332	1.#QNAN	0	0.015	0	7.47698e-007	1339.3	1263.69	1265.4
1263.68	826.362	333	1.#QNAN	0	0	0	7.59582e-007	1350.53	1263.68	1265.38
1263.63	826.267	334	1.#QNAN	0	0	0	7.44063e-007	1312.57	1263.63	1265.33
1263.62	826.193	335	1.#QNAN	0	0.016	0	7.605e-007	1348.29	1263.62	1265.31
1263.72	826.204	336	1.#QNAN	0	0	0	7.60536e-007	1395.07	1263.72	1265.41
1263.89	826.204	337	1.#QNAN	0	0	0	7.49604e-007	1428.59	1263.89	1265.57
1263.9	826.195	338	1.#QNAN	0	0.016	0	7.30762e-007	1382.75	1263.9	1265.57
1263.81	826.156	339	1.#QNAN	0	0	0	7.41129e-007	1317.77	1263.81	1265.48
1263.9	826.176	340	1.#QNAN	0	0	0	7.44776e-007	1369.08	1263.9	1265.57
1263.95	826.176	341	1.#QNAN	0	0	0	7.30626e-007	1326.35	1263.95	1265.61
1263.9	826.136	342	1.#QNAN	0	0.015	0	7.38498e-007	1299.9	1263.9	1265.56
1263.97	826.118	343	1.#QNAN	0	0	0	7.20954e-007	1371.35	1263.97	1265.63
1264.14	826.123	344	1.#QNAN	0	0	0	7.308e-007	1434.72	1264.14	1265.81
1264.19	826.085	345	1.#QNAN	0	0.016	0	7.43005e-007	1348.78	1264.19	1265.85
1264.27	826.048	346	1.#QNAN	0	0	0	7.42146e-007	1369.36	1264.27	1265.93
1264.36	825.998	347	1.#QNAN	0	0	0	7.34567e-007	1376.57	1264.36	1266.02
1264.42	825.97	348	1.#QNAN	0	0.015	0	7.62851e-007	1357.99	1264.42	1266.08
1264.56	825.99	349	1.#QNAN	0	0	0	7.41218e-007	1401.93	1264.56	1266.21
1264.73	826.022	350	1.#QNAN	0	0	0	7.58687e-007	1412.32	1264.73	1266.38
1264.72	825.974	351	1.#QNAN	0	0	0	7.61014e-007	1342.8	1264.72	1266.37
1264.89	826.017	352	1.#QNAN	0	0	0	7.34675e-007	1395.37	1264.89	1266.54
1264.93	825.997	353	1.#QNAN	0	0	0	7.46357e-007	1352.55	1264.93	1266.58
1264.99	826.017	354	1.#QNAN	0	0	0	7.5757e-007	1361.76	1264.99	1266.64
1265.01	825.977	355	1.#QNAN	0	0.016	0	7.15724e-007	1332.67	1265.01	1266.65
1265.07	825.962	356	1.#QNAN	0	0	0	7.4935e-007	1354.89	1265.07	1266.71
1265.16	825.939	357	1.#QNAN	0	0	0	7.54333e-007	1362.46	1265.16	1266.8
1265.17	825.917	358	1.#QNAN	0	0.015	0	7.58732e-007	1326.17	1265.17	1266.8
1265.16	825.83	359	1.#QNAN	0	0	0	7.29867e-007	1340.17	1265.16	1266.79
1265.13	825.787	360	1.#QNAN	0	0	0	7.66817e-007	1329.2	1265.13	1266.76
1265.11	825.728	361	1.#QNAN	0	0.016	0	7.86094e-007	1342.91	1265.11	1266.74
1265.15	825.696	362	1.#QNAN	0	0	0	7.31369e-007	1355.74	1265.15	1266.77
1265.24	825.72	363	1.#QNAN	0	0	0	7.21449e-007	1377.97	1265.24	1266.85
1265.25	825.696	364	1.#QNAN	0	0.015	0	7.45876e-007	1335.8	1265.25	1266.86
1265.28	825.686	365	1.#QNAN	0	0	0	7.34285e-007	1344.26	1265.28	1266.89
1265.32	825.671	366	1.#QNAN	0	0	0	7.60273e-007	1363.12	1265.32	1266.92
1265.36	825.641	367	1.#QNAN	0	0.016	0	7.41434e-007	1348.68	1265.36	1266.97
1265.31	825.624	368	1.#QNAN	0	0	0	7.5226e-007	1305.86	1265.31	1266.91
1265.3	825.655	369	1.#QNAN	0	0	0	7.54361e-007	1322.05	1265.3	1266.9
1265.29	825.634	370	1.#QNAN	0	0	0	7.60394e-007	1312.32	1265.29	1266.88
1265.26	825.58	371	1.#QNAN	0	0.016	0	7.0812e-007	1319.3	1265.26	1266.85
1265.24	825.502	372	1.#QNAN	0	0	0	7.71408e-007	1320.74	1265.24	1266.83
1265.26	825.481	373	1.#QNAN	0	0	0	7.46836e-007	1335.5	1265.26	1266.84
1265.18	825.377	374	1.#QNAN	0	0.015	0	7.28263e-007	1333.26	1265.18	1266.76
1265.18	825.318	375	1.#QNAN	0	0	0	7.33719e-007	1342.15	1265.18	1266.75
1265.14	825.264	376	1.#QNAN	0	0	0	7.43471e-007	1354.43	1265.14	1266.71
1265.08	825.208	377	1.#QNAN	0	0.016	0	7.53526e-007	1333.19	1265.08	1266.64
1264.96	825.143	378	1.#QNAN	0	0	0	7.38078e-007	1303.34	1264.96	1266.52
1264.9	825.078	379	1.#QNAN	0	0	0	7.49113e-007	1350.82	1264.9	1266.45
1264.84	825.014	380	1.#QNAN	0	0	0	7.5287e-007	1345.1	1264.84	1266.39
1264.78	824.961	381	1.#QNAN	0	0.015	0	7.55707e-007	1331.03	1264.78	1266.32
1264.75	824.883	382	1.#QNAN	0	0	0	7.39484e-007	1380.88	1264.75	1266.29
1264.79	824.851	383	1.#QNAN	0	0	0	7.35789e-007	1405.5	1264.79	1266.32
1264.69	824.769	384	1.#QNAN	0	0.016	0	7.42941e-007	1327.65	1264.69	1266.21
1264.53	824.671	385	1.#QNAN	0	0	0	7.2616e-007	1301.69	1264.53	1266.05
1264.41	824.579	386	1.#QNAN	0	0	0	7.32502e-007	1316.78	1264.41	1265.92
1264.31	824.484	387	1.#QNAN	0	0.016	0	7.49293e-007	1311.29	1264.31	1265.82
1264.2	824.411	388	1.#QNAN	0	0	0	7.5175e-007	1318.91	1264.2	1265.71
1264.04	824.33	389	1.#QNAN	0	0	0	7.34598e-007	1284.31	1264.04	1265.54
1263.9	824.288	390	1.#QNAN	0	0.015	0	7.21039e-007	1314.57	1263.9	1265.38
1263.77	824.22	391	1.#QNAN	0	0	0	7.31014e-007	1328.47	1263.77	1265.25
1263.69	824.184	392	1.#QNAN	0	0	0	7.20447e-007	1371.53	1263.69	1265.17
1263.78	824.179	393	1.#QNAN	0	0.016	0	7.34283e-007	1435.67	1263.78	1265.26
1263.67	824.105	394	1.#QNAN	0	0	0	7.39964e-007	1326.77	1263.67	1265.14
1263.63	824.104	395	1.#QNAN	0	0	0	7.5365e-007	1371.26	1263.63	1265.09
1263.47	824.054	396	1.#QNAN	0	0.015	0	7.53035e-007	1328.2	1263.47	1264.92
1263.35	823.984	397	1.#QNAN	0	0	0	7.13839e-007	1376.53	1263.35	1264.8
1263.3	823.942	398	1.#QNAN	0	0	0	7.29897e-007	1383.12	1263.3	1264.74
1263.08	823.803	399	1.#QNAN	0	0.016	0	7.38987e-007	1318.97	1263.08	1264.51
1262.92	823.721	400	1.#QNAN	0	0	0	7.43233e-007	1334.19	1262.92	1264.34
1262.77	823.64	401	1.#QNAN	0	0	0	7.52354e-007	1283.44	1262.77	1264.18
1262.66	823.59	402	1.#QNAN	0	0	0	7.37306e-007	1317.24	1262.66	1264.07
1262.49	823.496	403	1.#QNAN	0	0.016	0	7.46917e-007	1290.33	1262.49	1263.89
1262.35	823.418	404	1.#QNAN	0	0	0	7.91782e-007	1300.37	1262.35	1263.75
1262.34	823.364	405	1.#QNAN	0	0	0	7.44165e-007	1367.91	1262.34	1263.73
1262.29	823.312	406	1.#QNAN	0	0.015	0	7.46971e-007	1381.84	1262.29	1263.67
1262.25	823.272	407	1.#QNAN	0	0	0	7.58506e-007	1373.16	1262.25	1263.63
1262.15	823.222	408	1.#QNAN	0	0	0	7.40888e-007	1334.63	1262.15	1263.52
1262.08	823.19	409	1.#QNAN	0	0.016	0	7.6079e-007	1378.32	1262.08	1263.45
1262.01	823.138	410	1.#QNAN	0	0	0	7.4046e-007	1360.72	1262.01	1263.37
1262.03	823.098	411	1.#QNAN	0	0	0	7.59848e-007	1365.19	1262.03	1263.39
1262.05	823.059	412	1.#QNAN	0	0	0	7.43488e-007	1389.72	1262.05	1263.4
1262.02	822.996	413	1.#QNAN	0	0.015	0	7.43222e-007	1352.43	1262.02	1263.37
1262.08	822.996	414	1.#QNAN	0	0	0	7.32835e-007	1396.52	1262.08	1263.42
1262.16	823.006	415	1.#QNAN	0	0	0	7.64945e-007	1395.86	1262.16	1263.5
1262.19	822.968	416	1.#QNAN	0	0.016	0	7.48e-007	1359.26	1262.19	1263.53
1262.24	822.931	417	1.#QNAN	0	0	0	7.52873e-007	1351.07	1262.24	1263.58
1262.29	822.925	418	1.#QNAN	0	0	0	7.37427e-007	1349.69	1262.29	1263.63
1262.31	822.925	419	1.#QNAN	0	0.016	0	7.50294e-007	1328.28	1262.31	1263.65
1262.34	822.905	420	1.#QNAN	0	0	0	7.45486e-007	1347.08	1262.34	1263.68
1262.34	822.898	421	1.#QNAN	0	0	0	7.36562e-007	1338.2	1262.34	1263.67
1262.38	822.932	422	1.#QNAN	0	0.015	0	7.48999e-007	1351.44	1262.38	1263.71
1262.4	822.929	423	1.#QNAN	0	0	0	7.53764e-007	1354.62	1262.4	1263.72
1262.45	822.923	424	1.#QNAN	0	0	0	7.47632e-007	1365.37	1262.45	1263.77
1262.47	822.943	425	1.#QNAN	0	0	0	7.18967e-007	1364.14	1262.47	1263.79
1262.47	822.925	426	1.#QNAN	0	0.016	0	7.46617e-007	1346.4	1262.47	1263.78
1262.49	822.932	427	1.#QNAN	0	0	0	7.40133e-007	1365.44	1262.49	1263.8
1262.45	822.913	428	1.#QNAN	0	0	0	7.50433e-007	1342.87	1262.45	1263.76
1262.51	822.903	429	1.#QNAN	0	0.015	0	7.77685e-007	1389.34	1262.51	1263.82
1262.54	822.916	430	1.#QNAN	0	0	0	7.59192e-007	1406.78	1262.54	1263.84
1262.62	822.941	431	1.#QNAN	0	0	0	7.60577e-007	1412.94	1262.62	1263.92
1262.63	822.943	432	1.#QNAN	0	0.016	0	7.59698e-007	1403.23	1262.63	1263.93
1262.59	822.926	433	1.#QNAN	0	0	0	7.45315e-007	1361.32	1262.59	1263.88
1262.59	822.918	434	1.#QNAN	0	0	0	7.41689e-007	1381.56	1262.59	1263.88
1262.48	822.85	435	1.#QNAN	0	0.016	0	7.28817e-007	1317.37	1262.48	1263.77
1262.37	822.787	436	1.#QNAN	0	0	0	7.11368e-007	1328.91	1262.37	1263.65
1262.24	822.716	437	1.#QNAN	0	0	0	7.48183e-007	1302.02	1262.24	1263.52
1262.21	822.671	438	1.#QNAN	0	0.015	0	7.34621e-007	1351.17	1262.21	1263.48
1262.09	822.616	439	1.#QNAN	0	0	0	7.47207e-007	1293.97	1262.09	1263.36
1262.11	822.599	440	1.#QNAN	0	0	0	7.57477e-007	1376.48	1262.11	1263.38
1262.09	822.578	441	1.#QNAN	0	0	0	7.53162e-007	1353.41	1262.09	1263.35
1262.02	822.562	442	1.#QNAN	0	0.016	0	7.66574e-007	1346.88	1262.02	1263.28
1262.07	822.561	443	1.#QNAN	0	0	0	7.59074e-007	1400.11	1262.07	1263.32
1262.03	822.511	444	1.#QNAN	0	0	0	7.4937e-007	1346.85	1262.03	1263.28
1261.97	822.491	445	1.#QNAN	0	0.015	0	7.55519e-007	1338.51	1261.97	1263.22
1261.91	822.47	446	1.#QNAN	0	0	0	7.45559e-007	1346.66	1261.91	1263.15
1261.88	822.508	447	1.#QNAN	0	0	0	7.49338e-007	1352.11	1261.88	1263.12
1261.89	822.495	448	1.#QNAN	0	0.016	0	7.3356e-007	1343.33	1261.89	1263.13
1261.81	822.485	449	1.#QNAN	0	0	0	7.50736e-007	1311.24	1261.81	1263.04
1261.74	822.407	450	1.#QNAN	0	0	0	7.63533e-007	1297.39	1261.74	1262.97
1261.69	822.372	451	1.#QNAN	0	0.016	0	7.4645e-007	1315.51	1261.69	1262.91
1261.7	822.354	452	1.#QNAN	0	0	0	7.49186e-007	1351.07	1261.7	1262.92
1261.75	822.372	453	1.#QNAN	0	0	0	7.58085e-007	1413.73	1261.75	1262.97
1261.79	822.382	454	1.#QNAN	0	0	0	7.42929e-007	1438.51	1261.79	1263.01
1261.72	822.349	455	1.#QNAN	0	0.015	0	7.35832e-007	1347.05	1261.72	1262.94
1261.62	822.305	456	1.#QNAN	0	0	0	7.31815e-007	1305.88	1261.62	1262.83
1261.55	822.271	457	1.#QNAN	0	0	0	7.63596e-007	1297.75	1261.55	1262.75
1261.45	822.239	458	1.#QNAN	0	0.016	0	7.43954e-007	1296.67	1261.45	1262.65
1261.36	822.222	459	1.#QNAN	0	0	0	7.50803e-007	1281.48	1261.36	1262.56
1261.3	822.182	460	1.#QNAN	0	0	0	7.41365e-007	1287.88	1261.3	1262.49
1261.24	822.159	461	1.#QNAN	0	0.015	0	7.8065e-007	1290.26	1261.24	1262.43
1261.18	822.108	462	1.#QNAN	0	0	0	7.59472e-007	1332.76	1261.18	1262.37
1261.15	822.07	463	1.#QNAN	0	0	0	7.67817e-007	1331.86	1261.15	1262.34
1261.18	822.082	464	1.#QNAN	0	0.016	0	7.48938e-007	1392.26	1261.18	1262.37
1261.19	822.087	465	1.#QNAN	0	0	0	7.5299e-007	1375.85	1261.19	1262.38
1261.25	822.098	466	1.#QNAN	0	0	0	7.73066e-007	1367.81	1261.25	1262.43
1261.33	822.097	467	1.#QNAN	0	0.016	0	7.37005e-007	1384.76	1261.33	1262.51
1261.32	822.109	468	1.#QNAN	0	0	0	7.58354e-007	1367.61	1261.32	1262.5
1261.37	822.108	469	1.#QNAN	0	0	0	7.48911e-007	1372.11	1261.37	1262.55
1261.34	822.096	470	1.#QNAN	0	0.015	0	7.4825e-007	1357.4	1261.34	1262.51
1261.32	822.085	471	1.#QNAN	0	0	0	7.54403e-007	1364.87	1261.32	1262.49
1261.3	822.071	472	1.#QNAN	0	0	0	7.5464e-007	1335.46	1261.3	1262.47
1261.25	822.038	473	1.#QNAN	0	0	0	7.49522e-007	1295.54	1261.25	1262.42
1261.21	822.026	474	1.#QNAN	0	0.016	1	7.65326e-007	1309.33	1261.21	1262.37
1261.12	822.005	475	1.#QNAN	0	0	0	7.55029e-007	1302.98	1261.12	1262.28
1261.11	821.991	476	1.#QNAN	0	0	0	7.46126e-007	1328.24	1261.11	1262.26
1261	821.947	477	1.#QNAN	0	0.015	0	7.36885e-007	1275.23	1261	1262.16
1260.99	821.916	478	1.#QNAN	0	0	0	7.38822e-007	1337.66	1260.99	1262.14
1260.96	821.891	479	1.#QNAN	0	0	0	7.2811e-007	1323.77	1260.96	1262.11
1260.94	821.868	480	1.#QNAN	0	0.016	0	7.41307e-007	1313.58	1260.94	1262.09
1260.88	821.801	481	1.#QNAN	0	0	0	7.41516e-007	1301.61	1260.88	1262.02
1260.85	821.796	482	1.#QNAN	0	0	0	7.27684e-007	1303.9	1260.85	1261.99
1260.79	821.751	483	1.#QNAN	0	0	0	7.43199e-007	1299.82	1260.79	1261.93
1260.78	821.721	484	1.#QNAN	0	0.016	0	7.76275e-007	1329.8	1260.78	1261.92
1260.63	821.632	485	1.#QNAN	0	0	0	7.28248e-007	1260.68	1260.63	1261.76
1260.48	821.576	486	1.#QNAN	0	0	0	7.53755e-007	1254.51	1260.48	1261.61
1260.38	821.545	487	1.#QNAN	0	0.015	0	7.4572e-007	1280.63	1260.38	1261.5
1260.29	821.511	488	1.#QNAN	0	0	0	7.34361e-007	1289.33	1260.29	1261.41
1260.22	821.506	489	1.#QNAN	0	0	0	7.26444e-007	1343.9	1260.22	1261.33
1260.12	821.469	490	1.#QNAN	0	0.016	0	7.32713e-007	1342.89	1260.12	1261.23
1260.03	821.391	491	1.#QNAN	0	0	0	7.34141e-007	1313.11	1260.03	1261.14
1259.92	821.3	492	1.#QNAN	0	0	0	7.30671e-007	1299.77	1259.92	1261.03
1259.82	821.241	493	1.#QNAN	0	0.015	0	7.26486e-007	1276.92	1259.82	1260.92
1259.74	821.23	494	1.#QNAN	0	0	0	7.50876e-007	1291.3	1259.74	1260.84
1259.64	821.154	495	1.#QNAN	0	0	0	7.49609e-007	1285.47	1259.64	1260.73
1259.52	821.119	496	1.#QNAN	0	0	0	7.4567e-007	1309.51	1259.52	1260.61
1259.38	821.052	497	1.#QNAN	0	0	0	7.57932e-007	1284.14	1259.38	1260.47
1259.28	821.025	498	1.#QNAN	0	0	0	7.42974e-007	1303.48	1259.28	1260.37
1259.22	820.977	499	1.#QNAN	0	0	0	7.42781e-007	1306.66	1259.22	1260.31
1259.15	820.946	500	1.#QNAN	0	0.016	0	7.68881e-007	1366.13	1259.15	1260.24
1259.12	820.944	501	1.#QNAN	0	0	0	7.51494e-007	1326.35	1259.12	1260.2
1259.08	820.933	502	1.#QNAN	0	0	0	7.54108e-007	1323.6	1259.08	1260.15
1259.08	820.904	503	1.#QNAN	0	0.015	0	7.65391e-007	1342.61	1259.08	1260.15
1259.03	820.863	504	1.#QNAN	0	0	0	7.28286e-007	1302.64	1259.03	1260.11
1258.96	820.827	505	1.#QNAN	0	0	0	7.5588e-007	1278.5	1258.96	1260.03
1258.95	820.817	506	1.#QNAN	0	0.016	0	7.67297e-007	1317.72	1258.95	1260.02
1258.87	820.776	507	1.#QNAN	0	0	0	7.58412e-007	1319.02	1258.87	1259.94
1258.82	820.759	508	1.#QNAN	0	0	0	7.81265e-007	1308.21	1258.82	1259.88
1258.75	820.722	509	1.#QNAN	0	0	0	7.7489e-007	1302.01	1258.75	1259.81
1258.72	820.681	510	1.#QNAN	0	0.015	0	7.35545e-007	1344.35	1258.72	1259.78
1258.7	820.659	511	1.#QNAN	0	0	0	7.68051e-007	1378.25	1258.7	1259.75
1258.64	820.588	512	1.#QNAN	0	0	0	7.62545e-007	1346.08	1258.64	1259.69
1258.66	820.578	513	1.#QNAN	0	0.016	0	7.48994e-007	1383.01	1258.66	1259.71
1258.6	820.557	514	1.#QNAN	0	0	0	7.45343e-007	1336.49	1258.6	1259.65
1258.56	820.534	515	1.#QNAN	0	0	0	7.72105e-007	1323.23	1258.56	1259.6
1258.52	820.516	516	1.#QNAN	0	0.016	0	7.43323e-007	1318.29	1258.52	1259.56
1258.47	820.499	517	1.#QNAN	0	0	0	7.5109e-007	1317.66	1258.47	1259.51
1258.51	820.527	518	1.#QNAN	0	0	0	7.27902e-007	1375.12	1258.51	1259.55
1258.52	820.534	519	1.#QNAN	0	0	0	7.45313e-007	1369.84	1258.52	1259.56
1258.5	820.523	520	1.#QNAN	0	0.015	0	7.66227e-007	1323.64	1258.5	1259.53
1258.48	820.504	521	1.#QNAN	0	0	0	7.20541e-007	1322.2	1258.48	1259.51
1258.44	820.49	522	1.#QNAN	0	0	0	7.53662e-007	1291.81	1258.44	1259.47
1258.42	820.446	523	1.#QNAN	0	0.016	0	7.37117e-007	1310.75	1258.42	1259.45
1258.42	820.415	524	1.#QNAN	0	0	0	7.66836e-007	1316	1258.42	1259.45
1258.46	820.404	525	1.#QNAN	0	0	0	7.35599e-007	1347.16	1258.46	1259.49
1258.52	820.418	526	1.#QNAN	0	0.015	0	7.23056e-007	1357.63	1258.52	1259.55
1258.62	820.422	527	1.#QNAN	0	0	0	7.48745e-007	1358.2	1258.62	1259.65
1258.71	820.435	528	1.#QNAN	0	0	0	7.33677e-007	1371.09	1258.71	1259.73
1258.78	820.453	529	1.#QNAN	0	0.016	0	7.59467e-007	1359.14	1258.78	1259.81
1258.8	820.442	530	1.#QNAN	0	0	0	7.60614e-007	1331.66	1258.8	1259.82
1258.8	820.431	531	1.#QNAN	0	0	0	7.45686e-007	1314.75	1258.8	1259.82
1258.84	820.431	532	1.#QNAN	0	0	0	7.51037e-007	1336.46	1258.84	1259.86
1258.89	820.421	533	1.#QNAN	0	0.016	0	7.44405e-007	1330	1258.89	1259.91
1258.97	820.409	534	1.#QNAN	0	0	0	7.45917e-007	1371.72	1258.97	1259.99
1259.1	820.414	535	1.#QNAN	0	0	0	7.51808e-007	1405.3	1259.1	1260.12
1259.09	820.4	536	1.#QNAN	0	0.015	0	7.64929e-007	1308.59	1259.09	1260.11
1259.1	820.369	537	1.#QNAN	0	0	0	7.43829e-007	1325.89	1259.1	1260.11
1259.17	820.355	538	1.#QNAN	0	0	0	7.3021e-007	1363.33	1259.17	1260.19
1259.19	820.345	539	1.#QNAN	0	0.016	0	7.6416e-007	1339.21	1259.19	1260.21
1259.24	820.36	540	1.#QNAN	0	0	0	7.68576e-007	1347.29	1259.24	1260.25
1259.3	820.396	541	1.#QNAN	0	0	0	7.64257e-007	1365.93	1259.3	1260.32
1259.34	820.403	542	1.#QNAN	0	0	0	7.5078e-007	1348.64	1259.34	1260.35
1259.38	820.412	543	1.#QNAN	0	0.015	0	7.3354e-007	1338.45	1259.38	1260.39
1259.44	820.456	544	1.#QNAN	0	0	0	7.53885e-007	1352.34	1259.44	1260.45
1259.53	820.478	545	1.#QNAN	0	0	0	7.39797e-007	1380.74	1259.53	1260.54
1259.57	820.477	546	1.#QNAN	0	0.016	0	7.4705e-007	1347.39	1259.57	1260.58
1259.63	820.482	547	1.#QNAN	0	0	0	7.6857e-007	1352.15	1259.63	1260.65
1259.58	820.464	548	1.#QNAN	0	0	0	7.41469e-007	1288.24	1259.58	1260.59
1259.59	820.444	549	1.#QNAN	0	0	0	7.53513e-007	1332.5	1259.59	1260.6
1259.63	820.442	550	1.#QNAN	0	0.016	0	7.54279e-007	1335.89	1259.63	1260.64
1259.68	820.448	551	1.#QNAN	0	0	0	7.61357e-007	1349.06	1259.68	1260.69
1259.73	820.445	552	1.#QNAN	0	0	0	7.768e-007	1334.86	1259.73	1260.74
1259.81	820.453	553	1.#QNAN	0	0.015	0	7.6426e-007	1357.53	1259.81	1260.82
1259.87	820.476	554	1.#QNAN	0	0	0	7.81485e-007	1361.21	1259.87	1260.88
1259.88	820.477	555	1.#QNAN	0	0	0	7.61744e-007	1322.39	1259.88	1260.88
1259.94	820.474	556	1.#QNAN	0	0.016	0	7.35208e-007	1360.92	1259.94	1260.95
1260	820.479	557	1.#QNAN	0	0	0	7.40479e-007	1349.57	1260	1261
1259.99	820.474	558	1.#QNAN	0	0	0	7.51146e-007	1309.2	1259.99	1260.99
1259.98	820.463	559	1.#QNAN	0	0	0	7.23128e-007	1313.79	1259.98	1260.98
1260.01	820.455	560	1.#QNAN	0	0.015	0	7.382e-007	1346.27	1260.01	1261.01
1260.08	820.491	561	1.#QNAN	0	0	0	7.71863e-007	1398.55	1260.08	1261.08
1260.13	820.5	562	1.#QNAN	0	0	0	7.52364e-007	1361.86	1260.13	1261.13
1260.1	820.486	563	1.#QNAN	0	0.016	0	7.44067e-007	1316.83	1260.1	1261.1
1260.11	820.48	564	1.#QNAN	0	0	0	7.34418e-007	1325.58	1260.11	1261.11
1260.11	820.471	565	1.#QNAN	0	0	0	7.59961e-007	1318.17	1260.11	1261.1
1260.08	820.457	566	1.#QNAN	0	0.016	0	7.5842e-007	1314.98	1260.08	1261.08
1260.09	820.478	567	1.#QNAN	0	0	0	7.38331e-007	1333.96	1260.09	1261.08
1260.09	820.476	568	1.#QNAN	0	0	0	7.34149e-007	1333.45	1260.09	1261.08
1260.17	820.494	569	1.#QNAN	0	0.015	0	7.4106e-007	1382.11	1260.17	1261.16
1260.22	820.503	570	1.#QNAN	0	0	0	7.54373e-007	1362.12	1260.22	1261.22
1260.25	820.5	571	1.#QNAN	0	0	0	7.51058e-007	1329.97	1260.25	1261.24
1260.19	820.462	572	1.#QNAN	0	0.016	0	7.43433e-007	1291.63	1260.19	1261.18
1260.19	820.445	573	1.#QNAN	0	0	0	7.52214e-007	1315.29	1260.19	1261.18
1260.14	820.407	574	1.#QNAN	0	0	0	7.26673e-007	1306.75	1260.14	1261.12
1260.1	820.382	575	1.#QNAN	0	0	0	7.20279e-007	1314.38	1260.1	1261.09
1260.1	820.333	576	1.#QNAN	0	0.015	0	7.40365e-007	1323.87	1260.1	1261.09
1260.16	820.314	577	1.#QNAN	0	0	0	7.39428e-007	1345	1260.16	1261.14
1260.27	820.323	578	1.#QNAN	0	0	0	7.48491e-007	1408.69	1260.27	1261.26
1260.31	820.311	579	1.#QNAN	0	0.016	0	7.5927e-007	1345.01	1260.31	1261.29
1260.4	820.342	580	1.#QNAN	0	0	0	7.51979e-007	1396.95	1260.4	1261.39
1260.44	820.339	581	1.#QNAN	0	0	0	7.60498e-007	1352.59	1260.44	1261.43
1260.45	820.342	582	1.#QNAN	0	0	0	7.3085e-007	1332.03	1260.45	1261.43
1260.43	820.325	583	1.#QNAN	0	0.016	0	7.18896e-007	1311.44	1260.43	1261.41
1260.4	820.312	584	1.#QNAN	0	0	0	7.22409e-007	1314.84	1260.4	1261.38
1260.44	820.328	585	1.#QNAN	0	0	0	7.55362e-007	1356.47	1260.44	1261.42
1260.48	820.322	586	1.#QNAN	0	0.015	0	7.53445e-007	1385.61	1260.48	1261.46
1260.44	820.314	587	1.#QNAN	0	0	0	7.62431e-007	1297.21	1260.44	1261.42
1260.44	820.325	588	1.#QNAN	0	0	0	7.26851e-007	1326.75	1260.44	1261.42
1260.49	820.328	589	1.#QNAN	0	0.016	0	7.32886e-007	1343.35	1260.49	1261.47
1260.51	820.338	590	1.#QNAN	0	0	0	7.25476e-007	1330.05	1260.51	1261.49
1260.53	820.338	591	1.#QNAN	0	0	0	7.39591e-007	1324.7	1260.53	1261.51
1260.49	820.321	592	1.#QNAN	0	0	0	7.34991e-007	1299.15	1260.49	1261.46
1260.49	820.284	593	1.#QNAN	0	0.015	0	7.55792e-007	1319.29	1260.49	1261.47
1260.5	820.291	594	1.#QNAN	0	0	0	7.80643e-007	1333.15	1260.5	1261.47
1260.61	820.306	595	1.#QNAN	0	0	0	7.27394e-007	1376.39	1260.61	1261.58
1260.68	820.323	596	1.#QNAN	0	0.016	0	7.20508e-007	1356.26	1260.68	1261.65
1260.72	820.343	597	1.#QNAN	0	0	0	7.64859e-007	1346.49	1260.72	1261.68
1260.76	820.371	598	1.#QNAN	0	0	0	7.27737e-007	1376.36	1260.76	1261.73
1260.79	820.388	599	1.#QNAN	0	0.016	0	7.32245e-007	1346.69	1260.79	1261.75
1260.72	820.38	600	1.#QNAN	0	0	0	7.52153e-007	1277.83	1260.72	1261.69
1260.67	820.405	601	1.#QNAN	0	0	0	7.14508e-007	1296.57	1260.67	1261.63
1260.71	820.428	602	1.#QNAN	0	0	0	7.26098e-007	1336.21	1260.71	1261.67
1260.69	820.43	603	1.#QNAN	0	0.015	0	7.32301e-007	1308.03	1260.69	1261.65
1260.7	820.432	604	1.#QNAN	0	0	0	7.6836e-007	1315.32	1260.7	1261.66
1260.75	820.451	605	1.#QNAN	0	0	0	7.28476e-007	1355.92	1260.75	1261.71
1260.77	820.46	606	1.#QNAN	0	0.016	0	7.68603e-007	1324.62	1260.77	1261.73
1260.76	820.461	607	1.#QNAN	0	0	0	7.32071e-007	1304.9	1260.76	1261.72
1260.83	820.484	608	1.#QNAN	0	0	0	7.26647e-007	1354.59	1260.83	1261.79
1260.9	820.514	609	1.#QNAN	0	0.015	0	7.36263e-007	1354.97	1260.9	1261.85
1260.99	820.563	610	1.#QNAN	0	0	0	7.51128e-007	1394.04	1260.99	1261.95
1261.03	820.589	611	1.#QNAN	0	0	0	7.48082e-007	1340.72	1261.03	1261.98
1261.05	820.607	612	1.#QNAN	0	0	0	7.68268e-007	1324.13	1261.05	1262.01
1261.07	820.604	613	1.#QNAN	0	0.016	0	7.54457e-007	1324.07	1261.07	1262.03
1261.07	820.598	614	1.#QNAN	0	0	0	7.61788e-007	1299.02	1261.07	1262.02
1261.07	820.582	615	1.#QNAN	0	0	0	7.78092e-007	1317.46	1261.07	1262.02
1261.08	820.59	616	1.#QNAN	0	0.016	0	7.74716e-007	1315.71	1261.08	1262.03
1261.04	820.56	617	1.#QNAN	0	0	0	7.31521e-007	1282.92	1261.04	1261.99
1261.02	820.503	618	1.#QNAN	0	0	0	7.68802e-007	1292.14	1261.02	1261.96
1261.01	820.47	619	1.#QNAN	0	0	0	7.50012e-007	1315.5	1261.01	1261.96
1260.97	820.462	620	1.#QNAN	0	0.015	0	7.06097e-007	1316.42	1260.97	1261.91
1260.96	820.477	621	1.#QNAN	0	0	0	7.19594e-007	1321.13	1260.96	1261.9
1260.96	820.486	622	1.#QNAN	0	0	0	7.43368e-007	1328.62	1260.96	1261.9
1260.97	820.504	623	1.#QNAN	0	0.016	0	7.37156e-007	1326.13	1260.97	1261.91
1260.96	820.473	624	1.#QNAN	0	0	0	7.46406e-007	1312.23	1260.96	1261.9
1260.98	820.482	625	1.#QNAN	0	0	0	7.26332e-007	1327.86	1260.98	1261.91
1260.99	820.493	626	1.#QNAN	0	0.015	0	7.19318e-007	1338.75	1260.99	1261.93
1260.97	820.474	627	1.#QNAN	0	0	0	7.89823e-007	1320.74	1260.97	1261.9
1260.87	820.43	628	1.#QNAN	0	0	0	7.49078e-007	1297.55	1260.87	1261.8
1260.83	820.43	629	1.#QNAN	0	0	0	7.37931e-007	1322.87	1260.83	1261.75
1260.81	820.414	630	1.#QNAN	0	0.016	0	7.60677e-007	1331.55	1260.81	1261.73
1260.74	820.39	631	1.#QNAN	0	0	0	7.61488e-007	1288.49	1260.74	1261.66
1260.7	820.379	632	1.#QNAN	0	0	0	7.48475e-007	1323.04	1260.7	1261.62
1260.67	820.372	633	1.#QNAN	0	0.016	0	7.385e-007	1327.24	1260.67	1261.59
1260.66	820.347	634	1.#QNAN	0	0	0	7.48805e-007	1318.49	1260.66	1261.58
1260.67	820.339	635	1.#QNAN	0	0	0	7.6139e-007	1334.09	1260.67	1261.58
1260.62	820.316	636	1.#QNAN	0	0	0	7.65404e-007	1309.59	1260.62	1261.54
1260.58	820.312	637	1.#QNAN	0	0.015	0	7.57535e-007	1318.82	1260.58	1261.5
1260.6	820.296	638	1.#QNAN	0	0	0	7.43043e-007	1341.44	1260.6	1261.51
1260.54	820.259	639	1.#QNAN	0	0	0	7.28045e-007	1290.26	1260.54	1261.45
1260.48	820.234	640	1.#QNAN	0	0.016	0	7.60376e-007	1304.8	1260.48	1261.39
1260.46	820.244	641	1.#QNAN	0	0	0	7.69856e-007	1321.27	1260.46	1261.37
1260.44	820.216	642	1.#QNAN	0	0	0	7.62547e-007	1335.27	1260.44	1261.35
1260.48	820.245	643	1.#QNAN	0	0.015	0	7.65563e-007	1365.74	1260.48	1261.38
1260.45	820.237	644	1.#QNAN	0	0	0	7.52081e-007	1310.39	1260.45	1261.36
1260.46	820.233	645	1.#QNAN	0	0	0	7.63445e-007	1336.7	1260.46	1261.37
1260.43	820.24	646	1.#QNAN	0	0	0	7.40575e-007	1311.98	1260.43	1261.34
1260.46	820.268	647	1.#QNAN	0	0.016	0	7.49977e-007	1342.69	1260.46	1261.36
1260.4	820.244	648	1.#QNAN	0	0	0	7.27865e-007	1285.22	1260.4	1261.3
1260.35	820.216	649	1.#QNAN	0	0	0	7.64028e-007	1293.94	1260.35	1261.25
1260.28	820.199	650	1.#QNAN	0	0.016	0	7.50525e-007	1291.23	1260.28	1261.18
1260.25	820.196	651	1.#QNAN	0	0	0	7.72131e-007	1317.15	1260.25	1261.14
1260.22	820.17	652	1.#QNAN	0	0	0	7.72685e-007	1306.67	1260.22	1261.12
1260.23	820.165	653	1.#QNAN	0	0	0	7.78933e-007	1315.42	1260.23	1261.12
1260.27	820.168	654	1.#QNAN	0	0.015	0	7.65325e-007	1346.45	1260.27	1261.16
1260.31	820.172	655	1.#QNAN	0	0	0	7.46757e-007	1352.93	1260.31	1261.2
1260.36	820.17	656	1.#QNAN	0	0	0	7.41454e-007	1385.47	1260.36	1261.25
1260.32	820.148	657	1.#QNAN	0	0.016	0	7.48862e-007	1298.42	1260.32	1261.21
1260.32	820.116	658	1.#QNAN	0	0	0	7.37735e-007	1324.91	1260.32	1261.21
1260.32	820.092	659	1.#QNAN	0	0	0	7.58563e-007	1337.03	1260.32	1261.21
1260.38	820.082	660	1.#QNAN	0	0.015	0	7.32835e-007	1375.14	1260.38	1261.26
1260.47	820.091	661	1.#QNAN	0	0	0	7.58287e-007	1388.82	1260.47	1261.36
1260.48	820.073	662	1.#QNAN	0	0	0	7.61039e-007	1310.9	1260.48	1261.36
1260.47	820.056	663	1.#QNAN	0	0	0	7.58026e-007	1303.82	1260.47	1261.35
1260.47	820.044	664	1.#QNAN	0	0.016	0	7.59019e-007	1321.72	1260.47	1261.35
1260.46	820.011	665	1.#QNAN	0	0	0	7.57202e-007	1312.17	1260.46	1261.34
1260.5	820.005	666	1.#QNAN	0	0	0	7.69851e-007	1347.96	1260.5	1261.38
1260.6	820.022	667	1.#QNAN	0	0.016	0	7.51676e-007	1400.74	1260.6	1261.47
1260.56	819.984	668	1.#QNAN	0	0	0	7.71519e-007	1285.25	1260.56	1261.44
1260.54	819.968	669	1.#QNAN	0	0	0	7.52242e-007	1314.31	1260.54	1261.42
1260.52	819.925	670	1.#QNAN	0	0.015	0	7.72892e-007	1319.12	1260.52	1261.39
1260.56	819.922	671	1.#QNAN	0	0	0	7.84107e-007	1349.93	1260.56	1261.44
1260.63	819.904	672	1.#QNAN	0	0	0	7.74234e-007	1394.15	1260.63	1261.51
1260.77	819.939	673	1.#QNAN	0	0	0	7.42918e-007	1444.84	1260.77	1261.65
1260.87	819.951	674	1.#QNAN	0	0.016	0	7.90888e-007	1381.76	1260.87	1261.75
1260.98	819.987	675	1.#QNAN	0	0	0	7.79666e-007	1386.5	1260.98	1261.85
1261.06	819.998	676	1.#QNAN	0	0	0	7.54812e-007	1364.93	1261.06	1261.94
1261.12	820.003	677	1.#QNAN	0	0.015	0	7.67061e-007	1355.88	1261.12	1261.99
1261.18	820.023	678	1.#QNAN	0	0	0	7.28596e-007	1361.81	1261.18	1262.06
1261.23	820.013	679	1.#QNAN	0	0	0	7.3898e-007	1348.93	1261.23	1262.1
1261.28	820.019	680	1.#QNAN	0	0.016	0	7.64364e-007	1355.19	1261.28	1262.16
1261.34	820.043	681	1.#QNAN	0	0	0	7.39134e-007	1364.29	1261.34	1262.22
1261.42	820.047	682	1.#QNAN	0	0	0	7.81499e-007	1392.31	1261.42	1262.29
1261.47	820.06	683	1.#QNAN	0	0	0	7.45128e-007	1357.59	1261.47	1262.35
1261.53	820.069	684	1.#QNAN	0	0.016	0	7.80059e-007	1351.55	1261.53	1262.4
1261.6	820.085	685	1.#QNAN	0	0	0	7.48174e-007	1354.84	1261.6	1262.47
1261.61	820.083	686	1.#QNAN	0	0	0	7.55814e-007	1311.09	1261.61	1262.49
1261.62	820.062	687	1.#QNAN	0	0.015	1	7.68724e-007	1324.36	1261.62	1262.49
1261.65	820.046	688	1.#QNAN	0	0	0	7.57248e-007	1338.36	1261.65	1262.51
1261.61	820.027	689	1.#QNAN	0	0	0	7.65058e-007	1286.47	1261.61	1262.48
1261.65	820.027	690	1.#QNAN	0	0.016	0	7.85467e-007	1329.01	1261.65	1262.51
1261.65	820.031	691	1.#QNAN	0	0	0	7.76448e-007	1328.13	1261.65	1262.52
1261.63	820.018	692	1.#QNAN	0	0	0	7.66898e-007	1300.33	1261.63	1262.5
1261.68	820.033	693	1.#QNAN	0	0	0	7.73215e-007	1333.08	1261.68	1262.54
1261.72	820.03	694	1.#QNAN	0	0.015	0	7.6374e-007	1354.02	1261.72	1262.58
1261.75	820.038	695	1.#QNAN	0	0	0	7.74054e-007	1343.82	1261.75	1262.61
1261.74	820.031	696	1.#QNAN	0	0	0	7.7403e-007	1311.69	1261.74	1262.6
1261.79	820.028	697	1.#QNAN	0	0.016	0	7.53481e-007	1363.14	1261.79	1262.65
1261.76	819.996	698	1.#QNAN	0	0	0	7.30878e-007	1308.08	1261.76	1262.62
1261.72	819.961	699	1.#QNAN	0	0	0	7.77243e-007	1298.54	1261.72	1262.58
1261.71	819.927	700	1.#QNAN	0	0.016	0	7.60152e-007	1315.47	1261.71	1262.57
1261.75	819.912	701	1.#QNAN	0	0	0	7.32521e-007	1370.79	1261.75	1262.6
1261.69	819.864	702	1.#QNAN	0	0	0	7.53528e-007	1301.11	1261.69	1262.54
1261.7	819.853	703	1.#QNAN	0	0	0	7.18412e-007	1334.67	1261.7	1262.56
1261.69	819.825	704	1.#QNAN	0	0.015	0	7.72141e-007	1336.92	1261.69	1262.55
1261.68	819.796	705	1.#QNAN	0	0	0	7.36394e-007	1329.08	1261.68	1262.53
1261.67	819.791	706	1.#QNAN	0	0	0	7.47088e-007	1328.44	1261.67	1262.52
1261.68	819.776	707	1.#QNAN	0	0.016	0	7.47008e-007	1323.87	1261.68	1262.53
1261.72	819.786	708	1.#QNAN	0	0	0	7.65373e-007	1358.94	1261.72	1262.57
1261.73	819.766	709	1.#QNAN	0	0	0	7.29899e-007	1314.49	1261.73	1262.58
1261.74	819.762	710	1.#QNAN	0	0.015	0	7.52526e-007	1319.03	1261.74	1262.58
1261.73	819.766	711	1.#QNAN	0	0	0	7.55285e-007	1314.03	1261.73	1262.58
1261.74	819.758	712	1.#QNAN	0	0	0	7.34656e-007	1333.57	1261.74	1262.59
1261.79	819.778	713	1.#QNAN	0	0	0	7.48178e-007	1380.67	1261.79	1262.64
1261.89	819.806	714	1.#QNAN	0	0.016	0	7.3363e-007	1397.08	1261.89	1262.74
1261.98	819.831	715	1.#QNAN	0	0	0	7.41926e-007	1383.89	1261.98	1262.82
1262.02	819.851	716	1.#QNAN	0	0	0	7.58286e-007	1354.42	1262.02	1262.87
1262.04	819.854	717	1.#QNAN	0	0.016	0	7.38184e-007	1328.57	1262.04	1262.88
1262.1	819.854	718	1.#QNAN	0	0	0	7.39856e-007	1378.38	1262.1	1262.95
1262.11	819.852	719	1.#QNAN	0	0	0	7.5143e-007	1321.15	1262.11	1262.96
1262.13	819.861	720	1.#QNAN	0	0.015	0	7.45004e-007	1335.03	1262.13	1262.98
1262.18	819.873	721	1.#QNAN	0	0	0	7.66309e-007	1355.13	1262.18	1263.03
1262.23	819.881	722	1.#QNAN	0	0	0	7.55627e-007	1357.99	1262.23	1263.08
1262.24	819.876	723	1.#QNAN	0	0	0	7.78251e-007	1319.01	1262.24	1263.08
1262.27	819.888	724	1.#QNAN	0	0.016	0	7.69075e-007	1339.05	1262.27	1263.12
1262.28	819.894	725	1.#QNAN	0	0	0	7.70929e-007	1309.91	1262.28	1263.12
1262.31	819.906	726	1.#QNAN	0	0	0	7.38513e-007	1326.23	1262.31	1263.15
1262.28	819.897	727	1.#QNAN	0	0.015	0	7.50122e-007	1300.56	1262.28	1263.12
1262.24	819.868	728	1.#QNAN	0	0	0	7.29441e-007	1296.46	1262.24	1263.08
1262.25	819.857	729	1.#QNAN	0	0	0	7.79911e-007	1324.98	1262.25	1263.08
1262.21	819.843	730	1.#QNAN	0	0	0	7.28369e-007	1290.58	1262.21	1263.05
1262.17	819.816	731	1.#QNAN	0	0.016	0	7.46741e-007	1296.58	1262.17	1263.01
1262.18	819.803	732	1.#QNAN	0	0	0	7.61272e-007	1319.8	1262.18	1263.01
1262.17	819.772	733	1.#QNAN	0	0	0	7.5441e-007	1309.65	1262.17	1263
1262.19	819.757	734	1.#QNAN	0	0.016	0	7.5158e-007	1342.87	1262.19	1263.02
1262.17	819.74	735	1.#QNAN	0	0	0	7.42947e-007	1297.56	1262.17	1263
1262.17	819.707	736	1.#QNAN	0	0	0	7.12125e-007	1323.58	1262.17	1263
1262.16	819.687	737	1.#QNAN	0	0.015	0	7.74658e-007	1302.39	1262.16	1262.99
1262.19	819.674	738	1.#QNAN	0	0	0	7.4776e-007	1336.84	1262.19	1263.02
1262.28	819.695	739	1.#QNAN	0	0	0	7.63768e-007	1386.48	1262.28	1263.11
1262.35	819.727	740	1.#QNAN	0	0	0	7.40981e-007	1364.94	1262.35	1263.18
1262.42	819.744	741	1.#QNAN	0	0.016	0	7.49561e-007	1364.31	1262.42	1263.25
1262.43	819.73	742	1.#QNAN	0	0	0	7.37614e-007	1324.26	1262.43	1263.26
1262.45	819.731	743	1.#QNAN	0	0	0	7.55484e-007	1340.8	1262.45	1263.28
1262.52	819.745	744	1.#QNAN	0	0.015	0	7.35686e-007	1378.78	1262.52	1263.34
1262.58	819.765	745	1.#QNAN	0	0	0	7.7299e-007	1399.51	1262.58	1263.41
1262.71	819.813	746	1.#QNAN	0	0	0	7.69508e-007	1443.26	1262.71	1263.54
1262.86	819.874	747	1.#QNAN	0	0	0	7.0559e-007	1487.15	1262.86	1263.69
1263.01	819.918	748	1.#QNAN	0	0.016	0	7.40459e-007	1473.72	1263.01	1263.84
1263.15	819.966	749	1.#QNAN	0	0	0	7.3358e-007	1474.72	1263.15	1263.98
1263.24	819.996	750	1.#QNAN	0	0	0	7.58531e-007	1414.44	1263.24	1264.07
1263.35	820.035	751	1.#QNAN	0	0.016	0	7.58245e-007	1433.14	1263.35	1264.18
1263.45	820.051	752	1.#QNAN	0	0	0	7.59685e-007	1426.08	1263.45	1264.28
1263.52	820.057	753	1.#QNAN	0	0	0	7.28556e-007	1376.75	1263.52	1264.35
1263.65	820.094	754	1.#QNAN	0	0.015	0	7.29885e-007	1447.44	1263.65	1264.48
1263.78	820.124	755	1.#QNAN	0	0	0	7.43166e-007	1436.23	1263.78	1264.61
1263.83	820.12	756	1.#QNAN	0	0	0	7.3441e-007	1357.3	1263.83	1264.66
1263.97	820.15	757	1.#QNAN	0	0	0	7.61819e-007	1468.97	1263.97	1264.8
1264.07	820.162	758	1.#QNAN	0	0.016	0	7.80906e-007	1394.47	1264.07	1264.9
1264.21	820.203	759	1.#QNAN	0	0	0	7.40407e-007	1455	1264.21	1265.04
1264.3	820.226	760	1.#QNAN	0	0	0	7.46458e-007	1430.7	1264.3	1265.13
1264.33	820.227	761	1.#QNAN	0	0.015	0	7.73501e-007	1357.97	1264.33	1265.16
1264.37	820.234	762	1.#QNAN	0	0	0	7.40751e-007	1349.99	1264.37	1265.2
1264.38	820.226	763	1.#QNAN	0	0	0	7.409e-007	1335.35	1264.38	1265.21
1264.45	820.246	764	1.#QNAN	0	0	0	7.29605e-007	1385.03	1264.45	1265.29
1264.49	820.262	765	1.#QNAN	0	0.016	0	7.381e-007	1371.44	1264.49	1265.32
1264.51	820.266	766	1.#QNAN	0	0	0	7.4107e-007	1345.76	1264.51	1265.34
1264.52	820.263	767	1.#QNAN	0	0	0	7.39505e-007	1332.36	1264.52	1265.35
1264.49	820.24	768	1.#QNAN	0	0.016	0	7.81276e-007	1297.82	1264.49	1265.32
1264.45	820.226	769	1.#QNAN	0	0	0	7.64991e-007	1288.71	1264.45	1265.28
1264.44	820.206	770	1.#QNAN	0	0	0	7.33586e-007	1319.03	1264.44	1265.27
1264.43	820.204	771	1.#QNAN	0	0.015	0	7.65409e-007	1323.14	1264.43	1265.26
1264.42	820.213	772	1.#QNAN	0	0	0	7.40176e-007	1303.33	1264.42	1265.24
1264.36	820.22	773	1.#QNAN	0	0	0	7.02027e-007	1272.17	1264.36	1265.18
1264.36	820.23	774	1.#QNAN	0	0	0	7.71589e-007	1309.36	1264.36	1265.18
1264.34	820.24	775	1.#QNAN	0	0.016	0	7.53218e-007	1300.29	1264.34	1265.16
1264.36	820.255	776	1.#QNAN	0	0	0	7.7531e-007	1337.34	1264.36	1265.18
1264.38	820.258	777	1.#QNAN	0	0	0	7.27077e-007	1333.45	1264.38	1265.2
1264.45	820.274	778	1.#QNAN	0	0.015	0	7.47102e-007	1369.74	1264.45	1265.27
1264.48	820.285	779	1.#QNAN	0	0	0	7.19289e-007	1333.71	1264.48	1265.3
1264.54	820.31	780	1.#QNAN	0	0	0	7.6033e-007	1350.96	1264.54	1265.36
1264.57	820.313	781	1.#QNAN	0	0.016	0	7.32509e-007	1333.1	1264.57	1265.39
1264.63	820.332	782	1.#QNAN	0	0	0	7.24653e-007	1357.86	1264.63	1265.44
1264.69	820.364	783	1.#QNAN	0	0	0	7.46446e-007	1373.08	1264.69	1265.5
1264.75	820.375	784	1.#QNAN	0	0.016	0	7.58925e-007	1359.34	1264.75	1265.56
1264.73	820.35	785	1.#QNAN	0	0	0	7.57598e-007	1315.37	1264.73	1265.54
1264.73	820.341	786	1.#QNAN	0	0	0	7.80621e-007	1326.79	1264.73	1265.54
1264.73	820.338	787	1.#QNAN	0	0	0	7.57841e-007	1320.37	1264.73	1265.54
1264.69	820.322	788	1.#QNAN	0	0.015	0	7.29634e-007	1297.77	1264.69	1265.5
1264.62	820.316	789	1.#QNAN	0	0	0	7.21501e-007	1276.59	1264.62	1265.43
1264.57	820.317	790	1.#QNAN	0	0	0	7.12022e-007	1301.55	1264.57	1265.38
1264.53	820.305	791	1.#QNAN	0	0.016	0	7.51772e-007	1290.28	1264.53	1265.34
1264.51	820.298	792	1.#QNAN	0	0	0	7.44515e-007	1302.86	1264.51	1265.32
1264.47	820.305	793	1.#QNAN	0	0	0	7.31345e-007	1300.81	1264.47	1265.28
1264.4	820.292	794	1.#QNAN	0	0.015	0	7.65866e-007	1283.35	1264.4	1265.21
1264.36	820.272	795	1.#QNAN	0	0	0	7.73221e-007	1295.05	1264.36	1265.17
1264.32	820.266	796	1.#QNAN	0	0	0	7.43289e-007	1302.2	1264.32	1265.12
1264.3	820.265	797	1.#QNAN	0	0	0	7.58077e-007	1305.4	1264.3	1265.1
1264.23	820.247	798	1.#QNAN	0	0.016	0	7.36728e-007	1284.25	1264.23	1265.03
1264.19	820.226	799	1.#QNAN	0	0	0	7.29313e-007	1304.2	1264.19	1264.99
