rmse	mae	#iter	time_pred	time_learn	time_learn2	time_learn4	alpha	rmse_mcmc_this	rmse_mcmc_all	rmse_mcmc_all_but5
2379.41	1669.02	0	1.#QNAN	0	0.016	0	5.56471e-008	2379.41	2379.41	4162.21
1833.66	1280.45	1	1.#QNAN	0	0	0	1.96533e-007	1581.56	1833.66	4162.21
1686.2	1170.05	2	1.#QNAN	0	0	0	4.42636e-007	1549.09	1686.2	4162.21
1626.69	1121.5	3	1.#QNAN	0	0.016	0	4.67367e-007	1533.23	1626.69	4162.21
1594.68	1095.05	4	1.#QNAN	0	0	0	4.83123e-007	1527.99	1594.68	37734.5
1574.21	1078.87	5	1.#QNAN	0	0	0	4.78303e-007	1513.38	1574.21	1513.38
1560.24	1067.24	6	1.#QNAN	0	0	0	4.78933e-007	1504.03	1560.24	1505.18
1548.85	1056.43	7	1.#QNAN	0	0.015	0	5.01293e-007	1495.98	1548.85	1498.93
1539.01	1047.74	8	1.#QNAN	0	0	0	5.01409e-007	1486.7	1539.01	1494.14
1529.53	1040.76	9	1.#QNAN	0	0	0	4.99682e-007	1467.89	1529.53	1486.96
1520.36	1032.57	10	1.#QNAN	0	0.016	0	5.03428e-007	1458.53	1520.36	1480.28
1511.91	1025.27	11	1.#QNAN	0	0	0	5.08946e-007	1443.18	1511.91	1473.36
1503.91	1016.38	12	1.#QNAN	0	0	0	5.15751e-007	1436.72	1503.91	1466.78
1496.24	1009.09	13	1.#QNAN	0	0.015	0	5.35798e-007	1428.01	1496.24	1460.75
1491.21	1004.14	14	1.#QNAN	0	0	0	5.50451e-007	1449.54	1491.21	1458.16
1485.53	997.968	15	1.#QNAN	0	0	0	5.33546e-007	1433.02	1485.53	1454.22
1480.08	992.821	16	1.#QNAN	0	0	0	5.52226e-007	1425.74	1480.08	1450.07
1474.22	987.791	17	1.#QNAN	0	0.016	0	5.28811e-007	1414.91	1474.22	1445.51
1469.55	983.436	18	1.#QNAN	0	0	0	5.51911e-007	1422.83	1469.55	1442.09
1465.29	978.706	19	1.#QNAN	0	0	0	5.5767e-007	1416.2	1465.29	1439.11
1461.35	974.47	20	1.#QNAN	0	0.016	0	5.655e-007	1413.63	1461.35	1436.26
1458.12	970.736	21	1.#QNAN	0	0	0	5.71421e-007	1430.93	1458.12	1434.34
1455.61	967.684	22	1.#QNAN	0	0	0	5.80299e-007	1433.33	1455.61	1433.09
1453.18	965.096	23	1.#QNAN	0	0.015	0	5.56631e-007	1435.46	1453.18	1431.75
1450.08	961.219	24	1.#QNAN	0	0	0	5.76943e-007	1420.49	1450.08	1429.74
1447.89	958.832	25	1.#QNAN	0	0	0	5.73732e-007	1436.35	1447.89	1428.62
1445.64	956.044	26	1.#QNAN	0	0	0	5.8764e-007	1430.27	1445.64	1427.23
1443.15	953.323	27	1.#QNAN	0	0.016	0	6.01112e-007	1420.19	1443.15	1425.58
1440.54	950.302	28	1.#QNAN	0	0	0	5.65356e-007	1417.27	1440.54	1423.73
1438.81	948.375	29	1.#QNAN	0	0.015	0	5.78137e-007	1427.15	1438.81	1422.77
1436.98	946.394	30	1.#QNAN	0	0	0	5.87086e-007	1421.1	1436.98	1421.66
1435.24	944.396	31	1.#QNAN	0	0	0	5.81364e-007	1423.73	1435.24	1420.66
1433.87	942.66	32	1.#QNAN	0	0.016	0	5.69439e-007	1429.89	1433.87	1419.96
1432.44	940.899	33	1.#QNAN	0	0	0	5.69238e-007	1426.39	1432.44	1419.13
1430.95	939.606	34	1.#QNAN	0	0	0	5.73693e-007	1426.37	1430.95	1418.19
1430.09	938.553	35	1.#QNAN	0	0.016	0	5.91816e-007	1441.32	1430.09	1417.96
1429	937.555	36	1.#QNAN	0	0	0	5.80081e-007	1424.98	1429	1417.38
1427.87	936.412	37	1.#QNAN	0	0	0	6.16347e-007	1425.94	1427.87	1416.7
1426.73	935.251	38	1.#QNAN	0	0.015	0	5.95529e-007	1416.9	1426.73	1416
1425.58	934.362	39	1.#QNAN	0	0	0	5.65904e-007	1424.27	1425.58	1415.3
1424.58	933.26	40	1.#QNAN	0	0	0	5.74447e-007	1419.15	1424.58	1414.7
1423.58	932.057	41	1.#QNAN	0	0.016	0	5.86339e-007	1412.07	1423.58	1414.04
1422.79	930.916	42	1.#QNAN	0	0	0	5.8261e-007	1420.82	1422.79	1413.6
1421.96	929.652	43	1.#QNAN	0	0	0	5.73094e-007	1413.25	1421.96	1413.06
1421.08	928.562	44	1.#QNAN	0	0.015	0	5.98502e-007	1410.65	1421.08	1412.46
1420.17	927.631	45	1.#QNAN	0	0	0	6.04026e-007	1403.34	1420.17	1411.78
1419.3	926.564	46	1.#QNAN	0	0	0	5.93147e-007	1409.86	1419.3	1411.19
1418.32	925.626	47	1.#QNAN	0	0.016	0	6.00735e-007	1403.24	1418.32	1410.48
1417.05	924.551	48	1.#QNAN	0	0	0	5.90376e-007	1389.74	1417.05	1409.43
1415.9	923.453	49	1.#QNAN	0	0	0	6.06816e-007	1388.45	1415.9	1408.47
1414.38	922.372	50	1.#QNAN	0	0	0	6.01158e-007	1368.56	1414.38	1407.06
1412.98	921.202	51	1.#QNAN	0	0	0	5.95424e-007	1370.83	1412.98	1405.8
1411.67	920.006	52	1.#QNAN	0	0	0	6.09409e-007	1379.3	1411.67	1404.65
1410.6	918.857	53	1.#QNAN	0	0	0	6.12742e-007	1380.43	1410.6	1403.72
1409.66	918.118	54	1.#QNAN	0	0	0	6.02713e-007	1393.75	1409.66	1402.95
1408.27	916.847	55	1.#QNAN	0	0	0	5.86648e-007	1368.48	1408.27	1401.69
1406.85	915.676	56	1.#QNAN	0	0	0	6.03981e-007	1358.41	1406.85	1400.37
1405.55	914.411	57	1.#QNAN	0	0.016	0	6.08751e-007	1374.02	1405.55	1399.16
1403.92	913.042	58	1.#QNAN	0	0	0	6.32866e-007	1366.09	1403.92	1397.61
1402.66	911.547	59	1.#QNAN	0	0	0	6.4615e-007	1389.77	1402.66	1396.44
1401.07	909.963	60	1.#QNAN	0	0.015	0	6.44648e-007	1368.22	1401.07	1394.92
1399.22	908.222	61	1.#QNAN	0	0	0	6.4628e-007	1373.3	1399.22	1393.13
1397.64	906.675	62	1.#QNAN	0	0	0	6.82128e-007	1389.88	1397.64	1391.61
1396.26	905.184	63	1.#QNAN	0	0.016	0	6.78365e-007	1386.56	1396.26	1390.3
1395.19	904.044	64	1.#QNAN	0	0	0	6.8859e-007	1412.81	1395.19	1389.34
1394.22	902.929	65	1.#QNAN	0	0	0	6.88493e-007	1418.33	1394.22	1388.51
1393.17	901.738	66	1.#QNAN	0	0.016	0	6.90879e-007	1407.53	1393.17	1387.54
1392.29	900.781	67	1.#QNAN	0	0	0	6.78946e-007	1408.56	1392.29	1386.76
1391.58	899.806	68	1.#QNAN	0	0	0	6.95384e-007	1418.4	1391.58	1386.17
1390.87	898.689	69	1.#QNAN	0	0.015	0	6.86345e-007	1422.42	1390.87	1385.57
1389.99	897.542	70	1.#QNAN	0	0	0	6.58424e-007	1406.73	1389.99	1384.77
1388.95	896.616	71	1.#QNAN	0	0	0	6.91879e-007	1399.35	1388.95	1383.81
1387.83	895.508	72	1.#QNAN	0	0.016	0	6.89845e-007	1390.67	1387.83	1382.78
1386.6	894.323	73	1.#QNAN	0	0	0	6.62327e-007	1383.31	1386.6	1381.61
1385.78	893.158	74	1.#QNAN	0	0	0	6.79046e-007	1405.79	1385.78	1380.88
1384.84	892.075	75	1.#QNAN	0	0	0	6.7582e-007	1393.03	1384.84	1380.01
1383.9	891.185	76	1.#QNAN	0	0.015	0	6.99812e-007	1395.59	1383.9	1379.14
1383.35	890.435	77	1.#QNAN	0	0	0	6.83378e-007	1410.21	1383.35	1378.69
1382.78	889.474	78	1.#QNAN	0	0	0	6.91247e-007	1407.32	1382.78	1378.21
1382.03	888.793	79	1.#QNAN	0	0.016	0	7.18262e-007	1391.77	1382.03	1377.54
1381.61	888.258	80	1.#QNAN	0	0	0	6.93576e-007	1428.52	1381.61	1377.23
1380.82	887.422	81	1.#QNAN	0	0	0	6.78043e-007	1404.69	1380.82	1376.53
1380.07	886.664	82	1.#QNAN	0	0.016	0	7.03438e-007	1407.07	1380.07	1375.86
1379.54	886.12	83	1.#QNAN	0	0	0	6.83258e-007	1413.06	1379.54	1375.43
1378.68	885.454	84	1.#QNAN	0	0	0	6.95474e-007	1378.32	1378.68	1374.64
1377.84	884.78	85	1.#QNAN	0	0	0	6.86442e-007	1389.61	1377.84	1373.86
1377.38	884.2	86	1.#QNAN	0	0.015	0	6.72473e-007	1390.62	1377.38	1373.48
1377.07	883.651	87	1.#QNAN	0	0	0	7.09857e-007	1408.77	1377.07	1373.24
1376.55	883.034	88	1.#QNAN	0	0	0	6.82676e-007	1384.25	1376.55	1372.77
1376.03	882.498	89	1.#QNAN	0	0.016	0	6.94475e-007	1376.33	1376.03	1372.3
1375.61	882.147	90	1.#QNAN	0	0	0	6.98306e-007	1406.56	1375.61	1371.94
1374.99	881.741	91	1.#QNAN	0	0	0	6.837e-007	1379.62	1374.99	1371.38
1374.49	881.24	92	1.#QNAN	0	0.015	0	6.76301e-007	1376.06	1374.49	1370.94
1374.17	880.898	93	1.#QNAN	0	0	0	6.91087e-007	1407.62	1374.17	1370.68
1373.94	880.464	94	1.#QNAN	0	0	0	7.27832e-007	1416.54	1373.94	1370.52
1373.74	880.028	95	1.#QNAN	0	0	0	6.9435e-007	1417.12	1373.74	1370.38
1373.32	879.591	96	1.#QNAN	0	0.016	0	7.26708e-007	1404.77	1373.32	1370.02
1373	879.242	97	1.#QNAN	0	0	0	6.8642e-007	1404.21	1373	1369.77
1372.69	878.795	98	1.#QNAN	0	0	0	6.99449e-007	1405.54	1372.69	1369.51
1372.58	878.493	99	1.#QNAN	0	0.016	1	7.13374e-007	1425.55	1372.58	1369.46
1372.23	878.12	100	1.#QNAN	0	0	0	7.32918e-007	1401.96	1372.23	1369.17
1371.65	877.692	101	1.#QNAN	0	0	0	7.18039e-007	1392.94	1371.65	1368.64
1371.26	877.3	102	1.#QNAN	0	0.015	0	6.95834e-007	1399.36	1371.26	1368.31
1370.77	876.754	103	1.#QNAN	0	0	0	7.25594e-007	1384.22	1370.77	1367.86
1370.47	876.533	104	1.#QNAN	0	0	0	7.44964e-007	1415.37	1370.47	1367.61
1370.36	876.259	105	1.#QNAN	0	0.016	0	6.95637e-007	1415.27	1370.36	1367.56
1370.51	876.154	106	1.#QNAN	0	0	0	7.35569e-007	1447.68	1370.51	1367.76
1370.28	875.854	107	1.#QNAN	0	0	0	7.42098e-007	1411.94	1370.28	1367.57
1369.79	875.472	108	1.#QNAN	0	0	0	7.11841e-007	1389.62	1369.79	1367.12
1369.26	874.937	109	1.#QNAN	0	0.015	0	7.37475e-007	1384.24	1369.26	1366.61
1369.22	874.575	110	1.#QNAN	0	0	0	7.10038e-007	1426.13	1369.22	1366.62
1369.05	874.302	111	1.#QNAN	0	0	0	7.31318e-007	1415.75	1369.05	1366.47
1368.73	873.874	112	1.#QNAN	0	0.016	0	7.3388e-007	1424.13	1368.73	1366.19
1368.4	873.444	113	1.#QNAN	0	0	0	7.51712e-007	1409.85	1368.4	1365.89
1367.85	872.985	114	1.#QNAN	0	0	0	7.47774e-007	1387.16	1367.85	1365.37
1367.27	872.496	115	1.#QNAN	0	0.016	0	7.27441e-007	1394.75	1367.27	1364.81
1366.51	872.117	116	1.#QNAN	0	0	0	7.29686e-007	1385.31	1366.51	1364.07
1365.69	871.561	117	1.#QNAN	0	0	0	7.21495e-007	1386.76	1365.69	1363.25
1364.91	870.979	118	1.#QNAN	0	0	0	7.39477e-007	1399.93	1364.91	1362.48
1364.36	870.421	119	1.#QNAN	0	0	0	7.45455e-007	1402.14	1364.36	1361.94
1363.84	869.848	120	1.#QNAN	0	0	0	7.21103e-007	1411	1363.84	1361.45
1363.41	869.255	121	1.#QNAN	0	0	0	7.10448e-007	1391.12	1363.41	1361.04
1363.18	868.899	122	1.#QNAN	0	0.016	0	7.20172e-007	1409.23	1363.18	1360.84
1362.85	868.507	123	1.#QNAN	0	0	0	7.33203e-007	1417.48	1362.85	1360.54
1362.32	868.027	124	1.#QNAN	0	0	0	7.14866e-007	1383.49	1362.32	1360.03
1361.88	867.634	125	1.#QNAN	0	0.015	0	7.28984e-007	1409.99	1361.88	1359.61
1361.35	867.231	126	1.#QNAN	0	0	0	7.25148e-007	1409.18	1361.35	1359.12
1360.74	866.781	127	1.#QNAN	0	0	0	7.29137e-007	1405.29	1360.74	1358.53
1360.29	866.35	128	1.#QNAN	0	0.016	0	7.13224e-007	1399.66	1360.29	1358.11
1359.9	866.04	129	1.#QNAN	0	0	0	7.47689e-007	1390.9	1359.9	1357.75
1359.53	865.718	130	1.#QNAN	0	0	0	7.37666e-007	1404.59	1359.53	1357.41
1359.14	865.251	131	1.#QNAN	0	0	0	7.59998e-007	1413.53	1359.14	1357.06
1358.78	864.83	132	1.#QNAN	0	0.016	0	7.27989e-007	1391.08	1358.78	1356.72
1358.32	864.357	133	1.#QNAN	0	0	0	7.28286e-007	1382.82	1358.32	1356.28
1357.78	863.962	134	1.#QNAN	0	0	0	7.34159e-007	1383.18	1357.78	1355.75
1357.32	863.573	135	1.#QNAN	0	0.015	0	7.55479e-007	1384.71	1357.32	1355.32
1357.05	863.26	136	1.#QNAN	0	0	0	7.39704e-007	1393.57	1357.05	1355.07
1356.6	862.893	137	1.#QNAN	0	0	0	7.46398e-007	1366.42	1356.6	1354.64
1355.98	862.466	138	1.#QNAN	0	0.016	0	7.41445e-007	1377.83	1355.98	1354.03
1355.14	861.959	139	1.#QNAN	0	0	0	7.13193e-007	1388.04	1355.14	1353.21
1354.72	861.657	140	1.#QNAN	0	0	0	7.38265e-007	1389.94	1354.72	1352.81
1354.11	861.178	141	1.#QNAN	0	0	0	7.60849e-007	1378.8	1354.11	1352.21
1353.48	860.777	142	1.#QNAN	0	0.015	0	7.73294e-007	1376.82	1353.48	1351.6
1352.79	860.385	143	1.#QNAN	0	0	0	7.42959e-007	1350.75	1352.79	1350.91
1352.19	859.981	144	1.#QNAN	0	0	0	7.58454e-007	1347.51	1352.19	1350.33
1351.75	859.687	145	1.#QNAN	0	0.016	0	7.37406e-007	1354.48	1351.75	1349.9
1351.29	859.362	146	1.#QNAN	0	0	0	7.31283e-007	1362.96	1351.29	1349.46
1350.98	859.096	147	1.#QNAN	0	0	0	7.61192e-007	1359.71	1350.98	1349.17
1350.96	858.884	148	1.#QNAN	0	0.016	0	7.50297e-007	1404.42	1350.96	1349.18
1350.61	858.619	149	1.#QNAN	0	0	0	7.36151e-007	1368.55	1350.61	1348.84
1350.18	858.32	150	1.#QNAN	0	0	0	7.48321e-007	1361.91	1350.18	1348.43
1349.85	858.113	151	1.#QNAN	0	0	0	7.40249e-007	1371.27	1349.85	1348.12
1349.43	857.824	152	1.#QNAN	0	0.015	0	7.4842e-007	1360.01	1349.43	1347.71
1348.81	857.488	153	1.#QNAN	0	0	0	7.52943e-007	1361.45	1348.81	1347.1
1348.41	857.156	154	1.#QNAN	0	0	0	7.35061e-007	1359.99	1348.41	1346.71
1348.05	856.826	155	1.#QNAN	0	0.016	0	7.49498e-007	1367.01	1348.05	1346.36
1347.68	856.574	156	1.#QNAN	0	0	0	7.54967e-007	1363.2	1347.68	1346.01
1347.41	856.339	157	1.#QNAN	0	0	0	7.38836e-007	1379.87	1347.41	1345.77
1347.09	856.013	158	1.#QNAN	0	0	0	7.48865e-007	1367.13	1347.09	1345.47
1346.8	855.768	159	1.#QNAN	0	0.015	0	7.35669e-007	1362.95	1346.8	1345.2
1346.43	855.462	160	1.#QNAN	0	0	0	7.36829e-007	1346.11	1346.43	1344.85
1345.95	855.192	161	1.#QNAN	0	0	0	7.4019e-007	1357.6	1345.95	1344.39
1345.59	855	162	1.#QNAN	0	0.016	0	7.51027e-007	1362.74	1345.59	1344.04
1345.23	854.815	163	1.#QNAN	0	0	0	7.5564e-007	1383.93	1345.23	1343.71
1344.78	854.553	164	1.#QNAN	0	0	0	7.51663e-007	1373.85	1344.78	1343.27
1344.34	854.267	165	1.#QNAN	0	0.016	0	7.27048e-007	1352.03	1344.34	1342.84
1343.96	854.083	166	1.#QNAN	0	0	0	7.34396e-007	1364.91	1343.96	1342.47
1343.46	853.881	167	1.#QNAN	0	0	0	7.27655e-007	1369.78	1343.46	1341.99
1343.13	853.671	168	1.#QNAN	0	0	0	7.3828e-007	1385.29	1343.13	1341.66
1342.91	853.491	169	1.#QNAN	0	0.015	0	7.5744e-007	1377.42	1342.91	1341.46
1342.77	853.306	170	1.#QNAN	0	0	0	7.30315e-007	1389.47	1342.77	1341.34
1342.67	853.148	171	1.#QNAN	0	0	0	7.3193e-007	1389.06	1342.67	1341.26
1342.68	852.982	172	1.#QNAN	0	0.016	0	7.37575e-007	1421.07	1342.68	1341.29
1342.54	852.822	173	1.#QNAN	0	0	0	7.65341e-007	1403.71	1342.54	1341.17
1342.22	852.616	174	1.#QNAN	0	0	0	7.48023e-007	1359.34	1342.22	1340.86
1342.04	852.533	175	1.#QNAN	0	0.015	0	7.79503e-007	1390.83	1342.04	1340.71
1341.8	852.392	176	1.#QNAN	0	0	0	7.40242e-007	1369.99	1341.8	1340.48
1341.5	852.336	177	1.#QNAN	0	0	0	7.46142e-007	1361.2	1341.5	1340.19
1341.23	852.205	178	1.#QNAN	0	0.016	0	7.35174e-007	1376.95	1341.23	1339.92
1340.9	852.071	179	1.#QNAN	0	0	0	7.46694e-007	1367.51	1340.9	1339.61
1340.61	851.914	180	1.#QNAN	0	0	0	7.71183e-007	1392.23	1340.61	1339.34
1340.43	851.793	181	1.#QNAN	0	0	0	7.54847e-007	1400.13	1340.43	1339.18
1340.19	851.651	182	1.#QNAN	0	0.016	0	7.5608e-007	1370.58	1340.19	1338.95
1340.13	851.608	183	1.#QNAN	0	0	0	7.58483e-007	1405.92	1340.13	1338.91
1340.09	851.549	184	1.#QNAN	0	0	0	7.64374e-007	1392.98	1340.09	1338.89
1339.9	851.419	185	1.#QNAN	0	0.015	0	7.49997e-007	1376.01	1339.9	1338.71
1339.7	851.295	186	1.#QNAN	0	0	0	7.43868e-007	1383.89	1339.7	1338.52
1339.53	851.167	187	1.#QNAN	0	0	0	7.51617e-007	1374.33	1339.53	1338.37
1339.38	851.055	188	1.#QNAN	0	0	0	7.69306e-007	1369.48	1339.38	1338.22
1339.15	850.881	189	1.#QNAN	0	0.016	0	7.489e-007	1368.12	1339.15	1337.99
1338.73	850.613	190	1.#QNAN	0	0	0	7.42474e-007	1342.43	1338.73	1337.58
1338.38	850.463	191	1.#QNAN	0	0	0	7.69253e-007	1340.43	1338.38	1337.23
1338.08	850.302	192	1.#QNAN	0	0.015	0	7.26407e-007	1352.62	1338.08	1336.95
1337.85	850.242	193	1.#QNAN	0	0	0	7.21967e-007	1364.29	1337.85	1336.73
1337.61	850.128	194	1.#QNAN	0	0	0	7.51002e-007	1363.15	1337.61	1336.49
1337.36	850.023	195	1.#QNAN	0	0.016	0	7.60053e-007	1386.51	1337.36	1336.26
1337.22	849.957	196	1.#QNAN	0	0	0	7.42518e-007	1385.11	1337.22	1336.12
1336.99	849.866	197	1.#QNAN	0	0	0	7.69197e-007	1370.88	1336.99	1335.91
1336.7	849.876	198	1.#QNAN	0	0	0	7.57603e-007	1373.49	1336.7	1335.62
1336.39	849.801	199	1.#QNAN	0	0.016	0	7.60606e-007	1357.39	1336.39	1335.32
1335.91	849.663	200	1.#QNAN	0	0	0	7.47542e-007	1345.06	1335.91	1334.85
1335.52	849.573	201	1.#QNAN	0	0	0	7.39828e-007	1394.43	1335.52	1334.46
1335.15	849.433	202	1.#QNAN	0	0.015	0	7.43677e-007	1364.77	1335.15	1334.1
1334.91	849.351	203	1.#QNAN	0	0	0	7.61817e-007	1361.49	1334.91	1333.87
1334.66	849.282	204	1.#QNAN	0	0	0	7.70797e-007	1346.35	1334.66	1333.63
1334.49	849.203	205	1.#QNAN	0	0.016	0	7.51948e-007	1368.49	1334.49	1333.48
1334.45	849.209	206	1.#QNAN	0	0	0	7.44196e-007	1397.8	1334.45	1333.44
1334.19	849.222	207	1.#QNAN	0	0	0	7.38765e-007	1369.6	1334.19	1333.2
1333.92	849.171	208	1.#QNAN	0	0.015	0	7.3936e-007	1379.2	1333.92	1332.94
1333.67	849.182	209	1.#QNAN	0	0	0	7.23128e-007	1410.16	1333.67	1332.7
1333.3	849.086	210	1.#QNAN	0	0	0	7.65313e-007	1399.38	1333.3	1332.35
1332.94	848.971	211	1.#QNAN	0	0.016	0	7.50585e-007	1399.75	1332.94	1332
1332.8	848.944	212	1.#QNAN	0	0	0	7.67735e-007	1374.73	1332.8	1331.87
1332.57	848.843	213	1.#QNAN	0	0	0	7.47689e-007	1365.25	1332.57	1331.65
1332.4	848.794	214	1.#QNAN	0	0	0	7.38594e-007	1395.69	1332.4	1331.5
1332.16	848.708	215	1.#QNAN	0	0.016	0	7.86241e-007	1407.93	1332.16	1331.27
1332	848.707	216	1.#QNAN	0	0	0	7.54985e-007	1409	1332	1331.13
1331.96	848.701	217	1.#QNAN	0	0	0	7.197e-007	1405.39	1331.96	1331.11
1331.8	848.603	218	1.#QNAN	0	0.015	0	7.58348e-007	1371.57	1331.8	1330.95
1331.6	848.586	219	1.#QNAN	0	0	0	7.45931e-007	1373.28	1331.6	1330.76
1331.3	848.491	220	1.#QNAN	0	0	0	7.26949e-007	1389.19	1331.3	1330.48
1331.15	848.466	221	1.#QNAN	0	0.016	0	7.27244e-007	1375.64	1331.15	1330.34
1330.99	848.447	222	1.#QNAN	0	0	0	7.5293e-007	1383.09	1330.99	1330.19
1330.72	848.412	223	1.#QNAN	0	0	0	7.54277e-007	1355.16	1330.72	1329.93
1330.63	848.356	224	1.#QNAN	0	0.015	0	7.43685e-007	1383.28	1330.63	1329.85
1330.5	848.325	225	1.#QNAN	0	0	0	7.75546e-007	1424.87	1330.5	1329.73
1330.34	848.3	226	1.#QNAN	0	0	0	7.44356e-007	1382.33	1330.34	1329.58
1330.23	848.253	227	1.#QNAN	0	0.016	0	7.51419e-007	1385.58	1330.23	1329.49
1330.17	848.209	228	1.#QNAN	0	0	0	7.44229e-007	1384.64	1330.17	1329.44
1330.1	848.123	229	1.#QNAN	0	0	0	7.65837e-007	1398.22	1330.1	1329.38
1330.05	848.092	230	1.#QNAN	0	0	0	7.47533e-007	1390.82	1330.05	1329.35
1330.03	848.008	231	1.#QNAN	0	0.016	0	7.36615e-007	1384.31	1330.03	1329.33
1330.06	848.074	232	1.#QNAN	0	0	0	7.32932e-007	1407.79	1330.06	1329.38
1330.06	848.144	233	1.#QNAN	0	0	0	7.5522e-007	1414.14	1330.06	1329.39
1330.02	848.141	234	1.#QNAN	0	0.015	0	7.93386e-007	1421.46	1330.02	1329.36
1329.92	848.132	235	1.#QNAN	0	0	0	7.60453e-007	1398.72	1329.92	1329.27
1329.81	848.117	236	1.#QNAN	0	0	0	7.4477e-007	1410.71	1329.81	1329.17
1329.71	848.1	237	1.#QNAN	0	0.016	0	7.43016e-007	1402.96	1329.71	1329.08
1329.59	848.045	238	1.#QNAN	0	0	0	7.60687e-007	1411.89	1329.59	1328.97
1329.37	847.972	239	1.#QNAN	0	0	0	7.71062e-007	1387.6	1329.37	1328.76
1329.35	847.969	240	1.#QNAN	0	0	0	7.84104e-007	1410.81	1329.35	1328.75
1329.21	847.882	241	1.#QNAN	0	0.015	0	7.59578e-007	1397.16	1329.21	1328.62
1329.11	847.875	242	1.#QNAN	0	0	0	7.65615e-007	1460.42	1329.11	1328.54
1329.04	847.839	243	1.#QNAN	0	0	0	7.78619e-007	1427.4	1329.04	1328.47
1329.04	847.841	244	1.#QNAN	0	0.016	0	7.63274e-007	1458.88	1329.04	1328.48
1329	847.824	245	1.#QNAN	0	0	0	7.68086e-007	1502.46	1329	1328.45
1328.92	847.839	246	1.#QNAN	0	0	0	7.46867e-007	1468.02	1328.92	1328.39
1328.74	847.724	247	1.#QNAN	0	0.016	0	7.81009e-007	1464.29	1328.74	1328.22
1328.65	847.634	248	1.#QNAN	0	0	0	7.93075e-007	1459.59	1328.65	1328.13
1328.46	847.517	249	1.#QNAN	0	0	0	7.6731e-007	1375.91	1328.46	1327.95
1328.27	847.463	250	1.#QNAN	0	0	0	7.57119e-007	1383.81	1328.27	1327.77
1328.13	847.387	251	1.#QNAN	0	0.015	0	7.55769e-007	1426.79	1328.13	1327.64
1327.97	847.377	252	1.#QNAN	0	0	0	7.41149e-007	1432.36	1327.97	1327.49
1327.79	847.365	253	1.#QNAN	0	0	0	7.65336e-007	1414.74	1327.79	1327.31
1327.54	847.281	254	1.#QNAN	0	0.016	0	7.5471e-007	1451.85	1327.54	1327.07
1327.29	847.244	255	1.#QNAN	0	0	0	7.46428e-007	1453.49	1327.29	1326.83
1327.08	847.218	256	1.#QNAN	0	0	0	7.7415e-007	1469.69	1327.08	1326.63
1326.92	847.181	257	1.#QNAN	0	0.015	0	7.51782e-007	1401.89	1326.92	1326.47
1326.84	847.123	258	1.#QNAN	0	0	0	7.48836e-007	1390.52	1326.84	1326.4
1326.75	847.105	259	1.#QNAN	0	0	0	7.40214e-007	1387.27	1326.75	1326.32
1326.62	847.027	260	1.#QNAN	0	0	0	7.57049e-007	1364.35	1326.62	1326.19
1326.6	846.985	261	1.#QNAN	0	0.016	0	7.71741e-007	1390.65	1326.6	1326.18
1326.53	846.91	262	1.#QNAN	0	0	0	7.63149e-007	1411.94	1326.53	1326.11
1326.53	846.843	263	1.#QNAN	0	0	0	8.05079e-007	1420.32	1326.53	1326.11
1326.45	846.753	264	1.#QNAN	0	0.016	0	7.83708e-007	1406.11	1326.45	1326.03
1326.43	846.702	265	1.#QNAN	0	0	0	7.5095e-007	1378.19	1326.43	1326.01
1326.38	846.658	266	1.#QNAN	0	0	0	7.45853e-007	1387.87	1326.38	1325.96
1326.31	846.589	267	1.#QNAN	0	0.015	0	7.37617e-007	1381.48	1326.31	1325.9
1326.37	846.555	268	1.#QNAN	0	0	0	7.51629e-007	1434.11	1326.37	1325.96
1326.28	846.44	269	1.#QNAN	0	0	0	7.58233e-007	1387.55	1326.28	1325.88
1326.28	846.362	270	1.#QNAN	0	0	0	7.82255e-007	1421.24	1326.28	1325.88
1326.2	846.318	271	1.#QNAN	0	0.016	0	7.68024e-007	1377.74	1326.2	1325.81
1326.23	846.322	272	1.#QNAN	0	0	0	7.5066e-007	1409.05	1326.23	1325.85
1326.21	846.291	273	1.#QNAN	0	0	0	7.48662e-007	1417.75	1326.21	1325.84
1326.35	846.336	274	1.#QNAN	0	0.015	0	7.65058e-007	1492.56	1326.35	1325.98
1326.45	846.397	275	1.#QNAN	0	0	0	8.01111e-007	1474	1326.45	1326.09
1326.37	846.347	276	1.#QNAN	0	0	0	7.33187e-007	1438.42	1326.37	1326.02
1326.35	846.324	277	1.#QNAN	0	0.016	0	7.56578e-007	1442.32	1326.35	1326.01
1326.24	846.212	278	1.#QNAN	0	0	0	7.74047e-007	1409.72	1326.24	1325.9
1326.16	846.154	279	1.#QNAN	0	0	0	7.58509e-007	1398.26	1326.16	1325.83
1326.07	846.04	280	1.#QNAN	0	0.016	0	7.9356e-007	1406.87	1326.07	1325.74
1325.98	845.996	281	1.#QNAN	0	0	0	7.80765e-007	1440.34	1325.98	1325.66
1325.89	845.934	282	1.#QNAN	0	0	0	7.6259e-007	1384.1	1325.89	1325.58
1325.87	845.873	283	1.#QNAN	0	0.015	0	7.57024e-007	1402.53	1325.87	1325.56
1325.91	845.793	284	1.#QNAN	0	0	0	7.47866e-007	1421.67	1325.91	1325.61
1325.92	845.719	285	1.#QNAN	0	0	0	7.69329e-007	1418.97	1325.92	1325.62
1325.91	845.696	286	1.#QNAN	0	0.016	0	7.51515e-007	1385.7	1325.91	1325.61
1325.95	845.667	287	1.#QNAN	0	0	0	7.46914e-007	1401.34	1325.95	1325.66
1326.02	845.658	288	1.#QNAN	0	0	0	8.06686e-007	1397.23	1326.02	1325.73
1326.02	845.62	289	1.#QNAN	0	0	0	7.61226e-007	1377.84	1326.02	1325.73
1326.01	845.553	290	1.#QNAN	0	0	0	7.81048e-007	1384.81	1326.01	1325.72
1325.98	845.567	291	1.#QNAN	0	0	0	7.47396e-007	1386.31	1325.98	1325.69
1325.94	845.518	292	1.#QNAN	0	0	0	7.77401e-007	1370.08	1325.94	1325.66
1325.91	845.415	293	1.#QNAN	0	0.016	0	7.78844e-007	1377.4	1325.91	1325.63
1325.96	845.42	294	1.#QNAN	0	0	0	7.55751e-007	1417.05	1325.96	1325.68
1326.03	845.431	295	1.#QNAN	0	0	0	7.20445e-007	1415.19	1326.03	1325.76
1326.13	845.413	296	1.#QNAN	0	0.016	0	8.03306e-007	1426.78	1326.13	1325.86
1326.25	845.411	297	1.#QNAN	0	0	0	7.54621e-007	1454.95	1326.25	1325.99
1326.45	845.454	298	1.#QNAN	0	0	0	7.59069e-007	1466.76	1326.45	1326.19
1326.55	845.48	299	1.#QNAN	0	0	0	7.61191e-007	1412.56	1326.55	1326.3
1326.69	845.487	300	1.#QNAN	0	0.015	0	7.51321e-007	1428.64	1326.69	1326.44
1326.82	845.565	301	1.#QNAN	0	0	0	7.57875e-007	1420.11	1326.82	1326.57
1326.87	845.572	302	1.#QNAN	0	0	0	7.57876e-007	1393.5	1326.87	1326.62
1327	845.566	303	1.#QNAN	0	0.016	0	7.64795e-007	1416.77	1327	1326.76
1327.06	845.552	304	1.#QNAN	0	0	0	7.57696e-007	1410.59	1327.06	1326.82
1327.04	845.519	305	1.#QNAN	0	0	0	7.54536e-007	1382.46	1327.04	1326.81
1326.98	845.474	306	1.#QNAN	0	0.015	0	7.69557e-007	1388.83	1326.98	1326.76
1326.96	845.424	307	1.#QNAN	0	0	0	7.70011e-007	1370.61	1326.96	1326.74
1327	845.393	308	1.#QNAN	0	0	0	7.71057e-007	1393.82	1327	1326.78
1327.03	845.363	309	1.#QNAN	0	0.016	1	7.50715e-007	1411.81	1327.03	1326.82
1327.05	845.346	310	1.#QNAN	0	0	0	7.76068e-007	1386.89	1327.05	1326.84
1327.12	845.351	311	1.#QNAN	0	0	0	7.43419e-007	1403.71	1327.12	1326.92
1327.25	845.367	312	1.#QNAN	0	0.016	0	7.90407e-007	1423.44	1327.25	1327.06
1327.35	845.371	313	1.#QNAN	0	0	0	7.72446e-007	1425.9	1327.35	1327.16
1327.34	845.345	314	1.#QNAN	0	0	0	7.46609e-007	1386.31	1327.34	1327.15
1327.29	845.325	315	1.#QNAN	0	0	0	7.35064e-007	1386.01	1327.29	1327.1
1327.27	845.335	316	1.#QNAN	0	0.015	0	7.45914e-007	1376.16	1327.27	1327.09
1327.27	845.315	317	1.#QNAN	0	0	0	7.47406e-007	1371.72	1327.27	1327.09
1327.31	845.301	318	1.#QNAN	0	0	0	7.36138e-007	1391.4	1327.31	1327.14
1327.39	845.326	319	1.#QNAN	0	0.016	0	7.60642e-007	1411.47	1327.39	1327.22
1327.36	845.298	320	1.#QNAN	0	0	0	7.5112e-007	1363.8	1327.36	1327.2
1327.44	845.342	321	1.#QNAN	0	0	0	7.54583e-007	1407.08	1327.44	1327.27
1327.58	845.379	322	1.#QNAN	0	0.015	0	7.31374e-007	1431.27	1327.58	1327.42
1327.71	845.422	323	1.#QNAN	0	0	0	7.62144e-007	1436.09	1327.71	1327.56
1327.8	845.435	324	1.#QNAN	0	0	0	7.44685e-007	1402.99	1327.8	1327.65
1327.91	845.496	325	1.#QNAN	0	0	0	7.7562e-007	1422.1	1327.91	1327.77
1327.98	845.526	326	1.#QNAN	0	0.016	0	7.77983e-007	1398.46	1327.98	1327.84
1328.09	845.6	327	1.#QNAN	0	0	0	7.48799e-007	1427.92	1328.09	1327.96
1328.14	845.637	328	1.#QNAN	0	0	0	7.74786e-007	1398.42	1328.14	1328.02
1328.26	845.738	329	1.#QNAN	0	0.016	0	7.64267e-007	1439.28	1328.26	1328.15
1328.3	845.779	330	1.#QNAN	0	0	0	7.46841e-007	1412.35	1328.3	1328.19
1328.28	845.831	331	1.#QNAN	0	0	0	7.51954e-007	1400.24	1328.28	1328.18
1328.33	845.906	332	1.#QNAN	0	0.015	0	7.7879e-007	1415.14	1328.33	1328.24
1328.4	845.987	333	1.#QNAN	0	0	0	7.37041e-007	1427.92	1328.4	1328.32
1328.45	846.059	334	1.#QNAN	0	0	0	7.69127e-007	1422.34	1328.45	1328.36
1328.54	846.118	335	1.#QNAN	0	0.016	0	7.69706e-007	1417.95	1328.54	1328.46
1328.54	846.115	336	1.#QNAN	0	0	0	7.73705e-007	1374.14	1328.54	1328.46
1328.65	846.163	337	1.#QNAN	0	0	0	7.62774e-007	1413.13	1328.65	1328.58
1328.78	846.208	338	1.#QNAN	0	0	0	7.56502e-007	1434.55	1328.78	1328.71
1328.83	846.198	339	1.#QNAN	0	0.015	0	7.22098e-007	1404.51	1328.83	1328.76
1328.85	846.204	340	1.#QNAN	0	0	0	7.32684e-007	1383.03	1328.85	1328.79
1328.89	846.239	341	1.#QNAN	0	0	0	7.32939e-007	1413.74	1328.89	1328.83
1328.99	846.287	342	1.#QNAN	0	0.016	0	7.52802e-007	1414.86	1328.99	1328.93
1329.05	846.269	343	1.#QNAN	0	0	0	7.74886e-007	1414.35	1329.05	1329
1329.09	846.289	344	1.#QNAN	0	0	0	7.38073e-007	1397.37	1329.09	1329.04
1329.16	846.346	345	1.#QNAN	0	0	0	7.66336e-007	1449.29	1329.16	1329.11
1329.25	846.381	346	1.#QNAN	0	0	0	7.56079e-007	1436.94	1329.25	1329.22
1329.35	846.424	347	1.#QNAN	0	0	0	7.34159e-007	1416.24	1329.35	1329.31
1329.4	846.441	348	1.#QNAN	0	0	0	7.42075e-007	1397.86	1329.4	1329.38
1329.45	846.488	349	1.#QNAN	0	0.015	0	7.52156e-007	1406.61	1329.45	1329.43
1329.45	846.48	350	1.#QNAN	0	0	0	7.57293e-007	1381.01	1329.45	1329.43
1329.48	846.482	351	1.#QNAN	0	0	0	7.39784e-007	1387.97	1329.48	1329.47
1329.49	846.44	352	1.#QNAN	0	0.016	0	7.30276e-007	1383.87	1329.49	1329.48
1329.43	846.442	353	1.#QNAN	0	0	0	7.58574e-007	1363.86	1329.43	1329.42
1329.38	846.445	354	1.#QNAN	0	0	0	7.5698e-007	1362.47	1329.38	1329.38
1329.32	846.436	355	1.#QNAN	0	0	0	7.65194e-007	1376.44	1329.32	1329.32
1329.3	846.424	356	1.#QNAN	0	0.015	0	7.58982e-007	1382.48	1329.3	1329.3
1329.18	846.408	357	1.#QNAN	0	0	0	7.49862e-007	1350.6	1329.18	1329.19
1329.09	846.398	358	1.#QNAN	0	0	0	7.3201e-007	1349.35	1329.09	1329.09
1329.04	846.416	359	1.#QNAN	0	0.016	0	7.40511e-007	1378.09	1329.04	1329.05
1329.05	846.396	360	1.#QNAN	0	0	0	7.51175e-007	1403.29	1329.05	1329.06
1329.03	846.384	361	1.#QNAN	0	0	0	7.31129e-007	1396.74	1329.03	1329.04
1328.99	846.373	362	1.#QNAN	0	0	0	7.74148e-007	1363.4	1328.99	1329
1328.99	846.382	363	1.#QNAN	0	0	0	7.52967e-007	1367.42	1328.99	1329.01
1329	846.402	364	1.#QNAN	0	0	0	7.55123e-007	1383.78	1329	1329.02
1329.06	846.444	365	1.#QNAN	0	0	0	7.57414e-007	1400.14	1329.06	1329.08
1329.01	846.41	366	1.#QNAN	0	0.015	0	7.48734e-007	1352.87	1329.01	1329.03
1328.93	846.402	367	1.#QNAN	0	0	0	7.66551e-007	1346.42	1328.93	1328.96
1328.96	846.409	368	1.#QNAN	0	0	0	7.79896e-007	1388.04	1328.96	1328.99
1328.94	846.399	369	1.#QNAN	0	0.016	0	7.33948e-007	1362.79	1328.94	1328.97
1329.05	846.474	370	1.#QNAN	0	0	0	7.42619e-007	1424.41	1329.05	1329.08
1329.05	846.468	371	1.#QNAN	0	0	0	7.67685e-007	1387.34	1329.05	1329.09
1329.11	846.521	372	1.#QNAN	0	0	0	7.53649e-007	1397.82	1329.11	1329.15
1329.09	846.51	373	1.#QNAN	0	0	0	7.76373e-007	1378.02	1329.09	1329.13
1329.1	846.533	374	1.#QNAN	0	0	0	7.41011e-007	1382.93	1329.1	1329.14
1329.09	846.546	375	1.#QNAN	0	0	0	7.56295e-007	1372.09	1329.09	1329.14
1329.11	846.589	376	1.#QNAN	0	0.016	0	7.67576e-007	1393.41	1329.11	1329.16
1329.06	846.536	377	1.#QNAN	0	0	0	7.36849e-007	1373.82	1329.06	1329.11
1328.98	846.517	378	1.#QNAN	0	0	0	7.39922e-007	1357.44	1328.98	1329.04
1328.95	846.502	379	1.#QNAN	0	0.016	0	7.50844e-007	1362.87	1328.95	1329
1328.88	846.426	380	1.#QNAN	0	0	0	7.39345e-007	1362.66	1328.88	1328.95
1328.92	846.436	381	1.#QNAN	0	0	0	7.49043e-007	1381.82	1328.92	1328.98
1328.92	846.438	382	1.#QNAN	0	0.015	0	7.56095e-007	1391.65	1328.92	1328.99
1328.81	846.391	383	1.#QNAN	0	0	0	7.42829e-007	1359.93	1328.81	1328.88
1328.74	846.338	384	1.#QNAN	0	0	0	7.65625e-007	1360	1328.74	1328.81
1328.69	846.31	385	1.#QNAN	0	0	0	7.61235e-007	1359.1	1328.69	1328.77
1328.74	846.326	386	1.#QNAN	0	0.016	0	7.47947e-007	1403.07	1328.74	1328.81
1328.82	846.338	387	1.#QNAN	0	0	0	7.25407e-007	1426.73	1328.82	1328.9
1328.85	846.334	388	1.#QNAN	0	0	0	7.65212e-007	1419.44	1328.85	1328.94
1328.93	846.372	389	1.#QNAN	0	0.015	0	7.24838e-007	1447.33	1328.93	1329.02
1328.97	846.377	390	1.#QNAN	0	0	0	7.66081e-007	1425.66	1328.97	1329.07
1329.02	846.364	391	1.#QNAN	0	0	0	7.53519e-007	1445.01	1329.02	1329.12
1329.05	846.384	392	1.#QNAN	0	0.016	0	7.6933e-007	1392.47	1329.05	1329.16
1329.02	846.37	393	1.#QNAN	0	0	0	7.90537e-007	1357.62	1329.02	1329.13
1329.02	846.353	394	1.#QNAN	0	0	0	7.95239e-007	1366.93	1329.02	1329.13
1329.03	846.351	395	1.#QNAN	0	0	0	7.75893e-007	1385.63	1329.03	1329.14
1329.07	846.352	396	1.#QNAN	0	0.016	0	7.52822e-007	1409.23	1329.07	1329.18
1329.11	846.341	397	1.#QNAN	0	0	0	7.25943e-007	1403.72	1329.11	1329.23
1329.2	846.374	398	1.#QNAN	0	0	0	7.57396e-007	1417.01	1329.2	1329.32
1329.29	846.405	399	1.#QNAN	0	0.015	0	7.34384e-007	1420.54	1329.29	1329.41
1329.33	846.433	400	1.#QNAN	0	0	0	7.5334e-007	1384.54	1329.33	1329.46
1329.41	846.484	401	1.#QNAN	0	0	0	7.59375e-007	1410.5	1329.41	1329.54
1329.46	846.519	402	1.#QNAN	0	0	0	7.32097e-007	1399.81	1329.46	1329.58
1329.52	846.539	403	1.#QNAN	0	0.016	0	7.77851e-007	1408.67	1329.52	1329.65
1329.56	846.55	404	1.#QNAN	0	0	0	7.93144e-007	1414.2	1329.56	1329.69
1329.64	846.566	405	1.#QNAN	0	0	0	7.94051e-007	1430.53	1329.64	1329.78
1329.73	846.577	406	1.#QNAN	0	0.015	0	7.35285e-007	1454.2	1329.73	1329.86
1329.78	846.637	407	1.#QNAN	0	0	0	7.81216e-007	1413.65	1329.78	1329.92
1329.82	846.666	408	1.#QNAN	0	0	0	7.78732e-007	1410.4	1329.82	1329.96
1329.85	846.678	409	1.#QNAN	0	0.016	0	7.66318e-007	1416.13	1329.85	1329.99
1329.94	846.704	410	1.#QNAN	0	0	0	7.48251e-007	1428	1329.94	1330.08
1330.03	846.737	411	1.#QNAN	0	0	0	7.64319e-007	1431.65	1330.03	1330.18
1330.11	846.772	412	1.#QNAN	0	0	0	7.76769e-007	1430.18	1330.11	1330.27
1330.21	846.807	413	1.#QNAN	0	0.016	0	7.64882e-007	1447.03	1330.21	1330.37
1330.28	846.859	414	1.#QNAN	0	0	0	7.47936e-007	1418.63	1330.28	1330.44
1330.36	846.908	415	1.#QNAN	0	0	0	7.67927e-007	1421.71	1330.36	1330.52
1330.45	846.935	416	1.#QNAN	0	0.015	0	7.5047e-007	1427.97	1330.45	1330.61
1330.55	846.962	417	1.#QNAN	0	0	0	7.72117e-007	1418.7	1330.55	1330.72
1330.63	846.997	418	1.#QNAN	0	0	0	7.74547e-007	1425.11	1330.63	1330.79
1330.65	847.018	419	1.#QNAN	0	0.016	0	7.69315e-007	1408.61	1330.65	1330.81
1330.73	847.03	420	1.#QNAN	0	0	0	7.74734e-007	1442.63	1330.73	1330.9
1330.77	847.013	421	1.#QNAN	0	0	0	7.6879e-007	1391.7	1330.77	1330.94
1330.81	847.022	422	1.#QNAN	0	0	0	7.47707e-007	1397.73	1330.81	1330.98
1330.82	847.043	423	1.#QNAN	0	0.015	0	7.60809e-007	1398.18	1330.82	1331
1330.91	847.06	424	1.#QNAN	0	0	0	7.41309e-007	1417.6	1330.91	1331.09
1331	847.105	425	1.#QNAN	0	0	0	7.63739e-007	1429.66	1331	1331.18
1331.08	847.147	426	1.#QNAN	0	0.016	0	7.53568e-007	1429.69	1331.08	1331.27
1331.21	847.198	427	1.#QNAN	0	0	0	7.45644e-007	1438.37	1331.21	1331.39
1331.29	847.229	428	1.#QNAN	0	0	0	7.41322e-007	1422.59	1331.29	1331.47
1331.39	847.271	429	1.#QNAN	0	0.016	0	7.47103e-007	1424.65	1331.39	1331.57
1331.43	847.28	430	1.#QNAN	0	0	0	7.47759e-007	1396.17	1331.43	1331.62
1331.47	847.312	431	1.#QNAN	0	0	0	7.41375e-007	1388.57	1331.47	1331.66
1331.59	847.343	432	1.#QNAN	0	0.015	0	7.57263e-007	1456.35	1331.59	1331.78
1331.69	847.422	433	1.#QNAN	0	0	0	7.66784e-007	1435.41	1331.69	1331.88
1331.76	847.488	434	1.#QNAN	0	0	0	7.65591e-007	1419.46	1331.76	1331.96
1331.82	847.508	435	1.#QNAN	0	0	0	7.48941e-007	1404.28	1331.82	1332.02
1331.88	847.549	436	1.#QNAN	0	0.016	0	7.5901e-007	1413.55	1331.88	1332.08
1331.97	847.566	437	1.#QNAN	0	0	0	7.63446e-007	1434.24	1331.97	1332.17
1332.01	847.591	438	1.#QNAN	0	0	0	7.37017e-007	1401.67	1332.01	1332.21
1332.03	847.599	439	1.#QNAN	0	0.015	0	7.21952e-007	1368.77	1332.03	1332.23
1332.04	847.587	440	1.#QNAN	0	0	0	7.65394e-007	1380.08	1332.04	1332.24
1332.03	847.586	441	1.#QNAN	0	0	0	7.63724e-007	1377.1	1332.03	1332.23
1332.04	847.602	442	1.#QNAN	0	0.016	0	7.73588e-007	1381.51	1332.04	1332.24
1332.04	847.582	443	1.#QNAN	0	0	0	7.59685e-007	1380.09	1332.04	1332.24
1332.07	847.583	444	1.#QNAN	0	0	0	7.49856e-007	1390.68	1332.07	1332.28
1332.12	847.611	445	1.#QNAN	0	0	0	7.3807e-007	1414.16	1332.12	1332.33
1332.19	847.645	446	1.#QNAN	0	0.016	0	7.44097e-007	1414.18	1332.19	1332.4
1332.19	847.648	447	1.#QNAN	0	0	0	7.26519e-007	1389.32	1332.19	1332.4
1332.24	847.66	448	1.#QNAN	0	0	0	7.5404e-007	1398.5	1332.24	1332.45
1332.25	847.664	449	1.#QNAN	0	0.015	0	7.81461e-007	1383.01	1332.25	1332.46
1332.27	847.651	450	1.#QNAN	0	0	0	7.33149e-007	1389.39	1332.27	1332.48
1332.25	847.654	451	1.#QNAN	0	0	0	7.6116e-007	1379.81	1332.25	1332.46
1332.24	847.631	452	1.#QNAN	0	0	0	7.23631e-007	1386.85	1332.24	1332.45
1332.3	847.616	453	1.#QNAN	0	0.016	0	7.4745e-007	1414.64	1332.3	1332.51
1332.32	847.601	454	1.#QNAN	0	0	0	7.35334e-007	1396.46	1332.32	1332.53
1332.39	847.608	455	1.#QNAN	0	0	0	7.65938e-007	1415.85	1332.39	1332.6
1332.42	847.62	456	1.#QNAN	0	0.015	0	7.66036e-007	1413.43	1332.42	1332.63
1332.46	847.657	457	1.#QNAN	0	0	0	7.48959e-007	1397.01	1332.46	1332.67
1332.51	847.67	458	1.#QNAN	0	0	0	7.78185e-007	1396.58	1332.51	1332.72
1332.56	847.684	459	1.#QNAN	0	0.016	0	7.54439e-007	1397.04	1332.56	1332.77
1332.59	847.706	460	1.#QNAN	0	0	0	7.72249e-007	1381.7	1332.59	1332.8
1332.62	847.716	461	1.#QNAN	0	0	0	7.63268e-007	1379.58	1332.62	1332.83
1332.62	847.724	462	1.#QNAN	0	0	0	7.29383e-007	1384.77	1332.62	1332.84
1332.7	847.747	463	1.#QNAN	0	0.016	0	7.65697e-007	1435.41	1332.7	1332.93
1332.73	847.755	464	1.#QNAN	0	0	0	7.34413e-007	1386.26	1332.73	1332.96
1332.7	847.767	465	1.#QNAN	0	0	0	7.49629e-007	1368.35	1332.7	1332.93
1332.67	847.758	466	1.#QNAN	0	0.015	0	7.45774e-007	1362.93	1332.67	1332.89
1332.65	847.746	467	1.#QNAN	0	0	0	7.45213e-007	1372.73	1332.65	1332.88
1332.67	847.78	468	1.#QNAN	0	0	0	7.52215e-007	1399.35	1332.67	1332.9
1332.66	847.773	469	1.#QNAN	0	0.016	0	7.56098e-007	1375.29	1332.66	1332.89
1332.63	847.775	470	1.#QNAN	0	0	0	7.77567e-007	1366.1	1332.63	1332.86
1332.55	847.754	471	1.#QNAN	0	0	0	7.49287e-007	1342.56	1332.55	1332.78
1332.5	847.767	472	1.#QNAN	0	0	0	7.33677e-007	1374.94	1332.5	1332.73
1332.47	847.765	473	1.#QNAN	0	0.015	0	7.51489e-007	1371.32	1332.47	1332.7
1332.45	847.782	474	1.#QNAN	0	0	0	7.51123e-007	1371.52	1332.45	1332.68
1332.41	847.807	475	1.#QNAN	0	0	0	7.6777e-007	1365.38	1332.41	1332.64
1332.49	847.85	476	1.#QNAN	0	0.016	0	7.66654e-007	1397.95	1332.49	1332.72
1332.51	847.832	477	1.#QNAN	0	0	0	7.86922e-007	1386.5	1332.51	1332.74
1332.56	847.842	478	1.#QNAN	0	0	0	7.60191e-007	1409.32	1332.56	1332.79
1332.62	847.838	479	1.#QNAN	0	0.016	0	7.57748e-007	1401.84	1332.62	1332.85
1332.68	847.852	480	1.#QNAN	0	0	0	7.68659e-007	1425.37	1332.68	1332.92
1332.67	847.826	481	1.#QNAN	0	0	0	7.51769e-007	1375	1332.67	1332.91
1332.69	847.806	482	1.#QNAN	0	0	0	7.54179e-007	1383.39	1332.69	1332.92
1332.71	847.801	483	1.#QNAN	0	0.015	0	7.4768e-007	1392.36	1332.71	1332.95
1332.73	847.796	484	1.#QNAN	0	0	0	7.50323e-007	1378.84	1332.73	1332.96
1332.77	847.786	485	1.#QNAN	0	0	0	7.43644e-007	1398.11	1332.77	1333
1332.79	847.78	486	1.#QNAN	0	0.016	0	7.52284e-007	1390.59	1332.79	1333.02
1332.74	847.775	487	1.#QNAN	0	0	0	7.48072e-007	1347.88	1332.74	1332.98
1332.74	847.779	488	1.#QNAN	0	0	0	7.56361e-007	1373.04	1332.74	1332.98
1332.69	847.748	489	1.#QNAN	0	0	0	7.51664e-007	1349.79	1332.69	1332.92
1332.68	847.729	490	1.#QNAN	0	0.015	0	7.53624e-007	1362.85	1332.68	1332.92
1332.66	847.722	491	1.#QNAN	0	0	0	7.5811e-007	1382.26	1332.66	1332.9
1332.61	847.72	492	1.#QNAN	0	0	0	7.56694e-007	1353.85	1332.61	1332.85
1332.64	847.762	493	1.#QNAN	0	0.016	0	7.19811e-007	1393.43	1332.64	1332.88
1332.66	847.769	494	1.#QNAN	0	0	0	7.43224e-007	1387.28	1332.66	1332.9
1332.66	847.794	495	1.#QNAN	0	0	0	7.45767e-007	1400.28	1332.66	1332.91
1332.68	847.798	496	1.#QNAN	0	0.016	0	7.49266e-007	1383.82	1332.68	1332.93
1332.7	847.824	497	1.#QNAN	0	0	0	7.29181e-007	1401.37	1332.7	1332.94
1332.74	847.861	498	1.#QNAN	0	0	0	7.41384e-007	1426.38	1332.74	1332.99
1332.76	847.879	499	1.#QNAN	0	0.015	0	7.97724e-007	1403.03	1332.76	1333.01
1332.74	847.883	500	1.#QNAN	0	0	0	7.61317e-007	1373.37	1332.74	1332.99
1332.76	847.918	501	1.#QNAN	0	0	0	7.52149e-007	1393.62	1332.76	1333.01
1332.76	847.898	502	1.#QNAN	0	0.016	0	7.61192e-007	1398.47	1332.76	1333.01
1332.78	847.902	503	1.#QNAN	0	0	0	7.47658e-007	1416.87	1332.78	1333.04
1332.84	847.917	504	1.#QNAN	0	0	0	8.01015e-007	1408.15	1332.84	1333.09
1332.91	847.953	505	1.#QNAN	0	0	0	7.46339e-007	1450.93	1332.91	1333.17
1332.95	847.987	506	1.#QNAN	0	0.015	0	7.47112e-007	1407.94	1332.95	1333.2
1332.98	848.027	507	1.#QNAN	0	0	0	7.48703e-007	1418	1332.98	1333.24
1332.98	848.022	508	1.#QNAN	0	0	0	7.31984e-007	1379.15	1332.98	1333.24
1333.01	848.036	509	1.#QNAN	0	0.016	0	7.71933e-007	1389.83	1333.01	1333.27
1333	848.063	510	1.#QNAN	0	0	0	7.53877e-007	1379.86	1333	1333.26
1333.02	848.083	511	1.#QNAN	0	0	0	7.53291e-007	1389.97	1333.02	1333.28
1333.02	848.086	512	1.#QNAN	0	0.016	0	7.36937e-007	1364.57	1333.02	1333.28
1333.04	848.09	513	1.#QNAN	0	0	0	7.52974e-007	1387.88	1333.04	1333.3
1333.08	848.098	514	1.#QNAN	0	0	0	7.57209e-007	1392.9	1333.08	1333.34
1333.12	848.112	515	1.#QNAN	0	0	0	7.90365e-007	1389.77	1333.12	1333.38
1333.15	848.122	516	1.#QNAN	0	0.015	0	7.54167e-007	1397.64	1333.15	1333.42
1333.2	848.147	517	1.#QNAN	0	0	0	7.4227e-007	1395.59	1333.2	1333.47
1333.27	848.163	518	1.#QNAN	0	0	0	7.41904e-007	1424.8	1333.27	1333.53
1333.25	848.146	519	1.#QNAN	0	0.016	0	7.64367e-007	1361.55	1333.25	1333.51
1333.21	848.12	520	1.#QNAN	0	0	0	7.71066e-007	1345.86	1333.21	1333.47
1333.2	848.109	521	1.#QNAN	0	0	0	7.56966e-007	1369.9	1333.2	1333.46
1333.2	848.105	522	1.#QNAN	0	0.015	1	7.43454e-007	1385.26	1333.2	1333.47
1333.25	848.101	523	1.#QNAN	0	0	0	7.76492e-007	1415.29	1333.25	1333.52
1333.33	848.122	524	1.#QNAN	0	0	0	7.73655e-007	1427.17	1333.33	1333.6
1333.35	848.135	525	1.#QNAN	0	0	0	7.75377e-007	1395.26	1333.35	1333.62
1333.37	848.144	526	1.#QNAN	0	0.016	0	7.59989e-007	1393.52	1333.37	1333.63
1333.38	848.137	527	1.#QNAN	0	0	0	7.45343e-007	1389.63	1333.38	1333.64
1333.4	848.138	528	1.#QNAN	0	0	0	7.47524e-007	1381.84	1333.4	1333.66
1333.43	848.156	529	1.#QNAN	0	0.016	0	7.70787e-007	1381.22	1333.43	1333.7
1333.43	848.161	530	1.#QNAN	0	0	0	7.60879e-007	1381.32	1333.43	1333.7
1333.42	848.136	531	1.#QNAN	0	0	0	7.60956e-007	1385.55	1333.42	1333.69
1333.4	848.139	532	1.#QNAN	0	0	0	7.73793e-007	1370.89	1333.4	1333.67
1333.41	848.131	533	1.#QNAN	0	0.015	0	7.68384e-007	1398.8	1333.41	1333.68
1333.44	848.154	534	1.#QNAN	0	0	0	7.62266e-007	1404.19	1333.44	1333.71
1333.46	848.183	535	1.#QNAN	0	0	0	7.39109e-007	1375.9	1333.46	1333.74
1333.51	848.186	536	1.#QNAN	0	0.016	0	7.83036e-007	1395.72	1333.51	1333.78
1333.49	848.167	537	1.#QNAN	0	0	0	7.42762e-007	1371.13	1333.49	1333.77
1333.49	848.126	538	1.#QNAN	0	0	0	7.68491e-007	1395.88	1333.49	1333.77
1333.48	848.118	539	1.#QNAN	0	0.015	0	7.54155e-007	1361	1333.48	1333.76
1333.53	848.132	540	1.#QNAN	0	0	0	7.50896e-007	1412.22	1333.53	1333.81
1333.53	848.137	541	1.#QNAN	0	0	0	7.65004e-007	1381.71	1333.53	1333.81
1333.59	848.162	542	1.#QNAN	0	0	0	7.77952e-007	1412.09	1333.59	1333.87
1333.6	848.174	543	1.#QNAN	0	0.016	0	7.61281e-007	1392.54	1333.6	1333.88
1333.6	848.17	544	1.#QNAN	0	0	0	7.44284e-007	1387.02	1333.6	1333.88
1333.65	848.172	545	1.#QNAN	0	0	0	7.3473e-007	1397.41	1333.65	1333.93
1333.73	848.199	546	1.#QNAN	0	0.016	0	7.47141e-007	1409.01	1333.73	1334.01
1333.81	848.222	547	1.#QNAN	0	0	0	7.44432e-007	1412.8	1333.81	1334.09
1333.82	848.207	548	1.#QNAN	0	0	0	7.67367e-007	1384.87	1333.82	1334.1
1333.86	848.201	549	1.#QNAN	0	0.015	0	7.45219e-007	1400.36	1333.86	1334.14
1333.95	848.208	550	1.#QNAN	0	0	0	7.67434e-007	1420.22	1333.95	1334.23
1333.98	848.184	551	1.#QNAN	0	0	0	7.42467e-007	1390.56	1333.98	1334.26
1334.09	848.222	552	1.#QNAN	0	0	0	7.28853e-007	1448.11	1334.09	1334.37
1334.14	848.239	553	1.#QNAN	0	0.016	0	7.67288e-007	1397.69	1334.14	1334.43
1334.19	848.271	554	1.#QNAN	0	0	0	7.6705e-007	1405.96	1334.19	1334.48
1334.26	848.259	555	1.#QNAN	0	0	0	7.48031e-007	1437.67	1334.26	1334.54
1334.34	848.292	556	1.#QNAN	0	0.015	0	7.58669e-007	1469.76	1334.34	1334.63
1334.47	848.332	557	1.#QNAN	0	0	0	7.73826e-007	1472.77	1334.47	1334.76
1334.49	848.333	558	1.#QNAN	0	0	0	7.48071e-007	1387.06	1334.49	1334.79
1334.53	848.334	559	1.#QNAN	0	0	0	7.66371e-007	1391.15	1334.53	1334.82
1334.54	848.315	560	1.#QNAN	0	0	0	7.38114e-007	1383.9	1334.54	1334.84
1334.6	848.315	561	1.#QNAN	0	0	0	7.60578e-007	1409.46	1334.6	1334.89
1334.64	848.32	562	1.#QNAN	0	0	0	7.37515e-007	1392.96	1334.64	1334.94
1334.68	848.327	563	1.#QNAN	0	0.016	0	7.76775e-007	1392.67	1334.68	1334.98
1334.69	848.325	564	1.#QNAN	0	0	0	7.36906e-007	1371.73	1334.69	1334.99
1334.73	848.332	565	1.#QNAN	0	0	0	7.49105e-007	1400.95	1334.73	1335.02
1334.74	848.326	566	1.#QNAN	0	0.015	0	7.76639e-007	1383.25	1334.74	1335.04
1334.81	848.342	567	1.#QNAN	0	0	0	7.52061e-007	1426.24	1334.81	1335.11
1334.83	848.335	568	1.#QNAN	0	0	0	7.5313e-007	1391.08	1334.83	1335.14
1334.8	848.316	569	1.#QNAN	0	0	0	7.57506e-007	1372.91	1334.8	1335.1
1334.73	848.269	570	1.#QNAN	0	0.016	0	7.70318e-007	1370.88	1334.73	1335.04
1334.7	848.243	571	1.#QNAN	0	0	0	7.42935e-007	1402.09	1334.7	1335.01
1334.69	848.228	572	1.#QNAN	0	0	0	7.23534e-007	1380.69	1334.69	1335
1334.71	848.247	573	1.#QNAN	0	0.015	0	7.2391e-007	1416.7	1334.71	1335.02
1334.71	848.241	574	1.#QNAN	0	0	0	7.52456e-007	1381.96	1334.71	1335.01
1334.76	848.29	575	1.#QNAN	0	0	0	7.47658e-007	1415.59	1334.76	1335.07
1334.79	848.322	576	1.#QNAN	0	0.016	0	7.56769e-007	1388.6	1334.79	1335.1
1334.76	848.314	577	1.#QNAN	0	0	0	7.2763e-007	1346.99	1334.76	1335.06
1334.76	848.315	578	1.#QNAN	0	0	0	7.33425e-007	1369.13	1334.76	1335.06
1334.78	848.318	579	1.#QNAN	0	0	0	7.32067e-007	1388.52	1334.78	1335.09
1334.9	848.379	580	1.#QNAN	0	0.016	0	7.62597e-007	1468.77	1334.9	1335.21
1334.87	848.377	581	1.#QNAN	0	0	0	7.38266e-007	1367.31	1334.87	1335.18
1334.81	848.367	582	1.#QNAN	0	0	0	7.72956e-007	1373.12	1334.81	1335.12
1334.78	848.369	583	1.#QNAN	0	0.015	0	7.51942e-007	1360.42	1334.78	1335.09
1334.78	848.383	584	1.#QNAN	0	0	0	7.5436e-007	1369.78	1334.78	1335.09
1334.75	848.394	585	1.#QNAN	0	0	0	7.60532e-007	1371.7	1334.75	1335.06
1334.74	848.395	586	1.#QNAN	0	0.016	0	7.85294e-007	1365.84	1334.74	1335.05
1334.7	848.408	587	1.#QNAN	0	0	0	7.40683e-007	1351.9	1334.7	1335.01
1334.67	848.399	588	1.#QNAN	0	0	0	7.45948e-007	1354.66	1334.67	1334.98
1334.67	848.404	589	1.#QNAN	0	0	0	7.73116e-007	1372.66	1334.67	1334.98
1334.72	848.45	590	1.#QNAN	0	0.015	0	7.23921e-007	1421.1	1334.72	1335.03
1334.78	848.497	591	1.#QNAN	0	0	0	7.61384e-007	1432.91	1334.78	1335.09
1334.83	848.546	592	1.#QNAN	0	0	0	7.41402e-007	1435.34	1334.83	1335.14
1334.89	848.583	593	1.#QNAN	0	0.016	0	7.40713e-007	1427.42	1334.89	1335.2
1334.89	848.586	594	1.#QNAN	0	0	0	7.61021e-007	1379.47	1334.89	1335.2
1334.94	848.587	595	1.#QNAN	0	0	0	7.50814e-007	1387.26	1334.94	1335.25
1334.98	848.6	596	1.#QNAN	0	0	0	7.58201e-007	1399.94	1334.98	1335.29
1334.98	848.611	597	1.#QNAN	0	0.016	0	7.71914e-007	1363.72	1334.98	1335.29
1335.02	848.624	598	1.#QNAN	0	0	0	7.46637e-007	1410.35	1335.02	1335.33
1335.02	848.628	599	1.#QNAN	0	0	0	7.78801e-007	1376.68	1335.02	1335.33
1335.01	848.611	600	1.#QNAN	0	0.015	0	7.45871e-007	1370.21	1335.01	1335.32
1334.99	848.605	601	1.#QNAN	0	0	0	7.53913e-007	1358.08	1334.99	1335.3
1334.93	848.59	602	1.#QNAN	0	0	0	7.85728e-007	1374.54	1334.93	1335.24
1334.91	848.588	603	1.#QNAN	0	0.016	0	7.7144e-007	1367.16	1334.91	1335.22
1334.91	848.6	604	1.#QNAN	0	0	0	7.61169e-007	1381.8	1334.91	1335.22
1334.86	848.592	605	1.#QNAN	0	0	0	7.57836e-007	1380.12	1334.86	1335.17
1334.78	848.588	606	1.#QNAN	0	0	0	7.62172e-007	1358.51	1334.78	1335.09
1334.71	848.557	607	1.#QNAN	0	0.015	0	7.62947e-007	1340.89	1334.71	1335.02
1334.67	848.531	608	1.#QNAN	0	0	0	7.45886e-007	1347.98	1334.67	1334.98
1334.67	848.513	609	1.#QNAN	0	0	0	7.19271e-007	1372.87	1334.67	1334.98
1334.65	848.484	610	1.#QNAN	0	0.016	0	7.33417e-007	1367.14	1334.65	1334.96
1334.7	848.498	611	1.#QNAN	0	0	0	7.64833e-007	1405.68	1334.7	1335.01
1334.7	848.514	612	1.#QNAN	0	0	0	7.74132e-007	1372.58	1334.7	1335.02
1334.67	848.486	613	1.#QNAN	0	0.016	0	7.72918e-007	1347.7	1334.67	1334.98
1334.67	848.483	614	1.#QNAN	0	0	0	7.59768e-007	1368.89	1334.67	1334.99
1334.63	848.48	615	1.#QNAN	0	0	0	7.52926e-007	1362.42	1334.63	1334.95
1334.61	848.477	616	1.#QNAN	0	0.015	0	7.56911e-007	1351.6	1334.61	1334.92
1334.57	848.469	617	1.#QNAN	0	0	0	7.62992e-007	1367.34	1334.57	1334.89
1334.54	848.466	618	1.#QNAN	0	0	0	7.24069e-007	1369.54	1334.54	1334.86
1334.57	848.471	619	1.#QNAN	0	0	0	7.31056e-007	1393.17	1334.57	1334.89
1334.66	848.499	620	1.#QNAN	0	0.016	0	7.16882e-007	1418.1	1334.66	1334.97
1334.69	848.507	621	1.#QNAN	0	0	0	7.37594e-007	1390.02	1334.69	1335.01
1334.68	848.502	622	1.#QNAN	0	0	0	7.26456e-007	1361.95	1334.68	1335
1334.69	848.513	623	1.#QNAN	0	0.015	0	7.16302e-007	1363.86	1334.69	1335
1334.67	848.51	624	1.#QNAN	0	0	0	7.34815e-007	1387.51	1334.67	1334.99
1334.67	848.529	625	1.#QNAN	0	0	0	7.47648e-007	1374.99	1334.67	1334.99
1334.67	848.536	626	1.#QNAN	0	0.016	0	7.51982e-007	1388.33	1334.67	1334.99
1334.69	848.548	627	1.#QNAN	0	0	0	7.50503e-007	1427.77	1334.69	1335.01
1334.68	848.548	628	1.#QNAN	0	0	0	7.35082e-007	1394.76	1334.68	1334.99
1334.66	848.544	629	1.#QNAN	0	0	0	7.42983e-007	1411	1334.66	1334.98
1334.62	848.521	630	1.#QNAN	0	0.016	0	7.74068e-007	1385.46	1334.62	1334.94
1334.58	848.507	631	1.#QNAN	0	0	0	7.53289e-007	1396.1	1334.58	1334.9
1334.56	848.499	632	1.#QNAN	0	0	0	7.57882e-007	1439.26	1334.56	1334.88
1334.54	848.483	633	1.#QNAN	0	0.015	0	7.67239e-007	1401.87	1334.54	1334.86
1334.53	848.467	634	1.#QNAN	0	0	0	7.51437e-007	1390.14	1334.53	1334.85
1334.53	848.461	635	1.#QNAN	0	0	0	7.51126e-007	1393.47	1334.53	1334.86
1334.5	848.44	636	1.#QNAN	0	0.016	0	7.57003e-007	1359.5	1334.5	1334.82
1334.48	848.441	637	1.#QNAN	0	0	0	7.69582e-007	1356.72	1334.48	1334.8
1334.38	848.414	638	1.#QNAN	0	0	0	7.59383e-007	1333.13	1334.38	1334.71
1334.35	848.405	639	1.#QNAN	0	0	0	7.41007e-007	1354.73	1334.35	1334.67
1334.32	848.392	640	1.#QNAN	0	0.015	0	7.28573e-007	1350.22	1334.32	1334.64
1334.29	848.364	641	1.#QNAN	0	0	0	7.71546e-007	1365.78	1334.29	1334.62
1334.3	848.372	642	1.#QNAN	0	0	0	7.55249e-007	1404.39	1334.3	1334.62
1334.34	848.37	643	1.#QNAN	0	0.016	0	7.69016e-007	1403.4	1334.34	1334.66
1334.32	848.349	644	1.#QNAN	0	0	0	7.48543e-007	1361.93	1334.32	1334.65
1334.31	848.333	645	1.#QNAN	0	0	0	7.64001e-007	1373.69	1334.31	1334.63
1334.27	848.312	646	1.#QNAN	0	0.016	0	7.50459e-007	1382.2	1334.27	1334.59
1334.28	848.318	647	1.#QNAN	0	0	0	7.51507e-007	1374.68	1334.28	1334.6
1334.26	848.306	648	1.#QNAN	0	0	0	7.352e-007	1368.08	1334.26	1334.58
1334.26	848.308	649	1.#QNAN	0	0	0	7.46905e-007	1368.07	1334.26	1334.59
1334.26	848.328	650	1.#QNAN	0	0.015	0	7.83656e-007	1376.46	1334.26	1334.59
1334.26	848.33	651	1.#QNAN	0	0	0	7.75792e-007	1378.45	1334.26	1334.58
1334.31	848.349	652	1.#QNAN	0	0	0	7.58335e-007	1409.63	1334.31	1334.64
1334.34	848.361	653	1.#QNAN	0	0.016	0	7.2794e-007	1397.2	1334.34	1334.67
1334.35	848.37	654	1.#QNAN	0	0	0	7.63538e-007	1374.85	1334.35	1334.68
1334.38	848.392	655	1.#QNAN	0	0	0	7.37378e-007	1395.69	1334.38	1334.7
1334.39	848.39	656	1.#QNAN	0	0.015	0	7.46912e-007	1372.33	1334.39	1334.71
1334.41	848.419	657	1.#QNAN	0	0	0	7.41073e-007	1402.48	1334.41	1334.74
1334.4	848.427	658	1.#QNAN	0	0	0	7.78822e-007	1362.71	1334.4	1334.73
1334.36	848.407	659	1.#QNAN	0	0.016	0	7.38399e-007	1345.75	1334.36	1334.69
1334.35	848.402	660	1.#QNAN	0	0	0	7.97703e-007	1395.23	1334.35	1334.68
1334.33	848.401	661	1.#QNAN	0	0	0	7.55394e-007	1356.97	1334.33	1334.66
1334.33	848.393	662	1.#QNAN	0	0	0	7.6374e-007	1385.33	1334.33	1334.66
1334.33	848.378	663	1.#QNAN	0	0.016	0	7.42869e-007	1367.83	1334.33	1334.65
1334.33	848.371	664	1.#QNAN	0	0	0	7.61301e-007	1373.98	1334.33	1334.66
1334.38	848.385	665	1.#QNAN	0	0	0	7.45092e-007	1398.34	1334.38	1334.71
1334.4	848.379	666	1.#QNAN	0	0.015	0	7.87243e-007	1399.75	1334.4	1334.73
1334.41	848.353	667	1.#QNAN	0	0	0	7.32902e-007	1378.43	1334.41	1334.73
1334.42	848.354	668	1.#QNAN	0	0	0	7.41695e-007	1369.32	1334.42	1334.74
1334.4	848.345	669	1.#QNAN	0	0.016	0	7.48746e-007	1356.44	1334.4	1334.73
1334.4	848.337	670	1.#QNAN	0	0	0	7.65585e-007	1367.26	1334.4	1334.73
1334.41	848.35	671	1.#QNAN	0	0	0	7.53732e-007	1396.85	1334.41	1334.74
1334.43	848.348	672	1.#QNAN	0	0	0	7.64031e-007	1420.71	1334.43	1334.76
1334.41	848.346	673	1.#QNAN	0	0.015	0	7.36889e-007	1381.19	1334.41	1334.73
1334.42	848.36	674	1.#QNAN	0	0	0	7.31762e-007	1386.06	1334.42	1334.75
1334.42	848.358	675	1.#QNAN	0	0	0	7.67651e-007	1378.94	1334.42	1334.74
1334.44	848.355	676	1.#QNAN	0	0.016	0	7.45904e-007	1377.99	1334.44	1334.76
1334.49	848.374	677	1.#QNAN	0	0	0	7.54791e-007	1413.55	1334.49	1334.82
1334.53	848.381	678	1.#QNAN	0	0	0	7.55432e-007	1414.11	1334.53	1334.86
1334.56	848.391	679	1.#QNAN	0	0.016	0	7.73369e-007	1405.37	1334.56	1334.89
1334.55	848.383	680	1.#QNAN	0	0	0	7.45972e-007	1380.31	1334.55	1334.88
1334.56	848.383	681	1.#QNAN	0	0	0	7.56728e-007	1386.09	1334.56	1334.89
1334.6	848.417	682	1.#QNAN	0	0.015	0	7.55741e-007	1428.48	1334.6	1334.94
1334.66	848.448	683	1.#QNAN	0	0	0	7.41367e-007	1430.85	1334.66	1334.99
1334.73	848.499	684	1.#QNAN	0	0	0	7.64018e-007	1423.36	1334.73	1335.06
1334.79	848.507	685	1.#QNAN	0	0	0	7.73362e-007	1418.01	1334.79	1335.12
1334.83	848.535	686	1.#QNAN	0	0.016	0	7.62618e-007	1437.04	1334.83	1335.16
1334.89	848.577	687	1.#QNAN	0	0	0	7.62944e-007	1446.68	1334.89	1335.22
1334.92	848.6	688	1.#QNAN	0	0	0	7.4992e-007	1403.48	1334.92	1335.25
1335.01	848.633	689	1.#QNAN	0	0.015	0	7.69963e-007	1459.76	1335.01	1335.34
1335.08	848.643	690	1.#QNAN	0	0	0	7.43012e-007	1457.96	1335.08	1335.42
1335.16	848.691	691	1.#QNAN	0	0	0	7.58226e-007	1435.02	1335.16	1335.5
1335.14	848.674	692	1.#QNAN	0	0.016	0	7.58489e-007	1364.43	1335.14	1335.48
1335.12	848.683	693	1.#QNAN	0	0	0	7.56632e-007	1353.05	1335.12	1335.46
1335.12	848.691	694	1.#QNAN	0	0	0	7.56474e-007	1367.18	1335.12	1335.45
1335.11	848.691	695	1.#QNAN	0	0	0	7.29606e-007	1363.82	1335.11	1335.44
1335.12	848.7	696	1.#QNAN	0	0.016	0	7.41878e-007	1378.31	1335.12	1335.45
1335.12	848.719	697	1.#QNAN	0	0	0	7.41807e-007	1390.83	1335.12	1335.45
1335.08	848.704	698	1.#QNAN	0	0	0	7.56178e-007	1371.18	1335.08	1335.42
1335.1	848.708	699	1.#QNAN	0	0.015	0	7.45413e-007	1381.34	1335.1	1335.43
1335.09	848.701	700	1.#QNAN	0	0	0	7.84689e-007	1383.09	1335.09	1335.43
1335.07	848.701	701	1.#QNAN	0	0	0	7.61354e-007	1358.42	1335.07	1335.4
1335.11	848.711	702	1.#QNAN	0	0.016	0	7.76261e-007	1406	1335.11	1335.44
1335.12	848.698	703	1.#QNAN	0	0	0	7.58978e-007	1394.69	1335.12	1335.46
1335.13	848.708	704	1.#QNAN	0	0	0	7.60909e-007	1389.6	1335.13	1335.47
1335.14	848.723	705	1.#QNAN	0	0	0	7.23347e-007	1372.13	1335.14	1335.48
1335.16	848.73	706	1.#QNAN	0	0.015	0	7.55244e-007	1405.34	1335.16	1335.5
1335.16	848.737	707	1.#QNAN	0	0	0	7.60857e-007	1382.25	1335.16	1335.5
1335.2	848.758	708	1.#QNAN	0	0	0	7.34816e-007	1400.6	1335.2	1335.54
1335.23	848.766	709	1.#QNAN	0	0.016	0	7.68554e-007	1382.03	1335.23	1335.56
1335.26	848.768	710	1.#QNAN	0	0	0	7.52855e-007	1411.29	1335.26	1335.6
1335.26	848.773	711	1.#QNAN	0	0	0	7.52097e-007	1399.05	1335.26	1335.6
1335.31	848.792	712	1.#QNAN	0	0.016	0	7.80129e-007	1411.3	1335.31	1335.64
1335.29	848.789	713	1.#QNAN	0	0	0	7.49774e-007	1377.21	1335.29	1335.63
1335.32	848.788	714	1.#QNAN	0	0	0	7.73822e-007	1427.25	1335.32	1335.66
1335.35	848.803	715	1.#QNAN	0	0	0	7.60013e-007	1384.95	1335.35	1335.68
1335.4	848.818	716	1.#QNAN	0	0.015	0	7.2918e-007	1407.83	1335.4	1335.73
1335.4	848.812	717	1.#QNAN	0	0	0	7.59966e-007	1380.21	1335.4	1335.74
1335.42	848.832	718	1.#QNAN	0	0	0	7.54301e-007	1394.1	1335.42	1335.76
1335.45	848.84	719	1.#QNAN	0	0.016	0	7.48059e-007	1437.37	1335.45	1335.78
1335.47	848.854	720	1.#QNAN	0	0	0	7.46068e-007	1404.1	1335.47	1335.81
1335.52	848.875	721	1.#QNAN	0	0	0	7.69531e-007	1421.88	1335.52	1335.86
1335.57	848.899	722	1.#QNAN	0	0.015	0	7.79228e-007	1423.8	1335.57	1335.9
1335.58	848.916	723	1.#QNAN	0	0	0	7.64852e-007	1386.57	1335.58	1335.92
1335.6	848.93	724	1.#QNAN	0	0	0	7.31632e-007	1398.32	1335.6	1335.94
1335.63	848.945	725	1.#QNAN	0	0	0	7.39316e-007	1394.97	1335.63	1335.97
1335.65	848.944	726	1.#QNAN	0	0.016	0	7.35427e-007	1385.81	1335.65	1335.98
1335.69	848.962	727	1.#QNAN	0	0	0	7.28992e-007	1405.14	1335.69	1336.03
1335.74	848.99	728	1.#QNAN	0	0	0	7.59637e-007	1407.32	1335.74	1336.07
1335.77	848.998	729	1.#QNAN	0	0.016	0	7.61172e-007	1394.17	1335.77	1336.1
1335.83	849.026	730	1.#QNAN	0	0	0	7.59636e-007	1426.41	1335.83	1336.17
1335.86	849.044	731	1.#QNAN	0	0	0	7.64123e-007	1441.58	1335.86	1336.2
1335.87	849.034	732	1.#QNAN	0	0.015	0	7.90365e-007	1429.97	1335.87	1336.21
1335.93	849.072	733	1.#QNAN	0	0	0	7.66187e-007	1428.86	1335.93	1336.26
1335.98	849.093	734	1.#QNAN	0	0	0	7.88589e-007	1413.99	1335.98	1336.32
1336.04	849.107	735	1.#QNAN	0	0	0	7.42825e-007	1412.77	1336.04	1336.37
1336.06	849.114	736	1.#QNAN	0	0.016	1	7.78045e-007	1399.15	1336.06	1336.4
1336.07	849.131	737	1.#QNAN	0	0	0	7.54624e-007	1373.55	1336.07	1336.41
1336.09	849.136	738	1.#QNAN	0	0	0	7.83004e-007	1380.92	1336.09	1336.43
1336.12	849.159	739	1.#QNAN	0	0.015	0	7.51101e-007	1391.17	1336.12	1336.46
1336.18	849.185	740	1.#QNAN	0	0	0	7.52341e-007	1417.09	1336.18	1336.52
1336.24	849.212	741	1.#QNAN	0	0	0	7.50765e-007	1414.78	1336.24	1336.58
1336.29	849.236	742	1.#QNAN	0	0.016	0	7.4752e-007	1416.53	1336.29	1336.63
1336.34	849.258	743	1.#QNAN	0	0	0	7.61297e-007	1406.63	1336.34	1336.67
1336.41	849.287	744	1.#QNAN	0	0	0	7.07833e-007	1429.51	1336.41	1336.75
1336.41	849.297	745	1.#QNAN	0	0	0	7.41158e-007	1364.97	1336.41	1336.75
1336.42	849.304	746	1.#QNAN	0	0.016	0	7.64028e-007	1379.68	1336.42	1336.76
1336.44	849.323	747	1.#QNAN	0	0	0	7.55909e-007	1394.81	1336.44	1336.78
1336.49	849.338	748	1.#QNAN	0	0	0	7.8837e-007	1408.62	1336.49	1336.82
1336.53	849.37	749	1.#QNAN	0	0.015	0	7.72691e-007	1417.88	1336.53	1336.87
1336.55	849.365	750	1.#QNAN	0	0	0	7.52171e-007	1400.74	1336.55	1336.88
1336.55	849.361	751	1.#QNAN	0	0	0	7.632e-007	1379.79	1336.55	1336.88
1336.56	849.365	752	1.#QNAN	0	0.016	0	7.64178e-007	1393.9	1336.56	1336.9
1336.62	849.404	753	1.#QNAN	0	0	0	7.44818e-007	1413.33	1336.62	1336.95
1336.68	849.427	754	1.#QNAN	0	0	0	7.86368e-007	1426.62	1336.68	1337.01
1336.75	849.443	755	1.#QNAN	0	0.015	0	7.628e-007	1441.17	1336.75	1337.08
1336.79	849.465	756	1.#QNAN	0	0	0	7.72719e-007	1408.52	1336.79	1337.13
1336.84	849.489	757	1.#QNAN	0	0	0	7.37848e-007	1416.41	1336.84	1337.18
1336.86	849.507	758	1.#QNAN	0	0.016	0	7.38102e-007	1409.9	1336.86	1337.2
1336.87	849.522	759	1.#QNAN	0	0	0	7.40744e-007	1387	1336.87	1337.21
1336.88	849.537	760	1.#QNAN	0	0	0	7.71819e-007	1395.16	1336.88	1337.21
1336.86	849.539	761	1.#QNAN	0	0	0	7.48493e-007	1379.72	1336.86	1337.2
1336.86	849.553	762	1.#QNAN	0	0.016	0	7.34784e-007	1377.63	1336.86	1337.19
1336.88	849.562	763	1.#QNAN	0	0	0	7.63919e-007	1415.59	1336.88	1337.21
1336.9	849.574	764	1.#QNAN	0	0	0	7.4841e-007	1419.82	1336.9	1337.24
1336.93	849.591	765	1.#QNAN	0	0.015	0	7.59968e-007	1428.12	1336.93	1337.27
1336.93	849.606	766	1.#QNAN	0	0	0	7.64053e-007	1418.4	1336.93	1337.27
1336.94	849.614	767	1.#QNAN	0	0	0	7.48734e-007	1392.44	1336.94	1337.27
1336.94	849.641	768	1.#QNAN	0	0	0	7.50841e-007	1385.58	1336.94	1337.28
1336.97	849.662	769	1.#QNAN	0	0.016	0	7.73131e-007	1384.93	1336.97	1337.3
1336.98	849.664	770	1.#QNAN	0	0	0	7.88251e-007	1389.78	1336.98	1337.32
1337.02	849.677	771	1.#QNAN	0	0	0	7.57639e-007	1390.76	1337.02	1337.35
1337.04	849.685	772	1.#QNAN	0	0.015	0	7.60833e-007	1392.69	1337.04	1337.37
1337.08	849.72	773	1.#QNAN	0	0	0	7.33071e-007	1412.88	1337.08	1337.41
1337.12	849.747	774	1.#QNAN	0	0	0	7.39721e-007	1416.31	1337.12	1337.45
1337.18	849.784	775	1.#QNAN	0	0.016	0	7.74176e-007	1444.29	1337.18	1337.52
1337.2	849.791	776	1.#QNAN	0	0	0	7.75525e-007	1400.92	1337.2	1337.54
1337.21	849.787	777	1.#QNAN	0	0	0	7.70723e-007	1379.2	1337.21	1337.54
1337.22	849.784	778	1.#QNAN	0	0	0	7.50075e-007	1388.28	1337.22	1337.55
1337.2	849.77	779	1.#QNAN	0	0.016	0	7.32213e-007	1360.71	1337.2	1337.54
1337.21	849.775	780	1.#QNAN	0	0	0	7.39975e-007	1370.09	1337.21	1337.54
1337.23	849.781	781	1.#QNAN	0	0	0	7.56981e-007	1385.69	1337.23	1337.57
1337.25	849.808	782	1.#QNAN	0	0.015	0	7.40817e-007	1386.49	1337.25	1337.58
1337.28	849.832	783	1.#QNAN	0	0	0	7.3177e-007	1392.44	1337.28	1337.61
1337.26	849.826	784	1.#QNAN	0	0	0	7.5931e-007	1360.76	1337.26	1337.6
1337.24	849.814	785	1.#QNAN	0	0.016	0	7.70417e-007	1350.3	1337.24	1337.57
1337.24	849.805	786	1.#QNAN	0	0	0	7.44216e-007	1379.51	1337.24	1337.57
1337.25	849.809	787	1.#QNAN	0	0	0	7.67876e-007	1377.45	1337.25	1337.58
1337.23	849.801	788	1.#QNAN	0	0.015	0	7.37668e-007	1359.89	1337.23	1337.56
1337.19	849.798	789	1.#QNAN	0	0	0	7.38675e-007	1338.81	1337.19	1337.52
1337.17	849.795	790	1.#QNAN	0	0	0	7.57001e-007	1356.23	1337.17	1337.5
1337.14	849.796	791	1.#QNAN	0	0	0	7.45624e-007	1357.89	1337.14	1337.47
1337.12	849.793	792	1.#QNAN	0	0.016	0	7.24486e-007	1354.22	1337.12	1337.45
1337.12	849.798	793	1.#QNAN	0	0	0	7.99008e-007	1377.6	1337.12	1337.44
1337.1	849.803	794	1.#QNAN	0	0	0	7.58963e-007	1356.09	1337.1	1337.43
1337.11	849.808	795	1.#QNAN	0	0.016	0	7.66246e-007	1366.73	1337.11	1337.44
1337.1	849.8	796	1.#QNAN	0	0	0	7.65024e-007	1357.62	1337.1	1337.43
1337.13	849.824	797	1.#QNAN	0	0	0	7.76598e-007	1406.87	1337.13	1337.46
1337.13	849.827	798	1.#QNAN	0	0.015	0	7.63793e-007	1371.82	1337.13	1337.46
1337.13	849.834	799	1.#QNAN	0	0	0	7.2285e-007	1375.58	1337.13	1337.46
1337.12	849.828	800	1.#QNAN	0	0	0	7.70964e-007	1362.67	1337.12	1337.45
1337.09	849.808	801	1.#QNAN	0	0	0	7.80621e-007	1347.24	1337.09	1337.42
1337.07	849.808	802	1.#QNAN	0	0.016	0	7.68821e-007	1360.35	1337.07	1337.4
1337.05	849.804	803	1.#QNAN	0	0	0	7.54944e-007	1354.22	1337.05	1337.38
1337.05	849.816	804	1.#QNAN	0	0	0	7.55303e-007	1370.18	1337.05	1337.38
1337.05	849.818	805	1.#QNAN	0	0.015	0	7.88558e-007	1362.92	1337.05	1337.38
1337.04	849.828	806	1.#QNAN	0	0	0	7.94587e-007	1359.95	1337.04	1337.37
1337.02	849.828	807	1.#QNAN	0	0	0	7.68076e-007	1346.15	1337.02	1337.35
1337.01	849.831	808	1.#QNAN	0	0.016	0	7.53216e-007	1374.07	1337.01	1337.34
1337.05	849.852	809	1.#QNAN	0	0	0	7.46857e-007	1409.46	1337.05	1337.38
1337.06	849.854	810	1.#QNAN	0	0	0	7.38509e-007	1382.21	1337.06	1337.39
1337.05	849.837	811	1.#QNAN	0	0	0	7.41029e-007	1374.14	1337.05	1337.38
1337.03	849.823	812	1.#QNAN	0	0.016	0	7.46463e-007	1362.52	1337.03	1337.36
1337.07	849.843	813	1.#QNAN	0	0	0	7.62394e-007	1416.34	1337.07	1337.39
1337.05	849.837	814	1.#QNAN	0	0	0	7.68771e-007	1355.37	1337.05	1337.38
1337.08	849.846	815	1.#QNAN	0	0.015	0	7.47773e-007	1387.28	1337.08	1337.41
1337.1	849.835	816	1.#QNAN	0	0	0	7.74598e-007	1403.86	1337.1	1337.42
1337.13	849.85	817	1.#QNAN	0	0	0	7.54058e-007	1424.68	1337.13	1337.46
1337.16	849.859	818	1.#QNAN	0	0.016	0	7.68201e-007	1392.18	1337.16	1337.49
1337.19	849.856	819	1.#QNAN	0	0	0	7.50546e-007	1413.79	1337.19	1337.52
1337.23	849.878	820	1.#QNAN	0	0	0	7.18768e-007	1417.79	1337.23	1337.55
1337.27	849.904	821	1.#QNAN	0	0	0	7.52745e-007	1415.54	1337.27	1337.6
1337.3	849.924	822	1.#QNAN	0	0.015	0	7.37412e-007	1394.55	1337.3	1337.62
1337.28	849.924	823	1.#QNAN	0	0	0	7.44252e-007	1359.01	1337.28	1337.61
1337.26	849.911	824	1.#QNAN	0	0	0	7.78561e-007	1348.72	1337.26	1337.58
1337.24	849.913	825	1.#QNAN	0	0.016	0	7.58883e-007	1366.98	1337.24	1337.56
1337.25	849.911	826	1.#QNAN	0	0	0	7.47567e-007	1391.16	1337.25	1337.57
1337.25	849.924	827	1.#QNAN	0	0	0	7.70917e-007	1402.86	1337.25	1337.58
1337.22	849.909	828	1.#QNAN	0	0.016	0	7.31823e-007	1358.36	1337.22	1337.55
1337.19	849.891	829	1.#QNAN	0	0	0	7.7755e-007	1355.62	1337.19	1337.51
1337.16	849.886	830	1.#QNAN	0	0	0	7.57703e-007	1353.99	1337.16	1337.48
1337.18	849.909	831	1.#QNAN	0	0	0	7.47288e-007	1408.81	1337.18	1337.51
1337.22	849.925	832	1.#QNAN	0	0.015	0	7.63852e-007	1414.52	1337.22	1337.54
1337.25	849.947	833	1.#QNAN	0	0	0	7.55683e-007	1411.85	1337.25	1337.58
1337.25	849.951	834	1.#QNAN	0	0	0	7.38163e-007	1375.69	1337.25	1337.57
1337.23	849.944	835	1.#QNAN	0	0.016	0	7.67313e-007	1360.8	1337.23	1337.55
1337.21	849.943	836	1.#QNAN	0	0	0	7.46105e-007	1357.89	1337.21	1337.53
1337.19	849.934	837	1.#QNAN	0	0	0	7.66078e-007	1369.67	1337.19	1337.51
1337.19	849.933	838	1.#QNAN	0	0	0	7.62596e-007	1395.57	1337.19	1337.51
1337.18	849.922	839	1.#QNAN	0	0.015	0	7.2018e-007	1381.05	1337.18	1337.5
1337.16	849.907	840	1.#QNAN	0	0	0	7.69446e-007	1388.67	1337.16	1337.48
1337.17	849.911	841	1.#QNAN	0	0	0	7.68322e-007	1397.77	1337.17	1337.49
1337.21	849.923	842	1.#QNAN	0	0.016	0	7.67755e-007	1426.34	1337.21	1337.53
1337.22	849.922	843	1.#QNAN	0	0	0	7.711e-007	1377.03	1337.22	1337.54
1337.23	849.924	844	1.#QNAN	0	0	0	7.51426e-007	1384.21	1337.23	1337.55
1337.23	849.93	845	1.#QNAN	0	0.016	0	7.69914e-007	1374.14	1337.23	1337.54
1337.25	849.931	846	1.#QNAN	0	0	0	7.58934e-007	1391.33	1337.25	1337.56
1337.24	849.914	847	1.#QNAN	0	0	0	7.54218e-007	1384.98	1337.24	1337.56
1337.28	849.926	848	1.#QNAN	0	0	0	7.59314e-007	1408.76	1337.28	1337.6
1337.25	849.927	849	1.#QNAN	0	0.015	0	7.33861e-007	1347.26	1337.25	1337.57
1337.25	849.927	850	1.#QNAN	0	0	0	7.69813e-007	1361.45	1337.25	1337.56
1337.28	849.924	851	1.#QNAN	0	0	0	7.73342e-007	1393.38	1337.28	1337.59
1337.29	849.917	852	1.#QNAN	0	0.016	0	7.76205e-007	1397.74	1337.29	1337.6
1337.3	849.906	853	1.#QNAN	0	0	0	7.79682e-007	1397.3	1337.3	1337.62
1337.34	849.905	854	1.#QNAN	0	0	0	7.27244e-007	1431.13	1337.34	1337.65
1337.38	849.905	855	1.#QNAN	0	0.015	0	7.72451e-007	1412.88	1337.38	1337.7
1337.43	849.916	856	1.#QNAN	0	0	0	8.1842e-007	1439.36	1337.43	1337.75
1337.42	849.909	857	1.#QNAN	0	0	0	7.58049e-007	1447.24	1337.42	1337.74
1337.43	849.9	858	1.#QNAN	0	0.016	0	7.6017e-007	1482.83	1337.43	1337.75
1337.43	849.885	859	1.#QNAN	0	0	0	7.60496e-007	1430.92	1337.43	1337.74
1337.38	849.869	860	1.#QNAN	0	0	0	7.63053e-007	1454.29	1337.38	1337.7
1337.39	849.876	861	1.#QNAN	0	0	0	7.48423e-007	1435.71	1337.39	1337.71
1337.43	849.886	862	1.#QNAN	0	0.016	0	7.27631e-007	1425.43	1337.43	1337.75
1337.44	849.872	863	1.#QNAN	0	0	0	7.84679e-007	1424.55	1337.44	1337.76
1337.47	849.889	864	1.#QNAN	0	0	0	7.55528e-007	1414.56	1337.47	1337.79
1337.47	849.883	865	1.#QNAN	0	0.015	0	7.74134e-007	1401.97	1337.47	1337.79
1337.51	849.892	866	1.#QNAN	0	0	0	7.71602e-007	1428.99	1337.51	1337.83
1337.58	849.923	867	1.#QNAN	0	0	0	7.56409e-007	1458.74	1337.58	1337.9
1337.61	849.935	868	1.#QNAN	0	0.016	0	7.8484e-007	1400.11	1337.61	1337.93
1337.66	849.958	869	1.#QNAN	0	0	0	7.75467e-007	1426.59	1337.66	1337.98
1337.64	849.95	870	1.#QNAN	0	0	0	7.47494e-007	1355.25	1337.64	1337.96
1337.61	849.934	871	1.#QNAN	0	0	0	7.50754e-007	1398.13	1337.61	1337.93
1337.59	849.922	872	1.#QNAN	0	0.015	0	7.71482e-007	1379.29	1337.59	1337.91
1337.57	849.92	873	1.#QNAN	0	0	0	7.41534e-007	1405.41	1337.57	1337.89
1337.56	849.932	874	1.#QNAN	0	0	0	7.58134e-007	1381.8	1337.56	1337.88
1337.56	849.947	875	1.#QNAN	0	0.016	0	7.53911e-007	1378.79	1337.56	1337.88
1337.57	849.956	876	1.#QNAN	0	0	0	7.61688e-007	1383.78	1337.57	1337.89
1337.57	849.944	877	1.#QNAN	0	0	0	7.82735e-007	1382.65	1337.57	1337.88
1337.58	849.952	878	1.#QNAN	0	0.016	0	7.47192e-007	1376.52	1337.58	1337.9
1337.6	849.966	879	1.#QNAN	0	0	0	7.56935e-007	1398.85	1337.6	1337.92
1337.61	849.973	880	1.#QNAN	0	0	0	7.58694e-007	1378.81	1337.61	1337.93
1337.62	849.979	881	1.#QNAN	0	0	0	7.71753e-007	1377.31	1337.62	1337.93
1337.62	849.972	882	1.#QNAN	0	0.015	0	7.40228e-007	1379.75	1337.62	1337.94
1337.66	849.987	883	1.#QNAN	0	0	0	7.38175e-007	1396.52	1337.66	1337.98
1337.65	849.98	884	1.#QNAN	0	0	0	7.68546e-007	1366.99	1337.65	1337.97
1337.61	849.965	885	1.#QNAN	0	0.016	0	7.50237e-007	1332.94	1337.61	1337.93
1337.59	849.958	886	1.#QNAN	0	0	0	7.57677e-007	1357.12	1337.59	1337.91
1337.58	849.958	887	1.#QNAN	0	0	0	7.77961e-007	1370.26	1337.58	1337.89
1337.56	849.954	888	1.#QNAN	0	0	0	7.49755e-007	1384.03	1337.56	1337.88
1337.53	849.943	889	1.#QNAN	0	0.015	0	7.52957e-007	1358.69	1337.53	1337.85
1337.46	849.912	890	1.#QNAN	0	0	0	7.75115e-007	1341.93	1337.46	1337.78
1337.45	849.895	891	1.#QNAN	0	0	0	7.48391e-007	1374.7	1337.45	1337.77
1337.45	849.895	892	1.#QNAN	0	0.016	0	7.56064e-007	1373.59	1337.45	1337.77
1337.45	849.881	893	1.#QNAN	0	0	0	7.58629e-007	1384.56	1337.45	1337.77
1337.46	849.867	894	1.#QNAN	0	0	0	7.63984e-007	1390.6	1337.46	1337.78
1337.5	849.869	895	1.#QNAN	0	0.016	0	8.02534e-007	1425.87	1337.5	1337.82
1337.52	849.867	896	1.#QNAN	0	0	0	7.40207e-007	1386.92	1337.52	1337.84
1337.54	849.88	897	1.#QNAN	0	0	0	7.36003e-007	1389.33	1337.54	1337.85
1337.55	849.885	898	1.#QNAN	0	0	0	7.49914e-007	1386.03	1337.55	1337.86
1337.57	849.894	899	1.#QNAN	0	0.015	0	7.62792e-007	1391.05	1337.57	1337.89
1337.56	849.897	900	1.#QNAN	0	0	0	7.80584e-007	1376.46	1337.56	1337.88
1337.59	849.901	901	1.#QNAN	0	0	0	7.6628e-007	1404.95	1337.59	1337.91
1337.6	849.907	902	1.#QNAN	0	0.016	0	7.71671e-007	1385.18	1337.6	1337.91
1337.62	849.904	903	1.#QNAN	0	0	0	7.77078e-007	1390.95	1337.62	1337.94
1337.66	849.914	904	1.#QNAN	0	0	0	7.50122e-007	1419.86	1337.66	1337.98
1337.67	849.919	905	1.#QNAN	0	0.015	0	7.68345e-007	1377.1	1337.67	1337.99
1337.69	849.932	906	1.#QNAN	0	0	0	7.57718e-007	1381.44	1337.69	1338
1337.72	849.953	907	1.#QNAN	0	0	0	7.9052e-007	1405.86	1337.72	1338.03
1337.72	849.96	908	1.#QNAN	0	0	0	7.97877e-007	1384.67	1337.72	1338.03
1337.72	849.958	909	1.#QNAN	0	0.016	0	7.43649e-007	1377.61	1337.72	1338.04
1337.73	849.968	910	1.#QNAN	0	0	0	7.81658e-007	1384.87	1337.73	1338.04
1337.7	849.954	911	1.#QNAN	0	0	0	7.63807e-007	1363.97	1337.7	1338.02
1337.69	849.957	912	1.#QNAN	0	0.016	0	7.46689e-007	1370.12	1337.69	1338
1337.66	849.943	913	1.#QNAN	0	0	0	7.62036e-007	1382.25	1337.66	1337.98
1337.65	849.941	914	1.#QNAN	0	0	0	7.79318e-007	1381.74	1337.65	1337.96
1337.66	849.943	915	1.#QNAN	0	0.015	0	7.77643e-007	1390.1	1337.66	1337.97
1337.64	849.931	916	1.#QNAN	0	0	0	7.24587e-007	1361.76	1337.64	1337.95
1337.63	849.915	917	1.#QNAN	0	0	0	7.78863e-007	1360.11	1337.63	1337.94
1337.63	849.908	918	1.#QNAN	0	0	0	7.39291e-007	1373.35	1337.63	1337.94
1337.63	849.908	919	1.#QNAN	0	0.016	0	7.72512e-007	1377.48	1337.63	1337.94
1337.64	849.909	920	1.#QNAN	0	0	0	7.70949e-007	1381.35	1337.64	1337.95
1337.67	849.927	921	1.#QNAN	0	0	0	7.63564e-007	1404.35	1337.67	1337.98
1337.71	849.944	922	1.#QNAN	0	0.015	0	7.53678e-007	1418.18	1337.71	1338.02
1337.72	849.938	923	1.#QNAN	0	0	0	7.52353e-007	1386.06	1337.72	1338.03
1337.71	849.923	924	1.#QNAN	0	0	0	7.476e-007	1368.13	1337.71	1338.02
1337.69	849.913	925	1.#QNAN	0	0.016	0	7.75842e-007	1371.26	1337.69	1338
1337.66	849.907	926	1.#QNAN	0	0	0	7.7131e-007	1373.7	1337.66	1337.97
1337.65	849.903	927	1.#QNAN	0	0	0	7.4593e-007	1373	1337.65	1337.96
1337.64	849.889	928	1.#QNAN	0	0	0	7.39227e-007	1356.91	1337.64	1337.95
1337.63	849.892	929	1.#QNAN	0	0.016	0	7.76227e-007	1355.02	1337.63	1337.94
1337.66	849.906	930	1.#QNAN	0	0	0	7.45151e-007	1415.7	1337.66	1337.97
1337.67	849.908	931	1.#QNAN	0	0	0	7.56807e-007	1378.41	1337.67	1337.98
1337.69	849.909	932	1.#QNAN	0	0.015	0	7.58856e-007	1400.14	1337.69	1337.99
1337.7	849.905	933	1.#QNAN	0	0	0	7.52968e-007	1397.28	1337.7	1338
1337.66	849.895	934	1.#QNAN	0	0	0	7.42703e-007	1346.41	1337.66	1337.97
1337.67	849.893	935	1.#QNAN	0	0.016	0	7.64201e-007	1378.75	1337.67	1337.98
1337.69	849.904	936	1.#QNAN	0	0	0	7.6937e-007	1395.38	1337.69	1338
1337.67	849.895	937	1.#QNAN	0	0	0	7.60689e-007	1393.84	1337.67	1337.98
1337.67	849.896	938	1.#QNAN	0	0	0	7.78934e-007	1411.65	1337.67	1337.98
1337.7	849.899	939	1.#QNAN	0	0.015	0	7.48764e-007	1401.8	1337.7	1338
1337.74	849.911	940	1.#QNAN	0	0	0	7.54747e-007	1429.9	1337.74	1338.04
1337.78	849.918	941	1.#QNAN	0	0	0	7.15569e-007	1429.67	1337.78	1338.09
1337.84	849.938	942	1.#QNAN	0	0.016	0	7.44876e-007	1427.14	1337.84	1338.14
1337.89	849.958	943	1.#QNAN	0	0	0	7.96256e-007	1424.11	1337.89	1338.2
1337.97	849.983	944	1.#QNAN	0	0	0	7.43437e-007	1455.24	1337.97	1338.27
1338.01	849.995	945	1.#QNAN	0	0.016	0	7.65269e-007	1414.24	1338.01	1338.32
1338.06	850.003	946	1.#QNAN	0	0	0	7.58963e-007	1414.62	1338.06	1338.36
1338.11	850.023	947	1.#QNAN	0	0	0	7.5377e-007	1421.97	1338.11	1338.41
1338.15	850.038	948	1.#QNAN	0	0	0	7.79132e-007	1413.1	1338.15	1338.46
1338.19	850.06	949	1.#QNAN	0	0.015	1	7.44091e-007	1406.3	1338.19	1338.49
1338.22	850.071	950	1.#QNAN	0	0	0	7.53341e-007	1404.21	1338.22	1338.53
1338.24	850.052	951	1.#QNAN	0	0	0	7.46891e-007	1401.46	1338.24	1338.55
1338.24	850.044	952	1.#QNAN	0	0.016	0	7.27428e-007	1397.73	1338.24	1338.54
1338.22	850.039	953	1.#QNAN	0	0	0	7.43086e-007	1379.57	1338.22	1338.53
1338.26	850.05	954	1.#QNAN	0	0	0	7.4334e-007	1456.45	1338.26	1338.56
1338.3	850.054	955	1.#QNAN	0	0.015	0	7.66855e-007	1428.85	1338.3	1338.6
1338.35	850.069	956	1.#QNAN	0	0	0	7.61526e-007	1434.91	1338.35	1338.66
1338.41	850.091	957	1.#QNAN	0	0	0	7.4025e-007	1437.03	1338.41	1338.72
1338.45	850.099	958	1.#QNAN	0	0	0	7.63053e-007	1431.81	1338.45	1338.75
1338.49	850.123	959	1.#QNAN	0	0.016	0	7.88212e-007	1419.34	1338.49	1338.8
1338.51	850.121	960	1.#QNAN	0	0	0	7.52784e-007	1403.83	1338.51	1338.81
1338.51	850.12	961	1.#QNAN	0	0	0	7.45543e-007	1403.14	1338.51	1338.82
1338.54	850.12	962	1.#QNAN	0	0.016	0	7.52034e-007	1407.46	1338.54	1338.84
1338.55	850.124	963	1.#QNAN	0	0	0	7.41081e-007	1401.97	1338.55	1338.85
1338.58	850.132	964	1.#QNAN	0	0	0	7.61524e-007	1422.48	1338.58	1338.88
1338.63	850.135	965	1.#QNAN	0	0.015	0	7.89844e-007	1436.35	1338.63	1338.93
1338.66	850.146	966	1.#QNAN	0	0	0	7.63738e-007	1413.78	1338.66	1338.97
1338.68	850.161	967	1.#QNAN	0	0	0	7.44196e-007	1386.7	1338.68	1338.98
1338.71	850.173	968	1.#QNAN	0	0	0	7.54277e-007	1414.66	1338.71	1339.02
1338.7	850.171	969	1.#QNAN	0	0.016	0	7.70171e-007	1378.26	1338.7	1339.01
1338.71	850.173	970	1.#QNAN	0	0	0	7.51852e-007	1399.61	1338.71	1339.02
1338.71	850.173	971	1.#QNAN	0	0	0	7.44608e-007	1390.76	1338.71	1339.02
1338.73	850.186	972	1.#QNAN	0	0.015	0	7.32479e-007	1397.92	1338.73	1339.03
1338.73	850.193	973	1.#QNAN	0	0	0	7.43284e-007	1396.1	1338.73	1339.03
1338.76	850.199	974	1.#QNAN	0	0	0	7.74667e-007	1410.09	1338.76	1339.06
1338.79	850.213	975	1.#QNAN	0	0.016	0	7.51233e-007	1408.41	1338.79	1339.09
1338.77	850.209	976	1.#QNAN	0	0	0	7.65438e-007	1350.35	1338.77	1339.07
1338.76	850.211	977	1.#QNAN	0	0	0	7.53754e-007	1368.79	1338.76	1339.07
1338.77	850.236	978	1.#QNAN	0	0	0	7.60625e-007	1376.58	1338.77	1339.08
1338.75	850.236	979	1.#QNAN	0	0	0	7.60606e-007	1348.52	1338.75	1339.05
1338.74	850.231	980	1.#QNAN	0	0	0	7.58178e-007	1366.35	1338.74	1339.04
1338.76	850.229	981	1.#QNAN	0	0	0	7.44821e-007	1398.11	1338.76	1339.06
1338.75	850.222	982	1.#QNAN	0	0.015	0	7.59787e-007	1384.32	1338.75	1339.06
1338.76	850.212	983	1.#QNAN	0	0	0	7.65769e-007	1374.53	1338.76	1339.06
1338.77	850.201	984	1.#QNAN	0	0	0	7.67897e-007	1378.39	1338.77	1339.08
1338.78	850.201	985	1.#QNAN	0	0.016	0	7.35995e-007	1377.33	1338.78	1339.09
1338.8	850.201	986	1.#QNAN	0	0	0	7.64928e-007	1377.34	1338.8	1339.1
1338.79	850.186	987	1.#QNAN	0	0	0	7.73371e-007	1354.3	1338.79	1339.09
1338.8	850.18	988	1.#QNAN	0	0	0	7.3122e-007	1374.28	1338.8	1339.1
1338.81	850.181	989	1.#QNAN	0	0.015	0	7.66417e-007	1393.21	1338.81	1339.11
1338.8	850.182	990	1.#QNAN	0	0	0	7.78577e-007	1374	1338.8	1339.11
1338.8	850.182	991	1.#QNAN	0	0	0	7.99587e-007	1368.55	1338.8	1339.1
1338.83	850.187	992	1.#QNAN	0	0.016	0	7.64961e-007	1414.1	1338.83	1339.13
1338.85	850.199	993	1.#QNAN	0	0	0	7.54086e-007	1400.3	1338.85	1339.15
1338.84	850.197	994	1.#QNAN	0	0	0	7.7505e-007	1349.74	1338.84	1339.14
1338.85	850.22	995	1.#QNAN	0	0.016	0	7.54396e-007	1378.02	1338.85	1339.15
1338.83	850.216	996	1.#QNAN	0	0	0	7.80508e-007	1347.94	1338.83	1339.13
1338.82	850.219	997	1.#QNAN	0	0	0	7.73554e-007	1364.77	1338.82	1339.12
1338.86	850.243	998	1.#QNAN	0	0.015	0	7.32918e-007	1424.95	1338.86	1339.16
1338.88	850.268	999	1.#QNAN	0	0	0	7.37357e-007	1399.14	1338.88	1339.18
1338.88	850.275	1000	1.#QNAN	0	0	0	7.26107e-007	1377.41	1338.88	1339.18
1338.87	850.281	1001	1.#QNAN	0	0	0	7.49948e-007	1380.93	1338.87	1339.17
1338.86	850.29	1002	1.#QNAN	0	0.016	0	7.96706e-007	1378.95	1338.86	1339.16
1338.88	850.306	1003	1.#QNAN	0	0	0	7.55468e-007	1408.12	1338.88	1339.18
1338.91	850.322	1004	1.#QNAN	0	0	0	7.48074e-007	1397.75	1338.91	1339.2
1338.92	850.317	1005	1.#QNAN	0	0.015	0	7.56516e-007	1386	1338.92	1339.22
1338.93	850.31	1006	1.#QNAN	0	0	0	7.88361e-007	1399.67	1338.93	1339.23
1338.94	850.308	1007	1.#QNAN	0	0	0	7.23458e-007	1386.7	1338.94	1339.24
1338.95	850.306	1008	1.#QNAN	0	0.016	0	7.60986e-007	1389.67	1338.95	1339.25
1338.96	850.308	1009	1.#QNAN	0	0	0	7.5269e-007	1399.09	1338.96	1339.26
1338.96	850.309	1010	1.#QNAN	0	0	0	7.28113e-007	1377.85	1338.96	1339.26
1339	850.325	1011	1.#QNAN	0	0	0	7.63593e-007	1436.4	1339	1339.3
1339.05	850.348	1012	1.#QNAN	0	0.016	0	7.51887e-007	1447.22	1339.05	1339.35
1339.08	850.372	1013	1.#QNAN	0	0	0	7.77645e-007	1423.43	1339.08	1339.38
1339.12	850.395	1014	1.#QNAN	0	0	0	7.42951e-007	1430.46	1339.12	1339.42
1339.12	850.411	1015	1.#QNAN	0	0.015	0	7.46068e-007	1391.36	1339.12	1339.42
1339.09	850.406	1016	1.#QNAN	0	0	0	7.56507e-007	1354.1	1339.09	1339.39
1339.07	850.402	1017	1.#QNAN	0	0	0	7.54871e-007	1360.46	1339.07	1339.37
1339.06	850.393	1018	1.#QNAN	0	0.016	0	7.50722e-007	1374.04	1339.06	1339.36
1339.08	850.396	1019	1.#QNAN	0	0	0	7.20334e-007	1416.29	1339.08	1339.37
1339.1	850.399	1020	1.#QNAN	0	0	0	7.52203e-007	1399.69	1339.1	1339.4
1339.11	850.407	1021	1.#QNAN	0	0	0	7.73354e-007	1403.55	1339.11	1339.41
1339.11	850.418	1022	1.#QNAN	0	0.015	0	7.8519e-007	1372.74	1339.11	1339.41
1339.1	850.425	1023	1.#QNAN	0	0	0	7.5651e-007	1367.06	1339.1	1339.4
1339.1	850.428	1024	1.#QNAN	0	0	0	7.71101e-007	1368.11	1339.1	1339.4
1339.07	850.415	1025	1.#QNAN	0	0.016	0	7.88282e-007	1340.81	1339.07	1339.37
1339.06	850.411	1026	1.#QNAN	0	0	0	7.48379e-007	1376.08	1339.06	1339.36
1339.07	850.418	1027	1.#QNAN	0	0	0	7.64752e-007	1386.89	1339.07	1339.37
1339.06	850.427	1028	1.#QNAN	0	0.016	0	7.64561e-007	1363.25	1339.06	1339.36
1339.07	850.431	1029	1.#QNAN	0	0	0	7.67545e-007	1398.8	1339.07	1339.37
1339.08	850.442	1030	1.#QNAN	0	0	0	7.40434e-007	1382.77	1339.08	1339.38
1339.1	850.46	1031	1.#QNAN	0	0	0	7.43021e-007	1415.23	1339.1	1339.4
1339.14	850.469	1032	1.#QNAN	0	0.015	0	7.43562e-007	1427.75	1339.14	1339.44
1339.16	850.48	1033	1.#QNAN	0	0	0	7.45995e-007	1396.27	1339.16	1339.45
1339.21	850.495	1034	1.#QNAN	0	0	0	7.65402e-007	1430.4	1339.21	1339.51
1339.25	850.499	1035	1.#QNAN	0	0.016	0	7.65473e-007	1420.44	1339.25	1339.55
1339.28	850.522	1036	1.#QNAN	0	0	0	7.50294e-007	1430.32	1339.28	1339.58
1339.28	850.511	1037	1.#QNAN	0	0	0	7.47903e-007	1378.52	1339.28	1339.57
1339.3	850.519	1038	1.#QNAN	0	0.015	0	7.82853e-007	1407.61	1339.3	1339.6
1339.33	850.535	1039	1.#QNAN	0	0	0	7.77699e-007	1411.42	1339.33	1339.62
1339.31	850.52	1040	1.#QNAN	0	0	0	7.63985e-007	1361.43	1339.31	1339.61
1339.3	850.505	1041	1.#QNAN	0	0	0	7.38843e-007	1356.07	1339.3	1339.59
1339.3	850.505	1042	1.#QNAN	0	0.016	0	7.42057e-007	1392.79	1339.3	1339.6
1339.31	850.505	1043	1.#QNAN	0	0	0	7.60139e-007	1383.56	1339.31	1339.61
1339.31	850.503	1044	1.#QNAN	0	0	0	7.24592e-007	1374.35	1339.31	1339.61
1339.33	850.498	1045	1.#QNAN	0	0.016	0	7.34611e-007	1387.71	1339.33	1339.62
1339.31	850.487	1046	1.#QNAN	0	0	0	7.5996e-007	1369.42	1339.31	1339.61
1339.31	850.49	1047	1.#QNAN	0	0	0	7.50945e-007	1381.3	1339.31	1339.61
1339.32	850.492	1048	1.#QNAN	0	0	0	7.77061e-007	1403.35	1339.32	1339.62
1339.32	850.491	1049	1.#QNAN	0	0.015	0	7.30404e-007	1382.44	1339.32	1339.61
1339.33	850.492	1050	1.#QNAN	0	0	0	7.52076e-007	1381.81	1339.33	1339.62
1339.35	850.501	1051	1.#QNAN	0	0	0	7.29532e-007	1406.14	1339.35	1339.65
1339.39	850.519	1052	1.#QNAN	0	0.016	0	7.44413e-007	1406.13	1339.39	1339.68
1339.41	850.536	1053	1.#QNAN	0	0	0	7.53399e-007	1391.66	1339.41	1339.7
1339.44	850.547	1054	1.#QNAN	0	0	0	7.78563e-007	1412.11	1339.44	1339.74
1339.47	850.552	1055	1.#QNAN	0	0.015	0	7.78208e-007	1403.14	1339.47	1339.76
1339.49	850.55	1056	1.#QNAN	0	0	0	7.65104e-007	1403.06	1339.49	1339.78
1339.5	850.557	1057	1.#QNAN	0	0	0	7.68727e-007	1388.44	1339.5	1339.79
1339.49	850.557	1058	1.#QNAN	0	0	0	7.5811e-007	1377.24	1339.49	1339.79
1339.48	850.547	1059	1.#QNAN	0	0.016	0	7.63307e-007	1390.12	1339.48	1339.78
1339.47	850.542	1060	1.#QNAN	0	0	0	7.54206e-007	1365.98	1339.47	1339.77
1339.49	850.551	1061	1.#QNAN	0	0	0	7.43941e-007	1401.35	1339.49	1339.78
1339.48	850.54	1062	1.#QNAN	0	0.016	0	7.51117e-007	1381.82	1339.48	1339.77
1339.45	850.531	1063	1.#QNAN	0	0	0	7.33309e-007	1371.5	1339.45	1339.74
1339.43	850.528	1064	1.#QNAN	0	0	0	7.35707e-007	1384.73	1339.43	1339.73
1339.4	850.511	1065	1.#QNAN	0	0.015	0	7.48821e-007	1362.1	1339.4	1339.69
1339.4	850.51	1066	1.#QNAN	0	0	0	7.61677e-007	1400.43	1339.4	1339.7
1339.39	850.509	1067	1.#QNAN	0	0	0	7.76733e-007	1387.81	1339.39	1339.68
1339.39	850.509	1068	1.#QNAN	0	0	0	7.84274e-007	1400.73	1339.39	1339.69
1339.38	850.532	1069	1.#QNAN	0	0.016	0	7.63065e-007	1365.3	1339.38	1339.68
1339.37	850.533	1070	1.#QNAN	0	0	0	7.63235e-007	1363.3	1339.37	1339.66
1339.39	850.547	1071	1.#QNAN	0	0	0	7.68365e-007	1405.46	1339.39	1339.68
1339.39	850.56	1072	1.#QNAN	0	0.015	0	7.89862e-007	1389.94	1339.39	1339.68
1339.37	850.557	1073	1.#QNAN	0	0	0	7.50585e-007	1376.41	1339.37	1339.67
1339.34	850.551	1074	1.#QNAN	0	0	0	7.78713e-007	1354.25	1339.34	1339.63
1339.31	850.547	1075	1.#QNAN	0	0	0	7.71789e-007	1350.26	1339.31	1339.61
1339.3	850.54	1076	1.#QNAN	0	0.016	0	7.62555e-007	1381.31	1339.3	1339.6
1339.29	850.542	1077	1.#QNAN	0	0	0	7.71747e-007	1374.79	1339.29	1339.58
1339.27	850.539	1078	1.#QNAN	0	0	0	7.54708e-007	1372.38	1339.27	1339.56
1339.26	850.534	1079	1.#QNAN	0	0.016	0	7.5334e-007	1368.6	1339.26	1339.55
1339.26	850.54	1080	1.#QNAN	0	0	0	7.6249e-007	1379.32	1339.26	1339.55
1339.24	850.537	1081	1.#QNAN	0	0	0	7.65857e-007	1365.7	1339.24	1339.53
1339.23	850.537	1082	1.#QNAN	0	0.015	0	7.60266e-007	1375.64	1339.23	1339.52
1339.24	850.544	1083	1.#QNAN	0	0	0	7.47986e-007	1397.32	1339.24	1339.53
1339.22	850.542	1084	1.#QNAN	0	0	0	7.54957e-007	1378.08	1339.22	1339.51
1339.19	850.524	1085	1.#QNAN	0	0	0	7.4853e-007	1383.39	1339.19	1339.48
1339.16	850.496	1086	1.#QNAN	0	0.016	0	7.32802e-007	1362.49	1339.16	1339.46
1339.14	850.486	1087	1.#QNAN	0	0	0	7.53621e-007	1363.88	1339.14	1339.43
1339.13	850.482	1088	1.#QNAN	0	0	0	7.65169e-007	1380.12	1339.13	1339.42
1339.14	850.479	1089	1.#QNAN	0	0.015	0	7.51609e-007	1387.53	1339.14	1339.43
1339.14	850.476	1090	1.#QNAN	0	0	0	7.77958e-007	1386.06	1339.14	1339.43
1339.16	850.48	1091	1.#QNAN	0	0	0	7.72886e-007	1384.49	1339.16	1339.45
1339.17	850.48	1092	1.#QNAN	0	0.016	0	8.09344e-007	1388.14	1339.17	1339.46
1339.14	850.473	1093	1.#QNAN	0	0	0	7.73637e-007	1390.65	1339.14	1339.43
1339.14	850.473	1094	1.#QNAN	0	0	0	7.56697e-007	1413.55	1339.14	1339.43
1339.14	850.482	1095	1.#QNAN	0	0	0	7.81415e-007	1427.66	1339.14	1339.43
1339.15	850.5	1096	1.#QNAN	0	0.016	0	7.72816e-007	1401.91	1339.15	1339.44
1339.13	850.481	1097	1.#QNAN	0	0	0	7.2853e-007	1401.08	1339.13	1339.42
1339.13	850.479	1098	1.#QNAN	0	0	0	7.29245e-007	1379.08	1339.13	1339.42
1339.12	850.472	1099	1.#QNAN	0	0.015	0	7.53201e-007	1382.43	1339.12	1339.41
1339.11	850.466	1100	1.#QNAN	0	0	0	7.33273e-007	1381.21	1339.11	1339.4
1339.15	850.476	1101	1.#QNAN	0	0	0	7.40025e-007	1429.53	1339.15	1339.44
1339.17	850.483	1102	1.#QNAN	0	0.016	0	7.45654e-007	1404.02	1339.17	1339.46
1339.18	850.481	1103	1.#QNAN	0	0	0	7.589e-007	1388.38	1339.18	1339.47
1339.18	850.477	1104	1.#QNAN	0	0	0	7.70796e-007	1395.71	1339.18	1339.47
1339.18	850.468	1105	1.#QNAN	0	0	0	7.64044e-007	1381.77	1339.18	1339.47
1339.17	850.467	1106	1.#QNAN	0	0.015	0	7.25629e-007	1372.24	1339.17	1339.46
1339.13	850.45	1107	1.#QNAN	0	0	0	7.45244e-007	1338.95	1339.13	1339.42
1339.09	850.435	1108	1.#QNAN	0	0	0	7.77376e-007	1346.01	1339.09	1339.38
1339.08	850.437	1109	1.#QNAN	0	0.016	0	7.46522e-007	1384.88	1339.08	1339.37
1339.09	850.442	1110	1.#QNAN	0	0	0	7.17991e-007	1390.65	1339.09	1339.38
1339.08	850.439	1111	1.#QNAN	0	0	0	7.70168e-007	1378.27	1339.08	1339.37
1339.09	850.436	1112	1.#QNAN	0	0.016	0	7.65131e-007	1399.03	1339.09	1339.38
1339.08	850.429	1113	1.#QNAN	0	0	0	7.53394e-007	1380.89	1339.08	1339.37
1339.09	850.419	1114	1.#QNAN	0	0	0	7.58175e-007	1388.11	1339.09	1339.38
1339.1	850.406	1115	1.#QNAN	0	0.015	0	7.60382e-007	1396.84	1339.1	1339.39
1339.1	850.393	1116	1.#QNAN	0	0	0	7.49953e-007	1387.27	1339.1	1339.39
1339.11	850.393	1117	1.#QNAN	0	0	0	7.53318e-007	1390.95	1339.11	1339.4
1339.13	850.402	1118	1.#QNAN	0	0	0	7.64159e-007	1418.36	1339.13	1339.42
1339.17	850.426	1119	1.#QNAN	0	0.016	0	7.41148e-007	1439.43	1339.17	1339.46
1339.17	850.42	1120	1.#QNAN	0	0	0	7.52714e-007	1383.31	1339.17	1339.46
1339.17	850.408	1121	1.#QNAN	0	0	0	7.3962e-007	1385.03	1339.17	1339.46
1339.2	850.413	1122	1.#QNAN	0	0.015	0	7.80752e-007	1426.89	1339.2	1339.49
1339.2	850.4	1123	1.#QNAN	0	0	0	7.45244e-007	1394.87	1339.2	1339.49
1339.2	850.388	1124	1.#QNAN	0	0	0	7.7429e-007	1385.33	1339.2	1339.49
1339.18	850.362	1125	1.#QNAN	0	0.016	0	7.67381e-007	1370.49	1339.18	1339.47
1339.18	850.351	1126	1.#QNAN	0	0	0	7.65535e-007	1375.81	1339.18	1339.46
1339.16	850.343	1127	1.#QNAN	0	0	0	7.77424e-007	1365.26	1339.16	1339.45
1339.15	850.316	1128	1.#QNAN	0	0.016	0	7.67711e-007	1378.22	1339.15	1339.44
1339.14	850.311	1129	1.#QNAN	0	0	0	7.42176e-007	1390.01	1339.14	1339.42
1339.12	850.295	1130	1.#QNAN	0	0	0	7.73278e-007	1378.78	1339.12	1339.41
1339.11	850.283	1131	1.#QNAN	0	0	0	7.34998e-007	1383.49	1339.11	1339.39
1339.08	850.266	1132	1.#QNAN	0	0.015	0	7.77806e-007	1370.91	1339.08	1339.37
1339.07	850.25	1133	1.#QNAN	0	0	0	7.65324e-007	1365.93	1339.07	1339.35
1339.07	850.251	1134	1.#QNAN	0	0	0	8.1078e-007	1383.79	1339.07	1339.35
1339.07	850.248	1135	1.#QNAN	0	0.016	0	7.68955e-007	1387.73	1339.07	1339.35
1339.07	850.244	1136	1.#QNAN	0	0	0	7.59296e-007	1380.32	1339.07	1339.35
1339.07	850.247	1137	1.#QNAN	0	0	0	7.73578e-007	1401.15	1339.07	1339.36
1339.08	850.249	1138	1.#QNAN	0	0.015	0	7.68743e-007	1403.13	1339.08	1339.37
1339.1	850.25	1139	1.#QNAN	0	0	0	8.00193e-007	1415.59	1339.1	1339.38
1339.08	850.232	1140	1.#QNAN	0	0	0	7.94714e-007	1398.1	1339.08	1339.37
1339.06	850.219	1141	1.#QNAN	0	0	0	7.79062e-007	1370.2	1339.06	1339.34
1339.05	850.221	1142	1.#QNAN	0	0.016	0	7.95199e-007	1401.28	1339.05	1339.34
1339.06	850.219	1143	1.#QNAN	0	0	0	7.70881e-007	1420.73	1339.06	1339.34
1339.06	850.214	1144	1.#QNAN	0	0	0	7.83337e-007	1398.44	1339.06	1339.34
1339.04	850.213	1145	1.#QNAN	0	0.016	0	7.66979e-007	1382.89	1339.04	1339.33
1339.06	850.206	1146	1.#QNAN	0	0	0	7.57615e-007	1419.74	1339.06	1339.34
1339.05	850.189	1147	1.#QNAN	0	0	0	7.6035e-007	1394.67	1339.05	1339.33
1339.02	850.181	1148	1.#QNAN	0	0.015	0	7.67202e-007	1347.25	1339.02	1339.3
1338.99	850.153	1149	1.#QNAN	0	0	0	7.73214e-007	1356.87	1338.99	1339.27
1338.99	850.14	1150	1.#QNAN	0	0	0	7.6035e-007	1406	1338.99	1339.27
1338.98	850.122	1151	1.#QNAN	0	0	0	7.95594e-007	1413.92	1338.98	1339.27
1338.96	850.113	1152	1.#QNAN	0	0.016	0	7.63671e-007	1398.7	1338.96	1339.24
1338.95	850.118	1153	1.#QNAN	0	0	0	7.73149e-007	1408.28	1338.95	1339.24
1338.96	850.096	1154	1.#QNAN	0	0	0	7.54783e-007	1408.67	1338.96	1339.24
1338.99	850.107	1155	1.#QNAN	0	0.015	0	7.86047e-007	1448.93	1338.99	1339.27
1339	850.102	1156	1.#QNAN	0	0	0	7.98886e-007	1415.94	1339	1339.28
1339.03	850.106	1157	1.#QNAN	0	0	0	7.86626e-007	1451.14	1339.03	1339.31
1339.04	850.1	1158	1.#QNAN	0	0.016	0	7.74532e-007	1453.56	1339.04	1339.32
1339.05	850.095	1159	1.#QNAN	0	0	0	8.01005e-007	1429.62	1339.05	1339.33
1339.05	850.08	1160	1.#QNAN	0	0	0	8.00338e-007	1410.05	1339.05	1339.33
1339.06	850.07	1161	1.#QNAN	0	0.016	1	8.18342e-007	1419.81	1339.06	1339.34
1339.02	850.035	1162	1.#QNAN	0	0	0	8.00488e-007	1362.36	1339.02	1339.3
1338.98	850.006	1163	1.#QNAN	0	0	0	8.1427e-007	1355.66	1338.98	1339.26
1338.94	849.978	1164	1.#QNAN	0	0	0	7.99015e-007	1355.6	1338.94	1339.22
1338.91	849.965	1165	1.#QNAN	0	0.015	0	7.93028e-007	1362.19	1338.91	1339.19
1338.88	849.945	1166	1.#QNAN	0	0	0	7.92983e-007	1365.69	1338.88	1339.16
1338.83	849.913	1167	1.#QNAN	0	0	0	7.58255e-007	1370.89	1338.83	1339.11
1338.78	849.894	1168	1.#QNAN	0	0.016	0	7.76909e-007	1345.69	1338.78	1339.06
1338.73	849.848	1169	1.#QNAN	0	0	0	7.68348e-007	1328.55	1338.73	1339
1338.69	849.823	1170	1.#QNAN	0	0	0	8.07427e-007	1361.17	1338.69	1338.97
1338.66	849.795	1171	1.#QNAN	0	0.015	0	7.92217e-007	1368.24	1338.66	1338.93
1338.64	849.763	1172	1.#QNAN	0	0	0	7.76245e-007	1384.13	1338.64	1338.91
1338.62	849.74	1173	1.#QNAN	0	0	0	7.7207e-007	1384.64	1338.62	1338.9
1338.58	849.717	1174	1.#QNAN	0	0	0	7.59505e-007	1360.54	1338.58	1338.86
1338.58	849.703	1175	1.#QNAN	0	0.016	0	7.63492e-007	1396.36	1338.58	1338.85
1338.53	849.678	1176	1.#QNAN	0	0	0	7.63215e-007	1348.63	1338.53	1338.8
1338.49	849.653	1177	1.#QNAN	0	0	0	7.52201e-007	1348.56	1338.49	1338.76
1338.46	849.642	1178	1.#QNAN	0	0.016	0	7.94976e-007	1357.34	1338.46	1338.73
1338.44	849.638	1179	1.#QNAN	0	0	0	7.6564e-007	1372.66	1338.44	1338.72
1338.41	849.621	1180	1.#QNAN	0	0	0	7.68495e-007	1356.32	1338.41	1338.68
1338.38	849.609	1181	1.#QNAN	0	0.015	0	7.78239e-007	1375.95	1338.38	1338.66
1338.37	849.604	1182	1.#QNAN	0	0	0	7.6434e-007	1381.77	1338.37	1338.64
1338.35	849.595	1183	1.#QNAN	0	0	0	7.6461e-007	1383.72	1338.35	1338.62
1338.33	849.582	1184	1.#QNAN	0	0	0	7.67576e-007	1385.22	1338.33	1338.6
1338.28	849.555	1185	1.#QNAN	0	0.016	0	7.56703e-007	1356.52	1338.28	1338.55
1338.26	849.542	1186	1.#QNAN	0	0	0	7.8554e-007	1382.44	1338.26	1338.53
1338.23	849.526	1187	1.#QNAN	0	0	0	7.54117e-007	1373.69	1338.23	1338.5
1338.23	849.526	1188	1.#QNAN	0	0.015	0	7.86468e-007	1403.43	1338.23	1338.5
1338.22	849.521	1189	1.#QNAN	0	0	0	7.68801e-007	1372.94	1338.22	1338.49
1338.19	849.496	1190	1.#QNAN	0	0	0	8.04032e-007	1377.06	1338.19	1338.46
1338.16	849.466	1191	1.#QNAN	0	0.016	0	7.83374e-007	1365.67	1338.16	1338.43
1338.12	849.449	1192	1.#QNAN	0	0	0	7.57044e-007	1366.6	1338.12	1338.39
1338.11	849.429	1193	1.#QNAN	0	0	0	7.54986e-007	1409.11	1338.11	1338.38
1338.08	849.411	1194	1.#QNAN	0	0	0	7.54916e-007	1385.48	1338.08	1338.34
1338.05	849.395	1195	1.#QNAN	0	0.016	0	7.97649e-007	1382.7	1338.05	1338.32
1338.04	849.385	1196	1.#QNAN	0	0	0	7.78325e-007	1377.58	1338.04	1338.31
1338.03	849.362	1197	1.#QNAN	0	0	0	7.91176e-007	1374.18	1338.03	1338.29
1338.01	849.346	1198	1.#QNAN	0	0.015	0	7.71107e-007	1393.46	1338.01	1338.28
1337.98	849.331	1199	1.#QNAN	0	0	0	7.69836e-007	1372.61	1337.98	1338.25
