rmse	mae	#iter	time_pred	time_learn	time_learn2	time_learn4	alpha	rmse_mcmc_this	rmse_mcmc_all	rmse_mcmc_all_but5
26802.6	20743	0	1.#QNAN	0	0.016	0	4.94774e-012	26802.6	26802.6	4162.21
26516.5	20454.8	1	1.#QNAN	0	0	0	9.66125e-011	26803.9	26516.5	4162.21
26469.6	20509.2	2	1.#QNAN	0	0.016	0	1.22278e-010	26808.3	26469.6	4162.21
26381.8	20416.6	3	1.#QNAN	0	0.015	0	1.34617e-010	26461.4	26381.8	4162.21
26316.3	20328.1	4	1.#QNAN	0	0	0	1.51779e-010	26355.8	26316.3	37734.5
26267.6	20276.3	5	1.#QNAN	0	0.016	0	1.65359e-010	26337.9	26267.6	26337.9
26160.6	20149.2	6	1.#QNAN	0	0	0	1.90742e-010	25825.2	26160.6	25920.7
26105.8	20092.6	7	1.#QNAN	0	0.015	0	2.1033e-010	26000.3	26105.8	25878.8
25954.7	19945.4	8	1.#QNAN	0	0	0	2.42302e-010	25107.9	25954.7	25617.9
25849.1	19837.7	9	1.#QNAN	0	0.016	0	2.63267e-010	25244.6	25849.1	25488.9
25689.5	19675.9	10	1.#QNAN	0	0	0	3.10059e-010	24572.1	25689.5	25277.8
25562.6	19556	11	1.#QNAN	0	0.017	0	3.43987e-010	24634.3	25562.6	25136.2
25393.5	19394.3	12	1.#QNAN	0	0.015	0	3.93357e-010	23966.1	25393.5	24935.8
25157.9	19178.5	13	1.#QNAN	0	0	0	4.76923e-010	23053.6	25157.9	24645.8
24847.3	18899	14	1.#QNAN	0	0.016	0	5.7457e-010	21980.9	24847.3	24260.4
24496.9	18583.5	15	1.#QNAN	0	0	0	6.9876e-010	21118.3	24496.9	23834.5
24105.6	18232.9	16	1.#QNAN	0	0.015	0	7.7254e-010	20214.3	24105.6	23370.6
23766.3	17931.7	17	1.#QNAN	0	0	0	8.82787e-010	20205.5	23766.3	22988.2
23421.1	17626.5	18	1.#QNAN	0	0.016	0	9.70031e-010	19594.4	23421.1	22609.4
23080	17334.4	19	1.#QNAN	0	0.016	0	1.07813e-009	19178.9	23080	22239
22750.8	17059.1	20	1.#QNAN	0	0	0	1.20788e-009	18665.6	22750.8	21890.3
22435.1	16795	21	1.#QNAN	0	0.015	0	1.35512e-009	18362.5	22435.1	21562.4
22150.7	16556.4	22	1.#QNAN	0	0	0	1.42921e-009	18274.2	22150.7	21276.7
21852.9	16307.5	23	1.#QNAN	0	0.016	0	1.50625e-009	17432.9	21852.9	20973.4
21564.5	16066.3	24	1.#QNAN	0	0.015	0	1.50657e-009	17070.3	21564.5	20683.5
21292.9	15837.3	25	1.#QNAN	0	0	0	1.68998e-009	16802.9	21292.9	20414.2
21027.3	15614.5	26	1.#QNAN	0	0.016	0	1.80584e-009	16380.2	21027.3	20152.4
20779.5	15402.2	27	1.#QNAN	0	0.016	0	1.9346e-009	16342	20779.5	19912
20518.2	15180.3	28	1.#QNAN	0	0	0	2.10122e-009	15562.8	20518.2	19654.5
20276	14976.8	29	1.#QNAN	0	0.015	0	2.2708e-009	15519.4	20276	19418.9
20040	14777.6	30	1.#QNAN	0	0	0	2.23804e-009	15225.7	20040	19189.9
19809.3	14581.3	31	1.#QNAN	0	0.016	0	2.40592e-009	14852.5	19809.3	18966.8
19587.9	14392.1	32	1.#QNAN	0	0.015	0	2.55589e-009	14725.3	19587.9	18754.3
19372	14207.1	33	1.#QNAN	0	0	0	2.81748e-009	14532	19372	18547.1
19160.7	14026.9	34	1.#QNAN	0	0.016	0	2.70174e-009	14196.1	19160.7	18344.9
18954.9	13855.7	35	1.#QNAN	0	0	0	2.83777e-009	13912.3	18954.9	18147.7
18763.4	13694.3	36	1.#QNAN	0	0.016	0	3.11696e-009	13942.9	18763.4	17966.4
18563.1	13526.6	37	1.#QNAN	0	0.015	0	3.36343e-009	13215.3	18563.1	17774.1
18372.6	13366.1	38	1.#QNAN	0	0	0	3.40527e-009	13136.9	18372.6	17592
18187.6	13213	39	1.#QNAN	0	0.016	0	3.62085e-009	12971.3	18187.6	17415.8
18000.2	13058.1	40	1.#QNAN	0	0	0	3.74445e-009	12544.3	18000.2	17236.3
17813.1	12902.6	41	1.#QNAN	0	0.015	0	4.04649e-009	12214.9	17813.1	17056.3
17633.2	12754.2	42	1.#QNAN	0	0	0	4.26922e-009	12083.9	17633.2	16883.6
17454.3	12609	43	1.#QNAN	0	0.016	0	4.53688e-009	11759.7	17454.3	16711.7
17282.1	12468.1	44	1.#QNAN	0	0.016	0	4.75041e-009	11653.8	17282.1	16547
17108.8	12325.4	45	1.#QNAN	0	0	0	4.95689e-009	11351.1	17108.8	16380.6
16940	12188.2	46	1.#QNAN	0	0.015	0	4.9201e-009	11151.6	16940	16218.4
16772.3	12052	47	1.#QNAN	0	0	0	5.62371e-009	10874.3	16772.3	16057.1
16610.4	11921.2	48	1.#QNAN	0	0.016	0	5.82837e-009	10732.1	16610.4	15901.5
16446	11789.7	49	1.#QNAN	0	0.015	0	5.94075e-009	10329.8	16446	15742.8
16290	11665.5	50	1.#QNAN	0	0	0	6.26834e-009	10364.6	16290	15592.8
16132.8	11540.5	51	1.#QNAN	0	0.016	0	6.43792e-009	9955.35	16132.8	15441.2
15979.4	11418.7	52	1.#QNAN	0	0	0	6.57597e-009	9777.16	15979.4	15293.3
15829.2	11299.5	53	1.#QNAN	0	0.016	0	7.29615e-009	9671.78	15829.2	15148.5
15683.7	11183.5	54	1.#QNAN	0	0	0	7.36567e-009	9554.5	15683.7	15008.3
15539.8	11069.4	55	1.#QNAN	0	0.015	0	8.00967e-009	9400.06	15539.8	14869.8
15397.4	10957.9	56	1.#QNAN	0	0	0	8.12886e-009	9179.8	15397.4	14732.6
15254.6	10845.9	57	1.#QNAN	0	0.016	0	8.32983e-009	8884.7	15254.6	14594.8
15116.4	10738.7	58	1.#QNAN	0	0.015	0	8.74154e-009	8808.33	15116.4	14461.7
14981.3	10634.4	59	1.#QNAN	0	0	0	8.84808e-009	8743.61	14981.3	14331.5
14848.5	10532.4	60	1.#QNAN	0	0.016	0	9.39166e-009	8678.88	14848.5	14203.7
14720	10434.5	61	1.#QNAN	0	0	0	9.97314e-009	8551.48	14720	14080.4
14591.9	10336.8	62	1.#QNAN	0	0.016	0	9.86247e-009	8353.96	14591.9	13957.2
14464	10239.1	63	1.#QNAN	0	0	0	1.02323e-008	8151.14	14464	13834.1
14341.2	10145.1	64	1.#QNAN	0	0.015	0	1.07786e-008	8189.49	14341.2	13716.1
14219.5	10052.2	65	1.#QNAN	0	0.016	0	1.0677e-008	7941.31	14219.5	13599.1
14099.4	9961.07	66	1.#QNAN	0	0	0	1.14547e-008	7768.6	14099.4	13483.5
13983.7	9873.07	67	1.#QNAN	0	0.015	0	1.16653e-008	7777.96	13983.7	13372.4
13866.1	9784.83	68	1.#QNAN	0	0	0	1.2159e-008	7545.47	13866.1	13259.2
13751.5	9698.58	69	1.#QNAN	0	0.016	0	1.26425e-008	7420.21	13751.5	13149
13643.7	9617.29	70	1.#QNAN	0	0.016	0	1.25862e-008	7665.95	13643.7	13045.8
13533.9	9534.98	71	1.#QNAN	0	0	0	1.32903e-008	7345.17	13533.9	12940.5
13427.7	9455.47	72	1.#QNAN	0	0.015	0	1.41859e-008	7337.7	13427.7	12838.8
13324.4	9377.55	73	1.#QNAN	0	0	0	1.39649e-008	7278.75	13324.4	12740
13223.9	9301.88	74	1.#QNAN	0	0.016	0	1.4705e-008	7190.24	13223.9	12643.9
13125.3	9228.78	75	1.#QNAN	0	0	0	1.53326e-008	7252.97	13125.3	12549.9
13028.7	9157.1	76	1.#QNAN	0	0.015	0	1.53486e-008	7124.27	13028.7	12457.7
12932.6	9085.47	77	1.#QNAN	0	0	0	1.61953e-008	6956.81	12932.6	12365.9
12838.1	9014.8	78	1.#QNAN	0	0.016	0	1.72763e-008	6919.34	12838.1	12275.7
12744.7	8945.69	79	1.#QNAN	0	0.016	0	1.79113e-008	6764.92	12744.7	12186.5
12653.6	8878.61	80	1.#QNAN	0	0	0	1.86591e-008	6702.89	12653.6	12099.5
12561.9	8811.62	81	1.#QNAN	0	0.015	0	1.84705e-008	6532.51	12561.9	12011.8
12472.3	8746.18	82	1.#QNAN	0	0	0	2.01729e-008	6556.89	12472.3	11926.3
12384.5	8681.92	83	1.#QNAN	0	0.016	1	2.0485e-008	6536.25	12384.5	11842.6
12298.3	8618.58	84	1.#QNAN	0	0	0	2.11875e-008	6483.95	12298.3	11760.4
12213.4	8556.47	85	1.#QNAN	0	0.015	0	2.16188e-008	6417.35	12213.4	11679.5
12128.4	8494.84	86	1.#QNAN	0	0.016	0	2.25451e-008	6251.39	12128.4	11598.5
12045.7	8434.91	87	1.#QNAN	0	0	0	2.3586e-008	6271.15	12045.7	11519.7
11965	8376.3	88	1.#QNAN	0	0.016	0	2.3878e-008	6263.08	11965	11442.9
11884.7	8318.42	89	1.#QNAN	0	0	0	2.33482e-008	6166.06	11884.7	11366.4
11805.1	8260.42	90	1.#QNAN	0	0.015	0	2.59288e-008	6075.57	11805.1	11290.5
11726.5	8204.13	91	1.#QNAN	0	0.016	0	2.5666e-008	6079.31	11726.5	11215.7
11650.2	8148.84	92	1.#QNAN	0	0	0	2.68876e-008	6003.49	11650.2	11143
11573.7	8093.88	93	1.#QNAN	0	0.015	0	2.72396e-008	5899.58	11573.7	11070.1
11498.2	8039.92	94	1.#QNAN	0	0	0	2.84493e-008	5817.84	11498.2	10998.1
11423.9	7986.67	95	1.#QNAN	0	0.016	0	2.9001e-008	5779.49	11423.9	10927.3
11350.9	7934.44	96	1.#QNAN	0	0.016	0	2.70114e-008	5805.58	11350.9	10857.8
11279	7882.65	97	1.#QNAN	0	0	0	3.01172e-008	5821.46	11279	10789.3
11207.5	7831.58	98	1.#QNAN	0	0.015	0	3.03657e-008	5658.71	11207.5	10721.2
11138	7782.09	99	1.#QNAN	0	0	0	3.15033e-008	5655.71	11138	10655.1
11068.9	7732.86	100	1.#QNAN	0	0.016	0	3.13668e-008	5613	11068.9	10589.4
11000.4	7684.08	101	1.#QNAN	0	0	0	3.28078e-008	5485.56	11000.4	10524.3
10933.8	7636.89	102	1.#QNAN	0	0.015	0	3.47716e-008	5460.19	10933.8	10460.9
10867.7	7590.12	103	1.#QNAN	0	0	0	3.49878e-008	5545.67	10867.7	10398.1
10803.2	7544.37	104	1.#QNAN	0	0.016	0	3.59796e-008	5555.83	10803.2	10336.7
10738.7	7498.84	105	1.#QNAN	0	0.016	0	3.58537e-008	5316.71	10738.7	10275.3
10674.6	7453.56	106	1.#QNAN	0	0	0	3.81717e-008	5276.99	10674.6	10214.3
10611.6	7408.99	107	1.#QNAN	0	0.015	0	3.87569e-008	5266.33	10611.6	10154.3
10549.9	7365.59	108	1.#QNAN	0	0	0	4.07632e-008	5259.47	10549.9	10095.7
10488.9	7322.73	109	1.#QNAN	0	0.016	0	4.23275e-008	5182.32	10488.9	10037.7
10428.9	7280.25	110	1.#QNAN	0	0	0	4.11568e-008	5232.14	10428.9	9980.73
10368.6	7237.67	111	1.#QNAN	0	0.015	0	4.21612e-008	5042.16	10368.6	9923.34
10309.1	7195.79	112	1.#QNAN	0	0.016	0	4.48642e-008	4965.04	10309.1	9866.65
10250.8	7154.33	113	1.#QNAN	0	0	0	4.5503e-008	4992.33	10250.8	9811.17
10193.2	7113.21	114	1.#QNAN	0	0.016	0	4.66828e-008	5027.38	10193.2	9756.46
10135.9	7072.64	115	1.#QNAN	0	0	0	4.76174e-008	4953.37	10135.9	9701.97
10079.8	7032.76	116	1.#QNAN	0	0.015	0	4.97073e-008	5094.09	10079.8	9648.71
10023.8	6993.01	117	1.#QNAN	0	0	0	4.94829e-008	5024.48	10023.8	9595.47
9968.17	6953.55	118	1.#QNAN	0	0.016	0	5.11583e-008	4874.41	9968.17	9542.68
9913.91	6915.25	119	1.#QNAN	0	0.015	0	5.13513e-008	5006.34	9913.91	9491.18
9859.76	6876.87	120	1.#QNAN	0	0	0	5.22354e-008	4817.77	9859.76	9439.77
9806.62	6839.2	121	1.#QNAN	0	0.016	0	5.41925e-008	4848.02	9806.62	9389.31
9754.19	6802.08	122	1.#QNAN	0	0	0	5.55076e-008	4765.16	9754.19	9339.55
9702.16	6765.34	123	1.#QNAN	0	0.016	0	5.71934e-008	4721.07	9702.16	9290.17
9651.6	6729.39	124	1.#QNAN	0	0.015	0	5.6196e-008	4852.77	9651.6	9242.22
9600.43	6693.41	125	1.#QNAN	0	0	0	5.76424e-008	4653.14	9600.43	9193.61
9550.16	6657.78	126	1.#QNAN	0	0.016	0	5.78358e-008	4639.88	9550.16	9145.87
9500.48	6622.62	127	1.#QNAN	0	0	0	5.96382e-008	4648.35	9500.48	9098.69
9451.31	6587.81	128	1.#QNAN	0	0.015	0	6.33007e-008	4589.21	9451.31	9052.01
9402.98	6554	129	1.#QNAN	0	0	0	6.04215e-008	4639.44	9402.98	9006.18
9355.53	6520.81	130	1.#QNAN	0	0.016	0	6.30328e-008	4551.99	9355.53	8961.2
9309.35	6488.43	131	1.#QNAN	0	0.016	0	6.43525e-008	4703.64	9309.35	8917.47
9262.59	6455.76	132	1.#QNAN	0	0	0	6.78575e-008	4450.29	9262.59	8873.1
9216.96	6423.9	133	1.#QNAN	0	0.015	0	6.75911e-008	4562.2	9216.96	8829.87
9171.54	6392.21	134	1.#QNAN	0	0	0	6.98616e-008	4458.31	9171.54	8786.82
9127.01	6361.01	135	1.#QNAN	0	0.016	0	6.99387e-008	4557.92	9127.01	8744.65
9082.8	6330.31	136	1.#QNAN	0	0	0	7.2687e-008	4442.31	9082.8	8702.76
9039.13	6299.76	137	1.#QNAN	0	0.015	0	7.42235e-008	4355.06	9039.13	8661.39
8995.74	6269.63	138	1.#QNAN	0	0	0	7.53837e-008	4406.84	8995.74	8620.27
8952.57	6239.68	139	1.#QNAN	0	0.016	0	7.8406e-008	4328.38	8952.57	8579.31
8909.99	6210.33	140	1.#QNAN	0	0.016	0	8.03026e-008	4439.26	8909.99	8538.92
8868.01	6181.39	141	1.#QNAN	0	0	0	7.92471e-008	4392.37	8868.01	8499.1
8825.83	6152.25	142	1.#QNAN	0	0.015	0	8.36247e-008	4183.97	8825.83	8459.04
8784.3	6123.66	143	1.#QNAN	0	0	0	8.20565e-008	4201.79	8784.3	8419.61
8743.18	6095.37	144	1.#QNAN	0	0.016	0	8.53963e-008	4155.12	8743.18	8380.56
8702.28	6067.18	145	1.#QNAN	0	0	0	8.31062e-008	4126.69	8702.28	8341.73
8661.95	6039.41	146	1.#QNAN	0	0.015	0	8.99597e-008	4106.01	8661.95	8303.43
8622.46	6012.11	147	1.#QNAN	0	0.016	0	9.00066e-008	4143.77	8622.46	8265.98
8583.99	5985.39	148	1.#QNAN	0	0	0	9.06472e-008	4332.04	8583.99	8229.57
8545.21	5958.57	149	1.#QNAN	0	0.016	0	9.38486e-008	4103.72	8545.21	8192.8
8507.1	5932.01	150	1.#QNAN	0	0	0	9.65176e-008	4164.03	8507.1	8156.68
8469.22	5905.65	151	1.#QNAN	0	0.015	0	9.21755e-008	4069.6	8469.22	8120.8
8432.04	5879.85	152	1.#QNAN	0	0	0	9.43649e-008	4147.89	8432.04	8085.57
8395.23	5854.33	153	1.#QNAN	0	0.016	0	1.01188e-007	4037.68	8395.23	8050.71
8359.28	5829.6	154	1.#QNAN	0	0.015	0	9.62393e-008	4155.81	8359.28	8016.67
8323	5804.71	155	1.#QNAN	0	0	0	1.00436e-007	3985.29	8323	7982.3
8287.58	5780.22	156	1.#QNAN	0	0.016	0	1.0608e-007	4096.95	8287.58	7948.76
8251.75	5755.37	157	1.#QNAN	0	0	0	1.03309e-007	3867.5	8251.75	7914.79
8216.35	5730.85	158	1.#QNAN	0	0.016	0	1.04839e-007	3868.05	8216.35	7881.24
8181.24	5706.58	159	1.#QNAN	0	0	0	1.06834e-007	3863.23	8181.24	7847.94
8147.05	5682.85	160	1.#QNAN	0	0.015	0	1.08799e-007	3967.74	8147.05	7815.56
8112.85	5659.1	161	1.#QNAN	0	0.016	0	1.10998e-007	3853.82	8112.85	7783.17
8078.39	5635.38	162	1.#QNAN	0	0	0	1.09887e-007	3707.64	8078.39	7750.46
8044.56	5612.02	163	1.#QNAN	0	0.015	0	1.10329e-007	3712.71	8044.56	7718.33
8011.24	5588.99	164	1.#QNAN	0	0	0	1.17898e-007	3827.47	8011.24	7686.71
7978	5566.02	165	1.#QNAN	0	0.016	0	1.14285e-007	3783.18	7978	7655.16
7944.76	5543.13	166	1.#QNAN	0	0	0	1.18619e-007	3576.8	7944.76	7623.54
7911.77	5520.33	167	1.#QNAN	0	0.016	0	1.19074e-007	3548.28	7911.77	7592.16
7879.24	5497.88	168	1.#QNAN	0	0.015	0	1.21401e-007	3587.08	7879.24	7561.25
7847.05	5475.68	169	1.#QNAN	0	0	0	1.26128e-007	3636.46	7847.05	7530.69
7815.39	5453.84	170	1.#QNAN	0	0.016	0	1.23849e-007	3662.73	7815.39	7500.66
7784.07	5432.15	171	1.#QNAN	0	0	0	1.26652e-007	3667.54	7784.07	7470.95
7753.27	5410.69	172	1.#QNAN	0	0.015	0	1.28417e-007	3709.98	7753.27	7441.76
7722.71	5389.54	173	1.#QNAN	0	0	0	1.32248e-007	3721.7	7722.71	7412.78
7692.7	5368.67	174	1.#QNAN	0	0.016	0	1.31702e-007	3831.71	7692.7	7384.35
7662.6	5347.87	175	1.#QNAN	0	0.016	0	1.38347e-007	3654.16	7662.6	7355.83
7632.87	5327.24	176	1.#QNAN	0	0	0	1.30663e-007	3728.49	7632.87	7327.68
7603.61	5306.92	177	1.#QNAN	0	0.015	0	1.37596e-007	3665.03	7603.61	7299.94
7574.06	5286.49	178	1.#QNAN	0	0	0	1.33389e-007	3517.07	7574.06	7271.9
7544.94	5266.41	179	1.#QNAN	0	0.016	0	1.41152e-007	3624.48	7544.94	7244.27
7515.88	5246.32	180	1.#QNAN	0	0	0	1.42039e-007	3493.8	7515.88	7216.69
7486.98	5226.38	181	1.#QNAN	0	0.015	0	1.49236e-007	3492.28	7486.98	7189.28
7458.66	5206.79	182	1.#QNAN	0	0.016	0	1.53365e-007	3530.85	7458.66	7162.45
7430.47	5187.29	183	1.#QNAN	0	0	0	1.55383e-007	3505.13	7430.47	7135.74
7402.77	5168.12	184	1.#QNAN	0	0.016	0	1.50349e-007	3632.97	7402.77	7109.5
7374.96	5148.89	185	1.#QNAN	0	0	0	1.53411e-007	3410.34	7374.96	7083.12
7347.79	5130.12	186	1.#QNAN	0	0.015	0	1.60635e-007	3526.65	7347.79	7057.37
7320.88	5111.61	187	1.#QNAN	0	0	0	1.54915e-007	3586.41	7320.88	7031.9
7293.91	5092.94	188	1.#QNAN	0	0.016	0	1.62501e-007	3453.21	7293.91	7006.34
7267.35	5074.64	189	1.#QNAN	0	0.015	0	1.57003e-007	3404.6	7267.35	6981.15
7240.86	5056.36	190	1.#QNAN	0	0	0	1.62048e-007	3439.31	7240.86	6956.04
7214.85	5038.36	191	1.#QNAN	0	0.016	0	1.61286e-007	3458.54	7214.85	6931.41
7188.82	5020.18	192	1.#QNAN	0	0	0	1.59028e-007	3385.75	7188.82	6906.74
7162.88	5002.14	193	1.#QNAN	0	0.016	0	1.66581e-007	3367.24	7162.88	6882.14
7137.47	4984.39	194	1.#QNAN	0	0	0	1.65209e-007	3442.72	7137.47	6858.07
7112.57	4967.08	195	1.#QNAN	0	0.015	1	1.67034e-007	3632.47	7112.57	6834.5
7087.38	4949.63	196	1.#QNAN	0	0.016	0	1.69511e-007	3450.36	7087.38	6810.62
7062.7	4932.45	197	1.#QNAN	0	0	0	1.6801e-007	3539.36	7062.7	6787.24
7037.85	4915.27	198	1.#QNAN	0	0.015	0	1.70127e-007	3391.3	7037.85	6763.66
7013.18	4898.19	199	1.#QNAN	0	0	0	1.66424e-007	3362.68	7013.18	6740.27
6988.83	4881.27	200	1.#QNAN	0	0.016	0	1.771e-007	3407.27	6988.83	6717.19
6964.84	4864.6	201	1.#QNAN	0	0	0	1.79166e-007	3413.52	6964.84	6694.46
6941.19	4848.15	202	1.#QNAN	0	0.016	0	1.78904e-007	3530.56	6941.19	6672.07
6917.59	4831.71	203	1.#QNAN	0	0.015	0	1.86543e-007	3385.22	6917.59	6649.72
6894.13	4815.56	204	1.#QNAN	0	0	0	1.8526e-007	3374.23	6894.13	6627.48
6870.92	4799.5	205	1.#QNAN	0	0.016	0	1.88447e-007	3460.25	6870.92	6605.5
6847.82	4783.56	206	1.#QNAN	0	0	0	1.82474e-007	3353.1	6847.82	6583.59
6825.04	4767.77	207	1.#QNAN	0	0.015	0	1.86471e-007	3301.49	6825.04	6562.01
6802.27	4752.02	208	1.#QNAN	0	0	0	1.92491e-007	3319	6802.27	6540.44
6779.9	4736.49	209	1.#QNAN	0	0.016	0	1.93085e-007	3359.65	6779.9	6519.25
6757.47	4720.88	210	1.#QNAN	0	0	0	1.89053e-007	3260.35	6757.47	6498.02
6735.58	4705.7	211	1.#QNAN	0	0.016	0	1.93053e-007	3369.93	6735.58	6477.29
6713.52	4690.49	212	1.#QNAN	0	0.015	0	1.93742e-007	3214.99	6713.52	6456.38
6691.73	4675.42	213	1.#QNAN	0	0	0	1.96415e-007	3270.07	6691.73	6435.73
6670.37	4660.57	214	1.#QNAN	0	0.016	0	1.99305e-007	3373.02	6670.37	6415.51
6649.25	4645.78	215	1.#QNAN	0	0.015	0	1.99942e-007	3360.24	6649.25	6395.53
6627.94	4630.98	216	1.#QNAN	0	0	0	2.01058e-007	3229.32	6627.94	6375.36
6606.99	4616.44	217	1.#QNAN	0	0.016	0	2.1181e-007	3271.56	6606.99	6355.53
6586.2	4602.01	218	1.#QNAN	0	0	0	2.02577e-007	3281.6	6586.2	6335.84
6565.67	4587.69	219	1.#QNAN	0	0.016	0	2.04654e-007	3308.19	6565.67	6316.41
6544.95	4573.26	220	1.#QNAN	0	0	0	2.04678e-007	3102.2	6544.95	6296.76
6524.52	4558.99	221	1.#QNAN	0	0.015	0	2.00224e-007	3199.99	6524.52	6277.41
6504.19	4544.7	222	1.#QNAN	0	0.016	0	2.02974e-007	3172.21	6504.19	6258.18
6484.45	4530.82	223	1.#QNAN	0	0	0	2.04486e-007	3333.75	6484.45	6239.53
6464.39	4516.72	224	1.#QNAN	0	0.015	0	2.09974e-007	3126.52	6464.39	6220.53
6444.1	4502.55	225	1.#QNAN	0	0	0	2.07789e-007	3027.72	6444.1	6201.28
6424.16	4488.55	226	1.#QNAN	0	0.016	0	2.09954e-007	3056.76	6424.16	6182.39
6404.31	4474.68	227	1.#QNAN	0	0	0	2.22416e-007	3044.18	6404.31	6163.57
6384.88	4461.03	228	1.#QNAN	0	0.016	0	2.19407e-007	3256.61	6384.88	6145.18
6365.44	4447.45	229	1.#QNAN	0	0.015	0	2.19512e-007	3070.55	6365.44	6126.76
6346.31	4434.06	230	1.#QNAN	0	0	0	2.18421e-007	3229.29	6346.31	6108.65
6327.16	4420.65	231	1.#QNAN	0	0.016	0	2.22723e-007	3123.49	6327.16	6090.53
6308.1	4407.35	232	1.#QNAN	0	0	0	2.3063e-007	3039.37	6308.1	6072.49
6289.1	4394.07	233	1.#QNAN	0	0.015	0	2.3346e-007	3044.07	6289.1	6054.49
6270.42	4381.04	234	1.#QNAN	0	0	0	2.3624e-007	3065.93	6270.42	6036.8
6252.14	4368.23	235	1.#QNAN	0	0.016	0	2.37064e-007	3206.41	6252.14	6019.52
6233.64	4355.36	236	1.#QNAN	0	0.016	0	2.22507e-007	3018.29	6233.64	6002
6215.34	4342.64	237	1.#QNAN	0	0	0	2.25669e-007	2963.23	6215.34	5984.65
6197.12	4330.02	238	1.#QNAN	0	0.015	0	2.23857e-007	2968.72	6197.12	5967.38
6179.19	4317.55	239	1.#QNAN	0	0	0	2.29747e-007	2991.62	6179.19	5950.38
6161.36	4305.2	240	1.#QNAN	0	0.016	0	2.26569e-007	3114.91	6161.36	5933.49
6143.32	4292.72	241	1.#QNAN	0	0	0	2.42734e-007	2897.99	6143.32	5916.37
6125.51	4280.42	242	1.#QNAN	0	0.015	0	2.37061e-007	3035.99	6125.51	5899.47
6107.57	4268.04	243	1.#QNAN	0	0.016	0	2.34439e-007	2842.49	6107.57	5882.43
6089.67	4255.73	244	1.#QNAN	0	0	0	2.37177e-007	2812.89	6089.67	5865.42
6071.97	4243.5	245	1.#QNAN	0	0.016	0	2.38985e-007	2822.87	6071.97	5848.6
6054.27	4231.32	246	1.#QNAN	0	0	0	2.39271e-007	2786.64	6054.27	5831.77
6036.83	4219.27	247	1.#QNAN	0	0.015	0	2.38118e-007	2784.41	6036.83	5815.2
6019.92	4207.49	248	1.#QNAN	0	0	0	2.3785e-007	3027.95	6019.92	5799.15
6002.88	4195.75	249	1.#QNAN	0	0.016	0	2.42005e-007	2862	6002.88	5782.95
5985.61	4183.91	250	1.#QNAN	0	0	0	2.3905e-007	2720.67	5985.61	5766.52
5968.79	4172.38	251	1.#QNAN	0	0	0	2.48641e-007	2822.62	5968.79	5750.52
5952.05	4160.96	252	1.#QNAN	0	0.016	0	2.44879e-007	2800.6	5952.05	5734.61
5935.55	4149.68	253	1.#QNAN	0	0	0	2.4251e-007	2969.45	5935.55	5718.92
5918.94	4138.37	254	1.#QNAN	0	0.016	0	2.39113e-007	2742.67	5918.94	5703.12
5902.58	4127.17	255	1.#QNAN	0	0	0	2.43743e-007	2817.59	5902.58	5687.55
5886.21	4115.98	256	1.#QNAN	0	0.015	0	2.43614e-007	2737.47	5886.21	5671.98
5869.87	4104.8	257	1.#QNAN	0	0	0	2.47229e-007	2721.47	5869.87	5656.44
5853.64	4093.71	258	1.#QNAN	0	0.016	0	2.50783e-007	2716.33	5853.64	5641.01
5837.48	4082.68	259	1.#QNAN	0	0.015	0	2.52671e-007	2725.5	5837.48	5625.63
5821.47	4071.73	260	1.#QNAN	0	0	0	2.44725e-007	2714.62	5821.47	5610.41
5805.6	4060.87	261	1.#QNAN	0	0.016	0	2.50136e-007	2734.54	5805.6	5595.32
5790.22	4050.29	262	1.#QNAN	0	0	0	2.53047e-007	2936.63	5790.22	5580.73
5774.77	4039.69	263	1.#QNAN	0	0.016	0	2.51146e-007	2787.5	5774.77	5566.06
5759.53	4029.24	264	1.#QNAN	0	0	0	2.5972e-007	2973.79	5759.53	5551.59
5744.39	4018.95	265	1.#QNAN	0	0.015	0	2.56169e-007	2893.64	5744.39	5537.23
5729.31	4008.6	266	1.#QNAN	0	0.016	0	2.54347e-007	2801.95	5729.31	5522.92
5714.11	3998.27	267	1.#QNAN	0	0	0	2.45805e-007	2800.97	5714.11	5508.48
5699.35	3988.19	268	1.#QNAN	0	0.015	0	2.48529e-007	2878.86	5699.35	5494.48
5684.34	3978.01	269	1.#QNAN	0	0	0	2.59969e-007	2793.72	5684.34	5480.22
5669.52	3967.91	270	1.#QNAN	0	0.016	0	2.6004e-007	2828.15	5669.52	5466.16
5655.06	3957.97	271	1.#QNAN	0	0	0	2.61893e-007	2929.16	5655.06	5452.45
5640.21	3947.91	272	1.#QNAN	0	0.016	0	2.66548e-007	2737.24	5640.21	5438.33
5625.66	3937.96	273	1.#QNAN	0	0.015	0	2.51846e-007	2732.74	5625.66	5424.53
5611.29	3928.15	274	1.#QNAN	0	0	0	2.61974e-007	2802.29	5611.29	5410.89
5596.96	3918.38	275	1.#QNAN	0	0.016	0	2.66152e-007	2833.37	5596.96	5397.3
5582.93	3908.81	276	1.#QNAN	0	0	0	2.63933e-007	2913.18	5582.93	5384
5568.82	3899.26	277	1.#QNAN	0	0.015	0	2.59906e-007	2774.73	5568.82	5370.61
5554.97	3889.86	278	1.#QNAN	0	0	0	2.71813e-007	2789.21	5554.97	5357.46
5541.16	3880.49	279	1.#QNAN	0	0.016	0	2.66478e-007	2764.62	5541.16	5344.36
5527.35	3871.12	280	1.#QNAN	0	0.016	0	2.67282e-007	2711.71	5527.35	5331.25
5513.79	3861.85	281	1.#QNAN	0	0	0	2.65127e-007	2864.96	5513.79	5318.38
5499.93	3852.48	282	1.#QNAN	0	0.015	0	2.62975e-007	2665.29	5499.93	5305.2
5486	3843.09	283	1.#QNAN	0	0	0	2.70356e-007	2594.26	5486	5291.95
5472.48	3833.87	284	1.#QNAN	0	0.016	0	2.71665e-007	2703.87	5472.48	5279.12
5458.75	3824.55	285	1.#QNAN	0	0	0	2.76989e-007	2626.8	5458.75	5266.06
5445.5	3815.52	286	1.#QNAN	0	0.015	0	2.70779e-007	2853.93	5445.5	5253.5
5432.09	3806.42	287	1.#QNAN	0	0.016	0	2.75668e-007	2660.19	5432.09	5240.75
5418.79	3797.36	288	1.#QNAN	0	0	0	2.66897e-007	2667.1	5418.79	5228.12
5405.74	3788.43	289	1.#QNAN	0	0.016	0	2.76912e-007	2762.26	5405.74	5215.76
5392.85	3779.59	290	1.#QNAN	0	0	0	2.82662e-007	2882.83	5392.85	5203.54
5380.14	3770.86	291	1.#QNAN	0	0.015	0	2.83887e-007	2935.59	5380.14	5191.5
5367.64	3762.21	292	1.#QNAN	0	0	0	2.7106e-007	3003.89	5367.64	5179.68
5354.78	3753.42	293	1.#QNAN	0	0.016	0	2.7002e-007	2659.47	5354.78	5167.48
5342.28	3744.83	294	1.#QNAN	0	0.015	0	2.78059e-007	2891.17	5342.28	5155.64
5329.55	3736.11	295	1.#QNAN	0	0	0	2.73706e-007	2710.99	5329.55	5143.57
5316.92	3727.47	296	1.#QNAN	0	0.016	0	2.95545e-007	2661.84	5316.92	5131.58
5304.37	3718.82	297	1.#QNAN	0	0	0	2.70912e-007	2671.21	5304.37	5119.68
5292	3710.29	298	1.#QNAN	0	0.016	0	2.7852e-007	2733.58	5292	5107.96
5279.62	3701.78	299	1.#QNAN	0	0	0	2.8348e-007	2715.52	5279.62	5096.22
5267.34	3693.32	300	1.#QNAN	0	0.015	0	2.79843e-007	2739.49	5267.34	5084.58
5255.22	3684.95	301	1.#QNAN	0	0.016	0	2.80578e-007	2803.09	5255.22	5073.1
5243.33	3676.71	302	1.#QNAN	0	0	0	2.89972e-007	2814.51	5243.33	5061.84
5231.33	3668.47	303	1.#QNAN	0	0.015	0	2.86852e-007	2752.96	5231.33	5050.47
5219.47	3660.29	304	1.#QNAN	0	0	0	2.93919e-007	2715.54	5219.47	5039.24
5207.64	3652.16	305	1.#QNAN	0	0.016	0	2.78945e-007	2669.6	5207.64	5028.02
5195.93	3644.11	306	1.#QNAN	0	0	0	2.83772e-007	2700.16	5195.93	5016.92
5184.44	3636.16	307	1.#QNAN	0	0.016	1	2.87814e-007	2816.09	5184.44	5006.04
5172.65	3628.12	308	1.#QNAN	0	0.015	0	2.84452e-007	2678.63	5172.65	4994.86
5160.97	3620.15	309	1.#QNAN	0	0	0	2.89539e-007	2695.16	5160.97	4983.78
5149.34	3612.21	310	1.#QNAN	0	0.016	0	2.94209e-007	2670.29	5149.34	4972.75
5138.07	3604.42	311	1.#QNAN	0	0	0	2.80153e-007	2843.49	5138.07	4962.08
5127.01	3596.79	312	1.#QNAN	0	0.015	0	2.98679e-007	2921.58	5127.01	4951.63
5115.82	3589.06	313	1.#QNAN	0	0	0	2.80643e-007	2649.74	5115.82	4941.03
5104.44	3581.27	314	1.#QNAN	0	0.016	0	2.81656e-007	2582.12	5104.44	4930.22
5093.15	3573.53	315	1.#QNAN	0	0.016	0	2.80754e-007	2538.04	5093.15	4919.51
5081.99	3565.87	316	1.#QNAN	0	0	0	2.88604e-007	2578.14	5081.99	4908.93
5070.96	3558.31	317	1.#QNAN	0	0.015	0	2.8494e-007	2564.62	5070.96	4898.48
5059.78	3550.73	318	1.#QNAN	0	0	0	2.94684e-007	2563.52	5059.78	4887.87
5048.73	3543.2	319	1.#QNAN	0	0.016	0	2.95076e-007	2553.09	5048.73	4877.38
5038	3535.81	320	1.#QNAN	0	0	0	2.85456e-007	2769.32	5038	4867.22
5027.14	3528.36	321	1.#QNAN	0	0.015	0	3.0018e-007	2587.44	5027.14	4856.92
5016.27	3520.89	322	1.#QNAN	0	0.016	0	2.94502e-007	2560.62	5016.27	4846.62
5005.45	3513.49	323	1.#QNAN	0	0	0	2.92168e-007	2549.22	5005.45	4836.37
4994.96	3506.22	324	1.#QNAN	0	0.016	0	2.87123e-007	2782.74	4994.96	4826.44
4984.41	3499.02	325	1.#QNAN	0	0	0	2.8728e-007	2564.75	4984.41	4816.44
4974.06	3491.87	326	1.#QNAN	0	0.015	0	3.03488e-007	2637.06	4974.06	4806.65
4963.82	3484.75	327	1.#QNAN	0	0.016	0	2.95323e-007	2795.19	4963.82	4796.96
4953.74	3477.75	328	1.#QNAN	0	0	0	2.89842e-007	2821.52	4953.74	4787.44
4943.54	3470.67	329	1.#QNAN	0	0.015	0	2.91613e-007	2622.74	4943.54	4777.8
4933.32	3463.59	330	1.#QNAN	0	0	0	2.87331e-007	2622.88	4933.32	4768.15
4923.27	3456.6	331	1.#QNAN	0	0.016	0	2.97084e-007	2647.98	4923.27	4758.64
4913.12	3449.58	332	1.#QNAN	0	0	0	2.96614e-007	2612.14	4913.12	4749.04
4903.24	3442.71	333	1.#QNAN	0	0.016	0	3.04236e-007	2773.43	4903.24	4739.7
4893.48	3435.9	334	1.#QNAN	0	0.015	0	3.0113e-007	2827.5	4893.48	4730.47
4883.72	3429.12	335	1.#QNAN	0	0	0	3.04838e-007	2793.43	4883.72	4721.25
4874	3422.36	336	1.#QNAN	0	0.016	0	2.99664e-007	2639.63	4874	4712.07
4864.44	3415.66	337	1.#QNAN	0	0	0	3.06381e-007	2802.25	4864.44	4703.03
4854.64	3408.9	338	1.#QNAN	0	0.015	0	3.01585e-007	2625.85	4854.64	4693.75
4845	3402.17	339	1.#QNAN	0	0	0	3.02713e-007	2655.43	4845	4684.64
4835.67	3395.63	340	1.#QNAN	0	0.016	0	3.0005e-007	2871.55	4835.67	4675.84
4826.11	3389.04	341	1.#QNAN	0	0.016	0	2.91624e-007	2661.52	4826.11	4666.8
4816.58	3382.47	342	1.#QNAN	0	0	0	3.03905e-007	2636.14	4816.58	4657.78
4807.12	3375.9	343	1.#QNAN	0	0.015	0	2.95485e-007	2632.89	4807.12	4648.83
4797.6	3369.32	344	1.#QNAN	0	0	0	3.10948e-007	2581.68	4797.6	4639.82
4788.28	3362.83	345	1.#QNAN	0	0.016	0	2.93157e-007	2610.53	4788.28	4631.01
4779.3	3356.53	346	1.#QNAN	0	0	0	3.01926e-007	2863.24	4779.3	4622.54
4770.27	3350.19	347	1.#QNAN	0	0.015	0	3.05881e-007	2720.82	4770.27	4614.01
4761.35	3343.87	348	1.#QNAN	0	0.016	0	2.95313e-007	2850.67	4761.35	4605.61
4752.41	3337.54	349	1.#QNAN	0	0	0	3.03572e-007	2841.93	4752.41	4597.17
4743.14	3331.08	350	1.#QNAN	0	0.016	0	2.90831e-007	2567.33	4743.14	4588.39
4734.34	3324.87	351	1.#QNAN	0	0	0	3.07868e-007	2789.01	4734.34	4580.09
4725.64	3318.68	352	1.#QNAN	0	0.015	0	3.10796e-007	2815.17	4725.64	4571.89
4716.74	3312.39	353	1.#QNAN	0	0	0	3.12505e-007	2593.95	4716.74	4563.48
4707.85	3306.13	354	1.#QNAN	0	0.016	0	3.08762e-007	2591.05	4707.85	4555.08
4699.09	3299.95	355	1.#QNAN	0	0.015	0	2.95306e-007	2599.53	4699.09	4546.81
4690.55	3293.91	356	1.#QNAN	0	0	0	3.00881e-007	2763.59	4690.55	4538.76
4681.85	3287.79	357	1.#QNAN	0	0.016	0	3.0953e-007	2562.89	4681.85	4530.54
4673.25	3281.74	358	1.#QNAN	0	0	0	3.04947e-007	2580.97	4673.25	4522.44
4664.64	3275.72	359	1.#QNAN	0	0.016	0	3.09128e-007	2546.35	4664.64	4514.29
4656.34	3269.81	360	1.#QNAN	0	0	0	3.13628e-007	2775.22	4656.34	4506.47
4648.12	3263.95	361	1.#QNAN	0	0.015	0	3.1648e-007	2733.8	4648.12	4498.73
4639.87	3258.06	362	1.#QNAN	0	0.016	0	3.23159e-007	2749.02	4639.87	4490.96
4631.42	3252.11	363	1.#QNAN	0	0	0	3.13518e-007	2522.29	4631.42	4482.98
4623.17	3246.24	364	1.#QNAN	0	0.015	0	3.14145e-007	2700.26	4623.17	4475.19
4614.92	3240.44	365	1.#QNAN	0	0	0	3.0331e-007	2710.07	4614.92	4467.41
4606.49	3234.53	366	1.#QNAN	0	0.016	0	3.07932e-007	2485.76	4606.49	4459.44
4598.4	3228.8	367	1.#QNAN	0	0	0	3.14819e-007	2717.74	4598.4	4451.82
4590.39	3223.12	368	1.#QNAN	0	0.016	0	3.12073e-007	2751.12	4590.39	4444.25
4582.35	3217.43	369	1.#QNAN	0	0.015	0	3.098e-007	2720.56	4582.35	4436.67
4574.26	3211.76	370	1.#QNAN	0	0	0	3.16408e-007	2529.54	4574.26	4429.03
4566.17	3206.08	371	1.#QNAN	0	0.016	0	3.18205e-007	2527.97	4566.17	4421.39
4558.42	3200.58	372	1.#QNAN	0	0	0	3.26857e-007	2804.7	4558.42	4414.09
4550.57	3195.02	373	1.#QNAN	0	0.015	0	3.11781e-007	2671.33	4550.57	4406.68
4542.64	3189.39	374	1.#QNAN	0	0.016	0	3.10789e-007	2608.18	4542.64	4399.2
4534.59	3183.74	375	1.#QNAN	0	0	0	3.09223e-007	2493.87	4534.59	4391.59
4526.72	3178.18	376	1.#QNAN	0	0.016	0	3.1914e-007	2564.15	4526.72	4384.15
4518.91	3172.66	377	1.#QNAN	0	0	0	3.11154e-007	2549.45	4518.91	4376.78
4511.39	3167.26	378	1.#QNAN	0	0.015	0	3.11246e-007	2745.9	4511.39	4369.69
4503.89	3161.92	379	1.#QNAN	0	0	0	3.04686e-007	2824.75	4503.89	4362.63
4496.26	3156.52	380	1.#QNAN	0	0.016	0	3.26495e-007	2570.91	4496.26	4355.44
4488.45	3151.02	381	1.#QNAN	0	0.015	0	3.19158e-007	2524.27	4488.45	4348.06
4480.97	3145.66	382	1.#QNAN	0	0	0	3.22668e-007	2747.96	4480.97	4341.01
4473.59	3140.38	383	1.#QNAN	0	0.016	0	3.15181e-007	2782.7	4473.59	4334.07
4466.06	3135.08	384	1.#QNAN	0	0	0	3.16568e-007	2570.69	4466.06	4326.95
4458.55	3129.75	385	1.#QNAN	0	0.016	0	3.20992e-007	2606.93	4458.55	4319.87
4451.07	3124.47	386	1.#QNAN	0	0	0	3.19587e-007	2567.91	4451.07	4312.8
4443.57	3119.2	387	1.#QNAN	0	0.015	0	3.25362e-007	2522.65	4443.57	4305.71
4436.12	3113.96	388	1.#QNAN	0	0	0	3.25451e-007	2512.64	4436.12	4298.67
4428.86	3108.8	389	1.#QNAN	0	0	0	3.19399e-007	2567.19	4428.86	4291.82
4421.5	3103.62	390	1.#QNAN	0	0.015	0	3.20892e-007	2554.77	4421.5	4284.87
4414.35	3098.56	391	1.#QNAN	0	0	0	3.25223e-007	2611.87	4414.35	4278.13
4407.3	3093.56	392	1.#QNAN	0	0.016	0	3.33383e-007	2669.34	4407.3	4271.49
4400.12	3088.48	393	1.#QNAN	0	0	0	3.26884e-007	2628.72	4400.12	4264.72
4392.95	3083.42	394	1.#QNAN	0	0.016	0	3.34849e-007	2630.51	4392.95	4257.95
4385.84	3078.43	395	1.#QNAN	0	0	0	3.27004e-007	2606.97	4385.84	4251.22
4378.88	3073.44	396	1.#QNAN	0	0.015	0	3.26064e-007	2748.71	4378.88	4244.66
4371.89	3068.46	397	1.#QNAN	0	0.016	0	3.19097e-007	2634.08	4371.89	4238.06
4364.87	3063.45	398	1.#QNAN	0	0	0	3.20815e-007	2628.1	4364.87	4231.44
4357.88	3058.44	399	1.#QNAN	0	0.015	0	3.3276e-007	2639.27	4357.88	4224.84
4351.01	3053.54	400	1.#QNAN	0	0	0	3.28826e-007	2622.89	4351.01	4218.37
4344	3048.56	401	1.#QNAN	0	0.016	0	3.31483e-007	2520.85	4344	4211.75
4337.33	3043.71	402	1.#QNAN	0	0.016	0	3.22797e-007	2724.36	4337.33	4205.47
4330.37	3038.76	403	1.#QNAN	0	0	0	3.18829e-007	2490.39	4330.37	4198.89
4323.53	3033.89	404	1.#QNAN	0	0.015	0	3.20498e-007	2520.07	4323.53	4192.44
4316.8	3029.1	405	1.#QNAN	0	0	0	3.21923e-007	2560.16	4316.8	4186.09
4310.05	3024.31	406	1.#QNAN	0	0.016	0	3.25067e-007	2576.16	4310.05	4179.71
4303.34	3019.53	407	1.#QNAN	0	0	0	3.34294e-007	2552.55	4303.34	4173.38
4296.8	3014.79	408	1.#QNAN	0	0.015	0	3.25318e-007	2851.96	4296.8	4167.21
4290.27	3010.08	409	1.#QNAN	0	0.016	0	3.43151e-007	2777.87	4290.27	4161.05
4283.83	3005.41	410	1.#QNAN	0	0	0	3.35516e-007	2835.28	4283.83	4154.99
4277.46	3000.83	411	1.#QNAN	0	0.016	0	3.34658e-007	2847.54	4277.46	4148.99
4271.01	2996.18	412	1.#QNAN	0	0	0	3.36814e-007	2796.19	4271.01	4142.91
4264.65	2991.53	413	1.#QNAN	0	0.015	0	3.21821e-007	2891.42	4264.65	4136.93
4258.43	2986.99	414	1.#QNAN	0	0	0	3.31016e-007	2978.26	4258.43	4131.08
4251.95	2982.34	415	1.#QNAN	0	0.016	0	3.38835e-007	2740.16	4251.95	4124.97
4245.44	2977.67	416	1.#QNAN	0	0.015	0	3.31586e-007	2734.85	4245.44	4118.82
4239.08	2973.05	417	1.#QNAN	0	0	0	3.35666e-007	2792.6	4239.08	4112.83
4232.78	2968.47	418	1.#QNAN	0	0.016	0	3.31244e-007	2900.52	4232.78	4106.89
4226.51	2963.9	419	1.#QNAN	0	0	0	3.36394e-007	2783.93	4226.51	4100.99
4220.16	2959.32	420	1.#QNAN	0	0.016	1	3.38678e-007	2656.74	4220.16	4095
4213.8	2954.78	421	1.#QNAN	0	0	0	3.33989e-007	2619.89	4213.8	4089
4207.51	2950.26	422	1.#QNAN	0	0.015	0	3.42852e-007	2669.63	4207.51	4083.07
4201.22	2945.73	423	1.#QNAN	0	0.016	0	3.35268e-007	2619.16	4201.22	4077.13
4195.19	2941.31	424	1.#QNAN	0	0	0	3.32246e-007	2879.21	4195.19	4071.45
4189.29	2936.93	425	1.#QNAN	0	0.015	0	3.43277e-007	2872.81	4189.29	4065.92
4183.25	2932.5	426	1.#QNAN	0	0	0	3.37457e-007	2719.6	4183.25	4060.24
4177.35	2928.14	427	1.#QNAN	0	0.016	0	3.54459e-007	2827.59	4177.35	4054.69
4171.26	2923.77	428	1.#QNAN	0	0	0	3.42557e-007	2609.24	4171.26	4048.96
4165.26	2919.48	429	1.#QNAN	0	0.016	0	3.42608e-007	2621.86	4165.26	4043.31
4159.26	2915.17	430	1.#QNAN	0	0.015	0	3.43616e-007	2556.4	4159.26	4037.66
4153.21	2910.85	431	1.#QNAN	0	0	0	3.5135e-007	2546.01	4153.21	4031.95
4147.1	2906.51	432	1.#QNAN	0	0.016	0	3.3643e-007	2469.31	4147.1	4026.18
4141.14	2902.27	433	1.#QNAN	0	0	0	3.40866e-007	2566.68	4141.14	4020.56
4135.28	2898.05	434	1.#QNAN	0	0.015	0	3.45492e-007	2696.44	4135.28	4015.04
4129.21	2893.76	435	1.#QNAN	0	0	0	3.48436e-007	2459.45	4129.21	4009.3
4123.31	2889.57	436	1.#QNAN	0	0.016	0	3.43619e-007	2507.8	4123.31	4003.73
4117.47	2885.35	437	1.#QNAN	0	0.016	0	3.43174e-007	2661.46	4117.47	3998.22
4111.68	2881.18	438	1.#QNAN	0	0	0	3.39172e-007	2540.22	4111.68	3992.77
4105.85	2877	439	1.#QNAN	0	0.015	0	3.47988e-007	2569.67	4105.85	3987.27
4099.95	2872.84	440	1.#QNAN	0	0	0	3.50417e-007	2453.04	4099.95	3981.7
4094.17	2868.69	441	1.#QNAN	0	0.016	0	3.40167e-007	2511.15	4094.17	3976.25
4088.4	2864.56	442	1.#QNAN	0	0	0	3.47978e-007	2508.5	4088.4	3970.81
4082.76	2860.43	443	1.#QNAN	0	0.015	0	3.43831e-007	2594.63	4082.76	3965.5
4077.08	2856.34	444	1.#QNAN	0	0	0	3.42156e-007	2530.89	4077.08	3960.14
4071.62	2852.3	445	1.#QNAN	0	0.016	0	3.37614e-007	2691.45	4071.62	3955.01
4066.14	2848.29	446	1.#QNAN	0	0.016	0	3.46448e-007	2663.03	4066.14	3949.87
4060.74	2844.28	447	1.#QNAN	0	0	0	3.43898e-007	2747.43	4060.74	3944.79
4055.43	2840.33	448	1.#QNAN	0	0.015	0	3.44121e-007	2802.64	4055.43	3939.81
4049.93	2836.33	449	1.#QNAN	0	0	0	3.48317e-007	2590.19	4049.93	3934.63
4044.44	2832.31	450	1.#QNAN	0	0.016	0	3.47055e-007	2651.9	4044.44	3929.46
4038.97	2828.35	451	1.#QNAN	0	0.015	0	3.39633e-007	2600.4	4038.97	3924.31
4033.53	2824.45	452	1.#QNAN	0	0	0	3.47347e-007	2573.32	4033.53	3919.18
4028.08	2820.5	453	1.#QNAN	0	0.016	0	3.50982e-007	2578.49	4028.08	3914.05
4022.94	2816.67	454	1.#QNAN	0	0	0	3.48454e-007	2859.77	4022.94	3909.23
4017.55	2812.77	455	1.#QNAN	0	0.016	0	3.5179e-007	2600.72	4017.55	3904.16
4012.24	2808.89	456	1.#QNAN	0	0	0	3.4854e-007	2671.71	4012.24	3899.16
4006.9	2805.02	457	1.#QNAN	0	0.015	0	3.62911e-007	2626	4006.9	3894.14
4001.5	2801.17	458	1.#QNAN	0	0.016	0	3.56281e-007	2506.08	4001.5	3889.04
3996.32	2797.39	459	1.#QNAN	0	0	0	3.50591e-007	2703.88	3996.32	3884.16
3990.88	2793.51	460	1.#QNAN	0	0.015	0	3.44283e-007	2482.02	3990.88	3879.02
3985.7	2789.75	461	1.#QNAN	0	0	0	3.61105e-007	2697.48	3985.7	3874.14
3980.36	2785.94	462	1.#QNAN	0	0.016	0	3.62897e-007	2487.8	3980.36	3869.09
3975.1	2782.16	463	1.#QNAN	0	0	0	3.56269e-007	2530.76	3975.1	3864.12
3969.76	2778.37	464	1.#QNAN	0	0.016	0	3.65696e-007	2505.46	3969.76	3859.08
3964.45	2774.58	465	1.#QNAN	0	0.015	0	3.62615e-007	2532.4	3964.45	3854.05
3959.38	2770.91	466	1.#QNAN	0	0	0	3.58658e-007	2721.32	3959.38	3849.27
3954.21	2767.22	467	1.#QNAN	0	0.016	0	3.4858e-007	2522.48	3954.21	3844.39
3949.04	2763.5	468	1.#QNAN	0	0	0	3.57242e-007	2526.74	3949.04	3839.51
3944	2759.86	469	1.#QNAN	0	0.015	0	3.5933e-007	2557.88	3944	3834.75
3938.74	2756.12	470	1.#QNAN	0	0	0	3.68902e-007	2454.45	3938.74	3829.78
3933.56	2752.41	471	1.#QNAN	0	0.016	0	3.50916e-007	2516.39	3933.56	3824.88
3928.51	2748.77	472	1.#QNAN	0	0.016	0	3.70672e-007	2580.4	3928.51	3820.1
3923.6	2745.17	473	1.#QNAN	0	0	0	3.62673e-007	2720.42	3923.6	3815.48
3918.48	2741.46	474	1.#QNAN	0	0.015	0	3.45149e-007	2466.76	3918.48	3810.65
3913.56	2737.84	475	1.#QNAN	0	0	0	3.47506e-007	2709.33	3913.56	3806
3908.64	2734.24	476	1.#QNAN	0	0.016	0	3.62884e-007	2692.52	3908.64	3801.36
3903.62	2730.6	477	1.#QNAN	0	0.015	0	3.55767e-007	2492.09	3903.62	3796.62
3898.76	2727.01	478	1.#QNAN	0	0	0	3.62407e-007	2588.59	3898.76	3792.05
3893.89	2723.43	479	1.#QNAN	0	0.016	0	3.61874e-007	2702.01	3893.89	3787.46
3889.09	2719.9	480	1.#QNAN	0	0	0	3.74859e-007	2707.32	3889.09	3782.93
3884.33	2716.41	481	1.#QNAN	0	0.016	0	3.82661e-007	2675.51	3884.33	3778.45
3879.37	2712.88	482	1.#QNAN	0	0	0	3.71834e-007	2447.43	3879.37	3773.77
3874.67	2709.43	483	1.#QNAN	0	0.015	0	3.85076e-007	2661.98	3874.67	3769.34
3869.74	2705.88	484	1.#QNAN	0	0.016	0	3.67883e-007	2436.69	3869.74	3764.68
3864.79	2702.35	485	1.#QNAN	0	0	0	3.52827e-007	2421.29	3864.79	3760
3859.92	2698.84	486	1.#QNAN	0	0.015	0	3.71244e-007	2433.78	3859.92	3755.39
3855.03	2695.34	487	1.#QNAN	0	0	0	3.79226e-007	2426.75	3855.03	3750.77
3850.35	2691.92	488	1.#QNAN	0	0.016	0	3.97552e-007	2641.31	3850.35	3746.35
3845.55	2688.49	489	1.#QNAN	0	0	0	3.8388e-007	2452.88	3845.55	3741.82
3840.83	2685.09	490	1.#QNAN	0	0.016	0	3.73842e-007	2509.21	3840.83	3737.36
3836.44	2681.82	491	1.#QNAN	0	0.015	0	3.7353e-007	2785.87	3836.44	3733.24
3831.87	2678.49	492	1.#QNAN	0	0	0	3.59309e-007	2515.98	3831.87	3728.93
3827.18	2675.13	493	1.#QNAN	0	0.016	0	3.66135e-007	2461.41	3827.18	3724.5
3822.76	2671.85	494	1.#QNAN	0	0	0	3.71085e-007	2671.09	3822.76	3720.34
3818.29	2668.57	495	1.#QNAN	0	0.015	0	3.79502e-007	2682.6	3818.29	3716.13
3813.99	2665.34	496	1.#QNAN	0	0	0	3.71992e-007	2737.17	3813.99	3712.1
3809.5	2662.09	497	1.#QNAN	0	0.016	0	3.76512e-007	2491.87	3809.5	3707.87
3804.96	2658.82	498	1.#QNAN	0	0	0	3.7766e-007	2498.8	3804.96	3703.59
3800.65	2655.61	499	1.#QNAN	0	0.016	0	3.75505e-007	2721.49	3800.65	3699.55
3796.22	2652.4	500	1.#QNAN	0	0.015	0	3.76871e-007	2539.83	3796.22	3695.37
3791.78	2649.15	501	1.#QNAN	0	0	0	3.80511e-007	2536.65	3791.78	3691.19
3787.52	2645.95	502	1.#QNAN	0	0.016	0	3.74517e-007	2703.76	3787.52	3687.19
3783.29	2642.79	503	1.#QNAN	0	0	0	3.54617e-007	2700.39	3783.29	3683.21
3779	2639.61	504	1.#QNAN	0	0.015	0	3.68372e-007	2570.37	3779	3679.17
3774.77	2636.48	505	1.#QNAN	0	0	0	3.60805e-007	2565.71	3774.77	3675.19
3770.58	2633.35	506	1.#QNAN	0	0.016	0	3.84519e-007	2657.46	3770.58	3671.26
3766.27	2630.2	507	1.#QNAN	0	0.016	0	3.66132e-007	2511.91	3766.27	3667.2
3762.16	2627.13	508	1.#QNAN	0	0	0	3.78156e-007	2741.01	3762.16	3663.34
3758.04	2624.02	509	1.#QNAN	0	0.015	0	3.59045e-007	2739.97	3758.04	3659.47
3753.9	2620.95	510	1.#QNAN	0	0	0	3.86706e-007	2711.15	3753.9	3655.57
3749.43	2617.76	511	1.#QNAN	0	0.016	0	3.73812e-007	2397.45	3749.43	3651.33
3745.18	2614.63	512	1.#QNAN	0	0	0	3.83615e-007	2608.34	3745.18	3647.33
3740.88	2611.49	513	1.#QNAN	0	0.015	0	3.70564e-007	2567.9	3740.88	3643.26
3736.68	2608.43	514	1.#QNAN	0	0	0	3.90296e-007	2503.06	3736.68	3639.3
3732.45	2605.34	515	1.#QNAN	0	0.016	0	3.81053e-007	2480.22	3732.45	3635.31
3728.36	2602.28	516	1.#QNAN	0	0.016	0	3.96691e-007	2554.28	3728.36	3631.46
3724.16	2599.23	517	1.#QNAN	0	0	0	3.875e-007	2427.53	3724.16	3627.49
3719.97	2596.19	518	1.#QNAN	0	0.015	0	3.85068e-007	2390.91	3719.97	3623.55
3715.91	2593.17	519	1.#QNAN	0	0	0	3.91856e-007	2611.61	3715.91	3619.72
3711.69	2590.12	520	1.#QNAN	0	0.016	0	3.71786e-007	2440.59	3711.69	3615.73
3707.41	2587.06	521	1.#QNAN	0	0	0	3.85097e-007	2376.38	3707.41	3611.68
3703.2	2584.03	522	1.#QNAN	0	0.015	0	3.66187e-007	2372.12	3703.2	3607.7
3699.14	2581.04	523	1.#QNAN	0	0.016	0	3.8475e-007	2508.47	3699.14	3603.87
3695.11	2578.07	524	1.#QNAN	0	0	0	3.71754e-007	2484.42	3695.11	3600.07
3691.03	2575.1	525	1.#QNAN	0	0.016	0	3.78726e-007	2421.1	3691.03	3596.23
3686.87	2572.13	526	1.#QNAN	0	0	0	3.67694e-007	2352.25	3686.87	3592.29
3682.75	2569.17	527	1.#QNAN	0	0.015	0	3.82352e-007	2356.9	3682.75	3588.4
3678.88	2566.3	528	1.#QNAN	0	0	0	3.78368e-007	2624.92	3678.88	3584.76
3674.86	2563.42	529	1.#QNAN	0	0.016	0	3.61947e-007	2401.99	3674.86	3580.97
3670.99	2560.56	530	1.#QNAN	0	0.015	0	3.73737e-007	2619.77	3670.99	3577.32
3667.11	2557.71	531	1.#QNAN	0	0	0	3.8413e-007	2509.55	3667.11	3573.66
3663.22	2554.87	532	1.#QNAN	0	0.016	1	3.7992e-007	2508.91	3663.22	3570
3659.28	2551.97	533	1.#QNAN	0	0	0	3.82658e-007	2439.33	3659.28	3566.28
3655.36	2549.13	534	1.#QNAN	0	0.016	0	3.74841e-007	2440.94	3655.36	3562.59
3651.4	2546.27	535	1.#QNAN	0	0	0	3.84017e-007	2447.92	3651.4	3558.86
3647.53	2543.44	536	1.#QNAN	0	0.015	0	3.78871e-007	2465.87	3647.53	3555.21
3643.63	2540.61	537	1.#QNAN	0	0.016	0	3.82566e-007	2441.8	3643.63	3551.53
3639.84	2537.8	538	1.#QNAN	0	0	0	3.85578e-007	2609.84	3639.84	3547.96
3635.87	2534.9	539	1.#QNAN	0	0.015	0	3.85021e-007	2402.17	3635.87	3544.22
3631.93	2532.04	540	1.#QNAN	0	0	0	3.89535e-007	2401.42	3631.93	3540.5
3628.25	2529.29	541	1.#QNAN	0	0.016	0	3.74327e-007	2621.98	3628.25	3537.04
3624.31	2526.46	542	1.#QNAN	0	0	0	3.89664e-007	2347.06	3624.31	3533.31
3620.5	2523.68	543	1.#QNAN	0	0.016	0	3.91425e-007	2539.67	3620.5	3529.72
3616.83	2520.93	544	1.#QNAN	0	0.015	0	3.87289e-007	2614.82	3616.83	3526.27
3613.08	2518.13	545	1.#QNAN	0	0	0	3.82522e-007	2498.69	3613.08	3522.74
3609.34	2515.34	546	1.#QNAN	0	0.016	0	3.87351e-007	2485.75	3609.34	3519.22
3605.6	2512.59	547	1.#QNAN	0	0	0	3.82612e-007	2426.54	3605.6	3515.69
3602.17	2509.93	548	1.#QNAN	0	0.015	0	3.91327e-007	2711.8	3602.17	3512.48
3598.54	2507.27	549	1.#QNAN	0	0.016	0	3.87035e-007	2471.23	3598.54	3509.07
3594.9	2504.54	550	1.#QNAN	0	0	0	3.8627e-007	2476.03	3594.9	3505.64
3591.36	2501.9	551	1.#QNAN	0	0.016	0	4.02254e-007	2527.31	3591.36	3502.32
3587.82	2499.26	552	1.#QNAN	0	0	0	3.81701e-007	2493.02	3587.82	3499
3584.4	2496.65	553	1.#QNAN	0	0.015	0	3.92556e-007	2620.61	3584.4	3495.79
3581.12	2494.08	554	1.#QNAN	0	0	0	3.98656e-007	2780.15	3581.12	3492.74
3577.76	2491.46	555	1.#QNAN	0	0.016	0	3.88092e-007	2737	3577.76	3489.59
3574.17	2488.84	556	1.#QNAN	0	0	0	3.92356e-007	2450.19	3574.17	3486.2
3570.57	2486.2	557	1.#QNAN	0	0.015	0	3.69729e-007	2464.91	3570.57	3482.81
3567.01	2483.59	558	1.#QNAN	0	0.016	0	3.77951e-007	2457.97	3567.01	3479.45
3563.44	2481	559	1.#QNAN	0	0	0	3.86613e-007	2433.86	3563.44	3476.09
3559.84	2478.41	560	1.#QNAN	0	0.016	0	3.84438e-007	2413.33	3559.84	3472.69
3556.37	2475.86	561	1.#QNAN	0	0	0	3.85114e-007	2512.88	3556.37	3469.43
3553.13	2473.39	562	1.#QNAN	0	0.015	0	3.9041e-007	2772.72	3553.13	3466.4
3550.01	2470.96	563	1.#QNAN	0	0	0	3.87396e-007	2845.08	3550.01	3463.49
3546.61	2468.42	564	1.#QNAN	0	0.016	0	3.7585e-007	2625.04	3546.61	3460.31
3543.22	2465.91	565	1.#QNAN	0	0.015	0	3.9638e-007	2513.41	3543.22	3457.12
3539.8	2463.4	566	1.#QNAN	0	0	0	3.96291e-007	2488.9	3539.8	3453.9
3536.56	2460.95	567	1.#QNAN	0	0.016	0	3.81138e-007	2656.85	3536.56	3450.87
3533.13	2458.44	568	1.#QNAN	0	0	0	3.90876e-007	2451.7	3533.13	3447.64
3529.95	2456.02	569	1.#QNAN	0	0.016	0	3.9651e-007	2685.12	3529.95	3444.66
3526.71	2453.56	570	1.#QNAN	0	0.015	0	3.92419e-007	2674.19	3526.71	3441.63
3523.46	2451.1	571	1.#QNAN	0	0	0	3.96773e-007	2606.14	3523.46	3438.58
3520.2	2448.63	572	1.#QNAN	0	0.016	0	3.74811e-007	2632.23	3520.2	3435.52
3516.98	2446.18	573	1.#QNAN	0	0	0	4.00686e-007	2593.38	3516.98	3432.5
3513.6	2443.72	574	1.#QNAN	0	0.015	0	3.89106e-007	2407.24	3513.6	3429.31
3510.24	2441.3	575	1.#QNAN	0	0	0	3.89027e-007	2406.91	3510.24	3426.14
3506.88	2438.87	576	1.#QNAN	0	0.016	0	3.9274e-007	2421.38	3506.88	3422.97
3503.67	2436.48	577	1.#QNAN	0	0	0	3.87075e-007	2581.22	3503.67	3419.96
3500.54	2434.13	578	1.#QNAN	0	0.016	0	3.99166e-007	2607.24	3500.54	3417.03
3497.33	2431.73	579	1.#QNAN	0	0.015	0	3.91785e-007	2523.67	3497.33	3414.02
3494.18	2429.36	580	1.#QNAN	0	0	0	4.01476e-007	2529.12	3494.18	3411.06
3491.2	2427.04	581	1.#QNAN	0	0.016	0	3.86211e-007	2713.55	3491.2	3408.28
3487.97	2424.64	582	1.#QNAN	0	0	0	4.03555e-007	2507.37	3487.97	3405.24
3484.92	2422.28	583	1.#QNAN	0	0.015	0	3.91231e-007	2648.05	3484.92	3402.39
3481.85	2419.95	584	1.#QNAN	0	0	0	3.82957e-007	2615.98	3481.85	3399.51
3478.84	2417.64	585	1.#QNAN	0	0.016	0	3.89733e-007	2656.47	3478.84	3396.69
3475.73	2415.29	586	1.#QNAN	0	0.016	0	4.02433e-007	2593.72	3475.73	3393.77
3472.53	2412.94	587	1.#QNAN	0	0	0	3.98651e-007	2429.72	3472.53	3390.76
3469.47	2410.61	588	1.#QNAN	0	0.015	0	3.978e-007	2582.97	3469.47	3387.89
3466.52	2408.32	589	1.#QNAN	0	0	0	3.91658e-007	2649.52	3466.52	3385.14
3463.35	2405.95	590	1.#QNAN	0	0.016	0	3.87518e-007	2432.06	3463.35	3382.15
3460.2	2403.61	591	1.#QNAN	0	0	0	4.1384e-007	2417.33	3460.2	3379.19
3457.12	2401.3	592	1.#QNAN	0	0.015	0	3.91964e-007	2441.03	3457.12	3376.3
3453.99	2398.99	593	1.#QNAN	0	0.016	0	4.08259e-007	2415.74	3453.99	3373.35
3450.92	2396.73	594	1.#QNAN	0	0	0	3.91937e-007	2423.24	3450.92	3370.46
3447.87	2394.44	595	1.#QNAN	0	0.016	0	4.05809e-007	2435.02	3447.87	3367.59
3444.83	2392.18	596	1.#QNAN	0	0	0	3.91279e-007	2444.28	3444.83	3364.74
3441.84	2389.91	597	1.#QNAN	0	0.015	0	3.91463e-007	2469.48	3441.84	3361.93
3438.74	2387.64	598	1.#QNAN	0	0	0	3.94148e-007	2404.36	3438.74	3359.02
3435.71	2385.36	599	1.#QNAN	0	0.016	0	4.02267e-007	2440.98	3435.71	3356.17
3432.66	2383.12	600	1.#QNAN	0	0	0	3.93186e-007	2417.57	3432.66	3353.3
3429.85	2380.96	601	1.#QNAN	0	0.015	0	4.06501e-007	2644.56	3429.85	3350.68
3427.02	2378.8	602	1.#QNAN	0	0.016	0	3.99072e-007	2612.48	3427.02	3348.02
3423.94	2376.54	603	1.#QNAN	0	0	0	3.94677e-007	2372.51	3423.94	3345.12
3420.91	2374.29	604	1.#QNAN	0	0.016	0	4.02414e-007	2417.9	3420.91	3342.27
3417.91	2372.07	605	1.#QNAN	0	0	0	3.90794e-007	2395.57	3417.91	3339.45
3415.06	2369.89	606	1.#QNAN	0	0.015	0	4.00144e-007	2564.09	3415.06	3336.78
3412.15	2367.69	607	1.#QNAN	0	0	0	3.95912e-007	2524.35	3412.15	3334.05
3409.21	2365.48	608	1.#QNAN	0	0.016	0	3.92057e-007	2500.66	3409.21	3331.28
3406.34	2363.32	609	1.#QNAN	0	0.015	0	3.89257e-007	2512.97	3406.34	3328.59
3403.46	2361.16	610	1.#QNAN	0	0	0	3.82534e-007	2496.5	3403.46	3325.89
3400.42	2358.94	611	1.#QNAN	0	0.016	0	3.98733e-007	2439.43	3400.42	3323.02
3397.63	2356.8	612	1.#QNAN	0	0	0	3.96748e-007	2623.78	3397.63	3320.4
3394.59	2354.6	613	1.#QNAN	0	0.016	0	3.93162e-007	2351.22	3394.59	3317.54
3391.71	2352.43	614	1.#QNAN	0	0	0	4.04643e-007	2453.36	3391.71	3314.83
3388.85	2350.31	615	1.#QNAN	0	0.015	0	3.8909e-007	2448.72	3388.85	3312.14
3385.97	2348.15	616	1.#QNAN	0	0.016	0	3.90088e-007	2435.25	3385.97	3309.43
3383.07	2346.01	617	1.#QNAN	0	0	0	4.05902e-007	2401.97	3383.07	3306.71
3380.41	2343.92	618	1.#QNAN	0	0.015	0	4.01663e-007	2686.15	3380.41	3304.21
3377.43	2341.73	619	1.#QNAN	0	0	0	3.97855e-007	2376	3377.43	3301.41
3374.51	2339.59	620	1.#QNAN	0	0.016	0	4.01544e-007	2384.56	3374.51	3298.66
3371.7	2337.47	621	1.#QNAN	0	0	0	3.99431e-007	2492.11	3371.7	3296.02
3368.88	2335.37	622	1.#QNAN	0	0.016	0	4.02277e-007	2422.09	3368.88	3293.37
3366.31	2333.34	623	1.#QNAN	0	0	0	3.98171e-007	2678.66	3366.31	3290.97
3363.57	2331.25	624	1.#QNAN	0	0.015	0	4.05753e-007	2468.52	3363.57	3288.4
3360.99	2329.19	625	1.#QNAN	0	0.016	0	4.06315e-007	2675.6	3360.99	3285.98
3358.35	2327.15	626	1.#QNAN	0	0	0	4.07435e-007	2621.02	3358.35	3283.52
3355.53	2325.06	627	1.#QNAN	0	0.015	0	3.85324e-007	2389.14	3355.53	3280.86
3352.96	2323.06	628	1.#QNAN	0	0	0	3.95641e-007	2662.42	3352.96	3278.46
3350.38	2321.08	629	1.#QNAN	0	0.016	0	3.85415e-007	2660.9	3350.38	3276.04
3347.68	2319.07	630	1.#QNAN	0	0	0	3.91133e-007	2491.54	3347.68	3273.5
3345.05	2317.08	631	1.#QNAN	0	0.016	0	3.98e-007	2545.28	3345.05	3271.04
3342.39	2315.07	632	1.#QNAN	0	0.015	0	4.07237e-007	2465.71	3342.39	3268.54
3339.67	2313.05	633	1.#QNAN	0	0	0	4.03542e-007	2402.14	3339.67	3265.99
3337.01	2311.06	634	1.#QNAN	0	0.016	0	3.89267e-007	2420.64	3337.01	3263.49
3334.32	2309.04	635	1.#QNAN	0	0	0	3.90381e-007	2411.03	3334.32	3260.97
3331.82	2307.09	636	1.#QNAN	0	0.015	0	4.02386e-007	2641.28	3331.82	3258.63
3329.35	2305.15	637	1.#QNAN	0	0.016	0	4.01843e-007	2646.02	3329.35	3256.32
3326.76	2303.19	638	1.#QNAN	0	0	0	4.09439e-007	2475.08	3326.76	3253.9
3324.24	2301.24	639	1.#QNAN	0	0.016	0	3.9967e-007	2469.51	3324.24	3251.54
3321.62	2299.27	640	1.#QNAN	0	0	0	4.07766e-007	2433.55	3321.62	3249.08
3319.05	2297.32	641	1.#QNAN	0	0.015	0	4.03988e-007	2458.5	3319.05	3246.67
3316.66	2295.46	642	1.#QNAN	0	0	0	3.96396e-007	2626.48	3316.66	3244.44
3314.21	2293.57	643	1.#QNAN	0	0.016	0	3.89531e-007	2595.96	3314.21	3242.14
3311.77	2291.67	644	1.#QNAN	0	0.015	1	3.8841e-007	2601.13	3311.77	3239.86
3309.12	2289.72	645	1.#QNAN	0	0	0	3.99634e-007	2334.04	3309.12	3237.36
3306.56	2287.79	646	1.#QNAN	0	0.016	0	4.26588e-007	2403.53	3306.56	3234.97
3303.94	2285.83	647	1.#QNAN	0	0	0	3.96988e-007	2374.16	3303.94	3232.5
3301.23	2283.87	648	1.#QNAN	0	0.016	0	3.92769e-007	2324.61	3301.23	3229.95
3298.7	2281.96	649	1.#QNAN	0	0	0	4.18078e-007	2381.36	3298.7	3227.57
3296.06	2280.04	650	1.#QNAN	0	0.015	0	4.05761e-007	2295.97	3296.06	3225.08
3293.51	2278.14	651	1.#QNAN	0	0	0	3.93368e-007	2362.86	3293.51	3222.69
3290.96	2276.24	652	1.#QNAN	0	0.016	0	4.04263e-007	2368.02	3290.96	3220.3
3288.5	2274.39	653	1.#QNAN	0	0.015	0	4.0786e-007	2429.86	3288.5	3217.99
3286.21	2272.56	654	1.#QNAN	0	0	0	3.9919e-007	2634.71	3286.21	3215.86
3283.76	2270.7	655	1.#QNAN	0	0.016	0	3.97596e-007	2425.75	3283.76	3213.56
3281.31	2268.84	656	1.#QNAN	0	0	0	4.20568e-007	2438.43	3281.31	3211.27
3278.9	2267	657	1.#QNAN	0	0.016	0	3.88329e-007	2464.92	3278.9	3209.02
3276.64	2265.2	658	1.#QNAN	0	0.015	0	3.94831e-007	2579.62	3276.64	3206.91
3274.38	2263.41	659	1.#QNAN	0	0	0	4.19423e-007	2624.37	3274.38	3204.81
3271.94	2261.54	660	1.#QNAN	0	0.016	0	4.05475e-007	2393.17	3271.94	3202.52
3269.51	2259.69	661	1.#QNAN	0	0	0	3.90211e-007	2386.49	3269.51	3200.24
3267.26	2257.89	662	1.#QNAN	0	0.015	0	4.05666e-007	2603.47	3267.26	3198.15
3264.91	2256.08	663	1.#QNAN	0	0	0	4.03243e-007	2408.41	3264.91	3195.95
3262.72	2254.32	664	1.#QNAN	0	0.016	0	4.03262e-007	2661.64	3262.72	3193.92
3260.25	2252.47	665	1.#QNAN	0	0.016	0	4.17082e-007	2347.27	3260.25	3191.59
3257.88	2250.66	666	1.#QNAN	0	0	0	3.94502e-007	2565.13	3257.88	3189.37
3255.59	2248.89	667	1.#QNAN	0	0.015	0	4.1128e-007	2467.66	3255.59	3187.23
3253.13	2247.06	668	1.#QNAN	0	0	0	3.94951e-007	2346.13	3253.13	3184.92
3250.77	2245.27	669	1.#QNAN	0	0.016	0	3.99055e-007	2369.12	3250.77	3182.71
3248.52	2243.49	670	1.#QNAN	0	0	0	4.04914e-007	2601.89	3248.52	3180.6
3246.1	2241.66	671	1.#QNAN	0	0.015	0	4.14641e-007	2350.28	3246.1	3178.32
3243.76	2239.86	672	1.#QNAN	0	0	0	3.9512e-007	2413.63	3243.76	3176.12
3241.31	2238.05	673	1.#QNAN	0	0.016	0	3.97544e-007	2315.25	3241.31	3173.81
3239.01	2236.29	674	1.#QNAN	0	0.016	0	4.06604e-007	2529.82	3239.01	3171.66
3236.64	2234.51	675	1.#QNAN	0	0	0	4.10582e-007	2384.8	3236.64	3169.42
3234.2	2232.69	676	1.#QNAN	0	0.015	0	4.05963e-007	2335.3	3234.2	3167.12
3231.81	2230.9	677	1.#QNAN	0	0	0	3.90052e-007	2329.65	3231.81	3164.87
3229.27	2229.05	678	1.#QNAN	0	0.016	0	3.93431e-007	2259.24	3229.27	3162.47
3226.85	2227.27	679	1.#QNAN	0	0	0	4.03905e-007	2318.18	3226.85	3160.19
3224.36	2225.46	680	1.#QNAN	0	0.015	0	3.95032e-007	2285.15	3224.36	3157.83
3221.94	2223.68	681	1.#QNAN	0	0.016	0	3.90867e-007	2306.6	3221.94	3155.54
3219.6	2221.94	682	1.#QNAN	0	0	0	3.93914e-007	2332.7	3219.6	3153.35
3217.19	2220.13	683	1.#QNAN	0	0.016	0	4.03871e-007	2286.96	3217.19	3151.07
3214.84	2218.36	684	1.#QNAN	0	0	0	3.99059e-007	2346.93	3214.84	3148.86
3212.68	2216.64	685	1.#QNAN	0	0.015	0	3.98132e-007	2583.35	3212.68	3146.84
3210.52	2214.94	686	1.#QNAN	0	0	0	4.01302e-007	2549.18	3210.52	3144.82
3208.29	2213.22	687	1.#QNAN	0	0.016	0	3.93772e-007	2342.25	3208.29	3142.72
3205.92	2211.49	688	1.#QNAN	0	0.015	0	4.03487e-007	2283.29	3205.92	3140.49
3203.65	2209.76	689	1.#QNAN	0	0	0	4.07445e-007	2316.54	3203.65	3138.35
3201.48	2208.08	690	1.#QNAN	0	0.016	0	4.08624e-007	2492.16	3201.48	3136.31
3199.06	2206.33	691	1.#QNAN	0	0	0	3.97369e-007	2225.91	3199.06	3134.02
3196.74	2204.61	692	1.#QNAN	0	0.016	0	4.03447e-007	2270.97	3196.74	3131.83
3194.37	2202.87	693	1.#QNAN	0	0.015	0	3.92146e-007	2251.63	3194.37	3129.58
3192.11	2201.15	694	1.#QNAN	0	0	0	4.16414e-007	2333.96	3192.11	3127.45
3189.83	2199.46	695	1.#QNAN	0	0.016	0	4.02075e-007	2283.54	3189.83	3125.3
3187.7	2197.81	696	1.#QNAN	0	0	0	3.90712e-007	2483.12	3187.7	3123.31
3185.43	2196.12	697	1.#QNAN	0	0.015	0	3.9846e-007	2287.28	3185.43	3121.16
3183.4	2194.52	698	1.#QNAN	0	0	0	3.9653e-007	2544.84	3183.4	3119.26
3181.13	2192.86	699	1.#QNAN	0	0.016	0	3.97911e-007	2269.67	3181.13	3117.12
3178.89	2191.2	700	1.#QNAN	0	0	0	3.98559e-007	2278.61	3178.89	3115.02
3176.78	2189.55	701	1.#QNAN	0	0.016	0	4.05099e-007	2489.86	3176.78	3113.04
3174.64	2187.91	702	1.#QNAN	0	0.015	0	4.14734e-007	2329.06	3174.64	3111.03
3172.56	2186.29	703	1.#QNAN	0	0	0	4.09814e-007	2409.01	3172.56	3109.07
3170.42	2184.67	704	1.#QNAN	0	0.016	0	3.98369e-007	2331.49	3170.42	3107.07
3168.34	2183.06	705	1.#QNAN	0	0	0	4.11076e-007	2394	3168.34	3105.12
3166.32	2181.44	706	1.#QNAN	0	0.015	0	4.1284e-007	2427.37	3166.32	3103.23
3164.22	2179.82	707	1.#QNAN	0	0	0	3.98407e-007	2331.38	3164.22	3101.26
3162.3	2178.26	708	1.#QNAN	0	0.016	0	4.1918e-007	2550.57	3162.3	3099.47
3160.33	2176.68	709	1.#QNAN	0	0.016	0	3.88376e-007	2424.8	3160.33	3097.63
3158.47	2175.12	710	1.#QNAN	0	0	0	4.06146e-007	2616.49	3158.47	3095.89
3156.45	2173.49	711	1.#QNAN	0	0.015	0	3.97446e-007	2412.12	3156.45	3094.01
3154.64	2171.94	712	1.#QNAN	0	0	0	4.18222e-007	2635.62	3154.64	3092.34
3152.6	2170.35	713	1.#QNAN	0	0.016	0	4.10924e-007	2384.16	3152.6	3090.43
3150.54	2168.73	714	1.#QNAN	0	0	0	4.13655e-007	2352.71	3150.54	3088.5
3148.67	2167.19	715	1.#QNAN	0	0.015	0	3.99212e-007	2616.88	3148.67	3086.76
3146.56	2165.59	716	1.#QNAN	0	0.016	0	4.03352e-007	2293.73	3146.56	3084.77
3144.51	2164	717	1.#QNAN	0	0	0	4.14389e-007	2354.25	3144.51	3082.85
3142.7	2162.46	718	1.#QNAN	0	0.016	0	4.11472e-007	2693.67	3142.7	3081.18
3140.75	2160.89	719	1.#QNAN	0	0	0	4.1006e-007	2444.77	3140.75	3079.35
3138.96	2159.4	720	1.#QNAN	0	0.015	0	4.16097e-007	2648.4	3138.96	3077.7
3137.01	2157.87	721	1.#QNAN	0	0	0	4.08471e-007	2406.02	3137.01	3075.87
3135.22	2156.37	722	1.#QNAN	0	0.016	0	3.99283e-007	2611.17	3135.22	3074.21
3133.37	2154.86	723	1.#QNAN	0	0.015	0	4.14618e-007	2494.57	3133.37	3072.49
3131.46	2153.34	724	1.#QNAN	0	0	0	4.19618e-007	2423.6	3131.46	3070.71
3129.55	2151.83	725	1.#QNAN	0	0.016	0	4.11978e-007	2425.07	3129.55	3068.92
3127.79	2150.34	726	1.#QNAN	0	0	0	4.07615e-007	2652.39	3127.79	3067.29
3125.92	2148.84	727	1.#QNAN	0	0.016	0	4.11699e-007	2458.19	3125.92	3065.55
3124.05	2147.38	728	1.#QNAN	0	0	0	4.00978e-007	2461.25	3124.05	3063.8
3122.11	2145.87	729	1.#QNAN	0	0.015	0	4.04121e-007	2431.73	3122.11	3061.99
3120.28	2144.42	730	1.#QNAN	0	0.016	0	4.2564e-007	2432.96	3120.28	3060.28
3118.4	2142.94	731	1.#QNAN	0	0	0	4.1069e-007	2430.83	3118.4	3058.52
3116.56	2141.47	732	1.#QNAN	0	0.015	0	4.06765e-007	2555.88	3116.56	3056.8
3114.6	2139.96	733	1.#QNAN	0	0	0	4.04258e-007	2395.75	3114.6	3054.96
3112.69	2138.47	734	1.#QNAN	0	0.016	0	4.1759e-007	2445.7	3112.69	3053.18
3110.72	2136.96	735	1.#QNAN	0	0	0	3.95995e-007	2366.75	3110.72	3051.33
3108.81	2135.46	736	1.#QNAN	0	0.016	0	4.05326e-007	2390.37	3108.81	3049.54
3106.91	2133.97	737	1.#QNAN	0	0	0	4.12984e-007	2414.59	3106.91	3047.76
3104.99	2132.49	738	1.#QNAN	0	0	0	4.04432e-007	2375.83	3104.99	3045.96
3103.24	2131.06	739	1.#QNAN	0	0.016	0	4.14374e-007	2592.54	3103.24	3044.34
3101.53	2129.64	740	1.#QNAN	0	0	0	4.0832e-007	2619.89	3101.53	3042.74
3099.79	2128.21	741	1.#QNAN	0	0.015	0	4.14742e-007	2574.37	3099.79	3041.12
3097.85	2126.74	742	1.#QNAN	0	0	0	4.0346e-007	2325.85	3097.85	3039.3
3096.06	2125.29	743	1.#QNAN	0	0.016	0	4.03178e-007	2532.2	3096.06	3037.63
3094.17	2123.79	744	1.#QNAN	0	0	0	4.25499e-007	2375.96	3094.17	3035.85
3092.36	2122.33	745	1.#QNAN	0	0.016	0	4.08881e-007	2404.59	3092.36	3034.16
3090.57	2120.88	746	1.#QNAN	0	0.015	0	3.97285e-007	2421.47	3090.57	3032.49
3088.73	2119.41	747	1.#QNAN	0	0	0	4.0216e-007	2392.79	3088.73	3030.78
3086.82	2117.96	748	1.#QNAN	0	0.016	0	4.02391e-007	2340.16	3086.82	3028.98
3085.07	2116.57	749	1.#QNAN	0	0	0	4.12048e-007	2524.57	3085.07	3027.33
3083.29	2115.17	750	1.#QNAN	0	0.015	0	4.18921e-007	2527.01	3083.29	3025.67
3081.31	2113.71	751	1.#QNAN	0	0	0	4.03844e-007	2295.29	3081.31	3023.8
3079.52	2112.3	752	1.#QNAN	0	0.016	0	4.09979e-007	2526.77	3079.52	3022.12
3077.7	2110.9	753	1.#QNAN	0	0	0	4.07303e-007	2514.7	3077.7	3020.41
3075.74	2109.46	754	1.#QNAN	0	0.016	0	4.06794e-007	2296.23	3075.74	3018.56
3074.02	2108.11	755	1.#QNAN	0	0.015	0	4.09882e-007	2569.1	3074.02	3016.94
3072.27	2106.76	756	1.#QNAN	0	0	0	4.17761e-007	2582.43	3072.27	3015.31
3070.45	2105.38	757	1.#QNAN	0	0.016	1	4.12644e-007	2504.18	3070.45	3013.59
3068.52	2103.97	758	1.#QNAN	0	0	0	4.05545e-007	2272.65	3068.52	3011.78
3066.57	2102.55	759	1.#QNAN	0	0.015	0	4.12088e-007	2305.76	3066.57	3009.94
3064.82	2101.16	760	1.#QNAN	0	0	0	4.05798e-007	2540	3064.82	3008.29
3063	2099.79	761	1.#QNAN	0	0.016	0	4.23207e-007	2513.56	3063	3006.58
3061.24	2098.41	762	1.#QNAN	0	0.016	0	4.14584e-007	2572.64	3061.24	3004.93
3059.36	2097	763	1.#QNAN	0	0	0	4.07953e-007	2313.71	3059.36	3003.16
3057.63	2095.63	764	1.#QNAN	0	0.015	0	4.16574e-007	2522.97	3057.63	3001.54
3055.72	2094.21	765	1.#QNAN	0	0	0	4.23297e-007	2302.09	3055.72	2999.73
3053.97	2092.86	766	1.#QNAN	0	0.016	0	4.12437e-007	2479.42	3053.97	2998.09
3051.96	2091.45	767	1.#QNAN	0	0	0	4.25218e-007	2191.83	3051.96	2996.18
3050	2090.03	768	1.#QNAN	0	0.015	0	4.17412e-007	2289.8	3050	2994.32
3048.07	2088.65	769	1.#QNAN	0	0.016	0	3.94882e-007	2299.58	3048.07	2992.5
3046.3	2087.3	770	1.#QNAN	0	0	0	4.16613e-007	2510.29	3046.3	2990.83
3044.44	2085.94	771	1.#QNAN	0	0.016	0	4.12082e-007	2420.93	3044.44	2989.08
3042.49	2084.57	772	1.#QNAN	0	0	0	4.09372e-007	2274.37	3042.49	2987.24
3040.74	2083.23	773	1.#QNAN	0	0.015	0	4.20776e-007	2493.28	3040.74	2985.59
3038.97	2081.9	774	1.#QNAN	0	0.016	0	4.24106e-007	2501.65	3038.97	2983.92
3037.21	2080.56	775	1.#QNAN	0	0	0	4.07843e-007	2466.97	3037.21	2982.26
3035.44	2079.22	776	1.#QNAN	0	0.015	0	4.10672e-007	2346.11	3035.44	2980.59
3033.57	2077.84	777	1.#QNAN	0	0	0	4.19783e-007	2258.85	3033.57	2978.83
3031.7	2076.48	778	1.#QNAN	0	0.016	0	4.02001e-007	2277.14	3031.7	2977.06
3029.89	2075.13	779	1.#QNAN	0	0.016	0	4.14315e-007	2348.88	3029.89	2975.35
3028.15	2073.8	780	1.#QNAN	0	0	0	4.11911e-007	2343.52	3028.15	2973.72
3026.49	2072.49	781	1.#QNAN	0	0.015	0	4.19921e-007	2561.14	3026.49	2972.16
3024.8	2071.15	782	1.#QNAN	0	0	0	4.24196e-007	2513.07	3024.8	2970.58
3023.02	2069.84	783	1.#QNAN	0	0.016	0	4.22131e-007	2276.55	3023.02	2968.9
3021.3	2068.52	784	1.#QNAN	0	0	0	4.15005e-007	2268.63	3021.3	2967.29
3019.71	2067.27	785	1.#QNAN	0	0.015	0	4.32664e-007	2444.71	3019.71	2965.81
3018.18	2066.03	786	1.#QNAN	0	0.016	0	4.11869e-007	2500.1	3018.18	2964.38
3016.48	2064.75	787	1.#QNAN	0	0	0	4.13429e-007	2288.94	3016.48	2962.78
3014.72	2063.44	788	1.#QNAN	0	0.016	0	4.03094e-007	2297.24	3014.72	2961.12
3012.99	2062.17	789	1.#QNAN	0	0	0	4.2894e-007	2329.73	3012.99	2959.5
3011.36	2060.91	790	1.#QNAN	0	0.015	0	4.153e-007	2519.93	3011.36	2957.97
3009.61	2059.6	791	1.#QNAN	0	0	0	4.33178e-007	2299.72	3009.61	2956.31
3007.79	2058.28	792	1.#QNAN	0	0.016	0	4.2295e-007	2249.21	3007.79	2954.6
3006.22	2057.03	793	1.#QNAN	0	0.015	0	4.20367e-007	2489.89	3006.22	2953.13
3004.44	2055.73	794	1.#QNAN	0	0	0	4.18201e-007	2248.61	3004.44	2951.45
3002.75	2054.47	795	1.#QNAN	0	0.016	0	4.24038e-007	2256.45	3002.75	2949.85
3001.01	2053.21	796	1.#QNAN	0	0	0	4.20046e-007	2245.32	3001.01	2948.21
2999.39	2051.95	797	1.#QNAN	0	0.016	0	4.17394e-007	2505.58	2999.39	2946.69
2997.66	2050.69	798	1.#QNAN	0	0	0	4.15003e-007	2278.03	2997.66	2945.06
2995.95	2049.43	799	1.#QNAN	0	0	0	4.05195e-007	2255.43	2995.95	2943.44
