rmse	mae	#iter	time_pred	time_learn	time_learn2	time_learn4	alpha	rmse_mcmc_this	rmse_mcmc_all	rmse_mcmc_all_but5
24959.7	20264.9	0	1.#QNAN	0	0.016	0	9.60136e-013	24959.7	24959.7	4115.63
24556.8	20056.7	1	1.#QNAN	0	0.015	0	2.02779e-011	25213.5	24556.8	4115.63
24550.8	20036.7	2	1.#QNAN	0	0.016	0	2.67491e-011	25111.8	24550.8	4115.63
24606.4	20105.5	3	1.#QNAN	0	0.015	0	2.91699e-011	25290.6	24606.4	4115.63
24642.4	20168.7	4	1.#QNAN	0	0.016	0	3.14466e-011	25246.5	24642.4	32670.1
24569.2	20036.8	5	1.#QNAN	0	0.031	0	3.53038e-011	24619	24569.2	24619
24579.6	20062.6	6	1.#QNAN	0	0.016	0	4.06773e-011	25190.7	24579.6	24654.2
24578.8	20052.6	7	1.#QNAN	0	0.015	0	4.3732e-011	25078.4	24578.8	24677.8
24560.8	20021	8	1.#QNAN	0	0.016	0	5.01291e-011	24773.8	24560.8	24617.3
24533.5	19966.4	9	1.#QNAN	0	0.016	0	5.55801e-011	24615.7	24533.5	24550.5
24512.2	19933.5	10	1.#QNAN	0	0.031	0	6.05072e-011	24681.5	24512.2	24518.6
24495.9	19918.9	11	1.#QNAN	0	0.015	0	6.62285e-011	24774.5	24495.9	24501.6
24468.4	19885.6	12	1.#QNAN	0	0.016	0	6.97117e-011	24530.1	24468.4	24458.6
24429.6	19838.8	13	1.#QNAN	0	0.016	0	8.3291e-011	24395.3	24429.6	24406.6
24373.1	19767.9	14	1.#QNAN	0	0.015	0	9.23895e-011	24047.1	24373.1	24329.1
24298.3	19688.1	15	1.#QNAN	0	0.016	0	1.12546e-010	23847.2	24298.3	24228.3
24177.3	19552	16	1.#QNAN	0	0.031	0	1.37463e-010	23214.8	24177.3	24071.5
24042.1	19404.4	17	1.#QNAN	0	0.016	0	1.72819e-010	22766.1	24042.1	23900
23898.6	19240.7	18	1.#QNAN	0	0.015	0	2.06929e-010	22571.7	23898.6	23723.6
23707	19034.8	19	1.#QNAN	0	0.016	0	2.37971e-010	21770.4	23707	23491
23483.4	18806.2	20	1.#QNAN	0	0.015	0	2.94481e-010	21128.4	23483.4	23224.4
23234.1	18544.6	21	1.#QNAN	0	0.032	0	3.31856e-010	20492.9	23234.1	22930.6
22980.7	18283.5	22	1.#QNAN	0	0.015	0	3.95107e-010	20029.1	22980.7	22639.3
22715.8	18017.2	23	1.#QNAN	0	0.016	0	4.2105e-010	19648.9	22715.8	22338.7
22452.9	17751	24	1.#QNAN	0	0.015	0	4.80428e-010	19321.5	22452.9	22045.9
22184.4	17474.1	25	1.#QNAN	0	0.016	0	5.05044e-010	18865.7	22184.4	21750.5
21903.5	17197.8	26	1.#QNAN	0	0.016	1	5.67229e-010	18277.8	21903.5	21443.7
21643.7	16934.4	27	1.#QNAN	0	0.031	0	5.83416e-010	18358.8	21643.7	21165.8
21394	16691.7	28	1.#QNAN	0	0.015	0	6.25441e-010	17947.8	21394	20901.8
21151.6	16465	29	1.#QNAN	0	0.016	0	6.49315e-010	17683	21151.6	20647.6
20937	16259.3	30	1.#QNAN	0	0.016	0	6.73957e-010	17919	20937	20428.4
20743.2	16078.5	31	1.#QNAN	0	0.015	0	6.86411e-010	17948	20743.2	20234.4
20550.7	15897.6	32	1.#QNAN	0	0.016	0	7.13795e-010	17640.9	20550.7	20042.1
20370.7	15730.4	33	1.#QNAN	0	0.015	0	7.53784e-010	17693.3	20370.7	19865.3
20197.9	15570.6	34	1.#QNAN	0	0.016	0	7.35467e-010	17546.6	20197.9	19696.6
20034.2	15420.2	35	1.#QNAN	0	0.031	0	7.65654e-010	17379.4	20034.2	19537.8
19878.6	15275.1	36	1.#QNAN	0	0.016	0	7.92869e-010	17341.9	19878.6	19388.3
19738.4	15138.7	37	1.#QNAN	0	0.015	0	8.2492e-010	17319.8	19738.4	19256
19606.7	15008.5	38	1.#QNAN	0	0.016	0	8.35734e-010	17335.5	19606.7	19132.6
19480.2	14883.8	39	1.#QNAN	0	0.016	0	8.51929e-010	17172.1	19480.2	19014.9
19356.6	14762.6	40	1.#QNAN	0	0.015	0	8.08638e-010	16975.2	19356.6	18899.5
19242.7	14648.3	41	1.#QNAN	0	0.016	0	8.85381e-010	17169.5	19242.7	18794.9
19132.4	14536.7	42	1.#QNAN	0	0.031	0	8.67282e-010	17079.8	19132.4	18693.4
19027.5	14428.2	43	1.#QNAN	0	0.016	0	9.37878e-010	16941.2	19027.5	18597.8
18920	14318.3	44	1.#QNAN	0	0.015	0	9.32329e-010	16643.6	18920	18498.7
18814.4	14210.5	45	1.#QNAN	0	0.016	0	9.31423e-010	16492.2	18814.4	18401.2
18718.2	14111.3	46	1.#QNAN	0	0.015	0	1.02152e-009	16608.7	18718.2	18313.7
18629	14017.1	47	1.#QNAN	0	0.016	0	1.02516e-009	16584.2	18629	18233.3
18543.1	13928.5	48	1.#QNAN	0	0.016	0	9.99108e-010	16644.2	18543.1	18156
18453.5	13838.2	49	1.#QNAN	0	0.015	0	1.09418e-009	16294.1	18453.5	18074
18376.3	13756.9	50	1.#QNAN	0	0.031	0	1.06037e-009	16557.3	18376.3	18005.3
18298.9	13675.9	51	1.#QNAN	0	0.016	0	1.0911e-009	16421.3	18298.9	17935.8
18228.3	13599.7	52	1.#QNAN	0	0.016	0	1.11963e-009	16477.9	18228.3	17873.1
18160.4	13525.6	53	1.#QNAN	0	0.015	0	1.22606e-009	16386.4	18160.4	17812.8
18092.8	13453.1	54	1.#QNAN	0	0.016	0	1.17013e-009	16200.5	18092.8	17752.4
18028.8	13382.9	55	1.#QNAN	0	0.015	0	1.2039e-009	16292.6	18028.8	17695.7
17966.5	13314.5	56	1.#QNAN	0	0.016	0	1.23152e-009	16199.4	17966.5	17640.4
17910.4	13251.9	57	1.#QNAN	0	0.031	0	1.28906e-009	16362.2	17910.4	17591.3
17849.8	13185.6	58	1.#QNAN	0	0.016	0	1.27103e-009	16051.2	17849.8	17537.2
17788.6	13118.9	59	1.#QNAN	0	0.015	0	1.27219e-009	15814.6	17788.6	17482.1
17730.1	13054.8	60	1.#QNAN	0	0.016	0	1.36621e-009	15892.8	17730.1	17429.5
17668.9	12990.4	61	1.#QNAN	0	0.016	0	1.3882e-009	15643.8	17668.9	17373.9
17611	12928.8	62	1.#QNAN	0	0.015	0	1.42985e-009	15622.3	17611	17321.5
17556.1	12870.2	63	1.#QNAN	0	0.016	0	1.36855e-009	15705.7	17556.1	17272.1
17494.2	12807.9	64	1.#QNAN	0	0.015	0	1.47373e-009	15228.2	17494.2	17215
17437.4	12749.9	65	1.#QNAN	0	0.032	0	1.51025e-009	15364.9	17437.4	17163
17377.9	12688.8	66	1.#QNAN	0	0.015	0	1.55455e-009	15025.7	17377.9	17107.7
17324.1	12632.4	67	1.#QNAN	0	0.016	0	1.50916e-009	15283.1	17324.1	17058.3
17269.4	12575.4	68	1.#QNAN	0	0.015	0	1.62532e-009	15080.4	17269.4	17007.9
17214.7	12519.6	69	1.#QNAN	0	0.016	0	1.6106e-009	14893.3	17214.7	16957.1
17164.2	12466.3	70	1.#QNAN	0	0.031	0	1.68949e-009	15039.1	17164.2	16910.9
17115.5	12415.4	71	1.#QNAN	0	0.016	0	1.72145e-009	14987.7	17115.5	16866.2
17057.8	12358.4	72	1.#QNAN	0	0.015	0	1.77106e-009	14443.7	17057.8	16812
17006.5	12307.5	73	1.#QNAN	0	0.016	0	1.81447e-009	14710.3	17006.5	16764.3
16954.3	12256	74	1.#QNAN	0	0.016	0	1.83718e-009	14584.4	16954.3	16715.5
16903.1	12206.2	75	1.#QNAN	0	0.015	0	1.90811e-009	14524.4	16903.1	16667.6
16851.9	12156.6	76	1.#QNAN	0	0.016	0	1.9509e-009	14409.1	16851.9	16619.7
16795.8	12103.6	77	1.#QNAN	0	0.031	0	1.91232e-009	14035	16795.8	16566.4
16747.2	12056	78	1.#QNAN	0	0.016	0	1.9423e-009	14356.7	16747.2	16521
16692.1	12004.6	79	1.#QNAN	0	0.015	0	2.01401e-009	13904.9	16692.1	16468.5
16640.6	11955.4	80	1.#QNAN	0	0.016	0	2.04744e-009	14019.2	16640.6	16419.7
16586.7	11904.4	81	1.#QNAN	0	0.015	0	2.06315e-009	13823.8	16586.7	16368.2
16536	11856.2	82	1.#QNAN	0	0.016	1	2.19875e-009	13871.3	16536	16320
16485	11806.9	83	1.#QNAN	0	0.031	0	2.23066e-009	13875.4	16485	16271.4
16433	11758.7	84	1.#QNAN	0	0.016	0	2.20325e-009	13556.7	16433	16221.6
16380.9	11711.3	85	1.#QNAN	0	0.015	0	2.27968e-009	13428.9	16380.9	16171.6
16331.4	11665.9	86	1.#QNAN	0	0.016	0	2.26715e-009	13571.1	16331.4	16124.2
16283.8	11621.7	87	1.#QNAN	0	0.016	0	2.27051e-009	13575.3	16283.8	16078.8
16236.5	11578.2	88	1.#QNAN	0	0.015	0	2.46954e-009	13444.8	16236.5	16033.7
16185.6	11531.8	89	1.#QNAN	0	0.016	0	2.35799e-009	13149.7	16185.6	15984.8
16137.2	11487.4	90	1.#QNAN	0	0.031	0	2.59532e-009	13247.8	16137.2	15938.4
16092.7	11446.2	91	1.#QNAN	0	0.016	0	2.49115e-009	13385.9	16092.7	15895.9
16045.9	11404.2	92	1.#QNAN	0	0.015	0	2.60871e-009	13143.7	16045.9	15851
16001.9	11364.3	93	1.#QNAN	0	0.016	0	2.60119e-009	13285.6	16001.9	15808.9
15955.1	11322.9	94	1.#QNAN	0	0.015	0	2.59567e-009	13031.1	15955.1	15764
15908.7	11282	95	1.#QNAN	0	0.032	0	2.66521e-009	12910.3	15908.7	15719.3
15863.7	11241.9	96	1.#QNAN	0	0.015	0	2.76586e-009	12898.9	15863.7	15676
15817.8	11200.9	97	1.#QNAN	0	0.016	0	2.81623e-009	12733.2	15817.8	15631.7
15777.4	11164.1	98	1.#QNAN	0	0.015	0	2.82303e-009	13116.1	15777.4	15593.2
15732.7	11124.8	99	1.#QNAN	0	0.016	0	2.81032e-009	12683.3	15732.7	15550
15691	11087.7	100	1.#QNAN	0	0.016	0	2.96363e-009	12825.5	15691	15509.9
15648.3	11050.1	101	1.#QNAN	0	0.031	0	2.9526e-009	12719.6	15648.3	15468.8
15604.8	11012.7	102	1.#QNAN	0	0.015	0	3.17147e-009	12519.8	15604.8	15426.7
15562.9	10975.7	103	1.#QNAN	0	0.016	0	3.13842e-009	12575.8	15562.9	15386.4
15519	10936.7	104	1.#QNAN	0	0.016	0	3.14001e-009	12413.6	15519	15343.8
15474.6	10897.7	105	1.#QNAN	0	0.015	0	3.25978e-009	12204.5	15474.6	15300.6
15428.5	10857.9	106	1.#QNAN	0	0.016	0	3.33518e-009	11955.4	15428.5	15255.7
15386.8	10822.2	107	1.#QNAN	0	0.015	0	3.40293e-009	12241.4	15386.8	15215.3
15345	10785.2	108	1.#QNAN	0	0.016	0	3.4665e-009	12212.5	15345	15174.7
15302.6	10748.5	109	1.#QNAN	0	0.031	0	3.47836e-009	12004.8	15302.6	15133.5
15259.5	10711.5	110	1.#QNAN	0	0.016	0	3.54789e-009	11881.7	15259.5	15091.6
15216.9	10674.7	111	1.#QNAN	0	0.015	0	3.48609e-009	11877.5	15216.9	15050.1
15172.7	10637.1	112	1.#QNAN	0	0.016	0	3.57817e-009	11618	15172.7	15006.9
15130.6	10601.4	113	1.#QNAN	0	0.016	0	3.65503e-009	11736.9	15130.6	14966
15087.6	10565.7	114	1.#QNAN	0	0.015	0	3.62093e-009	11509.1	15087.6	14924.1
15046.6	10531.4	115	1.#QNAN	0	0.016	0	3.81854e-009	11543.1	15046.6	14884
15005.2	10496.6	116	1.#QNAN	0	0.015	0	3.90007e-009	11443.3	15005.2	14843.6
14963.7	10462.1	117	1.#QNAN	0	0.016	0	4.03654e-009	11374.4	14963.7	14803.1
14926	10430.3	118	1.#QNAN	0	0.031	0	3.97783e-009	11610.6	14926	14766.4
14885.4	10397.4	119	1.#QNAN	0	0.016	0	4.01427e-009	11275.1	14885.4	14726.7
14845.3	10364.3	120	1.#QNAN	0	0.015	0	4.13454e-009	11215.4	14845.3	14687.5
14806.3	10332.8	121	1.#QNAN	0	0.016	0	4.38377e-009	11272	14806.3	14649.4
14765	10299.6	122	1.#QNAN	0	0.016	0	4.20572e-009	10942.1	14765	14608.9
14725.6	10267.5	123	1.#QNAN	0	0.015	0	4.26989e-009	11076.3	14725.6	14570.4
14684.9	10234.8	124	1.#QNAN	0	0.016	0	4.22114e-009	10813.8	14684.9	14530.4
14644.2	10202.5	125	1.#QNAN	0	0.031	0	4.58915e-009	10719.5	14644.2	14490.4
14605.1	10171.2	126	1.#QNAN	0	0.016	0	4.50935e-009	10811.7	14605.1	14452
14564.9	10139.4	127	1.#QNAN	0	0.015	0	4.51511e-009	10649.1	14564.9	14412.5
14523.9	10107	128	1.#QNAN	0	0.016	0	4.80203e-009	10528.5	14523.9	14372.3
14485.8	10077	129	1.#QNAN	0	0.015	0	4.80543e-009	10704.6	14485.8	14334.9
14448.2	10047.1	130	1.#QNAN	0	0.016	0	4.90978e-009	10729.6	14448.2	14298.1
14408.2	10015.8	131	1.#QNAN	0	0.016	0	4.75624e-009	10399.2	14408.2	14258.7
14369.3	9985.38	132	1.#QNAN	0	0.031	0	5.05689e-009	10516.2	14369.3	14220.4
14331.1	9955.74	133	1.#QNAN	0	0.015	0	5.11347e-009	10508.9	14331.1	14182.9
14292.1	9925.27	134	1.#QNAN	0	0.016	0	5.35842e-009	10288.1	14292.1	14144.6
14252.7	9894.83	135	1.#QNAN	0	0.016	0	5.31749e-009	10200	14252.7	14105.7
14212.5	9863.88	136	1.#QNAN	0	0.015	0	5.33635e-009	10003.5	14212.5	14066.2
14174.2	9834.26	137	1.#QNAN	0	0.016	0	5.59443e-009	10124.8	14174.2	14028.5
14136.1	9804.74	138	1.#QNAN	0	0.015	0	5.60288e-009	10081.6	14136.1	13991
14098.2	9775.63	139	1.#QNAN	0	0.032	1	5.78546e-009	10023.9	14098.2	13953.7
14059.4	9745.35	140	1.#QNAN	0	0.015	0	5.79284e-009	9883.45	14059.4	13915.5
14020.5	9715.35	141	1.#QNAN	0	0.016	0	5.64281e-009	9787.19	14020.5	13877.1
13982.8	9686.48	142	1.#QNAN	0	0.015	0	6.01242e-009	9795.7	13982.8	13839.9
13945.5	9658.11	143	1.#QNAN	0	0.016	0	6.16376e-009	9799.99	13945.5	13803.2
13908	9629.65	144	1.#QNAN	0	0.016	0	6.08946e-009	9712.49	13908	13766.2
13869.8	9600.55	145	1.#QNAN	0	0.015	0	6.3179e-009	9539.52	13869.8	13728.5
13831.2	9570.74	146	1.#QNAN	0	0.016	0	6.43209e-009	9459.26	13831.2	13690.4
13792.6	9541.28	147	1.#QNAN	0	0.031	0	6.31893e-009	9339.33	13792.6	13652.4
13755	9512.66	148	1.#QNAN	0	0.016	0	6.77877e-009	9379.58	13755	13615.1
13717.4	9484.24	149	1.#QNAN	0	0.015	0	6.80916e-009	9325.21	13717.4	13578.1
13678.9	9454.67	150	1.#QNAN	0	0.016	0	7.04709e-009	9146.27	13678.9	13540
13639.7	9424.72	151	1.#QNAN	0	0.015	0	7.25178e-009	8997.01	13639.7	13501.1
13600.6	9394.85	152	1.#QNAN	0	0.016	0	7.59036e-009	9008.93	13600.6	13462.5
13560.4	9364.29	153	1.#QNAN	0	0.031	0	7.4063e-009	8763.27	13560.4	13422.6
13521.3	9335.14	154	1.#QNAN	0	0.016	0	7.92291e-009	8821.69	13521.3	13383.8
13481.5	9305.48	155	1.#QNAN	0	0.015	0	7.91066e-009	8757.81	13481.5	13344.4
13442.2	9275.45	156	1.#QNAN	0	0.016	0	8.10972e-009	8671.95	13442.2	13305.4
13401.8	9245.76	157	1.#QNAN	0	0.016	0	8.32729e-009	8455.58	13401.8	13265.4
13362.7	9217.12	158	1.#QNAN	0	0.015	0	8.5275e-009	8509	13362.7	13226.7
13322.6	9187.76	159	1.#QNAN	0	0.016	0	8.40618e-009	8256.13	13322.6	13186.9
13282.8	9158.55	160	1.#QNAN	0	0.016	0	8.69949e-009	8250.54	13282.8	13147.4
13242.5	9128.94	161	1.#QNAN	0	0.032	0	9.04049e-009	8159.35	13242.5	13107.4
13202.9	9099.78	162	1.#QNAN	0	0.015	0	8.9635e-009	8147.35	13202.9	13068
13163.6	9070.64	163	1.#QNAN	0	0.016	0	9.52947e-009	8111.13	13163.6	13029.1
13124.2	9041.84	164	1.#QNAN	0	0.015	0	9.95036e-009	8051.19	13124.2	12989.9
13084.5	9012.89	165	1.#QNAN	0	0.016	0	9.93482e-009	7915.5	13084.5	12950.6
13045.7	8984.53	166	1.#QNAN	0	0.016	0	1.01445e-008	8018.57	13045.7	12912
13006.3	8955.98	167	1.#QNAN	0	0.015	0	1.02667e-008	7801.78	13006.3	12872.9
12967.5	8927.7	168	1.#QNAN	0	0.031	0	1.0397e-008	7812.48	12967.5	12834.3
12928.3	8899.23	169	1.#QNAN	0	0.016	0	1.08689e-008	7741.68	12928.3	12795.3
12890.4	8871.85	170	1.#QNAN	0	0.016	0	1.12352e-008	7811.76	12890.4	12757.7
12852	8844.47	171	1.#QNAN	0	0.015	0	1.11657e-008	7729.89	12852	12719.6
12813.2	8816.81	172	1.#QNAN	0	0.016	0	1.16911e-008	7637.46	12813.2	12681
12774.9	8789.58	173	1.#QNAN	0	0.015	0	1.11184e-008	7656.05	12774.9	12643.1
12736.7	8762.39	174	1.#QNAN	0	0.032	0	1.16243e-008	7588.44	12736.7	12605.1
12698.9	8735.4	175	1.#QNAN	0	0.015	0	1.22292e-008	7574.65	12698.9	12567.6
12661	8708.42	176	1.#QNAN	0	0.016	0	1.22037e-008	7496.01	12661	12529.9
12623.2	8681.35	177	1.#QNAN	0	0.015	0	1.26898e-008	7477.63	12623.2	12492.3
12584.8	8654.1	178	1.#QNAN	0	0.016	0	1.32347e-008	7302.33	12584.8	12454.2
12546.8	8627.3	179	1.#QNAN	0	0.016	0	1.24255e-008	7334.58	12546.8	12416.4
12509.1	8600.75	180	1.#QNAN	0	0.015	0	1.31335e-008	7276.44	12509.1	12378.9
12471.7	8574.42	181	1.#QNAN	0	0.016	0	1.36181e-008	7263.75	12471.7	12341.7
12434.5	8548.12	182	1.#QNAN	0	0.031	0	1.33531e-008	7232.7	12434.5	12304.8
12397.3	8521.81	183	1.#QNAN	0	0.016	0	1.33703e-008	7196.06	12397.3	12267.8
12359.7	8495.18	184	1.#QNAN	0	0.015	0	1.36444e-008	7059.11	12359.7	12230.4
12322.8	8469.4	185	1.#QNAN	0	0.016	0	1.48565e-008	7045.25	12322.8	12193.8
12285.5	8443.29	186	1.#QNAN	0	0.015	0	1.43673e-008	6929.87	12285.5	12156.7
12249.1	8417.55	187	1.#QNAN	0	0.016	0	1.45897e-008	7006.99	12249.1	12120.5
12212	8391.74	188	1.#QNAN	0	0.016	0	1.49394e-008	6929.83	12212	12083.6
12174.9	8366.03	189	1.#QNAN	0	0.031	0	1.51324e-008	6887.36	12174.9	12046.7
12137.9	8340.27	190	1.#QNAN	0	0.015	0	1.60399e-008	6802.48	12137.9	12009.9
12100.7	8314.45	191	1.#QNAN	0	0.016	0	1.5815e-008	6729.85	12100.7	11973
12064.4	8289.16	192	1.#QNAN	0	0.016	0	1.62751e-008	6721.96	12064.4	11936.9
12027.6	8263.59	193	1.#QNAN	0	0.015	0	1.62928e-008	6676.81	12027.6	11900.3
11991.7	8238.44	194	1.#QNAN	0	0.016	0	1.70256e-008	6723.06	11991.7	11864.6
11955.1	8212.7	195	1.#QNAN	0	0.031	1	1.69011e-008	6565.11	11955.1	11828.1
11918.5	8187.22	196	1.#QNAN	0	0.016	0	1.78718e-008	6519.5	11918.5	11791.8
11882.6	8162.06	197	1.#QNAN	0	0.015	0	1.79066e-008	6518.71	11882.6	11756
11846.6	8137.11	198	1.#QNAN	0	0.016	0	1.75689e-008	6489.48	11846.6	11720.3
11811.2	8112.41	199	1.#QNAN	0	0.015	0	1.80271e-008	6500.95	11811.2	11685.1
11776.1	8088.01	200	1.#QNAN	0	0.016	0	1.85333e-008	6504.66	11776.1	11650.1
11741.3	8063.7	201	1.#QNAN	0	0.016	0	1.82162e-008	6552.04	11741.3	11615.5
11707	8039.85	202	1.#QNAN	0	0.031	0	1.86404e-008	6511.14	11707	11581.5
11672.4	8015.81	203	1.#QNAN	0	0.015	0	1.94675e-008	6439.83	11672.4	11547
11638.2	7992.16	204	1.#QNAN	0	0.016	0	1.98895e-008	6452.2	11638.2	11513
11603.8	7968.33	205	1.#QNAN	0	0.016	0	1.98472e-008	6425.8	11603.8	11478.9
11569.2	7944.29	206	1.#QNAN	0	0.015	0	2.01998e-008	6304.56	11569.2	11444.4
11535.3	7920.88	207	1.#QNAN	0	0.016	0	1.99784e-008	6320.24	11535.3	11410.7
11501.5	7897.5	208	1.#QNAN	0	0.031	0	2.05793e-008	6279.95	11501.5	11377.2
11467.8	7874.21	209	1.#QNAN	0	0.016	0	2.05255e-008	6274.32	11467.8	11343.7
11434.2	7851.08	210	1.#QNAN	0	0.015	0	2.22063e-008	6216.49	11434.2	11310.3
11400.7	7827.94	211	1.#QNAN	0	0.016	0	2.14869e-008	6219.12	11400.7	11277
11366.9	7804.82	212	1.#QNAN	0	0.015	0	2.20139e-008	6138.39	11366.9	11243.4
11333.8	7782.25	213	1.#QNAN	0	0.016	0	2.24502e-008	6221.05	11333.8	11210.5
11300.6	7759.53	214	1.#QNAN	0	0.031	0	2.2471e-008	6235.03	11300.6	11177.5
11267.5	7736.9	215	1.#QNAN	0	0.016	0	2.26862e-008	6094.61	11267.5	11144.6
11234.8	7714.56	216	1.#QNAN	0	0.015	0	2.29909e-008	6111.17	11234.8	11112.1
11202.5	7692.48	217	1.#QNAN	0	0.016	0	2.27751e-008	6159.81	11202.5	11080.1
11170.4	7670.72	218	1.#QNAN	0	0.016	0	2.27096e-008	6073.09	11170.4	11048.1
11138.4	7648.81	219	1.#QNAN	0	0.015	0	2.39658e-008	6020.82	11138.4	11016.3
11106.5	7627.34	220	1.#QNAN	0	0.031	0	2.39672e-008	5997.31	11106.5	10984.7
11075.3	7606.26	221	1.#QNAN	0	0.016	0	2.47169e-008	6101.99	11075.3	10953.6
11043.7	7584.96	222	1.#QNAN	0	0.016	0	2.42078e-008	6037.37	11043.7	10922.3
11012.8	7564.09	223	1.#QNAN	0	0.015	0	2.40934e-008	6082.05	11012.8	10891.6
10982.2	7543.31	224	1.#QNAN	0	0.016	0	2.61843e-008	6057.51	10982.2	10861.2
10951.3	7522.5	225	1.#QNAN	0	0.015	0	2.47757e-008	6067.95	10951.3	10830.5
10920.6	7501.72	226	1.#QNAN	0	0.016	0	2.55633e-008	6063.16	10920.6	10800
10890.1	7481.08	227	1.#QNAN	0	0.016	0	2.58256e-008	6001.98	10890.1	10769.7
10860.1	7460.88	228	1.#QNAN	0	0.031	0	2.59831e-008	6056.14	10860.1	10740
10830.1	7440.5	229	1.#QNAN	0	0.015	0	2.62739e-008	5989.18	10830.1	10710.1
10800.2	7420.39	230	1.#QNAN	0	0.016	0	2.7327e-008	5938.77	10800.2	10680.5
10770.6	7400.46	231	1.#QNAN	0	0.016	0	2.65703e-008	5924.53	10770.6	10651.1
10740.6	7380.29	232	1.#QNAN	0	0.015	0	2.76685e-008	5835.11	10740.6	10621.3
10710.6	7360.33	233	1.#QNAN	0	0.016	0	2.80471e-008	5843.77	10710.6	10591.5
10681.7	7340.81	234	1.#QNAN	0	0.015	0	2.77653e-008	5858.07	10681.7	10562.8
10652.8	7321.51	235	1.#QNAN	0	0.016	0	2.87609e-008	5819.15	10652.8	10534.1
10623.6	7302.1	236	1.#QNAN	0	0.031	0	2.95558e-008	5714.77	10623.6	10505.1
10594.1	7282.51	237	1.#QNAN	0	0.016	0	2.88614e-008	5686.62	10594.1	10475.8
10565.3	7263.42	238	1.#QNAN	0	0.015	0	2.95759e-008	5727.15	10565.3	10447.2
10536.3	7244.15	239	1.#QNAN	0	0.016	0	2.88951e-008	5749.32	10536.3	10418.5
10508.1	7225.49	240	1.#QNAN	0	0.016	0	3.07715e-008	5793.61	10508.1	10390.5
10479.9	7206.67	241	1.#QNAN	0	0.015	0	2.98794e-008	5779.04	10479.9	10362.5
10451.6	7187.83	242	1.#QNAN	0	0.016	0	3.03538e-008	5783	10451.6	10334.5
10423	7168.83	243	1.#QNAN	0	0.031	0	3.087e-008	5672.01	10423	10306.1
10394.7	7150.03	244	1.#QNAN	0	0.016	0	3.09412e-008	5683.3	10394.7	10278
10366.8	7131.6	245	1.#QNAN	0	0.015	0	3.1465e-008	5734.12	10366.8	10250.3
10338.7	7112.91	246	1.#QNAN	0	0.016	0	3.17802e-008	5623.4	10338.7	10222.4
10311.1	7094.56	247	1.#QNAN	0	0.015	0	3.13747e-008	5614.05	10311.1	10195
10283.7	7076.31	248	1.#QNAN	0	0.016	0	3.2174e-008	5639.09	10283.7	10167.9
10256.8	7058.49	249	1.#QNAN	0	0.031	0	3.13858e-008	5712.39	10256.8	10141.1
10229.7	7040.49	250	1.#QNAN	0	0.016	1	3.32698e-008	5593.38	10229.7	10114.2
10203	7022.84	251	1.#QNAN	0	0.015	0	3.23176e-008	5621.14	10203	10087.8
10176.2	7004.93	252	1.#QNAN	0	0.016	0	3.41176e-008	5581.36	10176.2	10061.2
10149.1	6986.96	253	1.#QNAN	0	0.016	0	3.48175e-008	5567.97	10149.1	10034.3
10122.9	6969.49	254	1.#QNAN	0	0.015	0	3.40138e-008	5625.96	10122.9	10008.3
10096.1	6951.8	255	1.#QNAN	0	0.016	0	3.48356e-008	5526.9	10096.1	9981.71
10069.7	6934.2	256	1.#QNAN	0	0.031	0	3.53733e-008	5510.84	10069.7	9955.51
10043.6	6916.85	257	1.#QNAN	0	0.016	0	3.50836e-008	5534.91	10043.6	9929.62
10017.6	6899.47	258	1.#QNAN	0	0.015	0	3.54941e-008	5487.63	10017.6	9903.77
9991.48	6882.1	259	1.#QNAN	0	0.016	0	3.52664e-008	5478.17	9991.48	9877.9
9965.51	6864.84	260	1.#QNAN	0	0.015	0	3.46221e-008	5458.97	9965.51	9852.14
9939.7	6847.75	261	1.#QNAN	0	0.016	0	3.67139e-008	5482.19	9939.7	9826.53
9914.42	6830.92	262	1.#QNAN	0	0.016	0	3.59511e-008	5540.38	9914.42	9801.46
9888.87	6814.11	263	1.#QNAN	0	0.015	0	3.60283e-008	5509.48	9888.87	9776.12
9863.36	6797.37	264	1.#QNAN	0	0.015	0	3.59076e-008	5448.56	9863.36	9750.81
9838.13	6780.7	265	1.#QNAN	0	0.016	0	3.55685e-008	5424.1	9838.13	9725.77
9813.09	6764.19	266	1.#QNAN	0	0.016	0	3.74335e-008	5442.88	9813.09	9700.95
9787.79	6747.52	267	1.#QNAN	0	0.015	0	3.63448e-008	5382.99	9787.79	9675.84
9763.04	6731.12	268	1.#QNAN	0	0.016	0	3.84272e-008	5445.11	9763.04	9651.3
9737.96	6714.58	269	1.#QNAN	0	0.015	0	3.95556e-008	5307.71	9737.96	9626.42
9713.23	6698.23	270	1.#QNAN	0	0.016	0	3.78332e-008	5332.71	9713.23	9601.9
9688.9	6682.22	271	1.#QNAN	0	0.016	0	3.98137e-008	5342.72	9688.9	9577.77
9664.75	6666.22	272	1.#QNAN	0	0.031	0	3.90376e-008	5322.19	9664.75	9553.83
9640.59	6650.27	273	1.#QNAN	0	0.015	0	3.83776e-008	5291.38	9640.59	9529.89
9616.52	6634.46	274	1.#QNAN	0	0.016	0	3.98885e-008	5274.54	9616.52	9506.02
9593.09	6619.01	275	1.#QNAN	0	0.016	0	3.87974e-008	5333.72	9593.09	9482.79
9569.34	6603.44	276	1.#QNAN	0	0.015	0	4.01134e-008	5353.74	9569.34	9459.26
9545.95	6587.94	277	1.#QNAN	0	0.016	0	4.14053e-008	5368.75	9545.95	9436.08
9522.46	6572.37	278	1.#QNAN	0	0.015	0	4.10466e-008	5271.7	9522.46	9412.81
9498.98	6556.86	279	1.#QNAN	0	0.032	0	4.09613e-008	5241.22	9498.98	9389.54
9475.66	6541.46	280	1.#QNAN	0	0.015	0	4.10322e-008	5237.54	9475.66	9366.43
9452.63	6526.18	281	1.#QNAN	0	0.016	0	4.31552e-008	5258.3	9452.63	9343.61
9429.91	6511.19	282	1.#QNAN	0	0.031	0	4.08519e-008	5245.5	9429.91	9321.11
9407.23	6496.16	283	1.#QNAN	0	0.016	0	4.14449e-008	5226.56	9407.23	9298.64
9384.66	6481.17	284	1.#QNAN	0	0.015	0	4.19127e-008	5191.24	9384.66	9276.3
9361.77	6465.96	285	1.#QNAN	0	0.016	0	4.32717e-008	5129.52	9361.77	9253.62
9339.53	6451.16	286	1.#QNAN	0	0.015	0	4.2089e-008	5213.2	9339.53	9231.61
9317.08	6436.21	287	1.#QNAN	0	0.016	0	4.24072e-008	5141.06	9317.08	9209.37
9294.49	6421.13	288	1.#QNAN	0	0.016	0	4.20348e-008	5074.15	9294.49	9187.01
9272.18	6406.3	289	1.#QNAN	0	0.031	0	4.32889e-008	5074.07	9272.18	9164.91
9249.94	6391.61	290	1.#QNAN	0	0.015	0	4.31406e-008	5113.48	9249.94	9142.88
9227.84	6377.06	291	1.#QNAN	0	0.016	0	4.52897e-008	5155.01	9227.84	9121
9206.09	6362.63	292	1.#QNAN	0	0.016	0	4.33926e-008	5110.2	9206.09	9099.47
9184.49	6348.24	293	1.#QNAN	0	0.015	0	4.38513e-008	5148.21	9184.49	9078.09
9162.99	6333.99	294	1.#QNAN	0	0.016	0	4.53787e-008	5103.64	9162.99	9056.8
9141.43	6319.73	295	1.#QNAN	0	0.015	0	4.52127e-008	5051.87	9141.43	9035.44
9119.97	6305.58	296	1.#QNAN	0	0.016	0	4.48398e-008	5137.52	9119.97	9014.2
9098.39	6291.32	297	1.#QNAN	0	0.031	0	4.50466e-008	5058.96	9098.39	8992.82
9076.89	6277.06	298	1.#QNAN	0	0.016	0	4.61171e-008	5008.52	9076.89	8971.53
9055.64	6263.09	299	1.#QNAN	0	0.015	0	4.57116e-008	5075.88	9055.64	8950.48
9034.66	6249.19	300	1.#QNAN	0	0.016	0	4.60232e-008	5070.46	9034.66	8929.71
9013.7	6235.25	301	1.#QNAN	0	0.016	0	4.5552e-008	5020.9	9013.7	8908.96
8992.86	6221.4	302	1.#QNAN	0	0.015	0	4.53918e-008	4974.39	8992.86	8888.33
8972.14	6207.64	303	1.#QNAN	0	0.016	0	4.6867e-008	5019.4	8972.14	8867.81
8951.63	6194.03	304	1.#QNAN	0	0.015	0	4.62532e-008	4982.83	8951.63	8847.51
8931.41	6180.55	305	1.#QNAN	0	0.032	0	4.93305e-008	5013.47	8931.41	8827.5
8911.22	6167.11	306	1.#QNAN	0	0.015	1	4.71199e-008	4996.53	8911.22	8807.51
8891.18	6153.82	307	1.#QNAN	0	0.016	0	4.74427e-008	5041.23	8891.18	8787.68
8871.11	6140.59	308	1.#QNAN	0	0.015	0	4.75526e-008	4906.48	8871.11	8767.8
8851.14	6127.45	309	1.#QNAN	0	0.016	0	4.96718e-008	4963.31	8851.14	8748.04
8831.45	6114.33	310	1.#QNAN	0	0.016	0	4.74744e-008	5000.43	8831.45	8728.57
8811.98	6101.4	311	1.#QNAN	0	0.015	0	4.79458e-008	5006.02	8811.98	8709.3
8792.29	6088.35	312	1.#QNAN	0	0.031	0	4.69694e-008	4954.36	8792.29	8689.83
8772.97	6075.63	313	1.#QNAN	0	0.016	0	4.71086e-008	5025.27	8772.97	8670.73
8753.81	6063.01	314	1.#QNAN	0	0.016	0	4.9357e-008	5008.31	8753.81	8651.79
8734.56	6050.39	315	1.#QNAN	0	0.015	0	4.91097e-008	5008.77	8734.56	8632.76
8715.59	6037.89	316	1.#QNAN	0	0.016	0	4.94439e-008	5000.77	8715.59	8614.01
8696.6	6025.49	317	1.#QNAN	0	0.015	0	4.90829e-008	5004.85	8696.6	8595.23
8677.71	6013.12	318	1.#QNAN	0	0.016	0	5.15467e-008	4960.52	8677.71	8576.55
8659.15	6000.94	319	1.#QNAN	0	0.031	0	5.08559e-008	4955.32	8659.15	8558.2
8640.49	5988.78	320	1.#QNAN	0	0.016	0	4.99901e-008	4963.31	8640.49	8539.75
8621.8	5976.62	321	1.#QNAN	0	0.015	0	4.98289e-008	4931.73	8621.8	8521.27
8603.3	5964.6	322	1.#QNAN	0	0.016	0	4.96384e-008	4947.38	8603.3	8502.98
8585	5952.7	323	1.#QNAN	0	0.016	0	5.01215e-008	4985.06	8585	8484.89
8566.8	5940.83	324	1.#QNAN	0	0.015	0	5.11782e-008	4986.26	8566.8	8466.91
8548.54	5928.97	325	1.#QNAN	0	0.016	0	5.23381e-008	4944.48	8548.54	8448.87
8530.38	5917.08	326	1.#QNAN	0	0.015	0	5.05336e-008	4945.92	8530.38	8430.93
8512.53	5905.39	327	1.#QNAN	0	0.032	0	5.10926e-008	4997.69	8512.53	8413.29
8494.81	5893.74	328	1.#QNAN	0	0.015	0	5.19961e-008	4976.68	8494.81	8395.78
8476.99	5882.08	329	1.#QNAN	0	0.016	0	5.33234e-008	4936.6	8476.99	8378.18
8459.34	5870.49	330	1.#QNAN	0	0.015	0	5.16069e-008	4931.12	8459.34	8360.76
8441.67	5858.88	331	1.#QNAN	0	0.016	0	5.24173e-008	4928.86	8441.67	8343.29
8424.22	5847.41	332	1.#QNAN	0	0.016	0	5.11937e-008	5023.84	8424.22	8326.06
8406.72	5836.03	333	1.#QNAN	0	0.015	0	5.20725e-008	4905.45	8406.72	8308.76
8389.25	5824.57	334	1.#QNAN	0	0.031	0	5.38119e-008	4903.94	8389.25	8291.51
8371.98	5813.27	335	1.#QNAN	0	0.016	0	5.53792e-008	4920.29	8371.98	8274.44
8354.53	5801.75	336	1.#QNAN	0	0.016	0	5.43943e-008	4899.6	8354.53	8257.2
8337.35	5790.44	337	1.#QNAN	0	0.015	0	5.22444e-008	4871.36	8337.35	8240.24
8320.35	5779.25	338	1.#QNAN	0	0.016	0	5.42593e-008	4881.53	8320.35	8223.44
8303.23	5768.02	339	1.#QNAN	0	0.015	0	5.42349e-008	4809.12	8303.23	8206.53
8286.41	5756.9	340	1.#QNAN	0	0.016	0	5.39861e-008	4845.53	8286.41	8189.9
8269.53	5745.75	341	1.#QNAN	0	0.016	0	5.6934e-008	4824.7	8269.53	8173.21
8252.77	5734.64	342	1.#QNAN	0	0.031	0	5.61392e-008	4858.81	8252.77	8156.66
8236.22	5723.58	343	1.#QNAN	0	0.015	0	5.61683e-008	4873.74	8236.22	8140.31
8219.51	5712.46	344	1.#QNAN	0	0.016	0	5.38002e-008	4785.56	8219.51	8123.8
8202.87	5701.44	345	1.#QNAN	0	0.016	0	5.51325e-008	4760.93	8202.87	8107.36
8186.49	5690.52	346	1.#QNAN	0	0.015	0	5.60275e-008	4855.87	8186.49	8091.18
8170.16	5679.7	347	1.#QNAN	0	0.016	0	5.62451e-008	4817.5	8170.16	8075.06
8153.84	5668.86	348	1.#QNAN	0	0.015	0	5.7276e-008	4890.64	8153.84	8058.94
8137.66	5658.1	349	1.#QNAN	0	0.016	0	5.6453e-008	4880.47	8137.66	8042.97
8121.61	5647.44	350	1.#QNAN	0	0.031	0	5.59341e-008	4850.98	8121.61	8027.13
8105.64	5636.79	351	1.#QNAN	0	0.016	0	5.84396e-008	4818.12	8105.64	8011.37
8089.78	5626.21	352	1.#QNAN	0	0.015	0	5.73461e-008	4818.96	8089.78	7995.72
8074.05	5615.62	353	1.#QNAN	0	0.016	0	5.9452e-008	4839.08	8074.05	7980.19
8058.27	5605.04	354	1.#QNAN	0	0.016	0	5.5342e-008	4788.77	8058.27	7964.61
8042.64	5594.53	355	1.#QNAN	0	0.015	0	6.00647e-008	4770.12	8042.64	7949.19
8026.95	5584	356	1.#QNAN	0	0.016	0	5.83256e-008	4784.51	8026.95	7933.7
8011.47	5573.61	357	1.#QNAN	0	0.015	0	5.96298e-008	4793.13	8011.47	7918.43
7995.88	5563.17	358	1.#QNAN	0	0.032	0	6.20231e-008	4745.77	7995.88	7903.05
7980.63	5552.89	359	1.#QNAN	0	0.015	0	6.09687e-008	4783.35	7980.63	7888
7965.51	5542.67	360	1.#QNAN	0	0.016	0	5.8531e-008	4806.67	7965.51	7873.09
7950.35	5532.52	361	1.#QNAN	0	0.015	0	5.97364e-008	4787.17	7950.35	7858.14
7935.13	5522.34	362	1.#QNAN	0	0.016	0	5.81778e-008	4738.18	7935.13	7843.12
7920.02	5512.16	363	1.#QNAN	0	0.016	1	5.94829e-008	4793.66	7920.02	7828.21
7904.98	5502.05	364	1.#QNAN	0	0.015	0	5.80077e-008	4780.13	7904.98	7813.38
7890.09	5492.06	365	1.#QNAN	0	0.031	0	6.14185e-008	4815.78	7890.09	7798.7
7875.44	5482.21	366	1.#QNAN	0	0.016	0	5.921e-008	4773.04	7875.44	7784.26
7860.67	5472.24	367	1.#QNAN	0	0.016	0	5.87986e-008	4734.37	7860.67	7769.69
7845.95	5462.36	368	1.#QNAN	0	0.015	0	6.17562e-008	4710.92	7845.95	7755.16
7831.25	5452.51	369	1.#QNAN	0	0.016	0	6.04824e-008	4660.45	7831.25	7740.65
7816.79	5442.81	370	1.#QNAN	0	0.015	0	6.02248e-008	4693.35	7816.79	7726.38
7802.41	5433.12	371	1.#QNAN	0	0.016	0	6.14919e-008	4714.17	7802.41	7712.2
7787.98	5423.4	372	1.#QNAN	0	0.015	0	6.00372e-008	4640.73	7787.98	7697.96
7773.5	5413.65	373	1.#QNAN	0	0.016	0	6.15377e-008	4665.32	7773.5	7683.68
7759.23	5404.07	374	1.#QNAN	0	0.015	0	6.31151e-008	4718.96	7759.23	7669.61
7745.01	5394.44	375	1.#QNAN	0	0.016	0	6.07157e-008	4670.37	7745.01	7655.58
7730.67	5384.81	376	1.#QNAN	0	0.016	0	5.94347e-008	4671.52	7730.67	7641.44
7716.7	5375.4	377	1.#QNAN	0	0.015	0	6.16873e-008	4715.35	7716.7	7627.66
7702.82	5366.04	378	1.#QNAN	0	0.016	0	6.05476e-008	4697.83	7702.82	7613.97
7689.01	5356.67	379	1.#QNAN	0	0.031	0	6.06141e-008	4678.36	7689.01	7600.35
7675.17	5347.3	380	1.#QNAN	0	0.016	0	6.36871e-008	4687.61	7675.17	7586.71
7661.48	5337.96	381	1.#QNAN	0	0.015	0	6.23987e-008	4754.33	7661.48	7573.22
7647.9	5328.69	382	1.#QNAN	0	0.016	0	5.9895e-008	4741.65	7647.9	7559.83
7634.51	5319.53	383	1.#QNAN	0	0.015	0	6.19741e-008	4762.02	7634.51	7546.64
7620.99	5310.27	384	1.#QNAN	0	0.016	0	6.30315e-008	4714.22	7620.99	7533.3
7607.64	5301.13	385	1.#QNAN	0	0.016	0	6.06924e-008	4758.98	7607.64	7520.14
7594.25	5291.96	386	1.#QNAN	0	0.015	0	6.22599e-008	4750.71	7594.25	7506.94
7580.78	5282.73	387	1.#QNAN	0	0.015	0	6.35743e-008	4736.35	7580.78	7493.66
7567.54	5273.61	388	1.#QNAN	0	0.016	0	6.32461e-008	4775.21	7567.54	7480.61
7554.33	5264.48	389	1.#QNAN	0	0.016	0	6.27113e-008	4707.97	7554.33	7467.59
7541.21	5255.46	390	1.#QNAN	0	0.015	0	6.48738e-008	4744.12	7541.21	7454.66
7528.16	5246.48	391	1.#QNAN	0	0.016	0	6.66372e-008	4719.12	7528.16	7441.81
7515.23	5237.53	392	1.#QNAN	0	0.015	0	6.50711e-008	4788.04	7515.23	7429.07
7502.11	5228.56	393	1.#QNAN	0	0.016	0	6.23161e-008	4674.67	7502.11	7416.15
7489.18	5219.63	394	1.#QNAN	0	0.031	0	6.5771e-008	4745.15	7489.18	7403.4
7476.22	5210.83	395	1.#QNAN	0	0.016	0	6.48231e-008	4736.57	7476.22	7390.63
7463.48	5202.14	396	1.#QNAN	0	0.015	0	6.66185e-008	4676.68	7463.48	7378.08
7450.77	5193.42	397	1.#QNAN	0	0.016	0	6.51822e-008	4721.67	7450.77	7365.56
7438.09	5184.77	398	1.#QNAN	0	0.016	0	6.63734e-008	4645.25	7438.09	7353.07
7425.7	5176.26	399	1.#QNAN	0	0.015	0	6.48686e-008	4689.06	7425.7	7340.87
7413.01	5167.58	400	1.#QNAN	0	0.031	0	6.85192e-008	4656.03	7413.01	7328.37
7400.53	5159.07	401	1.#QNAN	0	0.016	0	6.63555e-008	4639.52	7400.53	7316.06
7387.99	5150.56	402	1.#QNAN	0	0.016	0	6.78707e-008	4650.54	7387.99	7303.71
7375.62	5142.11	403	1.#QNAN	0	0.015	0	6.71959e-008	4630.98	7375.62	7291.53
7363.41	5133.8	404	1.#QNAN	0	0.016	0	7.07056e-008	4648.54	7363.41	7279.5
7351.15	5125.42	405	1.#QNAN	0	0.015	0	6.83152e-008	4670.21	7351.15	7267.43
7338.99	5117.08	406	1.#QNAN	0	0.016	0	6.67648e-008	4644.93	7338.99	7255.45
7326.87	5108.75	407	1.#QNAN	0	0.031	0	6.82373e-008	4683.38	7326.87	7243.52
7314.73	5100.37	408	1.#QNAN	0	0.016	0	6.84991e-008	4676.86	7314.73	7231.57
7302.7	5092.11	409	1.#QNAN	0	0.015	0	6.812e-008	4650.02	7302.7	7219.72
7290.74	5083.86	410	1.#QNAN	0	0.016	0	6.73299e-008	4711.56	7290.74	7207.94
7278.94	5075.72	411	1.#QNAN	0	0.016	0	6.94782e-008	4729.05	7278.94	7196.32
7267.22	5067.63	412	1.#QNAN	0	0.015	0	6.76929e-008	4714.4	7267.22	7184.78
7255.44	5059.54	413	1.#QNAN	0	0.016	0	6.76681e-008	4699.86	7255.44	7173.19
7243.7	5051.55	414	1.#QNAN	0	0.031	0	6.90218e-008	4676.78	7243.7	7161.63
7232.02	5043.49	415	1.#QNAN	0	0.016	0	7.17552e-008	4701.31	7232.02	7150.12
7220.39	5035.49	416	1.#QNAN	0	0.015	0	6.98226e-008	4635.84	7220.39	7138.66
7208.86	5027.57	417	1.#QNAN	0	0.016	0	7.1088e-008	4664.43	7208.86	7127.3
7197.29	5019.63	418	1.#QNAN	0	0.015	0	6.78726e-008	4658	7197.29	7115.92
7185.8	5011.69	419	1.#QNAN	0	0.016	1	6.76648e-008	4701.15	7185.8	7104.61
7174.58	5003.92	420	1.#QNAN	0	0.016	0	6.97549e-008	4720.84	7174.58	7093.58
7163.23	4996.13	421	1.#QNAN	0	0.016	0	7.28287e-008	4681.33	7163.23	7082.41
7151.86	4988.27	422	1.#QNAN	0	0.015	0	7.03479e-008	4668.44	7151.86	7071.22
7140.67	4980.46	423	1.#QNAN	0	0.016	0	7.14981e-008	4701.19	7140.67	7060.2
7129.36	4972.64	424	1.#QNAN	0	0.016	0	7.12265e-008	4681.75	7129.36	7049.08
7118.23	4964.97	425	1.#QNAN	0	0.015	0	7.44007e-008	4731.79	7118.23	7038.13
7107.21	4957.31	426	1.#QNAN	0	0.016	0	7.32368e-008	4707.44	7107.21	7027.29
7096.26	4949.71	427	1.#QNAN	0	0.015	0	7.06673e-008	4736.78	7096.26	7016.51
7085.31	4942.11	428	1.#QNAN	0	0.032	0	7.21845e-008	4695.61	7085.31	7005.74
7074.58	4934.62	429	1.#QNAN	0	0.015	0	7.3316e-008	4784.95	7074.58	6995.18
7063.77	4927.09	430	1.#QNAN	0	0.016	0	7.29816e-008	4743.46	7063.77	6984.55
7052.99	4919.57	431	1.#QNAN	0	0.015	0	7.04102e-008	4738.42	7052.99	6973.94
7042.26	4912.1	432	1.#QNAN	0	0.016	0	7.45938e-008	4748.47	7042.26	6963.38
7031.6	4904.6	433	1.#QNAN	0	0.016	0	7.28578e-008	4747.7	7031.6	6952.9
7020.96	4897.17	434	1.#QNAN	0	0.015	0	7.28095e-008	4728.81	7020.96	6942.44
7010.54	4889.83	435	1.#QNAN	0	0.031	0	7.54637e-008	4742.53	7010.54	6932.19
7000.13	4882.56	436	1.#QNAN	0	0.016	0	7.2162e-008	4706.78	7000.13	6921.96
6989.74	4875.3	437	1.#QNAN	0	0.016	0	7.40688e-008	4717.74	6989.74	6911.74
6979.48	4868.08	438	1.#QNAN	0	0.015	0	7.70786e-008	4728.62	6979.48	6901.65
6969.2	4860.81	439	1.#QNAN	0	0.031	0	7.68528e-008	4702.95	6969.2	6891.53
6958.96	4853.59	440	1.#QNAN	0	0.016	0	7.59262e-008	4724.65	6958.96	6881.47
6948.82	4846.46	441	1.#QNAN	0	0.015	0	7.56076e-008	4739.09	6948.82	6871.5
6938.79	4839.37	442	1.#QNAN	0	0.016	0	7.46e-008	4763.84	6938.79	6861.64
6928.69	4832.24	443	1.#QNAN	0	0.015	0	7.78755e-008	4756.85	6928.69	6851.72
6918.59	4825.17	444	1.#QNAN	0	0.016	0	7.59204e-008	4654.11	6918.59	6841.79
6908.63	4818.16	445	1.#QNAN	0	0.016	0	7.80619e-008	4695.69	6908.63	6832.01
6898.53	4811.09	446	1.#QNAN	0	0.031	0	7.65546e-008	4639.6	6898.53	6822.08
6888.54	4804.11	447	1.#QNAN	0	0.015	0	7.75083e-008	4653.97	6888.54	6812.26
6878.58	4797.17	448	1.#QNAN	0	0.016	0	7.8599e-008	4636.17	6878.58	6802.47
6868.69	4790.19	449	1.#QNAN	0	0.016	0	7.71483e-008	4661.32	6868.69	6792.75
6858.94	4783.33	450	1.#QNAN	0	0.015	0	7.44024e-008	4695.39	6858.94	6783.17
6849.29	4776.53	451	1.#QNAN	0	0.016	0	7.49633e-008	4662.08	6849.29	6773.68
6839.43	4769.67	452	1.#QNAN	0	0.015	0	8.09273e-008	4554.02	6839.43	6763.99
6829.77	4762.93	453	1.#QNAN	0	0.016	0	7.82203e-008	4626.76	6829.77	6754.5
6820.14	4756.23	454	1.#QNAN	0	0.015	0	8.01001e-008	4621.73	6820.14	6745.03
6810.61	4749.6	455	1.#QNAN	0	0.016	0	7.57991e-008	4597	6810.61	6735.67
6801.16	4742.97	456	1.#QNAN	0	0.015	0	7.66222e-008	4640.26	6801.16	6726.39
6791.62	4736.26	457	1.#QNAN	0	0.016	0	7.83414e-008	4613.45	6791.62	6717.01
6782.11	4729.58	458	1.#QNAN	0	0.016	0	7.92141e-008	4624.67	6782.11	6707.67
6772.66	4722.95	459	1.#QNAN	0	0.015	0	7.61762e-008	4602.84	6772.66	6698.38
6763.22	4716.26	460	1.#QNAN	0	0.016	0	7.91267e-008	4643.67	6763.22	6689.1
6753.93	4709.72	461	1.#QNAN	0	0.031	0	7.73982e-008	4653.43	6753.93	6679.97
6744.64	4703.12	462	1.#QNAN	0	0.016	0	7.88601e-008	4680.97	6744.64	6670.85
6735.31	4696.52	463	1.#QNAN	0	0.015	0	8.22416e-008	4668.48	6735.31	6661.68
6725.96	4689.88	464	1.#QNAN	0	0.016	0	8.17317e-008	4615.39	6725.96	6652.49
6716.65	4683.26	465	1.#QNAN	0	0.015	0	8.0115e-008	4637.17	6716.65	6643.35
6707.44	4676.69	466	1.#QNAN	0	0.016	0	8.03976e-008	4626.33	6707.44	6634.29
6698.28	4670.1	467	1.#QNAN	0	0.016	0	7.76923e-008	4627.36	6698.28	6625.29
6689.22	4663.63	468	1.#QNAN	0	0.015	0	8.06404e-008	4630.05	6689.22	6616.4
6680.16	4657.15	469	1.#QNAN	0	0.031	0	8.11129e-008	4588.29	6680.16	6607.5
6671.26	4650.81	470	1.#QNAN	0	0.016	0	8.14375e-008	4613.72	6671.26	6598.76
6662.37	4644.51	471	1.#QNAN	0	0.016	0	7.98481e-008	4617.57	6662.37	6590.04
6653.38	4638.19	472	1.#QNAN	0	0.015	0	8.00439e-008	4547.46	6653.38	6581.21
6644.52	4631.97	473	1.#QNAN	0	0.016	0	8.01714e-008	4579.57	6644.52	6572.51
6635.72	4625.79	474	1.#QNAN	0	0.015	1	7.68215e-008	4549.45	6635.72	6563.87
6627	4619.65	475	1.#QNAN	0	0.016	0	8.07342e-008	4570.17	6627	6555.31
6618.33	4613.54	476	1.#QNAN	0	0.031	0	7.96013e-008	4586.99	6618.33	6546.8
6609.69	4607.42	477	1.#QNAN	0	0.016	0	7.85716e-008	4562.28	6609.69	6538.32
6601.04	4601.33	478	1.#QNAN	0	0.015	0	7.79711e-008	4549.03	6601.04	6529.83
6592.43	4595.2	479	1.#QNAN	0	0.016	0	8.07601e-008	4547.8	6592.43	6521.39
6583.81	4589.11	480	1.#QNAN	0	0.016	0	8.24859e-008	4552.68	6583.81	6512.92
6575.3	4583.09	481	1.#QNAN	0	0.015	0	8.28943e-008	4557.33	6575.3	6504.58
6566.83	4577.06	482	1.#QNAN	0	0.016	0	8.26017e-008	4564.72	6566.83	6496.27
6558.4	4571.05	483	1.#QNAN	0	0.031	0	8.29555e-008	4544.44	6558.4	6488
6550.09	4565.13	484	1.#QNAN	0	0.016	0	8.29249e-008	4573.71	6550.09	6479.85
6541.88	4559.24	485	1.#QNAN	0	0.015	0	8.29155e-008	4630.71	6541.88	6471.79
6533.68	4553.39	486	1.#QNAN	0	0.016	0	8.3376e-008	4626.12	6533.68	6463.75
6525.52	4547.56	487	1.#QNAN	0	0.015	0	8.81665e-008	4633.72	6525.52	6455.75
6517.33	4541.69	488	1.#QNAN	0	0.016	0	8.72789e-008	4585.58	6517.33	6447.72
6509.29	4535.92	489	1.#QNAN	0	0.016	0	8.5313e-008	4596.63	6509.29	6439.83
6501.22	4530.17	490	1.#QNAN	0	0.016	0	8.41678e-008	4583.36	6501.22	6431.92
6493.1	4524.4	491	1.#QNAN	0	0.015	0	8.60063e-008	4589.6	6493.1	6423.96
6484.95	4518.62	492	1.#QNAN	0	0.016	0	8.65556e-008	4554.07	6484.95	6415.96
6476.86	4512.9	493	1.#QNAN	0	0.016	0	8.51399e-008	4593.34	6476.86	6408.03
6468.9	4507.29	494	1.#QNAN	0	0.015	0	8.80368e-008	4642.05	6468.9	6400.23
6460.89	4501.58	495	1.#QNAN	0	0.016	0	8.80269e-008	4616.35	6460.89	6392.37
6452.99	4495.93	496	1.#QNAN	0	0.015	0	8.68608e-008	4636.21	6452.99	6384.63
6445.01	4490.35	497	1.#QNAN	0	0.032	0	8.55222e-008	4571.57	6445.01	6376.8
6437.02	4484.76	498	1.#QNAN	0	0.015	0	8.51718e-008	4581.06	6437.02	6368.96
6429.19	4479.26	499	1.#QNAN	0	0.016	0	8.34439e-008	4621.63	6429.19	6361.29
6421.38	4473.79	500	1.#QNAN	0	0.015	0	9.03299e-008	4612.27	6421.38	6353.63
6413.61	4468.38	501	1.#QNAN	0	0.016	0	8.58302e-008	4627.26	6413.61	6346
6405.95	4463.03	502	1.#QNAN	0	0.016	0	9.01641e-008	4662.74	6405.95	6338.5
6398.38	4457.71	503	1.#QNAN	0	0.015	0	8.70285e-008	4693.2	6398.38	6331.08
6390.78	4452.39	504	1.#QNAN	0	0.016	0	8.67446e-008	4647.63	6390.78	6323.63
6383.19	4447.07	505	1.#QNAN	0	0.031	0	8.66314e-008	4610.54	6383.19	6316.19
6375.61	4441.78	506	1.#QNAN	0	0.016	0	8.34297e-008	4640.87	6375.61	6308.76
6368.21	4436.57	507	1.#QNAN	0	0.015	0	8.8232e-008	4679.92	6368.21	6301.51
6360.89	4431.4	508	1.#QNAN	0	0.016	0	8.64836e-008	4693.77	6360.89	6294.35
6353.63	4426.32	509	1.#QNAN	0	0.015	0	8.7309e-008	4671.96	6353.63	6287.23
6346.34	4421.24	510	1.#QNAN	0	0.016	0	8.76467e-008	4631.55	6346.34	6280.1
6339.03	4416.14	511	1.#QNAN	0	0.016	0	8.86996e-008	4624.07	6339.03	6272.93
6331.77	4411.04	512	1.#QNAN	0	0.015	0	9.01332e-008	4675.01	6331.77	6265.82
6324.52	4405.9	513	1.#QNAN	0	0.031	0	8.70751e-008	4651.9	6324.52	6258.73
6317.29	4400.81	514	1.#QNAN	0	0.016	0	9.05454e-008	4676.99	6317.29	6251.65
6310.22	4395.83	515	1.#QNAN	0	0.016	0	8.77478e-008	4685.92	6310.22	6244.72
6303.13	4390.87	516	1.#QNAN	0	0.015	0	9.02314e-008	4716.79	6303.13	6237.79
6296.03	4385.88	517	1.#QNAN	0	0.016	0	9.06806e-008	4701.74	6296.03	6230.84
6288.93	4380.85	518	1.#QNAN	0	0.015	0	8.70018e-008	4674.67	6288.93	6223.88
6281.86	4375.84	519	1.#QNAN	0	0.032	0	9.05019e-008	4711.83	6281.86	6216.96
6274.85	4370.89	520	1.#QNAN	0	0.015	0	9.04722e-008	4685.65	6274.85	6210.1
6267.86	4365.96	521	1.#QNAN	0	0.016	0	9.2185e-008	4698.72	6267.86	6203.26
6260.89	4361.03	522	1.#QNAN	0	0.015	0	9.30081e-008	4752.39	6260.89	6196.44
6253.97	4356.13	523	1.#QNAN	0	0.016	0	9.18581e-008	4703.1	6253.97	6189.66
6246.98	4351.24	524	1.#QNAN	0	0.016	0	9.25854e-008	4647.46	6246.98	6182.82
6240.1	4346.38	525	1.#QNAN	0	0.015	0	9.32533e-008	4705.54	6240.1	6176.09
6233.19	4341.51	526	1.#QNAN	0	0.031	0	9.1269e-008	4665.37	6233.19	6169.32
6226.28	4336.69	527	1.#QNAN	0	0.016	0	8.96048e-008	4666.45	6226.28	6162.55
6219.4	4331.9	528	1.#QNAN	0	0.016	0	9.04339e-008	4624.3	6219.4	6155.82
6212.75	4327.16	529	1.#QNAN	0	0.015	0	8.97068e-008	4675.81	6212.75	6149.31
6206.04	4322.43	530	1.#QNAN	0	0.016	1	9.29842e-008	4681.58	6206.04	6142.75
6199.35	4317.7	531	1.#QNAN	0	0.015	0	9.26255e-008	4658.76	6199.35	6136.2
6192.73	4312.99	532	1.#QNAN	0	0.016	0	9.04523e-008	4669.36	6192.73	6129.74
6186.07	4308.24	533	1.#QNAN	0	0.016	0	9.3219e-008	4669.69	6186.07	6123.22
6179.48	4303.55	534	1.#QNAN	0	0.031	0	9.57094e-008	4729.13	6179.48	6116.77
6172.86	4298.87	535	1.#QNAN	0	0.015	0	9.70837e-008	4628.73	6172.86	6110.3
6166.23	4294.14	536	1.#QNAN	0	0.016	0	9.38385e-008	4563.97	6166.23	6103.81
6159.67	4289.47	537	1.#QNAN	0	0.016	0	9.26843e-008	4563.49	6159.67	6097.39
6153.08	4284.75	538	1.#QNAN	0	0.015	0	9.48667e-008	4572.75	6153.08	6090.94
6146.53	4280.09	539	1.#QNAN	0	0.016	0	9.11961e-008	4540	6146.53	6084.54
6139.94	4275.39	540	1.#QNAN	0	0.015	0	9.37631e-008	4518.77	6139.94	6078.08
6133.43	4270.75	541	1.#QNAN	0	0.032	0	9.48257e-008	4524.54	6133.43	6071.71
6126.82	4266.03	542	1.#QNAN	0	0.015	0	9.84302e-008	4464.96	6126.82	6065.23
6120.27	4261.37	543	1.#QNAN	0	0.016	0	9.69333e-008	4493.22	6120.27	6058.82
6113.72	4256.72	544	1.#QNAN	0	0.015	0	9.43362e-008	4469.33	6113.72	6052.4
6107.18	4252.08	545	1.#QNAN	0	0.016	0	9.44314e-008	4481.33	6107.18	6045.99
6100.74	4247.47	546	1.#QNAN	0	0.016	0	9.53346e-008	4492.02	6100.74	6039.69
6094.37	4242.93	547	1.#QNAN	0	0.015	0	9.34415e-008	4489.36	6094.37	6033.44
6088	4238.4	548	1.#QNAN	0	0.016	0	9.87498e-008	4497.62	6088	6027.21
6081.71	4233.9	549	1.#QNAN	0	0.031	0	9.49944e-008	4478.96	6081.71	6021.05
6075.45	4229.4	550	1.#QNAN	0	0.016	0	9.92696e-008	4517.71	6075.45	6014.93
6069.1	4224.87	551	1.#QNAN	0	0.015	0	9.57341e-008	4514.2	6069.1	6008.72
6062.84	4220.44	552	1.#QNAN	0	0.016	0	9.5616e-008	4510.04	6062.84	6002.58
6056.57	4215.97	553	1.#QNAN	0	0.015	0	9.73484e-008	4478.88	6056.57	5996.45
6050.3	4211.52	554	1.#QNAN	0	0.016	0	1.00605e-007	4481.59	6050.3	5990.32
6044.12	4207.13	555	1.#QNAN	0	0.016	0	9.55275e-008	4530.01	6044.12	5984.27
6038	4202.77	556	1.#QNAN	0	0.031	0	9.53973e-008	4530.02	6038	5978.28
6031.91	4198.43	557	1.#QNAN	0	0.015	0	9.6713e-008	4559.54	6031.91	5972.33
6025.81	4194.09	558	1.#QNAN	0	0.016	0	9.58951e-008	4561.81	6025.81	5966.36
6019.81	4189.81	559	1.#QNAN	0	0.016	0	9.59858e-008	4568.37	6019.81	5960.5
6013.88	4185.56	560	1.#QNAN	0	0.015	0	9.55841e-008	4571.17	6013.88	5954.7
6007.83	4181.23	561	1.#QNAN	0	0.016	0	9.71931e-008	4529.83	6007.83	5948.79
6001.84	4176.96	562	1.#QNAN	0	0.015	0	9.77831e-008	4516.81	6001.84	5942.93
5995.85	4172.67	563	1.#QNAN	0	0.032	0	9.86924e-008	4558.85	5995.85	5937.07
5989.93	4168.42	564	1.#QNAN	0	0.015	0	9.88366e-008	4538.5	5989.93	5931.28
5984.08	4164.22	565	1.#QNAN	0	0.016	0	9.75376e-008	4525.86	5984.08	5925.56
5978.18	4159.97	566	1.#QNAN	0	0.015	0	9.62179e-008	4556.84	5978.18	5919.79
5972.33	4155.78	567	1.#QNAN	0	0.016	0	9.79528e-008	4538.33	5972.33	5914.06
5966.45	4151.54	568	1.#QNAN	0	0.016	0	9.56912e-008	4532.89	5966.45	5908.32
5960.65	4147.36	569	1.#QNAN	0	0.015	0	9.87367e-008	4560.44	5960.65	5902.64
5954.83	4143.16	570	1.#QNAN	0	0.031	0	9.95392e-008	4523.48	5954.83	5896.96
5949.04	4138.97	571	1.#QNAN	0	0.016	0	1.01483e-007	4492.63	5949.04	5891.29
5943.26	4134.81	572	1.#QNAN	0	0.016	0	1.03542e-007	4495.76	5943.26	5885.64
5937.55	4130.71	573	1.#QNAN	0	0.015	0	9.92921e-008	4529.19	5937.55	5880.05
5931.85	4126.62	574	1.#QNAN	0	0.016	0	9.90175e-008	4522.03	5931.85	5874.48
5926.11	4122.46	575	1.#QNAN	0	0.015	0	9.96738e-008	4506.54	5926.11	5868.87
5920.4	4118.3	576	1.#QNAN	0	0.016	0	1.00235e-007	4478.71	5920.4	5863.28
5914.76	4114.18	577	1.#QNAN	0	0.031	0	9.89076e-008	4493.85	5914.76	5857.77
5909.07	4110.06	578	1.#QNAN	0	0.016	0	9.83543e-008	4462.02	5909.07	5852.2
5903.49	4106.03	579	1.#QNAN	0	0.015	0	1.02459e-007	4492.07	5903.49	5846.74
5897.94	4101.98	580	1.#QNAN	0	0.016	0	1.04931e-007	4516.88	5897.94	5841.32
5892.39	4097.93	581	1.#QNAN	0	0.016	0	1.03213e-007	4477.4	5892.39	5835.9
5886.81	4093.84	582	1.#QNAN	0	0.015	0	1.0458e-007	4483.27	5886.81	5830.44
5881.28	4089.78	583	1.#QNAN	0	0.016	0	1.01956e-007	4486.22	5881.28	5825.03
5875.72	4085.7	584	1.#QNAN	0	0.015	0	1.07314e-007	4431.74	5875.72	5819.59
5870.2	4081.68	585	1.#QNAN	0	0.016	0	1.02825e-007	4454.88	5870.2	5814.2
5864.73	4077.68	586	1.#QNAN	0	0.015	1	1.01793e-007	4467.1	5864.73	5808.85
5859.29	4073.7	587	1.#QNAN	0	0.016	0	1.02869e-007	4420.42	5859.29	5803.54
5853.82	4069.66	588	1.#QNAN	0	0.015	0	9.98727e-008	4409.81	5853.82	5798.19
5848.41	4065.66	589	1.#QNAN	0	0.016	0	9.93829e-008	4430.73	5848.41	5792.9
5843.05	4061.72	590	1.#QNAN	0	0.016	0	9.80752e-008	4496.34	5843.05	5787.66
5837.7	4057.82	591	1.#QNAN	0	0.015	0	1.08551e-007	4413	5837.7	5782.44
5832.25	4053.85	592	1.#QNAN	0	0.031	0	1.01989e-007	4403.42	5832.25	5777.1
5826.95	4049.99	593	1.#QNAN	0	0.016	0	1.04721e-007	4400.03	5826.95	5771.92
5821.68	4046.12	594	1.#QNAN	0	0.016	0	1.02496e-007	4420.51	5821.68	5766.76
5816.45	4042.26	595	1.#QNAN	0	0.015	0	1.06868e-007	4474.83	5816.45	5761.65
5811.2	4038.39	596	1.#QNAN	0	0.016	0	1.08613e-007	4457.67	5811.2	5756.52
5805.98	4034.58	597	1.#QNAN	0	0.015	0	1.05945e-007	4463.81	5805.98	5751.42
5800.77	4030.73	598	1.#QNAN	0	0.016	0	9.97434e-008	4472.3	5800.77	5746.33
5795.61	4026.95	599	1.#QNAN	0	0.031	0	1.05683e-007	4519.29	5795.61	5741.29
5790.44	4023.13	600	1.#QNAN	0	0.016	0	1.03766e-007	4514.12	5790.44	5736.23
5785.24	4019.3	601	1.#QNAN	0	0.015	0	1.0524e-007	4509.78	5785.24	5731.15
5780.18	4015.57	602	1.#QNAN	0	0.016	0	1.03573e-007	4571.82	5780.18	5726.21
5775.14	4011.85	603	1.#QNAN	0	0.016	0	1.05815e-007	4606.85	5775.14	5721.28
5770.17	4008.19	604	1.#QNAN	0	0.015	0	9.94391e-008	4610.86	5770.17	5716.42
5765.06	4004.46	605	1.#QNAN	0	0.016	0	1.05136e-007	4487.37	5765.06	5711.43
5760.06	4000.78	606	1.#QNAN	0	0.031	0	1.07394e-007	4519.29	5760.06	5706.54
5755.06	3997.13	607	1.#QNAN	0	0.016	0	1.06314e-007	4560.73	5755.06	5701.67
5750.04	3993.43	608	1.#QNAN	0	0.015	0	1.0736e-007	4474.37	5750.04	5696.76
5744.96	3989.69	609	1.#QNAN	0	0.016	0	1.05705e-007	4482.19	5744.96	5691.8
5740.03	3986.03	610	1.#QNAN	0	0.015	0	1.05899e-007	4494.2	5740.03	5686.98
5735.06	3982.35	611	1.#QNAN	0	0.016	0	1.06494e-007	4459.99	5735.06	5682.12
5730.07	3978.64	612	1.#QNAN	0	0.016	0	1.05189e-007	4503.04	5730.07	5677.23
5725.17	3974.97	613	1.#QNAN	0	0.015	0	1.05178e-007	4557.68	5725.17	5672.45
5720.29	3971.31	614	1.#QNAN	0	0.031	0	1.10035e-007	4500.29	5720.29	5667.68
5715.5	3967.69	615	1.#QNAN	0	0.016	0	1.11625e-007	4565.21	5715.5	5663.01
5710.66	3964.04	616	1.#QNAN	0	0.016	0	1.06729e-007	4554.64	5710.66	5658.28
5705.89	3960.41	617	1.#QNAN	0	0.015	0	1.11835e-007	4537.15	5705.89	5653.62
5701.04	3956.77	618	1.#QNAN	0	0.016	0	1.06108e-007	4430.84	5701.04	5648.89
5696.21	3953.17	619	1.#QNAN	0	0.015	0	1.11818e-007	4460.99	5696.21	5644.16
5691.42	3949.61	620	1.#QNAN	0	0.016	0	1.11844e-007	4451.16	5691.42	5639.48
5686.63	3946.04	621	1.#QNAN	0	0.016	0	1.07333e-007	4438.14	5686.63	5634.8
5681.89	3942.5	622	1.#QNAN	0	0.016	0	1.09831e-007	4480.41	5681.89	5630.18
5677.16	3938.94	623	1.#QNAN	0	0.015	0	1.09929e-007	4464.54	5677.16	5625.56
5672.42	3935.38	624	1.#QNAN	0	0.016	0	1.12353e-007	4462.39	5672.42	5620.93
5667.69	3931.81	625	1.#QNAN	0	0.016	0	1.08148e-007	4417.73	5667.69	5616.31
5663.01	3928.29	626	1.#QNAN	0	0.015	0	1.10021e-007	4420.11	5663.01	5611.74
5658.28	3924.73	627	1.#QNAN	0	0.016	0	1.10498e-007	4432.71	5658.28	5607.13
5653.6	3921.21	628	1.#QNAN	0	0.015	0	1.10159e-007	4440.41	5653.6	5602.55
5648.94	3917.7	629	1.#QNAN	0	0.032	0	1.11822e-007	4412.97	5648.94	5598.01
5644.23	3914.21	630	1.#QNAN	0	0.015	0	1.10437e-007	4380.2	5644.23	5593.4
5639.58	3910.69	631	1.#QNAN	0	0.016	0	1.10486e-007	4472.88	5639.58	5588.86
5634.92	3907.17	632	1.#QNAN	0	0.015	0	1.13838e-007	4427.81	5634.92	5584.31
5630.3	3903.64	633	1.#QNAN	0	0.016	0	1.10533e-007	4437.87	5630.3	5579.79
5625.67	3900.14	634	1.#QNAN	0	0.031	0	1.14869e-007	4406.62	5625.67	5575.27
5621.06	3896.64	635	1.#QNAN	0	0.016	0	1.08735e-007	4451.86	5621.06	5570.76
5616.45	3893.13	636	1.#QNAN	0	0.015	0	1.10287e-007	4456.31	5616.45	5566.26
5611.9	3889.62	637	1.#QNAN	0	0.016	0	1.12519e-007	4469.34	5611.9	5561.81
5607.36	3886.14	638	1.#QNAN	0	0.016	0	1.10072e-007	4494.06	5607.36	5557.38
5602.92	3882.73	639	1.#QNAN	0	0.015	0	1.0979e-007	4461.43	5602.92	5553.05
5598.45	3879.32	640	1.#QNAN	0	0.016	0	1.12607e-007	4448.54	5598.45	5548.68
5593.97	3875.89	641	1.#QNAN	0	0.031	0	1.09555e-007	4428.19	5593.97	5544.3
5589.45	3872.48	642	1.#QNAN	0	0.016	1	1.10725e-007	4377.1	5589.45	5539.9
5584.87	3869.01	643	1.#QNAN	0	0.015	0	1.12662e-007	4347.96	5584.87	5535.42
5580.43	3865.62	644	1.#QNAN	0	0.016	0	1.12302e-007	4383.8	5580.43	5531.08
5576	3862.21	645	1.#QNAN	0	0.015	0	1.13451e-007	4377.95	5576	5526.75
5571.53	3858.77	646	1.#QNAN	0	0.016	0	1.11218e-007	4376.65	5571.53	5522.39
5567.13	3855.4	647	1.#QNAN	0	0.016	0	1.11381e-007	4382.27	5567.13	5518.1
5562.7	3852.03	648	1.#QNAN	0	0.031	0	1.11603e-007	4343.2	5562.7	5513.77
5558.34	3848.69	649	1.#QNAN	0	0.015	0	1.18001e-007	4362	5558.34	5509.51
5554.04	3845.38	650	1.#QNAN	0	0.016	0	1.12743e-007	4381.18	5554.04	5505.31
5549.68	3842.03	651	1.#QNAN	0	0.016	0	1.12164e-007	4323.34	5549.68	5501.06
5545.33	3838.67	652	1.#QNAN	0	0.015	0	1.08474e-007	4326.15	5545.33	5496.82
5540.95	3835.34	653	1.#QNAN	0	0.016	0	1.18991e-007	4310.83	5540.95	5492.54
5536.61	3832.07	654	1.#QNAN	0	0.015	0	1.07422e-007	4338.92	5536.61	5488.3
5532.28	3828.79	655	1.#QNAN	0	0.032	0	1.11115e-007	4320.75	5532.28	5484.07
5527.9	3825.51	656	1.#QNAN	0	0.015	0	1.14652e-007	4280.22	5527.9	5479.79
5523.47	3822.19	657	1.#QNAN	0	0.016	0	1.13609e-007	4281.58	5523.47	5475.46
5519.13	3818.93	658	1.#QNAN	0	0.015	0	1.15824e-007	4326.54	5519.13	5471.22
5514.78	3815.64	659	1.#QNAN	0	0.016	0	1.15384e-007	4303.08	5514.78	5466.96
5510.5	3812.39	660	1.#QNAN	0	0.016	0	1.20928e-007	4340.79	5510.5	5462.79
5506.27	3809.17	661	1.#QNAN	0	0.015	0	1.14014e-007	4364.68	5506.27	5458.65
5502.03	3805.93	662	1.#QNAN	0	0.031	0	1.15615e-007	4325.65	5502.03	5454.51
5497.78	3802.68	663	1.#QNAN	0	0.016	0	1.17119e-007	4322.77	5497.78	5450.35
5493.56	3799.42	664	1.#QNAN	0	0.016	0	1.14895e-007	4370.3	5493.56	5446.24
5489.41	3796.23	665	1.#QNAN	0	0.015	0	1.2249e-007	4383.57	5489.41	5442.19
5485.24	3793.04	666	1.#QNAN	0	0.016	0	1.17203e-007	4340.15	5485.24	5438.12
5481.11	3789.84	667	1.#QNAN	0	0.015	0	1.18439e-007	4412.4	5481.11	5434.09
5476.94	3786.64	668	1.#QNAN	0	0.016	0	1.15472e-007	4390.3	5476.94	5430.02
5472.87	3783.47	669	1.#QNAN	0	0.016	0	1.18699e-007	4455.83	5472.87	5426.04
5468.8	3780.32	670	1.#QNAN	0	0.031	0	1.14034e-007	4386.21	5468.8	5422.08
5464.7	3777.17	671	1.#QNAN	0	0.015	0	1.23907e-007	4378.38	5464.7	5418.08
5460.67	3774.05	672	1.#QNAN	0	0.016	0	1.13941e-007	4370.84	5460.67	5414.15
5456.67	3770.9	673	1.#QNAN	0	0.016	0	1.2299e-007	4447.83	5456.67	5410.25
5452.73	3767.83	674	1.#QNAN	0	0.015	0	1.18264e-007	4474.22	5452.73	5406.4
5448.78	3764.76	675	1.#QNAN	0	0.016	0	1.18997e-007	4485.63	5448.78	5402.56
5444.82	3761.71	676	1.#QNAN	0	0.015	0	1.16565e-007	4457.12	5444.82	5398.7
5440.94	3758.67	677	1.#QNAN	0	0.016	0	1.18271e-007	4486.58	5440.94	5394.9
5437.01	3755.63	678	1.#QNAN	0	0.031	0	1.16652e-007	4465.05	5437.01	5391.07
5433.12	3752.63	679	1.#QNAN	0	0.016	0	1.20283e-007	4494.86	5433.12	5387.28
5429.17	3749.57	680	1.#QNAN	0	0.015	0	1.19398e-007	4441.21	5429.17	5383.43
5425.33	3746.55	681	1.#QNAN	0	0.016	0	1.20842e-007	4503.27	5425.33	5379.69
5421.42	3743.49	682	1.#QNAN	0	0.016	0	1.18671e-007	4463.59	5421.42	5375.87
5417.54	3740.43	683	1.#QNAN	0	0.015	0	1.18293e-007	4461.7	5417.54	5372.09
5413.63	3737.37	684	1.#QNAN	0	0.016	0	1.20973e-007	4421.5	5413.63	5368.27
5409.79	3734.36	685	1.#QNAN	0	0.015	0	1.18434e-007	4410.24	5409.79	5364.53
5405.88	3731.3	686	1.#QNAN	0	0.032	0	1.20698e-007	4361.67	5405.88	5360.71
5402.09	3728.29	687	1.#QNAN	0	0.015	0	1.22417e-007	4410.28	5402.09	5357.02
5398.24	3725.27	688	1.#QNAN	0	0.016	0	1.17025e-007	4354.16	5398.24	5353.26
5394.37	3722.25	689	1.#QNAN	0	0.015	0	1.16691e-007	4328.04	5394.37	5349.49
5390.55	3719.25	690	1.#QNAN	0	0.016	0	1.19595e-007	4332.73	5390.55	5345.76
5386.73	3716.24	691	1.#QNAN	0	0.016	0	1.25777e-007	4391.65	5386.73	5342.03
5382.95	3713.25	692	1.#QNAN	0	0.015	0	1.22427e-007	4368.15	5382.95	5338.34
5379.07	3710.2	693	1.#QNAN	0	0.016	0	1.17806e-007	4317.69	5379.07	5334.56
5375.31	3707.24	694	1.#QNAN	0	0.031	0	1.19913e-007	4375.31	5375.31	5330.9
5371.48	3704.26	695	1.#QNAN	0	0.016	0	1.22908e-007	4310.29	5371.48	5327.16
5367.72	3701.29	696	1.#QNAN	0	0.015	0	1.24012e-007	4349.09	5367.72	5323.49
5363.94	3698.31	697	1.#QNAN	0	0.016	0	1.19915e-007	4318.95	5363.94	5319.8
5360.17	3695.32	698	1.#QNAN	0	0.015	0	1.26185e-007	4354.21	5360.17	5316.13
5356.37	3692.33	699	1.#QNAN	0	0.016	0	1.19162e-007	4309.68	5356.37	5312.43
5352.63	3689.37	700	1.#QNAN	0	0.016	1	1.24631e-007	4299.7	5352.63	5308.77
5348.87	3686.4	701	1.#QNAN	0	0.015	0	1.22419e-007	4336.09	5348.87	5305.09
5345.13	3683.44	702	1.#QNAN	0	0.031	0	1.19559e-007	4339.07	5345.13	5301.45
5341.36	3680.43	703	1.#QNAN	0	0.016	0	1.21033e-007	4341.61	5341.36	5297.77
5337.62	3677.47	704	1.#QNAN	0	0.016	0	1.21601e-007	4361.76	5337.62	5294.12
5333.94	3674.55	705	1.#QNAN	0	0.015	0	1.25292e-007	4392.66	5333.94	5290.54
5330.34	3671.64	706	1.#QNAN	0	0.016	0	1.22453e-007	4457.5	5330.34	5287.02
5326.75	3668.73	707	1.#QNAN	0	0.015	0	1.19903e-007	4422.55	5326.75	5283.53
5323.14	3665.81	708	1.#QNAN	0	0.032	0	1.26771e-007	4421.46	5323.14	5280.01
5319.48	3662.88	709	1.#QNAN	0	0.015	0	1.21879e-007	4414.67	5319.48	5276.44
5315.92	3660	710	1.#QNAN	0	0.016	0	1.20311e-007	4448.73	5315.92	5272.97
5312.35	3657.11	711	1.#QNAN	0	0.015	0	1.2759e-007	4454.13	5312.35	5269.5
5308.79	3654.22	712	1.#QNAN	0	0.016	0	1.26904e-007	4435.11	5308.79	5266.02
5305.21	3651.31	713	1.#QNAN	0	0.016	0	1.21489e-007	4438.77	5305.21	5262.53
5301.62	3648.37	714	1.#QNAN	0	0.015	0	1.28669e-007	4428.26	5301.62	5259.04
5298.04	3645.44	715	1.#QNAN	0	0.016	0	1.2192e-007	4443.52	5298.04	5255.54
5294.49	3642.54	716	1.#QNAN	0	0.031	0	1.23637e-007	4459.14	5294.49	5252.08
5290.91	3639.61	717	1.#QNAN	0	0.016	0	1.22194e-007	4460.49	5290.91	5248.58
5287.4	3636.71	718	1.#QNAN	0	0.015	0	1.25504e-007	4497.57	5287.4	5245.16
5283.92	3633.86	719	1.#QNAN	0	0.016	0	1.25983e-007	4469.1	5283.92	5241.77
5280.43	3631.01	720	1.#QNAN	0	0.015	0	1.24983e-007	4469.38	5280.43	5238.37
5276.93	3628.2	721	1.#QNAN	0	0.016	0	1.24621e-007	4377.55	5276.93	5234.95
5273.45	3625.41	722	1.#QNAN	0	0.016	0	1.24414e-007	4390.63	5273.45	5231.55
5269.95	3622.61	723	1.#QNAN	0	0.015	0	1.24129e-007	4373.6	5269.95	5228.14
5266.42	3619.76	724	1.#QNAN	0	0.031	0	1.29239e-007	4379.76	5266.42	5224.7
5262.91	3616.94	725	1.#QNAN	0	0.016	0	1.28282e-007	4372.78	5262.91	5221.27
5259.4	3614.11	726	1.#QNAN	0	0.016	0	1.27793e-007	4351.06	5259.4	5217.85
5255.9	3611.31	727	1.#QNAN	0	0.015	0	1.255e-007	4351.66	5255.9	5214.44
5252.42	3608.52	728	1.#QNAN	0	0.016	0	1.23926e-007	4296.09	5252.42	5211.04
5248.95	3605.74	729	1.#QNAN	0	0.015	0	1.30921e-007	4335.15	5248.95	5207.65
5245.46	3602.94	730	1.#QNAN	0	0.016	0	1.28521e-007	4326.52	5245.46	5204.24
5242.05	3600.17	731	1.#QNAN	0	0.016	0	1.27175e-007	4373.68	5242.05	5200.92
5238.58	3597.38	732	1.#QNAN	0	0.031	0	1.26178e-007	4381.01	5238.58	5197.54
5235.1	3594.6	733	1.#QNAN	0	0.015	0	1.23286e-007	4365.56	5235.1	5194.14
5231.65	3591.84	734	1.#QNAN	0	0.016	0	1.31573e-007	4358.49	5231.65	5190.77
5228.24	3589.1	735	1.#QNAN	0	0.016	0	1.28145e-007	4352.27	5228.24	5187.45
5224.86	3586.38	736	1.#QNAN	0	0.015	0	1.25044e-007	4314.26	5224.86	5184.14
5221.47	3583.66	737	1.#QNAN	0	0.016	0	1.31723e-007	4314.72	5221.47	5180.84
5218.03	3580.92	738	1.#QNAN	0	0.015	0	1.3183e-007	4261.26	5218.03	5177.48
5214.71	3578.26	739	1.#QNAN	0	0.016	0	1.27972e-007	4299.99	5214.71	5174.24
5211.35	3575.58	740	1.#QNAN	0	0.031	0	1.31418e-007	4341.7	5211.35	5170.97
5208	3572.9	741	1.#QNAN	0	0.016	0	1.23518e-007	4318.5	5208	5167.7
5204.67	3570.23	742	1.#QNAN	0	0.015	0	1.26302e-007	4329.67	5204.67	5164.45
5201.36	3567.59	743	1.#QNAN	0	0.016	0	1.2983e-007	4326.53	5201.36	5161.22
5198.08	3564.97	744	1.#QNAN	0	0.016	0	1.30805e-007	4301.54	5198.08	5158.02
5194.77	3562.35	745	1.#QNAN	0	0.015	0	1.28096e-007	4338	5194.77	5154.78
5191.46	3559.72	746	1.#QNAN	0	0.016	0	1.27682e-007	4332.17	5191.46	5151.56
5188.2	3557.11	747	1.#QNAN	0	0.015	0	1.29088e-007	4305.01	5188.2	5148.38
5184.94	3554.5	748	1.#QNAN	0	0.032	0	1.2986e-007	4318.96	5184.94	5145.2
5181.68	3551.9	749	1.#QNAN	0	0.015	0	1.27254e-007	4277.97	5181.68	5142.02
5178.47	3549.32	750	1.#QNAN	0	0.016	0	1.2689e-007	4299.09	5178.47	5138.89
5175.27	3546.73	751	1.#QNAN	0	0.015	0	1.23605e-007	4332.8	5175.27	5135.77
5172.08	3544.16	752	1.#QNAN	0	0.016	0	1.33461e-007	4325.68	5172.08	5132.66
5168.86	3541.57	753	1.#QNAN	0	0.016	0	1.28423e-007	4288.4	5168.86	5129.52
5165.62	3538.97	754	1.#QNAN	0	0.015	0	1.31984e-007	4278.4	5165.62	5126.37
5162.41	3536.37	755	1.#QNAN	0	0.016	0	1.32183e-007	4294.88	5162.41	5123.23
5159.24	3533.81	756	1.#QNAN	0	0.031	1	1.2913e-007	4317.62	5159.24	5120.14
5156.05	3531.25	757	1.#QNAN	0	0.016	0	1.24883e-007	4311.54	5156.05	5117.03
5152.9	3528.71	758	1.#QNAN	0	0.015	0	1.33894e-007	4318.38	5152.9	5113.96
5149.75	3526.16	759	1.#QNAN	0	0.016	0	1.28059e-007	4292.46	5149.75	5110.89
5146.62	3523.65	760	1.#QNAN	0	0.015	0	1.31004e-007	4318.34	5146.62	5107.84
5143.52	3521.14	761	1.#QNAN	0	0.016	0	1.25764e-007	4329.97	5143.52	5104.81
5140.45	3518.64	762	1.#QNAN	0	0.031	0	1.28099e-007	4313.14	5140.45	5101.82
5137.41	3516.16	763	1.#QNAN	0	0.016	0	1.2766e-007	4335.15	5137.41	5098.85
5134.36	3513.68	764	1.#QNAN	0	0.015	0	1.27959e-007	4309.63	5134.36	5095.89
5131.29	3511.19	765	1.#QNAN	0	0.016	0	1.31802e-007	4246.83	5131.29	5092.89
5128.23	3508.7	766	1.#QNAN	0	0.016	0	1.34819e-007	4266.86	5128.23	5089.91
5125.2	3506.22	767	1.#QNAN	0	0.015	0	1.35252e-007	4238.7	5125.2	5086.95
5122.18	3503.75	768	1.#QNAN	0	0.016	0	1.31223e-007	4301.25	5122.18	5084
5119.1	3501.25	769	1.#QNAN	0	0.015	0	1.30632e-007	4281.79	5119.1	5081
5116.05	3498.81	770	1.#QNAN	0	0.032	0	1.30071e-007	4282.54	5116.05	5078.03
5113.02	3496.36	771	1.#QNAN	0	0.015	0	1.30519e-007	4291.68	5113.02	5075.08
5110.04	3493.97	772	1.#QNAN	0	0.016	0	1.31686e-007	4244.94	5110.04	5072.18
5107	3491.51	773	1.#QNAN	0	0.015	0	1.29434e-007	4244.83	5107	5069.21
5104	3489.09	774	1.#QNAN	0	0.016	0	1.33244e-007	4300.48	5104	5066.29
5101	3486.66	775	1.#QNAN	0	0.016	0	1.32532e-007	4300.59	5101	5063.36
5098.06	3484.26	776	1.#QNAN	0	0.015	0	1.41448e-007	4340.47	5098.06	5060.5
5095.08	3481.85	777	1.#QNAN	0	0.016	0	1.33885e-007	4320.32	5095.08	5057.59
5092.11	3479.45	778	1.#QNAN	0	0.031	0	1.34303e-007	4296.44	5092.11	5054.7
5089.14	3477.04	779	1.#QNAN	0	0.016	0	1.37514e-007	4214.58	5089.14	5051.8
5086.15	3474.64	780	1.#QNAN	0	0.015	0	1.30699e-007	4183.62	5086.15	5048.88
5083.19	3472.27	781	1.#QNAN	0	0.016	0	1.33774e-007	4233.16	5083.19	5046
5080.3	3469.91	782	1.#QNAN	0	0.015	0	1.30051e-007	4271.01	5080.3	5043.18
5077.38	3467.58	783	1.#QNAN	0	0.016	0	1.33829e-007	4235.24	5077.38	5040.34
5074.46	3465.23	784	1.#QNAN	0	0.016	0	1.38373e-007	4234.66	5074.46	5037.49
5071.54	3462.86	785	1.#QNAN	0	0.015	0	1.38055e-007	4228.87	5071.54	5034.64
5068.6	3460.52	786	1.#QNAN	0	0.031	0	1.32795e-007	4168.27	5068.6	5031.78
5065.71	3458.2	787	1.#QNAN	0	0.016	0	1.29866e-007	4182.54	5065.71	5028.95
5062.81	3455.89	788	1.#QNAN	0	0.016	0	1.35645e-007	4124.04	5062.81	5026.13
5059.91	3453.57	789	1.#QNAN	0	0.015	0	1.31458e-007	4151.73	5059.91	5023.3
5057.03	3451.26	790	1.#QNAN	0	0.016	0	1.30242e-007	4144.06	5057.03	5020.5
5054.18	3448.97	791	1.#QNAN	0	0.015	0	1.35881e-007	4138.47	5054.18	5017.72
5051.35	3446.69	792	1.#QNAN	0	0.016	0	1.36089e-007	4140.97	5051.35	5014.96
5048.51	3444.41	793	1.#QNAN	0	0.031	0	1.36741e-007	4145.22	5048.51	5012.19
5045.65	3442.11	794	1.#QNAN	0	0.016	0	1.31012e-007	4165.22	5045.65	5009.41
5042.77	3439.81	795	1.#QNAN	0	0.015	0	1.33751e-007	4141.04	5042.77	5006.6
5039.97	3437.55	796	1.#QNAN	0	0.016	0	1.30313e-007	4212.49	5039.97	5003.87
5037.09	3435.25	797	1.#QNAN	0	0.016	0	1.3641e-007	4145.97	5037.09	5001.06
5034.2	3432.93	798	1.#QNAN	0	0.015	0	1.34835e-007	4166.8	5034.2	4998.24
5031.33	3430.63	799	1.#QNAN	0	0.016	0	1.31839e-007	4198.97	5031.33	4995.44
5028.47	3428.34	800	1.#QNAN	0	0.031	0	1.2999e-007	4193.19	5028.47	4992.65
5025.66	3426.08	801	1.#QNAN	0	0.016	0	1.32404e-007	4217.09	5025.66	4989.91
5022.79	3423.79	802	1.#QNAN	0	0.015	0	1.31578e-007	4158.04	5022.79	4987.12
5019.98	3421.53	803	1.#QNAN	0	0.016	0	1.33637e-007	4116.06	5019.98	4984.37
5017.24	3419.3	804	1.#QNAN	0	0.015	0	1.37252e-007	4191.71	5017.24	4981.7
5014.45	3417.02	805	1.#QNAN	0	0.016	0	1.39191e-007	4216.92	5014.45	4978.98
5011.76	3414.78	806	1.#QNAN	0	0.016	0	1.34659e-007	4200.99	5011.76	4976.35
5009.02	3412.55	807	1.#QNAN	0	0.015	0	1.39536e-007	4186.94	5009.02	4973.69
5006.32	3410.35	808	1.#QNAN	0	0.031	0	1.34729e-007	4208.27	5006.32	4971.05
5003.62	3408.13	809	1.#QNAN	0	0.016	0	1.37484e-007	4216.51	5003.62	4968.43
5000.93	3405.92	810	1.#QNAN	0	0.016	0	1.35842e-007	4210.7	5000.93	4965.81
4998.32	3403.74	811	1.#QNAN	0	0.015	0	1.36926e-007	4281.59	4998.32	4963.27
4995.63	3401.53	812	1.#QNAN	0	0.016	0	1.32378e-007	4181.37	4995.63	4960.64
4992.98	3399.35	813	1.#QNAN	0	0.015	1	1.4063e-007	4184.01	4992.98	4958.07
4990.25	3397.12	814	1.#QNAN	0	0.016	0	1.36402e-007	4189.93	4990.25	4955.41
4987.56	3394.91	815	1.#QNAN	0	0.016	0	1.3645e-007	4209.95	4987.56	4952.79
4984.87	3392.69	816	1.#QNAN	0	0.031	0	1.32428e-007	4213.64	4984.87	4950.16
4982.19	3390.5	817	1.#QNAN	0	0.015	0	1.36533e-007	4165.35	4982.19	4947.55
4979.51	3388.31	818	1.#QNAN	0	0.016	0	1.3792e-007	4185.2	4979.51	4944.94
4976.85	3386.14	819	1.#QNAN	0	0.016	0	1.36429e-007	4190.85	4976.85	4942.35
4974.27	3384	820	1.#QNAN	0	0.015	0	1.3689e-007	4233.16	4974.27	4939.84
4971.71	3381.87	821	1.#QNAN	0	0.016	0	1.36412e-007	4245.05	4971.71	4937.35
4969.12	3379.74	822	1.#QNAN	0	0.031	0	1.34373e-007	4221.76	4969.12	4934.83
4966.5	3377.57	823	1.#QNAN	0	0.016	0	1.30619e-007	4206.04	4966.5	4932.27
4963.92	3375.45	824	1.#QNAN	0	0.015	0	1.38744e-007	4178.23	4963.92	4929.76
4961.34	3373.31	825	1.#QNAN	0	0.016	0	1.35699e-007	4205.86	4961.34	4927.25
4958.78	3371.18	826	1.#QNAN	0	0.015	0	1.40422e-007	4225.47	4958.78	4924.76
4956.29	3369.08	827	1.#QNAN	0	0.016	0	1.39384e-007	4272.74	4956.29	4922.34
4953.77	3366.95	828	1.#QNAN	0	0.016	0	1.41076e-007	4272.1	4953.77	4919.9
4951.2	3364.81	829	1.#QNAN	0	0.015	0	1.40467e-007	4274.69	4951.2	4917.4
4948.68	3362.69	830	1.#QNAN	0	0.031	0	1.39664e-007	4259.1	4948.68	4914.95
4946.16	3360.56	831	1.#QNAN	0	0.016	0	1.37209e-007	4253.26	4946.16	4912.49
4943.62	3358.41	832	1.#QNAN	0	0.016	0	1.38484e-007	4236.06	4943.62	4910.03
4941.11	3356.3	833	1.#QNAN	0	0.015	0	1.3778e-007	4180.3	4941.11	4907.59
4938.63	3354.22	834	1.#QNAN	0	0.016	0	1.42652e-007	4179.46	4938.63	4905.17
4936.13	3352.13	835	1.#QNAN	0	0.015	0	1.41918e-007	4210.95	4936.13	4902.74
4933.65	3350.03	836	1.#QNAN	0	0.016	0	1.39332e-007	4226.5	4933.65	4900.33
4931.16	3347.97	837	1.#QNAN	0	0.031	0	1.40992e-007	4205.53	4931.16	4897.9
4928.65	3345.88	838	1.#QNAN	0	0.016	0	1.38428e-007	4196.26	4928.65	4895.46
4926.2	3343.83	839	1.#QNAN	0	0.015	0	1.42389e-007	4245.1	4926.2	4893.08
4923.75	3341.77	840	1.#QNAN	0	0.016	0	1.46184e-007	4248.21	4923.75	4890.7
4921.22	3339.66	841	1.#QNAN	0	0.016	0	1.3956e-007	4176.99	4921.22	4888.23
4918.71	3337.56	842	1.#QNAN	0	0.015	0	1.4048e-007	4148.98	4918.71	4885.79
4916.18	3335.45	843	1.#QNAN	0	0.016	0	1.40086e-007	4103.26	4916.18	4883.32
4913.72	3333.39	844	1.#QNAN	0	0.031	0	1.45172e-007	4176.74	4913.72	4880.93
4911.28	3331.35	845	1.#QNAN	0	0.016	0	1.41375e-007	4158.66	4911.28	4878.56
4908.78	3329.28	846	1.#QNAN	0	0.015	0	1.3683e-007	4092.98	4908.78	4876.12
4906.32	3327.22	847	1.#QNAN	0	0.016	0	1.37507e-007	4171.76	4906.32	4873.72
4903.82	3325.12	848	1.#QNAN	0	0.015	0	1.35538e-007	4131.84	4903.82	4871.28
4901.37	3323.07	849	1.#QNAN	0	0.016	0	1.42429e-007	4154.26	4901.37	4868.9
4898.97	3321.04	850	1.#QNAN	0	0.016	0	1.45124e-007	4151.38	4898.97	4866.56
4896.64	3319.05	851	1.#QNAN	0	0.015	0	1.40976e-007	4209.41	4896.64	4864.29
4894.29	3317.05	852	1.#QNAN	0	0.031	0	1.41785e-007	4181.83	4894.29	4862.01
4891.94	3315.03	853	1.#QNAN	0	0.016	0	1.46031e-007	4210.94	4891.94	4859.72
4889.52	3313	854	1.#QNAN	0	0.016	0	1.46287e-007	4100.86	4889.52	4857.37
4887.16	3311	855	1.#QNAN	0	0.015	0	1.41548e-007	4172.4	4887.16	4855.07
4884.79	3309	856	1.#QNAN	0	0.016	0	1.46115e-007	4131.87	4884.79	4852.76
4882.45	3307	857	1.#QNAN	0	0.015	0	1.38115e-007	4154.63	4882.45	4850.48
4880.11	3305	858	1.#QNAN	0	0.016	0	1.45924e-007	4176.99	4880.11	4848.2
4877.77	3302.99	859	1.#QNAN	0	0.031	0	1.3959e-007	4182.86	4877.77	4845.94
4875.47	3301.01	860	1.#QNAN	0	0.016	0	1.44538e-007	4169.83	4875.47	4843.69
4873.13	3299.04	861	1.#QNAN	0	0.015	0	1.39447e-007	4122.74	4873.13	4841.41
4870.8	3297.06	862	1.#QNAN	0	0.016	0	1.4306e-007	4140.52	4870.8	4839.15
4868.43	3295.03	863	1.#QNAN	0	0.016	0	1.46344e-007	4107.55	4868.43	4836.84
4866.1	3293.06	864	1.#QNAN	0	0.015	0	1.4647e-007	4110.56	4866.1	4834.58
4863.78	3291.06	865	1.#QNAN	0	0.016	0	1.37391e-007	4121.71	4863.78	4832.31
4861.37	3289.03	866	1.#QNAN	0	0.015	0	1.4085e-007	4054.32	4861.37	4829.96
4859.04	3287.03	867	1.#QNAN	0	0.032	0	1.37029e-007	4100.57	4859.04	4827.7
4856.73	3285.06	868	1.#QNAN	0	0.015	0	1.4075e-007	4071.04	4856.73	4825.44
4854.42	3283.05	869	1.#QNAN	0	0.016	1	1.45752e-007	4088.69	4854.42	4823.19
4852.11	3281.07	870	1.#QNAN	0	0.015	0	1.45776e-007	4102.99	4852.11	4820.95
4849.85	3279.12	871	1.#QNAN	0	0.016	0	1.42069e-007	4159.91	4849.85	4818.75
4847.57	3277.14	872	1.#QNAN	0	0.016	0	1.44149e-007	4141.5	4847.57	4816.53
4845.25	3275.15	873	1.#QNAN	0	0.015	0	1.37444e-007	4077.74	4845.25	4814.26
4842.93	3273.15	874	1.#QNAN	0	0.031	0	1.45077e-007	4115.2	4842.93	4812.01
4840.7	3271.21	875	1.#QNAN	0	0.016	0	1.41859e-007	4167.68	4840.7	4809.83
4838.39	3269.21	876	1.#QNAN	0	0.016	0	1.46143e-007	4100.59	4838.39	4807.58
4836.06	3267.22	877	1.#QNAN	0	0.015	0	1.42188e-007	4078.42	4836.06	4805.32
4833.76	3265.25	878	1.#QNAN	0	0.016	0	1.40991e-007	4070.74	4833.76	4803.07
4831.51	3263.3	879	1.#QNAN	0	0.015	0	1.44335e-007	4079.13	4831.51	4800.87
4829.24	3261.35	880	1.#QNAN	0	0.016	0	1.44557e-007	4123.97	4829.24	4798.67
4826.95	3259.39	881	1.#QNAN	0	0.031	0	1.42546e-007	4072.22	4826.95	4796.43
4824.63	3257.41	882	1.#QNAN	0	0.016	0	1.44834e-007	4083.62	4824.63	4794.18
4822.39	3255.46	883	1.#QNAN	0	0.015	0	1.44092e-007	4114.87	4822.39	4791.99
4820.15	3253.53	884	1.#QNAN	0	0.016	0	1.44171e-007	4096.26	4820.15	4789.81
4817.91	3251.61	885	1.#QNAN	0	0.016	0	1.4927e-007	4088.83	4817.91	4787.63
4815.69	3249.68	886	1.#QNAN	0	0.015	0	1.43354e-007	4129.73	4815.69	4785.46
4813.49	3247.72	887	1.#QNAN	0	0.031	0	1.43238e-007	4174.54	4813.49	4783.32
4811.29	3245.78	888	1.#QNAN	0	0.016	0	1.43547e-007	4129.17	4811.29	4781.18
4809.17	3243.9	889	1.#QNAN	0	0.016	0	1.48697e-007	4155.97	4809.17	4779.12
4807.04	3242.02	890	1.#QNAN	0	0.015	0	1.4767e-007	4121.95	4807.04	4777.05
4804.82	3240.1	891	1.#QNAN	0	0.016	0	1.49017e-007	4049.25	4804.82	4774.88
4802.66	3238.22	892	1.#QNAN	0	0.015	0	1.44014e-007	4099.51	4802.66	4772.78
4800.48	3236.33	893	1.#QNAN	0	0.016	0	1.47991e-007	4078.32	4800.48	4770.66
4798.31	3234.45	894	1.#QNAN	0	0.031	0	1.47947e-007	4038.38	4798.31	4768.54
4796.16	3232.59	895	1.#QNAN	0	0.016	0	1.41749e-007	4062.15	4796.16	4766.44
4794.03	3230.74	896	1.#QNAN	0	0.015	0	1.43592e-007	4100.21	4794.03	4764.37
4791.91	3228.91	897	1.#QNAN	0	0.016	0	1.41471e-007	4088.69	4791.91	4762.31
4789.77	3227.07	898	1.#QNAN	0	0.016	0	1.48471e-007	4059.21	4789.77	4760.23
4787.69	3225.24	899	1.#QNAN	0	0.015	0	1.41449e-007	4129.3	4787.69	4758.19
4785.54	3223.38	900	1.#QNAN	0	0.016	0	1.47202e-007	4098.94	4785.54	4756.11
4783.41	3221.55	901	1.#QNAN	0	0.031	0	1.43415e-007	4067.7	4783.41	4754.03
4781.22	3219.68	902	1.#QNAN	0	0.016	0	1.4473e-007	4052.82	4781.22	4751.89
4779.09	3217.83	903	1.#QNAN	0	0.015	0	1.41952e-007	4054.54	4779.09	4749.82
4776.96	3216	904	1.#QNAN	0	0.016	0	1.41462e-007	4027.17	4776.96	4747.74
4774.87	3214.16	905	1.#QNAN	0	0.015	0	1.45985e-007	4103.58	4774.87	4745.7
4772.82	3212.36	906	1.#QNAN	0	0.016	0	1.4693e-007	4098.66	4772.82	4743.7
4770.73	3210.54	907	1.#QNAN	0	0.016	0	1.46193e-007	4076.9	4770.73	4741.67
4768.69	3208.73	908	1.#QNAN	0	0.015	0	1.53692e-007	4087.6	4768.69	4739.68
4766.65	3206.93	909	1.#QNAN	0	0.016	0	1.47182e-007	4063.43	4766.65	4737.7
4764.64	3205.15	910	1.#QNAN	0	0.031	0	1.39795e-007	4102.25	4764.64	4735.74
4762.66	3203.39	911	1.#QNAN	0	0.016	0	1.46221e-007	4138.94	4762.66	4733.81
4760.64	3201.61	912	1.#QNAN	0	0.015	0	1.49029e-007	4082.48	4760.64	4731.85
4758.64	3199.83	913	1.#QNAN	0	0.016	0	1.47037e-007	4129.1	4758.64	4729.9
4756.67	3198.06	914	1.#QNAN	0	0.015	0	1.48088e-007	4151.86	4756.67	4727.98
4754.66	3196.27	915	1.#QNAN	0	0.016	0	1.50067e-007	4130.79	4754.66	4726.03
4752.69	3194.5	916	1.#QNAN	0	0.016	0	1.50354e-007	4179.58	4752.69	4724.11
4750.73	3192.73	917	1.#QNAN	0	0.031	0	1.4925e-007	4245.22	4750.73	4722.21
4748.72	3190.94	918	1.#QNAN	0	0.015	0	1.54424e-007	4158.22	4748.72	4720.26
4746.69	3189.17	919	1.#QNAN	0	0.016	0	1.4724e-007	4091.9	4746.69	4718.28
4744.77	3187.44	920	1.#QNAN	0	0.016	0	1.50267e-007	4189.23	4744.77	4716.41
4742.81	3185.69	921	1.#QNAN	0	0.015	0	1.48409e-007	4132.15	4742.81	4714.51
4740.86	3183.93	922	1.#QNAN	0	0.016	0	1.42618e-007	4125.03	4740.86	4712.61
4738.9	3182.19	923	1.#QNAN	0	0.015	0	1.45339e-007	4116	4738.9	4710.71
4736.96	3180.46	924	1.#QNAN	0	0.032	0	1.51163e-007	4124.68	4736.96	4708.81
4735.01	3178.72	925	1.#QNAN	0	0.015	1	1.52121e-007	4115.3	4735.01	4706.92
4733.05	3176.97	926	1.#QNAN	0	0.016	0	1.48326e-007	4111.83	4733.05	4705.01
4731.11	3175.24	927	1.#QNAN	0	0.015	0	1.5013e-007	4127.85	4731.11	4703.12
4729.16	3173.51	928	1.#QNAN	0	0.016	0	1.48922e-007	4117.57	4729.16	4701.23
4727.23	3171.82	929	1.#QNAN	0	0.016	0	1.49384e-007	4112.61	4727.23	4699.35
4725.31	3170.12	930	1.#QNAN	0	0.015	0	1.46141e-007	4118.61	4725.31	4697.48
4723.42	3168.43	931	1.#QNAN	0	0.031	0	1.4696e-007	4175.57	4723.42	4695.64
4721.53	3166.73	932	1.#QNAN	0	0.016	0	1.5045e-007	4180.66	4721.53	4693.81
4719.63	3165.04	933	1.#QNAN	0	0.016	0	1.48439e-007	4118.96	4719.63	4691.95
4717.73	3163.34	934	1.#QNAN	0	0.015	0	1.4585e-007	4143.54	4717.73	4690.1
4715.84	3161.66	935	1.#QNAN	0	0.016	0	1.49963e-007	4124.8	4715.84	4688.26
4713.95	3159.98	936	1.#QNAN	0	0.015	0	1.47744e-007	4137.54	4713.95	4686.42
4712.1	3158.33	937	1.#QNAN	0	0.016	0	1.4808e-007	4135.34	4712.1	4684.62
4710.24	3156.65	938	1.#QNAN	0	0.031	0	1.44685e-007	4133.54	4710.24	4682.81
4708.31	3154.97	939	1.#QNAN	0	0.016	0	1.51013e-007	4112.38	4708.31	4680.94
4706.39	3153.28	940	1.#QNAN	0	0.015	0	1.51852e-007	4106.56	4706.39	4679.06
4704.48	3151.59	941	1.#QNAN	0	0.016	0	1.50116e-007	4087.12	4704.48	4677.2
4702.56	3149.89	942	1.#QNAN	0	0.016	0	1.47629e-007	4077.45	4702.56	4675.33
4700.69	3148.22	943	1.#QNAN	0	0.015	0	1.50733e-007	4138.5	4700.69	4673.52
4698.82	3146.56	944	1.#QNAN	0	0.016	0	1.48349e-007	4107.56	4698.82	4671.69
4696.99	3144.92	945	1.#QNAN	0	0.015	0	1.49276e-007	4150.15	4696.99	4669.91
4695.12	3143.26	946	1.#QNAN	0	0.032	0	1.46801e-007	4098.03	4695.12	4668.09
4693.26	3141.61	947	1.#QNAN	0	0.015	0	1.45478e-007	4085.44	4693.26	4666.28
4691.39	3139.95	948	1.#QNAN	0	0.016	0	1.54689e-007	4073.94	4691.39	4664.46
4689.54	3138.3	949	1.#QNAN	0	0.015	0	1.51148e-007	4098.95	4689.54	4662.65
4687.71	3136.67	950	1.#QNAN	0	0.016	0	1.46931e-007	4113.18	4687.71	4660.87
4685.93	3135.05	951	1.#QNAN	0	0.016	0	1.46188e-007	4187.55	4685.93	4659.14
4684.09	3133.4	952	1.#QNAN	0	0.031	0	1.4745e-007	4124.43	4684.09	4657.35
4682.25	3131.74	953	1.#QNAN	0	0.015	0	1.4906e-007	4129.27	4682.25	4655.55
4680.4	3130.09	954	1.#QNAN	0	0.016	0	1.45892e-007	4108.8	4680.4	4653.76
4678.57	3128.45	955	1.#QNAN	0	0.016	0	1.59198e-007	4097.12	4678.57	4651.97
4676.76	3126.84	956	1.#QNAN	0	0.031	0	1.48229e-007	4093.08	4676.76	4650.21
4674.97	3125.24	957	1.#QNAN	0	0.015	0	1.46665e-007	4098.92	4674.97	4648.46
4673.16	3123.64	958	1.#QNAN	0	0.016	0	1.4793e-007	4069.28	4673.16	4646.7
4671.31	3122.01	959	1.#QNAN	0	0.016	0	1.50002e-007	4026.39	4671.31	4644.9
4669.46	3120.37	960	1.#QNAN	0	0.015	0	1.42408e-007	3984.86	4669.46	4643.1
4667.65	3118.75	961	1.#QNAN	0	0.016	0	1.48939e-007	4064.17	4667.65	4641.34
4665.84	3117.13	962	1.#QNAN	0	0.015	0	1.52406e-007	4013.02	4665.84	4639.57
4664.03	3115.52	963	1.#QNAN	0	0.032	0	1.51354e-007	4020.28	4664.03	4637.81
4662.23	3113.91	964	1.#QNAN	0	0.015	0	1.49581e-007	4025.5	4662.23	4636.05
4660.44	3112.33	965	1.#QNAN	0	0.016	0	1.50812e-007	4047.95	4660.44	4634.31
4658.6	3110.72	966	1.#QNAN	0	0.015	0	1.52056e-007	3984.11	4658.6	4632.52
4656.85	3109.15	967	1.#QNAN	0	0.016	0	1.44316e-007	4057.66	4656.85	4630.81
4655.1	3107.6	968	1.#QNAN	0	0.016	0	1.52264e-007	4085.67	4655.1	4629.11
4653.34	3106	969	1.#QNAN	0	0.015	0	1.52005e-007	4086	4653.34	4627.4
4651.58	3104.39	970	1.#QNAN	0	0.031	0	1.51653e-007	4112.42	4651.58	4625.69
4649.78	3102.78	971	1.#QNAN	0	0.016	0	1.50797e-007	4064.16	4649.78	4623.93
4648.02	3101.19	972	1.#QNAN	0	0.016	0	1.51363e-007	4063.54	4648.02	4622.22
4646.28	3099.62	973	1.#QNAN	0	0.015	0	1.53542e-007	4109.42	4646.28	4620.53
4644.48	3098.03	974	1.#QNAN	0	0.016	0	1.51112e-007	4028.67	4644.48	4618.77
4642.72	3096.48	975	1.#QNAN	0	0.015	0	1.49214e-007	4039.06	4642.72	4617.06
4640.9	3094.91	976	1.#QNAN	0	0.016	0	1.50939e-007	4004.47	4640.9	4615.29
4639.16	3093.37	977	1.#QNAN	0	0.016	0	1.49234e-007	4070.41	4639.16	4613.59
4637.37	3091.79	978	1.#QNAN	0	0.031	0	1.50372e-007	4018.93	4637.37	4611.84
4635.53	3090.2	979	1.#QNAN	0	0.015	0	1.47731e-007	3963.61	4635.53	4610.05
4633.76	3088.64	980	1.#QNAN	0	0.016	0	1.49784e-007	3972.09	4633.76	4608.32
4631.96	3087.07	981	1.#QNAN	0	0.016	1	1.5308e-007	3970.41	4631.96	4606.56
4630.16	3085.5	982	1.#QNAN	0	0.015	0	1.4981e-007	3979.36	4630.16	4604.81
4628.32	3083.92	983	1.#QNAN	0	0.016	0	1.51954e-007	3918.16	4628.32	4603.02
4626.52	3082.35	984	1.#QNAN	0	0.015	0	1.53651e-007	3947.68	4626.52	4601.26
4624.65	3080.73	985	1.#QNAN	0	0.016	0	1.51633e-007	3914.19	4624.65	4599.44
4622.84	3079.14	986	1.#QNAN	0	0.031	0	1.47669e-007	3912.28	4622.84	4597.67
4621.06	3077.59	987	1.#QNAN	0	0.016	0	1.55698e-007	3913.01	4621.06	4595.93
4619.29	3076.07	988	1.#QNAN	0	0.015	0	1.52566e-007	3935.24	4619.29	4594.21
4617.52	3074.54	989	1.#QNAN	0	0.016	0	1.51894e-007	3915.94	4617.52	4592.47
4615.79	3073.03	990	1.#QNAN	0	0.016	0	1.53218e-007	3942.33	4615.79	4590.79
4614.06	3071.5	991	1.#QNAN	0	0.015	0	1.56313e-007	3969.72	4614.06	4589.1
4612.34	3069.99	992	1.#QNAN	0	0.016	0	1.55524e-007	3938.29	4612.34	4587.43
4610.63	3068.47	993	1.#QNAN	0	0.031	0	1.51612e-007	3977.49	4610.63	4585.76
4608.93	3066.96	994	1.#QNAN	0	0.016	0	1.52959e-007	4001.3	4608.93	4584.1
4607.22	3065.45	995	1.#QNAN	0	0.015	0	1.53738e-007	3967.88	4607.22	4582.44
4605.49	3063.93	996	1.#QNAN	0	0.016	0	1.58985e-007	3970.57	4605.49	4580.75
4603.82	3062.44	997	1.#QNAN	0	0.015	0	1.56509e-007	4004.3	4603.82	4579.12
4602.12	3060.95	998	1.#QNAN	0	0.016	0	1.54316e-007	4000.91	4602.12	4577.47
4600.45	3059.45	999	1.#QNAN	0	0.016	0	1.52659e-007	4017.78	4600.45	4575.84
4598.76	3057.98	1000	1.#QNAN	0	0.031	0	1.46166e-007	3980.06	4598.76	4574.19
4597.07	3056.5	1001	1.#QNAN	0	0.016	0	1.51071e-007	3985.63	4597.07	4572.54
4595.37	3055.05	1002	1.#QNAN	0	0.016	0	1.57575e-007	3955.72	4595.37	4570.89
4593.67	3053.58	1003	1.#QNAN	0	0.015	0	1.56644e-007	3955.64	4593.67	4569.23
4591.97	3052.14	1004	1.#QNAN	0	0.016	0	1.59498e-007	3928.16	4591.97	4567.57
4590.24	3050.66	1005	1.#QNAN	0	0.015	0	1.50234e-007	3939.04	4590.24	4565.88
4588.49	3049.17	1006	1.#QNAN	0	0.032	0	1.57569e-007	3939.25	4588.49	4564.18
4586.76	3047.7	1007	1.#QNAN	0	0.015	0	1.55475e-007	3916.55	4586.76	4562.49
4585.04	3046.21	1008	1.#QNAN	0	0.016	0	1.53216e-007	3953.54	4585.04	4560.81
4583.4	3044.76	1009	1.#QNAN	0	0.015	0	1.54357e-007	3964.37	4583.4	4559.2
4581.69	3043.26	1010	1.#QNAN	0	0.016	0	1.55992e-007	3947.3	4581.69	4557.54
4579.98	3041.79	1011	1.#QNAN	0	0.016	0	1.54731e-007	3953.69	4579.98	4555.87
4578.24	3040.32	1012	1.#QNAN	0	0.015	0	1.5833e-007	3913.78	4578.24	4554.17
4576.5	3038.88	1013	1.#QNAN	0	0.031	0	1.57955e-007	3915.28	4576.5	4552.47
4574.75	3037.43	1014	1.#QNAN	0	0.016	0	1.51204e-007	3912.51	4574.75	4550.76
4573.06	3036.01	1015	1.#QNAN	0	0.016	0	1.53833e-007	3940.16	4573.06	4549.11
4571.37	3034.58	1016	1.#QNAN	0	0.015	0	1.56542e-007	3925.71	4571.37	4547.46
4569.69	3033.15	1017	1.#QNAN	0	0.016	0	1.54966e-007	3919.71	4569.69	4545.82
4568.04	3031.74	1018	1.#QNAN	0	0.015	0	1.54786e-007	3959.46	4568.04	4544.21
4566.38	3030.3	1019	1.#QNAN	0	0.016	0	1.53221e-007	3953.91	4566.38	4542.59
4564.77	3028.9	1020	1.#QNAN	0	0.016	0	1.56272e-007	4020.03	4564.77	4541.02
4563.16	3027.49	1021	1.#QNAN	0	0.015	0	1.57382e-007	4025.21	4563.16	4539.46
4561.57	3026.09	1022	1.#QNAN	0	0.015	0	1.57907e-007	4045.33	4561.57	4537.91
4560	3024.71	1023	1.#QNAN	0	0.016	0	1.52527e-007	4057.13	4560	4536.37
4558.4	3023.35	1024	1.#QNAN	0	0.016	0	1.60049e-007	4015.31	4558.4	4534.81
4556.76	3021.97	1025	1.#QNAN	0	0.015	0	1.53518e-007	3977.22	4556.76	4533.21
4555.14	3020.59	1026	1.#QNAN	0	0.016	0	1.57978e-007	3985.17	4555.14	4531.63
4553.55	3019.23	1027	1.#QNAN	0	0.015	0	1.54447e-007	3990.9	4553.55	4530.08
4551.94	3017.87	1028	1.#QNAN	0	0.016	0	1.52973e-007	3974.39	4551.94	4528.51
4550.38	3016.53	1029	1.#QNAN	0	0.031	0	1.56976e-007	4036.36	4550.38	4526.99
4548.8	3015.2	1030	1.#QNAN	0	0.016	0	1.56791e-007	3990.49	4548.8	4525.45
4547.21	3013.84	1031	1.#QNAN	0	0.015	0	1.59494e-007	3983.32	4547.21	4523.89
4545.66	3012.51	1032	1.#QNAN	0	0.016	0	1.52813e-007	4048.27	4545.66	4522.39
4544.07	3011.15	1033	1.#QNAN	0	0.016	0	1.59359e-007	4010.13	4544.07	4520.83
4542.51	3009.79	1034	1.#QNAN	0	0.015	0	1.60252e-007	4071.27	4542.51	4519.31
4540.87	3008.41	1035	1.#QNAN	0	0.016	0	1.56226e-007	4039.75	4540.87	4517.71
4539.28	3007.03	1036	1.#QNAN	0	0.015	0	1.49939e-007	4019.54	4539.28	4516.16
4537.66	3005.63	1037	1.#QNAN	0	0.032	1	1.54784e-007	4041.62	4537.66	4514.58
4536.08	3004.26	1038	1.#QNAN	0	0.015	0	1.52358e-007	4065.67	4536.08	4513.03
4534.47	3002.89	1039	1.#QNAN	0	0.016	0	1.63269e-007	4027.35	4534.47	4511.47
4532.92	3001.54	1040	1.#QNAN	0	0.015	0	1.56734e-007	4039.44	4532.92	4509.95
4531.35	3000.19	1041	1.#QNAN	0	0.016	0	1.55954e-007	4043.41	4531.35	4508.43
4529.78	2998.85	1042	1.#QNAN	0	0.016	0	1.61706e-007	3960.6	4529.78	4506.89
4528.24	2997.52	1043	1.#QNAN	0	0.015	0	1.56924e-007	4039.49	4528.24	4505.39
4526.72	2996.19	1044	1.#QNAN	0	0.016	0	1.61812e-007	4008.41	4526.72	4503.91
4525.18	2994.85	1045	1.#QNAN	0	0.016	0	1.57789e-007	4017.91	4525.18	4502.4
4523.64	2993.53	1046	1.#QNAN	0	0.016	0	1.57582e-007	4025.21	4523.64	4500.91
4522.11	2992.19	1047	1.#QNAN	0	0.015	0	1.58534e-007	4058.13	4522.11	4499.41
4520.55	2990.85	1048	1.#QNAN	0	0.016	0	1.60454e-007	4026.87	4520.55	4497.9
4519.02	2989.52	1049	1.#QNAN	0	0.015	0	1.54955e-007	4056.6	4519.02	4496.4
4517.47	2988.16	1050	1.#QNAN	0	0.016	0	1.52277e-007	3982.23	4517.47	4494.89
4515.93	2986.83	1051	1.#QNAN	0	0.031	0	1.56651e-007	3956.65	4515.93	4493.39
4514.36	2985.48	1052	1.#QNAN	0	0.016	0	1.64507e-007	3939.31	4514.36	4491.85
4512.83	2984.14	1053	1.#QNAN	0	0.015	0	1.60918e-007	3996.42	4512.83	4490.36
4511.33	2982.82	1054	1.#QNAN	0	0.016	0	1.59531e-007	3983.86	4511.33	4488.89
4509.82	2981.5	1055	1.#QNAN	0	0.016	0	1.61561e-007	3951.53	4509.82	4487.43
4508.32	2980.18	1056	1.#QNAN	0	0.015	0	1.60987e-007	3968.57	4508.32	4485.96
4506.83	2978.88	1057	1.#QNAN	0	0.016	0	1.53956e-007	3971.33	4506.83	4484.51
4505.37	2977.58	1058	1.#QNAN	0	0.031	0	1.66536e-007	3985.57	4505.37	4483.09
4503.88	2976.27	1059	1.#QNAN	0	0.016	0	1.56734e-007	3993.23	4503.88	4481.64
4502.37	2974.93	1060	1.#QNAN	0	0.015	0	1.58091e-007	3956.03	4502.37	4480.16
4500.85	2973.59	1061	1.#QNAN	0	0.016	0	1.61895e-007	3944.36	4500.85	4478.68
4499.34	2972.26	1062	1.#QNAN	0	0.015	0	1.57419e-007	3927.51	4499.34	4477.2
4497.85	2970.94	1063	1.#QNAN	0	0.016	0	1.54182e-007	3972.62	4497.85	4475.75
4496.38	2969.65	1064	1.#QNAN	0	0.031	0	1.5976e-007	3947.96	4496.38	4474.32
4494.86	2968.33	1065	1.#QNAN	0	0.016	0	1.57046e-007	3913.82	4494.86	4472.83
4493.33	2967	1066	1.#QNAN	0	0.015	0	1.61424e-007	3940.82	4493.33	4471.34
4491.89	2965.73	1067	1.#QNAN	0	0.016	0	1.5984e-007	3964.56	4491.89	4469.94
4490.42	2964.44	1068	1.#QNAN	0	0.016	0	1.61512e-007	3936.57	4490.42	4468.5
4488.94	2963.18	1069	1.#QNAN	0	0.015	0	1.57019e-007	3968.81	4488.94	4467.06
4487.45	2961.89	1070	1.#QNAN	0	0.016	0	1.57166e-007	3959.01	4487.45	4465.6
4485.91	2960.58	1071	1.#QNAN	0	0.031	0	1.57101e-007	3938.55	4485.91	4464.1
4484.39	2959.28	1072	1.#QNAN	0	0.016	0	1.5891e-007	3924.92	4484.39	4462.61
4482.83	2957.97	1073	1.#QNAN	0	0.015	0	1.6236e-007	3888.49	4482.83	4461.09
4481.29	2956.69	1074	1.#QNAN	0	0.016	0	1.58029e-007	3915.94	4481.29	4459.58
4479.74	2955.4	1075	1.#QNAN	0	0.015	0	1.57584e-007	3918.45	4479.74	4458.07
4478.24	2954.14	1076	1.#QNAN	0	0.016	0	1.5664e-007	3909.79	4478.24	4456.6
4476.74	2952.83	1077	1.#QNAN	0	0.016	0	1.6261e-007	3923.97	4476.74	4455.14
4475.22	2951.54	1078	1.#QNAN	0	0.015	0	1.64184e-007	3867.09	4475.22	4453.65
4473.73	2950.24	1079	1.#QNAN	0	0.031	0	1.64087e-007	3930.27	4473.73	4452.2
4472.27	2948.96	1080	1.#QNAN	0	0.016	0	1.6373e-007	3933.24	4472.27	4450.78
4470.75	2947.66	1081	1.#QNAN	0	0.016	0	1.60586e-007	3882	4470.75	4449.29
4469.26	2946.38	1082	1.#QNAN	0	0.015	0	1.61074e-007	3888.3	4469.26	4447.84
4467.76	2945.09	1083	1.#QNAN	0	0.016	0	1.60486e-007	3862.34	4467.76	4446.37
4466.31	2943.82	1084	1.#QNAN	0	0.015	0	1.59907e-007	3927	4466.31	4444.95
4464.87	2942.57	1085	1.#QNAN	0	0.016	0	1.60932e-007	3943.35	4464.87	4443.55
4463.43	2941.3	1086	1.#QNAN	0	0.016	0	1.64001e-007	3913.12	4463.43	4442.14
4461.98	2940.02	1087	1.#QNAN	0	0.031	0	1.61511e-007	3969.04	4461.98	4440.73
4460.5	2938.74	1088	1.#QNAN	0	0.015	0	1.57998e-007	3912.76	4460.5	4439.28
4459.05	2937.46	1089	1.#QNAN	0	0.016	0	1.65284e-007	3936.1	4459.05	4437.87
4457.59	2936.2	1090	1.#QNAN	0	0.016	0	1.55773e-007	3926.43	4457.59	4436.44
4456.14	2934.94	1091	1.#QNAN	0	0.015	0	1.63058e-007	3932.29	4456.14	4435.03
4454.72	2933.71	1092	1.#QNAN	0	0.016	0	1.62954e-007	3960.42	4454.72	4433.65
4453.31	2932.47	1093	1.#QNAN	0	0.031	1	1.61649e-007	3980.02	4453.31	4432.26
4451.88	2931.23	1094	1.#QNAN	0	0.016	0	1.64603e-007	3967.48	4451.88	4430.87
4450.44	2929.97	1095	1.#QNAN	0	0.015	0	1.61151e-007	3922.28	4450.44	4429.46
4449.08	2928.8	1096	1.#QNAN	0	0.016	0	1.72955e-007	4017.76	4449.08	4428.14
4447.66	2927.56	1097	1.#QNAN	0	0.015	0	1.67472e-007	3971.06	4447.66	4426.75
4446.25	2926.34	1098	1.#QNAN	0	0.016	0	1.65999e-007	3951.49	4446.25	4425.38
4444.86	2925.14	1099	1.#QNAN	0	0.016	0	1.61374e-007	3977.31	4444.86	4424.03
4443.47	2923.93	1100	1.#QNAN	0	0.015	0	1.66933e-007	3994.45	4443.47	4422.68
4442.11	2922.74	1101	1.#QNAN	0	0.031	0	1.63295e-007	3960.77	4442.11	4421.35
4440.7	2921.51	1102	1.#QNAN	0	0.016	0	1.63304e-007	3904.18	4440.7	4419.97
4439.31	2920.31	1103	1.#QNAN	0	0.016	0	1.61252e-007	3916.4	4439.31	4418.62
4437.96	2919.13	1104	1.#QNAN	0	0.015	0	1.67556e-007	3910.91	4437.96	4417.3
4436.61	2917.95	1105	1.#QNAN	0	0.016	0	1.64646e-007	3913.12	4436.61	4415.98
4435.25	2916.77	1106	1.#QNAN	0	0.015	0	1.59759e-007	3896.23	4435.25	4414.66
4433.91	2915.6	1107	1.#QNAN	0	0.016	0	1.66969e-007	3943.06	4433.91	4413.35
4432.53	2914.4	1108	1.#QNAN	0	0.031	0	1.60503e-007	3919.55	4432.53	4412
4431.15	2913.2	1109	1.#QNAN	0	0.016	0	1.67001e-007	3943.87	4431.15	4410.66
4429.8	2912.02	1110	1.#QNAN	0	0.015	0	1.61597e-007	3903.79	4429.8	4409.34
4428.47	2910.85	1111	1.#QNAN	0	0.016	0	1.66836e-007	3928.47	4428.47	4408.05
4427.18	2909.71	1112	1.#QNAN	0	0.016	0	1.63756e-007	3973.11	4427.18	4406.78
4425.86	2908.55	1113	1.#QNAN	0	0.015	0	1.57108e-007	3937.73	4425.86	4405.5
4424.57	2907.4	1114	1.#QNAN	0	0.016	0	1.57916e-007	3968.88	4424.57	4404.24
4423.27	2906.25	1115	1.#QNAN	0	0.015	0	1.64219e-007	3956.88	4423.27	4402.97
4421.92	2905.08	1116	1.#QNAN	0	0.016	0	1.62803e-007	3920.58	4421.92	4401.66
4420.58	2903.9	1117	1.#QNAN	0	0.031	0	1.68943e-007	3923.25	4420.58	4400.35
4419.24	2902.73	1118	1.#QNAN	0	0.016	0	1.65213e-007	3903.34	4419.24	4399.05
4417.87	2901.55	1119	1.#QNAN	0	0.015	0	1.5939e-007	3884.47	4417.87	4397.71
4416.53	2900.38	1120	1.#QNAN	0	0.016	0	1.64639e-007	3916.98	4416.53	4396.41
4415.19	2899.22	1121	1.#QNAN	0	0.016	0	1.63589e-007	3880.72	4415.19	4395.1
4413.83	2898.05	1122	1.#QNAN	0	0.015	0	1.65377e-007	3848.8	4413.83	4393.76
4412.44	2896.86	1123	1.#QNAN	0	0.016	0	1.54341e-007	3881.45	4412.44	4392.4
4411.09	2895.69	1124	1.#QNAN	0	0.015	0	1.60415e-007	3929.16	4411.09	4391.09
4409.78	2894.54	1125	1.#QNAN	0	0.032	0	1.69891e-007	3945.8	4409.78	4389.82
4408.46	2893.39	1126	1.#QNAN	0	0.015	0	1.64726e-007	3913.76	4408.46	4388.52
4407.11	2892.22	1127	1.#QNAN	0	0.016	0	1.68341e-007	3922.66	4407.11	4387.21
4405.76	2891.06	1128	1.#QNAN	0	0.015	0	1.66345e-007	3905.54	4405.76	4385.89
4404.37	2889.88	1129	1.#QNAN	0	0.016	0	1.62358e-007	3918.52	4404.37	4384.54
4403.02	2888.71	1130	1.#QNAN	0	0.016	0	1.63893e-007	3938.83	4403.02	4383.21
4401.65	2887.54	1131	1.#QNAN	0	0.015	0	1.63444e-007	3893.48	4401.65	4381.88
4400.29	2886.38	1132	1.#QNAN	0	0.016	0	1.6719e-007	3905.3	4400.29	4380.55
4398.9	2885.2	1133	1.#QNAN	0	0.031	0	1.6582e-007	3866.69	4398.9	4379.19
4397.53	2884.04	1134	1.#QNAN	0	0.016	0	1.6565e-007	3895	4397.53	4377.85
4396.17	2882.89	1135	1.#QNAN	0	0.015	0	1.72356e-007	3882.47	4396.17	4376.52
4394.8	2881.73	1136	1.#QNAN	0	0.016	0	1.57465e-007	3910.71	4394.8	4375.18
4393.46	2880.59	1137	1.#QNAN	0	0.015	0	1.63321e-007	3925.85	4393.46	4373.87
4392.15	2879.47	1138	1.#QNAN	0	0.016	0	1.61376e-007	3915.06	4392.15	4372.6
4390.85	2878.32	1139	1.#QNAN	0	0.016	0	1.6296e-007	3963.83	4390.85	4371.33
4389.54	2877.21	1140	1.#QNAN	0	0.015	0	1.61393e-007	3951.55	4389.54	4370.04
4388.2	2876.08	1141	1.#QNAN	0	0.031	0	1.60478e-007	3915.23	4388.2	4368.73
4386.86	2874.94	1142	1.#QNAN	0	0.016	0	1.62843e-007	3903.07	4386.86	4367.43
4385.53	2873.79	1143	1.#QNAN	0	0.016	0	1.63787e-007	3856.22	4385.53	4366.13
4384.2	2872.65	1144	1.#QNAN	0	0.015	0	1.63375e-007	3851.02	4384.2	4364.83
4382.84	2871.52	1145	1.#QNAN	0	0.016	0	1.6653e-007	3860.26	4382.84	4363.5
4381.48	2870.38	1146	1.#QNAN	0	0.015	0	1.65675e-007	3836.33	4381.48	4362.17
4380.17	2869.24	1147	1.#QNAN	0	0.032	0	1.69528e-007	3866.12	4380.17	4360.89
4378.85	2868.11	1148	1.#QNAN	0	0.015	0	1.63721e-007	3817.83	4378.85	4359.6
4377.54	2866.99	1149	1.#QNAN	0	0.016	1	1.62519e-007	3859.48	4377.54	4358.32
4376.23	2865.85	1150	1.#QNAN	0	0.015	0	1.61337e-007	3853.61	4376.23	4357.04
4374.91	2864.72	1151	1.#QNAN	0	0.016	0	1.65773e-007	3850.55	4374.91	4355.75
4373.64	2863.61	1152	1.#QNAN	0	0.016	0	1.62565e-007	3906.7	4373.64	4354.5
4372.38	2862.51	1153	1.#QNAN	0	0.015	0	1.67412e-007	3927.4	4372.38	4353.28
4371.14	2861.4	1154	1.#QNAN	0	0.031	0	1.65403e-007	3888.97	4371.14	4352.07
4369.9	2860.29	1155	1.#QNAN	0	0.016	0	1.7536e-007	3948.35	4369.9	4350.86
4368.65	2859.19	1156	1.#QNAN	0	0.016	0	1.65999e-007	4001.78	4368.65	4349.65
4367.42	2858.1	1157	1.#QNAN	0	0.015	0	1.68639e-007	3942.68	4367.42	4348.45
4366.15	2856.99	1158	1.#QNAN	0	0.016	0	1.63829e-007	3908.97	4366.15	4347.21
4364.9	2855.89	1159	1.#QNAN	0	0.015	0	1.66526e-007	3922.93	4364.9	4345.98
4363.65	2854.79	1160	1.#QNAN	0	0.016	0	1.70263e-007	3931.8	4363.65	4344.76
4362.39	2853.67	1161	1.#QNAN	0	0.016	0	1.65591e-007	3964.47	4362.39	4343.54
4361.17	2852.58	1162	1.#QNAN	0	0.031	0	1.66301e-007	3965.19	4361.17	4342.34
4359.93	2851.48	1163	1.#QNAN	0	0.015	0	1.63673e-007	3961.78	4359.93	4341.13
4358.71	2850.37	1164	1.#QNAN	0	0.016	0	1.59031e-007	3984.01	4358.71	4339.94
4357.48	2849.27	1165	1.#QNAN	0	0.016	0	1.64489e-007	3959.94	4357.48	4338.75
4356.26	2848.17	1166	1.#QNAN	0	0.015	0	1.64038e-007	3937.57	4356.26	4337.56
4355.08	2847.09	1167	1.#QNAN	0	0.016	0	1.64301e-007	3991.85	4355.08	4336.41
4353.86	2845.99	1168	1.#QNAN	0	0.031	0	1.68193e-007	3978.25	4353.86	4335.22
4352.7	2844.92	1169	1.#QNAN	0	0.016	0	1.66624e-007	3979.83	4352.7	4334.09
4351.51	2843.83	1170	1.#QNAN	0	0.015	0	1.59804e-007	3970.36	4351.51	4332.93
4350.35	2842.77	1171	1.#QNAN	0	0.016	0	1.69018e-007	3946.28	4350.35	4331.8
4349.17	2841.7	1172	1.#QNAN	0	0.015	0	1.63423e-007	3997.42	4349.17	4330.64
4348	2840.63	1173	1.#QNAN	0	0.016	0	1.6273e-007	3983.52	4348	4329.51
4346.8	2839.55	1174	1.#QNAN	0	0.016	0	1.67724e-007	3966.24	4346.8	4328.34
4345.62	2838.49	1175	1.#QNAN	0	0.031	0	1.65064e-007	3981.35	4345.62	4327.19
4344.43	2837.42	1176	1.#QNAN	0	0.015	0	1.61814e-007	3902.12	4344.43	4326.03
4343.25	2836.35	1177	1.#QNAN	0	0.016	0	1.68654e-007	3956.26	4343.25	4324.87
4342.09	2835.3	1178	1.#QNAN	0	0.016	0	1.64317e-007	3978.46	4342.09	4323.74
4340.93	2834.24	1179	1.#QNAN	0	0.015	0	1.64664e-007	3950.48	4340.93	4322.61
4339.77	2833.2	1180	1.#QNAN	0	0.016	0	1.65198e-007	3958.97	4339.77	4321.48
4338.61	2832.16	1181	1.#QNAN	0	0.015	0	1.62302e-007	3947.38	4338.61	4320.35
4337.46	2831.13	1182	1.#QNAN	0	0.032	0	1.69889e-007	3996.69	4337.46	4319.23
4336.34	2830.11	1183	1.#QNAN	0	0.015	0	1.66059e-007	3996.02	4336.34	4318.14
4335.23	2829.1	1184	1.#QNAN	0	0.016	0	1.71493e-007	3980.26	4335.23	4317.06
4334.12	2828.08	1185	1.#QNAN	0	0.015	0	1.69092e-007	3988.95	4334.12	4315.97
4332.98	2827.03	1186	1.#QNAN	0	0.016	0	1.65017e-007	3996.18	4332.98	4314.86
4331.85	2825.99	1187	1.#QNAN	0	0.016	0	1.70326e-007	3943.97	4331.85	4313.77
4330.73	2824.96	1188	1.#QNAN	0	0.015	0	1.66088e-007	3951.81	4330.73	4312.67
4329.58	2823.93	1189	1.#QNAN	0	0.016	0	1.69051e-007	3921.96	4329.58	4311.55
4328.44	2822.89	1190	1.#QNAN	0	0.031	0	1.69604e-007	3974.53	4328.44	4310.44
4327.32	2821.87	1191	1.#QNAN	0	0.016	0	1.68475e-007	3996.84	4327.32	4309.35
4326.2	2820.84	1192	1.#QNAN	0	0.015	0	1.71408e-007	3977.75	4326.2	4308.26
4325.05	2819.79	1193	1.#QNAN	0	0.016	0	1.68709e-007	3901.66	4325.05	4307.13
4323.94	2818.76	1194	1.#QNAN	0	0.015	0	1.6496e-007	3940.78	4323.94	4306.05
4322.85	2817.75	1195	1.#QNAN	0	0.016	0	1.7221e-007	3990.85	4322.85	4304.99
4321.78	2816.75	1196	1.#QNAN	0	0.016	0	1.68266e-007	4008.33	4321.78	4303.95
4320.73	2815.76	1197	1.#QNAN	0	0.015	0	1.70101e-007	4036.93	4320.73	4302.93
4319.65	2814.77	1198	1.#QNAN	0	0.031	0	1.64847e-007	4014.22	4319.65	4301.88
4318.57	2813.76	1199	1.#QNAN	0	0.016	0	1.65923e-007	3988.08	4318.57	4300.83
