rmse	mae	#iter	time_pred	time_learn	time_learn2	time_learn4	alpha	rmse_mcmc_this	rmse_mcmc_all	rmse_mcmc_all_but5
14855.9	9598.12	0	1.#QNAN	0	0.016	0	1.93872e-011	14855.9	14855.9	4287.87
14197.1	8987.45	1	1.#QNAN	0	0.015	0	3.89943e-010	14793.4	14197.1	4287.87
14227.7	8957.63	2	1.#QNAN	0	0.016	0	4.76362e-010	14769.3	14227.7	4287.87
14094.4	8804.8	3	1.#QNAN	0	0.015	0	5.21101e-010	14048.5	14094.4	4287.87
14126.9	8841.76	4	1.#QNAN	0	0.016	0	5.72967e-010	14553.8	14126.9	37538.7
14057.5	8788.24	5	1.#QNAN	0	0.016	0	6.54628e-010	14020.5	14057.5	14020.5
13982.9	8729.42	6	1.#QNAN	0	0.031	0	6.99959e-010	13765.3	13982.9	13792.4
13905.4	8676.79	7	1.#QNAN	0	0.015	0	7.77207e-010	13626.9	13905.4	13668.5
13814.7	8613.86	8	1.#QNAN	0	0.016	0	8.45642e-010	13295.7	13814.7	13527.4
13728.9	8564.92	9	1.#QNAN	0	0.016	0	8.7738e-010	13181.6	13728.9	13425.1
13643.3	8508.63	10	1.#QNAN	0	0.031	0	1.03351e-009	13035.1	13643.3	13326.7
13504.9	8415.18	11	1.#QNAN	0	0.015	0	1.06709e-009	12239.9	13504.9	13140.3
13372.8	8322.56	12	1.#QNAN	0	0.016	0	1.15609e-009	12065.4	13372.8	12981.4
13246.7	8241.75	13	1.#QNAN	0	0.016	0	1.22873e-009	11926.8	13246.7	12833.8
13088	8142.66	14	1.#QNAN	0	0.015	0	1.41343e-009	11245.7	13088	12644.7
12901.6	8021.23	15	1.#QNAN	0	0.031	0	1.76968e-009	10607.9	12901.6	12419.2
12688.3	7880.58	16	1.#QNAN	0	0.016	0	2.34365e-009	10045.3	12688.3	12162.8
12476.7	7741.53	17	1.#QNAN	0	0.016	1	3.0276e-009	9728.87	12476.7	11915.4
12239.9	7589.76	18	1.#QNAN	0	0.015	0	3.8478e-009	9082.25	12239.9	11640.7
11988.1	7433.53	19	1.#QNAN	0	0.016	0	4.41856e-009	8642.97	11988.1	11353.4
11738.1	7278.86	20	1.#QNAN	0	0.015	0	5.25982e-009	8285.19	11738.1	11074.7
11495.7	7132.23	21	1.#QNAN	0	0.032	0	5.84562e-009	8193.54	11495.7	10810
11258.3	6988.4	22	1.#QNAN	0	0.015	0	7.10202e-009	8082.32	11258.3	10555.6
11035.6	6852.26	23	1.#QNAN	0	0.016	0	7.53236e-009	8047.13	11035.6	10322.8
10823.3	6724.85	24	1.#QNAN	0	0.015	0	7.78973e-009	7896.49	10823.3	10105.4
10615.9	6603.25	25	1.#QNAN	0	0.016	0	8.29662e-009	7721.75	10615.9	9895.15
10427.6	6493.86	26	1.#QNAN	0	0.016	0	8.52929e-009	7715.07	10427.6	9709.76
10250.1	6388.46	27	1.#QNAN	0	0.015	0	9.06605e-009	7548.82	10250.1	9537.87
10079.7	6286.2	28	1.#QNAN	0	0.031	0	8.96773e-009	7431.16	10079.7	9374.65
9920.48	6191.59	29	1.#QNAN	0	0.016	0	9.14786e-009	7452.72	9920.48	9224.61
9765.95	6098.55	30	1.#QNAN	0	0.016	0	9.72724e-009	7266.61	9765.95	9079.91
9620.37	6009.6	31	1.#QNAN	0	0.015	0	1.02787e-008	7245.52	9620.37	8945.58
9487.72	5929.38	32	1.#QNAN	0	0.016	0	1.0115e-008	7253.61	9487.72	8825.72
9359.61	5851.06	33	1.#QNAN	0	0.015	0	1.05603e-008	7169.5	9359.61	8710.63
9238.21	5776.64	34	1.#QNAN	0	0.016	0	1.12794e-008	7055.32	9238.21	8602.47
9128.86	5709.04	35	1.#QNAN	0	0.031	0	1.15486e-008	7232	9128.86	8507.67
9019.87	5640.33	36	1.#QNAN	0	0.016	0	1.10509e-008	7098.01	9019.87	8412.84
8918.6	5575.3	37	1.#QNAN	0	0.016	0	1.22546e-008	7025	8918.6	8325.86
8825.32	5516.31	38	1.#QNAN	0	0.016	0	1.26522e-008	7061.01	8825.32	8247.24
8737.94	5461.45	39	1.#QNAN	0	0.031	0	1.27294e-008	6919.17	8737.94	8173.99
8653.59	5408.18	40	1.#QNAN	0	0.015	0	1.31693e-008	6892.59	8653.59	8103.34
8568	5355.09	41	1.#QNAN	0	0.016	0	1.34689e-008	6655.01	8568	8030.55
8489.73	5306.02	42	1.#QNAN	0	0.016	0	1.44144e-008	6705.14	8489.73	7965.07
8417.33	5261.1	43	1.#QNAN	0	0.015	0	1.38267e-008	6701.78	8417.33	7905.21
8344.04	5215.32	44	1.#QNAN	0	0.016	0	1.44481e-008	6536.42	8344.04	7843.86
8272.51	5169.96	45	1.#QNAN	0	0.015	0	1.45743e-008	6492.32	8272.51	7783.82
8202.79	5124.88	46	1.#QNAN	0	0.032	0	1.53437e-008	6419.96	8202.79	7725.3
8138.49	5083.55	47	1.#QNAN	0	0.015	0	1.52486e-008	6413.37	8138.49	7672
8075.19	5042.76	48	1.#QNAN	0	0.016	0	1.58268e-008	6416.38	8075.19	7619.2
8014.05	5002.21	49	1.#QNAN	0	0.015	0	1.64541e-008	6332.63	8014.05	7568.39
7954.59	4962.9	50	1.#QNAN	0	0.016	0	1.64852e-008	6288.65	7954.59	7519.02
7895.84	4923.87	51	1.#QNAN	0	0.016	0	1.7419e-008	6245.89	7895.84	7469.98
7843.99	4889.18	52	1.#QNAN	0	0.015	0	1.79312e-008	6399.32	7843.99	7427.87
7790.85	4854.53	53	1.#QNAN	0	0.016	0	1.83891e-008	6222.17	7790.85	7383.92
7739.27	4820.62	54	1.#QNAN	0	0.016	0	1.82954e-008	6193.34	7739.27	7341.21
7688.22	4786.85	55	1.#QNAN	0	0.016	0	1.91767e-008	6067.02	7688.22	7298.61
7640.21	4754.94	56	1.#QNAN	0	0.015	0	1.9502e-008	6042.32	7640.21	7258.73
7592.33	4723.43	57	1.#QNAN	0	0.016	0	2.04817e-008	5994.73	7592.33	7218.77
7544.66	4692.38	58	1.#QNAN	0	0.015	0	2.0284e-008	5902.08	7544.66	7178.56
7499.02	4662.29	59	1.#QNAN	0	0.016	0	2.15955e-008	5819.68	7499.02	7140.08
7454.82	4632.66	60	1.#QNAN	0	0.031	0	2.20324e-008	5879.59	7454.82	7102.95
7409.18	4602.2	61	1.#QNAN	0	0.016	0	2.3292e-008	5671.75	7409.18	7063.95
7365.24	4573.41	62	1.#QNAN	0	0.015	0	2.3209e-008	5609.13	7365.24	7026.35
7320.77	4543.67	63	1.#QNAN	0	0.016	0	2.50477e-008	5515.38	7320.77	6988.02
7278.43	4515.97	64	1.#QNAN	0	0.016	0	2.42727e-008	5514.76	7278.43	6951.55
7235.4	4487.03	65	1.#QNAN	0	0.015	0	2.65256e-008	5435.47	7235.4	6914.24
7194.48	4459.78	66	1.#QNAN	0	0.016	0	2.60527e-008	5489.11	7194.48	6878.98
7156.28	4434.12	67	1.#QNAN	0	0.031	0	2.73248e-008	5537.61	7156.28	6846.39
7118.2	4408.64	68	1.#QNAN	0	0.016	0	2.81516e-008	5394.24	7118.2	6813.53
7081.4	4384.16	69	1.#QNAN	0	0.015	0	2.87779e-008	5336.13	7081.4	6781.64
7043.13	4358.97	70	1.#QNAN	0	0.016	0	2.97412e-008	5207.29	7043.13	6748.12
7006.25	4335.2	71	1.#QNAN	0	0.015	0	3.04351e-008	5197.48	7006.25	6715.85
6969.66	4311.32	72	1.#QNAN	0	0.016	1	3.12788e-008	5096.95	6969.66	6683.6
6934.2	4287.82	73	1.#QNAN	0	0.016	0	3.20233e-008	5145.49	6934.2	6652.47
6898.02	4263.99	74	1.#QNAN	0	0.015	0	3.1889e-008	5010.89	6898.02	6620.49
6863.05	4240.91	75	1.#QNAN	0	0.031	0	3.3129e-008	4959.75	6863.05	6589.6
6828.52	4218.22	76	1.#QNAN	0	0.016	0	3.38864e-008	4961.01	6828.52	6558.98
6793.21	4195.16	77	1.#QNAN	0	0.016	0	3.45894e-008	4863.93	6793.21	6527.44
6759.03	4173.21	78	1.#QNAN	0	0.015	0	3.59186e-008	4842.42	6759.03	6496.84
6724.27	4151.1	79	1.#QNAN	0	0.016	0	3.74268e-008	4770.51	6724.27	6465.62
6689.03	4128.35	80	1.#QNAN	0	0.015	0	3.94525e-008	4682.33	6689.03	6433.78
6654.82	4106.19	81	1.#QNAN	0	0.016	0	4.03495e-008	4614.61	6654.82	6402.8
6621.17	4084.02	82	1.#QNAN	0	0.031	0	3.92674e-008	4595.33	6621.17	6372.41
6588.76	4062.79	83	1.#QNAN	0	0.016	0	4.33522e-008	4613.94	6588.76	6343.2
6557.44	4042.35	84	1.#QNAN	0	0.015	0	4.5057e-008	4653.21	6557.44	6315.07
6525.56	4021.64	85	1.#QNAN	0	0.016	0	4.31596e-008	4528.53	6525.56	6286.2
6492.55	4000.16	86	1.#QNAN	0	0.016	0	4.55873e-008	4416.29	6492.55	6256.15
6461.9	3980.08	87	1.#QNAN	0	0.015	0	4.8873e-008	4504.45	6461.9	6228.35
6432.17	3960.47	88	1.#QNAN	0	0.016	0	4.57046e-008	4533.46	6432.17	6201.48
6402.32	3940.67	89	1.#QNAN	0	0.031	0	4.92093e-008	4427.18	6402.32	6174.38
6372.72	3920.9	90	1.#QNAN	0	0.016	0	5.00228e-008	4433.39	6372.72	6147.47
6343.7	3901.57	91	1.#QNAN	0	0.015	0	5.17803e-008	4395.22	6343.7	6121.12
6313.55	3881.73	92	1.#QNAN	0	0.016	0	5.01806e-008	4200.01	6313.55	6093.46
6284.19	3862.45	93	1.#QNAN	0	0.015	0	5.37016e-008	4254.77	6284.19	6066.56
6255.53	3843.93	94	1.#QNAN	0	0.016	0	5.40405e-008	4204.07	6255.53	6040.3
6227.51	3825.95	95	1.#QNAN	0	0.031	0	5.62807e-008	4218.4	6227.51	6014.58
6199.66	3807.89	96	1.#QNAN	0	0.016	0	5.62896e-008	4132.11	6199.66	5988.97
6171.79	3789.78	97	1.#QNAN	0	0.015	0	5.82845e-008	4101.97	6171.79	5963.32
6144.92	3772.7	98	1.#QNAN	0	0.016	0	6.26488e-008	4089.75	6144.92	5938.58
6117.03	3754.98	99	1.#QNAN	0	0.016	0	6.09822e-008	3994.59	6117.03	5912.74
6090.15	3737.99	100	1.#QNAN	0	0.015	0	6.19129e-008	3977.74	6090.15	5887.87
6062.37	3720.68	101	1.#QNAN	0	0.031	0	6.31599e-008	3893.01	6062.37	5862.02
6035.49	3704.02	102	1.#QNAN	0	0.016	0	6.81114e-008	3886.51	6035.49	5837.04
6009.29	3687.73	103	1.#QNAN	0	0.016	0	6.81216e-008	3860.73	6009.29	5812.7
5982.21	3670.82	104	1.#QNAN	0	0.015	0	7.01981e-008	3771.76	5982.21	5787.46
5955.54	3654.27	105	1.#QNAN	0	0.016	0	7.22521e-008	3774.54	5955.54	5762.56
5929.81	3638.49	106	1.#QNAN	0	0.015	0	7.62414e-008	3736.81	5929.81	5738.55
5903.59	3622.45	107	1.#QNAN	0	0.016	0	7.62927e-008	3650.08	5903.59	5714.03
5877.17	3606.27	108	1.#QNAN	0	0.016	0	7.60803e-008	3563.79	5877.17	5689.23
5850.42	3589.95	109	1.#QNAN	0	0.031	0	7.84013e-008	3563.07	5850.42	5664.05
5824.65	3574.43	110	1.#QNAN	0	0.015	0	8.00794e-008	3561.16	5824.65	5639.83
5798.57	3559.1	111	1.#QNAN	0	0.016	0	8.67414e-008	3470.32	5798.57	5615.21
5772.49	3543.61	112	1.#QNAN	0	0.016	0	8.38592e-008	3438.87	5772.49	5590.57
5746.75	3528.32	113	1.#QNAN	0	0.015	0	8.39339e-008	3397.61	5746.75	5566.27
5721.47	3513.1	114	1.#QNAN	0	0.016	0	8.73704e-008	3427.07	5721.47	5542.44
5696.22	3497.95	115	1.#QNAN	0	0.015	0	9.04705e-008	3363.32	5696.22	5518.57
5671.73	3483.34	116	1.#QNAN	0	0.032	0	9.23276e-008	3414.61	5671.73	5495.47
5646.72	3468.49	117	1.#QNAN	0	0.015	0	9.43313e-008	3285.34	5646.72	5471.82
5622.04	3453.93	118	1.#QNAN	0	0.016	0	9.64899e-008	3269.1	5622.04	5448.47
5597.21	3439.38	119	1.#QNAN	0	0.015	0	1.00198e-007	3228.73	5597.21	5424.95
5572.94	3425.14	120	1.#QNAN	0	0.016	0	9.8826e-008	3204.79	5572.94	5401.94
5548.3	3410.73	121	1.#QNAN	0	0.016	0	9.96839e-008	3156.44	5548.3	5378.54
5523.74	3396.51	122	1.#QNAN	0	0.015	0	1.01821e-007	3134.95	5523.74	5355.21
5499.48	3382.3	123	1.#QNAN	0	0.031	0	1.04389e-007	3131.72	5499.48	5332.13
5475.24	3368.25	124	1.#QNAN	0	0.016	0	1.10747e-007	3062.63	5475.24	5309.06
5451.67	3354.68	125	1.#QNAN	0	0.016	0	1.10945e-007	3092.88	5451.67	5286.65
5428.16	3341.19	126	1.#QNAN	0	0.015	0	1.12628e-007	3099.5	5428.16	5264.26
5404.96	3327.78	127	1.#QNAN	0	0.016	0	1.17045e-007	3034.24	5404.96	5242.19
5381.57	3314.13	128	1.#QNAN	0	0.015	1	1.14772e-007	2995.28	5381.57	5219.91
5358.41	3300.93	129	1.#QNAN	0	0.016	0	1.18151e-007	2967.49	5358.41	5197.8
5336.01	3288.17	130	1.#QNAN	0	0.031	0	1.23022e-007	3017.77	5336.01	5176.48
5313.19	3275.11	131	1.#QNAN	0	0.016	0	1.25416e-007	2883.61	5313.19	5154.69
5290.74	3262.19	132	1.#QNAN	0	0.015	0	1.25294e-007	2953.09	5290.74	5133.3
5268.95	3249.7	133	1.#QNAN	0	0.016	0	1.32118e-007	2908.6	5268.95	5112.53
5247.2	3237.15	134	1.#QNAN	0	0.016	0	1.35241e-007	2894.09	5247.2	5091.8
5225.47	3224.75	135	1.#QNAN	0	0.015	0	1.41025e-007	2834.03	5225.47	5071.05
5203.97	3212.52	136	1.#QNAN	0	0.031	0	1.38565e-007	2857.93	5203.97	5050.5
5182.76	3200.25	137	1.#QNAN	0	0.016	0	1.39841e-007	2873.11	5182.76	5030.28
5161.64	3188.09	138	1.#QNAN	0	0.016	0	1.44535e-007	2826.38	5161.64	5010.1
5140.65	3175.92	139	1.#QNAN	0	0.015	0	1.46032e-007	2800.26	5140.65	4990.08
5120	3163.93	140	1.#QNAN	0	0.016	0	1.50979e-007	2778.49	5120	4970.38
5098.92	3151.87	141	1.#QNAN	0	0.015	0	1.44168e-007	2710.9	5098.92	4950.21
5077.73	3139.66	142	1.#QNAN	0	0.032	0	1.51777e-007	2692.66	5077.73	4929.9
5056.93	3127.67	143	1.#QNAN	0	0.015	0	1.64338e-007	2700.68	5056.93	4910
5036.69	3116.04	144	1.#QNAN	0	0.016	0	1.57122e-007	2731.11	5036.69	4890.64
5016.71	3104.51	145	1.#QNAN	0	0.015	0	1.62318e-007	2679.73	5016.71	4871.54
4997.07	3093.23	146	1.#QNAN	0	0.016	0	1.65715e-007	2770.86	4997.07	4852.75
4977.44	3081.96	147	1.#QNAN	0	0.016	0	1.69268e-007	2738.49	4977.44	4833.97
4958.21	3070.89	148	1.#QNAN	0	0.031	0	1.68866e-007	2673.16	4958.21	4815.57
4938.88	3059.72	149	1.#QNAN	0	0.015	0	1.64891e-007	2622.94	4938.88	4797.07
4919.71	3048.59	150	1.#QNAN	0	0.016	0	1.71309e-007	2607.08	4919.71	4778.72
4900.68	3037.66	151	1.#QNAN	0	0.016	0	1.75111e-007	2596.83	4900.68	4760.49
4881.84	3026.75	152	1.#QNAN	0	0.015	0	1.74913e-007	2615.12	4881.84	4742.46
4862.96	3015.98	153	1.#QNAN	0	0.016	0	1.82891e-007	2654.52	4862.96	4724.36
4844.12	3005.01	154	1.#QNAN	0	0.015	0	1.85784e-007	2556.3	4844.12	4706.28
4825.59	2994.41	155	1.#QNAN	0	0.016	0	1.85238e-007	2559.27	4825.59	4688.52
4807.26	2983.71	156	1.#QNAN	0	0.031	0	1.92303e-007	2564.38	4807.26	4670.96
4789	2973.1	157	1.#QNAN	0	0.016	0	1.92417e-007	2524.26	4789	4653.46
4771.06	2962.74	158	1.#QNAN	0	0.015	0	1.92858e-007	2593.54	4771.06	4636.26
4753.38	2952.62	159	1.#QNAN	0	0.016	0	1.91765e-007	2618.75	4753.38	4619.31
4735.75	2942.41	160	1.#QNAN	0	0.016	0	1.94371e-007	2507.93	4735.75	4602.42
4718.33	2932.26	161	1.#QNAN	0	0.015	0	2.05334e-007	2506.51	4718.33	4585.72
4701	2922.17	162	1.#QNAN	0	0.016	0	2.09886e-007	2560.76	4701	4569.1
4683.99	2912.22	163	1.#QNAN	0	0.031	0	2.14355e-007	2539.79	4683.99	4552.8
4666.72	2902.06	164	1.#QNAN	0	0.016	0	2.0859e-007	2466.57	4666.72	4536.24
4649.68	2892	165	1.#QNAN	0	0.015	0	2.09059e-007	2433.79	4649.68	4519.91
4632.68	2882	166	1.#QNAN	0	0.016	0	2.13318e-007	2417.51	4632.68	4503.61
4616.08	2872.32	167	1.#QNAN	0	0.015	0	2.08195e-007	2527.06	4616.08	4487.69
4599.7	2862.78	168	1.#QNAN	0	0.016	0	2.17681e-007	2507.51	4599.7	4471.98
4583.58	2853.29	169	1.#QNAN	0	0.016	0	2.15952e-007	2517.25	4583.58	4456.52
4567.19	2843.67	170	1.#QNAN	0	0.015	0	2.14516e-007	2350.7	4567.19	4440.79
4551.13	2834.13	171	1.#QNAN	0	0.031	0	2.22646e-007	2407.1	4551.13	4425.4
4535.1	2824.81	172	1.#QNAN	0	0.016	0	2.23679e-007	2431.56	4535.1	4410.01
4518.93	2815.32	173	1.#QNAN	0	0.016	0	2.26147e-007	2344.36	4518.93	4394.49
4503.09	2806.02	174	1.#QNAN	0	0.015	0	2.2507e-007	2450.6	4503.09	4379.29
4487.36	2796.81	175	1.#QNAN	0	0.016	0	2.34168e-007	2431.92	4487.36	4364.18
4471.51	2787.49	176	1.#QNAN	0	0.015	0	2.45118e-007	2301.79	4471.51	4348.94
4455.84	2778.22	177	1.#QNAN	0	0.032	0	2.43531e-007	2357.24	4455.84	4333.9
4440.28	2769.04	178	1.#QNAN	0	0.015	0	2.42588e-007	2288.9	4440.28	4318.96
4425.04	2760.06	179	1.#QNAN	0	0.016	0	2.41766e-007	2388.22	4425.04	4304.32
4410.01	2751.02	180	1.#QNAN	0	0.015	0	2.54569e-007	2337.06	4410.01	4289.9
4395.39	2742.27	181	1.#QNAN	0	0.016	0	2.40389e-007	2292.23	4395.39	4275.87
4380.49	2733.32	182	1.#QNAN	0	0.016	0	2.58737e-007	2309.04	4380.49	4261.57
4365.76	2724.54	183	1.#QNAN	0	0.015	0	2.45632e-007	2243.46	4365.76	4247.42
4351.25	2715.88	184	1.#QNAN	0	0.016	1	2.55713e-007	2280.81	4351.25	4233.49
4336.79	2707.32	185	1.#QNAN	0	0.031	0	2.56229e-007	2239.65	4336.79	4219.61
4322.37	2698.73	186	1.#QNAN	0	0.016	0	2.54248e-007	2256.83	4322.37	4205.76
4308.04	2690.22	187	1.#QNAN	0	0.015	0	2.54664e-007	2241.65	4308.04	4191.99
4293.95	2681.88	188	1.#QNAN	0	0.016	0	2.44381e-007	2226.48	4293.95	4178.45
4280	2673.5	189	1.#QNAN	0	0.015	0	2.5947e-007	2245.91	4280	4165.05
4266.21	2665.34	190	1.#QNAN	0	0.016	0	2.64409e-007	2335.21	4266.21	4151.81
4252.19	2657.01	191	1.#QNAN	0	0.016	0	2.69052e-007	2249.28	4252.19	4138.34
4238.73	2648.98	192	1.#QNAN	0	0.031	0	2.69972e-007	2361.91	4238.73	4125.42
4225.01	2640.84	193	1.#QNAN	0	0.015	0	2.64267e-007	2198.18	4225.01	4112.23
4211.4	2632.67	194	1.#QNAN	0	0.016	0	2.70831e-007	2212.49	4211.4	4099.15
4197.82	2624.57	195	1.#QNAN	0	0.016	0	2.88067e-007	2265.9	4197.82	4086.1
4184.26	2616.36	196	1.#QNAN	0	0.015	0	2.78172e-007	2209.07	4184.26	4073.09
4170.93	2608.32	197	1.#QNAN	0	0.016	0	2.83931e-007	2221.13	4170.93	4060.28
4157.61	2600.27	198	1.#QNAN	0	0.015	0	2.90421e-007	2138.54	4157.61	4047.49
4144.28	2592.26	199	1.#QNAN	0	0.016	0	2.8604e-007	2171.53	4144.28	4034.68
4131.21	2584.37	200	1.#QNAN	0	0.031	0	2.81823e-007	2175.35	4131.21	4022.11
4118.19	2576.46	201	1.#QNAN	0	0.016	0	2.87013e-007	2162.89	4118.19	4009.6
4105.13	2568.58	202	1.#QNAN	0	0.015	0	2.8195e-007	2131.43	4105.13	3997.05
4092.37	2560.89	203	1.#QNAN	0	0.016	0	2.96749e-007	2230.3	4092.37	3984.78
4079.67	2553.32	204	1.#QNAN	0	0.016	0	2.93298e-007	2230.85	4079.67	3972.57
4067.09	2545.76	205	1.#QNAN	0	0.015	0	2.92177e-007	2221.18	4067.09	3960.47
4054.61	2538.24	206	1.#QNAN	0	0.031	0	2.95345e-007	2182.56	4054.61	3948.47
4042.1	2530.66	207	1.#QNAN	0	0.016	0	3.00331e-007	2132.76	4042.1	3936.44
4029.39	2523	208	1.#QNAN	0	0.016	0	2.95998e-007	2107.26	4029.39	3924.19
4017.22	2515.64	209	1.#QNAN	0	0.015	0	3.04918e-007	2201.15	4017.22	3912.51
4005.11	2508.34	210	1.#QNAN	0	0.016	0	3.02875e-007	2187.13	4005.11	3900.87
3992.97	2501.04	211	1.#QNAN	0	0.015	0	3.07275e-007	2162.87	3992.97	3889.19
3980.98	2493.75	212	1.#QNAN	0	0.016	0	3.1499e-007	2098.94	3980.98	3877.68
3969.28	2486.65	213	1.#QNAN	0	0.031	0	3.08511e-007	2164.72	3969.28	3866.44
3957.47	2479.48	214	1.#QNAN	0	0.016	0	3.16358e-007	2047.06	3957.47	3855.08
3945.63	2472.3	215	1.#QNAN	0	0.015	0	3.10117e-007	2115.78	3945.63	3843.7
3933.88	2465.21	216	1.#QNAN	0	0.016	0	3.29935e-007	2034.35	3933.88	3832.4
3922.16	2458.1	217	1.#QNAN	0	0.016	0	3.19553e-007	2103.3	3922.16	3821.13
3910.68	2451.14	218	1.#QNAN	0	0.015	0	3.1615e-007	2042.75	3910.68	3810.09
3899.2	2444.21	219	1.#QNAN	0	0.016	0	3.3117e-007	2079.46	3899.2	3799.06
3887.87	2437.37	220	1.#QNAN	0	0.031	0	3.23194e-007	2036.49	3887.87	3788.15
3876.66	2430.63	221	1.#QNAN	0	0.016	0	3.12511e-007	2136.21	3876.66	3777.38
3865.47	2423.92	222	1.#QNAN	0	0.015	0	3.34637e-007	2139.16	3865.47	3766.63
3854.3	2417.19	223	1.#QNAN	0	0.016	0	3.24852e-007	2013.25	3854.3	3755.89
3843.28	2410.6	224	1.#QNAN	0	0.015	0	3.3032e-007	2011.48	3843.28	3745.3
3832.32	2404.01	225	1.#QNAN	0	0.016	0	3.31584e-007	2051.13	3832.32	3734.77
3821.64	2397.54	226	1.#QNAN	0	0.016	0	3.40665e-007	2066.87	3821.64	3724.52
3810.95	2391.11	227	1.#QNAN	0	0.015	0	3.34514e-007	2136.91	3810.95	3714.24
3800.14	2384.55	228	1.#QNAN	0	0.015	0	3.30278e-007	2049.38	3800.14	3703.86
3789.77	2378.26	229	1.#QNAN	0	0.016	0	3.26588e-007	2131.17	3789.77	3693.9
3779.26	2371.92	230	1.#QNAN	0	0.016	0	3.41316e-007	2114.48	3779.26	3683.8
3768.67	2365.59	231	1.#QNAN	0	0.015	0	3.34121e-007	2052.9	3768.67	3673.63
3758.2	2359.39	232	1.#QNAN	0	0.016	0	3.23822e-007	1981.85	3758.2	3663.55
3747.74	2353.13	233	1.#QNAN	0	0.015	0	3.35429e-007	1959.96	3747.74	3653.48
3737.54	2347.04	234	1.#QNAN	0	0.016	0	3.37085e-007	2076.53	3737.54	3643.67
3727.31	2340.95	235	1.#QNAN	0	0.031	0	3.41649e-007	1957.14	3727.31	3633.83
3717.03	2334.88	236	1.#QNAN	0	0.016	0	3.43309e-007	2007.82	3717.03	3623.95
3706.75	2328.82	237	1.#QNAN	0	0.015	0	3.39732e-007	1977.69	3706.75	3614.06
3696.54	2322.77	238	1.#QNAN	0	0.016	0	3.38161e-007	1999.52	3696.54	3604.24
3686.66	2316.9	239	1.#QNAN	0	0.016	0	3.3812e-007	2105.78	3686.66	3594.75
3676.7	2311.01	240	1.#QNAN	0	0.015	1	3.43712e-007	1951.44	3676.7	3585.16
3666.88	2305.2	241	1.#QNAN	0	0.016	0	3.45443e-007	1933.41	3666.88	3575.72
3657.14	2299.43	242	1.#QNAN	0	0.031	0	3.37574e-007	1947.5	3657.14	3566.35
3647.43	2293.74	243	1.#QNAN	0	0.016	0	3.48203e-007	1955.88	3647.43	3557.02
3637.84	2288.13	244	1.#QNAN	0	0.015	0	3.51709e-007	2047.73	3637.84	3547.8
3628.19	2282.44	245	1.#QNAN	0	0.016	0	3.52011e-007	1990.88	3628.19	3538.53
3618.73	2276.89	246	1.#QNAN	0	0.015	0	3.47835e-007	1938.06	3618.73	3529.44
3609.21	2271.31	247	1.#QNAN	0	0.016	0	3.62022e-007	1968.66	3609.21	3520.29
3599.83	2265.83	248	1.#QNAN	0	0.031	0	3.70731e-007	1946.86	3599.83	3511.27
3590.48	2260.35	249	1.#QNAN	0	0.016	0	3.56663e-007	1930.8	3590.48	3502.28
3581.06	2254.79	250	1.#QNAN	0	0.015	0	3.53179e-007	1953	3581.06	3493.22
3571.87	2249.39	251	1.#QNAN	0	0.016	0	3.65092e-007	1950.48	3571.87	3484.4
3562.57	2243.94	252	1.#QNAN	0	0.016	0	3.58827e-007	1911.59	3562.57	3475.44
3553.31	2238.5	253	1.#QNAN	0	0.015	0	3.61661e-007	1940.19	3553.31	3466.54
3544.36	2233.24	254	1.#QNAN	0	0.016	0	3.6622e-007	2027.57	3544.36	3457.92
3535.32	2227.96	255	1.#QNAN	0	0.031	0	3.66731e-007	1948.02	3535.32	3449.23
3526.29	2222.67	256	1.#QNAN	0	0.016	0	3.63879e-007	1928.73	3526.29	3440.54
3517.32	2217.44	257	1.#QNAN	0	0.015	0	3.73918e-007	1890.29	3517.32	3431.92
3508.43	2212.17	258	1.#QNAN	0	0.016	0	3.56526e-007	1948.72	3508.43	3423.37
3499.85	2207.08	259	1.#QNAN	0	0.015	0	3.61446e-007	2010.74	3499.85	3415.12
3491.41	2202.07	260	1.#QNAN	0	0.016	0	3.74097e-007	2055.56	3491.41	3407.02
3482.77	2196.91	261	1.#QNAN	0	0.031	0	3.63845e-007	1959.36	3482.77	3398.73
3474.17	2191.78	262	1.#QNAN	0	0.016	0	3.77937e-007	1944.68	3474.17	3390.46
3465.59	2186.63	263	1.#QNAN	0	0.015	0	3.72109e-007	1916.35	3465.59	3382.22
3457.24	2181.7	264	1.#QNAN	0	0.016	0	3.76037e-007	2022.6	3457.24	3374.2
3448.93	2176.76	265	1.#QNAN	0	0.016	0	3.9099e-007	1967.56	3448.93	3366.21
3440.78	2171.93	266	1.#QNAN	0	0.015	0	3.6857e-007	1952.95	3440.78	3358.39
3432.52	2166.97	267	1.#QNAN	0	0.016	0	3.6509e-007	1943.61	3432.52	3350.45
3424.24	2162	268	1.#QNAN	0	0.031	0	3.85558e-007	1944.83	3424.24	3342.5
3416.01	2157.08	269	1.#QNAN	0	0.016	0	3.91776e-007	1925.89	3416.01	3334.6
3407.93	2152.23	270	1.#QNAN	0	0.015	0	3.76509e-007	1876.81	3407.93	3326.83
3399.86	2147.44	271	1.#QNAN	0	0.016	0	3.83248e-007	1920.04	3399.86	3319.06
3391.76	2142.62	272	1.#QNAN	0	0.015	0	3.79141e-007	1851.04	3391.76	3311.28
3383.65	2137.79	273	1.#QNAN	0	0.016	0	3.98024e-007	1913.57	3383.65	3303.49
3375.61	2133.01	274	1.#QNAN	0	0.016	0	3.95405e-007	1899.01	3375.61	3295.75
3367.62	2128.27	275	1.#QNAN	0	0.015	0	3.63753e-007	1847.57	3367.62	3288.07
3359.62	2123.53	276	1.#QNAN	0	0.031	0	3.94191e-007	1905.25	3359.62	3280.38
3351.7	2118.84	277	1.#QNAN	0	0.016	0	3.78937e-007	1869.51	3351.7	3272.75
3343.94	2114.27	278	1.#QNAN	0	0.016	0	3.87106e-007	1915.76	3343.94	3265.28
3336.04	2109.59	279	1.#QNAN	0	0.015	0	3.86111e-007	1890.75	3336.04	3257.68
3328.36	2105.07	280	1.#QNAN	0	0.016	0	4.02915e-007	1962.51	3328.36	3250.28
3320.65	2100.45	281	1.#QNAN	0	0.015	0	3.9128e-007	1873.62	3320.65	3242.87
3312.98	2095.91	282	1.#QNAN	0	0.032	0	3.83888e-007	1879.88	3312.98	3235.49
3305.37	2091.4	283	1.#QNAN	0	0.015	0	3.97993e-007	1876.79	3305.37	3228.17
3297.78	2086.89	284	1.#QNAN	0	0.016	0	3.85806e-007	1842.62	3297.78	3220.86
3290.32	2082.46	285	1.#QNAN	0	0.015	0	4.08856e-007	1881.67	3290.32	3213.69
3282.98	2078.14	286	1.#QNAN	0	0.016	0	3.84581e-007	1950.08	3282.98	3206.63
3275.61	2073.74	287	1.#QNAN	0	0.016	0	4.07342e-007	1818.18	3275.61	3199.54
3268.27	2069.36	288	1.#QNAN	0	0.015	0	3.97257e-007	1864.4	3268.27	3192.48
3261.08	2065.11	289	1.#QNAN	0	0.016	0	4.07664e-007	1821.67	3261.08	3185.56
3253.91	2060.91	290	1.#QNAN	0	0.031	0	4.21421e-007	1923.37	3253.91	3178.67
3246.72	2056.67	291	1.#QNAN	0	0.016	0	4.0869e-007	1845.37	3246.72	3171.77
3239.63	2052.48	292	1.#QNAN	0	0.015	0	4.06556e-007	1880.38	3239.63	3164.94
3232.47	2048.24	293	1.#QNAN	0	0.016	0	4.18238e-007	1862.71	3232.47	3158.06
3225.4	2044.03	294	1.#QNAN	0	0.015	0	4.02453e-007	1865.92	3225.4	3151.27
3218.42	2039.95	295	1.#QNAN	0	0.016	0	4.17952e-007	1847.53	3218.42	3144.57
3211.51	2035.91	296	1.#QNAN	0	0.016	1	4.01876e-007	1951.67	3211.51	3137.93
3204.57	2031.83	297	1.#QNAN	0	0.015	0	3.9571e-007	1828.11	3204.57	3131.25
3197.79	2027.81	298	1.#QNAN	0	0.031	0	3.99173e-007	1849.77	3197.79	3124.74
3191.02	2023.82	299	1.#QNAN	0	0.016	0	4.07928e-007	1850.5	3191.02	3118.24
3184.36	2019.84	300	1.#QNAN	0	0.016	0	4.15934e-007	1819.15	3184.36	3111.84
3177.65	2015.83	301	1.#QNAN	0	0.015	0	4.16245e-007	1877.64	3177.65	3105.41
3171.13	2011.96	302	1.#QNAN	0	0.016	0	4.20178e-007	1965.31	3171.13	3099.15
3164.64	2008.1	303	1.#QNAN	0	0.015	0	4.08023e-007	1982.47	3164.64	3092.92
3157.99	2004.14	304	1.#QNAN	0	0.016	0	4.1422e-007	1866.51	3157.99	3086.53
3151.59	2000.36	305	1.#QNAN	0	0.031	0	4.0907e-007	1978.17	3151.59	3080.38
3145.07	1996.55	306	1.#QNAN	0	0.016	0	4.37707e-007	1844.22	3145.07	3074.12
3138.71	1992.82	307	1.#QNAN	0	0.015	0	4.24729e-007	1872.64	3138.71	3068.01
3132.4	1989.13	308	1.#QNAN	0	0.016	0	4.21303e-007	1891.84	3132.4	3061.95
3126.04	1985.42	309	1.#QNAN	0	0.016	0	4.16196e-007	1869.17	3126.04	3055.84
3119.67	1981.67	310	1.#QNAN	0	0.015	0	4.22725e-007	1885.59	3119.67	3049.73
3113.36	1977.96	311	1.#QNAN	0	0.016	0	4.29039e-007	1833.92	3113.36	3043.67
3107.09	1974.28	312	1.#QNAN	0	0.031	0	4.18681e-007	1831.31	3107.09	3037.65
3100.82	1970.56	313	1.#QNAN	0	0.016	0	4.29781e-007	1802.81	3100.82	3031.62
3094.48	1966.79	314	1.#QNAN	0	0.015	0	4.29501e-007	1872.39	3094.48	3025.54
3088.37	1963.16	315	1.#QNAN	0	0.016	0	4.2705e-007	1907.84	3088.37	3019.67
3082.22	1959.53	316	1.#QNAN	0	0.015	0	4.27445e-007	1799.59	3082.22	3013.77
3076.17	1955.95	317	1.#QNAN	0	0.016	0	4.21375e-007	1823.12	3076.17	3007.97
3070.06	1952.31	318	1.#QNAN	0	0.031	0	4.27695e-007	1871.49	3070.06	3002.11
3064.04	1948.74	319	1.#QNAN	0	0.016	0	4.31874e-007	1825.39	3064.04	2996.33
3057.96	1945.18	320	1.#QNAN	0	0.015	0	4.25534e-007	1801.29	3057.96	2990.48
3052.03	1941.68	321	1.#QNAN	0	0.016	0	4.36055e-007	1939.6	3052.03	2984.78
3046.21	1938.26	322	1.#QNAN	0	0.016	0	4.26078e-007	1945.79	3046.21	2979.2
3040.3	1934.76	323	1.#QNAN	0	0.015	0	4.35988e-007	1819.52	3040.3	2973.53
3034.47	1931.28	324	1.#QNAN	0	0.016	0	4.33857e-007	1923.53	3034.47	2967.93
3028.72	1927.81	325	1.#QNAN	0	0.031	0	4.30621e-007	1819.87	3028.72	2962.42
3023.04	1924.39	326	1.#QNAN	0	0.016	0	4.25048e-007	1948.43	3023.04	2956.98
3017.33	1920.97	327	1.#QNAN	0	0.015	0	4.36891e-007	1931.78	3017.33	2951.49
3011.7	1917.57	328	1.#QNAN	0	0.016	0	4.41906e-007	1858.47	3011.7	2946.1
3006.16	1914.22	329	1.#QNAN	0	0.015	0	4.44839e-007	1951.02	3006.16	2940.79
3000.45	1910.79	330	1.#QNAN	0	0.016	0	4.46417e-007	1868.42	3000.45	2935.32
2994.81	1907.39	331	1.#QNAN	0	0.016	0	4.38529e-007	1806.13	2994.81	2929.92
2989.33	1904.1	332	1.#QNAN	0	0.015	0	4.34312e-007	1841.64	2989.33	2924.66
2983.86	1900.79	333	1.#QNAN	0	0.031	0	4.43394e-007	1859.52	2983.86	2919.43
2978.4	1897.56	334	1.#QNAN	0	0.016	0	4.40501e-007	1803.64	2978.4	2914.19
2972.99	1894.35	335	1.#QNAN	0	0.016	0	4.35473e-007	1816.22	2972.99	2909
2967.52	1891.11	336	1.#QNAN	0	0.015	0	4.40468e-007	1823.06	2967.52	2903.76
2962.12	1887.89	337	1.#QNAN	0	0.016	0	4.4314e-007	1810.53	2962.12	2898.58
2956.89	1884.75	338	1.#QNAN	0	0.015	0	4.50413e-007	1926.9	2956.89	2893.57
2951.52	1881.57	339	1.#QNAN	0	0.016	0	4.5292e-007	1868.62	2951.52	2888.43
2946.32	1878.5	340	1.#QNAN	0	0.016	0	4.46285e-007	1846.35	2946.32	2883.45
2941.06	1875.4	341	1.#QNAN	0	0.031	0	4.40834e-007	1807.04	2941.06	2878.41
2935.89	1872.36	342	1.#QNAN	0	0.015	0	4.49668e-007	1828.87	2935.89	2873.46
2930.63	1869.24	343	1.#QNAN	0	0.016	0	4.43043e-007	1816.04	2930.63	2868.42
2925.54	1866.26	344	1.#QNAN	0	0.016	0	4.31821e-007	1877.28	2925.54	2863.53
2920.34	1863.21	345	1.#QNAN	0	0.015	0	4.50097e-007	1802.32	2920.34	2858.55
2915.2	1860.13	346	1.#QNAN	0	0.016	0	4.47191e-007	1792.93	2915.2	2853.62
2910.06	1857.12	347	1.#QNAN	0	0.015	0	4.65056e-007	1795.11	2910.06	2848.67
2904.96	1854.15	348	1.#QNAN	0	0.032	0	4.60267e-007	1928.81	2904.96	2843.78
2899.97	1851.21	349	1.#QNAN	0	0.015	0	4.53395e-007	1943.98	2899.97	2838.99
2894.93	1848.26	350	1.#QNAN	0	0.016	0	4.55576e-007	1786.14	2894.93	2834.15
2889.81	1845.25	351	1.#QNAN	0	0.015	0	4.50912e-007	1801.38	2889.81	2829.24
2884.89	1842.38	352	1.#QNAN	0	0.016	0	4.47186e-007	1918.57	2884.89	2824.51
2879.98	1839.52	353	1.#QNAN	0	0.016	1	4.48601e-007	1927.94	2879.98	2819.8
2875.08	1836.69	354	1.#QNAN	0	0.015	0	4.58524e-007	1915.94	2875.08	2815.1
2870.11	1833.82	355	1.#QNAN	0	0.031	0	4.53424e-007	1825.17	2870.11	2810.32
2865.1	1830.89	356	1.#QNAN	0	0.016	0	4.5104e-007	1776.75	2865.1	2805.5
2860.09	1827.95	357	1.#QNAN	0	0.016	0	4.66471e-007	1798.08	2860.09	2800.69
2855.16	1825.06	358	1.#QNAN	0	0.015	0	4.73661e-007	1767.25	2855.16	2795.96
2850.14	1822.14	359	1.#QNAN	0	0.016	0	4.69121e-007	1802.09	2850.14	2791.13
2845.13	1819.23	360	1.#QNAN	0	0.015	0	4.64457e-007	1796	2845.13	2786.32
2840.35	1816.45	361	1.#QNAN	0	0.016	0	4.77711e-007	1882.57	2840.35	2781.72
2835.64	1813.71	362	1.#QNAN	0	0.031	0	4.54459e-007	1894.14	2835.64	2777.2
2830.94	1810.98	363	1.#QNAN	0	0.016	0	4.58653e-007	1898.27	2830.94	2772.68
2826.29	1808.24	364	1.#QNAN	0	0.015	0	4.83896e-007	1903	2826.29	2768.22
2821.63	1805.52	365	1.#QNAN	0	0.016	0	4.71009e-007	1820.02	2821.63	2763.75
2817.01	1802.79	366	1.#QNAN	0	0.016	0	4.75982e-007	1776.97	2817.01	2759.32
2812.37	1800.05	367	1.#QNAN	0	0.015	0	4.65276e-007	1767.47	2812.37	2754.87
2807.82	1797.36	368	1.#QNAN	0	0.016	0	4.71898e-007	1788.55	2807.82	2750.51
2803.18	1794.61	369	1.#QNAN	0	0.031	0	4.62986e-007	1773.86	2803.18	2746.06
2798.71	1791.97	370	1.#QNAN	0	0.016	0	4.9905e-007	1869.55	2798.71	2741.78
2794.11	1789.28	371	1.#QNAN	0	0.015	0	4.74075e-007	1799.59	2794.11	2737.36
2789.43	1786.55	372	1.#QNAN	0	0.016	0	4.74992e-007	1811.79	2789.43	2732.87
2784.85	1783.86	373	1.#QNAN	0	0.015	0	4.79722e-007	1748.29	2784.85	2728.47
2780.21	1781.12	374	1.#QNAN	0	0.016	0	5.05427e-007	1800.58	2780.21	2724.02
2775.67	1778.45	375	1.#QNAN	0	0.016	0	4.7225e-007	1797.78	2775.67	2719.65
2771.2	1775.8	376	1.#QNAN	0	0.031	0	4.6278e-007	1801.87	2771.2	2715.37
2766.73	1773.19	377	1.#QNAN	0	0.015	0	4.94892e-007	1788.79	2766.73	2711.08
2762.38	1770.62	378	1.#QNAN	0	0.016	0	4.77931e-007	1742.7	2762.38	2706.9
2757.98	1768.06	379	1.#QNAN	0	0.016	0	4.66732e-007	1751.98	2757.98	2702.69
2753.56	1765.45	380	1.#QNAN	0	0.015	0	4.88091e-007	1798.36	2753.56	2698.44
2749.18	1762.88	381	1.#QNAN	0	0.016	0	4.7942e-007	1819.78	2749.18	2694.23
2744.92	1760.36	382	1.#QNAN	0	0.015	0	4.97958e-007	1767.76	2744.92	2690.14
2740.57	1757.78	383	1.#QNAN	0	0.032	0	4.92287e-007	1804.31	2740.57	2685.97
2736.38	1755.32	384	1.#QNAN	0	0.015	0	4.91647e-007	1910.97	2736.38	2681.94
2732.09	1752.78	385	1.#QNAN	0	0.016	0	5.02226e-007	1829.87	2732.09	2677.83
2727.86	1750.28	386	1.#QNAN	0	0.015	0	4.84593e-007	1746.51	2727.86	2673.77
2723.69	1747.81	387	1.#QNAN	0	0.016	0	4.66958e-007	1781.89	2723.69	2669.77
2719.54	1745.35	388	1.#QNAN	0	0.016	0	5.00588e-007	1762.64	2719.54	2665.78
2715.44	1742.94	389	1.#QNAN	0	0.015	0	5.10289e-007	1772.9	2715.44	2661.86
2711.44	1740.57	390	1.#QNAN	0	0.016	0	4.91169e-007	1847.11	2711.44	2658.02
2707.52	1738.25	391	1.#QNAN	0	0.031	0	4.97306e-007	1910.81	2707.52	2654.27
2703.46	1735.84	392	1.#QNAN	0	0.016	0	4.97137e-007	1756.28	2703.46	2650.38
2699.41	1733.42	393	1.#QNAN	0	0.015	0	4.90276e-007	1758.53	2699.41	2646.5
2695.43	1731.05	394	1.#QNAN	0	0.016	0	5.0101e-007	1759.44	2695.43	2642.7
2691.47	1728.69	395	1.#QNAN	0	0.015	0	4.93686e-007	1781.55	2691.47	2638.9
2687.51	1726.32	396	1.#QNAN	0	0.016	0	4.98403e-007	1795.99	2687.51	2635.11
2683.55	1723.96	397	1.#QNAN	0	0.016	0	4.84512e-007	1833.15	2683.55	2631.32
2679.76	1721.7	398	1.#QNAN	0	0.015	0	4.87874e-007	1925.08	2679.76	2627.69
2675.93	1719.42	399	1.#QNAN	0	0.031	0	5.07558e-007	1901.2	2675.93	2624.02
2672.1	1717.14	400	1.#QNAN	0	0.016	0	5.03296e-007	1777.09	2672.1	2620.36
2668.23	1714.83	401	1.#QNAN	0	0.016	0	5.12403e-007	1812.31	2668.23	2616.65
2664.51	1712.59	402	1.#QNAN	0	0.015	0	4.86609e-007	1887.22	2664.51	2613.08
2660.66	1710.31	403	1.#QNAN	0	0.016	0	4.8929e-007	1744.51	2660.66	2609.4
2656.84	1708.03	404	1.#QNAN	0	0.015	0	4.87047e-007	1819.52	2656.84	2605.74
2653.03	1705.78	405	1.#QNAN	0	0.032	0	4.99987e-007	1809.03	2653.03	2602.09
2649.36	1703.62	406	1.#QNAN	0	0.015	0	4.93801e-007	1907.1	2649.36	2598.58
2645.57	1701.36	407	1.#QNAN	0	0.016	0	5.04597e-007	1835.71	2645.57	2594.95
2641.89	1699.16	408	1.#QNAN	0	0.015	0	5.05174e-007	1897.2	2641.89	2591.42
2638.2	1696.96	409	1.#QNAN	0	0.016	1	4.98464e-007	1825.38	2638.2	2587.88
2634.52	1694.77	410	1.#QNAN	0	0.016	0	5.06622e-007	1800.29	2634.52	2584.37
2630.77	1692.53	411	1.#QNAN	0	0.031	0	4.89557e-007	1819.76	2630.77	2580.77
2627.05	1690.3	412	1.#QNAN	0	0.015	0	4.98174e-007	1770.28	2627.05	2577.2
2623.44	1688.18	413	1.#QNAN	0	0.016	0	5.16761e-007	1900.81	2623.44	2573.74
2619.83	1686.03	414	1.#QNAN	0	0.016	0	5.37664e-007	1769.42	2619.83	2570.28
2616.19	1683.87	415	1.#QNAN	0	0.015	0	5.15065e-007	1824.13	2616.19	2566.8
2612.58	1681.72	416	1.#QNAN	0	0.016	0	5.03488e-007	1806.6	2612.58	2563.33
2608.98	1679.57	417	1.#QNAN	0	0.015	0	5.01528e-007	1850.63	2608.98	2559.89
2605.49	1677.46	418	1.#QNAN	0	0.032	0	5.06428e-007	1823.86	2605.49	2556.54
2601.96	1675.33	419	1.#QNAN	0	0.015	0	5.12863e-007	1854.77	2601.96	2553.17
2598.39	1673.18	420	1.#QNAN	0	0.016	0	4.94778e-007	1807.36	2598.39	2549.75
2594.85	1671.04	421	1.#QNAN	0	0.015	0	4.91839e-007	1869.73	2594.85	2546.37
2591.29	1668.9	422	1.#QNAN	0	0.016	0	5.19225e-007	1837.11	2591.29	2542.95
2587.78	1666.78	423	1.#QNAN	0	0.016	0	5.14265e-007	1795.55	2587.78	2539.59
2584.28	1664.67	424	1.#QNAN	0	0.015	0	5.19203e-007	1771.03	2584.28	2536.24
2580.79	1662.57	425	1.#QNAN	0	0.031	0	5.08891e-007	1812.67	2580.79	2532.89
2577.36	1660.5	426	1.#QNAN	0	0.016	0	5.17331e-007	1855.72	2577.36	2529.61
2573.9	1658.45	427	1.#QNAN	0	0.016	0	5.06699e-007	1826.06	2573.9	2526.3
2570.5	1656.39	428	1.#QNAN	0	0.015	0	5.08529e-007	1838.53	2570.5	2523.04
2567.13	1654.37	429	1.#QNAN	0	0.016	0	5.15392e-007	1836.13	2567.13	2519.82
2563.8	1652.39	430	1.#QNAN	0	0.015	0	5.19389e-007	1775.61	2563.8	2516.63
2560.53	1650.45	431	1.#QNAN	0	0.016	0	5.17097e-007	1876.58	2560.53	2513.5
2557.23	1648.5	432	1.#QNAN	0	0.015	0	5.24576e-007	1795.36	2557.23	2510.35
2554	1646.56	433	1.#QNAN	0	0.016	0	5.36266e-007	1890.83	2554	2507.26
2550.83	1644.67	434	1.#QNAN	0	0.015	0	5.25338e-007	1900.15	2550.83	2504.23
2547.63	1642.77	435	1.#QNAN	0	0.016	0	5.14042e-007	1917.22	2547.63	2501.17
2544.34	1640.84	436	1.#QNAN	0	0.016	0	5.02913e-007	1858.44	2544.34	2498.02
2541.05	1638.88	437	1.#QNAN	0	0.031	0	5.22034e-007	1852.19	2541.05	2494.88
2537.82	1636.96	438	1.#QNAN	0	0.015	0	5.00867e-007	1793.44	2537.82	2491.79
2534.65	1635.08	439	1.#QNAN	0	0.016	0	5.14483e-007	1817.7	2534.65	2488.75
2531.42	1633.14	440	1.#QNAN	0	0.016	0	5.1284e-007	1840.01	2531.42	2485.66
2528.29	1631.3	441	1.#QNAN	0	0.015	0	5.01362e-007	1916.25	2528.29	2482.67
2525.23	1629.48	442	1.#QNAN	0	0.016	0	4.9714e-007	1933.8	2525.23	2479.75
2522.1	1627.6	443	1.#QNAN	0	0.015	0	4.92997e-007	1826.6	2522.1	2476.75
2519.02	1625.77	444	1.#QNAN	0	0.032	0	5.23483e-007	1868.72	2519.02	2473.82
2515.94	1623.95	445	1.#QNAN	0	0.015	0	5.20924e-007	1813.32	2515.94	2470.88
2512.88	1622.17	446	1.#QNAN	0	0.016	0	5.19634e-007	1869.09	2512.88	2467.96
2509.78	1620.32	447	1.#QNAN	0	0.015	0	5.18895e-007	1854.17	2509.78	2465
2506.67	1618.48	448	1.#QNAN	0	0.016	0	5.39928e-007	1839.7	2506.67	2462.03
2503.61	1616.65	449	1.#QNAN	0	0.016	0	5.25148e-007	1826.39	2503.61	2459.1
2500.64	1614.88	450	1.#QNAN	0	0.031	0	5.29416e-007	1914.78	2500.64	2456.27
2497.65	1613.1	451	1.#QNAN	0	0.015	0	5.30884e-007	1913.15	2497.65	2453.41
2494.63	1611.29	452	1.#QNAN	0	0.016	0	5.31029e-007	1787.57	2494.63	2450.53
2491.7	1609.54	453	1.#QNAN	0	0.016	0	5.35685e-007	1806	2491.7	2447.73
2488.74	1607.76	454	1.#QNAN	0	0.015	0	5.30241e-007	1804.42	2488.74	2444.9
2485.78	1605.99	455	1.#QNAN	0	0.031	0	5.4146e-007	1854.35	2485.78	2442.07
2482.77	1604.19	456	1.#QNAN	0	0.016	0	5.44222e-007	1799.35	2482.77	2439.2
2479.89	1602.5	457	1.#QNAN	0	0.016	0	5.36787e-007	1770.25	2479.89	2436.45
2477.02	1600.8	458	1.#QNAN	0	0.015	0	5.33552e-007	1769.67	2477.02	2433.71
2474.13	1599.08	459	1.#QNAN	0	0.016	0	5.15699e-007	1776.08	2474.13	2430.95
2471.22	1597.35	460	1.#QNAN	0	0.015	0	5.15618e-007	1779.34	2471.22	2428.17
2468.41	1595.7	461	1.#QNAN	0	0.032	0	5.23731e-007	1804.93	2468.41	2425.48
2465.5	1593.98	462	1.#QNAN	0	0.015	0	5.28696e-007	1758.12	2465.5	2422.7
2462.64	1592.26	463	1.#QNAN	0	0.016	0	5.12788e-007	1852.92	2462.64	2419.98
2459.85	1590.61	464	1.#QNAN	0	0.015	1	5.28098e-007	1841.22	2459.85	2417.31
2457.02	1588.92	465	1.#QNAN	0	0.016	0	5.31025e-007	1820.03	2457.02	2414.6
2454.18	1587.24	466	1.#QNAN	0	0.016	0	5.26548e-007	1832.68	2454.18	2411.89
2451.4	1585.61	467	1.#QNAN	0	0.015	0	5.32791e-007	1807.41	2451.4	2409.23
2448.64	1584.01	468	1.#QNAN	0	0.031	0	5.42121e-007	1909.35	2448.64	2406.6
2445.82	1582.33	469	1.#QNAN	0	0.016	0	5.18425e-007	1821.18	2445.82	2403.9
2443.03	1580.67	470	1.#QNAN	0	0.016	0	5.35449e-007	1827.67	2443.03	2401.24
2440.39	1579.11	471	1.#QNAN	0	0.015	0	5.26411e-007	1919.5	2440.39	2398.72
2437.71	1577.53	472	1.#QNAN	0	0.016	0	5.39286e-007	1844.05	2437.71	2396.16
2435.05	1575.97	473	1.#QNAN	0	0.015	0	5.26581e-007	1796.93	2435.05	2393.62
2432.37	1574.36	474	1.#QNAN	0	0.016	0	5.31074e-007	1793.25	2432.37	2391.06
2429.71	1572.78	475	1.#QNAN	0	0.031	0	5.50826e-007	1759.91	2429.71	2388.52
2426.98	1571.15	476	1.#QNAN	0	0.016	0	5.46765e-007	1776.3	2426.98	2385.92
2424.25	1569.52	477	1.#QNAN	0	0.015	0	5.5268e-007	1816.31	2424.25	2383.3
2421.69	1567.97	478	1.#QNAN	0	0.016	0	5.34031e-007	1930.89	2421.69	2380.86
2419.11	1566.43	479	1.#QNAN	0	0.016	0	5.39432e-007	1879.13	2419.11	2378.4
2416.57	1564.89	480	1.#QNAN	0	0.015	0	5.27418e-007	1875.76	2416.57	2375.98
2413.97	1563.32	481	1.#QNAN	0	0.016	0	5.25796e-007	1789.03	2413.97	2373.5
2411.37	1561.73	482	1.#QNAN	0	0.015	0	5.24329e-007	1862.85	2411.37	2371.02
2408.76	1560.14	483	1.#QNAN	0	0.032	0	5.24159e-007	1835.64	2408.76	2368.54
2406.19	1558.58	484	1.#QNAN	0	0.015	0	5.11447e-007	1786.89	2406.19	2366.09
2403.72	1557.07	485	1.#QNAN	0	0.016	0	5.33399e-007	1946.86	2403.72	2363.73
2401.24	1555.54	486	1.#QNAN	0	0.015	0	5.39665e-007	1788.63	2401.24	2361.37
2398.69	1553.98	487	1.#QNAN	0	0.016	0	5.19484e-007	1833.54	2398.69	2358.94
2396.2	1552.45	488	1.#QNAN	0	0.031	0	5.12484e-007	1803.24	2396.2	2356.57
2393.73	1550.95	489	1.#QNAN	0	0.016	0	5.44765e-007	1759.08	2393.73	2354.22
2391.28	1549.44	490	1.#QNAN	0	0.015	0	5.25417e-007	1838.98	2391.28	2351.88
2388.92	1548	491	1.#QNAN	0	0.016	0	5.32726e-007	1784.47	2388.92	2349.63
2386.54	1546.54	492	1.#QNAN	0	0.016	0	5.28346e-007	1780.78	2386.54	2347.37
2384.16	1545.08	493	1.#QNAN	0	0.015	0	5.27599e-007	1781.45	2384.16	2345.1
2381.74	1543.6	494	1.#QNAN	0	0.031	0	5.33079e-007	1861.85	2381.74	2342.8
2379.4	1542.17	495	1.#QNAN	0	0.016	0	5.33185e-007	1941.09	2379.4	2340.56
2376.94	1540.66	496	1.#QNAN	0	0.016	0	5.24579e-007	1823.6	2376.94	2338.21
2374.54	1539.22	497	1.#QNAN	0	0.015	0	5.41565e-007	1772.82	2374.54	2335.93
2372.23	1537.8	498	1.#QNAN	0	0.016	0	5.47645e-007	1880.83	2372.23	2333.73
2369.91	1536.39	499	1.#QNAN	0	0.015	0	5.47799e-007	1865.8	2369.91	2331.51
2367.51	1534.92	500	1.#QNAN	0	0.016	0	5.324e-007	1834.22	2367.51	2329.22
2365.13	1533.48	501	1.#QNAN	0	0.031	0	5.39775e-007	1802.39	2365.13	2326.95
2362.73	1532	502	1.#QNAN	0	0.016	0	5.31349e-007	1851.8	2362.73	2324.66
2360.35	1530.54	503	1.#QNAN	0	0.015	0	5.46291e-007	1851.71	2360.35	2322.4
2357.96	1529.08	504	1.#QNAN	0	0.016	0	5.46216e-007	1813	2357.96	2320.11
2355.62	1527.66	505	1.#QNAN	0	0.016	0	5.42148e-007	1785.95	2355.62	2317.88
2353.28	1526.23	506	1.#QNAN	0	0.015	0	5.337e-007	1816.41	2353.28	2315.66
2350.95	1524.8	507	1.#QNAN	0	0.016	0	5.50968e-007	1819.96	2350.95	2313.43
2348.7	1523.43	508	1.#QNAN	0	0.031	0	5.53776e-007	1770.36	2348.7	2311.29
2346.37	1522.01	509	1.#QNAN	0	0.016	0	5.52529e-007	1776.39	2346.37	2309.07
2344.21	1520.68	510	1.#QNAN	0	0.015	0	5.55966e-007	1894.66	2344.21	2307.01
2342	1519.34	511	1.#QNAN	0	0.016	0	5.66013e-007	1791.45	2342	2304.91
2339.74	1517.95	512	1.#QNAN	0	0.015	0	5.5312e-007	1823.96	2339.74	2302.76
2337.56	1516.62	513	1.#QNAN	0	0.016	0	5.52396e-007	1816.43	2337.56	2300.69
2335.38	1515.29	514	1.#QNAN	0	0.031	0	5.56583e-007	1829.16	2335.38	2298.61
2333.18	1513.93	515	1.#QNAN	0	0.016	0	5.69895e-007	1765.74	2333.18	2296.51
2331.05	1512.62	516	1.#QNAN	0	0.015	0	5.39834e-007	1905.09	2331.05	2294.48
2328.92	1511.3	517	1.#QNAN	0	0.016	0	5.51987e-007	1896.63	2328.92	2292.45
2326.73	1509.96	518	1.#QNAN	0	0.016	0	5.57119e-007	1781.2	2326.73	2290.37
2324.6	1508.66	519	1.#QNAN	0	0.015	0	5.44139e-007	1891.9	2324.6	2288.34
2322.39	1507.31	520	1.#QNAN	0	0.016	1	5.61663e-007	1751.45	2322.39	2286.24
2320.31	1506.03	521	1.#QNAN	0	0.031	0	5.4806e-007	1823.35	2320.31	2284.26
2318.13	1504.71	522	1.#QNAN	0	0.016	0	5.729e-007	1797.05	2318.13	2282.19
2315.97	1503.37	523	1.#QNAN	0	0.015	0	5.4275e-007	1814.44	2315.97	2280.13
2313.89	1502.11	524	1.#QNAN	0	0.016	0	5.41878e-007	1873.32	2313.89	2278.15
2311.86	1500.87	525	1.#QNAN	0	0.015	0	5.4043e-007	1859.87	2311.86	2276.22
2309.78	1499.6	526	1.#QNAN	0	0.016	0	5.51742e-007	1753.78	2309.78	2274.25
2307.72	1498.34	527	1.#QNAN	0	0.016	0	5.4317e-007	1747.4	2307.72	2272.29
2305.65	1497.06	528	1.#QNAN	0	0.031	0	5.67807e-007	1834.59	2305.65	2270.32
2303.66	1495.84	529	1.#QNAN	0	0.015	0	5.52494e-007	1915.31	2303.66	2268.43
2301.68	1494.62	530	1.#QNAN	0	0.016	0	5.75669e-007	1926.66	2301.68	2266.55
2299.67	1493.4	531	1.#QNAN	0	0.016	0	5.64571e-007	1782.14	2299.67	2264.64
2297.65	1492.17	532	1.#QNAN	0	0.015	0	5.55001e-007	1800.2	2297.65	2262.72
2295.67	1490.94	533	1.#QNAN	0	0.016	0	5.49893e-007	1791.37	2295.67	2260.83
2293.72	1489.74	534	1.#QNAN	0	0.015	0	5.47019e-007	1856.69	2293.72	2258.99
2291.69	1488.46	535	1.#QNAN	0	0.032	0	5.76716e-007	1834.01	2291.69	2257.06
2289.77	1487.27	536	1.#QNAN	0	0.015	0	5.47123e-007	1918.69	2289.77	2255.24
2287.78	1486.03	537	1.#QNAN	0	0.016	0	5.74925e-007	1773.56	2287.78	2253.34
2285.77	1484.79	538	1.#QNAN	0	0.015	0	5.49752e-007	1804.41	2285.77	2251.43
2283.86	1483.61	539	1.#QNAN	0	0.016	0	5.64509e-007	1808.32	2283.86	2249.61
2281.91	1482.41	540	1.#QNAN	0	0.016	0	5.50373e-007	1774.68	2281.91	2247.76
2279.93	1481.18	541	1.#QNAN	0	0.015	0	5.55751e-007	1804.59	2279.93	2245.88
2277.96	1479.95	542	1.#QNAN	0	0.031	0	5.68703e-007	1805.6	2277.96	2244
2275.99	1478.74	543	1.#QNAN	0	0.016	0	5.63679e-007	1766.51	2275.99	2242.13
2274.08	1477.56	544	1.#QNAN	0	0.016	0	5.54554e-007	1770.07	2274.08	2240.32
2272.19	1476.4	545	1.#QNAN	0	0.015	0	5.66528e-007	1883.17	2272.19	2238.52
2270.22	1475.18	546	1.#QNAN	0	0.016	0	5.75904e-007	1795.19	2270.22	2236.65
2268.33	1474.02	547	1.#QNAN	0	0.015	0	5.77985e-007	1748.93	2268.33	2234.86
2266.52	1472.9	548	1.#QNAN	0	0.016	0	5.68986e-007	1892.78	2266.52	2233.14
2264.68	1471.77	549	1.#QNAN	0	0.031	0	5.69417e-007	1796.63	2264.68	2231.39
2262.87	1470.65	550	1.#QNAN	0	0.016	0	5.89295e-007	1892.21	2262.87	2229.67
2261	1469.48	551	1.#QNAN	0	0.015	0	5.53255e-007	1759.18	2261	2227.9
2259.15	1468.32	552	1.#QNAN	0	0.016	0	5.57716e-007	1781.43	2259.15	2226.15
2257.3	1467.15	553	1.#QNAN	0	0.016	0	5.50996e-007	1803.54	2257.3	2224.39
2255.49	1466.01	554	1.#QNAN	0	0.015	0	5.61885e-007	1752.68	2255.49	2222.67
2253.64	1464.84	555	1.#QNAN	0	0.016	0	5.73053e-007	1785.08	2253.64	2220.92
2251.81	1463.68	556	1.#QNAN	0	0.015	0	5.86593e-007	1771.69	2251.81	2219.18
2249.97	1462.54	557	1.#QNAN	0	0.032	0	5.86798e-007	1786.46	2249.97	2217.42
2248.27	1461.46	558	1.#QNAN	0	0.015	0	5.74522e-007	1912.9	2248.27	2215.81
2246.49	1460.35	559	1.#QNAN	0	0.016	0	5.66293e-007	1786.76	2246.49	2214.12
2244.71	1459.24	560	1.#QNAN	0	0.016	0	5.82784e-007	1729.84	2244.71	2212.43
2242.91	1458.14	561	1.#QNAN	0	0.016	0	5.80066e-007	1721.74	2242.91	2210.72
2241.09	1457	562	1.#QNAN	0	0.016	0	5.65219e-007	1780.3	2241.09	2208.99
2239.27	1455.86	563	1.#QNAN	0	0.015	0	5.73374e-007	1805.64	2239.27	2207.25
2237.57	1454.79	564	1.#QNAN	0	0.031	0	5.82751e-007	1896.69	2237.57	2205.64
2235.81	1453.69	565	1.#QNAN	0	0.016	0	5.87601e-007	1777.48	2235.81	2203.97
2234.06	1452.6	566	1.#QNAN	0	0.016	0	5.7947e-007	1752.69	2234.06	2202.31
2232.32	1451.51	567	1.#QNAN	0	0.015	0	5.71808e-007	1758.4	2232.32	2200.66
2230.67	1450.46	568	1.#QNAN	0	0.016	0	5.82582e-007	1860.5	2230.67	2199.09
2228.96	1449.37	569	1.#QNAN	0	0.015	0	5.86708e-007	1769.57	2228.96	2197.47
2227.29	1448.3	570	1.#QNAN	0	0.016	0	5.63421e-007	1792.74	2227.29	2195.9
2225.57	1447.22	571	1.#QNAN	0	0.016	0	5.72605e-007	1775.23	2225.57	2194.27
2223.87	1446.14	572	1.#QNAN	0	0.031	0	5.93687e-007	1789.4	2223.87	2192.65
2222.19	1445.05	573	1.#QNAN	0	0.015	0	5.89935e-007	1789.31	2222.19	2191.06
2220.45	1443.93	574	1.#QNAN	0	0.016	0	5.78011e-007	1808.19	2220.45	2189.41
2218.72	1442.83	575	1.#QNAN	0	0.016	0	5.84036e-007	1802.55	2218.72	2187.77
2217.11	1441.79	576	1.#QNAN	0	0.015	1	5.83414e-007	1866.98	2217.11	2186.25
2215.47	1440.74	577	1.#QNAN	0	0.016	0	5.88622e-007	1771.49	2215.47	2184.7
2213.82	1439.67	578	1.#QNAN	0	0.015	0	5.71984e-007	1804.25	2213.82	2183.13
2212.24	1438.65	579	1.#QNAN	0	0.016	0	5.87473e-007	1905.25	2212.24	2181.64
2210.57	1437.56	580	1.#QNAN	0	0.031	0	5.99269e-007	1808.01	2210.57	2180.05
2208.95	1436.52	581	1.#QNAN	0	0.016	0	5.6946e-007	1796.77	2208.95	2178.52
2207.37	1435.5	582	1.#QNAN	0	0.015	0	5.668e-007	1779.72	2207.37	2177.03
2205.76	1434.45	583	1.#QNAN	0	0.016	0	5.68558e-007	1744.62	2205.76	2175.5
2204.17	1433.41	584	1.#QNAN	0	0.016	0	5.8236e-007	1830.81	2204.17	2173.99
2202.57	1432.42	585	1.#QNAN	0	0.015	0	5.81847e-007	1814.48	2202.57	2172.48
2200.93	1431.41	586	1.#QNAN	0	0.016	0	5.77253e-007	1802.05	2200.93	2170.92
2199.34	1430.42	587	1.#QNAN	0	0.031	0	5.94213e-007	1730.49	2199.34	2169.41
2197.77	1429.44	588	1.#QNAN	0	0.016	0	5.72614e-007	1759.38	2197.77	2167.93
2196.25	1428.51	589	1.#QNAN	0	0.015	0	5.7601e-007	1879.19	2196.25	2166.49
2194.7	1427.56	590	1.#QNAN	0	0.016	0	6.07944e-007	1755.67	2194.7	2165.02
2193.15	1426.61	591	1.#QNAN	0	0.015	0	5.99576e-007	1723.66	2193.15	2163.55
2191.61	1425.63	592	1.#QNAN	0	0.016	0	5.76415e-007	1806.25	2191.61	2162.09
2190.09	1424.7	593	1.#QNAN	0	0.016	0	6.00254e-007	1739.86	2190.09	2160.66
2188.58	1423.74	594	1.#QNAN	0	0.031	0	5.80486e-007	1769.76	2188.58	2159.23
2187.09	1422.8	595	1.#QNAN	0	0.015	0	6.05754e-007	1875.55	2187.09	2157.81
2185.55	1421.83	596	1.#QNAN	0	0.016	0	5.71579e-007	1792.59	2185.55	2156.36
2184	1420.84	597	1.#QNAN	0	0.015	0	5.89837e-007	1794.36	2184	2154.88
2182.5	1419.88	598	1.#QNAN	0	0.016	0	5.83244e-007	1736.03	2182.5	2153.46
2181.03	1418.97	599	1.#QNAN	0	0.015	0	5.87702e-007	1788.06	2181.03	2152.07
2179.56	1418.03	600	1.#QNAN	0	0.016	0	5.95211e-007	1877.72	2179.56	2150.67
2178.06	1417.06	601	1.#QNAN	0	0.015	0	5.90159e-007	1797.99	2178.06	2149.26
2176.53	1416.09	602	1.#QNAN	0	0.016	0	5.97364e-007	1783.48	2176.53	2147.81
2175.01	1415.14	603	1.#QNAN	0	0.015	0	5.81472e-007	1757.09	2175.01	2146.37
2173.6	1414.24	604	1.#QNAN	0	0.016	0	6.02731e-007	1922.76	2173.6	2145.03
2172.13	1413.3	605	1.#QNAN	0	0.016	0	5.80257e-007	1809.99	2172.13	2143.63
2170.68	1412.38	606	1.#QNAN	0	0.015	0	6.07562e-007	1775.7	2170.68	2142.27
2169.19	1411.43	607	1.#QNAN	0	0.031	0	5.92708e-007	1814.66	2169.19	2140.85
2167.75	1410.53	608	1.#QNAN	0	0.016	0	6.38093e-007	1802.72	2167.75	2139.49
2166.26	1409.62	609	1.#QNAN	0	0.016	0	5.86884e-007	1757.84	2166.26	2138.07
2164.8	1408.72	610	1.#QNAN	0	0.015	0	5.92457e-007	1786.83	2164.8	2136.69
2163.35	1407.79	611	1.#QNAN	0	0.016	0	5.98777e-007	1834.04	2163.35	2135.31
2161.89	1406.87	612	1.#QNAN	0	0.015	0	6.05255e-007	1802.94	2161.89	2133.92
2160.5	1406	613	1.#QNAN	0	0.016	0	6.20595e-007	1820.17	2160.5	2132.61
2159.02	1405.07	614	1.#QNAN	0	0.031	0	6.17371e-007	1794.16	2159.02	2131.2
2157.62	1404.19	615	1.#QNAN	0	0.016	0	5.81351e-007	1824.74	2157.62	2129.88
2156.26	1403.33	616	1.#QNAN	0	0.015	0	5.96255e-007	1899.47	2156.26	2128.58
2154.83	1402.42	617	1.#QNAN	0	0.016	0	5.84157e-007	1802.58	2154.83	2127.23
2153.41	1401.52	618	1.#QNAN	0	0.016	0	6.14264e-007	1750.28	2153.41	2125.88
2152	1400.65	619	1.#QNAN	0	0.015	0	6.26308e-007	1744.32	2152	2124.54
2150.63	1399.8	620	1.#QNAN	0	0.016	0	5.91844e-007	1794.15	2150.63	2123.25
2149.22	1398.94	621	1.#QNAN	0	0.031	0	5.96112e-007	1727.35	2149.22	2121.9
2147.83	1398.1	622	1.#QNAN	0	0.016	0	6.16834e-007	1857.18	2147.83	2120.59
2146.46	1397.25	623	1.#QNAN	0	0.015	0	5.9887e-007	1765.03	2146.46	2119.29
2145.07	1396.38	624	1.#QNAN	0	0.016	0	6.06709e-007	1738.36	2145.07	2117.96
2143.73	1395.55	625	1.#QNAN	0	0.015	0	6.17916e-007	1818.75	2143.73	2116.7
2142.33	1394.68	626	1.#QNAN	0	0.016	0	6.30528e-007	1772.15	2142.33	2115.36
2140.95	1393.81	627	1.#QNAN	0	0.016	0	6.12229e-007	1780.87	2140.95	2114.06
2139.51	1392.92	628	1.#QNAN	0	0.015	0	6.13388e-007	1746.85	2139.51	2112.69
2138.17	1392.1	629	1.#QNAN	0	0.031	0	6.06425e-007	1818.29	2138.17	2111.43
2136.83	1391.27	630	1.#QNAN	0	0.016	0	6.15263e-007	1795.24	2136.83	2110.16
2135.42	1390.41	631	1.#QNAN	0	0.016	1	6.12223e-007	1744.87	2135.42	2108.82
2134.11	1389.61	632	1.#QNAN	0	0.015	0	6.06335e-007	1853.47	2134.11	2107.58
2132.72	1388.74	633	1.#QNAN	0	0.016	0	6.12003e-007	1753.23	2132.72	2106.26
2131.38	1387.94	634	1.#QNAN	0	0.015	0	6.19758e-007	1743.75	2131.38	2104.99
2130.05	1387.12	635	1.#QNAN	0	0.016	0	6.28476e-007	1853.42	2130.05	2103.73
2128.66	1386.26	636	1.#QNAN	0	0.031	0	6.22197e-007	1741.95	2128.66	2102.41
2127.33	1385.44	637	1.#QNAN	0	0.016	0	6.15091e-007	1748.63	2127.33	2101.15
2125.97	1384.59	638	1.#QNAN	0	0.015	0	6.21035e-007	1773.34	2125.97	2099.86
2124.62	1383.74	639	1.#QNAN	0	0.016	0	6.27027e-007	1775.27	2124.62	2098.58
2123.26	1382.9	640	1.#QNAN	0	0.016	0	6.10201e-007	1703.98	2123.26	2097.29
2121.96	1382.07	641	1.#QNAN	0	0.015	0	6.17155e-007	1766.07	2121.96	2096.05
2120.71	1381.29	642	1.#QNAN	0	0.016	0	6.21412e-007	1811.33	2120.71	2094.87
2119.45	1380.49	643	1.#QNAN	0	0.015	0	6.20631e-007	1754.79	2119.45	2093.67
2118.18	1379.7	644	1.#QNAN	0	0.032	0	6.11051e-007	1863.25	2118.18	2092.46
2116.87	1378.88	645	1.#QNAN	0	0.015	0	6.07263e-007	1742.61	2116.87	2091.23
2115.57	1378.07	646	1.#QNAN	0	0.016	0	6.1964e-007	1712.27	2115.57	2089.99
2114.27	1377.26	647	1.#QNAN	0	0.015	0	6.23629e-007	1792.59	2114.27	2088.75
2112.96	1376.43	648	1.#QNAN	0	0.016	0	6.33633e-007	1781.63	2112.96	2087.51
2111.68	1375.63	649	1.#QNAN	0	0.016	0	6.13604e-007	1757.67	2111.68	2086.3
2110.38	1374.8	650	1.#QNAN	0	0.015	0	6.3348e-007	1751.11	2110.38	2085.06
2109.06	1373.98	651	1.#QNAN	0	0.031	0	6.32838e-007	1775.43	2109.06	2083.81
2107.81	1373.17	652	1.#QNAN	0	0.016	0	6.20981e-007	1762.19	2107.81	2082.62
2106.52	1372.34	653	1.#QNAN	0	0.016	0	6.26572e-007	1798.24	2106.52	2081.4
2105.22	1371.51	654	1.#QNAN	0	0.015	0	6.49603e-007	1832.3	2105.22	2080.17
2103.93	1370.68	655	1.#QNAN	0	0.016	0	6.46111e-007	1826.16	2103.93	2078.94
2102.64	1369.85	656	1.#QNAN	0	0.015	0	6.41999e-007	1812.62	2102.64	2077.71
2101.36	1369.05	657	1.#QNAN	0	0.032	0	6.3725e-007	1775.04	2101.36	2076.5
2100.13	1368.28	658	1.#QNAN	0	0.015	0	6.37365e-007	1802.26	2100.13	2075.33
2098.86	1367.47	659	1.#QNAN	0	0.016	0	6.43323e-007	1824.07	2098.86	2074.12
2097.63	1366.7	660	1.#QNAN	0	0.015	0	6.33529e-007	1784.36	2097.63	2072.95
2096.42	1365.94	661	1.#QNAN	0	0.016	0	6.36723e-007	1783.16	2096.42	2071.8
2095.23	1365.19	662	1.#QNAN	0	0.016	0	6.25923e-007	1793.5	2095.23	2070.67
2094.01	1364.43	663	1.#QNAN	0	0.015	0	6.53857e-007	1783.46	2094.01	2069.51
2092.81	1363.66	664	1.#QNAN	0	0.031	0	6.06132e-007	1857.36	2092.81	2068.37
2091.63	1362.91	665	1.#QNAN	0	0.016	0	6.21652e-007	1791.26	2091.63	2067.25
2090.45	1362.16	666	1.#QNAN	0	0.016	0	6.47732e-007	1754.23	2090.45	2066.13
2089.28	1361.41	667	1.#QNAN	0	0.015	0	6.37899e-007	1796.48	2089.28	2065.02
2088.08	1360.62	668	1.#QNAN	0	0.016	0	6.36988e-007	1828.34	2088.08	2063.88
2086.91	1359.86	669	1.#QNAN	0	0.015	0	6.21563e-007	1806.87	2086.91	2062.78
2085.68	1359.07	670	1.#QNAN	0	0.016	0	6.40085e-007	1797.39	2085.68	2061.61
2084.47	1358.28	671	1.#QNAN	0	0.016	0	6.3436e-007	1795.79	2084.47	2060.46
2083.31	1357.53	672	1.#QNAN	0	0.031	0	6.14812e-007	1752.43	2083.31	2059.37
2082.14	1356.8	673	1.#QNAN	0	0.015	0	6.50419e-007	1868.49	2082.14	2058.25
2080.94	1356.02	674	1.#QNAN	0	0.016	0	6.15972e-007	1782.69	2080.94	2057.12
2079.72	1355.24	675	1.#QNAN	0	0.016	0	6.31312e-007	1774.29	2079.72	2055.96
2078.56	1354.5	676	1.#QNAN	0	0.015	0	6.47223e-007	1741.29	2078.56	2054.85
2077.4	1353.74	677	1.#QNAN	0	0.016	0	6.6129e-007	1722.65	2077.4	2053.76
2076.25	1352.99	678	1.#QNAN	0	0.015	0	6.40324e-007	1740.64	2076.25	2052.66
2075.08	1352.23	679	1.#QNAN	0	0.032	0	6.30266e-007	1756.3	2075.08	2051.55
2073.95	1351.49	680	1.#QNAN	0	0.015	0	6.49298e-007	1757.59	2073.95	2050.49
2072.78	1350.73	681	1.#QNAN	0	0.016	0	6.65132e-007	1795.22	2072.78	2049.37
2071.55	1349.96	682	1.#QNAN	0	0.015	0	6.6785e-007	1774.68	2071.55	2048.21
2070.35	1349.18	683	1.#QNAN	0	0.016	0	6.41992e-007	1726.1	2070.35	2047.06
2069.15	1348.41	684	1.#QNAN	0	0.016	0	6.88957e-007	1708.78	2069.15	2045.92
2067.99	1347.67	685	1.#QNAN	0	0.015	0	6.49187e-007	1794.01	2067.99	2044.82
2066.83	1346.92	686	1.#QNAN	0	0.031	0	6.37036e-007	1789.45	2066.83	2043.72
2065.7	1346.2	687	1.#QNAN	0	0.016	1	6.53208e-007	1821.14	2065.7	2042.64
2064.52	1345.45	688	1.#QNAN	0	0.016	0	6.34571e-007	1772.65	2064.52	2041.52
2063.37	1344.72	689	1.#QNAN	0	0.015	0	6.60158e-007	1728.03	2063.37	2040.43
2062.19	1343.97	690	1.#QNAN	0	0.016	0	6.68131e-007	1773.08	2062.19	2039.31
2061.02	1343.22	691	1.#QNAN	0	0.015	0	6.84197e-007	1729.17	2061.02	2038.19
2059.89	1342.49	692	1.#QNAN	0	0.016	0	6.87856e-007	1786.86	2059.89	2037.11
2058.76	1341.76	693	1.#QNAN	0	0.031	0	6.69112e-007	1708	2058.76	2036.04
2057.62	1341.03	694	1.#QNAN	0	0.016	0	6.59366e-007	1728.05	2057.62	2034.97
2056.45	1340.26	695	1.#QNAN	0	0.015	0	6.59683e-007	1775.95	2056.45	2033.85
2055.28	1339.51	696	1.#QNAN	0	0.016	0	6.59754e-007	1748.72	2055.28	2032.73
2054.15	1338.79	697	1.#QNAN	0	0.016	0	6.53449e-007	1715.73	2054.15	2031.66
2053.01	1338.05	698	1.#QNAN	0	0.015	0	6.64364e-007	1751.77	2053.01	2030.57
2051.9	1337.33	699	1.#QNAN	0	0.016	0	6.79287e-007	1727.94	2051.9	2029.51
2050.81	1336.64	700	1.#QNAN	0	0.015	0	6.77233e-007	1869.33	2050.81	2028.48
2049.67	1335.9	701	1.#QNAN	0	0.032	0	6.77766e-007	1767.61	2049.67	2027.39
2048.52	1335.15	702	1.#QNAN	0	0.015	0	6.6197e-007	1764.78	2048.52	2026.3
2047.36	1334.39	703	1.#QNAN	0	0.016	0	6.71408e-007	1755.6	2047.36	2025.19
2046.2	1333.64	704	1.#QNAN	0	0.015	0	6.68597e-007	1756.32	2046.2	2024.09
2045.05	1332.89	705	1.#QNAN	0	0.016	0	6.70834e-007	1756.39	2045.05	2022.99
2043.9	1332.14	706	1.#QNAN	0	0.016	0	6.87034e-007	1720.65	2043.9	2021.89
2042.77	1331.43	707	1.#QNAN	0	0.015	0	6.66915e-007	1730.81	2042.77	2020.82
2041.68	1330.73	708	1.#QNAN	0	0.031	0	6.59684e-007	1846.63	2041.68	2019.78
2040.57	1330.02	709	1.#QNAN	0	0.016	0	6.90428e-007	1726.45	2040.57	2018.72
2039.44	1329.32	710	1.#QNAN	0	0.016	0	6.57326e-007	1757.11	2039.44	2017.65
2038.34	1328.61	711	1.#QNAN	0	0.015	0	6.88287e-007	1719.67	2038.34	2016.6
2037.24	1327.91	712	1.#QNAN	0	0.016	0	6.67427e-007	1766.34	2037.24	2015.55
2036.12	1327.19	713	1.#QNAN	0	0.015	0	6.69393e-007	1763.04	2036.12	2014.48
2035	1326.47	714	1.#QNAN	0	0.016	0	6.60186e-007	1681.92	2035	2013.42
2033.93	1325.79	715	1.#QNAN	0	0.031	0	6.88445e-007	1825.25	2033.93	2012.39
2032.82	1325.07	716	1.#QNAN	0	0.016	0	6.68974e-007	1688.53	2032.82	2011.33
2031.76	1324.4	717	1.#QNAN	0	0.015	0	6.66511e-007	1818.6	2031.76	2010.32
2030.64	1323.69	718	1.#QNAN	0	0.016	0	6.8745e-007	1750.9	2030.64	2009.25
2029.54	1323	719	1.#QNAN	0	0.016	0	7.00982e-007	1698.07	2029.54	2008.21
2028.45	1322.29	720	1.#QNAN	0	0.015	0	6.65397e-007	1695.9	2028.45	2007.17
2027.3	1321.56	721	1.#QNAN	0	0.016	0	6.8113e-007	1739.11	2027.3	2006.07
2026.21	1320.85	722	1.#QNAN	0	0.031	0	6.72965e-007	1695.85	2026.21	2005.03
2025.06	1320.11	723	1.#QNAN	0	0.016	0	6.89035e-007	1721.65	2025.06	2003.93
2023.92	1319.39	724	1.#QNAN	0	0.015	0	6.94862e-007	1684.9	2023.92	2002.84
2022.79	1318.66	725	1.#QNAN	0	0.016	0	6.92848e-007	1730.63	2022.79	2001.76
2021.69	1317.96	726	1.#QNAN	0	0.015	0	7.00464e-007	1688.8	2021.69	2000.72
2020.57	1317.24	727	1.#QNAN	0	0.016	0	7.01338e-007	1667.39	2020.57	1999.65
2019.45	1316.51	728	1.#QNAN	0	0.016	0	6.84869e-007	1722.32	2019.45	1998.58
2018.3	1315.78	729	1.#QNAN	0	0.015	0	6.88393e-007	1696.74	2018.3	1997.48
2017.2	1315.07	730	1.#QNAN	0	0.031	0	6.85401e-007	1644.69	2017.2	1996.42
2016.08	1314.33	731	1.#QNAN	0	0.016	0	6.88166e-007	1697.43	2016.08	1995.35
2015.01	1313.61	732	1.#QNAN	0	0.016	0	7.08538e-007	1719.97	2015.01	1994.33
2013.92	1312.91	733	1.#QNAN	0	0.015	0	6.86821e-007	1661.56	2013.92	1993.29
2012.87	1312.23	734	1.#QNAN	0	0.016	0	6.87769e-007	1652.11	2012.87	1992.28
2011.83	1311.57	735	1.#QNAN	0	0.015	0	7.07181e-007	1794.59	2011.83	1991.3
2010.76	1310.86	736	1.#QNAN	0	0.016	0	6.74426e-007	1689.74	2010.76	1990.27
2009.7	1310.15	737	1.#QNAN	0	0.016	0	7.11881e-007	1718.36	2009.7	1989.26
2008.59	1309.42	738	1.#QNAN	0	0.031	0	6.89482e-007	1699.38	2008.59	1988.2
2007.52	1308.7	739	1.#QNAN	0	0.015	0	6.77085e-007	1718.13	2007.52	1987.18
2006.43	1307.99	740	1.#QNAN	0	0.016	0	7.00255e-007	1637.82	2006.43	1986.14
2005.35	1307.27	741	1.#QNAN	0	0.016	0	7.08279e-007	1665.27	2005.35	1985.1
2004.22	1306.52	742	1.#QNAN	0	0.015	0	7.20865e-007	1677.56	2004.22	1984.03
2003.12	1305.8	743	1.#QNAN	0	0.016	0	6.94517e-007	1664.75	2003.12	1982.97
2002.11	1305.12	744	1.#QNAN	0	0.015	1	6.76765e-007	1800.5	2002.11	1982
2001.06	1304.42	745	1.#QNAN	0	0.032	0	6.96956e-007	1643.41	2001.06	1981
2000.03	1303.74	746	1.#QNAN	0	0.015	0	7.13382e-007	1679.37	2000.03	1980.02
1998.99	1303.04	747	1.#QNAN	0	0.016	0	6.81478e-007	1705.5	1998.99	1979.02
1997.98	1302.38	748	1.#QNAN	0	0.015	0	6.86115e-007	1661.49	1997.98	1978.06
1996.92	1301.67	749	1.#QNAN	0	0.016	0	7.1363e-007	1695.3	1996.92	1977.05
1995.9	1301.02	750	1.#QNAN	0	0.016	0	7.19598e-007	1759.46	1995.9	1976.07
1994.86	1300.32	751	1.#QNAN	0	0.015	0	6.90152e-007	1693.38	1994.86	1975.07
1993.81	1299.63	752	1.#QNAN	0	0.016	0	7.17346e-007	1672.87	1993.81	1974.06
1992.75	1298.93	753	1.#QNAN	0	0.031	0	7.12354e-007	1681.49	1992.75	1973.06
1991.69	1298.22	754	1.#QNAN	0	0.016	0	7.05224e-007	1656.77	1991.69	1972.04
1990.66	1297.53	755	1.#QNAN	0	0.015	0	6.77003e-007	1615.78	1990.66	1971.05
1989.66	1296.87	756	1.#QNAN	0	0.016	0	7.08147e-007	1727.68	1989.66	1970.09
1988.63	1296.17	757	1.#QNAN	0	0.015	0	6.9385e-007	1648.7	1988.63	1969.11
1987.58	1295.47	758	1.#QNAN	0	0.016	0	7.14333e-007	1668.44	1987.58	1968.1
1986.58	1294.8	759	1.#QNAN	0	0.016	0	7.19657e-007	1620.39	1986.58	1967.15
1985.55	1294.1	760	1.#QNAN	0	0.015	0	7.1723e-007	1660.95	1985.55	1966.17
1984.55	1293.42	761	1.#QNAN	0	0.015	0	7.09377e-007	1617.4	1984.55	1965.21
1983.52	1292.73	762	1.#QNAN	0	0.016	0	6.9604e-007	1662.17	1983.52	1964.22
1982.52	1292.07	763	1.#QNAN	0	0.016	0	6.92646e-007	1625	1982.52	1963.27
1981.51	1291.4	764	1.#QNAN	0	0.015	0	6.84524e-007	1633.72	1981.51	1962.3
1980.52	1290.73	765	1.#QNAN	0	0.016	0	6.80014e-007	1685.18	1980.52	1961.35
1979.56	1290.1	766	1.#QNAN	0	0.015	0	7.36199e-007	1768.02	1979.56	1960.43
1978.62	1289.48	767	1.#QNAN	0	0.032	0	7.00222e-007	1672.35	1978.62	1959.54
1977.68	1288.84	768	1.#QNAN	0	0.015	0	6.9286e-007	1685.91	1977.68	1958.64
1976.77	1288.23	769	1.#QNAN	0	0.016	0	6.86001e-007	1782.16	1976.77	1957.77
1975.81	1287.58	770	1.#QNAN	0	0.015	0	7.30032e-007	1645.02	1975.81	1956.86
1974.86	1286.97	771	1.#QNAN	0	0.016	0	7.13177e-007	1751.9	1974.86	1955.95
1973.88	1286.32	772	1.#QNAN	0	0.016	0	7.16733e-007	1595.04	1973.88	1955.01
1972.96	1285.69	773	1.#QNAN	0	0.031	0	7.10023e-007	1646.32	1972.96	1954.13
1972.02	1285.05	774	1.#QNAN	0	0.015	0	7.12758e-007	1686.92	1972.02	1953.23
1971.06	1284.43	775	1.#QNAN	0	0.016	0	7.09038e-007	1599.52	1971.06	1952.32
1970.09	1283.79	776	1.#QNAN	0	0.016	0	7.10796e-007	1631.31	1970.09	1951.39
1969.1	1283.14	777	1.#QNAN	0	0.015	0	7.10929e-007	1664.57	1969.1	1950.44
1968.13	1282.5	778	1.#QNAN	0	0.016	0	7.29158e-007	1646.63	1968.13	1949.51
1967.17	1281.88	779	1.#QNAN	0	0.015	0	7.00949e-007	1691.87	1967.17	1948.6
1966.23	1281.28	780	1.#QNAN	0	0.032	0	7.26167e-007	1756	1966.23	1947.69
1965.24	1280.64	781	1.#QNAN	0	0.015	0	7.13805e-007	1671.52	1965.24	1946.74
1964.28	1280.02	782	1.#QNAN	0	0.016	0	7.10562e-007	1603.69	1964.28	1945.83
1963.29	1279.38	783	1.#QNAN	0	0.015	0	7.04477e-007	1658.5	1963.29	1944.88
1962.32	1278.76	784	1.#QNAN	0	0.016	0	7.30302e-007	1675.77	1962.32	1943.95
1961.41	1278.19	785	1.#QNAN	0	0.016	0	7.14729e-007	1786.49	1961.41	1943.07
1960.46	1277.58	786	1.#QNAN	0	0.031	0	7.05594e-007	1663.12	1960.46	1942.17
1959.52	1276.98	787	1.#QNAN	0	0.015	0	7.27007e-007	1717.44	1959.52	1941.27
1958.54	1276.36	788	1.#QNAN	0	0.016	0	7.07412e-007	1676.19	1958.54	1940.32
1957.56	1275.72	789	1.#QNAN	0	0.016	0	7.14058e-007	1619.66	1957.56	1939.4
1956.56	1275.08	790	1.#QNAN	0	0.015	0	7.16583e-007	1576.81	1956.56	1938.44
1955.6	1274.46	791	1.#QNAN	0	0.016	0	7.26538e-007	1591.45	1955.6	1937.51
1954.64	1273.85	792	1.#QNAN	0	0.015	0	7.15209e-007	1729.35	1954.64	1936.59
1953.66	1273.21	793	1.#QNAN	0	0.016	0	7.0432e-007	1641.17	1953.66	1935.64
1952.73	1272.6	794	1.#QNAN	0	0.031	0	7.11353e-007	1625.58	1952.73	1934.75
1951.77	1271.97	795	1.#QNAN	0	0.016	0	7.29501e-007	1674.96	1951.77	1933.84
1950.85	1271.35	796	1.#QNAN	0	0.015	0	7.46573e-007	1692.81	1950.85	1932.95
1949.92	1270.74	797	1.#QNAN	0	0.016	0	7.25575e-007	1626.14	1949.92	1932.07
1948.99	1270.13	798	1.#QNAN	0	0.016	0	7.15277e-007	1620.13	1948.99	1931.17
1948.07	1269.52	799	1.#QNAN	0	0.015	0	7.37755e-007	1670.28	1948.07	1930.29
