rmse	mae	#iter	time_pred	time_learn	time_learn2	time_learn4	alpha	rmse_mcmc_this	rmse_mcmc_all	rmse_mcmc_all_but5
20019.7	14774.3	0	1.#QNAN	0	0.016	0	4.88612e-011	20019.7	20019.7	3999.82
19403.8	14396.8	1	1.#QNAN	0	0.016	0	1.00739e-009	19725.3	19403.8	3999.82
19057.3	14137.9	2	1.#QNAN	0	0.015	0	1.32027e-009	18807.8	19057.3	3999.82
18722.5	13860.4	3	1.#QNAN	0	0.016	0	1.4273e-009	17989.9	18722.5	3999.82
18345.5	13562.8	4	1.#QNAN	0	0.015	0	1.60911e-009	17121.3	18345.5	37739.9
18048.6	13341.7	5	1.#QNAN	0	0	0	1.79212e-009	16759.2	18048.6	16759.2
17676.7	13060.3	6	1.#QNAN	0	0.016	0	2.02066e-009	15684.5	17676.7	16151.5
17188.6	12689.6	7	1.#QNAN	0	0.016	0	2.37127e-009	14179.7	17188.6	15405.8
16588.4	12222.9	8	1.#QNAN	0	0.015	0	2.94498e-009	12380.3	16588.4	14545.9
16006.1	11768.4	9	1.#QNAN	0	0.016	0	3.77546e-009	11767.1	16006.1	13849.7
15422.3	11307.9	10	1.#QNAN	0	0.015	0	4.59663e-009	10850.6	15422.3	13210.4
14858.1	10867	11	1.#QNAN	0	0	0	5.42829e-009	10078.6	14858.1	12632.1
14362.2	10482.2	12	1.#QNAN	0	0.016	0	6.59409e-009	9916.83	14362.2	12177.2
13882.7	10109.5	13	1.#QNAN	0	0.016	0	6.91349e-009	9318.59	13882.7	11742.3
13441.8	9763.82	14	1.#QNAN	0	0.015	0	7.92122e-009	8936.26	13441.8	11360.2
13042.3	9450.15	15	1.#QNAN	0	0.016	1	8.37518e-009	8737.97	13042.3	11028.2
12685.1	9165.96	16	1.#QNAN	0	0.015	0	9.17192e-009	8538.59	12685.1	10743.1
12352	8903.13	17	1.#QNAN	0	0.016	0	9.42495e-009	8312.44	12352	10480.4
12045.8	8664.72	18	1.#QNAN	0	0	0	9.91644e-009	8098.17	12045.8	10244.1
11760.8	8444.24	19	1.#QNAN	0	0.016	0	1.02126e-008	7908.95	11760.8	10026.4
11503.7	8244	20	1.#QNAN	0	0.015	0	1.1052e-008	7939.14	11503.7	9835.98
11258.7	8055.9	21	1.#QNAN	0	0.016	0	1.15094e-008	7729.27	11258.7	9654.69
11036.9	7884.54	22	1.#QNAN	0	0.015	0	1.21781e-008	7642.87	11036.9	9493.63
10832.2	7728.09	23	1.#QNAN	0	0.016	0	1.238e-008	7504.17	10832.2	9345.72
10641.6	7583.12	24	1.#QNAN	0	0	0	1.29797e-008	7420.43	10641.6	9209.42
10463.8	7446.72	25	1.#QNAN	0	0.016	0	1.33939e-008	7302.46	10463.8	9082.4
10298.6	7320.58	26	1.#QNAN	0	0.015	0	1.32968e-008	7261.64	10298.6	8965.91
10140.2	7198.08	27	1.#QNAN	0	0.016	0	1.4239e-008	7157.44	10140.2	8853.33
9986.62	7079.77	28	1.#QNAN	0	0.015	0	1.44434e-008	6937.97	9986.62	8742.54
9845.03	6970.1	29	1.#QNAN	0	0.016	0	1.49909e-008	6961.34	9845.03	8641.6
9709.81	6866.23	30	1.#QNAN	0	0.016	0	1.65778e-008	6847.04	9709.81	8544.32
9579.9	6766.79	31	1.#QNAN	0	0	0	1.58904e-008	6743.97	9579.9	8450.35
9458.87	6674.14	32	1.#QNAN	0	0.015	0	1.63884e-008	6782.91	9458.87	8363.67
9337.52	6583.09	33	1.#QNAN	0	0.016	0	1.63797e-008	6514.88	9337.52	8274.18
9226.91	6501.2	34	1.#QNAN	0	0.015	0	1.78246e-008	6522.72	9226.91	8194.53
9119.52	6421.28	35	1.#QNAN	0	0.016	0	1.83515e-008	6457.37	9119.52	8116.17
9017.42	6345.06	36	1.#QNAN	0	0.016	0	1.95594e-008	6424.37	9017.42	8041.93
8915.51	6269.27	37	1.#QNAN	0	0	0	1.99935e-008	6231.5	8915.51	7966.01
8820.63	6197.71	38	1.#QNAN	0	0.015	0	2.15854e-008	6273.45	8820.63	7896.4
8726	6127.39	39	1.#QNAN	0	0.016	0	2.26099e-008	6089.23	8726	7825.46
8633.6	6058.97	40	1.#QNAN	0	0.015	0	2.24068e-008	6002.25	8633.6	7755.52
8547.13	5994.88	41	1.#QNAN	0	0.016	0	2.33874e-008	6034.69	8547.13	7690.69
8464.08	5932.88	42	1.#QNAN	0	0.016	0	2.42378e-008	5964.11	8464.08	7627.96
8382.98	5872.4	43	1.#QNAN	0	0.015	0	2.50619e-008	5875.62	8382.98	7566.25
8303.14	5812.96	44	1.#QNAN	0	0.016	0	2.58168e-008	5764.63	8303.14	7505.02
8225.17	5755.3	45	1.#QNAN	0	0	0	2.71033e-008	5666.73	8225.17	7444.26
8149.52	5699.31	46	1.#QNAN	0	0.015	0	2.74334e-008	5608.42	8149.52	7385.29
8076.18	5645.34	47	1.#QNAN	0	0.016	0	2.89541e-008	5577.88	8076.18	7327.86
8005.33	5592.82	48	1.#QNAN	0	0.016	0	3.05629e-008	5519.09	8005.33	7272.35
7935.7	5541.43	49	1.#QNAN	0	0.015	0	3.29145e-008	5425.98	7935.7	7217.36
7868.42	5491.67	50	1.#QNAN	0	0.016	0	3.29898e-008	5357.71	7868.42	7164.23
7800	5441.5	51	1.#QNAN	0	0.015	0	3.45782e-008	5198.07	7800	7109.24
7733.06	5391.5	52	1.#QNAN	0	0.016	0	3.59947e-008	5121.11	7733.06	7055.13
7668.87	5344.13	53	1.#QNAN	0	0	0	3.6372e-008	5120.11	7668.87	7003.37
7605.83	5297.73	54	1.#QNAN	0	0.016	0	3.86983e-008	5043.66	7605.83	6952.34
7545.38	5252.58	55	1.#QNAN	0	0.015	0	3.79541e-008	5039.43	7545.38	6903.62
7487	5208.97	56	1.#QNAN	0	0.016	0	4.09962e-008	5040.23	7487	6856.47
7428.76	5165.87	57	1.#QNAN	0	0.015	0	4.04641e-008	4949.3	7428.76	6809.15
7370.43	5123.06	58	1.#QNAN	0	0.016	0	4.3066e-008	4805.18	7370.43	6761.3
7315.03	5082.11	59	1.#QNAN	0	0	0	4.58083e-008	4864.65	7315.03	6716.1
7259.23	5041.37	60	1.#QNAN	0	0.016	0	4.52812e-008	4721.98	7259.23	6669.99
7205.47	5001.99	61	1.#QNAN	0	0.015	0	4.91878e-008	4693.53	7205.47	6625.46
7152.32	4963.81	62	1.#QNAN	0	0.016	0	4.88519e-008	4641.32	7152.32	6581.4
7099.99	4926.17	63	1.#QNAN	0	0.015	0	5.17943e-008	4564.13	7099.99	6537.71
7048.43	4889.46	64	1.#QNAN	0	0.016	0	5.26705e-008	4504.83	7048.43	6494.49
6998.19	4853.14	65	1.#QNAN	0	0.016	0	5.54587e-008	4474.95	6998.19	6452.24
6950.13	4818.06	66	1.#QNAN	0	0	0	5.70375e-008	4508.56	6950.13	6412.07
6900.91	4782.03	67	1.#QNAN	0	0.015	0	6.09698e-008	4344.94	6900.91	6370.4
6853.45	4747.33	68	1.#QNAN	0	0.016	0	6.23606e-008	4359.94	6853.45	6330.4
6807.36	4713.24	69	1.#QNAN	0	0.015	0	6.40648e-008	4352.13	6807.36	6291.48
6760.31	4678.77	70	1.#QNAN	0	0.016	0	6.71663e-008	4177.22	6760.31	6251.24
6714.03	4644.96	71	1.#QNAN	0	0.016	0	6.99496e-008	4165.44	6714.03	6211.68
6668.54	4611.55	72	1.#QNAN	0	0.015	0	7.15985e-008	4097.33	6668.54	6172.64
6623.73	4578.9	73	1.#QNAN	0	0	0	7.25791e-008	4031.73	6623.73	6134.04
6579.79	4547.1	74	1.#QNAN	0	0.016	0	7.42027e-008	3977.4	6579.79	6096
6535.32	4514.95	75	1.#QNAN	0	0.015	0	7.91269e-008	3901.41	6535.32	6057.42
6492.05	4483.69	76	1.#QNAN	0	0.016	0	8.14225e-008	3898.56	6492.05	6019.92
6450.13	4453.34	77	1.#QNAN	0	0.016	0	8.16149e-008	3879.98	6450.13	5983.55
6407.75	4422.79	78	1.#QNAN	0	0.015	0	8.26096e-008	3771.95	6407.75	5946.54
6365.6	4392.35	79	1.#QNAN	0	0	0	9.04667e-008	3727.24	6365.6	5909.67
6324.58	4362.6	80	1.#QNAN	0	0.016	0	9.107e-008	3707.75	6324.58	5873.82
6283.24	4332.96	81	1.#QNAN	0	0.015	0	9.34398e-008	3620.38	6283.24	5837.53
6243.17	4304.32	82	1.#QNAN	0	0.016	0	9.37526e-008	3592.67	6243.17	5802.19
6203.45	4275.74	83	1.#QNAN	0	0.016	0	9.83e-008	3564.43	6203.45	5767.2
6164.85	4247.81	84	1.#QNAN	0	0.015	0	1.03544e-007	3548.27	6164.85	5733.15
6126.49	4220.26	85	1.#QNAN	0	0.016	0	1.05801e-007	3495.48	6126.49	5699.28
6088.36	4192.92	86	1.#QNAN	0	0	0	1.05865e-007	3463.32	6088.36	5665.53
6050.55	4165.73	87	1.#QNAN	0	0.015	0	1.13428e-007	3379.6	6050.55	5632.01
6013.48	4139.03	88	1.#QNAN	0	0.016	0	1.15028e-007	3413.86	6013.48	5599.28
5976.88	4112.5	89	1.#QNAN	0	0.016	0	1.18813e-007	3382.26	5976.88	5566.94
5940.89	4086.73	90	1.#QNAN	0	0.015	1	1.19217e-007	3369.08	5940.89	5535.16
5905.3	4061.12	91	1.#QNAN	0	0.016	0	1.22685e-007	3313.25	5905.3	5503.67
5870.61	4036.3	92	1.#QNAN	0	0	0	1.28758e-007	3302.34	5870.61	5472.98
5835.89	4011.34	93	1.#QNAN	0	0.015	0	1.29958e-007	3254.16	5835.89	5442.19
5802.14	3987.14	94	1.#QNAN	0	0.016	0	1.33453e-007	3262.39	5802.14	5412.38
5768.69	3963.23	95	1.#QNAN	0	0.016	0	1.32231e-007	3242.51	5768.69	5382.79
5735.66	3939.9	96	1.#QNAN	0	0.015	0	1.40848e-007	3207.69	5735.66	5353.57
5703.28	3916.92	97	1.#QNAN	0	0.016	0	1.42492e-007	3226.39	5703.28	5324.87
5671.44	3894.48	98	1.#QNAN	0	0	0	1.42167e-007	3218.2	5671.44	5296.65
5639.75	3872	99	1.#QNAN	0	0.015	0	1.52776e-007	3141.99	5639.75	5268.48
5608.68	3850.1	100	1.#QNAN	0	0.016	0	1.4906e-007	3153.19	5608.68	5240.91
5578.5	3828.53	101	1.#QNAN	0	0.016	0	1.52388e-007	3142.74	5578.5	5214.15
5548.58	3807.15	102	1.#QNAN	0	0.015	0	1.5264e-007	3138.48	5548.58	5187.64
5518.76	3785.97	103	1.#QNAN	0	0.016	0	1.62685e-007	3082.15	5518.76	5161.18
5489.65	3765.22	104	1.#QNAN	0	0.015	0	1.64341e-007	3086.85	5489.65	5135.33
5460.88	3744.79	105	1.#QNAN	0	0	0	1.62463e-007	3081.41	5460.88	5109.82
5432.89	3724.67	106	1.#QNAN	0	0.016	0	1.70141e-007	3104.49	5432.89	5085.07
5404.64	3704.43	107	1.#QNAN	0	0.016	0	1.71743e-007	3057.83	5404.64	5059.97
5376.45	3684.24	108	1.#QNAN	0	0.015	0	1.77149e-007	2992.05	5376.45	5034.84
5348.94	3664.63	109	1.#QNAN	0	0.016	0	1.78759e-007	2964.65	5348.94	5010.32
5321.74	3645.31	110	1.#QNAN	0	0.015	0	1.80279e-007	2957.12	5321.74	4986.09
5294.98	3626.13	111	1.#QNAN	0	0	0	1.88024e-007	2940.36	5294.98	4962.23
5268.01	3606.97	112	1.#QNAN	0	0.016	0	1.94626e-007	2880.21	5268.01	4938.12
5241.75	3588.26	113	1.#QNAN	0	0.016	0	1.91538e-007	2903.64	5241.75	4914.7
5215.24	3569.61	114	1.#QNAN	0	0.015	0	2.03397e-007	2827.55	5215.24	4890.96
5189.15	3551.15	115	1.#QNAN	0	0.016	0	2.07978e-007	2827.96	5189.15	4867.65
5163.7	3533.04	116	1.#QNAN	0	0.015	0	2.05982e-007	2816.77	5163.7	4844.88
5138.66	3515.2	117	1.#QNAN	0	0	0	2.20585e-007	2825.08	5138.66	4822.47
5113.44	3497.36	118	1.#QNAN	0	0.016	0	2.16745e-007	2759.32	5113.44	4799.84
5088.95	3479.91	119	1.#QNAN	0	0.016	0	2.23049e-007	2787.39	5088.95	4777.88
5064.36	3462.59	120	1.#QNAN	0	0.015	0	2.22711e-007	2712.8	5064.36	4755.77
5040.27	3445.55	121	1.#QNAN	0	0.016	0	2.18981e-007	2725.24	5040.27	4734.08
5016.33	3428.44	122	1.#QNAN	0	0.015	0	2.30939e-007	2683.26	5016.33	4712.54
4992.56	3411.54	123	1.#QNAN	0	0	0	2.26976e-007	2642.72	4992.56	4691.13
4969	3394.88	124	1.#QNAN	0	0.016	0	2.38363e-007	2652.8	4969	4669.9
4945.5	3378.32	125	1.#QNAN	0	0.016	0	2.34699e-007	2602.83	4945.5	4648.69
4922.4	3361.96	126	1.#QNAN	0	0.015	0	2.33544e-007	2606.29	4922.4	4627.85
4899.39	3345.7	127	1.#QNAN	0	0.016	0	2.50481e-007	2583.9	4899.39	4607.05
4876.93	3329.82	128	1.#QNAN	0	0.015	0	2.58805e-007	2604.89	4876.93	4586.76
4854.48	3314.05	129	1.#QNAN	0	0.016	0	2.58342e-007	2579.71	4854.48	4566.45
4832.43	3298.43	130	1.#QNAN	0	0	0	2.68352e-007	2557.99	4832.43	4546.49
4810.31	3282.78	131	1.#QNAN	0	0.016	0	2.59866e-007	2518.53	4810.31	4526.46
4788.34	3267.32	132	1.#QNAN	0	0.015	0	2.65658e-007	2527.72	4788.34	4506.58
4766.63	3252.13	133	1.#QNAN	0	0.016	0	2.71361e-007	2498.18	4766.63	4486.92
4745.27	3237.13	134	1.#QNAN	0	0.015	0	2.70446e-007	2491.64	4745.27	4467.59
4723.94	3222.12	135	1.#QNAN	0	0.016	0	2.88652e-007	2453.98	4723.94	4448.25
4702.84	3207.23	136	1.#QNAN	0	0.016	0	2.90112e-007	2482.95	4702.84	4429.14
4682.18	3192.66	137	1.#QNAN	0	0	0	2.90248e-007	2490.39	4682.18	4410.46
4661.62	3178.02	138	1.#QNAN	0	0.015	0	2.96771e-007	2445.97	4661.62	4391.84
4641.2	3163.57	139	1.#QNAN	0	0.016	0	2.86179e-007	2424.46	4641.2	4373.3
4621.23	3149.5	140	1.#QNAN	0	0.015	0	3.02642e-007	2442.43	4621.23	4355.2
4601.36	3135.36	141	1.#QNAN	0	0.016	0	3.06915e-007	2428.79	4601.36	4337.16
4581.59	3121.29	142	1.#QNAN	0	0.016	0	3.06419e-007	2405.06	4581.59	4319.23
4561.94	3107.31	143	1.#QNAN	0	0	0	3.14329e-007	2375.87	4561.94	4301.39
4542.58	3093.48	144	1.#QNAN	0	0.015	0	3.22776e-007	2386.05	4542.58	4283.81
4523.35	3079.82	145	1.#QNAN	0	0.016	0	3.23397e-007	2379.09	4523.35	4266.35
4504.27	3066.34	146	1.#QNAN	0	0.015	0	3.36469e-007	2351.42	4504.27	4249.03
4485.32	3052.97	147	1.#QNAN	0	0.016	0	3.37886e-007	2346.44	4485.32	4231.84
4466.7	3039.72	148	1.#QNAN	0	0.016	0	3.31335e-007	2351.08	4466.7	4214.92
4448.17	3026.59	149	1.#QNAN	0	0	0	3.38583e-007	2330.24	4448.17	4198.06
4429.91	3013.65	150	1.#QNAN	0	0.015	0	3.42327e-007	2323.73	4429.91	4181.45
4411.77	3000.88	151	1.#QNAN	0	0.016	0	3.64858e-007	2309.2	4411.77	4164.97
4393.65	2988.12	152	1.#QNAN	0	0.015	0	3.5388e-007	2289.06	4393.65	4148.49
4375.78	2975.51	153	1.#QNAN	0	0.016	0	3.70668e-007	2294.24	4375.78	4132.23
4357.93	2962.92	154	1.#QNAN	0	0.016	0	3.60126e-007	2255.1	4357.93	4115.95
4340.37	2950.55	155	1.#QNAN	0	0.015	0	3.813e-007	2277.09	4340.37	4099.96
4322.91	2938.28	156	1.#QNAN	0	0.016	0	3.71785e-007	2245.99	4322.91	4084.03
4305.73	2926.08	157	1.#QNAN	0	0	0	3.80108e-007	2264.18	4305.73	4068.38
4288.67	2914.12	158	1.#QNAN	0	0.015	0	3.75674e-007	2245.8	4288.67	4052.86
4271.83	2902.27	159	1.#QNAN	0	0.016	0	3.80434e-007	2242.01	4271.83	4037.5
4255.2	2890.52	160	1.#QNAN	0	0.016	0	3.77583e-007	2253.06	4255.2	4022.35
4238.74	2878.94	161	1.#QNAN	0	0.015	0	3.68687e-007	2241.78	4238.74	4007.34
4222.44	2867.42	162	1.#QNAN	0	0.016	0	3.85392e-007	2233.61	4222.44	3992.46
4206.19	2856.01	163	1.#QNAN	0	0.015	0	3.81089e-007	2193.41	4206.19	3977.63
4190.16	2844.83	164	1.#QNAN	0	0	0	3.99323e-007	2177	4190.16	3963
4174.29	2833.75	165	1.#QNAN	0	0.016	0	4.09136e-007	2198.42	4174.29	3948.53
4158.59	2822.82	166	1.#QNAN	0	0.016	1	3.95642e-007	2170.16	4158.59	3934.2
4142.85	2811.89	167	1.#QNAN	0	0.015	0	3.96701e-007	2133.04	4142.85	3919.82
4127.42	2801.17	168	1.#QNAN	0	0.016	0	3.94932e-007	2167.72	4127.42	3905.73
4111.92	2790.4	169	1.#QNAN	0	0.015	0	3.96557e-007	2087.16	4111.92	3891.53
4096.54	2779.69	170	1.#QNAN	0	0.016	0	4.13704e-007	2085.05	4096.54	3877.45
4081.39	2769.08	171	1.#QNAN	0	0	0	4.11685e-007	2100.72	4081.39	3863.6
4066.38	2758.58	172	1.#QNAN	0	0.016	0	4.27765e-007	2111.81	4066.38	3849.88
4051.51	2748.16	173	1.#QNAN	0	0.015	0	4.09589e-007	2095.23	4051.51	3836.27
4036.69	2737.86	174	1.#QNAN	0	0.016	0	4.1951e-007	2058.17	4036.69	3822.7
4021.96	2727.69	175	1.#QNAN	0	0.015	0	4.33261e-007	2075.66	4021.96	3809.22
4007.3	2717.46	176	1.#QNAN	0	0.016	0	4.24045e-007	2048.7	4007.3	3795.79
3992.73	2707.32	177	1.#QNAN	0	0.016	0	4.29796e-007	2062.47	3992.73	3782.43
3978.26	2697.26	178	1.#QNAN	0	0	0	4.34557e-007	2027.68	3978.26	3769.15
3963.82	2687.23	179	1.#QNAN	0	0.015	0	4.40142e-007	2018.72	3963.82	3755.87
3949.52	2677.3	180	1.#QNAN	0	0.016	0	4.54073e-007	2011.89	3949.52	3742.73
3935.59	2667.54	181	1.#QNAN	0	0.015	0	4.54086e-007	2044.67	3935.59	3729.96
3921.67	2657.91	182	1.#QNAN	0	0.016	0	4.46915e-007	2000.81	3921.67	3717.18
3907.84	2648.3	183	1.#QNAN	0	0.016	0	4.51013e-007	1985.93	3907.84	3704.47
3894.02	2638.72	184	1.#QNAN	0	0.015	0	4.50968e-007	1973.94	3894.02	3691.77
3880.39	2629.18	185	1.#QNAN	0	0.016	0	4.53187e-007	1962.3	3880.39	3679.26
3867.11	2619.92	186	1.#QNAN	0	0	0	4.38614e-007	2013.06	3867.11	3667.08
3853.79	2610.63	187	1.#QNAN	0	0.015	0	4.50361e-007	1975.12	3853.79	3654.84
3840.51	2601.46	188	1.#QNAN	0	0.016	0	4.72471e-007	1958.93	3840.51	3642.64
3827.5	2592.42	189	1.#QNAN	0	0.016	0	4.56424e-007	2016.72	3827.5	3630.72
3814.6	2583.41	190	1.#QNAN	0	0.015	0	4.5873e-007	2002.18	3814.6	3618.89
3801.8	2574.5	191	1.#QNAN	0	0.016	0	4.80343e-007	1996.08	3801.8	3607.16
3789.15	2565.69	192	1.#QNAN	0	0.015	0	4.40028e-007	2001.35	3789.15	3595.59
3776.61	2556.94	193	1.#QNAN	0	0	0	4.66554e-007	1978.65	3776.61	3584.09
3764.09	2548.21	194	1.#QNAN	0	0.016	0	4.6935e-007	1979.58	3764.09	3572.63
3751.63	2539.5	195	1.#QNAN	0	0.016	0	4.78355e-007	1953.18	3751.63	3561.2
3739.26	2530.85	196	1.#QNAN	0	0.015	0	4.74481e-007	1954.93	3739.26	3549.85
3726.87	2522.22	197	1.#QNAN	0	0.016	0	4.72439e-007	1918.36	3726.87	3538.47
3714.46	2513.61	198	1.#QNAN	0	0.015	0	4.88398e-007	1891.27	3714.46	3527.05
3702.31	2505.2	199	1.#QNAN	0	0.016	0	4.8371e-007	1929.21	3702.31	3515.9
3690.27	2496.83	200	1.#QNAN	0	0	0	4.74131e-007	1915.1	3690.27	3504.84
3678.42	2488.62	201	1.#QNAN	0	0.016	0	4.87552e-007	1931.57	3678.42	3493.95
3666.7	2480.42	202	1.#QNAN	0	0.015	0	4.9573e-007	1927.01	3666.7	3483.19
3654.97	2472.22	203	1.#QNAN	0	0.016	0	5.09175e-007	1906.01	3654.97	3472.43
3643.36	2464.21	204	1.#QNAN	0	0.015	0	5.11732e-007	1902.14	3643.36	3461.77
3631.74	2456.16	205	1.#QNAN	0	0.016	0	4.94674e-007	1874.39	3631.74	3451.08
3620.3	2448.21	206	1.#QNAN	0	0	0	4.86805e-007	1886.85	3620.3	3440.57
3608.98	2440.28	207	1.#QNAN	0	0.016	0	5.01711e-007	1902.72	3608.98	3430.16
3597.71	2432.42	208	1.#QNAN	0	0.015	0	4.9672e-007	1871.66	3597.71	3419.8
3586.5	2424.61	209	1.#QNAN	0	0.016	0	5.11619e-007	1879.76	3586.5	3409.5
3575.44	2416.89	210	1.#QNAN	0	0.015	0	5.10108e-007	1896.41	3575.44	3399.33
3564.41	2409.19	211	1.#QNAN	0	0.016	0	5.20826e-007	1866.31	3564.41	3389.2
3553.47	2401.6	212	1.#QNAN	0	0	0	5.01931e-007	1858.33	3553.47	3379.13
3542.61	2394.05	213	1.#QNAN	0	0.016	0	5.148e-007	1873.59	3542.61	3369.15
3531.84	2386.57	214	1.#QNAN	0	0.015	0	5.03432e-007	1881.5	3531.84	3359.27
3521.14	2379.15	215	1.#QNAN	0	0.016	0	4.96224e-007	1878.24	3521.14	3349.44
3510.55	2371.85	216	1.#QNAN	0	0.015	0	5.13942e-007	1874.07	3510.55	3339.72
3500.06	2364.62	217	1.#QNAN	0	0.016	0	4.94981e-007	1885.98	3500.06	3330.09
3489.78	2357.55	218	1.#QNAN	0	0.016	0	5.04992e-007	1924.84	3489.78	3320.66
3479.49	2350.5	219	1.#QNAN	0	0	0	5.11506e-007	1876.69	3479.49	3311.2
3469.25	2343.49	220	1.#QNAN	0	0.015	0	5.35248e-007	1871.51	3469.25	3301.78
3459.1	2336.52	221	1.#QNAN	0	0.016	0	5.10345e-007	1866.65	3459.1	3292.44
3449.01	2329.59	222	1.#QNAN	0	0.015	0	5.30343e-007	1865.64	3449.01	3283.17
3439.03	2322.73	223	1.#QNAN	0	0.016	0	5.19174e-007	1881.32	3439.03	3273.99
3429.13	2315.95	224	1.#QNAN	0	0.016	0	5.03423e-007	1862.22	3429.13	3264.9
3419.32	2309.2	225	1.#QNAN	0	0.015	0	5.32206e-007	1873.9	3419.32	3255.89
3409.63	2302.56	226	1.#QNAN	0	0	0	5.31022e-007	1862.6	3409.63	3246.99
3400.08	2296	227	1.#QNAN	0	0.016	0	5.14497e-007	1888.18	3400.08	3238.23
3390.54	2289.39	228	1.#QNAN	0	0.015	0	5.34532e-007	1874.69	3390.54	3229.49
3381.08	2282.84	229	1.#QNAN	0	0.016	0	5.17626e-007	1858.67	3381.08	3220.8
3371.65	2276.29	230	1.#QNAN	0	0.016	0	5.03278e-007	1854.82	3371.65	3212.14
3362.23	2269.77	231	1.#QNAN	0	0.015	0	5.09368e-007	1842.9	3362.23	3203.49
3352.94	2263.37	232	1.#QNAN	0	0	0	5.30969e-007	1857.12	3352.94	3194.97
3343.63	2256.99	233	1.#QNAN	0	0.016	0	5.23603e-007	1841.94	3343.63	3186.43
3334.57	2250.8	234	1.#QNAN	0	0.015	0	5.31737e-007	1866.87	3334.57	3178.13
3325.5	2244.57	235	1.#QNAN	0	0.016	0	5.2246e-007	1836.64	3325.5	3169.81
3316.52	2238.36	236	1.#QNAN	0	0.016	0	5.36194e-007	1837.5	3316.52	3161.56
3307.55	2232.15	237	1.#QNAN	0	0.015	0	5.40415e-007	1833.73	3307.55	3153.33
3298.65	2226.01	238	1.#QNAN	0	0	0	5.39757e-007	1809.45	3298.65	3145.14
3289.84	2219.92	239	1.#QNAN	0	0.016	0	5.37332e-007	1809.99	3289.84	3137.05
3281.05	2213.86	240	1.#QNAN	0	0.015	0	5.43381e-007	1783.7	3281.05	3128.96
3272.24	2207.83	241	1.#QNAN	0	0.016	1	5.19348e-007	1771.68	3272.24	3120.87
3263.62	2201.95	242	1.#QNAN	0	0.016	0	5.53349e-007	1788.38	3263.62	3112.93
3254.8	2195.97	243	1.#QNAN	0	0.015	0	5.39259e-007	1750.43	3254.8	3104.8
3246.28	2190.15	244	1.#QNAN	0	0	0	5.28684e-007	1772.37	3246.28	3096.97
3237.72	2184.3	245	1.#QNAN	0	0.016	0	5.47699e-007	1763.82	3237.72	3089.08
3229.24	2178.51	246	1.#QNAN	0	0.015	0	5.54419e-007	1759.07	3229.24	3081.27
3220.75	2172.74	247	1.#QNAN	0	0.016	0	5.39302e-007	1743.95	3220.75	3073.44
3212.28	2167.04	248	1.#QNAN	0	0.016	0	5.26744e-007	1732.75	3212.28	3065.64
3203.93	2161.42	249	1.#QNAN	0	0.015	0	5.23959e-007	1751.59	3203.93	3057.95
3195.73	2155.87	250	1.#QNAN	0	0	0	5.49247e-007	1794	3195.73	3050.4
3187.6	2150.32	251	1.#QNAN	0	0.016	0	5.34397e-007	1792.93	3187.6	3042.93
3179.52	2144.83	252	1.#QNAN	0	0.015	0	5.34247e-007	1759.89	3179.52	3035.5
3171.4	2139.33	253	1.#QNAN	0	0.016	0	5.34456e-007	1751.72	3171.4	3028.03
3163.34	2133.87	254	1.#QNAN	0	0.016	0	5.4113e-007	1765.47	3163.34	3020.62
3155.34	2128.45	255	1.#QNAN	0	0.015	0	5.36294e-007	1751.13	3155.34	3013.26
3147.35	2123.04	256	1.#QNAN	0	0.016	0	5.49233e-007	1756.37	3147.35	3005.91
3139.48	2117.68	257	1.#QNAN	0	0.015	0	5.50788e-007	1752.21	3139.48	2998.66
3131.69	2112.33	258	1.#QNAN	0	0	0	5.6837e-007	1754.87	3131.69	2991.5
3123.98	2107.02	259	1.#QNAN	0	0.016	0	5.39596e-007	1762.17	3123.98	2984.41
3116.41	2101.78	260	1.#QNAN	0	0.016	0	5.55381e-007	1782	3116.41	2977.46
3108.81	2096.59	261	1.#QNAN	0	0.015	0	5.43025e-007	1790.49	3108.81	2970.49
3101.19	2091.4	262	1.#QNAN	0	0.016	0	5.6037e-007	1763.1	3101.19	2963.47
3093.71	2086.3	263	1.#QNAN	0	0.015	0	5.4736e-007	1741.85	3093.71	2956.6
3086.35	2081.32	264	1.#QNAN	0	0	0	5.44428e-007	1758.73	3086.35	2949.85
3079.02	2076.33	265	1.#QNAN	0	0.016	0	5.36079e-007	1768.01	3079.02	2943.11
3071.67	2071.37	266	1.#QNAN	0	0.016	0	5.6814e-007	1717.37	3071.67	2936.35
3064.44	2066.42	267	1.#QNAN	0	0.015	0	5.46293e-007	1741.41	3064.44	2929.7
3057.29	2061.55	268	1.#QNAN	0	0.016	0	5.45733e-007	1749.14	3057.29	2923.14
3050.19	2056.69	269	1.#QNAN	0	0.015	0	5.55038e-007	1741.4	3050.19	2916.62
3043.1	2051.87	270	1.#QNAN	0	0	0	5.65762e-007	1707.46	3043.1	2910.11
3036.08	2047.06	271	1.#QNAN	0	0.016	0	5.6163e-007	1724.4	3036.08	2903.65
3029.08	2042.27	272	1.#QNAN	0	0.016	0	5.65363e-007	1744.94	3029.08	2897.23
3022.17	2037.53	273	1.#QNAN	0	0.015	0	5.76269e-007	1717.23	3022.17	2890.88
3015.22	2032.83	274	1.#QNAN	0	0.016	0	5.53837e-007	1722.87	3015.22	2884.49
3008.34	2028.16	275	1.#QNAN	0	0.015	0	5.53987e-007	1713.3	3008.34	2878.17
3001.47	2023.5	276	1.#QNAN	0	0	0	5.63581e-007	1697.5	3001.47	2871.84
2994.62	2018.9	277	1.#QNAN	0	0.016	0	5.44066e-007	1697.01	2994.62	2865.52
2987.82	2014.31	278	1.#QNAN	0	0.016	0	5.73169e-007	1692.58	2987.82	2859.26
2981.05	2009.73	279	1.#QNAN	0	0.015	0	5.51984e-007	1709.17	2981.05	2853.04
2974.39	2005.24	280	1.#QNAN	0	0.016	0	5.48535e-007	1690.36	2974.39	2846.9
2967.81	2000.77	281	1.#QNAN	0	0.015	0	5.59526e-007	1691.69	2967.81	2840.85
2961.26	1996.33	282	1.#QNAN	0	0.016	0	5.64414e-007	1682.36	2961.26	2834.83
2954.68	1991.86	283	1.#QNAN	0	0	0	5.74988e-007	1691.72	2954.68	2828.77
2948.12	1987.41	284	1.#QNAN	0	0.016	0	5.38029e-007	1678.79	2948.12	2822.73
2941.58	1983.01	285	1.#QNAN	0	0.015	0	5.7407e-007	1666.57	2941.58	2816.7
2935.2	1978.68	286	1.#QNAN	0	0.016	0	5.45006e-007	1670.31	2935.2	2810.82
2928.88	1974.41	287	1.#QNAN	0	0.015	0	5.78653e-007	1678.42	2928.88	2805
2922.58	1970.15	288	1.#QNAN	0	0.016	0	5.47833e-007	1664	2922.58	2799.2
2916.33	1965.9	289	1.#QNAN	0	0	0	5.61305e-007	1679.85	2916.33	2793.46
2910.06	1961.65	290	1.#QNAN	0	0.016	0	5.68676e-007	1672.03	2910.06	2787.68
2903.83	1957.36	291	1.#QNAN	0	0.015	0	5.848e-007	1680.35	2903.83	2781.95
2897.69	1953.18	292	1.#QNAN	0	0.016	0	6.01372e-007	1683.35	2897.69	2776.29
2891.5	1948.94	293	1.#QNAN	0	0.015	0	5.70483e-007	1671.74	2891.5	2770.59
2885.32	1944.72	294	1.#QNAN	0	0.016	0	5.74928e-007	1685.01	2885.32	2764.91
2879.26	1940.57	295	1.#QNAN	0	0	0	5.67342e-007	1695.09	2879.26	2759.33
2873.27	1936.49	296	1.#QNAN	0	0	0	5.6785e-007	1722.62	2873.27	2753.83
2867.25	1932.4	297	1.#QNAN	0	0.015	0	5.69913e-007	1679.36	2867.25	2748.29
2861.23	1928.32	298	1.#QNAN	0	0.016	0	5.83469e-007	1687.47	2861.23	2742.75
2855.24	1924.25	299	1.#QNAN	0	0.015	0	5.79405e-007	1674.4	2855.24	2737.24
2849.21	1920.14	300	1.#QNAN	0	0.016	0	5.35603e-007	1665.8	2849.21	2731.68
2843.23	1916.09	301	1.#QNAN	0	0.016	0	5.69543e-007	1674.79	2843.23	2726.17
2837.37	1912.13	302	1.#QNAN	0	0	0	5.80605e-007	1695.81	2837.37	2720.78
2831.6	1908.2	303	1.#QNAN	0	0.015	0	5.84329e-007	1680.46	2831.6	2715.47
2825.86	1904.34	304	1.#QNAN	0	0.016	0	5.76726e-007	1676.45	2825.86	2710.18
2820.13	1900.43	305	1.#QNAN	0	0.015	0	5.99686e-007	1673.07	2820.13	2704.91
2814.46	1896.58	306	1.#QNAN	0	0.016	0	5.8244e-007	1693.41	2814.46	2699.7
2808.78	1892.72	307	1.#QNAN	0	0.016	0	5.64308e-007	1663.53	2808.78	2694.47
2803.15	1888.87	308	1.#QNAN	0	0	0	5.52197e-007	1652.12	2803.15	2689.29
2797.51	1885.04	309	1.#QNAN	0	0.015	0	5.80535e-007	1649.43	2797.51	2684.09
2791.87	1881.23	310	1.#QNAN	0	0.016	0	5.60872e-007	1609.61	2791.87	2678.89
2786.31	1877.49	311	1.#QNAN	0	0.015	0	5.60887e-007	1619.6	2786.31	2673.76
2780.74	1873.75	312	1.#QNAN	0	0.016	0	5.62195e-007	1594.14	2780.74	2668.61
2775.15	1870.04	313	1.#QNAN	0	0.016	0	5.81955e-007	1594.51	2775.15	2663.45
2769.6	1866.33	314	1.#QNAN	0	0.015	0	5.6557e-007	1590.98	2769.6	2658.32
2764.15	1862.62	315	1.#QNAN	0	0	0	5.71232e-007	1613.27	2764.15	2653.29
2758.74	1858.97	316	1.#QNAN	0	0.016	0	5.87819e-007	1611.09	2758.74	2648.3
2753.31	1855.28	317	1.#QNAN	0	0.015	1	5.83871e-007	1599.21	2753.31	2643.28
2747.89	1851.63	318	1.#QNAN	0	0.016	0	5.52538e-007	1596.46	2747.89	2638.27
2742.61	1848.07	319	1.#QNAN	0	0.016	0	5.87309e-007	1640.37	2742.61	2633.41
2737.39	1844.5	320	1.#QNAN	0	0.015	0	5.7036e-007	1649.82	2737.39	2628.6
2732.12	1840.95	321	1.#QNAN	0	0.016	0	5.75056e-007	1602.73	2732.12	2623.74
2726.91	1837.4	322	1.#QNAN	0	0	0	5.57521e-007	1625.87	2726.91	2618.94
2721.79	1833.89	323	1.#QNAN	0	0.015	0	5.7432e-007	1644.87	2721.79	2614.24
2716.59	1830.35	324	1.#QNAN	0	0.016	0	5.56872e-007	1619.19	2716.59	2609.44
2711.48	1826.84	325	1.#QNAN	0	0.016	0	5.73777e-007	1636.15	2711.48	2604.72
2706.41	1823.41	326	1.#QNAN	0	0.015	0	5.68088e-007	1631.76	2706.41	2600.05
2701.39	1819.97	327	1.#QNAN	0	0.016	0	6.00518e-007	1653.91	2701.39	2595.44
2696.44	1816.63	328	1.#QNAN	0	0.015	0	5.57868e-007	1665.41	2696.44	2590.88
2691.5	1813.29	329	1.#QNAN	0	0	0	5.79022e-007	1670.93	2691.5	2586.36
2686.6	1809.99	330	1.#QNAN	0	0.016	0	5.87162e-007	1688.2	2686.6	2581.86
2681.73	1806.68	331	1.#QNAN	0	0.016	0	5.90556e-007	1697.28	2681.73	2577.4
2676.89	1803.4	332	1.#QNAN	0	0.015	0	5.95606e-007	1680.38	2676.89	2572.95
2672.12	1800.14	333	1.#QNAN	0	0.016	0	5.94883e-007	1688.8	2672.12	2568.57
2667.36	1796.86	334	1.#QNAN	0	0.015	0	5.69487e-007	1712.12	2667.36	2564.22
2662.57	1793.63	335	1.#QNAN	0	0	0	5.81313e-007	1664.79	2662.57	2559.81
2657.88	1790.44	336	1.#QNAN	0	0.016	0	5.76778e-007	1694.83	2657.88	2555.51
2653.12	1787.22	337	1.#QNAN	0	0.016	0	5.82879e-007	1660.07	2653.12	2551.14
2648.39	1784.02	338	1.#QNAN	0	0.015	0	5.76037e-007	1646.07	2648.39	2546.79
2643.69	1780.86	339	1.#QNAN	0	0.016	0	5.79605e-007	1653.33	2643.69	2542.48
2639	1777.69	340	1.#QNAN	0	0.015	0	5.99527e-007	1655.28	2639	2538.15
2634.37	1774.58	341	1.#QNAN	0	0.016	0	5.80383e-007	1666.7	2634.37	2533.9
2629.79	1771.51	342	1.#QNAN	0	0	0	5.631e-007	1643.28	2629.79	2529.68
2625.24	1768.43	343	1.#QNAN	0	0.016	0	5.80782e-007	1662.14	2625.24	2525.51
2620.68	1765.35	344	1.#QNAN	0	0.015	0	5.82043e-007	1645.19	2620.68	2521.32
2616.16	1762.31	345	1.#QNAN	0	0.016	0	5.84041e-007	1665.05	2616.16	2517.18
2611.64	1759.29	346	1.#QNAN	0	0.015	0	5.70369e-007	1641.43	2611.64	2513.02
2607.15	1756.25	347	1.#QNAN	0	0.016	0	5.76167e-007	1656.47	2607.15	2508.89
2602.68	1753.29	348	1.#QNAN	0	0.016	0	5.80734e-007	1635.88	2602.68	2504.78
2598.38	1750.38	349	1.#QNAN	0	0	0	5.8343e-007	1671.27	2598.38	2500.85
2594.09	1747.44	350	1.#QNAN	0	0	0	5.81578e-007	1650.33	2594.09	2496.91
2589.8	1744.52	351	1.#QNAN	0	0.016	0	5.72303e-007	1662.24	2589.8	2492.99
2585.49	1741.62	352	1.#QNAN	0	0.015	0	5.72256e-007	1641.89	2585.49	2489.03
2581.21	1738.71	353	1.#QNAN	0	0.016	0	6.10524e-007	1659.43	2581.21	2485.11
2576.95	1735.82	354	1.#QNAN	0	0.016	0	5.66517e-007	1646.45	2576.95	2481.2
2572.76	1732.97	355	1.#QNAN	0	0.015	0	5.95672e-007	1649.3	2572.76	2477.36
2568.65	1730.15	356	1.#QNAN	0	0	0	5.83766e-007	1687.95	2568.65	2473.61
2564.54	1727.35	357	1.#QNAN	0	0.016	0	5.96888e-007	1674.86	2564.54	2469.86
2560.33	1724.51	358	1.#QNAN	0	0.015	0	6.0266e-007	1641.84	2560.33	2465.99
2556.24	1721.76	359	1.#QNAN	0	0.016	0	5.97737e-007	1650.5	2556.24	2462.25
2552.2	1718.97	360	1.#QNAN	0	0.016	0	5.85787e-007	1662.45	2552.2	2458.55
2548.09	1716.18	361	1.#QNAN	0	0.015	0	5.94969e-007	1636.05	2548.09	2454.78
2544.06	1713.41	362	1.#QNAN	0	0	0	5.94002e-007	1649.37	2544.06	2451.09
2540.1	1710.66	363	1.#QNAN	0	0.016	0	6.09173e-007	1658.67	2540.1	2447.47
2536.08	1707.96	364	1.#QNAN	0	0.015	0	5.91611e-007	1642.59	2536.08	2443.79
2532.08	1705.27	365	1.#QNAN	0	0.016	0	5.80092e-007	1612.85	2532.08	2440.12
2528.15	1702.62	366	1.#QNAN	0	0.016	0	5.94767e-007	1650.59	2528.15	2436.53
2524.2	1699.95	367	1.#QNAN	0	0.015	0	5.8378e-007	1615.26	2524.2	2432.92
2520.26	1697.3	368	1.#QNAN	0	0.016	0	6.10227e-007	1609.96	2520.26	2429.3
2516.37	1694.69	369	1.#QNAN	0	0	0	5.98397e-007	1620.3	2516.37	2425.73
2512.42	1692.06	370	1.#QNAN	0	0.015	0	5.87629e-007	1594.89	2512.42	2422.11
2508.59	1689.52	371	1.#QNAN	0	0.016	0	5.94545e-007	1624.85	2508.59	2418.6
2504.7	1686.94	372	1.#QNAN	0	0.016	0	5.92431e-007	1583.28	2504.7	2415.02
2500.9	1684.44	373	1.#QNAN	0	0.015	0	5.97477e-007	1596.64	2500.9	2411.53
2497.08	1681.89	374	1.#QNAN	0	0.016	0	5.85429e-007	1594.14	2497.08	2408.02
2493.3	1679.38	375	1.#QNAN	0	0	0	5.91432e-007	1608.55	2493.3	2404.54
2489.53	1676.85	376	1.#QNAN	0	0.015	0	5.93773e-007	1621.74	2489.53	2401.08
2485.88	1674.41	377	1.#QNAN	0	0.016	0	5.96175e-007	1652.77	2485.88	2397.74
2482.2	1671.95	378	1.#QNAN	0	0.016	0	6.01855e-007	1630.23	2482.2	2394.37
2478.55	1669.55	379	1.#QNAN	0	0.015	0	5.71038e-007	1634.36	2478.55	2391.03
2474.91	1667.12	380	1.#QNAN	0	0.016	0	5.91356e-007	1627.6	2474.91	2387.68
2471.32	1664.72	381	1.#QNAN	0	0.015	0	5.65035e-007	1673.24	2471.32	2384.4
2467.71	1662.28	382	1.#QNAN	0	0.016	0	5.93174e-007	1658.12	2467.71	2381.09
2464.09	1659.85	383	1.#QNAN	0	0	0	5.97689e-007	1616.72	2464.09	2377.77
2460.46	1657.45	384	1.#QNAN	0	0.016	0	5.8996e-007	1591.31	2460.46	2374.44
2456.8	1655.05	385	1.#QNAN	0	0.015	0	5.81292e-007	1577.73	2456.8	2371.06
2453.13	1652.64	386	1.#QNAN	0	0.016	0	6.04719e-007	1564.95	2453.13	2367.68
2449.57	1650.32	387	1.#QNAN	0	0.015	0	5.72107e-007	1594.97	2449.57	2364.4
2445.99	1647.98	388	1.#QNAN	0	0.016	0	6.03949e-007	1582.12	2445.99	2361.1
2442.42	1645.64	389	1.#QNAN	0	0	0	5.93031e-007	1564.66	2442.42	2357.82
2438.87	1643.29	390	1.#QNAN	0	0.016	0	5.93416e-007	1570.09	2438.87	2354.55
2435.31	1640.96	391	1.#QNAN	0	0.015	0	5.81031e-007	1563.51	2435.31	2351.27
2431.88	1638.71	392	1.#QNAN	0	0.016	0	5.95668e-007	1602.28	2431.88	2348.11
2428.43	1636.46	393	1.#QNAN	0	0.015	1	5.74687e-007	1600.4	2428.43	2344.95
2424.97	1634.21	394	1.#QNAN	0	0.016	0	5.77587e-007	1579.99	2424.97	2341.75
2421.56	1631.97	395	1.#QNAN	0	0.016	0	5.93653e-007	1596.22	2421.56	2338.63
2418.27	1629.76	396	1.#QNAN	0	0	0	5.92757e-007	1633.84	2418.27	2335.61
2414.98	1627.58	397	1.#QNAN	0	0.015	0	5.98568e-007	1607.34	2414.98	2332.61
2411.74	1625.41	398	1.#QNAN	0	0.016	0	6.07517e-007	1610.31	2411.74	2329.64
2408.51	1623.27	399	1.#QNAN	0	0.015	0	5.8452e-007	1619.15	2408.51	2326.69
