rmse	mae	#iter	time_pred	time_learn	time_learn2	time_learn4	alpha	rmse_mcmc_this	rmse_mcmc_all	rmse_mcmc_all_but5
11533.1	7214.85	0	1.#QNAN	0	0.016	0	1.21829e-010	11533.1	11533.1	3999.82
10576.3	6423.81	1	1.#QNAN	0	0	0	2.34004e-009	10403.6	10576.3	3999.82
10331.2	6246.2	2	1.#QNAN	0	0.016	0	3.03995e-009	10148	10331.2	3999.82
10128.1	6106.88	3	1.#QNAN	0	0	0	3.3949e-009	9760.7	10128.1	3999.82
9969.13	6010.61	4	1.#QNAN	0	0.015	0	3.56165e-009	9513.35	9969.13	37739.9
9771.76	5888.55	5	1.#QNAN	0	0	0	4.06046e-009	8978.9	9771.76	8978.9
9626.36	5807.66	6	1.#QNAN	0	0.016	0	4.67445e-009	8917.64	9626.36	8892.78
9485.21	5726.53	7	1.#QNAN	0	0.015	0	5.22313e-009	8652.47	9485.21	8768.94
9337.66	5642.3	8	1.#QNAN	0	0	0	5.58704e-009	8320.89	9337.66	8622.08
9203.58	5565.99	9	1.#QNAN	0	0.016	0	6.35223e-009	8162.76	9203.58	8505.82
9042.5	5471.54	10	1.#QNAN	0	0	0	6.61661e-009	7579.4	9042.5	8334.37
8908.93	5399.61	11	1.#QNAN	0	0.016	0	7.66775e-009	7581.14	8908.93	8212.73
8756.88	5313.5	12	1.#QNAN	0	0	0	8.12553e-009	7141.51	8756.88	8061
8631.26	5245.14	13	1.#QNAN	0	0.015	0	9.31198e-009	7177.02	8631.26	7950.15
8484.3	5163.57	14	1.#QNAN	0	0	0	1.03508e-008	6660.26	8484.3	7805.13
8340.92	5082.46	15	1.#QNAN	0	0.016	0	1.12626e-008	6458.16	8340.92	7664.2
8201.77	5007.68	16	1.#QNAN	0	0.015	0	1.27104e-008	6172.79	8201.77	7528.28
8063.04	4930.77	17	1.#QNAN	0	0	0	1.45063e-008	5918.58	8063.04	7392.92
7923.64	4856.52	18	1.#QNAN	0	0.016	0	1.55563e-008	5615.7	7923.64	7255.58
7789.1	4784.68	19	1.#QNAN	0	0	0	1.78427e-008	5489.21	7789.1	7125.08
7651.47	4710.4	20	1.#QNAN	0	0.016	0	1.87339e-008	5209.89	7651.47	6990.27
7510.83	4635.31	21	1.#QNAN	0	0	0	2.20176e-008	4870.14	7510.83	6851.34
7377.89	4564.57	22	1.#QNAN	0	0.015	0	2.35941e-008	4762.66	7377.89	6722.22
7244.72	4493.15	23	1.#QNAN	0	0.016	0	2.72657e-008	4536.75	7244.72	6592.43
7108.81	4420.93	24	1.#QNAN	0	0	0	2.85394e-008	4198.18	7108.81	6458.52
6971.16	4347.83	25	1.#QNAN	0	0.015	0	3.38846e-008	3935.23	6971.16	6322.59
6837.63	4276.6	26	1.#QNAN	0	0	0	3.72066e-008	3868.06	6837.63	6191.37
6705.42	4206.14	27	1.#QNAN	0	0.016	0	4.49491e-008	3625.81	6705.42	6062.08
6573.32	4134.11	28	1.#QNAN	0	0	0	5.18794e-008	3392.07	6573.32	5932.5
6443.56	4063.51	29	1.#QNAN	0	0.016	0	5.96469e-008	3263.47	6443.56	5805.63
6317.08	3994.68	30	1.#QNAN	0	0	0	6.55397e-008	3185.47	6317.08	5682.88
6192.66	3926.36	31	1.#QNAN	0	0.015	0	7.26326e-008	3040.39	6192.66	5562.22
6072.77	3860.02	32	1.#QNAN	0	0.016	0	8.35595e-008	2989.11	6072.77	5446.82
5955.79	3794.74	33	1.#QNAN	0	0	0	9.36297e-008	2832.72	5955.79	5334.46
5843.61	3731.94	34	1.#QNAN	0	0.015	0	1.04072e-007	2804.98	5843.61	5227.55
5733.77	3669.58	35	1.#QNAN	0	0	0	1.12549e-007	2705.19	5733.77	5123.23
5628.14	3609.13	36	1.#QNAN	0	0.016	0	1.26128e-007	2699.88	5628.14	5023.45
5524.78	3550.28	37	1.#QNAN	0	0	0	1.34563e-007	2605.52	5524.78	4926.14
5425.35	3493.1	38	1.#QNAN	0	0.016	0	1.42707e-007	2571.36	5425.35	4833.09
5329.11	3437.43	39	1.#QNAN	0	0.015	0	1.55399e-007	2542.51	5329.11	4743.38
5235.41	3382.86	40	1.#QNAN	0	0	0	1.63015e-007	2468.98	5235.41	4656.21
5144.42	3329.7	41	1.#QNAN	0	0.016	0	1.70637e-007	2402.44	5144.42	4571.94
5057.37	3278.51	42	1.#QNAN	0	0	0	1.83756e-007	2419.26	5057.37	4491.75
4973.08	3228.44	43	1.#QNAN	0	0.015	0	1.94547e-007	2395.28	4973.08	4414.52
4891.27	3179.57	44	1.#QNAN	0	0	0	2.04189e-007	2395.03	4891.27	4339.85
4812.35	3132.24	45	1.#QNAN	0	0.016	0	2.16226e-007	2318.91	4812.35	4268.09
4735.63	3085.73	46	1.#QNAN	0	0.016	0	2.18458e-007	2310.13	4735.63	4198.46
4661.22	3040.56	47	1.#QNAN	0	0	0	2.30285e-007	2256.68	4661.22	4131.12
4589.17	2996.45	48	1.#QNAN	0	0.015	0	2.35719e-007	2257.68	4589.17	4066.14
4519.74	2953.69	49	1.#QNAN	0	0	0	2.50187e-007	2228.15	4519.74	4003.75
4452.56	2912.33	50	1.#QNAN	0	0.016	0	2.46863e-007	2208.36	4452.56	3943.6
4388.56	2872.76	51	1.#QNAN	0	0	0	2.51112e-007	2225.35	4388.56	3886.73
4327	2834.42	52	1.#QNAN	0	0.015	0	2.47314e-007	2216.52	4327	3832.31
4267.09	2797.03	53	1.#QNAN	0	0.016	0	2.53646e-007	2188.73	4267.09	3779.41
4208.86	2760.86	54	1.#QNAN	0	0	0	2.67379e-007	2175.04	4208.86	3728.18
4153.31	2725.65	55	1.#QNAN	0	0.016	0	2.80469e-007	2172.19	4153.31	3679.57
4099.11	2691.25	56	1.#QNAN	0	0	0	2.73814e-007	2159.42	4099.11	3632.2
4046.39	2657.77	57	1.#QNAN	0	0.015	0	2.90766e-007	2116.14	4046.39	3586.24
3995.56	2625.26	58	1.#QNAN	0	0	0	2.93167e-007	2125.88	3995.56	3542.09
3946.42	2593.91	59	1.#QNAN	0	0.016	0	3.02438e-007	2120.62	3946.42	3499.61
3898.69	2563.35	60	1.#QNAN	0	0	0	2.94311e-007	2070.2	3898.69	3458.36
3852.64	2534.15	61	1.#QNAN	0	0.015	0	2.99247e-007	2090.96	3852.64	3418.79
3807.61	2505.83	62	1.#QNAN	0	0.016	0	2.98802e-007	2023.44	3807.61	3380
3763.92	2478.11	63	1.#QNAN	0	0	0	3.11955e-007	2007.5	3763.92	3342.51
3721.77	2451.22	64	1.#QNAN	0	0.016	0	3.16918e-007	2027.37	3721.77	3306.49
3681	2425.18	65	1.#QNAN	0	0	0	3.2673e-007	2022.3	3681	3271.77
3640.94	2399.43	66	1.#QNAN	0	0.015	1	3.26914e-007	2007.98	3640.94	3237.65
3602.38	2374.43	67	1.#QNAN	0	0	0	3.17549e-007	2009.97	3602.38	3204.93
3565.06	2350.16	68	1.#QNAN	0	0.016	0	3.32047e-007	1983.1	3565.06	3173.32
3528.76	2326.58	69	1.#QNAN	0	0.015	0	3.26811e-007	2000.36	3528.76	3142.7
3493.85	2303.69	70	1.#QNAN	0	0	0	3.25709e-007	1962.67	3493.85	3113.31
3459.88	2281.29	71	1.#QNAN	0	0.016	0	3.40946e-007	1955.21	3459.88	3084.76
3427.06	2259.98	72	1.#QNAN	0	0	0	3.38394e-007	1974.29	3427.06	3057.38
3394.95	2239.07	73	1.#QNAN	0	0.016	0	3.45115e-007	1927.7	3394.95	3030.54
3363.8	2218.54	74	1.#QNAN	0	0	0	3.5585e-007	1937.65	3363.8	3004.59
3333.38	2198.58	75	1.#QNAN	0	0.015	0	3.6856e-007	1935.08	3333.38	2979.27
3304.09	2179.23	76	1.#QNAN	0	0	0	3.50406e-007	1955.66	3304.09	2955.04
3275.19	2160.31	77	1.#QNAN	0	0.016	0	3.67732e-007	1909.18	3275.19	2931.07
3247.38	2141.96	78	1.#QNAN	0	0.015	0	3.5618e-007	1928.6	3247.38	2908.14
3220.23	2124.1	79	1.#QNAN	0	0	0	3.54957e-007	1921.92	3220.23	2885.8
3193.72	2106.54	80	1.#QNAN	0	0.016	0	3.70513e-007	1905.99	3193.72	2863.94
3167.86	2089.48	81	1.#QNAN	0	0.016	0	3.71518e-007	1910.77	3167.86	2842.73
3142.59	2072.66	82	1.#QNAN	0	0	0	3.66058e-007	1899.26	3142.59	2821.95
3117.84	2056.23	83	1.#QNAN	0	0.015	0	3.62797e-007	1913.71	3117.84	2801.69
3094.11	2040.24	84	1.#QNAN	0	0	0	3.74999e-007	1928.93	3094.11	2782.36
3070.53	2024.47	85	1.#QNAN	0	0.016	0	3.83795e-007	1884.39	3070.53	2763.09
3047.71	2009.23	86	1.#QNAN	0	0.015	0	3.69436e-007	1888.33	3047.71	2744.5
3025.29	1994.26	87	1.#QNAN	0	0	0	3.76089e-007	1897.34	3025.29	2726.25
3003.54	1979.74	88	1.#QNAN	0	0.016	0	3.81109e-007	1865.82	3003.54	2708.57
2982.35	1965.58	89	1.#QNAN	0	0	0	3.81153e-007	1888.02	2982.35	2691.4
2961.87	1951.9	90	1.#QNAN	0	0.016	0	3.81336e-007	1882.03	2961.87	2674.86
2941.59	1938.34	91	1.#QNAN	0	0.015	0	3.70915e-007	1869.98	2941.59	2658.48
2921.99	1925.28	92	1.#QNAN	0	0	0	3.83695e-007	1860.46	2921.99	2642.66
2902.67	1912.5	93	1.#QNAN	0	0.016	0	3.9199e-007	1832.23	2902.67	2627.05
2883.78	1899.83	94	1.#QNAN	0	0	0	3.98775e-007	1824.11	2883.78	2611.78
2865.17	1887.4	95	1.#QNAN	0	0.015	0	3.97847e-007	1822.37	2865.17	2596.73
2847.31	1875.33	96	1.#QNAN	0	0	0	4.06597e-007	1830.13	2847.31	2582.39
2829.65	1863.56	97	1.#QNAN	0	0.016	0	3.93245e-007	1817.3	2829.65	2568.18
2812.47	1852.03	98	1.#QNAN	0	0.016	0	3.98453e-007	1830.53	2812.47	2554.39
2795.72	1840.72	99	1.#QNAN	0	0	0	3.95745e-007	1822.7	2795.72	2540.96
2779.19	1829.49	100	1.#QNAN	0	0.015	0	4.12169e-007	1794.67	2779.19	2527.67
2762.97	1818.51	101	1.#QNAN	0	0	0	3.97454e-007	1806.93	2762.97	2514.67
2747.05	1807.78	102	1.#QNAN	0	0.016	0	4.01354e-007	1783.72	2747.05	2501.85
2731.51	1797.46	103	1.#QNAN	0	0.015	0	4.03424e-007	1780.13	2731.51	2489.36
2716.33	1787.38	104	1.#QNAN	0	0	0	4.044e-007	1772.84	2716.33	2477.16
2701.61	1777.63	105	1.#QNAN	0	0.016	0	4.1091e-007	1764.9	2701.61	2465.36
2686.71	1767.83	106	1.#QNAN	0	0	0	4.12589e-007	1746.83	2686.71	2453.35
2672.12	1758.29	107	1.#QNAN	0	0.016	0	4.17232e-007	1735.9	2672.12	2441.58
2657.89	1748.95	108	1.#QNAN	0	0	0	4.26502e-007	1717.42	2657.89	2430.07
2643.99	1739.8	109	1.#QNAN	0	0.015	0	4.20216e-007	1741	2643.99	2418.93
2630.42	1730.78	110	1.#QNAN	0	0.016	0	4.23711e-007	1734.84	2630.42	2408.04
2617.38	1722.24	111	1.#QNAN	0	0	0	4.17024e-007	1766.09	2617.38	2397.67
2604.26	1713.73	112	1.#QNAN	0	0.015	0	4.16556e-007	1725.75	2604.26	2387.13
2591.31	1705.3	113	1.#QNAN	0	0	0	4.20308e-007	1721.49	2591.31	2376.73
2578.69	1697.06	114	1.#QNAN	0	0.016	0	4.21242e-007	1715.12	2578.69	2366.64
2566.37	1689.01	115	1.#QNAN	0	0	0	4.24209e-007	1719.48	2566.37	2356.8
2554.35	1681.22	116	1.#QNAN	0	0.016	0	4.25345e-007	1720.95	2554.35	2347.22
2542.36	1673.35	117	1.#QNAN	0	0	0	4.46917e-007	1715.18	2542.36	2337.65
2530.79	1665.7	118	1.#QNAN	0	0.015	0	4.37093e-007	1722.32	2530.79	2328.45
2519.1	1658.12	119	1.#QNAN	0	0.016	0	4.34737e-007	1694.28	2519.1	2319.07
2507.79	1650.68	120	1.#QNAN	0	0	0	4.43319e-007	1681.26	2507.79	2310.02
2496.58	1643.33	121	1.#QNAN	0	0.015	0	4.28553e-007	1663.81	2496.58	2301
2485.72	1636.15	122	1.#QNAN	0	0	0	4.34632e-007	1676.21	2485.72	2292.3
2475.19	1629.12	123	1.#QNAN	0	0.016	0	4.38656e-007	1684.6	2475.19	2283.92
2464.72	1622.15	124	1.#QNAN	0	0.016	0	4.35441e-007	1683.59	2464.72	2275.59
2454.43	1615.26	125	1.#QNAN	0	0	0	4.44152e-007	1682.87	2454.43	2267.4
2444.55	1608.64	126	1.#QNAN	0	0.015	0	4.62346e-007	1708.76	2444.55	2259.58
2434.61	1602.05	127	1.#QNAN	0	0	0	4.40277e-007	1668.35	2434.61	2251.65
2424.73	1595.39	128	1.#QNAN	0	0.016	0	4.39291e-007	1668.24	2424.73	2243.78
2415.27	1588.9	129	1.#QNAN	0	0	0	4.35047e-007	1709.48	2415.27	2236.33
2405.92	1582.49	130	1.#QNAN	0	0.015	0	4.47968e-007	1714.18	2405.92	2228.95
2396.44	1576.12	131	1.#QNAN	0	0	0	4.53716e-007	1665.65	2396.44	2221.37
2387.2	1569.77	132	1.#QNAN	0	0.016	0	4.54873e-007	1676.57	2387.2	2214.01
2378	1563.49	133	1.#QNAN	0	0.016	0	4.56838e-007	1656.91	2378	2206.69
2368.95	1557.4	134	1.#QNAN	0	0	0	4.63301e-007	1649.92	2368.95	2199.46
2360.12	1551.41	135	1.#QNAN	0	0.015	0	4.788e-007	1641.34	2360.12	2192.42
2351.55	1545.5	136	1.#QNAN	0	0	0	4.51118e-007	1652.52	2351.55	2185.61
2343.17	1539.77	137	1.#QNAN	0	0.016	0	4.72764e-007	1677.38	2343.17	2178.99
2334.67	1533.96	138	1.#QNAN	0	0	0	4.53995e-007	1646.95	2334.67	2172.23
2326.32	1528.2	139	1.#QNAN	0	0.015	0	4.69906e-007	1648.53	2326.32	2165.58
2318.24	1522.56	140	1.#QNAN	0	0.016	0	4.83576e-007	1663.71	2318.24	2159.18
2310.3	1517.13	141	1.#QNAN	0	0	0	4.53449e-007	1646.96	2310.3	2152.87
2302.5	1511.75	142	1.#QNAN	0	0.016	0	4.67929e-007	1650.09	2302.5	2146.7
2294.92	1506.54	143	1.#QNAN	0	0	0	4.78515e-007	1641.39	2294.92	2140.7
2287.35	1501.33	144	1.#QNAN	0	0.015	0	4.93813e-007	1648.98	2287.35	2134.72
2279.86	1496.08	145	1.#QNAN	0	0	0	4.83355e-007	1638.39	2279.86	2128.79
2272.35	1490.9	146	1.#QNAN	0	0.016	0	4.69739e-007	1637.27	2272.35	2122.82
2265.07	1485.84	147	1.#QNAN	0	0.015	0	4.92177e-007	1634.35	2265.07	2117.06
2257.98	1480.94	148	1.#QNAN	0	0	0	4.92515e-007	1639.35	2257.98	2111.45
2250.89	1476.09	149	1.#QNAN	0	0.016	0	4.92602e-007	1631.34	2250.89	2105.84
2244.01	1471.32	150	1.#QNAN	0	0	0	4.87884e-007	1634.9	2244.01	2100.41
2237.21	1466.64	151	1.#QNAN	0	0.016	0	4.89541e-007	1636.27	2237.21	2095.05
2230.56	1461.95	152	1.#QNAN	0	0	0	4.77611e-007	1637.11	2230.56	2089.79
2224.05	1457.43	153	1.#QNAN	0	0.015	0	4.79849e-007	1646.23	2224.05	2084.66
2217.51	1452.91	154	1.#QNAN	0	0.016	0	4.9816e-007	1627.6	2217.51	2079.46
2211.15	1448.48	155	1.#QNAN	0	0	0	4.94673e-007	1650.5	2211.15	2074.46
2204.8	1444.09	156	1.#QNAN	0	0.015	0	4.92519e-007	1608.18	2204.8	2069.41
2198.54	1439.77	157	1.#QNAN	0	0	0	4.82315e-007	1621.5	2198.54	2064.44
2192.4	1435.51	158	1.#QNAN	0	0.016	0	5.05192e-007	1636.04	2192.4	2059.58
2186.3	1431.32	159	1.#QNAN	0	0	0	4.97788e-007	1607.86	2186.3	2054.74
2180.26	1427.11	160	1.#QNAN	0	0.016	0	4.9055e-007	1588.19	2180.26	2049.92
2174.34	1423.02	161	1.#QNAN	0	0.015	0	5.04903e-007	1610.36	2174.34	2045.21
2168.27	1418.87	162	1.#QNAN	0	0	0	4.76095e-007	1588.41	2168.27	2040.35
2162.35	1414.74	163	1.#QNAN	0	0.016	0	5.03432e-007	1597.9	2162.35	2035.63
2156.58	1410.74	164	1.#QNAN	0	0	0	5.03152e-007	1606.47	2156.58	2031.02
2151.01	1406.82	165	1.#QNAN	0	0.015	0	5.03554e-007	1605.22	2151.01	2026.6
2145.37	1402.88	166	1.#QNAN	0	0	0	4.94017e-007	1571.41	2145.37	2022.08
2139.64	1398.93	167	1.#QNAN	0	0.016	0	5.1076e-007	1555.07	2139.64	2017.46
2134	1395.01	168	1.#QNAN	0	0.016	0	5.39425e-007	1562.62	2134	2012.92
2128.57	1391.23	169	1.#QNAN	0	0	0	5.04111e-007	1579.56	2128.57	2008.57
2123.12	1387.41	170	1.#QNAN	0	0.015	0	5.38829e-007	1565.96	2123.12	2004.19
2117.84	1383.65	171	1.#QNAN	0	0	0	5.06528e-007	1577.96	2117.84	1999.98
2112.7	1380.02	172	1.#QNAN	0	0.016	0	5.24066e-007	1595.1	2112.7	1995.89
2107.46	1376.39	173	1.#QNAN	0	0	0	5.39754e-007	1578.39	2107.46	1991.68
2102.21	1372.76	174	1.#QNAN	0	0.015	0	4.99337e-007	1567.61	2102.21	1987.45
2097.12	1369.19	175	1.#QNAN	0	0	0	5.2299e-007	1570.91	2097.12	1983.38
2091.96	1365.54	176	1.#QNAN	0	0.016	0	5.0922e-007	1567.64	2091.96	1979.23
2087.04	1361.99	177	1.#QNAN	0	0.016	0	5.28389e-007	1579.25	2087.04	1975.3
2082.09	1358.49	178	1.#QNAN	0	0	0	5.35789e-007	1561.54	2082.09	1971.34
2077.16	1354.97	179	1.#QNAN	0	0.015	1	5.19318e-007	1567.42	2077.16	1967.39
2072.48	1351.56	180	1.#QNAN	0	0	0	5.21191e-007	1598.09	2072.48	1963.67
2067.82	1348.21	181	1.#QNAN	0	0.016	0	5.24875e-007	1578.65	2067.82	1959.95
2063.13	1344.86	182	1.#QNAN	0	0	0	5.37225e-007	1569.64	2063.13	1956.2
2058.57	1341.53	183	1.#QNAN	0	0.015	0	5.14175e-007	1588.89	2058.57	1952.56
2054.05	1338.25	184	1.#QNAN	0	0.016	0	5.20428e-007	1574.45	2054.05	1948.96
2049.51	1334.97	185	1.#QNAN	0	0	0	5.36964e-007	1554.09	2049.51	1945.32
2044.96	1331.76	186	1.#QNAN	0	0.016	0	5.37946e-007	1529.25	2044.96	1941.63
2040.52	1328.59	187	1.#QNAN	0	0	0	5.33551e-007	1557.97	2040.52	1938.09
2036.1	1325.4	188	1.#QNAN	0	0.015	0	5.24392e-007	1553.82	2036.1	1934.53
2031.82	1322.29	189	1.#QNAN	0	0	0	5.38957e-007	1541.32	2031.82	1931.09
2027.55	1319.23	190	1.#QNAN	0	0.016	0	5.48227e-007	1541.98	2027.55	1927.65
2023.3	1316.19	191	1.#QNAN	0	0.015	0	5.39788e-007	1539.55	2023.3	1924.23
2019.09	1313.23	192	1.#QNAN	0	0	0	5.31639e-007	1519.94	2019.09	1920.83
2015.02	1310.4	193	1.#QNAN	0	0.016	0	5.50818e-007	1535.44	2015.02	1917.56
2010.9	1307.47	194	1.#QNAN	0	0	0	5.5067e-007	1531.52	2010.9	1914.23
2006.9	1304.64	195	1.#QNAN	0	0.016	0	5.38639e-007	1542.5	2006.9	1911.01
2002.93	1301.88	196	1.#QNAN	0	0	0	5.56794e-007	1536.06	2002.93	1907.81
1999.02	1299.13	197	1.#QNAN	0	0.015	0	5.53113e-007	1543.81	1999.02	1904.68
1995.06	1296.38	198	1.#QNAN	0	0	0	5.50814e-007	1529.82	1995.06	1901.47
1991.17	1293.67	199	1.#QNAN	0	0.016	0	5.44927e-007	1535.45	1991.17	1898.32
1987.31	1291.03	200	1.#QNAN	0	0.015	0	5.59195e-007	1524.38	1987.31	1895.19
1983.46	1288.4	201	1.#QNAN	0	0	0	5.4723e-007	1524.09	1983.46	1892.06
1979.53	1285.84	202	1.#QNAN	0	0.016	0	5.5614e-007	1487.65	1979.53	1888.82
1975.72	1283.24	203	1.#QNAN	0	0	0	5.43799e-007	1496.39	1975.72	1885.71
1971.97	1280.69	204	1.#QNAN	0	0.016	0	5.40078e-007	1511.54	1971.97	1882.66
1968.19	1278.09	205	1.#QNAN	0	0	0	5.36669e-007	1499.94	1968.19	1879.57
1964.43	1275.59	206	1.#QNAN	0	0.015	0	5.46923e-007	1483.69	1964.43	1876.47
1960.67	1273.04	207	1.#QNAN	0	0.016	0	5.62747e-007	1476.22	1960.67	1873.38
1956.95	1270.53	208	1.#QNAN	0	0	0	5.59634e-007	1476.8	1956.95	1870.32
1953.3	1268.13	209	1.#QNAN	0	0.015	0	5.70403e-007	1474.3	1953.3	1867.3
1949.65	1265.7	210	1.#QNAN	0	0	0	5.59066e-007	1467.61	1949.65	1864.28
1946.08	1263.34	211	1.#QNAN	0	0.016	0	5.59939e-007	1468.87	1946.08	1861.34
1942.47	1261.04	212	1.#QNAN	0	0	0	5.68143e-007	1474.49	1942.47	1858.35
1938.86	1258.66	213	1.#QNAN	0	0.016	0	5.62207e-007	1472.72	1938.86	1855.36
1935.37	1256.38	214	1.#QNAN	0	0.015	0	5.62466e-007	1465.92	1935.37	1852.49
1931.79	1254.08	215	1.#QNAN	0	0	0	5.86218e-007	1460.15	1931.79	1849.51
1928.27	1251.81	216	1.#QNAN	0	0.016	0	5.63659e-007	1453.15	1928.27	1846.58
1924.79	1249.58	217	1.#QNAN	0	0	0	5.81913e-007	1450.6	1924.79	1843.67
1921.37	1247.36	218	1.#QNAN	0	0.015	0	5.64521e-007	1461.04	1921.37	1840.82
1918.02	1245.21	219	1.#QNAN	0	0	0	5.70694e-007	1464.78	1918.02	1838.04
1914.54	1242.96	220	1.#QNAN	0	0.016	0	5.75636e-007	1435.97	1914.54	1835.13
1911.13	1240.82	221	1.#QNAN	0	0.016	0	5.59694e-007	1440.75	1911.13	1832.28
1907.74	1238.67	222	1.#QNAN	0	0	0	5.67506e-007	1436	1907.74	1829.45
1904.34	1236.54	223	1.#QNAN	0	0.015	0	5.72402e-007	1433.87	1904.34	1826.6
1901.01	1234.44	224	1.#QNAN	0	0	0	5.72908e-007	1445.55	1901.01	1823.81
1897.71	1232.4	225	1.#QNAN	0	0.016	0	5.70962e-007	1428.84	1897.71	1821.04
1894.41	1230.33	226	1.#QNAN	0	0	0	5.66847e-007	1439.44	1894.41	1818.26
1891.05	1228.26	227	1.#QNAN	0	0.015	0	5.88777e-007	1425.59	1891.05	1815.42
1887.86	1226.29	228	1.#QNAN	0	0.016	0	5.8247e-007	1429.42	1887.86	1812.75
1884.57	1224.28	229	1.#QNAN	0	0	0	5.69564e-007	1412.16	1884.57	1809.96
1881.32	1222.3	230	1.#QNAN	0	0.016	0	5.77714e-007	1420.03	1881.32	1807.2
1878.19	1220.42	231	1.#QNAN	0	0	0	5.66626e-007	1440.23	1878.19	1804.56
1875.12	1218.49	232	1.#QNAN	0	0.015	0	5.75677e-007	1458.72	1875.12	1801.99
1872.02	1216.58	233	1.#QNAN	0	0.016	0	5.87548e-007	1422.57	1872.02	1799.37
1868.93	1214.69	234	1.#QNAN	0	0	0	5.97505e-007	1415.56	1868.93	1796.76
1865.82	1212.77	235	1.#QNAN	0	0.015	0	6.08455e-007	1416.45	1865.82	1794.12
1862.78	1210.88	236	1.#QNAN	0	0	0	5.59591e-007	1423.51	1862.78	1791.55
1859.66	1208.97	237	1.#QNAN	0	0.016	0	5.83934e-007	1403.98	1859.66	1788.9
1856.71	1207.16	238	1.#QNAN	0	0.016	0	5.60101e-007	1432.31	1856.71	1786.4
1853.72	1205.3	239	1.#QNAN	0	0	0	5.67371e-007	1409.39	1853.72	1783.87
1850.76	1203.49	240	1.#QNAN	0	0.015	0	5.85193e-007	1423.14	1850.76	1781.37
1847.84	1201.69	241	1.#QNAN	0	0	0	5.95292e-007	1420.82	1847.84	1778.9
1844.96	1199.9	242	1.#QNAN	0	0.016	0	6.08149e-007	1419.69	1844.96	1776.46
1841.98	1198.06	243	1.#QNAN	0	0	0	5.91077e-007	1403.66	1841.98	1773.92
1839.16	1196.33	244	1.#QNAN	0	0.015	0	5.69668e-007	1418.94	1839.16	1771.53
1836.36	1194.62	245	1.#QNAN	0	0	0	6.06234e-007	1433.13	1836.36	1769.15
1833.56	1192.88	246	1.#QNAN	0	0.016	0	5.91348e-007	1429.82	1833.56	1766.77
1830.75	1191.17	247	1.#QNAN	0	0.016	0	5.88821e-007	1417.06	1830.75	1764.39
1828.03	1189.46	248	1.#QNAN	0	0	0	6.11275e-007	1428.35	1828.03	1762.09
1825.31	1187.82	249	1.#QNAN	0	0.015	0	6.08096e-007	1411.26	1825.31	1759.77
1822.49	1186.11	250	1.#QNAN	0	0	0	5.91114e-007	1381.25	1822.49	1757.35
1819.71	1184.4	251	1.#QNAN	0	0.016	0	5.92141e-007	1395.94	1819.71	1754.95
1816.95	1182.72	252	1.#QNAN	0	0	0	6.02309e-007	1397.39	1816.95	1752.6
1814.24	1181.1	253	1.#QNAN	0	0.015	0	5.91718e-007	1392.1	1814.24	1750.26
1811.52	1179.47	254	1.#QNAN	0	0.016	0	6.09277e-007	1394.14	1811.52	1747.92
1808.82	1177.86	255	1.#QNAN	0	0	0	5.92783e-007	1393.92	1808.82	1745.6
1806.14	1176.26	256	1.#QNAN	0	0.016	0	5.78881e-007	1393.8	1806.14	1743.28
1803.5	1174.66	257	1.#QNAN	0	0	0	6.11592e-007	1393.6	1803.5	1741.01
1800.93	1173.07	258	1.#QNAN	0	0.015	0	5.84979e-007	1413.74	1800.93	1738.82
1798.36	1171.51	259	1.#QNAN	0	0	0	5.80132e-007	1399.32	1798.36	1736.62
1795.94	1170.02	260	1.#QNAN	0	0.016	0	5.94555e-007	1418.59	1795.94	1734.56
1793.44	1168.52	261	1.#QNAN	0	0	0	5.82438e-007	1408.74	1793.44	1732.42
1790.97	1167.03	262	1.#QNAN	0	0.015	0	6.08023e-007	1399.37	1790.97	1730.31
1788.54	1165.5	263	1.#QNAN	0	0.016	0	5.83244e-007	1406.17	1788.54	1728.24
1786.15	1164.02	264	1.#QNAN	0	0	0	5.85592e-007	1408.06	1786.15	1726.2
1783.74	1162.52	265	1.#QNAN	0	0.016	0	5.73541e-007	1403.52	1783.74	1724.14
1781.36	1161.04	266	1.#QNAN	0	0	0	6.0554e-007	1397.1	1781.36	1722.11
1778.95	1159.56	267	1.#QNAN	0	0.015	0	5.82138e-007	1402.45	1778.95	1720.04
1776.61	1158.09	268	1.#QNAN	0	0	0	5.79846e-007	1414.12	1776.61	1718.05
1774.24	1156.6	269	1.#QNAN	0	0.016	0	5.9705e-007	1399.61	1774.24	1716.03
1771.88	1155.09	270	1.#QNAN	0	0.015	0	5.91505e-007	1388.87	1771.88	1714
1769.55	1153.63	271	1.#QNAN	0	0	0	6.02759e-007	1395.35	1769.55	1712.01
1767.28	1152.17	272	1.#QNAN	0	0.016	0	5.92874e-007	1402.1	1767.28	1710.07
1764.99	1150.71	273	1.#QNAN	0	0	0	5.87477e-007	1391.32	1764.99	1708.12
1762.74	1149.27	274	1.#QNAN	0	0.016	0	6.03451e-007	1394.51	1762.74	1706.2
1760.51	1147.85	275	1.#QNAN	0	0	0	6.10884e-007	1389.84	1760.51	1704.28
1758.29	1146.45	276	1.#QNAN	0	0.015	0	6.1346e-007	1389.75	1758.29	1702.38
1756.09	1145.06	277	1.#QNAN	0	0.016	0	6.18537e-007	1403.07	1756.09	1700.5
1753.92	1143.69	278	1.#QNAN	0	0	0	5.86609e-007	1396.62	1753.92	1698.64
1751.75	1142.29	279	1.#QNAN	0	0.015	0	6.17817e-007	1390.59	1751.75	1696.79
1749.65	1140.98	280	1.#QNAN	0	0	0	6.02808e-007	1402.66	1749.65	1694.99
1747.42	1139.59	281	1.#QNAN	0	0.016	0	6.21189e-007	1369.34	1747.42	1693.05
1745.25	1138.2	282	1.#QNAN	0	0	0	6.05446e-007	1376.2	1745.25	1691.18
1743.05	1136.84	283	1.#QNAN	0	0.016	0	5.96887e-007	1369.33	1743.05	1689.27
1740.9	1135.5	284	1.#QNAN	0	0.015	0	6.27612e-007	1369.99	1740.9	1687.4
1738.75	1134.18	285	1.#QNAN	0	0	0	6.0647e-007	1367.6	1738.75	1685.53
1736.59	1132.83	286	1.#QNAN	0	0.016	0	6.07036e-007	1371.74	1736.59	1683.66
1734.46	1131.52	287	1.#QNAN	0	0	0	6.12892e-007	1367.27	1734.46	1681.8
1732.37	1130.22	288	1.#QNAN	0	0.015	0	5.91582e-007	1354.51	1732.37	1679.99
1730.32	1128.91	289	1.#QNAN	0	0	0	5.98477e-007	1374.28	1730.32	1678.22
1728.28	1127.62	290	1.#QNAN	0	0.016	0	6.00483e-007	1378.1	1728.28	1676.45
1726.18	1126.32	291	1.#QNAN	0	0	0	6.00104e-007	1355.92	1726.18	1674.63
1724.1	1125.02	292	1.#QNAN	0	0.016	1	6.15546e-007	1362.86	1724.1	1672.82
1722.04	1123.72	293	1.#QNAN	0	0.015	0	6.29727e-007	1353.29	1722.04	1671.02
1720.02	1122.44	294	1.#QNAN	0	0	0	5.96043e-007	1365.57	1720.02	1669.28
1717.94	1121.16	295	1.#QNAN	0	0.016	0	6.07752e-007	1352.2	1717.94	1667.46
1715.87	1119.87	296	1.#QNAN	0	0	0	6.21609e-007	1359.57	1715.87	1665.66
1713.8	1118.56	297	1.#QNAN	0	0.015	0	6.45697e-007	1349.68	1713.8	1663.86
1711.79	1117.29	298	1.#QNAN	0	0	0	6.32997e-007	1380.44	1711.79	1662.12
1709.79	1116.06	299	1.#QNAN	0	0.016	0	6.25824e-007	1374.03	1709.79	1660.39
1707.79	1114.81	300	1.#QNAN	0	0.016	0	6.21365e-007	1351.21	1707.79	1658.64
1705.78	1113.53	301	1.#QNAN	0	0	0	6.11524e-007	1362.91	1705.78	1656.89
1703.87	1112.34	302	1.#QNAN	0	0.015	0	6.12467e-007	1361.9	1703.87	1655.23
1701.91	1111.12	303	1.#QNAN	0	0	0	6.16618e-007	1360.03	1701.91	1653.53
1699.96	1109.86	304	1.#QNAN	0	0.016	0	6.02699e-007	1355.97	1699.96	1651.83
1698.08	1108.68	305	1.#QNAN	0	0	0	5.86291e-007	1376.68	1698.08	1650.2
1696.24	1107.51	306	1.#QNAN	0	0.015	0	6.27942e-007	1375.2	1696.24	1648.61
1694.24	1106.31	307	1.#QNAN	0	0	0	6.45437e-007	1328.27	1694.24	1646.85
1692.36	1105.12	308	1.#QNAN	0	0.016	0	6.34931e-007	1363.08	1692.36	1645.2
1690.5	1103.98	309	1.#QNAN	0	0.016	0	6.16099e-007	1360.91	1690.5	1643.58
1688.6	1102.83	310	1.#QNAN	0	0	0	6.20993e-007	1350.49	1688.6	1641.92
1686.72	1101.66	311	1.#QNAN	0	0.015	0	6.19423e-007	1362.66	1686.72	1640.28
1684.88	1100.52	312	1.#QNAN	0	0	0	5.96796e-007	1359.32	1684.88	1638.67
1683.05	1099.36	313	1.#QNAN	0	0.016	0	6.44167e-007	1345.26	1683.05	1637.07
1681.28	1098.25	314	1.#QNAN	0	0.015	0	6.08743e-007	1355.23	1681.28	1635.52
1679.55	1097.17	315	1.#QNAN	0	0	0	6.21613e-007	1363.3	1679.55	1634.03
1677.78	1096.08	316	1.#QNAN	0	0.016	0	6.40897e-007	1346.46	1677.78	1632.48
1676.04	1095.01	317	1.#QNAN	0	0	0	6.15389e-007	1367.47	1676.04	1630.97
1674.19	1093.85	318	1.#QNAN	0	0.016	0	6.05036e-007	1335.95	1674.19	1629.33
1672.43	1092.75	319	1.#QNAN	0	0	0	6.32082e-007	1362.38	1672.43	1627.8
1670.65	1091.65	320	1.#QNAN	0	0.015	0	6.29319e-007	1345.65	1670.65	1626.23
1668.88	1090.53	321	1.#QNAN	0	0	0	6.24821e-007	1363.31	1668.88	1624.67
1667.04	1089.41	322	1.#QNAN	0	0.016	0	6.38555e-007	1327.33	1667.04	1623.04
1665.27	1088.32	323	1.#QNAN	0	0.015	0	6.15046e-007	1352.34	1665.27	1621.49
1663.54	1087.26	324	1.#QNAN	0	0	0	6.21772e-007	1371.78	1663.54	1619.97
1661.77	1086.19	325	1.#QNAN	0	0.016	0	6.11302e-007	1353.68	1661.77	1618.41
1659.98	1085.11	326	1.#QNAN	0	0	0	6.15193e-007	1326.58	1659.98	1616.82
1658.28	1084.06	327	1.#QNAN	0	0.016	0	6.05605e-007	1357.89	1658.28	1615.33
1656.52	1083	328	1.#QNAN	0	0	0	6.17951e-007	1335.18	1656.52	1613.78
1654.86	1081.98	329	1.#QNAN	0	0.015	0	6.28862e-007	1347.41	1654.86	1612.32
1653.11	1080.92	330	1.#QNAN	0	0.016	0	6.29321e-007	1323.22	1653.11	1610.77
1651.44	1079.9	331	1.#QNAN	0	0	0	6.25845e-007	1354.08	1651.44	1609.31
1649.81	1078.91	332	1.#QNAN	0	0.015	0	6.25419e-007	1349.75	1649.81	1607.88
1648.16	1077.92	333	1.#QNAN	0	0	0	6.13946e-007	1337.21	1648.16	1606.42
1646.56	1076.97	334	1.#QNAN	0	0.016	0	6.3509e-007	1352.08	1646.56	1605.01
1645.02	1076.03	335	1.#QNAN	0	0	0	6.46551e-007	1368.1	1645.02	1603.67
1643.46	1075.09	336	1.#QNAN	0	0.016	0	6.5089e-007	1359.03	1643.46	1602.29
1641.91	1074.13	337	1.#QNAN	0	0.015	0	6.4532e-007	1364.49	1641.91	1600.94
1640.29	1073.1	338	1.#QNAN	0	0	0	6.34697e-007	1344.65	1640.29	1599.51
1638.76	1072.13	339	1.#QNAN	0	0.016	0	6.54942e-007	1353.09	1638.76	1598.18
1637.25	1071.19	340	1.#QNAN	0	0	0	6.43283e-007	1351.85	1637.25	1596.85
1635.8	1070.27	341	1.#QNAN	0	0.015	0	6.37272e-007	1383.08	1635.8	1595.6
1634.35	1069.38	342	1.#QNAN	0	0.016	0	6.47357e-007	1375.84	1634.35	1594.34
1632.85	1068.45	343	1.#QNAN	0	0	0	6.30775e-007	1357.14	1632.85	1593.04
1631.31	1067.49	344	1.#QNAN	0	0.016	0	5.98021e-007	1346	1631.31	1591.69
1629.81	1066.53	345	1.#QNAN	0	0	0	6.40781e-007	1363.05	1629.81	1590.37
1628.35	1065.59	346	1.#QNAN	0	0.015	0	6.39827e-007	1378.51	1628.35	1589.1
1626.88	1064.68	347	1.#QNAN	0	0.016	0	6.45368e-007	1360.89	1626.88	1587.81
1625.4	1063.75	348	1.#QNAN	0	0	0	6.18525e-007	1347.58	1625.4	1586.51
1623.92	1062.82	349	1.#QNAN	0	0.015	0	6.56691e-007	1349.79	1623.92	1585.21
1622.48	1061.91	350	1.#QNAN	0	0	0	6.31309e-007	1374.98	1622.48	1583.95
1621.05	1060.99	351	1.#QNAN	0	0.016	0	6.54008e-007	1348.22	1621.05	1582.7
1619.63	1060.1	352	1.#QNAN	0	0	0	6.32166e-007	1347.42	1619.63	1581.46
1618.22	1059.21	353	1.#QNAN	0	0.016	0	6.41624e-007	1386.49	1618.22	1580.22
1616.84	1058.35	354	1.#QNAN	0	0.015	0	6.2968e-007	1349.5	1616.84	1579.01
1615.44	1057.46	355	1.#QNAN	0	0	0	6.54543e-007	1368.32	1615.44	1577.79
1614.03	1056.58	356	1.#QNAN	0	0.016	0	6.30166e-007	1340.72	1614.03	1576.55
1612.66	1055.72	357	1.#QNAN	0	0	0	6.51494e-007	1352.83	1612.66	1575.35
1611.26	1054.84	358	1.#QNAN	0	0.015	0	6.36536e-007	1340.58	1611.26	1574.12
1609.92	1053.96	359	1.#QNAN	0	0.016	0	6.23909e-007	1364.13	1609.92	1572.94
1608.57	1053.14	360	1.#QNAN	0	0	0	6.63609e-007	1368.54	1608.57	1571.77
1607.23	1052.32	361	1.#QNAN	0	0.016	0	6.50452e-007	1345.08	1607.23	1570.58
1605.88	1051.45	362	1.#QNAN	0	0	0	6.18998e-007	1354.44	1605.88	1569.39
1604.53	1050.61	363	1.#QNAN	0	0.015	0	6.46401e-007	1348.71	1604.53	1568.21
1603.16	1049.75	364	1.#QNAN	0	0.016	0	6.41242e-007	1329.01	1603.16	1567
1601.86	1048.92	365	1.#QNAN	0	0	0	6.37062e-007	1353.44	1601.86	1565.86
1600.55	1048.1	366	1.#QNAN	0	0.015	0	6.48604e-007	1338.95	1600.55	1564.71
1599.25	1047.28	367	1.#QNAN	0	0	0	6.23845e-007	1353.48	1599.25	1563.56
1597.94	1046.44	368	1.#QNAN	0	0.016	0	6.44322e-007	1349.17	1597.94	1562.41
1596.67	1045.64	369	1.#QNAN	0	0	0	6.37091e-007	1348.6	1596.67	1561.3
1595.37	1044.83	370	1.#QNAN	0	0.016	0	6.61564e-007	1339.9	1595.37	1560.15
1594.11	1044.03	371	1.#QNAN	0	0	0	6.45385e-007	1343.26	1594.11	1559.04
1592.85	1043.24	372	1.#QNAN	0	0.015	0	6.37862e-007	1350.57	1592.85	1557.94
1591.56	1042.44	373	1.#QNAN	0	0.016	0	6.32247e-007	1324.77	1591.56	1556.8
1590.35	1041.72	374	1.#QNAN	0	0	0	6.7846e-007	1351.25	1590.35	1555.73
1589.13	1040.96	375	1.#QNAN	0	0.015	0	6.40434e-007	1346.17	1589.13	1554.67
1587.89	1040.2	376	1.#QNAN	0	0	0	6.47766e-007	1330.46	1587.89	1553.57
1586.69	1039.45	377	1.#QNAN	0	0.016	0	6.36323e-007	1339.63	1586.69	1552.51
1585.47	1038.69	378	1.#QNAN	0	0	0	6.33393e-007	1326.27	1585.47	1551.44
1584.28	1037.93	379	1.#QNAN	0	0.016	0	6.48974e-007	1335.27	1584.28	1550.38
1583.04	1037.19	380	1.#QNAN	0	0.015	0	6.48937e-007	1316.42	1583.04	1549.28
1581.83	1036.43	381	1.#QNAN	0	0	0	6.45998e-007	1326.11	1581.83	1548.2
1580.61	1035.71	382	1.#QNAN	0	0.016	0	6.5199e-007	1325.01	1580.61	1547.12
1579.43	1034.95	383	1.#QNAN	0	0	0	6.39755e-007	1340.51	1579.43	1546.07
1578.27	1034.24	384	1.#QNAN	0	0.015	0	6.68661e-007	1339.84	1578.27	1545.05
1577.07	1033.52	385	1.#QNAN	0	0	0	6.52876e-007	1321.35	1577.07	1543.98
1575.89	1032.8	386	1.#QNAN	0	0.016	0	6.41733e-007	1318.5	1575.89	1542.93
1574.69	1032.08	387	1.#QNAN	0	0.016	0	6.67671e-007	1316.86	1574.69	1541.87
1573.52	1031.4	388	1.#QNAN	0	0	0	6.71141e-007	1330.65	1573.52	1540.83
1572.39	1030.72	389	1.#QNAN	0	0.015	0	6.49182e-007	1327.48	1572.39	1539.83
1571.25	1030.01	390	1.#QNAN	0	0	0	6.47437e-007	1325.43	1571.25	1538.82
1570.11	1029.3	391	1.#QNAN	0	0.016	0	6.49695e-007	1327.36	1570.11	1537.81
1568.98	1028.6	392	1.#QNAN	0	0	0	6.48216e-007	1316.22	1568.98	1536.8
1567.87	1027.93	393	1.#QNAN	0	0.015	0	6.70427e-007	1344.2	1567.87	1535.83
1566.77	1027.25	394	1.#QNAN	0	0	0	6.49857e-007	1338.36	1566.77	1534.87
1565.71	1026.56	395	1.#QNAN	0	0.016	0	6.42715e-007	1367.16	1565.71	1533.94
1564.58	1025.84	396	1.#QNAN	0	0.016	0	6.56519e-007	1343.16	1564.58	1532.94
1563.5	1025.16	397	1.#QNAN	0	0	0	6.37706e-007	1368	1563.5	1532
1562.43	1024.49	398	1.#QNAN	0	0.015	0	6.50495e-007	1352.88	1562.43	1531.07
1561.33	1023.8	399	1.#QNAN	0	0	0	6.75035e-007	1335.41	1561.33	1530.1
1560.26	1023.13	400	1.#QNAN	0	0.016	0	6.47513e-007	1343.53	1560.26	1529.16
1559.22	1022.5	401	1.#QNAN	0	0.015	0	6.70276e-007	1353.82	1559.22	1528.25
1558.14	1021.84	402	1.#QNAN	0	0	0	6.46003e-007	1349.65	1558.14	1527.31
1557.12	1021.22	403	1.#QNAN	0	0.016	1	6.39663e-007	1358.28	1557.12	1526.42
1556.12	1020.61	404	1.#QNAN	0	0	0	6.36221e-007	1360.16	1556.12	1525.54
1555.08	1019.99	405	1.#QNAN	0	0.016	0	6.45471e-007	1341.49	1555.08	1524.63
1554.09	1019.39	406	1.#QNAN	0	0.015	0	6.22675e-007	1367.85	1554.09	1523.77
1553.08	1018.77	407	1.#QNAN	0	0	0	6.30133e-007	1345	1553.08	1522.88
1552.12	1018.2	408	1.#QNAN	0	0.016	0	6.26248e-007	1374.31	1552.12	1522.05
1551.13	1017.58	409	1.#QNAN	0	0	0	6.4825e-007	1357.98	1551.13	1521.19
1550.13	1016.98	410	1.#QNAN	0	0.015	0	6.66511e-007	1345.32	1550.13	1520.31
1549.2	1016.42	411	1.#QNAN	0	0	0	6.39393e-007	1367.66	1549.2	1519.5
1548.23	1015.81	412	1.#QNAN	0	0.016	0	6.32729e-007	1344.89	1548.23	1518.66
1547.28	1015.24	413	1.#QNAN	0	0.016	0	6.46826e-007	1349.68	1547.28	1517.82
1546.36	1014.65	414	1.#QNAN	0	0	0	6.41323e-007	1394.31	1546.36	1517.03
1545.47	1014.09	415	1.#QNAN	0	0.015	0	6.56399e-007	1368.86	1545.47	1516.26
1544.54	1013.54	416	1.#QNAN	0	0	0	6.59006e-007	1352.42	1544.54	1515.46
1543.65	1013	417	1.#QNAN	0	0.016	0	6.54797e-007	1358.1	1543.65	1514.69
1542.74	1012.45	418	1.#QNAN	0	0.015	0	6.50841e-007	1354.38	1542.74	1513.89
1541.85	1011.89	419	1.#QNAN	0	0	0	6.43186e-007	1369.21	1541.85	1513.13
1540.99	1011.35	420	1.#QNAN	0	0.016	0	6.12898e-007	1371.04	1540.99	1512.39
1540.07	1010.8	421	1.#QNAN	0	0	0	6.79718e-007	1337.12	1540.07	1511.58
1539.2	1010.27	422	1.#QNAN	0	0.016	0	6.69687e-007	1360.27	1539.2	1510.82
1538.35	1009.76	423	1.#QNAN	0	0	0	6.39695e-007	1363.27	1538.35	1510.09
1537.51	1009.22	424	1.#QNAN	0	0.015	0	6.4714e-007	1357.36	1537.51	1509.37
1536.62	1008.68	425	1.#QNAN	0	0.016	0	6.71825e-007	1337.1	1536.62	1508.6
1535.76	1008.14	426	1.#QNAN	0	0	0	6.43213e-007	1348	1535.76	1507.85
1534.92	1007.62	427	1.#QNAN	0	0.015	0	6.56499e-007	1357.19	1534.92	1507.11
1534.01	1007.08	428	1.#QNAN	0	0	0	6.61611e-007	1326.8	1534.01	1506.32
1533.11	1006.49	429	1.#QNAN	0	0.016	0	6.65924e-007	1333.34	1533.11	1505.53
1532.14	1005.91	430	1.#QNAN	0	0	0	6.58692e-007	1293.88	1532.14	1504.66
1531.28	1005.37	431	1.#QNAN	0	0.016	0	6.51193e-007	1342.43	1531.28	1503.91
1530.37	1004.81	432	1.#QNAN	0	0	0	6.50544e-007	1315.99	1530.37	1503.1
1529.47	1004.25	433	1.#QNAN	0	0.015	0	6.71797e-007	1320.77	1529.47	1502.3
1528.61	1003.7	434	1.#QNAN	0	0.016	0	6.83042e-007	1314.38	1528.61	1501.54
1527.73	1003.14	435	1.#QNAN	0	0	0	6.58119e-007	1306.16	1527.73	1500.76
1526.87	1002.62	436	1.#QNAN	0	0.015	0	6.63423e-007	1315.85	1526.87	1500
1526	1002.07	437	1.#QNAN	0	0	0	6.7643e-007	1301.23	1526	1499.23
1525.18	1001.56	438	1.#QNAN	0	0.016	0	6.46314e-007	1319.82	1525.18	1498.5
1524.38	1001.07	439	1.#QNAN	0	0	0	6.81023e-007	1328.11	1524.38	1497.79
1523.59	1000.56	440	1.#QNAN	0	0.016	0	6.72259e-007	1344.7	1523.59	1497.11
1522.74	1000.05	441	1.#QNAN	0	0.015	0	6.50327e-007	1309.95	1522.74	1496.35
1521.92	999.543	442	1.#QNAN	0	0	0	6.64836e-007	1324.45	1521.92	1495.63
1521.06	999.006	443	1.#QNAN	0	0.016	0	6.81018e-007	1298.63	1521.06	1494.86
1520.18	998.468	444	1.#QNAN	0	0	0	6.62285e-007	1299.89	1520.18	1494.08
1519.33	997.96	445	1.#QNAN	0	0.015	0	6.3858e-007	1319.64	1519.33	1493.32
1518.52	997.459	446	1.#QNAN	0	0.016	0	6.63805e-007	1338.41	1518.52	1492.61
1517.66	996.928	447	1.#QNAN	0	0	0	6.54843e-007	1302.49	1517.66	1491.83
1516.82	996.425	448	1.#QNAN	0	0.016	0	6.96513e-007	1310.27	1516.82	1491.08
1515.97	995.908	449	1.#QNAN	0	0	0	6.47565e-007	1304.39	1515.97	1490.32
1515.17	995.403	450	1.#QNAN	0	0.015	0	6.77054e-007	1324.07	1515.17	1489.62
1514.39	994.902	451	1.#QNAN	0	0	0	6.44388e-007	1323.27	1514.39	1488.92
1513.63	994.435	452	1.#QNAN	0	0.016	0	6.48772e-007	1339.35	1513.63	1488.26
1512.82	993.958	453	1.#QNAN	0	0.015	0	6.49672e-007	1312.39	1512.82	1487.54
1512.03	993.471	454	1.#QNAN	0	0	0	6.7129e-007	1320.32	1512.03	1486.83
1511.23	992.982	455	1.#QNAN	0	0.016	0	6.59251e-007	1320.24	1511.23	1486.13
1510.48	992.526	456	1.#QNAN	0	0	0	6.87048e-007	1329.71	1510.48	1485.46
1509.7	992.06	457	1.#QNAN	0	0.016	0	6.61759e-007	1322.93	1509.7	1484.78
1508.96	991.628	458	1.#QNAN	0	0.015	0	6.54413e-007	1332.1	1508.96	1484.11
1508.26	991.207	459	1.#QNAN	0	0	0	6.67067e-007	1355.75	1508.26	1483.51
1507.47	990.73	460	1.#QNAN	0	0.016	0	6.6e-007	1307.96	1507.47	1482.79
1506.77	990.317	461	1.#QNAN	0	0	0	6.56127e-007	1354.76	1506.77	1482.17
1505.99	989.843	462	1.#QNAN	0	0.015	0	6.58337e-007	1313.44	1505.99	1481.47
1505.2	989.384	463	1.#QNAN	0	0	0	6.70627e-007	1315.47	1505.2	1480.77
1504.44	988.896	464	1.#QNAN	0	0.016	0	6.70078e-007	1318.27	1504.44	1480.1
1503.69	988.435	465	1.#QNAN	0	0.016	0	6.4945e-007	1320.57	1503.69	1479.43
1502.94	987.986	466	1.#QNAN	0	0	0	6.50137e-007	1331.37	1502.94	1478.76
1502.2	987.545	467	1.#QNAN	0	0.015	0	6.76814e-007	1325.3	1502.2	1478.1
1501.52	987.108	468	1.#QNAN	0	0	0	6.55624e-007	1366.7	1501.52	1477.52
1500.79	986.668	469	1.#QNAN	0	0.016	0	6.5766e-007	1338.77	1500.79	1476.87
1500.06	986.215	470	1.#QNAN	0	0	0	6.72207e-007	1329.75	1500.06	1476.22
1499.35	985.76	471	1.#QNAN	0	0.015	0	6.6882e-007	1344.33	1499.35	1475.59
1498.61	985.3	472	1.#QNAN	0	0.016	0	6.78826e-007	1328.68	1498.61	1474.93
1497.9	984.858	473	1.#QNAN	0	0	0	6.73037e-007	1342.99	1497.9	1474.3
1497.19	984.43	474	1.#QNAN	0	0.016	0	6.62824e-007	1336.98	1497.19	1473.67
1496.48	984.004	475	1.#QNAN	0	0	0	6.46824e-007	1341.26	1496.48	1473.04
1495.73	983.555	476	1.#QNAN	0	0.015	0	6.85527e-007	1319.48	1495.73	1472.37
1495.01	983.133	477	1.#QNAN	0	0	0	6.79536e-007	1336.49	1495.01	1471.74
1494.3	982.682	478	1.#QNAN	0	0.016	0	6.76013e-007	1333.83	1494.3	1471.11
1493.62	982.294	479	1.#QNAN	0	0.015	0	6.70834e-007	1350.14	1493.62	1470.51
1492.9	981.856	480	1.#QNAN	0	0	0	6.63128e-007	1341.8	1492.9	1469.86
1492.19	981.434	481	1.#QNAN	0	0.016	0	6.65719e-007	1338.86	1492.19	1469.23
1491.5	981.033	482	1.#QNAN	0	0	0	6.77755e-007	1347.36	1491.5	1468.61
1490.82	980.629	483	1.#QNAN	0	0.016	0	6.6146e-007	1354.92	1490.82	1468
1490.09	980.202	484	1.#QNAN	0	0	0	6.59416e-007	1332.78	1490.09	1467.34
1489.44	979.824	485	1.#QNAN	0	0.015	0	6.682e-007	1366.33	1489.44	1466.76
1488.79	979.429	486	1.#QNAN	0	0.016	0	6.49642e-007	1352.42	1488.79	1466.19
1488.1	979.006	487	1.#QNAN	0	0	0	6.68587e-007	1333.41	1488.1	1465.57
1487.4	978.593	488	1.#QNAN	0	0.015	0	6.69196e-007	1336.51	1487.4	1464.94
1486.68	978.163	489	1.#QNAN	0	0	0	6.65661e-007	1316.57	1486.68	1464.29
1485.98	977.74	490	1.#QNAN	0	0.016	0	6.73754e-007	1316.9	1485.98	1463.66
1485.31	977.345	491	1.#QNAN	0	0	0	6.65654e-007	1341.18	1485.31	1463.07
1484.64	976.94	492	1.#QNAN	0	0.016	0	6.85994e-007	1325.41	1484.64	1462.47
1483.95	976.517	493	1.#QNAN	0	0.015	0	6.73164e-007	1324.29	1483.95	1461.85
1483.27	976.095	494	1.#QNAN	0	0	0	6.69327e-007	1326.32	1483.27	1461.25
1482.56	975.65	495	1.#QNAN	0	0.016	0	6.61942e-007	1307.73	1482.56	1460.6
1481.86	975.228	496	1.#QNAN	0	0	0	6.55826e-007	1309.71	1481.86	1459.97
1481.21	974.814	497	1.#QNAN	0	0.015	0	6.64605e-007	1333.68	1481.21	1459.39
1480.56	974.41	498	1.#QNAN	0	0	0	6.54112e-007	1312.39	1480.56	1458.8
1479.91	973.991	499	1.#QNAN	0	0.016	0	6.59958e-007	1335.22	1479.91	1458.22
1479.24	973.58	500	1.#QNAN	0	0.016	0	6.4693e-007	1328.33	1479.24	1457.62
1478.59	973.181	501	1.#QNAN	0	0	0	6.5394e-007	1338.16	1478.59	1457.03
1477.93	972.78	502	1.#QNAN	0	0.015	0	6.60201e-007	1337.88	1477.93	1456.44
1477.25	972.373	503	1.#QNAN	0	0	0	6.76987e-007	1327.17	1477.25	1455.82
1476.55	971.952	504	1.#QNAN	0	0.016	0	6.82141e-007	1323.84	1476.55	1455.19
1475.91	971.557	505	1.#QNAN	0	0	0	6.75131e-007	1364.41	1475.91	1454.62
1475.28	971.191	506	1.#QNAN	0	0.015	0	6.64842e-007	1369.53	1475.28	1454.05
1474.59	970.789	507	1.#QNAN	0	0.016	0	6.65084e-007	1335.16	1474.59	1453.42
1473.92	970.392	508	1.#QNAN	0	0	0	6.72637e-007	1323.5	1473.92	1452.81
1473.26	969.99	509	1.#QNAN	0	0.016	0	6.68423e-007	1353.56	1473.26	1452.22
1472.59	969.581	510	1.#QNAN	0	0	0	6.59907e-007	1332.2	1472.59	1451.62
1471.97	969.192	511	1.#QNAN	0	0.015	0	6.73572e-007	1354.83	1471.97	1451.06
1471.33	968.799	512	1.#QNAN	0	0	0	6.72528e-007	1335.76	1471.33	1450.49
1470.69	968.389	513	1.#QNAN	0	0.016	0	6.84852e-007	1320.77	1470.69	1449.91
1470.06	968.006	514	1.#QNAN	0	0.015	1	6.81011e-007	1334.81	1470.06	1449.34
1469.44	967.615	515	1.#QNAN	0	0	0	6.63308e-007	1331.25	1469.44	1448.78
1468.82	967.213	516	1.#QNAN	0	0.016	0	6.70974e-007	1346.94	1468.82	1448.23
1468.19	966.787	517	1.#QNAN	0	0	0	6.84078e-007	1335.71	1468.19	1447.66
1467.57	966.379	518	1.#QNAN	0	0.016	0	6.53736e-007	1329.08	1467.57	1447.11
1466.95	965.992	519	1.#QNAN	0	0.015	0	6.82687e-007	1318.4	1466.95	1446.55
1466.33	965.59	520	1.#QNAN	0	0	0	6.81253e-007	1339.25	1466.33	1446
1465.71	965.21	521	1.#QNAN	0	0.016	0	6.73603e-007	1330.91	1465.71	1445.44
1465.14	964.833	522	1.#QNAN	0	0	0	7.027e-007	1361.77	1465.14	1444.94
1464.54	964.465	523	1.#QNAN	0	0.015	0	6.87144e-007	1337.58	1464.54	1444.4
1463.92	964.081	524	1.#QNAN	0	0	0	6.7444e-007	1332.37	1463.92	1443.85
1463.37	963.726	525	1.#QNAN	0	0.016	0	6.69079e-007	1354.04	1463.37	1443.37
1462.8	963.352	526	1.#QNAN	0	0	0	6.84255e-007	1353.36	1462.8	1442.86
1462.23	962.977	527	1.#QNAN	0	0.016	0	6.58155e-007	1364.31	1462.23	1442.35
1461.64	962.604	528	1.#QNAN	0	0.015	0	6.71557e-007	1330.81	1461.64	1441.83
1461.03	962.205	529	1.#QNAN	0	0	0	6.90941e-007	1335.93	1461.03	1441.28
1460.45	961.834	530	1.#QNAN	0	0.016	0	6.84876e-007	1341.12	1460.45	1440.76
1459.88	961.472	531	1.#QNAN	0	0	0	6.71393e-007	1357.84	1459.88	1440.26
1459.3	961.09	532	1.#QNAN	0	0.015	0	7.06525e-007	1337.66	1459.3	1439.74
1458.71	960.706	533	1.#QNAN	0	0	0	6.62953e-007	1326.95	1458.71	1439.21
1458.16	960.349	534	1.#QNAN	0	0.016	0	6.51688e-007	1351.48	1458.16	1438.72
1457.6	959.987	535	1.#QNAN	0	0.016	0	6.69781e-007	1347.23	1457.6	1438.23
1457.02	959.621	536	1.#QNAN	0	0	0	6.87355e-007	1328.42	1457.02	1437.71
1456.46	959.267	537	1.#QNAN	0	0.015	0	6.76445e-007	1345.76	1456.46	1437.21
1455.9	958.902	538	1.#QNAN	0	0	0	6.63873e-007	1342.86	1455.9	1436.7
1455.34	958.544	539	1.#QNAN	0	0.016	0	6.72519e-007	1346.62	1455.34	1436.21
1454.78	958.176	540	1.#QNAN	0	0	0	6.77545e-007	1340.66	1454.78	1435.7
1454.24	957.843	541	1.#QNAN	0	0.015	0	6.78148e-007	1369.63	1454.24	1435.23
1453.7	957.466	542	1.#QNAN	0	0.016	0	6.70249e-007	1363.8	1453.7	1434.74
1453.14	957.113	543	1.#QNAN	0	0	0	6.86838e-007	1347.07	1453.14	1434.25
1452.6	956.754	544	1.#QNAN	0	0.016	0	6.73101e-007	1361.47	1452.6	1433.77
1452.03	956.407	545	1.#QNAN	0	0	0	6.73163e-007	1321.68	1452.03	1433.25
1451.5	956.061	546	1.#QNAN	0	0.015	0	6.65126e-007	1350.74	1451.5	1432.78
1450.98	955.715	547	1.#QNAN	0	0	0	6.66022e-007	1363.56	1450.98	1432.31
1450.45	955.375	548	1.#QNAN	0	0.016	0	6.96363e-007	1368.03	1450.45	1431.83
1449.92	955.031	549	1.#QNAN	0	0	0	6.86401e-007	1360.49	1449.92	1431.37
1449.39	954.676	550	1.#QNAN	0	0.015	0	6.9978e-007	1345.55	1449.39	1430.89
1448.85	954.323	551	1.#QNAN	0	0.016	0	6.90963e-007	1336.79	1448.85	1430.4
1448.34	953.997	552	1.#QNAN	0	0	0	6.88242e-007	1345.27	1448.34	1429.95
1447.83	953.652	553	1.#QNAN	0	0.016	0	6.8991e-007	1369.11	1447.83	1429.5
1447.29	953.292	554	1.#QNAN	0	0	0	7.02871e-007	1347.3	1447.29	1429.01
1446.8	952.973	555	1.#QNAN	0	0.015	0	6.88717e-007	1369.17	1446.8	1428.58
1446.28	952.635	556	1.#QNAN	0	0.016	0	6.62627e-007	1343.63	1446.28	1428.11
1445.81	952.315	557	1.#QNAN	0	0	0	6.49865e-007	1371.05	1445.81	1427.68
1445.29	951.979	558	1.#QNAN	0	0.015	0	6.60316e-007	1343.31	1445.29	1427.22
1444.78	951.646	559	1.#QNAN	0	0	0	6.71335e-007	1348.37	1444.78	1426.76
1444.26	951.311	560	1.#QNAN	0	0.016	0	6.66243e-007	1343.25	1444.26	1426.3
1443.74	950.967	561	1.#QNAN	0	0	0	6.8131e-007	1344.39	1443.74	1425.82
1443.22	950.619	562	1.#QNAN	0	0.016	0	6.9273e-007	1340.4	1443.22	1425.36
1442.73	950.273	563	1.#QNAN	0	0.015	0	7.05436e-007	1336.3	1442.73	1424.91
1442.22	949.946	564	1.#QNAN	0	0	0	6.79176e-007	1327.87	1442.22	1424.46
1441.73	949.619	565	1.#QNAN	0	0.016	0	7.1123e-007	1336.6	1441.73	1424.02
1441.21	949.277	566	1.#QNAN	0	0	0	6.8501e-007	1335.64	1441.21	1423.55
1440.7	948.936	567	1.#QNAN	0	0.015	0	6.85491e-007	1326.09	1440.7	1423.09
1440.18	948.602	568	1.#QNAN	0	0	0	6.87435e-007	1336.83	1440.18	1422.62
1439.63	948.248	569	1.#QNAN	0	0.016	0	6.8886e-007	1319.35	1439.63	1422.12
1439.12	947.9	570	1.#QNAN	0	0.016	0	6.89933e-007	1351.89	1439.12	1421.66
1438.58	947.537	571	1.#QNAN	0	0	0	6.92116e-007	1355.5	1438.58	1421.17
1438.07	947.203	572	1.#QNAN	0	0.015	0	7.09385e-007	1341.62	1438.07	1420.71
1437.59	946.901	573	1.#QNAN	0	0	0	6.63356e-007	1356.68	1437.59	1420.28
1437.14	946.592	574	1.#QNAN	0	0.016	0	6.89961e-007	1367.07	1437.14	1419.88
1436.66	946.271	575	1.#QNAN	0	0	0	6.88214e-007	1346.86	1436.66	1419.44
1436.19	945.968	576	1.#QNAN	0	0.015	0	6.84243e-007	1364.99	1436.19	1419.01
1435.73	945.656	577	1.#QNAN	0	0	0	6.61464e-007	1365.11	1435.73	1418.6
1435.28	945.368	578	1.#QNAN	0	0.016	0	7.06596e-007	1368.79	1435.28	1418.2
1434.77	945.04	579	1.#QNAN	0	0.016	0	6.83585e-007	1338.5	1434.77	1417.73
1434.32	944.754	580	1.#QNAN	0	0	0	6.86464e-007	1371.28	1434.32	1417.32
1433.83	944.434	581	1.#QNAN	0	0.015	0	6.8129e-007	1364.29	1433.83	1416.88
1433.38	944.122	582	1.#QNAN	0	0	0	6.94208e-007	1369.61	1433.38	1416.47
1432.9	943.81	583	1.#QNAN	0	0.016	0	6.87061e-007	1347.62	1432.9	1416.03
1432.46	943.512	584	1.#QNAN	0	0.015	0	6.81293e-007	1385.52	1432.46	1415.64
1432.01	943.198	585	1.#QNAN	0	0	0	6.77792e-007	1383.38	1432.01	1415.23
1431.58	942.896	586	1.#QNAN	0	0.016	0	6.77887e-007	1383.94	1431.58	1414.84
1431.12	942.592	587	1.#QNAN	0	0	0	6.8884e-007	1361.77	1431.12	1414.43
1430.71	942.319	588	1.#QNAN	0	0.016	0	7.30719e-007	1381.75	1430.71	1414.07
1430.31	942.037	589	1.#QNAN	0	0	0	6.97844e-007	1370.77	1430.31	1413.7
1429.88	941.736	590	1.#QNAN	0	0.015	0	6.7178e-007	1376.8	1429.88	1413.32
1429.49	941.46	591	1.#QNAN	0	0.016	0	7.18362e-007	1381.37	1429.49	1412.97
1429.02	941.138	592	1.#QNAN	0	0	0	7.05624e-007	1338.84	1429.02	1412.55
1428.55	940.817	593	1.#QNAN	0	0.015	0	6.88172e-007	1327.75	1428.55	1412.11
1428.09	940.513	594	1.#QNAN	0	0	0	6.97175e-007	1337.29	1428.09	1411.7
1427.66	940.21	595	1.#QNAN	0	0.016	0	6.83689e-007	1356.33	1427.66	1411.3
1427.2	939.911	596	1.#QNAN	0	0	0	6.932e-007	1349.17	1427.2	1410.89
1426.76	939.611	597	1.#QNAN	0	0.016	0	6.80337e-007	1349.96	1426.76	1410.49
1426.33	939.291	598	1.#QNAN	0	0.015	0	6.68821e-007	1340.7	1426.33	1410.11
1425.89	938.978	599	1.#QNAN	0	0	0	6.77319e-007	1344.13	1425.89	1409.71
1425.43	938.65	600	1.#QNAN	0	0.016	0	6.99178e-007	1331.71	1425.43	1409.29
1424.98	938.331	601	1.#QNAN	0	0	0	6.96215e-007	1341.64	1424.98	1408.89
1424.53	937.989	602	1.#QNAN	0	0.015	0	6.95801e-007	1344.21	1424.53	1408.48
1424.1	937.674	603	1.#QNAN	0	0	0	6.87735e-007	1345.16	1424.1	1408.09
1423.7	937.371	604	1.#QNAN	0	0.016	0	6.8789e-007	1363.28	1423.7	1407.73
1423.3	937.071	605	1.#QNAN	0	0.016	0	6.83482e-007	1366.67	1423.3	1407.38
1422.92	936.786	606	1.#QNAN	0	0	0	6.84643e-007	1374.31	1422.92	1407.04
1422.51	936.488	607	1.#QNAN	0	0.015	0	6.98055e-007	1363.57	1422.51	1406.68
1422.08	936.183	608	1.#QNAN	0	0	0	7.04678e-007	1351.47	1422.08	1406.29
1421.65	935.853	609	1.#QNAN	0	0.016	0	6.94174e-007	1359.46	1421.65	1405.9
1421.25	935.547	610	1.#QNAN	0	0	0	6.88357e-007	1378.52	1421.25	1405.54
1420.78	935.24	611	1.#QNAN	0	0.015	0	7.0259e-007	1327.88	1420.78	1405.12
1420.35	934.939	612	1.#QNAN	0	0.016	0	6.94403e-007	1350.25	1420.35	1404.72
1419.92	934.646	613	1.#QNAN	0	0	0	7.22236e-007	1359.71	1419.92	1404.33
1419.51	934.343	614	1.#QNAN	0	0.016	0	6.97954e-007	1375.54	1419.51	1403.96
1419.1	934.052	615	1.#QNAN	0	0	0	7.18716e-007	1366.34	1419.1	1403.59
1418.68	933.739	616	1.#QNAN	0	0.015	0	6.9495e-007	1358.79	1418.68	1403.21
1418.25	933.43	617	1.#QNAN	0	0	0	6.88953e-007	1355.03	1418.25	1402.82
1417.84	933.148	618	1.#QNAN	0	0.016	0	6.87099e-007	1362.59	1417.84	1402.45
1417.4	932.826	619	1.#QNAN	0	0.015	0	6.92178e-007	1353.51	1417.4	1402.05
1417	932.545	620	1.#QNAN	0	0	0	7.07027e-007	1348.38	1417	1401.68
1416.56	932.228	621	1.#QNAN	0	0.016	0	6.8272e-007	1359.31	1416.56	1401.29
1416.16	931.928	622	1.#QNAN	0	0	0	7.00258e-007	1356.71	1416.16	1400.91
1415.75	931.632	623	1.#QNAN	0	0.016	0	6.89716e-007	1358.98	1415.75	1400.54
1415.33	931.332	624	1.#QNAN	0	0	0	7.06943e-007	1349.26	1415.33	1400.16
1414.93	931.052	625	1.#QNAN	0	0.015	0	7.00965e-007	1356.56	1414.93	1399.8
1414.54	930.76	626	1.#QNAN	0	0.016	1	7.13149e-007	1349.35	1414.54	1399.44
1414.13	930.457	627	1.#QNAN	0	0	0	6.99256e-007	1358.7	1414.13	1399.08
1413.7	930.153	628	1.#QNAN	0	0.015	0	6.99981e-007	1342.09	1413.7	1398.68
1413.32	929.877	629	1.#QNAN	0	0	0	7.02088e-007	1375.06	1413.32	1398.34
1412.9	929.58	630	1.#QNAN	0	0.016	0	7.25193e-007	1350.67	1412.9	1397.95
1412.51	929.315	631	1.#QNAN	0	0	0	7.1334e-007	1362.87	1412.51	1397.6
1412.08	929.028	632	1.#QNAN	0	0.016	0	6.9812e-007	1319.26	1412.08	1397.2
1411.66	928.742	633	1.#QNAN	0	0.015	0	7.1445e-007	1329.65	1411.66	1396.81
1411.22	928.445	634	1.#QNAN	0	0	0	6.98895e-007	1326.23	1411.22	1396.41
1410.81	928.174	635	1.#QNAN	0	0.016	0	7.05868e-007	1342.87	1410.81	1396.04
1410.38	927.891	636	1.#QNAN	0	0	0	7.13055e-007	1330.56	1410.38	1395.64
1409.94	927.617	637	1.#QNAN	0	0.015	0	6.95022e-007	1327.26	1409.94	1395.23
1409.51	927.355	638	1.#QNAN	0	0	0	7.1328e-007	1328.67	1409.51	1394.84
1409.08	927.074	639	1.#QNAN	0	0.016	0	7.15843e-007	1327.48	1409.08	1394.44
1408.68	926.815	640	1.#QNAN	0	0.016	0	6.93336e-007	1338.93	1408.68	1394.07
1408.25	926.541	641	1.#QNAN	0	0	0	7.04109e-007	1323.37	1408.25	1393.68
1407.84	926.283	642	1.#QNAN	0	0.015	0	7.0059e-007	1345.26	1407.84	1393.3
1407.45	926.037	643	1.#QNAN	0	0	0	6.99752e-007	1350.77	1407.45	1392.94
1407.03	925.751	644	1.#QNAN	0	0.016	0	7.09239e-007	1333.15	1407.03	1392.55
1406.61	925.481	645	1.#QNAN	0	0	0	7.15629e-007	1345.57	1406.61	1392.16
1406.19	925.206	646	1.#QNAN	0	0.015	0	6.93589e-007	1347.35	1406.19	1391.77
1405.75	924.927	647	1.#QNAN	0	0.016	0	7.18217e-007	1332.89	1405.75	1391.36
1405.36	924.665	648	1.#QNAN	0	0	0	7.05967e-007	1357.45	1405.36	1391
1404.94	924.408	649	1.#QNAN	0	0.016	0	7.11206e-007	1359.64	1404.94	1390.61
1404.52	924.138	650	1.#QNAN	0	0	0	7.14643e-007	1350.82	1404.52	1390.22
1404.04	923.841	651	1.#QNAN	0	0.015	0	7.05479e-007	1330.88	1404.04	1389.77
1403.59	923.559	652	1.#QNAN	0	0	0	6.81796e-007	1328.85	1403.59	1389.35
1403.15	923.288	653	1.#QNAN	0	0.016	0	7.00542e-007	1337.38	1403.15	1388.94
1402.7	923.003	654	1.#QNAN	0	0	0	7.01393e-007	1332.83	1402.7	1388.52
1402.23	922.718	655	1.#QNAN	0	0.015	0	7.11767e-007	1351.65	1402.23	1388.08
1401.81	922.451	656	1.#QNAN	0	0.016	0	6.76793e-007	1348.48	1401.81	1387.68
1401.39	922.188	657	1.#QNAN	0	0	0	6.96347e-007	1353.86	1401.39	1387.29
1400.95	921.912	658	1.#QNAN	0	0.016	0	6.9442e-007	1357.09	1400.95	1386.88
1400.52	921.639	659	1.#QNAN	0	0	0	6.95619e-007	1371.57	1400.52	1386.48
1400.09	921.362	660	1.#QNAN	0	0.015	0	7.10768e-007	1356.18	1400.09	1386.08
1399.67	921.094	661	1.#QNAN	0	0	0	7.15256e-007	1360.26	1399.67	1385.69
1399.26	920.833	662	1.#QNAN	0	0.016	0	7.07507e-007	1364.72	1399.26	1385.3
1398.87	920.574	663	1.#QNAN	0	0.015	0	7.02819e-007	1374.68	1398.87	1384.94
1398.47	920.31	664	1.#QNAN	0	0	0	7.15732e-007	1348.95	1398.47	1384.57
1398.09	920.052	665	1.#QNAN	0	0.016	0	7.20904e-007	1364.44	1398.09	1384.22
1397.68	919.785	666	1.#QNAN	0	0.016	0	7.08844e-007	1351.66	1397.68	1383.84
1397.28	919.53	667	1.#QNAN	0	0.015	0	6.68903e-007	1338.51	1397.28	1383.47
1396.9	919.282	668	1.#QNAN	0	0	0	7.24153e-007	1346.66	1396.9	1383.11
1396.53	919.037	669	1.#QNAN	0	0.016	0	6.96359e-007	1341.99	1396.53	1382.77
1396.15	918.789	670	1.#QNAN	0	0	0	7.09398e-007	1357.25	1396.15	1382.42
1395.77	918.535	671	1.#QNAN	0	0.016	0	7.19143e-007	1347.93	1395.77	1382.07
1395.4	918.293	672	1.#QNAN	0	0.015	0	7.0452e-007	1352.34	1395.4	1381.72
1395.03	918.054	673	1.#QNAN	0	0	0	6.97144e-007	1371.98	1395.03	1381.37
1394.65	917.804	674	1.#QNAN	0	0.016	0	7.07115e-007	1366.68	1394.65	1381.02
1394.3	917.568	675	1.#QNAN	0	0	0	7.0229e-007	1377.33	1394.3	1380.7
1393.92	917.324	676	1.#QNAN	0	0.015	0	6.8265e-007	1353.18	1393.92	1380.35
1393.55	917.085	677	1.#QNAN	0	0	0	6.9427e-007	1347.95	1393.55	1380
1393.17	916.827	678	1.#QNAN	0	0.016	0	7.09201e-007	1337.71	1393.17	1379.65
1392.79	916.555	679	1.#QNAN	0	0.016	0	7.29753e-007	1314.85	1392.79	1379.29
1392.42	916.301	680	1.#QNAN	0	0	0	7.22873e-007	1325.02	1392.42	1378.95
1392.08	916.077	681	1.#QNAN	0	0.015	0	7.22606e-007	1337.63	1392.08	1378.64
1391.73	915.839	682	1.#QNAN	0	0	0	7.31381e-007	1345.14	1391.73	1378.32
1391.36	915.59	683	1.#QNAN	0	0.016	0	7.35976e-007	1330.31	1391.36	1377.98
1390.99	915.346	684	1.#QNAN	0	0	0	7.25084e-007	1317.79	1390.99	1377.64
1390.64	915.107	685	1.#QNAN	0	0.015	0	7.0455e-007	1316.32	1390.64	1377.31
1390.32	914.891	686	1.#QNAN	0	0.016	0	7.2118e-007	1331.39	1390.32	1377.01
1389.98	914.653	687	1.#QNAN	0	0	0	7.177e-007	1314.64	1389.98	1376.69
1389.66	914.42	688	1.#QNAN	0	0.016	0	7.36714e-007	1340.82	1389.66	1376.4
1389.34	914.191	689	1.#QNAN	0	0	0	7.12506e-007	1334.19	1389.34	1376.11
1389.05	913.973	690	1.#QNAN	0	0.015	0	7.34677e-007	1336.19	1389.05	1375.85
1388.76	913.771	691	1.#QNAN	0	0	0	7.12628e-007	1354.53	1388.76	1375.59
1388.48	913.548	692	1.#QNAN	0	0.016	0	7.36825e-007	1339.79	1388.48	1375.33
1388.18	913.335	693	1.#QNAN	0	0	0	7.27539e-007	1354.57	1388.18	1375.07
1387.89	913.137	694	1.#QNAN	0	0.015	0	7.30953e-007	1348.7	1387.89	1374.8
1387.64	912.951	695	1.#QNAN	0	0.016	0	7.21662e-007	1384.45	1387.64	1374.58
1387.37	912.744	696	1.#QNAN	0	0	0	7.30399e-007	1374.19	1387.37	1374.34
1387.08	912.541	697	1.#QNAN	0	0.016	0	7.14105e-007	1356.25	1387.08	1374.08
1386.81	912.343	698	1.#QNAN	0	0	0	7.17853e-007	1362.77	1386.81	1373.83
1386.54	912.141	699	1.#QNAN	0	0.015	0	6.96628e-007	1366.9	1386.54	1373.59
1386.23	911.916	700	1.#QNAN	0	0	0	7.39048e-007	1341.71	1386.23	1373.31
1385.91	911.681	701	1.#QNAN	0	0.016	0	7.02229e-007	1327.27	1385.91	1373.02
1385.62	911.463	702	1.#QNAN	0	0.015	0	7.00349e-007	1358.02	1385.62	1372.76
1385.35	911.264	703	1.#QNAN	0	0	0	6.95202e-007	1373.13	1385.35	1372.51
1385.07	911.051	704	1.#QNAN	0	0.016	0	7.4874e-007	1363.91	1385.07	1372.27
1384.79	910.837	705	1.#QNAN	0	0	0	7.3205e-007	1353.38	1384.79	1372.01
1384.52	910.637	706	1.#QNAN	0	0.016	0	7.26623e-007	1365.36	1384.52	1371.76
1384.23	910.436	707	1.#QNAN	0	0.015	0	7.1429e-007	1360.2	1384.23	1371.51
1383.95	910.239	708	1.#QNAN	0	0	0	7.3803e-007	1349.13	1383.95	1371.25
1383.67	910.051	709	1.#QNAN	0	0.016	0	7.02078e-007	1354.1	1383.67	1371
1383.38	909.851	710	1.#QNAN	0	0	0	7.2146e-007	1357.08	1383.38	1370.73
1383.09	909.652	711	1.#QNAN	0	0.015	0	6.93571e-007	1343.15	1383.09	1370.47
1382.78	909.426	712	1.#QNAN	0	0	0	7.5284e-007	1314.64	1382.78	1370.19
1382.47	909.205	713	1.#QNAN	0	0.016	0	7.41392e-007	1330.88	1382.47	1369.91
1382.18	908.996	714	1.#QNAN	0	0.016	0	7.19855e-007	1358.4	1382.18	1369.64
1381.87	908.78	715	1.#QNAN	0	0	0	7.73172e-007	1332.15	1381.87	1369.35
1381.58	908.566	716	1.#QNAN	0	0.015	0	6.96659e-007	1335.85	1381.58	1369.09
1381.27	908.35	717	1.#QNAN	0	0	0	7.37309e-007	1335.12	1381.27	1368.81
1380.99	908.144	718	1.#QNAN	0	0.016	0	7.22114e-007	1365.51	1380.99	1368.55
1380.68	907.936	719	1.#QNAN	0	0	0	7.06381e-007	1369.96	1380.68	1368.26
1380.39	907.751	720	1.#QNAN	0	0.015	0	7.34107e-007	1401.29	1380.39	1368
1380.09	907.542	721	1.#QNAN	0	0	0	7.38558e-007	1366.66	1380.09	1367.72
1379.78	907.333	722	1.#QNAN	0	0.016	0	7.23192e-007	1353.16	1379.78	1367.44
1379.5	907.126	723	1.#QNAN	0	0.016	0	7.04229e-007	1358.05	1379.5	1367.18
1379.2	906.916	724	1.#QNAN	0	0	0	7.08941e-007	1360.98	1379.2	1366.91
1378.91	906.709	725	1.#QNAN	0	0.015	0	7.28495e-007	1348.35	1378.91	1366.64
1378.62	906.488	726	1.#QNAN	0	0	0	7.424e-007	1363.88	1378.62	1366.38
1378.36	906.294	727	1.#QNAN	0	0.016	0	7.33472e-007	1374.22	1378.36	1366.14
1378.09	906.098	728	1.#QNAN	0	0	0	7.29972e-007	1376.67	1378.09	1365.9
1377.84	905.917	729	1.#QNAN	0	0.015	0	6.95642e-007	1381.36	1377.84	1365.68
1377.55	905.715	730	1.#QNAN	0	0.016	0	7.25166e-007	1344.28	1377.55	1365.41
1377.32	905.534	731	1.#QNAN	0	0	0	7.34529e-007	1376.69	1377.32	1365.19
1377.04	905.312	732	1.#QNAN	0	0.016	0	7.24093e-007	1355.44	1377.04	1364.94
1376.76	905.097	733	1.#QNAN	0	0	0	6.94024e-007	1347.6	1376.76	1364.68
1376.51	904.899	734	1.#QNAN	0	0.015	1	6.83628e-007	1364.9	1376.51	1364.46
1376.26	904.708	735	1.#QNAN	0	0	0	7.51006e-007	1373.78	1376.26	1364.23
1376.02	904.513	736	1.#QNAN	0	0.016	0	7.5634e-007	1378.2	1376.02	1364.02
1375.77	904.315	737	1.#QNAN	0	0.015	0	7.18005e-007	1370.04	1375.77	1363.79
1375.51	904.103	738	1.#QNAN	0	0	0	7.17318e-007	1364.17	1375.51	1363.56
1375.23	903.876	739	1.#QNAN	0	0.016	0	7.05084e-007	1334.06	1375.23	1363.3
1374.98	903.683	740	1.#QNAN	0	0	0	7.13828e-007	1345.77	1374.98	1363.08
1374.72	903.471	741	1.#QNAN	0	0.016	0	7.19144e-007	1337.64	1374.72	1362.85
1374.46	903.257	742	1.#QNAN	0	0	0	7.07139e-007	1341.8	1374.46	1362.61
1374.22	903.072	743	1.#QNAN	0	0.015	0	7.38949e-007	1345	1374.22	1362.39
1374	902.88	744	1.#QNAN	0	0	0	7.39535e-007	1378.95	1374	1362.2
1373.8	902.695	745	1.#QNAN	0	0.016	0	7.50671e-007	1404.57	1373.8	1362.02
1373.55	902.49	746	1.#QNAN	0	0.015	0	7.32357e-007	1365.57	1373.55	1361.8
1373.3	902.285	747	1.#QNAN	0	0	0	7.10987e-007	1355.46	1373.3	1361.57
1373.07	902.085	748	1.#QNAN	0	0.016	0	7.22708e-007	1392.63	1373.07	1361.37
1372.86	901.89	749	1.#QNAN	0	0	0	7.30062e-007	1412.08	1372.86	1361.18
1372.61	901.687	750	1.#QNAN	0	0.016	0	7.07216e-007	1382.32	1372.61	1360.95
1372.35	901.485	751	1.#QNAN	0	0.015	0	7.21999e-007	1404.03	1372.35	1360.72
1372.08	901.273	752	1.#QNAN	0	0	0	7.42909e-007	1383.95	1372.08	1360.47
1371.82	901.059	753	1.#QNAN	0	0.016	0	7.11761e-007	1399.91	1371.82	1360.24
1371.59	900.874	754	1.#QNAN	0	0	0	7.1151e-007	1420.52	1371.59	1360.02
1371.32	900.676	755	1.#QNAN	0	0.015	0	7.1081e-007	1382.38	1371.32	1359.78
1371.06	900.474	756	1.#QNAN	0	0	0	7.36438e-007	1391.57	1371.06	1359.54
1370.79	900.258	757	1.#QNAN	0	0.016	0	7.29246e-007	1361.51	1370.79	1359.29
1370.52	900.056	758	1.#QNAN	0	0.016	0	7.17671e-007	1376.67	1370.52	1359.05
1370.25	899.827	759	1.#QNAN	0	0	0	6.88124e-007	1369.41	1370.25	1358.8
1370.01	899.629	760	1.#QNAN	0	0.015	0	7.21e-007	1375.23	1370.01	1358.58
1369.74	899.416	761	1.#QNAN	0	0	0	7.29377e-007	1364.44	1369.74	1358.34
1369.5	899.224	762	1.#QNAN	0	0.016	0	7.15735e-007	1372.1	1369.5	1358.12
1369.24	899.023	763	1.#QNAN	0	0	0	7.32021e-007	1372.31	1369.24	1357.89
1369	898.815	764	1.#QNAN	0	0.015	0	7.15698e-007	1378.15	1369	1357.67
1368.74	898.613	765	1.#QNAN	0	0.016	0	7.27754e-007	1371.64	1368.74	1357.44
1368.5	898.414	766	1.#QNAN	0	0	0	7.13224e-007	1377.51	1368.5	1357.22
1368.25	898.205	767	1.#QNAN	0	0.016	0	7.17151e-007	1374.42	1368.25	1356.99
1368	897.999	768	1.#QNAN	0	0	0	7.22441e-007	1357.77	1368	1356.76
1367.73	897.79	769	1.#QNAN	0	0.015	0	7.15628e-007	1361.65	1367.73	1356.52
1367.47	897.589	770	1.#QNAN	0	0	0	7.26707e-007	1355.49	1367.47	1356.28
1367.22	897.4	771	1.#QNAN	0	0.016	0	7.39171e-007	1365.48	1367.22	1356.05
1366.97	897.201	772	1.#QNAN	0	0.015	0	7.36248e-007	1365.52	1366.97	1355.82
1366.76	897.016	773	1.#QNAN	0	0	0	7.19752e-007	1387.31	1366.76	1355.63
1366.51	896.813	774	1.#QNAN	0	0.016	0	7.40401e-007	1353.99	1366.51	1355.4
1366.3	896.634	775	1.#QNAN	0	0	0	7.30354e-007	1380.86	1366.3	1355.21
1366.05	896.436	776	1.#QNAN	0	0.016	0	7.35129e-007	1356.97	1366.05	1354.99
1365.82	896.237	777	1.#QNAN	0	0	0	7.27389e-007	1351	1365.82	1354.77
1365.58	896.038	778	1.#QNAN	0	0	0	7.66285e-007	1335.47	1365.58	1354.56
1365.36	895.853	779	1.#QNAN	0	0.016	0	7.42851e-007	1356.13	1365.36	1354.36
1365.15	895.678	780	1.#QNAN	0	0	0	7.15304e-007	1362.04	1365.15	1354.17
1364.93	895.494	781	1.#QNAN	0	0.015	0	7.12754e-007	1344.96	1364.93	1353.98
1364.68	895.296	782	1.#QNAN	0	0	0	7.32356e-007	1330.95	1364.68	1353.75
1364.45	895.108	783	1.#QNAN	0	0.016	0	7.40531e-007	1331.35	1364.45	1353.54
1364.2	894.913	784	1.#QNAN	0	0	0	7.11901e-007	1313.32	1364.2	1353.32
1363.96	894.717	785	1.#QNAN	0	0.016	0	7.2484e-007	1328.92	1363.96	1353.09
1363.73	894.509	786	1.#QNAN	0	0.015	0	7.18076e-007	1339.2	1363.73	1352.89
1363.51	894.331	787	1.#QNAN	0	0	0	7.70939e-007	1343.07	1363.51	1352.68
1363.26	894.145	788	1.#QNAN	0	0.016	0	7.1517e-007	1312.97	1363.26	1352.45
1363.02	893.959	789	1.#QNAN	0	0	0	7.27035e-007	1318.34	1363.02	1352.23
1362.77	893.761	790	1.#QNAN	0	0.015	0	7.37346e-007	1310.46	1362.77	1352
1362.53	893.568	791	1.#QNAN	0	0	0	7.41002e-007	1327.71	1362.53	1351.79
1362.28	893.382	792	1.#QNAN	0	0.016	0	7.15183e-007	1324.97	1362.28	1351.56
1362.01	893.193	793	1.#QNAN	0	0	0	7.44379e-007	1307.3	1362.01	1351.3
1361.75	892.989	794	1.#QNAN	0	0.016	0	7.37072e-007	1316.78	1361.75	1351.07
1361.5	892.799	795	1.#QNAN	0	0.015	0	6.9825e-007	1315.1	1361.5	1350.85
1361.24	892.594	796	1.#QNAN	0	0	0	7.34261e-007	1298.59	1361.24	1350.6
1361.01	892.403	797	1.#QNAN	0	0.016	0	7.4315e-007	1343.82	1361.01	1350.4
1360.77	892.21	798	1.#QNAN	0	0	0	7.56932e-007	1312.54	1360.77	1350.17
1360.51	892.009	799	1.#QNAN	0	0.015	0	7.22462e-007	1311.38	1360.51	1349.94
1360.26	891.821	800	1.#QNAN	0	0	0	7.26992e-007	1307.35	1360.26	1349.71
1360.02	891.641	801	1.#QNAN	0	0.016	0	7.60963e-007	1314.6	1360.02	1349.49
1359.77	891.457	802	1.#QNAN	0	0.016	0	7.30005e-007	1295.59	1359.77	1349.25
1359.54	891.278	803	1.#QNAN	0	0	0	7.62874e-007	1325.34	1359.54	1349.05
1359.3	891.088	804	1.#QNAN	0	0.015	0	7.4977e-007	1311.07	1359.3	1348.82
1359.09	890.924	805	1.#QNAN	0	0	0	7.41944e-007	1335.27	1359.09	1348.64
1358.88	890.749	806	1.#QNAN	0	0.016	0	7.67202e-007	1320.48	1358.88	1348.45
1358.64	890.569	807	1.#QNAN	0	0	0	7.09663e-007	1320.28	1358.64	1348.23
1358.39	890.369	808	1.#QNAN	0	0.015	0	7.53215e-007	1297.65	1358.39	1348.01
1358.19	890.207	809	1.#QNAN	0	0	0	7.48001e-007	1314.27	1358.19	1347.82
1357.98	890.051	810	1.#QNAN	0	0	0	7.44473e-007	1326.37	1357.98	1347.63
1357.78	889.897	811	1.#QNAN	0	0.016	0	7.33682e-007	1352.21	1357.78	1347.46
1357.56	889.733	812	1.#QNAN	0	0	0	7.07288e-007	1325.47	1357.56	1347.26
1357.36	889.565	813	1.#QNAN	0	0.015	0	7.42414e-007	1332.82	1357.36	1347.08
1357.17	889.408	814	1.#QNAN	0	0	0	7.52863e-007	1338.21	1357.17	1346.9
1356.96	889.243	815	1.#QNAN	0	0.016	0	7.44255e-007	1322.58	1356.96	1346.72
1356.74	889.072	816	1.#QNAN	0	0	0	7.60522e-007	1316.91	1356.74	1346.51
1356.52	888.9	817	1.#QNAN	0	0.015	0	7.25575e-007	1306.66	1356.52	1346.31
1356.3	888.733	818	1.#QNAN	0	0.016	0	7.1733e-007	1311.79	1356.3	1346.12
1356.09	888.563	819	1.#QNAN	0	0	0	7.30604e-007	1312.08	1356.09	1345.92
1355.87	888.387	820	1.#QNAN	0	0.016	0	7.11909e-007	1294.71	1355.87	1345.72
1355.66	888.234	821	1.#QNAN	0	0	0	7.3069e-007	1310.19	1355.66	1345.54
1355.45	888.075	822	1.#QNAN	0	0.015	0	7.4497e-007	1298.83	1355.45	1345.34
1355.24	887.918	823	1.#QNAN	0	0	0	7.36416e-007	1317.69	1355.24	1345.16
1355.03	887.749	824	1.#QNAN	0	0.016	0	7.54937e-007	1308.9	1355.03	1344.96
1354.81	887.579	825	1.#QNAN	0	0.015	0	7.35465e-007	1299.71	1354.81	1344.77
1354.58	887.411	826	1.#QNAN	0	0	0	7.52129e-007	1304.56	1354.58	1344.56
1354.36	887.241	827	1.#QNAN	0	0.016	0	7.16461e-007	1300.69	1354.36	1344.35
1354.13	887.082	828	1.#QNAN	0	0	0	7.4263e-007	1304.34	1354.13	1344.15
1353.9	886.913	829	1.#QNAN	0	0.016	0	7.26956e-007	1301.62	1353.9	1343.93
1353.69	886.751	830	1.#QNAN	0	0.015	0	7.36956e-007	1318.91	1353.69	1343.74
1353.47	886.579	831	1.#QNAN	0	0	0	7.52045e-007	1310.13	1353.47	1343.54
1353.25	886.411	832	1.#QNAN	0	0.016	0	7.31512e-007	1313.39	1353.25	1343.34
1353.04	886.26	833	1.#QNAN	0	0	0	7.48818e-007	1311.54	1353.04	1343.15
1352.82	886.096	834	1.#QNAN	0	0.015	0	7.36092e-007	1300.85	1352.82	1342.94
1352.57	885.911	835	1.#QNAN	0	0.016	0	7.69593e-007	1288.06	1352.57	1342.71
1352.35	885.749	836	1.#QNAN	0	0	0	7.47943e-007	1312.19	1352.35	1342.52
1352.14	885.593	837	1.#QNAN	0	0.016	0	7.56985e-007	1313.57	1352.14	1342.32
1351.93	885.443	838	1.#QNAN	0	0	0	7.48737e-007	1308.21	1351.93	1342.13
1351.73	885.286	839	1.#QNAN	0	0.015	0	7.67591e-007	1305.41	1351.73	1341.95
1351.53	885.145	840	1.#QNAN	0	0.016	0	7.28443e-007	1310.46	1351.53	1341.76
1351.29	884.986	841	1.#QNAN	0	0	0	7.71514e-007	1281.2	1351.29	1341.55
1351.07	884.817	842	1.#QNAN	0	0.015	0	7.07395e-007	1314.65	1351.07	1341.34
1350.86	884.663	843	1.#QNAN	0	0	0	7.49681e-007	1302.29	1350.86	1341.14
1350.62	884.5	844	1.#QNAN	0	0.016	0	7.51051e-007	1307.62	1350.62	1340.93
1350.41	884.348	845	1.#QNAN	0	0.016	1	7.18436e-007	1318.9	1350.41	1340.74
1350.17	884.184	846	1.#QNAN	0	0	0	7.40199e-007	1279.42	1350.17	1340.51
1349.95	884.017	847	1.#QNAN	0	0.015	0	7.68828e-007	1298.15	1349.95	1340.31
1349.72	883.862	848	1.#QNAN	0	0	0	7.63123e-007	1298.85	1349.72	1340.1
1349.51	883.704	849	1.#QNAN	0	0.016	0	7.21749e-007	1319.65	1349.51	1339.91
1349.32	883.568	850	1.#QNAN	0	0	0	7.53947e-007	1328.61	1349.32	1339.73
1349.09	883.407	851	1.#QNAN	0	0.015	0	7.36408e-007	1302.64	1349.09	1339.52
1348.88	883.261	852	1.#QNAN	0	0.016	0	7.66812e-007	1308.09	1348.88	1339.32
1348.68	883.109	853	1.#QNAN	0	0	0	7.43534e-007	1312.49	1348.68	1339.14
1348.48	882.965	854	1.#QNAN	0	0.016	0	7.73529e-007	1313.68	1348.48	1338.96
1348.26	882.804	855	1.#QNAN	0	0	0	7.2042e-007	1305.01	1348.26	1338.76
1348.03	882.635	856	1.#QNAN	0	0.015	0	7.38295e-007	1293.78	1348.03	1338.54
1347.83	882.485	857	1.#QNAN	0	0	0	7.44508e-007	1325.58	1347.83	1338.36
1347.61	882.334	858	1.#QNAN	0	0.016	0	7.43552e-007	1314.82	1347.61	1338.16
1347.42	882.189	859	1.#QNAN	0	0.015	0	7.35819e-007	1317.8	1347.42	1337.98
1347.22	882.047	860	1.#QNAN	0	0	0	7.28047e-007	1320.54	1347.22	1337.8
1347.02	881.892	861	1.#QNAN	0	0.016	0	7.41938e-007	1317.51	1347.02	1337.62
1346.8	881.735	862	1.#QNAN	0	0	0	7.49961e-007	1300.22	1346.8	1337.42
1346.6	881.588	863	1.#QNAN	0	0.016	0	7.53725e-007	1314.76	1346.6	1337.24
1346.41	881.444	864	1.#QNAN	0	0	0	7.56125e-007	1323.74	1346.41	1337.06
1346.21	881.293	865	1.#QNAN	0	0.015	0	7.28919e-007	1311.22	1346.21	1336.88
1346.02	881.159	866	1.#QNAN	0	0	0	7.32525e-007	1328.3	1346.02	1336.7
1345.82	881.016	867	1.#QNAN	0	0.016	0	7.45054e-007	1305.12	1345.82	1336.53
1345.61	880.867	868	1.#QNAN	0	0.015	0	7.37048e-007	1291.1	1345.61	1336.33
1345.41	880.732	869	1.#QNAN	0	0	0	7.38832e-007	1305.46	1345.41	1336.14
1345.23	880.601	870	1.#QNAN	0	0.016	0	7.59082e-007	1308.79	1345.23	1335.98
1345.01	880.45	871	1.#QNAN	0	0	0	7.34908e-007	1287.68	1345.01	1335.78
1344.81	880.316	872	1.#QNAN	0	0.016	0	7.32314e-007	1303.78	1344.81	1335.6
1344.6	880.166	873	1.#QNAN	0	0	0	7.89497e-007	1294.28	1344.6	1335.4
1344.36	880.018	874	1.#QNAN	0	0.015	0	7.25347e-007	1271.26	1344.36	1335.18
1344.13	879.855	875	1.#QNAN	0	0.016	0	7.28391e-007	1293.86	1344.13	1334.96
1343.89	879.707	876	1.#QNAN	0	0	0	7.51093e-007	1290.76	1343.89	1334.74
1343.65	879.544	877	1.#QNAN	0	0.015	0	7.30359e-007	1293.92	1343.65	1334.52
1343.45	879.403	878	1.#QNAN	0	0	0	7.56923e-007	1309.51	1343.45	1334.33
1343.23	879.259	879	1.#QNAN	0	0.016	0	7.5362e-007	1315.16	1343.23	1334.13
1343.02	879.113	880	1.#QNAN	0	0	0	7.34258e-007	1297.18	1343.02	1333.93
1342.81	878.961	881	1.#QNAN	0	0.016	0	7.34257e-007	1303.09	1342.81	1333.74
1342.61	878.819	882	1.#QNAN	0	0.015	0	7.57296e-007	1294.05	1342.61	1333.55
1342.4	878.664	883	1.#QNAN	0	0	0	7.76784e-007	1288.02	1342.4	1333.36
1342.18	878.513	884	1.#QNAN	0	0.016	0	7.40841e-007	1288.54	1342.18	1333.15
1341.97	878.37	885	1.#QNAN	0	0	0	7.34373e-007	1297.51	1341.97	1332.96
1341.76	878.231	886	1.#QNAN	0	0.015	0	7.64817e-007	1301.46	1341.76	1332.76
1341.52	878.082	887	1.#QNAN	0	0	0	7.42261e-007	1268.75	1341.52	1332.54
1341.3	877.939	888	1.#QNAN	0	0.016	0	7.64392e-007	1279.19	1341.3	1332.33
1341.07	877.787	889	1.#QNAN	0	0.016	0	7.20477e-007	1284.09	1341.07	1332.12
1340.85	877.627	890	1.#QNAN	0	0	0	7.43124e-007	1280.74	1340.85	1331.91
1340.62	877.49	891	1.#QNAN	0	0.015	0	7.33291e-007	1274.8	1340.62	1331.7
1340.41	877.359	892	1.#QNAN	0	0	0	7.42913e-007	1290.54	1340.41	1331.5
1340.2	877.225	893	1.#QNAN	0	0.016	0	7.62711e-007	1287.31	1340.2	1331.31
1340	877.093	894	1.#QNAN	0	0.015	0	7.57615e-007	1286.09	1340	1331.13
1339.79	876.96	895	1.#QNAN	0	0	0	7.39075e-007	1275.6	1339.79	1330.93
1339.57	876.826	896	1.#QNAN	0	0.016	0	7.57017e-007	1283.3	1339.57	1330.73
1339.34	876.687	897	1.#QNAN	0	0.016	0	7.29203e-007	1264.24	1339.34	1330.52
1339.15	876.569	898	1.#QNAN	0	0	0	7.6216e-007	1279.52	1339.15	1330.34
1338.95	876.442	899	1.#QNAN	0	0.015	0	7.41654e-007	1279.08	1338.95	1330.15
1338.75	876.321	900	1.#QNAN	0	0	0	7.47341e-007	1281.87	1338.75	1329.97
1338.54	876.181	901	1.#QNAN	0	0.016	0	7.43333e-007	1280.05	1338.54	1329.77
1338.34	876.06	902	1.#QNAN	0	0.015	0	7.31024e-007	1278.62	1338.34	1329.59
1338.12	875.915	903	1.#QNAN	0	0	0	7.54279e-007	1276.32	1338.12	1329.38
1337.92	875.787	904	1.#QNAN	0	0.016	0	7.52351e-007	1275.04	1337.92	1329.2
1337.71	875.655	905	1.#QNAN	0	0	0	7.4416e-007	1272.6	1337.71	1329.01
1337.51	875.524	906	1.#QNAN	0	0.016	0	7.44392e-007	1270.48	1337.51	1328.82
1337.31	875.394	907	1.#QNAN	0	0	0	7.48858e-007	1278.99	1337.31	1328.64
1337.11	875.263	908	1.#QNAN	0	0.015	0	7.61615e-007	1274.71	1337.11	1328.45
1336.91	875.135	909	1.#QNAN	0	0.016	0	7.4394e-007	1279.86	1336.91	1328.27
1336.7	874.995	910	1.#QNAN	0	0	0	7.4726e-007	1270.09	1336.7	1328.07
1336.49	874.863	911	1.#QNAN	0	0.015	0	7.39992e-007	1262.69	1336.49	1327.87
1336.28	874.738	912	1.#QNAN	0	0	0	7.19774e-007	1272.84	1336.28	1327.68
1336.09	874.609	913	1.#QNAN	0	0.016	0	7.35018e-007	1273.13	1336.09	1327.5
1335.89	874.484	914	1.#QNAN	0	0	0	7.4284e-007	1277.23	1335.89	1327.32
1335.69	874.353	915	1.#QNAN	0	0.016	0	7.74387e-007	1279.3	1335.69	1327.14
1335.51	874.235	916	1.#QNAN	0	0	0	7.26992e-007	1274.36	1335.51	1326.97
1335.31	874.114	917	1.#QNAN	0	0.015	0	7.3218e-007	1271.58	1335.31	1326.79
1335.11	873.993	918	1.#QNAN	0	0.016	0	7.26009e-007	1268.21	1335.11	1326.6
1334.91	873.866	919	1.#QNAN	0	0	0	7.44984e-007	1253.48	1334.91	1326.41
1334.73	873.75	920	1.#QNAN	0	0.015	0	7.36874e-007	1278.75	1334.73	1326.24
1334.52	873.629	921	1.#QNAN	0	0	0	7.39812e-007	1263.09	1334.52	1326.04
1334.31	873.502	922	1.#QNAN	0	0.016	0	7.34981e-007	1267.48	1334.31	1325.85
1334.1	873.374	923	1.#QNAN	0	0	0	7.58702e-007	1246.24	1334.1	1325.65
1333.89	873.242	924	1.#QNAN	0	0.016	0	7.4907e-007	1253.18	1333.89	1325.46
1333.68	873.117	925	1.#QNAN	0	0	0	7.39601e-007	1263.68	1333.68	1325.26
1333.47	872.986	926	1.#QNAN	0	0.015	0	7.35997e-007	1260.26	1333.47	1325.06
1333.26	872.863	927	1.#QNAN	0	0.016	0	7.76923e-007	1263.38	1333.26	1324.87
1333.04	872.722	928	1.#QNAN	0	0	0	7.58459e-007	1250.03	1333.04	1324.66
1332.85	872.599	929	1.#QNAN	0	0.015	0	7.4593e-007	1270.45	1332.85	1324.48
1332.62	872.456	930	1.#QNAN	0	0	0	7.20559e-007	1247.61	1332.62	1324.26
1332.43	872.339	931	1.#QNAN	0	0.016	0	7.32891e-007	1252.29	1332.43	1324.09
1332.24	872.222	932	1.#QNAN	0	0	0	7.20297e-007	1256.34	1332.24	1323.91
1332.04	872.102	933	1.#QNAN	0	0.016	0	7.42894e-007	1259.15	1332.04	1323.73
1331.85	871.983	934	1.#QNAN	0	0.015	0	7.32062e-007	1255.13	1331.85	1323.55
1331.64	871.849	935	1.#QNAN	0	0	0	6.99737e-007	1250.96	1331.64	1323.36
1331.45	871.725	936	1.#QNAN	0	0.016	0	7.09907e-007	1246.5	1331.45	1323.18
1331.27	871.612	937	1.#QNAN	0	0	0	7.47756e-007	1262.36	1331.27	1323.01
1331.1	871.496	938	1.#QNAN	0	0.015	0	7.35511e-007	1275.12	1331.1	1322.86
1330.94	871.381	939	1.#QNAN	0	0	0	7.5789e-007	1277.64	1330.94	1322.71
1330.75	871.242	940	1.#QNAN	0	0.016	0	7.63123e-007	1243.91	1330.75	1322.53
1330.54	871.108	941	1.#QNAN	0	0.016	0	7.46461e-007	1243.11	1330.54	1322.34
1330.36	870.976	942	1.#QNAN	0	0	0	7.59085e-007	1262.82	1330.36	1322.17
1330.18	870.847	943	1.#QNAN	0	0.015	0	7.30493e-007	1259.48	1330.18	1322.01
1330	870.716	944	1.#QNAN	0	0	0	7.23529e-007	1271.6	1330	1321.84
1329.83	870.589	945	1.#QNAN	0	0.016	0	7.52291e-007	1280.6	1329.83	1321.68
1329.65	870.465	946	1.#QNAN	0	0	0	7.39701e-007	1261.43	1329.65	1321.52
1329.47	870.33	947	1.#QNAN	0	0.015	0	7.4397e-007	1266.41	1329.47	1321.35
1329.31	870.204	948	1.#QNAN	0	0.016	0	7.33204e-007	1280.91	1329.31	1321.2
1329.14	870.083	949	1.#QNAN	0	0	0	7.43175e-007	1283.52	1329.14	1321.05
1328.99	869.969	950	1.#QNAN	0	0.016	0	7.40749e-007	1288.47	1328.99	1320.91
1328.84	869.858	951	1.#QNAN	0	0	0	7.39876e-007	1284.08	1328.84	1320.78
1328.68	869.742	952	1.#QNAN	0	0.015	0	7.51057e-007	1277.56	1328.68	1320.64
1328.53	869.624	953	1.#QNAN	0	0	0	7.34865e-007	1276.27	1328.53	1320.5
1328.41	869.52	954	1.#QNAN	0	0.016	0	7.49678e-007	1301.97	1328.41	1320.39
1328.26	869.413	955	1.#QNAN	0	0	0	7.42065e-007	1295.72	1328.26	1320.26
1328.13	869.304	956	1.#QNAN	0	0.015	0	7.56881e-007	1298.36	1328.13	1320.14
1328.01	869.195	957	1.#QNAN	0	0.016	1	7.36631e-007	1314.58	1328.01	1320.03
1327.88	869.082	958	1.#QNAN	0	0	0	7.55697e-007	1310.95	1327.88	1319.92
1327.73	868.958	959	1.#QNAN	0	0.016	0	7.13565e-007	1285.68	1327.73	1319.78
1327.57	868.846	960	1.#QNAN	0	0	0	7.21124e-007	1284.73	1327.57	1319.64
1327.45	868.743	961	1.#QNAN	0	0.016	0	7.11547e-007	1309.23	1327.45	1319.53
1327.33	868.641	962	1.#QNAN	0	0	0	7.54503e-007	1305.52	1327.33	1319.42
1327.2	868.533	963	1.#QNAN	0	0.016	0	7.60427e-007	1305.87	1327.2	1319.31
1327.07	868.433	964	1.#QNAN	0	0	0	7.36327e-007	1297.43	1327.07	1319.2
1326.94	868.313	965	1.#QNAN	0	0.015	0	7.46971e-007	1296.01	1326.94	1319.08
1326.81	868.207	966	1.#QNAN	0	0.016	0	7.4962e-007	1319.46	1326.81	1318.97
1326.7	868.103	967	1.#QNAN	0	0	0	7.13628e-007	1313.55	1326.7	1318.86
1326.56	867.988	968	1.#QNAN	0	0.016	0	7.78017e-007	1284.02	1326.56	1318.73
1326.4	867.863	969	1.#QNAN	0	0	0	7.5066e-007	1272.81	1326.4	1318.6
1326.25	867.737	970	1.#QNAN	0	0.015	0	7.52806e-007	1281.9	1326.25	1318.46
1326.1	867.615	971	1.#QNAN	0	0	0	7.49866e-007	1280.07	1326.1	1318.32
1325.95	867.493	972	1.#QNAN	0	0.016	0	7.51616e-007	1270.73	1325.95	1318.18
1325.78	867.358	973	1.#QNAN	0	0	0	7.57414e-007	1263.25	1325.78	1318.03
1325.63	867.237	974	1.#QNAN	0	0.015	0	7.44107e-007	1278.02	1325.63	1317.89
1325.49	867.125	975	1.#QNAN	0	0.016	0	7.59994e-007	1296.15	1325.49	1317.77
1325.34	867	976	1.#QNAN	0	0	0	7.37769e-007	1268.83	1325.34	1317.63
1325.21	866.887	977	1.#QNAN	0	0.016	0	7.68164e-007	1287.64	1325.21	1317.51
1325.05	866.759	978	1.#QNAN	0	0	0	7.51245e-007	1269.61	1325.05	1317.37
1324.91	866.646	979	1.#QNAN	0	0.015	0	7.59393e-007	1278.11	1324.91	1317.24
1324.75	866.517	980	1.#QNAN	0	0	0	7.51299e-007	1265.27	1324.75	1317.09
1324.6	866.394	981	1.#QNAN	0	0.016	0	7.52299e-007	1272.4	1324.6	1316.95
1324.44	866.266	982	1.#QNAN	0	0.015	0	7.59246e-007	1264.97	1324.44	1316.81
1324.31	866.146	983	1.#QNAN	0	0	0	7.29094e-007	1291.49	1324.31	1316.69
1324.16	866.015	984	1.#QNAN	0	0.016	0	7.3483e-007	1275.34	1324.16	1316.55
1324.02	865.9	985	1.#QNAN	0	0	0	7.35501e-007	1280.65	1324.02	1316.43
1323.89	865.799	986	1.#QNAN	0	0.016	0	7.51658e-007	1284.35	1323.89	1316.32
1323.75	865.675	987	1.#QNAN	0	0	0	7.07748e-007	1275.74	1323.75	1316.18
1323.61	865.551	988	1.#QNAN	0	0.015	0	7.6412e-007	1272.91	1323.61	1316.06
1323.46	865.436	989	1.#QNAN	0	0	0	7.57574e-007	1260.48	1323.46	1315.92
1323.33	865.328	990	1.#QNAN	0	0	0	7.6166e-007	1287.47	1323.33	1315.8
1323.22	865.232	991	1.#QNAN	0	0.015	0	7.34305e-007	1308.84	1323.22	1315.71
1323.08	865.127	992	1.#QNAN	0	0	0	7.29738e-007	1270.41	1323.08	1315.57
1322.96	865.031	993	1.#QNAN	0	0.016	0	7.40868e-007	1293.21	1322.96	1315.48
1322.83	864.921	994	1.#QNAN	0	0	0	7.44641e-007	1282.92	1322.83	1315.35
1322.7	864.81	995	1.#QNAN	0	0.016	0	7.52567e-007	1277.75	1322.7	1315.23
1322.6	864.715	996	1.#QNAN	0	0.015	0	7.48576e-007	1302.63	1322.6	1315.14
1322.49	864.613	997	1.#QNAN	0	0	0	7.5625e-007	1297.3	1322.49	1315.04
1322.37	864.511	998	1.#QNAN	0	0.016	0	7.78886e-007	1289.03	1322.37	1314.94
1322.24	864.397	999	1.#QNAN	0	0	0	7.42726e-007	1281.38	1322.24	1314.82
1322.14	864.311	1000	1.#QNAN	0	0.015	0	7.78703e-007	1305.67	1322.14	1314.73
1322.04	864.215	1001	1.#QNAN	0	0.016	0	7.70007e-007	1312.43	1322.04	1314.64
1321.91	864.105	1002	1.#QNAN	0	0	0	7.71958e-007	1277.09	1321.91	1314.52
1321.79	864.007	1003	1.#QNAN	0	0.016	0	7.75526e-007	1284.56	1321.79	1314.42
1321.65	863.899	1004	1.#QNAN	0	0	0	7.52662e-007	1276.64	1321.65	1314.29
1321.52	863.795	1005	1.#QNAN	0	0.015	0	7.48735e-007	1283.53	1321.52	1314.18
1321.39	863.681	1006	1.#QNAN	0	0	0	8.01624e-007	1273.4	1321.39	1314.05
1321.26	863.576	1007	1.#QNAN	0	0.016	0	7.40958e-007	1280.55	1321.26	1313.94
1321.13	863.466	1008	1.#QNAN	0	0.015	0	7.6577e-007	1278.07	1321.13	1313.81
1320.99	863.349	1009	1.#QNAN	0	0	0	7.42089e-007	1285.96	1320.99	1313.69
1320.86	863.234	1010	1.#QNAN	0	0.016	0	7.45429e-007	1275.84	1320.86	1313.57
1320.74	863.124	1011	1.#QNAN	0	0	0	7.53543e-007	1283.58	1320.74	1313.46
1320.63	863.024	1012	1.#QNAN	0	0.016	0	7.53795e-007	1301.72	1320.63	1313.36
1320.49	862.91	1013	1.#QNAN	0	0.015	0	7.4817e-007	1285.52	1320.49	1313.23
1320.37	862.801	1014	1.#QNAN	0	0	0	7.64888e-007	1283.12	1320.37	1313.12
1320.24	862.685	1015	1.#QNAN	0	0.016	0	7.72335e-007	1289.92	1320.24	1313.01
1320.1	862.56	1016	1.#QNAN	0	0	0	7.59577e-007	1295.6	1320.1	1312.88
1319.94	862.425	1017	1.#QNAN	0	0.015	0	7.69538e-007	1256.14	1319.94	1312.73
1319.79	862.311	1018	1.#QNAN	0	0.016	0	7.46965e-007	1278.95	1319.79	1312.59
1319.66	862.21	1019	1.#QNAN	0	0	0	7.44396e-007	1272.66	1319.66	1312.47
1319.53	862.105	1020	1.#QNAN	0	0.016	0	7.45401e-007	1284.57	1319.53	1312.35
1319.4	861.999	1021	1.#QNAN	0	0	0	7.6348e-007	1292.44	1319.4	1312.23
1319.25	861.888	1022	1.#QNAN	0	0.015	0	7.62843e-007	1255.51	1319.25	1312.1
1319.11	861.775	1023	1.#QNAN	0	0	0	7.42182e-007	1265.16	1319.11	1311.96
1318.98	861.672	1024	1.#QNAN	0	0.016	0	7.73739e-007	1278.51	1318.98	1311.85
1318.85	861.562	1025	1.#QNAN	0	0	0	7.64446e-007	1272.71	1318.85	1311.72
1318.72	861.455	1026	1.#QNAN	0	0.015	0	7.6362e-007	1276.05	1318.72	1311.6
1318.59	861.343	1027	1.#QNAN	0	0.016	0	7.48997e-007	1283.43	1318.59	1311.49
1318.46	861.237	1028	1.#QNAN	0	0	0	7.50247e-007	1274.46	1318.46	1311.37
1318.35	861.137	1029	1.#QNAN	0	0.016	0	7.5647e-007	1299.05	1318.35	1311.27
1318.23	861.031	1030	1.#QNAN	0	0	0	7.58151e-007	1283.24	1318.23	1311.16
1318.13	860.947	1031	1.#QNAN	0	0.015	0	7.59115e-007	1308.33	1318.13	1311.07
1318.03	860.861	1032	1.#QNAN	0	0.016	0	7.51495e-007	1305.9	1318.03	1310.98
1317.92	860.766	1033	1.#QNAN	0	0	0	7.4005e-007	1311.16	1317.92	1310.89
1317.83	860.671	1034	1.#QNAN	0	0.015	0	7.96274e-007	1311.22	1317.83	1310.81
1317.72	860.572	1035	1.#QNAN	0	0	0	7.31201e-007	1296.18	1317.72	1310.71
1317.61	860.474	1036	1.#QNAN	0	0.016	0	7.4261e-007	1302.51	1317.61	1310.61
1317.51	860.374	1037	1.#QNAN	0	0	0	7.40053e-007	1297.68	1317.51	1310.52
1317.39	860.269	1038	1.#QNAN	0	0.016	0	7.40022e-007	1305.43	1317.39	1310.42
1317.29	860.163	1039	1.#QNAN	0	0	0	7.477e-007	1300.02	1317.29	1310.33
1317.17	860.057	1040	1.#QNAN	0	0.015	0	7.38732e-007	1297.89	1317.17	1310.22
1317.07	859.965	1041	1.#QNAN	0	0.016	0	7.54332e-007	1301.74	1317.07	1310.13
1316.96	859.866	1042	1.#QNAN	0	0	0	7.81767e-007	1300.85	1316.96	1310.03
1316.85	859.77	1043	1.#QNAN	0	0.015	0	7.83321e-007	1314.17	1316.85	1309.94
1316.75	859.669	1044	1.#QNAN	0	0	0	7.64481e-007	1296.34	1316.75	1309.85
1316.65	859.576	1045	1.#QNAN	0	0.016	0	7.66457e-007	1309.61	1316.65	1309.76
1316.55	859.48	1046	1.#QNAN	0	0	0	7.63743e-007	1305.86	1316.55	1309.67
1316.44	859.382	1047	1.#QNAN	0	0.016	0	7.30374e-007	1312.44	1316.44	1309.58
1316.34	859.285	1048	1.#QNAN	0	0.015	0	7.58674e-007	1302.59	1316.34	1309.49
1316.24	859.185	1049	1.#QNAN	0	0	0	7.43888e-007	1315.12	1316.24	1309.4
1316.11	859.078	1050	1.#QNAN	0	0.016	0	7.49679e-007	1278.82	1316.11	1309.28
1315.99	858.985	1051	1.#QNAN	0	0	0	7.42368e-007	1272.39	1315.99	1309.17
1315.87	858.877	1052	1.#QNAN	0	0.015	0	7.50995e-007	1281.35	1315.87	1309.06
1315.74	858.758	1053	1.#QNAN	0	0.016	0	7.23594e-007	1282.64	1315.74	1308.94
1315.63	858.666	1054	1.#QNAN	0	0	0	7.37416e-007	1301.36	1315.63	1308.84
1315.52	858.568	1055	1.#QNAN	0	0.016	0	7.51229e-007	1297.32	1315.52	1308.75
1315.42	858.469	1056	1.#QNAN	0	0	0	7.32055e-007	1294.29	1315.42	1308.65
1315.33	858.377	1057	1.#QNAN	0	0.015	0	7.58249e-007	1306.3	1315.33	1308.57
1315.22	858.281	1058	1.#QNAN	0	0	0	7.39524e-007	1295.21	1315.22	1308.48
1315.13	858.195	1059	1.#QNAN	0	0.016	0	7.70588e-007	1301.8	1315.13	1308.4
1315.03	858.097	1060	1.#QNAN	0	0.015	0	7.59141e-007	1302.77	1315.03	1308.31
1314.92	857.999	1061	1.#QNAN	0	0	0	7.55234e-007	1280.48	1314.92	1308.21
1314.83	857.917	1062	1.#QNAN	0	0.016	0	7.70427e-007	1313.67	1314.83	1308.13
1314.73	857.832	1063	1.#QNAN	0	0	0	7.5295e-007	1304.57	1314.73	1308.05
1314.61	857.728	1064	1.#QNAN	0	0.016	0	7.51075e-007	1282.8	1314.61	1307.94
1314.51	857.629	1065	1.#QNAN	0	0	0	7.61909e-007	1306.24	1314.51	1307.85
1314.42	857.542	1066	1.#QNAN	0	0.015	0	7.67142e-007	1304.96	1314.42	1307.76
1314.31	857.451	1067	1.#QNAN	0	0.016	0	7.33139e-007	1293.21	1314.31	1307.67
1314.19	857.36	1068	1.#QNAN	0	0	0	7.71718e-007	1272.05	1314.19	1307.56
1314.09	857.27	1069	1.#QNAN	0	0.015	1	7.50684e-007	1284.85	1314.09	1307.46
1313.99	857.179	1070	1.#QNAN	0	0	0	7.48768e-007	1298.62	1313.99	1307.38
1313.88	857.086	1071	1.#QNAN	0	0.016	0	7.4045e-007	1289.72	1313.88	1307.28
1313.77	856.997	1072	1.#QNAN	0	0	0	7.36606e-007	1275.69	1313.77	1307.18
1313.66	856.907	1073	1.#QNAN	0	0.016	0	7.66966e-007	1290.74	1313.66	1307.08
1313.53	856.813	1074	1.#QNAN	0	0.015	0	7.5882e-007	1266.26	1313.53	1306.96
1313.42	856.722	1075	1.#QNAN	0	0	0	7.70719e-007	1291.75	1313.42	1306.86
1313.3	856.628	1076	1.#QNAN	0	0.016	0	7.68311e-007	1260.02	1313.3	1306.75
1313.18	856.535	1077	1.#QNAN	0	0	0	7.44556e-007	1265.44	1313.18	1306.64
1313.06	856.435	1078	1.#QNAN	0	0.015	0	7.31553e-007	1258.84	1313.06	1306.52
1312.92	856.324	1079	1.#QNAN	0	0	0	7.49834e-007	1250.8	1312.92	1306.39
1312.78	856.212	1080	1.#QNAN	0	0.016	0	7.62103e-007	1249.36	1312.78	1306.26
1312.67	856.108	1081	1.#QNAN	0	0.016	0	7.23439e-007	1275.37	1312.67	1306.16
1312.55	856.008	1082	1.#QNAN	0	0	0	7.54491e-007	1269.64	1312.55	1306.05
1312.44	855.916	1083	1.#QNAN	0	0.015	0	7.56136e-007	1300.01	1312.44	1305.96
1312.32	855.811	1084	1.#QNAN	0	0	0	7.64902e-007	1279.64	1312.32	1305.85
1312.2	855.696	1085	1.#QNAN	0	0.016	0	7.31907e-007	1270.44	1312.2	1305.73
1312.08	855.59	1086	1.#QNAN	0	0	0	7.41801e-007	1272.35	1312.08	1305.62
1311.97	855.488	1087	1.#QNAN	0	0.015	0	7.47342e-007	1283.46	1311.97	1305.53
1311.86	855.389	1088	1.#QNAN	0	0.016	0	7.71609e-007	1288.63	1311.86	1305.42
1311.73	855.278	1089	1.#QNAN	0	0	0	7.35115e-007	1283.84	1311.73	1305.31
1311.62	855.168	1090	1.#QNAN	0	0.016	0	7.78083e-007	1298.28	1311.62	1305.2
1311.51	855.065	1091	1.#QNAN	0	0	0	7.66344e-007	1280.52	1311.51	1305.1
1311.4	854.964	1092	1.#QNAN	0	0.015	0	7.5245e-007	1299.05	1311.4	1305
1311.28	854.854	1093	1.#QNAN	0	0	0	7.20664e-007	1269.36	1311.28	1304.88
1311.17	854.75	1094	1.#QNAN	0	0.016	0	7.64884e-007	1299.19	1311.17	1304.79
1311.06	854.64	1095	1.#QNAN	0	0.015	0	7.55152e-007	1293.22	1311.06	1304.68
1310.94	854.526	1096	1.#QNAN	0	0	0	7.46244e-007	1291.9	1310.94	1304.58
1310.83	854.421	1097	1.#QNAN	0	0.016	0	7.5665e-007	1303.98	1310.83	1304.48
1310.74	854.327	1098	1.#QNAN	0	0	0	7.77464e-007	1303.44	1310.74	1304.39
1310.61	854.214	1099	1.#QNAN	0	0.016	0	7.24444e-007	1291.63	1310.61	1304.27
1310.48	854.106	1100	1.#QNAN	0	0	0	7.76938e-007	1270.1	1310.48	1304.15
1310.36	853.996	1101	1.#QNAN	0	0.015	0	7.60077e-007	1274.93	1310.36	1304.04
1310.25	853.886	1102	1.#QNAN	0	0.016	0	7.17955e-007	1291.05	1310.25	1303.94
1310.12	853.779	1103	1.#QNAN	0	0	0	7.74534e-007	1263.89	1310.12	1303.82
1310	853.674	1104	1.#QNAN	0	0.015	0	7.35365e-007	1281.2	1310	1303.71
1309.87	853.564	1105	1.#QNAN	0	0	0	7.72777e-007	1264.35	1309.87	1303.59
1309.75	853.459	1106	1.#QNAN	0	0.016	0	7.78209e-007	1281.28	1309.75	1303.48
1309.63	853.36	1107	1.#QNAN	0	0.016	0	7.54872e-007	1269	1309.63	1303.37
1309.51	853.255	1108	1.#QNAN	0	0	0	7.46434e-007	1276.66	1309.51	1303.26
1309.39	853.148	1109	1.#QNAN	0	0.015	0	7.55846e-007	1282.42	1309.39	1303.15
1309.26	853.033	1110	1.#QNAN	0	0	0	7.53197e-007	1263.47	1309.26	1303.03
1309.13	852.926	1111	1.#QNAN	0	0.016	0	7.48262e-007	1271.07	1309.13	1302.91
1309.02	852.826	1112	1.#QNAN	0	0	0	7.37737e-007	1281.13	1309.02	1302.81
1308.91	852.725	1113	1.#QNAN	0	0	0	7.60766e-007	1273.63	1308.91	1302.7
1308.8	852.626	1114	1.#QNAN	0	0.016	0	7.79292e-007	1278.71	1308.8	1302.6
1308.69	852.525	1115	1.#QNAN	0	0	0	7.75528e-007	1290.02	1308.69	1302.5
1308.58	852.42	1116	1.#QNAN	0	0.016	0	7.36159e-007	1286.99	1308.58	1302.4
1308.48	852.338	1117	1.#QNAN	0	0	0	7.51221e-007	1312.73	1308.48	1302.31
1308.36	852.243	1118	1.#QNAN	0	0.015	0	7.79472e-007	1287.39	1308.36	1302.2
1308.27	852.151	1119	1.#QNAN	0	0	0	7.39222e-007	1303.76	1308.27	1302.11
1308.15	852.053	1120	1.#QNAN	0	0.016	0	7.67979e-007	1289.5	1308.15	1302.01
1308.04	851.96	1121	1.#QNAN	0	0.015	0	7.62194e-007	1287.13	1308.04	1301.9
1307.94	851.866	1122	1.#QNAN	0	0	0	7.56796e-007	1296.57	1307.94	1301.81
1307.82	851.767	1123	1.#QNAN	0	0.016	0	7.60632e-007	1297.96	1307.82	1301.7
1307.72	851.68	1124	1.#QNAN	0	0	0	7.40211e-007	1304.73	1307.72	1301.61
1307.63	851.594	1125	1.#QNAN	0	0.016	0	7.59255e-007	1305.93	1307.63	1301.52
1307.53	851.497	1126	1.#QNAN	0	0	0	7.62709e-007	1304.36	1307.53	1301.43
1307.43	851.403	1127	1.#QNAN	0	0.015	0	7.34246e-007	1299.94	1307.43	1301.34
1307.33	851.314	1128	1.#QNAN	0	0.016	0	7.55235e-007	1300.2	1307.33	1301.25
1307.24	851.226	1129	1.#QNAN	0	0	0	7.36567e-007	1310.98	1307.24	1301.17
1307.13	851.144	1130	1.#QNAN	0	0.015	0	7.52792e-007	1279.69	1307.13	1301.07
1307.03	851.059	1131	1.#QNAN	0	0	0	7.23641e-007	1294.78	1307.03	1300.98
1306.94	850.977	1132	1.#QNAN	0	0.016	0	7.81302e-007	1314.81	1306.94	1300.9
1306.85	850.899	1133	1.#QNAN	0	0	0	7.52936e-007	1296.41	1306.85	1300.82
1306.76	850.821	1134	1.#QNAN	0	0.016	0	7.64279e-007	1300.24	1306.76	1300.74
1306.67	850.733	1135	1.#QNAN	0	0.015	0	7.45453e-007	1295.94	1306.67	1300.65
1306.57	850.653	1136	1.#QNAN	0	0	0	7.6007e-007	1293.55	1306.57	1300.57
1306.48	850.575	1137	1.#QNAN	0	0.016	0	7.68144e-007	1286.1	1306.48	1300.48
1306.38	850.492	1138	1.#QNAN	0	0	0	7.55618e-007	1293.95	1306.38	1300.39
1306.28	850.407	1139	1.#QNAN	0	0.015	0	7.63297e-007	1291.53	1306.28	1300.3
1306.16	850.318	1140	1.#QNAN	0	0	0	7.45675e-007	1264.03	1306.16	1300.19
1306.06	850.234	1141	1.#QNAN	0	0.016	0	7.48639e-007	1290.1	1306.06	1300.1
1305.96	850.148	1142	1.#QNAN	0	0	0	7.55013e-007	1291.1	1305.96	1300.01
1305.85	850.054	1143	1.#QNAN	0	0.016	0	7.73302e-007	1287.55	1305.85	1299.91
1305.74	849.959	1144	1.#QNAN	0	0.015	0	7.60828e-007	1271.56	1305.74	1299.8
1305.65	849.884	1145	1.#QNAN	0	0	0	7.60149e-007	1294.24	1305.65	1299.72
1305.54	849.796	1146	1.#QNAN	0	0.016	0	7.66002e-007	1284.57	1305.54	1299.62
1305.44	849.715	1147	1.#QNAN	0	0	0	7.82405e-007	1288.66	1305.44	1299.53
1305.35	849.639	1148	1.#QNAN	0	0.015	0	7.47935e-007	1303.1	1305.35	1299.44
1305.26	849.556	1149	1.#QNAN	0	0	0	7.57359e-007	1298.97	1305.26	1299.37
1305.18	849.48	1150	1.#QNAN	0	0.019	0	7.45903e-007	1311.7	1305.18	1299.29
1305.09	849.409	1151	1.#QNAN	0	0	0	7.57539e-007	1294.18	1305.09	1299.22
1305	849.332	1152	1.#QNAN	0	0.016	0	7.68119e-007	1299.18	1305	1299.13
1304.91	849.255	1153	1.#QNAN	0	0.015	0	7.4773e-007	1288.29	1304.91	1299.05
1304.81	849.171	1154	1.#QNAN	0	0	0	7.43274e-007	1288.55	1304.81	1298.96
1304.73	849.099	1155	1.#QNAN	0	0.016	0	7.57354e-007	1314.24	1304.73	1298.89
1304.65	849.02	1156	1.#QNAN	0	0	0	7.61254e-007	1302.39	1304.65	1298.82
1304.54	848.933	1157	1.#QNAN	0	0.015	0	7.72237e-007	1269.87	1304.54	1298.72
1304.43	848.855	1158	1.#QNAN	0	0	0	7.45495e-007	1272.7	1304.43	1298.62
1304.32	848.774	1159	1.#QNAN	0	0.016	0	7.54719e-007	1260.58	1304.32	1298.51
1304.21	848.687	1160	1.#QNAN	0	0.016	0	7.71502e-007	1265.85	1304.21	1298.41
1304.09	848.6	1161	1.#QNAN	0	0	0	7.72794e-007	1252.26	1304.09	1298.3
1303.99	848.518	1162	1.#QNAN	0	0.015	0	7.58235e-007	1293.46	1303.99	1298.21
1303.87	848.422	1163	1.#QNAN	0	0	0	7.46211e-007	1251	1303.87	1298.09
1303.75	848.333	1164	1.#QNAN	0	0.016	0	7.44033e-007	1268.68	1303.75	1297.99
1303.64	848.249	1165	1.#QNAN	0	0.015	0	7.39872e-007	1267.15	1303.64	1297.89
1303.54	848.172	1166	1.#QNAN	0	0	0	7.6237e-007	1270.6	1303.54	1297.79
1303.42	848.094	1167	1.#QNAN	0	0.016	0	7.6206e-007	1269.87	1303.42	1297.69
1303.31	848.02	1168	1.#QNAN	0	0	0	7.5423e-007	1268.39	1303.31	1297.58
1303.2	847.944	1169	1.#QNAN	0	0.016	0	7.50736e-007	1261.09	1303.2	1297.48
1303.08	847.866	1170	1.#QNAN	0	0	0	7.54282e-007	1255	1303.08	1297.37
1302.98	847.791	1171	1.#QNAN	0	0.015	0	7.57213e-007	1269.73	1302.98	1297.27
1302.87	847.706	1172	1.#QNAN	0	0	0	7.54556e-007	1283.45	1302.87	1297.17
1302.77	847.632	1173	1.#QNAN	0	0.016	0	7.25015e-007	1280.36	1302.77	1297.08
1302.67	847.56	1174	1.#QNAN	0	0.015	0	7.42743e-007	1280.1	1302.67	1296.98
1302.56	847.473	1175	1.#QNAN	0	0	0	7.44477e-007	1291.64	1302.56	1296.88
1302.45	847.391	1176	1.#QNAN	0	0.016	0	7.48486e-007	1273.72	1302.45	1296.78
1302.33	847.321	1177	1.#QNAN	0	0	0	7.57924e-007	1252.55	1302.33	1296.67
1302.19	847.239	1178	1.#QNAN	0	0.016	0	7.366e-007	1253.23	1302.19	1296.55
1302.07	847.153	1179	1.#QNAN	0	0	0	7.63343e-007	1255.17	1302.07	1296.43
1301.94	847.058	1180	1.#QNAN	0	0.015	0	7.47288e-007	1260.04	1301.94	1296.31
1301.82	846.975	1181	1.#QNAN	0	0.016	1	7.47749e-007	1282.87	1301.82	1296.2
1301.7	846.892	1182	1.#QNAN	0	0	0	7.3581e-007	1261.48	1301.7	1296.08
1301.57	846.811	1183	1.#QNAN	0	0.015	0	7.50269e-007	1254.84	1301.57	1295.96
1301.45	846.743	1184	1.#QNAN	0	0	0	7.7685e-007	1276.38	1301.45	1295.86
1301.32	846.664	1185	1.#QNAN	0	0.016	0	7.58381e-007	1248.89	1301.32	1295.73
1301.18	846.578	1186	1.#QNAN	0	0	0	7.26876e-007	1245.27	1301.18	1295.6
1301.06	846.495	1187	1.#QNAN	0	0.016	0	7.61985e-007	1259.5	1301.06	1295.48
1300.95	846.43	1188	1.#QNAN	0	0.015	0	7.56104e-007	1277	1300.95	1295.39
1300.85	846.365	1189	1.#QNAN	0	0	0	7.54347e-007	1267.68	1300.85	1295.29
1300.76	846.296	1190	1.#QNAN	0	0.016	0	7.63227e-007	1286.24	1300.76	1295.21
1300.64	846.225	1191	1.#QNAN	0	0	0	7.4575e-007	1257.06	1300.64	1295.1
1300.53	846.151	1192	1.#QNAN	0	0.015	0	7.59043e-007	1268.6	1300.53	1295
1300.41	846.07	1193	1.#QNAN	0	0	0	7.70185e-007	1248.47	1300.41	1294.89
1300.31	845.995	1194	1.#QNAN	0	0.016	0	7.5588e-007	1269.5	1300.31	1294.79
1300.22	845.927	1195	1.#QNAN	0	0	0	7.28695e-007	1288.91	1300.22	1294.71
1300.12	845.86	1196	1.#QNAN	0	0.016	0	7.53547e-007	1271.32	1300.12	1294.62
1300.03	845.796	1197	1.#QNAN	0	0.015	0	7.68456e-007	1273.41	1300.03	1294.53
1299.94	845.728	1198	1.#QNAN	0	0	0	7.63799e-007	1297.31	1299.94	1294.46
1299.85	845.66	1199	1.#QNAN	0	0.016	0	7.57222e-007	1277.46	1299.85	1294.37
