rmse	mae	#iter	time_pred	time_learn	time_learn2	time_learn4	alpha	rmse_mcmc_this	rmse_mcmc_all	rmse_mcmc_all_but5
24907.3	18898.3	0	1.#QNAN	0	0.016	0	2.73543e-011	24907.3	24907.3	3880.47
23842.8	17884.8	1	1.#QNAN	0	0.016	0	5.14157e-010	23283.4	23842.8	3880.47
23417.2	17546.9	2	1.#QNAN	0	0.015	1	6.53965e-010	22852.2	23417.2	3880.47
23104.1	17309.4	3	1.#QNAN	0	0.031	0	7.43641e-010	22451.5	23104.1	3880.47
22806.5	17063.4	4	1.#QNAN	0	0.016	0	8.29491e-010	21784.2	22806.5	37687.6
22446	16769.3	5	1.#QNAN	0	0.016	0	9.1091e-010	20881	22446	20881
22157.1	16536.5	6	1.#QNAN	0	0.015	0	9.86099e-010	20643.6	22157.1	20704
21846	16285	7	1.#QNAN	0	0.016	0	1.1039e-009	19928.5	21846	20383.8
21509.7	16023.4	8	1.#QNAN	0	0.031	0	1.2272e-009	19035.4	21509.7	20019.8
21113.3	15714.2	9	1.#QNAN	0	0.016	0	1.38483e-009	17849.9	21113.3	19545.8
20753.9	15442	10	1.#QNAN	0	0.015	0	1.53523e-009	17448.7	20753.9	19167.2
20395.7	15171.7	11	1.#QNAN	0	0.016	0	1.70384e-009	16786.6	20395.7	18797.3
19965.9	14840.2	12	1.#QNAN	0	0.031	0	1.92991e-009	15147.3	19965.9	18313.6
19557.6	14527.9	13	1.#QNAN	0	0.016	0	2.31399e-009	14612.6	19557.6	17875.1
19111.3	14188.4	14	1.#QNAN	0	0.015	0	2.6848e-009	13236	19111.3	17385.1
18652.9	13841.1	15	1.#QNAN	0	0.016	0	3.26809e-009	12220.8	18652.9	16886.9
18174	13480.1	16	1.#QNAN	0	0.015	0	3.95224e-009	11140.6	18174	16365.3
17688.1	13111.4	17	1.#QNAN	0	0.016	0	4.80905e-009	10199.6	17688.1	15843.1
17221.6	12756.9	18	1.#QNAN	0	0.031	0	6.06607e-009	9756.53	17221.6	15353.1
16763.1	12404.8	19	1.#QNAN	0	0.016	0	6.86638e-009	9082.16	16763.1	14879.4
16329.5	12071.5	20	1.#QNAN	0	0.015	0	7.98359e-009	8732.2	16329.5	14441.2
15904.1	11742	21	1.#QNAN	0	0.016	0	8.52331e-009	8205.32	15904.1	14015.4
15496.2	11424.2	22	1.#QNAN	0	0.016	0	9.36351e-009	7813.83	15496.2	13612
15112.3	11125.3	23	1.#QNAN	0	0.015	0	1.01434e-008	7631.81	15112.3	13239.5
14748.2	10837.3	24	1.#QNAN	0	0.016	0	1.07271e-008	7367.99	14748.2	12891.3
14405	10564.2	25	1.#QNAN	0	0.031	0	1.14544e-008	7329.48	14405	12567.2
14087.1	10309.6	26	1.#QNAN	0	0.016	0	1.19124e-008	7190.19	14087.1	12272.5
13785.2	10074.1	27	1.#QNAN	0	0.015	0	1.24327e-008	6973.99	13785.2	11995.9
13500.5	9852.65	28	1.#QNAN	0	0.016	0	1.31934e-008	6860.08	13500.5	11737.8
13235.9	9647.41	29	1.#QNAN	0	0.015	0	1.34763e-008	6807.77	13235.9	11501.9
12988.5	9454.28	30	1.#QNAN	0	0.016	0	1.40674e-008	6882.53	12988.5	11284.3
12745.2	9266.29	31	1.#QNAN	0	0.031	0	1.46463e-008	6471.21	12745.2	11069.5
12517.5	9091.03	32	1.#QNAN	0	0.016	0	1.48082e-008	6442.95	12517.5	10871
12304.7	8924.58	33	1.#QNAN	0	0.015	0	1.5729e-008	6494.41	12304.7	10687.8
12096.1	8764.48	34	1.#QNAN	0	0.016	0	1.57488e-008	6261.76	12096.1	10507.7
11900.6	8615.09	35	1.#QNAN	0	0.016	0	1.65467e-008	6301.49	11900.6	10340.7
11712.4	8471.68	36	1.#QNAN	0	0.015	0	1.6925e-008	6273.61	11712.4	10180.6
11531.9	8334.09	37	1.#QNAN	0	0.016	0	1.75481e-008	6134.26	11531.9	10027.7
11359.1	8203.93	38	1.#QNAN	0	0.031	0	1.78763e-008	6061.63	11359.1	9882.32
11197.9	8082.35	39	1.#QNAN	0	0.016	0	1.83413e-008	6168.91	11197.9	9748.15
11041	7964.7	40	1.#QNAN	0	0.015	0	1.91896e-008	5926.53	11041	9617.49
10893.5	7852.5	41	1.#QNAN	0	0.016	0	1.99192e-008	5912.79	10893.5	9495.76
10751.4	7745.37	42	1.#QNAN	0	0.015	0	1.90331e-008	5891.26	10751.4	9379.02
10614.6	7643.13	43	1.#QNAN	0	0.016	0	1.89232e-008	5798.84	10614.6	9266.87
10486.4	7547.09	44	1.#QNAN	0	0.031	0	2.16933e-008	5823.9	10486.4	9162.99
10361.7	7454.47	45	1.#QNAN	0	0.016	0	2.10234e-008	5693.9	10361.7	9061.65
10242.4	7366.05	46	1.#QNAN	0	0.015	0	2.15491e-008	5643.6	10242.4	8965.1
10124.1	7279.15	47	1.#QNAN	0	0.016	0	2.27668e-008	5511.36	10124.1	8868.64
10009.9	7195.34	48	1.#QNAN	0	0.016	0	2.33549e-008	5465.34	10009.9	8775.65
9898.37	7113.15	49	1.#QNAN	0	0.015	0	2.36851e-008	5337.33	9898.37	8684.65
9789.78	7033.47	50	1.#QNAN	0	0.016	0	2.42506e-008	5319.78	9789.78	8596.1
9684.96	6957.32	51	1.#QNAN	0	0.031	0	2.39394e-008	5298.3	9684.96	8510.8
9582.16	6882.1	52	1.#QNAN	0	0.016	0	2.6243e-008	5192.94	9582.16	8426.86
9483.02	6810.08	53	1.#QNAN	0	0.015	0	2.59328e-008	5186.34	9483.02	8346.17
9385.71	6739.52	54	1.#QNAN	0	0.016	0	2.64843e-008	5032.84	9385.71	8266.69
9291.49	6671.62	55	1.#QNAN	0	0.015	0	2.79616e-008	5027.25	9291.49	8189.94
9199.25	6605.22	56	1.#QNAN	0	0.016	0	2.88215e-008	4916.74	9199.25	8114.64
9110	6540.82	57	1.#QNAN	0	0.016	0	3.13708e-008	4869.18	9110	8041.79
9023.39	6478.61	58	1.#QNAN	0	0.031	1	3.08686e-008	4874.19	9023.39	7971.3
8937.99	6417.46	59	1.#QNAN	0	0.015	0	3.1203e-008	4745.43	8937.99	7901.41
8857.61	6359.11	60	1.#QNAN	0	0.016	0	3.25491e-008	4860.65	8857.61	7836.39
8777.04	6301.07	61	1.#QNAN	0	0.016	0	3.33992e-008	4675.2	8777.04	7770.61
8697.64	6243.78	62	1.#QNAN	0	0.015	0	3.39602e-008	4614.49	8697.64	7705.5
8619.63	6187.6	63	1.#QNAN	0	0.016	0	3.41715e-008	4551.49	8619.63	7641.26
8542.65	6132.4	64	1.#QNAN	0	0.015	0	3.66944e-008	4483.83	8542.65	7577.86
8466.79	6078.16	65	1.#QNAN	0	0.032	0	3.96728e-008	4375.62	8466.79	7515.07
8394.62	6026.26	66	1.#QNAN	0	0.015	0	4.06739e-008	4415.01	8394.62	7455.78
8322.81	5975.31	67	1.#QNAN	0	0.016	0	4.21578e-008	4339.98	8322.81	7396.51
8252.05	5924.6	68	1.#QNAN	0	0.015	0	4.32496e-008	4267.81	8252.05	7337.96
8182.12	5874.51	69	1.#QNAN	0	0.016	0	4.33769e-008	4184.9	8182.12	7279.87
8113.51	5825.42	70	1.#QNAN	0	0.016	0	4.4898e-008	4173.68	8113.51	7222.92
8045.85	5777.1	71	1.#QNAN	0	0.015	0	4.78758e-008	4108.78	8045.85	7166.64
7980.09	5729.81	72	1.#QNAN	0	0.031	0	5.14821e-008	4100.83	7980.09	7111.97
7915.3	5683.75	73	1.#QNAN	0	0.016	0	4.99828e-008	4007.28	7915.3	7058
7850.47	5637.93	74	1.#QNAN	0	0.016	0	5.14996e-008	3886.48	7850.47	7003.67
7788.42	5593.42	75	1.#QNAN	0	0.015	0	5.26009e-008	3954.23	7788.42	6951.98
7726.83	5549.76	76	1.#QNAN	0	0.016	0	5.28086e-008	3881.98	7726.83	6900.47
7666.53	5506.87	77	1.#QNAN	0	0.031	0	5.83678e-008	3831.01	7666.53	6850.01
7607.17	5465.3	78	1.#QNAN	0	0.016	0	5.69509e-008	3775.35	7607.17	6800.22
7550.29	5424.88	79	1.#QNAN	0	0.015	0	6.12412e-008	3781.86	7550.29	6752.62
7493.7	5384.56	80	1.#QNAN	0	0.016	0	6.36478e-008	3747.31	7493.7	6705.16
7437.81	5344.63	81	1.#QNAN	0	0.015	0	6.59954e-008	3681.88	7437.81	6658.08
7382.46	5304.92	82	1.#QNAN	0	0.016	0	6.49109e-008	3649.75	7382.46	6611.36
7328.46	5266.03	83	1.#QNAN	0	0.016	0	7.24995e-008	3633.27	7328.46	6565.82
7274.69	5227.63	84	1.#QNAN	0	0.031	0	7.09894e-008	3556	7274.69	6520.31
7221.79	5190.02	85	1.#QNAN	0	0.015	0	7.22028e-008	3527.41	7221.79	6475.47
7169.85	5153.13	86	1.#QNAN	0	0.016	0	7.59008e-008	3520.27	7169.85	6431.42
7118.1	5116.41	87	1.#QNAN	0	0.016	0	8.03526e-008	3463.03	7118.1	6387.42
7067.2	5080.19	88	1.#QNAN	0	0.015	0	8.10575e-008	3462.61	7067.2	6344.16
7017.81	5044.91	89	1.#QNAN	0	0.016	0	8.6955e-008	3438.92	7017.81	6302.3
6968.93	5010.06	90	1.#QNAN	0	0.015	0	8.35029e-008	3370.05	6968.93	6260.78
6920.64	4975.85	91	1.#QNAN	0	0.032	0	8.84457e-008	3364.61	6920.64	6219.63
6872.86	4941.69	92	1.#QNAN	0	0.015	0	8.6933e-008	3343.73	6872.86	6178.96
6825.56	4907.84	93	1.#QNAN	0	0.016	0	9.40474e-008	3289.54	6825.56	6138.61
6779.14	4874.78	94	1.#QNAN	0	0.015	0	9.50236e-008	3301.29	6779.14	6099.04
6733.76	4842.18	95	1.#QNAN	0	0.016	0	9.53241e-008	3388.52	6733.76	6060.45
6688.81	4809.62	96	1.#QNAN	0	0.016	0	9.92148e-008	3307.88	6688.81	6022.06
6644.78	4777.97	97	1.#QNAN	0	0.015	0	9.84999e-008	3252.65	6644.78	5984.52
6600.9	4746.57	98	1.#QNAN	0	0.031	0	9.82859e-008	3209.44	6600.9	5946.89
6557.85	4715.6	99	1.#QNAN	0	0.016	0	9.88896e-008	3254.55	6557.85	5910.07
6516.02	4685.42	100	1.#QNAN	0	0.016	0	1.05644e-007	3257.9	6516.02	5874.33
6474.6	4655.56	101	1.#QNAN	0	0.015	0	1.09245e-007	3173.13	6474.6	5838.86
6433.1	4625.83	102	1.#QNAN	0	0.016	0	1.07796e-007	3087.06	6433.1	5803.23
6393.12	4596.79	103	1.#QNAN	0	0.015	0	1.17971e-007	3154.22	6393.12	5769.02
6353.07	4567.81	104	1.#QNAN	0	0.032	0	1.1635e-007	3111.89	6353.07	5734.65
6313.54	4539.37	105	1.#QNAN	0	0.015	0	1.18819e-007	3006.28	6313.54	5700.76
6274.5	4511.26	106	1.#QNAN	0	0.016	0	1.24389e-007	2988.42	6274.5	5667.21
6235.47	4483.29	107	1.#QNAN	0	0.015	0	1.20847e-007	2936.77	6235.47	5633.64
6197.75	4456.15	108	1.#QNAN	0	0.016	0	1.25785e-007	2951.83	6197.75	5601.31
6160.29	4429.25	109	1.#QNAN	0	0.016	0	1.2753e-007	2869.4	6160.29	5569.08
6123.51	4402.76	110	1.#QNAN	0	0.016	0	1.36038e-007	2866.78	6123.51	5537.52
6087.36	4376.97	111	1.#QNAN	0	0.015	0	1.39166e-007	2883.66	6087.36	5506.52
6051.54	4351.41	112	1.#QNAN	0	0.016	0	1.37423e-007	2817.99	6051.54	5475.72
6016.24	4326.23	113	1.#QNAN	0	0.016	1	1.35263e-007	2831.35	6016.24	5445.34
5981.38	4301.08	114	1.#QNAN	0	0.015	0	1.42492e-007	2796.67	5981.38	5415.28
5946.81	4276.36	115	1.#QNAN	0	0.016	0	1.40692e-007	2763.19	5946.81	5385.45
5912.99	4252.02	116	1.#QNAN	0	0.015	0	1.50534e-007	2790.88	5912.99	5356.29
5879.49	4228.07	117	1.#QNAN	0	0.032	0	1.48206e-007	2774.63	5879.49	5327.42
5845.99	4204.26	118	1.#QNAN	0	0.015	0	1.46754e-007	2787.41	5845.99	5298.51
5813.21	4180.96	119	1.#QNAN	0	0.016	0	1.58442e-007	2803.85	5813.21	5270.23
5780.95	4157.85	120	1.#QNAN	0	0.015	0	1.54917e-007	2755.92	5780.95	5242.41
5749.25	4135.27	121	1.#QNAN	0	0.016	0	1.57211e-007	2760.79	5749.25	5215.08
5717.85	4112.74	122	1.#QNAN	0	0.016	0	1.67054e-007	2751.71	5717.85	5187.99
5686.61	4090.42	123	1.#QNAN	0	0.015	0	1.69472e-007	2686.81	5686.61	5160.98
5655.79	4068.26	124	1.#QNAN	0	0.031	0	1.61149e-007	2669.46	5655.79	5134.35
5625.26	4046.44	125	1.#QNAN	0	0.016	0	1.74435e-007	2614.26	5625.26	5107.88
5595.27	4024.87	126	1.#QNAN	0	0.016	0	1.70895e-007	2689.46	5595.27	5081.97
5565.59	4003.6	127	1.#QNAN	0	0.015	0	1.75719e-007	2618.33	5565.59	5056.3
5536.29	3982.74	128	1.#QNAN	0	0.016	0	1.77401e-007	2593.53	5536.29	5030.97
5507.55	3962.04	129	1.#QNAN	0	0.015	0	1.80917e-007	2557.9	5507.55	5006.12
5478.78	3941.34	130	1.#QNAN	0	0.016	0	1.88846e-007	2528.14	5478.78	4981.18
5450.25	3920.76	131	1.#QNAN	0	0.031	0	1.89373e-007	2540.69	5450.25	4956.46
5422.2	3900.62	132	1.#QNAN	0	0.016	0	1.91705e-007	2492.21	5422.2	4932.15
5394.43	3880.62	133	1.#QNAN	0	0.015	0	1.93377e-007	2495.45	5394.43	4908.05
5366.86	3860.84	134	1.#QNAN	0	0.016	0	2.10485e-007	2465.75	5366.86	4884.13
5339.72	3841.48	135	1.#QNAN	0	0.016	0	2.01169e-007	2501.31	5339.72	4860.58
5312.87	3822.23	136	1.#QNAN	0	0.015	0	2.01432e-007	2438.41	5312.87	4837.27
5286.38	3803.24	137	1.#QNAN	0	0.031	0	2.06237e-007	2427.62	5286.38	4814.26
5259.9	3784.3	138	1.#QNAN	0	0.016	0	2.13923e-007	2438.25	5259.9	4791.24
5234.13	3765.87	139	1.#QNAN	0	0.016	0	2.06272e-007	2471.41	5234.13	4768.93
5208.64	3747.61	140	1.#QNAN	0	0.015	0	2.1287e-007	2412.7	5208.64	4746.82
5183.35	3729.59	141	1.#QNAN	0	0.016	0	2.19487e-007	2407.7	5183.35	4724.86
5158.49	3711.73	142	1.#QNAN	0	0.015	0	2.2138e-007	2395.77	5158.49	4703.26
5133.7	3693.92	143	1.#QNAN	0	0.032	0	2.31645e-007	2393.86	5133.7	4681.71
5109.1	3676.24	144	1.#QNAN	0	0.015	0	2.32572e-007	2379.63	5109.1	4660.3
5084.92	3658.9	145	1.#QNAN	0	0.016	0	2.34645e-007	2399.27	5084.92	4639.29
5060.94	3641.76	146	1.#QNAN	0	0.015	0	2.37667e-007	2344.13	5060.94	4618.37
5037.23	3624.77	147	1.#QNAN	0	0.016	0	2.4363e-007	2317.81	5037.23	4597.72
5013.85	3608.01	148	1.#QNAN	0	0.016	0	2.35636e-007	2319.23	5013.85	4577.34
4990.54	3591.31	149	1.#QNAN	0	0.015	0	2.49626e-007	2309.12	4990.54	4557.04
4967.71	3574.89	150	1.#QNAN	0	0.031	0	2.55666e-007	2316.92	4967.71	4537.16
4945.02	3558.57	151	1.#QNAN	0	0.016	0	2.54334e-007	2304.9	4945.02	4517.37
4922.65	3542.35	152	1.#QNAN	0	0.016	0	2.50326e-007	2297.18	4922.65	4497.88
4900.19	3526.16	153	1.#QNAN	0	0.015	0	2.4776e-007	2272.54	4900.19	4478.31
4878.3	3510.31	154	1.#QNAN	0	0.016	0	2.54705e-007	2321.34	4878.3	4459.27
4856.49	3494.58	155	1.#QNAN	0	0.015	0	2.52252e-007	2253.43	4856.49	4440.27
4834.81	3478.96	156	1.#QNAN	0	0.032	0	2.65294e-007	2232.84	4834.81	4421.34
4813.77	3463.7	157	1.#QNAN	0	0.015	0	2.59714e-007	2301.78	4813.77	4403.02
4792.61	3448.52	158	1.#QNAN	0	0.016	0	2.64766e-007	2262.48	4792.61	4384.56
4771.33	3433.22	159	1.#QNAN	0	0.015	0	2.68261e-007	2220.26	4771.33	4365.95
4750.56	3418.23	160	1.#QNAN	0	0.016	0	2.76071e-007	2217.89	4750.56	4347.81
4729.97	3403.35	161	1.#QNAN	0	0.016	0	2.73767e-007	2212.09	4729.97	4329.78
4709.64	3388.57	162	1.#QNAN	0	0.031	0	2.74991e-007	2252.45	4709.64	4312.02
4689.52	3374.07	163	1.#QNAN	0	0.015	0	2.60382e-007	2200.47	4689.52	4294.44
4669.7	3359.75	164	1.#QNAN	0	0.016	0	2.84766e-007	2214.05	4669.7	4277.12
4650.23	3345.6	165	1.#QNAN	0	0.016	0	2.73494e-007	2205.72	4650.23	4260.1
4630.87	3331.57	166	1.#QNAN	0	0.015	0	2.7849e-007	2215.73	4630.87	4243.17
4611.87	3317.74	167	1.#QNAN	0	0.016	0	2.85524e-007	2208.35	4611.87	4226.56
4592.67	3303.9	168	1.#QNAN	0	0.015	0	2.90016e-007	2173.44	4592.67	4209.72
4573.48	3290.05	169	1.#QNAN	0	0.032	1	2.92108e-007	2141.45	4573.48	4192.86
4554.78	3276.53	170	1.#QNAN	0	0.015	0	2.95217e-007	2183.9	4554.78	4176.5
4536.27	3263.2	171	1.#QNAN	0	0.016	0	3.08178e-007	2167.7	4536.27	4160.29
4518.01	3249.98	172	1.#QNAN	0	0.015	0	2.94074e-007	2163.24	4518.01	4144.31
4499.85	3236.79	173	1.#QNAN	0	0.016	0	3.03512e-007	2130.37	4499.85	4128.4
4481.81	3223.69	174	1.#QNAN	0	0.016	0	3.08971e-007	2182.97	4481.81	4112.61
4463.86	3210.72	175	1.#QNAN	0	0.015	0	3.09795e-007	2174.05	4463.86	4096.91
4446.14	3197.8	176	1.#QNAN	0	0.031	0	3.03118e-007	2145.27	4446.14	4081.4
4428.52	3185.05	177	1.#QNAN	0	0.016	0	3.19819e-007	2120.77	4428.52	4065.95
4411.23	3172.44	178	1.#QNAN	0	0.016	0	3.27758e-007	2155.03	4411.23	4050.8
4394.06	3159.92	179	1.#QNAN	0	0.015	0	3.24868e-007	2117.36	4394.06	4035.75
4377	3147.51	180	1.#QNAN	0	0.016	0	3.28127e-007	2119.11	4377	4020.77
4360.19	3135.12	181	1.#QNAN	0	0.015	0	3.32169e-007	2144.25	4360.19	4006.04
4343.33	3122.75	182	1.#QNAN	0	0.016	0	3.16925e-007	2106.59	4343.33	3991.23
4326.47	3110.38	183	1.#QNAN	0	0.031	0	3.30133e-007	2125.27	4326.47	3976.42
4309.93	3098.3	184	1.#QNAN	0	0.016	0	3.42736e-007	2112.14	4309.93	3961.88
4293.63	3086.37	185	1.#QNAN	0	0.015	0	3.26664e-007	2091.95	4293.63	3947.59
4277.4	3074.49	186	1.#QNAN	0	0.016	0	3.44965e-007	2065.5	4277.4	3933.32
4261.47	3062.75	187	1.#QNAN	0	0.016	0	3.45982e-007	2135.4	4261.47	3919.35
4245.71	3051.13	188	1.#QNAN	0	0.031	0	3.3896e-007	2162.96	4245.71	3905.55
4229.98	3039.56	189	1.#QNAN	0	0.015	0	3.49783e-007	2096.2	4229.98	3891.71
4214.38	3028.17	190	1.#QNAN	0	0.016	0	3.49489e-007	2114.42	4214.38	3878
4198.88	3016.79	191	1.#QNAN	0	0.016	0	3.44827e-007	2124.05	4198.88	3864.39
4183.62	3005.56	192	1.#QNAN	0	0.015	0	3.4698e-007	2107.05	4183.62	3851
4168.24	2994.25	193	1.#QNAN	0	0.016	0	3.47171e-007	2075.09	4168.24	3837.47
4153.19	2983.16	194	1.#QNAN	0	0.015	0	3.51845e-007	2092.69	4153.19	3824.24
4138.31	2972.19	195	1.#QNAN	0	0.032	0	3.76367e-007	2124.79	4138.31	3811.19
4123.71	2961.37	196	1.#QNAN	0	0.015	0	3.54317e-007	2137.52	4123.71	3798.39
4109.05	2950.51	197	1.#QNAN	0	0.016	0	3.71694e-007	2074.06	4109.05	3785.53
4094.51	2939.74	198	1.#QNAN	0	0.015	0	3.57993e-007	2059.32	4094.51	3772.76
4080.08	2929.08	199	1.#QNAN	0	0.016	0	3.77553e-007	2068.29	4080.08	3760.07
4065.94	2918.63	200	1.#QNAN	0	0.031	0	3.77674e-007	2121.6	4065.94	3747.68
4051.76	2908.13	201	1.#QNAN	0	0.016	0	3.85481e-007	2094.52	4051.76	3735.24
4037.7	2897.74	202	1.#QNAN	0	0.015	0	3.76511e-007	2064.35	4037.7	3722.89
4023.73	2887.37	203	1.#QNAN	0	0.016	0	3.76723e-007	2072.3	4023.73	3710.61
4009.87	2877.17	204	1.#QNAN	0	0.016	0	3.69765e-007	2009.59	4009.87	3698.42
3996.24	2867.14	205	1.#QNAN	0	0.015	0	3.88091e-007	2011.97	3996.24	3686.44
3982.78	2857.24	206	1.#QNAN	0	0.016	0	3.84197e-007	2053.01	3982.78	3674.65
3969.4	2847.32	207	1.#QNAN	0	0.031	0	3.83163e-007	2030.98	3969.4	3662.9
3956.25	2837.55	208	1.#QNAN	0	0.016	0	3.88776e-007	2082.92	3956.25	3651.4
3943.24	2827.87	209	1.#QNAN	0	0.015	0	3.80001e-007	2057.62	3943.24	3639.99
3930.17	2818.23	210	1.#QNAN	0	0.016	0	3.9424e-007	2042.11	3930.17	3628.5
3917.16	2808.66	211	1.#QNAN	0	0.015	0	3.91878e-007	2032.8	3917.16	3617.08
3904.28	2799.18	212	1.#QNAN	0	0.016	0	3.85457e-007	2080.01	3904.28	3605.78
3891.51	2789.78	213	1.#QNAN	0	0.031	0	3.73115e-007	2047.8	3891.51	3594.57
3878.89	2780.48	214	1.#QNAN	0	0.016	0	4.03284e-007	2015.65	3878.89	3583.48
3866.29	2771.18	215	1.#QNAN	0	0.015	0	3.94294e-007	2016.62	3866.29	3572.38
3853.82	2761.98	216	1.#QNAN	0	0.016	0	4.19657e-007	1981.27	3853.82	3561.4
3841.57	2752.89	217	1.#QNAN	0	0.016	0	3.9918e-007	2004.63	3841.57	3550.66
3829.45	2743.91	218	1.#QNAN	0	0.015	0	3.9313e-007	2037.45	3829.45	3540.03
3817.39	2734.89	219	1.#QNAN	0	0.031	0	4.09725e-007	2034.7	3817.39	3529.46
3805.42	2726.03	220	1.#QNAN	0	0.016	0	4.07873e-007	2008.93	3805.42	3518.96
3793.59	2717.23	221	1.#QNAN	0	0.016	0	4.02535e-007	2001.26	3793.59	3508.6
3781.89	2708.46	222	1.#QNAN	0	0.015	0	4.08078e-007	2022.83	3781.89	3498.35
3770.14	2699.67	223	1.#QNAN	0	0.016	0	3.91793e-007	2014.9	3770.14	3488.04
3758.47	2691	224	1.#QNAN	0	0.015	1	4.00988e-007	1988.91	3758.47	3477.81
3746.94	2682.44	225	1.#QNAN	0	0.016	0	4.01322e-007	1997.07	3746.94	3467.69
3735.6	2673.91	226	1.#QNAN	0	0.016	0	4.05196e-007	2001.02	3735.6	3457.77
3724.33	2665.4	227	1.#QNAN	0	0.031	0	4.15945e-007	2002.15	3724.33	3447.91
3713.16	2656.94	228	1.#QNAN	0	0.015	0	4.2228e-007	2012.91	3713.16	3438.14
3702.13	2648.58	229	1.#QNAN	0	0.016	0	4.07071e-007	1992.7	3702.13	3428.49
3691.23	2640.24	230	1.#QNAN	0	0.016	0	4.22619e-007	2038.91	3691.23	3418.98
3680.55	2632.03	231	1.#QNAN	0	0.015	0	4.32047e-007	2067.41	3680.55	3409.67
3669.89	2623.92	232	1.#QNAN	0	0.031	0	4.35413e-007	2031.99	3669.89	3400.35
3659.33	2615.92	233	1.#QNAN	0	0.016	0	4.19122e-007	1994.69	3659.33	3391.12
3648.76	2607.97	234	1.#QNAN	0	0.016	0	4.0994e-007	1986.28	3648.76	3381.88
3638.28	2600.02	235	1.#QNAN	0	0.015	0	4.2345e-007	2013.14	3638.28	3372.71
3628.03	2592.21	236	1.#QNAN	0	0.016	0	4.32819e-007	2016.65	3628.03	3363.78
3617.7	2584.45	237	1.#QNAN	0	0.015	0	4.16353e-007	1968.65	3617.7	3354.74
3607.52	2576.76	238	1.#QNAN	0	0.032	0	4.23784e-007	2013.68	3607.52	3345.85
3597.44	2569.18	239	1.#QNAN	0	0.015	0	4.30442e-007	1986.78	3597.44	3337.06
3587.47	2561.66	240	1.#QNAN	0	0.016	0	4.35425e-007	2005.35	3587.47	3328.37
3577.56	2554.18	241	1.#QNAN	0	0.015	0	4.22768e-007	1995.11	3577.56	3319.73
3567.74	2546.87	242	1.#QNAN	0	0.016	0	4.30545e-007	2006.62	3567.74	3311.18
3557.93	2539.53	243	1.#QNAN	0	0.016	0	4.28882e-007	1978.52	3557.93	3302.6
3548.23	2532.22	244	1.#QNAN	0	0.031	0	4.2764e-007	1996.87	3548.23	3294.13
3538.59	2525.01	245	1.#QNAN	0	0.015	0	4.55877e-007	2018.18	3538.59	3285.73
3528.96	2517.84	246	1.#QNAN	0	0.016	0	4.30696e-007	1993.74	3528.96	3277.29
3519.48	2510.71	247	1.#QNAN	0	0.016	0	4.41114e-007	2002.85	3519.48	3269.03
3510.08	2503.66	248	1.#QNAN	0	0.031	0	4.60459e-007	1976.32	3510.08	3260.82
3500.68	2496.67	249	1.#QNAN	0	0.015	0	4.25943e-007	1930.37	3500.68	3252.6
3491.31	2489.64	250	1.#QNAN	0	0.016	0	4.51321e-007	1944.1	3491.31	3244.41
3481.95	2482.63	251	1.#QNAN	0	0.016	0	4.51492e-007	1947.77	3481.95	3236.23
3472.91	2475.81	252	1.#QNAN	0	0.031	0	4.24285e-007	1992.6	3472.91	3228.34
3463.9	2469	253	1.#QNAN	0	0.015	0	4.31299e-007	1992.24	3463.9	3220.47
3454.99	2462.31	254	1.#QNAN	0	0.016	0	4.40885e-007	1951.69	3454.99	3212.68
3446.07	2455.63	255	1.#QNAN	0	0.016	0	4.44029e-007	1972.59	3446.07	3204.88
3437.1	2448.91	256	1.#QNAN	0	0.015	0	4.4747e-007	1937.06	3437.1	3197.02
3428.23	2442.27	257	1.#QNAN	0	0.031	0	4.40321e-007	1974.6	3428.23	3189.25
3419.48	2435.66	258	1.#QNAN	0	0.016	0	4.55693e-007	1957.16	3419.48	3181.6
3410.7	2429.04	259	1.#QNAN	0	0.016	0	4.52498e-007	1969.94	3410.7	3173.91
3402.09	2422.49	260	1.#QNAN	0	0.015	0	4.66234e-007	2002.92	3402.09	3166.4
3393.58	2415.99	261	1.#QNAN	0	0.016	0	4.5317e-007	1999.81	3393.58	3158.98
3385.16	2409.61	262	1.#QNAN	0	0.015	0	4.5827e-007	2020.47	3385.16	3151.64
3376.83	2403.26	263	1.#QNAN	0	0.016	0	4.74158e-007	2034.42	3376.83	3144.38
3368.51	2396.88	264	1.#QNAN	0	0.031	0	4.66065e-007	2046.17	3368.51	3137.14
3360.25	2390.57	265	1.#QNAN	0	0.016	0	4.83134e-007	2027.39	3360.25	3129.93
3352.11	2384.31	266	1.#QNAN	0	0.015	0	4.74907e-007	2029.31	3352.11	3122.84
3343.93	2378.03	267	1.#QNAN	0	0.016	0	4.90805e-007	2002.92	3343.93	3115.71
3335.79	2371.77	268	1.#QNAN	0	0.016	0	4.66344e-007	2000.95	3335.79	3108.61
3327.83	2365.66	269	1.#QNAN	0	0.031	0	4.49961e-007	2061.17	3327.83	3101.69
3320.05	2359.66	270	1.#QNAN	0	0.015	0	4.79979e-007	2062.38	3320.05	3094.94
3312.29	2353.67	271	1.#QNAN	0	0.016	0	4.761e-007	2031.5	3312.29	3088.22
3304.47	2347.72	272	1.#QNAN	0	0.016	0	4.65731e-007	2010.49	3304.47	3081.41
3296.7	2341.8	273	1.#QNAN	0	0.015	0	4.85521e-007	1982.17	3296.7	3074.64
3288.99	2335.87	274	1.#QNAN	0	0.016	0	4.7866e-007	1999.58	3288.99	3067.93
3281.35	2329.94	275	1.#QNAN	0	0.031	0	4.77525e-007	2036.56	3281.35	3061.29
3273.68	2324.04	276	1.#QNAN	0	0.016	0	4.73515e-007	1986.77	3273.68	3054.61
3266.17	2318.23	277	1.#QNAN	0	0.015	0	4.90966e-007	2005.65	3266.17	3048.07
3258.61	2312.45	278	1.#QNAN	0	0.016	1	4.70701e-007	1966.83	3258.61	3041.49
3251	2306.66	279	1.#QNAN	0	0.015	0	4.76884e-007	1915.13	3251	3034.83
3243.53	2300.93	280	1.#QNAN	0	0.016	0	4.84406e-007	1951.45	3243.53	3028.31
3236.07	2295.21	281	1.#QNAN	0	0.031	0	4.81414e-007	1979.86	3236.07	3021.81
3228.67	2289.54	282	1.#QNAN	0	0.016	0	4.84936e-007	1928.28	3228.67	3015.36
3221.26	2283.91	283	1.#QNAN	0	0.015	0	4.73542e-007	1893.87	3221.26	3008.88
3213.76	2278.26	284	1.#QNAN	0	0.016	0	4.86076e-007	1862.31	3213.76	3002.31
3206.37	2272.71	285	1.#QNAN	0	0.016	0	4.92448e-007	1868.82	3206.37	2995.83
3199.05	2267.22	286	1.#QNAN	0	0.015	0	4.90381e-007	1877.02	3199.05	2989.43
3191.81	2261.76	287	1.#QNAN	0	0.031	0	4.78233e-007	1895.77	3191.81	2983.09
3184.71	2256.36	288	1.#QNAN	0	0.016	0	4.89353e-007	1975.43	3184.71	2976.9
3177.7	2251	289	1.#QNAN	0	0.016	0	4.71171e-007	2007.49	3177.7	2970.8
3170.7	2245.68	290	1.#QNAN	0	0.015	0	4.73512e-007	1982.86	3170.7	2964.69
3163.69	2240.33	291	1.#QNAN	0	0.016	0	4.80483e-007	1967.59	3163.69	2958.57
3156.77	2235.07	292	1.#QNAN	0	0.015	0	4.9912e-007	1955.64	3156.77	2952.54
3149.89	2229.82	293	1.#QNAN	0	0.032	0	4.89704e-007	1949.14	3149.89	2946.53
3143.15	2224.66	294	1.#QNAN	0	0.015	0	4.72793e-007	1971.29	3143.15	2940.68
3136.4	2219.48	295	1.#QNAN	0	0.016	0	4.83674e-007	1977.52	3136.4	2934.8
3129.75	2214.4	296	1.#QNAN	0	0.015	0	4.69783e-007	1959.91	3129.75	2929.03
3123.16	2209.3	297	1.#QNAN	0	0.016	0	4.92124e-007	1965.72	3123.16	2923.3
3116.63	2204.28	298	1.#QNAN	0	0.016	0	4.90465e-007	1978.85	3116.63	2917.64
3110.17	2199.31	299	1.#QNAN	0	0.015	0	4.96932e-007	1984.23	3110.17	2912.04
3103.64	2194.33	300	1.#QNAN	0	0.016	0	5.08245e-007	1943.06	3103.64	2906.35
3097.13	2189.35	301	1.#QNAN	0	0.016	0	4.83829e-007	1950.61	3097.13	2900.68
3090.77	2184.41	302	1.#QNAN	0	0.016	0	4.90235e-007	1968.75	3090.77	2895.16
3084.47	2179.53	303	1.#QNAN	0	0.015	0	5.02831e-007	1972.39	3084.47	2889.7
3078.19	2174.69	304	1.#QNAN	0	0.016	0	5.05012e-007	1973.56	3078.19	2884.26
3071.92	2169.85	305	1.#QNAN	0	0.015	0	4.95223e-007	1971.57	3071.92	2878.83
3065.81	2165.11	306	1.#QNAN	0	0.016	0	5.00363e-007	1995.39	3065.81	2873.55
3059.78	2160.41	307	1.#QNAN	0	0.031	0	4.87056e-007	2002.2	3059.78	2868.35
3053.78	2155.72	308	1.#QNAN	0	0.016	0	4.90286e-007	1991.99	3053.78	2863.17
3047.73	2151	309	1.#QNAN	0	0.015	0	4.88603e-007	1947.72	3047.73	2857.93
3041.77	2146.36	310	1.#QNAN	0	0.016	0	5.0402e-007	1948.36	3041.77	2852.77
3035.84	2141.74	311	1.#QNAN	0	0.016	0	4.94866e-007	1971.09	3035.84	2847.65
3029.99	2137.18	312	1.#QNAN	0	0.015	0	4.94311e-007	1976.92	3029.99	2842.59
3024.14	2132.64	313	1.#QNAN	0	0.016	0	4.83575e-007	1970.48	3024.14	2837.53
3018.32	2128.08	314	1.#QNAN	0	0.031	0	5.05959e-007	1958.83	3018.32	2832.5
3012.54	2123.57	315	1.#QNAN	0	0.016	0	4.99606e-007	1962.23	3012.54	2827.51
3006.8	2119.08	316	1.#QNAN	0	0.015	0	5.02391e-007	1955.7	3006.8	2822.53
3001.14	2114.62	317	1.#QNAN	0	0.016	0	5.13989e-007	1975.46	3001.14	2817.66
2995.46	2110.18	318	1.#QNAN	0	0.015	0	5.19726e-007	1967.7	2995.46	2812.75
2989.85	2105.76	319	1.#QNAN	0	0.016	0	5.20978e-007	1960.76	2989.85	2807.92
2984.31	2101.4	320	1.#QNAN	0	0.031	0	5.15875e-007	1982.6	2984.31	2803.15
2978.81	2097.04	321	1.#QNAN	0	0.016	0	5.08064e-007	1985.86	2978.81	2798.4
2973.3	2092.74	322	1.#QNAN	0	0.015	0	5.19428e-007	1964.67	2973.3	2793.65
2967.88	2088.45	323	1.#QNAN	0	0.016	0	5.0803e-007	2012.13	2967.88	2788.98
2962.56	2084.27	324	1.#QNAN	0	0.016	0	5.14276e-007	2020.02	2962.56	2784.4
2957.24	2080.06	325	1.#QNAN	0	0.015	0	5.05802e-007	1977.83	2957.24	2779.81
2951.87	2075.88	326	1.#QNAN	0	0.031	0	5.02814e-007	1956.44	2951.87	2775.16
2946.5	2071.71	327	1.#QNAN	0	0.016	0	5.15077e-007	1937.9	2946.5	2770.51
2941.19	2067.56	328	1.#QNAN	0	0.016	0	5.23513e-007	1963.53	2941.19	2765.92
2935.98	2063.49	329	1.#QNAN	0	0.015	0	5.12184e-007	1962.31	2935.98	2761.42
2930.77	2059.39	330	1.#QNAN	0	0.016	0	5.19847e-007	1968.89	2930.77	2756.92
2925.65	2055.33	331	1.#QNAN	0	0.015	0	5.11197e-007	2011.08	2925.65	2752.5
2920.57	2051.31	332	1.#QNAN	0	0.016	0	5.1974e-007	1985.58	2920.57	2748.13
2915.45	2047.31	333	1.#QNAN	0	0.031	1	5.15313e-007	1969.91	2915.45	2743.7
2910.32	2043.33	334	1.#QNAN	0	0.016	0	5.12476e-007	1965.27	2910.32	2739.27
2905.29	2039.41	335	1.#QNAN	0	0.015	0	5.35962e-007	1976.31	2905.29	2734.91
2900.25	2035.45	336	1.#QNAN	0	0.016	0	5.04578e-007	1971.28	2900.25	2730.55
2895.29	2031.56	337	1.#QNAN	0	0.016	0	5.28963e-007	1982.23	2895.29	2726.28
2890.33	2027.65	338	1.#QNAN	0	0.015	0	5.25415e-007	2000.23	2890.33	2722
2885.42	2023.82	339	1.#QNAN	0	0.016	0	5.21705e-007	1966.06	2885.42	2717.77
2880.5	2019.95	340	1.#QNAN	0	0.031	0	5.22493e-007	1947.11	2880.5	2713.51
2875.6	2016.11	341	1.#QNAN	0	0.016	0	5.05924e-007	1930.57	2875.6	2709.27
2870.77	2012.3	342	1.#QNAN	0	0.015	0	5.26421e-007	1930.02	2870.77	2705.11
2866.02	2008.57	343	1.#QNAN	0	0.016	0	5.30515e-007	1927.12	2866.02	2701.02
2861.27	2004.84	344	1.#QNAN	0	0.015	0	5.22672e-007	1937.23	2861.27	2696.92
2856.56	2001.14	345	1.#QNAN	0	0.016	0	5.3261e-007	1943.42	2856.56	2692.87
2851.99	1997.5	346	1.#QNAN	0	0.016	0	5.13858e-007	1989.58	2851.99	2688.94
2847.35	1993.87	347	1.#QNAN	0	0.031	0	5.20923e-007	1968.24	2847.35	2684.94
2842.73	1990.24	348	1.#QNAN	0	0.015	0	5.25814e-007	1969.86	2842.73	2680.97
2838.09	1986.61	349	1.#QNAN	0	0.016	0	5.30068e-007	1954.96	2838.09	2676.95
2833.5	1983	350	1.#QNAN	0	0.016	0	5.5057e-007	1954.15	2833.5	2673
2828.96	1979.47	351	1.#QNAN	0	0.015	0	5.33067e-007	1985.22	2828.96	2669.1
2824.41	1975.95	352	1.#QNAN	0	0.016	0	5.41809e-007	1976.74	2824.41	2665.18
2819.91	1972.45	353	1.#QNAN	0	0.015	0	5.28479e-007	2019.06	2819.91	2661.3
2815.47	1969	354	1.#QNAN	0	0.032	0	5.12101e-007	1989.33	2815.47	2657.48
2811.04	1965.52	355	1.#QNAN	0	0.015	0	5.23194e-007	2012.24	2811.04	2653.67
2806.68	1962.05	356	1.#QNAN	0	0.016	0	5.16128e-007	2041.78	2806.68	2649.94
2802.41	1958.65	357	1.#QNAN	0	0.015	0	5.16996e-007	2072.8	2802.41	2646.29
2798.12	1955.24	358	1.#QNAN	0	0.016	0	5.23617e-007	2031.23	2798.12	2642.61
2793.83	1951.85	359	1.#QNAN	0	0.016	0	5.37684e-007	2011.8	2793.83	2638.94
2789.58	1948.49	360	1.#QNAN	0	0.031	0	5.27841e-007	2003.64	2789.58	2635.29
2785.31	1945.11	361	1.#QNAN	0	0.015	0	5.2795e-007	2001.28	2785.31	2631.63
2781.07	1941.78	362	1.#QNAN	0	0.016	0	5.47914e-007	1991.66	2781.07	2627.98
2776.85	1938.46	363	1.#QNAN	0	0.016	0	5.28317e-007	1968.53	2776.85	2624.34
2772.62	1935.17	364	1.#QNAN	0	0.015	0	5.39253e-007	1969.11	2772.62	2620.7
2768.46	1931.92	365	1.#QNAN	0	0.016	0	5.31945e-007	1980.22	2768.46	2617.12
2764.31	1928.68	366	1.#QNAN	0	0.015	0	5.53932e-007	1950.34	2764.31	2613.54
2760.19	1925.44	367	1.#QNAN	0	0.032	0	5.58239e-007	1962.13	2760.19	2610
2756.1	1922.26	368	1.#QNAN	0	0.015	0	5.39089e-007	1947.43	2756.1	2606.48
2752.04	1919.05	369	1.#QNAN	0	0.016	0	5.48284e-007	1966.6	2752.04	2602.99
2748.05	1915.89	370	1.#QNAN	0	0.015	0	5.43244e-007	2011.72	2748.05	2599.58
2744.09	1912.73	371	1.#QNAN	0	0.016	0	5.46164e-007	1989.39	2744.09	2596.19
2740.21	1909.65	372	1.#QNAN	0	0.016	0	5.5084e-007	1994.71	2740.21	2592.87
2736.25	1906.52	373	1.#QNAN	0	0.015	0	5.48667e-007	1971.01	2736.25	2589.46
2732.29	1903.41	374	1.#QNAN	0	0.031	0	5.54934e-007	1970.29	2732.29	2586.05
2728.3	1900.3	375	1.#QNAN	0	0.016	0	5.50901e-007	1919.63	2728.3	2582.61
2724.27	1897.2	376	1.#QNAN	0	0.016	0	5.23434e-007	1889	2724.27	2579.13
2720.38	1894.16	377	1.#QNAN	0	0.015	0	5.59177e-007	1924.01	2720.38	2575.78
2716.54	1891.13	378	1.#QNAN	0	0.016	0	5.56345e-007	1944.73	2716.54	2572.48
2712.59	1888.12	379	1.#QNAN	0	0.015	0	5.31464e-007	1891.62	2712.59	2569.05
2708.79	1885.11	380	1.#QNAN	0	0.016	0	5.47049e-007	1965.64	2708.79	2565.79
2704.88	1882.04	381	1.#QNAN	0	0.031	0	5.68048e-007	1920.02	2704.88	2562.41
2701.07	1879.03	382	1.#QNAN	0	0.016	0	5.56736e-007	1932.92	2701.07	2559.13
2697.23	1876.03	383	1.#QNAN	0	0.015	0	5.6863e-007	1918.03	2697.23	2555.82
2693.4	1873.03	384	1.#QNAN	0	0.016	0	5.55591e-007	1912.75	2693.4	2552.52
2689.59	1870.05	385	1.#QNAN	0	0.016	0	5.56888e-007	1913.45	2689.59	2549.23
2685.9	1867.09	386	1.#QNAN	0	0.015	0	5.44127e-007	1942.93	2685.9	2546.07
2682.17	1864.15	387	1.#QNAN	0	0.016	0	5.70867e-007	1903.73	2682.17	2542.85
2678.51	1861.25	388	1.#QNAN	0	0.016	0	5.50205e-007	1943.04	2678.51	2539.7
2674.8	1858.32	389	1.#QNAN	0	0.016	1	5.44469e-007	1920.13	2674.8	2536.5
2671.21	1855.41	390	1.#QNAN	0	0.015	0	5.62127e-007	1964.01	2671.21	2533.42
2667.67	1852.53	391	1.#QNAN	0	0.016	0	5.6453e-007	1975.96	2667.67	2530.39
2664.19	1849.66	392	1.#QNAN	0	0.015	0	5.49714e-007	2007.59	2664.19	2527.42
2660.64	1846.79	393	1.#QNAN	0	0.032	0	5.67465e-007	1957.65	2660.64	2524.38
2657.17	1843.99	394	1.#QNAN	0	0.015	0	5.45277e-007	1969.37	2657.17	2521.39
2653.71	1841.19	395	1.#QNAN	0	0.016	0	5.53151e-007	2017.54	2653.71	2518.43
2650.32	1838.37	396	1.#QNAN	0	0.015	0	5.71158e-007	2043.06	2650.32	2515.53
2646.89	1835.55	397	1.#QNAN	0	0.016	0	5.50173e-007	2017.33	2646.89	2512.6
2643.51	1832.79	398	1.#QNAN	0	0.016	0	5.80002e-007	2015.27	2643.51	2509.71
2640.12	1830.05	399	1.#QNAN	0	0.031	0	5.54664e-007	1984.26	2640.12	2506.81
2636.76	1827.3	400	1.#QNAN	0	0.015	0	5.38453e-007	1976.94	2636.76	2503.93
2633.4	1824.55	401	1.#QNAN	0	0.016	0	5.52203e-007	1978.96	2633.4	2501.06
2630.09	1821.87	402	1.#QNAN	0	0.016	0	5.50285e-007	1974.12	2630.09	2498.21
2626.84	1819.21	403	1.#QNAN	0	0.015	0	5.49264e-007	2026.49	2626.84	2495.44
2623.59	1816.53	404	1.#QNAN	0	0.016	0	5.52476e-007	2011.34	2623.59	2492.67
2620.36	1813.87	405	1.#QNAN	0	0.015	0	5.53169e-007	2004.79	2620.36	2489.93
2617.1	1811.18	406	1.#QNAN	0	0.016	0	5.62959e-007	1997.99	2617.1	2487.14
2613.89	1808.54	407	1.#QNAN	0	0.015	0	5.53367e-007	1978.22	2613.89	2484.39
2610.69	1805.92	408	1.#QNAN	0	0.016	0	5.66103e-007	1973.26	2610.69	2481.67
2607.5	1803.31	409	1.#QNAN	0	0.015	0	5.54216e-007	1963.5	2607.5	2478.94
2604.28	1800.71	410	1.#QNAN	0	0.016	0	5.75752e-007	1928.15	2604.28	2476.17
2601.08	1798.15	411	1.#QNAN	0	0.016	0	5.75482e-007	1912.9	2601.08	2473.42
2597.81	1795.54	412	1.#QNAN	0	0.015	0	5.48279e-007	1915.24	2597.81	2470.61
2594.66	1792.97	413	1.#QNAN	0	0.031	0	5.72697e-007	1949.94	2594.66	2467.9
2591.52	1790.4	414	1.#QNAN	0	0.016	0	5.61138e-007	1949.58	2591.52	2465.22
2588.4	1787.87	415	1.#QNAN	0	0.016	0	5.7809e-007	1967.88	2588.4	2462.55
2585.23	1785.32	416	1.#QNAN	0	0.015	0	5.68652e-007	1956.29	2585.23	2459.83
2582.09	1782.76	417	1.#QNAN	0	0.016	0	5.67355e-007	1957.15	2582.09	2457.13
2579	1780.23	418	1.#QNAN	0	0.015	0	5.61413e-007	1977.64	2579	2454.48
2575.91	1777.71	419	1.#QNAN	0	0.033	0	5.77925e-007	1963.87	2575.91	2451.82
2572.81	1775.21	420	1.#QNAN	0	0.015	0	5.60198e-007	1950.35	2572.81	2449.16
2569.73	1772.71	421	1.#QNAN	0	0.016	0	5.56751e-007	1934.66	2569.73	2446.52
2566.61	1770.2	422	1.#QNAN	0	0.015	0	5.66463e-007	1935.27	2566.61	2443.83
2563.62	1767.73	423	1.#QNAN	0	0.016	0	5.40554e-007	1968.88	2563.62	2441.27
2560.64	1765.27	424	1.#QNAN	0	0.016	0	5.68849e-007	1969.09	2560.64	2438.73
2557.64	1762.82	425	1.#QNAN	0	0.015	0	5.83736e-007	1911.68	2557.64	2436.15
2554.67	1760.44	426	1.#QNAN	0	0.016	0	5.96801e-007	1919.55	2554.67	2433.6
2551.66	1758.01	427	1.#QNAN	0	0.031	0	5.75615e-007	1911.4	2551.66	2431.01
2548.76	1755.63	428	1.#QNAN	0	0.016	0	5.79456e-007	1950.72	2548.76	2428.53
2545.87	1753.23	429	1.#QNAN	0	0.015	0	5.62856e-007	1971.62	2545.87	2426.06
2543.03	1750.88	430	1.#QNAN	0	0.016	0	5.80129e-007	1978.49	2543.03	2423.64
2540.17	1748.53	431	1.#QNAN	0	0.015	0	5.5733e-007	1956.37	2540.17	2421.2
2537.34	1746.18	432	1.#QNAN	0	0.016	0	5.566e-007	1951.14	2537.34	2418.79
2534.49	1743.85	433	1.#QNAN	0	0.031	0	5.69767e-007	1937.47	2534.49	2416.35
2531.65	1741.52	434	1.#QNAN	0	0.016	0	5.64778e-007	1923.49	2531.65	2413.93
2528.82	1739.23	435	1.#QNAN	0	0.015	0	5.89494e-007	1943.66	2528.82	2411.5
2526.04	1736.95	436	1.#QNAN	0	0.016	0	5.61404e-007	1950.66	2526.04	2409.13
2523.24	1734.65	437	1.#QNAN	0	0.016	0	5.78022e-007	1914.97	2523.24	2406.74
2520.5	1732.38	438	1.#QNAN	0	0.031	0	5.8277e-007	1950.85	2520.5	2404.4
2517.78	1730.11	439	1.#QNAN	0	0.015	0	5.69387e-007	1959.13	2517.78	2402.08
2515.08	1727.85	440	1.#QNAN	0	0.016	0	5.61763e-007	1960.25	2515.08	2399.78
2512.34	1725.57	441	1.#QNAN	0	0.016	0	5.71692e-007	1943.9	2512.34	2397.45
2509.71	1723.37	442	1.#QNAN	0	0.015	0	5.83899e-007	1989.44	2509.71	2395.22
2507.07	1721.16	443	1.#QNAN	0	0.016	0	5.75634e-007	1958.76	2507.07	2392.98
2504.47	1718.98	444	1.#QNAN	0	0.015	0	5.81052e-007	1980.31	2504.47	2390.77
2501.85	1716.79	445	1.#QNAN	0	0.032	1	5.83594e-007	1953.78	2501.85	2388.56
2499.26	1714.65	446	1.#QNAN	0	0.015	0	5.67128e-007	1921.15	2499.26	2386.35
2496.69	1712.49	447	1.#QNAN	0	0.016	0	5.83959e-007	1950.12	2496.69	2384.17
2494.09	1710.34	448	1.#QNAN	0	0.015	0	5.75232e-007	1931.22	2494.09	2381.96
2491.57	1708.25	449	1.#QNAN	0	0.016	0	5.86097e-007	1922.64	2491.57	2379.82
2489.03	1706.13	450	1.#QNAN	0	0.016	0	5.84882e-007	1920.97	2489.03	2377.66
2486.5	1704.01	451	1.#QNAN	0	0.015	0	5.68575e-007	1931.51	2486.5	2375.52
2484	1701.93	452	1.#QNAN	0	0.031	0	5.69175e-007	1920.45	2484	2373.39
2481.51	1699.86	453	1.#QNAN	0	0.016	0	5.92234e-007	1923.41	2481.51	2371.28
2479.05	1697.77	454	1.#QNAN	0	0.016	0	5.86178e-007	1903.84	2479.05	2369.19
2476.58	1695.71	455	1.#QNAN	0	0.015	0	5.51075e-007	1904.6	2476.58	2367.09
2474.14	1693.67	456	1.#QNAN	0	0.016	0	5.67795e-007	1908.45	2474.14	2365.02
2471.69	1691.63	457	1.#QNAN	0	0.015	0	5.76963e-007	1911.54	2471.69	2362.94
2469.2	1689.59	458	1.#QNAN	0	0.016	0	6.04429e-007	1886.83	2469.2	2360.82
2466.72	1687.55	459	1.#QNAN	0	0.031	0	5.92396e-007	1910.05	2466.72	2358.71
2464.28	1685.52	460	1.#QNAN	0	0.016	0	5.80208e-007	1921.48	2464.28	2356.64
2461.84	1683.48	461	1.#QNAN	0	0.015	0	6.07736e-007	1937.94	2461.84	2354.56
2459.41	1681.5	462	1.#QNAN	0	0.016	0	5.61299e-007	1888.37	2459.41	2352.48
2457.07	1679.55	463	1.#QNAN	0	0.016	0	5.74488e-007	1974.13	2457.07	2350.51
2454.7	1677.57	464	1.#QNAN	0	0.015	0	5.89125e-007	1914.4	2454.7	2348.49
2452.36	1675.62	465	1.#QNAN	0	0.016	0	5.88017e-007	1934.32	2452.36	2346.5
2450.03	1673.69	466	1.#QNAN	0	0.031	0	5.84395e-007	1939.73	2450.03	2344.53
2447.71	1671.75	467	1.#QNAN	0	0.016	0	5.85538e-007	1949.04	2447.71	2342.55
2445.4	1669.82	468	1.#QNAN	0	0.015	0	6.07703e-007	1955.65	2445.4	2340.6
2443.07	1667.84	469	1.#QNAN	0	0.016	0	5.90814e-007	1924.03	2443.07	2338.62
2440.82	1665.92	470	1.#QNAN	0	0.015	0	6.05581e-007	1963.96	2440.82	2336.72
2438.59	1664.04	471	1.#QNAN	0	0.016	0	5.55539e-007	1949.37	2438.59	2334.84
2436.37	1662.15	472	1.#QNAN	0	0.016	0	5.88153e-007	1937.47	2436.37	2332.96
2434.14	1660.22	473	1.#QNAN	0	0.031	0	5.65447e-007	1958.54	2434.14	2331.07
2431.93	1658.36	474	1.#QNAN	0	0.015	0	5.77143e-007	1948.58	2431.93	2329.21
2429.7	1656.5	475	1.#QNAN	0	0.016	0	5.85071e-007	1939.54	2429.7	2327.31
2427.54	1654.68	476	1.#QNAN	0	0.016	0	5.79113e-007	1962.78	2427.54	2325.49
2425.35	1652.82	477	1.#QNAN	0	0.015	0	5.70364e-007	1980.85	2425.35	2323.64
2423.2	1650.99	478	1.#QNAN	0	0.016	0	5.84954e-007	1989.5	2423.2	2321.82
2421.07	1649.16	479	1.#QNAN	0	0.031	0	5.86068e-007	2005.01	2421.07	2320.03
2418.92	1647.34	480	1.#QNAN	0	0.016	0	5.90297e-007	1962.59	2418.92	2318.21
2416.76	1645.49	481	1.#QNAN	0	0.015	0	5.74489e-007	1938.36	2416.76	2316.39
2414.66	1643.69	482	1.#QNAN	0	0.016	0	5.81934e-007	1958.05	2414.66	2314.61
2412.5	1641.87	483	1.#QNAN	0	0.015	0	5.91639e-007	1938.03	2412.5	2312.78
2410.35	1640.04	484	1.#QNAN	0	0.016	0	5.88499e-007	1929.68	2410.35	2310.96
2408.19	1638.23	485	1.#QNAN	0	0.016	0	5.96718e-007	1893.56	2408.19	2309.12
2406.01	1636.4	486	1.#QNAN	0	0.031	0	5.87677e-007	1918.47	2406.01	2307.27
2403.85	1634.59	487	1.#QNAN	0	0.015	0	5.93769e-007	1908.7	2403.85	2305.44
2401.73	1632.8	488	1.#QNAN	0	0.016	0	6.10328e-007	1914	2401.73	2303.64
2399.66	1631.04	489	1.#QNAN	0	0.016	0	5.64065e-007	1923.63	2399.66	2301.88
2397.53	1629.25	490	1.#QNAN	0	0.015	0	5.55045e-007	1905.45	2397.53	2300.07
2395.37	1627.41	491	1.#QNAN	0	0.031	0	5.87508e-007	1903.86	2395.37	2298.22
2393.25	1625.63	492	1.#QNAN	0	0.016	0	5.95049e-007	1896.12	2393.25	2296.42
2391.16	1623.87	493	1.#QNAN	0	0.016	0	5.69668e-007	1884.44	2391.16	2294.63
2389.04	1622.1	494	1.#QNAN	0	0.015	0	5.77513e-007	1892.42	2389.04	2292.82
2386.97	1620.35	495	1.#QNAN	0	0.016	0	5.94845e-007	1917.05	2386.97	2291.06
2384.9	1618.62	496	1.#QNAN	0	0.015	0	5.82974e-007	1900.52	2384.9	2289.29
2382.87	1616.92	497	1.#QNAN	0	0.016	0	5.72417e-007	1922.91	2382.87	2287.56
2380.85	1615.2	498	1.#QNAN	0	0.031	0	5.94546e-007	1933.76	2380.85	2285.84
2378.85	1613.48	499	1.#QNAN	0	0.016	0	5.86337e-007	1963.52	2378.85	2284.14
2376.85	1611.78	500	1.#QNAN	0	0.015	1	5.92453e-007	1971.98	2376.85	2282.44
2374.87	1610.07	501	1.#QNAN	0	0.016	0	5.66335e-007	1974.26	2374.87	2280.76
2372.88	1608.38	502	1.#QNAN	0	0.016	0	5.87964e-007	1954.39	2372.88	2279.07
2370.95	1606.69	503	1.#QNAN	0	0.015	0	5.97764e-007	1961.55	2370.95	2277.44
2368.98	1605.02	504	1.#QNAN	0	0.016	0	5.94891e-007	1911.53	2368.98	2275.77
2366.99	1603.34	505	1.#QNAN	0	0.031	0	5.88695e-007	1910.16	2366.99	2274.07
2365.02	1601.67	506	1.#QNAN	0	0.016	0	5.98474e-007	1897.45	2365.02	2272.39
2363.05	1600.01	507	1.#QNAN	0	0.015	0	5.97944e-007	1887.27	2363.05	2270.71
2361.09	1598.36	508	1.#QNAN	0	0.016	0	6.1069e-007	1899.27	2361.09	2269.04
2359.16	1596.72	509	1.#QNAN	0	0.015	0	6.03605e-007	1906.48	2359.16	2267.4
2357.21	1595.07	510	1.#QNAN	0	0.016	0	6.0647e-007	1897.54	2357.21	2265.74
2355.31	1593.45	511	1.#QNAN	0	0.031	0	5.93868e-007	1892.68	2355.31	2264.12
2353.4	1591.81	512	1.#QNAN	0	0.016	0	5.85335e-007	1904.61	2353.4	2262.5
2351.51	1590.2	513	1.#QNAN	0	0.015	0	5.79309e-007	1903.73	2351.51	2260.89
2349.63	1588.62	514	1.#QNAN	0	0.016	0	5.93565e-007	1891.26	2349.63	2259.29
2347.72	1586.99	515	1.#QNAN	0	0.016	0	5.84461e-007	1886.33	2347.72	2257.66
2345.83	1585.39	516	1.#QNAN	0	0.015	0	5.98742e-007	1885.16	2345.83	2256.06
2343.99	1583.87	517	1.#QNAN	0	0.016	0	5.94813e-007	1884.33	2343.99	2254.48
2342.12	1582.3	518	1.#QNAN	0	0.031	0	5.9575e-007	1865.56	2342.12	2252.89
2340.28	1580.76	519	1.#QNAN	0	0.016	0	5.92202e-007	1874.29	2340.28	2251.33
2338.44	1579.24	520	1.#QNAN	0	0.015	0	5.97612e-007	1895.89	2338.44	2249.76
2336.59	1577.7	521	1.#QNAN	0	0.016	0	6.09034e-007	1883.51	2336.59	2248.18
2334.75	1576.14	522	1.#QNAN	0	0.015	0	6.02164e-007	1874.33	2334.75	2246.61
2332.99	1574.65	523	1.#QNAN	0	0.016	0	5.9176e-007	1911.69	2332.99	2245.13
2331.22	1573.13	524	1.#QNAN	0	0.016	0	6.22127e-007	1904.61	2331.22	2243.63
2329.48	1571.63	525	1.#QNAN	0	0.031	0	6.12239e-007	1918.92	2329.48	2242.15
2327.71	1570.11	526	1.#QNAN	0	0.015	0	5.90043e-007	1900.34	2327.71	2240.65
2325.93	1568.61	527	1.#QNAN	0	0.016	0	6.05804e-007	1905.59	2325.93	2239.15
2324.19	1567.12	528	1.#QNAN	0	0.016	0	5.9558e-007	1905.66	2324.19	2237.67
2322.46	1565.65	529	1.#QNAN	0	0.015	0	5.87213e-007	1937.89	2322.46	2236.2
2320.74	1564.16	530	1.#QNAN	0	0.016	0	6.00276e-007	1919.47	2320.74	2234.75
2319	1562.67	531	1.#QNAN	0	0.015	0	6.15235e-007	1902.4	2319	2233.27
2317.29	1561.22	532	1.#QNAN	0	0.032	0	6.01317e-007	1916.5	2317.29	2231.81
2315.6	1559.77	533	1.#QNAN	0	0.015	0	5.90305e-007	1941.01	2315.6	2230.39
2313.93	1558.31	534	1.#QNAN	0	0.016	0	6.04415e-007	1952.51	2313.93	2228.98
2312.24	1556.87	535	1.#QNAN	0	0.015	0	6.11742e-007	1928.01	2312.24	2227.55
2310.57	1555.43	536	1.#QNAN	0	0.016	0	6.22813e-007	1944.72	2310.57	2226.15
2308.87	1553.97	537	1.#QNAN	0	0.016	0	6.10049e-007	1916.06	2308.87	2224.71
2307.14	1552.51	538	1.#QNAN	0	0.015	0	5.9908e-007	1902.06	2307.14	2223.23
2305.39	1551.06	539	1.#QNAN	0	0.031	0	5.86648e-007	1878.73	2305.39	2221.73
2303.64	1549.6	540	1.#QNAN	0	0.016	0	5.95438e-007	1886.12	2303.64	2220.23
2301.91	1548.16	541	1.#QNAN	0	0.016	0	6.01864e-007	1877.69	2301.91	2218.75
2300.17	1546.69	542	1.#QNAN	0	0.015	0	5.9989e-007	1895.85	2300.17	2217.27
2298.49	1545.26	543	1.#QNAN	0	0.016	0	6.02847e-007	1889.94	2298.49	2215.83
2296.82	1543.82	544	1.#QNAN	0	0.015	0	6.15042e-007	1895.91	2296.82	2214.42
2295.12	1542.37	545	1.#QNAN	0	0.032	0	6.07314e-007	1893.52	2295.12	2212.96
2293.47	1540.96	546	1.#QNAN	0	0.015	0	6.06366e-007	1922.84	2293.47	2211.57
2291.83	1539.53	547	1.#QNAN	0	0.016	0	6.3605e-007	1921.09	2291.83	2210.17
2290.18	1538.13	548	1.#QNAN	0	0.015	0	5.93835e-007	1917.33	2290.18	2208.77
2288.56	1536.75	549	1.#QNAN	0	0.016	0	5.94386e-007	1908.38	2288.56	2207.4
2286.92	1535.35	550	1.#QNAN	0	0.016	0	6.09253e-007	1898.58	2286.92	2206
2285.27	1533.96	551	1.#QNAN	0	0.015	0	6.14207e-007	1874.09	2285.27	2204.6
2283.59	1532.54	552	1.#QNAN	0	0.031	0	6.01698e-007	1874.34	2283.59	2203.16
2281.92	1531.12	553	1.#QNAN	0	0.016	0	6.02339e-007	1870.32	2281.92	2201.73
2280.26	1529.73	554	1.#QNAN	0	0.016	0	5.96665e-007	1843.38	2280.26	2200.3
2278.58	1528.32	555	1.#QNAN	0	0.015	0	5.86187e-007	1847.24	2278.58	2198.86
2276.97	1526.95	556	1.#QNAN	0	0.016	1	5.99007e-007	1879.58	2276.97	2197.48
2275.36	1525.56	557	1.#QNAN	0	0.015	0	5.95454e-007	1884.11	2275.36	2196.1
2273.81	1524.21	558	1.#QNAN	0	0.016	0	5.93137e-007	1925.88	2273.81	2194.79
2272.25	1522.85	559	1.#QNAN	0	0.031	0	6.14024e-007	1902.23	2272.25	2193.47
2270.71	1521.52	560	1.#QNAN	0	0.016	0	6.23283e-007	1905.51	2270.71	2192.16
2269.22	1520.21	561	1.#QNAN	0	0.015	0	6.0225e-007	1929.64	2269.22	2190.9
2267.65	1518.85	562	1.#QNAN	0	0.016	0	6.08665e-007	1872.55	2267.65	2189.57
2266.08	1517.51	563	1.#QNAN	0	0.016	0	6.22599e-007	1881.29	2266.08	2188.23
2264.54	1516.19	564	1.#QNAN	0	0.015	0	6.04431e-007	1905.12	2264.54	2186.93
2263	1514.87	565	1.#QNAN	0	0.016	0	6.0032e-007	1886.9	2263	2185.61
2261.46	1513.54	566	1.#QNAN	0	0.031	0	6.20526e-007	1919.55	2261.46	2184.3
2259.97	1512.23	567	1.#QNAN	0	0.016	0	6.23413e-007	1931.21	2259.97	2183.04
2258.52	1510.93	568	1.#QNAN	0	0.015	0	6.04791e-007	1936.22	2258.52	2181.81
2257.04	1509.63	569	1.#QNAN	0	0.016	0	6.04405e-007	1928.62	2257.04	2180.56
2255.58	1508.32	570	1.#QNAN	0	0.015	0	6.20976e-007	1908.9	2255.58	2179.33
2254.12	1507.02	571	1.#QNAN	0	0.016	0	6.09436e-007	1893.61	2254.12	2178.09
2252.67	1505.74	572	1.#QNAN	0	0.016	0	5.93791e-007	1888.95	2252.67	2176.86
2251.18	1504.45	573	1.#QNAN	0	0.031	0	5.93769e-007	1854.69	2251.18	2175.6
2249.73	1503.2	574	1.#QNAN	0	0.015	0	6.07194e-007	1869.26	2249.73	2174.37
2248.29	1501.95	575	1.#QNAN	0	0.016	0	5.95283e-007	1874.14	2248.29	2173.14
2246.79	1500.64	576	1.#QNAN	0	0.016	0	5.80858e-007	1859.08	2246.79	2171.86
2245.35	1499.4	577	1.#QNAN	0	0.015	0	6.10113e-007	1882.65	2245.35	2170.64
2243.93	1498.14	578	1.#QNAN	0	0.016	0	6.07605e-007	1884.66	2243.93	2169.44
2242.5	1496.89	579	1.#QNAN	0	0.015	0	5.93649e-007	1868.63	2242.5	2168.22
2241.07	1495.62	580	1.#QNAN	0	0.032	0	5.94374e-007	1881.08	2241.07	2167.01
2239.64	1494.38	581	1.#QNAN	0	0.015	0	6.08944e-007	1858.42	2239.64	2165.79
2238.23	1493.14	582	1.#QNAN	0	0.016	0	5.98491e-007	1859.26	2238.23	2164.6
2236.85	1491.92	583	1.#QNAN	0	0.015	0	6.19475e-007	1882.29	2236.85	2163.43
2235.5	1490.68	584	1.#QNAN	0	0.016	0	6.02445e-007	1898.49	2235.5	2162.3
2234.15	1489.49	585	1.#QNAN	0	0.016	0	6.13075e-007	1879.58	2234.15	2161.16
2232.85	1488.28	586	1.#QNAN	0	0.015	0	5.93791e-007	1905.02	2232.85	2160.06
2231.54	1487.08	587	1.#QNAN	0	0.031	0	5.95624e-007	1910.14	2231.54	2158.97
2230.24	1485.89	588	1.#QNAN	0	0.016	0	6.18418e-007	1898.63	2230.24	2157.88
2228.96	1484.7	589	1.#QNAN	0	0.016	0	5.92377e-007	1907.36	2228.96	2156.81
2227.67	1483.48	590	1.#QNAN	0	0.015	0	6.03147e-007	1914.83	2227.67	2155.73
2226.35	1482.27	591	1.#QNAN	0	0.016	0	6.01237e-007	1909.86	2226.35	2154.62
2225.06	1481.08	592	1.#QNAN	0	0.015	0	6.09098e-007	1930.51	2225.06	2153.53
2223.78	1479.89	593	1.#QNAN	0	0.016	0	6.14622e-007	1922.46	2223.78	2152.47
2222.53	1478.72	594	1.#QNAN	0	0.031	0	6.06834e-007	1917.46	2222.53	2151.42
2221.25	1477.55	595	1.#QNAN	0	0.016	0	6.08027e-007	1892.96	2221.25	2150.35
2219.96	1476.37	596	1.#QNAN	0	0.015	0	6.17422e-007	1908.1	2219.96	2149.26
2218.68	1475.2	597	1.#QNAN	0	0.016	0	5.98755e-007	1918.77	2218.68	2148.18
2217.42	1474.04	598	1.#QNAN	0	0.016	0	6.27638e-007	1920.05	2217.42	2147.12
2216.09	1472.85	599	1.#QNAN	0	0.015	0	6.16024e-007	1879.23	2216.09	2146
2214.81	1471.7	600	1.#QNAN	0	0.016	0	6.17081e-007	1893.8	2214.81	2144.91
2213.55	1470.56	601	1.#QNAN	0	0.031	0	6.09493e-007	1887.84	2213.55	2143.86
2212.27	1469.4	602	1.#QNAN	0	0.016	0	6.18028e-007	1890.31	2212.27	2142.77
2211.02	1468.27	603	1.#QNAN	0	0.015	0	5.95409e-007	1919.58	2211.02	2141.73
2209.79	1467.13	604	1.#QNAN	0	0.016	0	5.96891e-007	1910.84	2209.79	2140.7
2208.54	1465.98	605	1.#QNAN	0	0.015	0	6.02086e-007	1903.29	2208.54	2139.65
2207.29	1464.84	606	1.#QNAN	0	0.016	0	6.13277e-007	1882.37	2207.29	2138.58
2206.04	1463.73	607	1.#QNAN	0	0.015	0	6.31429e-007	1884.65	2206.04	2137.53
2204.82	1462.62	608	1.#QNAN	0	0.016	0	6.01931e-007	1905.31	2204.82	2136.5
2203.6	1461.54	609	1.#QNAN	0	0.015	0	6.00646e-007	1906.63	2203.6	2135.48
2202.38	1460.45	610	1.#QNAN	0	0.016	0	5.94274e-007	1873.62	2202.38	2134.45
2201.14	1459.35	611	1.#QNAN	0	0.016	0	6.06596e-007	1891.97	2201.14	2133.41
2199.93	1458.25	612	1.#QNAN	0	0.015	0	6.12119e-007	1900.33	2199.93	2132.38
2198.68	1457.15	613	1.#QNAN	0	0.016	1	6.12454e-007	1847.39	2198.68	2131.32
2197.43	1456.07	614	1.#QNAN	0	0.031	0	6.17104e-007	1850.25	2197.43	2130.25
2196.2	1455	615	1.#QNAN	0	0.016	0	6.22733e-007	1877.48	2196.2	2129.21
2194.97	1453.92	616	1.#QNAN	0	0.015	0	6.09053e-007	1853.9	2194.97	2128.15
2193.73	1452.84	617	1.#QNAN	0	0.016	0	6.06717e-007	1847.66	2193.73	2127.1
2192.56	1451.79	618	1.#QNAN	0	0.015	0	6.05421e-007	1889.2	2192.56	2126.11
2191.4	1450.74	619	1.#QNAN	0	0.016	0	5.99101e-007	1878.5	2191.4	2125.14
2190.23	1449.68	620	1.#QNAN	0	0.016	0	6.05377e-007	1877.87	2190.23	2124.16
2189.07	1448.64	621	1.#QNAN	0	0.031	0	6.08771e-007	1872.64	2189.07	2123.18
2187.93	1447.61	622	1.#QNAN	0	0.015	0	6.22177e-007	1887.48	2187.93	2122.22
2186.78	1446.57	623	1.#QNAN	0	0.016	0	5.87671e-007	1874.71	2186.78	2121.24
2185.66	1445.55	624	1.#QNAN	0	0.016	0	6.12645e-007	1898.96	2185.66	2120.31
2184.54	1444.52	625	1.#QNAN	0	0.015	0	6.06502e-007	1892.44	2184.54	2119.37
2183.44	1443.51	626	1.#QNAN	0	0.016	0	5.96755e-007	1901.53	2183.44	2118.45
2182.32	1442.5	627	1.#QNAN	0	0.015	0	6.23226e-007	1908.2	2182.32	2117.51
2181.24	1441.51	628	1.#QNAN	0	0.032	0	5.89052e-007	1927.2	2181.24	2116.61
2180.17	1440.51	629	1.#QNAN	0	0.015	0	6.10739e-007	1953.56	2180.17	2115.72
2179.1	1439.5	630	1.#QNAN	0	0.016	0	6.20795e-007	1945.52	2179.1	2114.83
2178.03	1438.49	631	1.#QNAN	0	0.015	0	6.18425e-007	1922.98	2178.03	2113.94
2176.97	1437.51	632	1.#QNAN	0	0.016	0	5.99771e-007	1898.57	2176.97	2113.05
2175.88	1436.51	633	1.#QNAN	0	0.016	0	6.11714e-007	1900.18	2175.88	2112.14
2174.8	1435.53	634	1.#QNAN	0	0.015	0	6.16442e-007	1894.07	2174.8	2111.23
2173.72	1434.54	635	1.#QNAN	0	0.031	0	6.25863e-007	1908.26	2173.72	2110.32
2172.65	1433.56	636	1.#QNAN	0	0.016	0	6.08816e-007	1913.75	2172.65	2109.43
2171.62	1432.59	637	1.#QNAN	0	0.016	0	6.06502e-007	1942.1	2171.62	2108.58
2170.57	1431.6	638	1.#QNAN	0	0.015	0	6.1691e-007	1916.79	2170.57	2107.69
2169.5	1430.61	639	1.#QNAN	0	0.016	0	6.35732e-007	1902.45	2169.5	2106.79
2168.42	1429.62	640	1.#QNAN	0	0.015	0	6.19003e-007	1902.22	2168.42	2105.89
2167.34	1428.64	641	1.#QNAN	0	0.016	0	6.0207e-007	1885.84	2167.34	2104.98
2166.26	1427.65	642	1.#QNAN	0	0.031	0	6.23391e-007	1884.32	2166.26	2104.07
2165.2	1426.67	643	1.#QNAN	0	0.016	0	6.03613e-007	1902.01	2165.2	2103.18
2164.14	1425.7	644	1.#QNAN	0	0.015	0	5.94981e-007	1874.3	2164.14	2102.27
2163.05	1424.7	645	1.#QNAN	0	0.016	0	6.36236e-007	1873.33	2163.05	2101.35
2161.99	1423.72	646	1.#QNAN	0	0.016	0	6.19071e-007	1889.67	2161.99	2100.46
2160.94	1422.73	647	1.#QNAN	0	0.015	0	6.26204e-007	1908.71	2160.94	2099.58
2159.86	1421.74	648	1.#QNAN	0	0.031	0	6.04471e-007	1881.08	2159.86	2098.66
2158.8	1420.78	649	1.#QNAN	0	0.016	0	5.92249e-007	1872.97	2158.8	2097.76
2157.72	1419.81	650	1.#QNAN	0	0.016	0	6.17939e-007	1873.61	2157.72	2096.84
2156.66	1418.84	651	1.#QNAN	0	0.015	0	6.23672e-007	1869.73	2156.66	2095.95
2155.6	1417.87	652	1.#QNAN	0	0.016	0	6.25794e-007	1868.05	2155.6	2095.05
2154.54	1416.9	653	1.#QNAN	0	0.015	0	6.26921e-007	1875.86	2154.54	2094.15
2153.52	1415.96	654	1.#QNAN	0	0.016	0	6.07449e-007	1899.95	2153.52	2093.3
2152.54	1415.02	655	1.#QNAN	0	0.031	0	6.27123e-007	1904.61	2152.54	2092.47
2151.54	1414.09	656	1.#QNAN	0	0.016	0	6.13712e-007	1902	2151.54	2091.63
2150.51	1413.13	657	1.#QNAN	0	0.015	0	6.16606e-007	1889.79	2150.51	2090.76
2149.47	1412.19	658	1.#QNAN	0	0.016	0	6.23792e-007	1850.52	2149.47	2089.88
2148.42	1411.26	659	1.#QNAN	0	0.016	0	6.11991e-007	1856.79	2148.42	2088.98
2147.39	1410.32	660	1.#QNAN	0	0.015	0	6.20445e-007	1861.1	2147.39	2088.1
2146.38	1409.39	661	1.#QNAN	0	0.031	0	6.27977e-007	1868.46	2146.38	2087.25
2145.32	1408.45	662	1.#QNAN	0	0.016	0	6.05473e-007	1840	2145.32	2086.35
2144.29	1407.53	663	1.#QNAN	0	0.016	0	6.06816e-007	1844.38	2144.29	2085.47
2143.27	1406.58	664	1.#QNAN	0	0.015	0	6.12561e-007	1877.03	2143.27	2084.61
2142.3	1405.68	665	1.#QNAN	0	0.016	0	6.29014e-007	1892.33	2142.3	2083.8
2141.32	1404.76	666	1.#QNAN	0	0.015	0	6.06948e-007	1887.58	2141.32	2082.98
2140.34	1403.85	667	1.#QNAN	0	0.016	0	6.06924e-007	1883.15	2140.34	2082.16
2139.39	1402.96	668	1.#QNAN	0	0.031	1	6.11897e-007	1898.6	2139.39	2081.37
2138.39	1402.04	669	1.#QNAN	0	0.016	0	6.2042e-007	1855.65	2138.39	2080.52
2137.43	1401.14	670	1.#QNAN	0	0.015	0	6.09746e-007	1901.84	2137.43	2079.71
2136.47	1400.24	671	1.#QNAN	0	0.016	0	6.19654e-007	1896.93	2136.47	2078.91
2135.53	1399.35	672	1.#QNAN	0	0.016	0	6.35247e-007	1927.74	2135.53	2078.13
2134.58	1398.46	673	1.#QNAN	0	0.015	0	6.1056e-007	1925.79	2134.58	2077.33
2133.62	1397.56	674	1.#QNAN	0	0.016	0	6.12991e-007	1901.98	2133.62	2076.52
2132.69	1396.68	675	1.#QNAN	0	0.031	0	6.09579e-007	1925.44	2132.69	2075.75
2131.73	1395.8	676	1.#QNAN	0	0.016	0	6.22064e-007	1885.41	2131.73	2074.94
2130.79	1394.94	677	1.#QNAN	0	0.015	0	6.17323e-007	1894.42	2130.79	2074.15
2129.8	1394.04	678	1.#QNAN	0	0.016	0	6.06414e-007	1864.74	2129.8	2073.31
2128.86	1393.18	679	1.#QNAN	0	0.015	0	6.26668e-007	1914.59	2128.86	2072.53
2127.91	1392.31	680	1.#QNAN	0	0.016	0	6.11e-007	1888.72	2127.91	2071.73
2126.97	1391.46	681	1.#QNAN	0	0.016	0	6.12984e-007	1890.27	2126.97	2070.93
2126	1390.58	682	1.#QNAN	0	0.031	0	5.93279e-007	1856.99	2126	2070.12
2125.05	1389.71	683	1.#QNAN	0	0.015	0	6.3752e-007	1878.49	2125.05	2069.32
2124.11	1388.83	684	1.#QNAN	0	0.016	0	6.07721e-007	1891.57	2124.11	2068.52
2123.12	1387.92	685	1.#QNAN	0	0.016	0	6.30422e-007	1857.29	2123.12	2067.68
2122.14	1387.04	686	1.#QNAN	0	0.015	0	6.27891e-007	1832.55	2122.14	2066.84
2121.16	1386.18	687	1.#QNAN	0	0.016	0	5.94649e-007	1826.76	2121.16	2066
2120.18	1385.3	688	1.#QNAN	0	0.015	0	6.12168e-007	1841.46	2120.18	2065.17
2119.23	1384.42	689	1.#QNAN	0	0.032	0	6.21745e-007	1838.71	2119.23	2064.36
2118.3	1383.57	690	1.#QNAN	0	0.015	0	6.17593e-007	1833.39	2118.3	2063.58
2117.33	1382.69	691	1.#QNAN	0	0.016	0	6.07094e-007	1805.35	2117.33	2062.75
2116.34	1381.81	692	1.#QNAN	0	0.015	0	6.21404e-007	1792.34	2116.34	2061.91
2115.39	1380.97	693	1.#QNAN	0	0.016	0	5.98521e-007	1802.78	2115.39	2061.09
2114.46	1380.12	694	1.#QNAN	0	0.016	0	6.06351e-007	1813.7	2114.46	2060.3
2113.53	1379.27	695	1.#QNAN	0	0.015	0	6.09667e-007	1818.54	2113.53	2059.5
2112.61	1378.43	696	1.#QNAN	0	0.015	0	6.25618e-007	1840.39	2112.61	2058.73
2111.68	1377.61	697	1.#QNAN	0	0.016	0	6.28768e-007	1825.56	2111.68	2057.93
2110.73	1376.74	698	1.#QNAN	0	0.016	0	6.0029e-007	1818.52	2110.73	2057.12
2109.82	1375.9	699	1.#QNAN	0	0.015	0	6.20803e-007	1822.76	2109.82	2056.34
2108.88	1375.05	700	1.#QNAN	0	0.016	0	6.02071e-007	1825.41	2108.88	2055.54
2107.98	1374.22	701	1.#QNAN	0	0.015	0	6.46233e-007	1846.73	2107.98	2054.78
2107.05	1373.37	702	1.#QNAN	0	0.032	0	6.18877e-007	1839.21	2107.05	2053.98
2106.13	1372.53	703	1.#QNAN	0	0.015	0	6.06889e-007	1834.79	2106.13	2053.19
2105.19	1371.66	704	1.#QNAN	0	0.016	0	6.06739e-007	1849	2105.19	2052.39
2104.25	1370.81	705	1.#QNAN	0	0.015	0	6.1494e-007	1824.05	2104.25	2051.58
2103.36	1369.98	706	1.#QNAN	0	0.016	0	6.17091e-007	1862.6	2103.36	2050.83
2102.46	1369.15	707	1.#QNAN	0	0.016	0	6.45016e-007	1846.16	2102.46	2050.06
2101.56	1368.31	708	1.#QNAN	0	0.031	0	6.02219e-007	1843.24	2101.56	2049.3
2100.67	1367.47	709	1.#QNAN	0	0.015	0	6.34429e-007	1850.22	2100.67	2048.54
2099.79	1366.65	710	1.#QNAN	0	0.016	0	6.16618e-007	1845.99	2099.79	2047.79
2098.89	1365.84	711	1.#QNAN	0	0.016	0	6.54233e-007	1841.21	2098.89	2047.03
2098.02	1365.03	712	1.#QNAN	0	0.015	0	6.15352e-007	1852.42	2098.02	2046.29
2097.15	1364.21	713	1.#QNAN	0	0.016	0	6.04294e-007	1837.75	2097.15	2045.55
2096.27	1363.39	714	1.#QNAN	0	0.015	0	6.24683e-007	1837.21	2096.27	2044.8
2095.38	1362.56	715	1.#QNAN	0	0.016	0	6.20228e-007	1848.04	2095.38	2044.04
2094.48	1361.73	716	1.#QNAN	0	0.031	0	6.10081e-007	1830	2094.48	2043.27
2093.62	1360.92	717	1.#QNAN	0	0.016	0	6.19486e-007	1859.09	2093.62	2042.53
2092.75	1360.11	718	1.#QNAN	0	0.015	0	6.09377e-007	1848.53	2092.75	2041.79
2091.89	1359.31	719	1.#QNAN	0	0.016	0	6.18566e-007	1846.43	2091.89	2041.06
2091.05	1358.49	720	1.#QNAN	0	0.016	0	6.2079e-007	1880.69	2091.05	2040.35
2090.24	1357.68	721	1.#QNAN	0	0.015	0	6.28106e-007	1892.23	2090.24	2039.66
2089.44	1356.89	722	1.#QNAN	0	0.031	0	6.30325e-007	1896.36	2089.44	2038.99
2088.65	1356.11	723	1.#QNAN	0	0.016	0	6.13251e-007	1903.36	2088.65	2038.32
2087.86	1355.33	724	1.#QNAN	0	0.016	1	6.22702e-007	1908.57	2087.86	2037.66
2087.08	1354.54	725	1.#QNAN	0	0.015	0	6.2606e-007	1950.94	2087.08	2037.01
2086.29	1353.77	726	1.#QNAN	0	0.016	0	6.22857e-007	1895.03	2086.29	2036.34
2085.5	1352.99	727	1.#QNAN	0	0.015	0	6.36227e-007	1893.6	2085.5	2035.68
2084.74	1352.24	728	1.#QNAN	0	0.016	0	6.38501e-007	1882.1	2084.74	2035.04
2083.95	1351.47	729	1.#QNAN	0	0.031	0	6.17491e-007	1884.75	2083.95	2034.38
2083.19	1350.71	730	1.#QNAN	0	0.016	0	6.33781e-007	1872.29	2083.19	2033.74
2082.36	1349.94	731	1.#QNAN	0	0.015	0	6.44925e-007	1853.63	2082.36	2033.04
2081.55	1349.16	732	1.#QNAN	0	0.016	0	6.02866e-007	1846.7	2081.55	2032.34
2080.76	1348.4	733	1.#QNAN	0	0.016	0	6.3812e-007	1857.81	2080.76	2031.68
2079.99	1347.67	734	1.#QNAN	0	0.015	0	6.29293e-007	1863.87	2079.99	2031.03
2079.17	1346.92	735	1.#QNAN	0	0.016	0	6.39614e-007	1835.74	2079.17	2030.33
2078.38	1346.18	736	1.#QNAN	0	0.031	0	6.33796e-007	1831.41	2078.38	2029.67
2077.59	1345.46	737	1.#QNAN	0	0.016	0	6.24584e-007	1822.62	2077.59	2028.99
2076.82	1344.74	738	1.#QNAN	0	0.015	0	6.47753e-007	1838.75	2076.82	2028.34
2076.04	1344.01	739	1.#QNAN	0	0.016	0	6.26953e-007	1845.09	2076.04	2027.68
2075.22	1343.28	740	1.#QNAN	0	0.015	0	6.15586e-007	1833.42	2075.22	2026.99
2074.44	1342.57	741	1.#QNAN	0	0.016	0	6.22802e-007	1832.43	2074.44	2026.32
2073.65	1341.88	742	1.#QNAN	0	0.016	0	6.58833e-007	1813.14	2073.65	2025.64
2072.89	1341.18	743	1.#QNAN	0	0.031	0	6.47901e-007	1829.08	2072.89	2025
2072.13	1340.49	744	1.#QNAN	0	0.015	0	6.11926e-007	1842.22	2072.13	2024.35
2071.36	1339.79	745	1.#QNAN	0	0.016	0	6.39049e-007	1828.94	2071.36	2023.7
2070.6	1339.09	746	1.#QNAN	0	0.016	0	6.26815e-007	1833.01	2070.6	2023.07
2069.85	1338.39	747	1.#QNAN	0	0.015	0	6.37276e-007	1842.1	2069.85	2022.42
2069.07	1337.68	748	1.#QNAN	0	0.016	0	6.53334e-007	1817.38	2069.07	2021.76
2068.32	1336.96	749	1.#QNAN	0	0.015	0	6.19212e-007	1845.29	2068.32	2021.13
2067.6	1336.26	750	1.#QNAN	0	0.032	0	6.17466e-007	1864.45	2067.6	2020.52
2066.88	1335.56	751	1.#QNAN	0	0.015	0	6.23873e-007	1888.88	2066.88	2019.92
2066.17	1334.88	752	1.#QNAN	0	0.016	0	6.38911e-007	1876	2066.17	2019.32
2065.47	1334.2	753	1.#QNAN	0	0.015	0	6.47672e-007	1893.57	2065.47	2018.74
2064.76	1333.51	754	1.#QNAN	0	0.016	0	6.35801e-007	1874.89	2064.76	2018.15
2064.07	1332.83	755	1.#QNAN	0	0.016	0	6.53695e-007	1887.41	2064.07	2017.57
2063.38	1332.17	756	1.#QNAN	0	0.015	0	6.37198e-007	1893.54	2063.38	2016.99
2062.67	1331.52	757	1.#QNAN	0	0.031	0	6.33728e-007	1893.84	2062.67	2016.39
2061.95	1330.83	758	1.#QNAN	0	0.016	0	6.48841e-007	1890.73	2061.95	2015.79
2061.23	1330.14	759	1.#QNAN	0	0.016	0	6.33199e-007	1884.67	2061.23	2015.18
2060.51	1329.47	760	1.#QNAN	0	0.015	0	6.34678e-007	1874.92	2060.51	2014.58
2059.79	1328.79	761	1.#QNAN	0	0.016	0	6.44271e-007	1883.41	2059.79	2013.97
2059.13	1328.14	762	1.#QNAN	0	0.015	0	6.25605e-007	1942.22	2059.13	2013.43
2058.45	1327.47	763	1.#QNAN	0	0.016	0	6.47455e-007	1919.81	2058.45	2012.85
2057.79	1326.8	764	1.#QNAN	0	0.016	0	6.43836e-007	1948.86	2057.79	2012.31
2057.1	1326.12	765	1.#QNAN	0	0.016	0	6.30451e-007	1898.32	2057.1	2011.73
2056.44	1325.46	766	1.#QNAN	0	0.015	0	6.03867e-007	1936.33	2056.44	2011.18
2055.73	1324.79	767	1.#QNAN	0	0.016	0	6.33552e-007	1890.52	2055.73	2010.59
2055.07	1324.13	768	1.#QNAN	0	0.016	0	6.26265e-007	1919.68	2055.07	2010.04
2054.39	1323.47	769	1.#QNAN	0	0.015	0	6.35441e-007	1911.09	2054.39	2009.47
2053.73	1322.81	770	1.#QNAN	0	0.016	0	6.40553e-007	1908.43	2053.73	2008.92
2053.11	1322.17	771	1.#QNAN	0	0.015	0	6.36869e-007	1940.59	2053.11	2008.41
2052.48	1321.52	772	1.#QNAN	0	0.032	0	6.4794e-007	1939.94	2052.48	2007.89
2051.87	1320.9	773	1.#QNAN	0	0.015	0	6.43608e-007	1946.17	2051.87	2007.39
2051.23	1320.24	774	1.#QNAN	0	0.016	0	6.26298e-007	1933.5	2051.23	2006.86
2050.57	1319.59	775	1.#QNAN	0	0.015	0	6.26889e-007	1922.83	2050.57	2006.31
2049.92	1318.96	776	1.#QNAN	0	0.016	0	6.0423e-007	1900.26	2049.92	2005.76
2049.29	1318.35	777	1.#QNAN	0	0.031	0	6.24765e-007	1902.95	2049.29	2005.24
2048.67	1317.73	778	1.#QNAN	0	0.016	0	6.07326e-007	1901.91	2048.67	2004.72
2048.04	1317.1	779	1.#QNAN	0	0.015	0	6.38835e-007	1917.16	2048.04	2004.19
2047.41	1316.47	780	1.#QNAN	0	0.016	1	6.36318e-007	1919.91	2047.41	2003.67
2046.79	1315.84	781	1.#QNAN	0	0.016	0	6.33404e-007	1949.81	2046.79	2003.16
2046.17	1315.23	782	1.#QNAN	0	0.015	0	6.36247e-007	1938.71	2046.17	2002.64
2045.59	1314.62	783	1.#QNAN	0	0.016	0	6.43392e-007	1964.77	2045.59	2002.17
2044.98	1313.99	784	1.#QNAN	0	0.031	0	6.44007e-007	1947.44	2044.98	2001.66
2044.38	1313.37	785	1.#QNAN	0	0.016	0	6.31879e-007	1941.05	2044.38	2001.16
2043.77	1312.75	786	1.#QNAN	0	0.015	0	6.31727e-007	1964.24	2043.77	2000.65
2043.16	1312.13	787	1.#QNAN	0	0.016	0	6.50413e-007	1940.09	2043.16	2000.14
2042.51	1311.49	788	1.#QNAN	0	0.015	0	6.4394e-007	1882.51	2042.51	1999.6
2041.85	1310.85	789	1.#QNAN	0	0.016	0	6.1588e-007	1869.75	2041.85	1999.04
2041.21	1310.23	790	1.#QNAN	0	0.016	0	6.28626e-007	1865.22	2041.21	1998.5
2040.58	1309.6	791	1.#QNAN	0	0.031	0	6.14864e-007	1856.78	2040.58	1997.96
2039.95	1308.99	792	1.#QNAN	0	0.015	0	6.25943e-007	1865.37	2039.95	1997.43
2039.35	1308.38	793	1.#QNAN	0	0.016	0	6.63516e-007	1885.32	2039.35	1996.93
2038.75	1307.78	794	1.#QNAN	0	0.016	0	6.36989e-007	1878.08	2038.75	1996.44
2038.14	1307.18	795	1.#QNAN	0	0.015	0	6.41793e-007	1855.92	2038.14	1995.92
2037.54	1306.57	796	1.#QNAN	0	0.016	0	6.27344e-007	1876.64	2037.54	1995.43
2036.97	1305.98	797	1.#QNAN	0	0.015	0	6.51922e-007	1904.82	2036.97	1994.96
2036.43	1305.38	798	1.#QNAN	0	0.032	0	6.59643e-007	1944.73	2036.43	1994.52
2035.86	1304.79	799	1.#QNAN	0	0.015	0	6.36149e-007	1911.75	2035.86	1994.05
2035.3	1304.2	800	1.#QNAN	0	0.016	0	6.39294e-007	1920.34	2035.3	1993.59
2034.74	1303.61	801	1.#QNAN	0	0.015	0	6.43443e-007	1916.06	2034.74	1993.13
2034.15	1303.02	802	1.#QNAN	0	0.016	0	6.39354e-007	1918.63	2034.15	1992.64
2033.63	1302.44	803	1.#QNAN	0	0.016	0	6.61393e-007	1951.77	2033.63	1992.21
2033.08	1301.86	804	1.#QNAN	0	0.015	0	6.42371e-007	1924.67	2033.08	1991.76
2032.56	1301.3	805	1.#QNAN	0	0.031	0	6.38091e-007	1941.56	2032.56	1991.34
2032.02	1300.74	806	1.#QNAN	0	0.016	0	6.50662e-007	1940.91	2032.02	1990.9
2031.48	1300.15	807	1.#QNAN	0	0.016	0	6.36845e-007	1936.22	2031.48	1990.45
2030.95	1299.57	808	1.#QNAN	0	0.015	0	6.26405e-007	1933.62	2030.95	1990.03
2030.41	1299	809	1.#QNAN	0	0.016	0	6.44847e-007	1924.55	2030.41	1989.59
2029.88	1298.43	810	1.#QNAN	0	0.015	0	6.44428e-007	1922.44	2029.88	1989.15
2029.35	1297.87	811	1.#QNAN	0	0.016	0	6.43971e-007	1903.91	2029.35	1988.71
2028.83	1297.31	812	1.#QNAN	0	0.031	0	6.31768e-007	1940.13	2028.83	1988.3
2028.28	1296.74	813	1.#QNAN	0	0.016	0	6.52994e-007	1887.52	2028.28	1987.85
2027.72	1296.16	814	1.#QNAN	0	0.015	0	6.52014e-007	1895.59	2027.72	1987.38
2027.18	1295.6	815	1.#QNAN	0	0.016	0	6.80586e-007	1911.89	2027.18	1986.94
2026.65	1295.04	816	1.#QNAN	0	0.016	0	6.40183e-007	1924.67	2026.65	1986.5
2026.1	1294.48	817	1.#QNAN	0	0.015	0	6.36365e-007	1903.67	2026.1	1986.05
2025.53	1293.91	818	1.#QNAN	0	0.016	0	6.60101e-007	1874.19	2025.53	1985.57
2024.97	1293.36	819	1.#QNAN	0	0.031	0	6.50283e-007	1868.94	2024.97	1985.11
2024.39	1292.79	820	1.#QNAN	0	0.016	0	6.43645e-007	1856.66	2024.39	1984.63
2023.85	1292.25	821	1.#QNAN	0	0.015	0	6.40999e-007	1862.04	2023.85	1984.17
2023.27	1291.7	822	1.#QNAN	0	0.016	0	6.59559e-007	1846.33	2023.27	1983.68
2022.74	1291.16	823	1.#QNAN	0	0.015	0	6.28967e-007	1879.25	2022.74	1983.24
2022.17	1290.61	824	1.#QNAN	0	0.016	0	6.42505e-007	1855.41	2022.17	1982.77
2021.61	1290.06	825	1.#QNAN	0	0.016	0	6.57401e-007	1857.2	2021.61	1982.3
2021.02	1289.49	826	1.#QNAN	0	0.031	0	6.27371e-007	1826.25	2021.02	1981.8
2020.47	1288.95	827	1.#QNAN	0	0.015	0	6.37839e-007	1852.55	2020.47	1981.33
2019.92	1288.41	828	1.#QNAN	0	0.016	0	6.51223e-007	1849.15	2019.92	1980.87
2019.38	1287.88	829	1.#QNAN	0	0.016	0	6.3241e-007	1866.95	2019.38	1980.42
2018.8	1287.31	830	1.#QNAN	0	0.015	0	6.58776e-007	1839.18	2018.8	1979.93
2018.24	1286.75	831	1.#QNAN	0	0.016	0	6.5199e-007	1857.98	2018.24	1979.46
2017.66	1286.17	832	1.#QNAN	0	0.031	0	6.31135e-007	1837.02	2017.66	1978.97
2017.08	1285.62	833	1.#QNAN	0	0.016	0	6.49138e-007	1830.33	2017.08	1978.48
2016.54	1285.07	834	1.#QNAN	0	0.015	0	6.20753e-007	1844.05	2016.54	1978.02
2016	1284.53	835	1.#QNAN	0	0.016	0	6.12083e-007	1864.29	2016	1977.57
2015.47	1283.98	836	1.#QNAN	0	0.015	1	6.52672e-007	1879.23	2015.47	1977.12
2014.95	1283.43	837	1.#QNAN	0	0.016	0	6.38506e-007	1867.18	2014.95	1976.69
2014.48	1282.91	838	1.#QNAN	0	0.031	0	6.4881e-007	1924.08	2014.48	1976.31
2014.02	1282.38	839	1.#QNAN	0	0.016	0	6.52423e-007	1925.38	2014.02	1975.94
2013.54	1281.83	840	1.#QNAN	0	0.015	0	6.59622e-007	1909.94	2013.54	1975.55
2013.08	1281.3	841	1.#QNAN	0	0.016	0	6.08787e-007	1920.29	2013.08	1975.17
2012.64	1280.77	842	1.#QNAN	0	0.016	0	6.37617e-007	1956.38	2012.64	1974.82
2012.2	1280.25	843	1.#QNAN	0	0.015	0	6.29401e-007	1941.46	2012.2	1974.47
2011.72	1279.71	844	1.#QNAN	0	0.031	0	6.17104e-007	1924.13	2011.72	1974.08
2011.27	1279.18	845	1.#QNAN	0	0.016	0	6.21443e-007	1955.96	2011.27	1973.71
2010.78	1278.63	846	1.#QNAN	0	0.016	0	6.29864e-007	1931.03	2010.78	1973.32
2010.33	1278.11	847	1.#QNAN	0	0.015	0	6.48789e-007	1954.68	2010.33	1972.95
2009.84	1277.56	848	1.#QNAN	0	0.016	0	6.48673e-007	1915.09	2009.84	1972.55
2009.36	1277.02	849	1.#QNAN	0	0.015	0	6.23327e-007	1928.82	2009.36	1972.16
2008.87	1276.5	850	1.#QNAN	0	0.032	0	6.38747e-007	1914.76	2008.87	1971.75
2008.37	1275.97	851	1.#QNAN	0	0.015	0	6.54356e-007	1903.99	2008.37	1971.34
2007.89	1275.45	852	1.#QNAN	0	0.016	0	6.69101e-007	1943.5	2007.89	1970.95
2007.41	1274.92	853	1.#QNAN	0	0.015	0	6.37122e-007	1913.64	2007.41	1970.54
2006.91	1274.39	854	1.#QNAN	0	0.016	0	6.57938e-007	1923.58	2006.91	1970.13
2006.39	1273.85	855	1.#QNAN	0	0.016	0	6.36721e-007	1869.1	2006.39	1969.7
2005.87	1273.32	856	1.#QNAN	0	0.031	0	6.4191e-007	1869.61	2005.87	1969.26
2005.35	1272.8	857	1.#QNAN	0	0.015	0	6.6067e-007	1852.57	2005.35	1968.82
2004.83	1272.28	858	1.#QNAN	0	0.016	0	6.49558e-007	1851.69	2004.83	1968.39
2004.33	1271.77	859	1.#QNAN	0	0.016	0	6.46714e-007	1864.03	2004.33	1967.97
2003.83	1271.25	860	1.#QNAN	0	0.015	0	6.64304e-007	1868.17	2003.83	1967.54
2003.32	1270.73	861	1.#QNAN	0	0.016	0	6.26469e-007	1888.25	2003.32	1967.11
2002.81	1270.21	862	1.#QNAN	0	0.031	0	6.32089e-007	1882.66	2002.81	1966.68
2002.31	1269.69	863	1.#QNAN	0	0.016	0	6.61963e-007	1872.68	2002.31	1966.27
2001.84	1269.19	864	1.#QNAN	0	0.015	0	6.41017e-007	1891.5	2001.84	1965.88
2001.35	1268.7	865	1.#QNAN	0	0.016	0	6.51292e-007	1879.97	2001.35	1965.47
2000.85	1268.18	866	1.#QNAN	0	0.015	0	6.31039e-007	1872.44	2000.85	1965.04
2000.36	1267.69	867	1.#QNAN	0	0.016	0	6.41418e-007	1860.49	2000.36	1964.64
1999.87	1267.19	868	1.#QNAN	0	0.016	0	6.55079e-007	1883.03	1999.87	1964.23
1999.42	1266.7	869	1.#QNAN	0	0.031	0	6.26492e-007	1914.77	1999.42	1963.85
1998.95	1266.23	870	1.#QNAN	0	0.015	0	6.67036e-007	1892.47	1998.95	1963.47
1998.51	1265.78	871	1.#QNAN	0	0.016	0	6.35385e-007	1898.47	1998.51	1963.1
1998.04	1265.31	872	1.#QNAN	0	0.016	0	6.4913e-007	1886.3	1998.04	1962.71
1997.58	1264.84	873	1.#QNAN	0	0.015	0	6.1264e-007	1901.27	1997.58	1962.33
1997.14	1264.38	874	1.#QNAN	0	0.016	0	6.29066e-007	1919.89	1997.14	1961.97
1996.69	1263.91	875	1.#QNAN	0	0.031	0	6.48919e-007	1910.1	1996.69	1961.6
1996.26	1263.44	876	1.#QNAN	0	0.016	0	6.41088e-007	1945.76	1996.26	1961.24
1995.86	1262.97	877	1.#QNAN	0	0.015	0	6.31471e-007	1976.27	1995.86	1960.92
1995.43	1262.5	878	1.#QNAN	0	0.016	0	6.40228e-007	1949.34	1995.43	1960.57
1994.98	1262.04	879	1.#QNAN	0	0.015	0	6.23413e-007	1919.17	1994.98	1960.2
1994.54	1261.58	880	1.#QNAN	0	0.016	0	6.45048e-007	1923.03	1994.54	1959.84
1994.08	1261.13	881	1.#QNAN	0	0.031	0	6.46995e-007	1910.15	1994.08	1959.45
1993.62	1260.68	882	1.#QNAN	0	0.016	0	6.53993e-007	1897.21	1993.62	1959.07
1993.14	1260.2	883	1.#QNAN	0	0.015	0	6.46531e-007	1876.77	1993.14	1958.67
1992.66	1259.73	884	1.#QNAN	0	0.016	0	6.44694e-007	1848.6	1992.66	1958.26
1992.22	1259.26	885	1.#QNAN	0	0.016	0	6.38633e-007	1883.08	1992.22	1957.89
1991.77	1258.82	886	1.#QNAN	0	0.015	0	6.60748e-007	1879.69	1991.77	1957.52
1991.32	1258.37	887	1.#QNAN	0	0.031	0	6.39618e-007	1877.45	1991.32	1957.14
1990.9	1257.93	888	1.#QNAN	0	0.016	0	6.44998e-007	1874.7	1990.9	1956.79
1990.48	1257.48	889	1.#QNAN	0	0.016	0	6.44338e-007	1905.32	1990.48	1956.45
1990.01	1257.02	890	1.#QNAN	0	0.015	0	6.40314e-007	1875.67	1990.01	1956.05
1989.55	1256.56	891	1.#QNAN	0	0.016	1	6.63976e-007	1875.22	1989.55	1955.67
1989.1	1256.1	892	1.#QNAN	0	0.015	0	6.67993e-007	1872.47	1989.1	1955.29
1988.66	1255.63	893	1.#QNAN	0	0.016	0	6.31319e-007	1874.78	1988.66	1954.92
1988.21	1255.18	894	1.#QNAN	0	0.031	0	6.36453e-007	1885.81	1988.21	1954.55
1987.79	1254.74	895	1.#QNAN	0	0.016	0	6.56571e-007	1913.41	1987.79	1954.2
1987.34	1254.28	896	1.#QNAN	0	0.015	0	6.45257e-007	1893.13	1987.34	1953.83
1986.88	1253.81	897	1.#QNAN	0	0.016	0	6.88024e-007	1877.46	1986.88	1953.44
1986.38	1253.33	898	1.#QNAN	0	0.016	0	6.3485e-007	1844.24	1986.38	1953.01
1985.86	1252.86	899	1.#QNAN	0	0.015	0	6.60226e-007	1834.88	1985.86	1952.56
1985.34	1252.37	900	1.#QNAN	0	0.016	0	6.39733e-007	1837.74	1985.34	1952.11
1984.83	1251.91	901	1.#QNAN	0	0.031	0	6.17238e-007	1822.91	1984.83	1951.67
1984.34	1251.44	902	1.#QNAN	0	0.016	0	6.64392e-007	1855.83	1984.34	1951.25
1983.84	1250.96	903	1.#QNAN	0	0.015	0	6.54525e-007	1838.82	1983.84	1950.82
1983.35	1250.49	904	1.#QNAN	0	0.016	0	6.24166e-007	1825.6	1983.35	1950.4
1982.85	1250.02	905	1.#QNAN	0	0.015	0	6.34724e-007	1828.91	1982.85	1949.98
1982.36	1249.55	906	1.#QNAN	0	0.016	0	6.44494e-007	1825.4	1982.36	1949.56
1981.87	1249.07	907	1.#QNAN	0	0.016	0	6.1065e-007	1841.35	1981.87	1949.14
1981.38	1248.6	908	1.#QNAN	0	0.031	0	6.5323e-007	1819.69	1981.38	1948.71
1980.89	1248.14	909	1.#QNAN	0	0.015	0	6.27237e-007	1832.74	1980.89	1948.3
1980.4	1247.67	910	1.#QNAN	0	0.016	0	6.71408e-007	1821.75	1980.4	1947.87
1979.91	1247.2	911	1.#QNAN	0	0.016	0	6.46728e-007	1817.27	1979.91	1947.46
1979.43	1246.75	912	1.#QNAN	0	0.015	0	6.43441e-007	1801.24	1979.43	1947.04
1978.95	1246.29	913	1.#QNAN	0	0.016	0	6.25455e-007	1811.25	1978.95	1946.63
1978.51	1245.87	914	1.#QNAN	0	0.015	0	6.49467e-007	1834.61	1978.51	1946.26
1978.03	1245.41	915	1.#QNAN	0	0.032	0	6.63181e-007	1803.74	1978.03	1945.85
1977.54	1244.95	916	1.#QNAN	0	0.015	0	6.61259e-007	1785.26	1977.54	1945.42
1977.05	1244.48	917	1.#QNAN	0	0.016	0	6.63223e-007	1789.79	1977.05	1945
1976.57	1244.02	918	1.#QNAN	0	0.015	0	6.32206e-007	1820.48	1976.57	1944.6
1976.1	1243.58	919	1.#QNAN	0	0.016	0	6.46359e-007	1801.11	1976.1	1944.19
1975.63	1243.13	920	1.#QNAN	0	0.016	0	6.47882e-007	1821.79	1975.63	1943.79
1975.18	1242.68	921	1.#QNAN	0	0.031	0	6.43593e-007	1840.5	1975.18	1943.41
1974.73	1242.26	922	1.#QNAN	0	0.015	0	6.38874e-007	1838.79	1974.73	1943.03
1974.25	1241.8	923	1.#QNAN	0	0.016	0	6.34438e-007	1816.35	1974.25	1942.62
1973.77	1241.36	924	1.#QNAN	0	0.016	0	6.32513e-007	1795.93	1973.77	1942.2
1973.31	1240.9	925	1.#QNAN	0	0.015	0	6.52314e-007	1820.37	1973.31	1941.81
1972.86	1240.47	926	1.#QNAN	0	0.016	0	6.55458e-007	1800.64	1972.86	1941.42
1972.41	1240.03	927	1.#QNAN	0	0.031	0	6.39292e-007	1823.34	1972.41	1941.04
1971.96	1239.6	928	1.#QNAN	0	0.016	0	6.42909e-007	1811.16	1971.96	1940.65
1971.53	1239.18	929	1.#QNAN	0	0.015	0	6.27479e-007	1809.97	1971.53	1940.29
1971.09	1238.76	930	1.#QNAN	0	0.016	0	6.26557e-007	1814.14	1971.09	1939.91
1970.66	1238.33	931	1.#QNAN	0	0.015	0	6.56085e-007	1839.51	1970.66	1939.54
1970.24	1237.91	932	1.#QNAN	0	0.016	0	6.30493e-007	1843.18	1970.24	1939.19
1969.82	1237.49	933	1.#QNAN	0	0.016	0	6.51504e-007	1839.54	1969.82	1938.83
1969.4	1237.08	934	1.#QNAN	0	0.031	0	6.53284e-007	1829.63	1969.4	1938.47
1968.98	1236.65	935	1.#QNAN	0	0.015	0	6.50812e-007	1820.7	1968.98	1938.11
1968.56	1236.23	936	1.#QNAN	0	0.016	0	6.55707e-007	1813.38	1968.56	1937.76
1968.14	1235.81	937	1.#QNAN	0	0.016	0	6.48898e-007	1827.4	1968.14	1937.4
1967.73	1235.38	938	1.#QNAN	0	0.015	0	6.59997e-007	1825.7	1967.73	1937.05
1967.35	1234.96	939	1.#QNAN	0	0.016	0	6.40931e-007	1866.28	1967.35	1936.74
1966.96	1234.55	940	1.#QNAN	0	0.015	0	6.75514e-007	1840.25	1966.96	1936.41
1966.52	1234.13	941	1.#QNAN	0	0.032	0	6.49691e-007	1788.78	1966.52	1936.03
1966.08	1233.71	942	1.#QNAN	0	0.015	0	6.61676e-007	1786.9	1966.08	1935.65
1965.67	1233.32	943	1.#QNAN	0	0.016	0	6.27827e-007	1812.33	1965.67	1935.3
1965.21	1232.89	944	1.#QNAN	0	0.015	0	6.36137e-007	1796.22	1965.21	1934.91
1964.79	1232.48	945	1.#QNAN	0	0.016	0	6.63019e-007	1806.09	1964.79	1934.55
1964.35	1232.06	946	1.#QNAN	0	0.016	0	6.48643e-007	1778.78	1964.35	1934.17
1963.91	1231.65	947	1.#QNAN	0	0.015	1	6.71519e-007	1780.82	1963.91	1933.79
1963.49	1231.23	948	1.#QNAN	0	0.031	0	6.46455e-007	1801.41	1963.49	1933.43
1963.05	1230.81	949	1.#QNAN	0	0.016	0	6.64801e-007	1794.13	1963.05	1933.06
1962.63	1230.4	950	1.#QNAN	0	0.016	0	6.55137e-007	1790.77	1962.63	1932.69
1962.22	1229.99	951	1.#QNAN	0	0.015	0	6.5972e-007	1815.96	1962.22	1932.34
1961.84	1229.58	952	1.#QNAN	0	0.016	0	6.46554e-007	1833.58	1961.84	1932.02
1961.46	1229.17	953	1.#QNAN	0	0.015	0	6.38913e-007	1855.86	1961.46	1931.71
1961.08	1228.77	954	1.#QNAN	0	0.016	0	6.60261e-007	1845.51	1961.08	1931.38
1960.68	1228.36	955	1.#QNAN	0	0.031	0	6.53037e-007	1818.22	1960.68	1931.04
1960.28	1227.96	956	1.#QNAN	0	0.016	0	6.67919e-007	1825.64	1960.28	1930.7
1959.88	1227.58	957	1.#QNAN	0	0.015	0	6.80764e-007	1819.31	1959.88	1930.36
1959.48	1227.18	958	1.#QNAN	0	0.016	0	6.64246e-007	1811.53	1959.48	1930.02
1959.07	1226.79	959	1.#QNAN	0	0.016	0	6.54985e-007	1824.34	1959.07	1929.67
1958.67	1226.39	960	1.#QNAN	0	0.015	0	6.62062e-007	1823.19	1958.67	1929.33
1958.26	1226	961	1.#QNAN	0	0.016	0	6.61165e-007	1801.42	1958.26	1928.98
1957.84	1225.6	962	1.#QNAN	0	0.031	0	6.38978e-007	1786.2	1957.84	1928.61
1957.43	1225.2	963	1.#QNAN	0	0.016	0	6.5529e-007	1810.84	1957.43	1928.26
1957.02	1224.8	964	1.#QNAN	0	0.015	0	6.47321e-007	1817.94	1957.02	1927.92
1956.63	1224.41	965	1.#QNAN	0	0.016	0	6.49284e-007	1816.36	1956.63	1927.58
1956.23	1224.01	966	1.#QNAN	0	0.015	0	6.45015e-007	1815.49	1956.23	1927.24
1955.8	1223.61	967	1.#QNAN	0	0.016	0	6.50198e-007	1776.53	1955.8	1926.86
1955.37	1223.19	968	1.#QNAN	0	0.031	0	6.57188e-007	1785.61	1955.37	1926.49
1954.95	1222.79	969	1.#QNAN	0	0.016	0	6.49715e-007	1789.38	1954.95	1926.12
1954.54	1222.38	970	1.#QNAN	0	0.015	0	6.53383e-007	1790.62	1954.54	1925.76
1954.12	1221.97	971	1.#QNAN	0	0.016	0	6.2974e-007	1811.34	1954.12	1925.41
1953.71	1221.55	972	1.#QNAN	0	0.016	0	6.54751e-007	1815.7	1953.71	1925.05
1953.31	1221.16	973	1.#QNAN	0	0.015	0	6.47134e-007	1817.18	1953.31	1924.71
1952.92	1220.76	974	1.#QNAN	0	0.016	0	6.65419e-007	1830.66	1952.92	1924.37
1952.54	1220.36	975	1.#QNAN	0	0.031	0	6.55466e-007	1850.93	1952.54	1924.04
1952.14	1219.95	976	1.#QNAN	0	0.016	0	6.61727e-007	1841.34	1952.14	1923.71
1951.75	1219.55	977	1.#QNAN	0	0.015	0	6.39964e-007	1829.76	1951.75	1923.37
1951.35	1219.15	978	1.#QNAN	0	0.016	0	6.39241e-007	1826.43	1951.35	1923.03
1950.96	1218.76	979	1.#QNAN	0	0.015	0	6.58057e-007	1816.64	1950.96	1922.7
1950.56	1218.37	980	1.#QNAN	0	0.016	0	6.53152e-007	1803.78	1950.56	1922.35
1950.17	1217.99	981	1.#QNAN	0	0.031	0	6.59609e-007	1816.93	1950.17	1922.01
1949.78	1217.59	982	1.#QNAN	0	0.016	0	6.51173e-007	1817.81	1949.78	1921.68
1949.37	1217.21	983	1.#QNAN	0	0.015	0	6.43731e-007	1787.13	1949.37	1921.33
1948.98	1216.82	984	1.#QNAN	0	0.016	0	6.79922e-007	1804.31	1948.98	1920.99
1948.58	1216.44	985	1.#QNAN	0	0.016	0	6.53849e-007	1805.63	1948.58	1920.65
1948.18	1216.06	986	1.#QNAN	0	0.015	0	6.72283e-007	1807.12	1948.18	1920.3
1947.79	1215.68	987	1.#QNAN	0	0.031	0	6.56564e-007	1787.72	1947.79	1919.96
1947.4	1215.32	988	1.#QNAN	0	0.016	0	6.68367e-007	1802.55	1947.4	1919.62
1947.03	1214.94	989	1.#QNAN	0	0.016	0	6.55739e-007	1806.51	1947.03	1919.31
1946.66	1214.57	990	1.#QNAN	0	0.015	0	6.62155e-007	1811.61	1946.66	1918.99
1946.26	1214.19	991	1.#QNAN	0	0.016	0	6.48305e-007	1784.54	1946.26	1918.65
1945.86	1213.8	992	1.#QNAN	0	0.015	0	6.52386e-007	1772.1	1945.86	1918.3
1945.46	1213.4	993	1.#QNAN	0	0.016	0	6.48974e-007	1794.84	1945.46	1917.95
1945.04	1213	994	1.#QNAN	0	0.031	0	6.52019e-007	1763.59	1945.04	1917.59
1944.62	1212.62	995	1.#QNAN	0	0.016	0	6.68301e-007	1752.88	1944.62	1917.22
1944.23	1212.24	996	1.#QNAN	0	0.015	0	6.49727e-007	1789.82	1944.23	1916.88
1943.83	1211.85	997	1.#QNAN	0	0.016	0	6.63773e-007	1771.59	1943.83	1916.54
1943.47	1211.48	998	1.#QNAN	0	0.016	0	6.67728e-007	1788.11	1943.47	1916.23
1943.09	1211.1	999	1.#QNAN	0	0.031	0	6.41346e-007	1804.43	1943.09	1915.9
1942.71	1210.72	1000	1.#QNAN	0	0.015	0	6.47881e-007	1804.56	1942.71	1915.57
1942.34	1210.35	1001	1.#QNAN	0	0.016	0	6.52952e-007	1802.79	1942.34	1915.26
1941.97	1209.98	1002	1.#QNAN	0	0.016	1	6.58059e-007	1827.87	1941.97	1914.94
1941.6	1209.61	1003	1.#QNAN	0	0.015	0	6.6574e-007	1815.94	1941.6	1914.62
1941.24	1209.25	1004	1.#QNAN	0	0.016	0	6.67162e-007	1817.9	1941.24	1914.31
1940.88	1208.87	1005	1.#QNAN	0	0.015	0	6.8208e-007	1804.3	1940.88	1914.01
1940.52	1208.52	1006	1.#QNAN	0	0.032	0	6.69176e-007	1801.23	1940.52	1913.7
1940.12	1208.16	1007	1.#QNAN	0	0.015	0	6.50353e-007	1769.79	1940.12	1913.36
1939.7	1207.79	1008	1.#QNAN	0	0.016	0	6.17822e-007	1764.39	1939.7	1912.99
1939.31	1207.42	1009	1.#QNAN	0	0.015	0	6.39105e-007	1780.87	1939.31	1912.65
1938.94	1207.06	1010	1.#QNAN	0	0.016	0	6.70334e-007	1795.07	1938.94	1912.33
1938.59	1206.7	1011	1.#QNAN	0	0.016	0	6.54048e-007	1805.55	1938.59	1912.03
1938.2	1206.34	1012	1.#QNAN	0	0.031	0	6.62759e-007	1780.99	1938.2	1911.69
1937.82	1205.98	1013	1.#QNAN	0	0.015	0	6.49998e-007	1779.78	1937.82	1911.37
1937.43	1205.61	1014	1.#QNAN	0	0.016	0	6.7008e-007	1771.9	1937.43	1911.02
1937.05	1205.24	1015	1.#QNAN	0	0.016	0	6.48907e-007	1795.82	1937.05	1910.7
1936.67	1204.87	1016	1.#QNAN	0	0.015	0	6.65866e-007	1787.14	1936.67	1910.37
1936.32	1204.51	1017	1.#QNAN	0	0.016	0	6.45019e-007	1819.77	1936.32	1910.07
1935.97	1204.16	1018	1.#QNAN	0	0.015	0	6.7151e-007	1807.65	1935.97	1909.77
1935.63	1203.81	1019	1.#QNAN	0	0.016	0	6.40242e-007	1828.92	1935.63	1909.48
1935.3	1203.46	1020	1.#QNAN	0	0.031	0	6.57427e-007	1832.6	1935.3	1909.2
1934.94	1203.11	1021	1.#QNAN	0	0.016	0	6.65063e-007	1785.88	1934.94	1908.88
1934.58	1202.77	1022	1.#QNAN	0	0.015	0	6.5891e-007	1796.78	1934.58	1908.57
1934.21	1202.42	1023	1.#QNAN	0	0.016	0	6.90036e-007	1784.04	1934.21	1908.26
1933.85	1202.08	1024	1.#QNAN	0	0.016	0	6.80171e-007	1798.9	1933.85	1907.94
1933.52	1201.74	1025	1.#QNAN	0	0.015	0	6.61904e-007	1817.44	1933.52	1907.66
1933.2	1201.42	1026	1.#QNAN	0	0.016	0	6.76058e-007	1820.86	1933.2	1907.39
1932.87	1201.09	1027	1.#QNAN	0	0.016	0	6.68392e-007	1810.37	1932.87	1907.11
1932.55	1200.76	1028	1.#QNAN	0	0.016	0	6.73361e-007	1837.57	1932.55	1906.84
1932.25	1200.44	1029	1.#QNAN	0	0.015	0	6.55039e-007	1842.91	1932.25	1906.58
1931.94	1200.1	1030	1.#QNAN	0	0.016	0	6.56825e-007	1840.66	1931.94	1906.33
1931.63	1199.77	1031	1.#QNAN	0	0.015	0	6.70766e-007	1830.36	1931.63	1906.06
1931.3	1199.44	1032	1.#QNAN	0	0.032	0	6.99004e-007	1810.8	1931.3	1905.78
1930.99	1199.12	1033	1.#QNAN	0	0.015	0	6.57699e-007	1817.41	1930.99	1905.51
1930.7	1198.8	1034	1.#QNAN	0	0.016	0	6.58569e-007	1845.18	1930.7	1905.27
1930.4	1198.47	1035	1.#QNAN	0	0.015	0	6.78999e-007	1843.09	1930.4	1905.02
1930.1	1198.15	1036	1.#QNAN	0	0.016	0	6.74741e-007	1834.46	1930.1	1904.77
1929.81	1197.83	1037	1.#QNAN	0	0.016	0	6.57738e-007	1849.8	1929.81	1904.52
1929.49	1197.5	1038	1.#QNAN	0	0.015	0	6.76353e-007	1809.91	1929.49	1904.25
1929.16	1197.16	1039	1.#QNAN	0	0.031	0	6.70903e-007	1816.9	1929.16	1903.96
1928.82	1196.81	1040	1.#QNAN	0	0.016	0	6.71001e-007	1804.43	1928.82	1903.67
1928.47	1196.47	1041	1.#QNAN	0	0.016	0	6.554e-007	1773.65	1928.47	1903.37
1928.18	1196.15	1042	1.#QNAN	0	0.015	0	6.60793e-007	1856.08	1928.18	1903.12
1927.86	1195.82	1043	1.#QNAN	0	0.016	0	6.74862e-007	1812.1	1927.86	1902.85
1927.54	1195.48	1044	1.#QNAN	0	0.015	0	6.57742e-007	1854.67	1927.54	1902.58
1927.22	1195.13	1045	1.#QNAN	0	0.016	0	6.44987e-007	1833.54	1927.22	1902.3
1926.89	1194.79	1046	1.#QNAN	0	0.031	0	6.42147e-007	1824.28	1926.89	1902.02
1926.56	1194.46	1047	1.#QNAN	0	0.016	0	6.49094e-007	1828.23	1926.56	1901.73
1926.24	1194.14	1048	1.#QNAN	0	0.015	0	6.70158e-007	1821.77	1926.24	1901.46
1925.92	1193.82	1049	1.#QNAN	0	0.016	0	6.67885e-007	1799.88	1925.92	1901.19
1925.6	1193.5	1050	1.#QNAN	0	0.016	0	6.28644e-007	1818.27	1925.6	1900.91
1925.3	1193.19	1051	1.#QNAN	0	0.015	0	6.56021e-007	1816.78	1925.3	1900.65
1924.98	1192.87	1052	1.#QNAN	0	0.016	0	6.62494e-007	1809.81	1924.98	1900.38
1924.66	1192.53	1053	1.#QNAN	0	0.031	0	6.67554e-007	1810.64	1924.66	1900.1
1924.32	1192.2	1054	1.#QNAN	0	0.016	0	6.61551e-007	1781.58	1924.32	1899.8
1923.99	1191.86	1055	1.#QNAN	0	0.015	0	6.55769e-007	1805.63	1923.99	1899.52
1923.69	1191.54	1056	1.#QNAN	0	0.016	0	6.39459e-007	1832.32	1923.69	1899.27
1923.41	1191.23	1057	1.#QNAN	0	0.015	0	6.68443e-007	1844.59	1923.41	1899.03
1923.13	1190.91	1058	1.#QNAN	0	0.016	1	6.69532e-007	1871.22	1923.13	1898.79
1922.86	1190.59	1059	1.#QNAN	0	0.016	0	6.65842e-007	1862.22	1922.86	1898.57
1922.6	1190.3	1060	1.#QNAN	0	0.031	0	6.59722e-007	1885.71	1922.6	1898.36
1922.36	1190.01	1061	1.#QNAN	0	0.015	0	6.66837e-007	1890.52	1922.36	1898.15
1922.1	1189.7	1062	1.#QNAN	0	0.016	0	6.28301e-007	1884.99	1922.1	1897.94
1921.85	1189.4	1063	1.#QNAN	0	0.016	0	6.41391e-007	1887.06	1921.85	1897.74
1921.6	1189.1	1064	1.#QNAN	0	0.015	0	6.85715e-007	1871.99	1921.6	1897.53
1921.35	1188.8	1065	1.#QNAN	0	0.016	0	6.50672e-007	1884.74	1921.35	1897.33
1921.12	1188.5	1066	1.#QNAN	0	0.031	0	6.47642e-007	1892.92	1921.12	1897.15
1920.87	1188.21	1067	1.#QNAN	0	0.016	0	6.56647e-007	1879.32	1920.87	1896.95
1920.63	1187.91	1068	1.#QNAN	0	0.015	0	6.67016e-007	1893.5	1920.63	1896.75
1920.37	1187.62	1069	1.#QNAN	0	0.016	0	6.46746e-007	1874.71	1920.37	1896.54
1920.12	1187.33	1070	1.#QNAN	0	0.015	0	6.59526e-007	1896.31	1920.12	1896.33
1919.86	1187.04	1071	1.#QNAN	0	0.016	0	6.90874e-007	1888.09	1919.86	1896.12
1919.58	1186.73	1072	1.#QNAN	0	0.016	0	6.45819e-007	1853.3	1919.58	1895.88
1919.3	1186.43	1073	1.#QNAN	0	0.031	0	6.53286e-007	1857.25	1919.3	1895.64
1919.02	1186.15	1074	1.#QNAN	0	0.015	0	6.63231e-007	1822.93	1919.02	1895.41
1918.75	1185.86	1075	1.#QNAN	0	0.016	0	6.40685e-007	1834.76	1918.75	1895.19
1918.48	1185.58	1076	1.#QNAN	0	0.016	0	6.38808e-007	1836.25	1918.48	1894.96
1918.22	1185.3	1077	1.#QNAN	0	0.015	0	6.78666e-007	1839.54	1918.22	1894.73
1917.95	1185.01	1078	1.#QNAN	0	0.016	0	6.41403e-007	1843.66	1917.95	1894.51
1917.67	1184.71	1079	1.#QNAN	0	0.031	0	6.43211e-007	1816.41	1917.67	1894.27
1917.37	1184.41	1080	1.#QNAN	0	0.016	0	6.6832e-007	1808.89	1917.37	1894.02
1917.1	1184.12	1081	1.#QNAN	0	0.015	0	6.9324e-007	1830.38	1917.1	1893.79
1916.84	1183.83	1082	1.#QNAN	0	0.016	0	6.75198e-007	1841.64	1916.84	1893.57
1916.58	1183.53	1083	1.#QNAN	0	0.015	0	6.62013e-007	1860.77	1916.58	1893.36
1916.34	1183.26	1084	1.#QNAN	0	0.016	0	6.75901e-007	1880.88	1916.34	1893.17
1916.07	1182.96	1085	1.#QNAN	0	0.016	0	6.7417e-007	1837.24	1916.07	1892.94
1915.8	1182.65	1086	1.#QNAN	0	0.031	0	6.77733e-007	1829.39	1915.8	1892.7
1915.52	1182.34	1087	1.#QNAN	0	0.015	0	6.66034e-007	1820.27	1915.52	1892.47
1915.23	1182.03	1088	1.#QNAN	0	0.016	0	6.85907e-007	1823.22	1915.23	1892.22
1914.94	1181.71	1089	1.#QNAN	0	0.016	0	6.5678e-007	1806.48	1914.94	1891.97
1914.68	1181.4	1090	1.#QNAN	0	0.015	0	6.31081e-007	1854.44	1914.68	1891.75
1914.4	1181.08	1091	1.#QNAN	0	0.016	0	6.86742e-007	1822.4	1914.4	1891.52
1914.15	1180.77	1092	1.#QNAN	0	0.031	0	6.74748e-007	1887.55	1914.15	1891.31
1913.9	1180.47	1093	1.#QNAN	0	0.016	0	6.57042e-007	1875.4	1913.9	1891.1
1913.65	1180.17	1094	1.#QNAN	0	0.015	0	6.71853e-007	1853.9	1913.65	1890.9
1913.39	1179.87	1095	1.#QNAN	0	0.016	0	6.75551e-007	1833.87	1913.39	1890.67
1913.12	1179.58	1096	1.#QNAN	0	0.015	0	6.48503e-007	1821.27	1913.12	1890.45
1912.84	1179.29	1097	1.#QNAN	0	0.016	0	6.51813e-007	1793.56	1912.84	1890.21
1912.55	1178.99	1098	1.#QNAN	0	0.031	0	6.69766e-007	1791.99	1912.55	1889.95
1912.25	1178.69	1099	1.#QNAN	0	0.016	0	6.6006e-007	1800.74	1912.25	1889.7
1911.95	1178.4	1100	1.#QNAN	0	0.015	0	6.58893e-007	1780.35	1911.95	1889.44
1911.66	1178.1	1101	1.#QNAN	0	0.016	0	6.39036e-007	1789.14	1911.66	1889.19
1911.39	1177.81	1102	1.#QNAN	0	0.016	0	6.65683e-007	1824.25	1911.39	1888.97
1911.11	1177.52	1103	1.#QNAN	0	0.015	0	6.48304e-007	1806.85	1911.11	1888.73
1910.82	1177.22	1104	1.#QNAN	0	0.016	0	6.37095e-007	1793.19	1910.82	1888.48
1910.54	1176.93	1105	1.#QNAN	0	0.031	0	6.89758e-007	1818.5	1910.54	1888.24
1910.24	1176.64	1106	1.#QNAN	0	0.016	0	6.77998e-007	1787.51	1910.24	1887.98
1909.93	1176.35	1107	1.#QNAN	0	0.015	0	6.71053e-007	1785.44	1909.93	1887.71
1909.59	1176.05	1108	1.#QNAN	0	0.016	0	6.78586e-007	1754.18	1909.59	1887.41
1909.28	1175.75	1109	1.#QNAN	0	0.015	0	6.3947e-007	1767.81	1909.28	1887.14
1908.95	1175.44	1110	1.#QNAN	0	0.016	0	6.7332e-007	1751.2	1908.95	1886.85
1908.63	1175.13	1111	1.#QNAN	0	0.016	0	6.50455e-007	1758.71	1908.63	1886.56
1908.3	1174.84	1112	1.#QNAN	0	0.031	0	6.36006e-007	1767.5	1908.3	1886.28
1907.99	1174.55	1113	1.#QNAN	0	0.015	1	6.59074e-007	1785.59	1907.99	1886
1907.69	1174.26	1114	1.#QNAN	0	0.016	0	6.51322e-007	1798.78	1907.69	1885.75
1907.39	1173.96	1115	1.#QNAN	0	0.016	0	6.64275e-007	1782.87	1907.39	1885.48
1907.11	1173.68	1116	1.#QNAN	0	0.015	0	6.45588e-007	1817.49	1907.11	1885.24
1906.82	1173.4	1117	1.#QNAN	0	0.016	0	6.59459e-007	1793.18	1906.82	1884.99
1906.52	1173.12	1118	1.#QNAN	0	0.015	0	6.80381e-007	1780.4	1906.52	1884.73
1906.24	1172.83	1119	1.#QNAN	0	0.016	0	6.6879e-007	1795.29	1906.24	1884.49
1905.96	1172.56	1120	1.#QNAN	0	0.015	0	6.46357e-007	1791.96	1905.96	1884.25
1905.67	1172.27	1121	1.#QNAN	0	0.016	0	6.73611e-007	1790.25	1905.67	1884
1905.37	1171.98	1122	1.#QNAN	0	0.015	0	6.93358e-007	1785.21	1905.37	1883.74
1905.11	1171.72	1123	1.#QNAN	0	0.016	0	6.5795e-007	1817.59	1905.11	1883.52
1904.85	1171.45	1124	1.#QNAN	0	0.031	0	6.46791e-007	1822.24	1904.85	1883.3
1904.59	1171.18	1125	1.#QNAN	0	0.016	0	6.77025e-007	1827.57	1904.59	1883.08
1904.31	1170.91	1126	1.#QNAN	0	0.015	0	6.78654e-007	1801.18	1904.31	1882.83
1904.05	1170.65	1127	1.#QNAN	0	0.016	0	6.7281e-007	1835.68	1904.05	1882.62
1903.79	1170.38	1128	1.#QNAN	0	0.016	0	6.57767e-007	1824.3	1903.79	1882.4
1903.52	1170.12	1129	1.#QNAN	0	0.015	0	6.65941e-007	1792.07	1903.52	1882.17
1903.25	1169.85	1130	1.#QNAN	0	0.016	0	6.50689e-007	1783.03	1903.25	1881.93
1902.98	1169.6	1131	1.#QNAN	0	0.031	0	6.59841e-007	1789.35	1902.98	1881.7
1902.71	1169.33	1132	1.#QNAN	0	0.016	0	6.70964e-007	1794.28	1902.71	1881.46
1902.44	1169.07	1133	1.#QNAN	0	0.015	0	6.53687e-007	1815.32	1902.44	1881.24
1902.14	1168.81	1134	1.#QNAN	0	0.016	0	6.66463e-007	1763.21	1902.14	1880.97
1901.87	1168.54	1135	1.#QNAN	0	0.015	0	6.49189e-007	1799.85	1901.87	1880.74
1901.59	1168.28	1136	1.#QNAN	0	0.016	0	6.96287e-007	1798.89	1901.59	1880.49
1901.33	1168.02	1137	1.#QNAN	0	0.031	0	6.75466e-007	1800.34	1901.33	1880.27
1901.04	1167.76	1138	1.#QNAN	0	0.016	0	6.76435e-007	1794.43	1901.04	1880.02
1900.76	1167.5	1139	1.#QNAN	0	0.015	0	6.74102e-007	1800.51	1900.76	1879.78
1900.5	1167.24	1140	1.#QNAN	0	0.016	0	6.72673e-007	1797.07	1900.5	1879.55
1900.23	1166.98	1141	1.#QNAN	0	0.016	0	6.71611e-007	1798.53	1900.23	1879.32
1899.99	1166.72	1142	1.#QNAN	0	0.015	0	6.69532e-007	1831.75	1899.99	1879.11
1899.74	1166.46	1143	1.#QNAN	0	0.016	0	6.62482e-007	1830.15	1899.74	1878.91
1899.49	1166.2	1144	1.#QNAN	0	0.015	0	6.93813e-007	1817.01	1899.49	1878.69
1899.21	1165.93	1145	1.#QNAN	0	0.032	0	6.61195e-007	1775.33	1899.21	1878.45
1898.92	1165.65	1146	1.#QNAN	0	0.015	0	6.51709e-007	1761.42	1898.92	1878.2
1898.6	1165.38	1147	1.#QNAN	0	0.016	0	6.74846e-007	1734.55	1898.6	1877.92
1898.31	1165.12	1148	1.#QNAN	0	0.015	0	6.73014e-007	1772.03	1898.31	1877.67
1898.01	1164.85	1149	1.#QNAN	0	0.016	0	6.49043e-007	1748.22	1898.01	1877.4
1897.72	1164.59	1150	1.#QNAN	0	0.016	0	6.71878e-007	1764.83	1897.72	1877.14
1897.43	1164.32	1151	1.#QNAN	0	0.031	0	6.76051e-007	1770.22	1897.43	1876.88
1897.18	1164.05	1152	1.#QNAN	0	0.015	0	6.63944e-007	1806.65	1897.18	1876.68
1896.91	1163.79	1153	1.#QNAN	0	0.016	0	6.92791e-007	1777.17	1896.91	1876.44
1896.63	1163.53	1154	1.#QNAN	0	0.016	0	6.5057e-007	1772.09	1896.63	1876.2
1896.36	1163.27	1155	1.#QNAN	0	0.015	0	6.65268e-007	1782.04	1896.36	1875.96
1896.07	1162.99	1156	1.#QNAN	0	0.016	0	6.73956e-007	1772.63	1896.07	1875.71
1895.77	1162.7	1157	1.#QNAN	0	0.031	0	6.80659e-007	1771.84	1895.77	1875.45
1895.5	1162.43	1158	1.#QNAN	0	0.016	0	6.72754e-007	1786.93	1895.5	1875.21
1895.25	1162.17	1159	1.#QNAN	0	0.015	0	6.57107e-007	1811.68	1895.25	1874.99
1894.99	1161.89	1160	1.#QNAN	0	0.016	0	6.61798e-007	1799.91	1894.99	1874.77
1894.72	1161.62	1161	1.#QNAN	0	0.015	0	6.43005e-007	1787.96	1894.72	1874.54
1894.47	1161.35	1162	1.#QNAN	0	0.016	0	6.57682e-007	1798.82	1894.47	1874.32
1894.23	1161.09	1163	1.#QNAN	0	0.031	0	6.6778e-007	1801.66	1894.23	1874.12
1894	1160.82	1164	1.#QNAN	0	0.016	0	6.56736e-007	1813.68	1894	1873.92
1893.75	1160.56	1165	1.#QNAN	0	0.015	0	6.88492e-007	1780.96	1893.75	1873.71
1893.48	1160.29	1166	1.#QNAN	0	0.016	0	6.70446e-007	1777.94	1893.48	1873.48
1893.23	1160.01	1167	1.#QNAN	0	0.016	0	6.80358e-007	1787.71	1893.23	1873.26
1892.98	1159.74	1168	1.#QNAN	0	0.015	0	6.83722e-007	1813.08	1892.98	1873.04
1892.7	1159.46	1169	1.#QNAN	0	0.016	0	6.85535e-007	1792.66	1892.7	1872.8
1892.45	1159.18	1170	1.#QNAN	0	0.031	1	6.82173e-007	1785.43	1892.45	1872.58
1892.19	1158.91	1171	1.#QNAN	0	0.016	0	6.97071e-007	1800.73	1892.19	1872.36
1891.94	1158.64	1172	1.#QNAN	0	0.015	0	6.65636e-007	1786.71	1891.94	1872.15
1891.69	1158.36	1173	1.#QNAN	0	0.016	0	6.62441e-007	1783.14	1891.69	1871.93
1891.44	1158.08	1174	1.#QNAN	0	0.015	0	6.61834e-007	1793.62	1891.44	1871.71
1891.18	1157.81	1175	1.#QNAN	0	0.016	0	6.75483e-007	1784.42	1891.18	1871.49
1890.94	1157.55	1176	1.#QNAN	0	0.016	0	6.68176e-007	1807.66	1890.94	1871.28
1890.7	1157.29	1177	1.#QNAN	0	0.015	0	6.71452e-007	1803.04	1890.7	1871.07
1890.43	1157.02	1178	1.#QNAN	0	0.031	0	6.56747e-007	1792.24	1890.43	1870.84
1890.18	1156.77	1179	1.#QNAN	0	0.016	0	6.77703e-007	1796.5	1890.18	1870.63
1889.93	1156.51	1180	1.#QNAN	0	0.016	0	6.65822e-007	1791.28	1889.93	1870.41
1889.69	1156.25	1181	1.#QNAN	0	0.015	0	6.46276e-007	1808.29	1889.69	1870.21
1889.43	1155.98	1182	1.#QNAN	0	0.016	0	6.5854e-007	1790.49	1889.43	1869.99
1889.18	1155.72	1183	1.#QNAN	0	0.015	0	6.6263e-007	1790.76	1889.18	1869.76
1888.94	1155.46	1184	1.#QNAN	0	0.032	0	6.67353e-007	1816.54	1888.94	1869.56
1888.67	1155.2	1185	1.#QNAN	0	0.015	0	6.76756e-007	1772.07	1888.67	1869.33
1888.39	1154.93	1186	1.#QNAN	0	0.016	0	6.72562e-007	1745.95	1888.39	1869.07
1888.14	1154.68	1187	1.#QNAN	0	0.015	0	6.62613e-007	1790.84	1888.14	1868.86
1887.9	1154.43	1188	1.#QNAN	0	0.016	0	6.64943e-007	1799.32	1887.9	1868.66
1887.68	1154.18	1189	1.#QNAN	0	0.016	0	6.51897e-007	1813.03	1887.68	1868.46
1887.43	1153.94	1190	1.#QNAN	0	0.015	0	6.62395e-007	1793.64	1887.43	1868.25
1887.19	1153.67	1191	1.#QNAN	0	0.031	0	6.65239e-007	1799.29	1887.19	1868.04
1886.94	1153.42	1192	1.#QNAN	0	0.016	0	6.89445e-007	1792.08	1886.94	1867.82
1886.71	1153.18	1193	1.#QNAN	0	0.016	0	6.92785e-007	1802.34	1886.71	1867.63
1886.46	1152.93	1194	1.#QNAN	0	0.015	0	6.75129e-007	1784.85	1886.46	1867.41
1886.23	1152.68	1195	1.#QNAN	0	0.016	0	6.64009e-007	1796.8	1886.23	1867.21
1886	1152.43	1196	1.#QNAN	0	0.015	0	6.76566e-007	1802.61	1886	1867.01
1885.77	1152.18	1197	1.#QNAN	0	0.016	0	6.56782e-007	1805.76	1885.77	1866.82
1885.52	1151.92	1198	1.#QNAN	0	0.031	0	6.71827e-007	1795.79	1885.52	1866.6
1885.28	1151.66	1199	1.#QNAN	0	0.016	0	6.7099e-007	1793.93	1885.28	1866.39
