rmse	mae	#iter	time_pred	time_learn	time_learn2	time_learn4	alpha	rmse_mcmc_this	rmse_mcmc_all	rmse_mcmc_all_but5
2053.73	1408.52	0	1.#QNAN	0	0.016	0	5.63115e-008	2053.73	2053.73	4287.87
1792.14	1200.19	1	1.#QNAN	0	0.016	0	2.71814e-007	1696.36	1792.14	4287.87
1724.01	1146.94	2	1.#QNAN	0	0.015	0	4.65989e-007	1646.52	1724.01	4287.87
1693.9	1124.98	3	1.#QNAN	0	0.031	0	4.88413e-007	1639.13	1693.9	4287.87
1678.03	1111.13	4	1.#QNAN	0	0.016	0	4.99194e-007	1642.33	1678.03	37538.7
1664.23	1099.39	5	1.#QNAN	0	0.016	0	4.82722e-007	1617.2	1664.23	1617.2
1651.93	1089.23	6	1.#QNAN	0	0.015	0	5.17563e-007	1598.76	1651.93	1603.89
1642.12	1081.93	7	1.#QNAN	0	0.016	0	4.95996e-007	1595.07	1642.12	1597.97
1632.4	1073.61	8	1.#QNAN	0	0.031	0	5.15759e-007	1576.23	1632.4	1590.17
1623.8	1066.17	9	1.#QNAN	0	0.016	0	5.20956e-007	1567.69	1623.8	1583.64
1613.94	1058.52	10	1.#QNAN	0	0.015	0	5.61602e-007	1541.36	1613.94	1574.52
1606.09	1052.82	11	1.#QNAN	0	0.016	0	5.59473e-007	1550.02	1606.09	1568.76
1597.03	1046.06	12	1.#QNAN	0	0.015	0	5.59929e-007	1524.88	1597.03	1560.87
1589.03	1040.09	13	1.#QNAN	0	0.016	0	5.64528e-007	1525.09	1589.03	1554.57
1581.11	1034.64	14	1.#QNAN	0	0.031	0	5.81237e-007	1501.24	1581.11	1547.58
1574.69	1030.72	15	1.#QNAN	0	0.016	0	5.81055e-007	1516.43	1574.69	1542.72
1567.05	1026.35	16	1.#QNAN	0	0.015	0	5.7493e-007	1486.01	1567.05	1536.02
1561.16	1022.02	17	1.#QNAN	0	0.016	0	5.99061e-007	1496.83	1561.16	1531.54
1556.11	1018.43	18	1.#QNAN	0	0.016	1	5.88516e-007	1498.87	1556.11	1527.86
1552.09	1015.02	19	1.#QNAN	0	0.015	0	5.90435e-007	1507.13	1552.09	1525.38
1547.68	1011.75	20	1.#QNAN	0	0.016	0	5.92104e-007	1492.76	1547.68	1522.13
1543.78	1009.12	21	1.#QNAN	0	0.031	0	5.82006e-007	1491.03	1543.78	1519.22
1540	1006.56	22	1.#QNAN	0	0.016	0	6.07495e-007	1492.16	1540	1516.52
1537.17	1004.35	23	1.#QNAN	0	0.015	0	6.01746e-007	1503.1	1537.17	1514.8
1533.87	1002.21	24	1.#QNAN	0	0.016	0	5.99489e-007	1481.52	1533.87	1512.24
1531.64	999.951	25	1.#QNAN	0	0.015	0	6.22472e-007	1504.36	1531.64	1510.92
1529.08	997.96	26	1.#QNAN	0	0.016	0	6.48486e-007	1484.43	1529.08	1509
1527.07	995.987	27	1.#QNAN	0	0.016	0	6.23156e-007	1506.99	1527.07	1507.71
1524.56	994.39	28	1.#QNAN	0	0.031	0	6.56882e-007	1485.44	1524.56	1505.74
1521.85	992.437	29	1.#QNAN	0	0.015	0	6.89055e-007	1480.53	1521.85	1503.54
1519.35	990.508	30	1.#QNAN	0	0.016	0	6.53347e-007	1481.73	1519.35	1501.46
1516.92	988.624	31	1.#QNAN	0	0.016	0	6.7167e-007	1488.88	1516.92	1499.48
1514.74	986.593	32	1.#QNAN	0	0.015	0	7.09717e-007	1507.99	1514.74	1497.78
1512.13	984.799	33	1.#QNAN	0	0.016	0	6.63584e-007	1484.24	1512.13	1495.58
1509.51	982.928	34	1.#QNAN	0	0.015	0	6.62859e-007	1474.46	1509.51	1493.4
1507.74	981.326	35	1.#QNAN	0	0.032	0	6.82836e-007	1496.36	1507.74	1492.07
1505.65	979.447	36	1.#QNAN	0	0.015	0	6.64135e-007	1481.08	1505.65	1490.43
1504.31	978.035	37	1.#QNAN	0	0.016	0	7.16508e-007	1508.49	1504.31	1489.57
1501.97	976.129	38	1.#QNAN	0	0.015	0	6.89547e-007	1471.37	1501.97	1487.58
1499.96	974.367	39	1.#QNAN	0	0.016	0	6.81872e-007	1484.15	1499.96	1485.99
1497.72	972.54	40	1.#QNAN	0	0.016	0	6.97009e-007	1468.15	1497.72	1484.08
1495.48	970.945	41	1.#QNAN	0	0.015	0	6.74119e-007	1457.21	1495.48	1482.14
1494.08	969.385	42	1.#QNAN	0	0.031	0	6.81934e-007	1492.12	1494.08	1481.15
1492.24	967.965	43	1.#QNAN	0	0.016	0	6.93024e-007	1483.15	1492.24	1479.66
1490.27	966.583	44	1.#QNAN	0	0.016	0	7.09725e-007	1461.28	1490.27	1477.98
1488.64	965.026	45	1.#QNAN	0	0.015	0	6.93943e-007	1477.09	1488.64	1476.73
1486.26	963.449	46	1.#QNAN	0	0.016	0	6.88953e-007	1438.08	1486.26	1474.57
1484.5	961.903	47	1.#QNAN	0	0.015	0	6.9746e-007	1459.47	1484.5	1473.13
1482.55	960.571	48	1.#QNAN	0	0.016	0	7.01008e-007	1444.38	1482.55	1471.42
1481.36	959.511	49	1.#QNAN	0	0.031	0	7.10861e-007	1466.8	1481.36	1470.53
1479.76	958.359	50	1.#QNAN	0	0.016	0	6.97389e-007	1440.38	1479.76	1469.14
1478.53	957.332	51	1.#QNAN	0	0.015	0	7.38107e-007	1464.2	1478.53	1468.12
1477.07	956.407	52	1.#QNAN	0	0.016	0	7.11312e-007	1453.3	1477.07	1466.88
1476.08	955.643	53	1.#QNAN	0	0.016	0	7.24464e-007	1480.74	1476.08	1466.12
1474.83	954.607	54	1.#QNAN	0	0.015	0	7.13052e-007	1471.1	1474.83	1465.08
1472.9	953.341	55	1.#QNAN	0	0.016	0	7.16594e-007	1432.12	1472.9	1463.29
1470.96	952.205	56	1.#QNAN	0	0.015	0	7.20242e-007	1434.08	1470.96	1461.49
1469.02	950.931	57	1.#QNAN	0	0.032	0	7.30732e-007	1426.72	1469.02	1459.67
1467.03	949.716	58	1.#QNAN	0	0.015	0	7.71314e-007	1430.16	1467.03	1457.81
1465.74	948.49	59	1.#QNAN	0	0.016	0	7.69946e-007	1471	1465.74	1456.7
1464.2	947.4	60	1.#QNAN	0	0.015	0	7.84057e-007	1439.85	1464.2	1455.29
1462.99	946.527	61	1.#QNAN	0	0.016	0	7.38451e-007	1457.92	1462.99	1454.25
1461.57	945.371	62	1.#QNAN	0	0.031	0	7.77017e-007	1458.27	1461.57	1453
1460.34	944.399	63	1.#QNAN	0	0.016	0	7.67132e-007	1460.23	1460.34	1451.92
1459.08	943.346	64	1.#QNAN	0	0.015	0	7.5601e-007	1448.71	1459.08	1450.8
1458.19	942.44	65	1.#QNAN	0	0.016	0	7.84231e-007	1467.46	1458.19	1450.05
1456.9	941.548	66	1.#QNAN	0	0.016	0	7.78038e-007	1436.26	1456.9	1448.86
1455.67	940.761	67	1.#QNAN	0	0.015	0	7.46256e-007	1436.76	1455.67	1447.73
1454.7	939.992	68	1.#QNAN	0	0.031	0	7.55523e-007	1466.53	1454.7	1446.89
1453.39	939.091	69	1.#QNAN	0	0.016	0	7.60874e-007	1434.86	1453.39	1445.69
1452.32	938.436	70	1.#QNAN	0	0.016	0	7.73599e-007	1436.04	1452.32	1444.73
1451.35	937.852	71	1.#QNAN	0	0.015	0	7.70072e-007	1456.2	1451.35	1443.9
1450.25	937.392	72	1.#QNAN	0	0.016	0	7.87285e-007	1443.42	1450.25	1442.92
1449.11	936.748	73	1.#QNAN	0	0.015	0	7.8664e-007	1445.21	1449.11	1441.91
1448.43	936.187	74	1.#QNAN	0	0.016	1	7.46067e-007	1469.73	1448.43	1441.38
1446.95	935.494	75	1.#QNAN	0	0.031	0	7.73865e-007	1432.93	1446.95	1439.99
1445.83	934.818	76	1.#QNAN	0	0.016	0	7.76889e-007	1434.78	1445.83	1438.96
1445.15	934.318	77	1.#QNAN	0	0.015	0	7.80005e-007	1464.79	1445.15	1438.39
1444.5	933.7	78	1.#QNAN	0	0.016	0	7.57794e-007	1465.81	1444.5	1437.89
1444.07	933.308	79	1.#QNAN	0	0.016	0	7.84863e-007	1493.77	1444.07	1437.61
1443.11	932.734	80	1.#QNAN	0	0.015	0	7.8867e-007	1438.02	1443.11	1436.76
1442.35	932.161	81	1.#QNAN	0	0.016	0	7.69334e-007	1448.59	1442.35	1436.1
1441.72	931.62	82	1.#QNAN	0	0.015	0	7.81999e-007	1459.58	1441.72	1435.59
1441.48	931.357	83	1.#QNAN	0	0.032	0	7.48117e-007	1480.98	1441.48	1435.47
1441.22	931.02	84	1.#QNAN	0	0.015	0	7.77774e-007	1472.25	1441.22	1435.33
1441.23	930.79	85	1.#QNAN	0	0.016	0	8.20268e-007	1502.53	1441.23	1435.45
1441.16	930.402	86	1.#QNAN	0	0.015	0	7.8971e-007	1504.89	1441.16	1435.53
1441.06	930.098	87	1.#QNAN	0	0.016	0	7.69668e-007	1504.87	1441.06	1435.54
1441.17	929.955	88	1.#QNAN	0	0.016	0	7.85115e-007	1522.29	1441.17	1435.79
1441	929.643	89	1.#QNAN	0	0.031	0	7.85091e-007	1495.64	1441	1435.73
1441.06	929.388	90	1.#QNAN	0	0.015	0	7.48685e-007	1510.56	1441.06	1435.92
1441.39	929.183	91	1.#QNAN	0	0.016	0	7.80889e-007	1541.25	1441.39	1436.37
1441.05	928.908	92	1.#QNAN	0	0.016	0	7.71748e-007	1480.59	1441.05	1436.13
1440.55	928.575	93	1.#QNAN	0	0.015	0	7.51781e-007	1458.48	1440.55	1435.71
1440.5	928.312	94	1.#QNAN	0	0.016	0	7.81352e-007	1522.52	1440.5	1435.76
1440.24	928.01	95	1.#QNAN	0	0.015	0	7.98387e-007	1500.55	1440.24	1435.61
1440.1	927.674	96	1.#QNAN	0	0.016	0	7.94468e-007	1515.09	1440.1	1435.57
1439.97	927.408	97	1.#QNAN	0	0.031	0	8.09857e-007	1514.37	1439.97	1435.55
1439.65	927.096	98	1.#QNAN	0	0.016	0	7.63748e-007	1478.24	1439.65	1435.31
1439.44	926.809	99	1.#QNAN	0	0.015	0	7.9001e-007	1484.02	1439.44	1435.19
1439.16	926.509	100	1.#QNAN	0	0.016	0	7.89256e-007	1473.08	1439.16	1435
1439.22	926.258	101	1.#QNAN	0	0.016	0	8.13285e-007	1506.32	1439.22	1435.14
1439.11	925.986	102	1.#QNAN	0	0.015	0	8.15904e-007	1495.07	1439.11	1435.12
1438.94	925.727	103	1.#QNAN	0	0.016	0	8.03008e-007	1479.89	1438.94	1435.02
1438.69	925.374	104	1.#QNAN	0	0.015	0	7.81194e-007	1493.7	1438.69	1434.85
1438.86	925.224	105	1.#QNAN	0	0.016	0	8.01497e-007	1519.12	1438.86	1435.1
1438.8	924.98	106	1.#QNAN	0	0.015	0	7.91902e-007	1488.98	1438.8	1435.12
1439.03	924.722	107	1.#QNAN	0	0.016	0	7.83116e-007	1526.62	1439.03	1435.43
1439.47	924.615	108	1.#QNAN	0	0.015	0	7.79527e-007	1555.78	1439.47	1435.96
1439.56	924.319	109	1.#QNAN	0	0.016	0	7.63508e-007	1518.8	1439.56	1436.13
1439.49	923.972	110	1.#QNAN	0	0.016	0	7.78909e-007	1485.2	1439.49	1436.12
1439.44	923.761	111	1.#QNAN	0	0.015	0	7.69448e-007	1474.61	1439.44	1436.13
1439.42	923.541	112	1.#QNAN	0	0.031	0	8.06841e-007	1498.28	1439.42	1436.19
1439.44	923.315	113	1.#QNAN	0	0.016	0	7.75755e-007	1502.37	1439.44	1436.26
1438.95	922.988	114	1.#QNAN	0	0.016	0	8.05382e-007	1437.46	1438.95	1435.82
1438.69	922.753	115	1.#QNAN	0	0.015	0	8.12934e-007	1475.43	1438.69	1435.62
1438.56	922.5	116	1.#QNAN	0	0.016	0	8.26421e-007	1470.16	1438.56	1435.55
1438.35	922.235	117	1.#QNAN	0	0.015	0	7.91598e-007	1456.53	1438.35	1435.38
1438.44	922.104	118	1.#QNAN	0	0.016	0	7.70072e-007	1508.21	1438.44	1435.53
1438.47	921.909	119	1.#QNAN	0	0.016	0	8.03246e-007	1514.47	1438.47	1435.62
1438.85	921.785	120	1.#QNAN	0	0.031	0	7.96847e-007	1562.8	1438.85	1436.06
1439.03	921.786	121	1.#QNAN	0	0.015	0	7.99248e-007	1530.36	1439.03	1436.3
1439.1	921.759	122	1.#QNAN	0	0.016	0	7.93282e-007	1526.57	1439.1	1436.42
1438.94	921.597	123	1.#QNAN	0	0.016	0	8.25345e-007	1500.13	1438.94	1436.31
1438.7	921.464	124	1.#QNAN	0	0.015	0	8.22634e-007	1472.89	1438.7	1436.11
1438.38	921.323	125	1.#QNAN	0	0.016	0	7.94198e-007	1454.02	1438.38	1435.82
1438.2	921.196	126	1.#QNAN	0	0.031	0	7.96801e-007	1478.45	1438.2	1435.7
1438.48	921.059	127	1.#QNAN	0	0.016	0	7.96123e-007	1549.83	1438.48	1436.04
1438.52	920.866	128	1.#QNAN	0	0.015	0	8.15209e-007	1516.91	1438.52	1436.14
1438.95	920.744	129	1.#QNAN	0	0.016	0	8.22659e-007	1560.61	1438.95	1436.63
1439.13	920.618	130	1.#QNAN	0	0.015	1	8.32504e-007	1509.64	1439.13	1436.86
1439.15	920.366	131	1.#QNAN	0	0.016	0	8.29626e-007	1492.08	1439.15	1436.92
1438.98	920.181	132	1.#QNAN	0	0.031	0	7.93357e-007	1470.3	1438.98	1436.78
1439.02	920.005	133	1.#QNAN	0	0.016	0	8.09185e-007	1496.22	1439.02	1436.85
1438.99	919.835	134	1.#QNAN	0	0.015	0	8.42101e-007	1479.17	1438.99	1436.85
1438.91	919.707	135	1.#QNAN	0	0.016	0	8.04346e-007	1478.08	1438.91	1436.8
1438.56	919.456	136	1.#QNAN	0	0.016	0	8.11952e-007	1439.6	1438.56	1436.47
1438.33	919.322	137	1.#QNAN	0	0.015	0	8.02691e-007	1466.8	1438.33	1436.26
1438.09	919.11	138	1.#QNAN	0	0.016	0	7.92327e-007	1462.25	1438.09	1436.06
1437.93	918.967	139	1.#QNAN	0	0.031	0	8.1085e-007	1471.04	1437.93	1435.92
1437.82	918.918	140	1.#QNAN	0	0.016	0	7.92836e-007	1479.22	1437.82	1435.83
1437.77	918.822	141	1.#QNAN	0	0.015	0	8.10299e-007	1498.03	1437.77	1435.81
1437.72	918.716	142	1.#QNAN	0	0.016	0	8.05757e-007	1498.15	1437.72	1435.78
1437.68	918.645	143	1.#QNAN	0	0.015	0	8.2203e-007	1484.45	1437.68	1435.78
1437.55	918.537	144	1.#QNAN	0	0.016	0	8.20985e-007	1473.41	1437.55	1435.68
1437.07	918.368	145	1.#QNAN	0	0.031	0	7.95158e-007	1429.32	1437.07	1435.22
1436.91	918.209	146	1.#QNAN	0	0.016	0	8.3394e-007	1462.94	1436.91	1435.08
1437	918.204	147	1.#QNAN	0	0.015	0	8.09644e-007	1490.53	1437	1435.2
1437.05	918.159	148	1.#QNAN	0	0.016	0	7.75022e-007	1496.01	1437.05	1435.27
1437.01	918.097	149	1.#QNAN	0	0.016	0	8.38757e-007	1492.36	1437.01	1435.26
1437.11	918.013	150	1.#QNAN	0	0.015	0	7.97762e-007	1520.87	1437.11	1435.4
1437.24	917.974	151	1.#QNAN	0	0.031	0	8.05125e-007	1511.64	1437.24	1435.56
1437.09	917.873	152	1.#QNAN	0	0.016	0	8.12522e-007	1468.08	1437.09	1435.44
1437.14	917.761	153	1.#QNAN	0	0.016	0	8.27674e-007	1506.22	1437.14	1435.54
1437.25	917.701	154	1.#QNAN	0	0.015	0	8.15962e-007	1498.92	1437.25	1435.68
1437.45	917.722	155	1.#QNAN	0	0.016	0	8.26416e-007	1520.19	1437.45	1435.92
1437.74	917.653	156	1.#QNAN	0	0.031	0	7.94496e-007	1528	1437.74	1436.23
1437.84	917.678	157	1.#QNAN	0	0.016	0	8.09881e-007	1499.6	1437.84	1436.36
1438.3	917.793	158	1.#QNAN	0	0.015	0	8.07095e-007	1564.51	1438.3	1436.86
1438.5	917.859	159	1.#QNAN	0	0.016	0	8.00979e-007	1519.66	1438.5	1437.08
1438.82	917.913	160	1.#QNAN	0	0.015	0	7.97231e-007	1534.64	1438.82	1437.43
1439.11	917.932	161	1.#QNAN	0	0.016	0	8.16344e-007	1537.07	1439.11	1437.75
1439.17	917.887	162	1.#QNAN	0	0.016	0	8.08613e-007	1489.02	1439.17	1437.83
1439.04	917.775	163	1.#QNAN	0	0.031	0	8.30412e-007	1458.18	1439.04	1437.71
1438.97	917.642	164	1.#QNAN	0	0.015	0	8.02842e-007	1481.73	1438.97	1437.67
1438.84	917.521	165	1.#QNAN	0	0.016	0	8.09354e-007	1459.71	1438.84	1437.55
1438.63	917.401	166	1.#QNAN	0	0.016	0	8.13103e-007	1449.16	1438.63	1437.35
1438.41	917.258	167	1.#QNAN	0	0.015	0	8.20046e-007	1450.79	1438.41	1437.15
1438.22	917.212	168	1.#QNAN	0	0.016	0	7.90923e-007	1449.68	1438.22	1436.97
1438.1	917.131	169	1.#QNAN	0	0.015	0	8.04616e-007	1459.83	1438.1	1436.86
1437.92	917.02	170	1.#QNAN	0	0.032	0	8.55937e-007	1444.24	1437.92	1436.69
1437.7	916.876	171	1.#QNAN	0	0.015	0	8.21369e-007	1448.16	1437.7	1436.48
1437.86	916.835	172	1.#QNAN	0	0.016	0	8.12627e-007	1508.19	1437.86	1436.66
1437.82	916.726	173	1.#QNAN	0	0.015	0	8.27579e-007	1482.26	1437.82	1436.64
1437.77	916.622	174	1.#QNAN	0	0.016	0	8.17002e-007	1475.14	1437.77	1436.61
1437.55	916.495	175	1.#QNAN	0	0.016	0	7.76182e-007	1448.16	1437.55	1436.4
1437.73	916.504	176	1.#QNAN	0	0.015	0	8.3295e-007	1530.13	1437.73	1436.6
1438.07	916.55	177	1.#QNAN	0	0.031	0	8.45061e-007	1570.89	1438.07	1436.95
1438.18	916.499	178	1.#QNAN	0	0.016	0	8.54045e-007	1543.52	1438.18	1437.08
1438.15	916.482	179	1.#QNAN	0	0.016	0	8.45132e-007	1492.35	1438.15	1437.06
1438.31	916.52	180	1.#QNAN	0	0.015	0	8.43046e-007	1543.08	1438.31	1437.24
1438.33	916.52	181	1.#QNAN	0	0.016	0	8.35631e-007	1496.15	1438.33	1437.27
1438.54	916.62	182	1.#QNAN	0	0.015	0	8.02098e-007	1544.44	1438.54	1437.5
1438.48	916.561	183	1.#QNAN	0	0.032	0	8.47321e-007	1481.13	1438.48	1437.46
1438.41	916.524	184	1.#QNAN	0	0.015	0	8.33923e-007	1468.7	1438.41	1437.4
1438.29	916.55	185	1.#QNAN	0	0.016	1	8.45667e-007	1466.97	1438.29	1437.29
1438.48	916.598	186	1.#QNAN	0	0.015	0	8.36391e-007	1525.88	1438.48	1437.5
1438.55	916.626	187	1.#QNAN	0	0.016	0	8.46405e-007	1507.15	1438.55	1437.58
1438.6	916.655	188	1.#QNAN	0	0.016	0	8.109e-007	1502.82	1438.6	1437.65
1438.73	916.693	189	1.#QNAN	0	0.015	0	8.4739e-007	1523.22	1438.73	1437.79
1438.8	916.731	190	1.#QNAN	0	0.031	0	8.45063e-007	1518.39	1438.8	1437.88
1438.84	916.73	191	1.#QNAN	0	0.016	0	8.55071e-007	1493.8	1438.84	1437.93
1438.85	916.726	192	1.#QNAN	0	0.016	0	8.40261e-007	1490.02	1438.85	1437.96
1438.92	916.754	193	1.#QNAN	0	0.015	0	8.48005e-007	1497.25	1438.92	1438.04
1438.86	916.681	194	1.#QNAN	0	0.016	0	8.42059e-007	1474.3	1438.86	1437.98
1438.94	916.692	195	1.#QNAN	0	0.015	0	8.29805e-007	1510.04	1438.94	1438.08
1439.1	916.629	196	1.#QNAN	0	0.016	0	8.45964e-007	1542.26	1439.1	1438.25
1439.22	916.612	197	1.#QNAN	0	0.016	0	8.07151e-007	1527.05	1439.22	1438.39
1439.42	916.59	198	1.#QNAN	0	0.031	0	8.40157e-007	1537.16	1439.42	1438.59
1439.38	916.548	199	1.#QNAN	0	0.015	0	8.18729e-007	1491.93	1439.38	1438.57
1439.41	916.456	200	1.#QNAN	0	0.016	0	8.27036e-007	1497.01	1439.41	1438.61
1439.36	916.297	201	1.#QNAN	0	0.016	0	8.40791e-007	1498.99	1439.36	1438.58
1439.28	916.162	202	1.#QNAN	0	0.015	0	8.40619e-007	1489.46	1439.28	1438.5
1439.11	916.066	203	1.#QNAN	0	0.016	0	8.57424e-007	1464.79	1439.11	1438.34
1439.01	916.047	204	1.#QNAN	0	0.031	0	8.38485e-007	1479.31	1439.01	1438.26
1439	916.037	205	1.#QNAN	0	0.016	0	8.48246e-007	1489.46	1439	1438.25
1438.96	916.021	206	1.#QNAN	0	0.015	0	8.4663e-007	1497.95	1438.96	1438.23
1438.95	916.033	207	1.#QNAN	0	0.032	0	8.33644e-007	1493.81	1438.95	1438.23
1438.86	916.022	208	1.#QNAN	0	0.015	0	8.51346e-007	1483.6	1438.86	1438.15
1438.74	915.957	209	1.#QNAN	0	0.016	0	8.44174e-007	1472.6	1438.74	1438.03
1438.77	915.998	210	1.#QNAN	0	0.015	0	8.57964e-007	1499.63	1438.77	1438.07
1438.66	916.02	211	1.#QNAN	0	0.016	0	8.58546e-007	1465.53	1438.66	1437.97
1438.63	916.027	212	1.#QNAN	0	0.016	0	8.26268e-007	1492.65	1438.63	1437.95
1438.68	916.027	213	1.#QNAN	0	0.015	0	8.7172e-007	1508.52	1438.68	1438.02
1438.66	916.026	214	1.#QNAN	0	0.031	0	8.73562e-007	1477.89	1438.66	1438.01
1438.63	916.03	215	1.#QNAN	0	0.016	0	8.73659e-007	1484.7	1438.63	1437.98
1438.69	916.071	216	1.#QNAN	0	0.016	0	8.45868e-007	1508.56	1438.69	1438.05
1438.82	916.046	217	1.#QNAN	0	0.015	0	8.63218e-007	1522.63	1438.82	1438.19
1438.76	916.017	218	1.#QNAN	0	0.016	0	8.76424e-007	1493.48	1438.76	1438.14
1438.87	916.034	219	1.#QNAN	0	0.015	0	8.44908e-007	1524.57	1438.87	1438.26
1439.02	916.106	220	1.#QNAN	0	0.016	0	8.70411e-007	1528.46	1439.02	1438.43
1438.99	916.103	221	1.#QNAN	0	0.031	0	8.57134e-007	1483.15	1438.99	1438.41
1439.04	916.101	222	1.#QNAN	0	0.016	0	8.44518e-007	1507.73	1439.04	1438.46
1439.06	916.046	223	1.#QNAN	0	0.015	0	8.7467e-007	1505.88	1439.06	1438.49
1438.87	915.922	224	1.#QNAN	0	0.016	0	8.52341e-007	1466.46	1438.87	1438.31
1438.69	915.852	225	1.#QNAN	0	0.016	0	8.59394e-007	1465.02	1438.69	1438.13
1438.49	915.784	226	1.#QNAN	0	0.015	0	8.42486e-007	1450.43	1438.49	1437.94
1438.41	915.702	227	1.#QNAN	0	0.016	0	8.4636e-007	1476.89	1438.41	1437.86
1438.33	915.638	228	1.#QNAN	0	0.015	0	8.25189e-007	1474.71	1438.33	1437.79
1438.37	915.639	229	1.#QNAN	0	0.032	0	8.21945e-007	1496.43	1438.37	1437.83
1438.14	915.568	230	1.#QNAN	0	0.015	0	8.29911e-007	1455.13	1438.14	1437.61
1438.04	915.508	231	1.#QNAN	0	0.016	0	8.54704e-007	1473.92	1438.04	1437.51
1437.92	915.449	232	1.#QNAN	0	0.015	0	8.69288e-007	1479.76	1437.92	1437.38
1437.82	915.383	233	1.#QNAN	0	0.016	0	8.62931e-007	1483.85	1437.82	1437.28
1437.67	915.344	234	1.#QNAN	0	0.031	0	8.72836e-007	1478.85	1437.67	1437.13
1437.56	915.279	235	1.#QNAN	0	0.016	0	8.86463e-007	1489.72	1437.56	1437.02
1437.44	915.197	236	1.#QNAN	0	0.015	0	8.54771e-007	1476.84	1437.44	1436.91
1437.09	915.086	237	1.#QNAN	0	0.016	0	8.63989e-007	1431.36	1437.09	1436.56
1436.98	915.059	238	1.#QNAN	0	0.016	0	8.41294e-007	1480.5	1436.98	1436.44
1437.08	915.048	239	1.#QNAN	0	0.015	1	8.81819e-007	1523.03	1437.08	1436.56
1437.06	915.011	240	1.#QNAN	0	0.016	0	8.44046e-007	1500.55	1437.06	1436.54
1437.04	914.969	241	1.#QNAN	0	0.031	0	8.65962e-007	1499.77	1437.04	1436.53
1436.96	914.942	242	1.#QNAN	0	0.016	0	8.25475e-007	1493.38	1436.96	1436.45
1436.68	914.835	243	1.#QNAN	0	0.015	0	8.63695e-007	1446.16	1436.68	1436.16
1436.58	914.786	244	1.#QNAN	0	0.016	0	8.69371e-007	1475.94	1436.58	1436.07
1436.44	914.76	245	1.#QNAN	0	0.015	0	8.33013e-007	1476.41	1436.44	1435.92
1436.3	914.735	246	1.#QNAN	0	0.016	0	8.14113e-007	1494.36	1436.3	1435.79
1436.14	914.67	247	1.#QNAN	0	0.016	0	9.00241e-007	1458.44	1436.14	1435.63
1436.06	914.654	248	1.#QNAN	0	0.031	0	8.30791e-007	1474.44	1436.06	1435.55
1436.15	914.608	249	1.#QNAN	0	0.015	0	8.3991e-007	1523.59	1436.15	1435.65
1436.3	914.617	250	1.#QNAN	0	0.016	0	8.58739e-007	1531.17	1436.3	1435.8
1436.35	914.552	251	1.#QNAN	0	0.016	0	8.79009e-007	1503.98	1436.35	1435.86
1436.41	914.525	252	1.#QNAN	0	0.015	0	8.32459e-007	1520.03	1436.41	1435.93
1436.47	914.497	253	1.#QNAN	0	0.016	0	8.63501e-007	1522.38	1436.47	1435.99
1436.51	914.464	254	1.#QNAN	0	0.015	0	8.59844e-007	1520.25	1436.51	1436.04
1436.68	914.465	255	1.#QNAN	0	0.032	0	8.42613e-007	1548.16	1436.68	1436.22
1436.87	914.528	256	1.#QNAN	0	0.015	0	8.70614e-007	1540.13	1436.87	1436.41
1436.87	914.524	257	1.#QNAN	0	0.016	0	8.5887e-007	1491.8	1436.87	1436.41
1436.75	914.471	258	1.#QNAN	0	0.015	0	8.53749e-007	1463.72	1436.75	1436.3
1436.71	914.462	259	1.#QNAN	0	0.016	0	8.77906e-007	1496.01	1436.71	1436.26
1436.74	914.436	260	1.#QNAN	0	0.016	0	8.38056e-007	1504.13	1436.74	1436.29
1436.73	914.381	261	1.#QNAN	0	0.015	0	8.40453e-007	1492.99	1436.73	1436.29
1436.63	914.353	262	1.#QNAN	0	0.031	0	8.60468e-007	1476.88	1436.63	1436.19
1436.43	914.278	263	1.#QNAN	0	0.016	0	8.44197e-007	1445.11	1436.43	1435.99
1436.45	914.263	264	1.#QNAN	0	0.016	0	8.48509e-007	1500.69	1436.45	1436.02
1436.35	914.228	265	1.#QNAN	0	0.015	0	8.52298e-007	1476.39	1436.35	1435.93
1436.3	914.227	266	1.#QNAN	0	0.016	0	8.68431e-007	1500.93	1436.3	1435.88
1436.22	914.197	267	1.#QNAN	0	0.015	0	8.47976e-007	1474.96	1436.22	1435.81
1436.1	914.163	268	1.#QNAN	0	0.016	0	8.52177e-007	1459.73	1436.1	1435.69
1436.15	914.166	269	1.#QNAN	0	0.016	0	8.52241e-007	1505.46	1436.15	1435.76
1436.23	914.161	270	1.#QNAN	0	0.031	0	8.51045e-007	1513.85	1436.23	1435.84
1436.21	914.134	271	1.#QNAN	0	0.015	0	8.30632e-007	1494.39	1436.21	1435.82
1436.26	914.179	272	1.#QNAN	0	0.016	0	8.59988e-007	1531.33	1436.26	1435.87
1436.18	914.118	273	1.#QNAN	0	0.016	0	8.77057e-007	1492.83	1436.18	1435.79
1436.11	914.087	274	1.#QNAN	0	0.015	0	8.65046e-007	1494.28	1436.11	1435.73
1436.11	914.072	275	1.#QNAN	0	0.016	0	8.24263e-007	1504.96	1436.11	1435.74
1436.11	914.013	276	1.#QNAN	0	0.015	0	8.7201e-007	1504.64	1436.11	1435.73
1436.1	913.946	277	1.#QNAN	0	0.032	0	8.60879e-007	1501.86	1436.1	1435.72
1436.18	913.906	278	1.#QNAN	0	0.015	0	8.34228e-007	1530.24	1436.18	1435.81
1436.2	913.873	279	1.#QNAN	0	0.016	0	8.63177e-007	1499.25	1436.2	1435.83
1436.2	913.858	280	1.#QNAN	0	0.015	0	8.4908e-007	1494.36	1436.2	1435.83
1436.31	913.839	281	1.#QNAN	0	0.016	0	8.5648e-007	1524.02	1436.31	1435.95
1436.14	913.753	282	1.#QNAN	0	0.016	0	8.49945e-007	1483.11	1436.14	1435.78
1436.12	913.716	283	1.#QNAN	0	0.031	0	8.85002e-007	1492.66	1436.12	1435.77
1436.03	913.675	284	1.#QNAN	0	0.015	0	8.50892e-007	1475.32	1436.03	1435.67
1436.02	913.683	285	1.#QNAN	0	0.016	0	8.47663e-007	1480.94	1436.02	1435.67
1436.05	913.69	286	1.#QNAN	0	0.016	0	8.87921e-007	1509.8	1436.05	1435.71
1435.98	913.663	287	1.#QNAN	0	0.015	0	8.71985e-007	1469.91	1435.98	1435.64
1436.01	913.672	288	1.#QNAN	0	0.016	0	8.54043e-007	1498.77	1436.01	1435.67
1436.14	913.704	289	1.#QNAN	0	0.015	0	9.00148e-007	1521.28	1436.14	1435.81
1435.99	913.604	290	1.#QNAN	0	0.016	0	8.71601e-007	1444.92	1435.99	1435.66
1435.9	913.554	291	1.#QNAN	0	0.031	0	8.14538e-007	1470.99	1435.9	1435.57
1435.86	913.485	292	1.#QNAN	0	0.016	0	8.32455e-007	1480.42	1435.86	1435.53
1435.74	913.456	293	1.#QNAN	0	0.015	0	9.01644e-007	1464.09	1435.74	1435.41
1435.68	913.402	294	1.#QNAN	0	0.016	0	8.80631e-007	1466.66	1435.68	1435.36
1435.42	913.245	295	1.#QNAN	0	0.016	1	8.77223e-007	1421.53	1435.42	1435.1
1435.36	913.126	296	1.#QNAN	0	0.015	0	8.71103e-007	1480.11	1435.36	1435.04
1435.39	913.07	297	1.#QNAN	0	0.016	0	8.22339e-007	1499.6	1435.39	1435.08
1435.28	912.991	298	1.#QNAN	0	0.015	0	8.67006e-007	1462.51	1435.28	1434.97
1435.26	912.989	299	1.#QNAN	0	0.032	0	8.84488e-007	1483.06	1435.26	1434.96
1435.25	912.997	300	1.#QNAN	0	0.015	0	8.55183e-007	1485.69	1435.25	1434.95
1435.28	912.984	301	1.#QNAN	0	0.016	0	8.83436e-007	1505.21	1435.28	1434.98
1435.36	913.006	302	1.#QNAN	0	0.015	0	8.42813e-007	1513.37	1435.36	1435.06
1435.39	912.997	303	1.#QNAN	0	0.016	0	8.55786e-007	1521.43	1435.39	1435.1
1435.4	912.933	304	1.#QNAN	0	0.016	0	8.72354e-007	1513.96	1435.4	1435.11
1435.36	912.878	305	1.#QNAN	0	0.015	0	8.83236e-007	1491.08	1435.36	1435.07
1435.34	912.842	306	1.#QNAN	0	0.031	0	8.83522e-007	1490.72	1435.34	1435.06
1435.35	912.785	307	1.#QNAN	0	0.016	0	9.04202e-007	1511.11	1435.35	1435.07
1435.45	912.795	308	1.#QNAN	0	0.016	0	8.98279e-007	1531.21	1435.45	1435.18
1435.56	912.795	309	1.#QNAN	0	0.015	0	8.63017e-007	1534.78	1435.56	1435.29
1435.77	912.797	310	1.#QNAN	0	0.016	0	8.65501e-007	1593.85	1435.77	1435.51
1435.9	912.8	311	1.#QNAN	0	0.015	0	8.98311e-007	1552.4	1435.9	1435.64
1435.94	912.788	312	1.#QNAN	0	0.016	0	8.69031e-007	1536.85	1435.94	1435.68
1436.1	912.807	313	1.#QNAN	0	0.016	0	8.64567e-007	1572.9	1436.1	1435.84
1436.11	912.794	314	1.#QNAN	0	0.031	0	8.79918e-007	1525.32	1436.11	1435.86
1436.24	912.787	315	1.#QNAN	0	0.015	0	8.88557e-007	1554.18	1436.24	1436
1436.33	912.796	316	1.#QNAN	0	0.016	0	8.75871e-007	1536.22	1436.33	1436.08
1436.43	912.799	317	1.#QNAN	0	0.016	0	8.72352e-007	1544.37	1436.43	1436.2
1436.51	912.803	318	1.#QNAN	0	0.015	0	8.78272e-007	1510.51	1436.51	1436.27
1436.45	912.778	319	1.#QNAN	0	0.016	0	8.68427e-007	1484.61	1436.45	1436.21
1436.44	912.766	320	1.#QNAN	0	0.015	0	8.76078e-007	1483.24	1436.44	1436.21
1436.52	912.801	321	1.#QNAN	0	0.016	0	8.82169e-007	1528.61	1436.52	1436.3
1436.52	912.779	322	1.#QNAN	0	0.031	0	8.69365e-007	1508.5	1436.52	1436.3
1436.68	912.835	323	1.#QNAN	0	0.016	0	8.8768e-007	1567.22	1436.68	1436.46
1436.78	912.801	324	1.#QNAN	0	0.015	0	9.15152e-007	1552.77	1436.78	1436.56
1436.86	912.794	325	1.#QNAN	0	0.016	0	8.80702e-007	1538.68	1436.86	1436.64
1436.86	912.768	326	1.#QNAN	0	0.016	0	8.63982e-007	1511.28	1436.86	1436.65
1436.87	912.706	327	1.#QNAN	0	0.015	0	8.73286e-007	1524.31	1436.87	1436.66
1436.84	912.617	328	1.#QNAN	0	0.016	0	8.8598e-007	1505.99	1436.84	1436.63
1436.85	912.545	329	1.#QNAN	0	0.015	0	8.6647e-007	1501.08	1436.85	1436.65
1436.85	912.502	330	1.#QNAN	0	0.016	0	8.66766e-007	1520.79	1436.85	1436.65
1436.86	912.499	331	1.#QNAN	0	0.015	0	8.60053e-007	1516.44	1436.86	1436.67
1436.87	912.465	332	1.#QNAN	0	0.016	0	8.78364e-007	1521	1436.87	1436.68
1436.84	912.427	333	1.#QNAN	0	0.015	0	8.83264e-007	1489.18	1436.84	1436.65
1436.74	912.367	334	1.#QNAN	0	0.016	0	8.96366e-007	1475.13	1436.74	1436.55
1436.77	912.331	335	1.#QNAN	0	0.016	0	8.53016e-007	1516.94	1436.77	1436.58
1436.83	912.28	336	1.#QNAN	0	0.015	0	8.67615e-007	1519.7	1436.83	1436.65
1436.67	912.245	337	1.#QNAN	0	0.031	0	8.66057e-007	1447.94	1436.67	1436.49
1436.55	912.192	338	1.#QNAN	0	0.016	0	8.85987e-007	1475.35	1436.55	1436.37
1436.58	912.16	339	1.#QNAN	0	0.016	0	8.74933e-007	1520.95	1436.58	1436.41
1436.64	912.156	340	1.#QNAN	0	0.015	0	8.96226e-007	1529.29	1436.64	1436.47
1436.67	912.154	341	1.#QNAN	0	0.016	0	8.77828e-007	1512.83	1436.67	1436.5
1436.68	912.132	342	1.#QNAN	0	0.015	0	9.36575e-007	1493.84	1436.68	1436.51
1436.74	912.098	343	1.#QNAN	0	0.032	0	8.59862e-007	1531.64	1436.74	1436.57
1436.77	912.052	344	1.#QNAN	0	0.015	0	8.52321e-007	1526.05	1436.77	1436.61
1436.85	912.048	345	1.#QNAN	0	0.016	0	8.83178e-007	1527.67	1436.85	1436.69
1436.89	912.025	346	1.#QNAN	0	0.015	0	8.78128e-007	1513.14	1436.89	1436.73
1436.9	912.016	347	1.#QNAN	0	0.016	0	8.84604e-007	1504.69	1436.9	1436.74
1436.96	911.979	348	1.#QNAN	0	0.016	0	8.93223e-007	1520.14	1436.96	1436.81
1437	911.97	349	1.#QNAN	0	0.015	0	8.84709e-007	1511.33	1437	1436.85
1437.03	911.953	350	1.#QNAN	0	0.016	0	9.08845e-007	1495.57	1437.03	1436.88
1437.09	911.957	351	1.#QNAN	0	0.031	1	8.5872e-007	1502.05	1437.09	1436.94
1437.11	911.934	352	1.#QNAN	0	0.016	0	8.80653e-007	1493.37	1437.11	1436.96
1437.18	911.908	353	1.#QNAN	0	0.015	0	8.87038e-007	1518.05	1437.18	1437.04
1437.36	911.974	354	1.#QNAN	0	0.016	0	8.70394e-007	1559.2	1437.36	1437.22
1437.38	911.966	355	1.#QNAN	0	0.015	0	8.81578e-007	1503.24	1437.38	1437.25
1437.43	911.969	356	1.#QNAN	0	0.016	0	8.84332e-007	1503.44	1437.43	1437.29
1437.41	911.952	357	1.#QNAN	0	0.016	0	8.60396e-007	1485.78	1437.41	1437.28
1437.46	911.957	358	1.#QNAN	0	0.031	0	8.39957e-007	1510	1437.46	1437.33
1437.53	911.958	359	1.#QNAN	0	0.015	0	9.17279e-007	1520.64	1437.53	1437.4
1437.57	911.962	360	1.#QNAN	0	0.016	0	8.97729e-007	1502.06	1437.57	1437.44
1437.57	911.937	361	1.#QNAN	0	0.016	0	9.03531e-007	1496.23	1437.57	1437.44
1437.54	911.926	362	1.#QNAN	0	0.015	0	8.68841e-007	1496.35	1437.54	1437.41
1437.44	911.869	363	1.#QNAN	0	0.016	0	8.69471e-007	1471.05	1437.44	1437.31
1437.39	911.832	364	1.#QNAN	0	0.015	0	8.38404e-007	1481.15	1437.39	1437.26
1437.42	911.819	365	1.#QNAN	0	0.016	0	8.85062e-007	1513.27	1437.42	1437.3
1437.44	911.809	366	1.#QNAN	0	0.015	0	9.12493e-007	1516.46	1437.44	1437.32
1437.59	911.828	367	1.#QNAN	0	0.016	0	8.70106e-007	1562.37	1437.59	1437.47
1437.6	911.815	368	1.#QNAN	0	0.015	0	9.29092e-007	1510.17	1437.6	1437.48
1437.59	911.811	369	1.#QNAN	0	0.016	0	8.93752e-007	1500.99	1437.59	1437.47
1437.55	911.776	370	1.#QNAN	0	0.016	0	8.8532e-007	1493.7	1437.55	1437.43
1437.49	911.755	371	1.#QNAN	0	0.015	0	8.93781e-007	1479.87	1437.49	1437.37
1437.5	911.719	372	1.#QNAN	0	0.031	0	8.58491e-007	1505.46	1437.5	1437.38
1437.49	911.712	373	1.#QNAN	0	0.016	0	9.02654e-007	1493.37	1437.49	1437.38
1437.46	911.698	374	1.#QNAN	0	0.016	0	8.4428e-007	1500.86	1437.46	1437.35
1437.48	911.674	375	1.#QNAN	0	0.015	0	8.55859e-007	1496.35	1437.48	1437.36
1437.48	911.678	376	1.#QNAN	0	0.016	0	9.00833e-007	1499.98	1437.48	1437.37
1437.43	911.644	377	1.#QNAN	0	0.015	0	8.89033e-007	1463.01	1437.43	1437.32
1437.37	911.621	378	1.#QNAN	0	0.032	0	8.61168e-007	1465.5	1437.37	1437.26
1437.35	911.609	379	1.#QNAN	0	0.015	0	8.67171e-007	1477.96	1437.35	1437.24
1437.29	911.602	380	1.#QNAN	0	0.016	0	8.3995e-007	1471.13	1437.29	1437.18
1437.33	911.579	381	1.#QNAN	0	0.015	0	8.68895e-007	1520.43	1437.33	1437.22
1437.34	911.582	382	1.#QNAN	0	0.016	0	8.77503e-007	1500.41	1437.34	1437.23
1437.39	911.583	383	1.#QNAN	0	0.016	0	8.70623e-007	1516.8	1437.39	1437.29
1437.42	911.582	384	1.#QNAN	0	0.015	0	8.43726e-007	1508.66	1437.42	1437.32
1437.41	911.577	385	1.#QNAN	0	0.031	0	8.83646e-007	1495.79	1437.41	1437.31
1437.46	911.587	386	1.#QNAN	0	0.016	0	8.91647e-007	1510.6	1437.46	1437.36
1437.48	911.606	387	1.#QNAN	0	0.016	0	9.22581e-007	1517.66	1437.48	1437.37
1437.47	911.593	388	1.#QNAN	0	0.015	0	8.94739e-007	1499.65	1437.47	1437.36
1437.52	911.592	389	1.#QNAN	0	0.016	0	8.58692e-007	1521.91	1437.52	1437.42
1437.52	911.593	390	1.#QNAN	0	0.015	0	8.6308e-007	1496.49	1437.52	1437.42
1437.47	911.562	391	1.#QNAN	0	0.016	0	8.68047e-007	1469.02	1437.47	1437.37
1437.45	911.548	392	1.#QNAN	0	0.016	0	8.72844e-007	1467.83	1437.45	1437.35
1437.4	911.476	393	1.#QNAN	0	0.031	0	8.83311e-007	1472.66	1437.4	1437.3
1437.36	911.41	394	1.#QNAN	0	0.015	0	8.80306e-007	1467.9	1437.36	1437.26
1437.37	911.382	395	1.#QNAN	0	0.016	0	8.83054e-007	1498.15	1437.37	1437.27
1437.32	911.352	396	1.#QNAN	0	0.016	0	8.83114e-007	1470.74	1437.32	1437.22
1437.35	911.348	397	1.#QNAN	0	0.015	0	8.59077e-007	1519.59	1437.35	1437.25
1437.48	911.389	398	1.#QNAN	0	0.016	0	8.76136e-007	1545.4	1437.48	1437.38
1437.58	911.442	399	1.#QNAN	0	0.015	0	8.60882e-007	1542.3	1437.58	1437.48
