rmse	mae	#iter	time_pred	time_learn	time_learn2	time_learn4	alpha	rmse_mcmc_this	rmse_mcmc_all	rmse_mcmc_all_but5
5394.66	4198.67	0	1.#QNAN	0	0.016	0	1.08168e-009	5394.66	5394.66	4287.87
4803.44	3811.66	1	1.#QNAN	0	0.016	0	2.16963e-008	4592.35	4803.44	4287.87
4620.33	3664.64	2	1.#QNAN	0	0.015	0	3.14544e-008	4395.69	4620.33	4287.87
4469.81	3550.35	3	1.#QNAN	0	0.016	0	3.56425e-008	4133.77	4469.81	4287.87
4317.81	3439.11	4	1.#QNAN	0	0.015	0	4.10662e-008	3811.46	4317.81	37538.7
4150.49	3315.76	5	1.#QNAN	0	0.016	0	4.94952e-008	3506.36	4150.49	3506.36
3999.77	3195.22	6	1.#QNAN	0	0	0	6.17511e-008	3341.82	3999.77	3396.67
3853.68	3073.56	7	1.#QNAN	0	0.016	0	7.56042e-008	3177.32	3853.68	3295.75
3724.97	2960.3	8	1.#QNAN	0	0.015	0	8.83611e-008	3015.72	3724.97	3204.79
3606.48	2853.91	9	1.#QNAN	0	0.016	0	1.00704e-007	2896.26	3606.48	3122.18
3503.66	2759.15	10	1.#QNAN	0	0.015	0	1.09674e-007	2818.86	3503.66	3054.34
3413.25	2672.63	11	1.#QNAN	0	0.016	0	1.19652e-007	2804.24	3413.25	3000.38
3332.64	2598.71	12	1.#QNAN	0	0.016	0	1.29887e-007	2711.57	3332.64	2950.03
3260.26	2533.35	13	1.#QNAN	0	0.015	0	1.38558e-007	2664.18	3260.26	2904.99
3192.73	2472.21	14	1.#QNAN	0	0.016	0	1.46806e-007	2622.56	3192.73	2862.7
3132.98	2415.86	15	1.#QNAN	0	0.015	0	1.56169e-007	2618.7	3132.98	2827.26
3079.58	2364.5	16	1.#QNAN	0	0.016	0	1.60822e-007	2603.96	3079.58	2795.51
3028.92	2316.76	17	1.#QNAN	0	0.016	0	1.63549e-007	2521.9	3028.92	2763.88
2984.05	2273.87	18	1.#QNAN	0	0.015	0	1.72269e-007	2538.33	2984.05	2737.42
2943.35	2234.98	19	1.#QNAN	0	0.016	0	1.77548e-007	2540.56	2943.35	2714.12
2906.94	2199.51	20	1.#QNAN	0	0.015	0	1.78744e-007	2510.3	2906.94	2693.06
2873.29	2167.38	21	1.#QNAN	0	0.016	0	1.8453e-007	2478.04	2873.29	2673.06
2842.24	2137.36	22	1.#QNAN	0	0	0	1.85362e-007	2437.27	2842.24	2654.05
2813.61	2109.11	23	1.#QNAN	0	0.016	0	1.93559e-007	2437.35	2813.61	2636.98
2786.15	2081.52	24	1.#QNAN	0	0.015	0	2.05183e-007	2429.81	2786.15	2620.19
2762.4	2057.09	25	1.#QNAN	0	0.016	0	1.98416e-007	2427.34	2762.4	2605.97
2736.93	2033.18	26	1.#QNAN	0	0.015	0	2.08245e-007	2352.9	2736.93	2588.39
2715.15	2011.34	27	1.#QNAN	0	0.016	0	2.13349e-007	2374.98	2715.15	2573.75
2693.83	1990.44	28	1.#QNAN	0	0.016	0	2.22434e-007	2332.24	2693.83	2559.24
2672.7	1970.31	29	1.#QNAN	0	0	0	2.22414e-007	2294.97	2672.7	2544.4
2653.1	1951.23	30	1.#QNAN	0	0.015	0	2.14526e-007	2300.38	2653.1	2530.95
2635.26	1933.39	31	1.#QNAN	0	0.016	0	2.25098e-007	2319.42	2635.26	2518.8
2618.13	1917.08	32	1.#QNAN	0	0.015	1	2.33585e-007	2273.23	2618.13	2506.8
2600.78	1901.19	33	1.#QNAN	0	0.016	0	2.37747e-007	2232.93	2600.78	2494.08
2584.61	1885.92	34	1.#QNAN	0	0.016	0	2.47444e-007	2235.83	2584.61	2482.28
2568.09	1870.81	35	1.#QNAN	0	0.015	0	2.45132e-007	2180.8	2568.09	2469.39
2551.58	1855.85	36	1.#QNAN	0	0.016	0	2.50938e-007	2166.64	2551.58	2456.5
2535.92	1841.89	37	1.#QNAN	0	0	0	2.54513e-007	2135	2535.92	2444
2520.96	1828.14	38	1.#QNAN	0	0.015	0	2.67832e-007	2167.66	2520.96	2432.15
2504.86	1814.38	39	1.#QNAN	0	0.016	0	2.69804e-007	2061.9	2504.86	2418.51
2490.26	1801.68	40	1.#QNAN	0	0.016	0	2.77863e-007	2083.36	2490.26	2406.55
2477.66	1789.85	41	1.#QNAN	0	0.015	0	2.93028e-007	2143.65	2477.66	2396.78
2464.43	1778.02	42	1.#QNAN	0	0.016	0	2.94628e-007	2073.46	2464.43	2385.88
2451.79	1766.47	43	1.#QNAN	0	0	0	2.94503e-007	2063.75	2451.79	2375.39
2439.11	1755.14	44	1.#QNAN	0	0.015	0	3.03271e-007	2049.74	2439.11	2364.76
2426.04	1743.93	45	1.#QNAN	0	0.016	0	3.12864e-007	2018.67	2426.04	2353.73
2413.49	1733.15	46	1.#QNAN	0	0.016	0	3.10089e-007	2004.37	2413.49	2343.01
2401.79	1722.87	47	1.#QNAN	0	0.015	0	3.24993e-007	2010.35	2401.79	2333
2391.26	1713.14	48	1.#QNAN	0	0.016	0	3.28523e-007	2057.73	2391.26	2324.36
2380.34	1703.36	49	1.#QNAN	0	0.015	0	3.26576e-007	2001.63	2380.34	2315.04
2370.1	1694.01	50	1.#QNAN	0	0	0	3.24496e-007	2017.07	2370.1	2306.49
2359.39	1684.62	51	1.#QNAN	0	0.016	0	3.35446e-007	1958.64	2359.39	2297.2
2349.52	1675.62	52	1.#QNAN	0	0.016	0	3.33448e-007	2001.79	2349.52	2288.73
2339.16	1666.58	53	1.#QNAN	0	0.015	0	3.43137e-007	1937.31	2339.16	2279.7
2328.98	1657.58	54	1.#QNAN	0	0.016	0	3.42508e-007	1935.54	2328.98	2270.93
2319.09	1648.8	55	1.#QNAN	0	0.015	0	3.53729e-007	1931.7	2319.09	2262.39
2308.81	1640.24	56	1.#QNAN	0	0	0	3.68321e-007	1899.82	2308.81	2253.27
2298.72	1631.55	57	1.#QNAN	0	0.016	0	3.67472e-007	1895.79	2298.72	2244.36
2288.71	1622.94	58	1.#QNAN	0	0.016	0	3.81479e-007	1876.31	2288.71	2235.49
2278.67	1614.51	59	1.#QNAN	0	0.015	0	3.73852e-007	1862.29	2278.67	2226.48
2270.16	1606.72	60	1.#QNAN	0	0.016	0	3.89331e-007	1925.34	2270.16	2219.06
2261.24	1598.9	61	1.#QNAN	0	0.015	0	3.89384e-007	1875.48	2261.24	2211.18
2253.03	1591.1	62	1.#QNAN	0	0.016	0	3.94206e-007	1908.17	2253.03	2204.12
2244.68	1583.6	63	1.#QNAN	0	0.016	0	3.9888e-007	1894.64	2244.68	2196.83
2237.03	1576.38	64	1.#QNAN	0	0	0	4.07418e-007	1903.86	2237.03	2190.18
2228.41	1569.13	65	1.#QNAN	0	0.015	0	4.04422e-007	1832.58	2228.41	2182.43
2219.95	1562.17	66	1.#QNAN	0	0.016	0	4.11395e-007	1865.43	2219.95	2174.79
2212.25	1555.44	67	1.#QNAN	0	0.015	0	4.16995e-007	1846.63	2212.25	2167.86
2204.68	1548.7	68	1.#QNAN	0	0.016	0	4.27447e-007	1841.01	2204.68	2161.11
2197.32	1542.11	69	1.#QNAN	0	0.016	0	4.39796e-007	1837.6	2197.32	2154.54
2190.12	1535.72	70	1.#QNAN	0	0.015	0	4.45066e-007	1832.69	2190.12	2148.11
2182.98	1529.47	71	1.#QNAN	0	0	0	4.51535e-007	1818.21	2182.98	2141.67
2175.34	1522.92	72	1.#QNAN	0	0.016	0	4.33441e-007	1793.97	2175.34	2134.69
2168.34	1516.66	73	1.#QNAN	0	0.015	0	4.44742e-007	1810.37	2168.34	2128.37
2161.24	1510.55	74	1.#QNAN	0	0.016	0	4.70646e-007	1786.37	2161.24	2121.88
2154.55	1504.79	75	1.#QNAN	0	0.016	0	4.63687e-007	1807.93	2154.55	2115.79
2147.94	1499.27	76	1.#QNAN	0	0.015	0	4.43964e-007	1794.87	2147.94	2109.75
2141.38	1493.7	77	1.#QNAN	0	0.016	0	4.75916e-007	1788.94	2141.38	2103.76
2135.17	1488.26	78	1.#QNAN	0	0	0	4.60159e-007	1802.22	2135.17	2098.15
2128.36	1482.67	79	1.#QNAN	0	0.015	0	4.84906e-007	1772.6	2128.36	2091.89
2122.21	1477.2	80	1.#QNAN	0	0.016	0	4.76549e-007	1788.8	2122.21	2086.3
2116.14	1471.88	81	1.#QNAN	0	0.016	0	4.74589e-007	1774.62	2116.14	2080.79
2110.2	1466.68	82	1.#QNAN	0	0.015	0	4.84551e-007	1765.38	2110.2	2075.39
2104.48	1461.54	83	1.#QNAN	0	0.016	0	4.96607e-007	1782.16	2104.48	2070.23
2098.81	1456.52	84	1.#QNAN	0	0.015	0	4.96337e-007	1774.6	2098.81	2065.07
2092.94	1451.5	85	1.#QNAN	0	0	0	5.01558e-007	1743.28	2092.94	2059.69
2087.17	1446.65	86	1.#QNAN	0	0.016	0	4.86064e-007	1742.47	2087.17	2054.36
2081.47	1441.91	87	1.#QNAN	0	0.016	0	5.16812e-007	1765.29	2081.47	2049.05
2075.44	1437.11	88	1.#QNAN	0	0.015	0	4.89455e-007	1708.18	2075.44	2043.41
2069.78	1432.48	89	1.#QNAN	0	0.016	0	4.92906e-007	1721.59	2069.78	2038.12
2064.09	1427.8	90	1.#QNAN	0	0.015	0	5.06569e-007	1722.14	2064.09	2032.79
2058.52	1423.36	91	1.#QNAN	0	0	0	5.15349e-007	1711.81	2058.52	2027.58
2053.01	1418.9	92	1.#QNAN	0	0	0	5.22268e-007	1713.18	2053.01	2022.42
2047.32	1414.42	93	1.#QNAN	0	0.016	0	5.16911e-007	1678.95	2047.32	2017.05
2041.82	1410.04	94	1.#QNAN	0	0.015	0	5.12003e-007	1681.47	2041.82	2011.89
2036.43	1405.64	95	1.#QNAN	0	0.016	0	5.34154e-007	1698.85	2036.43	2006.87
2031.46	1401.48	96	1.#QNAN	0	0.015	0	5.1984e-007	1725.68	2031.46	2002.26
2026.32	1397.27	97	1.#QNAN	0	0.016	0	5.45815e-007	1691.44	2026.32	1997.45
2021.22	1393.18	98	1.#QNAN	0	0	0	5.53967e-007	1674.53	2021.22	1992.67
2015.99	1389.08	99	1.#QNAN	0	0.016	0	5.30848e-007	1657.06	2015.99	1987.76
2010.78	1384.96	100	1.#QNAN	0	0.015	0	5.55506e-007	1695.46	2010.78	1982.87
2006.05	1381.03	101	1.#QNAN	0	0.016	0	5.43828e-007	1684.01	2006.05	1978.47
2001.43	1377.08	102	1.#QNAN	0	0.015	0	5.426e-007	1686.38	2001.43	1974.18
1997.01	1373.28	103	1.#QNAN	0	0.016	0	5.52429e-007	1703.61	1997.01	1970.1
1992.57	1369.48	104	1.#QNAN	0	0.016	0	5.50909e-007	1691.65	1992.57	1966.01
1988.22	1365.72	105	1.#QNAN	0	0.015	0	5.48749e-007	1691.58	1988.22	1962.01
1983.72	1362.05	106	1.#QNAN	0	0	0	5.57895e-007	1664.03	1983.72	1957.79
1979.4	1358.39	107	1.#QNAN	0	0.016	1	5.5527e-007	1673.94	1979.4	1953.78
1974.95	1354.69	108	1.#QNAN	0	0.015	0	5.82029e-007	1662.25	1974.95	1949.62
1970.31	1350.96	109	1.#QNAN	0	0.016	0	5.62e-007	1656.92	1970.31	1945.28
1965.99	1347.33	110	1.#QNAN	0	0.016	0	5.70942e-007	1661.97	1965.99	1941.27
1961.69	1343.77	111	1.#QNAN	0	0.015	0	5.69341e-007	1658	1961.69	1937.26
1957.66	1340.34	112	1.#QNAN	0	0	0	5.57001e-007	1683.8	1957.66	1933.51
1953.68	1336.96	113	1.#QNAN	0	0.016	0	5.69344e-007	1678.49	1953.68	1929.8
1949.43	1333.47	114	1.#QNAN	0	0.015	0	5.783e-007	1633.68	1949.43	1925.8
1945.26	1330.11	115	1.#QNAN	0	0.016	0	5.74375e-007	1625.03	1945.26	1921.87
1941.24	1326.81	116	1.#QNAN	0	0.016	0	5.77286e-007	1656.88	1941.24	1918.04
1937.2	1323.55	117	1.#QNAN	0	0.015	0	5.65627e-007	1640.15	1937.2	1914.21
1933.37	1320.38	118	1.#QNAN	0	0.016	0	5.95442e-007	1655.13	1933.37	1910.58
1929.63	1317.35	119	1.#QNAN	0	0	0	5.85596e-007	1667.68	1929.63	1907.05
1925.78	1314.25	120	1.#QNAN	0	0	0	5.69515e-007	1655.16	1925.78	1903.44
1922.03	1311.3	121	1.#QNAN	0	0.016	0	5.74175e-007	1621.3	1922.03	1899.89
1918.22	1308.3	122	1.#QNAN	0	0.016	0	5.99789e-007	1615.42	1918.22	1896.28
1914.53	1305.35	123	1.#QNAN	0	0.015	0	5.7933e-007	1618.57	1914.53	1892.78
1910.81	1302.4	124	1.#QNAN	0	0.016	0	5.53067e-007	1614.79	1910.81	1889.25
1907.07	1299.45	125	1.#QNAN	0	0.015	0	5.97676e-007	1601.2	1907.07	1885.69
1903.44	1296.62	126	1.#QNAN	0	0.016	0	6.06987e-007	1602.77	1903.44	1882.25
1900.06	1293.78	127	1.#QNAN	0	0	0	5.78894e-007	1644.55	1900.06	1879.07
1896.41	1290.89	128	1.#QNAN	0	0.016	0	6.02261e-007	1618.07	1896.41	1875.63
1892.82	1288.02	129	1.#QNAN	0	0.015	0	6.08056e-007	1597.1	1892.82	1872.23
1889.29	1285.12	130	1.#QNAN	0	0.016	0	6.20221e-007	1606.67	1889.29	1868.88
1885.74	1282.23	131	1.#QNAN	0	0.015	0	6.12924e-007	1637.08	1885.74	1865.52
1882.48	1279.5	132	1.#QNAN	0	0.016	0	6.06302e-007	1610.92	1882.48	1862.43
1879.17	1276.77	133	1.#QNAN	0	0.016	0	6.03431e-007	1610.29	1879.17	1859.28
1875.8	1274.05	134	1.#QNAN	0	0	0	6.13107e-007	1589.39	1875.8	1856.06
1872.41	1271.3	135	1.#QNAN	0	0.015	0	6.16124e-007	1586.43	1872.41	1852.83
1869.23	1268.68	136	1.#QNAN	0	0.016	0	6.27177e-007	1614.94	1869.23	1849.79
1865.54	1265.9	137	1.#QNAN	0	0.015	0	6.2289e-007	1580.32	1865.54	1846.24
1862.04	1263.19	138	1.#QNAN	0	0.016	0	6.19075e-007	1577.52	1862.04	1842.89
1858.41	1260.45	139	1.#QNAN	0	0.016	0	6.28901e-007	1552.15	1858.41	1839.4
1855.03	1257.83	140	1.#QNAN	0	0	0	6.13271e-007	1576.36	1855.03	1836.14
1851.69	1255.19	141	1.#QNAN	0	0.015	0	6.12332e-007	1586.16	1851.69	1832.94
1848.24	1252.53	142	1.#QNAN	0	0.016	0	6.12114e-007	1556.31	1848.24	1829.63
1844.85	1249.9	143	1.#QNAN	0	0.015	0	6.2502e-007	1555.08	1844.85	1826.36
1841.59	1247.36	144	1.#QNAN	0	0.016	0	6.09884e-007	1577.68	1841.59	1823.25
1838.32	1244.81	145	1.#QNAN	0	0.016	0	6.24812e-007	1571.12	1838.32	1820.12
1834.96	1242.22	146	1.#QNAN	0	0.015	0	6.39251e-007	1568.9	1834.96	1816.91
1831.71	1239.73	147	1.#QNAN	0	0	0	6.51484e-007	1554.79	1831.71	1813.81
1828.72	1237.32	148	1.#QNAN	0	0.016	0	6.32228e-007	1596.98	1828.72	1810.94
1825.82	1234.92	149	1.#QNAN	0	0.015	0	6.38836e-007	1603.38	1825.82	1808.18
1822.68	1232.49	150	1.#QNAN	0	0.016	0	6.26465e-007	1550.6	1822.68	1805.17
1819.77	1230.17	151	1.#QNAN	0	0.016	0	6.35966e-007	1574	1819.77	1802.39
1816.67	1227.83	152	1.#QNAN	0	0.015	0	6.2937e-007	1551.23	1816.67	1799.42
1813.53	1225.5	153	1.#QNAN	0	0.016	0	6.39481e-007	1543.35	1813.53	1796.4
1810.47	1223.17	154	1.#QNAN	0	0	0	6.20588e-007	1562.89	1810.47	1793.45
1807.47	1220.91	155	1.#QNAN	0	0.015	0	6.23416e-007	1550.33	1807.47	1790.58
1804.81	1218.76	156	1.#QNAN	0	0.016	0	6.20553e-007	1605.62	1804.81	1788.04
1802.14	1216.63	157	1.#QNAN	0	0.016	0	6.29807e-007	1606.15	1802.14	1785.51
1799.52	1214.48	158	1.#QNAN	0	0.015	0	6.4978e-007	1586.7	1799.52	1783.03
1796.84	1212.31	159	1.#QNAN	0	0.016	0	6.32767e-007	1594.01	1796.84	1780.49
1793.72	1210.03	160	1.#QNAN	0	0	0	6.41268e-007	1540.32	1793.72	1777.48
1790.85	1207.86	161	1.#QNAN	0	0.015	0	6.46593e-007	1534	1790.85	1774.74
1788.02	1205.72	162	1.#QNAN	0	0.016	0	6.34713e-007	1536.59	1788.02	1772.01
1785.23	1203.62	163	1.#QNAN	0	0.016	0	6.49373e-007	1543.99	1785.23	1769.32
1782.39	1201.51	164	1.#QNAN	0	0.015	0	6.28755e-007	1543.02	1782.39	1766.6
1779.72	1199.49	165	1.#QNAN	0	0.016	0	6.54532e-007	1538.46	1779.72	1764.04
1776.97	1197.38	166	1.#QNAN	0	0.015	0	6.40361e-007	1542.19	1776.97	1761.4
1774.32	1195.34	167	1.#QNAN	0	0.016	0	6.40393e-007	1538.12	1774.32	1758.86
1771.82	1193.39	168	1.#QNAN	0	0	0	6.37133e-007	1543.17	1771.82	1756.49
1769.5	1191.5	169	1.#QNAN	0	0.016	0	6.51168e-007	1595.42	1769.5	1754.28
1766.96	1189.53	170	1.#QNAN	0	0.015	0	6.56962e-007	1539.01	1766.96	1751.86
1764.57	1187.62	171	1.#QNAN	0	0.016	0	6.52919e-007	1547.55	1764.57	1749.59
1762.11	1185.73	172	1.#QNAN	0	0.015	0	6.54699e-007	1532.07	1762.11	1747.25
1759.85	1183.88	173	1.#QNAN	0	0.016	0	6.47283e-007	1587.09	1759.85	1745.11
1757.55	1182.05	174	1.#QNAN	0	0	0	6.65192e-007	1557.63	1757.55	1742.93
1755.15	1180.17	175	1.#QNAN	0	0	0	6.31321e-007	1522.08	1755.15	1740.65
1752.79	1178.37	176	1.#QNAN	0	0.015	0	6.67217e-007	1534.6	1752.79	1738.41
1750.57	1176.65	177	1.#QNAN	0	0.016	0	6.23158e-007	1553.5	1750.57	1736.31
1748.31	1174.96	178	1.#QNAN	0	0.015	0	6.60395e-007	1535.09	1748.31	1734.16
1746.01	1173.24	179	1.#QNAN	0	0.016	0	6.41319e-007	1528.02	1746.01	1731.96
1743.77	1171.62	180	1.#QNAN	0	0.016	0	6.54206e-007	1520.51	1743.77	1729.82
1741.48	1169.88	181	1.#QNAN	0	0.015	1	6.61268e-007	1519.59	1741.48	1727.64
1739.29	1168.23	182	1.#QNAN	0	0	0	6.46778e-007	1530.4	1739.29	1725.55
1737.22	1166.63	183	1.#QNAN	0	0.016	0	6.68858e-007	1546.93	1737.22	1723.59
1735.12	1165.01	184	1.#QNAN	0	0.015	0	6.59442e-007	1540.97	1735.12	1721.59
1733.08	1163.43	185	1.#QNAN	0	0.016	0	6.64757e-007	1536.42	1733.08	1719.65
1731.04	1161.87	186	1.#QNAN	0	0.016	0	6.4178e-007	1526.14	1731.04	1717.72
1729.04	1160.35	187	1.#QNAN	0	0.015	0	6.5081e-007	1552.97	1729.04	1715.84
1726.99	1158.81	188	1.#QNAN	0	0	0	6.74957e-007	1541.43	1726.99	1713.89
1724.9	1157.22	189	1.#QNAN	0	0.016	0	6.62153e-007	1560.85	1724.9	1711.9
1722.93	1155.68	190	1.#QNAN	0	0.015	0	6.32501e-007	1535.24	1722.93	1710.04
1721	1154.2	191	1.#QNAN	0	0.016	0	6.67642e-007	1540.26	1721	1708.21
1719.16	1152.76	192	1.#QNAN	0	0.016	0	6.84463e-007	1539.85	1719.16	1706.46
1717.3	1151.34	193	1.#QNAN	0	0.015	0	6.61167e-007	1546.45	1717.3	1704.7
1715.56	1149.95	194	1.#QNAN	0	0.016	0	7.05422e-007	1562.3	1715.56	1703.07
1713.86	1148.55	195	1.#QNAN	0	0	0	6.1002e-007	1591.9	1713.86	1701.48
1712.1	1147.17	196	1.#QNAN	0	0.015	0	6.56612e-007	1552.99	1712.1	1699.82
1710.37	1145.81	197	1.#QNAN	0	0.016	0	6.82302e-007	1560.65	1710.37	1698.19
1708.51	1144.42	198	1.#QNAN	0	0.016	0	6.36438e-007	1552.68	1708.51	1696.44
1706.77	1143.08	199	1.#QNAN	0	0.015	0	6.43437e-007	1551.98	1706.77	1694.8
1705.09	1141.79	200	1.#QNAN	0	0.016	0	6.5434e-007	1550.72	1705.09	1693.21
1703.46	1140.51	201	1.#QNAN	0	0.015	0	6.33515e-007	1583.13	1703.46	1691.66
1701.8	1139.25	202	1.#QNAN	0	0	0	6.85507e-007	1552.71	1701.8	1690.1
1700.06	1137.96	203	1.#QNAN	0	0.016	0	6.67602e-007	1535.27	1700.06	1688.43
1698.33	1136.7	204	1.#QNAN	0	0.016	0	6.75893e-007	1537.87	1698.33	1686.8
1696.71	1135.45	205	1.#QNAN	0	0.015	0	6.69419e-007	1574.99	1696.71	1685.26
1695	1134.17	206	1.#QNAN	0	0.016	0	6.50661e-007	1529.32	1695	1683.63
1693.24	1132.88	207	1.#QNAN	0	0.015	0	6.63673e-007	1534.67	1693.24	1681.96
1691.65	1131.68	208	1.#QNAN	0	0	0	6.72008e-007	1558.67	1691.65	1680.44
1689.97	1130.44	209	1.#QNAN	0	0.016	0	6.4992e-007	1544.9	1689.97	1678.83
1688.16	1129.14	210	1.#QNAN	0	0.016	0	6.66409e-007	1521.57	1688.16	1677.09
1686.42	1127.97	211	1.#QNAN	0	0.015	0	6.45256e-007	1540.19	1686.42	1675.43
1684.67	1126.74	212	1.#QNAN	0	0.016	0	6.79381e-007	1535.96	1684.67	1673.76
1682.96	1125.5	213	1.#QNAN	0	0.015	0	6.88026e-007	1519.7	1682.96	1672.12
1681.34	1124.31	214	1.#QNAN	0	0.016	0	6.66641e-007	1527.11	1681.34	1670.59
1679.54	1123.06	215	1.#QNAN	0	0.016	0	6.68126e-007	1557.43	1679.54	1668.87
1677.93	1121.9	216	1.#QNAN	0	0	0	6.47513e-007	1539.44	1677.93	1667.33
1676.19	1120.72	217	1.#QNAN	0	0.015	0	6.6493e-007	1616.12	1676.19	1665.67
1674.53	1119.56	218	1.#QNAN	0	0.016	0	6.44068e-007	1529.36	1674.53	1664.09
1673.05	1118.45	219	1.#QNAN	0	0.015	0	6.74736e-007	1552.65	1673.05	1662.69
1671.59	1117.35	220	1.#QNAN	0	0.016	0	6.78076e-007	1536.25	1671.59	1661.31
1669.98	1116.19	221	1.#QNAN	0	0.016	0	6.48292e-007	1541.78	1669.98	1659.77
1668.51	1115.15	222	1.#QNAN	0	0	0	6.74441e-007	1536.06	1668.51	1658.38
1667.04	1114.07	223	1.#QNAN	0	0.015	0	6.59503e-007	1526.19	1667.04	1656.97
1665.6	1112.99	224	1.#QNAN	0	0.016	0	6.6902e-007	1532.17	1665.6	1655.61
1664.14	1111.96	225	1.#QNAN	0	0.015	0	6.84529e-007	1511.82	1664.14	1654.22
1662.67	1110.94	226	1.#QNAN	0	0.016	0	6.71253e-007	1535.35	1662.67	1652.81
1661.26	1109.87	227	1.#QNAN	0	0.016	0	6.62826e-007	1529.16	1661.26	1651.47
1659.9	1108.87	228	1.#QNAN	0	0	0	6.62213e-007	1526.54	1659.9	1650.18
1658.63	1107.9	229	1.#QNAN	0	0.015	0	6.72868e-007	1547.01	1658.63	1648.98
1657.34	1106.91	230	1.#QNAN	0	0.016	0	6.63463e-007	1572.56	1657.34	1647.77
1656.1	1105.95	231	1.#QNAN	0	0.015	0	6.75417e-007	1570.39	1656.1	1646.61
1654.89	1105.01	232	1.#QNAN	0	0.016	0	6.775e-007	1568.79	1654.89	1645.48
1653.63	1104.05	233	1.#QNAN	0	0.016	0	6.75379e-007	1549.17	1653.63	1644.29
1652.38	1103.11	234	1.#QNAN	0	0.015	0	6.83444e-007	1592.14	1652.38	1643.11
1651.19	1102.22	235	1.#QNAN	0	0.016	0	6.65238e-007	1564.58	1651.19	1642
1649.94	1101.3	236	1.#QNAN	0	0	0	6.85251e-007	1610.91	1649.94	1640.82
1648.59	1100.3	237	1.#QNAN	0	0.015	0	6.93641e-007	1638.87	1648.59	1639.55
1647.34	1099.34	238	1.#QNAN	0	0.016	0	6.588e-007	1566.23	1647.34	1638.38
1646.13	1098.42	239	1.#QNAN	0	0.016	0	6.84112e-007	1548.69	1646.13	1637.23
1644.96	1097.53	240	1.#QNAN	0	0.015	0	6.49011e-007	1539.64	1644.96	1636.13
1643.78	1096.66	241	1.#QNAN	0	0.016	0	6.80457e-007	1540.08	1643.78	1635
1642.63	1095.84	242	1.#QNAN	0	0.015	0	6.75083e-007	1556.22	1642.63	1633.92
1641.51	1095.03	243	1.#QNAN	0	0	0	6.56894e-007	1547.79	1641.51	1632.86
1640.42	1094.19	244	1.#QNAN	0	0.016	0	6.52585e-007	1549.14	1640.42	1631.83
1639.18	1093.31	245	1.#QNAN	0	0.016	0	6.88162e-007	1529.51	1639.18	1630.65
1638.1	1092.51	246	1.#QNAN	0	0.015	0	6.46463e-007	1575.24	1638.1	1629.63
1637.07	1091.71	247	1.#QNAN	0	0.016	0	6.50859e-007	1552.35	1637.07	1628.67
1636.1	1090.93	248	1.#QNAN	0	0.015	0	6.71263e-007	1564.67	1636.1	1627.76
1634.99	1090.12	249	1.#QNAN	0	0.016	0	6.88419e-007	1535.75	1634.99	1626.7
1633.94	1089.33	250	1.#QNAN	0	0	0	6.69242e-007	1583.41	1633.94	1625.71
1632.91	1088.57	251	1.#QNAN	0	0.016	0	6.61041e-007	1546.15	1632.91	1624.73
1631.98	1087.82	252	1.#QNAN	0	0.015	0	6.77367e-007	1564.22	1631.98	1623.85
1631.03	1087.03	253	1.#QNAN	0	0.016	0	6.7408e-007	1559.97	1631.03	1622.97
1630.13	1086.34	254	1.#QNAN	0	0.015	0	6.73297e-007	1554.33	1630.13	1622.12
1629.24	1085.63	255	1.#QNAN	0	0.016	0	6.76795e-007	1557.13	1629.24	1621.28
1628.2	1084.85	256	1.#QNAN	0	0	0	6.75172e-007	1546.9	1628.2	1620.29
1627.29	1084.14	257	1.#QNAN	0	0.016	1	6.70087e-007	1549.33	1627.29	1619.44
1626.43	1083.45	258	1.#QNAN	0	0.015	0	6.814e-007	1564.41	1626.43	1618.62
1625.59	1082.79	259	1.#QNAN	0	0.016	0	6.84876e-007	1569.72	1625.59	1617.84
1624.65	1082.05	260	1.#QNAN	0	0.015	0	6.79687e-007	1554.7	1624.65	1616.95
1623.79	1081.35	261	1.#QNAN	0	0.016	0	6.7501e-007	1574.8	1623.79	1616.15
1622.96	1080.67	262	1.#QNAN	0	0.016	0	6.72448e-007	1565.58	1622.96	1615.37
1622.02	1079.98	263	1.#QNAN	0	0.015	0	6.86307e-007	1576.17	1622.02	1614.49
1621.12	1079.26	264	1.#QNAN	0	0.016	0	6.56535e-007	1565.2	1621.12	1613.65
1620.23	1078.56	265	1.#QNAN	0	0	0	6.70476e-007	1558.9	1620.23	1612.82
1619.32	1077.86	266	1.#QNAN	0	0.015	0	6.85768e-007	1582.67	1619.32	1611.97
1618.49	1077.2	267	1.#QNAN	0	0.016	0	6.84903e-007	1556.76	1618.49	1611.19
1617.61	1076.51	268	1.#QNAN	0	0.016	0	6.79966e-007	1548.61	1617.61	1610.37
1616.76	1075.87	269	1.#QNAN	0	0.015	0	6.86874e-007	1557.89	1616.76	1609.57
1615.86	1075.13	270	1.#QNAN	0	0.016	0	7.06537e-007	1586.59	1615.86	1608.73
1614.97	1074.44	271	1.#QNAN	0	0.015	0	6.62607e-007	1554.51	1614.97	1607.89
1614.1	1073.8	272	1.#QNAN	0	0.016	0	6.87017e-007	1548.83	1614.1	1607.07
1613.2	1073.13	273	1.#QNAN	0	0	0	6.8248e-007	1544.85	1613.2	1606.22
1612.38	1072.49	274	1.#QNAN	0	0.016	0	7.02696e-007	1564.16	1612.38	1605.46
1611.61	1071.87	275	1.#QNAN	0	0.015	0	6.68501e-007	1573.63	1611.61	1604.74
1610.78	1071.24	276	1.#QNAN	0	0.016	0	6.643e-007	1557.51	1610.78	1603.95
1609.95	1070.64	277	1.#QNAN	0	0.015	0	6.88017e-007	1567.93	1609.95	1603.16
1609.17	1070.07	278	1.#QNAN	0	0.016	0	6.94218e-007	1565.41	1609.17	1602.43
1608.28	1069.43	279	1.#QNAN	0	0	0	6.53904e-007	1578.91	1608.28	1601.59
1607.47	1068.85	280	1.#QNAN	0	0.016	0	6.84136e-007	1535.26	1607.47	1600.82
1606.7	1068.28	281	1.#QNAN	0	0.015	0	6.75267e-007	1533.5	1606.7	1600.1
1605.9	1067.65	282	1.#QNAN	0	0.016	0	6.79046e-007	1530.11	1605.9	1599.33
1605.04	1067.01	283	1.#QNAN	0	0.015	0	6.72522e-007	1540.45	1605.04	1598.51
1604.19	1066.4	284	1.#QNAN	0	0.016	0	6.66635e-007	1532.65	1604.19	1597.7
1603.33	1065.8	285	1.#QNAN	0	0.016	0	6.80422e-007	1526.77	1603.33	1596.88
1602.48	1065.19	286	1.#QNAN	0	0	0	7.14074e-007	1538.26	1602.48	1596.07
1601.66	1064.59	287	1.#QNAN	0	0.015	0	6.7826e-007	1529.83	1601.66	1595.3
1600.9	1064	288	1.#QNAN	0	0.016	0	6.824e-007	1542.09	1600.9	1594.57
1600.1	1063.41	289	1.#QNAN	0	0.015	0	6.66302e-007	1530.99	1600.1	1593.81
1599.35	1062.84	290	1.#QNAN	0	0.016	0	6.88287e-007	1535.93	1599.35	1593.1
1598.54	1062.25	291	1.#QNAN	0	0.016	0	6.73455e-007	1509.16	1598.54	1592.32
1597.8	1061.69	292	1.#QNAN	0	0.015	0	6.75841e-007	1528.01	1597.8	1591.62
1597.04	1061.11	293	1.#QNAN	0	0.016	0	6.84467e-007	1533.09	1597.04	1590.91
1596.3	1060.51	294	1.#QNAN	0	0	0	6.93637e-007	1521.07	1596.3	1590.2
1595.57	1059.93	295	1.#QNAN	0	0.015	0	6.85553e-007	1527.77	1595.57	1589.51
1594.85	1059.35	296	1.#QNAN	0	0.016	0	6.77496e-007	1527.72	1594.85	1588.83
1594.2	1058.82	297	1.#QNAN	0	0.016	0	6.93675e-007	1538.69	1594.2	1588.22
1593.57	1058.3	298	1.#QNAN	0	0.015	0	6.70627e-007	1586.71	1593.57	1587.62
1592.93	1057.77	299	1.#QNAN	0	0.016	0	6.75601e-007	1542.17	1592.93	1587.01
1592.2	1057.18	300	1.#QNAN	0	0	0	6.67189e-007	1517.86	1592.2	1586.32
1591.46	1056.62	301	1.#QNAN	0	0.015	0	7.07224e-007	1519.67	1591.46	1585.62
1590.76	1056.06	302	1.#QNAN	0	0.016	0	6.82146e-007	1526.25	1590.76	1584.95
1590.06	1055.52	303	1.#QNAN	0	0.016	0	7.03545e-007	1536.82	1590.06	1584.29
1589.38	1054.99	304	1.#QNAN	0	0.015	0	6.75983e-007	1539.91	1589.38	1583.64
1588.69	1054.45	305	1.#QNAN	0	0.016	0	6.73367e-007	1553	1588.69	1583
1588	1053.89	306	1.#QNAN	0	0.015	0	6.84592e-007	1548.06	1588	1582.35
1587.32	1053.33	307	1.#QNAN	0	0	0	6.98922e-007	1632.2	1587.32	1581.71
1586.67	1052.77	308	1.#QNAN	0	0.016	0	6.67009e-007	1548.33	1586.67	1581.1
1585.96	1052.21	309	1.#QNAN	0	0.016	0	6.98023e-007	1517.05	1585.96	1580.42
1585.26	1051.67	310	1.#QNAN	0	0.015	0	7.00138e-007	1514.01	1585.26	1579.75
1584.57	1051.15	311	1.#QNAN	0	0.016	0	6.81468e-007	1522.74	1584.57	1579.1
1583.9	1050.66	312	1.#QNAN	0	0.015	0	6.83272e-007	1521.09	1583.9	1578.46
1583.19	1050.13	313	1.#QNAN	0	0.016	0	6.94369e-007	1543.05	1583.19	1577.77
1582.55	1049.61	314	1.#QNAN	0	0.016	0	7.01892e-007	1523.38	1582.55	1577.17
1581.94	1049.12	315	1.#QNAN	0	0	0	7.0092e-007	1541.62	1581.94	1576.58
1581.34	1048.62	316	1.#QNAN	0	0.015	0	6.79436e-007	1533.46	1581.34	1576.02
1580.65	1048.09	317	1.#QNAN	0	0.016	0	6.91813e-007	1513.55	1580.65	1575.36
1580.04	1047.59	318	1.#QNAN	0	0.015	0	6.96223e-007	1540.06	1580.04	1574.78
1579.47	1047.12	319	1.#QNAN	0	0.016	0	7.16234e-007	1547.15	1579.47	1574.24
1578.82	1046.58	320	1.#QNAN	0	0.016	0	6.94112e-007	1527.57	1578.82	1573.62
1578.16	1046.05	321	1.#QNAN	0	0.015	0	6.9967e-007	1562.08	1578.16	1572.99
1577.53	1045.54	322	1.#QNAN	0	0	0	7.00998e-007	1529.62	1577.53	1572.39
1576.93	1045.04	323	1.#QNAN	0	0.016	0	7.0357e-007	1537.17	1576.93	1571.82
1576.39	1044.57	324	1.#QNAN	0	0.015	0	7.108e-007	1559	1576.39	1571.31
1575.82	1044.07	325	1.#QNAN	0	0.016	0	6.85509e-007	1538.74	1575.82	1570.77
1575.21	1043.56	326	1.#QNAN	0	0.016	0	7.02788e-007	1532.53	1575.21	1570.2
1574.63	1043.05	327	1.#QNAN	0	0.015	0	6.75086e-007	1528.74	1574.63	1569.64
1574.04	1042.53	328	1.#QNAN	0	0	0	7.0089e-007	1551.67	1574.04	1569.09
1573.49	1042.05	329	1.#QNAN	0	0.016	0	6.79931e-007	1540.63	1573.49	1568.59
1572.94	1041.52	330	1.#QNAN	0	0.015	0	7.02623e-007	1557.65	1572.94	1568.07
1572.35	1041.03	331	1.#QNAN	0	0.016	1	6.73438e-007	1522.91	1572.35	1567.52
1571.74	1040.52	332	1.#QNAN	0	0.016	0	6.93517e-007	1535.7	1571.74	1566.95
1571.14	1039.99	333	1.#QNAN	0	0.015	0	7.14537e-007	1525.28	1571.14	1566.38
1570.52	1039.47	334	1.#QNAN	0	0	0	7.20258e-007	1529.29	1570.52	1565.8
1569.93	1038.97	335	1.#QNAN	0	0.016	0	6.75719e-007	1521.64	1569.93	1565.24
1569.32	1038.42	336	1.#QNAN	0	0.015	0	6.92637e-007	1531.85	1569.32	1564.67
1568.71	1037.9	337	1.#QNAN	0	0.016	0	6.78462e-007	1526.07	1568.71	1564.09
1568.14	1037.41	338	1.#QNAN	0	0.016	0	7.09411e-007	1521.03	1568.14	1563.56
1567.58	1036.92	339	1.#QNAN	0	0.015	0	7.04768e-007	1520.95	1567.58	1563.03
1567.02	1036.43	340	1.#QNAN	0	0.016	0	6.99399e-007	1532.61	1567.02	1562.5
1566.52	1036.01	341	1.#QNAN	0	0	0	7.01595e-007	1545.92	1566.52	1562.03
1566	1035.56	342	1.#QNAN	0	0.015	0	6.96581e-007	1545.58	1566	1561.54
1565.51	1035.11	343	1.#QNAN	0	0.016	0	6.86164e-007	1529.25	1565.51	1561.07
1565.03	1034.71	344	1.#QNAN	0	0.016	0	7.12772e-007	1533.36	1565.03	1560.62
1564.55	1034.28	345	1.#QNAN	0	0.015	0	6.98763e-007	1537.15	1564.55	1560.18
1564.12	1033.89	346	1.#QNAN	0	0.016	0	6.9558e-007	1537.98	1564.12	1559.77
1563.65	1033.45	347	1.#QNAN	0	0	0	6.77411e-007	1540.77	1563.65	1559.33
1563.2	1033.03	348	1.#QNAN	0	0.015	0	7.12217e-007	1533.25	1563.2	1558.91
1562.78	1032.62	349	1.#QNAN	0	0.016	0	6.93124e-007	1551.81	1562.78	1558.52
1562.34	1032.21	350	1.#QNAN	0	0.016	0	7.04565e-007	1555.83	1562.34	1558.11
1561.91	1031.78	351	1.#QNAN	0	0.015	0	7.16498e-007	1611.49	1561.91	1557.71
1561.53	1031.38	352	1.#QNAN	0	0.016	0	6.94396e-007	1562.3	1561.53	1557.36
1561.2	1030.98	353	1.#QNAN	0	0.015	0	6.7552e-007	1572.42	1561.2	1557.06
1560.86	1030.6	354	1.#QNAN	0	0	0	6.99619e-007	1560.13	1560.86	1556.74
1560.51	1030.21	355	1.#QNAN	0	0.016	0	7.08784e-007	1556.84	1560.51	1556.42
1560.16	1029.86	356	1.#QNAN	0	0.016	0	6.96208e-007	1554.59	1560.16	1556.1
1559.77	1029.5	357	1.#QNAN	0	0.015	0	6.91761e-007	1566.32	1559.77	1555.74
1559.35	1029.12	358	1.#QNAN	0	0.016	0	6.77458e-007	1548.55	1559.35	1555.34
1558.92	1028.7	359	1.#QNAN	0	0.016	0	7.16871e-007	1524.62	1558.92	1554.94
1558.56	1028.35	360	1.#QNAN	0	0.015	0	7.16647e-007	1552.3	1558.56	1554.6
1558.18	1027.98	361	1.#QNAN	0	0.016	0	6.84609e-007	1529.43	1558.18	1554.24
1557.82	1027.6	362	1.#QNAN	0	0.015	0	6.85788e-007	1543.99	1557.82	1553.91
1557.43	1027.22	363	1.#QNAN	0	0	0	7.01899e-007	1540.02	1557.43	1553.55
1557.05	1026.84	364	1.#QNAN	0	0.016	0	6.67425e-007	1531.68	1557.05	1553.19
1556.64	1026.46	365	1.#QNAN	0	0.016	0	7.09546e-007	1531.03	1556.64	1552.81
1556.22	1026.07	366	1.#QNAN	0	0.015	0	6.97624e-007	1538.73	1556.22	1552.42
1555.92	1025.74	367	1.#QNAN	0	0.016	0	6.90765e-007	1563.27	1555.92	1552.14
1555.6	1025.4	368	1.#QNAN	0	0.015	0	6.81995e-007	1555.27	1555.6	1551.85
1555.26	1025.04	369	1.#QNAN	0	0.016	0	6.73462e-007	1544.97	1555.26	1551.54
1554.97	1024.71	370	1.#QNAN	0	0	0	6.93738e-007	1560.26	1554.97	1551.28
1554.64	1024.35	371	1.#QNAN	0	0.016	0	6.82798e-007	1541.9	1554.64	1550.97
1554.32	1024.02	372	1.#QNAN	0	0.015	0	7.12909e-007	1553.36	1554.32	1550.68
1554.03	1023.7	373	1.#QNAN	0	0.016	0	6.80706e-007	1561.11	1554.03	1550.4
1553.69	1023.33	374	1.#QNAN	0	0.015	0	6.7754e-007	1550.8	1553.69	1550.09
1553.3	1022.96	375	1.#QNAN	0	0.016	0	7.17661e-007	1525.44	1553.3	1549.73
1552.98	1022.62	376	1.#QNAN	0	0	0	7.12836e-007	1539.17	1552.98	1549.43
1552.63	1022.28	377	1.#QNAN	0	0.016	0	6.7618e-007	1549.49	1552.63	1549.1
1552.31	1021.96	378	1.#QNAN	0	0.015	0	7.04304e-007	1541.93	1552.31	1548.81
1552.06	1021.67	379	1.#QNAN	0	0.016	0	7.03477e-007	1564.73	1552.06	1548.59
1551.76	1021.39	380	1.#QNAN	0	0.015	0	6.9437e-007	1544.93	1551.76	1548.31
1551.53	1021.11	381	1.#QNAN	0	0.016	0	6.97345e-007	1574.08	1551.53	1548.1
1551.29	1020.83	382	1.#QNAN	0	0.016	0	7.0486e-007	1564.37	1551.29	1547.89
1551.02	1020.53	383	1.#QNAN	0	0	0	7.13823e-007	1558.53	1551.02	1547.64
1550.76	1020.24	384	1.#QNAN	0	0.015	0	7.0072e-007	1553	1550.76	1547.41
1550.46	1019.91	385	1.#QNAN	0	0.016	0	6.7104e-007	1547.82	1550.46	1547.14
1550.16	1019.59	386	1.#QNAN	0	0.015	0	6.95988e-007	1549.92	1550.16	1546.86
1549.95	1019.35	387	1.#QNAN	0	0.016	0	7.26156e-007	1602.67	1549.95	1546.67
1549.72	1019.05	388	1.#QNAN	0	0.016	0	7.0255e-007	1560.93	1549.72	1546.46
1549.42	1018.73	389	1.#QNAN	0	0.015	0	7.1817e-007	1541.6	1549.42	1546.18
1549.13	1018.41	390	1.#QNAN	0	0	0	6.98529e-007	1542.45	1549.13	1545.92
1548.81	1018.07	391	1.#QNAN	0	0.016	0	6.85716e-007	1534.44	1548.81	1545.62
1548.54	1017.75	392	1.#QNAN	0	0.015	0	7.17161e-007	1573.53	1548.54	1545.38
1548.3	1017.46	393	1.#QNAN	0	0.016	0	7.16313e-007	1569.24	1548.3	1545.16
1548.03	1017.16	394	1.#QNAN	0	0.016	0	6.87251e-007	1579.14	1548.03	1544.92
1547.78	1016.87	395	1.#QNAN	0	0.015	0	7.24807e-007	1560.04	1547.78	1544.69
1547.57	1016.61	396	1.#QNAN	0	0.016	0	6.97336e-007	1576	1547.57	1544.5
1547.34	1016.35	397	1.#QNAN	0	0	0	7.19916e-007	1553.74	1547.34	1544.29
1547.11	1016.1	398	1.#QNAN	0	0	0	7.14259e-007	1554.4	1547.11	1544.09
1546.92	1015.84	399	1.#QNAN	0	0.016	0	7.04185e-007	1559.32	1546.92	1543.91
1546.75	1015.6	400	1.#QNAN	0	0.016	0	6.90914e-007	1569.49	1546.75	1543.76
1546.54	1015.33	401	1.#QNAN	0	0.015	0	7.10366e-007	1579.86	1546.54	1543.58
1546.31	1015.06	402	1.#QNAN	0	0.016	0	6.93472e-007	1582.01	1546.31	1543.37
1546.12	1014.82	403	1.#QNAN	0	0.015	1	6.89683e-007	1564	1546.12	1543.21
1545.94	1014.56	404	1.#QNAN	0	0	0	7.20694e-007	1556.37	1545.94	1543.05
1545.75	1014.29	405	1.#QNAN	0	0.016	0	7.21359e-007	1568.27	1545.75	1542.88
1545.54	1014.05	406	1.#QNAN	0	0.016	0	7.04843e-007	1557.23	1545.54	1542.7
1545.31	1013.81	407	1.#QNAN	0	0.015	0	7.0499e-007	1560.95	1545.31	1542.48
1545.07	1013.54	408	1.#QNAN	0	0.016	0	7.20688e-007	1543.32	1545.07	1542.26
1544.82	1013.25	409	1.#QNAN	0	0.015	0	6.91586e-007	1534.38	1544.82	1542.03
1544.6	1013	410	1.#QNAN	0	0.016	0	7.13619e-007	1540.91	1544.6	1541.83
1544.36	1012.74	411	1.#QNAN	0	0	0	7.05541e-007	1529.93	1544.36	1541.61
1544.15	1012.51	412	1.#QNAN	0	0.016	0	7.23662e-007	1542.29	1544.15	1541.42
1543.91	1012.23	413	1.#QNAN	0	0.015	0	7.14849e-007	1562.46	1543.91	1541.2
1543.65	1011.98	414	1.#QNAN	0	0.016	0	6.83774e-007	1532.94	1543.65	1540.95
1543.41	1011.74	415	1.#QNAN	0	0.015	0	6.91764e-007	1532.18	1543.41	1540.73
1543.16	1011.49	416	1.#QNAN	0	0.016	0	7.15128e-007	1545.92	1543.16	1540.5
1542.93	1011.26	417	1.#QNAN	0	0.016	0	7.09322e-007	1547.11	1542.93	1540.28
1542.7	1010.99	418	1.#QNAN	0	0	0	6.96341e-007	1542.68	1542.7	1540.06
1542.42	1010.75	419	1.#QNAN	0	0.015	0	7.07092e-007	1523.21	1542.42	1539.8
1542.16	1010.48	420	1.#QNAN	0	0.016	0	6.92943e-007	1527.37	1542.16	1539.56
1541.91	1010.24	421	1.#QNAN	0	0.015	0	7.0697e-007	1526.37	1541.91	1539.33
1541.65	1009.99	422	1.#QNAN	0	0.016	0	6.8117e-007	1522.56	1541.65	1539.07
1541.42	1009.77	423	1.#QNAN	0	0.016	0	6.88215e-007	1539.92	1541.42	1538.86
1541.2	1009.52	424	1.#QNAN	0	0.015	0	7.2659e-007	1542.15	1541.2	1538.66
1540.99	1009.28	425	1.#QNAN	0	0	0	7.06199e-007	1550.36	1540.99	1538.46
1540.75	1009.05	426	1.#QNAN	0	0.016	0	7.35586e-007	1534.67	1540.75	1538.23
1540.49	1008.77	427	1.#QNAN	0	0.015	0	6.7439e-007	1587.25	1540.49	1537.99
1540.28	1008.55	428	1.#QNAN	0	0.016	0	6.92332e-007	1546.91	1540.28	1537.8
1540.08	1008.33	429	1.#QNAN	0	0.016	0	7.2734e-007	1545.34	1540.08	1537.61
1539.91	1008.12	430	1.#QNAN	0	0.015	0	7.12324e-007	1562.65	1539.91	1537.45
1539.7	1007.9	431	1.#QNAN	0	0	0	7.07566e-007	1544.27	1539.7	1537.25
1539.46	1007.66	432	1.#QNAN	0	0.016	0	7.0371e-007	1542.9	1539.46	1537.03
1539.22	1007.45	433	1.#QNAN	0	0.015	0	7.19853e-007	1537.63	1539.22	1536.81
1539.06	1007.24	434	1.#QNAN	0	0.016	0	7.01823e-007	1560.47	1539.06	1536.66
1538.88	1007.07	435	1.#QNAN	0	0.016	0	6.99775e-007	1591.67	1538.88	1536.5
1538.64	1006.85	436	1.#QNAN	0	0.015	0	7.30887e-007	1531.15	1538.64	1536.27
1538.38	1006.62	437	1.#QNAN	0	0.016	0	7.34687e-007	1517.29	1538.38	1536.02
1538.12	1006.39	438	1.#QNAN	0	0	0	7.27427e-007	1516.04	1538.12	1535.77
1537.89	1006.17	439	1.#QNAN	0	0.015	0	6.97424e-007	1536.25	1537.89	1535.56
1537.72	1005.97	440	1.#QNAN	0	0.016	0	6.85737e-007	1566.89	1537.72	1535.41
1537.51	1005.75	441	1.#QNAN	0	0.016	0	7.33871e-007	1542.45	1537.51	1535.21
1537.27	1005.54	442	1.#QNAN	0	0.015	0	6.89669e-007	1525.83	1537.27	1534.98
1537.05	1005.34	443	1.#QNAN	0	0.016	0	7.01362e-007	1559.61	1537.05	1534.78
1536.81	1005.14	444	1.#QNAN	0	0	0	6.9939e-007	1525.59	1536.81	1534.55
1536.58	1004.96	445	1.#QNAN	0	0.015	0	7.04434e-007	1540.27	1536.58	1534.34
1536.32	1004.75	446	1.#QNAN	0	0.016	0	7.08265e-007	1511.65	1536.32	1534.09
1536.03	1004.55	447	1.#QNAN	0	0.016	0	6.911e-007	1508.18	1536.03	1533.81
1535.69	1004.3	448	1.#QNAN	0	0.015	0	7.05292e-007	1520.88	1535.69	1533.49
1535.39	1004.08	449	1.#QNAN	0	0.016	0	6.98516e-007	1525.43	1535.39	1533.21
1535.1	1003.85	450	1.#QNAN	0	0	0	7.13064e-007	1513.35	1535.1	1532.93
1534.81	1003.63	451	1.#QNAN	0	0.015	0	7.12975e-007	1510.44	1534.81	1532.65
1534.51	1003.4	452	1.#QNAN	0	0.016	0	6.97404e-007	1501.7	1534.51	1532.37
1534.25	1003.19	453	1.#QNAN	0	0.016	0	6.99182e-007	1518.35	1534.25	1532.12
1534	1002.98	454	1.#QNAN	0	0.015	0	6.97538e-007	1513.4	1534	1531.88
1533.75	1002.76	455	1.#QNAN	0	0.016	0	7.43027e-007	1517.64	1533.75	1531.64
1533.55	1002.57	456	1.#QNAN	0	0.015	0	7.28456e-007	1534.87	1533.55	1531.45
1533.29	1002.38	457	1.#QNAN	0	0	0	7.07772e-007	1525.93	1533.29	1531.2
1533.01	1002.18	458	1.#QNAN	0	0.016	0	6.92482e-007	1510.85	1533.01	1530.93
1532.71	1001.96	459	1.#QNAN	0	0.016	0	7.30654e-007	1508.94	1532.71	1530.64
1532.38	1001.71	460	1.#QNAN	0	0.015	0	7.33713e-007	1556.24	1532.38	1530.32
1532.08	1001.48	461	1.#QNAN	0	0.016	0	6.91312e-007	1543.81	1532.08	1530.03
1531.73	1001.23	462	1.#QNAN	0	0.015	0	7.02532e-007	1522.97	1531.73	1529.69
1531.43	1001	463	1.#QNAN	0	0.016	0	6.91242e-007	1508.68	1531.43	1529.4
1531.14	1000.79	464	1.#QNAN	0	0	0	7.10328e-007	1504.41	1531.14	1529.12
1530.85	1000.58	465	1.#QNAN	0	0.016	0	7.02503e-007	1512.5	1530.85	1528.84
1530.61	1000.42	466	1.#QNAN	0	0.015	0	7.07548e-007	1541.51	1530.61	1528.6
1530.33	1000.2	467	1.#QNAN	0	0.016	0	6.9198e-007	1549.38	1530.33	1528.34
1530.04	999.981	468	1.#QNAN	0	0.015	0	7.34553e-007	1510.38	1530.04	1528.06
1529.78	999.79	469	1.#QNAN	0	0.016	0	7.11015e-007	1504.91	1529.78	1527.81
1529.56	999.598	470	1.#QNAN	0	0	0	6.98093e-007	1511.06	1529.56	1527.6
1529.3	999.402	471	1.#QNAN	0	0.016	0	7.11991e-007	1498.95	1529.3	1527.35
1529.07	999.201	472	1.#QNAN	0	0.015	0	7.2915e-007	1518.8	1529.07	1527.13
1528.81	998.996	473	1.#QNAN	0	0.016	0	7.04538e-007	1499.92	1528.81	1526.88
1528.59	998.799	474	1.#QNAN	0	0.015	0	7.12275e-007	1511.25	1528.59	1526.67
1528.36	998.596	475	1.#QNAN	0	0.016	0	6.75938e-007	1503.65	1528.36	1526.45
1528.18	998.405	476	1.#QNAN	0	0	0	6.92224e-007	1529.32	1528.18	1526.29
1527.98	998.196	477	1.#QNAN	0	0.016	0	6.97174e-007	1525.56	1527.98	1526.1
1527.79	998.003	478	1.#QNAN	0	0.015	0	7.16197e-007	1560.35	1527.79	1525.92
1527.61	997.82	479	1.#QNAN	0	0.016	1	7.07582e-007	1525.29	1527.61	1525.75
1527.4	997.652	480	1.#QNAN	0	0.015	0	6.9824e-007	1552.56	1527.4	1525.55
1527.18	997.487	481	1.#QNAN	0	0.016	0	6.99133e-007	1529.33	1527.18	1525.34
1526.95	997.307	482	1.#QNAN	0	0.016	0	7.30887e-007	1522.83	1526.95	1525.12
1526.7	997.125	483	1.#QNAN	0	0	0	7.19187e-007	1513.49	1526.7	1524.87
1526.45	996.931	484	1.#QNAN	0	0.015	0	7.21557e-007	1512.74	1526.45	1524.64
1526.26	996.763	485	1.#QNAN	0	0.016	0	7.17573e-007	1544.66	1526.26	1524.45
1526.1	996.629	486	1.#QNAN	0	0.015	0	6.96244e-007	1581.94	1526.1	1524.3
1525.89	996.455	487	1.#QNAN	0	0.016	0	7.04463e-007	1541.27	1525.89	1524.1
1525.67	996.244	488	1.#QNAN	0	0.016	0	7.14964e-007	1517.94	1525.67	1523.89
1525.45	996.061	489	1.#QNAN	0	0.015	0	7.09286e-007	1536.37	1525.45	1523.68
1525.25	995.901	490	1.#QNAN	0	0.016	0	6.90588e-007	1538.97	1525.25	1523.49
1525.06	995.73	491	1.#QNAN	0	0	0	7.11745e-007	1529.9	1525.06	1523.31
1524.89	995.586	492	1.#QNAN	0	0.015	0	7.13599e-007	1539.74	1524.89	1523.14
1524.67	995.408	493	1.#QNAN	0	0.016	0	7.28843e-007	1515	1524.67	1522.93
1524.44	995.229	494	1.#QNAN	0	0.016	0	6.90835e-007	1516.47	1524.44	1522.7
1524.25	995.077	495	1.#QNAN	0	0.015	0	7.10229e-007	1553.19	1524.25	1522.53
1524.09	994.931	496	1.#QNAN	0	0.016	0	6.99732e-007	1551.9	1524.09	1522.37
1523.89	994.772	497	1.#QNAN	0	0.015	0	7.02831e-007	1560.79	1523.89	1522.18
1523.68	994.62	498	1.#QNAN	0	0	0	6.85594e-007	1530.29	1523.68	1521.98
1523.5	994.47	499	1.#QNAN	0	0.016	0	6.94248e-007	1539.66	1523.5	1521.81
1523.31	994.292	500	1.#QNAN	0	0.016	0	7.16798e-007	1526	1523.31	1521.61
1523.12	994.142	501	1.#QNAN	0	0.015	0	6.9874e-007	1520.48	1523.12	1521.44
1522.94	993.988	502	1.#QNAN	0	0.016	0	7.33492e-007	1570.55	1522.94	1521.26
1522.76	993.842	503	1.#QNAN	0	0.015	0	7.47463e-007	1518.31	1522.76	1521.09
1522.59	993.697	504	1.#QNAN	0	0.016	0	6.99875e-007	1524.35	1522.59	1520.93
1522.42	993.541	505	1.#QNAN	0	0	0	7.18998e-007	1527.8	1522.42	1520.77
1522.25	993.401	506	1.#QNAN	0	0.016	0	7.34013e-007	1556.23	1522.25	1520.61
1522.07	993.232	507	1.#QNAN	0	0.015	0	7.08001e-007	1513.39	1522.07	1520.45
1521.94	993.084	508	1.#QNAN	0	0.016	0	7.28709e-007	1536.07	1521.94	1520.32
1521.76	992.943	509	1.#QNAN	0	0.015	0	7.22288e-007	1543.81	1521.76	1520.16
1521.57	992.788	510	1.#QNAN	0	0.016	0	7.20798e-007	1502.91	1521.57	1519.98
1521.42	992.654	511	1.#QNAN	0	0	0	6.97985e-007	1547.61	1521.42	1519.83
1521.2	992.481	512	1.#QNAN	0	0.016	0	7.36038e-007	1498	1521.2	1519.63
1520.99	992.31	513	1.#QNAN	0	0.015	0	7.03825e-007	1497.35	1520.99	1519.42
1520.8	992.161	514	1.#QNAN	0	0.016	0	6.89033e-007	1509.26	1520.8	1519.25
1520.61	992.01	515	1.#QNAN	0	0.015	0	7.07431e-007	1507.56	1520.61	1519.06
1520.42	991.847	516	1.#QNAN	0	0.016	0	6.95078e-007	1520.02	1520.42	1518.88
1520.24	991.705	517	1.#QNAN	0	0.016	0	7.16614e-007	1511.22	1520.24	1518.71
1520.05	991.545	518	1.#QNAN	0	0	0	7.29351e-007	1533.29	1520.05	1518.53
1519.88	991.41	519	1.#QNAN	0	0.015	0	7.39716e-007	1509.84	1519.88	1518.37
1519.69	991.255	520	1.#QNAN	0	0.016	0	7.33401e-007	1504.92	1519.69	1518.18
1519.5	991.101	521	1.#QNAN	0	0.015	0	7.12981e-007	1544.15	1519.5	1518.01
1519.29	990.942	522	1.#QNAN	0	0.016	0	6.87446e-007	1504.13	1519.29	1517.81
1519.1	990.794	523	1.#QNAN	0	0.016	0	7.08979e-007	1506.85	1519.1	1517.62
1518.89	990.632	524	1.#QNAN	0	0.015	0	7.05284e-007	1498.73	1518.89	1517.42
1518.73	990.471	525	1.#QNAN	0	0	0	7.01088e-007	1505.97	1518.73	1517.26
1518.55	990.309	526	1.#QNAN	0	0.016	0	7.08994e-007	1500.73	1518.55	1517.09
1518.37	990.154	527	1.#QNAN	0	0.015	0	7.25433e-007	1506.67	1518.37	1516.92
1518.22	990.022	528	1.#QNAN	0	0.016	0	7.02078e-007	1523.42	1518.22	1516.78
1518.07	989.892	529	1.#QNAN	0	0.016	0	7.2498e-007	1535.89	1518.07	1516.63
1517.89	989.754	530	1.#QNAN	0	0.015	0	6.91401e-007	1514.78	1517.89	1516.47
1517.74	989.626	531	1.#QNAN	0	0.016	0	6.97623e-007	1519.93	1517.74	1516.32
1517.57	989.491	532	1.#QNAN	0	0	0	6.91955e-007	1511.31	1517.57	1516.15
1517.41	989.377	533	1.#QNAN	0	0.015	0	7.35331e-007	1510.84	1517.41	1516
1517.22	989.24	534	1.#QNAN	0	0.016	0	7.04036e-007	1499.23	1517.22	1515.82
1517.05	989.112	535	1.#QNAN	0	0.016	0	7.21036e-007	1523.87	1517.05	1515.65
1516.91	988.978	536	1.#QNAN	0	0.015	0	7.18232e-007	1538.82	1516.91	1515.52
1516.76	988.841	537	1.#QNAN	0	0.016	0	7.30343e-007	1514	1516.76	1515.37
1516.58	988.701	538	1.#QNAN	0	0	0	6.915e-007	1526.25	1516.58	1515.2
1516.43	988.574	539	1.#QNAN	0	0.015	0	7.05233e-007	1533.57	1516.43	1515.06
1516.26	988.438	540	1.#QNAN	0	0.016	0	7.07896e-007	1509.85	1516.26	1514.9
1516.14	988.316	541	1.#QNAN	0	0.016	0	7.16104e-007	1533.87	1516.14	1514.78
1515.97	988.179	542	1.#QNAN	0	0.015	0	7.1218e-007	1514.6	1515.97	1514.62
1515.8	988.038	543	1.#QNAN	0	0.016	0	7.11567e-007	1513.68	1515.8	1514.45
1515.63	987.898	544	1.#QNAN	0	0.015	0	7.0558e-007	1515.11	1515.63	1514.29
1515.49	987.773	545	1.#QNAN	0	0	0	7.4096e-007	1531.11	1515.49	1514.16
1515.32	987.629	546	1.#QNAN	0	0.016	0	7.30331e-007	1512.41	1515.32	1514
1515.18	987.499	547	1.#QNAN	0	0.016	0	6.9429e-007	1531.66	1515.18	1513.86
1515	987.367	548	1.#QNAN	0	0.015	0	7.28749e-007	1569.12	1515	1513.69
1514.92	987.272	549	1.#QNAN	0	0.016	0	7.07885e-007	1555.55	1514.92	1513.61
1514.81	987.171	550	1.#QNAN	0	0.015	0	7.18449e-007	1537.56	1514.81	1513.51
1514.69	987.057	551	1.#QNAN	0	0	0	7.37493e-007	1586.83	1514.69	1513.4
1514.52	986.92	552	1.#QNAN	0	0.016	0	7.36026e-007	1519.63	1514.52	1513.24
1514.37	986.789	553	1.#QNAN	0	0.016	0	7.19266e-007	1508.3	1514.37	1513.09
1514.22	986.646	554	1.#QNAN	0	0.015	1	7.14703e-007	1540.39	1514.22	1512.95
1514.08	986.523	555	1.#QNAN	0	0.016	0	7.27162e-007	1511.66	1514.08	1512.81
1513.9	986.366	556	1.#QNAN	0	0.015	0	7.1759e-007	1503.24	1513.9	1512.64
1513.74	986.247	557	1.#QNAN	0	0.016	0	7.24975e-007	1499.95	1513.74	1512.49
1513.63	986.13	558	1.#QNAN	0	0	0	7.29858e-007	1522.34	1513.63	1512.38
1513.49	985.99	559	1.#QNAN	0	0.016	0	7.18895e-007	1561.4	1513.49	1512.26
1513.35	985.87	560	1.#QNAN	0	0.015	0	7.1186e-007	1517.13	1513.35	1512.12
1513.23	985.769	561	1.#QNAN	0	0.016	0	7.27614e-007	1524.1	1513.23	1512.01
1513.09	985.655	562	1.#QNAN	0	0.015	0	6.88629e-007	1530.94	1513.09	1511.87
1512.95	985.547	563	1.#QNAN	0	0.016	0	7.24763e-007	1513.85	1512.95	1511.74
1512.81	985.434	564	1.#QNAN	0	0.016	0	7.29781e-007	1502.39	1512.81	1511.61
1512.66	985.323	565	1.#QNAN	0	0	0	6.99824e-007	1502.16	1512.66	1511.47
1512.55	985.233	566	1.#QNAN	0	0.015	0	7.09889e-007	1529.78	1512.55	1511.36
1512.4	985.118	567	1.#QNAN	0	0.016	0	7.22684e-007	1516.12	1512.4	1511.22
1512.25	985.002	568	1.#QNAN	0	0.015	0	6.9301e-007	1506.37	1512.25	1511.07
1512.11	984.904	569	1.#QNAN	0	0.016	0	6.92536e-007	1527.95	1512.11	1510.94
1511.97	984.788	570	1.#QNAN	0	0.016	0	7.29693e-007	1526.31	1511.97	1510.81
1511.84	984.685	571	1.#QNAN	0	0	0	7.16296e-007	1517.73	1511.84	1510.68
1511.7	984.564	572	1.#QNAN	0	0.015	0	6.89061e-007	1513.04	1511.7	1510.55
1511.57	984.441	573	1.#QNAN	0	0.016	0	7.43494e-007	1509.1	1511.57	1510.43
1511.46	984.321	574	1.#QNAN	0	0.015	0	7.2238e-007	1521.14	1511.46	1510.32
1511.33	984.214	575	1.#QNAN	0	0.016	0	7.11834e-007	1516.36	1511.33	1510.2
1511.18	984.084	576	1.#QNAN	0	0.016	0	6.93159e-007	1500.18	1511.18	1510.05
1511.06	983.99	577	1.#QNAN	0	0.015	0	7.25587e-007	1541.86	1511.06	1509.94
1510.95	983.889	578	1.#QNAN	0	0.016	0	6.97636e-007	1522.88	1510.95	1509.84
1510.81	983.775	579	1.#QNAN	0	0	0	7.08166e-007	1507.07	1510.81	1509.71
1510.71	983.685	580	1.#QNAN	0	0.015	0	7.31458e-007	1561.9	1510.71	1509.6
1510.6	983.577	581	1.#QNAN	0	0.016	0	7.26188e-007	1519.07	1510.6	1509.5
1510.48	983.477	582	1.#QNAN	0	0.016	0	7.2162e-007	1505.47	1510.48	1509.39
1510.34	983.377	583	1.#QNAN	0	0.015	0	7.12823e-007	1494.18	1510.34	1509.25
1510.24	983.298	584	1.#QNAN	0	0.016	0	7.03484e-007	1518.43	1510.24	1509.16
1510.12	983.216	585	1.#QNAN	0	0.015	0	7.24282e-007	1534.61	1510.12	1509.05
1510.01	983.132	586	1.#QNAN	0	0	0	7.07442e-007	1508.48	1510.01	1508.94
1509.91	983.041	587	1.#QNAN	0	0.016	0	7.12952e-007	1509.8	1509.91	1508.85
1509.82	982.97	588	1.#QNAN	0	0.016	0	7.0677e-007	1533	1509.82	1508.76
1509.75	982.9	589	1.#QNAN	0	0.015	0	7.47645e-007	1540.57	1509.75	1508.69
1509.63	982.808	590	1.#QNAN	0	0.016	0	7.03639e-007	1500.21	1509.63	1508.58
1509.51	982.725	591	1.#QNAN	0	0.015	0	7.13092e-007	1509.45	1509.51	1508.46
1509.42	982.644	592	1.#QNAN	0	0.016	0	7.23735e-007	1522.81	1509.42	1508.38
1509.3	982.559	593	1.#QNAN	0	0	0	7.01271e-007	1525.39	1509.3	1508.27
1509.21	982.507	594	1.#QNAN	0	0.016	0	7.01465e-007	1565.78	1509.21	1508.18
1509.14	982.433	595	1.#QNAN	0	0.015	0	7.51958e-007	1532.67	1509.14	1508.11
1509.06	982.352	596	1.#QNAN	0	0.016	0	7.09754e-007	1536.1	1509.06	1508.04
1508.95	982.26	597	1.#QNAN	0	0.015	0	7.11235e-007	1515.67	1508.95	1507.93
1508.89	982.201	598	1.#QNAN	0	0.016	0	7.19085e-007	1536.79	1508.89	1507.88
1508.83	982.138	599	1.#QNAN	0	0.016	0	7.39371e-007	1557.25	1508.83	1507.82
1508.72	982.04	600	1.#QNAN	0	0	0	7.48722e-007	1512.83	1508.72	1507.71
1508.61	981.953	601	1.#QNAN	0	0.015	0	7.51841e-007	1503.58	1508.61	1507.61
1508.52	981.876	602	1.#QNAN	0	0.016	0	7.1745e-007	1537.68	1508.52	1507.52
1508.38	981.778	603	1.#QNAN	0	0.015	0	7.21214e-007	1533.48	1508.38	1507.39
1508.26	981.694	604	1.#QNAN	0	0.016	0	7.30696e-007	1503.75	1508.26	1507.27
1508.16	981.608	605	1.#QNAN	0	0.016	0	7.15448e-007	1514.69	1508.16	1507.17
1508.07	981.541	606	1.#QNAN	0	0	0	6.9392e-007	1526.98	1508.07	1507.09
1507.94	981.446	607	1.#QNAN	0	0.015	0	7.11071e-007	1515.4	1507.94	1506.96
1507.85	981.392	608	1.#QNAN	0	0.016	0	6.90588e-007	1567.98	1507.85	1506.88
1507.71	981.299	609	1.#QNAN	0	0.015	0	7.43559e-007	1501.54	1507.71	1506.74
1507.58	981.203	610	1.#QNAN	0	0.016	0	7.01284e-007	1506.33	1507.58	1506.62
1507.46	981.119	611	1.#QNAN	0	0.016	0	7.1469e-007	1508.7	1507.46	1506.5
1507.35	981.036	612	1.#QNAN	0	0.015	0	7.09799e-007	1507.4	1507.35	1506.39
1507.21	980.94	613	1.#QNAN	0	0	0	7.22908e-007	1505.82	1507.21	1506.26
1507.09	980.853	614	1.#QNAN	0	0.016	0	6.8662e-007	1514.07	1507.09	1506.14
1506.94	980.749	615	1.#QNAN	0	0.015	0	7.2339e-007	1518.2	1506.94	1505.99
1506.8	980.657	616	1.#QNAN	0	0.016	0	7.21351e-007	1505.61	1506.8	1505.85
1506.68	980.573	617	1.#QNAN	0	0.016	0	7.33899e-007	1513.82	1506.68	1505.74
1506.55	980.479	618	1.#QNAN	0	0.015	0	7.00556e-007	1503.54	1506.55	1505.61
1506.42	980.38	619	1.#QNAN	0	0	0	6.80529e-007	1522.2	1506.42	1505.48
1506.26	980.262	620	1.#QNAN	0	0.016	0	7.32889e-007	1477.18	1506.26	1505.33
1506.15	980.179	621	1.#QNAN	0	0.015	0	6.98821e-007	1501.9	1506.15	1505.22
1506.04	980.099	622	1.#QNAN	0	0.016	0	7.40552e-007	1508.28	1506.04	1505.12
1505.93	980.013	623	1.#QNAN	0	0.016	0	6.95548e-007	1513.51	1505.93	1505.01
1505.81	979.925	624	1.#QNAN	0	0.015	0	7.02454e-007	1521.43	1505.81	1504.9
1505.7	979.857	625	1.#QNAN	0	0.016	0	7.07764e-007	1517.79	1505.7	1504.79
1505.57	979.76	626	1.#QNAN	0	0	0	6.97065e-007	1505.12	1505.57	1504.66
1505.44	979.684	627	1.#QNAN	0	0.015	0	7.2989e-007	1511.87	1505.44	1504.53
1505.32	979.603	628	1.#QNAN	0	0.016	0	7.26916e-007	1562.82	1505.32	1504.42
1505.21	979.518	629	1.#QNAN	0	0.016	1	7.34693e-007	1514.56	1505.21	1504.31
1505.12	979.447	630	1.#QNAN	0	0.015	0	7.29998e-007	1530.1	1505.12	1504.23
1505.02	979.371	631	1.#QNAN	0	0.016	0	7.00031e-007	1509.8	1505.02	1504.13
1504.91	979.286	632	1.#QNAN	0	0	0	7.35968e-007	1506.31	1504.91	1504.02
1504.81	979.201	633	1.#QNAN	0	0.015	0	7.3473e-007	1501.66	1504.81	1503.93
1504.71	979.122	634	1.#QNAN	0	0.016	0	7.3911e-007	1542.27	1504.71	1503.83
1504.62	979.037	635	1.#QNAN	0	0.016	0	7.24347e-007	1519.61	1504.62	1503.75
1504.5	978.935	636	1.#QNAN	0	0.015	0	7.1772e-007	1498.91	1504.5	1503.63
1504.41	978.863	637	1.#QNAN	0	0.016	0	7.08044e-007	1527.73	1504.41	1503.55
1504.3	978.782	638	1.#QNAN	0	0.015	0	7.0889e-007	1514.78	1504.3	1503.44
1504.18	978.671	639	1.#QNAN	0	0	0	7.16012e-007	1557.48	1504.18	1503.32
1504.08	978.602	640	1.#QNAN	0	0.016	0	7.15609e-007	1503.39	1504.08	1503.23
1503.96	978.513	641	1.#QNAN	0	0.016	0	7.26985e-007	1495.94	1503.96	1503.11
1503.86	978.436	642	1.#QNAN	0	0.015	0	6.99269e-007	1521.41	1503.86	1503.01
1503.71	978.34	643	1.#QNAN	0	0.016	0	7.07793e-007	1478.23	1503.71	1502.87
1503.57	978.246	644	1.#QNAN	0	0.015	0	7.26275e-007	1488.23	1503.57	1502.74
1503.44	978.149	645	1.#QNAN	0	0.016	0	7.14757e-007	1480.49	1503.44	1502.6
1503.3	978.044	646	1.#QNAN	0	0	0	7.14427e-007	1469.87	1503.3	1502.47
1503.17	977.946	647	1.#QNAN	0	0.016	0	7.31696e-007	1477.92	1503.17	1502.34
1503.04	977.855	648	1.#QNAN	0	0.015	0	7.04922e-007	1478.15	1503.04	1502.22
1502.94	977.779	649	1.#QNAN	0	0.016	0	7.2554e-007	1495.61	1502.94	1502.12
1502.8	977.691	650	1.#QNAN	0	0.015	0	6.97283e-007	1473.9	1502.8	1501.99
1502.67	977.608	651	1.#QNAN	0	0.016	0	7.12561e-007	1507.05	1502.67	1501.86
1502.54	977.52	652	1.#QNAN	0	0	0	7.2263e-007	1495.72	1502.54	1501.74
1502.4	977.416	653	1.#QNAN	0	0.017	0	7.22905e-007	1481.65	1502.4	1501.6
1502.25	977.311	654	1.#QNAN	0	0.015	0	7.28062e-007	1474.89	1502.25	1501.46
1502.1	977.208	655	1.#QNAN	0	0.016	0	7.32193e-007	1477.3	1502.1	1501.31
1501.97	977.119	656	1.#QNAN	0	0.015	0	7.13038e-007	1490.17	1501.97	1501.18
1501.85	977.022	657	1.#QNAN	0	0.016	0	7.26231e-007	1490.96	1501.85	1501.06
1501.73	976.922	658	1.#QNAN	0	0	0	6.99176e-007	1491.84	1501.73	1500.95
1501.61	976.834	659	1.#QNAN	0	0.016	0	7.13941e-007	1490.19	1501.61	1500.84
1501.49	976.735	660	1.#QNAN	0	0.015	0	7.22825e-007	1492.94	1501.49	1500.72
1501.4	976.657	661	1.#QNAN	0	0.016	0	7.04996e-007	1493.37	1501.4	1500.64
1501.27	976.557	662	1.#QNAN	0	0.015	0	6.84517e-007	1486.99	1501.27	1500.51
1501.14	976.442	663	1.#QNAN	0	0.016	0	7.24703e-007	1513.2	1501.14	1500.39
1501.02	976.33	664	1.#QNAN	0	0.016	0	7.39507e-007	1515.66	1501.02	1500.27
1500.95	976.263	665	1.#QNAN	0	0	0	7.21383e-007	1542.86	1500.95	1500.21
1500.86	976.189	666	1.#QNAN	0	0.015	0	7.30601e-007	1530.9	1500.86	1500.13
1500.78	976.103	667	1.#QNAN	0	0.016	0	7.31802e-007	1536.5	1500.78	1500.05
1500.66	976.003	668	1.#QNAN	0	0.015	0	7.21159e-007	1495.76	1500.66	1499.93
1500.59	975.942	669	1.#QNAN	0	0.016	0	7.31437e-007	1559.37	1500.59	1499.87
1500.49	975.854	670	1.#QNAN	0	0.016	0	7.33548e-007	1488.69	1500.49	1499.78
1500.39	975.743	671	1.#QNAN	0	0.015	0	7.09664e-007	1512.53	1500.39	1499.68
1500.3	975.657	672	1.#QNAN	0	0	0	7.2534e-007	1500.64	1500.3	1499.6
1500.22	975.609	673	1.#QNAN	0	0.016	0	7.08522e-007	1516.56	1500.22	1499.53
1500.14	975.532	674	1.#QNAN	0	0.015	0	7.20951e-007	1511.83	1500.14	1499.45
1500.01	975.45	675	1.#QNAN	0	0.016	0	7.07038e-007	1491.16	1500.01	1499.32
1499.91	975.347	676	1.#QNAN	0	0.016	0	7.07965e-007	1491.13	1499.91	1499.23
1499.83	975.261	677	1.#QNAN	0	0.015	0	7.18209e-007	1499.52	1499.83	1499.15
1499.72	975.174	678	1.#QNAN	0	0.016	0	7.0843e-007	1479.56	1499.72	1499.05
1499.65	975.106	679	1.#QNAN	0	0.015	0	7.12051e-007	1519.2	1499.65	1498.98
1499.54	975.022	680	1.#QNAN	0	0.016	0	7.07176e-007	1487.44	1499.54	1498.88
1499.48	974.956	681	1.#QNAN	0	0	0	7.27691e-007	1558.55	1499.48	1498.81
1499.38	974.903	682	1.#QNAN	0	0.016	0	7.04508e-007	1540.74	1499.38	1498.72
1499.28	974.833	683	1.#QNAN	0	0.015	0	7.30251e-007	1496.45	1499.28	1498.62
1499.2	974.777	684	1.#QNAN	0	0.016	0	7.24e-007	1525.18	1499.2	1498.55
1499.12	974.691	685	1.#QNAN	0	0.015	0	7.35297e-007	1516.31	1499.12	1498.47
1499.02	974.61	686	1.#QNAN	0	0.016	0	7.11552e-007	1479.82	1499.02	1498.37
1498.93	974.539	687	1.#QNAN	0	0.016	0	7.4635e-007	1487.74	1498.93	1498.29
1498.84	974.457	688	1.#QNAN	0	0	0	7.26569e-007	1497.13	1498.84	1498.2
1498.75	974.372	689	1.#QNAN	0	0.015	0	7.21133e-007	1486.54	1498.75	1498.12
1498.66	974.276	690	1.#QNAN	0	0.016	0	7.46307e-007	1491.66	1498.66	1498.03
1498.58	974.213	691	1.#QNAN	0	0.015	0	7.46647e-007	1513.76	1498.58	1497.96
1498.51	974.144	692	1.#QNAN	0	0.016	0	7.18464e-007	1504.06	1498.51	1497.89
1498.41	974.07	693	1.#QNAN	0	0.016	0	7.08268e-007	1500.91	1498.41	1497.79
1498.35	974.017	694	1.#QNAN	0	0.015	0	7.44592e-007	1509.17	1498.35	1497.74
1498.28	973.955	695	1.#QNAN	0	0.016	0	7.25322e-007	1498.97	1498.28	1497.67
1498.2	973.889	696	1.#QNAN	0	0	0	7.46854e-007	1498.4	1498.2	1497.6
1498.12	973.819	697	1.#QNAN	0	0.015	0	7.17506e-007	1494.57	1498.12	1497.52
1498.03	973.752	698	1.#QNAN	0	0.016	0	7.09049e-007	1494.3	1498.03	1497.44
1497.94	973.688	699	1.#QNAN	0	0.016	0	7.19896e-007	1507.31	1497.94	1497.35
1497.82	973.604	700	1.#QNAN	0	0.015	0	6.87034e-007	1497.68	1497.82	1497.23
1497.72	973.535	701	1.#QNAN	0	0.016	0	7.22448e-007	1479.09	1497.72	1497.13
1497.61	973.454	702	1.#QNAN	0	0.015	0	7.42942e-007	1473.87	1497.61	1497.03
1497.51	973.392	703	1.#QNAN	0	0.016	1	7.278e-007	1481.11	1497.51	1496.94
1497.41	973.315	704	1.#QNAN	0	0	0	7.15878e-007	1474.38	1497.41	1496.83
1497.28	973.232	705	1.#QNAN	0	0.016	0	7.30134e-007	1455.56	1497.28	1496.71
1497.18	973.162	706	1.#QNAN	0	0.015	0	7.31795e-007	1472.69	1497.18	1496.61
1497.07	973.09	707	1.#QNAN	0	0.016	0	7.13152e-007	1477.5	1497.07	1496.51
1496.96	972.999	708	1.#QNAN	0	0.015	0	7.35705e-007	1476.72	1496.96	1496.4
1496.86	972.929	709	1.#QNAN	0	0.016	0	7.37522e-007	1486.58	1496.86	1496.3
1496.74	972.823	710	1.#QNAN	0	0	0	6.90284e-007	1482.24	1496.74	1496.19
1496.63	972.748	711	1.#QNAN	0	0	0	7.24362e-007	1482.82	1496.63	1496.08
1496.51	972.655	712	1.#QNAN	0	0.015	0	7.19577e-007	1463.04	1496.51	1495.96
1496.37	972.561	713	1.#QNAN	0	0.016	0	7.25818e-007	1454.25	1496.37	1495.83
1496.24	972.492	714	1.#QNAN	0	0.015	0	7.22421e-007	1459.7	1496.24	1495.7
1496.14	972.437	715	1.#QNAN	0	0.016	0	7.05905e-007	1475.53	1496.14	1495.61
1496.02	972.373	716	1.#QNAN	0	0.016	0	7.27926e-007	1473.98	1496.02	1495.49
1495.88	972.276	717	1.#QNAN	0	0	0	7.14381e-007	1551.6	1495.88	1495.35
1495.77	972.208	718	1.#QNAN	0	0.015	0	6.98273e-007	1492.02	1495.77	1495.25
1495.71	972.152	719	1.#QNAN	0	0.016	0	7.03535e-007	1509.72	1495.71	1495.19
1495.61	972.089	720	1.#QNAN	0	0.015	0	7.09615e-007	1484.65	1495.61	1495.09
1495.49	972.02	721	1.#QNAN	0	0.016	0	7.37109e-007	1469.39	1495.49	1494.98
1495.36	971.946	722	1.#QNAN	0	0.016	0	7.30876e-007	1507.42	1495.36	1494.86
1495.24	971.865	723	1.#QNAN	0	0.015	0	7.32797e-007	1467.83	1495.24	1494.73
1495.1	971.795	724	1.#QNAN	0	0	0	7.3182e-007	1465.4	1495.1	1494.6
1494.98	971.714	725	1.#QNAN	0	0.016	0	7.33979e-007	1462.59	1494.98	1494.48
1494.85	971.634	726	1.#QNAN	0	0.015	0	7.12834e-007	1466.85	1494.85	1494.36
1494.72	971.539	727	1.#QNAN	0	0.016	0	7.15026e-007	1459.2	1494.72	1494.23
1494.62	971.474	728	1.#QNAN	0	0.016	0	7.09067e-007	1487.85	1494.62	1494.13
1494.49	971.403	729	1.#QNAN	0	0.015	0	7.35463e-007	1473.92	1494.49	1494.01
1494.38	971.325	730	1.#QNAN	0	0.016	0	7.2628e-007	1482.54	1494.38	1493.89
1494.28	971.255	731	1.#QNAN	0	0	0	7.31743e-007	1486.86	1494.28	1493.8
1494.19	971.183	732	1.#QNAN	0	0.015	0	7.21384e-007	1486.26	1494.19	1493.71
1494.08	971.1	733	1.#QNAN	0	0.016	0	7.1958e-007	1495.52	1494.08	1493.6
1493.99	971.03	734	1.#QNAN	0	0.016	0	7.23573e-007	1477.33	1493.99	1493.51
1493.93	970.98	735	1.#QNAN	0	0.015	0	7.16607e-007	1525.12	1493.93	1493.46
1493.82	970.901	736	1.#QNAN	0	0.016	0	6.99464e-007	1473.3	1493.82	1493.35
1493.73	970.835	737	1.#QNAN	0	0	0	7.38217e-007	1471.14	1493.73	1493.26
1493.65	970.794	738	1.#QNAN	0	0.015	0	7.17863e-007	1493.09	1493.65	1493.19
1493.54	970.73	739	1.#QNAN	0	0.016	0	7.63535e-007	1477.94	1493.54	1493.08
1493.42	970.666	740	1.#QNAN	0	0.016	0	6.88583e-007	1474.2	1493.42	1492.96
1493.32	970.596	741	1.#QNAN	0	0.015	0	7.18005e-007	1510.79	1493.32	1492.86
1493.23	970.541	742	1.#QNAN	0	0.016	0	7.24939e-007	1514.08	1493.23	1492.78
1493.16	970.488	743	1.#QNAN	0	0.015	0	7.22849e-007	1501.42	1493.16	1492.7
1493.05	970.403	744	1.#QNAN	0	0	0	7.18947e-007	1488.61	1493.05	1492.6
1492.99	970.343	745	1.#QNAN	0	0.016	0	7.13197e-007	1524.86	1492.99	1492.54
1492.88	970.248	746	1.#QNAN	0	0.016	0	7.3235e-007	1512.9	1492.88	1492.44
1492.81	970.183	747	1.#QNAN	0	0.015	0	7.23208e-007	1503.73	1492.81	1492.37
1492.75	970.118	748	1.#QNAN	0	0.016	0	7.35384e-007	1508.38	1492.75	1492.31
1492.68	970.055	749	1.#QNAN	0	0.015	0	7.30619e-007	1524.33	1492.68	1492.24
1492.6	969.977	750	1.#QNAN	0	0.016	0	7.11944e-007	1505.34	1492.6	1492.17
1492.53	969.923	751	1.#QNAN	0	0.016	0	7.1722e-007	1498.8	1492.53	1492.1
1492.47	969.865	752	1.#QNAN	0	0	0	7.15195e-007	1497.65	1492.47	1492.04
1492.4	969.81	753	1.#QNAN	0	0.015	0	7.45848e-007	1511.11	1492.4	1491.98
1492.31	969.746	754	1.#QNAN	0	0.016	0	7.40999e-007	1480.49	1492.31	1491.89
1492.25	969.686	755	1.#QNAN	0	0.015	0	7.21251e-007	1494.05	1492.25	1491.83
1492.17	969.619	756	1.#QNAN	0	0.016	0	7.27387e-007	1497.69	1492.17	1491.75
1492.1	969.572	757	1.#QNAN	0	0.016	0	7.24882e-007	1496.83	1492.1	1491.68
1492	969.499	758	1.#QNAN	0	0	0	7.35643e-007	1475.87	1492	1491.59
1491.92	969.441	759	1.#QNAN	0	0.015	0	7.25477e-007	1483.66	1491.92	1491.51
1491.83	969.379	760	1.#QNAN	0	0.016	0	7.55729e-007	1473.58	1491.83	1491.42
1491.72	969.305	761	1.#QNAN	0	0.015	0	7.37556e-007	1460.8	1491.72	1491.31
1491.64	969.246	762	1.#QNAN	0	0.016	0	7.25472e-007	1483.21	1491.64	1491.23
1491.54	969.188	763	1.#QNAN	0	0.016	0	7.11949e-007	1473.98	1491.54	1491.14
1491.49	969.143	764	1.#QNAN	0	0.015	0	7.22314e-007	1503	1491.49	1491.09
1491.39	969.074	765	1.#QNAN	0	0	0	7.47298e-007	1473.36	1491.39	1490.99
1491.32	969.014	766	1.#QNAN	0	0.016	0	7.5819e-007	1490.13	1491.32	1490.93
1491.22	968.955	767	1.#QNAN	0	0.015	0	7.25604e-007	1477.89	1491.22	1490.83
1491.13	968.897	768	1.#QNAN	0	0.016	0	7.17332e-007	1469.66	1491.13	1490.74
1491.04	968.839	769	1.#QNAN	0	0.016	0	7.34198e-007	1480.14	1491.04	1490.66
1490.96	968.783	770	1.#QNAN	0	0.015	0	7.54891e-007	1523.07	1490.96	1490.57
1490.87	968.723	771	1.#QNAN	0	0.016	0	7.21509e-007	1478.41	1490.87	1490.49
1490.79	968.657	772	1.#QNAN	0	0	0	7.26626e-007	1500.91	1490.79	1490.41
1490.7	968.598	773	1.#QNAN	0	0.015	0	7.42481e-007	1471.23	1490.7	1490.32
1490.6	968.537	774	1.#QNAN	0	0.016	0	7.52242e-007	1476.69	1490.6	1490.22
1490.48	968.454	775	1.#QNAN	0	0.016	0	7.34839e-007	1451.2	1490.48	1490.11
1490.41	968.399	776	1.#QNAN	0	0.015	0	7.49252e-007	1499.1	1490.41	1490.03
1490.31	968.329	777	1.#QNAN	0	0.016	0	7.05379e-007	1469.28	1490.31	1489.94
1490.23	968.275	778	1.#QNAN	0	0.015	0	7.22553e-007	1477.95	1490.23	1489.87
1490.15	968.222	779	1.#QNAN	0	0	0	7.02119e-007	1486.94	1490.15	1489.78
1490.03	968.139	780	1.#QNAN	0	0.016	1	7.37679e-007	1464.5	1490.03	1489.67
1489.92	968.061	781	1.#QNAN	0	0.016	0	7.33181e-007	1447.61	1489.92	1489.55
1489.83	968.011	782	1.#QNAN	0	0.015	0	7.55716e-007	1489.83	1489.83	1489.47
1489.73	967.942	783	1.#QNAN	0	0.016	0	7.27337e-007	1462.05	1489.73	1489.38
1489.64	967.877	784	1.#QNAN	0	0.015	0	7.30771e-007	1474.55	1489.64	1489.28
1489.53	967.796	785	1.#QNAN	0	0.016	0	7.60328e-007	1456.39	1489.53	1489.18
1489.45	967.736	786	1.#QNAN	0	0	0	7.47922e-007	1478.97	1489.45	1489.1
1489.33	967.653	787	1.#QNAN	0	0.016	0	7.13601e-007	1471.1	1489.33	1488.98
1489.21	967.569	788	1.#QNAN	0	0.015	0	7.1815e-007	1450.8	1489.21	1488.86
1489.13	967.498	789	1.#QNAN	0	0.016	0	7.32088e-007	1474.85	1489.13	1488.78
1489.02	967.431	790	1.#QNAN	0	0.015	0	7.47792e-007	1461.35	1489.02	1488.68
1488.91	967.359	791	1.#QNAN	0	0.016	0	7.23627e-007	1461.71	1488.91	1488.57
1488.83	967.301	792	1.#QNAN	0	0	0	7.1547e-007	1489.9	1488.83	1488.49
1488.75	967.239	793	1.#QNAN	0	0.016	0	7.38874e-007	1492.02	1488.75	1488.41
1488.67	967.181	794	1.#QNAN	0	0.015	0	7.12807e-007	1506.79	1488.67	1488.33
1488.59	967.123	795	1.#QNAN	0	0.016	0	7.29748e-007	1491.5	1488.59	1488.25
1488.48	967.043	796	1.#QNAN	0	0.015	0	7.4995e-007	1469.18	1488.48	1488.15
1488.42	966.996	797	1.#QNAN	0	0.016	0	7.46663e-007	1509.34	1488.42	1488.09
1488.34	966.944	798	1.#QNAN	0	0.016	0	7.6529e-007	1478.2	1488.34	1488.01
1488.26	966.883	799	1.#QNAN	0	0	0	7.29895e-007	1479.82	1488.26	1487.93
1488.21	966.853	800	1.#QNAN	0	0.015	0	7.31681e-007	1514.63	1488.21	1487.88
1488.14	966.788	801	1.#QNAN	0	0.016	0	7.28271e-007	1476.72	1488.14	1487.81
1488.07	966.737	802	1.#QNAN	0	0.015	0	7.33208e-007	1488.77	1488.07	1487.75
1487.99	966.681	803	1.#QNAN	0	0.016	0	7.42189e-007	1485.89	1487.99	1487.67
1487.91	966.625	804	1.#QNAN	0	0.016	0	7.34255e-007	1484.35	1487.91	1487.59
1487.83	966.572	805	1.#QNAN	0	0.015	0	7.45351e-007	1478.17	1487.83	1487.51
1487.76	966.522	806	1.#QNAN	0	0	0	6.99452e-007	1480.52	1487.76	1487.44
1487.67	966.468	807	1.#QNAN	0	0.016	0	7.50743e-007	1511.26	1487.67	1487.36
1487.6	966.399	808	1.#QNAN	0	0.015	0	7.48459e-007	1497.34	1487.6	1487.29
1487.53	966.349	809	1.#QNAN	0	0.016	0	7.33151e-007	1488.42	1487.53	1487.21
1487.45	966.288	810	1.#QNAN	0	0.016	0	7.37546e-007	1476.69	1487.45	1487.14
1487.4	966.241	811	1.#QNAN	0	0.015	0	7.49415e-007	1502.34	1487.4	1487.09
1487.35	966.203	812	1.#QNAN	0	0.016	0	7.36234e-007	1507.21	1487.35	1487.04
1487.28	966.157	813	1.#QNAN	0	0	0	7.44481e-007	1490.71	1487.28	1486.97
1487.2	966.098	814	1.#QNAN	0	0.015	0	7.31692e-007	1494.3	1487.2	1486.9
1487.13	966.05	815	1.#QNAN	0	0.016	0	7.30619e-007	1502.02	1487.13	1486.83
1487.04	965.987	816	1.#QNAN	0	0.016	0	7.40923e-007	1488.82	1487.04	1486.74
1486.94	965.91	817	1.#QNAN	0	0.015	0	7.18846e-007	1493.08	1486.94	1486.65
1486.86	965.85	818	1.#QNAN	0	0.016	0	7.21428e-007	1489.15	1486.86	1486.56
1486.8	965.802	819	1.#QNAN	0	0	0	7.24491e-007	1497.95	1486.8	1486.5
1486.72	965.755	820	1.#QNAN	0	0.015	0	7.16847e-007	1497.99	1486.72	1486.43
1486.66	965.705	821	1.#QNAN	0	0.016	0	7.08973e-007	1496.37	1486.66	1486.37
1486.59	965.652	822	1.#QNAN	0	0.016	0	7.07619e-007	1476.46	1486.59	1486.3
1486.5	965.592	823	1.#QNAN	0	0.015	0	7.2136e-007	1483.5	1486.5	1486.21
1486.42	965.547	824	1.#QNAN	0	0.016	0	7.27418e-007	1485.19	1486.42	1486.13
1486.32	965.484	825	1.#QNAN	0	0	0	7.36695e-007	1469.24	1486.32	1486.03
1486.23	965.424	826	1.#QNAN	0	0.015	0	7.44347e-007	1467.95	1486.23	1485.94
1486.14	965.356	827	1.#QNAN	0	0.016	0	7.22793e-007	1484.74	1486.14	1485.85
1486.08	965.311	828	1.#QNAN	0	0.016	0	7.35258e-007	1491.85	1486.08	1485.79
1485.98	965.249	829	1.#QNAN	0	0.015	0	7.18268e-007	1484.99	1485.98	1485.7
1485.91	965.197	830	1.#QNAN	0	0.016	0	7.13896e-007	1491.27	1485.91	1485.63
1485.83	965.139	831	1.#QNAN	0	0.015	0	7.24726e-007	1502.82	1485.83	1485.55
1485.76	965.093	832	1.#QNAN	0	0	0	7.3026e-007	1499.89	1485.76	1485.49
1485.69	965.051	833	1.#QNAN	0	0.016	0	7.4817e-007	1485.47	1485.69	1485.42
1485.64	965.012	834	1.#QNAN	0	0.016	0	7.10068e-007	1495.32	1485.64	1485.37
1485.59	964.979	835	1.#QNAN	0	0.015	0	7.15797e-007	1499.14	1485.59	1485.32
1485.53	964.926	836	1.#QNAN	0	0.016	0	7.4018e-007	1490.37	1485.53	1485.26
1485.45	964.867	837	1.#QNAN	0	0.015	0	7.40284e-007	1493.33	1485.45	1485.18
1485.39	964.816	838	1.#QNAN	0	0	0	7.12964e-007	1495.24	1485.39	1485.12
1485.32	964.759	839	1.#QNAN	0	0.016	0	7.09279e-007	1494.17	1485.32	1485.05
1485.25	964.716	840	1.#QNAN	0	0.016	0	7.43755e-007	1494.39	1485.25	1484.99
1485.18	964.679	841	1.#QNAN	0	0.015	0	7.16243e-007	1502.81	1485.18	1484.92
1485.13	964.656	842	1.#QNAN	0	0.016	0	7.02671e-007	1547.81	1485.13	1484.87
1485.07	964.589	843	1.#QNAN	0	0.015	0	7.20426e-007	1542.32	1485.07	1484.81
1485.01	964.538	844	1.#QNAN	0	0.016	0	7.16637e-007	1492.1	1485.01	1484.76
1484.97	964.496	845	1.#QNAN	0	0.016	0	7.02225e-007	1520.31	1484.97	1484.71
1484.92	964.462	846	1.#QNAN	0	0	0	7.16332e-007	1502.89	1484.92	1484.66
1484.88	964.427	847	1.#QNAN	0	0.015	0	7.3215e-007	1505.67	1484.88	1484.63
1484.84	964.392	848	1.#QNAN	0	0.016	0	7.33023e-007	1511.55	1484.84	1484.59
1484.8	964.352	849	1.#QNAN	0	0.015	0	7.49302e-007	1549.89	1484.8	1484.55
1484.73	964.294	850	1.#QNAN	0	0.016	0	7.31288e-007	1489.33	1484.73	1484.48
1484.69	964.259	851	1.#QNAN	0	0.016	0	7.30654e-007	1514.38	1484.69	1484.45
1484.65	964.218	852	1.#QNAN	0	0	0	7.41301e-007	1517.94	1484.65	1484.4
1484.59	964.171	853	1.#QNAN	0	0.015	0	7.08163e-007	1486.83	1484.59	1484.34
1484.52	964.122	854	1.#QNAN	0	0.016	0	7.2564e-007	1476.74	1484.52	1484.27
1484.45	964.067	855	1.#QNAN	0	0.015	1	6.98018e-007	1478.97	1484.45	1484.21
1484.39	964.017	856	1.#QNAN	0	0.016	0	7.53569e-007	1478.65	1484.39	1484.15
1484.31	963.954	857	1.#QNAN	0	0.016	0	7.27708e-007	1461.51	1484.31	1484.07
1484.23	963.903	858	1.#QNAN	0	0.015	0	7.32507e-007	1468.62	1484.23	1483.99
1484.14	963.844	859	1.#QNAN	0	0	0	7.48984e-007	1472.68	1484.14	1483.91
1484.08	963.81	860	1.#QNAN	0	0.016	0	7.56451e-007	1500.02	1484.08	1483.85
1484.02	963.783	861	1.#QNAN	0	0.015	0	7.30768e-007	1531.48	1484.02	1483.79
1483.94	963.731	862	1.#QNAN	0	0.016	0	7.35881e-007	1468.62	1483.94	1483.71
1483.9	963.7	863	1.#QNAN	0	0.016	0	7.33177e-007	1539.68	1483.9	1483.67
1483.84	963.665	864	1.#QNAN	0	0.015	0	7.21222e-007	1505.68	1483.84	1483.61
1483.76	963.619	865	1.#QNAN	0	0.016	0	7.4476e-007	1471.56	1483.76	1483.53
1483.69	963.578	866	1.#QNAN	0	0	0	7.55808e-007	1498.3	1483.69	1483.46
1483.62	963.525	867	1.#QNAN	0	0.015	0	7.17483e-007	1478.45	1483.62	1483.4
1483.58	963.495	868	1.#QNAN	0	0.016	0	7.01335e-007	1491.6	1483.58	1483.35
1483.51	963.458	869	1.#QNAN	0	0.016	0	7.74923e-007	1479.01	1483.51	1483.29
1483.45	963.414	870	1.#QNAN	0	0.015	0	7.21886e-007	1474.64	1483.45	1483.22
1483.37	963.376	871	1.#QNAN	0	0.016	0	7.26616e-007	1477	1483.37	1483.15
1483.3	963.337	872	1.#QNAN	0	0.015	0	7.44177e-007	1484.81	1483.3	1483.08
1483.24	963.303	873	1.#QNAN	0	0	0	7.40078e-007	1485.51	1483.24	1483.02
1483.13	963.237	874	1.#QNAN	0	0.016	0	7.14995e-007	1445.23	1483.13	1482.91
1483.06	963.191	875	1.#QNAN	0	0.016	0	7.24587e-007	1468.26	1483.06	1482.84
1482.96	963.129	876	1.#QNAN	0	0.015	0	7.12462e-007	1544.6	1482.96	1482.75
1482.89	963.083	877	1.#QNAN	0	0.016	0	7.16016e-007	1456.41	1482.89	1482.67
1482.8	963.017	878	1.#QNAN	0	0.015	0	7.33515e-007	1452.95	1482.8	1482.58
1482.71	962.96	879	1.#QNAN	0	0	0	7.58903e-007	1463.03	1482.71	1482.49
1482.64	962.908	880	1.#QNAN	0	0.016	0	7.35114e-007	1489	1482.64	1482.42
1482.57	962.856	881	1.#QNAN	0	0.016	0	7.58788e-007	1486.47	1482.57	1482.36
1482.48	962.787	882	1.#QNAN	0	0.015	0	7.41964e-007	1466.2	1482.48	1482.27
1482.4	962.735	883	1.#QNAN	0	0.016	0	7.52148e-007	1482.88	1482.4	1482.19
1482.3	962.675	884	1.#QNAN	0	0.015	0	7.50365e-007	1460.78	1482.3	1482.09
1482.2	962.622	885	1.#QNAN	0	0.016	0	7.45009e-007	1488.98	1482.2	1481.99
1482.12	962.575	886	1.#QNAN	0	0	0	7.17008e-007	1460.24	1482.12	1481.91
1482.08	962.555	887	1.#QNAN	0	0.016	0	7.24648e-007	1553.2	1482.08	1481.87
1482.04	962.521	888	1.#QNAN	0	0.015	0	7.32393e-007	1489.26	1482.04	1481.83
1481.95	962.469	889	1.#QNAN	0	0.016	0	7.31093e-007	1455.56	1481.95	1481.75
1481.91	962.439	890	1.#QNAN	0	0.015	0	7.40158e-007	1521.52	1481.91	1481.7
1481.83	962.391	891	1.#QNAN	0	0.016	0	7.55311e-007	1493.11	1481.83	1481.63
1481.78	962.344	892	1.#QNAN	0	0.016	0	7.11591e-007	1508.11	1481.78	1481.57
1481.71	962.285	893	1.#QNAN	0	0	0	7.51209e-007	1479.12	1481.71	1481.51
1481.67	962.25	894	1.#QNAN	0	0.015	0	7.62782e-007	1505.15	1481.67	1481.47
1481.65	962.218	895	1.#QNAN	0	0.016	0	7.5401e-007	1513.54	1481.65	1481.45
1481.61	962.182	896	1.#QNAN	0	0.015	0	7.44485e-007	1523.7	1481.61	1481.41
1481.57	962.144	897	1.#QNAN	0	0.016	0	7.266e-007	1499.99	1481.57	1481.37
1481.51	962.104	898	1.#QNAN	0	0.016	0	7.47111e-007	1495.11	1481.51	1481.31
1481.45	962.045	899	1.#QNAN	0	0.015	0	7.13136e-007	1500.01	1481.45	1481.26
1481.41	962.019	900	1.#QNAN	0	0	0	7.37722e-007	1549.68	1481.41	1481.22
1481.35	961.978	901	1.#QNAN	0	0.016	0	7.43407e-007	1475.96	1481.35	1481.16
1481.31	961.947	902	1.#QNAN	0	0.015	0	7.3829e-007	1487.88	1481.31	1481.12
1481.26	961.909	903	1.#QNAN	0	0.016	0	7.09635e-007	1493.26	1481.26	1481.07
1481.19	961.869	904	1.#QNAN	0	0.016	0	7.41711e-007	1466.24	1481.19	1481
1481.11	961.81	905	1.#QNAN	0	0.015	0	7.32029e-007	1464.58	1481.11	1480.93
1481.02	961.735	906	1.#QNAN	0	0.016	0	7.41953e-007	1464.46	1481.02	1480.83
1480.93	961.681	907	1.#QNAN	0	0	0	7.56437e-007	1459.54	1480.93	1480.75
1480.86	961.641	908	1.#QNAN	0	0.015	0	7.32525e-007	1473.02	1480.86	1480.67
1480.79	961.592	909	1.#QNAN	0	0.016	0	7.37389e-007	1471.48	1480.79	1480.61
1480.73	961.557	910	1.#QNAN	0	0.016	0	7.20957e-007	1469.84	1480.73	1480.55
1480.67	961.523	911	1.#QNAN	0	0.015	0	7.38418e-007	1477	1480.67	1480.49
1480.6	961.478	912	1.#QNAN	0	0.016	0	7.36112e-007	1485.86	1480.6	1480.42
1480.51	961.425	913	1.#QNAN	0	0.015	0	7.27086e-007	1483.48	1480.51	1480.33
1480.45	961.393	914	1.#QNAN	0	0.016	0	7.37986e-007	1495.96	1480.45	1480.28
1480.36	961.339	915	1.#QNAN	0	0	0	7.06019e-007	1460.99	1480.36	1480.19
1480.28	961.291	916	1.#QNAN	0	0.016	0	7.27773e-007	1490.82	1480.28	1480.11
1480.18	961.237	917	1.#QNAN	0	0.015	0	7.2905e-007	1457.67	1480.18	1480.01
1480.14	961.206	918	1.#QNAN	0	0.016	0	7.20412e-007	1529.73	1480.14	1479.97
1480.09	961.169	919	1.#QNAN	0	0.015	0	7.07501e-007	1513.54	1480.09	1479.92
1480	961.113	920	1.#QNAN	0	0.016	0	7.10397e-007	1463.65	1480	1479.83
1479.93	961.067	921	1.#QNAN	0	0	0	7.29472e-007	1471.21	1479.93	1479.77
1479.86	961.025	922	1.#QNAN	0	0	0	7.1752e-007	1457.14	1479.86	1479.69
1479.77	960.98	923	1.#QNAN	0	0.015	0	7.50134e-007	1455.15	1479.77	1479.61
1479.69	960.921	924	1.#QNAN	0	0.016	0	7.43753e-007	1454.79	1479.69	1479.53
1479.61	960.875	925	1.#QNAN	0	0.015	0	7.56091e-007	1465.34	1479.61	1479.45
1479.56	960.835	926	1.#QNAN	0	0.016	0	7.3447e-007	1492.25	1479.56	1479.4
1479.48	960.784	927	1.#QNAN	0	0.016	0	7.49035e-007	1465.19	1479.48	1479.32
1479.43	960.75	928	1.#QNAN	0	0	0	7.35504e-007	1501.22	1479.43	1479.27
1479.38	960.708	929	1.#QNAN	0	0.015	0	7.06599e-007	1485.55	1479.38	1479.23
1479.32	960.66	930	1.#QNAN	0	0.016	1	7.6691e-007	1471.12	1479.32	1479.17
1479.27	960.632	931	1.#QNAN	0	0.015	0	7.34284e-007	1477.59	1479.27	1479.12
1479.23	960.604	932	1.#QNAN	0	0.016	0	7.37495e-007	1495.39	1479.23	1479.08
1479.17	960.574	933	1.#QNAN	0	0.016	0	7.48566e-007	1465.47	1479.17	1479.02
1479.14	960.546	934	1.#QNAN	0	0.015	0	7.47596e-007	1527.86	1479.14	1478.98
1479.08	960.508	935	1.#QNAN	0	0	0	7.59319e-007	1488.2	1479.08	1478.93
1479.05	960.5	936	1.#QNAN	0	0.016	0	7.18614e-007	1562.15	1479.05	1478.9
1479.01	960.477	937	1.#QNAN	0	0.015	0	7.52304e-007	1497	1479.01	1478.87
1478.97	960.444	938	1.#QNAN	0	0.016	0	7.46098e-007	1505.89	1478.97	1478.83
1478.92	960.41	939	1.#QNAN	0	0.016	0	7.1492e-007	1491.46	1478.92	1478.78
1478.87	960.377	940	1.#QNAN	0	0.015	0	7.4276e-007	1487.57	1478.87	1478.72
1478.83	960.342	941	1.#QNAN	0	0.016	0	7.19203e-007	1513.25	1478.83	1478.68
1478.78	960.306	942	1.#QNAN	0	0	0	7.3471e-007	1490.77	1478.78	1478.63
1478.72	960.269	943	1.#QNAN	0	0.015	0	7.32697e-007	1530.49	1478.72	1478.58
1478.63	960.205	944	1.#QNAN	0	0.016	0	7.46399e-007	1478.9	1478.63	1478.49
1478.59	960.167	945	1.#QNAN	0	0.016	0	7.35177e-007	1499.65	1478.59	1478.45
1478.54	960.13	946	1.#QNAN	0	0.015	0	7.51334e-007	1484.83	1478.54	1478.4
1478.48	960.084	947	1.#QNAN	0	0.016	0	7.39104e-007	1471.3	1478.48	1478.34
1478.45	960.054	948	1.#QNAN	0	0.015	0	7.55366e-007	1493.33	1478.45	1478.31
1478.4	960.012	949	1.#QNAN	0	0	0	7.19203e-007	1488.27	1478.4	1478.26
1478.37	959.987	950	1.#QNAN	0	0.016	0	7.10691e-007	1516.93	1478.37	1478.23
1478.31	959.945	951	1.#QNAN	0	0.016	0	7.38109e-007	1485.52	1478.31	1478.18
1478.27	959.906	952	1.#QNAN	0	0.015	0	7.40298e-007	1493.69	1478.27	1478.14
1478.22	959.863	953	1.#QNAN	0	0.016	0	7.12855e-007	1558.8	1478.22	1478.09
1478.17	959.829	954	1.#QNAN	0	0.015	0	7.12883e-007	1487.01	1478.17	1478.04
1478.13	959.798	955	1.#QNAN	0	0.016	0	7.47899e-007	1503.55	1478.13	1478.01
1478.09	959.766	956	1.#QNAN	0	0	0	7.37131e-007	1484.13	1478.09	1477.96
1478.05	959.738	957	1.#QNAN	0	0.016	0	7.59323e-007	1497.01	1478.05	1477.92
1477.99	959.7	958	1.#QNAN	0	0.015	0	7.51384e-007	1474.34	1477.99	1477.87
1477.94	959.66	959	1.#QNAN	0	0.016	0	7.42616e-007	1467.71	1477.94	1477.82
1477.89	959.622	960	1.#QNAN	0	0.015	0	7.3309e-007	1481.2	1477.89	1477.77
1477.85	959.596	961	1.#QNAN	0	0.016	0	7.39472e-007	1488.77	1477.85	1477.73
1477.79	959.559	962	1.#QNAN	0	0	0	7.5471e-007	1470.01	1477.79	1477.68
1477.75	959.53	963	1.#QNAN	0	0.016	0	7.53423e-007	1505.29	1477.75	1477.63
1477.7	959.494	964	1.#QNAN	0	0.015	0	7.53065e-007	1520	1477.7	1477.59
1477.65	959.457	965	1.#QNAN	0	0.016	0	7.54861e-007	1478.85	1477.65	1477.54
1477.62	959.437	966	1.#QNAN	0	0.015	0	7.50231e-007	1516.4	1477.62	1477.51
1477.59	959.419	967	1.#QNAN	0	0.016	0	7.32814e-007	1539.97	1477.59	1477.48
1477.53	959.378	968	1.#QNAN	0	0	0	7.10945e-007	1470.66	1477.53	1477.42
1477.48	959.355	969	1.#QNAN	0	0.016	0	7.50494e-007	1494.28	1477.48	1477.38
1477.43	959.326	970	1.#QNAN	0	0.015	0	7.44378e-007	1469.35	1477.43	1477.32
1477.37	959.285	971	1.#QNAN	0	0.016	0	7.48898e-007	1478.38	1477.37	1477.27
1477.31	959.253	972	1.#QNAN	0	0.015	0	7.34057e-007	1479.39	1477.31	1477.21
1477.25	959.208	973	1.#QNAN	0	0.016	0	7.26084e-007	1468.97	1477.25	1477.15
1477.19	959.163	974	1.#QNAN	0	0.016	0	7.31293e-007	1483.53	1477.19	1477.09
1477.14	959.13	975	1.#QNAN	0	0	0	7.47309e-007	1474.63	1477.14	1477.04
1477.1	959.1	976	1.#QNAN	0	0.015	0	7.41404e-007	1480.39	1477.1	1477
1477.06	959.062	977	1.#QNAN	0	0.016	0	7.43619e-007	1499.82	1477.06	1476.96
1477	959.025	978	1.#QNAN	0	0.015	0	7.38705e-007	1477.55	1477	1476.91
1476.96	958.998	979	1.#QNAN	0	0.016	0	7.22138e-007	1490.02	1476.96	1476.86
1476.91	958.966	980	1.#QNAN	0	0.016	0	7.35428e-007	1484.11	1476.91	1476.81
1476.86	958.939	981	1.#QNAN	0	0	0	7.39537e-007	1485.46	1476.86	1476.76
1476.84	958.907	982	1.#QNAN	0	0	0	7.36399e-007	1546.27	1476.84	1476.74
1476.79	958.878	983	1.#QNAN	0	0.016	0	7.25214e-007	1475.03	1476.79	1476.69
1476.76	958.857	984	1.#QNAN	0	0.015	0	7.50852e-007	1493.79	1476.76	1476.66
1476.72	958.821	985	1.#QNAN	0	0.016	0	7.48279e-007	1476.92	1476.72	1476.62
1476.68	958.8	986	1.#QNAN	0	0.016	0	7.41705e-007	1494.7	1476.68	1476.59
1476.63	958.766	987	1.#QNAN	0	0.015	0	7.23894e-007	1485.07	1476.63	1476.54
1476.58	958.739	988	1.#QNAN	0	0	0	7.08344e-007	1473.35	1476.58	1476.49
1476.55	958.707	989	1.#QNAN	0	0.016	0	7.40798e-007	1489.01	1476.55	1476.46
1476.53	958.679	990	1.#QNAN	0	0.015	0	7.33049e-007	1498.18	1476.53	1476.44
1476.49	958.644	991	1.#QNAN	0	0.016	0	7.26492e-007	1482.71	1476.49	1476.4
1476.47	958.616	992	1.#QNAN	0	0.016	0	7.2875e-007	1504.38	1476.47	1476.38
1476.44	958.584	993	1.#QNAN	0	0.015	0	7.36533e-007	1484.35	1476.44	1476.36
1476.41	958.554	994	1.#QNAN	0	0.016	0	7.41752e-007	1494.08	1476.41	1476.33
1476.38	958.531	995	1.#QNAN	0	0	0	7.33091e-007	1479.35	1476.38	1476.3
1476.37	958.508	996	1.#QNAN	0	0.015	0	7.46017e-007	1517.51	1476.37	1476.29
1476.34	958.482	997	1.#QNAN	0	0.016	0	7.33564e-007	1512.81	1476.34	1476.26
1476.31	958.457	998	1.#QNAN	0	0.016	0	7.3279e-007	1503.23	1476.31	1476.23
1476.29	958.424	999	1.#QNAN	0	0.015	0	7.3143e-007	1526.48	1476.29	1476.21
1476.26	958.39	1000	1.#QNAN	0	0.016	0	7.41893e-007	1496.07	1476.26	1476.18
1476.24	958.372	1001	1.#QNAN	0	0.015	0	7.13945e-007	1556.3	1476.24	1476.16
1476.18	958.327	1002	1.#QNAN	0	0	0	7.2632e-007	1483.23	1476.18	1476.1
1476.14	958.293	1003	1.#QNAN	0	0.016	0	7.54831e-007	1530.69	1476.14	1476.07
1476.1	958.261	1004	1.#QNAN	0	0.016	0	7.47382e-007	1495.78	1476.1	1476.03
1476.08	958.234	1005	1.#QNAN	0	0.015	1	7.21588e-007	1501.78	1476.08	1476.01
1476.07	958.214	1006	1.#QNAN	0	0.016	0	7.36483e-007	1557.91	1476.07	1475.99
1476.05	958.184	1007	1.#QNAN	0	0.015	0	7.54369e-007	1505.44	1476.05	1475.98
1476.03	958.158	1008	1.#QNAN	0	0	0	7.45577e-007	1508	1476.03	1475.96
1476	958.131	1009	1.#QNAN	0	0.016	0	7.4192e-007	1499.17	1476	1475.94
1475.98	958.105	1010	1.#QNAN	0	0.016	0	7.43083e-007	1488.37	1475.98	1475.91
1475.94	958.071	1011	1.#QNAN	0	0.015	0	7.28154e-007	1489.32	1475.94	1475.88
1475.93	958.043	1012	1.#QNAN	0	0.016	0	7.22217e-007	1510.98	1475.93	1475.86
1475.89	958.011	1013	1.#QNAN	0	0.015	0	7.46298e-007	1480.01	1475.89	1475.82
1475.87	957.977	1014	1.#QNAN	0	0.016	0	7.72343e-007	1503.55	1475.87	1475.81
1475.84	957.938	1015	1.#QNAN	0	0	0	7.35958e-007	1542.47	1475.84	1475.78
1475.82	957.91	1016	1.#QNAN	0	0.016	0	7.47273e-007	1535.42	1475.82	1475.76
1475.81	957.887	1017	1.#QNAN	0	0.015	0	7.56835e-007	1505.98	1475.81	1475.75
1475.78	957.856	1018	1.#QNAN	0	0.016	0	7.58191e-007	1486.93	1475.78	1475.72
1475.75	957.831	1019	1.#QNAN	0	0.015	0	7.15063e-007	1504.83	1475.75	1475.69
1475.72	957.803	1020	1.#QNAN	0	0.016	0	7.53585e-007	1515.67	1475.72	1475.66
1475.68	957.771	1021	1.#QNAN	0	0	0	7.32149e-007	1496.92	1475.68	1475.62
1475.67	957.758	1022	1.#QNAN	0	0.016	0	7.54654e-007	1546.24	1475.67	1475.61
1475.65	957.737	1023	1.#QNAN	0	0.015	0	7.38936e-007	1507.39	1475.65	1475.59
1475.64	957.722	1024	1.#QNAN	0	0.016	0	7.34774e-007	1552.98	1475.64	1475.58
1475.61	957.697	1025	1.#QNAN	0	0.015	0	7.21549e-007	1517.63	1475.61	1475.55
1475.59	957.676	1026	1.#QNAN	0	0.016	0	7.34646e-007	1498.78	1475.59	1475.53
1475.56	957.657	1027	1.#QNAN	0	0	0	7.30162e-007	1523.54	1475.56	1475.5
1475.54	957.632	1028	1.#QNAN	0	0.016	0	7.48184e-007	1552.54	1475.54	1475.48
1475.53	957.61	1029	1.#QNAN	0	0.015	0	7.41956e-007	1528.81	1475.53	1475.47
1475.51	957.583	1030	1.#QNAN	0	0.016	0	7.57877e-007	1495.78	1475.51	1475.45
1475.5	957.562	1031	1.#QNAN	0	0.015	0	7.4439e-007	1513.14	1475.5	1475.44
1475.49	957.533	1032	1.#QNAN	0	0.016	0	7.44103e-007	1512.42	1475.49	1475.43
1475.46	957.508	1033	1.#QNAN	0	0.016	0	7.39266e-007	1503.12	1475.46	1475.41
1475.44	957.482	1034	1.#QNAN	0	0.015	0	7.54351e-007	1501.73	1475.44	1475.38
1475.39	957.45	1035	1.#QNAN	0	0.016	0	7.58451e-007	1477.21	1475.39	1475.34
1475.39	957.435	1036	1.#QNAN	0	0.015	0	7.30026e-007	1521.36	1475.39	1475.34
1475.37	957.414	1037	1.#QNAN	0	0	0	7.55768e-007	1504.51	1475.37	1475.32
1475.36	957.394	1038	1.#QNAN	0	0.016	0	7.5e-007	1509.16	1475.36	1475.31
1475.35	957.374	1039	1.#QNAN	0	0.016	0	7.68675e-007	1508.66	1475.35	1475.3
1475.36	957.371	1040	1.#QNAN	0	0.015	0	7.41026e-007	1553.67	1475.36	1475.31
1475.34	957.353	1041	1.#QNAN	0	0.016	0	7.50847e-007	1494.26	1475.34	1475.29
1475.34	957.342	1042	1.#QNAN	0	0.015	0	7.07432e-007	1564.93	1475.34	1475.29
1475.32	957.324	1043	1.#QNAN	0	0.016	0	7.59999e-007	1528.66	1475.32	1475.27
1475.3	957.3	1044	1.#QNAN	0	0	0	7.38688e-007	1519.68	1475.3	1475.25
1475.26	957.271	1045	1.#QNAN	0	0.016	0	7.4866e-007	1481.63	1475.26	1475.22
1475.26	957.264	1046	1.#QNAN	0	0.015	0	7.15903e-007	1543.56	1475.26	1475.22
1475.23	957.234	1047	1.#QNAN	0	0.016	0	7.42601e-007	1485.09	1475.23	1475.19
1475.2	957.226	1048	1.#QNAN	0	0.015	0	7.51242e-007	1535.31	1475.2	1475.16
1475.19	957.212	1049	1.#QNAN	0	0.016	0	7.30432e-007	1547.76	1475.19	1475.15
1475.2	957.201	1050	1.#QNAN	0	0.016	0	7.4394e-007	1566.7	1475.2	1475.16
1475.16	957.178	1051	1.#QNAN	0	0	0	7.44947e-007	1482.67	1475.16	1475.12
1475.14	957.164	1052	1.#QNAN	0	0.015	0	7.69085e-007	1502.7	1475.14	1475.1
1475.13	957.158	1053	1.#QNAN	0	0.016	0	7.28359e-007	1558.87	1475.13	1475.09
1475.11	957.146	1054	1.#QNAN	0	0.015	0	7.41559e-007	1522.57	1475.11	1475.07
1475.09	957.132	1055	1.#QNAN	0	0.016	0	7.3236e-007	1527.78	1475.09	1475.06
1475.06	957.107	1056	1.#QNAN	0	0.016	0	7.36602e-007	1484.53	1475.06	1475.02
1475.03	957.086	1057	1.#QNAN	0	0.015	0	7.54659e-007	1495.46	1475.03	1475
1475	957.063	1058	1.#QNAN	0	0	0	7.41216e-007	1505.59	1475	1474.97
1474.97	957.043	1059	1.#QNAN	0	0.016	0	7.3721e-007	1545.88	1474.97	1474.94
1474.93	957.008	1060	1.#QNAN	0	0.015	0	7.22061e-007	1491.37	1474.93	1474.89
1474.91	956.988	1061	1.#QNAN	0	0.016	0	7.29982e-007	1538.5	1474.91	1474.88
1474.9	956.967	1062	1.#QNAN	0	0.016	0	7.45325e-007	1523.67	1474.9	1474.86
1474.86	956.937	1063	1.#QNAN	0	0.015	0	7.53697e-007	1480.28	1474.86	1474.83
1474.85	956.916	1064	1.#QNAN	0	0	0	7.55386e-007	1500.23	1474.85	1474.82
1474.85	956.907	1065	1.#QNAN	0	0	0	7.4637e-007	1525.07	1474.85	1474.82
1474.81	956.879	1066	1.#QNAN	0	0.015	0	7.17704e-007	1481.33	1474.81	1474.78
1474.78	956.851	1067	1.#QNAN	0	0.016	0	7.48641e-007	1490.63	1474.78	1474.75
1474.75	956.819	1068	1.#QNAN	0	0.016	0	7.09871e-007	1530.66	1474.75	1474.73
1474.71	956.786	1069	1.#QNAN	0	0.015	0	7.30252e-007	1473.64	1474.71	1474.69
1474.65	956.745	1070	1.#QNAN	0	0.016	0	7.66074e-007	1457.34	1474.65	1474.62
1474.6	956.713	1071	1.#QNAN	0	0	0	7.65429e-007	1478.83	1474.6	1474.58
1474.56	956.691	1072	1.#QNAN	0	0.015	0	7.24184e-007	1517.56	1474.56	1474.54
1474.52	956.659	1073	1.#QNAN	0	0.016	0	7.67171e-007	1463.66	1474.52	1474.5
1474.49	956.632	1074	1.#QNAN	0	0.016	0	7.39632e-007	1490.13	1474.49	1474.47
1474.47	956.606	1075	1.#QNAN	0	0.015	0	7.59002e-007	1486.89	1474.47	1474.45
1474.46	956.586	1076	1.#QNAN	0	0.016	0	7.15256e-007	1523.92	1474.46	1474.44
1474.44	956.576	1077	1.#QNAN	0	0.015	0	7.7719e-007	1500.77	1474.44	1474.42
1474.4	956.547	1078	1.#QNAN	0	0	0	7.38203e-007	1484.6	1474.4	1474.38
1474.39	956.527	1079	1.#QNAN	0	0.016	0	7.46763e-007	1547.68	1474.39	1474.37
1474.38	956.503	1080	1.#QNAN	0	0.016	1	7.53413e-007	1502.06	1474.38	1474.36
1474.38	956.498	1081	1.#QNAN	0	0.015	0	7.38223e-007	1563.73	1474.38	1474.37
1474.35	956.474	1082	1.#QNAN	0	0.016	0	7.19675e-007	1475.92	1474.35	1474.33
1474.31	956.449	1083	1.#QNAN	0	0.015	0	7.09117e-007	1469.86	1474.31	1474.3
1474.31	956.441	1084	1.#QNAN	0	0.016	0	7.51117e-007	1560.6	1474.31	1474.3
1474.26	956.419	1085	1.#QNAN	0	0	0	7.29163e-007	1476.57	1474.26	1474.25
1474.22	956.395	1086	1.#QNAN	0	0.016	0	7.50874e-007	1473.28	1474.22	1474.22
1474.17	956.362	1087	1.#QNAN	0	0.015	0	7.08525e-007	1455.68	1474.17	1474.16
1474.14	956.344	1088	1.#QNAN	0	0.016	0	7.26838e-007	1524.31	1474.14	1474.14
1474.09	956.313	1089	1.#QNAN	0	0.015	0	7.5935e-007	1460.18	1474.09	1474.08
1474.02	956.265	1090	1.#QNAN	0	0.016	0	7.62473e-007	1458.69	1474.02	1474.02
1473.98	956.233	1091	1.#QNAN	0	0.016	0	7.19119e-007	1476.54	1473.98	1473.98
1473.92	956.193	1092	1.#QNAN	0	0	0	7.51008e-007	1447.02	1473.92	1473.92
1473.89	956.164	1093	1.#QNAN	0	0.015	0	7.56423e-007	1499.9	1473.89	1473.88
1473.85	956.142	1094	1.#QNAN	0	0.016	0	7.56335e-007	1471.48	1473.85	1473.84
1473.8	956.113	1095	1.#QNAN	0	0.015	0	7.29122e-007	1467.13	1473.8	1473.8
1473.76	956.081	1096	1.#QNAN	0	0.016	0	7.32323e-007	1465.84	1473.76	1473.75
1473.71	956.045	1097	1.#QNAN	0	0.016	0	7.41971e-007	1468.84	1473.71	1473.71
1473.67	956.013	1098	1.#QNAN	0	0.015	0	7.43732e-007	1469.44	1473.67	1473.67
1473.63	955.987	1099	1.#QNAN	0	0.016	0	7.35885e-007	1507.61	1473.63	1473.62
1473.58	955.957	1100	1.#QNAN	0	0	0	7.39089e-007	1501.44	1473.58	1473.58
1473.53	955.917	1101	1.#QNAN	0	0.015	0	7.37632e-007	1453.81	1473.53	1473.53
1473.48	955.875	1102	1.#QNAN	0	0.016	0	7.67831e-007	1473.79	1473.48	1473.47
1473.41	955.832	1103	1.#QNAN	0	0.016	0	7.42557e-007	1465.95	1473.41	1473.41
1473.36	955.796	1104	1.#QNAN	0	0.015	0	7.38176e-007	1466.21	1473.36	1473.36
1473.3	955.752	1105	1.#QNAN	0	0.016	0	7.38935e-007	1485.35	1473.3	1473.3
1473.27	955.723	1106	1.#QNAN	0	0.016	0	7.28908e-007	1481.8	1473.27	1473.27
1473.22	955.685	1107	1.#QNAN	0	0.015	0	7.44451e-007	1489	1473.22	1473.22
1473.18	955.652	1108	1.#QNAN	0	0.016	0	7.33101e-007	1481.35	1473.18	1473.18
1473.12	955.612	1109	1.#QNAN	0	0.015	0	7.53954e-007	1478.58	1473.12	1473.13
1473.09	955.576	1110	1.#QNAN	0	0	0	7.38063e-007	1498.88	1473.09	1473.09
1473.04	955.542	1111	1.#QNAN	0	0.016	0	7.60696e-007	1473.36	1473.04	1473.05
1472.99	955.509	1112	1.#QNAN	0	0.016	0	7.72534e-007	1463.9	1472.99	1472.99
1472.94	955.481	1113	1.#QNAN	0	0.015	0	7.51832e-007	1491.44	1472.94	1472.95
1472.89	955.437	1114	1.#QNAN	0	0.016	0	7.33305e-007	1470.17	1472.89	1472.9
1472.85	955.405	1115	1.#QNAN	0	0.015	0	7.32357e-007	1483.33	1472.85	1472.86
1472.81	955.38	1116	1.#QNAN	0	0	0	7.49482e-007	1491.15	1472.81	1472.82
1472.78	955.355	1117	1.#QNAN	0	0.016	0	7.27195e-007	1487.41	1472.78	1472.79
1472.75	955.329	1118	1.#QNAN	0	0.016	0	7.35892e-007	1492.35	1472.75	1472.76
1472.69	955.285	1119	1.#QNAN	0	0.015	0	7.48867e-007	1468.03	1472.69	1472.7
1472.65	955.254	1120	1.#QNAN	0	0.016	0	7.43854e-007	1485.84	1472.65	1472.67
1472.63	955.232	1121	1.#QNAN	0	0.015	0	7.27553e-007	1511.83	1472.63	1472.65
1472.59	955.204	1122	1.#QNAN	0	0.016	0	7.44138e-007	1493.78	1472.59	1472.61
1472.54	955.161	1123	1.#QNAN	0	0	0	7.3993e-007	1470.62	1472.54	1472.55
1472.49	955.121	1124	1.#QNAN	0	0.016	0	7.41801e-007	1477.37	1472.49	1472.51
1472.48	955.092	1125	1.#QNAN	0	0.015	0	7.22089e-007	1528.6	1472.48	1472.5
1472.45	955.049	1126	1.#QNAN	0	0.016	0	7.34136e-007	1492.72	1472.45	1472.46
1472.41	955.012	1127	1.#QNAN	0	0.015	0	7.36177e-007	1473.55	1472.41	1472.42
1472.38	954.981	1128	1.#QNAN	0	0.016	0	7.42614e-007	1494.25	1472.38	1472.4
1472.36	954.96	1129	1.#QNAN	0	0.016	0	7.67539e-007	1544.82	1472.36	1472.38
1472.34	954.923	1130	1.#QNAN	0	0	0	7.41338e-007	1504.59	1472.34	1472.36
1472.32	954.886	1131	1.#QNAN	0	0.015	0	7.60135e-007	1489.68	1472.32	1472.34
1472.29	954.858	1132	1.#QNAN	0	0.016	0	7.68134e-007	1489.21	1472.29	1472.31
1472.27	954.833	1133	1.#QNAN	0	0.015	0	7.29892e-007	1524.28	1472.27	1472.3
1472.26	954.806	1134	1.#QNAN	0	0.016	0	7.43503e-007	1527.05	1472.26	1472.28
1472.22	954.755	1135	1.#QNAN	0	0.016	0	7.66399e-007	1506.89	1472.22	1472.24
1472.21	954.724	1136	1.#QNAN	0	0.015	0	7.31832e-007	1564.73	1472.21	1472.24
1472.21	954.699	1137	1.#QNAN	0	0	0	7.56237e-007	1512.6	1472.21	1472.23
1472.18	954.67	1138	1.#QNAN	0	0.016	0	7.5056e-007	1488.03	1472.18	1472.21
1472.17	954.642	1139	1.#QNAN	0	0.015	0	7.39611e-007	1503.89	1472.17	1472.2
1472.15	954.615	1140	1.#QNAN	0	0.016	0	7.36301e-007	1490.99	1472.15	1472.18
1472.12	954.59	1141	1.#QNAN	0	0.016	0	7.2582e-007	1480.25	1472.12	1472.15
1472.11	954.568	1142	1.#QNAN	0	0.015	0	7.35066e-007	1506.28	1472.11	1472.14
1472.1	954.552	1143	1.#QNAN	0	0	0	7.51829e-007	1516.49	1472.1	1472.13
1472.06	954.525	1144	1.#QNAN	0	0.016	0	7.50643e-007	1485.41	1472.06	1472.1
1472.05	954.501	1145	1.#QNAN	0	0.015	0	7.33073e-007	1491.56	1472.05	1472.08
1472.03	954.479	1146	1.#QNAN	0	0.016	0	7.63578e-007	1510.59	1472.03	1472.07
1472.01	954.45	1147	1.#QNAN	0	0.016	0	7.47969e-007	1482.96	1472.01	1472.04
1471.97	954.418	1148	1.#QNAN	0	0.015	0	7.30269e-007	1472.31	1471.97	1472
1471.95	954.387	1149	1.#QNAN	0	0.016	0	7.41657e-007	1512.99	1471.95	1471.99
1471.91	954.363	1150	1.#QNAN	0	0	0	7.45059e-007	1484.37	1471.91	1471.95
1471.88	954.333	1151	1.#QNAN	0	0.015	0	7.5554e-007	1479.32	1471.88	1471.92
1471.85	954.295	1152	1.#QNAN	0	0.016	1	7.43975e-007	1491.12	1471.85	1471.88
1471.81	954.254	1153	1.#QNAN	0	0.016	0	7.29616e-007	1464.64	1471.81	1471.84
1471.78	954.221	1154	1.#QNAN	0	0.015	0	7.4366e-007	1490.77	1471.78	1471.82
1471.76	954.187	1155	1.#QNAN	0	0.016	0	7.23703e-007	1491.54	1471.76	1471.8
1471.72	954.147	1156	1.#QNAN	0	0.015	0	7.3239e-007	1468.49	1471.72	1471.75
1471.7	954.127	1157	1.#QNAN	0	0	0	7.11362e-007	1495.93	1471.7	1471.74
1471.68	954.098	1158	1.#QNAN	0	0.016	0	7.47734e-007	1510.99	1471.68	1471.72
1471.65	954.071	1159	1.#QNAN	0	0.016	0	7.77572e-007	1489.1	1471.65	1471.69
1471.62	954.04	1160	1.#QNAN	0	0.015	0	7.52878e-007	1486.7	1471.62	1471.66
1471.59	954.013	1161	1.#QNAN	0	0.016	0	7.57193e-007	1481.06	1471.59	1471.63
1471.55	953.977	1162	1.#QNAN	0	0.015	0	7.36977e-007	1507.54	1471.55	1471.59
1471.52	953.955	1163	1.#QNAN	0	0	0	7.57024e-007	1481.96	1471.52	1471.56
1471.49	953.922	1164	1.#QNAN	0	0.016	0	7.62691e-007	1486.56	1471.49	1471.53
1471.46	953.888	1165	1.#QNAN	0	0.016	0	7.53321e-007	1472.68	1471.46	1471.5
1471.43	953.861	1166	1.#QNAN	0	0.015	0	7.41114e-007	1490.26	1471.43	1471.48
1471.39	953.824	1167	1.#QNAN	0	0.016	0	7.82543e-007	1485.78	1471.39	1471.43
1471.36	953.796	1168	1.#QNAN	0	0.015	0	7.42598e-007	1497.87	1471.36	1471.41
1471.33	953.761	1169	1.#QNAN	0	0.016	0	7.41072e-007	1485.05	1471.33	1471.38
1471.29	953.729	1170	1.#QNAN	0	0	0	7.41013e-007	1477.09	1471.29	1471.34
1471.26	953.692	1171	1.#QNAN	0	0.016	0	7.52861e-007	1478.8	1471.26	1471.31
1471.24	953.658	1172	1.#QNAN	0	0.015	0	7.64778e-007	1495.13	1471.24	1471.29
1471.21	953.62	1173	1.#QNAN	0	0.016	0	7.49072e-007	1517.98	1471.21	1471.27
1471.18	953.578	1174	1.#QNAN	0	0.015	0	7.51265e-007	1495.71	1471.18	1471.24
1471.17	953.545	1175	1.#QNAN	0	0.016	0	7.81863e-007	1494.28	1471.17	1471.22
1471.13	953.515	1176	1.#QNAN	0	0	0	7.60008e-007	1477.71	1471.13	1471.19
1471.09	953.481	1177	1.#QNAN	0	0.016	0	7.38373e-007	1519.95	1471.09	1471.15
1471.05	953.448	1178	1.#QNAN	0	0.015	0	7.55647e-007	1465.25	1471.05	1471.1
1471.01	953.414	1179	1.#QNAN	0	0.016	0	7.49198e-007	1486.88	1471.01	1471.06
1470.98	953.385	1180	1.#QNAN	0	0.015	0	7.13474e-007	1497.43	1470.98	1471.04
1470.95	953.364	1181	1.#QNAN	0	0.016	0	7.11448e-007	1480.69	1470.95	1471.01
1470.93	953.341	1182	1.#QNAN	0	0.016	0	7.37338e-007	1497.66	1470.93	1470.98
1470.89	953.31	1183	1.#QNAN	0	0	0	7.45509e-007	1471.2	1470.89	1470.95
1470.84	953.272	1184	1.#QNAN	0	0.015	0	7.56698e-007	1472.06	1470.84	1470.9
1470.81	953.251	1185	1.#QNAN	0	0.016	0	7.55266e-007	1475.08	1470.81	1470.87
1470.77	953.226	1186	1.#QNAN	0	0.015	0	7.68243e-007	1480.61	1470.77	1470.83
1470.73	953.186	1187	1.#QNAN	0	0.016	0	7.58522e-007	1522.83	1470.73	1470.8
1470.72	953.165	1188	1.#QNAN	0	0.016	0	7.42988e-007	1505.31	1470.72	1470.78
1470.7	953.141	1189	1.#QNAN	0	0	0	7.30768e-007	1496.77	1470.7	1470.77
1470.67	953.103	1190	1.#QNAN	0	0.015	0	7.60509e-007	1489.5	1470.67	1470.73
1470.65	953.08	1191	1.#QNAN	0	0.016	0	7.4704e-007	1512.24	1470.65	1470.72
1470.61	953.044	1192	1.#QNAN	0	0.015	0	7.46137e-007	1462.25	1470.61	1470.67
1470.56	953.014	1193	1.#QNAN	0	0.016	0	7.6238e-007	1485.44	1470.56	1470.63
1470.53	952.989	1194	1.#QNAN	0	0.016	0	7.4505e-007	1477.83	1470.53	1470.6
1470.49	952.962	1195	1.#QNAN	0	0.015	0	7.52041e-007	1477.39	1470.49	1470.56
1470.46	952.929	1196	1.#QNAN	0	0.016	0	7.41376e-007	1505.16	1470.46	1470.53
1470.4	952.893	1197	1.#QNAN	0	0	0	7.74815e-007	1470.67	1470.4	1470.47
1470.36	952.865	1198	1.#QNAN	0	0.015	0	7.53706e-007	1463.24	1470.36	1470.43
1470.32	952.83	1199	1.#QNAN	0	0.016	0	7.42025e-007	1471.87	1470.32	1470.39
