rmse	mae	#iter	time_pred	time_learn	time_learn2	time_learn4	alpha	rmse_mcmc_this	rmse_mcmc_all	rmse_mcmc_all_but5
5945.38	3719.56	0	1.#QNAN	0	0.016	0	5.85336e-010	5945.38	5945.38	3880.47
5383.34	3333.14	1	1.#QNAN	0	0.015	0	1.30439e-008	5264.07	5383.34	3880.47
5196.79	3224.08	2	1.#QNAN	0	0.016	0	1.97621e-008	5011.89	5196.79	3880.47
5057.44	3146.26	3	1.#QNAN	0	0.015	0	2.27552e-008	4742.77	5057.44	3880.47
4950.35	3086.1	4	1.#QNAN	0	0.032	0	2.5483e-008	4601.87	4950.35	37687.6
4859.97	3035.84	5	1.#QNAN	0	0.015	0	2.85241e-008	4517.14	4859.97	4517.14
4768.12	2988.22	6	1.#QNAN	0	0.016	0	3.06735e-008	4289.95	4768.12	4376.09
4677.01	2941.15	7	1.#QNAN	0	0.015	0	3.41949e-008	4138.29	4677.01	4279.52
4590.65	2897.03	8	1.#QNAN	0	0.016	0	3.7207e-008	3987.23	4590.65	4196.16
4497.98	2850.33	9	1.#QNAN	0	0.015	0	4.10771e-008	3756.54	4497.98	4098.83
4416.06	2809.43	10	1.#QNAN	0	0.016	0	4.58966e-008	3666.31	4416.06	4018.04
4333.87	2768.51	11	1.#QNAN	0	0.015	0	4.97947e-008	3508.33	4333.87	3938.38
4252.27	2727.24	12	1.#QNAN	0	0.016	0	5.79227e-008	3352.4	4252.27	3859.64
4169.94	2685.98	13	1.#QNAN	0	0.016	0	6.1666e-008	3174.28	4169.94	3778.02
4088.14	2645.18	14	1.#QNAN	0	0.031	0	6.98077e-008	3052.18	4088.14	3698.59
4009.15	2604.41	15	1.#QNAN	0	0.015	0	7.94601e-008	2944.79	4009.15	3623.49
3930.15	2563.85	16	1.#QNAN	0	0.016	0	8.60435e-008	2792.05	3930.15	3547.22
3852.13	2523.22	17	1.#QNAN	0	0.016	0	9.58435e-008	2660.15	3852.13	3472.44
3775.98	2483.68	18	1.#QNAN	0	0.015	0	1.07522e-007	2550.09	3775.98	3399.62
3698.27	2441.7	19	1.#QNAN	0	0.031	0	1.24083e-007	2404.49	3698.27	3325.24
3623.8	2401.08	20	1.#QNAN	0	0.016	0	1.37935e-007	2324.98	3623.8	3254.64
3550.9	2362.29	21	1.#QNAN	0	0.016	0	1.49935e-007	2262.65	3550.9	3186.32
3480.26	2323.24	22	1.#QNAN	0	0.015	0	1.69399e-007	2173.14	3480.26	3120.31
3412.37	2285.7	23	1.#QNAN	0	0.031	0	1.93615e-007	2112.48	3412.37	3057.5
3346.76	2248.52	24	1.#QNAN	0	0.016	0	2.0481e-007	2057.95	3346.76	2997.25
3283.28	2212.33	25	1.#QNAN	0	0.016	0	2.28168e-007	1984.18	3283.28	2939
3221.22	2176.52	26	1.#QNAN	0	0.015	0	2.43077e-007	1911.97	3221.22	2882.27
3161.66	2141.66	27	1.#QNAN	0	0.016	0	2.56595e-007	1865.53	3161.66	2828.06
3103.22	2107.37	28	1.#QNAN	0	0.031	0	2.74987e-007	1813.92	3103.22	2775.09
3047.3	2074.4	29	1.#QNAN	0	0.016	0	2.82987e-007	1790.08	3047.3	2724.78
2994.38	2042.94	30	1.#QNAN	0	0.015	0	3.17166e-007	1778.37	2994.38	2677.71
2943.49	2012.06	31	1.#QNAN	0	0.016	0	3.13886e-007	1742	2943.49	2632.67
2894.55	1982.54	32	1.#QNAN	0	0.031	0	3.21278e-007	1722.52	2894.55	2589.47
2847.71	1953.73	33	1.#QNAN	0	0.016	0	3.42339e-007	1707.8	2847.71	2548.53
2802.1	1925.83	34	1.#QNAN	0	0.015	0	3.69957e-007	1661.27	2802.1	2508.53
2758.79	1899.22	35	1.#QNAN	0	0.016	0	3.62379e-007	1663.49	2758.79	2471
2716.88	1872.93	36	1.#QNAN	0	0.015	0	3.84695e-007	1614.95	2716.88	2434.64
2676.62	1847.53	37	1.#QNAN	0	0.032	0	4.14185e-007	1611.38	2676.62	2399.97
2637.65	1822.66	38	1.#QNAN	0	0.015	0	3.96576e-007	1587.4	2637.65	2366.34
2600.2	1798.91	39	1.#QNAN	0	0.016	0	3.92926e-007	1576.29	2600.2	2334.31
2564.63	1776.23	40	1.#QNAN	0	0.015	0	4.10662e-007	1587.9	2564.63	2304.14
2530.27	1754.12	41	1.#QNAN	0	0.016	0	4.33466e-007	1559.18	2530.27	2275.02
2497.08	1732.87	42	1.#QNAN	0	0.016	0	4.49734e-007	1539.21	2497.08	2246.9
2464.43	1712	43	1.#QNAN	0	0.031	0	4.47699e-007	1531.91	2464.43	2219.31
2432.55	1691.43	44	1.#QNAN	0	0.015	0	4.37363e-007	1519.87	2432.55	2192.38
2402.17	1671.68	45	1.#QNAN	0	0.016	0	4.62788e-007	1516.38	2402.17	2166.87
2372.87	1652.39	46	1.#QNAN	0	0.016	0	4.67737e-007	1501.37	2372.87	2142.27
2344.62	1633.78	47	1.#QNAN	0	0.015	0	4.73292e-007	1502.31	2344.62	2118.7
2317.47	1615.9	48	1.#QNAN	0	0.031	0	4.7502e-007	1506.86	2317.47	2096.12
2291.32	1598.37	49	1.#QNAN	0	0.016	0	4.82603e-007	1515.69	2291.32	2074.54
2266.41	1581.58	50	1.#QNAN	0	0.016	0	4.98604e-007	1525.61	2266.41	2054.15
2241.94	1565.17	51	1.#QNAN	0	0.015	0	4.87282e-007	1503.17	2241.94	2034.04
2218.94	1549.48	52	1.#QNAN	0	0.016	0	5.06334e-007	1516.4	2218.94	2015.38
2196.56	1533.99	53	1.#QNAN	0	0.031	1	5.26824e-007	1507.56	2196.56	1997.22
2175.07	1519.13	54	1.#QNAN	0	0.016	0	5.04526e-007	1506.25	2175.07	1979.87
2154.44	1504.63	55	1.#QNAN	0	0.015	0	5.27309e-007	1522.95	2154.44	1963.31
2134.71	1490.67	56	1.#QNAN	0	0.016	0	5.10809e-007	1519.2	2134.71	1947.55
2115.93	1477.57	57	1.#QNAN	0	0.031	0	4.98729e-007	1543.98	2115.93	1932.74
2097.47	1464.78	58	1.#QNAN	0	0.016	0	5.46932e-007	1522.25	2097.47	1918.12
2080.09	1452.51	59	1.#QNAN	0	0.015	0	5.34483e-007	1530.51	2080.09	1904.49
2062.99	1440.63	60	1.#QNAN	0	0.016	0	5.14744e-007	1519.76	2062.99	1891.07
2046.29	1429.05	61	1.#QNAN	0	0.015	0	5.4183e-007	1524.42	2046.29	1877.98
2030.36	1417.81	62	1.#QNAN	0	0.032	0	5.20072e-007	1541.6	2030.36	1865.59
2014.94	1406.91	63	1.#QNAN	0	0.015	0	5.45934e-007	1515.57	2014.94	1853.59
2000.03	1396.33	64	1.#QNAN	0	0.016	0	5.38381e-007	1523.89	2000.03	1842.03
1985.43	1385.84	65	1.#QNAN	0	0.015	0	5.37783e-007	1516.6	1985.43	1830.71
1971.34	1375.72	66	1.#QNAN	0	0.016	0	5.55635e-007	1511.58	1971.34	1819.81
1958.04	1366.15	67	1.#QNAN	0	0.031	0	5.37087e-007	1539.35	1958.04	1809.68
1944.91	1356.7	68	1.#QNAN	0	0.016	0	5.47138e-007	1502.16	1944.91	1799.59
1932.37	1347.63	69	1.#QNAN	0	0.015	0	5.63451e-007	1507.73	1932.37	1790.04
1920.42	1338.96	70	1.#QNAN	0	0.016	0	5.37746e-007	1513.03	1920.42	1780.99
1908.55	1330.28	71	1.#QNAN	0	0.016	0	5.54928e-007	1496.89	1908.55	1771.92
1897.28	1321.98	72	1.#QNAN	0	0.015	0	5.81909e-007	1506.72	1897.28	1763.42
1886.22	1313.75	73	1.#QNAN	0	0.016	0	5.60058e-007	1489.6	1886.22	1755.04
1875.57	1305.84	74	1.#QNAN	0	0.031	0	5.756e-007	1502.98	1875.57	1747.04
1865	1297.93	75	1.#QNAN	0	0.016	0	5.65733e-007	1477.17	1865	1739.01
1854.74	1290.25	76	1.#QNAN	0	0.015	0	5.67463e-007	1478.9	1854.74	1731.24
1845.29	1283.07	77	1.#QNAN	0	0.016	0	5.49517e-007	1507.73	1845.29	1724.26
1836.06	1276.07	78	1.#QNAN	0	0.016	0	5.73462e-007	1498.91	1836.06	1717.44
1827.09	1269.27	79	1.#QNAN	0	0.031	0	5.72143e-007	1521.43	1827.09	1710.88
1818.01	1262.34	80	1.#QNAN	0	0.015	0	5.64579e-007	1468.99	1818.01	1704.03
1809.37	1255.76	81	1.#QNAN	0	0.016	0	5.82447e-007	1478.24	1809.37	1697.6
1800.86	1249.23	82	1.#QNAN	0	0.016	0	5.71421e-007	1469.12	1800.86	1691.25
1792.65	1242.95	83	1.#QNAN	0	0.031	0	5.72532e-007	1472.82	1792.65	1685.16
1784.93	1237.02	84	1.#QNAN	0	0.015	0	5.98951e-007	1489.57	1784.93	1679.53
1777.45	1231.23	85	1.#QNAN	0	0.016	0	5.82392e-007	1484.24	1777.45	1674.05
1769.99	1225.45	86	1.#QNAN	0	0.016	0	5.84507e-007	1475.47	1769.99	1668.57
1762.81	1219.82	87	1.#QNAN	0	0.031	0	5.74161e-007	1483.39	1762.81	1663.33
1755.83	1214.38	88	1.#QNAN	0	0.015	0	5.80889e-007	1477.75	1755.83	1658.24
1748.87	1208.89	89	1.#QNAN	0	0.016	0	5.78057e-007	1463.92	1748.87	1653.09
1742.05	1203.47	90	1.#QNAN	0	0.016	0	5.98467e-007	1485.56	1742.05	1648.06
1735.23	1198.19	91	1.#QNAN	0	0.015	0	5.97628e-007	1456.49	1735.23	1642.98
1728.96	1193.32	92	1.#QNAN	0	0.031	0	6.16327e-007	1491.02	1728.96	1638.46
1722.91	1188.66	93	1.#QNAN	0	0.016	0	6.14035e-007	1495.61	1722.91	1634.11
1716.98	1183.99	94	1.#QNAN	0	0.016	0	5.92221e-007	1494.13	1716.98	1629.83
1711.27	1179.49	95	1.#QNAN	0	0.015	0	5.93423e-007	1491.7	1711.27	1625.71
1705.49	1175.05	96	1.#QNAN	0	0.016	0	6.03409e-007	1505.59	1705.49	1621.5
1699.84	1170.71	97	1.#QNAN	0	0.031	0	5.87505e-007	1486.07	1699.84	1617.38
1694.3	1166.44	98	1.#QNAN	0	0.016	0	5.68359e-007	1476.94	1694.3	1613.34
1689.02	1162.28	99	1.#QNAN	0	0.015	0	6.05607e-007	1507.91	1689.02	1609.55
1683.82	1158.2	100	1.#QNAN	0	0.016	0	5.93193e-007	1502.44	1683.82	1605.79
1678.77	1154.25	101	1.#QNAN	0	0.015	0	6.29566e-007	1504.03	1678.77	1602.15
1674.15	1150.52	102	1.#QNAN	0	0.016	0	6.14168e-007	1539.2	1674.15	1598.94
1669.64	1146.85	103	1.#QNAN	0	0.031	0	6.13816e-007	1524.2	1669.64	1595.81
1665.3	1143.35	104	1.#QNAN	0	0.016	1	6.10653e-007	1529.7	1665.3	1592.82
1661.15	1139.98	105	1.#QNAN	0	0.015	0	5.88648e-007	1514.66	1661.15	1589.96
1656.9	1136.56	106	1.#QNAN	0	0.016	0	6.02577e-007	1497.08	1656.9	1586.94
1652.61	1133.18	107	1.#QNAN	0	0.016	0	6.19456e-007	1479.54	1652.61	1583.88
1648.62	1129.95	108	1.#QNAN	0	0.031	0	6.04771e-007	1490.71	1648.62	1581.1
1644.71	1126.73	109	1.#QNAN	0	0.015	0	6.18435e-007	1524.22	1644.71	1578.38
1640.57	1123.37	110	1.#QNAN	0	0.016	0	6.12952e-007	1489.11	1640.57	1575.39
1636.67	1120.15	111	1.#QNAN	0	0.016	0	6.21453e-007	1497.28	1636.67	1572.63
1632.86	1117.01	112	1.#QNAN	0	0.015	0	6.23402e-007	1494.84	1632.86	1569.91
1629.11	1113.91	113	1.#QNAN	0	0.016	0	6.2685e-007	1506.49	1629.11	1567.26
1625.6	1111.04	114	1.#QNAN	0	0.031	0	6.07193e-007	1522.19	1625.6	1564.81
1622.06	1108.14	115	1.#QNAN	0	0.016	0	6.07628e-007	1507.42	1622.06	1562.31
1618.64	1105.34	116	1.#QNAN	0	0.015	0	6.24768e-007	1502.7	1618.64	1559.92
1615.4	1102.64	117	1.#QNAN	0	0.016	0	6.03158e-007	1522.48	1615.4	1557.69
1612.24	1099.86	118	1.#QNAN	0	0.015	0	6.33225e-007	1584.29	1612.24	1555.56
1609.16	1097.11	119	1.#QNAN	0	0.016	0	6.17984e-007	1563.56	1609.16	1553.49
1606.02	1094.3	120	1.#QNAN	0	0.031	0	6.56112e-007	1555.35	1606.02	1551.32
1602.92	1091.65	121	1.#QNAN	0	0.016	0	6.39541e-007	1554.68	1602.92	1549.2
1600.09	1089.13	122	1.#QNAN	0	0.015	0	6.30753e-007	1551.09	1600.09	1547.29
1597.33	1086.57	123	1.#QNAN	0	0.016	0	6.1479e-007	1581.52	1597.33	1545.46
1594.55	1084.03	124	1.#QNAN	0	0.016	0	6.27753e-007	1574.84	1594.55	1543.55
1591.78	1081.48	125	1.#QNAN	0	0.031	0	6.33527e-007	1540.81	1591.78	1541.65
1589.23	1079.15	126	1.#QNAN	0	0.015	0	6.47215e-007	1583.96	1589.23	1539.97
1586.7	1076.76	127	1.#QNAN	0	0.016	0	6.35522e-007	1550.16	1586.7	1538.29
1584.35	1074.5	128	1.#QNAN	0	0.016	0	6.18913e-007	1546.66	1584.35	1536.75
1582.05	1072.2	129	1.#QNAN	0	0.015	0	6.39343e-007	1562.05	1582.05	1535.24
1579.72	1069.9	130	1.#QNAN	0	0.016	0	6.34121e-007	1558.28	1579.72	1533.69
1577.36	1067.58	131	1.#QNAN	0	0.031	0	6.19191e-007	1543.2	1577.36	1532.11
1575.09	1065.36	132	1.#QNAN	0	0.016	0	6.31596e-007	1563.53	1575.09	1530.6
1572.88	1063.1	133	1.#QNAN	0	0.015	0	6.30637e-007	1558.99	1572.88	1529.15
1570.71	1060.87	134	1.#QNAN	0	0.016	0	6.29274e-007	1557.1	1570.71	1527.7
1568.56	1058.71	135	1.#QNAN	0	0.015	0	6.06274e-007	1540.86	1568.56	1526.27
1566.54	1056.57	136	1.#QNAN	0	0.016	0	6.53025e-007	1564.48	1566.54	1524.97
1564.3	1054.31	137	1.#QNAN	0	0.031	0	6.59338e-007	1512.73	1564.3	1523.41
1562.2	1052.26	138	1.#QNAN	0	0.016	0	6.46594e-007	1523.64	1562.2	1521.99
1560.32	1050.32	139	1.#QNAN	0	0.015	0	6.39533e-007	1549.27	1560.32	1520.76
1558.38	1048.36	140	1.#QNAN	0	0.016	0	6.31033e-007	1538.58	1558.38	1519.47
1556.54	1046.45	141	1.#QNAN	0	0.016	0	6.60287e-007	1522.32	1556.54	1518.27
1554.7	1044.59	142	1.#QNAN	0	0.031	0	6.31801e-007	1507.69	1554.7	1517.02
1552.83	1042.71	143	1.#QNAN	0	0.015	0	6.35164e-007	1508.86	1552.83	1515.75
1550.99	1040.82	144	1.#QNAN	0	0.016	0	6.52586e-007	1515.23	1550.99	1514.49
1549.32	1039.04	145	1.#QNAN	0	0.016	0	6.37262e-007	1564.66	1549.32	1513.4
1547.81	1037.37	146	1.#QNAN	0	0.015	0	6.39024e-007	1599.42	1547.81	1512.47
1546.24	1035.65	147	1.#QNAN	0	0.031	0	6.23773e-007	1557.84	1546.24	1511.45
1544.8	1034.05	148	1.#QNAN	0	0.016	0	6.46563e-007	1562.75	1544.8	1510.57
1543.22	1032.38	149	1.#QNAN	0	0.016	0	6.34682e-007	1542.32	1543.22	1509.52
1541.73	1030.78	150	1.#QNAN	0	0.015	0	6.4471e-007	1532.87	1541.73	1508.55
1540.25	1029.21	151	1.#QNAN	0	0.016	0	6.46306e-007	1524.95	1540.25	1507.59
1538.95	1027.72	152	1.#QNAN	0	0.016	0	6.54256e-007	1549.7	1538.95	1506.8
1537.59	1026.17	153	1.#QNAN	0	0.016	0	6.56722e-007	1542.8	1537.59	1505.95
1536.16	1024.62	154	1.#QNAN	0	0.015	0	6.27244e-007	1539.16	1536.16	1505.02
1534.71	1023.06	155	1.#QNAN	0	0.016	0	6.31961e-007	1521.16	1534.71	1504.06
1533.29	1021.59	156	1.#QNAN	0	0.015	0	6.64954e-007	1506.77	1533.29	1503.12
1532	1020.18	157	1.#QNAN	0	0.032	0	6.38588e-007	1519.79	1532	1502.3
1530.7	1018.78	158	1.#QNAN	0	0.015	1	6.55698e-007	1515.73	1530.7	1501.46
1529.39	1017.44	159	1.#QNAN	0	0.016	0	6.46592e-007	1505.85	1529.39	1500.6
1528.08	1016.06	160	1.#QNAN	0	0.015	0	6.31391e-007	1505.91	1528.08	1499.72
1526.7	1014.68	161	1.#QNAN	0	0.032	0	6.32734e-007	1475.48	1526.7	1498.76
1525.45	1013.45	162	1.#QNAN	0	0.015	0	6.63501e-007	1492.25	1525.45	1497.92
1524.25	1012.19	163	1.#QNAN	0	0.016	0	6.58928e-007	1494.6	1524.25	1497.12
1522.99	1010.87	164	1.#QNAN	0	0.015	0	6.42804e-007	1482.72	1522.99	1496.25
1521.85	1009.7	165	1.#QNAN	0	0.016	0	6.59999e-007	1495.24	1521.85	1495.51
1520.5	1008.42	166	1.#QNAN	0	0.016	0	6.55392e-007	1447.35	1520.5	1494.52
1519.18	1007.18	167	1.#QNAN	0	0.031	0	6.71011e-007	1443.1	1519.18	1493.56
1517.98	1005.98	168	1.#QNAN	0	0.015	0	6.76259e-007	1468.37	1517.98	1492.71
1516.74	1004.79	169	1.#QNAN	0	0.016	0	6.54923e-007	1449.35	1516.74	1491.8
1515.56	1003.58	170	1.#QNAN	0	0.016	0	6.47372e-007	1462.26	1515.56	1490.95
1514.37	1002.45	171	1.#QNAN	0	0.015	0	6.46178e-007	1460.89	1514.37	1490.09
1513.28	1001.31	172	1.#QNAN	0	0.016	0	6.58821e-007	1475.97	1513.28	1489.32
1512.17	1000.19	173	1.#QNAN	0	0.031	0	6.46191e-007	1465.27	1512.17	1488.53
1511	999.059	174	1.#QNAN	0	0.016	0	6.31738e-007	1452.19	1511	1487.68
1509.73	997.927	175	1.#QNAN	0	0.015	0	6.44992e-007	1440.74	1509.73	1486.71
1508.52	996.794	176	1.#QNAN	0	0.016	0	6.44637e-007	1445.98	1508.52	1485.82
1507.38	995.69	177	1.#QNAN	0	0.015	0	6.61721e-007	1456.1	1507.38	1484.97
1506.16	994.591	178	1.#QNAN	0	0.032	0	6.42589e-007	1446.38	1506.16	1484.04
1504.92	993.48	179	1.#QNAN	0	0.015	0	6.78645e-007	1441.95	1504.92	1483.1
1503.87	992.401	180	1.#QNAN	0	0.016	0	6.50176e-007	1485.32	1503.87	1482.35
1502.85	991.314	181	1.#QNAN	0	0.015	0	6.55644e-007	1474.66	1502.85	1481.62
1501.83	990.309	182	1.#QNAN	0	0.016	0	6.7324e-007	1457.31	1501.83	1480.88
1500.77	989.31	183	1.#QNAN	0	0.031	0	6.45386e-007	1446.42	1500.77	1480.08
1499.67	988.328	184	1.#QNAN	0	0.016	0	6.6236e-007	1439.19	1499.67	1479.25
1498.61	987.293	185	1.#QNAN	0	0.015	0	6.59831e-007	1441.2	1498.61	1478.45
1497.47	986.293	186	1.#QNAN	0	0.016	0	6.67471e-007	1427.96	1497.47	1477.56
1496.33	985.289	187	1.#QNAN	0	0.016	0	6.53905e-007	1411.8	1496.33	1476.67
1495.24	984.263	188	1.#QNAN	0	0.015	0	6.63684e-007	1433.01	1495.24	1475.82
1494.3	983.314	189	1.#QNAN	0	0.031	0	6.5985e-007	1449.53	1494.3	1475.13
1493.27	982.387	190	1.#QNAN	0	0.016	0	6.47538e-007	1435.11	1493.27	1474.34
1492.33	981.475	191	1.#QNAN	0	0.016	0	6.51469e-007	1437.75	1492.33	1473.63
1491.27	980.524	192	1.#QNAN	0	0.015	0	6.95246e-007	1408.4	1491.27	1472.79
1490.15	979.497	193	1.#QNAN	0	0.016	0	6.65593e-007	1405.2	1490.15	1471.88
1489.05	978.495	194	1.#QNAN	0	0.031	0	6.95224e-007	1402.98	1489.05	1471
1488	977.538	195	1.#QNAN	0	0.016	0	6.67542e-007	1407.73	1488	1470.15
1487.04	976.608	196	1.#QNAN	0	0.015	0	6.52121e-007	1427.22	1487.04	1469.42
1485.9	975.633	197	1.#QNAN	0	0.016	0	6.81866e-007	1385.22	1485.9	1468.47
1484.94	974.711	198	1.#QNAN	0	0.015	0	6.74015e-007	1423.5	1484.94	1467.71
1483.87	973.786	199	1.#QNAN	0	0.032	0	6.6558e-007	1394.81	1483.87	1466.84
1482.92	972.898	200	1.#QNAN	0	0.015	0	6.63574e-007	1410.84	1482.92	1466.07
1481.92	972.014	201	1.#QNAN	0	0.016	0	6.6291e-007	1398.33	1481.92	1465.26
1480.91	971.098	202	1.#QNAN	0	0.015	0	6.46294e-007	1387.4	1480.91	1464.43
1479.96	970.163	203	1.#QNAN	0	0.016	0	6.68716e-007	1401.38	1479.96	1463.67
1479	969.319	204	1.#QNAN	0	0.015	0	6.55117e-007	1396.19	1479	1462.89
1478.07	968.473	205	1.#QNAN	0	0.016	0	6.8906e-007	1403.15	1478.07	1462.14
1477.1	967.643	206	1.#QNAN	0	0.015	0	6.68367e-007	1383.96	1477.1	1461.34
1476.26	966.852	207	1.#QNAN	0	0.016	0	6.75308e-007	1412.85	1476.26	1460.68
1475.38	965.991	208	1.#QNAN	0	0.016	0	6.73384e-007	1406.83	1475.38	1459.97
1474.47	965.155	209	1.#QNAN	0	0.031	0	6.81546e-007	1389.46	1474.47	1459.23
1473.57	964.275	210	1.#QNAN	0	0.015	0	6.74918e-007	1399.62	1473.57	1458.51
1472.66	963.438	211	1.#QNAN	0	0.016	0	6.56053e-007	1395.33	1472.66	1457.77
1471.71	962.607	212	1.#QNAN	0	0.016	1	6.68886e-007	1387	1471.71	1456.99
1470.83	961.858	213	1.#QNAN	0	0.015	0	6.86893e-007	1393.32	1470.83	1456.28
1469.89	961.065	214	1.#QNAN	0	0.031	0	6.71712e-007	1377.46	1469.89	1455.49
1468.98	960.24	215	1.#QNAN	0	0.016	0	6.7308e-007	1383.5	1468.98	1454.73
1468.07	959.465	216	1.#QNAN	0	0.016	0	6.78059e-007	1385.21	1468.07	1453.98
1467.24	958.718	217	1.#QNAN	0	0.015	0	6.69971e-007	1390.22	1467.24	1453.29
1466.42	957.972	218	1.#QNAN	0	0.016	0	6.74546e-007	1389.31	1466.42	1452.61
1465.62	957.251	219	1.#QNAN	0	0.031	0	6.52903e-007	1392.07	1465.62	1451.95
1464.88	956.561	220	1.#QNAN	0	0.016	0	6.71348e-007	1403.44	1464.88	1451.36
1464.07	955.821	221	1.#QNAN	0	0.015	0	6.53156e-007	1394.29	1464.07	1450.69
1463.31	955.139	222	1.#QNAN	0	0.016	0	6.4521e-007	1400.15	1463.31	1450.07
1462.51	954.433	223	1.#QNAN	0	0.015	0	6.79564e-007	1384.76	1462.51	1449.39
1461.63	953.708	224	1.#QNAN	0	0.016	0	6.64263e-007	1363.36	1461.63	1448.63
1460.89	953.048	225	1.#QNAN	0	0.031	0	6.87731e-007	1395.14	1460.89	1448.02
1460.09	952.381	226	1.#QNAN	0	0.016	0	6.49776e-007	1383.31	1460.09	1447.35
1459.4	951.764	227	1.#QNAN	0	0.015	0	6.73098e-007	1398.58	1459.4	1446.79
1458.61	951.121	228	1.#QNAN	0	0.016	0	6.5306e-007	1377.7	1458.61	1446.13
1457.85	950.456	229	1.#QNAN	0	0.016	0	6.44531e-007	1373.32	1457.85	1445.49
1457.22	949.925	230	1.#QNAN	0	0.031	0	6.5604e-007	1407.69	1457.22	1444.98
1456.44	949.29	231	1.#QNAN	0	0.015	0	6.61652e-007	1375	1456.44	1444.33
1455.53	948.612	232	1.#QNAN	0	0.016	0	6.86361e-007	1356.9	1455.53	1443.52
1454.79	948.052	233	1.#QNAN	0	0.016	0	6.5242e-007	1390.49	1454.79	1442.9
1453.99	947.45	234	1.#QNAN	0	0.015	0	6.58816e-007	1362.05	1453.99	1442.2
1453.14	946.767	235	1.#QNAN	0	0.031	0	6.45017e-007	1358.54	1453.14	1441.46
1452.4	946.145	236	1.#QNAN	0	0.016	0	6.78347e-007	1383.85	1452.4	1440.83
1451.69	945.568	237	1.#QNAN	0	0.016	0	6.68082e-007	1379.01	1451.69	1440.22
1451.03	945.009	238	1.#QNAN	0	0.015	0	6.63136e-007	1397.14	1451.03	1439.67
1450.46	944.494	239	1.#QNAN	0	0.031	0	6.75382e-007	1399.09	1450.46	1439.2
1449.85	943.937	240	1.#QNAN	0	0.016	0	6.90146e-007	1400.07	1449.85	1438.69
1449.28	943.406	241	1.#QNAN	0	0.016	0	6.73341e-007	1415.76	1449.28	1438.22
1448.74	942.883	242	1.#QNAN	0	0.015	0	6.73746e-007	1409.98	1448.74	1437.78
1448.08	942.285	243	1.#QNAN	0	0.016	0	6.84023e-007	1388.44	1448.08	1437.22
1447.46	941.729	244	1.#QNAN	0	0.031	0	6.68533e-007	1400.52	1447.46	1436.69
1446.82	941.195	245	1.#QNAN	0	0.016	0	6.95907e-007	1396.16	1446.82	1436.14
1446.2	940.662	246	1.#QNAN	0	0.015	0	6.84775e-007	1409.97	1446.2	1435.61
1445.58	940.142	247	1.#QNAN	0	0.016	0	6.7954e-007	1403.21	1445.58	1435.08
1444.94	939.584	248	1.#QNAN	0	0.015	0	6.9398e-007	1386.45	1444.94	1434.54
1444.33	939.046	249	1.#QNAN	0	0.032	0	7.11308e-007	1388.45	1444.33	1434.01
1443.8	938.505	250	1.#QNAN	0	0.015	0	6.72482e-007	1412.13	1443.8	1433.57
1443.27	937.988	251	1.#QNAN	0	0.016	0	6.62099e-007	1412.29	1443.27	1433.13
1442.79	937.533	252	1.#QNAN	0	0.015	0	6.98066e-007	1414.29	1442.79	1432.74
1442.28	937.058	253	1.#QNAN	0	0.016	0	6.84421e-007	1409.48	1442.28	1432.32
1441.76	936.554	254	1.#QNAN	0	0.031	0	6.77202e-007	1407.4	1441.76	1431.88
1441.22	936.028	255	1.#QNAN	0	0.016	0	7.00331e-007	1397.03	1441.22	1431.43
1440.7	935.515	256	1.#QNAN	0	0.015	0	7.06368e-007	1409.98	1440.7	1430.99
1440.13	934.954	257	1.#QNAN	0	0.016	0	6.98111e-007	1396.52	1440.13	1430.51
1439.51	934.391	258	1.#QNAN	0	0.031	0	6.98248e-007	1369.53	1439.51	1429.97
1438.83	933.846	259	1.#QNAN	0	0.016	0	6.75522e-007	1368.07	1438.83	1429.37
1438.21	933.324	260	1.#QNAN	0	0.015	0	6.97402e-007	1376.4	1438.21	1428.82
1437.65	932.814	261	1.#QNAN	0	0.016	0	6.9233e-007	1401.85	1437.65	1428.35
1437.09	932.303	262	1.#QNAN	0	0.016	0	6.74721e-007	1391.78	1437.09	1427.88
1436.59	931.796	263	1.#QNAN	0	0.015	0	6.81164e-007	1405.1	1436.59	1427.46
1436.08	931.307	264	1.#QNAN	0	0.031	0	7.02709e-007	1396.88	1436.08	1427.04
1435.44	930.755	265	1.#QNAN	0	0.016	1	7.01101e-007	1374.24	1435.44	1426.48
1434.83	930.199	266	1.#QNAN	0	0.016	0	6.85271e-007	1366.16	1434.83	1425.95
1434.2	929.626	267	1.#QNAN	0	0.015	0	6.67772e-007	1378.29	1434.2	1425.4
1433.58	929.086	268	1.#QNAN	0	0.031	0	6.89163e-007	1363.89	1433.58	1424.86
1432.95	928.564	269	1.#QNAN	0	0.016	0	6.87726e-007	1362.05	1432.95	1424.3
1432.32	928.013	270	1.#QNAN	0	0.016	0	6.94079e-007	1350.02	1432.32	1423.74
1431.69	927.477	271	1.#QNAN	0	0.015	0	6.67032e-007	1350.89	1431.69	1423.18
1431.05	926.941	272	1.#QNAN	0	0.016	0	6.89317e-007	1344.3	1431.05	1422.61
1430.54	926.472	273	1.#QNAN	0	0.031	0	6.90375e-007	1371.2	1430.54	1422.17
1430.03	925.993	274	1.#QNAN	0	0.016	0	6.86108e-007	1367.87	1430.03	1421.72
1429.51	925.524	275	1.#QNAN	0	0.015	0	6.94643e-007	1374.94	1429.51	1421.28
1428.98	925.039	276	1.#QNAN	0	0.016	0	6.77881e-007	1368.9	1428.98	1420.82
1428.44	924.554	277	1.#QNAN	0	0.031	0	6.8187e-007	1375.85	1428.44	1420.35
1427.93	924.066	278	1.#QNAN	0	0.016	0	6.89722e-007	1372.13	1427.93	1419.9
1427.35	923.597	279	1.#QNAN	0	0.015	0	6.76603e-007	1352.99	1427.35	1419.39
1426.77	923.076	280	1.#QNAN	0	0.016	0	6.90234e-007	1344.78	1426.77	1418.87
1426.19	922.601	281	1.#QNAN	0	0.031	0	7.00373e-007	1360.89	1426.19	1418.35
1425.65	922.118	282	1.#QNAN	0	0.016	0	6.87514e-007	1350.4	1425.65	1417.87
1425.13	921.616	283	1.#QNAN	0	0.015	0	6.7885e-007	1360.44	1425.13	1417.41
1424.54	921.105	284	1.#QNAN	0	0.016	0	6.93494e-007	1338.87	1424.54	1416.88
1424.06	920.621	285	1.#QNAN	0	0.031	0	6.8305e-007	1363.79	1424.06	1416.46
1423.55	920.163	286	1.#QNAN	0	0.016	0	6.99126e-007	1356.7	1423.55	1416.02
1422.97	919.7	287	1.#QNAN	0	0.015	0	7.34121e-007	1340.95	1422.97	1415.5
1422.45	919.208	288	1.#QNAN	0	0.016	0	7.07136e-007	1366.72	1422.45	1415.03
1421.91	918.753	289	1.#QNAN	0	0.015	0	6.90982e-007	1347.07	1421.91	1414.55
1421.36	918.286	290	1.#QNAN	0	0.032	0	7.05805e-007	1350.76	1421.36	1414.08
1420.89	917.852	291	1.#QNAN	0	0.015	0	7.22585e-007	1369.31	1420.89	1413.67
1420.37	917.381	292	1.#QNAN	0	0.016	0	7.1353e-007	1354.48	1420.37	1413.2
1419.86	916.916	293	1.#QNAN	0	0.015	0	7.09392e-007	1379.04	1419.86	1412.76
1419.35	916.435	294	1.#QNAN	0	0.016	0	7.09316e-007	1364.26	1419.35	1412.32
1418.83	915.955	295	1.#QNAN	0	0.031	0	7.17465e-007	1361.87	1418.83	1411.86
1418.24	915.442	296	1.#QNAN	0	0.016	0	6.85961e-007	1342.44	1418.24	1411.34
1417.74	914.968	297	1.#QNAN	0	0.015	0	7.07145e-007	1363.7	1417.74	1410.9
1417.27	914.502	298	1.#QNAN	0	0.016	0	7.21578e-007	1373.06	1417.27	1410.49
1416.85	914.031	299	1.#QNAN	0	0.016	0	7.05251e-007	1391.64	1416.85	1410.13
1416.38	913.55	300	1.#QNAN	0	0.016	0	6.84061e-007	1374.74	1416.38	1409.74
1415.95	913.075	301	1.#QNAN	0	0.015	0	7.13286e-007	1375.83	1415.95	1409.37
1415.54	912.638	302	1.#QNAN	0	0.016	0	7.20297e-007	1386.02	1415.54	1409.03
1415.11	912.199	303	1.#QNAN	0	0.016	0	7.02839e-007	1374	1415.11	1408.66
1414.73	911.785	304	1.#QNAN	0	0.031	0	6.94219e-007	1401.63	1414.73	1408.34
1414.37	911.393	305	1.#QNAN	0	0.015	0	7.10081e-007	1388.04	1414.37	1408.03
1414.01	911.007	306	1.#QNAN	0	0.016	0	7.03732e-007	1382.07	1414.01	1407.71
1413.66	910.631	307	1.#QNAN	0	0.016	0	7.02458e-007	1380.37	1413.66	1407.42
1413.25	910.212	308	1.#QNAN	0	0.015	0	7.15859e-007	1365.11	1413.25	1407.06
1412.83	909.797	309	1.#QNAN	0	0.031	0	6.98635e-007	1363.23	1412.83	1406.68
1412.42	909.38	310	1.#QNAN	0	0.016	0	6.94595e-007	1366.33	1412.42	1406.31
1412.01	908.981	311	1.#QNAN	0	0.016	0	6.78653e-007	1359.87	1412.01	1405.95
1411.59	908.593	312	1.#QNAN	0	0.015	0	7.11225e-007	1355.34	1411.59	1405.57
1411.15	908.205	313	1.#QNAN	0	0.016	0	7.08894e-007	1353.84	1411.15	1405.17
1410.7	907.788	314	1.#QNAN	0	0.031	0	7.31146e-007	1355.79	1410.7	1404.75
1410.22	907.361	315	1.#QNAN	0	0.016	0	7.06347e-007	1360.02	1410.22	1404.31
1409.78	906.973	316	1.#QNAN	0	0.015	0	7.02781e-007	1372.85	1409.78	1403.91
1409.33	906.548	317	1.#QNAN	0	0.016	0	7.19354e-007	1383.36	1409.33	1403.5
1408.9	906.144	318	1.#QNAN	0	0.015	1	6.90391e-007	1362.13	1408.9	1403.1
1408.45	905.759	319	1.#QNAN	0	0.032	0	7.16665e-007	1368.15	1408.45	1402.7
1407.99	905.352	320	1.#QNAN	0	0.015	0	6.95088e-007	1348.03	1407.99	1402.27
1407.59	904.961	321	1.#QNAN	0	0.016	0	7.08037e-007	1365.28	1407.59	1401.9
1407.12	904.56	322	1.#QNAN	0	0.015	0	7.02876e-007	1340.85	1407.12	1401.47
1406.7	904.176	323	1.#QNAN	0	0.032	0	7.13188e-007	1356.16	1406.7	1401.09
1406.24	903.784	324	1.#QNAN	0	0.015	0	7.22527e-007	1336.03	1406.24	1400.67
1405.81	903.403	325	1.#QNAN	0	0.016	0	7.13019e-007	1342.66	1405.81	1400.27
1405.33	903.001	326	1.#QNAN	0	0.015	0	7.23879e-007	1343.28	1405.33	1399.82
1404.92	902.632	327	1.#QNAN	0	0.016	0	6.93944e-007	1362.44	1404.92	1399.45
1404.46	902.191	328	1.#QNAN	0	0.016	0	6.96148e-007	1342.09	1404.46	1399.02
1403.99	901.78	329	1.#QNAN	0	0.031	0	7.24455e-007	1333.49	1403.99	1398.59
1403.48	901.371	330	1.#QNAN	0	0.015	0	7.22835e-007	1317.58	1403.48	1398.11
1402.98	900.964	331	1.#QNAN	0	0.016	0	7.11673e-007	1324.94	1402.98	1397.64
1402.54	900.573	332	1.#QNAN	0	0.016	0	7.11081e-007	1334.85	1402.54	1397.23
1402.07	900.188	333	1.#QNAN	0	0.015	0	7.0588e-007	1318.85	1402.07	1396.8
1401.64	899.799	334	1.#QNAN	0	0.031	0	7.14499e-007	1344.52	1401.64	1396.4
1401.24	899.452	335	1.#QNAN	0	0.016	0	7.05857e-007	1342.2	1401.24	1396.03
1400.86	899.137	336	1.#QNAN	0	0.016	0	7.23849e-007	1352.88	1400.86	1395.68
1400.42	898.772	337	1.#QNAN	0	0.015	0	7.1981e-007	1329.98	1400.42	1395.28
1399.98	898.385	338	1.#QNAN	0	0.031	0	6.95989e-007	1326.55	1399.98	1394.87
1399.55	898.021	339	1.#QNAN	0	0.016	0	7.04379e-007	1348.57	1399.55	1394.47
1399.1	897.624	340	1.#QNAN	0	0.016	0	7.13681e-007	1341.53	1399.1	1394.05
1398.67	897.195	341	1.#QNAN	0	0.015	0	7.17647e-007	1355.23	1398.67	1393.66
1398.21	896.794	342	1.#QNAN	0	0.016	0	7.40824e-007	1359.44	1398.21	1393.23
1397.77	896.425	343	1.#QNAN	0	0.031	0	6.9238e-007	1351.13	1397.77	1392.82
1397.35	896.056	344	1.#QNAN	0	0.016	0	7.2551e-007	1362.09	1397.35	1392.43
1396.97	895.721	345	1.#QNAN	0	0.015	0	7.20071e-007	1359.95	1396.97	1392.09
1396.52	895.367	346	1.#QNAN	0	0.016	0	7.1059e-007	1333.6	1396.52	1391.66
1396.08	895.001	347	1.#QNAN	0	0.015	0	6.80988e-007	1341.92	1396.08	1391.24
1395.67	894.675	348	1.#QNAN	0	0.032	0	7.08474e-007	1347.32	1395.67	1390.87
1395.27	894.301	349	1.#QNAN	0	0.015	0	7.19681e-007	1347.87	1395.27	1390.5
1394.86	893.946	350	1.#QNAN	0	0.016	0	7.36935e-007	1350.54	1394.86	1390.12
1394.44	893.587	351	1.#QNAN	0	0.015	0	7.21721e-007	1341.83	1394.44	1389.73
1394	893.22	352	1.#QNAN	0	0.016	0	7.22653e-007	1334.47	1394	1389.32
1393.61	892.893	353	1.#QNAN	0	0.016	0	7.10249e-007	1362.72	1393.61	1388.96
1393.24	892.581	354	1.#QNAN	0	0.016	0	7.40992e-007	1353.2	1393.24	1388.62
1392.85	892.257	355	1.#QNAN	0	0.015	0	7.21308e-007	1344.97	1392.85	1388.26
1392.49	891.943	356	1.#QNAN	0	0.016	0	7.38187e-007	1352.22	1392.49	1387.93
1392.1	891.587	357	1.#QNAN	0	0.016	0	7.13012e-007	1351.22	1392.1	1387.57
1391.75	891.264	358	1.#QNAN	0	0.015	0	7.07979e-007	1370.03	1391.75	1387.24
1391.43	890.949	359	1.#QNAN	0	0.031	0	7.26792e-007	1377.65	1391.43	1386.95
1391.08	890.629	360	1.#QNAN	0	0.016	0	7.40729e-007	1364.02	1391.08	1386.63
1390.74	890.292	361	1.#QNAN	0	0.016	0	7.03545e-007	1375.52	1390.74	1386.32
1390.39	889.963	362	1.#QNAN	0	0.015	0	7.20229e-007	1360.66	1390.39	1386
1390.01	889.648	363	1.#QNAN	0	0.031	0	7.25652e-007	1347.77	1390.01	1385.65
1389.69	889.318	364	1.#QNAN	0	0.016	0	7.38942e-007	1374.67	1389.69	1385.36
1389.35	888.979	365	1.#QNAN	0	0.016	0	7.2488e-007	1369.93	1389.35	1385.05
1389.02	888.655	366	1.#QNAN	0	0.015	0	7.15902e-007	1373.07	1389.02	1384.76
1388.68	888.31	367	1.#QNAN	0	0.031	0	7.11278e-007	1367.25	1388.68	1384.45
1388.34	887.968	368	1.#QNAN	0	0.016	0	7.4047e-007	1373.03	1388.34	1384.14
1388.05	887.664	369	1.#QNAN	0	0.016	0	7.22754e-007	1395.4	1388.05	1383.88
1387.8	887.375	370	1.#QNAN	0	0.015	0	7.19067e-007	1412.95	1387.8	1383.65
1387.55	887.071	371	1.#QNAN	0	0.016	0	7.34355e-007	1416.65	1387.55	1383.44
1387.27	886.736	372	1.#QNAN	0	0.031	1	7.08802e-007	1387.41	1387.27	1383.18
1386.99	886.414	373	1.#QNAN	0	0.016	0	7.19509e-007	1420.97	1386.99	1382.94
1386.67	886.091	374	1.#QNAN	0	0.015	0	7.24598e-007	1382.62	1386.67	1382.64
1386.34	885.76	375	1.#QNAN	0	0.016	0	7.33361e-007	1365.51	1386.34	1382.34
1386.01	885.436	376	1.#QNAN	0	0.015	0	7.1709e-007	1373.86	1386.01	1382.03
1385.67	885.098	377	1.#QNAN	0	0.032	0	7.50424e-007	1358.45	1385.67	1381.72
1385.31	884.786	378	1.#QNAN	0	0.015	0	6.99046e-007	1355.56	1385.31	1381.38
1385.02	884.478	379	1.#QNAN	0	0.016	0	7.35387e-007	1392.22	1385.02	1381.12
1384.66	884.103	380	1.#QNAN	0	0.015	0	7.22161e-007	1359.45	1384.66	1380.78
1384.33	883.774	381	1.#QNAN	0	0.016	0	7.19928e-007	1367.55	1384.33	1380.47
1384.05	883.496	382	1.#QNAN	0	0.031	0	7.33716e-007	1369.71	1384.05	1380.22
1383.77	883.202	383	1.#QNAN	0	0.016	0	7.3708e-007	1387.48	1383.77	1379.95
1383.51	882.938	384	1.#QNAN	0	0.015	0	7.09723e-007	1363.15	1383.51	1379.72
1383.25	882.636	385	1.#QNAN	0	0.016	0	7.21119e-007	1390.19	1383.25	1379.48
1383	882.35	386	1.#QNAN	0	0.031	0	7.35758e-007	1393.4	1383	1379.25
1382.76	882.082	387	1.#QNAN	0	0.016	0	7.06013e-007	1377.52	1382.76	1379.03
1382.43	881.784	388	1.#QNAN	0	0.015	0	7.09504e-007	1333.88	1382.43	1378.72
1382.13	881.494	389	1.#QNAN	0	0.016	0	7.33541e-007	1349.91	1382.13	1378.45
1381.89	881.217	390	1.#QNAN	0	0.016	0	7.32757e-007	1376.98	1381.89	1378.24
1381.54	880.923	391	1.#QNAN	0	0.031	0	7.52332e-007	1331.07	1381.54	1377.9
1381.32	880.665	392	1.#QNAN	0	0.015	0	7.1141e-007	1392.22	1381.32	1377.7
1381.04	880.396	393	1.#QNAN	0	0.016	0	7.25373e-007	1347.4	1381.04	1377.44
1380.77	880.132	394	1.#QNAN	0	0.016	0	7.40682e-007	1352.54	1380.77	1377.19
1380.47	879.858	395	1.#QNAN	0	0.015	0	7.14291e-007	1356.82	1380.47	1376.92
1380.18	879.588	396	1.#QNAN	0	0.031	0	7.28899e-007	1352.43	1380.18	1376.65
1379.93	879.334	397	1.#QNAN	0	0.016	0	7.0627e-007	1370.17	1379.93	1376.42
1379.69	879.07	398	1.#QNAN	0	0.016	0	7.35409e-007	1378.7	1379.69	1376.2
1379.46	878.838	399	1.#QNAN	0	0.015	0	7.28927e-007	1365.26	1379.46	1375.99
1379.2	878.574	400	1.#QNAN	0	0.016	0	7.30966e-007	1359.09	1379.2	1375.75
1378.95	878.321	401	1.#QNAN	0	0.016	0	7.19734e-007	1370.47	1378.95	1375.52
1378.73	878.11	402	1.#QNAN	0	0.016	0	7.28687e-007	1374.61	1378.73	1375.32
1378.49	877.875	403	1.#QNAN	0	0.015	0	7.57369e-007	1368.62	1378.49	1375.1
1378.22	877.616	404	1.#QNAN	0	0.016	0	7.39566e-007	1344.4	1378.22	1374.85
1377.97	877.365	405	1.#QNAN	0	0.015	0	7.0662e-007	1352.74	1377.97	1374.62
1377.72	877.131	406	1.#QNAN	0	0.032	0	7.43003e-007	1350.83	1377.72	1374.39
1377.4	876.87	407	1.#QNAN	0	0.015	0	7.11449e-007	1320.83	1377.4	1374.08
1377.1	876.605	408	1.#QNAN	0	0.016	0	7.27651e-007	1340.35	1377.1	1373.8
1376.81	876.368	409	1.#QNAN	0	0.015	0	7.62636e-007	1331.12	1376.81	1373.52
1376.47	876.128	410	1.#QNAN	0	0.016	0	7.34023e-007	1324.35	1376.47	1373.2
1376.11	875.867	411	1.#QNAN	0	0.031	0	7.18746e-007	1307.11	1376.11	1372.85
1375.8	875.61	412	1.#QNAN	0	0.016	0	7.33855e-007	1331	1375.8	1372.56
1375.47	875.363	413	1.#QNAN	0	0.015	0	7.19568e-007	1318.52	1375.47	1372.24
1375.07	875.098	414	1.#QNAN	0	0.016	0	7.4412e-007	1311.02	1375.07	1371.85
1374.71	874.849	415	1.#QNAN	0	0.016	0	7.34117e-007	1311.66	1374.71	1371.51
1374.37	874.594	416	1.#QNAN	0	0.031	0	7.19241e-007	1308.42	1374.37	1371.18
1373.98	874.325	417	1.#QNAN	0	0.015	0	7.31915e-007	1319.1	1373.98	1370.81
1373.63	874.055	418	1.#QNAN	0	0.016	0	7.34826e-007	1327.28	1373.63	1370.47
1373.3	873.821	419	1.#QNAN	0	0.016	0	7.37402e-007	1331.25	1373.3	1370.16
1372.94	873.565	420	1.#QNAN	0	0.015	0	7.4259e-007	1310.18	1372.94	1369.81
1372.56	873.313	421	1.#QNAN	0	0.031	0	7.31193e-007	1309.84	1372.56	1369.44
1372.23	873.049	422	1.#QNAN	0	0.016	0	7.29608e-007	1333.65	1372.23	1369.12
1371.85	872.786	423	1.#QNAN	0	0.016	0	7.36478e-007	1296.82	1371.85	1368.76
1371.49	872.527	424	1.#QNAN	0	0.015	0	7.57129e-007	1311.16	1371.49	1368.41
1371.16	872.268	425	1.#QNAN	0	0.016	1	7.2687e-007	1331.12	1371.16	1368.1
1370.81	872.013	426	1.#QNAN	0	0.031	0	7.25585e-007	1315.16	1370.81	1367.76
1370.43	871.723	427	1.#QNAN	0	0.016	0	7.47715e-007	1302.31	1370.43	1367.39
1370.05	871.448	428	1.#QNAN	0	0.015	0	7.09096e-007	1312.77	1370.05	1367.02
1369.71	871.208	429	1.#QNAN	0	0.016	0	7.17013e-007	1319.39	1369.71	1366.7
1369.37	870.96	430	1.#QNAN	0	0.015	0	7.40399e-007	1315.85	1369.37	1366.37
1369.04	870.741	431	1.#QNAN	0	0.032	0	7.31459e-007	1333.87	1369.04	1366.06
1368.69	870.527	432	1.#QNAN	0	0.015	0	6.99616e-007	1322.1	1368.69	1365.72
1368.38	870.294	433	1.#QNAN	0	0.016	0	6.93392e-007	1337.44	1368.38	1365.42
1368.04	870.059	434	1.#QNAN	0	0.015	0	7.28154e-007	1310.75	1368.04	1365.09
1367.72	869.837	435	1.#QNAN	0	0.016	0	7.18303e-007	1316.98	1367.72	1364.79
1367.4	869.63	436	1.#QNAN	0	0.031	0	7.41414e-007	1319.46	1367.4	1364.48
1367.07	869.398	437	1.#QNAN	0	0.016	0	7.26499e-007	1330.49	1367.07	1364.16
1366.76	869.171	438	1.#QNAN	0	0.015	0	7.17304e-007	1333.23	1366.76	1363.86
1366.42	868.937	439	1.#QNAN	0	0.016	0	7.30129e-007	1316.83	1366.42	1363.54
1366.08	868.711	440	1.#QNAN	0	0.016	0	7.33239e-007	1314.09	1366.08	1363.21
1365.78	868.52	441	1.#QNAN	0	0.031	0	7.33504e-007	1328.76	1365.78	1362.93
1365.46	868.294	442	1.#QNAN	0	0.015	0	7.39553e-007	1323.44	1365.46	1362.61
1365.17	868.087	443	1.#QNAN	0	0.016	0	7.44878e-007	1340.23	1365.17	1362.34
1364.87	867.873	444	1.#QNAN	0	0.016	0	7.2896e-007	1330.36	1364.87	1362.05
1364.6	867.678	445	1.#QNAN	0	0.015	0	7.2003e-007	1338.5	1364.6	1361.79
1364.3	867.46	446	1.#QNAN	0	0.016	0	7.28165e-007	1336.23	1364.3	1361.5
1364.01	867.258	447	1.#QNAN	0	0.031	0	7.40117e-007	1341.43	1364.01	1361.22
1363.7	867.036	448	1.#QNAN	0	0.016	0	7.3125e-007	1323.55	1363.7	1360.92
1363.39	866.852	449	1.#QNAN	0	0.015	0	7.58692e-007	1316.43	1363.39	1360.61
1363.07	866.658	450	1.#QNAN	0	0.016	0	7.48575e-007	1314.14	1363.07	1360.31
1362.84	866.475	451	1.#QNAN	0	0.015	0	7.34e-007	1356.46	1362.84	1360.09
1362.57	866.279	452	1.#QNAN	0	0.032	0	7.36258e-007	1335.17	1362.57	1359.83
1362.25	866.081	453	1.#QNAN	0	0.015	0	7.42265e-007	1322.06	1362.25	1359.52
1361.95	865.891	454	1.#QNAN	0	0.016	0	7.29509e-007	1328.21	1361.95	1359.24
1361.69	865.683	455	1.#QNAN	0	0.015	0	7.34872e-007	1338.1	1361.69	1358.99
1361.36	865.457	456	1.#QNAN	0	0.016	0	7.2996e-007	1306.91	1361.36	1358.67
1361.02	865.235	457	1.#QNAN	0	0.016	0	7.10334e-007	1314.54	1361.02	1358.34
1360.74	865.038	458	1.#QNAN	0	0.031	0	7.42211e-007	1330.08	1360.74	1358.08
1360.5	864.842	459	1.#QNAN	0	0.015	0	7.34161e-007	1345.52	1360.5	1357.85
1360.23	864.625	460	1.#QNAN	0	0.016	0	7.01939e-007	1330.79	1360.23	1357.6
1360.01	864.432	461	1.#QNAN	0	0.016	0	7.12978e-007	1348.72	1360.01	1357.39
1359.79	864.226	462	1.#QNAN	0	0.015	0	7.32748e-007	1353.28	1359.79	1357.19
1359.55	864.014	463	1.#QNAN	0	0.016	0	7.50239e-007	1335.28	1359.55	1356.97
1359.31	863.853	464	1.#QNAN	0	0.031	0	7.21096e-007	1331.32	1359.31	1356.74
1359.03	863.642	465	1.#QNAN	0	0.016	0	7.31229e-007	1317.34	1359.03	1356.47
1358.73	863.425	466	1.#QNAN	0	0.015	0	7.42203e-007	1302.95	1358.73	1356.18
1358.49	863.251	467	1.#QNAN	0	0.016	0	6.98918e-007	1338.35	1358.49	1355.96
1358.28	863.074	468	1.#QNAN	0	0.015	0	7.26324e-007	1348.49	1358.28	1355.76
1358.08	862.9	469	1.#QNAN	0	0.016	0	7.14218e-007	1351.94	1358.08	1355.57
1357.86	862.709	470	1.#QNAN	0	0.016	0	7.28811e-007	1345.34	1357.86	1355.36
1357.68	862.54	471	1.#QNAN	0	0.031	0	7.3096e-007	1355.98	1357.68	1355.19
1357.47	862.38	472	1.#QNAN	0	0.015	0	7.34019e-007	1344.9	1357.47	1355
1357.28	862.224	473	1.#QNAN	0	0.016	0	7.2015e-007	1345.85	1357.28	1354.82
1357.08	862.06	474	1.#QNAN	0	0.016	0	7.35415e-007	1342.93	1357.08	1354.63
1356.86	861.876	475	1.#QNAN	0	0.015	0	7.24845e-007	1336.04	1356.86	1354.42
1356.61	861.71	476	1.#QNAN	0	0.016	0	7.0607e-007	1322.86	1356.61	1354.19
1356.36	861.534	477	1.#QNAN	0	0.031	0	7.12269e-007	1321.82	1356.36	1353.95
1356.12	861.353	478	1.#QNAN	0	0.016	0	7.4451e-007	1336.08	1356.12	1353.72
1355.87	861.183	479	1.#QNAN	0	0.015	1	7.4681e-007	1320.21	1355.87	1353.48
1355.61	861.011	480	1.#QNAN	0	0.016	0	7.17098e-007	1326.59	1355.61	1353.24
1355.37	860.834	481	1.#QNAN	0	0.015	0	7.4936e-007	1331.92	1355.37	1353.01
1355.16	860.692	482	1.#QNAN	0	0.016	0	7.14589e-007	1333.27	1355.16	1352.8
1354.97	860.529	483	1.#QNAN	0	0.016	0	7.37146e-007	1344.07	1354.97	1352.62
1354.79	860.377	484	1.#QNAN	0	0.031	0	7.60718e-007	1367.79	1354.79	1352.46
1354.62	860.22	485	1.#QNAN	0	0.015	0	7.56652e-007	1366.79	1354.62	1352.29
1354.44	860.082	486	1.#QNAN	0	0.016	0	7.07269e-007	1362.5	1354.44	1352.12
1354.24	859.946	487	1.#QNAN	0	0.016	0	7.11327e-007	1342.53	1354.24	1351.93
1354.05	859.807	488	1.#QNAN	0	0.015	0	7.4724e-007	1341.15	1354.05	1351.74
1353.91	859.675	489	1.#QNAN	0	0.016	0	7.41354e-007	1383.65	1353.91	1351.62
1353.71	859.538	490	1.#QNAN	0	0.015	0	7.36466e-007	1339.1	1353.71	1351.43
1353.53	859.38	491	1.#QNAN	0	0.016	0	7.19293e-007	1351.36	1353.53	1351.26
1353.34	859.213	492	1.#QNAN	0	0.031	0	7.32326e-007	1354.76	1353.34	1351.08
1353.19	859.053	493	1.#QNAN	0	0.016	0	7.44778e-007	1368.85	1353.19	1350.94
1352.99	858.883	494	1.#QNAN	0	0.015	0	7.359e-007	1343.82	1352.99	1350.76
1352.83	858.755	495	1.#QNAN	0	0.016	0	7.51357e-007	1352.92	1352.83	1350.6
1352.63	858.595	496	1.#QNAN	0	0.016	0	7.14397e-007	1334.03	1352.63	1350.41
1352.43	858.438	497	1.#QNAN	0	0.015	0	7.33712e-007	1334.88	1352.43	1350.23
1352.29	858.314	498	1.#QNAN	0	0.031	0	7.1175e-007	1359.88	1352.29	1350.1
1352.1	858.16	499	1.#QNAN	0	0.016	0	7.29448e-007	1332.24	1352.1	1349.92
1351.9	858.003	500	1.#QNAN	0	0.016	0	7.4439e-007	1323.91	1351.9	1349.73
1351.69	857.832	501	1.#QNAN	0	0.015	0	7.35643e-007	1323.9	1351.69	1349.53
1351.52	857.67	502	1.#QNAN	0	0.016	0	7.43566e-007	1341.1	1351.52	1349.37
1351.35	857.532	503	1.#QNAN	0	0.015	0	7.44632e-007	1337.63	1351.35	1349.21
1351.18	857.377	504	1.#QNAN	0	0.032	0	7.62062e-007	1343.16	1351.18	1349.05
1350.96	857.213	505	1.#QNAN	0	0.015	0	7.48451e-007	1316.77	1350.96	1348.84
1350.79	857.054	506	1.#QNAN	0	0.016	0	7.47334e-007	1344.95	1350.79	1348.68
1350.6	856.907	507	1.#QNAN	0	0.015	0	7.65647e-007	1334.19	1350.6	1348.49
1350.4	856.745	508	1.#QNAN	0	0.016	0	7.47391e-007	1327.31	1350.4	1348.31
1350.24	856.613	509	1.#QNAN	0	0.016	0	7.36734e-007	1339.33	1350.24	1348.15
1350.06	856.472	510	1.#QNAN	0	0.015	0	7.3937e-007	1343.06	1350.06	1347.98
1349.88	856.319	511	1.#QNAN	0	0.031	0	7.31526e-007	1348.04	1349.88	1347.8
1349.74	856.169	512	1.#QNAN	0	0.016	0	7.33185e-007	1361.24	1349.74	1347.68
1349.58	856.023	513	1.#QNAN	0	0.016	0	7.51691e-007	1359.48	1349.58	1347.52
1349.4	855.881	514	1.#QNAN	0	0.015	0	7.54869e-007	1348.25	1349.4	1347.35
1349.23	855.752	515	1.#QNAN	0	0.016	0	7.5035e-007	1339.09	1349.23	1347.19
1349.05	855.622	516	1.#QNAN	0	0.015	0	7.18449e-007	1340.65	1349.05	1347.01
1348.88	855.507	517	1.#QNAN	0	0.016	0	7.20746e-007	1345.25	1348.88	1346.85
1348.73	855.371	518	1.#QNAN	0	0.031	0	7.44136e-007	1370.72	1348.73	1346.71
1348.58	855.23	519	1.#QNAN	0	0.016	0	7.32636e-007	1356.65	1348.58	1346.56
1348.47	855.079	520	1.#QNAN	0	0.015	0	7.52527e-007	1401.19	1348.47	1346.46
1348.34	854.964	521	1.#QNAN	0	0.016	0	7.07736e-007	1359.04	1348.34	1346.34
1348.19	854.834	522	1.#QNAN	0	0.016	0	7.17285e-007	1349.03	1348.19	1346.21
1348.06	854.701	523	1.#QNAN	0	0.015	0	7.3173e-007	1362.84	1348.06	1346.09
1347.9	854.555	524	1.#QNAN	0	0.031	0	7.49693e-007	1348.91	1347.9	1345.93
1347.74	854.404	525	1.#QNAN	0	0.016	0	7.28063e-007	1348.38	1347.74	1345.78
1347.6	854.282	526	1.#QNAN	0	0.016	0	7.45179e-007	1353.32	1347.6	1345.65
1347.47	854.136	527	1.#QNAN	0	0.015	0	7.33566e-007	1371.23	1347.47	1345.53
1347.37	853.991	528	1.#QNAN	0	0.016	0	7.4788e-007	1393.97	1347.37	1345.44
1347.3	853.856	529	1.#QNAN	0	0.015	0	7.30329e-007	1402.6	1347.3	1345.38
1347.23	853.717	530	1.#QNAN	0	0.016	0	7.34958e-007	1406.65	1347.23	1345.33
1347.18	853.56	531	1.#QNAN	0	0.031	0	7.32527e-007	1446.2	1347.18	1345.3
1347.14	853.418	532	1.#QNAN	0	0.016	0	7.3039e-007	1440.75	1347.14	1345.27
1347.11	853.297	533	1.#QNAN	0	0.015	0	7.16016e-007	1428.77	1347.11	1345.25
1347.03	853.171	534	1.#QNAN	0	0.016	0	7.44208e-007	1393.34	1347.03	1345.18
1346.95	853.052	535	1.#QNAN	0	0.016	1	7.4397e-007	1395.29	1346.95	1345.12
1346.86	852.911	536	1.#QNAN	0	0.015	0	7.52812e-007	1390.99	1346.86	1345.03
1346.76	852.769	537	1.#QNAN	0	0.016	0	7.39636e-007	1385.61	1346.76	1344.95
1346.71	852.627	538	1.#QNAN	0	0.031	0	7.56776e-007	1408.33	1346.71	1344.92
1346.66	852.495	539	1.#QNAN	0	0.016	0	7.32516e-007	1392.8	1346.66	1344.88
1346.58	852.377	540	1.#QNAN	0	0.015	0	7.59751e-007	1367.25	1346.58	1344.8
1346.53	852.264	541	1.#QNAN	0	0.016	0	7.28026e-007	1394.2	1346.53	1344.76
1346.44	852.138	542	1.#QNAN	0	0.015	0	7.50036e-007	1373.61	1346.44	1344.69
1346.39	852.013	543	1.#QNAN	0	0.016	0	7.21328e-007	1395.51	1346.39	1344.66
1346.31	851.886	544	1.#QNAN	0	0.016	0	7.64248e-007	1378.98	1346.31	1344.58
1346.21	851.756	545	1.#QNAN	0	0.031	0	7.63809e-007	1376.53	1346.21	1344.49
1346.09	851.634	546	1.#QNAN	0	0.015	0	7.36927e-007	1362.2	1346.09	1344.38
1346.01	851.518	547	1.#QNAN	0	0.016	0	7.35301e-007	1382.25	1346.01	1344.32
1345.94	851.4	548	1.#QNAN	0	0.016	0	7.47539e-007	1398.52	1345.94	1344.26
1345.89	851.295	549	1.#QNAN	0	0.015	0	7.37501e-007	1401.83	1345.89	1344.22
1345.82	851.192	550	1.#QNAN	0	0.016	0	7.13839e-007	1378.42	1345.82	1344.16
1345.73	851.063	551	1.#QNAN	0	0.015	0	7.66118e-007	1380.91	1345.73	1344.08
1345.65	850.943	552	1.#QNAN	0	0.032	0	7.74028e-007	1375.77	1345.65	1344.01
1345.58	850.838	553	1.#QNAN	0	0.015	0	7.31506e-007	1383.68	1345.58	1343.96
1345.51	850.717	554	1.#QNAN	0	0.016	0	7.36599e-007	1382.62	1345.51	1343.9
1345.47	850.606	555	1.#QNAN	0	0.015	0	7.73168e-007	1403.75	1345.47	1343.87
1345.41	850.494	556	1.#QNAN	0	0.016	0	7.68335e-007	1401.48	1345.41	1343.82
1345.34	850.384	557	1.#QNAN	0	0.016	0	7.04032e-007	1388.96	1345.34	1343.76
1345.24	850.281	558	1.#QNAN	0	0.015	0	7.38784e-007	1373.41	1345.24	1343.67
1345.13	850.176	559	1.#QNAN	0	0.031	0	7.5364e-007	1354.18	1345.13	1343.57
1344.98	850.048	560	1.#QNAN	0	0.016	0	7.32992e-007	1333.28	1344.98	1343.43
1344.84	849.934	561	1.#QNAN	0	0.016	0	7.22676e-007	1352.91	1344.84	1343.29
1344.72	849.799	562	1.#QNAN	0	0.015	0	7.49408e-007	1366.72	1344.72	1343.18
1344.6	849.672	563	1.#QNAN	0	0.016	0	7.45946e-007	1354.22	1344.6	1343.07
1344.46	849.538	564	1.#QNAN	0	0.015	0	7.58135e-007	1337.81	1344.46	1342.94
1344.38	849.437	565	1.#QNAN	0	0.016	0	7.71806e-007	1373.54	1344.38	1342.87
1344.26	849.308	566	1.#QNAN	0	0.031	0	7.53233e-007	1345.89	1344.26	1342.76
1344.16	849.188	567	1.#QNAN	0	0.016	0	7.28226e-007	1357.92	1344.16	1342.67
1344.06	849.093	568	1.#QNAN	0	0.015	0	7.29057e-007	1357.24	1344.06	1342.58
1343.95	848.975	569	1.#QNAN	0	0.016	0	7.3843e-007	1347.44	1343.95	1342.48
1343.82	848.84	570	1.#QNAN	0	0.016	0	7.31058e-007	1344.1	1343.82	1342.35
1343.71	848.719	571	1.#QNAN	0	0.015	0	7.59961e-007	1350.89	1343.71	1342.25
1343.64	848.615	572	1.#QNAN	0	0.031	0	7.36145e-007	1379.13	1343.64	1342.19
1343.54	848.487	573	1.#QNAN	0	0.016	0	7.45841e-007	1370.49	1343.54	1342.1
1343.46	848.378	574	1.#QNAN	0	0.016	0	7.27504e-007	1369.21	1343.46	1342.02
1343.36	848.264	575	1.#QNAN	0	0.015	0	7.25335e-007	1364.73	1343.36	1341.93
1343.26	848.15	576	1.#QNAN	0	0.016	0	7.542e-007	1356.05	1343.26	1341.85
1343.15	848.011	577	1.#QNAN	0	0.015	0	7.43951e-007	1353.34	1343.15	1341.74
1343.04	847.887	578	1.#QNAN	0	0.032	0	7.31079e-007	1352.63	1343.04	1341.65
1342.98	847.762	579	1.#QNAN	0	0.015	0	7.52196e-007	1388.46	1342.98	1341.6
1342.88	847.641	580	1.#QNAN	0	0.016	0	7.47049e-007	1354.18	1342.88	1341.5
1342.78	847.516	581	1.#QNAN	0	0.015	0	7.54526e-007	1363.68	1342.78	1341.42
1342.7	847.4	582	1.#QNAN	0	0.016	0	7.21758e-007	1368.28	1342.7	1341.34
1342.62	847.322	583	1.#QNAN	0	0.016	0	7.58853e-007	1364.99	1342.62	1341.27
1342.54	847.226	584	1.#QNAN	0	0.015	0	7.4015e-007	1364	1342.54	1341.2
1342.42	847.109	585	1.#QNAN	0	0.031	0	7.46823e-007	1341.33	1342.42	1341.09
1342.32	846.992	586	1.#QNAN	0	0.016	0	7.80508e-007	1360.93	1342.32	1341
1342.19	846.891	587	1.#QNAN	0	0.016	0	7.51267e-007	1336.51	1342.19	1340.88
1342.05	846.766	588	1.#QNAN	0	0.015	0	7.60905e-007	1331.89	1342.05	1340.75
1341.92	846.641	589	1.#QNAN	0	0.016	0	7.47712e-007	1332.21	1341.92	1340.62
1341.77	846.525	590	1.#QNAN	0	0.015	0	7.59009e-007	1331.75	1341.77	1340.49
1341.64	846.404	591	1.#QNAN	0	0.032	1	7.81763e-007	1334.94	1341.64	1340.37
1341.5	846.271	592	1.#QNAN	0	0.015	0	7.33128e-007	1334.17	1341.5	1340.24
1341.4	846.152	593	1.#QNAN	0	0.016	0	7.5317e-007	1350.57	1341.4	1340.14
1341.28	846.033	594	1.#QNAN	0	0.015	0	7.58112e-007	1344.1	1341.28	1340.03
1341.18	845.934	595	1.#QNAN	0	0.016	0	7.58703e-007	1342.62	1341.18	1339.93
1341.04	845.809	596	1.#QNAN	0	0.016	0	7.21954e-007	1333.35	1341.04	1339.81
1340.92	845.681	597	1.#QNAN	0	0.015	0	7.3305e-007	1330.46	1340.92	1339.69
1340.77	845.555	598	1.#QNAN	0	0.031	0	7.5084e-007	1324.59	1340.77	1339.55
1340.65	845.44	599	1.#QNAN	0	0.016	0	7.48871e-007	1345.4	1340.65	1339.45
1340.55	845.336	600	1.#QNAN	0	0.016	0	7.06739e-007	1352.69	1340.55	1339.36
1340.46	845.232	601	1.#QNAN	0	0.015	0	7.41842e-007	1346.04	1340.46	1339.27
1340.34	845.101	602	1.#QNAN	0	0.016	0	7.64136e-007	1334.84	1340.34	1339.16
1340.27	845.001	603	1.#QNAN	0	0.031	0	7.32396e-007	1357.38	1340.27	1339.1
1340.17	844.897	604	1.#QNAN	0	0.016	0	7.707e-007	1349.22	1340.17	1339.01
1340.04	844.786	605	1.#QNAN	0	0.015	0	7.42648e-007	1316.97	1340.04	1338.89
1339.92	844.662	606	1.#QNAN	0	0.016	0	7.50608e-007	1329.24	1339.92	1338.78
1339.8	844.561	607	1.#QNAN	0	0.015	0	7.48464e-007	1325.86	1339.8	1338.66
1339.7	844.449	608	1.#QNAN	0	0.032	0	7.45832e-007	1333.24	1339.7	1338.56
1339.55	844.322	609	1.#QNAN	0	0.015	0	7.4926e-007	1315.87	1339.55	1338.43
1339.43	844.189	610	1.#QNAN	0	0.016	0	7.50571e-007	1339.44	1339.43	1338.31
1339.29	844.058	611	1.#QNAN	0	0.016	0	7.41011e-007	1327.63	1339.29	1338.18
1339.15	843.939	612	1.#QNAN	0	0.015	0	7.61606e-007	1317.96	1339.15	1338.05
1339.01	843.824	613	1.#QNAN	0	0.031	0	7.42924e-007	1318.82	1339.01	1337.91
1338.88	843.703	614	1.#QNAN	0	0.016	0	7.24071e-007	1321.47	1338.88	1337.79
1338.72	843.58	615	1.#QNAN	0	0.016	0	7.41273e-007	1310.59	1338.72	1337.63
1338.57	843.458	616	1.#QNAN	0	0.015	0	7.22945e-007	1329.75	1338.57	1337.49
1338.43	843.332	617	1.#QNAN	0	0.016	0	7.43986e-007	1318.92	1338.43	1337.36
1338.32	843.206	618	1.#QNAN	0	0.015	0	6.99419e-007	1351.12	1338.32	1337.26
1338.2	843.099	619	1.#QNAN	0	0.032	0	7.56534e-007	1347.05	1338.2	1337.14
1338.06	842.971	620	1.#QNAN	0	0.015	0	7.53744e-007	1330.71	1338.06	1337.01
1337.9	842.823	621	1.#QNAN	0	0.016	0	7.48364e-007	1314.62	1337.9	1336.86
1337.75	842.714	622	1.#QNAN	0	0.015	0	7.29877e-007	1307.32	1337.75	1336.71
1337.64	842.591	623	1.#QNAN	0	0.016	0	7.64549e-007	1333.35	1337.64	1336.61
1337.51	842.444	624	1.#QNAN	0	0.016	0	7.14695e-007	1323.35	1337.51	1336.49
1337.38	842.332	625	1.#QNAN	0	0.015	0	7.62463e-007	1321.65	1337.38	1336.36
1337.23	842.199	626	1.#QNAN	0	0.031	0	7.38554e-007	1324.76	1337.23	1336.22
1337.1	842.077	627	1.#QNAN	0	0.016	0	7.462e-007	1322.46	1337.1	1336.09
1336.96	841.937	628	1.#QNAN	0	0.016	0	7.37298e-007	1312.34	1336.96	1335.96
1336.82	841.796	629	1.#QNAN	0	0.015	0	7.48075e-007	1325.35	1336.82	1335.82
1336.65	841.661	630	1.#QNAN	0	0.016	0	7.38844e-007	1295.55	1336.65	1335.66
1336.47	841.517	631	1.#QNAN	0	0.015	0	7.25247e-007	1287.69	1336.47	1335.48
1336.29	841.371	632	1.#QNAN	0	0.032	0	7.57587e-007	1300.6	1336.29	1335.31
1336.09	841.24	633	1.#QNAN	0	0.015	0	7.47065e-007	1279	1336.09	1335.11
1335.92	841.106	634	1.#QNAN	0	0.016	0	7.44948e-007	1302.15	1335.92	1334.95
1335.75	840.976	635	1.#QNAN	0	0.015	0	7.33809e-007	1312.66	1335.75	1334.78
1335.58	840.851	636	1.#QNAN	0	0.016	0	7.69709e-007	1291.19	1335.58	1334.61
1335.42	840.737	637	1.#QNAN	0	0.016	0	7.49639e-007	1311.88	1335.42	1334.45
1335.25	840.608	638	1.#QNAN	0	0.015	0	7.38822e-007	1302.34	1335.25	1334.28
1335.07	840.474	639	1.#QNAN	0	0.031	0	7.5749e-007	1294.33	1335.07	1334.1
1334.91	840.337	640	1.#QNAN	0	0.016	0	7.62235e-007	1321.5	1334.91	1333.95
1334.74	840.201	641	1.#QNAN	0	0.016	0	7.73806e-007	1313.7	1334.74	1333.78
1334.59	840.075	642	1.#QNAN	0	0.015	0	7.21649e-007	1322.1	1334.59	1333.64
1334.47	839.95	643	1.#QNAN	0	0.016	0	7.73696e-007	1346.85	1334.47	1333.52
1334.32	839.835	644	1.#QNAN	0	0.015	1	7.44745e-007	1320.58	1334.32	1333.38
1334.17	839.706	645	1.#QNAN	0	0.016	0	7.41195e-007	1333.66	1334.17	1333.23
1334.03	839.577	646	1.#QNAN	0	0.031	0	7.8471e-007	1319.35	1334.03	1333.09
1333.88	839.452	647	1.#QNAN	0	0.016	0	7.47052e-007	1318.34	1333.88	1332.95
1333.74	839.337	648	1.#QNAN	0	0.015	0	7.51831e-007	1306.4	1333.74	1332.8
1333.57	839.212	649	1.#QNAN	0	0.016	0	7.37778e-007	1297.51	1333.57	1332.64
1333.44	839.103	650	1.#QNAN	0	0.016	0	7.32805e-007	1334.56	1333.44	1332.52
1333.33	838.988	651	1.#QNAN	0	0.015	0	7.21011e-007	1339.72	1333.33	1332.41
1333.2	838.884	652	1.#QNAN	0	0.016	0	7.4901e-007	1311.72	1333.2	1332.28
1333.08	838.754	653	1.#QNAN	0	0.031	0	7.63964e-007	1335.53	1333.08	1332.17
1332.96	838.644	654	1.#QNAN	0	0.016	0	7.61896e-007	1321.66	1332.96	1332.05
1332.83	838.521	655	1.#QNAN	0	0.015	0	7.41285e-007	1321.29	1332.83	1331.93
1332.7	838.394	656	1.#QNAN	0	0.016	0	7.46344e-007	1319.58	1332.7	1331.8
1332.53	838.259	657	1.#QNAN	0	0.015	0	7.49197e-007	1305.36	1332.53	1331.64
1332.42	838.136	658	1.#QNAN	0	0.016	0	7.55908e-007	1337.58	1332.42	1331.53
1332.26	838.012	659	1.#QNAN	0	0.016	0	7.63749e-007	1307.32	1332.26	1331.38
1332.09	837.9	660	1.#QNAN	0	0.031	0	7.48126e-007	1300.76	1332.09	1331.21
1331.91	837.777	661	1.#QNAN	0	0.015	0	7.67276e-007	1289.4	1331.91	1331.03
1331.72	837.649	662	1.#QNAN	0	0.016	0	7.45399e-007	1283.57	1331.72	1330.85
1331.56	837.51	663	1.#QNAN	0	0.016	0	7.54085e-007	1293.93	1331.56	1330.69
1331.38	837.386	664	1.#QNAN	0	0.015	0	7.57905e-007	1288.34	1331.38	1330.52
1331.19	837.265	665	1.#QNAN	0	0.016	0	7.3909e-007	1288	1331.19	1330.34
1331.02	837.156	666	1.#QNAN	0	0.031	0	7.25765e-007	1297.73	1331.02	1330.17
1330.89	837.032	667	1.#QNAN	0	0.016	0	7.46444e-007	1318.6	1330.89	1330.04
1330.78	836.927	668	1.#QNAN	0	0.015	0	7.12492e-007	1332.87	1330.78	1329.93
1330.62	836.794	669	1.#QNAN	0	0.016	0	7.11398e-007	1301.24	1330.62	1329.78
1330.45	836.679	670	1.#QNAN	0	0.015	0	7.85146e-007	1292.62	1330.45	1329.61
1330.29	836.548	671	1.#QNAN	0	0.016	0	7.58259e-007	1290.09	1330.29	1329.45
1330.11	836.407	672	1.#QNAN	0	0.016	0	7.51276e-007	1287.8	1330.11	1329.27
1329.93	836.27	673	1.#QNAN	0	0.031	0	7.56426e-007	1299.28	1329.93	1329.1
1329.76	836.142	674	1.#QNAN	0	0.015	0	7.38083e-007	1307.62	1329.76	1328.93
1329.57	836.016	675	1.#QNAN	0	0.016	0	7.46082e-007	1294.73	1329.57	1328.75
1329.42	835.904	676	1.#QNAN	0	0.016	0	7.32052e-007	1303.83	1329.42	1328.6
1329.26	835.796	677	1.#QNAN	0	0.015	0	7.86171e-007	1293.84	1329.26	1328.44
1329.09	835.685	678	1.#QNAN	0	0.016	0	7.6042e-007	1285.73	1329.09	1328.28
1328.95	835.577	679	1.#QNAN	0	0.015	0	7.43838e-007	1310.2	1328.95	1328.14
1328.81	835.482	680	1.#QNAN	0	0.032	0	7.62274e-007	1298.22	1328.81	1328
1328.63	835.377	681	1.#QNAN	0	0.015	0	7.51962e-007	1281.8	1328.63	1327.82
1328.46	835.283	682	1.#QNAN	0	0.016	0	7.44941e-007	1287.08	1328.46	1327.65
1328.24	835.175	683	1.#QNAN	0	0.015	0	7.48129e-007	1260.16	1328.24	1327.44
1328.08	835.064	684	1.#QNAN	0	0.016	0	7.53098e-007	1294.01	1328.08	1327.28
1327.89	834.945	685	1.#QNAN	0	0.016	0	7.47741e-007	1281.46	1327.89	1327.09
1327.72	834.825	686	1.#QNAN	0	0.031	0	7.63257e-007	1308.34	1327.72	1326.92
1327.51	834.702	687	1.#QNAN	0	0.015	0	7.22627e-007	1279.43	1327.51	1326.71
1327.33	834.592	688	1.#QNAN	0	0.016	0	7.45397e-007	1299.11	1327.33	1326.53
1327.16	834.472	689	1.#QNAN	0	0.016	0	7.74803e-007	1304.43	1327.16	1326.36
1327	834.354	690	1.#QNAN	0	0.015	0	7.57402e-007	1296.55	1327	1326.2
1326.85	834.243	691	1.#QNAN	0	0.016	0	7.54184e-007	1315.68	1326.85	1326.06
1326.71	834.133	692	1.#QNAN	0	0.015	0	7.57072e-007	1314.27	1326.71	1325.92
1326.55	834.03	693	1.#QNAN	0	0.016	0	7.69633e-007	1300.62	1326.55	1325.77
1326.43	833.921	694	1.#QNAN	0	0.031	0	7.63369e-007	1319.27	1326.43	1325.65
1326.3	833.816	695	1.#QNAN	0	0.016	0	7.53669e-007	1308.27	1326.3	1325.52
1326.16	833.709	696	1.#QNAN	0	0.015	0	7.48446e-007	1306.05	1326.16	1325.39
1326.02	833.603	697	1.#QNAN	0	0.016	0	7.17859e-007	1311.62	1326.02	1325.25
1325.86	833.49	698	1.#QNAN	0	0.016	0	7.49514e-007	1296.89	1325.86	1325.1
1325.76	833.391	699	1.#QNAN	0	0.015	0	7.47946e-007	1331.1	1325.76	1325
1325.64	833.3	700	1.#QNAN	0	0.016	1	7.5823e-007	1334.09	1325.64	1324.89
1325.52	833.194	701	1.#QNAN	0	0.031	0	7.43803e-007	1314.36	1325.52	1324.77
1325.42	833.105	702	1.#QNAN	0	0.016	0	7.40456e-007	1320.48	1325.42	1324.66
1325.29	833.022	703	1.#QNAN	0	0.015	0	7.4738e-007	1319.29	1325.29	1324.54
1325.18	832.938	704	1.#QNAN	0	0.016	0	7.44734e-007	1328.82	1325.18	1324.43
1325.08	832.85	705	1.#QNAN	0	0.015	0	7.39312e-007	1326.01	1325.08	1324.34
1324.96	832.771	706	1.#QNAN	0	0.016	0	7.39161e-007	1306.54	1324.96	1324.22
1324.86	832.685	707	1.#QNAN	0	0.016	0	7.38441e-007	1326.29	1324.86	1324.12
1324.74	832.588	708	1.#QNAN	0	0.031	0	7.36964e-007	1306.22	1324.74	1324
1324.64	832.509	709	1.#QNAN	0	0.015	0	7.50178e-007	1323.48	1324.64	1323.91
1324.55	832.429	710	1.#QNAN	0	0.016	0	7.4539e-007	1328.85	1324.55	1323.82
1324.49	832.349	711	1.#QNAN	0	0.016	0	7.44307e-007	1356.02	1324.49	1323.76
1324.39	832.262	712	1.#QNAN	0	0.015	0	7.42891e-007	1327.4	1324.39	1323.67
1324.31	832.182	713	1.#QNAN	0	0.016	0	7.50564e-007	1334.24	1324.31	1323.59
1324.24	832.099	714	1.#QNAN	0	0.015	0	7.40352e-007	1343.01	1324.24	1323.52
1324.17	832.034	715	1.#QNAN	0	0.032	0	7.47693e-007	1345.89	1324.17	1323.46
1324.08	831.946	716	1.#QNAN	0	0.015	0	7.25032e-007	1321.86	1324.08	1323.37
1323.99	831.852	717	1.#QNAN	0	0.016	0	7.45992e-007	1332.04	1323.99	1323.28
1323.94	831.779	718	1.#QNAN	0	0.015	0	7.68959e-007	1356.76	1323.94	1323.24
1323.9	831.719	719	1.#QNAN	0	0.016	0	7.92013e-007	1357.13	1323.9	1323.2
1323.82	831.642	720	1.#QNAN	0	0.016	0	7.41774e-007	1341.94	1323.82	1323.12
1323.76	831.556	721	1.#QNAN	0	0.015	0	7.5353e-007	1351.96	1323.76	1323.06
1323.69	831.463	722	1.#QNAN	0	0.031	0	7.52519e-007	1344.52	1323.69	1323
1323.63	831.38	723	1.#QNAN	0	0.016	0	7.58777e-007	1341.07	1323.63	1322.94
1323.53	831.3	724	1.#QNAN	0	0.016	0	7.61666e-007	1329.89	1323.53	1322.85
1323.44	831.216	725	1.#QNAN	0	0.015	0	7.38364e-007	1323.73	1323.44	1322.76
1323.31	831.118	726	1.#QNAN	0	0.016	0	7.54656e-007	1313.67	1323.31	1322.64
1323.2	831.03	727	1.#QNAN	0	0.031	0	7.45456e-007	1316.85	1323.2	1322.53
1323.04	830.93	728	1.#QNAN	0	0.016	0	7.46369e-007	1304.51	1323.04	1322.37
1322.89	830.837	729	1.#QNAN	0	0.015	0	7.02935e-007	1304.66	1322.89	1322.22
1322.78	830.765	730	1.#QNAN	0	0.016	0	7.35403e-007	1319.62	1322.78	1322.12
1322.67	830.675	731	1.#QNAN	0	0.015	0	7.36984e-007	1332.99	1322.67	1322.01
1322.55	830.588	732	1.#QNAN	0	0.016	0	7.40665e-007	1323.03	1322.55	1321.89
1322.42	830.504	733	1.#QNAN	0	0.016	0	7.36383e-007	1318.65	1322.42	1321.76
1322.3	830.421	734	1.#QNAN	0	0.031	0	7.23458e-007	1316.79	1322.3	1321.65
1322.17	830.335	735	1.#QNAN	0	0.015	0	7.46585e-007	1308.1	1322.17	1321.52
1322.04	830.252	736	1.#QNAN	0	0.016	0	7.41852e-007	1307.56	1322.04	1321.38
1321.93	830.178	737	1.#QNAN	0	0.016	0	7.65493e-007	1321.41	1321.93	1321.28
1321.83	830.097	738	1.#QNAN	0	0.015	0	7.31909e-007	1327.73	1321.83	1321.19
1321.73	830.026	739	1.#QNAN	0	0.016	0	7.5692e-007	1318.42	1321.73	1321.08
1321.64	829.945	740	1.#QNAN	0	0.031	0	7.45397e-007	1327.9	1321.64	1321
1321.52	829.853	741	1.#QNAN	0	0.016	0	7.43359e-007	1296.37	1321.52	1320.88
1321.43	829.762	742	1.#QNAN	0	0.015	0	7.66219e-007	1322.39	1321.43	1320.79
1321.34	829.689	743	1.#QNAN	0	0.016	0	7.4126e-007	1324.89	1321.34	1320.7
1321.23	829.599	744	1.#QNAN	0	0.015	0	7.70758e-007	1309.37	1321.23	1320.6
1321.11	829.522	745	1.#QNAN	0	0.016	0	7.39982e-007	1295.56	1321.11	1320.48
1321.03	829.437	746	1.#QNAN	0	0.031	0	7.50837e-007	1323.63	1321.03	1320.4
1320.93	829.357	747	1.#QNAN	0	0.016	0	7.42196e-007	1310.4	1320.93	1320.3
1320.85	829.284	748	1.#QNAN	0	0.015	0	7.49277e-007	1322.8	1320.85	1320.22
1320.76	829.213	749	1.#QNAN	0	0.016	0	7.62405e-007	1325.76	1320.76	1320.14
1320.69	829.159	750	1.#QNAN	0	0.016	0	7.31445e-007	1340.75	1320.69	1320.07
1320.62	829.099	751	1.#QNAN	0	0.015	0	7.64079e-007	1335	1320.62	1319.99
1320.53	829.026	752	1.#QNAN	0	0.016	0	7.68231e-007	1329.73	1320.53	1319.91
1320.43	828.952	753	1.#QNAN	0	0.031	0	7.59187e-007	1318.06	1320.43	1319.81
1320.32	828.877	754	1.#QNAN	0	0.016	0	7.39712e-007	1327.23	1320.32	1319.7
1320.22	828.8	755	1.#QNAN	0	0.015	1	7.40688e-007	1324.53	1320.22	1319.61
1320.11	828.718	756	1.#QNAN	0	0.016	0	7.65191e-007	1314.38	1320.11	1319.5
1319.99	828.647	757	1.#QNAN	0	0.015	0	7.40562e-007	1302.06	1319.99	1319.38
1319.86	828.571	758	1.#QNAN	0	0.016	0	7.54875e-007	1306.23	1319.86	1319.25
1319.74	828.499	759	1.#QNAN	0	0.016	0	7.47834e-007	1294.83	1319.74	1319.13
1319.62	828.44	760	1.#QNAN	0	0.016	0	7.62756e-007	1305.34	1319.62	1319.02
1319.54	828.377	761	1.#QNAN	0	0.015	0	7.52581e-007	1314.58	1319.54	1318.93
1319.47	828.312	762	1.#QNAN	0	0.016	0	7.6124e-007	1330.57	1319.47	1318.87
1319.37	828.241	763	1.#QNAN	0	0.016	0	7.47866e-007	1323.51	1319.37	1318.77
1319.27	828.172	764	1.#QNAN	0	0.015	0	7.56025e-007	1312.41	1319.27	1318.67
1319.15	828.099	765	1.#QNAN	0	0.016	0	7.30809e-007	1315.49	1319.15	1318.56
1319.03	828.001	766	1.#QNAN	0	0.015	0	7.62519e-007	1308.18	1319.03	1318.43
1318.92	827.925	767	1.#QNAN	0	0.032	0	7.7758e-007	1309	1318.92	1318.33
1318.81	827.863	768	1.#QNAN	0	0.015	0	7.49998e-007	1330.41	1318.81	1318.22
1318.69	827.787	769	1.#QNAN	0	0.016	0	7.40191e-007	1296.67	1318.69	1318.1
1318.58	827.706	770	1.#QNAN	0	0.015	0	7.67364e-007	1314.04	1318.58	1318
1318.47	827.63	771	1.#QNAN	0	0.016	0	7.58464e-007	1310.91	1318.47	1317.88
1318.37	827.555	772	1.#QNAN	0	0.016	0	7.60649e-007	1314.28	1318.37	1317.79
1318.26	827.476	773	1.#QNAN	0	0.015	0	7.43855e-007	1309.63	1318.26	1317.69
1318.14	827.397	774	1.#QNAN	0	0.031	0	7.65307e-007	1304.04	1318.14	1317.57
1318.04	827.318	775	1.#QNAN	0	0.016	0	7.70526e-007	1310.5	1318.04	1317.47
1317.96	827.246	776	1.#QNAN	0	0.016	0	7.57109e-007	1322.24	1317.96	1317.39
1317.89	827.188	777	1.#QNAN	0	0.015	0	7.6453e-007	1333.54	1317.89	1317.32
1317.82	827.129	778	1.#QNAN	0	0.016	0	7.81993e-007	1328.97	1317.82	1317.26
1317.73	827.057	779	1.#QNAN	0	0.015	0	7.52139e-007	1306.97	1317.73	1317.16
1317.65	826.994	780	1.#QNAN	0	0.016	0	7.58631e-007	1318.57	1317.65	1317.08
1317.59	826.931	781	1.#QNAN	0	0.031	0	7.53603e-007	1333.02	1317.59	1317.03
1317.53	826.884	782	1.#QNAN	0	0.016	0	7.74218e-007	1332.13	1317.53	1316.97
1317.45	826.818	783	1.#QNAN	0	0.015	0	7.55798e-007	1320.22	1317.45	1316.89
1317.4	826.773	784	1.#QNAN	0	0.016	0	7.50744e-007	1332.31	1317.4	1316.84
1317.34	826.726	785	1.#QNAN	0	0.016	0	7.23587e-007	1325.45	1317.34	1316.78
1317.3	826.686	786	1.#QNAN	0	0.015	0	7.39148e-007	1353.58	1317.3	1316.75
1317.26	826.629	787	1.#QNAN	0	0.016	0	7.72003e-007	1342.29	1317.26	1316.71
1317.2	826.574	788	1.#QNAN	0	0.031	0	7.61741e-007	1334.97	1317.2	1316.65
1317.13	826.514	789	1.#QNAN	0	0.016	0	7.24666e-007	1315.73	1317.13	1316.58
1317.06	826.463	790	1.#QNAN	0	0.015	0	7.32926e-007	1320.32	1317.06	1316.51
1316.99	826.401	791	1.#QNAN	0	0.016	0	7.30105e-007	1333.79	1316.99	1316.45
1316.93	826.351	792	1.#QNAN	0	0.015	0	7.39042e-007	1328.79	1316.93	1316.39
1316.86	826.298	793	1.#QNAN	0	0.016	0	7.909e-007	1328.23	1316.86	1316.32
1316.79	826.251	794	1.#QNAN	0	0.016	0	7.50353e-007	1332.99	1316.79	1316.26
1316.75	826.209	795	1.#QNAN	0	0.031	0	7.14619e-007	1351.59	1316.75	1316.22
1316.69	826.159	796	1.#QNAN	0	0.015	0	7.55961e-007	1336.81	1316.69	1316.16
1316.62	826.12	797	1.#QNAN	0	0.016	0	7.6684e-007	1336.49	1316.62	1316.09
1316.54	826.067	798	1.#QNAN	0	0.016	0	7.26222e-007	1317.59	1316.54	1316.02
1316.45	826.024	799	1.#QNAN	0	0.015	0	7.39267e-007	1316.1	1316.45	1315.93
1316.38	825.979	800	1.#QNAN	0	0.016	0	7.38351e-007	1319.13	1316.38	1315.86
1316.28	825.938	801	1.#QNAN	0	0.031	0	7.44575e-007	1302.73	1316.28	1315.76
1316.18	825.888	802	1.#QNAN	0	0.016	0	7.43146e-007	1307.47	1316.18	1315.66
1316.08	825.844	803	1.#QNAN	0	0.015	0	7.34515e-007	1299.88	1316.08	1315.56
1315.95	825.79	804	1.#QNAN	0	0.016	0	7.64885e-007	1293.78	1315.95	1315.44
1315.82	825.734	805	1.#QNAN	0	0.015	0	7.6501e-007	1284.72	1315.82	1315.31
1315.7	825.679	806	1.#QNAN	0	0.016	0	7.31247e-007	1294.59	1315.7	1315.19
1315.58	825.632	807	1.#QNAN	0	0.016	0	7.61675e-007	1294.3	1315.58	1315.07
1315.45	825.575	808	1.#QNAN	0	0.031	0	7.59132e-007	1278.39	1315.45	1314.94
1315.33	825.52	809	1.#QNAN	0	0.015	0	7.39811e-007	1292.24	1315.33	1314.82
1315.23	825.466	810	1.#QNAN	0	0.016	0	7.53631e-007	1303.35	1315.23	1314.72
1315.12	825.397	811	1.#QNAN	0	0.016	1	7.64271e-007	1299.54	1315.12	1314.62
1315.01	825.347	812	1.#QNAN	0	0.015	0	7.66e-007	1293.38	1315.01	1314.51
1314.91	825.296	813	1.#QNAN	0	0.016	0	7.40977e-007	1306.22	1314.91	1314.41
1314.81	825.255	814	1.#QNAN	0	0.015	0	7.60286e-007	1320.13	1314.81	1314.31
1314.72	825.214	815	1.#QNAN	0	0.032	0	7.47543e-007	1306	1314.72	1314.22
1314.6	825.161	816	1.#QNAN	0	0.015	0	7.7296e-007	1287.48	1314.6	1314.11
1314.48	825.104	817	1.#QNAN	0	0.016	0	7.5632e-007	1284.06	1314.48	1313.99
1314.35	825.044	818	1.#QNAN	0	0.015	0	7.65021e-007	1281.66	1314.35	1313.86
1314.21	824.98	819	1.#QNAN	0	0.016	0	7.42188e-007	1267.56	1314.21	1313.72
1314.11	824.931	820	1.#QNAN	0	0.016	0	7.50841e-007	1303.61	1314.11	1313.62
1313.98	824.865	821	1.#QNAN	0	0.015	0	7.25694e-007	1288.8	1313.98	1313.5
1313.87	824.809	822	1.#QNAN	0	0.016	0	7.28047e-007	1288.05	1313.87	1313.38
1313.75	824.749	823	1.#QNAN	0	0.031	0	7.64736e-007	1305.02	1313.75	1313.26
1313.62	824.69	824	1.#QNAN	0	0.016	0	7.73394e-007	1285.7	1313.62	1313.14
1313.5	824.627	825	1.#QNAN	0	0.015	0	7.47132e-007	1288.82	1313.5	1313.02
1313.36	824.564	826	1.#QNAN	0	0.016	0	7.58226e-007	1271.38	1313.36	1312.88
1313.24	824.516	827	1.#QNAN	0	0.015	0	7.65924e-007	1284.15	1313.24	1312.76
1313.15	824.463	828	1.#QNAN	0	0.016	0	7.51405e-007	1300.58	1313.15	1312.66
1313.03	824.402	829	1.#QNAN	0	0.016	0	7.63418e-007	1298.11	1313.03	1312.55
1312.94	824.352	830	1.#QNAN	0	0.031	0	7.88549e-007	1313.86	1312.94	1312.46
1312.85	824.304	831	1.#QNAN	0	0.015	0	7.62201e-007	1309.05	1312.85	1312.37
1312.75	824.247	832	1.#QNAN	0	0.016	0	7.67932e-007	1327.37	1312.75	1312.28
1312.64	824.189	833	1.#QNAN	0	0.016	0	7.59492e-007	1316.35	1312.64	1312.17
1312.55	824.154	834	1.#QNAN	0	0.015	0	7.60383e-007	1306	1312.55	1312.07
1312.44	824.105	835	1.#QNAN	0	0.016	0	7.71489e-007	1304.79	1312.44	1311.97
1312.35	824.055	836	1.#QNAN	0	0.031	0	7.61067e-007	1312.98	1312.35	1311.88
1312.24	824.007	837	1.#QNAN	0	0.016	0	7.6336e-007	1305.02	1312.24	1311.76
1312.14	823.957	838	1.#QNAN	0	0.015	0	7.52471e-007	1320.44	1312.14	1311.67
1312.05	823.911	839	1.#QNAN	0	0.016	0	7.5077e-007	1332.14	1312.05	1311.57
1311.92	823.846	840	1.#QNAN	0	0.015	0	7.62409e-007	1295.7	1311.92	1311.45
1311.81	823.792	841	1.#QNAN	0	0.016	0	7.60685e-007	1314.79	1311.81	1311.34
1311.68	823.732	842	1.#QNAN	0	0.016	0	7.66703e-007	1291.57	1311.68	1311.21
1311.59	823.686	843	1.#QNAN	0	0.031	0	7.73108e-007	1323.58	1311.59	1311.12
1311.5	823.638	844	1.#QNAN	0	0.015	0	7.59431e-007	1312.8	1311.5	1311.03
1311.42	823.599	845	1.#QNAN	0	0.016	0	7.62835e-007	1320.7	1311.42	1310.95
1311.31	823.544	846	1.#QNAN	0	0.016	0	7.54652e-007	1314.78	1311.31	1310.85
1311.22	823.495	847	1.#QNAN	0	0.015	0	7.67346e-007	1321.41	1311.22	1310.76
1311.11	823.433	848	1.#QNAN	0	0.016	0	7.84887e-007	1301.41	1311.11	1310.65
1311.02	823.374	849	1.#QNAN	0	0.015	0	7.52385e-007	1317.68	1311.02	1310.56
1310.91	823.312	850	1.#QNAN	0	0.016	0	7.52415e-007	1306.16	1310.91	1310.46
1310.8	823.25	851	1.#QNAN	0	0.015	0	7.46144e-007	1310.32	1310.8	1310.35
1310.71	823.186	852	1.#QNAN	0	0.016	0	7.83621e-007	1316.32	1310.71	1310.25
1310.63	823.144	853	1.#QNAN	0	0.015	0	7.89078e-007	1316.14	1310.63	1310.17
1310.55	823.084	854	1.#QNAN	0	0.016	0	7.68889e-007	1331.44	1310.55	1310.1
1310.45	823.03	855	1.#QNAN	0	0.016	0	7.84753e-007	1297.85	1310.45	1310
1310.36	822.979	856	1.#QNAN	0	0.015	0	7.77496e-007	1324.8	1310.36	1309.91
1310.27	822.922	857	1.#QNAN	0	0.016	0	7.47838e-007	1300.79	1310.27	1309.82
1310.18	822.879	858	1.#QNAN	0	0.031	0	7.71012e-007	1317.58	1310.18	1309.73
1310.07	822.825	859	1.#QNAN	0	0.016	0	7.54869e-007	1296.05	1310.07	1309.62
1309.97	822.77	860	1.#QNAN	0	0.015	0	7.61107e-007	1299.45	1309.97	1309.53
1309.89	822.721	861	1.#QNAN	0	0.016	0	7.88632e-007	1328.97	1309.89	1309.45
1309.79	822.658	862	1.#QNAN	0	0.015	0	7.51903e-007	1293.88	1309.79	1309.34
1309.69	822.607	863	1.#QNAN	0	0.016	0	7.43538e-007	1300.85	1309.69	1309.25
1309.58	822.558	864	1.#QNAN	0	0.016	0	7.69107e-007	1297.53	1309.58	1309.14
1309.47	822.495	865	1.#QNAN	0	0.031	0	7.58842e-007	1285.96	1309.47	1309.03
1309.34	822.436	866	1.#QNAN	0	0.015	0	7.56819e-007	1271.52	1309.34	1308.9
1309.22	822.38	867	1.#QNAN	0	0.016	0	7.774e-007	1273.17	1309.22	1308.79
1309.09	822.312	868	1.#QNAN	0	0.016	1	7.64186e-007	1274.77	1309.09	1308.65
1308.96	822.248	869	1.#QNAN	0	0.015	0	7.67281e-007	1272.73	1308.96	1308.52
1308.85	822.187	870	1.#QNAN	0	0.016	0	7.86112e-007	1277.96	1308.85	1308.41
1308.75	822.131	871	1.#QNAN	0	0.031	0	7.39784e-007	1288.84	1308.75	1308.31
1308.65	822.078	872	1.#QNAN	0	0.016	0	7.66573e-007	1294.68	1308.65	1308.21
1308.56	822.027	873	1.#QNAN	0	0.015	0	7.78185e-007	1310.43	1308.56	1308.13
1308.46	821.967	874	1.#QNAN	0	0.016	0	7.69372e-007	1287.35	1308.46	1308.03
1308.35	821.891	875	1.#QNAN	0	0.015	0	7.83169e-007	1282.96	1308.35	1307.92
1308.25	821.836	876	1.#QNAN	0	0.016	0	7.83217e-007	1290.12	1308.25	1307.82
1308.12	821.764	877	1.#QNAN	0	0.016	0	7.6435e-007	1254.26	1308.12	1307.69
1308.01	821.706	878	1.#QNAN	0	0.031	0	7.61665e-007	1285.21	1308.01	1307.58
1307.89	821.641	879	1.#QNAN	0	0.015	0	7.86069e-007	1277.41	1307.89	1307.47
1307.78	821.581	880	1.#QNAN	0	0.016	0	7.60356e-007	1282.32	1307.78	1307.36
1307.67	821.529	881	1.#QNAN	0	0.016	0	7.41499e-007	1287.75	1307.67	1307.25
1307.58	821.483	882	1.#QNAN	0	0.015	0	7.54185e-007	1303.01	1307.58	1307.16
1307.5	821.442	883	1.#QNAN	0	0.016	0	7.5609e-007	1307.81	1307.5	1307.08
1307.38	821.391	884	1.#QNAN	0	0.015	0	7.60015e-007	1274.94	1307.38	1306.96
1307.26	821.336	885	1.#QNAN	0	0.032	0	7.61254e-007	1266.03	1307.26	1306.84
1307.12	821.277	886	1.#QNAN	0	0.015	0	7.89104e-007	1269.12	1307.12	1306.71
1307.01	821.221	887	1.#QNAN	0	0.016	0	7.60115e-007	1281.85	1307.01	1306.59
1306.89	821.168	888	1.#QNAN	0	0.015	0	7.54551e-007	1280	1306.89	1306.48
1306.77	821.119	889	1.#QNAN	0	0.016	0	7.90874e-007	1280.89	1306.77	1306.36
1306.64	821.057	890	1.#QNAN	0	0.016	0	7.6438e-007	1270.95	1306.64	1306.23
1306.51	821.001	891	1.#QNAN	0	0.015	0	7.65065e-007	1275.64	1306.51	1306.1
1306.37	820.945	892	1.#QNAN	0	0.031	0	7.55271e-007	1278.93	1306.37	1305.96
1306.22	820.887	893	1.#QNAN	0	0.016	0	7.86535e-007	1260.64	1306.22	1305.81
1306.05	820.822	894	1.#QNAN	0	0.016	0	7.61639e-007	1261.52	1306.05	1305.64
1305.88	820.749	895	1.#QNAN	0	0.015	0	7.5277e-007	1255	1305.88	1305.47
1305.73	820.685	896	1.#QNAN	0	0.016	0	7.73032e-007	1266.44	1305.73	1305.32
1305.57	820.614	897	1.#QNAN	0	0.015	0	7.78198e-007	1256.72	1305.57	1305.16
1305.44	820.556	898	1.#QNAN	0	0.016	0	7.50858e-007	1263.56	1305.44	1305.03
1305.29	820.494	899	1.#QNAN	0	0.031	0	7.83537e-007	1254.67	1305.29	1304.88
1305.16	820.435	900	1.#QNAN	0	0.016	0	7.81561e-007	1266.58	1305.16	1304.76
1305.02	820.368	901	1.#QNAN	0	0.015	0	7.67673e-007	1262	1305.02	1304.62
1304.9	820.298	902	1.#QNAN	0	0.016	0	7.33357e-007	1273.22	1304.9	1304.5
1304.76	820.237	903	1.#QNAN	0	0.016	0	7.7145e-007	1252.88	1304.76	1304.36
1304.64	820.168	904	1.#QNAN	0	0.015	0	7.54346e-007	1261.28	1304.64	1304.24
1304.52	820.107	905	1.#QNAN	0	0.016	0	7.8889e-007	1270.5	1304.52	1304.12
1304.39	820.04	906	1.#QNAN	0	0.031	0	7.69763e-007	1258.97	1304.39	1303.99
1304.28	819.969	907	1.#QNAN	0	0.016	0	7.78274e-007	1272.93	1304.28	1303.88
1304.17	819.906	908	1.#QNAN	0	0.015	0	7.85949e-007	1279.42	1304.17	1303.77
1304.05	819.843	909	1.#QNAN	0	0.016	0	7.73127e-007	1267.65	1304.05	1303.65
1303.91	819.779	910	1.#QNAN	0	0.015	0	7.82458e-007	1262.81	1303.91	1303.52
1303.78	819.705	911	1.#QNAN	0	0.016	0	7.57471e-007	1267.3	1303.78	1303.39
1303.63	819.633	912	1.#QNAN	0	0.031	0	8.03272e-007	1257.43	1303.63	1303.24
1303.48	819.561	913	1.#QNAN	0	0.016	0	7.64127e-007	1272.69	1303.48	1303.08
1303.33	819.494	914	1.#QNAN	0	0.015	0	7.75942e-007	1270.99	1303.33	1302.94
1303.22	819.434	915	1.#QNAN	0	0.016	0	7.69884e-007	1301.26	1303.22	1302.83
1303.08	819.369	916	1.#QNAN	0	0.016	0	7.39516e-007	1275.33	1303.08	1302.69
1302.94	819.297	917	1.#QNAN	0	0.015	0	7.72631e-007	1272.33	1302.94	1302.55
1302.82	819.227	918	1.#QNAN	0	0.016	0	8.05327e-007	1276.02	1302.82	1302.43
1302.68	819.147	919	1.#QNAN	0	0.031	0	7.69539e-007	1275.37	1302.68	1302.29
1302.5	819.059	920	1.#QNAN	0	0.016	0	8.03462e-007	1259	1302.5	1302.11
1302.36	818.981	921	1.#QNAN	0	0.015	0	7.58636e-007	1271.27	1302.36	1301.98
1302.19	818.905	922	1.#QNAN	0	0.016	0	7.50097e-007	1246.56	1302.19	1301.81
1302.06	818.836	923	1.#QNAN	0	0.015	0	7.66902e-007	1262.78	1302.06	1301.68
1301.89	818.757	924	1.#QNAN	0	0.016	1	7.59876e-007	1253.62	1301.89	1301.51
1301.74	818.682	925	1.#QNAN	0	0.016	0	8.03229e-007	1258.07	1301.74	1301.36
1301.62	818.621	926	1.#QNAN	0	0.031	0	7.52807e-007	1280.99	1301.62	1301.24
1301.48	818.559	927	1.#QNAN	0	0.015	0	7.73182e-007	1267.4	1301.48	1301.1
1301.32	818.478	928	1.#QNAN	0	0.016	0	7.65317e-007	1242.68	1301.32	1300.94
1301.18	818.408	929	1.#QNAN	0	0.016	0	7.7828e-007	1261.6	1301.18	1300.81
1301.04	818.323	930	1.#QNAN	0	0.015	0	7.61694e-007	1259.18	1301.04	1300.66
1300.92	818.261	931	1.#QNAN	0	0.016	0	7.60078e-007	1267.81	1300.92	1300.54
1300.76	818.178	932	1.#QNAN	0	0.015	0	7.77234e-007	1248.43	1300.76	1300.38
1300.59	818.09	933	1.#QNAN	0	0.032	0	7.73054e-007	1242.43	1300.59	1300.22
1300.44	818.012	934	1.#QNAN	0	0.015	0	7.66384e-007	1248.16	1300.44	1300.06
1300.28	817.945	935	1.#QNAN	0	0.016	0	8.08165e-007	1260.7	1300.28	1299.9
1300.13	817.864	936	1.#QNAN	0	0.015	0	7.71884e-007	1271.46	1300.13	1299.76
1299.98	817.788	937	1.#QNAN	0	0.016	0	7.66708e-007	1253.25	1299.98	1299.61
1299.83	817.708	938	1.#QNAN	0	0.016	0	7.57651e-007	1254.94	1299.83	1299.46
1299.71	817.641	939	1.#QNAN	0	0.015	0	7.88828e-007	1304.1	1299.71	1299.34
1299.58	817.573	940	1.#QNAN	0	0.016	0	7.6864e-007	1283.93	1299.58	1299.21
1299.44	817.493	941	1.#QNAN	0	0.016	0	7.56208e-007	1275.1	1299.44	1299.07
1299.31	817.42	942	1.#QNAN	0	0.016	0	7.86168e-007	1277.05	1299.31	1298.94
1299.18	817.347	943	1.#QNAN	0	0.015	0	7.91704e-007	1281.12	1299.18	1298.82
1299.06	817.283	944	1.#QNAN	0	0.016	0	7.63642e-007	1271.18	1299.06	1298.69
1298.89	817.209	945	1.#QNAN	0	0.015	0	7.71954e-007	1252.65	1298.89	1298.53
1298.76	817.142	946	1.#QNAN	0	0.032	0	7.77519e-007	1272.54	1298.76	1298.39
1298.62	817.078	947	1.#QNAN	0	0.015	0	7.7534e-007	1271.72	1298.62	1298.26
1298.5	817.014	948	1.#QNAN	0	0.016	0	7.73177e-007	1288.93	1298.5	1298.13
1298.36	816.946	949	1.#QNAN	0	0.015	0	7.5688e-007	1256.31	1298.36	1297.99
1298.21	816.876	950	1.#QNAN	0	0.016	0	7.98675e-007	1253.09	1298.21	1297.84
1298.07	816.806	951	1.#QNAN	0	0.016	0	7.73954e-007	1254.6	1298.07	1297.71
1297.92	816.744	952	1.#QNAN	0	0.015	0	7.78637e-007	1236.84	1297.92	1297.56
1297.78	816.675	953	1.#QNAN	0	0.031	0	7.86238e-007	1246.44	1297.78	1297.42
1297.64	816.609	954	1.#QNAN	0	0.016	0	7.96753e-007	1239.72	1297.64	1297.27
1297.48	816.547	955	1.#QNAN	0	0.016	0	7.79678e-007	1239.21	1297.48	1297.12
1297.33	816.476	956	1.#QNAN	0	0.015	0	7.41322e-007	1244.84	1297.33	1296.97
1297.2	816.415	957	1.#QNAN	0	0.016	0	7.80451e-007	1256.62	1297.2	1296.84
1297.1	816.372	958	1.#QNAN	0	0.015	0	7.73419e-007	1286.13	1297.1	1296.73
1296.96	816.318	959	1.#QNAN	0	0.032	0	7.80564e-007	1273.78	1296.96	1296.6
1296.85	816.268	960	1.#QNAN	0	0.015	0	7.63454e-007	1288.46	1296.85	1296.48
1296.72	816.218	961	1.#QNAN	0	0.016	0	7.75994e-007	1275.57	1296.72	1296.36
1296.6	816.162	962	1.#QNAN	0	0.015	0	7.69821e-007	1268.55	1296.6	1296.24
1296.48	816.096	963	1.#QNAN	0	0.016	0	7.61605e-007	1282.84	1296.48	1296.12
1296.35	816.031	964	1.#QNAN	0	0.031	0	7.65894e-007	1283.65	1296.35	1295.99
1296.22	815.966	965	1.#QNAN	0	0.016	0	7.78793e-007	1276.82	1296.22	1295.86
1296.11	815.905	966	1.#QNAN	0	0.015	0	7.86284e-007	1266.75	1296.11	1295.75
1296	815.851	967	1.#QNAN	0	0.016	0	7.50702e-007	1263.32	1296	1295.64
1295.89	815.799	968	1.#QNAN	0	0.016	0	7.91018e-007	1283.16	1295.89	1295.53
1295.77	815.744	969	1.#QNAN	0	0.015	0	7.79621e-007	1281.05	1295.77	1295.41
1295.67	815.696	970	1.#QNAN	0	0.031	0	7.70406e-007	1292.75	1295.67	1295.31
1295.54	815.641	971	1.#QNAN	0	0.016	0	7.79733e-007	1271.33	1295.54	1295.18
1295.42	815.58	972	1.#QNAN	0	0.016	0	8.02256e-007	1257.45	1295.42	1295.06
1295.3	815.53	973	1.#QNAN	0	0.015	0	7.8481e-007	1271.21	1295.3	1294.94
1295.22	815.481	974	1.#QNAN	0	0.016	0	7.64838e-007	1307.88	1295.22	1294.86
1295.1	815.416	975	1.#QNAN	0	0.015	0	7.87447e-007	1281.41	1295.1	1294.74
1294.97	815.357	976	1.#QNAN	0	0.016	0	8.11662e-007	1271.75	1294.97	1294.62
1294.87	815.31	977	1.#QNAN	0	0.015	0	7.79798e-007	1312.62	1294.87	1294.51
1294.76	815.263	978	1.#QNAN	0	0.016	0	7.73859e-007	1290.3	1294.76	1294.41
1294.65	815.213	979	1.#QNAN	0	0.015	1	7.52822e-007	1291.41	1294.65	1294.3
1294.52	815.15	980	1.#QNAN	0	0.016	0	8.02639e-007	1261.21	1294.52	1294.17
1294.39	815.095	981	1.#QNAN	0	0.016	0	8.08238e-007	1269.37	1294.39	1294.04
1294.29	815.048	982	1.#QNAN	0	0.031	0	7.98233e-007	1302.29	1294.29	1293.94
1294.19	815.009	983	1.#QNAN	0	0.015	0	7.62065e-007	1289.85	1294.19	1293.83
1294.08	814.965	984	1.#QNAN	0	0.016	0	8.05663e-007	1280	1294.08	1293.73
1293.96	814.905	985	1.#QNAN	0	0.016	0	8.06423e-007	1264.84	1293.96	1293.61
1293.86	814.858	986	1.#QNAN	0	0.015	0	7.67793e-007	1284.35	1293.86	1293.5
1293.75	814.815	987	1.#QNAN	0	0.016	0	7.83748e-007	1286.2	1293.75	1293.4
1293.66	814.777	988	1.#QNAN	0	0.015	0	7.98003e-007	1305.22	1293.66	1293.31
1293.55	814.718	989	1.#QNAN	0	0.032	0	7.78619e-007	1300.36	1293.55	1293.2
1293.45	814.669	990	1.#QNAN	0	0.015	0	7.88077e-007	1329.11	1293.45	1293.1
1293.37	814.623	991	1.#QNAN	0	0.016	0	7.85429e-007	1313.96	1293.37	1293.01
1293.27	814.571	992	1.#QNAN	0	0.015	0	7.629e-007	1318.16	1293.27	1292.92
1293.2	814.528	993	1.#QNAN	0	0.016	0	7.90873e-007	1328.85	1293.2	1292.84
1293.12	814.483	994	1.#QNAN	0	0.016	0	7.89803e-007	1314.32	1293.12	1292.77
1293.05	814.437	995	1.#QNAN	0	0.015	0	7.94495e-007	1319.14	1293.05	1292.7
1293.02	814.41	996	1.#QNAN	0	0.016	0	7.66305e-007	1364.61	1293.02	1292.67
1292.97	814.377	997	1.#QNAN	0	0.031	0	8.05732e-007	1359.22	1292.97	1292.62
1292.95	814.35	998	1.#QNAN	0	0.016	0	7.8813e-007	1371.88	1292.95	1292.6
1292.9	814.332	999	1.#QNAN	0	0.015	0	7.59321e-007	1361.54	1292.9	1292.55
1292.88	814.318	1000	1.#QNAN	0	0.016	0	7.77807e-007	1383.45	1292.88	1292.53
1292.82	814.288	1001	1.#QNAN	0	0.015	0	7.66728e-007	1341.27	1292.82	1292.47
1292.78	814.261	1002	1.#QNAN	0	0.016	0	7.50324e-007	1373.35	1292.78	1292.43
1292.73	814.221	1003	1.#QNAN	0	0.016	0	7.54687e-007	1373.01	1292.73	1292.38
1292.65	814.192	1004	1.#QNAN	0	0.031	0	7.79556e-007	1328.13	1292.65	1292.31
1292.58	814.151	1005	1.#QNAN	0	0.015	0	7.71278e-007	1305.25	1292.58	1292.23
1292.49	814.111	1006	1.#QNAN	0	0.016	0	7.76463e-007	1310.19	1292.49	1292.15
1292.42	814.068	1007	1.#QNAN	0	0.016	0	7.92362e-007	1328.68	1292.42	1292.08
1292.34	814.026	1008	1.#QNAN	0	0.015	0	8.03633e-007	1310.21	1292.34	1292
1292.26	813.98	1009	1.#QNAN	0	0.016	0	7.96689e-007	1323.57	1292.26	1291.92
1292.18	813.937	1010	1.#QNAN	0	0.015	0	7.86332e-007	1315.16	1292.18	1291.84
1292.11	813.897	1011	1.#QNAN	0	0.032	0	8.14874e-007	1332.88	1292.11	1291.77
1292.03	813.864	1012	1.#QNAN	0	0.015	0	7.52168e-007	1317.29	1292.03	1291.7
1291.97	813.839	1013	1.#QNAN	0	0.016	0	7.70887e-007	1361.8	1291.97	1291.63
1291.9	813.798	1014	1.#QNAN	0	0.015	0	7.82134e-007	1353.18	1291.9	1291.57
1291.84	813.759	1015	1.#QNAN	0	0.016	0	7.78853e-007	1357.33	1291.84	1291.5
1291.76	813.722	1016	1.#QNAN	0	0.016	0	7.72542e-007	1347.43	1291.76	1291.42
1291.68	813.685	1017	1.#QNAN	0	0.015	0	7.90308e-007	1325.53	1291.68	1291.35
1291.61	813.655	1018	1.#QNAN	0	0.031	0	7.7489e-007	1329.29	1291.61	1291.28
1291.53	813.624	1019	1.#QNAN	0	0.016	0	7.78154e-007	1322.87	1291.53	1291.2
1291.45	813.592	1020	1.#QNAN	0	0.016	0	7.6504e-007	1321.2	1291.45	1291.12
1291.37	813.551	1021	1.#QNAN	0	0.015	0	7.58913e-007	1323.61	1291.37	1291.04
1291.29	813.515	1022	1.#QNAN	0	0.016	0	7.62586e-007	1314.12	1291.29	1290.96
1291.23	813.483	1023	1.#QNAN	0	0.015	0	7.73686e-007	1332.16	1291.23	1290.9
1291.16	813.45	1024	1.#QNAN	0	0.032	0	7.56602e-007	1300.7	1291.16	1290.83
1291.09	813.414	1025	1.#QNAN	0	0.015	0	7.58515e-007	1315.58	1291.09	1290.76
1291.04	813.378	1026	1.#QNAN	0	0.016	0	7.7725e-007	1329.8	1291.04	1290.71
1290.97	813.337	1027	1.#QNAN	0	0.015	0	7.63659e-007	1319.71	1290.97	1290.65
1290.91	813.294	1028	1.#QNAN	0	0.016	0	7.67071e-007	1325.89	1290.91	1290.59
1290.86	813.259	1029	1.#QNAN	0	0.016	0	7.61339e-007	1340.05	1290.86	1290.54
1290.8	813.228	1030	1.#QNAN	0	0.015	0	7.70752e-007	1328.53	1290.8	1290.48
1290.74	813.194	1031	1.#QNAN	0	0.031	0	7.77273e-007	1334.81	1290.74	1290.42
1290.7	813.164	1032	1.#QNAN	0	0.016	0	7.92039e-007	1338.21	1290.7	1290.38
1290.65	813.139	1033	1.#QNAN	0	0.016	0	7.86658e-007	1335.74	1290.65	1290.34
1290.65	813.116	1034	1.#QNAN	0	0.015	0	7.53018e-007	1364.68	1290.65	1290.33
1290.64	813.092	1035	1.#QNAN	0	0.016	1	7.60632e-007	1371.64	1290.64	1290.33
1290.64	813.069	1036	1.#QNAN	0	0.015	0	7.81388e-007	1384.07	1290.64	1290.33
1290.64	813.044	1037	1.#QNAN	0	0.016	0	8.22125e-007	1378.01	1290.64	1290.33
1290.6	813.013	1038	1.#QNAN	0	0.031	0	7.82612e-007	1335.02	1290.6	1290.29
1290.57	812.991	1039	1.#QNAN	0	0.016	0	7.86499e-007	1344.26	1290.57	1290.27
1290.55	812.963	1040	1.#QNAN	0	0.015	0	7.7011e-007	1366.09	1290.55	1290.25
1290.51	812.926	1041	1.#QNAN	0	0.016	0	7.9604e-007	1355.32	1290.51	1290.22
1290.47	812.886	1042	1.#QNAN	0	0.016	0	7.6491e-007	1344.35	1290.47	1290.17
1290.41	812.837	1043	1.#QNAN	0	0.015	0	7.74672e-007	1331.78	1290.41	1290.12
1290.36	812.79	1044	1.#QNAN	0	0.016	0	7.57785e-007	1347.39	1290.36	1290.07
1290.32	812.749	1045	1.#QNAN	0	0.031	0	7.67217e-007	1353.3	1290.32	1290.03
1290.3	812.716	1046	1.#QNAN	0	0.016	0	7.91861e-007	1376.95	1290.3	1290.01
1290.27	812.681	1047	1.#QNAN	0	0.015	0	7.93052e-007	1369.21	1290.27	1289.98
1290.23	812.646	1048	1.#QNAN	0	0.016	0	7.78204e-007	1389.34	1290.23	1289.95
1290.22	812.619	1049	1.#QNAN	0	0.015	0	7.78811e-007	1403.69	1290.22	1289.94
1290.21	812.591	1050	1.#QNAN	0	0.016	0	7.70345e-007	1412.6	1290.21	1289.93
1290.17	812.568	1051	1.#QNAN	0	0.016	0	7.75088e-007	1374.24	1290.17	1289.89
1290.14	812.54	1052	1.#QNAN	0	0.031	0	7.68123e-007	1380.28	1290.14	1289.86
1290.14	812.518	1053	1.#QNAN	0	0.015	0	7.6929e-007	1406.32	1290.14	1289.86
1290.12	812.488	1054	1.#QNAN	0	0.016	0	7.85822e-007	1380.07	1290.12	1289.84
1290.09	812.455	1055	1.#QNAN	0	0.016	0	7.55832e-007	1386.9	1290.09	1289.82
1290.05	812.421	1056	1.#QNAN	0	0.015	0	7.9091e-007	1379.19	1290.05	1289.78
1290	812.377	1057	1.#QNAN	0	0.016	0	7.84846e-007	1362.83	1290	1289.73
1289.96	812.339	1058	1.#QNAN	0	0.015	0	8.02537e-007	1380.5	1289.96	1289.7
1289.95	812.309	1059	1.#QNAN	0	0.032	0	7.57717e-007	1400.05	1289.95	1289.68
1289.93	812.27	1060	1.#QNAN	0	0.015	0	8.0354e-007	1395.59	1289.93	1289.67
1289.9	812.234	1061	1.#QNAN	0	0.016	0	8.05365e-007	1380.44	1289.9	1289.64
1289.87	812.197	1062	1.#QNAN	0	0.015	0	7.81887e-007	1400.76	1289.87	1289.61
1289.83	812.158	1063	1.#QNAN	0	0.016	0	7.90657e-007	1388.05	1289.83	1289.57
1289.78	812.121	1064	1.#QNAN	0	0.016	0	7.85774e-007	1353.78	1289.78	1289.52
1289.74	812.093	1065	1.#QNAN	0	0.015	0	7.91757e-007	1403.24	1289.74	1289.49
1289.69	812.065	1066	1.#QNAN	0	0.031	0	7.86921e-007	1356.38	1289.69	1289.44
1289.64	812.036	1067	1.#QNAN	0	0.016	0	7.97137e-007	1352.45	1289.64	1289.39
1289.59	812.007	1068	1.#QNAN	0	0.016	0	7.93285e-007	1378.29	1289.59	1289.34
1289.55	811.98	1069	1.#QNAN	0	0.015	0	7.70697e-007	1385.53	1289.55	1289.31
1289.51	811.95	1070	1.#QNAN	0	0.016	0	7.63729e-007	1386.26	1289.51	1289.26
1289.46	811.908	1071	1.#QNAN	0	0.015	0	7.77933e-007	1353.97	1289.46	1289.22
1289.41	811.866	1072	1.#QNAN	0	0.032	0	7.82604e-007	1369.28	1289.41	1289.17
1289.36	811.827	1073	1.#QNAN	0	0.015	0	7.63942e-007	1381.2	1289.36	1289.12
1289.29	811.787	1074	1.#QNAN	0	0.016	0	7.9318e-007	1344.59	1289.29	1289.05
1289.23	811.739	1075	1.#QNAN	0	0.015	0	7.98529e-007	1363.26	1289.23	1288.99
1289.16	811.701	1076	1.#QNAN	0	0.016	0	8.02379e-007	1350.73	1289.16	1288.92
1289.09	811.66	1077	1.#QNAN	0	0.016	0	7.93337e-007	1357.89	1289.09	1288.85
1289.01	811.617	1078	1.#QNAN	0	0.015	0	7.77464e-007	1352.91	1289.01	1288.77
1288.93	811.569	1079	1.#QNAN	0	0.031	0	7.91392e-007	1332.93	1288.93	1288.69
1288.84	811.528	1080	1.#QNAN	0	0.016	0	7.8569e-007	1299.66	1288.84	1288.61
1288.75	811.463	1081	1.#QNAN	0	0.016	0	7.73278e-007	1299.11	1288.75	1288.51
1288.68	811.421	1082	1.#QNAN	0	0.015	0	7.87136e-007	1334.17	1288.68	1288.45
1288.6	811.374	1083	1.#QNAN	0	0.016	0	7.8566e-007	1314.14	1288.6	1288.37
1288.52	811.336	1084	1.#QNAN	0	0.015	0	8.00596e-007	1312.29	1288.52	1288.29
1288.44	811.278	1085	1.#QNAN	0	0.032	0	7.51682e-007	1306.48	1288.44	1288.21
1288.36	811.228	1086	1.#QNAN	0	0.015	0	7.79449e-007	1294.3	1288.36	1288.13
1288.28	811.172	1087	1.#QNAN	0	0.016	0	7.72598e-007	1321.29	1288.28	1288.05
1288.22	811.137	1088	1.#QNAN	0	0.015	0	7.87497e-007	1334.35	1288.22	1287.99
1288.16	811.093	1089	1.#QNAN	0	0.016	0	7.87357e-007	1363.59	1288.16	1287.94
1288.1	811.043	1090	1.#QNAN	0	0.016	0	7.93765e-007	1344.84	1288.1	1287.88
1288.04	811.004	1091	1.#QNAN	0	0.015	1	8.14618e-007	1333.35	1288.04	1287.82
1287.96	810.957	1092	1.#QNAN	0	0.016	0	7.70056e-007	1296.42	1287.96	1287.74
1287.89	810.915	1093	1.#QNAN	0	0.031	0	7.76199e-007	1306.08	1287.89	1287.67
1287.82	810.878	1094	1.#QNAN	0	0.016	0	7.86824e-007	1322.33	1287.82	1287.6
1287.75	810.834	1095	1.#QNAN	0	0.015	0	7.80537e-007	1309.48	1287.75	1287.54
1287.71	810.799	1096	1.#QNAN	0	0.016	0	7.69116e-007	1324.79	1287.71	1287.49
1287.66	810.759	1097	1.#QNAN	0	0.015	0	7.94929e-007	1323.03	1287.66	1287.45
1287.64	810.733	1098	1.#QNAN	0	0.016	0	7.7895e-007	1343.05	1287.64	1287.43
1287.6	810.702	1099	1.#QNAN	0	0.016	0	7.94321e-007	1352.83	1287.6	1287.39
1287.56	810.665	1100	1.#QNAN	0	0.031	0	7.83244e-007	1348.51	1287.56	1287.36
1287.52	810.632	1101	1.#QNAN	0	0.015	0	7.56062e-007	1320.67	1287.52	1287.31
1287.47	810.608	1102	1.#QNAN	0	0.016	0	7.61143e-007	1317.42	1287.47	1287.27
1287.42	810.571	1103	1.#QNAN	0	0.016	0	7.85252e-007	1311.68	1287.42	1287.21
1287.37	810.535	1104	1.#QNAN	0	0.015	0	7.95533e-007	1315.1	1287.37	1287.17
1287.31	810.507	1105	1.#QNAN	0	0.016	0	7.4881e-007	1291.46	1287.31	1287.11
1287.25	810.468	1106	1.#QNAN	0	0.015	0	8.02119e-007	1301.33	1287.25	1287.05
1287.18	810.436	1107	1.#QNAN	0	0.032	0	7.86355e-007	1289.19	1287.18	1286.98
1287.12	810.411	1108	1.#QNAN	0	0.015	0	8.07082e-007	1308.9	1287.12	1286.92
1287.04	810.379	1109	1.#QNAN	0	0.016	0	7.87573e-007	1284.28	1287.04	1286.84
1286.98	810.346	1110	1.#QNAN	0	0.015	0	7.83788e-007	1298.95	1286.98	1286.79
1286.89	810.298	1111	1.#QNAN	0	0.016	0	8.08284e-007	1269.57	1286.89	1286.69
1286.8	810.255	1112	1.#QNAN	0	0.016	0	7.77454e-007	1279.03	1286.8	1286.61
1286.73	810.22	1113	1.#QNAN	0	0.015	0	8.0213e-007	1289.33	1286.73	1286.54
1286.64	810.183	1114	1.#QNAN	0	0.031	0	7.92843e-007	1269.1	1286.64	1286.45
1286.58	810.15	1115	1.#QNAN	0	0.016	0	7.69009e-007	1286.79	1286.58	1286.38
1286.52	810.112	1116	1.#QNAN	0	0.016	0	7.90992e-007	1295.8	1286.52	1286.33
1286.43	810.072	1117	1.#QNAN	0	0.015	0	7.78414e-007	1261.65	1286.43	1286.24
1286.34	810.025	1118	1.#QNAN	0	0.016	0	7.80165e-007	1257.41	1286.34	1286.16
1286.27	809.982	1119	1.#QNAN	0	0.015	0	7.91686e-007	1266.64	1286.27	1286.08
1286.19	809.941	1120	1.#QNAN	0	0.016	0	7.83471e-007	1253.08	1286.19	1286
1286.1	809.894	1121	1.#QNAN	0	0.031	0	7.74623e-007	1258.17	1286.1	1285.92
1286.05	809.861	1122	1.#QNAN	0	0.016	0	7.56715e-007	1291.57	1286.05	1285.86
1285.98	809.829	1123	1.#QNAN	0	0.015	0	7.92118e-007	1284.86	1285.98	1285.8
1285.92	809.794	1124	1.#QNAN	0	0.016	0	8.12093e-007	1287.17	1285.92	1285.74
1285.86	809.758	1125	1.#QNAN	0	0.016	0	8.1267e-007	1293.43	1285.86	1285.68
1285.79	809.722	1126	1.#QNAN	0	0.015	0	7.75044e-007	1272.61	1285.79	1285.61
1285.73	809.686	1127	1.#QNAN	0	0.016	0	7.90165e-007	1278.43	1285.73	1285.55
1285.67	809.649	1128	1.#QNAN	0	0.015	0	7.82149e-007	1293.25	1285.67	1285.49
1285.6	809.608	1129	1.#QNAN	0	0.032	0	7.6816e-007	1286.26	1285.6	1285.42
1285.53	809.566	1130	1.#QNAN	0	0.015	0	7.35168e-007	1296.63	1285.53	1285.35
1285.45	809.537	1131	1.#QNAN	0	0.016	0	7.55118e-007	1281.21	1285.45	1285.27
1285.38	809.507	1132	1.#QNAN	0	0.015	0	7.51497e-007	1290.82	1285.38	1285.2
1285.3	809.477	1133	1.#QNAN	0	0.016	0	7.80132e-007	1278.95	1285.3	1285.12
1285.22	809.446	1134	1.#QNAN	0	0.016	0	7.90232e-007	1281.19	1285.22	1285.05
1285.13	809.414	1135	1.#QNAN	0	0.031	0	7.96512e-007	1274.58	1285.13	1284.95
1285.03	809.376	1136	1.#QNAN	0	0.015	0	7.97413e-007	1283.02	1285.03	1284.86
1284.94	809.337	1137	1.#QNAN	0	0.016	0	7.90633e-007	1285.38	1284.94	1284.77
1284.84	809.299	1138	1.#QNAN	0	0.016	0	7.82138e-007	1264.51	1284.84	1284.68
1284.75	809.259	1139	1.#QNAN	0	0.015	0	7.75666e-007	1283.12	1284.75	1284.58
1284.67	809.225	1140	1.#QNAN	0	0.016	0	8.01115e-007	1293.19	1284.67	1284.5
1284.58	809.187	1141	1.#QNAN	0	0.015	0	7.94998e-007	1272	1284.58	1284.41
1284.49	809.157	1142	1.#QNAN	0	0.032	0	7.83579e-007	1296.68	1284.49	1284.32
1284.39	809.12	1143	1.#QNAN	0	0.015	0	8.01608e-007	1272.87	1284.39	1284.23
1284.29	809.081	1144	1.#QNAN	0	0.016	0	7.64622e-007	1276.7	1284.29	1284.13
1284.22	809.05	1145	1.#QNAN	0	0.015	0	7.6215e-007	1302.4	1284.22	1284.05
1284.14	809.017	1146	1.#QNAN	0	0.016	0	7.98459e-007	1325.27	1284.14	1283.97
1284.07	808.989	1147	1.#QNAN	0	0.016	1	7.75983e-007	1335.92	1284.07	1283.9
1284.01	808.961	1148	1.#QNAN	0	0.015	0	7.64295e-007	1346.52	1284.01	1283.84
1283.94	808.933	1149	1.#QNAN	0	0.031	0	7.86247e-007	1305.46	1283.94	1283.78
1283.89	808.9	1150	1.#QNAN	0	0.016	0	7.91484e-007	1329.95	1283.89	1283.72
1283.83	808.865	1151	1.#QNAN	0	0.016	0	7.76333e-007	1334.77	1283.83	1283.67
1283.78	808.836	1152	1.#QNAN	0	0.015	0	7.79896e-007	1332.32	1283.78	1283.62
1283.72	808.8	1153	1.#QNAN	0	0.016	0	7.59145e-007	1333.01	1283.72	1283.56
1283.68	808.774	1154	1.#QNAN	0	0.015	0	7.69357e-007	1352.27	1283.68	1283.52
1283.64	808.754	1155	1.#QNAN	0	0.016	0	7.96223e-007	1350.31	1283.64	1283.48
1283.62	808.738	1156	1.#QNAN	0	0.031	0	8.06979e-007	1361.6	1283.62	1283.46
1283.58	808.716	1157	1.#QNAN	0	0.016	0	7.72932e-007	1360.48	1283.58	1283.42
1283.52	808.684	1158	1.#QNAN	0	0.015	0	8.07368e-007	1309.39	1283.52	1283.36
1283.48	808.659	1159	1.#QNAN	0	0.016	0	7.85314e-007	1337.48	1283.48	1283.32
1283.44	808.637	1160	1.#QNAN	0	0.016	0	8.05399e-007	1340.56	1283.44	1283.28
1283.38	808.608	1161	1.#QNAN	0	0.015	0	7.96794e-007	1327.81	1283.38	1283.23
1283.32	808.573	1162	1.#QNAN	0	0.016	0	7.73166e-007	1339.25	1283.32	1283.17
1283.25	808.538	1163	1.#QNAN	0	0.031	0	7.69314e-007	1324.07	1283.25	1283.1
1283.18	808.497	1164	1.#QNAN	0	0.016	0	7.70739e-007	1305.8	1283.18	1283.03
1283.1	808.46	1165	1.#QNAN	0	0.015	0	7.85792e-007	1299.53	1283.1	1282.95
1283.04	808.429	1166	1.#QNAN	0	0.016	0	7.64228e-007	1313.11	1283.04	1282.88
1282.98	808.398	1167	1.#QNAN	0	0.016	0	7.9301e-007	1329.51	1282.98	1282.83
1282.92	808.368	1168	1.#QNAN	0	0.016	0	7.77085e-007	1318.5	1282.92	1282.77
1282.87	808.344	1169	1.#QNAN	0	0.015	0	7.72654e-007	1325.81	1282.87	1282.72
1282.8	808.311	1170	1.#QNAN	0	0.016	0	7.70065e-007	1320.1	1282.8	1282.65
1282.71	808.262	1171	1.#QNAN	0	0.031	0	7.59705e-007	1307.59	1282.71	1282.56
1282.64	808.227	1172	1.#QNAN	0	0.016	0	7.64094e-007	1345.86	1282.64	1282.49
1282.58	808.192	1173	1.#QNAN	0	0.015	0	7.7245e-007	1323.48	1282.58	1282.43
1282.51	808.151	1174	1.#QNAN	0	0.016	0	7.80917e-007	1313.48	1282.51	1282.36
1282.42	808.114	1175	1.#QNAN	0	0.015	0	7.68855e-007	1292.81	1282.42	1282.28
1282.33	808.069	1176	1.#QNAN	0	0.016	0	8.01836e-007	1284.63	1282.33	1282.18
1282.25	808.036	1177	1.#QNAN	0	0.016	0	7.88903e-007	1277.69	1282.25	1282.1
1282.19	808.001	1178	1.#QNAN	0	0.031	0	7.79141e-007	1301.38	1282.19	1282.05
1282.14	807.975	1179	1.#QNAN	0	0.015	0	7.65259e-007	1296.77	1282.14	1281.99
1282.07	807.94	1180	1.#QNAN	0	0.016	0	7.53779e-007	1279.09	1282.07	1281.93
1282	807.911	1181	1.#QNAN	0	0.016	0	7.59113e-007	1276.39	1282	1281.86
1281.95	807.888	1182	1.#QNAN	0	0.015	0	7.90653e-007	1304.53	1281.95	1281.8
1281.88	807.857	1183	1.#QNAN	0	0.016	0	7.96591e-007	1298.43	1281.88	1281.74
1281.84	807.832	1184	1.#QNAN	0	0.031	0	8.1721e-007	1321.23	1281.84	1281.69
1281.78	807.799	1185	1.#QNAN	0	0.016	0	7.96333e-007	1304.78	1281.78	1281.64
1281.72	807.774	1186	1.#QNAN	0	0.015	0	7.85458e-007	1292.4	1281.72	1281.58
1281.66	807.745	1187	1.#QNAN	0	0.016	0	7.96062e-007	1312.91	1281.66	1281.52
1281.6	807.716	1188	1.#QNAN	0	0.015	0	8.12779e-007	1304.54	1281.6	1281.46
1281.53	807.676	1189	1.#QNAN	0	0.016	0	8.08285e-007	1292.62	1281.53	1281.39
1281.48	807.643	1190	1.#QNAN	0	0.016	0	7.90944e-007	1316.17	1281.48	1281.34
1281.42	807.607	1191	1.#QNAN	0	0.015	0	7.94712e-007	1313.96	1281.42	1281.28
1281.36	807.573	1192	1.#QNAN	0	0.031	0	7.95384e-007	1326.91	1281.36	1281.22
1281.3	807.538	1193	1.#QNAN	0	0.016	0	7.96385e-007	1306	1281.3	1281.16
1281.25	807.51	1194	1.#QNAN	0	0.016	0	8.14003e-007	1308.17	1281.25	1281.11
1281.19	807.48	1195	1.#QNAN	0	0.015	0	7.88455e-007	1290.32	1281.19	1281.05
1281.15	807.458	1196	1.#QNAN	0	0.016	0	7.91289e-007	1307.59	1281.15	1281.01
1281.09	807.432	1197	1.#QNAN	0	0.015	0	8.03306e-007	1286.26	1281.09	1280.95
1281.03	807.406	1198	1.#QNAN	0	0.032	0	8.18695e-007	1299.81	1281.03	1280.89
1280.98	807.385	1199	1.#QNAN	0	0.015	0	7.56269e-007	1317.95	1280.98	1280.84
