rmse	mae	#iter	time_pred	time_learn	time_learn2	time_learn4	alpha	rmse_mcmc_this	rmse_mcmc_all	rmse_mcmc_all_but5
24746.8	19853.7	0	1.#QNAN	0	0.016	0	1.51839e-012	24746.8	24746.8	4115.63
24449.6	19769.5	1	1.#QNAN	0	0.016	0	3.16832e-011	25085.5	24449.6	4115.63
24490.6	19896.9	2	1.#QNAN	0	0.015	0	3.74219e-011	25088.5	24490.6	4115.63
24505.9	19941.6	3	1.#QNAN	0	0.016	0	4.1673e-011	24961.7	24505.9	4115.63
24511.9	19952.2	4	1.#QNAN	0	0.015	0	4.81298e-011	24900.5	24511.9	32670.1
24534.4	19984.4	5	1.#QNAN	0	0	0	5.11712e-011	24934.1	24534.4	24934.1
24557	20020.6	6	1.#QNAN	0	0.016	0	6.12851e-011	25000.5	24557	24837
24519.5	19968.1	7	1.#QNAN	0	0.016	0	6.46099e-011	24616.1	24519.5	24668.8
24462.8	19889.6	8	1.#QNAN	0	0.015	0	7.31627e-011	24359.4	24462.8	24508
24391.9	19801.3	9	1.#QNAN	0	0.016	0	8.12019e-011	24221.8	24391.9	24368.6
24357.5	19761.2	10	1.#QNAN	0	0.015	0	8.84832e-011	24409.8	24357.5	24320.9
24323.6	19719.5	11	1.#QNAN	0	0.016	0	9.84126e-011	24383.6	24323.6	24279.1
24272.5	19666	12	1.#QNAN	0	0.016	0	1.11148e-010	24088.5	24272.5	24212.7
24232.1	19614.1	13	1.#QNAN	0	0.015	0	1.23769e-010	24107.8	24232.1	24162.5
24174.1	19537.2	14	1.#QNAN	0	0.016	0	1.34439e-010	23802.4	24174.1	24090.4
24099	19449.4	15	1.#QNAN	0	0.015	0	1.6045e-010	23539.9	24099	23997.2
24015.5	19355.1	16	1.#QNAN	0	0.016	0	1.77612e-010	23244.7	24015.5	23893.1
23895.8	19223.5	17	1.#QNAN	0	0	0	2.23252e-010	22662.7	23895.8	23745.3
23764	19085.3	18	1.#QNAN	0	0.016	0	2.57635e-010	22387.5	23764	23585.4
23588	18907.4	19	1.#QNAN	0	0.015	0	3.09099e-010	21448	23588	23372.2
23391	18711.2	20	1.#QNAN	0	0.016	0	3.76282e-010	20885.3	23391	23137.3
23166.7	18489.5	21	1.#QNAN	0	0.015	0	4.42836e-010	20263.2	23166.7	22872.4
22916.5	18241.2	22	1.#QNAN	0	0.016	0	4.93924e-010	19596.6	22916.5	22581.4
22657.8	17978.7	23	1.#QNAN	0	0.016	0	5.6685e-010	19235.5	22657.8	22285.7
22387.7	17709.4	24	1.#QNAN	0	0.015	0	6.17323e-010	18671.6	22387.7	21981.1
22109.1	17434.2	25	1.#QNAN	0	0.016	0	6.71674e-010	18254.5	22109.1	21670.7
21846.8	17172.2	26	1.#QNAN	0	0	0	7.31175e-010	18111.3	21846.8	21384.2
21588.8	16915.8	27	1.#QNAN	0	0.015	0	7.80092e-010	17902.2	21588.8	21106.2
21324.9	16660.5	28	1.#QNAN	0	0.016	0	8.04985e-010	17421.2	21324.9	20823.4
21075.6	16418.7	29	1.#QNAN	0	0.016	0	8.69989e-010	17244.1	21075.6	20560.5
20841.5	16190.4	30	1.#QNAN	0	0.015	0	9.15649e-010	17170.4	20841.5	20317.1
20608.7	15968.4	31	1.#QNAN	0	0.016	0	9.61824e-010	16790.4	20608.7	20076.6
20391.3	15759.9	32	1.#QNAN	0	0.015	0	1.01189e-009	16882.5	20391.3	19855.1
20187.3	15563.9	33	1.#QNAN	0	0.016	0	9.86471e-010	16810.9	20187.3	19650
19985.2	15371.4	34	1.#QNAN	0	0	0	1.07808e-009	16371.6	19985.2	19447.1
19790.9	15187.3	35	1.#QNAN	0	0.016	0	1.13366e-009	16258.5	19790.9	19253.3
19609.9	15016.9	36	1.#QNAN	0	0.015	0	1.0821e-009	16311.2	19609.9	19075
19437.3	14854.4	37	1.#QNAN	0	0.016	0	1.12663e-009	16184.8	19437.3	18906.4
19266.8	14693.6	38	1.#QNAN	0	0.015	0	1.22953e-009	15971.3	19266.8	18740.2
19100.5	14536.8	39	1.#QNAN	0	0.016	0	1.22274e-009	15740.3	19100.5	18578.6
18953	14395.2	40	1.#QNAN	0	0	0	1.27299e-009	15999.4	18953	18437.8
18802.7	14252.4	41	1.#QNAN	0	0	0	1.32191e-009	15676	18802.7	18293.8
18663	14120.2	42	1.#QNAN	0	0.015	0	1.35938e-009	15658.2	18663	18161.1
18531.1	13994	43	1.#QNAN	0	0.016	0	1.37001e-009	15688.9	18531.1	18037.1
18398.4	13869.2	44	1.#QNAN	0	0.015	1	1.39099e-009	15399.5	18398.4	17911.7
18270	13747.7	45	1.#QNAN	0	0.016	0	1.45408e-009	15279.2	18270	17790.5
18146.7	13630.5	46	1.#QNAN	0	0.016	0	1.42316e-009	15120.6	18146.7	17674.7
18031.7	13520.7	47	1.#QNAN	0	0	0	1.55163e-009	15185.3	18031.7	17567.6
17919.7	13412.9	48	1.#QNAN	0	0.015	0	1.53161e-009	15116.3	17919.7	17463.4
17816.9	13312.6	49	1.#QNAN	0	0.016	0	1.58594e-009	15238.2	17816.9	17369
17707.9	13209.6	50	1.#QNAN	0	0.015	0	1.55734e-009	14845	17707.9	17267.3
17609.5	13114.7	51	1.#QNAN	0	0.016	0	1.65233e-009	14956.1	17609.5	17176.6
17514.6	13023.3	52	1.#QNAN	0	0.016	0	1.65267e-009	14915	17514.6	17089.6
17415.1	12931.6	53	1.#QNAN	0	0	0	1.70436e-009	14493	17415.1	16996.8
17319.3	12840.9	54	1.#QNAN	0	0.015	0	1.70039e-009	14442.4	17319.3	16907.8
17228.2	12755.1	55	1.#QNAN	0	0.016	0	1.76395e-009	14443.4	17228.2	16823.6
17141.3	12672.6	56	1.#QNAN	0	0.015	0	1.83633e-009	14386.3	17141.3	16743.4
17052.3	12589.1	57	1.#QNAN	0	0.016	0	1.95077e-009	14083	17052.3	16660.8
16971.4	12510.4	58	1.#QNAN	0	0.016	0	1.85958e-009	14304.9	16971.4	16586.6
16892.8	12435.1	59	1.#QNAN	0	0.015	0	1.95801e-009	14227.6	16892.8	16514.4
16813.7	12359.9	60	1.#QNAN	0	0.016	0	1.99251e-009	14070.6	16813.7	16441.3
16735.7	12284.5	61	1.#QNAN	0	0	0	2.05813e-009	13939.1	16735.7	16369.1
16657.8	12211.1	62	1.#QNAN	0	0.015	0	2.09984e-009	13808.1	16657.8	16296.8
16575.4	12134.1	63	1.#QNAN	0	0.016	0	2.14454e-009	13464.3	16575.4	16219.4
16501.9	12064.4	64	1.#QNAN	0	0.016	0	2.23929e-009	13689.1	16501.9	16151.2
16427.4	11994.7	65	1.#QNAN	0	0.015	0	2.26461e-009	13509.5	16427.4	16081.7
16357.3	11927.1	66	1.#QNAN	0	0.016	0	2.2536e-009	13513.1	16357.3	16016.6
16290.9	11864.3	67	1.#QNAN	0	0.015	0	2.21852e-009	13638.3	16290.9	15955.4
16225.8	11801.7	68	1.#QNAN	0	0	0	2.29885e-009	13540.8	16225.8	15895.2
16160.8	11740.7	69	1.#QNAN	0	0.016	0	2.36347e-009	13444.3	16160.8	15834.9
16098.6	11682.2	70	1.#QNAN	0	0.016	0	2.44723e-009	13498.9	16098.6	15777.6
16035.4	11623.2	71	1.#QNAN	0	0.015	0	2.38173e-009	13319.5	16035.4	15718.8
15969.1	11562.3	72	1.#QNAN	0	0.016	0	2.51186e-009	13041.8	15969.1	15656.7
15906.5	11504.6	73	1.#QNAN	0	0.015	0	2.56719e-009	13102.5	15906.5	15598.3
15846.8	11448.9	74	1.#QNAN	0	0.016	0	2.55017e-009	13107.7	15846.8	15543
15786.2	11391.9	75	1.#QNAN	0	0.016	0	2.61914e-009	12924.9	15786.2	15486.4
15729.4	11338.8	76	1.#QNAN	0	0	0	2.63082e-009	13072.4	15729.4	15433.7
15670.9	11284.5	77	1.#QNAN	0	0.015	0	2.61703e-009	12781.8	15670.9	15379
15612	11230.7	78	1.#QNAN	0	0.016	0	2.78532e-009	12665.4	15612	15323.6
15554.9	11177.4	79	1.#QNAN	0	0.015	0	2.7904e-009	12602.3	15554.9	15270
15498	11125.3	80	1.#QNAN	0	0.016	0	2.82449e-009	12514.3	15498	15216.6
15444.5	11075.7	81	1.#QNAN	0	0.016	0	2.85392e-009	12632.8	15444.5	15166.6
15389.8	11025.5	82	1.#QNAN	0	0	0	2.89791e-009	12414.9	15389.8	15115.2
15333.7	10974.8	83	1.#QNAN	0	0.015	0	2.85455e-009	12269.7	15333.7	15062.3
15281.8	10927.2	84	1.#QNAN	0	0.016	0	3.06139e-009	12421.4	15281.8	15013.6
15228.1	10879	85	1.#QNAN	0	0.015	0	3.0494e-009	12268.1	15228.1	14962.8
15174.7	10830.4	86	1.#QNAN	0	0.016	0	3.16549e-009	12086.1	15174.7	14912.3
15124.9	10785.4	87	1.#QNAN	0	0.016	0	3.31219e-009	12268.6	15124.9	14865.6
15075.5	10740.4	88	1.#QNAN	0	0.015	0	3.25914e-009	12189.2	15075.5	14819.1
15023.4	10694.5	89	1.#QNAN	0	0	0	3.31962e-009	11935.8	15023.4	14769.6
14972.4	10649	90	1.#QNAN	0	0.016	0	3.41824e-009	11851.4	14972.4	14721.3
14922.8	10604.2	91	1.#QNAN	0	0.015	0	3.49716e-009	11875	14922.8	14674.3
14870.3	10558.3	92	1.#QNAN	0	0.016	0	3.3296e-009	11538.2	14870.3	14624.2
14819.8	10513.3	93	1.#QNAN	0	0.016	0	3.59099e-009	11550.6	14819.8	14576.1
14771.7	10470.4	94	1.#QNAN	0	0.015	0	3.56838e-009	11639.4	14771.7	14530.4
14721	10425.8	95	1.#QNAN	0	0	0	3.70955e-009	11365.5	14721	14482
14671.2	10382.2	96	1.#QNAN	0	0.016	0	3.77641e-009	11350.7	14671.2	14434.4
14622.9	10339.8	97	1.#QNAN	0	0.015	0	3.75532e-009	11404	14622.9	14388.3
14575.1	10298.6	98	1.#QNAN	0	0.016	0	3.78789e-009	11319.5	14575.1	14342.6
14526.8	10257.6	99	1.#QNAN	0	0.016	0	4.01177e-009	11252.8	14526.8	14296.4
14478.3	10215.5	100	1.#QNAN	0	0.015	0	4.04661e-009	11080.9	14478.3	14250
14431.2	10175.3	101	1.#QNAN	0	0.016	0	3.96287e-009	10996.1	14431.2	14204.8
14383.6	10134.9	102	1.#QNAN	0	0	0	4.09519e-009	10934.5	14383.6	14159.2
14335.8	10094.8	103	1.#QNAN	0	0.015	0	4.27564e-009	10776.4	14335.8	14113.2
14289.2	10055.6	104	1.#QNAN	0	0.016	0	4.33082e-009	10747.6	14289.2	14068.4
14240.3	10014.8	105	1.#QNAN	0	0.016	0	4.40368e-009	10442.8	14240.3	14021.2
14195.9	9977.83	106	1.#QNAN	0	0.015	0	4.31027e-009	10746.6	14195.9	13978.6
14150.9	9939.89	107	1.#QNAN	0	0.016	0	4.61483e-009	10630.7	14150.9	13935.2
14106.7	9902.99	108	1.#QNAN	0	0.015	0	4.4984e-009	10582.1	14106.7	13892.7
14061.5	9864.91	109	1.#QNAN	0	0	0	4.79989e-009	10374	14061.5	13849.1
14017.1	9827.64	110	1.#QNAN	0	0.016	0	4.90117e-009	10348.8	14017.1	13806.2
13971.9	9790.13	111	1.#QNAN	0	0.016	0	5.02873e-009	10245.1	13971.9	13762.5
13925.5	9752.29	112	1.#QNAN	0	0.015	0	5.01681e-009	10048.3	13925.5	13717.6
13879.9	9714.87	113	1.#QNAN	0	0.016	0	5.31187e-009	9996.36	13879.9	13673.4
13832.6	9676.52	114	1.#QNAN	0	0.015	0	5.04527e-009	9817.26	13832.6	13627.4
13785.9	9638.99	115	1.#QNAN	0	0.016	0	5.42786e-009	9767.94	13785.9	13582
13739.2	9601.08	116	1.#QNAN	0	0.016	0	5.65509e-009	9675.87	13739.2	13536.6
13693.5	9564.17	117	1.#QNAN	0	0	0	5.72596e-009	9655.32	13693.5	13492.1
13645.1	9525.27	118	1.#QNAN	0	0.015	0	5.76735e-009	9343.25	13645.1	13444.8
13598	9487.91	119	1.#QNAN	0	0.016	1	6.01634e-009	9361.58	13598	13398.8
13550.2	9450.66	120	1.#QNAN	0	0.015	0	6.10418e-009	9212.89	13550.2	13352.1
13503.5	9414.12	121	1.#QNAN	0	0.016	0	6.14903e-009	9279.36	13503.5	13306.5
13457.2	9378.3	122	1.#QNAN	0	0.016	0	6.41607e-009	9194.93	13457.2	13261.2
13409.9	9341.89	123	1.#QNAN	0	0.015	0	6.56031e-009	9022.58	13409.9	13214.9
13363	9305.83	124	1.#QNAN	0	0	0	6.6593e-009	8989.52	13363	13169.1
13315.4	9269.72	125	1.#QNAN	0	0.016	0	7.02551e-009	8827.17	13315.4	13122.4
13269.7	9234.99	126	1.#QNAN	0	0.015	0	7.43128e-009	8866.06	13269.7	13077.7
13224.4	9200.57	127	1.#QNAN	0	0.016	0	7.01808e-009	8853.27	13224.4	13033.4
13178.3	9165.41	128	1.#QNAN	0	0.016	0	7.38213e-009	8666.58	13178.3	12988.1
13131.8	9129.93	129	1.#QNAN	0	0.015	0	7.53357e-009	8590.05	13131.8	12942.4
13085.2	9094.66	130	1.#QNAN	0	0.016	0	8.23274e-009	8455.31	13085.2	12896.8
13040	9060.14	131	1.#QNAN	0	0.015	0	8.46245e-009	8526.75	13040	12852.3
12993.9	9025.61	132	1.#QNAN	0	0	0	8.25195e-009	8384.22	12993.9	12807
12948.8	8991.66	133	1.#QNAN	0	0.016	0	8.63615e-009	8480.65	12948.8	12762.6
12903.3	8957.61	134	1.#QNAN	0	0.016	0	8.59481e-009	8284.49	12903.3	12717.8
12857.5	8923.88	135	1.#QNAN	0	0.015	0	9.34876e-009	8134.35	12857.5	12672.7
12812	8890.29	136	1.#QNAN	0	0.016	0	9.72379e-009	8042.46	12812	12627.8
12767.6	8857.19	137	1.#QNAN	0	0.015	0	9.95263e-009	8141.71	12767.6	12584
12722.2	8823.28	138	1.#QNAN	0	0.016	0	9.77759e-009	7967.01	12722.2	12539.2
12676.4	8789.85	139	1.#QNAN	0	0	0	1.0433e-008	7899.98	12676.4	12494
12630.7	8756.47	140	1.#QNAN	0	0.016	0	1.04695e-008	7896.36	12630.7	12448.9
12584.8	8722.87	141	1.#QNAN	0	0.015	0	1.08456e-008	7756.33	12584.8	12403.6
12539	8689.32	142	1.#QNAN	0	0.016	0	1.07701e-008	7555.68	12539	12358.4
12493.1	8655.66	143	1.#QNAN	0	0.015	0	1.17168e-008	7489.67	12493.1	12313
12448.8	8623.31	144	1.#QNAN	0	0.016	0	1.15314e-008	7581.48	12448.8	12269.3
12405.4	8591.78	145	1.#QNAN	0	0.016	0	1.16499e-008	7614.03	12405.4	12226.5
12360.9	8559.49	146	1.#QNAN	0	0	0	1.22252e-008	7487.82	12360.9	12182.5
12317.1	8527.53	147	1.#QNAN	0	0.015	0	1.21985e-008	7587.13	12317.1	12139.3
12273.3	8495.53	148	1.#QNAN	0	0.016	0	1.34106e-008	7404.18	12273.3	12096
12229.2	8463.56	149	1.#QNAN	0	0.015	0	1.26919e-008	7373.99	12229.2	12052.5
12185	8431.83	150	1.#QNAN	0	0.016	0	1.35339e-008	7256.88	12185	12008.7
12140.9	8400.46	151	1.#QNAN	0	0.016	0	1.40701e-008	7177.34	12140.9	11965.2
12096.6	8369.23	152	1.#QNAN	0	0	0	1.41156e-008	7094.36	12096.6	11921.4
12053.2	8338.26	153	1.#QNAN	0	0.015	0	1.49588e-008	7097.26	12053.2	11878.4
12010.4	8307.95	154	1.#QNAN	0	0.016	0	1.52198e-008	7108.56	12010.4	11836.2
11967.6	8278.16	155	1.#QNAN	0	0.015	0	1.49848e-008	7106.3	11967.6	11793.9
11925	8248.95	156	1.#QNAN	0	0.016	0	1.54041e-008	6999.9	11925	11751.7
11883	8219.99	157	1.#QNAN	0	0.016	0	1.61464e-008	7020.54	11883	11710.2
11840.7	8190.61	158	1.#QNAN	0	0.015	0	1.67266e-008	6923.9	11840.7	11668.5
11798	8160.85	159	1.#QNAN	0	0	0	1.60635e-008	6839.3	11798	11626.2
11755	8131.09	160	1.#QNAN	0	0.016	0	1.70472e-008	6716.76	11755	11583.6
11713.8	8102.87	161	1.#QNAN	0	0.015	0	1.66767e-008	6922.61	11713.8	11542.9
11672.3	8074.31	162	1.#QNAN	0	0.016	0	1.67127e-008	6855.1	11672.3	11501.9
11631.4	8046.03	163	1.#QNAN	0	0.016	0	1.83876e-008	6772.32	11631.4	11461.5
11590.3	8017.53	164	1.#QNAN	0	0.015	0	1.76075e-008	6714.66	11590.3	11420.8
11549.5	7989.34	165	1.#QNAN	0	0.016	0	1.82459e-008	6729.71	11549.5	11380.4
11508.8	7961.24	166	1.#QNAN	0	0	0	1.90929e-008	6651.2	11508.8	11340.2
11469	7934	167	1.#QNAN	0	0.015	0	1.89787e-008	6681.32	11469	11300.9
11429.7	7906.8	168	1.#QNAN	0	0.016	0	1.95006e-008	6598.91	11429.7	11262.1
11390.5	7879.79	169	1.#QNAN	0	0.016	0	1.95305e-008	6452.09	11390.5	11223.4
11351.4	7853.25	170	1.#QNAN	0	0.015	0	2.03403e-008	6450.11	11351.4	11184.7
11312.3	7826.46	171	1.#QNAN	0	0.016	0	2.04536e-008	6399.54	11312.3	11146.1
11273.5	7799.84	172	1.#QNAN	0	0	0	2.01678e-008	6341.64	11273.5	11107.7
11235.3	7773.55	173	1.#QNAN	0	0.015	0	1.97955e-008	6339.1	11235.3	11070
11197.4	7747.17	174	1.#QNAN	0	0.016	0	2.15748e-008	6328.81	11197.4	11032.6
11159.5	7720.85	175	1.#QNAN	0	0.016	0	2.10033e-008	6224.78	11159.5	10995.1
11123	7695.71	176	1.#QNAN	0	0.015	0	2.09701e-008	6393.34	11123	10959.1
11085.5	7669.77	177	1.#QNAN	0	0.016	0	2.09984e-008	6186.84	11085.5	10922
11048.9	7644.44	178	1.#QNAN	0	0.015	0	2.25806e-008	6193	11048.9	10885.9
11012.1	7619.23	179	1.#QNAN	0	0.016	0	2.15195e-008	6153.21	11012.1	10849.6
10975.2	7593.76	180	1.#QNAN	0	0	0	2.35712e-008	6046.59	10975.2	10813.1
10938.3	7568.39	181	1.#QNAN	0	0.016	0	2.37155e-008	5961.89	10938.3	10776.8
10901.7	7543.12	182	1.#QNAN	0	0.015	0	2.3942e-008	6022.46	10901.7	10740.6
10865.8	7518.35	183	1.#QNAN	0	0.016	0	2.45273e-008	6005.33	10865.8	10705.2
10830.1	7493.58	184	1.#QNAN	0	0.015	0	2.3629e-008	6051.39	10830.1	10670
10794.4	7468.75	185	1.#QNAN	0	0.016	0	2.60991e-008	5925.37	10794.4	10634.7
10757.7	7443.5	186	1.#QNAN	0	0.016	0	2.5158e-008	5806.39	10757.7	10598.5
10722.1	7419.3	187	1.#QNAN	0	0	0	2.59944e-008	5871.07	10722.1	10563.3
10686.9	7395.37	188	1.#QNAN	0	0.015	0	2.51864e-008	5893.92	10686.9	10528.5
10651.2	7371.31	189	1.#QNAN	0	0.016	0	2.67564e-008	5820.42	10651.2	10493.3
10616.3	7347.61	190	1.#QNAN	0	0.015	0	2.71343e-008	5832.37	10616.3	10458.8
10581.6	7324.02	191	1.#QNAN	0	0.016	0	2.75186e-008	5772.57	10581.6	10424.5
10547.5	7301	192	1.#QNAN	0	0.016	0	2.70736e-008	5817.59	10547.5	10390.8
10513.6	7278.06	193	1.#QNAN	0	0	0	2.81177e-008	5726.97	10513.6	10357.4
10479.8	7255.23	194	1.#QNAN	0	0.015	1	2.8789e-008	5756.55	10479.8	10324.1
10446.2	7232.45	195	1.#QNAN	0	0.016	0	2.87916e-008	5726.05	10446.2	10290.9
10412.5	7209.66	196	1.#QNAN	0	0.015	0	2.92046e-008	5671.48	10412.5	10257.6
10379.7	7187.29	197	1.#QNAN	0	0.016	0	2.97161e-008	5710.27	10379.7	10225.2
10346.8	7165.07	198	1.#QNAN	0	0.016	0	2.90572e-008	5676.06	10346.8	10192.7
10313.8	7142.84	199	1.#QNAN	0	0	0	3.04623e-008	5644.02	10313.8	10160.2
10281.5	7121.13	200	1.#QNAN	0	0.015	0	2.95675e-008	5705.25	10281.5	10128.4
10249.5	7099.48	201	1.#QNAN	0	0.016	0	3.06201e-008	5656.27	10249.5	10096.8
10217.9	7078.02	202	1.#QNAN	0	0.015	0	3.12543e-008	5645.24	10217.9	10065.6
10186.3	7056.64	203	1.#QNAN	0	0.016	0	3.16956e-008	5633.74	10186.3	10034.5
10154.6	7035.29	204	1.#QNAN	0	0.016	0	3.18179e-008	5650.22	10154.6	10003.2
10123.4	7014	205	1.#QNAN	0	0.015	0	3.31559e-008	5580	10123.4	9972.47
10092.4	6992.78	206	1.#QNAN	0	0	0	3.18318e-008	5541.65	10092.4	9941.87
10062	6971.96	207	1.#QNAN	0	0.016	0	3.30185e-008	5552.1	10062	9911.84
10031.2	6950.98	208	1.#QNAN	0	0.015	0	3.33002e-008	5414.02	10031.2	9881.46
10000.7	6930.4	209	1.#QNAN	0	0.016	0	3.37805e-008	5456.02	10000.7	9851.39
9970.36	6909.79	210	1.#QNAN	0	0.016	0	3.40309e-008	5439.03	9970.36	9821.47
9940.06	6889.34	211	1.#QNAN	0	0.015	0	3.58346e-008	5389.57	9940.06	9791.56
9910.26	6869.36	212	1.#QNAN	0	0	0	3.43497e-008	5471.04	9910.26	9762.15
9880.19	6849.05	213	1.#QNAN	0	0.016	0	3.49977e-008	5334.01	9880.19	9732.49
9850.33	6828.64	214	1.#QNAN	0	0.015	0	3.44402e-008	5334.38	9850.33	9703.04
9820.68	6808.42	215	1.#QNAN	0	0.016	0	3.65677e-008	5248.93	9820.68	9673.79
9790.88	6788.23	216	1.#QNAN	0	0.016	0	3.67281e-008	5254.29	9790.88	9644.4
9761.4	6768.21	217	1.#QNAN	0	0.015	0	3.71118e-008	5241.39	9761.4	9615.34
9732.02	6748.27	218	1.#QNAN	0	0.016	0	3.70685e-008	5196.65	9732.02	9586.36
9702.81	6728.39	219	1.#QNAN	0	0	0	3.70455e-008	5238.91	9702.81	9557.57
9673.78	6708.57	220	1.#QNAN	0	0	0	3.75248e-008	5218.54	9673.78	9528.94
9644.93	6688.84	221	1.#QNAN	0	0.016	0	3.74336e-008	5225.26	9644.93	9500.5
9616.76	6669.6	222	1.#QNAN	0	0.016	0	3.81825e-008	5266.66	9616.76	9472.75
9588.1	6650.13	223	1.#QNAN	0	0.015	0	3.87058e-008	5155.18	9588.1	9444.49
9560.12	6631.26	224	1.#QNAN	0	0.016	0	3.70807e-008	5142.56	9560.12	9416.92
9532.09	6612.53	225	1.#QNAN	0	0.015	0	3.73635e-008	5180.16	9532.09	9389.3
9504.34	6593.95	226	1.#QNAN	0	0	0	3.88717e-008	5113.71	9504.34	9361.94
9476.92	6575.47	227	1.#QNAN	0	0.016	0	3.97823e-008	5105.14	9476.92	9334.91
9449.71	6557.06	228	1.#QNAN	0	0.016	0	4.03937e-008	5044.79	9449.71	9308.1
9422.33	6538.45	229	1.#QNAN	0	0.015	0	3.95257e-008	5006.89	9422.33	9281.12
9395.2	6520.21	230	1.#QNAN	0	0.016	0	3.93064e-008	5052.21	9395.2	9254.38
9368.71	6502.26	231	1.#QNAN	0	0.015	0	3.95384e-008	5080.6	9368.71	9228.28
9342.03	6484.27	232	1.#QNAN	0	0	0	4.04075e-008	5083.23	9342.03	9201.99
9315.47	6466.34	233	1.#QNAN	0	0.016	0	4.13412e-008	5015.21	9315.47	9175.82
9289.18	6448.52	234	1.#QNAN	0	0.016	0	4.18475e-008	5012.72	9289.18	9149.91
9262.95	6430.72	235	1.#QNAN	0	0.015	0	4.26008e-008	5001.76	9262.95	9124.08
9237.01	6413.11	236	1.#QNAN	0	0.016	0	4.25302e-008	4979.64	9237.01	9098.55
9211.22	6395.54	237	1.#QNAN	0	0.015	0	4.29709e-008	4972.4	9211.22	9073.16
9185.6	6378.05	238	1.#QNAN	0	0.016	0	4.18168e-008	4936.86	9185.6	9047.93
9160.11	6360.65	239	1.#QNAN	0	0	0	4.24548e-008	4950.89	9160.11	9022.84
9134.37	6343.11	240	1.#QNAN	0	0.016	0	4.42953e-008	4857.06	9134.37	8997.5
9109.56	6326.15	241	1.#QNAN	0	0.015	0	4.28679e-008	4998.48	9109.56	8973.1
9084.63	6309.18	242	1.#QNAN	0	0.016	0	4.42694e-008	4949.09	9084.63	8948.56
9060.09	6292.61	243	1.#QNAN	0	0.015	0	4.30827e-008	4994.71	9060.09	8924.43
9035.62	6276.01	244	1.#QNAN	0	0.016	0	4.34734e-008	4929.78	9035.62	8900.36
9011.24	6259.47	245	1.#QNAN	0	0	0	4.60883e-008	4933.93	9011.24	8876.36
8987.15	6243.11	246	1.#QNAN	0	0.016	0	4.42821e-008	4907.72	8987.15	8852.66
8963	6226.76	247	1.#QNAN	0	0.015	0	4.45406e-008	4864.7	8963	8828.91
8939.48	6210.77	248	1.#QNAN	0	0.016	0	4.5253e-008	4955.02	8939.48	8805.78
8916.07	6194.87	249	1.#QNAN	0	0.015	0	4.38317e-008	4939.51	8916.07	8782.76
8892.65	6179.05	250	1.#QNAN	0	0.016	0	4.4287e-008	4941.55	8892.65	8759.74
8869.24	6163.15	251	1.#QNAN	0	0.016	0	4.6675e-008	4889.44	8869.24	8736.71
8846.03	6147.51	252	1.#QNAN	0	0	0	4.63639e-008	4884.12	8846.03	8713.88
8822.77	6131.87	253	1.#QNAN	0	0.015	0	4.61403e-008	4825.65	8822.77	8691
8799.68	6116.29	254	1.#QNAN	0	0.016	0	4.78437e-008	4807.16	8799.68	8668.3
8776.73	6100.71	255	1.#QNAN	0	0.015	0	4.88264e-008	4803.54	8776.73	8645.72
8754.22	6085.45	256	1.#QNAN	0	0.016	0	4.70475e-008	4835.76	8754.22	8623.58
8731.85	6070.28	257	1.#QNAN	0	0.016	0	4.64935e-008	4856.94	8731.85	8601.58
8709.51	6055.11	258	1.#QNAN	0	0.015	0	4.65288e-008	4780.43	8709.51	8579.62
8687.36	6040.05	259	1.#QNAN	0	0	0	4.82629e-008	4805.09	8687.36	8557.86
8665.38	6025.17	260	1.#QNAN	0	0.016	0	4.77313e-008	4799.49	8665.38	8536.25
8643.84	6010.52	261	1.#QNAN	0	0.015	0	4.76569e-008	4881.08	8643.84	8515.11
8622.26	5995.86	262	1.#QNAN	0	0.016	0	5.02903e-008	4779.08	8622.26	8493.9
8600.86	5981.21	263	1.#QNAN	0	0.016	0	4.7031e-008	4775.02	8600.86	8472.87
8579.86	5966.9	264	1.#QNAN	0	0.015	0	5.09346e-008	4892.2	8579.86	8452.25
8558.96	5952.69	265	1.#QNAN	0	0.016	0	5.06758e-008	4837.35	8558.96	8431.72
8537.89	5938.34	266	1.#QNAN	0	0	0	4.79397e-008	4826.76	8537.89	8411.03
8516.87	5924.01	267	1.#QNAN	0	0.015	0	4.94132e-008	4803.71	8516.87	8390.39
8495.96	5909.79	268	1.#QNAN	0	0.016	0	5.00973e-008	4825.07	8495.96	8369.85
8475.45	5895.84	269	1.#QNAN	0	0.016	1	5.22483e-008	4845.4	8475.45	8349.71
8454.82	5881.75	270	1.#QNAN	0	0.015	0	5.05588e-008	4832.03	8454.82	8329.46
8434.52	5867.94	271	1.#QNAN	0	0.016	0	5.12294e-008	4881.18	8434.52	8309.53
8414.27	5854.2	272	1.#QNAN	0	0.015	0	4.86277e-008	4790.84	8414.27	8289.64
8394.27	5840.56	273	1.#QNAN	0	0.016	0	5.20868e-008	4874.32	8394.27	8269.99
8374.14	5827.01	274	1.#QNAN	0	0	0	4.96265e-008	4758.31	8374.14	8250.22
8354.34	5813.76	275	1.#QNAN	0	0.016	0	5.1257e-008	4812.98	8354.34	8230.77
8334.59	5800.66	276	1.#QNAN	0	0.015	0	5.25486e-008	4779.47	8334.59	8211.38
8315.05	5787.59	277	1.#QNAN	0	0.016	0	5.186e-008	4769.35	8315.05	8192.2
8295.43	5774.57	278	1.#QNAN	0	0.015	0	5.23026e-008	4784.65	8295.43	8172.94
8275.96	5761.56	279	1.#QNAN	0	0.016	0	5.14881e-008	4763.01	8275.96	8153.82
8256.53	5748.57	280	1.#QNAN	0	0	0	5.24535e-008	4660.28	8256.53	8134.74
8237.41	5735.84	281	1.#QNAN	0	0.016	0	5.15227e-008	4711.66	8237.41	8115.97
8218.21	5723.12	282	1.#QNAN	0	0.015	0	5.55884e-008	4712.26	8218.21	8097.12
8199.22	5710.49	283	1.#QNAN	0	0.016	0	5.57329e-008	4741.01	8199.22	8078.48
8180.36	5697.85	284	1.#QNAN	0	0.015	0	5.17637e-008	4687.35	8180.36	8059.97
8161.7	5685.41	285	1.#QNAN	0	0.016	0	5.31547e-008	4718.73	8161.7	8041.67
8143.12	5673.03	286	1.#QNAN	0	0	0	5.22166e-008	4753.71	8143.12	8023.43
8124.76	5660.78	287	1.#QNAN	0	0	0	5.38109e-008	4777.46	8124.76	8005.42
8106.49	5648.74	288	1.#QNAN	0	0.015	0	5.49447e-008	4785.84	8106.49	7987.5
8088.16	5636.65	289	1.#QNAN	0	0.016	0	5.7255e-008	4749.95	8088.16	7969.52
8069.71	5624.52	290	1.#QNAN	0	0.015	0	5.55037e-008	4707.71	8069.71	7951.42
8051.67	5612.62	291	1.#QNAN	0	0.016	0	5.56515e-008	4743.85	8051.67	7933.72
8033.74	5600.78	292	1.#QNAN	0	0.016	0	5.52673e-008	4749.13	8033.74	7916.13
8016.03	5589.07	293	1.#QNAN	0	0	0	5.55149e-008	4746.31	8016.03	7898.77
7998.15	5577.16	294	1.#QNAN	0	0.015	0	5.82801e-008	4635.65	7998.15	7881.24
7980.48	5565.44	295	1.#QNAN	0	0.016	0	5.69567e-008	4687.79	7980.48	7863.91
7962.97	5553.89	296	1.#QNAN	0	0.015	0	5.84943e-008	4750.04	7962.97	7846.73
7945.49	5542.41	297	1.#QNAN	0	0.016	0	5.62302e-008	4674.47	7945.49	7829.6
7928.25	5531.07	298	1.#QNAN	0	0.016	0	5.72632e-008	4692.29	7928.25	7812.68
7911.14	5519.81	299	1.#QNAN	0	0.015	0	6.073e-008	4713.67	7911.14	7795.91
7894.02	5508.63	300	1.#QNAN	0	0	0	5.9964e-008	4738.41	7894.02	7779.13
7877.1	5497.55	301	1.#QNAN	0	0.016	0	5.63042e-008	4689.51	7877.1	7762.54
7860.14	5486.48	302	1.#QNAN	0	0.015	0	5.86975e-008	4680.25	7860.14	7745.91
7843.4	5475.49	303	1.#QNAN	0	0.016	0	5.96491e-008	4687.25	7843.4	7729.49
7826.76	5464.51	304	1.#QNAN	0	0.016	0	5.89722e-008	4658.16	7826.76	7713.17
7810.02	5453.4	305	1.#QNAN	0	0.015	0	6.05039e-008	4584.72	7810.02	7696.74
7793.43	5442.37	306	1.#QNAN	0	0	0	6.00618e-008	4602.79	7793.43	7680.47
7776.88	5431.36	307	1.#QNAN	0	0	0	6.13413e-008	4607.11	7776.88	7664.23
7760.48	5420.47	308	1.#QNAN	0	0.015	0	6.19298e-008	4589.93	7760.48	7648.14
7744.17	5409.68	309	1.#QNAN	0	0.016	0	6.06764e-008	4597.6	7744.17	7632.15
7727.72	5398.73	310	1.#QNAN	0	0.016	0	6.03755e-008	4571.57	7727.72	7616.02
7711.55	5387.9	311	1.#QNAN	0	0.015	0	6.24163e-008	4589.8	7711.55	7600.15
7695.46	5377.16	312	1.#QNAN	0	0.016	0	6.32957e-008	4549.96	7695.46	7584.37
7679.48	5366.45	313	1.#QNAN	0	0	0	6.56124e-008	4602.51	7679.48	7568.69
7663.42	5355.72	314	1.#QNAN	0	0.015	0	6.31429e-008	4520.39	7663.42	7552.93
7647.62	5345.11	315	1.#QNAN	0	0.016	0	6.48774e-008	4602.15	7647.62	7537.43
7631.61	5334.45	316	1.#QNAN	0	0.016	0	6.36163e-008	4505.89	7631.61	7521.73
7615.88	5323.99	317	1.#QNAN	0	0.015	0	6.42976e-008	4574.19	7615.88	7506.29
7600.21	5313.58	318	1.#QNAN	0	0.016	0	6.21124e-008	4564.77	7600.21	7490.92
7584.64	5303.22	319	1.#QNAN	0	0.015	0	6.18981e-008	4553.26	7584.64	7475.64
7569.14	5292.85	320	1.#QNAN	0	0	0	6.39256e-008	4498.39	7569.14	7460.44
7553.75	5282.55	321	1.#QNAN	0	0.016	0	6.3814e-008	4511.52	7553.75	7445.34
7538.45	5272.32	322	1.#QNAN	0	0.016	0	6.52697e-008	4478.12	7538.45	7430.35
7523.35	5262.23	323	1.#QNAN	0	0.015	0	6.40006e-008	4517.46	7523.35	7415.55
7508.28	5252.11	324	1.#QNAN	0	0.016	0	6.49622e-008	4485.63	7508.28	7400.77
7493.3	5242.04	325	1.#QNAN	0	0.015	0	6.39604e-008	4448.6	7493.3	7386.08
7478.49	5232.12	326	1.#QNAN	0	0	0	6.35708e-008	4555.17	7478.49	7371.57
7463.46	5222.08	327	1.#QNAN	0	0.016	0	6.45077e-008	4440.16	7463.46	7356.83
7448.69	5212.13	328	1.#QNAN	0	0.016	0	6.23461e-008	4471.95	7448.69	7342.35
7433.89	5202.18	329	1.#QNAN	0	0.015	0	6.45711e-008	4452.52	7433.89	7327.85
7419.29	5192.4	330	1.#QNAN	0	0.016	0	6.70242e-008	4515.75	7419.29	7313.54
7404.8	5182.59	331	1.#QNAN	0	0.015	0	6.57001e-008	4508.53	7404.8	7299.35
7390.55	5173.06	332	1.#QNAN	0	0.016	0	6.36012e-008	4584.62	7390.55	7285.4
7376.47	5163.6	333	1.#QNAN	0	0	0	6.528e-008	4578.43	7376.47	7271.61
7362.47	5154.09	334	1.#QNAN	0	0.016	0	6.87109e-008	4547.84	7362.47	7257.9
7348.29	5144.43	335	1.#QNAN	0	0.015	0	6.52094e-008	4478.87	7348.29	7244.01
7334.12	5134.77	336	1.#QNAN	0	0.016	0	6.37529e-008	4450.04	7334.12	7230.14
7319.9	5125.12	337	1.#QNAN	0	0.015	0	6.77587e-008	4459.14	7319.9	7216.21
7305.98	5115.67	338	1.#QNAN	0	0.016	0	6.79243e-008	4491.27	7305.98	7202.58
7292.24	5106.38	339	1.#QNAN	0	0	0	6.62917e-008	4511.44	7292.24	7189.13
7278.59	5097.15	340	1.#QNAN	0	0.016	0	6.89594e-008	4510.92	7278.59	7175.76
7265.02	5088.02	341	1.#QNAN	0	0.015	0	6.92336e-008	4509.98	7265.02	7162.48
7251.51	5078.8	342	1.#QNAN	0	0.016	0	6.80528e-008	4457.71	7251.51	7149.25
7238.11	5069.73	343	1.#QNAN	0	0.015	0	6.88006e-008	4500.42	7238.11	7136.13
7224.86	5060.73	344	1.#QNAN	0	0.016	1	6.96632e-008	4540.78	7224.86	7123.17
7211.59	5051.76	345	1.#QNAN	0	0.016	0	6.82861e-008	4482.68	7211.59	7110.19
7198.32	5042.72	346	1.#QNAN	0	0	0	6.87635e-008	4396.53	7198.32	7097.2
7185.05	5033.77	347	1.#QNAN	0	0.015	0	6.56412e-008	4437.72	7185.05	7084.22
7172.08	5024.93	348	1.#QNAN	0	0.016	0	6.56844e-008	4563.08	7172.08	7071.52
7159.19	5016.11	349	1.#QNAN	0	0.015	0	6.8664e-008	4537.05	7159.19	7058.91
7146.29	5007.31	350	1.#QNAN	0	0.016	0	6.6753e-008	4511.64	7146.29	7046.29
7133.35	4998.51	351	1.#QNAN	0	0.016	0	6.69246e-008	4525.14	7133.35	7033.63
7120.38	4989.71	352	1.#QNAN	0	0.015	0	6.77446e-008	4447.06	7120.38	7020.94
7107.49	4980.95	353	1.#QNAN	0	0.016	0	6.99246e-008	4436.23	7107.49	7008.31
7094.6	4972.15	354	1.#QNAN	0	0.015	0	6.85809e-008	4424.93	7094.6	6995.7
7081.7	4963.44	355	1.#QNAN	0	0	0	6.6904e-008	4425.11	7081.7	6983.07
7069.17	4954.96	356	1.#QNAN	0	0.016	0	6.8044e-008	4450.65	7069.17	6970.81
7056.51	4946.46	357	1.#QNAN	0	0.016	0	6.8576e-008	4407.17	7056.51	6958.41
7044.04	4937.94	358	1.#QNAN	0	0.015	0	6.97033e-008	4481.82	7044.04	6946.2
7031.72	4929.61	359	1.#QNAN	0	0.016	0	6.98873e-008	4462.37	7031.72	6934.16
7019.4	4921.19	360	1.#QNAN	0	0.015	0	7.00417e-008	4473.52	7019.4	6922.11
7007.18	4912.84	361	1.#QNAN	0	0.016	0	7.13912e-008	4449.69	7007.18	6910.14
6994.91	4904.43	362	1.#QNAN	0	0	0	7.0329e-008	4437.45	6994.91	6898.13
6982.84	4896.17	363	1.#QNAN	0	0.016	0	7.08915e-008	4435.72	6982.84	6886.32
6970.78	4887.91	364	1.#QNAN	0	0.015	0	7.11514e-008	4406.1	6970.78	6874.53
6958.89	4879.74	365	1.#QNAN	0	0.016	0	7.17567e-008	4431.74	6958.89	6862.89
6947.03	4871.68	366	1.#QNAN	0	0.015	0	7.21059e-008	4440.06	6947.03	6851.29
6935.06	4863.54	367	1.#QNAN	0	0.016	0	6.99178e-008	4426.58	6935.06	6839.57
6923.24	4855.43	368	1.#QNAN	0	0.016	0	7.22166e-008	4415.13	6923.24	6828.01
6911.48	4847.35	369	1.#QNAN	0	0.015	0	7.37561e-008	4406.89	6911.48	6816.51
6899.73	4839.27	370	1.#QNAN	0	0	0	7.10515e-008	4397.05	6899.73	6805.02
6887.91	4831.11	371	1.#QNAN	0	0.016	0	6.67277e-008	4329.14	6887.91	6793.45
6876.21	4823	372	1.#QNAN	0	0.015	0	7.27673e-008	4375.56	6876.21	6782.02
6864.5	4814.98	373	1.#QNAN	0	0.016	0	7.23263e-008	4358.74	6864.5	6770.57
6852.99	4807.06	374	1.#QNAN	0	0.016	0	7.19888e-008	4411.46	6852.99	6759.31
6841.43	4799.11	375	1.#QNAN	0	0.015	0	7.08144e-008	4328.09	6841.43	6748.02
6830	4791.16	376	1.#QNAN	0	0.016	0	6.87016e-008	4322.22	6830	6736.84
6818.72	4783.32	377	1.#QNAN	0	0.015	0	7.32028e-008	4293.17	6818.72	6725.81
6807.34	4775.42	378	1.#QNAN	0	0	0	7.36833e-008	4263.71	6807.34	6714.68
6795.97	4767.55	379	1.#QNAN	0	0.016	0	7.26685e-008	4238.48	6795.97	6703.56
6784.77	4759.82	380	1.#QNAN	0	0.016	0	7.33655e-008	4281.04	6784.77	6692.61
6773.52	4752.02	381	1.#QNAN	0	0.015	0	7.0431e-008	4256.22	6773.52	6681.62
6762.53	4744.37	382	1.#QNAN	0	0.016	0	7.28275e-008	4237.15	6762.53	6670.88
6751.63	4736.8	383	1.#QNAN	0	0.015	0	7.42899e-008	4278.88	6751.63	6660.24
6740.78	4729.28	384	1.#QNAN	0	0.016	0	7.08188e-008	4304.65	6740.78	6649.65
6729.88	4721.74	385	1.#QNAN	0	0	0	6.98951e-008	4275.05	6729.88	6638.99
6719.19	4714.24	386	1.#QNAN	0	0.016	0	7.19618e-008	4321.32	6719.19	6628.56
6708.51	4706.8	387	1.#QNAN	0	0.015	0	7.28955e-008	4313.38	6708.51	6618.13
6697.82	4699.31	388	1.#QNAN	0	0.016	0	7.33178e-008	4304.14	6697.82	6607.7
6687.27	4691.83	389	1.#QNAN	0	0.015	0	7.24945e-008	4352.46	6687.27	6597.4
6676.77	4684.43	390	1.#QNAN	0	0.016	0	7.3307e-008	4378.35	6676.77	6587.16
6666.3	4677.03	391	1.#QNAN	0	0	0	7.3929e-008	4328.95	6666.3	6576.94
6656.03	4669.72	392	1.#QNAN	0	0.016	0	7.56564e-008	4335.82	6656.03	6566.91
6645.73	4662.48	393	1.#QNAN	0	0.015	0	7.53659e-008	4335.56	6645.73	6556.87
6635.42	4655.2	394	1.#QNAN	0	0.016	0	7.45364e-008	4304.55	6635.42	6546.81
6625.35	4648.09	395	1.#QNAN	0	0.015	0	7.29718e-008	4323.47	6625.35	6536.98
6615.07	4640.87	396	1.#QNAN	0	0.016	0	7.60771e-008	4264.41	6615.07	6526.94
6604.81	4633.66	397	1.#QNAN	0	0.016	0	7.21683e-008	4230.52	6604.81	6516.92
6594.66	4626.53	398	1.#QNAN	0	0.015	0	7.52169e-008	4273.91	6594.66	6507
6584.62	4619.52	399	1.#QNAN	0	0	0	7.59107e-008	4280.13	6584.62	6497.21
6574.45	4612.44	400	1.#QNAN	0	0.016	0	7.53197e-008	4164.8	6574.45	6487.27
6564.42	4605.47	401	1.#QNAN	0	0.015	0	7.82911e-008	4203.29	6564.42	6477.48
6554.45	4598.47	402	1.#QNAN	0	0.016	0	7.51683e-008	4189.31	6554.45	6467.75
6544.56	4591.57	403	1.#QNAN	0	0.016	0	7.93838e-008	4260.15	6544.56	6458.09
6534.83	4584.76	404	1.#QNAN	0	0.015	0	7.32046e-008	4240.88	6534.83	6448.59
6525.05	4577.94	405	1.#QNAN	0	0	0	7.759e-008	4236.84	6525.05	6439.05
6515.29	4571.1	406	1.#QNAN	0	0.016	0	7.44589e-008	4235.29	6515.29	6429.52
6505.73	4564.4	407	1.#QNAN	0	0.015	0	7.46806e-008	4278.9	6505.73	6420.19
6496.09	4557.61	408	1.#QNAN	0	0.016	0	7.64364e-008	4219.2	6496.09	6410.79
6486.6	4550.95	409	1.#QNAN	0	0.016	0	7.65215e-008	4239.8	6486.6	6401.54
6477.1	4544.31	410	1.#QNAN	0	0.015	0	7.76324e-008	4221.23	6477.1	6392.28
6467.64	4537.66	411	1.#QNAN	0	0.016	0	7.47218e-008	4254.35	6467.64	6383.06
6458.26	4531.06	412	1.#QNAN	0	0.015	0	7.5321e-008	4194.78	6458.26	6373.91
6449.02	4524.55	413	1.#QNAN	0	0	0	7.7706e-008	4221.27	6449.02	6364.91
6439.62	4517.95	414	1.#QNAN	0	0.016	0	7.71557e-008	4209.95	6439.62	6355.74
6430.53	4511.57	415	1.#QNAN	0	0.016	0	7.73044e-008	4247.52	6430.53	6346.88
6421.42	4505.2	416	1.#QNAN	0	0.015	0	7.80316e-008	4238.13	6421.42	6338
6412.33	4498.86	417	1.#QNAN	0	0.016	0	7.76398e-008	4221.15	6412.33	6329.15
6403.21	4492.45	418	1.#QNAN	0	0.015	1	8.06748e-008	4232.2	6403.21	6320.25
6394.17	4486.15	419	1.#QNAN	0	0.016	0	8.02556e-008	4224.01	6394.17	6311.44
6385.18	4479.87	420	1.#QNAN	0	0	0	7.99814e-008	4244.6	6385.18	6302.68
6376.2	4473.62	421	1.#QNAN	0	0.016	0	8.11976e-008	4259.53	6376.2	6293.92
6367.19	4467.29	422	1.#QNAN	0	0.015	0	7.85286e-008	4220.9	6367.19	6285.15
6358.34	4461.13	423	1.#QNAN	0	0.016	0	7.87857e-008	4269.08	6358.34	6276.54
6349.55	4454.95	424	1.#QNAN	0	0.015	0	7.7853e-008	4252.19	6349.55	6267.97
6340.83	4448.83	425	1.#QNAN	0	0.016	0	7.92583e-008	4263.18	6340.83	6259.47
6332.13	4442.7	426	1.#QNAN	0	0	0	8.07879e-008	4256.42	6332.13	6251.01
6323.52	4436.65	427	1.#QNAN	0	0.016	0	8.01476e-008	4263.07	6323.52	6242.62
6315.07	4430.66	428	1.#QNAN	0	0.015	0	7.55687e-008	4333.65	6315.07	6234.38
6306.6	4424.65	429	1.#QNAN	0	0.016	0	7.80433e-008	4326.27	6306.6	6226.14
6298.13	4418.63	430	1.#QNAN	0	0.015	0	7.89452e-008	4262.5	6298.13	6217.88
6289.72	4412.71	431	1.#QNAN	0	0.016	0	7.80285e-008	4275.42	6289.72	6209.7
6281.19	4406.69	432	1.#QNAN	0	0.016	0	8.1185e-008	4246.77	6281.19	6201.39
6272.79	4400.77	433	1.#QNAN	0	0	0	8.01895e-008	4236.67	6272.79	6193.21
6264.34	4394.84	434	1.#QNAN	0	0.015	0	7.788e-008	4185.98	6264.34	6184.98
6256.03	4388.96	435	1.#QNAN	0	0.016	0	8.0801e-008	4222.55	6256.03	6176.88
6247.67	4383.04	436	1.#QNAN	0	0.015	0	8.09291e-008	4230.64	6247.67	6168.74
6239.43	4377.2	437	1.#QNAN	0	0.016	0	7.91363e-008	4273.67	6239.43	6160.72
6231.25	4371.41	438	1.#QNAN	0	0.016	0	7.92073e-008	4286.06	6231.25	6152.76
6223.12	4365.68	439	1.#QNAN	0	0.015	0	8.08542e-008	4276.11	6223.12	6144.84
6214.86	4359.9	440	1.#QNAN	0	0	0	8.21016e-008	4264.05	6214.86	6136.8
6206.65	4354.2	441	1.#QNAN	0	0.016	0	8.02387e-008	4249.07	6206.65	6128.8
6198.42	4348.48	442	1.#QNAN	0	0.015	0	8.09155e-008	4221.92	6198.42	6120.78
6190.37	4342.82	443	1.#QNAN	0	0.016	0	8.15758e-008	4212.09	6190.37	6112.94
6182.21	4337.13	444	1.#QNAN	0	0.016	0	7.76235e-008	4199.05	6182.21	6104.99
6174.12	4331.5	445	1.#QNAN	0	0.015	0	8.31588e-008	4212.22	6174.12	6097.1
6165.94	4325.81	446	1.#QNAN	0	0	0	8.2302e-008	4102.92	6165.94	6089.13
6157.78	4320.13	447	1.#QNAN	0	0.016	0	8.22295e-008	4077.6	6157.78	6081.17
6149.8	4314.56	448	1.#QNAN	0	0.015	0	8.26547e-008	4174.34	6149.8	6073.4
6141.86	4308.95	449	1.#QNAN	0	0.016	0	8.2429e-008	4092.33	6141.86	6065.65
6133.82	4303.34	450	1.#QNAN	0	0.016	0	8.28185e-008	4089.98	6133.82	6057.81
6125.77	4297.75	451	1.#QNAN	0	0.015	0	8.00342e-008	4074.82	6125.77	6049.96
6117.79	4292.15	452	1.#QNAN	0	0.016	0	8.15621e-008	4058.7	6117.79	6042.18
6109.89	4286.64	453	1.#QNAN	0	0	0	8.20791e-008	4138.14	6109.89	6034.48
6102.08	4281.12	454	1.#QNAN	0	0.015	0	8.7813e-008	4155.82	6102.08	6026.86
6094.14	4275.52	455	1.#QNAN	0	0.016	0	8.37122e-008	4093.27	6094.14	6019.13
6086.24	4269.93	456	1.#QNAN	0	0.016	0	8.14137e-008	4072.97	6086.24	6011.44
6078.47	4264.42	457	1.#QNAN	0	0.015	0	8.36773e-008	4090.39	6078.47	6003.86
6070.62	4258.88	458	1.#QNAN	0	0.016	0	8.05987e-008	4012.13	6070.62	5996.21
6062.97	4253.48	459	1.#QNAN	0	0.015	0	8.18212e-008	4065.66	6062.97	5988.75
6055.37	4248.1	460	1.#QNAN	0	0	0	8.27559e-008	4125.12	6055.37	5981.35
6047.87	4242.82	461	1.#QNAN	0	0.016	0	8.26842e-008	4113.77	6047.87	5974.03
6040.55	4237.57	462	1.#QNAN	0	0.016	0	8.502e-008	4196.7	6040.55	5966.91
6033.12	4232.32	463	1.#QNAN	0	0.015	0	8.41797e-008	4184.38	6033.12	5959.68
6025.83	4227.14	464	1.#QNAN	0	0.016	0	8.24009e-008	4180.89	6025.83	5952.57
6018.53	4221.98	465	1.#QNAN	0	0.015	0	8.34047e-008	4170.33	6018.53	5945.47
6011.19	4216.78	466	1.#QNAN	0	0	0	8.28112e-008	4143.61	6011.19	5938.31
6003.83	4211.52	467	1.#QNAN	0	0.016	0	8.23308e-008	4052.35	6003.83	5931.13
5996.48	4206.24	468	1.#QNAN	0	0.016	0	8.62266e-008	4025.98	5996.48	5923.98
5989.27	4201.09	469	1.#QNAN	0	0.015	0	8.07152e-008	4065.52	5989.27	5916.96
5982.04	4195.92	470	1.#QNAN	0	0.016	0	8.19478e-008	4061.96	5982.04	5909.92
5974.84	4190.8	471	1.#QNAN	0	0.015	0	8.40698e-008	4081.17	5974.84	5902.9
5967.72	4185.76	472	1.#QNAN	0	0.016	0	8.45957e-008	4128.98	5967.72	5895.97
5960.66	4180.74	473	1.#QNAN	0	0	0	8.53577e-008	4118.61	5960.66	5889.09
5953.49	4175.66	474	1.#QNAN	0	0.016	0	8.18827e-008	4092.31	5953.49	5882.11
5946.55	4170.66	475	1.#QNAN	0	0.015	0	8.31249e-008	4110.37	5946.55	5875.35
5939.57	4165.66	476	1.#QNAN	0	0.016	0	8.55214e-008	4101.11	5939.57	5868.55
5932.6	4160.69	477	1.#QNAN	0	0.015	0	8.73386e-008	4129.79	5932.6	5861.77
5925.65	4155.76	478	1.#QNAN	0	0.016	0	8.17378e-008	4069.27	5925.65	5855.01
5918.89	4150.95	479	1.#QNAN	0	0.016	0	8.49054e-008	4124.81	5918.89	5848.43
5912.02	4146.06	480	1.#QNAN	0	0	0	8.29545e-008	4102.27	5912.02	5841.74
5905.19	4141.14	481	1.#QNAN	0	0.015	0	8.365e-008	4097.08	5905.19	5835.1
5898.34	4136.24	482	1.#QNAN	0	0.016	0	8.66606e-008	4062.37	5898.34	5828.43
5891.54	4131.36	483	1.#QNAN	0	0.015	0	8.48119e-008	4089.13	5891.54	5821.81
5884.77	4126.52	484	1.#QNAN	0	0.016	0	8.78457e-008	4047.61	5884.77	5815.22
5878.05	4121.7	485	1.#QNAN	0	0.016	0	8.08721e-008	4115.49	5878.05	5808.69
5871.35	4116.92	486	1.#QNAN	0	0	0	8.94233e-008	4151.58	5871.35	5802.16
5864.66	4112.11	487	1.#QNAN	0	0.015	0	8.53577e-008	4108.19	5864.66	5795.64
5857.97	4107.28	488	1.#QNAN	0	0.016	0	8.53105e-008	4035.8	5857.97	5789.13
5851.24	4102.45	489	1.#QNAN	0	0.015	0	8.15015e-008	4060.16	5851.24	5782.58
5844.63	4097.72	490	1.#QNAN	0	0.016	0	8.54963e-008	4096.28	5844.63	5776.14
5838.08	4093.03	491	1.#QNAN	0	0.016	0	8.46604e-008	4105.15	5838.08	5769.77
5831.59	4088.32	492	1.#QNAN	0	0.015	0	8.50057e-008	4162.54	5831.59	5763.46
5825.15	4083.68	493	1.#QNAN	0	0	0	8.61341e-008	4197.1	5825.15	5757.2
5818.64	4079.03	494	1.#QNAN	0	0.016	1	8.6553e-008	4074.68	5818.64	5750.87
5812.21	4074.37	495	1.#QNAN	0	0.015	0	8.74083e-008	4125.78	5812.21	5744.62
5805.81	4069.75	496	1.#QNAN	0	0.016	0	8.63222e-008	4105.71	5805.81	5738.4
5799.46	4065.2	497	1.#QNAN	0	0.016	0	8.33619e-008	4120.71	5799.46	5732.23
5793.1	4060.66	498	1.#QNAN	0	0.015	0	8.77171e-008	4090.6	5793.1	5726.04
5786.79	4056.15	499	1.#QNAN	0	0.016	0	8.44374e-008	4077.15	5786.79	5719.91
5780.45	4051.65	500	1.#QNAN	0	0	0	8.65806e-008	4052.39	5780.45	5713.74
5774.11	4047.16	501	1.#QNAN	0	0.015	0	8.70839e-008	4045.98	5774.11	5707.57
5767.86	4042.76	502	1.#QNAN	0	0.016	0	8.96565e-008	4123.36	5767.86	5701.5
5761.64	4038.32	503	1.#QNAN	0	0.016	0	8.83416e-008	4118.59	5761.64	5695.45
5755.42	4033.88	504	1.#QNAN	0	0.015	0	8.56663e-008	4096.09	5755.42	5689.4
5749.18	4029.43	505	1.#QNAN	0	0.016	0	8.82441e-008	4096.91	5749.18	5683.33
5742.95	4024.96	506	1.#QNAN	0	0	0	9.01971e-008	4107.82	5742.95	5677.26
5736.81	4020.56	507	1.#QNAN	0	0.015	0	8.8108e-008	4114.61	5736.81	5671.29
5730.81	4016.26	508	1.#QNAN	0	0.016	0	8.89987e-008	4217.79	5730.81	5665.46
5724.8	4011.97	509	1.#QNAN	0	0.016	0	8.4255e-008	4200.16	5724.8	5659.62
5718.78	4007.65	510	1.#QNAN	0	0.015	0	8.89674e-008	4116.86	5718.78	5653.77
5712.91	4003.41	511	1.#QNAN	0	0.016	0	8.72699e-008	4219.95	5712.91	5648.07
5706.97	3999.14	512	1.#QNAN	0	0	0	9.03356e-008	4152.9	5706.97	5642.29
5701.06	3994.92	513	1.#QNAN	0	0.015	0	8.79815e-008	4125.85	5701.06	5636.55
5695.16	3990.67	514	1.#QNAN	0	0.016	0	8.97212e-008	4214.57	5695.16	5630.82
5689.42	3986.52	515	1.#QNAN	0	0.016	0	9.1023e-008	4174.82	5689.42	5625.24
5683.75	3982.37	516	1.#QNAN	0	0.015	0	8.91599e-008	4227.18	5683.75	5619.73
5677.95	3978.18	517	1.#QNAN	0	0.016	0	8.91352e-008	4167.97	5677.95	5614.1
5672.18	3974	518	1.#QNAN	0	0.015	0	8.98374e-008	4124.89	5672.18	5608.49
5666.31	3969.79	519	1.#QNAN	0	0	0	8.76014e-008	4099.65	5666.31	5602.78
5660.46	3965.64	520	1.#QNAN	0	0.016	0	8.7251e-008	4092.92	5660.46	5597.09
5654.78	3961.53	521	1.#QNAN	0	0.016	0	9.02577e-008	4211.82	5654.78	5591.58
5649.12	3957.41	522	1.#QNAN	0	0.015	0	9.09698e-008	4221.06	5649.12	5586.09
5643.42	3953.25	523	1.#QNAN	0	0.016	0	8.99118e-008	4146.92	5643.42	5580.55
5637.88	3949.19	524	1.#QNAN	0	0.015	0	9.20649e-008	4162.26	5637.88	5575.17
5632.38	3945.13	525	1.#QNAN	0	0.016	0	9.02976e-008	4206.97	5632.38	5569.83
5626.83	3941.1	526	1.#QNAN	0	0	0	9.36281e-008	4210.5	5626.83	5564.45
5621.19	3936.98	527	1.#QNAN	0	0.016	0	9.15642e-008	4131.76	5621.19	5558.97
5615.68	3932.96	528	1.#QNAN	0	0.015	0	9.12004e-008	4203.2	5615.68	5553.63
5610.18	3928.93	529	1.#QNAN	0	0.016	0	9.28434e-008	4120.7	5610.18	5548.29
5604.73	3924.93	530	1.#QNAN	0	0.015	0	9.01989e-008	4162.94	5604.73	5543.01
5599.29	3920.92	531	1.#QNAN	0	0.016	0	9.0308e-008	4166.88	5599.29	5537.73
5593.89	3916.95	532	1.#QNAN	0	0.016	0	9.08789e-008	4211.83	5593.89	5532.49
5588.49	3912.99	533	1.#QNAN	0	0.015	0	9.1991e-008	4137.13	5588.49	5527.25
5583.16	3909.09	534	1.#QNAN	0	0	0	9.17206e-008	4175.19	5583.16	5522.08
5577.85	3905.21	535	1.#QNAN	0	0.016	0	9.08864e-008	4208.39	5577.85	5516.92
5572.47	3901.27	536	1.#QNAN	0	0.015	0	9.34254e-008	4167.54	5572.47	5511.7
5567.14	3897.35	537	1.#QNAN	0	0.016	0	9.24505e-008	4168.65	5567.14	5506.52
5561.74	3893.39	538	1.#QNAN	0	0.016	0	9.20606e-008	4092.46	5561.74	5501.28
5556.5	3889.51	539	1.#QNAN	0	0.015	0	9.18832e-008	4159.7	5556.5	5496.2
5551.22	3885.6	540	1.#QNAN	0	0.016	0	8.98799e-008	4074.49	5551.22	5491.07
5545.97	3881.68	541	1.#QNAN	0	0	0	9.56063e-008	4082.54	5545.97	5485.97
5540.77	3877.86	542	1.#QNAN	0	0.015	0	9.20171e-008	4141.76	5540.77	5480.92
5535.54	3874.04	543	1.#QNAN	0	0.016	0	9.38066e-008	4129.66	5535.54	5475.84
5530.34	3870.25	544	1.#QNAN	0	0.016	0	9.01137e-008	4069.7	5530.34	5470.79
5524.9	3866.28	545	1.#QNAN	0	0.015	0	9.10629e-008	3895.56	5524.9	5465.5
5519.65	3862.43	546	1.#QNAN	0	0.016	0	9.19425e-008	4039.74	5519.65	5460.4
5514.4	3858.56	547	1.#QNAN	0	0	0	9.09892e-008	4001.53	5514.4	5455.3
5509.15	3854.71	548	1.#QNAN	0	0.015	0	9.40187e-008	4014.17	5509.15	5450.19
5503.98	3850.94	549	1.#QNAN	0	0.016	0	9.24739e-008	4053.76	5503.98	5445.17
5498.89	3847.17	550	1.#QNAN	0	0.016	0	9.44969e-008	4096.16	5498.89	5440.23
5493.79	3843.42	551	1.#QNAN	0	0.015	0	9.53337e-008	4051.23	5493.79	5435.27
5488.74	3839.7	552	1.#QNAN	0	0.016	0	9.65138e-008	4050.51	5488.74	5430.36
5483.59	3835.94	553	1.#QNAN	0	0	0	9.11813e-008	4007.17	5483.59	5425.36
5478.52	3832.22	554	1.#QNAN	0	0	0	9.34642e-008	3986.45	5478.52	5420.43
5473.52	3828.54	555	1.#QNAN	0	0.016	0	9.66822e-008	4014.53	5473.52	5415.58
5468.37	3824.75	556	1.#QNAN	0	0.016	0	9.54026e-008	3964.88	5468.37	5410.58
5463.35	3821.06	557	1.#QNAN	0	0.015	0	9.11089e-008	4017.3	5463.35	5405.7
5458.23	3817.32	558	1.#QNAN	0	0.016	0	9.90596e-008	3941.35	5458.23	5400.72
5453.21	3813.64	559	1.#QNAN	0	0.015	0	9.33066e-008	4003.87	5453.21	5395.85
5448.18	3810	560	1.#QNAN	0	0	0	9.67936e-008	3959.68	5448.18	5390.96
5443.24	3806.42	561	1.#QNAN	0	0.016	0	9.32338e-008	3967.11	5443.24	5386.16
5438.35	3802.83	562	1.#QNAN	0	0.016	0	9.41386e-008	3974.79	5438.35	5381.4
5433.48	3799.27	563	1.#QNAN	0	0.015	0	9.31969e-008	3994.5	5433.48	5376.67
5428.59	3795.63	564	1.#QNAN	0	0.016	0	9.45469e-008	3967.06	5428.59	5371.92
5423.83	3792.12	565	1.#QNAN	0	0.015	0	9.51136e-008	4081.68	5423.83	5367.3
5418.92	3788.47	566	1.#QNAN	0	0.016	0	9.09825e-008	3935.64	5418.92	5362.53
5414.09	3784.88	567	1.#QNAN	0	0	0	9.66764e-008	4026.92	5414.09	5357.84
5409.26	3781.27	568	1.#QNAN	0	0.016	0	9.74091e-008	4038.64	5409.26	5353.15
5404.49	3777.71	569	1.#QNAN	0	0.015	1	9.56384e-008	3976.79	5404.49	5348.51
5399.77	3774.19	570	1.#QNAN	0	0.016	0	9.91429e-008	4015.3	5399.77	5343.93
5395.04	3770.63	571	1.#QNAN	0	0.015	0	9.40172e-008	4010.97	5395.04	5339.35
5390.44	3767.16	572	1.#QNAN	0	0.016	0	9.5081e-008	4030.4	5390.44	5334.89
5385.83	3763.67	573	1.#QNAN	0	0	0	9.79714e-008	4031.1	5385.83	5330.42
5381.25	3760.25	574	1.#QNAN	0	0.016	0	9.58308e-008	3991.43	5381.25	5325.98
5376.64	3756.77	575	1.#QNAN	0	0.015	0	9.404e-008	4018.07	5376.64	5321.51
5372.06	3753.32	576	1.#QNAN	0	0.016	0	9.44498e-008	4006.31	5372.06	5317.06
5367.4	3749.83	577	1.#QNAN	0	0.015	0	9.7387e-008	3928.36	5367.4	5312.53
5362.8	3746.37	578	1.#QNAN	0	0.016	0	9.75823e-008	3901.65	5362.8	5308.06
5358.25	3742.95	579	1.#QNAN	0	0.016	0	9.83347e-008	3973.37	5358.25	5303.65
5353.84	3739.61	580	1.#QNAN	0	0	0	9.98527e-008	4053.57	5353.84	5299.36
5349.28	3736.17	581	1.#QNAN	0	0.015	0	9.9867e-008	3906.29	5349.28	5294.94
5344.55	3732.62	582	1.#QNAN	0	0.016	0	9.70314e-008	3867.28	5344.55	5290.34
5339.91	3729.13	583	1.#QNAN	0	0.015	0	9.72081e-008	3917.5	5339.91	5285.82
5335.36	3725.68	584	1.#QNAN	0	0.016	0	1.02698e-007	3965.13	5335.36	5281.41
5330.84	3722.26	585	1.#QNAN	0	0.016	0	9.8968e-008	3993.8	5330.84	5277.02
5326.29	3718.83	586	1.#QNAN	0	0	0	9.36194e-008	3961.03	5326.29	5272.59
5321.89	3715.5	587	1.#QNAN	0	0.015	0	9.95007e-008	4023.46	5321.89	5268.33
5317.52	3712.21	588	1.#QNAN	0	0.016	0	9.69307e-008	4032.65	5317.52	5264.09
5313.06	3708.86	589	1.#QNAN	0	0.015	0	1.0198e-007	3994.82	5313.06	5259.76
5308.58	3705.48	590	1.#QNAN	0	0.016	0	1.00647e-007	3944.18	5308.58	5255.4
5304.15	3702.14	591	1.#QNAN	0	0.016	0	1.0264e-007	3969.58	5304.15	5251.1
5299.68	3698.78	592	1.#QNAN	0	0.015	0	1.00668e-007	3986.66	5299.68	5246.77
5295.3	3695.48	593	1.#QNAN	0	0	0	9.97608e-008	3986.55	5295.3	5242.51
5290.94	3692.18	594	1.#QNAN	0	0.016	0	1.00482e-007	3979.68	5290.94	5238.28
5286.71	3688.98	595	1.#QNAN	0	0.015	0	1.01986e-007	4008.04	5286.71	5234.18
5282.47	3685.78	596	1.#QNAN	0	0.016	0	1.00949e-007	4010.08	5282.47	5230.07
5278.23	3682.59	597	1.#QNAN	0	0.016	0	1.01508e-007	3989.9	5278.23	5225.96
5273.99	3679.41	598	1.#QNAN	0	0.015	0	9.84766e-008	4009.16	5273.99	5221.84
5269.72	3676.2	599	1.#QNAN	0	0.016	0	1.00319e-007	3963.6	5269.72	5217.7
5265.49	3672.98	600	1.#QNAN	0	0	0	9.95265e-008	3976.69	5265.49	5213.6
5261.24	3669.76	601	1.#QNAN	0	0.015	0	1.01782e-007	3964.27	5261.24	5209.47
5257.07	3666.58	602	1.#QNAN	0	0.016	0	1.00077e-007	4002.38	5257.07	5205.43
5252.84	3663.36	603	1.#QNAN	0	0.016	0	1.01974e-007	3971.76	5252.84	5201.31
5248.65	3660.18	604	1.#QNAN	0	0.015	0	1.0242e-007	3933.05	5248.65	5197.25
5244.44	3656.96	605	1.#QNAN	0	0.016	0	1.06285e-007	3941.58	5244.44	5193.16
5240.27	3653.78	606	1.#QNAN	0	0.015	0	1.03656e-007	3924.75	5240.27	5189.11
5236.07	3650.59	607	1.#QNAN	0	0	0	1.03094e-007	3929.95	5236.07	5185.03
5231.96	3647.42	608	1.#QNAN	0	0.016	0	1.02433e-007	3923.59	5231.96	5181.04
5227.87	3644.25	609	1.#QNAN	0	0.016	0	1.03824e-007	3912.6	5227.87	5177.07
5223.85	3641.12	610	1.#QNAN	0	0.015	0	1.0242e-007	3890.42	5223.85	5173.17
5219.8	3638.02	611	1.#QNAN	0	0.016	0	1.01408e-007	3903.85	5219.8	5169.24
5215.78	3634.91	612	1.#QNAN	0	0.015	0	1.01294e-007	3919.88	5215.78	5165.35
5211.81	3631.87	613	1.#QNAN	0	0.016	0	1.03542e-007	3905.55	5211.81	5161.49
5207.76	3628.76	614	1.#QNAN	0	0	0	1.08204e-007	3894.52	5207.76	5157.57
5203.76	3625.67	615	1.#QNAN	0	0.016	0	9.95877e-008	3906.67	5203.76	5153.69
5199.73	3622.56	616	1.#QNAN	0	0.015	0	1.03013e-007	3898.77	5199.73	5149.77
5195.81	3619.53	617	1.#QNAN	0	0.016	0	1.08081e-007	3930.15	5195.81	5145.98
5191.92	3616.52	618	1.#QNAN	0	0.015	0	1.06977e-007	3966.81	5191.92	5142.21
5188.02	3613.51	619	1.#QNAN	0	0.016	0	1.08788e-007	3942.56	5188.02	5138.42
5184.12	3610.49	620	1.#QNAN	0	0.016	0	1.06769e-007	3923.46	5184.12	5134.64
5180.2	3607.45	621	1.#QNAN	0	0	0	1.01559e-007	3911.7	5180.2	5130.84
5176.33	3604.44	622	1.#QNAN	0	0.015	0	1.07079e-007	3931.2	5176.33	5127.1
5172.45	3601.43	623	1.#QNAN	0	0.016	0	1.05609e-007	3940.07	5172.45	5123.34
5168.63	3598.49	624	1.#QNAN	0	0.015	0	1.04824e-007	3994.46	5168.63	5119.63
5164.77	3595.53	625	1.#QNAN	0	0.016	0	1.07386e-007	3980.03	5164.77	5115.89
5160.88	3592.58	626	1.#QNAN	0	0.016	0	1.05398e-007	3921.24	5160.88	5112.11
5157.03	3589.63	627	1.#QNAN	0	0.015	0	1.07978e-007	3966.21	5157.03	5108.37
5153.12	3586.63	628	1.#QNAN	0	0	0	1.09397e-007	3929.17	5153.12	5104.58
5149.33	3583.69	629	1.#QNAN	0	0.016	0	1.06919e-007	3979.98	5149.33	5100.91
5145.55	3580.72	630	1.#QNAN	0	0.015	0	1.10755e-007	3987.7	5145.55	5097.24
5141.7	3577.77	631	1.#QNAN	0	0.016	0	1.09378e-007	3934.27	5141.7	5093.5
5137.9	3574.81	632	1.#QNAN	0	0.016	0	1.06948e-007	3950.34	5137.9	5089.81
5134.14	3571.9	633	1.#QNAN	0	0.015	0	1.09628e-007	3951.13	5134.14	5086.16
5130.39	3569.01	634	1.#QNAN	0	0.016	0	1.10446e-007	3958.2	5130.39	5082.53
5126.65	3566.11	635	1.#QNAN	0	0	0	1.08357e-007	3952.57	5126.65	5078.89
5122.91	3563.22	636	1.#QNAN	0	0.015	0	1.1142e-007	3938.77	5122.91	5075.27
5119.11	3560.26	637	1.#QNAN	0	0.016	0	1.11209e-007	3917.36	5119.11	5071.58
5115.35	3557.37	638	1.#QNAN	0	0.016	0	1.11292e-007	3932.24	5115.35	5067.93
5111.61	3554.47	639	1.#QNAN	0	0.015	0	1.09549e-007	3937.43	5111.61	5064.3
5107.85	3551.55	640	1.#QNAN	0	0.016	0	1.06964e-007	3927.14	5107.85	5060.65
5104.17	3548.66	641	1.#QNAN	0	0.015	0	1.08005e-007	3952.03	5104.17	5057.07
5100.45	3545.75	642	1.#QNAN	0	0	0	1.11244e-007	3890.39	5100.45	5053.47
5096.73	3542.84	643	1.#QNAN	0	0.016	0	1.11068e-007	3889.49	5096.73	5049.85
5092.99	3539.91	644	1.#QNAN	0	0.016	1	1.12176e-007	3914.07	5092.99	5046.22
5089.21	3536.97	645	1.#QNAN	0	0.015	0	1.10507e-007	3852.85	5089.21	5042.55
5085.48	3534.07	646	1.#QNAN	0	0.016	0	1.13316e-007	3828.15	5085.48	5038.92
5081.76	3531.15	647	1.#QNAN	0	0.015	0	1.09959e-007	3860.46	5081.76	5035.31
5078.01	3528.24	648	1.#QNAN	0	0	0	1.09035e-007	3833.92	5078.01	5031.67
5074.35	3525.4	649	1.#QNAN	0	0	0	1.11926e-007	3842.84	5074.35	5028.11
5070.76	3522.58	650	1.#QNAN	0	0.016	0	1.11433e-007	3894.03	5070.76	5024.63
5067.17	3519.72	651	1.#QNAN	0	0.015	0	1.14145e-007	3916.51	5067.17	5021.15
5063.65	3516.93	652	1.#QNAN	0	0.016	0	1.09276e-007	3910.57	5063.65	5017.74
5060.09	3514.13	653	1.#QNAN	0	0.015	0	1.12933e-007	3903.77	5060.09	5014.28
5056.51	3511.28	654	1.#QNAN	0	0.016	0	1.15512e-007	3897.21	5056.51	5010.8
5052.89	3508.46	655	1.#QNAN	0	0	0	1.13332e-007	3875.2	5052.89	5007.29
5049.33	3505.67	656	1.#QNAN	0	0.016	0	1.09512e-007	3872.68	5049.33	5003.84
5045.75	3502.85	657	1.#QNAN	0	0.015	0	1.08839e-007	3875.03	5045.75	5000.36
5042.21	3500.05	658	1.#QNAN	0	0.016	0	1.08949e-007	3867.59	5042.21	4996.92
5038.69	3497.24	659	1.#QNAN	0	0.015	0	1.0846e-007	3846.79	5038.69	4993.5
5035.16	3494.45	660	1.#QNAN	0	0.016	0	1.06875e-007	3824.81	5035.16	4990.08
5031.63	3491.64	661	1.#QNAN	0	0.016	0	1.13824e-007	3839.09	5031.63	4986.65
5028.12	3488.85	662	1.#QNAN	0	0	0	1.13794e-007	3882.87	5028.12	4983.24
5024.68	3486.11	663	1.#QNAN	0	0.015	0	1.09013e-007	3890.38	5024.68	4979.9
5021.22	3483.36	664	1.#QNAN	0	0.016	0	1.1543e-007	3868.53	5021.22	4976.55
5017.77	3480.61	665	1.#QNAN	0	0.015	0	1.13902e-007	3865.9	5017.77	4973.2
5014.35	3477.87	666	1.#QNAN	0	0.016	0	1.11536e-007	3851.07	5014.35	4969.88
5010.98	3475.15	667	1.#QNAN	0	0.016	0	1.12337e-007	3874.83	5010.98	4966.61
5007.6	3472.42	668	1.#QNAN	0	0.015	0	1.14779e-007	3892.98	5007.6	4963.33
5004.25	3469.69	669	1.#QNAN	0	0	0	1.14398e-007	3898.97	5004.25	4960.08
5000.84	3466.98	670	1.#QNAN	0	0.016	0	1.16364e-007	3844.8	5000.84	4956.76
4997.45	3464.29	671	1.#QNAN	0	0.015	0	1.10705e-007	3866.26	4997.45	4953.48
4994.09	3461.62	672	1.#QNAN	0	0.016	0	1.11838e-007	3879.85	4994.09	4950.22
4990.8	3459.01	673	1.#QNAN	0	0.016	0	1.11596e-007	3919.21	4990.8	4947.03
4987.46	3456.35	674	1.#QNAN	0	0.015	0	1.13505e-007	3910.78	4987.46	4943.79
4984.12	3453.69	675	1.#QNAN	0	0	0	1.1731e-007	3919.2	4984.12	4940.55
4980.87	3451.05	676	1.#QNAN	0	0	0	1.12316e-007	3933.73	4980.87	4937.39
4977.56	3448.4	677	1.#QNAN	0	0.015	0	1.15406e-007	3909.77	4977.56	4934.19
4974.29	3445.77	678	1.#QNAN	0	0.016	0	1.14012e-007	3904.31	4974.29	4931.01
4971.02	3443.14	679	1.#QNAN	0	0.016	0	1.17889e-007	3885.35	4971.02	4927.84
4967.77	3440.53	680	1.#QNAN	0	0.015	0	1.17697e-007	3884.19	4967.77	4924.68
4964.5	3437.88	681	1.#QNAN	0	0.016	0	1.14338e-007	3873.9	4964.5	4921.51
4961.25	3435.24	682	1.#QNAN	0	0.015	0	1.1814e-007	3897.52	4961.25	4918.36
4957.98	3432.59	683	1.#QNAN	0	0	0	1.17683e-007	3889.42	4957.98	4915.2
4954.86	3430.03	684	1.#QNAN	0	0.016	0	1.11505e-007	3910.11	4954.86	4912.17
4951.71	3427.45	685	1.#QNAN	0	0.016	0	1.19569e-007	3935.2	4951.71	4909.12
4948.58	3424.89	686	1.#QNAN	0	0.016	0	1.14579e-007	3906.03	4948.58	4906.08
4945.49	3422.35	687	1.#QNAN	0	0.016	0	1.19294e-007	3929.99	4945.49	4903.09
4942.31	3419.74	688	1.#QNAN	0	0.015	0	1.16999e-007	3883.74	4942.31	4900.01
4939.15	3417.14	689	1.#QNAN	0	0	0	1.15392e-007	3882.36	4939.15	4896.94
4936.02	3414.54	690	1.#QNAN	0	0.016	0	1.13142e-007	3903.8	4936.02	4893.91
4932.96	3412.01	691	1.#QNAN	0	0.016	0	1.19142e-007	3932.59	4932.96	4890.95
4929.87	3409.47	692	1.#QNAN	0	0.015	0	1.17057e-007	3863.85	4929.87	4887.95
4926.78	3406.9	693	1.#QNAN	0	0.016	0	1.13801e-007	3886.95	4926.78	4884.95
4923.74	3404.4	694	1.#QNAN	0	0.015	0	1.2251e-007	3913.91	4923.74	4882
4920.69	3401.93	695	1.#QNAN	0	0.016	0	1.23461e-007	3915.43	4920.69	4879.06
4917.68	3399.44	696	1.#QNAN	0	0	0	1.2111e-007	3919.7	4917.68	4876.13
4914.61	3396.97	697	1.#QNAN	0	0.016	0	1.14727e-007	3840.8	4914.61	4873.16
4911.55	3394.46	698	1.#QNAN	0	0.015	0	1.21422e-007	3846.12	4911.55	4870.19
4908.55	3392.01	699	1.#QNAN	0	0.016	0	1.16224e-007	3865.84	4908.55	4867.28
4905.49	3389.52	700	1.#QNAN	0	0.015	0	1.15476e-007	3866.76	4905.49	4864.31
4902.45	3387.06	701	1.#QNAN	0	0.016	0	1.18162e-007	3868.86	4902.45	4861.37
4899.44	3384.59	702	1.#QNAN	0	0	0	1.19752e-007	3881.33	4899.44	4858.45
4896.41	3382.14	703	1.#QNAN	0	0.016	0	1.19451e-007	3858.1	4896.41	4855.51
4893.41	3379.72	704	1.#QNAN	0	0.015	0	1.17333e-007	3865.79	4893.41	4852.6
4890.44	3377.3	705	1.#QNAN	0	0.016	0	1.19878e-007	3877.61	4890.44	4849.73
4887.5	3374.9	706	1.#QNAN	0	0.015	0	1.19001e-007	3867.62	4887.5	4846.87
4884.55	3372.51	707	1.#QNAN	0	0.016	0	1.21983e-007	3909.83	4884.55	4844.01
4881.52	3370.07	708	1.#QNAN	0	0.016	0	1.22411e-007	3833.4	4881.52	4841.07
4878.6	3367.69	709	1.#QNAN	0	0	0	1.21113e-007	3869.03	4878.6	4838.24
4875.64	3365.32	710	1.#QNAN	0	0.015	0	1.17851e-007	3841.21	4875.64	4835.37
4872.78	3362.97	711	1.#QNAN	0	0.016	0	1.23636e-007	3869.78	4872.78	4832.6
4869.87	3360.59	712	1.#QNAN	0	0.015	0	1.21433e-007	3866.27	4869.87	4829.78
4867.01	3358.24	713	1.#QNAN	0	0.016	0	1.14432e-007	3866.43	4867.01	4827.01
4864.15	3355.88	714	1.#QNAN	0	0.016	0	1.20298e-007	3847.96	4864.15	4824.23
4861.29	3353.5	715	1.#QNAN	0	0	0	1.18936e-007	3910.47	4861.29	4821.46
4858.37	3351.08	716	1.#QNAN	0	0.015	0	1.2232e-007	3878.89	4858.37	4818.64
4855.47	3348.71	717	1.#QNAN	0	0.016	0	1.22515e-007	3829.3	4855.47	4815.82
4852.58	3346.33	718	1.#QNAN	0	0.015	0	1.21199e-007	3839.6	4852.58	4813.02
4849.72	3343.96	719	1.#QNAN	0	0.016	1	1.25195e-007	3860.98	4849.72	4810.25
4846.84	3341.58	720	1.#QNAN	0	0.016	0	1.20935e-007	3838.96	4846.84	4807.45
4843.94	3339.2	721	1.#QNAN	0	0.015	0	1.23298e-007	3821.16	4843.94	4804.64
4841.05	3336.87	722	1.#QNAN	0	0	0	1.21444e-007	3820.33	4841.05	4801.84
4838.15	3334.52	723	1.#QNAN	0	0.016	0	1.24992e-007	3792.32	4838.15	4799.02
4835.14	3332.1	724	1.#QNAN	0	0.015	0	1.17982e-007	3749.5	4835.14	4796.1
4832.19	3329.68	725	1.#QNAN	0	0.016	0	1.24842e-007	3765.51	4832.19	4793.23
4829.23	3327.27	726	1.#QNAN	0	0.016	0	1.21952e-007	3765.77	4829.23	4790.36
4826.28	3324.87	727	1.#QNAN	0	0.015	0	1.19122e-007	3753.56	4826.28	4787.49
4823.33	3322.46	728	1.#QNAN	0	0.016	0	1.217e-007	3746.56	4823.33	4784.62
4820.46	3320.12	729	1.#QNAN	0	0	0	1.187e-007	3784.3	4820.46	4781.84
4817.52	3317.75	730	1.#QNAN	0	0.015	0	1.21445e-007	3731.66	4817.52	4778.99
4814.67	3315.41	731	1.#QNAN	0	0.016	0	1.16459e-007	3798.29	4814.67	4776.22
4811.79	3313.05	732	1.#QNAN	0	0.016	0	1.24389e-007	3753.22	4811.79	4773.42
4808.98	3310.75	733	1.#QNAN	0	0.015	0	1.22497e-007	3776.23	4808.98	4770.69
4806.21	3308.48	734	1.#QNAN	0	0.016	0	1.23255e-007	3801.64	4806.21	4768
4803.37	3306.18	735	1.#QNAN	0	0.015	0	1.20438e-007	3789.03	4803.37	4765.25
4800.58	3303.9	736	1.#QNAN	0	0	0	1.22684e-007	3778.2	4800.58	4762.54
4797.74	3301.59	737	1.#QNAN	0	0.016	0	1.23597e-007	3745.53	4797.74	4759.78
4794.92	3299.29	738	1.#QNAN	0	0.016	0	1.24324e-007	3749.49	4794.92	4757.05
4792.09	3297	739	1.#QNAN	0	0.015	0	1.24285e-007	3744.41	4792.09	4754.3
4789.27	3294.72	740	1.#QNAN	0	0.016	0	1.2352e-007	3717.61	4789.27	4751.55
4786.44	3292.42	741	1.#QNAN	0	0.015	0	1.20741e-007	3701.91	4786.44	4748.81
4783.72	3290.16	742	1.#QNAN	0	0.016	0	1.22484e-007	3796.57	4783.72	4746.17
4780.92	3287.85	743	1.#QNAN	0	0	0	1.20666e-007	3758.77	4780.92	4743.45
4778.12	3285.55	744	1.#QNAN	0	0.016	0	1.22929e-007	3779.65	4778.12	4740.73
4775.32	3283.25	745	1.#QNAN	0	0.015	0	1.28147e-007	3760.59	4775.32	4738.01
4772.58	3280.99	746	1.#QNAN	0	0.016	0	1.22833e-007	3803.67	4772.58	4735.35
4769.81	3278.7	747	1.#QNAN	0	0.015	0	1.20605e-007	3767.99	4769.81	4732.66
4767.14	3276.5	748	1.#QNAN	0	0.016	0	1.24898e-007	3791.94	4767.14	4730.07
4764.46	3274.29	749	1.#QNAN	0	0.016	0	1.24857e-007	3760.8	4764.46	4727.46
4761.77	3272.06	750	1.#QNAN	0	0	0	1.24491e-007	3776.87	4761.77	4724.86
4759.03	3269.81	751	1.#QNAN	0	0.015	0	1.23152e-007	3711.63	4759.03	4722.2
4756.35	3267.6	752	1.#QNAN	0	0.016	0	1.24572e-007	3769.95	4756.35	4719.59
4753.73	3265.41	753	1.#QNAN	0	0.015	0	1.17874e-007	3794.07	4753.73	4717.05
4751.14	3263.26	754	1.#QNAN	0	0.016	0	1.23189e-007	3787.48	4751.14	4714.55
4748.49	3261.07	755	1.#QNAN	0	0.016	0	1.22159e-007	3761.32	4748.49	4711.97
4745.83	3258.85	756	1.#QNAN	0	0.015	0	1.25915e-007	3780.98	4745.83	4709.39
4743.15	3256.64	757	1.#QNAN	0	0	0	1.23183e-007	3735.76	4743.15	4706.78
4740.48	3254.46	758	1.#QNAN	0	0.016	0	1.26565e-007	3715.45	4740.48	4704.19
4737.83	3252.28	759	1.#QNAN	0	0.015	0	1.28161e-007	3742.62	4737.83	4701.62
4735.17	3250.07	760	1.#QNAN	0	0.016	0	1.21863e-007	3757.88	4735.17	4699.04
4732.44	3247.86	761	1.#QNAN	0	0.016	0	1.21789e-007	3672.1	4732.44	4696.38
4729.8	3245.7	762	1.#QNAN	0	0.015	0	1.23999e-007	3727.74	4729.8	4693.82
4727.14	3243.5	763	1.#QNAN	0	0	0	1.27507e-007	3701.42	4727.14	4691.23
4724.48	3241.35	764	1.#QNAN	0	0.016	0	1.23649e-007	3718.75	4724.48	4688.65
4721.84	3239.14	765	1.#QNAN	0	0.015	0	1.28428e-007	3762.94	4721.84	4686.08
4719.25	3236.97	766	1.#QNAN	0	0.016	0	1.25874e-007	3778.86	4719.25	4683.56
4716.66	3234.81	767	1.#QNAN	0	0.016	0	1.28444e-007	3749.72	4716.66	4681.05
4714.09	3232.67	768	1.#QNAN	0	0.015	0	1.27023e-007	3764.64	4714.09	4678.55
4711.54	3230.57	769	1.#QNAN	0	0.016	0	1.25863e-007	3801.78	4711.54	4676.07
4709.02	3228.48	770	1.#QNAN	0	0	0	1.28077e-007	3825.34	4709.02	4673.64
4706.57	3226.4	771	1.#QNAN	0	0.015	0	1.25464e-007	3830.2	4706.57	4671.26
4704.02	3224.29	772	1.#QNAN	0	0.016	0	1.26004e-007	3804.97	4704.02	4668.79
4701.47	3222.19	773	1.#QNAN	0	0.016	0	1.19624e-007	3791.7	4701.47	4666.31
4698.94	3220.11	774	1.#QNAN	0	0.015	0	1.31836e-007	3779.26	4698.94	4663.84
4696.37	3217.99	775	1.#QNAN	0	0.016	0	1.25724e-007	3750.05	4696.37	4661.35
4693.83	3215.89	776	1.#QNAN	0	0	0	1.28105e-007	3764.92	4693.83	4658.87
4691.29	3213.81	777	1.#QNAN	0	0.015	0	1.28183e-007	3742.71	4691.29	4656.41
4688.76	3211.76	778	1.#QNAN	0	0.016	0	1.29534e-007	3741.47	4688.76	4653.95
4686.24	3209.7	779	1.#QNAN	0	0.016	0	1.28434e-007	3740.97	4686.24	4651.5
4683.7	3207.63	780	1.#QNAN	0	0.015	0	1.24769e-007	3766.84	4683.7	4649.04
4681.17	3205.54	781	1.#QNAN	0	0.016	0	1.30048e-007	3734.51	4681.17	4646.58
4678.65	3203.51	782	1.#QNAN	0	0.015	0	1.31102e-007	3728.34	4678.65	4644.12
4676.12	3201.43	783	1.#QNAN	0	0	0	1.2852e-007	3753.17	4676.12	4641.67
4673.62	3199.39	784	1.#QNAN	0	0.016	0	1.28173e-007	3719.94	4673.62	4639.25
4671.1	3197.31	785	1.#QNAN	0	0.016	0	1.24103e-007	3706.54	4671.1	4636.79
4668.52	3195.21	786	1.#QNAN	0	0.015	0	1.25568e-007	3684.06	4668.52	4634.29
4666.02	3193.17	787	1.#QNAN	0	0.016	0	1.25814e-007	3703.64	4666.02	4631.85
4663.5	3191.14	788	1.#QNAN	0	0.015	0	1.27511e-007	3691.8	4663.5	4629.4
4661.01	3189.11	789	1.#QNAN	0	0	0	1.26238e-007	3704.45	4661.01	4626.97
4658.53	3187.09	790	1.#QNAN	0	0	0	1.22703e-007	3681.45	4658.53	4624.56
4656.03	3185.09	791	1.#QNAN	0	0.016	0	1.27961e-007	3648.15	4656.03	4622.13
4653.58	3183.09	792	1.#QNAN	0	0.015	0	1.26107e-007	3689.96	4653.58	4619.75
4651.19	3181.13	793	1.#QNAN	0	0.016	0	1.31284e-007	3706.41	4651.19	4617.43
4648.78	3179.14	794	1.#QNAN	0	0.015	0	1.33755e-007	3719.13	4648.78	4615.08
4646.39	3177.15	795	1.#QNAN	0	0.016	1	1.26205e-007	3729.99	4646.39	4612.76
4643.98	3175.18	796	1.#QNAN	0	0	0	1.27923e-007	3691.2	4643.98	4610.41
4641.64	3173.24	797	1.#QNAN	0	0.016	0	1.25574e-007	3709.78	4641.64	4608.14
4639.23	3171.26	798	1.#QNAN	0	0.015	0	1.26723e-007	3696.24	4639.23	4605.8
4636.84	3169.3	799	1.#QNAN	0	0.016	0	1.28688e-007	3714.1	4636.84	4603.48
