rmse	mae	#iter	time_pred	time_learn	time_learn2	time_learn4	alpha	rmse_mcmc_this	rmse_mcmc_all	rmse_mcmc_all_but5
18975.2	14148.3	0	1.#QNAN	0	0.032	0	6.55252e-011	18975.2	18975.2	4287.87
17926.3	13245.4	1	1.#QNAN	0	0.015	0	1.35132e-009	17503.1	17926.3	4287.87
17426.7	12858.5	2	1.#QNAN	0	0.016	0	1.68074e-009	16698.5	17426.7	4287.87
16984.5	12532.2	3	1.#QNAN	0	0.015	0	1.90731e-009	15811	16984.5	4287.87
16525.8	12192.9	4	1.#QNAN	0	0.016	0	2.08616e-009	14849.1	16525.8	37538.7
15964.1	11776.8	5	1.#QNAN	0	0.016	0	2.47831e-009	13358.3	15964.1	13358.3
15283.1	11254.4	6	1.#QNAN	0	0.031	0	3.10521e-009	11617.4	15283.1	12400.9
14630.9	10751.4	7	1.#QNAN	0	0.015	0	4.26883e-009	10608.1	14630.9	11740.8
14002.6	10263.5	8	1.#QNAN	0	0.016	0	5.77793e-009	9730.04	14002.6	11167.2
13389.4	9785.3	9	1.#QNAN	0	0.016	0	7.05269e-009	8778.89	13389.4	10615
12853.4	9361.93	10	1.#QNAN	0	0.031	1	8.41073e-009	8535.54	12853.4	10193.3
12358.2	8963.99	11	1.#QNAN	0	0.015	0	9.12518e-009	8048.83	12358.2	9812.67
11935.1	8628.29	12	1.#QNAN	0	0.016	0	9.96853e-009	7958.82	11935.1	9521.57
11559.3	8328.77	13	1.#QNAN	0	0.016	0	1.03144e-008	7812.42	11559.3	9276.18
11231.6	8070.15	14	1.#QNAN	0	0.015	0	1.11884e-008	7717.78	11231.6	9074.6
10923.8	7830.73	15	1.#QNAN	0	0.016	0	1.15152e-008	7361.31	10923.8	8878.38
10656.1	7621.42	16	1.#QNAN	0	0.031	0	1.24118e-008	7398.97	10656.1	8717.12
10411	7431.6	17	1.#QNAN	0	0.016	0	1.31208e-008	7196.46	10411	8569.54
10190.6	7261.87	18	1.#QNAN	0	0.015	0	1.36629e-008	7108.01	10190.6	8437.97
9988.82	7103.77	19	1.#QNAN	0	0.016	0	1.36491e-008	7060.75	9988.82	8318.58
9796.92	6954.9	20	1.#QNAN	0	0.015	0	1.37121e-008	6815.72	9796.92	8201.52
9619.84	6818.83	21	1.#QNAN	0	0.016	0	1.41889e-008	6802.26	9619.84	8095.66
9460.8	6697.23	22	1.#QNAN	0	0.016	0	1.49139e-008	6778.73	9460.8	8002.29
9303.1	6576.15	23	1.#QNAN	0	0.031	0	1.53887e-008	6509.7	9303.1	7903.73
9159.24	6466.48	24	1.#QNAN	0	0.015	0	1.55807e-008	6540.93	9159.24	7814.53
9026.72	6364.95	25	1.#QNAN	0	0.016	0	1.58206e-008	6454.87	9026.72	7733.41
8900.68	6269.57	26	1.#QNAN	0	0.016	0	1.6784e-008	6301.54	8900.68	7655.37
8781.61	6180.93	27	1.#QNAN	0	0.015	0	1.73948e-008	6272.27	8781.61	7581.14
8669.44	6096.2	28	1.#QNAN	0	0.016	0	1.7678e-008	6195.79	8669.44	7510.86
8564.71	6019.1	29	1.#QNAN	0	0.015	0	1.84341e-008	6194.6	8564.71	7445.78
8457.56	5940.75	30	1.#QNAN	0	0.016	0	1.9154e-008	5987.29	8457.56	7375.18
8357.33	5868.06	31	1.#QNAN	0	0.031	0	1.97188e-008	5902.43	8357.33	7308.39
8263.77	5800.81	32	1.#QNAN	0	0.016	0	1.97985e-008	5918.82	8263.77	7246.77
8174.16	5737.11	33	1.#QNAN	0	0.015	0	1.99995e-008	5827.68	8174.16	7186.88
8090.74	5678.66	34	1.#QNAN	0	0.016	0	2.10047e-008	5837.91	8090.74	7131.2
8006.15	5619.74	35	1.#QNAN	0	0.016	0	2.14258e-008	5612.38	8006.15	7072.78
7928.75	5565.93	36	1.#QNAN	0	0.015	0	2.21293e-008	5630.47	7928.75	7019.82
7850.66	5511.17	37	1.#QNAN	0	0.016	0	2.31404e-008	5546.08	7850.66	6964.73
7775.27	5458.75	38	1.#QNAN	0	0.031	0	2.36499e-008	5476.55	7775.27	6911.87
7700.21	5407.12	39	1.#QNAN	0	0.016	0	2.51604e-008	5364.56	7700.21	6858.09
7630.34	5357.82	40	1.#QNAN	0	0.015	0	2.47207e-008	5377.7	7630.34	6807.84
7560.37	5308.68	41	1.#QNAN	0	0.016	0	2.62135e-008	5263.73	7560.37	6756.56
7494.69	5262.55	42	1.#QNAN	0	0.015	0	2.69476e-008	5268.75	7494.69	6709.02
7428.36	5215.42	43	1.#QNAN	0	0.016	0	2.76636e-008	5131.04	7428.36	6659.59
7363.37	5169.25	44	1.#QNAN	0	0.016	0	2.92353e-008	5074.27	7363.37	6610.68
7298.32	5123.61	45	1.#QNAN	0	0.031	0	2.81764e-008	4934.94	7298.32	6560.88
7234.14	5077.63	46	1.#QNAN	0	0.015	0	3.02586e-008	4876.56	7234.14	6511.62
7172.84	5034.95	47	1.#QNAN	0	0.016	0	3.24725e-008	4841.53	7172.84	6464.63
7113.12	4993.59	48	1.#QNAN	0	0.016	0	3.36488e-008	4805.65	7113.12	6418.87
7053.85	4952.51	49	1.#QNAN	0	0.015	0	3.49101e-008	4756.18	7053.85	6373.11
6993.62	4910.95	50	1.#QNAN	0	0.016	0	3.57965e-008	4590.26	6993.62	6325.5
6934.73	4869.47	51	1.#QNAN	0	0.015	0	3.7311e-008	4550.33	6934.73	6278.78
6877.85	4828.87	52	1.#QNAN	0	0.032	0	3.79866e-008	4557.32	6877.85	6233.73
6822.66	4789.91	53	1.#QNAN	0	0.015	0	3.96289e-008	4467.48	6822.66	6189.86
6768.48	4751.81	54	1.#QNAN	0	0.016	0	3.98233e-008	4417.05	6768.48	6146.69
6715.94	4714.6	55	1.#QNAN	0	0.015	0	4.12632e-008	4386.36	6715.94	6104.46
6663.36	4678.17	56	1.#QNAN	0	0.016	0	4.12266e-008	4257.92	6663.36	6062.11
6610.49	4642.34	57	1.#QNAN	0	0.016	0	4.37976e-008	4215.42	6610.49	6019.25
6559.71	4607.47	58	1.#QNAN	0	0.015	0	4.45397e-008	4185.06	6559.71	5977.78
6510.54	4573.96	59	1.#QNAN	0	0.031	0	4.66024e-008	4159.11	6510.54	5937.54
6462.27	4541.18	60	1.#QNAN	0	0.016	0	4.85536e-008	4060.16	6462.27	5897.83
6414.7	4509.09	61	1.#QNAN	0	0.016	0	4.9897e-008	4026.65	6414.7	5858.64
6368.69	4477.45	62	1.#QNAN	0	0.015	0	5.1399e-008	4016.44	6368.69	5820.66
6323.15	4446.22	63	1.#QNAN	0	0.016	0	5.19033e-008	3937.89	6323.15	5782.89
6278.78	4415.6	64	1.#QNAN	0	0.015	0	5.34168e-008	3919.23	6278.78	5746
6234.5	4385.7	65	1.#QNAN	0	0.016	0	5.45277e-008	3843.39	6234.5	5709.13
6190.56	4355.75	66	1.#QNAN	0	0.031	1	5.57244e-008	3777.08	6190.56	5672.24
6147.19	4326.15	67	1.#QNAN	0	0.016	0	5.75079e-008	3776.79	6147.19	5635.81
6103.7	4296.88	68	1.#QNAN	0	0.015	0	6.22466e-008	3656.73	6103.7	5598.78
6062.04	4268.51	69	1.#QNAN	0	0.016	0	6.39015e-008	3659.17	6062.04	5563.53
6019.9	4240.1	70	1.#QNAN	0	0.016	0	6.5473e-008	3548.96	6019.9	5527.5
5978.48	4212.08	71	1.#QNAN	0	0.015	0	6.54354e-008	3557.42	5978.48	5492.24
5937.77	4184.38	72	1.#QNAN	0	0.031	0	7.14419e-008	3523.1	5937.77	5457.58
5897.03	4156.84	73	1.#QNAN	0	0.016	0	7.37375e-008	3439.17	5897.03	5422.73
5856.55	4129.38	74	1.#QNAN	0	0.016	0	7.29338e-008	3378.44	5856.55	5387.76
5817.47	4102.28	75	1.#QNAN	0	0.015	0	7.40758e-008	3410.51	5817.47	5354.22
5778.99	4075.69	76	1.#QNAN	0	0.016	0	7.8351e-008	3381.15	5778.99	5321.12
5741.1	4049.76	77	1.#QNAN	0	0.015	0	7.9997e-008	3329.48	5741.1	5288.56
5704.17	4024.8	78	1.#QNAN	0	0.016	0	8.40254e-008	3314.9	5704.17	5256.77
5667.09	4000.06	79	1.#QNAN	0	0.031	0	8.26125e-008	3231.24	5667.09	5224.7
5630.55	3975.56	80	1.#QNAN	0	0.016	0	8.72952e-008	3220.57	5630.55	5193.1
5594.76	3951.66	81	1.#QNAN	0	0.015	0	8.71358e-008	3209.5	5594.76	5162.14
5559.3	3928.17	82	1.#QNAN	0	0.016	0	9.24751e-008	3156.28	5559.3	5131.37
5524.69	3904.88	83	1.#QNAN	0	0.016	0	9.54805e-008	3166.36	5524.69	5101.33
5490.12	3882.15	84	1.#QNAN	0	0.015	0	9.47636e-008	3138.11	5490.12	5071.34
5456.73	3859.88	85	1.#QNAN	0	0.016	0	9.76652e-008	3104.36	5456.73	5042.4
5423.83	3838.42	86	1.#QNAN	0	0.031	0	9.96668e-008	3120.5	5423.83	5013.96
5390.9	3816.93	87	1.#QNAN	0	0.016	0	1.06993e-007	3081.7	5390.9	4985.35
5358.31	3795.53	88	1.#QNAN	0	0.015	0	1.05352e-007	3034.05	5358.31	4957.03
5326.24	3774.43	89	1.#QNAN	0	0.016	0	1.13771e-007	2977.39	5326.24	4929.06
5294.29	3753.61	90	1.#QNAN	0	0.015	0	1.13391e-007	2962.05	5294.29	4901.08
5263.26	3733.33	91	1.#QNAN	0	0.016	0	1.14638e-007	2959.28	5263.26	4874.01
5232.26	3712.6	92	1.#QNAN	0	0.031	0	1.15156e-007	2902.8	5232.26	4846.7
5201.54	3692.51	93	1.#QNAN	0	0.016	0	1.20618e-007	2886.49	5201.54	4819.75
5171.13	3672.27	94	1.#QNAN	0	0.015	0	1.20042e-007	2799.22	5171.13	4792.94
5140.65	3652.15	95	1.#QNAN	0	0.016	0	1.2055e-007	2825.5	5140.65	4766.06
5111.13	3632.52	96	1.#QNAN	0	0.016	0	1.30776e-007	2828.28	5111.13	4740.08
5082.36	3613.31	97	1.#QNAN	0	0.015	0	1.3303e-007	2846.04	5082.36	4714.75
5053.72	3594.15	98	1.#QNAN	0	0.016	0	1.27942e-007	2830.71	5053.72	4689.62
5025.51	3575.25	99	1.#QNAN	0	0.031	0	1.33087e-007	2778.13	5025.51	4664.78
4997.85	3556.45	100	1.#QNAN	0	0.016	0	1.40607e-007	2760.23	4997.85	4640.41
4970.5	3538.03	101	1.#QNAN	0	0.015	0	1.40187e-007	2736.82	4970.5	4616.32
4943.38	3519.57	102	1.#QNAN	0	0.016	0	1.44011e-007	2716.34	4943.38	4592.39
4916.49	3501.4	103	1.#QNAN	0	0.015	0	1.45261e-007	2735.36	4916.49	4568.54
4890.61	3483.7	104	1.#QNAN	0	0.016	0	1.4996e-007	2733.75	4890.61	4545.71
4864.35	3465.91	105	1.#QNAN	0	0.016	0	1.55732e-007	2626.59	4864.35	4522.42
4838.31	3448.2	106	1.#QNAN	0	0.015	0	1.59823e-007	2602.4	4838.31	4499.25
4812.59	3430.55	107	1.#QNAN	0	0.015	0	1.62714e-007	2652.48	4812.59	4476.41
4787.64	3413.54	108	1.#QNAN	0	0.016	0	1.65098e-007	2642.88	4787.64	4454.33
4762.64	3396.57	109	1.#QNAN	0	0.016	0	1.69208e-007	2609.74	4762.64	4432.19
4737.98	3379.87	110	1.#QNAN	0	0.015	0	1.69996e-007	2574.02	4737.98	4410.31
4713.54	3363.18	111	1.#QNAN	0	0.016	0	1.80741e-007	2575.35	4713.54	4388.67
4689.75	3346.97	112	1.#QNAN	0	0.015	0	1.82738e-007	2612.79	4689.75	4367.65
4665.83	3330.79	113	1.#QNAN	0	0.032	0	1.79443e-007	2544.18	4665.83	4346.43
4642.32	3314.71	114	1.#QNAN	0	0.015	0	1.90588e-007	2559.36	4642.32	4325.62
4619.1	3298.91	115	1.#QNAN	0	0.016	0	1.92494e-007	2551.34	4619.1	4305.08
4596.18	3283.29	116	1.#QNAN	0	0.015	0	2.0468e-007	2546.56	4596.18	4284.84
4573.68	3267.86	117	1.#QNAN	0	0.016	0	2.00298e-007	2552.75	4573.68	4264.97
4551.17	3252.44	118	1.#QNAN	0	0.016	0	2.04817e-007	2483.26	4551.17	4244.95
4528.93	3237.15	119	1.#QNAN	0	0.031	0	2.08882e-007	2456.71	4528.93	4225.17
4506.89	3222.04	120	1.#QNAN	0	0.015	0	2.10767e-007	2446.03	4506.89	4205.59
4484.92	3207.01	121	1.#QNAN	0	0.016	1	2.13042e-007	2485.25	4484.92	4186.06
4463.06	3192.07	122	1.#QNAN	0	0.016	0	2.19209e-007	2543.15	4463.06	4166.56
4442.21	3177.68	123	1.#QNAN	0	0.015	0	2.23757e-007	2516.35	4442.21	4148.1
4421.06	3163.14	124	1.#QNAN	0	0.016	0	2.21943e-007	2435.35	4421.06	4129.3
4400.3	3148.96	125	1.#QNAN	0	0.015	0	2.27989e-007	2447.88	4400.3	4110.87
4379.41	3134.76	126	1.#QNAN	0	0.032	0	2.29503e-007	2384.85	4379.41	4092.22
4358.98	3120.75	127	1.#QNAN	0	0.015	0	2.3595e-007	2366.25	4358.98	4074.03
4338.87	3106.83	128	1.#QNAN	0	0.016	0	2.4315e-007	2368.66	4338.87	4056.12
4318.57	3092.96	129	1.#QNAN	0	0.015	0	2.5094e-007	2321.44	4318.57	4037.93
4299.17	3079.58	130	1.#QNAN	0	0.016	0	2.55357e-007	2385.69	4299.17	4020.65
4279.66	3066.06	131	1.#QNAN	0	0.016	0	2.60064e-007	2326.24	4279.66	4003.22
4260.59	3052.91	132	1.#QNAN	0	0.015	0	2.54663e-007	2350.29	4260.59	3986.26
4241.43	3039.53	133	1.#QNAN	0	0.016	0	2.64439e-007	2315.83	4241.43	3969.08
4222.24	3026.23	134	1.#QNAN	0	0.031	0	2.65278e-007	2319.12	4222.24	3951.86
4203.2	3013.1	135	1.#QNAN	0	0.016	0	2.69264e-007	2284.46	4203.2	3934.81
4184.73	3000.21	136	1.#QNAN	0	0.015	0	2.85855e-007	2314.08	4184.73	3918.32
4166.42	2987.46	137	1.#QNAN	0	0.016	0	2.77476e-007	2317.28	4166.42	3901.97
4148.05	2974.64	138	1.#QNAN	0	0.015	0	2.93444e-007	2266.5	4148.05	3885.53
4130.01	2962.05	139	1.#QNAN	0	0.016	0	2.90553e-007	2242.6	4130.01	3869.39
4112.14	2949.62	140	1.#QNAN	0	0.016	0	2.92419e-007	2252.41	4112.14	3853.4
4094.41	2937.31	141	1.#QNAN	0	0.015	0	3.0195e-007	2225.78	4094.41	3837.52
4077.14	2925.21	142	1.#QNAN	0	0.031	0	3.02577e-007	2255.07	4077.14	3822.04
4059.92	2913.18	143	1.#QNAN	0	0.016	0	3.11645e-007	2227.25	4059.92	3806.64
4042.86	2901.21	144	1.#QNAN	0	0.016	0	3.1633e-007	2263.43	4042.86	3791.38
4025.88	2889.37	145	1.#QNAN	0	0.015	0	3.24979e-007	2216.26	4025.88	3776.16
4009.23	2877.78	146	1.#QNAN	0	0.016	0	3.31679e-007	2226.09	4009.23	3761.26
3992.46	2866.03	147	1.#QNAN	0	0.015	0	3.30561e-007	2142.15	3992.46	3746.18
3975.81	2854.44	148	1.#QNAN	0	0.016	0	3.51891e-007	2132.04	3975.81	3731.2
3959.07	2842.82	149	1.#QNAN	0	0.031	0	3.49564e-007	2124.98	3959.07	3716.11
3942.74	2831.41	150	1.#QNAN	0	0.016	0	3.40566e-007	2124.6	3942.74	3701.41
3926.48	2820.03	151	1.#QNAN	0	0.015	0	3.4402e-007	2104.04	3926.48	3686.77
3910.54	2808.86	152	1.#QNAN	0	0.016	0	3.43087e-007	2146.05	3910.54	3672.43
3894.22	2797.46	153	1.#QNAN	0	0.016	0	3.60541e-007	2177.58	3894.22	3657.68
3877.95	2786.09	154	1.#QNAN	0	0.015	0	3.79448e-007	2189.58	3877.95	3642.94
3862.09	2774.91	155	1.#QNAN	0	0.016	0	3.82442e-007	2063.39	3862.09	3628.61
3846.59	2763.98	156	1.#QNAN	0	0.015	0	3.78577e-007	2129.4	3846.59	3614.61
3831.24	2753.14	157	1.#QNAN	0	0.032	0	3.77078e-007	2133.22	3831.24	3600.76
3816.03	2742.36	158	1.#QNAN	0	0.015	0	3.89515e-007	2056.12	3816.03	3587.04
3800.83	2731.63	159	1.#QNAN	0	0.016	0	3.87078e-007	2031.95	3800.83	3573.31
3785.67	2720.84	160	1.#QNAN	0	0.015	0	4.04045e-007	2034.09	3785.67	3559.62
3770.54	2710.22	161	1.#QNAN	0	0.016	0	4.12153e-007	2111.68	3770.54	3545.9
3755.9	2699.83	162	1.#QNAN	0	0.016	0	3.92715e-007	2073.35	3755.9	3532.7
3741.26	2689.37	163	1.#QNAN	0	0.015	0	3.95097e-007	2026.83	3741.26	3519.47
3726.61	2678.89	164	1.#QNAN	0	0.031	0	4.13357e-007	2014.42	3726.61	3506.23
3712.14	2668.53	165	1.#QNAN	0	0.016	0	3.95307e-007	2015.9	3712.14	3493.13
3697.67	2658.22	166	1.#QNAN	0	0.016	0	3.97965e-007	1978.94	3697.67	3480.01
3683.53	2648.06	167	1.#QNAN	0	0.015	0	4.32126e-007	2003.68	3683.53	3467.21
3669.71	2638.07	168	1.#QNAN	0	0.016	0	4.41771e-007	2021.73	3669.71	3454.74
3655.97	2628.23	169	1.#QNAN	0	0.015	0	4.31756e-007	1998.33	3655.97	3442.35
3642.19	2618.37	170	1.#QNAN	0	0.032	0	4.32585e-007	1959.8	3642.19	3429.89
3628.21	2608.42	171	1.#QNAN	0	0.015	0	4.44502e-007	2058.97	3628.21	3417.17
3614.88	2598.79	172	1.#QNAN	0	0.016	0	4.42144e-007	1971.29	3614.88	3405.16
3601.56	2589.16	173	1.#QNAN	0	0.015	0	4.49731e-007	1956.62	3601.56	3393.15
3588.29	2579.66	174	1.#QNAN	0	0.016	0	4.44378e-007	1936.02	3588.29	3381.16
3575.11	2570.12	175	1.#QNAN	0	0.016	0	4.54672e-007	1924.27	3575.11	3369.23
3562	2560.74	176	1.#QNAN	0	0.015	0	4.59911e-007	1914.44	3562	3357.37
3548.87	2551.28	177	1.#QNAN	0	0.031	1	4.59788e-007	1963.98	3548.87	3345.45
3535.89	2541.91	178	1.#QNAN	0	0.016	0	4.56113e-007	1890.84	3535.89	3333.69
3523.08	2532.65	179	1.#QNAN	0	0.016	0	4.80857e-007	1914.33	3523.08	3322.06
3510.44	2523.56	180	1.#QNAN	0	0.015	0	4.75386e-007	1926.76	3510.44	3310.6
3497.76	2514.49	181	1.#QNAN	0	0.016	0	4.85889e-007	1976.83	3497.76	3299.12
3485.42	2505.57	182	1.#QNAN	0	0.015	0	4.82471e-007	1899.73	3485.42	3287.93
3473.25	2496.77	183	1.#QNAN	0	0.016	0	4.92546e-007	1961.67	3473.25	3276.91
3461	2487.88	184	1.#QNAN	0	0.031	0	4.83717e-007	1904.21	3461	3265.79
3448.92	2479.05	185	1.#QNAN	0	0.016	0	4.90782e-007	1931.21	3448.92	3254.86
3436.91	2470.37	186	1.#QNAN	0	0.015	0	5.00768e-007	1921.65	3436.91	3244
3424.97	2461.68	187	1.#QNAN	0	0.016	0	5.16586e-007	1915.56	3424.97	3233.16
3413.02	2453.04	188	1.#QNAN	0	0.016	0	5.07048e-007	1932.68	3413.02	3222.32
3401.13	2444.41	189	1.#QNAN	0	0.015	0	5.0731e-007	2025.93	3401.13	3211.53
3389.65	2436	190	1.#QNAN	0	0.016	0	5.01083e-007	1954.67	3389.65	3201.15
3378.1	2427.56	191	1.#QNAN	0	0.015	0	5.25951e-007	1914.83	3378.1	3190.69
3366.63	2419.14	192	1.#QNAN	0	0.032	0	5.1134e-007	1881.66	3366.63	3180.29
3355.26	2410.84	193	1.#QNAN	0	0.015	0	5.31005e-007	1876.94	3355.26	3169.99
3343.87	2402.53	194	1.#QNAN	0	0.016	0	5.25874e-007	2016.6	3343.87	3159.65
3332.94	2394.43	195	1.#QNAN	0	0.015	0	5.47401e-007	1913.15	3332.94	3149.77
3321.89	2386.38	196	1.#QNAN	0	0.016	0	5.2733e-007	1869.32	3321.89	3139.75
3310.94	2378.34	197	1.#QNAN	0	0.016	0	5.73431e-007	1856.83	3310.94	3129.81
3300.11	2370.42	198	1.#QNAN	0	0.016	0	5.51266e-007	1896.48	3300.11	3120.01
3289.49	2362.64	199	1.#QNAN	0	0.015	0	5.54816e-007	1884.14	3289.49	3110.39
3279.01	2354.85	200	1.#QNAN	0	0.016	0	5.48179e-007	1865.49	3279.01	3100.91
3268.56	2347.12	201	1.#QNAN	0	0.031	0	5.31266e-007	1847.11	3268.56	3091.44
3258.23	2339.46	202	1.#QNAN	0	0.016	0	5.45836e-007	1892.24	3258.23	3082.1
3247.78	2331.78	203	1.#QNAN	0	0.015	0	5.56356e-007	1952	3247.78	3072.63
3237.71	2324.28	204	1.#QNAN	0	0.016	0	5.49755e-007	1899.71	3237.71	3063.52
3227.34	2316.66	205	1.#QNAN	0	0.016	0	5.55557e-007	1878.65	3227.34	3054.1
3217.39	2309.27	206	1.#QNAN	0	0.015	0	5.59109e-007	1868.75	3217.39	3045.1
3207.41	2301.88	207	1.#QNAN	0	0.016	0	5.3452e-007	1871.04	3207.41	3036.04
3197.51	2294.52	208	1.#QNAN	0	0.015	0	5.59012e-007	1826.3	3197.51	3027.06
3187.77	2287.3	209	1.#QNAN	0	0.032	0	5.58661e-007	1862.82	3187.77	3018.24
3177.89	2280.05	210	1.#QNAN	0	0.015	0	5.71431e-007	1863.81	3177.89	3009.26
3168.08	2272.78	211	1.#QNAN	0	0.016	0	5.69433e-007	1853.38	3168.08	3000.35
3158.45	2265.68	212	1.#QNAN	0	0.015	0	5.92292e-007	1819.78	3158.45	2991.61
3148.92	2258.61	213	1.#QNAN	0	0.016	0	5.99583e-007	1818.39	3148.92	2982.97
3139.42	2251.54	214	1.#QNAN	0	0.016	0	5.99312e-007	1832.44	3139.42	2974.36
3130.24	2244.64	215	1.#QNAN	0	0.015	0	5.84859e-007	1871.99	3130.24	2966.08
3120.97	2237.74	216	1.#QNAN	0	0.031	0	5.74827e-007	1804.12	3120.97	2957.67
3111.7	2230.8	217	1.#QNAN	0	0.016	0	5.86114e-007	1810.3	3111.7	2949.25
3102.61	2223.98	218	1.#QNAN	0	0.016	0	5.7821e-007	1832.12	3102.61	2941.03
3093.45	2217.18	219	1.#QNAN	0	0.015	0	5.86014e-007	1862.6	3093.45	2932.71
3084.39	2210.45	220	1.#QNAN	0	0.016	0	5.7215e-007	1821.79	3084.39	2924.47
3075.64	2203.92	221	1.#QNAN	0	0.015	0	6.09705e-007	1867.56	3075.64	2916.57
3066.96	2197.45	222	1.#QNAN	0	0.016	0	5.82847e-007	1854.99	3066.96	2908.71
3058.19	2190.94	223	1.#QNAN	0	0.031	0	5.82077e-007	1802.77	3058.19	2900.76
3049.48	2184.46	224	1.#QNAN	0	0.016	0	5.99874e-007	1823.65	3049.48	2892.86
3040.8	2178.02	225	1.#QNAN	0	0.015	0	6.17117e-007	1827.13	3040.8	2884.99
3032.31	2171.68	226	1.#QNAN	0	0.016	0	6.08372e-007	1866.21	3032.31	2877.32
3023.91	2165.43	227	1.#QNAN	0	0.016	0	6.05393e-007	1847.2	3023.91	2869.73
3015.39	2159.09	228	1.#QNAN	0	0.015	0	6.12565e-007	1826.68	3015.39	2861.99
3007.15	2152.99	229	1.#QNAN	0	0.031	0	6.45961e-007	1864.51	3007.15	2854.54
2998.96	2146.87	230	1.#QNAN	0	0.016	0	6.19714e-007	1830.42	2998.96	2847.13
2990.8	2140.75	231	1.#QNAN	0	0.016	0	6.19369e-007	1817.32	2990.8	2839.74
2982.61	2134.58	232	1.#QNAN	0	0.015	0	6.08058e-007	1788.33	2982.61	2832.31
2974.4	2128.42	233	1.#QNAN	0	0.016	1	6.10462e-007	1798.9	2974.4	2824.87
2966.25	2122.34	234	1.#QNAN	0	0.015	0	6.34125e-007	1825.21	2966.25	2817.48
2958.4	2116.43	235	1.#QNAN	0	0.032	0	6.11888e-007	1832.15	2958.4	2810.37
2950.34	2110.44	236	1.#QNAN	0	0.015	0	6.13758e-007	1868.22	2950.34	2803.06
2942.53	2104.54	237	1.#QNAN	0	0.016	0	6.27372e-007	1808.62	2942.53	2796
2934.79	2098.74	238	1.#QNAN	0	0.015	0	6.40897e-007	1792.13	2934.79	2789.01
2927.16	2092.99	239	1.#QNAN	0	0.016	0	6.32624e-007	1792.54	2927.16	2782.13
2919.62	2087.24	240	1.#QNAN	0	0.016	0	6.59015e-007	1852.3	2919.62	2775.33
2912.16	2081.51	241	1.#QNAN	0	0.015	0	6.30606e-007	1827.57	2912.16	2768.61
2904.69	2075.82	242	1.#QNAN	0	0.031	0	6.35049e-007	1847.76	2904.69	2761.87
2897.45	2070.35	243	1.#QNAN	0	0.016	0	6.33878e-007	1815.66	2897.45	2755.38
2890.08	2064.8	244	1.#QNAN	0	0.016	0	6.49926e-007	1863.05	2890.08	2748.71
2882.8	2059.35	245	1.#QNAN	0	0.015	0	6.53709e-007	1815.6	2882.8	2742.12
2875.7	2053.96	246	1.#QNAN	0	0.016	0	6.20883e-007	1802.3	2875.7	2735.72
2868.64	2048.6	247	1.#QNAN	0	0.015	0	6.59611e-007	1835.62	2868.64	2729.35
2861.51	2043.2	248	1.#QNAN	0	0.016	0	6.45029e-007	1784.5	2861.51	2722.9
2854.51	2037.86	249	1.#QNAN	0	0.016	0	6.55979e-007	1821.37	2854.51	2716.6
2847.62	2032.6	250	1.#QNAN	0	0.031	0	6.63325e-007	1799.92	2847.62	2710.39
2840.82	2027.42	251	1.#QNAN	0	0.015	0	6.16777e-007	1838.54	2840.82	2704.27
2833.98	2022.25	252	1.#QNAN	0	0.016	0	6.54577e-007	1802.62	2833.98	2698.1
2827.06	2017	253	1.#QNAN	0	0.016	0	6.65357e-007	1847.57	2827.06	2691.84
2820.31	2011.88	254	1.#QNAN	0	0.015	0	6.36016e-007	1813.8	2820.31	2685.76
2813.51	2006.72	255	1.#QNAN	0	0.016	0	6.60863e-007	1890.32	2813.51	2679.62
2806.71	2001.55	256	1.#QNAN	0	0.015	0	6.56908e-007	1789.91	2806.71	2673.48
2800.14	1996.52	257	1.#QNAN	0	0.032	0	6.78546e-007	1821.33	2800.14	2667.56
2793.47	1991.41	258	1.#QNAN	0	0.015	0	6.56251e-007	1927.62	2793.47	2661.54
2787	1986.4	259	1.#QNAN	0	0.016	0	6.47844e-007	1794.82	2787	2655.71
2780.5	1981.45	260	1.#QNAN	0	0.015	0	6.46768e-007	1794.36	2780.5	2649.84
2774.13	1976.6	261	1.#QNAN	0	0.016	0	6.79529e-007	1863.28	2774.13	2644.1
2767.75	1971.72	262	1.#QNAN	0	0.016	0	6.46182e-007	1775.15	2767.75	2638.35
2761.36	1966.84	263	1.#QNAN	0	0.015	0	6.38628e-007	1786.29	2761.36	2632.59
2755.05	1961.99	264	1.#QNAN	0	0.016	0	6.81111e-007	1816.09	2755.05	2626.9
2748.84	1957.23	265	1.#QNAN	0	0.031	0	6.53073e-007	1847.01	2748.84	2621.32
2742.78	1952.56	266	1.#QNAN	0	0.016	0	6.62908e-007	1825.34	2742.78	2615.89
2736.64	1947.89	267	1.#QNAN	0	0.015	0	6.48253e-007	1802.42	2736.64	2610.36
2730.57	1943.25	268	1.#QNAN	0	0.016	0	6.4846e-007	1784.98	2730.57	2604.9
2724.54	1938.64	269	1.#QNAN	0	0.015	0	6.50103e-007	1835.09	2724.54	2599.48
2718.6	1934.07	270	1.#QNAN	0	0.016	0	6.67015e-007	1814.92	2718.6	2594.14
2712.59	1929.48	271	1.#QNAN	0	0.016	0	6.60019e-007	1766.97	2712.59	2588.72
2706.6	1924.92	272	1.#QNAN	0	0.031	0	6.81687e-007	1748.63	2706.6	2583.32
2700.66	1920.42	273	1.#QNAN	0	0.015	0	6.6134e-007	1746.29	2700.66	2577.96
2694.79	1915.98	274	1.#QNAN	0	0.016	0	6.83968e-007	1786.57	2694.79	2572.68
2688.91	1911.5	275	1.#QNAN	0	0.016	0	6.58579e-007	1762.71	2688.91	2567.37
2683.06	1907.09	276	1.#QNAN	0	0.015	0	6.72268e-007	1753.73	2683.06	2562.11
2677.25	1902.67	277	1.#QNAN	0	0.016	0	6.77993e-007	1786.04	2677.25	2556.88
2671.45	1898.28	278	1.#QNAN	0	0.015	0	6.64353e-007	1803.8	2671.45	2551.65
2665.75	1893.96	279	1.#QNAN	0	0.032	0	6.56643e-007	1784.78	2665.75	2546.53
2660.17	1889.69	280	1.#QNAN	0	0.015	0	6.58995e-007	1823.73	2660.17	2541.51
2654.62	1885.42	281	1.#QNAN	0	0.016	0	6.92474e-007	1848.48	2654.62	2536.52
2649.11	1881.18	282	1.#QNAN	0	0.015	0	6.72491e-007	1898.02	2649.11	2531.58
2643.6	1876.97	283	1.#QNAN	0	0.016	0	6.47512e-007	1817.27	2643.6	2526.62
2638.15	1872.81	284	1.#QNAN	0	0.016	0	6.67148e-007	1799.83	2638.15	2521.72
2632.61	1868.6	285	1.#QNAN	0	0.015	0	6.70362e-007	1923.91	2632.61	2516.73
2627.17	1864.49	286	1.#QNAN	0	0.016	0	6.9363e-007	1745.9	2627.17	2511.83
2621.47	1860.27	287	1.#QNAN	0	0.016	0	6.41631e-007	1808.13	2621.47	2506.64
2615.94	1856.13	288	1.#QNAN	0	0.016	0	6.62461e-007	1773.5	2615.94	2501.64
2610.51	1852.02	289	1.#QNAN	0	0.015	1	6.84693e-007	1802.44	2610.51	2496.72
2605.34	1848.04	290	1.#QNAN	0	0.016	0	6.82716e-007	1803.61	2605.34	2492.09
2600.11	1844.04	291	1.#QNAN	0	0.015	0	6.9517e-007	1759.68	2600.11	2487.38
2595	1840.12	292	1.#QNAN	0	0.016	0	6.82803e-007	1784.55	2595	2482.79
2589.85	1836.2	293	1.#QNAN	0	0.031	0	6.70145e-007	1781.32	2589.85	2478.16
2584.63	1832.24	294	1.#QNAN	0	0.016	0	7.07636e-007	1724.87	2584.63	2473.45
2579.41	1828.31	295	1.#QNAN	0	0.015	0	6.46301e-007	1720.57	2579.41	2468.72
2574.22	1824.36	296	1.#QNAN	0	0.016	0	6.59716e-007	1720.53	2574.22	2464.03
2569.21	1820.5	297	1.#QNAN	0	0.016	0	6.81899e-007	1769.82	2569.21	2459.51
2564.18	1816.67	298	1.#QNAN	0	0.015	0	6.68778e-007	1726.43	2564.18	2454.98
2559.13	1812.8	299	1.#QNAN	0	0.016	0	6.76998e-007	1756.51	2559.13	2450.43
2554.21	1809.05	300	1.#QNAN	0	0.015	0	6.78402e-007	1722.65	2554.21	2445.99
2549.26	1805.31	301	1.#QNAN	0	0.032	0	6.92804e-007	1708.51	2549.26	2441.52
2544.42	1801.65	302	1.#QNAN	0	0.015	0	6.99588e-007	1701.26	2544.42	2437.18
2539.61	1797.97	303	1.#QNAN	0	0.016	0	7.06413e-007	1715.76	2539.61	2432.86
2534.79	1794.26	304	1.#QNAN	0	0.015	0	7.04232e-007	1698.45	2534.79	2428.51
2530.06	1790.62	305	1.#QNAN	0	0.016	0	6.8734e-007	1692.81	2530.06	2424.26
2525.32	1786.95	306	1.#QNAN	0	0.016	0	6.68047e-007	1706	2525.32	2419.99
2520.67	1783.35	307	1.#QNAN	0	0.015	0	6.82052e-007	1700.9	2520.67	2415.82
2515.98	1779.74	308	1.#QNAN	0	0.031	0	6.84654e-007	1709.77	2515.98	2411.6
2511.44	1776.18	309	1.#QNAN	0	0.016	0	6.77043e-007	1763.83	2511.44	2407.53
2506.75	1772.57	310	1.#QNAN	0	0.016	0	7.12535e-007	1693.98	2506.75	2403.29
2502.04	1768.98	311	1.#QNAN	0	0.015	0	6.82742e-007	1697.04	2502.04	2399.04
2497.51	1765.52	312	1.#QNAN	0	0.016	0	7.02708e-007	1723.78	2497.51	2394.95
2492.95	1762.09	313	1.#QNAN	0	0.015	0	6.88203e-007	1719.04	2492.95	2390.84
2488.37	1758.67	314	1.#QNAN	0	0.032	0	6.92655e-007	1664.49	2488.37	2386.69
2483.77	1755.19	315	1.#QNAN	0	0.015	0	6.91241e-007	1639.31	2483.77	2382.54
2479.22	1751.75	316	1.#QNAN	0	0.016	0	6.76568e-007	1639.96	2479.22	2378.42
2474.77	1748.42	317	1.#QNAN	0	0.015	0	6.61599e-007	1679.64	2474.77	2374.41
2470.26	1745.03	318	1.#QNAN	0	0.016	0	6.8296e-007	1656.01	2470.26	2370.33
2465.81	1741.67	319	1.#QNAN	0	0.016	0	6.81011e-007	1667.59	2465.81	2366.32
2461.47	1738.36	320	1.#QNAN	0	0.015	0	6.91984e-007	1664.15	2461.47	2362.4
2457.29	1735.13	321	1.#QNAN	0	0.031	0	6.70306e-007	1737.83	2457.29	2358.67
2453.13	1731.89	322	1.#QNAN	0	0.016	0	7.05083e-007	1757.32	2453.13	2354.94
2449.02	1728.72	323	1.#QNAN	0	0.016	0	7.25601e-007	1750.62	2449.02	2351.27
2444.78	1725.52	324	1.#QNAN	0	0.015	0	7.07779e-007	1730	2444.78	2347.47
2440.62	1722.37	325	1.#QNAN	0	0.016	0	7.20894e-007	1693.17	2440.62	2343.72
2436.48	1719.26	326	1.#QNAN	0	0.015	0	6.82245e-007	1750.78	2436.48	2340
2432.38	1716.16	327	1.#QNAN	0	0.016	0	6.84757e-007	1700.4	2432.38	2336.32
2428.24	1712.98	328	1.#QNAN	0	0.016	0	7.08324e-007	1723.57	2428.24	2332.59
2424.1	1709.84	329	1.#QNAN	0	0.031	0	7.04165e-007	1724.33	2424.1	2328.86
2420.17	1706.81	330	1.#QNAN	0	0.015	0	6.93571e-007	1732	2420.17	2325.35
2416.2	1703.75	331	1.#QNAN	0	0.016	0	6.98983e-007	1761.11	2416.2	2321.8
2412.32	1700.77	332	1.#QNAN	0	0.016	0	6.92112e-007	1735.2	2412.32	2318.34
2408.48	1697.82	333	1.#QNAN	0	0.015	0	7.04165e-007	1778.28	2408.48	2314.89
2404.64	1694.87	334	1.#QNAN	0	0.016	0	6.90934e-007	1748.99	2404.64	2311.46
2400.83	1691.95	335	1.#QNAN	0	0.015	0	6.86849e-007	1740.64	2400.83	2308.03
2396.95	1688.98	336	1.#QNAN	0	0.032	0	7.12802e-007	1720.4	2396.95	2304.55
2393.17	1686.06	337	1.#QNAN	0	0.015	0	7.14024e-007	1687.26	2393.17	2301.17
2389.39	1683.15	338	1.#QNAN	0	0.016	0	6.81163e-007	1690.13	2389.39	2297.77
2385.64	1680.31	339	1.#QNAN	0	0.015	0	7.00037e-007	1711.63	2385.64	2294.41
2381.97	1677.5	340	1.#QNAN	0	0.016	0	7.15001e-007	1724.33	2381.97	2291.12
2378.19	1674.67	341	1.#QNAN	0	0.016	0	7.02977e-007	1679.9	2378.19	2287.73
2374.42	1671.83	342	1.#QNAN	0	0.015	0	7.14322e-007	1672.44	2374.42	2284.33
2370.66	1668.97	343	1.#QNAN	0	0.031	0	7.03253e-007	1662.23	2370.66	2280.95
2366.85	1666.11	344	1.#QNAN	0	0.016	0	6.99882e-007	1634.7	2366.85	2277.51
2363.08	1663.28	345	1.#QNAN	0	0.016	1	7.29772e-007	1655.88	2363.08	2274.1
2359.36	1660.47	346	1.#QNAN	0	0.015	0	7.04141e-007	1688.75	2359.36	2270.73
2355.77	1657.75	347	1.#QNAN	0	0.016	0	6.98384e-007	1734.31	2355.77	2267.51
2352.14	1654.98	348	1.#QNAN	0	0.015	0	7.37692e-007	1700.3	2352.14	2264.23
2348.62	1652.28	349	1.#QNAN	0	0.032	0	7.01693e-007	1766.27	2348.62	2261.09
2345	1649.58	350	1.#QNAN	0	0.015	0	7.00329e-007	1705.95	2345	2257.83
2341.29	1646.76	351	1.#QNAN	0	0.016	0	7.03351e-007	1813.1	2341.29	2254.48
2337.66	1644.04	352	1.#QNAN	0	0.015	0	6.87452e-007	1696.47	2337.66	2251.21
2334.09	1641.39	353	1.#QNAN	0	0.016	0	7.09094e-007	1681.17	2334.09	2248
2330.56	1638.73	354	1.#QNAN	0	0.016	0	7.25344e-007	1669.7	2330.56	2244.83
2327.14	1636.08	355	1.#QNAN	0	0.015	0	7.06002e-007	1738.1	2327.14	2241.77
2323.72	1633.46	356	1.#QNAN	0	0.016	0	7.05869e-007	1705.22	2323.72	2238.7
2320.33	1630.88	357	1.#QNAN	0	0.031	0	7.18957e-007	1692.55	2320.33	2235.65
2316.98	1628.26	358	1.#QNAN	0	0.016	0	7.18384e-007	1673.91	2316.98	2232.65
2313.62	1625.65	359	1.#QNAN	0	0.015	0	7.04385e-007	1675.51	2313.62	2229.65
2310.28	1623.07	360	1.#QNAN	0	0.016	0	7.2364e-007	1662.51	2310.28	2226.66
2306.99	1620.5	361	1.#QNAN	0	0.015	0	7.23317e-007	1677.48	2306.99	2223.7
2303.73	1617.95	362	1.#QNAN	0	0.016	0	7.17234e-007	1714.59	2303.73	2220.78
2300.4	1615.4	363	1.#QNAN	0	0.016	0	7.12961e-007	1676.18	2300.4	2217.77
2297.15	1612.88	364	1.#QNAN	0	0.031	0	7.35444e-007	1654.3	2297.15	2214.85
2293.95	1610.41	365	1.#QNAN	0	0.015	0	7.0372e-007	1691.79	2293.95	2211.97
2290.61	1607.89	366	1.#QNAN	0	0.016	0	6.93812e-007	1614.78	2290.61	2208.97
2287.31	1605.41	367	1.#QNAN	0	0.016	0	7.19058e-007	1589.12	2287.31	2205.97
2284.08	1602.96	368	1.#QNAN	0	0.015	0	7.23448e-007	1663.46	2284.08	2203.07
2280.8	1600.49	369	1.#QNAN	0	0.016	0	7.1715e-007	1646.38	2280.8	2200.1
2277.6	1598.06	370	1.#QNAN	0	0.015	0	7.02151e-007	1667.73	2277.6	2197.21
2274.29	1595.58	371	1.#QNAN	0	0.032	0	7.24964e-007	1602.25	2274.29	2194.21
2271.09	1593.16	372	1.#QNAN	0	0.015	0	7.19503e-007	1665.72	2271.09	2191.33
2267.87	1590.72	373	1.#QNAN	0	0.016	0	7.17412e-007	1622	2267.87	2188.42
2264.61	1588.27	374	1.#QNAN	0	0.015	0	6.94263e-007	1632.64	2264.61	2185.47
2261.37	1585.85	375	1.#QNAN	0	0.016	0	7.07435e-007	1585.49	2261.37	2182.53
2258.18	1583.44	376	1.#QNAN	0	0.016	0	7.0738e-007	1584.07	2258.18	2179.65
2254.99	1581.04	377	1.#QNAN	0	0.015	0	7.20617e-007	1593.93	2254.99	2176.76
2251.68	1578.59	378	1.#QNAN	0	0.031	0	7.12841e-007	1730.01	2251.68	2173.75
2248.48	1576.22	379	1.#QNAN	0	0.016	0	7.05011e-007	1577.25	2248.48	2170.85
2245.38	1573.93	380	1.#QNAN	0	0.016	0	7.13687e-007	1609.55	2245.38	2168.03
2242.3	1571.66	381	1.#QNAN	0	0.015	0	7.07018e-007	1629.15	2242.3	2165.25
2239.18	1569.36	382	1.#QNAN	0	0.016	0	7.11968e-007	1603.34	2239.18	2162.41
2236.1	1567.08	383	1.#QNAN	0	0.015	0	7.22444e-007	1609.48	2236.1	2159.63
2233.04	1564.85	384	1.#QNAN	0	0.016	0	7.18974e-007	1592.03	2233.04	2156.85
2229.96	1562.57	385	1.#QNAN	0	0.016	0	6.86262e-007	1611.42	2229.96	2154.07
2226.93	1560.35	386	1.#QNAN	0	0.031	0	7.19361e-007	1606.95	2226.93	2151.34
2223.93	1558.15	387	1.#QNAN	0	0.015	0	7.35194e-007	1596.97	2223.93	2148.61
2220.92	1555.93	388	1.#QNAN	0	0.016	0	7.1269e-007	1580.8	2220.92	2145.89
2217.91	1553.72	389	1.#QNAN	0	0.016	0	7.09767e-007	1659.1	2217.91	2143.16
2214.92	1551.54	390	1.#QNAN	0	0.015	0	7.18049e-007	1650.92	2214.92	2140.46
2211.98	1549.37	391	1.#QNAN	0	0.016	0	7.23212e-007	1626.7	2211.98	2137.8
2209.11	1547.22	392	1.#QNAN	0	0.015	0	7.47477e-007	1636.57	2209.11	2135.21
2206.09	1545.01	393	1.#QNAN	0	0.032	0	7.19627e-007	1608.64	2206.09	2132.47
2203.08	1542.81	394	1.#QNAN	0	0.015	0	7.28561e-007	1626.05	2203.08	2129.72
2200.15	1540.62	395	1.#QNAN	0	0.016	0	7.26089e-007	1574.71	2200.15	2127.06
2197.23	1538.47	396	1.#QNAN	0	0.015	0	7.46957e-007	1583.03	2197.23	2124.42
2194.38	1536.37	397	1.#QNAN	0	0.016	0	7.3269e-007	1666.07	2194.38	2121.85
2191.39	1534.22	398	1.#QNAN	0	0.016	0	7.21343e-007	1623.5	2191.39	2119.12
2188.51	1532.14	399	1.#QNAN	0	0.015	0	7.60005e-007	1619.24	2188.51	2116.51
2185.66	1530.08	400	1.#QNAN	0	0.031	0	7.47553e-007	1600.88	2185.66	2113.93
2182.79	1527.96	401	1.#QNAN	0	0.016	1	7.14218e-007	1631.68	2182.79	2111.33
2179.99	1525.91	402	1.#QNAN	0	0.016	0	7.14436e-007	1626.44	2179.99	2108.8
2177.22	1523.87	403	1.#QNAN	0	0.015	0	7.22196e-007	1588.95	2177.22	2106.29
2174.43	1521.83	404	1.#QNAN	0	0.016	0	6.90351e-007	1567.19	2174.43	2103.75
2171.74	1519.84	405	1.#QNAN	0	0.015	0	7.48058e-007	1630.96	2171.74	2101.33
2169.03	1517.83	406	1.#QNAN	0	0.016	0	7.21961e-007	1588.53	2169.03	2098.88
2166.33	1515.83	407	1.#QNAN	0	0.031	0	7.16293e-007	1590.87	2166.33	2096.44
2163.68	1513.83	408	1.#QNAN	0	0.016	0	7.24562e-007	1565.98	2163.68	2094.04
2161.1	1511.87	409	1.#QNAN	0	0.015	0	7.20041e-007	1636.62	2161.1	2091.72
2158.39	1509.83	410	1.#QNAN	0	0.016	0	7.38702e-007	1631.95	2158.39	2089.27
2155.8	1507.89	411	1.#QNAN	0	0.016	0	7.20686e-007	1643.75	2155.8	2086.94
2153.14	1505.92	412	1.#QNAN	0	0.015	0	7.14549e-007	1573.92	2153.14	2084.54
2150.5	1503.92	413	1.#QNAN	0	0.016	0	6.90389e-007	1601.82	2150.5	2082.15
2147.95	1501.96	414	1.#QNAN	0	0.031	0	7.18064e-007	1565.13	2147.95	2079.86
2145.39	1500	415	1.#QNAN	0	0.016	0	7.25602e-007	1599.66	2145.39	2077.55
2142.86	1498.05	416	1.#QNAN	0	0.015	0	7.27928e-007	1582.34	2142.86	2075.28
2140.33	1496.12	417	1.#QNAN	0	0.016	0	7.31983e-007	1573.93	2140.33	2073.01
2137.84	1494.21	418	1.#QNAN	0	0.015	0	7.16807e-007	1637.3	2137.84	2070.77
2135.38	1492.33	419	1.#QNAN	0	0.016	0	7.13187e-007	1644.56	2135.38	2068.56
2132.91	1490.43	420	1.#QNAN	0	0.016	0	7.20194e-007	1619.67	2132.91	2066.34
2130.56	1488.6	421	1.#QNAN	0	0.031	0	7.2459e-007	1675.27	2130.56	2064.23
2128.19	1486.76	422	1.#QNAN	0	0.015	0	7.2481e-007	1632.33	2128.19	2062.12
2125.83	1484.96	423	1.#QNAN	0	0.016	0	7.24698e-007	1611.42	2125.83	2060.01
2123.55	1483.15	424	1.#QNAN	0	0.016	0	7.02627e-007	1645.11	2123.55	2057.98
2121.24	1481.36	425	1.#QNAN	0	0.015	0	7.41106e-007	1616.68	2121.24	2055.91
2119.01	1479.62	426	1.#QNAN	0	0.016	0	7.19211e-007	1695.67	2119.01	2053.94
2116.85	1477.9	427	1.#QNAN	0	0.015	0	7.34345e-007	1701.27	2116.85	2052.02
2114.56	1476.12	428	1.#QNAN	0	0.016	0	7.26458e-007	1660.65	2114.56	2049.97
2112.38	1474.39	429	1.#QNAN	0	0.031	0	7.10359e-007	1649.15	2112.38	2048.04
2110.18	1472.64	430	1.#QNAN	0	0.016	0	7.17787e-007	1622.28	2110.18	2046.08
2108.01	1470.92	431	1.#QNAN	0	0.015	0	7.33276e-007	1629.1	2108.01	2044.15
2105.79	1469.2	432	1.#QNAN	0	0.016	0	7.12078e-007	1594.72	2105.79	2042.15
2103.63	1467.53	433	1.#QNAN	0	0.016	0	7.44494e-007	1660.97	2103.63	2040.22
2101.43	1465.83	434	1.#QNAN	0	0.015	0	7.2283e-007	1670.49	2101.43	2038.27
2099.35	1464.19	435	1.#QNAN	0	0.016	0	7.28794e-007	1673.74	2099.35	2036.42
2097.25	1462.55	436	1.#QNAN	0	0.031	0	7.05649e-007	1621.68	2097.25	2034.55
2095.11	1460.9	437	1.#QNAN	0	0.016	0	7.26705e-007	1624.26	2095.11	2032.65
2092.99	1459.27	438	1.#QNAN	0	0.015	0	7.57342e-007	1641.17	2092.99	2030.75
2090.8	1457.6	439	1.#QNAN	0	0.016	0	7.20355e-007	1585.95	2090.8	2028.78
2088.66	1455.98	440	1.#QNAN	0	0.015	0	7.49223e-007	1610.58	2088.66	2026.87
2086.48	1454.33	441	1.#QNAN	0	0.016	0	7.2011e-007	1687.56	2086.48	2024.91
2084.46	1452.78	442	1.#QNAN	0	0.016	0	7.11098e-007	1685.09	2084.46	2023.12
2082.39	1451.18	443	1.#QNAN	0	0.031	0	7.22645e-007	1601.8	2082.39	2021.26
2080.28	1449.58	444	1.#QNAN	0	0.015	0	7.09642e-007	1629.27	2080.28	2019.38
2078.2	1448.01	445	1.#QNAN	0	0.016	0	7.27867e-007	1595.44	2078.2	2017.51
2076.07	1446.41	446	1.#QNAN	0	0.016	0	7.21629e-007	1602.26	2076.07	2015.59
2073.92	1444.8	447	1.#QNAN	0	0.015	0	7.39512e-007	1625.06	2073.92	2013.66
2071.86	1443.26	448	1.#QNAN	0	0.016	0	7.19183e-007	1605.94	2071.86	2011.8
2069.87	1441.73	449	1.#QNAN	0	0.015	0	7.20637e-007	1611.53	2069.87	2010.03
2067.91	1440.2	450	1.#QNAN	0	0.032	0	7.05577e-007	1608.75	2067.91	2008.28
2065.88	1438.64	451	1.#QNAN	0	0.015	0	7.50701e-007	1713.25	2065.88	2006.46
2063.92	1437.14	452	1.#QNAN	0	0.016	0	7.22014e-007	1681.78	2063.92	2004.71
2061.98	1435.66	453	1.#QNAN	0	0.015	0	7.12313e-007	1638.95	2061.98	2002.98
2060.02	1434.15	454	1.#QNAN	0	0.016	0	7.36928e-007	1623.06	2060.02	2001.24
2058.14	1432.7	455	1.#QNAN	0	0.016	0	7.46892e-007	1694.92	2058.14	1999.57
2056.08	1431.18	456	1.#QNAN	0	0.015	0	7.09503e-007	1643.52	2056.08	1997.71
2054.1	1429.69	457	1.#QNAN	0	0.031	1	7.51548e-007	1596.76	2054.1	1995.93
2052.14	1428.18	458	1.#QNAN	0	0.016	0	7.18062e-007	1639.83	2052.14	1994.17
2050.2	1426.69	459	1.#QNAN	0	0.016	0	7.24715e-007	1590.7	2050.2	1992.43
2048.22	1425.18	460	1.#QNAN	0	0.015	0	7.47649e-007	1697.04	2048.22	1990.65
2046.24	1423.69	461	1.#QNAN	0	0.016	0	7.23029e-007	1705.56	2046.24	1988.88
2044.42	1422.28	462	1.#QNAN	0	0.015	0	7.53668e-007	1677.8	2044.42	1987.26
2042.46	1420.8	463	1.#QNAN	0	0.016	0	7.25748e-007	1699.47	2042.46	1985.5
2040.58	1419.39	464	1.#QNAN	0	0.031	0	7.48046e-007	1649.64	2040.58	1983.81
2038.69	1417.98	465	1.#QNAN	0	0.016	0	7.37209e-007	1624.66	2038.69	1982.11
2036.74	1416.54	466	1.#QNAN	0	0.015	0	7.42448e-007	1788.8	2036.74	1980.35
2034.92	1415.17	467	1.#QNAN	0	0.016	0	7.27883e-007	1641.12	2034.92	1978.73
2033.03	1413.75	468	1.#QNAN	0	0.016	0	7.46921e-007	1612.4	2033.03	1977.02
2031.19	1412.37	469	1.#QNAN	0	0.015	0	7.3238e-007	1638.02	2031.19	1975.37
2029.37	1410.99	470	1.#QNAN	0	0.016	0	7.36787e-007	1618.94	2029.37	1973.74
2027.57	1409.62	471	1.#QNAN	0	0.015	0	7.3583e-007	1620.61	2027.57	1972.14
2025.86	1408.3	472	1.#QNAN	0	0.032	0	7.55683e-007	1700.33	2025.86	1970.62
2024.17	1407	473	1.#QNAN	0	0.015	0	7.42554e-007	1676.44	2024.17	1969.12
2022.44	1405.65	474	1.#QNAN	0	0.016	0	7.15632e-007	1618.38	2022.44	1967.58
2020.71	1404.32	475	1.#QNAN	0	0.015	0	7.58387e-007	1630.04	2020.71	1966.04
2018.93	1402.96	476	1.#QNAN	0	0.016	0	7.5266e-007	1674.26	2018.93	1964.44
2017.11	1401.6	477	1.#QNAN	0	0.016	0	7.34394e-007	1659.16	2017.11	1962.81
2015.37	1400.31	478	1.#QNAN	0	0.015	0	7.45954e-007	1600.5	2015.37	1961.25
2013.56	1398.96	479	1.#QNAN	0	0.031	0	7.25675e-007	1610.6	2013.56	1959.62
2011.81	1397.64	480	1.#QNAN	0	0.016	0	7.06111e-007	1633.11	2011.81	1958.06
2010.06	1396.35	481	1.#QNAN	0	0.016	0	7.11574e-007	1594.34	2010.06	1956.49
2008.28	1395.04	482	1.#QNAN	0	0.015	0	7.1031e-007	1663.87	2008.28	1954.88
2006.61	1393.8	483	1.#QNAN	0	0.016	0	7.47457e-007	1616.97	2006.61	1953.39
2004.91	1392.53	484	1.#QNAN	0	0.015	0	7.67776e-007	1621.43	2004.91	1951.87
2003.24	1391.28	485	1.#QNAN	0	0.016	0	7.233e-007	1662.87	2003.24	1950.37
2001.62	1390.04	486	1.#QNAN	0	0.031	0	7.28348e-007	1680.12	2001.62	1948.93
2000	1388.8	487	1.#QNAN	0	0.016	0	7.33285e-007	1618.55	2000	1947.49
1998.42	1387.56	488	1.#QNAN	0	0.015	0	7.08306e-007	1667.53	1998.42	1946.08
1996.75	1386.28	489	1.#QNAN	0	0.016	0	7.02079e-007	1590.4	1996.75	1944.59
1995.09	1384.99	490	1.#QNAN	0	0.016	0	7.20604e-007	1688.99	1995.09	1943.11
1993.49	1383.72	491	1.#QNAN	0	0.015	0	7.39778e-007	1640.36	1993.49	1941.69
1991.92	1382.47	492	1.#QNAN	0	0.016	0	7.46671e-007	1664.93	1991.92	1940.3
1990.29	1381.19	493	1.#QNAN	0	0.031	0	7.2184e-007	1782.07	1990.29	1938.85
1988.72	1379.94	494	1.#QNAN	0	0.016	0	7.25939e-007	1651.17	1988.72	1937.46
1987.17	1378.73	495	1.#QNAN	0	0.015	0	7.20316e-007	1693.14	1987.17	1936.08
1985.63	1377.51	496	1.#QNAN	0	0.016	0	7.51461e-007	1662.14	1985.63	1934.72
1984.04	1376.25	497	1.#QNAN	0	0.015	0	7.14886e-007	1637.94	1984.04	1933.31
1982.49	1375.06	498	1.#QNAN	0	0.016	0	7.216e-007	1684.29	1982.49	1931.94
1980.89	1373.83	499	1.#QNAN	0	0.016	0	7.46954e-007	1594.92	1980.89	1930.51
1979.38	1372.63	500	1.#QNAN	0	0.015	0	7.05266e-007	1664.94	1979.38	1929.17
1977.81	1371.43	501	1.#QNAN	0	0.031	0	7.52237e-007	1631.64	1977.81	1927.76
1976.22	1370.2	502	1.#QNAN	0	0.016	0	7.63324e-007	1598	1976.22	1926.35
1974.67	1368.96	503	1.#QNAN	0	0.016	0	7.31959e-007	1598.18	1974.67	1924.96
1973.13	1367.74	504	1.#QNAN	0	0.015	0	7.56139e-007	1658.54	1973.13	1923.6
1971.6	1366.52	505	1.#QNAN	0	0.016	0	7.74072e-007	1587.72	1971.6	1922.23
1970.09	1365.31	506	1.#QNAN	0	0.015	0	7.12536e-007	1646.85	1970.09	1920.89
1968.54	1364.07	507	1.#QNAN	0	0.016	0	7.1964e-007	1615.77	1968.54	1919.5
1967.11	1362.91	508	1.#QNAN	0	0.031	0	7.21753e-007	1670.72	1967.11	1918.24
1965.64	1361.73	509	1.#QNAN	0	0.016	0	7.32894e-007	1654.8	1965.64	1916.94
1964.1	1360.53	510	1.#QNAN	0	0.015	0	7.51297e-007	1569.99	1964.1	1915.56
1962.58	1359.35	511	1.#QNAN	0	0.016	0	7.32311e-007	1581.81	1962.58	1914.2
1961.1	1358.19	512	1.#QNAN	0	0.016	0	7.47974e-007	1583.21	1961.1	1912.88
1959.53	1357	513	1.#QNAN	0	0.015	0	7.23031e-007	1695.29	1959.53	1911.46
1958.05	1355.87	514	1.#QNAN	0	0.016	0	7.33789e-007	1626.89	1958.05	1910.15
1956.47	1354.67	515	1.#QNAN	0	0.015	1	7.40076e-007	1619.67	1956.47	1908.72
1954.88	1353.49	516	1.#QNAN	0	0.032	0	7.54325e-007	1619.38	1954.88	1907.29
1953.41	1352.38	517	1.#QNAN	0	0.015	0	7.33641e-007	1623.66	1953.41	1905.97
1951.92	1351.26	518	1.#QNAN	0	0.016	0	7.48604e-007	1552.34	1951.92	1904.62
1950.4	1350.11	519	1.#QNAN	0	0.015	0	7.46861e-007	1576.96	1950.4	1903.25
1948.97	1349.01	520	1.#QNAN	0	0.016	0	7.40622e-007	1633.99	1948.97	1901.98
1947.46	1347.88	521	1.#QNAN	0	0.016	0	7.42484e-007	1676.49	1947.46	1900.62
1946.01	1346.76	522	1.#QNAN	0	0.015	0	7.33175e-007	1590.87	1946.01	1899.32
1944.62	1345.68	523	1.#QNAN	0	0.016	0	7.24123e-007	1641.34	1944.62	1898.08
1943.22	1344.59	524	1.#QNAN	0	0.031	0	7.28545e-007	1642.32	1943.22	1896.84
1941.81	1343.49	525	1.#QNAN	0	0.016	0	7.45324e-007	1596.61	1941.81	1895.58
1940.35	1342.38	526	1.#QNAN	0	0.015	0	7.62971e-007	1590.85	1940.35	1894.27
1938.88	1341.26	527	1.#QNAN	0	0.016	0	7.26522e-007	1578.47	1938.88	1892.95
1937.45	1340.18	528	1.#QNAN	0	0.015	0	7.43845e-007	1636.6	1937.45	1891.66
1936.08	1339.1	529	1.#QNAN	0	0.016	0	7.50949e-007	1671.43	1936.08	1890.44
1934.67	1338.03	530	1.#QNAN	0	0.016	0	7.41101e-007	1603.45	1934.67	1889.18
1933.25	1336.95	531	1.#QNAN	0	0.031	0	7.17319e-007	1591.47	1933.25	1887.9
1931.85	1335.87	532	1.#QNAN	0	0.015	0	7.32064e-007	1605.75	1931.85	1886.65
1930.47	1334.79	533	1.#QNAN	0	0.016	0	7.49786e-007	1618.66	1930.47	1885.41
1929.14	1333.73	534	1.#QNAN	0	0.016	0	7.37456e-007	1638	1929.14	1884.23
1927.79	1332.68	535	1.#QNAN	0	0.015	0	7.71051e-007	1599.89	1927.79	1883.02
1926.44	1331.62	536	1.#QNAN	0	0.016	0	7.60621e-007	1623.09	1926.44	1881.81
1925.07	1330.54	537	1.#QNAN	0	0.015	0	7.42617e-007	1602.46	1925.07	1880.58
1923.62	1329.43	538	1.#QNAN	0	0.032	0	7.71755e-007	1591.9	1923.62	1879.27
1922.28	1328.39	539	1.#QNAN	0	0.015	0	7.28365e-007	1569.68	1922.28	1878.06
1920.96	1327.33	540	1.#QNAN	0	0.016	0	7.04014e-007	1620.38	1920.96	1876.89
1919.63	1326.28	541	1.#QNAN	0	0.015	0	7.71619e-007	1615.08	1919.63	1875.7
1918.28	1325.21	542	1.#QNAN	0	0.016	0	7.32251e-007	1598.45	1918.28	1874.49
1916.92	1324.16	543	1.#QNAN	0	0.016	0	7.38334e-007	1580.34	1916.92	1873.26
1915.62	1323.12	544	1.#QNAN	0	0.015	0	7.44326e-007	1591.87	1915.62	1872.1
1914.35	1322.09	545	1.#QNAN	0	0.031	0	7.65141e-007	1628.82	1914.35	1870.96
1913.06	1321.04	546	1.#QNAN	0	0.016	0	7.53023e-007	1659.48	1913.06	1869.81
1911.75	1320	547	1.#QNAN	0	0.016	0	7.37901e-007	1612.66	1911.75	1868.64
1910.43	1318.96	548	1.#QNAN	0	0.015	0	7.43255e-007	1574.18	1910.43	1867.45
1909.12	1317.93	549	1.#QNAN	0	0.016	0	7.70072e-007	1635.56	1909.12	1866.27
1907.85	1316.92	550	1.#QNAN	0	0.015	0	7.50081e-007	1636.74	1907.85	1865.14
1906.61	1315.92	551	1.#QNAN	0	0.016	0	7.85746e-007	1628.4	1906.61	1864.04
1905.33	1314.91	552	1.#QNAN	0	0.031	0	7.30754e-007	1559.22	1905.33	1862.88
1904.1	1313.93	553	1.#QNAN	0	0.016	0	7.39875e-007	1622	1904.1	1861.79
1902.95	1312.97	554	1.#QNAN	0	0.015	0	7.34458e-007	1648.39	1902.95	1860.77
1901.71	1311.98	555	1.#QNAN	0	0.016	0	7.58995e-007	1573.22	1901.71	1859.67
1900.52	1311.02	556	1.#QNAN	0	0.016	0	7.85897e-007	1616.93	1900.52	1858.61
1899.31	1310.06	557	1.#QNAN	0	0.015	0	7.64881e-007	1575.47	1899.31	1857.52
1898.03	1309.06	558	1.#QNAN	0	0.016	0	7.24475e-007	1570.99	1898.03	1856.37
1896.84	1308.1	559	1.#QNAN	0	0.031	0	7.57772e-007	1619.81	1896.84	1855.32
1895.62	1307.14	560	1.#QNAN	0	0.016	0	7.32714e-007	1591.61	1895.62	1854.23
1894.41	1306.2	561	1.#QNAN	0	0.015	0	7.19078e-007	1640.9	1894.41	1853.15
1893.17	1305.25	562	1.#QNAN	0	0.016	0	7.58824e-007	1631.87	1893.17	1852.03
1891.89	1304.28	563	1.#QNAN	0	0.015	0	7.55504e-007	1592.57	1891.89	1850.88
1890.6	1303.31	564	1.#QNAN	0	0.016	0	7.55647e-007	1575.84	1890.6	1849.72
1889.28	1302.33	565	1.#QNAN	0	0.016	0	7.3486e-007	1614.51	1889.28	1848.52
1888.01	1301.37	566	1.#QNAN	0	0.031	0	7.59482e-007	1592.04	1888.01	1847.37
1886.69	1300.39	567	1.#QNAN	0	0.015	0	7.44891e-007	1575.11	1886.69	1846.17
1885.45	1299.44	568	1.#QNAN	0	0.016	0	7.51879e-007	1570.51	1885.45	1845.06
1884.27	1298.53	569	1.#QNAN	0	0.016	0	7.59292e-007	1620.84	1884.27	1844
1883.02	1297.58	570	1.#QNAN	0	0.015	0	7.85599e-007	1593.13	1883.02	1842.87
1881.82	1296.66	571	1.#QNAN	0	0.016	1	7.84991e-007	1594.64	1881.82	1841.8
1880.6	1295.74	572	1.#QNAN	0	0.015	0	7.70259e-007	1627.96	1880.6	1840.7
1879.38	1294.83	573	1.#QNAN	0	0.032	0	7.36222e-007	1585.42	1879.38	1839.59
1878.13	1293.91	574	1.#QNAN	0	0.015	0	7.56578e-007	1557.1	1878.13	1838.46
1876.82	1292.96	575	1.#QNAN	0	0.016	0	7.59468e-007	1656.87	1876.82	1837.27
1875.62	1292.06	576	1.#QNAN	0	0.015	0	7.38546e-007	1543.36	1875.62	1836.18
1874.38	1291.15	577	1.#QNAN	0	0.016	0	7.86159e-007	1590.77	1874.38	1835.07
1873.12	1290.23	578	1.#QNAN	0	0.016	0	7.55423e-007	1686.55	1873.12	1833.93
1871.88	1289.33	579	1.#QNAN	0	0.015	0	7.55805e-007	1644.05	1871.88	1832.8
1870.66	1288.44	580	1.#QNAN	0	0.031	0	7.65711e-007	1577.74	1870.66	1831.7
1869.52	1287.57	581	1.#QNAN	0	0.016	0	7.34427e-007	1577.95	1869.52	1830.67
1868.28	1286.64	582	1.#QNAN	0	0.016	0	7.62144e-007	1641.79	1868.28	1829.55
1867.13	1285.75	583	1.#QNAN	0	0.015	0	7.41613e-007	1591.8	1867.13	1828.52
1865.98	1284.88	584	1.#QNAN	0	0.016	0	7.72045e-007	1557.24	1865.98	1827.49
1864.79	1283.99	585	1.#QNAN	0	0.015	0	7.38852e-007	1545.59	1864.79	1826.41
1863.61	1283.12	586	1.#QNAN	0	0.016	0	7.20924e-007	1554.27	1863.61	1825.34
1862.44	1282.27	587	1.#QNAN	0	0.016	0	7.74406e-007	1568.16	1862.44	1824.29
1861.34	1281.42	588	1.#QNAN	0	0.031	0	7.62759e-007	1605.62	1861.34	1823.31
1860.2	1280.55	589	1.#QNAN	0	0.015	0	7.71249e-007	1579.75	1860.2	1822.27
1859.1	1279.71	590	1.#QNAN	0	0.016	0	7.62102e-007	1624.53	1859.1	1821.29
1857.91	1278.85	591	1.#QNAN	0	0.016	0	7.73708e-007	1588.15	1857.91	1820.21
1856.75	1277.98	592	1.#QNAN	0	0.015	0	7.71508e-007	1625.16	1856.75	1819.17
1855.67	1277.16	593	1.#QNAN	0	0.016	0	7.70883e-007	1572.79	1855.67	1818.2
1854.53	1276.3	594	1.#QNAN	0	0.015	0	7.69139e-007	1629.59	1854.53	1817.17
1853.4	1275.43	595	1.#QNAN	0	0.032	0	7.39746e-007	1676.45	1853.4	1816.16
1852.34	1274.6	596	1.#QNAN	0	0.015	0	7.57267e-007	1578.15	1852.34	1815.2
1851.23	1273.76	597	1.#QNAN	0	0.016	0	7.43718e-007	1616.94	1851.23	1814.21
1850.16	1272.93	598	1.#QNAN	0	0.015	0	7.58497e-007	1582.32	1850.16	1813.25
1849.12	1272.1	599	1.#QNAN	0	0.016	0	7.69198e-007	1594.92	1849.12	1812.33
1848.08	1271.29	600	1.#QNAN	0	0.016	0	7.51983e-007	1587.89	1848.08	1811.4
1846.99	1270.47	601	1.#QNAN	0	0.031	0	7.63086e-007	1604.79	1846.99	1810.41
1845.98	1269.67	602	1.#QNAN	0	0.015	0	7.60998e-007	1635.64	1845.98	1809.51
1844.97	1268.9	603	1.#QNAN	0	0.016	0	7.52365e-007	1621.65	1844.97	1808.61
1843.99	1268.14	604	1.#QNAN	0	0.016	0	7.33921e-007	1655.95	1843.99	1807.74
1843.03	1267.36	605	1.#QNAN	0	0.015	0	7.63093e-007	1643.49	1843.03	1806.89
1842.01	1266.57	606	1.#QNAN	0	0.016	0	7.7538e-007	1583.54	1842.01	1805.98
1840.98	1265.76	607	1.#QNAN	0	0.015	0	7.31348e-007	1595.24	1840.98	1805.06
1840	1264.99	608	1.#QNAN	0	0.032	0	7.43975e-007	1604.83	1840	1804.18
1838.97	1264.19	609	1.#QNAN	0	0.015	0	7.89227e-007	1603	1838.97	1803.26
1838	1263.44	610	1.#QNAN	0	0.016	0	7.41999e-007	1602.2	1838	1802.4
1836.96	1262.66	611	1.#QNAN	0	0.015	0	7.38945e-007	1592.84	1836.96	1801.47
1835.98	1261.9	612	1.#QNAN	0	0.016	0	7.53316e-007	1599.81	1835.98	1800.59
1834.93	1261.12	613	1.#QNAN	0	0.016	0	7.21904e-007	1659.79	1834.93	1799.65
1833.94	1260.38	614	1.#QNAN	0	0.015	0	7.62866e-007	1592.61	1833.94	1798.76
1832.98	1259.66	615	1.#QNAN	0	0.031	0	7.54602e-007	1661.95	1832.98	1797.9
1831.95	1258.9	616	1.#QNAN	0	0.016	0	7.57884e-007	1567.26	1831.95	1796.97
1830.97	1258.15	617	1.#QNAN	0	0.016	0	7.47869e-007	1581.57	1830.97	1796.09
1829.92	1257.38	618	1.#QNAN	0	0.015	0	7.52404e-007	1642.65	1829.92	1795.15
1828.94	1256.63	619	1.#QNAN	0	0.016	0	7.27701e-007	1560.77	1828.94	1794.26
1827.91	1255.87	620	1.#QNAN	0	0.015	0	7.47779e-007	1580.8	1827.91	1793.33
1826.91	1255.12	621	1.#QNAN	0	0.032	0	7.94279e-007	1558.55	1826.91	1792.43
1825.89	1254.34	622	1.#QNAN	0	0.015	0	7.75e-007	1728.04	1825.89	1791.51
1824.92	1253.61	623	1.#QNAN	0	0.016	0	7.60218e-007	1568.05	1824.92	1790.64
1823.91	1252.85	624	1.#QNAN	0	0.015	0	7.60096e-007	1684.65	1823.91	1789.73
1822.93	1252.08	625	1.#QNAN	0	0.016	0	7.89432e-007	1610.23	1822.93	1788.86
1821.99	1251.35	626	1.#QNAN	0	0.016	0	7.55458e-007	1589.54	1821.99	1788.02
1821.06	1250.63	627	1.#QNAN	0	0.015	1	7.4838e-007	1598.55	1821.06	1787.2
1820.17	1249.93	628	1.#QNAN	0	0.031	0	7.8562e-007	1646.77	1820.17	1786.41
1819.27	1249.22	629	1.#QNAN	0	0.016	0	7.77167e-007	1639.3	1819.27	1785.6
1818.39	1248.55	630	1.#QNAN	0	0.016	0	7.43752e-007	1655.47	1818.39	1784.82
1817.37	1247.79	631	1.#QNAN	0	0.015	0	7.56367e-007	1655.83	1817.37	1783.9
1816.46	1247.09	632	1.#QNAN	0	0.016	0	7.56757e-007	1626.65	1816.46	1783.09
1815.53	1246.37	633	1.#QNAN	0	0.015	0	7.71395e-007	1628.55	1815.53	1782.25
1814.54	1245.62	634	1.#QNAN	0	0.016	0	7.52713e-007	1607.99	1814.54	1781.36
1813.56	1244.86	635	1.#QNAN	0	0.016	0	7.48812e-007	1625.95	1813.56	1780.47
1812.66	1244.14	636	1.#QNAN	0	0.016	0	7.73502e-007	1612.82	1812.66	1779.67
1811.71	1243.38	637	1.#QNAN	0	0.015	0	7.81974e-007	1649.79	1811.71	1778.81
1810.84	1242.67	638	1.#QNAN	0	0.016	0	7.95655e-007	1675.43	1810.84	1778.04
1809.95	1241.97	639	1.#QNAN	0	0.016	0	7.59243e-007	1671.24	1809.95	1777.25
1809	1241.22	640	1.#QNAN	0	0.015	0	7.54977e-007	1653.62	1809	1776.39
1808.06	1240.51	641	1.#QNAN	0	0.016	0	7.51492e-007	1605.95	1808.06	1775.54
1807.14	1239.79	642	1.#QNAN	0	0.015	0	7.73349e-007	1572.98	1807.14	1774.71
1806.2	1239.05	643	1.#QNAN	0	0.032	0	7.49174e-007	1649.36	1806.2	1773.88
1805.32	1238.36	644	1.#QNAN	0	0.015	0	7.38881e-007	1587.9	1805.32	1773.09
1804.47	1237.68	645	1.#QNAN	0	0.016	0	7.6112e-007	1648.88	1804.47	1772.33
1803.6	1236.99	646	1.#QNAN	0	0.015	0	7.49308e-007	1597.87	1803.6	1771.55
1802.72	1236.31	647	1.#QNAN	0	0.016	0	7.57366e-007	1599.6	1802.72	1770.77
1801.83	1235.61	648	1.#QNAN	0	0.016	0	7.53537e-007	1577.92	1801.83	1769.97
1800.91	1234.9	649	1.#QNAN	0	0.015	0	7.72216e-007	1590.41	1800.91	1769.14
1800.01	1234.21	650	1.#QNAN	0	0.031	0	7.48521e-007	1581.01	1800.01	1768.34
1799.14	1233.55	651	1.#QNAN	0	0.016	0	7.46267e-007	1633.09	1799.14	1767.57
1798.26	1232.87	652	1.#QNAN	0	0.016	0	7.58362e-007	1581.12	1798.26	1766.77
1797.33	1232.18	653	1.#QNAN	0	0.015	0	7.3837e-007	1682.97	1797.33	1765.93
1796.46	1231.49	654	1.#QNAN	0	0.016	0	7.44324e-007	1591.78	1796.46	1765.16
1795.65	1230.84	655	1.#QNAN	0	0.015	0	7.58099e-007	1627.33	1795.65	1764.44
1794.8	1230.17	656	1.#QNAN	0	0.016	0	7.40263e-007	1652.95	1794.8	1763.69
1793.98	1229.52	657	1.#QNAN	0	0.031	0	7.13497e-007	1639.23	1793.98	1762.96
1793.08	1228.84	658	1.#QNAN	0	0.016	0	7.71571e-007	1654.8	1793.08	1762.16
1792.27	1228.21	659	1.#QNAN	0	0.015	0	7.8239e-007	1673.54	1792.27	1761.44
1791.41	1227.55	660	1.#QNAN	0	0.016	0	7.69321e-007	1587.6	1791.41	1760.67
1790.57	1226.9	661	1.#QNAN	0	0.016	0	7.71253e-007	1635.93	1790.57	1759.91
1789.69	1226.23	662	1.#QNAN	0	0.015	0	7.85821e-007	1616.53	1789.69	1759.12
1788.88	1225.61	663	1.#QNAN	0	0.031	0	7.68946e-007	1620.49	1788.88	1758.4
1788.02	1224.96	664	1.#QNAN	0	0.016	0	7.67457e-007	1592.93	1788.02	1757.63
1787.17	1224.32	665	1.#QNAN	0	0.016	0	7.50658e-007	1589.21	1787.17	1756.87
1786.28	1223.64	666	1.#QNAN	0	0.015	0	7.61768e-007	1674.64	1786.28	1756.07
1785.35	1222.95	667	1.#QNAN	0	0.016	0	7.45784e-007	1727.27	1785.35	1755.22
1784.45	1222.29	668	1.#QNAN	0	0.031	0	7.71013e-007	1633.72	1784.45	1754.41
1783.58	1221.64	669	1.#QNAN	0	0.016	0	7.64121e-007	1572.1	1783.58	1753.63
1782.73	1221.02	670	1.#QNAN	0	0.015	0	7.55128e-007	1570.65	1782.73	1752.86
1781.89	1220.39	671	1.#QNAN	0	0.016	0	7.47175e-007	1567.68	1781.89	1752.11
1781.1	1219.79	672	1.#QNAN	0	0.015	0	7.84686e-007	1626.42	1781.1	1751.39
1780.32	1219.19	673	1.#QNAN	0	0.016	0	7.62515e-007	1638.24	1780.32	1750.7
1779.44	1218.55	674	1.#QNAN	0	0.016	0	7.78276e-007	1630.23	1779.44	1749.9
1778.63	1217.95	675	1.#QNAN	0	0.015	0	7.63538e-007	1598.21	1778.63	1749.17
1777.82	1217.35	676	1.#QNAN	0	0.031	0	7.56208e-007	1570.25	1777.82	1748.44
1777.03	1216.76	677	1.#QNAN	0	0.016	0	7.55358e-007	1579.19	1777.03	1747.73
1776.23	1216.16	678	1.#QNAN	0	0.016	0	7.50884e-007	1583.01	1776.23	1747.01
1775.46	1215.57	679	1.#QNAN	0	0.015	0	8.16939e-007	1625.61	1775.46	1746.32
1774.66	1214.97	680	1.#QNAN	0	0.016	0	7.59525e-007	1578.34	1774.66	1745.61
1773.84	1214.35	681	1.#QNAN	0	0.015	0	7.87605e-007	1632.48	1773.84	1744.87
1773.08	1213.77	682	1.#QNAN	0	0.016	0	8.02405e-007	1631.71	1773.08	1744.19
1772.24	1213.15	683	1.#QNAN	0	0.016	1	7.5408e-007	1582.28	1772.24	1743.42
1771.52	1212.58	684	1.#QNAN	0	0.031	0	7.57015e-007	1636.51	1771.52	1742.78
1770.84	1212.02	685	1.#QNAN	0	0.015	0	7.71295e-007	1627.86	1770.84	1742.18
1770.05	1211.4	686	1.#QNAN	0	0.016	0	7.49073e-007	1709	1770.05	1741.47
1769.33	1210.84	687	1.#QNAN	0	0.016	0	7.78076e-007	1629.75	1769.33	1740.83
1768.63	1210.27	688	1.#QNAN	0	0.015	0	7.64925e-007	1619.69	1768.63	1740.22
1767.91	1209.69	689	1.#QNAN	0	0.016	0	7.70527e-007	1577.87	1767.91	1739.57
1767.23	1209.12	690	1.#QNAN	0	0.031	0	8.09533e-007	1643.43	1767.23	1738.97
1766.56	1208.55	691	1.#QNAN	0	0.016	0	7.69509e-007	1641.89	1766.56	1738.38
1765.86	1207.99	692	1.#QNAN	0	0.015	0	7.71536e-007	1611.79	1765.86	1737.75
1765.17	1207.42	693	1.#QNAN	0	0.016	0	7.57223e-007	1626.78	1765.17	1737.15
1764.49	1206.86	694	1.#QNAN	0	0.015	0	8.03724e-007	1635.04	1764.49	1736.55
1763.8	1206.31	695	1.#QNAN	0	0.016	0	7.76748e-007	1587.12	1763.8	1735.93
1763.12	1205.76	696	1.#QNAN	0	0.016	0	7.59292e-007	1648.21	1763.12	1735.32
1762.43	1205.2	697	1.#QNAN	0	0.015	0	7.3351e-007	1627.18	1762.43	1734.71
1761.7	1204.63	698	1.#QNAN	0	0.031	0	7.66028e-007	1557.61	1761.7	1734.05
1761.04	1204.08	699	1.#QNAN	0	0.016	0	7.8328e-007	1640.46	1761.04	1733.48
1760.35	1203.52	700	1.#QNAN	0	0.016	0	7.64391e-007	1602.89	1760.35	1732.86
1759.7	1202.97	701	1.#QNAN	0	0.015	0	7.72056e-007	1599.54	1759.7	1732.29
1759.03	1202.42	702	1.#QNAN	0	0.016	0	7.74081e-007	1639.51	1759.03	1731.7
1758.34	1201.87	703	1.#QNAN	0	0.015	0	7.51447e-007	1573.27	1758.34	1731.08
1757.65	1201.31	704	1.#QNAN	0	0.016	0	7.62531e-007	1576.65	1757.65	1730.46
1756.94	1200.74	705	1.#QNAN	0	0.016	0	7.64231e-007	1568.48	1756.94	1729.83
1756.24	1200.18	706	1.#QNAN	0	0.031	0	7.69607e-007	1574.9	1756.24	1729.22
1755.59	1199.66	707	1.#QNAN	0	0.015	0	7.42044e-007	1635.3	1755.59	1728.63
1754.9	1199.12	708	1.#QNAN	0	0.016	0	7.70022e-007	1561.49	1754.9	1728.03
1754.26	1198.59	709	1.#QNAN	0	0.016	0	7.82909e-007	1610.38	1754.26	1727.46
1753.6	1198.08	710	1.#QNAN	0	0.015	0	7.77985e-007	1619.47	1753.6	1726.87
1752.94	1197.56	711	1.#QNAN	0	0.016	0	7.4559e-007	1612.75	1752.94	1726.29
1752.3	1197.04	712	1.#QNAN	0	0.015	0	7.71546e-007	1577.37	1752.3	1725.72
1751.66	1196.53	713	1.#QNAN	0	0.016	0	7.58836e-007	1597.82	1751.66	1725.15
1751.04	1196.03	714	1.#QNAN	0	0.031	0	7.45991e-007	1628.46	1751.04	1724.6
1750.35	1195.5	715	1.#QNAN	0	0.016	0	7.64955e-007	1554.98	1750.35	1723.99
1749.71	1195	716	1.#QNAN	0	0.015	0	7.37996e-007	1579.85	1749.71	1723.42
1749.04	1194.48	717	1.#QNAN	0	0.016	0	7.74185e-007	1582.65	1749.04	1722.82
1748.36	1193.97	718	1.#QNAN	0	0.016	0	7.68669e-007	1536.67	1748.36	1722.21
1747.72	1193.48	719	1.#QNAN	0	0.015	0	7.42176e-007	1576.18	1747.72	1721.64
1747.03	1192.95	720	1.#QNAN	0	0.016	0	7.62374e-007	1594.36	1747.03	1721.01
1746.38	1192.45	721	1.#QNAN	0	0.031	0	7.53454e-007	1582.73	1746.38	1720.43
1745.71	1191.94	722	1.#QNAN	0	0.016	0	7.57522e-007	1578.11	1745.71	1719.83
1745.07	1191.43	723	1.#QNAN	0	0.015	0	7.72274e-007	1566.8	1745.07	1719.26
1744.41	1190.91	724	1.#QNAN	0	0.016	0	7.43196e-007	1565.54	1744.41	1718.67
1743.77	1190.4	725	1.#QNAN	0	0.015	0	7.69486e-007	1591.39	1743.77	1718.09
1743.08	1189.87	726	1.#QNAN	0	0.016	0	7.73859e-007	1552.08	1743.08	1717.47
1742.37	1189.32	727	1.#QNAN	0	0.016	0	7.50305e-007	1635.7	1742.37	1716.82
1741.68	1188.79	728	1.#QNAN	0	0.031	0	7.78546e-007	1581.99	1741.68	1716.2
1741.08	1188.29	729	1.#QNAN	0	0.015	0	7.72708e-007	1644.57	1741.08	1715.66
1740.45	1187.79	730	1.#QNAN	0	0.016	0	7.81785e-007	1570.93	1740.45	1715.1
1739.85	1187.3	731	1.#QNAN	0	0.016	0	7.59947e-007	1627.53	1739.85	1714.56
1739.21	1186.8	732	1.#QNAN	0	0.015	0	7.61259e-007	1597.03	1739.21	1713.99
1738.61	1186.33	733	1.#QNAN	0	0.016	0	7.93947e-007	1626.89	1738.61	1713.46
1737.98	1185.84	734	1.#QNAN	0	0.031	0	7.85491e-007	1565.93	1737.98	1712.9
1737.38	1185.35	735	1.#QNAN	0	0.016	0	7.57963e-007	1597.95	1737.38	1712.36
1736.71	1184.84	736	1.#QNAN	0	0.015	0	7.72149e-007	1626.37	1736.71	1711.76
1736.07	1184.35	737	1.#QNAN	0	0.016	0	7.64993e-007	1549.35	1736.07	1711.18
1735.47	1183.89	738	1.#QNAN	0	0.015	0	7.88175e-007	1595.95	1735.47	1710.65
1734.86	1183.4	739	1.#QNAN	0	0.016	1	7.95921e-007	1557.14	1734.86	1710.1
1734.22	1182.89	740	1.#QNAN	0	0.016	0	7.51544e-007	1589.43	1734.22	1709.54
1733.61	1182.38	741	1.#QNAN	0	0.016	0	7.43757e-007	1668.87	1733.61	1708.99
1733.01	1181.89	742	1.#QNAN	0	0.015	0	7.38181e-007	1570.55	1733.01	1708.45
1732.41	1181.39	743	1.#QNAN	0	0.016	0	7.56777e-007	1571.68	1732.41	1707.92
1731.84	1180.92	744	1.#QNAN	0	0.016	0	7.87436e-007	1611.4	1731.84	1707.42
1731.2	1180.42	745	1.#QNAN	0	0.015	0	7.56379e-007	1626.44	1731.2	1706.85
1730.57	1179.91	746	1.#QNAN	0	0.016	0	7.70871e-007	1618.31	1730.57	1706.27
1729.94	1179.43	747	1.#QNAN	0	0.015	0	7.91897e-007	1624.72	1729.94	1705.71
1729.34	1178.95	748	1.#QNAN	0	0.032	0	7.8213e-007	1580.99	1729.34	1705.18
1728.73	1178.47	749	1.#QNAN	0	0.015	0	7.65214e-007	1614.9	1728.73	1704.63
1728.13	1178.01	750	1.#QNAN	0	0.016	0	7.47554e-007	1592.14	1728.13	1704.08
1727.53	1177.55	751	1.#QNAN	0	0.015	0	7.69029e-007	1598.6	1727.53	1703.55
1726.92	1177.08	752	1.#QNAN	0	0.016	0	7.62514e-007	1620.15	1726.92	1703
1726.35	1176.64	753	1.#QNAN	0	0.016	0	7.8e-007	1635.09	1726.35	1702.49
1725.78	1176.2	754	1.#QNAN	0	0.015	0	7.93719e-007	1608.9	1725.78	1701.99
1725.25	1175.75	755	1.#QNAN	0	0.016	0	7.66332e-007	1652.89	1725.25	1701.53
1724.69	1175.29	756	1.#QNAN	0	0.031	0	7.70831e-007	1595.18	1724.69	1701.03
1724.13	1174.84	757	1.#QNAN	0	0.016	0	7.85345e-007	1614.18	1724.13	1700.54
1723.58	1174.39	758	1.#QNAN	0	0.015	0	7.70338e-007	1619.41	1723.58	1700.04
1722.99	1173.93	759	1.#QNAN	0	0.031	0	7.93439e-007	1630.73	1722.99	1699.52
1722.46	1173.47	760	1.#QNAN	0	0.016	0	7.85614e-007	1626.11	1722.46	1699.06
1721.94	1173.04	761	1.#QNAN	0	0.016	0	7.90366e-007	1608.96	1721.94	1698.6
1721.44	1172.62	762	1.#QNAN	0	0.015	0	7.70531e-007	1670.61	1721.44	1698.16
1720.87	1172.17	763	1.#QNAN	0	0.016	0	7.97203e-007	1606.24	1720.87	1697.66
1720.31	1171.74	764	1.#QNAN	0	0.015	0	7.6114e-007	1601.75	1720.31	1697.16
1719.76	1171.31	765	1.#QNAN	0	0.016	0	7.61801e-007	1607.21	1719.76	1696.66
1719.2	1170.88	766	1.#QNAN	0	0.031	0	7.79863e-007	1607.06	1719.2	1696.17
1718.66	1170.45	767	1.#QNAN	0	0.016	0	7.36508e-007	1688.88	1718.66	1695.69
1718.12	1170.01	768	1.#QNAN	0	0.015	0	7.73473e-007	1651.42	1718.12	1695.21
1717.61	1169.59	769	1.#QNAN	0	0.016	0	7.51191e-007	1700.46	1717.61	1694.76
1717.09	1169.18	770	1.#QNAN	0	0.016	0	7.6425e-007	1689.09	1717.09	1694.3
1716.54	1168.74	771	1.#QNAN	0	0.015	0	7.69725e-007	1602.72	1716.54	1693.81
1716.01	1168.3	772	1.#QNAN	0	0.031	0	7.6311e-007	1630.32	1716.01	1693.34
1715.54	1167.9	773	1.#QNAN	0	0.016	0	7.57098e-007	1658.88	1715.54	1692.92
1715.03	1167.47	774	1.#QNAN	0	0.016	0	7.8793e-007	1609.77	1715.03	1692.48
1714.54	1167.07	775	1.#QNAN	0	0.015	0	7.7343e-007	1607.47	1714.54	1692.04
1714.02	1166.66	776	1.#QNAN	0	0.016	0	7.70414e-007	1612.34	1714.02	1691.59
1713.53	1166.27	777	1.#QNAN	0	0.015	0	7.72804e-007	1654.77	1713.53	1691.15
1713.04	1165.88	778	1.#QNAN	0	0.016	0	7.56855e-007	1650.77	1713.04	1690.72
1712.55	1165.49	779	1.#QNAN	0	0.016	0	7.90562e-007	1583.81	1712.55	1690.29
1712.02	1165.07	780	1.#QNAN	0	0.031	0	7.56282e-007	1566.96	1712.02	1689.81
1711.5	1164.66	781	1.#QNAN	0	0.015	0	7.6834e-007	1578.74	1711.5	1689.35
1711.03	1164.28	782	1.#QNAN	0	0.016	0	7.84299e-007	1599.05	1711.03	1688.94
1710.54	1163.88	783	1.#QNAN	0	0.016	0	7.51565e-007	1565.72	1710.54	1688.5
1710.09	1163.51	784	1.#QNAN	0	0.015	0	7.48063e-007	1637	1710.09	1688.11
1709.64	1163.14	785	1.#QNAN	0	0.016	0	7.80269e-007	1624.54	1709.64	1687.72
1709.17	1162.77	786	1.#QNAN	0	0.031	0	7.68403e-007	1626.36	1709.17	1687.31
1708.69	1162.38	787	1.#QNAN	0	0.016	0	7.96645e-007	1564.74	1708.69	1686.88
1708.25	1162.01	788	1.#QNAN	0	0.015	0	7.34138e-007	1605.19	1708.25	1686.5
1707.82	1161.63	789	1.#QNAN	0	0.016	0	7.62565e-007	1585.77	1707.82	1686.13
1707.32	1161.22	790	1.#QNAN	0	0.015	0	7.63957e-007	1747.31	1707.32	1685.69
1706.9	1160.85	791	1.#QNAN	0	0.016	0	7.49648e-007	1606.14	1706.9	1685.32
1706.44	1160.45	792	1.#QNAN	0	0.016	0	7.51426e-007	1609.43	1706.44	1684.91
1706	1160.08	793	1.#QNAN	0	0.015	0	7.7393e-007	1636.16	1706	1684.54
1705.56	1159.71	794	1.#QNAN	0	0.031	1	7.85491e-007	1631.01	1705.56	1684.15
1705.13	1159.34	795	1.#QNAN	0	0.016	0	7.8467e-007	1648.35	1705.13	1683.78
1704.68	1158.94	796	1.#QNAN	0	0.016	0	7.43407e-007	1596.21	1704.68	1683.39
1704.28	1158.57	797	1.#QNAN	0	0.015	0	7.7973e-007	1653.62	1704.28	1683.04
1703.86	1158.19	798	1.#QNAN	0	0.016	0	7.67883e-007	1589.65	1703.86	1682.67
1703.4	1157.8	799	1.#QNAN	0	0.015	0	7.68963e-007	1600.93	1703.4	1682.27
1702.94	1157.41	800	1.#QNAN	0	0.032	0	7.88241e-007	1603.22	1702.94	1681.87
1702.49	1157.03	801	1.#QNAN	0	0.015	0	7.64819e-007	1591.8	1702.49	1681.46
1702.01	1156.66	802	1.#QNAN	0	0.016	0	7.71734e-007	1582.36	1702.01	1681.04
1701.59	1156.3	803	1.#QNAN	0	0.015	0	7.70582e-007	1593.92	1701.59	1680.67
1701.19	1155.95	804	1.#QNAN	0	0.016	0	7.46945e-007	1604.01	1701.19	1680.33
1700.79	1155.59	805	1.#QNAN	0	0.016	0	7.70032e-007	1604.94	1700.79	1679.98
1700.41	1155.23	806	1.#QNAN	0	0.015	0	7.68623e-007	1605.93	1700.41	1679.66
1700	1154.88	807	1.#QNAN	0	0.031	0	7.81103e-007	1606.79	1700	1679.3
1699.6	1154.54	808	1.#QNAN	0	0.016	0	7.68871e-007	1598.31	1699.6	1678.95
1699.2	1154.2	809	1.#QNAN	0	0.016	0	7.97785e-007	1584.77	1699.2	1678.61
1698.81	1153.87	810	1.#QNAN	0	0.015	0	7.83767e-007	1632.98	1698.81	1678.27
1698.42	1153.54	811	1.#QNAN	0	0.016	0	7.42084e-007	1599.95	1698.42	1677.94
1698.04	1153.2	812	1.#QNAN	0	0.015	0	7.34817e-007	1597.4	1698.04	1677.61
1697.67	1152.88	813	1.#QNAN	0	0.016	0	7.8993e-007	1624.42	1697.67	1677.29
1697.32	1152.55	814	1.#QNAN	0	0.016	0	7.5858e-007	1612.08	1697.32	1676.99
1696.96	1152.23	815	1.#QNAN	0	0.031	0	7.8393e-007	1617.39	1696.96	1676.68
1696.53	1151.88	816	1.#QNAN	0	0.015	0	7.55759e-007	1726.17	1696.53	1676.3
1696.15	1151.57	817	1.#QNAN	0	0.016	0	7.70026e-007	1616.73	1696.15	1675.98
1695.8	1151.25	818	1.#QNAN	0	0.016	0	7.6905e-007	1670	1695.8	1675.68
1695.45	1150.94	819	1.#QNAN	0	0.015	0	7.61327e-007	1618.98	1695.45	1675.38
1695.07	1150.62	820	1.#QNAN	0	0.016	0	8.00259e-007	1626.03	1695.07	1675.06
1694.75	1150.32	821	1.#QNAN	0	0.015	0	7.60452e-007	1664.75	1694.75	1674.78
1694.33	1149.97	822	1.#QNAN	0	0.016	0	7.66808e-007	1673.54	1694.33	1674.42
1693.99	1149.67	823	1.#QNAN	0	0.031	0	7.93833e-007	1620.86	1693.99	1674.12
1693.59	1149.34	824	1.#QNAN	0	0.016	0	7.90974e-007	1683.44	1693.59	1673.78
1693.26	1149.06	825	1.#QNAN	0	0.015	0	7.60113e-007	1651.93	1693.26	1673.5
1692.88	1148.74	826	1.#QNAN	0	0.016	0	7.75846e-007	1608.14	1692.88	1673.17
1692.52	1148.43	827	1.#QNAN	0	0.016	0	7.63109e-007	1644.8	1692.52	1672.86
1692.12	1148.11	828	1.#QNAN	0	0.015	0	7.51303e-007	1589.55	1692.12	1672.51
1691.72	1147.77	829	1.#QNAN	0	0.016	0	7.8043e-007	1577.74	1691.72	1672.16
1691.31	1147.43	830	1.#QNAN	0	0.031	0	7.65424e-007	1606.37	1691.31	1671.8
1690.95	1147.13	831	1.#QNAN	0	0.016	0	7.7343e-007	1648.98	1690.95	1671.48
1690.57	1146.81	832	1.#QNAN	0	0.015	0	7.95551e-007	1593.92	1690.57	1671.15
1690.11	1146.45	833	1.#QNAN	0	0.016	0	7.89724e-007	1726.41	1690.11	1670.75
1689.73	1146.15	834	1.#QNAN	0	0.015	0	7.853e-007	1633.43	1689.73	1670.41
1689.35	1145.85	835	1.#QNAN	0	0.016	0	7.78056e-007	1630.8	1689.35	1670.08
1688.93	1145.53	836	1.#QNAN	0	0.016	0	7.96414e-007	1660.21	1688.93	1669.7
1688.51	1145.2	837	1.#QNAN	0	0.031	0	7.75248e-007	1699.63	1688.51	1669.33
1688.12	1144.88	838	1.#QNAN	0	0.015	0	7.87666e-007	1596.72	1688.12	1668.99
1687.76	1144.58	839	1.#QNAN	0	0.016	0	7.91368e-007	1599.78	1687.76	1668.68
1687.39	1144.27	840	1.#QNAN	0	0.016	0	8.03441e-007	1605.11	1687.39	1668.37
1687.02	1143.95	841	1.#QNAN	0	0.015	0	7.70537e-007	1616.98	1687.02	1668.04
1686.63	1143.63	842	1.#QNAN	0	0.016	0	7.76899e-007	1580.76	1686.63	1667.69
1686.3	1143.34	843	1.#QNAN	0	0.015	0	7.65185e-007	1652.08	1686.3	1667.42
1685.97	1143.03	844	1.#QNAN	0	0.032	0	7.76662e-007	1626.92	1685.97	1667.14
1685.61	1142.73	845	1.#QNAN	0	0.015	0	7.54277e-007	1605.98	1685.61	1666.82
1685.29	1142.44	846	1.#QNAN	0	0.016	0	7.56595e-007	1668.59	1685.29	1666.55
1684.94	1142.12	847	1.#QNAN	0	0.015	0	7.58359e-007	1613.82	1684.94	1666.25
1684.59	1141.82	848	1.#QNAN	0	0.016	0	7.7474e-007	1614.72	1684.59	1665.95
1684.3	1141.54	849	1.#QNAN	0	0.016	0	7.61306e-007	1668.87	1684.3	1665.71
1683.97	1141.24	850	1.#QNAN	0	0.015	0	7.77227e-007	1621.52	1683.97	1665.42
1683.6	1140.93	851	1.#QNAN	0	0.031	1	7.5799e-007	1662.56	1683.6	1665.11
1683.26	1140.61	852	1.#QNAN	0	0.016	0	8.03176e-007	1669.33	1683.26	1664.82
1682.98	1140.33	853	1.#QNAN	0	0.016	0	7.32346e-007	1661.02	1682.98	1664.58
1682.65	1140.02	854	1.#QNAN	0	0.015	0	7.74203e-007	1661.2	1682.65	1664.3
1682.34	1139.73	855	1.#QNAN	0	0.016	0	7.36614e-007	1658.27	1682.34	1664.04
1682.01	1139.42	856	1.#QNAN	0	0.015	0	7.59296e-007	1618.29	1682.01	1663.76
1681.67	1139.13	857	1.#QNAN	0	0.016	0	7.5877e-007	1602.06	1681.67	1663.47
1681.28	1138.79	858	1.#QNAN	0	0.031	0	7.79064e-007	1708.37	1681.28	1663.12
1680.95	1138.5	859	1.#QNAN	0	0.016	0	7.79959e-007	1608.06	1680.95	1662.84
1680.58	1138.19	860	1.#QNAN	0	0.015	0	8.08048e-007	1744.52	1680.58	1662.51
1680.25	1137.9	861	1.#QNAN	0	0.016	0	7.76311e-007	1612.8	1680.25	1662.23
1679.9	1137.6	862	1.#QNAN	0	0.016	0	7.77259e-007	1634.18	1679.9	1661.93
1679.59	1137.31	863	1.#QNAN	0	0.015	0	7.76808e-007	1655.78	1679.59	1661.66
1679.23	1137	864	1.#QNAN	0	0.016	0	7.72689e-007	1640.73	1679.23	1661.36
1678.92	1136.71	865	1.#QNAN	0	0.015	0	7.75045e-007	1636.36	1678.92	1661.09
1678.61	1136.43	866	1.#QNAN	0	0.032	0	7.84464e-007	1653.64	1678.61	1660.83
1678.31	1136.14	867	1.#QNAN	0	0.015	0	7.5517e-007	1630.02	1678.31	1660.57
1678	1135.87	868	1.#QNAN	0	0.016	0	7.74972e-007	1620.88	1678	1660.31
1677.69	1135.58	869	1.#QNAN	0	0.015	0	7.78413e-007	1660.83	1677.69	1660.04
1677.37	1135.31	870	1.#QNAN	0	0.016	0	7.55359e-007	1634.01	1677.37	1659.77
1677.01	1135.01	871	1.#QNAN	0	0.016	0	7.49475e-007	1784.21	1677.01	1659.46
1676.65	1134.71	872	1.#QNAN	0	0.015	0	7.50199e-007	1631.99	1676.65	1659.14
1676.33	1134.43	873	1.#QNAN	0	0.031	0	7.88042e-007	1632.3	1676.33	1658.86
1676.06	1134.17	874	1.#QNAN	0	0.016	0	7.82219e-007	1669.24	1676.06	1658.63
1675.77	1133.89	875	1.#QNAN	0	0.016	0	7.863e-007	1675.34	1675.77	1658.39
1675.46	1133.59	876	1.#QNAN	0	0.015	0	7.71485e-007	1631.67	1675.46	1658.13
1675.13	1133.31	877	1.#QNAN	0	0.016	0	7.81291e-007	1609.76	1675.13	1657.84
1674.81	1133.02	878	1.#QNAN	0	0.015	0	7.70035e-007	1626.45	1674.81	1657.56
1674.52	1132.76	879	1.#QNAN	0	0.016	0	7.84038e-007	1647.73	1674.52	1657.31
1674.21	1132.47	880	1.#QNAN	0	0.016	0	7.61988e-007	1655.89	1674.21	1657.05
1673.92	1132.19	881	1.#QNAN	0	0.031	0	7.96137e-007	1628.08	1673.92	1656.8
1673.63	1131.93	882	1.#QNAN	0	0.015	0	8.0212e-007	1627.94	1673.63	1656.55
1673.35	1131.67	883	1.#QNAN	0	0.016	0	7.61933e-007	1661.1	1673.35	1656.33
1673.03	1131.39	884	1.#QNAN	0	0.016	0	7.71385e-007	1707.53	1673.03	1656.04
1672.73	1131.14	885	1.#QNAN	0	0.015	0	7.89337e-007	1611.74	1672.73	1655.79
1672.41	1130.86	886	1.#QNAN	0	0.016	0	7.66941e-007	1617.89	1672.41	1655.51
1672.14	1130.61	887	1.#QNAN	0	0.015	0	7.78065e-007	1679.32	1672.14	1655.29
1671.87	1130.35	888	1.#QNAN	0	0.032	0	7.55696e-007	1649.05	1671.87	1655.05
1671.59	1130.08	889	1.#QNAN	0	0.015	0	7.56953e-007	1636.2	1671.59	1654.82
1671.33	1129.84	890	1.#QNAN	0	0.016	0	7.51629e-007	1655.29	1671.33	1654.6
1671.05	1129.58	891	1.#QNAN	0	0.015	0	7.66204e-007	1667.72	1671.05	1654.36
1670.78	1129.33	892	1.#QNAN	0	0.016	0	7.65407e-007	1617.21	1670.78	1654.13
1670.49	1129.09	893	1.#QNAN	0	0.016	0	7.70973e-007	1605.26	1670.49	1653.89
1670.21	1128.83	894	1.#QNAN	0	0.015	0	7.43946e-007	1610.88	1670.21	1653.65
1669.92	1128.58	895	1.#QNAN	0	0.016	0	7.75828e-007	1602.37	1669.92	1653.4
1669.64	1128.33	896	1.#QNAN	0	0.031	0	7.69706e-007	1635.09	1669.64	1653.17
1669.34	1128.07	897	1.#QNAN	0	0.016	0	7.48842e-007	1652.65	1669.34	1652.91
1669.06	1127.82	898	1.#QNAN	0	0.015	0	7.52805e-007	1628.97	1669.06	1652.67
1668.8	1127.6	899	1.#QNAN	0	0.016	0	7.5378e-007	1668.78	1668.8	1652.45
1668.5	1127.35	900	1.#QNAN	0	0.015	0	7.73869e-007	1692.04	1668.5	1652.19
1668.17	1127.09	901	1.#QNAN	0	0.016	0	7.55413e-007	1753.96	1668.17	1651.9
1667.85	1126.83	902	1.#QNAN	0	0.031	0	7.61347e-007	1666.55	1667.85	1651.62
1667.58	1126.59	903	1.#QNAN	0	0.016	0	7.62573e-007	1626.24	1667.58	1651.39
1667.28	1126.34	904	1.#QNAN	0	0.015	0	7.64118e-007	1588.52	1667.28	1651.13
1666.98	1126.08	905	1.#QNAN	0	0.016	0	7.4986e-007	1604.34	1666.98	1650.87
1666.7	1125.84	906	1.#QNAN	0	0.016	0	7.38294e-007	1605.29	1666.7	1650.63
1666.39	1125.59	907	1.#QNAN	0	0.015	1	7.58635e-007	1584.86	1666.39	1650.36
1666.08	1125.33	908	1.#QNAN	0	0.031	0	7.95568e-007	1588.89	1666.08	1650.09
1665.76	1125.07	909	1.#QNAN	0	0.016	0	7.64404e-007	1635.69	1665.76	1649.81
1665.47	1124.81	910	1.#QNAN	0	0.016	0	7.68673e-007	1603.54	1665.47	1649.56
1665.2	1124.57	911	1.#QNAN	0	0.015	0	7.64693e-007	1607.1	1665.2	1649.33
1664.86	1124.29	912	1.#QNAN	0	0.016	0	7.55144e-007	1645.19	1664.86	1649.03
1664.59	1124.04	913	1.#QNAN	0	0.015	0	7.69442e-007	1642.01	1664.59	1648.8
1664.33	1123.81	914	1.#QNAN	0	0.032	0	7.65917e-007	1635.62	1664.33	1648.59
1664.04	1123.55	915	1.#QNAN	0	0.015	0	7.81432e-007	1635.02	1664.04	1648.33
1663.76	1123.31	916	1.#QNAN	0	0.016	0	7.62249e-007	1605.11	1663.76	1648.1
1663.52	1123.08	917	1.#QNAN	0	0.015	0	7.59499e-007	1666.65	1663.52	1647.89
1663.26	1122.84	918	1.#QNAN	0	0.016	0	7.50194e-007	1611.81	1663.26	1647.67
1663.01	1122.59	919	1.#QNAN	0	0.016	0	7.58144e-007	1633.51	1663.01	1647.47
1662.76	1122.35	920	1.#QNAN	0	0.015	0	7.46657e-007	1670.48	1662.76	1647.26
1662.45	1122.09	921	1.#QNAN	0	0.016	0	7.7161e-007	1618.49	1662.45	1646.99
1662.2	1121.85	922	1.#QNAN	0	0.031	0	7.58526e-007	1626.49	1662.2	1646.78
1661.92	1121.6	923	1.#QNAN	0	0.016	0	7.58154e-007	1636.84	1661.92	1646.53
1661.69	1121.38	924	1.#QNAN	0	0.015	0	7.87292e-007	1681.18	1661.69	1646.34
1661.46	1121.15	925	1.#QNAN	0	0.016	0	7.53184e-007	1672.73	1661.46	1646.15
1661.2	1120.92	926	1.#QNAN	0	0.015	0	7.8364e-007	1612.32	1661.2	1645.92
1660.93	1120.68	927	1.#QNAN	0	0.016	0	7.50815e-007	1707.47	1660.93	1645.7
1660.68	1120.46	928	1.#QNAN	0	0.016	0	7.60626e-007	1628.18	1660.68	1645.48
1660.42	1120.23	929	1.#QNAN	0	0.015	0	7.82969e-007	1622.37	1660.42	1645.27
1660.16	1119.98	930	1.#QNAN	0	0.031	0	7.59086e-007	1614.06	1660.16	1645.04
1659.87	1119.73	931	1.#QNAN	0	0.016	0	7.69065e-007	1619.72	1659.87	1644.79
1659.58	1119.49	932	1.#QNAN	0	0.016	0	7.65432e-007	1620.9	1659.58	1644.54
1659.31	1119.25	933	1.#QNAN	0	0.015	0	7.75631e-007	1598.99	1659.31	1644.3
1659.05	1119.02	934	1.#QNAN	0	0.016	0	7.75971e-007	1607.88	1659.05	1644.07
1658.78	1118.78	935	1.#QNAN	0	0.015	0	7.64581e-007	1620.65	1658.78	1643.84
1658.52	1118.55	936	1.#QNAN	0	0.016	0	7.30597e-007	1621.78	1658.52	1643.63
1658.25	1118.32	937	1.#QNAN	0	0.016	0	7.68058e-007	1607.17	1658.25	1643.39
1658.01	1118.1	938	1.#QNAN	0	0.031	0	7.72056e-007	1618.35	1658.01	1643.19
1657.77	1117.89	939	1.#QNAN	0	0.015	0	7.76809e-007	1630.25	1657.77	1642.98
1657.49	1117.66	940	1.#QNAN	0	0.016	0	7.73804e-007	1611.42	1657.49	1642.74
1657.24	1117.43	941	1.#QNAN	0	0.016	0	7.47589e-007	1607.04	1657.24	1642.53
1656.99	1117.21	942	1.#QNAN	0	0.015	0	7.89076e-007	1605.28	1656.99	1642.31
1656.74	1116.99	943	1.#QNAN	0	0.016	0	7.91291e-007	1598.76	1656.74	1642.1
1656.51	1116.77	944	1.#QNAN	0	0.015	0	7.65077e-007	1624.84	1656.51	1641.9
1656.23	1116.54	945	1.#QNAN	0	0.032	0	7.70204e-007	1623.47	1656.23	1641.66
1655.99	1116.31	946	1.#QNAN	0	0.015	0	7.77673e-007	1638.08	1655.99	1641.44
1655.72	1116.08	947	1.#QNAN	0	0.016	0	7.66477e-007	1619.9	1655.72	1641.22
1655.44	1115.84	948	1.#QNAN	0	0.015	0	7.75205e-007	1570.08	1655.44	1640.97
1655.2	1115.62	949	1.#QNAN	0	0.016	0	7.68889e-007	1645.29	1655.2	1640.76
1654.89	1115.35	950	1.#QNAN	0	0.016	0	7.36498e-007	1723.17	1654.89	1640.48
1654.61	1115.1	951	1.#QNAN	0	0.015	0	7.748e-007	1703.59	1654.61	1640.24
1654.35	1114.85	952	1.#QNAN	0	0.016	0	7.6524e-007	1605.42	1654.35	1640.01
1654.09	1114.61	953	1.#QNAN	0	0.031	0	7.54592e-007	1606.52	1654.09	1639.79
1653.81	1114.38	954	1.#QNAN	0	0.016	0	7.92912e-007	1625.14	1653.81	1639.55
1653.54	1114.15	955	1.#QNAN	0	0.015	0	7.52728e-007	1632.2	1653.54	1639.31
1653.25	1113.92	956	1.#QNAN	0	0.016	0	7.63861e-007	1566.29	1653.25	1639.05
1652.94	1113.67	957	1.#QNAN	0	0.015	0	7.80075e-007	1682.04	1652.94	1638.77
1652.66	1113.43	958	1.#QNAN	0	0.016	0	7.76e-007	1565.03	1652.66	1638.52
1652.41	1113.21	959	1.#QNAN	0	0.031	0	7.79338e-007	1620.4	1652.41	1638.3
1652.15	1112.97	960	1.#QNAN	0	0.016	0	7.61931e-007	1609.18	1652.15	1638.08
1651.86	1112.72	961	1.#QNAN	0	0.015	0	7.85345e-007	1642.23	1651.86	1637.82
1651.61	1112.49	962	1.#QNAN	0	0.016	0	7.53778e-007	1606.62	1651.61	1637.6
1651.41	1112.29	963	1.#QNAN	0	0.016	1	7.80373e-007	1652.85	1651.41	1637.44
1651.17	1112.06	964	1.#QNAN	0	0.015	0	7.90026e-007	1610.32	1651.17	1637.22
1650.95	1111.86	965	1.#QNAN	0	0.016	0	7.83508e-007	1646.02	1650.95	1637.04
1650.72	1111.66	966	1.#QNAN	0	0.015	0	7.75756e-007	1597.52	1650.72	1636.84
1650.51	1111.45	967	1.#QNAN	0	0.032	0	7.48678e-007	1620.6	1650.51	1636.66
1650.27	1111.24	968	1.#QNAN	0	0.015	0	7.89232e-007	1595.04	1650.27	1636.45
1650.05	1111.02	969	1.#QNAN	0	0.016	0	7.57566e-007	1620.29	1650.05	1636.26
1649.82	1110.82	970	1.#QNAN	0	0.015	0	7.38752e-007	1654.28	1649.82	1636.07
1649.57	1110.59	971	1.#QNAN	0	0.016	0	7.16698e-007	1586.14	1649.57	1635.85
1649.33	1110.37	972	1.#QNAN	0	0.016	0	7.64962e-007	1603.04	1649.33	1635.64
1649.04	1110.15	973	1.#QNAN	0	0.015	0	7.73349e-007	1546.26	1649.04	1635.38
1648.77	1109.92	974	1.#QNAN	0	0.031	0	7.78265e-007	1568.31	1648.77	1635.14
1648.5	1109.69	975	1.#QNAN	0	0.016	0	7.96334e-007	1606.68	1648.5	1634.9
1648.25	1109.46	976	1.#QNAN	0	0.016	0	7.8244e-007	1593.87	1648.25	1634.69
1648.03	1109.25	977	1.#QNAN	0	0.015	0	7.35801e-007	1661.67	1648.03	1634.5
1647.81	1109.05	978	1.#QNAN	0	0.016	0	7.87774e-007	1612.83	1647.81	1634.31
1647.55	1108.8	979	1.#QNAN	0	0.015	0	7.45572e-007	1768.28	1647.55	1634.08
1647.33	1108.59	980	1.#QNAN	0	0.016	0	7.78417e-007	1633.88	1647.33	1633.89
1647.14	1108.39	981	1.#QNAN	0	0.016	0	7.72065e-007	1681.16	1647.14	1633.73
1646.89	1108.16	982	1.#QNAN	0	0.031	0	7.84196e-007	1590.23	1646.89	1633.52
1646.67	1107.94	983	1.#QNAN	0	0.015	0	7.65923e-007	1615.9	1646.67	1633.33
1646.39	1107.7	984	1.#QNAN	0	0.016	0	7.82144e-007	1572.72	1646.39	1633.08
1646.11	1107.47	985	1.#QNAN	0	0.016	0	8.06378e-007	1595.86	1646.11	1632.83
1645.84	1107.25	986	1.#QNAN	0	0.015	0	7.77055e-007	1578.08	1645.84	1632.59
1645.62	1107.03	987	1.#QNAN	0	0.016	0	7.53529e-007	1662.39	1645.62	1632.4
1645.38	1106.82	988	1.#QNAN	0	0.015	0	7.49811e-007	1605.57	1645.38	1632.19
1645.13	1106.6	989	1.#QNAN	0	0.032	0	7.82178e-007	1642.22	1645.13	1631.97
1644.9	1106.39	990	1.#QNAN	0	0.015	0	7.95182e-007	1646.6	1644.9	1631.77
1644.66	1106.17	991	1.#QNAN	0	0.016	0	7.83735e-007	1589.32	1644.66	1631.56
1644.41	1105.96	992	1.#QNAN	0	0.015	0	7.81592e-007	1603.33	1644.41	1631.34
1644.16	1105.73	993	1.#QNAN	0	0.016	0	7.56548e-007	1770.74	1644.16	1631.12
1643.91	1105.51	994	1.#QNAN	0	0.016	0	7.76527e-007	1603.2	1643.91	1630.9
1643.62	1105.28	995	1.#QNAN	0	0.015	0	7.51454e-007	1631.92	1643.62	1630.63
1643.33	1105.05	996	1.#QNAN	0	0.016	0	7.47072e-007	1587.94	1643.33	1630.38
1643.03	1104.8	997	1.#QNAN	0	0.031	0	7.61112e-007	1730.29	1643.03	1630.1
1642.77	1104.58	998	1.#QNAN	0	0.016	0	7.98387e-007	1634.44	1642.77	1629.88
1642.51	1104.37	999	1.#QNAN	0	0.015	0	7.50662e-007	1655.63	1642.51	1629.65
1642.24	1104.14	1000	1.#QNAN	0	0.016	0	7.77144e-007	1591.46	1642.24	1629.41
1641.94	1103.91	1001	1.#QNAN	0	0.015	0	7.78868e-007	1580.22	1641.94	1629.13
1641.61	1103.68	1002	1.#QNAN	0	0.016	0	7.9579e-007	1624.11	1641.61	1628.83
1641.35	1103.48	1003	1.#QNAN	0	0.016	0	7.877e-007	1655.34	1641.35	1628.6
1641.05	1103.25	1004	1.#QNAN	0	0.015	0	7.83641e-007	1583.7	1641.05	1628.33
1640.76	1103.04	1005	1.#QNAN	0	0.031	0	7.60191e-007	1603.53	1640.76	1628.07
1640.48	1102.83	1006	1.#QNAN	0	0.016	0	7.74434e-007	1685.12	1640.48	1627.82
1640.21	1102.63	1007	1.#QNAN	0	0.016	0	7.51686e-007	1658.86	1640.21	1627.57
1639.91	1102.4	1008	1.#QNAN	0	0.015	0	7.55012e-007	1595.25	1639.91	1627.3
1639.63	1102.2	1009	1.#QNAN	0	0.016	0	7.52395e-007	1635.63	1639.63	1627.05
1639.35	1102	1010	1.#QNAN	0	0.015	0	7.79899e-007	1696.71	1639.35	1626.8
1639.07	1101.79	1011	1.#QNAN	0	0.016	0	7.47738e-007	1673.05	1639.07	1626.55
1638.83	1101.58	1012	1.#QNAN	0	0.031	0	7.47887e-007	1723.82	1638.83	1626.33
1638.6	1101.38	1013	1.#QNAN	0	0.016	0	7.95822e-007	1732.89	1638.6	1626.13
1638.31	1101.15	1014	1.#QNAN	0	0.015	0	7.96055e-007	1809.93	1638.31	1625.87
1638.07	1100.94	1015	1.#QNAN	0	0.016	0	7.74083e-007	1669.36	1638.07	1625.66
1637.83	1100.73	1016	1.#QNAN	0	0.016	0	7.56201e-007	1667.1	1637.83	1625.46
1637.62	1100.52	1017	1.#QNAN	0	0.031	0	7.82222e-007	1685.31	1637.62	1625.27
1637.36	1100.31	1018	1.#QNAN	0	0.015	0	7.83195e-007	1716.74	1637.36	1625.04
1637.12	1100.1	1019	1.#QNAN	0	0.016	1	7.55817e-007	1642.01	1637.12	1624.83
1636.89	1099.9	1020	1.#QNAN	0	0.016	0	7.5983e-007	1674.81	1636.89	1624.63
1636.65	1099.68	1021	1.#QNAN	0	0.015	0	7.49995e-007	1653.68	1636.65	1624.42
1636.42	1099.46	1022	1.#QNAN	0	0.016	0	7.73274e-007	1597.45	1636.42	1624.22
1636.21	1099.26	1023	1.#QNAN	0	0.015	0	8.07913e-007	1619.65	1636.21	1624.04
1636.01	1099.07	1024	1.#QNAN	0	0.016	0	7.59003e-007	1656.88	1636.01	1623.87
1635.76	1098.84	1025	1.#QNAN	0	0.031	0	7.64344e-007	1656.65	1635.76	1623.64
1635.51	1098.61	1026	1.#QNAN	0	0.016	0	7.73536e-007	1672.16	1635.51	1623.42
1635.31	1098.4	1027	1.#QNAN	0	0.015	0	7.86873e-007	1656.75	1635.31	1623.25
1635.11	1098.19	1028	1.#QNAN	0	0.016	0	7.73474e-007	1664.11	1635.11	1623.08
1634.91	1097.98	1029	1.#QNAN	0	0.016	0	7.68506e-007	1664.17	1634.91	1622.9
1634.72	1097.78	1030	1.#QNAN	0	0.015	0	7.50714e-007	1666.91	1634.72	1622.74
1634.49	1097.55	1031	1.#QNAN	0	0.016	0	7.78515e-007	1667.82	1634.49	1622.54
1634.3	1097.35	1032	1.#QNAN	0	0.031	0	7.53855e-007	1640.43	1634.3	1622.38
1634.09	1097.13	1033	1.#QNAN	0	0.016	0	7.80662e-007	1594.55	1634.09	1622.19
1633.88	1096.92	1034	1.#QNAN	0	0.015	0	7.9446e-007	1633.34	1633.88	1622.02
1633.66	1096.7	1035	1.#QNAN	0	0.016	0	7.48406e-007	1590.65	1633.66	1621.83
1633.41	1096.47	1036	1.#QNAN	0	0.015	0	7.35969e-007	1611.7	1633.41	1621.6
1633.16	1096.25	1037	1.#QNAN	0	0.016	0	7.88897e-007	1572	1633.16	1621.37
1632.9	1096.04	1038	1.#QNAN	0	0.016	0	8.05222e-007	1560.16	1632.9	1621.15
1632.64	1095.81	1039	1.#QNAN	0	0.015	0	7.82102e-007	1579.85	1632.64	1620.91
1632.4	1095.61	1040	1.#QNAN	0	0.031	0	7.8606e-007	1628.71	1632.4	1620.7
1632.12	1095.37	1041	1.#QNAN	0	0.016	0	7.66664e-007	1587.93	1632.12	1620.45
1631.84	1095.13	1042	1.#QNAN	0	0.016	0	7.98863e-007	1561.04	1631.84	1620.19
1631.59	1094.92	1043	1.#QNAN	0	0.015	0	7.79952e-007	1573.16	1631.59	1619.97
1631.34	1094.71	1044	1.#QNAN	0	0.016	0	8.13955e-007	1595.05	1631.34	1619.74
1631.07	1094.5	1045	1.#QNAN	0	0.015	0	7.51053e-007	1544.6	1631.07	1619.5
1630.77	1094.27	1046	1.#QNAN	0	0.016	0	7.96431e-007	1560.85	1630.77	1619.23
1630.53	1094.07	1047	1.#QNAN	0	0.016	0	7.5848e-007	1615.38	1630.53	1619.01
1630.29	1093.87	1048	1.#QNAN	0	0.031	0	7.78073e-007	1569.42	1630.29	1618.8
1630.05	1093.68	1049	1.#QNAN	0	0.015	0	7.83249e-007	1577.88	1630.05	1618.59
1629.84	1093.5	1050	1.#QNAN	0	0.016	0	7.72575e-007	1645.59	1629.84	1618.4
1629.6	1093.32	1051	1.#QNAN	0	0.016	0	7.84513e-007	1577.48	1629.6	1618.18
1629.37	1093.13	1052	1.#QNAN	0	0.015	0	7.72268e-007	1583.9	1629.37	1617.98
1629.11	1092.94	1053	1.#QNAN	0	0.016	0	7.88527e-007	1562.25	1629.11	1617.75
1628.86	1092.73	1054	1.#QNAN	0	0.015	0	7.72234e-007	1583.09	1628.86	1617.52
1628.6	1092.53	1055	1.#QNAN	0	0.032	0	7.67119e-007	1557.14	1628.6	1617.29
1628.36	1092.33	1056	1.#QNAN	0	0.015	0	7.76577e-007	1557.69	1628.36	1617.07
1628.1	1092.14	1057	1.#QNAN	0	0.016	0	7.61411e-007	1557.05	1628.1	1616.84
1627.86	1091.96	1058	1.#QNAN	0	0.015	0	7.64036e-007	1602.97	1627.86	1616.63
1627.65	1091.78	1059	1.#QNAN	0	0.016	0	7.82408e-007	1622.13	1627.65	1616.44
1627.41	1091.59	1060	1.#QNAN	0	0.016	0	7.93283e-007	1572.24	1627.41	1616.23
1627.2	1091.41	1061	1.#QNAN	0	0.015	0	7.61341e-007	1611.44	1627.2	1616.04
1626.99	1091.24	1062	1.#QNAN	0	0.016	0	7.8525e-007	1640.9	1626.99	1615.86
1626.77	1091.05	1063	1.#QNAN	0	0.031	0	7.83882e-007	1636.76	1626.77	1615.66
1626.52	1090.85	1064	1.#QNAN	0	0.016	0	8.01779e-007	1566.26	1626.52	1615.44
1626.29	1090.66	1065	1.#QNAN	0	0.015	0	7.94959e-007	1620.42	1626.29	1615.23
1626.07	1090.48	1066	1.#QNAN	0	0.016	0	7.86361e-007	1620.08	1626.07	1615.04
1625.86	1090.3	1067	1.#QNAN	0	0.015	0	7.80946e-007	1630.32	1625.86	1614.86
1625.63	1090.12	1068	1.#QNAN	0	0.016	0	7.74543e-007	1615.01	1625.63	1614.65
1625.4	1089.93	1069	1.#QNAN	0	0.016	0	7.6833e-007	1581.9	1625.4	1614.44
1625.12	1089.73	1070	1.#QNAN	0	0.031	0	7.73676e-007	1530.38	1625.12	1614.19
1624.89	1089.54	1071	1.#QNAN	0	0.015	0	7.69665e-007	1586.88	1624.89	1613.98
1624.66	1089.36	1072	1.#QNAN	0	0.016	0	7.92785e-007	1562.92	1624.66	1613.77
1624.42	1089.15	1073	1.#QNAN	0	0.016	0	7.58216e-007	1630.36	1624.42	1613.56
1624.17	1088.95	1074	1.#QNAN	0	0.015	0	7.64845e-007	1524	1624.17	1613.33
1623.96	1088.76	1075	1.#QNAN	0	0.016	0	7.65833e-007	1577.59	1623.96	1613.15
1623.75	1088.58	1076	1.#QNAN	0	0.015	0	7.63607e-007	1615.49	1623.75	1612.96
1623.53	1088.39	1077	1.#QNAN	0	0.032	1	7.88321e-007	1580.95	1623.53	1612.76
1623.35	1088.22	1078	1.#QNAN	0	0.015	0	7.56969e-007	1635.71	1623.35	1612.61
1623.12	1088.02	1079	1.#QNAN	0	0.016	0	7.58646e-007	1645.06	1623.12	1612.41
1622.92	1087.84	1080	1.#QNAN	0	0.015	0	7.82502e-007	1619.24	1622.92	1612.23
1622.69	1087.66	1081	1.#QNAN	0	0.016	0	7.6865e-007	1563.26	1622.69	1612.02
1622.48	1087.48	1082	1.#QNAN	0	0.016	0	7.76218e-007	1623.12	1622.48	1611.84
1622.25	1087.29	1083	1.#QNAN	0	0.015	0	7.6978e-007	1572	1622.25	1611.63
1622.01	1087.08	1084	1.#QNAN	0	0.031	0	7.78699e-007	1575.9	1622.01	1611.41
1621.77	1086.89	1085	1.#QNAN	0	0.016	0	7.91725e-007	1578.49	1621.77	1611.19
1621.55	1086.7	1086	1.#QNAN	0	0.016	0	7.98967e-007	1567.79	1621.55	1611
1621.35	1086.52	1087	1.#QNAN	0	0.015	0	7.9455e-007	1617.23	1621.35	1610.82
1621.13	1086.34	1088	1.#QNAN	0	0.016	0	7.8276e-007	1563.64	1621.13	1610.62
1620.9	1086.16	1089	1.#QNAN	0	0.015	0	7.90237e-007	1749.85	1620.9	1610.42
1620.72	1085.99	1090	1.#QNAN	0	0.016	0	7.79226e-007	1596.31	1620.72	1610.26
1620.54	1085.83	1091	1.#QNAN	0	0.031	0	7.92039e-007	1633.47	1620.54	1610.11
1620.33	1085.66	1092	1.#QNAN	0	0.016	0	7.77613e-007	1588.2	1620.33	1609.92
1620.16	1085.5	1093	1.#QNAN	0	0.015	0	7.61315e-007	1635.2	1620.16	1609.77
1619.99	1085.35	1094	1.#QNAN	0	0.016	0	7.98208e-007	1639.93	1619.99	1609.63
1619.8	1085.19	1095	1.#QNAN	0	0.016	0	7.69636e-007	1594.41	1619.8	1609.46
1619.63	1085.02	1096	1.#QNAN	0	0.015	0	7.59186e-007	1575.51	1619.63	1609.31
1619.44	1084.86	1097	1.#QNAN	0	0.016	0	7.66099e-007	1622.36	1619.44	1609.15
1619.24	1084.69	1098	1.#QNAN	0	0.031	0	7.7538e-007	1612.2	1619.24	1608.96
1619.06	1084.53	1099	1.#QNAN	0	0.016	0	7.91236e-007	1622.29	1619.06	1608.81
1618.89	1084.37	1100	1.#QNAN	0	0.015	0	7.82197e-007	1642.63	1618.89	1608.66
1618.68	1084.18	1101	1.#QNAN	0	0.016	0	7.55092e-007	1572.68	1618.68	1608.48
1618.5	1084.01	1102	1.#QNAN	0	0.015	0	7.79619e-007	1608.3	1618.5	1608.32
1618.31	1083.84	1103	1.#QNAN	0	0.016	0	7.87948e-007	1612.02	1618.31	1608.15
1618.13	1083.67	1104	1.#QNAN	0	0.031	0	8.05287e-007	1582.87	1618.13	1607.99
1617.93	1083.49	1105	1.#QNAN	0	0.016	0	7.66275e-007	1636.31	1617.93	1607.81
1617.73	1083.31	1106	1.#QNAN	0	0.015	0	7.97337e-007	1561.54	1617.73	1607.64
1617.54	1083.14	1107	1.#QNAN	0	0.016	0	7.78809e-007	1560.18	1617.54	1607.47
1617.36	1082.97	1108	1.#QNAN	0	0.016	0	7.77605e-007	1613.55	1617.36	1607.31
1617.15	1082.78	1109	1.#QNAN	0	0.015	0	7.90495e-007	1623.98	1617.15	1607.12
1617	1082.63	1110	1.#QNAN	0	0.016	0	8.05033e-007	1639.52	1617	1606.99
1616.78	1082.43	1111	1.#QNAN	0	0.015	0	7.71513e-007	1704.31	1616.78	1606.79
1616.58	1082.26	1112	1.#QNAN	0	0.032	0	7.80637e-007	1560.17	1616.58	1606.62
1616.41	1082.1	1113	1.#QNAN	0	0.015	0	7.97045e-007	1627.42	1616.41	1606.46
1616.22	1081.94	1114	1.#QNAN	0	0.016	0	7.60052e-007	1621.11	1616.22	1606.3
1616.02	1081.77	1115	1.#QNAN	0	0.015	0	7.82744e-007	1577.15	1616.02	1606.12
1615.8	1081.58	1116	1.#QNAN	0	0.016	0	7.75001e-007	1579.9	1615.8	1605.92
1615.61	1081.4	1117	1.#QNAN	0	0.016	0	7.72398e-007	1561.42	1615.61	1605.75
1615.4	1081.22	1118	1.#QNAN	0	0.015	0	7.6294e-007	1645.99	1615.4	1605.57
1615.23	1081.05	1119	1.#QNAN	0	0.016	0	7.82431e-007	1574.41	1615.23	1605.42
1615.07	1080.88	1120	1.#QNAN	0	0.031	0	7.67547e-007	1584.11	1615.07	1605.27
1614.88	1080.7	1121	1.#QNAN	0	0.016	0	7.65842e-007	1609.94	1614.88	1605.11
1614.73	1080.54	1122	1.#QNAN	0	0.015	0	7.78399e-007	1594.11	1614.73	1604.98
1614.57	1080.38	1123	1.#QNAN	0	0.016	0	8.01816e-007	1637.77	1614.57	1604.84
1614.38	1080.22	1124	1.#QNAN	0	0.015	0	7.86382e-007	1589.27	1614.38	1604.67
1614.17	1080.04	1125	1.#QNAN	0	0.016	0	7.58375e-007	1527.52	1614.17	1604.49
1613.99	1079.88	1126	1.#QNAN	0	0.031	0	7.61886e-007	1555.08	1613.99	1604.32
1613.79	1079.72	1127	1.#QNAN	0	0.016	0	8.07476e-007	1561.88	1613.79	1604.15
1613.6	1079.55	1128	1.#QNAN	0	0.015	0	7.67346e-007	1551.52	1613.6	1603.98
1613.38	1079.38	1129	1.#QNAN	0	0.016	0	7.77099e-007	1619.75	1613.38	1603.78
1613.17	1079.22	1130	1.#QNAN	0	0.016	0	7.74046e-007	1591.39	1613.17	1603.59
1612.96	1079.04	1131	1.#QNAN	0	0.015	0	7.64552e-007	1540.13	1612.96	1603.39
1612.74	1078.86	1132	1.#QNAN	0	0.031	1	7.87986e-007	1534.87	1612.74	1603.19
1612.53	1078.69	1133	1.#QNAN	0	0.016	0	7.80986e-007	1555.33	1612.53	1603.01
1612.35	1078.53	1134	1.#QNAN	0	0.016	0	7.70142e-007	1611.14	1612.35	1602.85
1612.13	1078.37	1135	1.#QNAN	0	0.015	0	7.6876e-007	1582.57	1612.13	1602.65
1611.91	1078.19	1136	1.#QNAN	0	0.016	0	7.72559e-007	1650.75	1611.91	1602.45
1611.72	1078.04	1137	1.#QNAN	0	0.015	0	7.85306e-007	1553.26	1611.72	1602.28
1611.53	1077.88	1138	1.#QNAN	0	0.016	0	7.5404e-007	1573.69	1611.53	1602.11
1611.33	1077.73	1139	1.#QNAN	0	0.031	0	7.84135e-007	1564.19	1611.33	1601.93
1611.13	1077.58	1140	1.#QNAN	0	0.016	0	7.97974e-007	1596.12	1611.13	1601.75
1610.94	1077.42	1141	1.#QNAN	0	0.015	0	7.48064e-007	1554.42	1610.94	1601.58
1610.73	1077.25	1142	1.#QNAN	0	0.016	0	7.56138e-007	1521.48	1610.73	1601.39
1610.5	1077.08	1143	1.#QNAN	0	0.016	0	7.48381e-007	1570.47	1610.5	1601.18
1610.28	1076.9	1144	1.#QNAN	0	0.015	0	8.16271e-007	1545.56	1610.28	1600.98
1610.06	1076.72	1145	1.#QNAN	0	0.016	0	7.57355e-007	1596.29	1610.06	1600.77
1609.84	1076.55	1146	1.#QNAN	0	0.015	0	8.17237e-007	1567.23	1609.84	1600.58
1609.65	1076.39	1147	1.#QNAN	0	0.032	0	7.48662e-007	1554.46	1609.65	1600.4
1609.43	1076.23	1148	1.#QNAN	0	0.015	0	7.6385e-007	1554.08	1609.43	1600.2
1609.22	1076.07	1149	1.#QNAN	0	0.016	0	7.90141e-007	1569.59	1609.22	1600.02
1609.02	1075.91	1150	1.#QNAN	0	0.015	0	7.56879e-007	1602.38	1609.02	1599.83
1608.81	1075.75	1151	1.#QNAN	0	0.016	0	7.99305e-007	1537.17	1608.81	1599.64
1608.61	1075.59	1152	1.#QNAN	0	0.031	0	7.64797e-007	1603.16	1608.61	1599.46
1608.42	1075.44	1153	1.#QNAN	0	0.016	0	7.6406e-007	1609.82	1608.42	1599.29
1608.23	1075.28	1154	1.#QNAN	0	0.015	0	7.65337e-007	1546.34	1608.23	1599.12
1608.06	1075.13	1155	1.#QNAN	0	0.016	0	7.84653e-007	1608.74	1608.06	1598.97
1607.86	1074.96	1156	1.#QNAN	0	0.016	0	8.03304e-007	1573.7	1607.86	1598.79
1607.65	1074.8	1157	1.#QNAN	0	0.015	0	7.6225e-007	1518.51	1607.65	1598.59
1607.44	1074.63	1158	1.#QNAN	0	0.016	0	7.73311e-007	1643.93	1607.44	1598.4
1607.29	1074.49	1159	1.#QNAN	0	0.031	0	7.91843e-007	1638.9	1607.29	1598.28
1607.09	1074.33	1160	1.#QNAN	0	0.016	0	7.92525e-007	1617.3	1607.09	1598.1
1606.89	1074.17	1161	1.#QNAN	0	0.015	0	7.71099e-007	1543.55	1606.89	1597.91
1606.69	1074.02	1162	1.#QNAN	0	0.016	0	7.68503e-007	1552.5	1606.69	1597.74
1606.49	1073.87	1163	1.#QNAN	0	0.015	0	7.70577e-007	1588.07	1606.49	1597.56
1606.3	1073.72	1164	1.#QNAN	0	0.016	0	7.6143e-007	1545.49	1606.3	1597.39
1606.11	1073.58	1165	1.#QNAN	0	0.031	0	7.90023e-007	1544.69	1606.11	1597.21
1605.9	1073.41	1166	1.#QNAN	0	0.016	0	7.76575e-007	1569.34	1605.9	1597.03
1605.73	1073.27	1167	1.#QNAN	0	0.015	0	8.09261e-007	1594.57	1605.73	1596.87
1605.49	1073.09	1168	1.#QNAN	0	0.016	0	7.81475e-007	1589.67	1605.49	1596.65
1605.27	1072.93	1169	1.#QNAN	0	0.016	0	7.98331e-007	1524.77	1605.27	1596.45
1605.06	1072.78	1170	1.#QNAN	0	0.015	0	7.59031e-007	1556.28	1605.06	1596.26
1604.84	1072.61	1171	1.#QNAN	0	0.016	0	7.81386e-007	1514.96	1604.84	1596.05
1604.63	1072.46	1172	1.#QNAN	0	0.015	0	7.86087e-007	1559.1	1604.63	1595.86
1604.43	1072.32	1173	1.#QNAN	0	0.016	0	7.67346e-007	1583.81	1604.43	1595.68
1604.21	1072.16	1174	1.#QNAN	0	0.015	0	7.97814e-007	1529.43	1604.21	1595.48
1604.04	1072.02	1175	1.#QNAN	0	0.016	0	7.76903e-007	1564.59	1604.04	1595.33
1603.87	1071.88	1176	1.#QNAN	0	0.015	0	7.96261e-007	1572.34	1603.87	1595.18
1603.68	1071.73	1177	1.#QNAN	0	0.016	0	7.72569e-007	1528.9	1603.68	1595
1603.51	1071.59	1178	1.#QNAN	0	0.016	0	7.91308e-007	1584.93	1603.51	1594.85
1603.3	1071.43	1179	1.#QNAN	0	0.031	0	7.93165e-007	1630.13	1603.3	1594.66
1603.11	1071.29	1180	1.#QNAN	0	0.015	0	7.69014e-007	1528.95	1603.11	1594.49
1602.93	1071.15	1181	1.#QNAN	0	0.016	0	7.73331e-007	1593.14	1602.93	1594.33
1602.72	1071	1182	1.#QNAN	0	0.016	0	7.62764e-007	1536.12	1602.72	1594.14
1602.54	1070.85	1183	1.#QNAN	0	0.015	0	7.72649e-007	1577.61	1602.54	1593.97
1602.36	1070.72	1184	1.#QNAN	0	0.016	0	7.89442e-007	1554.89	1602.36	1593.8
1602.15	1070.56	1185	1.#QNAN	0	0.015	0	7.91715e-007	1591.62	1602.15	1593.61
1601.95	1070.4	1186	1.#QNAN	0	0.032	0	8.01684e-007	1551.58	1601.95	1593.44
1601.77	1070.26	1187	1.#QNAN	0	0.015	0	8.04661e-007	1536.29	1601.77	1593.27
1601.59	1070.12	1188	1.#QNAN	0	0.016	1	7.80288e-007	1607.54	1601.59	1593.11
1601.42	1069.99	1189	1.#QNAN	0	0.015	0	7.96078e-007	1590.13	1601.42	1592.96
1601.2	1069.84	1190	1.#QNAN	0	0.016	0	7.80254e-007	1569.09	1601.2	1592.75
1601.03	1069.7	1191	1.#QNAN	0	0.016	0	7.87257e-007	1566.57	1601.03	1592.6
1600.86	1069.56	1192	1.#QNAN	0	0.015	0	7.85403e-007	1567.43	1600.86	1592.45
1600.66	1069.41	1193	1.#QNAN	0	0.031	0	7.91574e-007	1604.54	1600.66	1592.27
1600.46	1069.26	1194	1.#QNAN	0	0.016	0	7.84667e-007	1567.52	1600.46	1592.08
1600.28	1069.12	1195	1.#QNAN	0	0.016	0	7.61423e-007	1606.64	1600.28	1591.92
1600.08	1068.97	1196	1.#QNAN	0	0.015	0	7.68179e-007	1580.99	1600.08	1591.74
1599.9	1068.83	1197	1.#QNAN	0	0.016	0	7.89031e-007	1577.23	1599.9	1591.57
1599.73	1068.69	1198	1.#QNAN	0	0.015	0	7.72174e-007	1632.98	1599.73	1591.42
1599.55	1068.55	1199	1.#QNAN	0	0.032	0	7.69324e-007	1609.14	1599.55	1591.26
