rmse	mae	#iter	time_pred	time_learn	time_learn2	time_learn4	alpha	rmse_mcmc_this	rmse_mcmc_all	rmse_mcmc_all_but5
28838.3	23511.6	0	1.#QNAN	0	0.016	0	1.91007e-012	28838.3	28838.3	3880.47
27756	22440.2	1	1.#QNAN	0	0.031	0	3.68705e-011	27732	27756	3880.47
27523.7	22105.1	2	1.#QNAN	0	0.016	0	5.02178e-011	27691.3	27523.7	3880.47
27477.1	21979.7	3	1.#QNAN	0	0.015	0	5.72167e-011	27704.8	27477.1	3880.47
27387.4	21845	4	1.#QNAN	0	0.016	0	6.30081e-011	27453.1	27387.4	37687.6
27293.7	21693.4	5	1.#QNAN	0	0.031	0	7.15325e-011	27131.9	27293.7	27131.9
27205.9	21555.4	6	1.#QNAN	0	0.016	0	8.41826e-011	27091.4	27205.9	26965.5
27127.9	21439.9	7	1.#QNAN	0	0.015	0	9.10431e-011	26907.8	27127.9	26853.7
27003.9	21282.8	8	1.#QNAN	0	0.016	0	1.13508e-010	26489	27003.9	26667.6
26797	21041.2	9	1.#QNAN	0	0.031	0	1.36246e-010	25693.1	26797	26370.2
26519	20741.2	10	1.#QNAN	0	0.016	0	1.87476e-010	24864.4	26519	25985.5
26170.2	20375.5	11	1.#QNAN	0	0.015	0	2.24009e-010	23827.7	26170.2	25529.3
25821.7	20004.4	12	1.#QNAN	0	0.016	0	2.75994e-010	23342.6	25821.7	25105.6
25454.4	19617.7	13	1.#QNAN	0	0.016	0	3.13605e-010	22688.4	25454.4	24678.5
25076.6	19226	14	1.#QNAN	0	0.031	0	3.42733e-010	22020.9	25076.6	24251.4
24729	18869.5	15	1.#QNAN	0	0.015	0	3.92176e-010	21848.5	24729	23881.7
24397.8	18529.5	16	1.#QNAN	0	0.016	0	4.38806e-010	21496.9	24397.8	23539.7
24097	18219.4	17	1.#QNAN	0	0.016	0	4.58062e-010	21320	24097	23243.2
23806.9	17919.6	18	1.#QNAN	0	0.015	0	4.91222e-010	20955.9	23806.9	22961.2
23535.5	17636.5	19	1.#QNAN	0	0.031	0	5.00569e-010	20730.2	23535.5	22704.1
23296.2	17395.5	20	1.#QNAN	0	0.016	1	5.12443e-010	20788.7	23296.2	22484
23061.8	17166.9	21	1.#QNAN	0	0.016	0	5.40503e-010	20548.1	23061.8	22268.1
22848.9	16952	22	1.#QNAN	0	0.015	0	5.65727e-010	20535.5	22848.9	22078.1
22639.2	16744.5	23	1.#QNAN	0	0.016	0	5.81765e-010	20120.5	22639.2	21889.4
22449.3	16550.8	24	1.#QNAN	0	0.031	0	5.86887e-010	20200.9	22449.3	21723.5
22271.9	16376.6	25	1.#QNAN	0	0.016	0	6.37153e-010	19952.1	22271.9	21568.8
22107.9	16213.1	26	1.#QNAN	0	0.015	0	6.36615e-010	19935.2	22107.9	21427.9
21959.7	16067.2	27	1.#QNAN	0	0.016	0	6.73584e-010	20041.1	21959.7	21303.3
21808.7	15919.8	28	1.#QNAN	0	0.015	0	6.82938e-010	19679.6	21808.7	21173.4
21671.4	15783.7	29	1.#QNAN	0	0.016	0	7.44838e-010	19606.4	21671.4	21057.3
21542.1	15656.9	30	1.#QNAN	0	0.031	0	7.40835e-010	19496.2	21542.1	20948.6
21419.6	15536.8	31	1.#QNAN	0	0.016	0	7.42074e-010	19386.6	21419.6	20845.5
21316.8	15434.9	32	1.#QNAN	0	0.015	0	7.61029e-010	19722.5	21316.8	20763.1
21211	15329.7	33	1.#QNAN	0	0.016	0	8.17291e-010	19455.9	21211	20675.9
21104	15221.8	34	1.#QNAN	0	0.016	0	8.41932e-010	19126.9	21104	20585.1
21003.2	15122.6	35	1.#QNAN	0	0.031	0	8.31316e-010	19174.1	21003.2	20500.1
20909.3	15027.8	36	1.#QNAN	0	0.015	0	8.27981e-010	19158.1	20909.3	20421.8
20812.9	14933.3	37	1.#QNAN	0	0.016	0	8.59075e-010	18965.7	20812.9	20339.9
20723.8	14846.7	38	1.#QNAN	0	0.016	0	8.8047e-010	18913.5	20723.8	20264.2
20638.6	14765.8	39	1.#QNAN	0	0.015	0	9.07661e-010	18926.6	20638.6	20192.1
20549.3	14681.5	40	1.#QNAN	0	0.031	0	9.15972e-010	18540.1	20549.3	20114.9
20470.1	14604.5	41	1.#QNAN	0	0.016	0	9.45902e-010	18695.2	20470.1	20047.3
20393.9	14532.2	42	1.#QNAN	0	0.016	0	9.60619e-010	18659.8	20393.9	19982.5
20320.4	14460.5	43	1.#QNAN	0	0.015	0	9.53555e-010	18559.4	20320.4	19920
20245.5	14387.6	44	1.#QNAN	0	0.016	0	9.68467e-010	18315.9	20245.5	19855
20174	14318.2	45	1.#QNAN	0	0.031	0	9.83866e-010	18357.9	20174	19793.4
20110	14256.4	46	1.#QNAN	0	0.016	0	1.02316e-009	18517.8	20110	19739
20042.4	14190.1	47	1.#QNAN	0	0.015	0	1.05656e-009	18225.1	20042.4	19680.2
19983.7	14134.8	48	1.#QNAN	0	0.016	0	1.08229e-009	18464.9	19983.7	19630.1
19923.9	14075.5	49	1.#QNAN	0	0.031	0	1.09248e-009	18270.4	19923.9	19578.7
19861.9	14017.4	50	1.#QNAN	0	0.016	0	1.11647e-009	18044.6	19861.9	19524.3
19797.7	13956.3	51	1.#QNAN	0	0.015	0	1.13128e-009	17798.9	19797.7	19467
19733.1	13896.2	52	1.#QNAN	0	0.016	0	1.12677e-009	17737.8	19733.1	19409.1
19663.7	13832.4	53	1.#QNAN	0	0.015	0	1.18742e-009	17416.6	19663.7	19345.7
19600.9	13772.2	54	1.#QNAN	0	0.016	0	1.2216e-009	17462.1	19600.9	19288.9
19543.5	13717.7	55	1.#QNAN	0	0.031	0	1.22524e-009	17635.8	19543.5	19237.4
19480.8	13660.2	56	1.#QNAN	0	0.016	0	1.26418e-009	17264.7	19480.8	19180.1
19419.4	13604.4	57	1.#QNAN	0	0.015	0	1.2572e-009	17190.1	19419.4	19123.8
19359.5	13549.5	58	1.#QNAN	0	0.016	0	1.2608e-009	17144.5	19359.5	19068.4
19305.7	13498.2	59	1.#QNAN	0	0.016	0	1.31492e-009	17344.5	19305.7	19019.5
19246.4	13444.2	60	1.#QNAN	0	0.031	0	1.39631e-009	16923.5	19246.4	18964.6
19192.2	13394.7	61	1.#QNAN	0	0.015	0	1.34033e-009	17130.1	19192.2	18914.7
19143.7	13350.2	62	1.#QNAN	0	0.016	0	1.39126e-009	17281	19143.7	18870.8
19086.1	13297.8	63	1.#QNAN	0	0.016	0	1.38515e-009	16729.7	19086.1	18817.2
19033.1	13249.8	64	1.#QNAN	0	0.015	0	1.40348e-009	16825.9	19033.1	18768.1
18981.7	13201.9	65	1.#QNAN	0	0.031	0	1.4834e-009	16807.5	18981.7	18720.5
18927.3	13151.5	66	1.#QNAN	0	0.016	0	1.45683e-009	16517.8	18927.3	18669.5
18871.3	13100.6	67	1.#QNAN	0	0.016	0	1.48273e-009	16352	18871.3	18616.9
18820.7	13053.9	68	1.#QNAN	0	0.015	0	1.46489e-009	16526.8	18820.7	18569.8
18770	13009.3	69	1.#QNAN	0	0.016	0	1.53788e-009	16491.2	18770	18522.4
18715.6	12960.9	70	1.#QNAN	0	0.015	0	1.50087e-009	16140.8	18715.6	18470.9
18667.8	12918	71	1.#QNAN	0	0.032	0	1.55759e-009	16449.2	18667.8	18426.2
18611.6	12870.2	72	1.#QNAN	0	0.015	0	1.59373e-009	15823.6	18611.6	18372.6
18562.8	12828.3	73	1.#QNAN	0	0.016	0	1.61999e-009	16210	18562.8	18326.7
18511.6	12784.9	74	1.#QNAN	0	0.015	1	1.5938e-009	15965.8	18511.6	18278.2
18466.3	12746.1	75	1.#QNAN	0	0.032	0	1.62409e-009	16187.7	18466.3	18235.7
18418.1	12705.6	76	1.#QNAN	0	0.015	0	1.64565e-009	15905.7	18418.1	18190
18369.5	12665.6	77	1.#QNAN	0	0.016	0	1.78265e-009	15850.7	18369.5	18144
18322.5	12625.7	78	1.#QNAN	0	0.015	0	1.75051e-009	15796.8	18322.5	18099.5
18273.3	12585.2	79	1.#QNAN	0	0.016	0	1.80814e-009	15511	18273.3	18052.5
18221.9	12543.8	80	1.#QNAN	0	0.031	0	1.87758e-009	15306.6	18221.9	18003
18175.1	12506.2	81	1.#QNAN	0	0.016	0	1.84986e-009	15495.4	18175.1	17958.3
18125.2	12465.5	82	1.#QNAN	0	0.015	0	1.91917e-009	15156.4	18125.2	17910.2
18073.2	12425.2	83	1.#QNAN	0	0.016	0	2.02221e-009	14926.6	18073.2	17859.9
18026.4	12387.8	84	1.#QNAN	0	0.016	0	2.04648e-009	15179.5	18026.4	17814.8
17973.3	12346.2	85	1.#QNAN	0	0.015	0	2.09038e-009	14630.8	17973.3	17763.2
17922.4	12305.6	86	1.#QNAN	0	0.031	0	2.16933e-009	14766.6	17922.4	17713.8
17867.5	12262.1	87	1.#QNAN	0	0.016	0	2.14229e-009	14317.1	17867.5	17660.3
17818.1	12223.3	88	1.#QNAN	0	0.016	0	2.19918e-009	14614.6	17818.1	17612.3
17764.6	12181.5	89	1.#QNAN	0	0.015	0	2.26768e-009	14233.2	17764.6	17560.1
17708.9	12138.6	90	1.#QNAN	0	0.016	0	2.31326e-009	13952.5	17708.9	17505.7
17655.6	12097.6	91	1.#QNAN	0	0.031	0	2.30262e-009	14012.2	17655.6	17453.5
17601.9	12056.6	92	1.#QNAN	0	0.016	0	2.49289e-009	13856.6	17601.9	17401
17545.9	12015	93	1.#QNAN	0	0.015	0	2.46427e-009	13568.3	17545.9	17345.9
17492.3	11974.4	94	1.#QNAN	0	0.016	0	2.6022e-009	13655.9	17492.3	17293.3
17439.7	11935	95	1.#QNAN	0	0.015	0	2.61434e-009	13589.8	17439.7	17241.8
17385.8	11894.5	96	1.#QNAN	0	0.016	0	2.62232e-009	13341.4	17385.8	17188.7
17331.9	11854.3	97	1.#QNAN	0	0.031	0	2.70976e-009	13259.2	17331.9	17135.8
17279.7	11815.8	98	1.#QNAN	0	0.016	0	2.71907e-009	13265.8	17279.7	17084.4
17226.1	11775.9	99	1.#QNAN	0	0.015	0	2.69534e-009	13056.4	17226.1	17031.6
17172.7	11737	100	1.#QNAN	0	0.016	0	2.80769e-009	13002.3	17172.7	16979
17117.2	11696.4	101	1.#QNAN	0	0.016	0	2.93552e-009	12677.7	17117.2	16924.2
17063.3	11657	102	1.#QNAN	0	0.031	0	3.03064e-009	12758.2	17063.3	16871.1
17008.2	11617.6	103	1.#QNAN	0	0.015	0	3.23596e-009	12505.7	17008.2	16816.6
16953.3	11577.6	104	1.#QNAN	0	0.016	0	3.17933e-009	12391.6	16953.3	16762.3
16897.1	11537.1	105	1.#QNAN	0	0.031	0	3.28835e-009	12219.3	16897.1	16706.7
16842.6	11497.1	106	1.#QNAN	0	0.016	0	3.43813e-009	12239.8	16842.6	16652.6
16785.3	11456.1	107	1.#QNAN	0	0.015	0	3.52935e-009	11872.1	16785.3	16595.9
16733.4	11419.2	108	1.#QNAN	0	0.016	0	3.47695e-009	12289.3	16733.4	16544.5
16677	11379.4	109	1.#QNAN	0	0.016	0	3.70673e-009	11798.4	16677	16488.5
16618.7	11338.3	110	1.#QNAN	0	0.031	0	3.69388e-009	11505.9	16618.7	16430.5
16561.1	11298.2	111	1.#QNAN	0	0.015	0	3.73346e-009	11400.8	16561.1	16373.2
16503.6	11258	112	1.#QNAN	0	0.016	0	3.85364e-009	11323.9	16503.6	16315.9
16446.2	11217.2	113	1.#QNAN	0	0.016	0	4.0315e-009	11215.9	16446.2	16258.9
16387.8	11176.1	114	1.#QNAN	0	0.015	0	4.0607e-009	11021.9	16387.8	16200.7
16328.3	11134.4	115	1.#QNAN	0	0.031	0	4.15093e-009	10801.8	16328.3	16141.5
16270.8	11094.2	116	1.#QNAN	0	0.016	0	4.3835e-009	10924.8	16270.8	16084.2
16212.5	11054	117	1.#QNAN	0	0.016	0	4.46162e-009	10739.1	16212.5	16026.1
16153.7	11013.4	118	1.#QNAN	0	0.015	0	4.49398e-009	10606.8	16153.7	15967.6
16095.3	10972.8	119	1.#QNAN	0	0.016	0	4.71591e-009	10533.8	16095.3	15909.4
16037.3	10933.4	120	1.#QNAN	0	0.031	0	4.64884e-009	10455.4	16037.3	15851.6
15978.9	10893.8	121	1.#QNAN	0	0.016	0	4.87507e-009	10341.7	15978.9	15793.4
15921.3	10854.5	122	1.#QNAN	0	0.015	0	5.01521e-009	10309.2	15921.3	15736
15864.4	10815.5	123	1.#QNAN	0	0.016	0	5.2159e-009	10311	15864.4	15679.4
15807.7	10777.1	124	1.#QNAN	0	0.031	0	5.15652e-009	10208.2	15807.7	15622.8
15750.7	10738.3	125	1.#QNAN	0	0.016	0	5.03523e-009	10039.8	15750.7	15566
15695.6	10700.6	126	1.#QNAN	0	0.015	0	5.59195e-009	10137.2	15695.6	15511.1
15638.4	10662	127	1.#QNAN	0	0.016	1	5.47076e-009	9867.04	15638.4	15454.1
15580.8	10623.1	128	1.#QNAN	0	0.015	0	5.42445e-009	9688.6	15580.8	15396.7
15524.2	10585	129	1.#QNAN	0	0.032	0	5.65288e-009	9787.72	15524.2	15340.2
15468	10547	130	1.#QNAN	0	0.015	0	5.81984e-009	9689.96	15468	15284.2
15412.8	10509.6	131	1.#QNAN	0	0.016	0	5.85065e-009	9716.16	15412.8	15229.2
15358.2	10473	132	1.#QNAN	0	0.015	0	6.01154e-009	9757.43	15358.2	15174.9
15303.4	10436	133	1.#QNAN	0	0.016	0	5.81839e-009	9547.91	15303.4	15120.3
15247.7	10398.4	134	1.#QNAN	0	0.031	0	6.22193e-009	9335.18	15247.7	15064.8
15193	10361.8	135	1.#QNAN	0	0.016	0	6.22965e-009	9387.57	15193	15010.3
15137.5	10323.9	136	1.#QNAN	0	0.015	0	6.42447e-009	9124.13	15137.5	14955
15083.8	10287.1	137	1.#QNAN	0	0.016	0	6.41913e-009	9219.67	15083.8	14901.5
15030.1	10250.1	138	1.#QNAN	0	0.031	0	6.80887e-009	9203.27	15030.1	14848
14978.2	10214.9	139	1.#QNAN	0	0.016	0	7.12576e-009	9371.83	14978.2	14796.3
14925.3	10178.8	140	1.#QNAN	0	0.015	0	7.0578e-009	9198.99	14925.3	14743.6
14872.3	10142.8	141	1.#QNAN	0	0.016	0	7.70423e-009	9032.82	14872.3	14690.7
14817.9	10105.8	142	1.#QNAN	0	0.016	0	7.77366e-009	8892.66	14817.9	14636.3
14764.4	10069.6	143	1.#QNAN	0	0.015	0	8.07181e-009	8914.3	14764.4	14583
14711.1	10033.4	144	1.#QNAN	0	0.031	0	8.39474e-009	8732.75	14711.1	14529.8
14659.8	9998.49	145	1.#QNAN	0	0.016	0	8.31253e-009	8867.56	14659.8	14478.7
14607.7	9962.93	146	1.#QNAN	0	0.016	0	8.41016e-009	8701.52	14607.7	14426.8
14556.4	9928.17	147	1.#QNAN	0	0.015	0	9.13063e-009	8772.1	14556.4	14375.6
14504.6	9893.64	148	1.#QNAN	0	0.016	0	9.26086e-009	8540.24	14504.6	14324
14453.6	9859.32	149	1.#QNAN	0	0.031	0	9.22544e-009	8548.39	14453.6	14273.1
14400.9	9824.17	150	1.#QNAN	0	0.016	0	9.56231e-009	8319.26	14400.9	14220.6
14348.2	9788.72	151	1.#QNAN	0	0.015	0	9.8423e-009	8028.67	14348.2	14167.9
14297.1	9754.28	152	1.#QNAN	0	0.016	0	1.00693e-008	8265.11	14297.1	14116.9
14244.9	9719.31	153	1.#QNAN	0	0.015	0	1.00058e-008	8012.02	14244.9	14064.8
14193.9	9685.06	154	1.#QNAN	0	0.032	0	1.0327e-008	8034.86	14193.9	14013.9
14142.9	9650.66	155	1.#QNAN	0	0.015	0	1.07376e-008	7930.01	14142.9	13962.9
14091.9	9616.62	156	1.#QNAN	0	0.016	0	1.09791e-008	7878.47	14091.9	13912
14041.6	9582.65	157	1.#QNAN	0	0.015	0	1.13325e-008	7868.36	14041.6	13861.9
13991.7	9549.07	158	1.#QNAN	0	0.016	0	1.17974e-008	7805.85	13991.7	13812.1
13942.2	9515.98	159	1.#QNAN	0	0.031	0	1.14812e-008	7814.13	13942.2	13762.8
13892	9482.52	160	1.#QNAN	0	0.016	0	1.19959e-008	7618.7	13892	13712.7
13842.6	9449.6	161	1.#QNAN	0	0.015	0	1.22686e-008	7650.39	13842.6	13663.5
13793.9	9417.16	162	1.#QNAN	0	0.016	0	1.23278e-008	7659.81	13793.9	13615
13744.9	9384.51	163	1.#QNAN	0	0.016	0	1.22958e-008	7533.8	13744.9	13566.1
13695.7	9351.63	164	1.#QNAN	0	0.031	0	1.25183e-008	7428.32	13695.7	13517.1
13646.7	9318.74	165	1.#QNAN	0	0.015	0	1.27744e-008	7387.85	13646.7	13468.2
13597.9	9285.96	166	1.#QNAN	0	0.016	0	1.32095e-008	7412.34	13597.9	13419.6
13550.5	9254.47	167	1.#QNAN	0	0.016	0	1.35084e-008	7370.11	13550.5	13372.3
13502.6	9222.26	168	1.#QNAN	0	0.015	0	1.35531e-008	7258.28	13502.6	13324.5
13454.9	9190.31	169	1.#QNAN	0	0.031	0	1.35615e-008	7211.9	13454.9	13277
13406.6	9158.05	170	1.#QNAN	0	0.016	0	1.42133e-008	6991.8	13406.6	13228.9
13358.9	9126.23	171	1.#QNAN	0	0.016	0	1.42451e-008	7042.01	13358.9	13181.4
13311.7	9094.71	172	1.#QNAN	0	0.015	0	1.44421e-008	7059.39	13311.7	13134.3
13264.6	9063.4	173	1.#QNAN	0	0.016	0	1.46048e-008	6993.27	13264.6	13087.3
13217.9	9032.21	174	1.#QNAN	0	0.031	0	1.41824e-008	7015.92	13217.9	13040.8
13172.3	9001.67	175	1.#QNAN	0	0.016	0	1.42689e-008	7045.07	13172.3	12995.4
13126	8970.65	176	1.#QNAN	0	0.015	0	1.46511e-008	6856.93	13126	12949.3
13080	8939.82	177	1.#QNAN	0	0.016	0	1.4931e-008	6852.46	13080	12903.4
13034.4	8909.34	178	1.#QNAN	0	0.015	0	1.45721e-008	6809.32	13034.4	12857.9
12989.5	8879.43	179	1.#QNAN	0	0.032	0	1.49981e-008	6804.56	12989.5	12813.2
12944.5	8849.7	180	1.#QNAN	0	0.015	1	1.59338e-008	6761.49	12944.5	12768.5
12899.9	8819.81	181	1.#QNAN	0	0.016	0	1.67034e-008	6688.05	12899.9	12724
12855.8	8790.35	182	1.#QNAN	0	0.015	0	1.66606e-008	6744.19	12855.8	12680.1
12812.1	8761.22	183	1.#QNAN	0	0.016	0	1.68765e-008	6705.8	12812.1	12636.7
12769.1	8732.55	184	1.#QNAN	0	0.031	0	1.60093e-008	6755.5	12769.1	12593.9
12726.4	8704.13	185	1.#QNAN	0	0.016	0	1.68258e-008	6784.96	12726.4	12551.4
12683.4	8675.67	186	1.#QNAN	0	0.015	0	1.72288e-008	6641.25	12683.4	12508.7
12641.3	8647.68	187	1.#QNAN	0	0.016	0	1.71806e-008	6662.67	12641.3	12466.7
12599.1	8619.84	188	1.#QNAN	0	0.016	0	1.69894e-008	6564.42	12599.1	12424.8
12556.8	8591.86	189	1.#QNAN	0	0.015	0	1.83994e-008	6481.12	12556.8	12382.7
12515	8564.23	190	1.#QNAN	0	0.031	0	1.87744e-008	6526.51	12515	12341.1
12474.1	8536.95	191	1.#QNAN	0	0.016	0	1.77583e-008	6581.22	12474.1	12300.5
12433.3	8509.51	192	1.#QNAN	0	0.016	0	1.84968e-008	6596.9	12433.3	12259.9
12392.5	8482.14	193	1.#QNAN	0	0.015	0	1.99084e-008	6472.89	12392.5	12219.3
12352	8455.21	194	1.#QNAN	0	0.016	0	1.87557e-008	6490.96	12352	12179.2
12311.9	8428.17	195	1.#QNAN	0	0.015	0	1.91076e-008	6422.19	12311.9	12139.3
12272.6	8401.78	196	1.#QNAN	0	0.032	0	2.0182e-008	6480.08	12272.6	12100.3
12233.3	8375.34	197	1.#QNAN	0	0.015	0	2.02899e-008	6427.24	12233.3	12061.3
12193.9	8348.89	198	1.#QNAN	0	0.016	0	2.03274e-008	6274.86	12193.9	12022.1
12155	8322.92	199	1.#QNAN	0	0.015	0	2.04308e-008	6324.88	12155	11983.5
12116.6	8297.1	200	1.#QNAN	0	0.016	0	2.12876e-008	6389.12	12116.6	11945.3
12078.5	8271.48	201	1.#QNAN	0	0.031	0	2.10392e-008	6323.53	12078.5	11907.5
12040.9	8246.05	202	1.#QNAN	0	0.016	0	2.12457e-008	6346.19	12040.9	11870.3
12003.4	8220.8	203	1.#QNAN	0	0.015	0	2.2151e-008	6314.62	12003.4	11833
11965.9	8195.66	204	1.#QNAN	0	0.016	0	2.16426e-008	6284.54	11965.9	11795.9
11928.5	8170.44	205	1.#QNAN	0	0.016	0	2.05308e-008	6226.3	11928.5	11758.8
11891.5	8145.41	206	1.#QNAN	0	0.031	0	2.27406e-008	6224.1	11891.5	11722.1
11855.2	8121.16	207	1.#QNAN	0	0.015	0	2.24521e-008	6209.58	11855.2	11686.1
11818.9	8096.53	208	1.#QNAN	0	0.016	0	2.21007e-008	6120.09	11818.9	11650.1
11782.6	8071.96	209	1.#QNAN	0	0.016	0	2.22337e-008	6171.8	11782.6	11614.2
11746.3	8047.52	210	1.#QNAN	0	0.015	0	2.32288e-008	6022.58	11746.3	11578.1
11710.2	8023.22	211	1.#QNAN	0	0.016	0	2.34087e-008	6035.71	11710.2	11542.4
11674.4	7998.97	212	1.#QNAN	0	0.031	0	2.42396e-008	6042.28	11674.4	11506.9
11638.9	7974.88	213	1.#QNAN	0	0.016	0	2.40996e-008	6044.67	11638.9	11471.7
11603.3	7950.78	214	1.#QNAN	0	0.015	0	2.3736e-008	5936.16	11603.3	11436.4
11568.1	7926.9	215	1.#QNAN	0	0.016	0	2.46993e-008	5925.74	11568.1	11401.4
11532.7	7902.71	216	1.#QNAN	0	0.015	0	2.51796e-008	5900.72	11532.7	11366.4
11497.8	7879.04	217	1.#QNAN	0	0.032	0	2.54322e-008	5907.69	11497.8	11331.8
11463.7	7855.88	218	1.#QNAN	0	0.015	0	2.52529e-008	5917.27	11463.7	11298
11429.5	7832.81	219	1.#QNAN	0	0.016	0	2.61081e-008	5844.38	11429.5	11264.1
11395.6	7809.76	220	1.#QNAN	0	0.015	0	2.64626e-008	5922.57	11395.6	11230.6
11361.9	7786.88	221	1.#QNAN	0	0.016	0	2.64833e-008	5856.91	11361.9	11197.2
11328.2	7764.09	222	1.#QNAN	0	0.016	0	2.6856e-008	5808.09	11328.2	11163.8
11294.5	7741.33	223	1.#QNAN	0	0.031	0	2.79479e-008	5763.4	11294.5	11130.4
11260.9	7718.45	224	1.#QNAN	0	0.015	0	2.79537e-008	5723.25	11260.9	11097.2
11227.3	7695.84	225	1.#QNAN	0	0.016	0	2.76848e-008	5692.48	11227.3	11063.9
11194.1	7673.42	226	1.#QNAN	0	0.016	0	2.81084e-008	5730.93	11194.1	11031.1
11161.1	7651.18	227	1.#QNAN	0	0.015	0	2.98048e-008	5743.16	11161.1	10998.4
11128.3	7628.96	228	1.#QNAN	0	0.031	0	3.00867e-008	5728.4	11128.3	10965.9
11095.8	7607.12	229	1.#QNAN	0	0.016	0	3.12045e-008	5701.1	11095.8	10933.7
11063.6	7585.27	230	1.#QNAN	0	0.016	0	3.06747e-008	5718.41	11063.6	10901.8
11031.6	7563.43	231	1.#QNAN	0	0.015	0	3.24349e-008	5735.36	11031.6	10870.2
10999.5	7541.62	232	1.#QNAN	0	0.016	0	3.24804e-008	5661.98	10999.5	10838.4
10967.6	7519.87	233	1.#QNAN	0	0.031	0	3.34825e-008	5636.52	10967.6	10806.8
10935.9	7498.2	234	1.#QNAN	0	0.016	1	3.37747e-008	5610.75	10935.9	10775.4
10904.7	7476.74	235	1.#QNAN	0	0.015	0	3.49233e-008	5701.74	10904.7	10744.5
10873.4	7455.44	236	1.#QNAN	0	0.016	0	3.40133e-008	5652.13	10873.4	10713.4
10842.3	7434.17	237	1.#QNAN	0	0.015	0	3.31889e-008	5666.2	10842.3	10682.6
10811.5	7413.07	238	1.#QNAN	0	0.016	0	3.6483e-008	5701.26	10811.5	10652.1
10780.5	7391.98	239	1.#QNAN	0	0.031	0	3.72916e-008	5607.38	10780.5	10621.3
10750	7371.19	240	1.#QNAN	0	0.016	0	3.83656e-008	5675.57	10750	10591.2
10719.4	7350.38	241	1.#QNAN	0	0.015	0	3.71713e-008	5603.08	10719.4	10560.9
10689.2	7329.86	242	1.#QNAN	0	0.016	0	3.90084e-008	5606.92	10689.2	10531
10659.2	7309.31	243	1.#QNAN	0	0.031	0	3.87858e-008	5646.89	10659.2	10501.3
10629.2	7288.8	244	1.#QNAN	0	0.016	0	3.9656e-008	5583.74	10629.2	10471.6
10599.1	7268.22	245	1.#QNAN	0	0.015	0	4.04227e-008	5571.61	10599.1	10441.8
10569.6	7247.96	246	1.#QNAN	0	0.016	0	4.00836e-008	5606.44	10569.6	10412.5
10540.1	7227.8	247	1.#QNAN	0	0.031	0	3.90203e-008	5579.62	10540.1	10383.4
10510.6	7207.6	248	1.#QNAN	0	0.016	0	4.002e-008	5554.04	10510.6	10354.2
10481.4	7187.48	249	1.#QNAN	0	0.015	0	4.14498e-008	5493.61	10481.4	10325.2
10452.4	7167.47	250	1.#QNAN	0	0.016	0	4.40813e-008	5512.86	10452.4	10296.6
10423.5	7147.45	251	1.#QNAN	0	0.016	0	4.2959e-008	5480.27	10423.5	10267.9
10395	7127.69	252	1.#QNAN	0	0.031	0	4.22131e-008	5460.94	10395	10239.8
10366.4	7107.99	253	1.#QNAN	0	0.015	0	4.26128e-008	5321.39	10366.4	10211.4
10338.4	7088.81	254	1.#QNAN	0	0.016	0	4.36215e-008	5450.94	10338.4	10183.7
10310.3	7069.54	255	1.#QNAN	0	0.016	0	4.38141e-008	5428.74	10310.3	10156
10282.9	7050.63	256	1.#QNAN	0	0.015	0	4.39222e-008	5494.91	10282.9	10128.8
10255.3	7031.74	257	1.#QNAN	0	0.031	0	4.51631e-008	5487.77	10255.3	10101.6
10228.3	7013.16	258	1.#QNAN	0	0.016	0	4.33296e-008	5459.11	10228.3	10074.8
10201.1	6994.48	259	1.#QNAN	0	0.016	0	4.54801e-008	5387.29	10201.1	10048
10174.1	6975.89	260	1.#QNAN	0	0.015	0	4.62372e-008	5362.37	10174.1	10021.2
10147.4	6957.51	261	1.#QNAN	0	0.016	0	4.62372e-008	5401.67	10147.4	9994.88
10120.6	6939.02	262	1.#QNAN	0	0.031	0	4.61795e-008	5345	10120.6	9968.4
10094.2	6920.79	263	1.#QNAN	0	0.016	0	4.61904e-008	5333.89	10094.2	9942.23
10067.7	6902.51	264	1.#QNAN	0	0.015	0	4.68244e-008	5301.15	10067.7	9916.07
10041.5	6884.39	265	1.#QNAN	0	0.016	0	4.63643e-008	5273.16	10041.5	9890.19
10015.2	6866.25	266	1.#QNAN	0	0.015	0	4.76792e-008	5242.45	10015.2	9864.22
9989.31	6848.38	267	1.#QNAN	0	0.032	0	4.7117e-008	5237.54	9989.31	9838.59
9963.59	6830.52	268	1.#QNAN	0	0.015	0	4.91063e-008	5224.82	9963.59	9813.17
9938.04	6812.75	269	1.#QNAN	0	0.016	0	4.75725e-008	5247.54	9938.04	9787.92
9912.94	6795.23	270	1.#QNAN	0	0.015	0	4.70535e-008	5303.14	9912.94	9763.11
9887.59	6777.64	271	1.#QNAN	0	0.032	0	4.93499e-008	5209.22	9887.59	9738.07
9862.18	6760.09	272	1.#QNAN	0	0.015	0	4.88156e-008	5127.67	9862.18	9712.96
9837.27	6743.03	273	1.#QNAN	0	0.016	0	5.03038e-008	5159.17	9837.27	9688.35
9812.42	6725.95	274	1.#QNAN	0	0.015	0	4.84902e-008	5117.99	9812.42	9663.79
9787.73	6708.94	275	1.#QNAN	0	0.032	0	5.26637e-008	5211.15	9787.73	9639.4
9763.05	6691.95	276	1.#QNAN	0	0.015	0	5.18181e-008	5181.09	9763.05	9615.03
9738.7	6675.27	277	1.#QNAN	0	0.016	0	5.12366e-008	5128.88	9738.7	9590.97
9714.56	6658.63	278	1.#QNAN	0	0.015	0	5.01954e-008	5147.19	9714.56	9567.14
9690.14	6641.93	279	1.#QNAN	0	0.016	0	5.26757e-008	5056.44	9690.14	9543.02
9665.89	6625.31	280	1.#QNAN	0	0.031	0	5.27724e-008	5096	9665.89	9519.06
9641.71	6608.76	281	1.#QNAN	0	0.016	0	5.22316e-008	5081.69	9641.71	9495.17
9617.44	6592.05	282	1.#QNAN	0	0.015	0	5.35658e-008	5038.73	9617.44	9471.2
9593.69	6575.92	283	1.#QNAN	0	0.016	0	5.35058e-008	5116.46	9593.69	9447.76
9569.98	6559.98	284	1.#QNAN	0	0.016	0	5.26253e-008	5082.81	9569.98	9424.35
9546.28	6543.86	285	1.#QNAN	0	0.031	0	5.3808e-008	5077.74	9546.28	9400.95
9522.83	6527.87	286	1.#QNAN	0	0.015	0	5.38371e-008	5040.11	9522.83	9377.8
9499.79	6512.24	287	1.#QNAN	0	0.016	0	5.47454e-008	5052.16	9499.79	9355.08
9476.75	6496.66	288	1.#QNAN	0	0.016	1	5.40943e-008	5011.01	9476.75	9332.35
9453.74	6480.97	289	1.#QNAN	0	0.031	0	5.43229e-008	5037.27	9453.74	9309.64
9430.95	6465.53	290	1.#QNAN	0	0.015	0	5.47085e-008	5100.07	9430.95	9287.15
9408.67	6450.37	291	1.#QNAN	0	0.016	0	5.57689e-008	5011.12	9408.67	9265.18
9385.99	6435.02	292	1.#QNAN	0	0.016	0	5.63463e-008	4918.25	9385.99	9242.8
9363.35	6419.67	293	1.#QNAN	0	0.015	0	5.87931e-008	4906.67	9363.35	9220.48
9341.28	6404.66	294	1.#QNAN	0	0.031	0	5.70405e-008	4971.75	9341.28	9198.71
9319.23	6389.64	295	1.#QNAN	0	0.016	0	5.70095e-008	5045.3	9319.23	9176.96
9297.4	6374.95	296	1.#QNAN	0	0.016	0	5.84753e-008	5022.09	9297.4	9155.44
9275.6	6360.26	297	1.#QNAN	0	0.015	0	5.81472e-008	4946.85	9275.6	9133.95
9254.03	6345.76	298	1.#QNAN	0	0.016	0	6.1581e-008	4910.32	9254.03	9112.69
9232.4	6331.2	299	1.#QNAN	0	0.031	0	5.82978e-008	4901.88	9232.4	9091.37
9210.97	6316.74	300	1.#QNAN	0	0.016	0	6.00952e-008	4895.42	9210.97	9070.25
9189.57	6302.37	301	1.#QNAN	0	0.015	0	6.18141e-008	4846.02	9189.57	9049.17
9168.37	6288.12	302	1.#QNAN	0	0.016	0	6.13312e-008	4854.84	9168.37	9028.28
9147.29	6274.04	303	1.#QNAN	0	0.015	0	6.10927e-008	4828.83	9147.29	9007.52
9126.65	6260.18	304	1.#QNAN	0	0.016	0	5.86273e-008	4851.73	9126.65	8987.18
9105.9	6246.16	305	1.#QNAN	0	0.031	0	6.07418e-008	4861.53	9105.9	8966.75
9085.31	6232.19	306	1.#QNAN	0	0.016	0	6.09894e-008	4886.51	9085.31	8946.47
9064.68	6218.29	307	1.#QNAN	0	0.015	0	6.10528e-008	4920.15	9064.68	8926.15
9044.32	6204.56	308	1.#QNAN	0	0.016	0	6.32462e-008	4881.7	9044.32	8906.1
9023.97	6190.79	309	1.#QNAN	0	0.016	0	6.2916e-008	4911.9	9023.97	8886.05
9003.97	6177.3	310	1.#QNAN	0	0.031	0	6.16869e-008	4902.46	9003.97	8866.35
8983.88	6163.83	311	1.#QNAN	0	0.015	0	6.17558e-008	4862.87	8983.88	8846.56
8964.08	6150.46	312	1.#QNAN	0	0.016	0	6.33522e-008	4902.91	8964.08	8827.07
8944.33	6137.1	313	1.#QNAN	0	0.016	0	6.06463e-008	4870.97	8944.33	8807.64
8924.59	6123.75	314	1.#QNAN	0	0.015	0	6.50676e-008	4843.05	8924.59	8788.21
8904.95	6110.45	315	1.#QNAN	0	0.016	0	6.45127e-008	4885.87	8904.95	8768.86
8885.3	6097.14	316	1.#QNAN	0	0.031	0	6.69797e-008	4866.29	8885.3	8749.51
8865.86	6084.04	317	1.#QNAN	0	0.016	0	6.53597e-008	4844.45	8865.86	8730.37
8846.63	6071	318	1.#QNAN	0	0.015	0	6.77684e-008	4829.28	8846.63	8711.44
8827.39	6057.99	319	1.#QNAN	0	0.016	0	6.52786e-008	4768.39	8827.39	8692.5
8808.39	6045.02	320	1.#QNAN	0	0.031	0	6.70342e-008	4773.56	8808.39	8673.8
8789.21	6031.97	321	1.#QNAN	0	0.016	0	6.66825e-008	4723.22	8789.21	8654.92
8770.3	6019.13	322	1.#QNAN	0	0.015	0	6.67502e-008	4714.05	8770.3	8636.3
8751.41	6006.42	323	1.#QNAN	0	0.016	0	6.62891e-008	4711.37	8751.41	8617.72
8732.52	5993.59	324	1.#QNAN	0	0.015	0	6.98034e-008	4799.11	8732.52	8599.11
8713.68	5980.88	325	1.#QNAN	0	0.032	0	6.56131e-008	4701.81	8713.68	8580.58
8695.11	5968.33	326	1.#QNAN	0	0.015	0	6.82835e-008	4765.02	8695.11	8562.3
8676.66	5955.84	327	1.#QNAN	0	0.016	0	6.80364e-008	4706.47	8676.66	8544.15
8658.27	5943.35	328	1.#QNAN	0	0.015	0	6.90625e-008	4670.65	8658.27	8526.05
8639.91	5930.83	329	1.#QNAN	0	0.032	0	7.01689e-008	4653.22	8639.91	8507.97
8621.82	5918.46	330	1.#QNAN	0	0.015	0	6.91817e-008	4710.54	8621.82	8490.18
8603.7	5906.06	331	1.#QNAN	0	0.016	0	7.08405e-008	4777.4	8603.7	8472.34
8585.78	5893.88	332	1.#QNAN	0	0.015	0	6.90565e-008	4768.59	8585.78	8454.73
8568.1	5881.9	333	1.#QNAN	0	0.016	0	7.17431e-008	4782.37	8568.1	8437.34
8550.57	5869.98	334	1.#QNAN	0	0.031	0	6.99219e-008	4767.91	8550.57	8420.11
8532.94	5857.94	335	1.#QNAN	0	0.016	0	7.02333e-008	4708.87	8532.94	8402.79
8515.58	5846.11	336	1.#QNAN	0	0.015	0	7.15637e-008	4710.06	8515.58	8385.72
8498.28	5834.27	337	1.#QNAN	0	0.016	0	7.24751e-008	4707.4	8498.28	8368.7
8481.1	5822.45	338	1.#QNAN	0	0.016	0	7.34064e-008	4693.65	8481.1	8351.82
8463.89	5810.73	339	1.#QNAN	0	0.015	0	7.2296e-008	4679.17	8463.89	8334.9
8446.94	5799.18	340	1.#QNAN	0	0.031	0	7.22205e-008	4713.12	8446.94	8318.25
8429.96	5787.6	341	1.#QNAN	0	0.016	1	7.27807e-008	4696.38	8429.96	8301.56
8413.11	5776.11	342	1.#QNAN	0	0.016	0	7.48192e-008	4680.8	8413.11	8285
8396.4	5764.71	343	1.#QNAN	0	0.015	0	7.3404e-008	4704.39	8396.4	8268.59
8379.82	5753.34	344	1.#QNAN	0	0.031	0	7.38677e-008	4729.03	8379.82	8252.3
8363.11	5741.89	345	1.#QNAN	0	0.016	0	7.42458e-008	4698.35	8363.11	8235.89
8346.33	5730.47	346	1.#QNAN	0	0.016	0	7.16142e-008	4608.83	8346.33	8219.39
8329.74	5719.12	347	1.#QNAN	0	0.015	0	7.53104e-008	4622.38	8329.74	8203.09
8313.46	5708.06	348	1.#QNAN	0	0.016	0	7.67457e-008	4616.63	8313.46	8187.1
8297.12	5696.92	349	1.#QNAN	0	0.031	0	7.82582e-008	4566.54	8297.12	8171.04
8280.93	5685.92	350	1.#QNAN	0	0.016	0	7.73908e-008	4593.95	8280.93	8155.14
8264.89	5675	351	1.#QNAN	0	0.015	0	7.607e-008	4600.05	8264.89	8139.38
8249.03	5664.19	352	1.#QNAN	0	0.016	0	8.0999e-008	4658.4	8249.03	8123.81
8233.09	5653.29	353	1.#QNAN	0	0.015	0	7.38213e-008	4624.64	8233.09	8108.15
8217.26	5642.49	354	1.#QNAN	0	0.032	0	7.48256e-008	4534.19	8217.26	8092.61
8201.31	5631.65	355	1.#QNAN	0	0.015	0	7.8102e-008	4518	8201.31	8076.95
8185.45	5620.94	356	1.#QNAN	0	0.016	0	7.77409e-008	4524.84	8185.45	8061.37
8169.78	5610.31	357	1.#QNAN	0	0.015	0	7.82538e-008	4493.52	8169.78	8045.96
8154.34	5599.83	358	1.#QNAN	0	0.016	0	8.05575e-008	4525.27	8154.34	8030.81
8138.75	5589.3	359	1.#QNAN	0	0.031	0	8.09775e-008	4442.75	8138.75	8015.5
8123.35	5578.84	360	1.#QNAN	0	0.016	0	7.83224e-008	4542.89	8123.35	8000.38
8107.98	5568.43	361	1.#QNAN	0	0.015	0	8.02908e-008	4533.5	8107.98	7985.29
8092.77	5558.15	362	1.#QNAN	0	0.016	0	7.91048e-008	4484.38	8092.77	7970.36
8077.74	5547.92	363	1.#QNAN	0	0.016	0	7.88375e-008	4494.36	8077.74	7955.62
8062.62	5537.64	364	1.#QNAN	0	0.015	0	8.22802e-008	4488.3	8062.62	7940.78
8047.64	5527.47	365	1.#QNAN	0	0.031	0	7.9532e-008	4487.93	8047.64	7926.07
8032.61	5517.26	366	1.#QNAN	0	0.016	0	8.00653e-008	4435.99	8032.61	7911.33
8017.58	5507.09	367	1.#QNAN	0	0.016	0	7.85793e-008	4440.45	8017.58	7896.57
8002.67	5496.94	368	1.#QNAN	0	0.015	0	8.36384e-008	4481.95	8002.67	7881.94
7987.95	5486.89	369	1.#QNAN	0	0.016	0	8.30495e-008	4488.51	7987.95	7867.5
7973.39	5476.92	370	1.#QNAN	0	0.031	0	8.18053e-008	4484.32	7973.39	7853.21
7958.76	5467.01	371	1.#QNAN	0	0.016	0	8.28707e-008	4447.24	7958.76	7838.84
7944.02	5457.01	372	1.#QNAN	0	0.015	0	8.49581e-008	4447.25	7944.02	7824.38
7929.46	5447.12	373	1.#QNAN	0	0.016	0	8.26807e-008	4488.58	7929.46	7810.07
7915.09	5437.36	374	1.#QNAN	0	0.015	0	8.53303e-008	4489.56	7915.09	7795.98
7900.64	5427.59	375	1.#QNAN	0	0.016	0	8.80861e-008	4420.81	7900.64	7781.79
7886.34	5417.99	376	1.#QNAN	0	0.031	0	8.49468e-008	4464.48	7886.34	7767.75
7872.19	5408.48	377	1.#QNAN	0	0.016	0	8.61117e-008	4484.12	7872.19	7753.86
7858.06	5398.95	378	1.#QNAN	0	0.015	0	8.93769e-008	4490.35	7858.06	7740
7843.88	5389.37	379	1.#QNAN	0	0.016	0	8.15383e-008	4432.62	7843.88	7726.09
7829.7	5379.85	380	1.#QNAN	0	0.016	0	8.48338e-008	4388.99	7829.7	7712.17
7815.67	5370.41	381	1.#QNAN	0	0.015	0	8.82196e-008	4384.4	7815.67	7698.41
7801.82	5361.01	382	1.#QNAN	0	0.031	0	8.64635e-008	4421.14	7801.82	7684.81
7787.96	5351.6	383	1.#QNAN	0	0.016	0	8.85607e-008	4382.12	7787.96	7671.21
7774.11	5342.23	384	1.#QNAN	0	0.016	0	8.86032e-008	4372.49	7774.11	7657.63
7760.39	5332.86	385	1.#QNAN	0	0.015	0	9.07688e-008	4442.23	7760.39	7644.17
7746.91	5323.61	386	1.#QNAN	0	0.016	0	8.75878e-008	4488.14	7746.91	7630.94
7733.37	5314.34	387	1.#QNAN	0	0.031	0	8.84261e-008	4443.67	7733.37	7617.67
7719.72	5305.12	388	1.#QNAN	0	0.016	0	8.86303e-008	4359.85	7719.72	7604.27
7706.41	5296.08	389	1.#QNAN	0	0.015	0	8.68661e-008	4405.56	7706.41	7591.21
7693.04	5286.96	390	1.#QNAN	0	0.016	0	9.23468e-008	4422.88	7693.04	7578.1
7679.6	5277.8	391	1.#QNAN	0	0.015	0	9.13421e-008	4369.83	7679.6	7564.92
7666.3	5268.75	392	1.#QNAN	0	0.032	0	9.13579e-008	4330.58	7666.3	7551.87
7653.18	5259.83	393	1.#QNAN	0	0.015	0	9.64984e-008	4345.51	7653.18	7539
7639.95	5250.83	394	1.#QNAN	0	0.016	0	9.45829e-008	4302	7639.95	7526.03
7626.86	5241.89	395	1.#QNAN	0	0.015	1	9.47946e-008	4354.5	7626.86	7513.19
7613.94	5233.05	396	1.#QNAN	0	0.016	0	9.52478e-008	4348.93	7613.94	7500.52
7601.04	5224.27	397	1.#QNAN	0	0.031	0	9.028e-008	4375.38	7601.04	7487.87
7588.28	5215.59	398	1.#QNAN	0	0.016	0	9.40591e-008	4331.16	7588.28	7475.37
7575.61	5206.97	399	1.#QNAN	0	0.015	0	9.72555e-008	4352.73	7575.61	7462.96
7563.04	5198.4	400	1.#QNAN	0	0.016	0	9.34297e-008	4359.3	7563.04	7450.64
7550.54	5189.85	401	1.#QNAN	0	0.016	0	9.27365e-008	4351.13	7550.54	7438.38
7537.87	5181.22	402	1.#QNAN	0	0.031	0	8.98824e-008	4267.68	7537.87	7425.97
7525.41	5172.73	403	1.#QNAN	0	0.015	0	9.34189e-008	4317.01	7525.41	7413.77
7512.88	5164.2	404	1.#QNAN	0	0.016	0	9.29377e-008	4290.24	7512.88	7401.49
7500.33	5155.6	405	1.#QNAN	0	0.016	0	9.58098e-008	4322.66	7500.33	7389.19
7487.89	5147.13	406	1.#QNAN	0	0.015	0	9.67878e-008	4251.85	7487.89	7376.99
7475.49	5138.7	407	1.#QNAN	0	0.016	0	9.49367e-008	4245.02	7475.49	7364.84
7463.25	5130.3	408	1.#QNAN	0	0.031	0	9.30808e-008	4263.19	7463.25	7352.84
7450.97	5121.9	409	1.#QNAN	0	0.016	0	9.95624e-008	4256.6	7450.97	7340.81
7438.86	5113.64	410	1.#QNAN	0	0.015	0	9.94051e-008	4241.1	7438.86	7328.94
7426.74	5105.42	411	1.#QNAN	0	0.016	0	9.50847e-008	4243.37	7426.74	7317.05
7414.78	5097.21	412	1.#QNAN	0	0.015	0	9.48117e-008	4298.8	7414.78	7305.34
7402.89	5089.11	413	1.#QNAN	0	0.032	0	9.68621e-008	4248.27	7402.89	7293.7
7391.05	5081.05	414	1.#QNAN	0	0.015	0	1.01687e-007	4255.1	7391.05	7282.1
7379.2	5073	415	1.#QNAN	0	0.016	0	9.79474e-008	4266.88	7379.2	7270.49
7367.42	5064.96	416	1.#QNAN	0	0.015	0	1.02246e-007	4227.16	7367.42	7258.94
7355.59	5056.82	417	1.#QNAN	0	0.016	0	1.00786e-007	4222.41	7355.59	7247.34
7343.74	5048.73	418	1.#QNAN	0	0.031	0	9.79603e-008	4194.98	7343.74	7235.73
7332.03	5040.7	419	1.#QNAN	0	0.016	0	1.01769e-007	4214.56	7332.03	7224.25
7320.33	5032.68	420	1.#QNAN	0	0.015	0	1.01285e-007	4213.75	7320.33	7212.78
7308.57	5024.68	421	1.#QNAN	0	0.016	0	9.85305e-008	4181.41	7308.57	7201.27
7296.92	5016.69	422	1.#QNAN	0	0.016	0	1.02249e-007	4177.23	7296.92	7189.85
7285.45	5008.78	423	1.#QNAN	0	0.031	0	1.01817e-007	4164.02	7285.45	7178.61
7274	5000.85	424	1.#QNAN	0	0.015	0	1.02948e-007	4169.86	7274	7167.4
7262.67	4993.01	425	1.#QNAN	0	0.016	0	1.07566e-007	4205.69	7262.67	7156.3
7251.31	4985.17	426	1.#QNAN	0	0.016	0	1.03739e-007	4187.19	7251.31	7145.18
7240.09	4977.43	427	1.#QNAN	0	0.015	0	1.03015e-007	4164.82	7240.09	7134.2
7229.02	4969.74	428	1.#QNAN	0	0.031	0	1.04974e-007	4222.74	7229.02	7123.36
7217.83	4961.97	429	1.#QNAN	0	0.016	0	1.0251e-007	4165.01	7217.83	7112.4
7206.55	4954.23	430	1.#QNAN	0	0.016	0	1.0229e-007	4107.66	7206.55	7101.35
7195.36	4946.53	431	1.#QNAN	0	0.015	0	1.06988e-007	4155.02	7195.36	7090.4
7184.29	4938.94	432	1.#QNAN	0	0.016	0	1.07905e-007	4114.96	7184.29	7079.55
7173.34	4931.33	433	1.#QNAN	0	0.015	0	1.0436e-007	4135.78	7173.34	7068.83
7162.29	4923.68	434	1.#QNAN	0	0.032	0	1.07173e-007	4113.22	7162.29	7058.02
7151.3	4916.06	435	1.#QNAN	0	0.015	0	1.06494e-007	4133.8	7151.3	7047.25
7140.49	4908.56	436	1.#QNAN	0	0.016	0	1.08646e-007	4106.49	7140.49	7036.68
7129.62	4901.04	437	1.#QNAN	0	0.015	0	1.07292e-007	4087.84	7129.62	7026.02
7118.85	4893.55	438	1.#QNAN	0	0.032	0	1.08973e-007	4118.3	7118.85	7015.48
7108.15	4886.13	439	1.#QNAN	0	0.015	0	1.08328e-007	4088.73	7108.15	7005.01
7097.53	4878.77	440	1.#QNAN	0	0.016	0	1.07891e-007	4093.11	7097.53	6994.61
7086.89	4871.42	441	1.#QNAN	0	0.015	0	1.0826e-007	4081.19	7086.89	6984.2
7076.29	4864.05	442	1.#QNAN	0	0.016	0	1.08337e-007	4070.77	7076.29	6973.83
7065.69	4856.68	443	1.#QNAN	0	0.031	0	1.07784e-007	4079.62	7065.69	6963.45
7055.13	4849.35	444	1.#QNAN	0	0.016	0	1.11433e-007	4041.99	7055.13	6953.12
7044.62	4842.01	445	1.#QNAN	0	0.015	0	1.10503e-007	4107.03	7044.62	6942.83
7034.13	4834.69	446	1.#QNAN	0	0.016	0	1.12361e-007	4079.69	7034.13	6932.57
7023.71	4827.44	447	1.#QNAN	0	0.016	0	1.08863e-007	4088.03	7023.71	6922.38
7013.36	4820.2	448	1.#QNAN	0	0.031	1	1.12624e-007	4102.32	7013.36	6912.25
7002.99	4813	449	1.#QNAN	0	0.015	0	1.15593e-007	4074.46	7002.99	6902.09
6992.77	4805.87	450	1.#QNAN	0	0.016	0	1.11173e-007	4147.15	6992.77	6892.09
6982.5	4798.75	451	1.#QNAN	0	0.016	0	1.12889e-007	4076.76	6982.5	6882.04
6972.29	4791.69	452	1.#QNAN	0	0.015	0	1.14882e-007	4071.59	6972.29	6872.05
6962.07	4784.56	453	1.#QNAN	0	0.016	0	1.14988e-007	3999.77	6962.07	6862.05
6952.01	4777.52	454	1.#QNAN	0	0.031	0	1.16958e-007	4059.66	6952.01	6852.21
6941.91	4770.45	455	1.#QNAN	0	0.016	0	1.14074e-007	4056.2	6941.91	6842.33
6931.87	4763.45	456	1.#QNAN	0	0.015	0	1.12652e-007	4059.64	6931.87	6832.51
6921.76	4756.41	457	1.#QNAN	0	0.016	0	1.19238e-007	4025.01	6921.76	6822.62
6911.74	4749.4	458	1.#QNAN	0	0.031	0	1.12367e-007	4030.06	6911.74	6812.81
6901.73	4742.37	459	1.#QNAN	0	0.016	0	1.16451e-007	3975.47	6901.73	6803.01
6891.62	4735.31	460	1.#QNAN	0	0.015	0	1.14923e-007	3977.15	6891.62	6793.11
6881.72	4728.37	461	1.#QNAN	0	0.016	0	1.18707e-007	3992.76	6881.72	6783.42
6871.7	4721.39	462	1.#QNAN	0	0.015	0	1.13496e-007	3987.51	6871.7	6773.62
6861.75	4714.42	463	1.#QNAN	0	0.016	0	1.16508e-007	3956.34	6861.75	6763.88
6852	4707.54	464	1.#QNAN	0	0.031	0	1.19531e-007	3986.57	6852	6754.34
6842.35	4700.79	465	1.#QNAN	0	0.016	0	1.20622e-007	4073.3	6842.35	6744.9
6832.68	4694.01	466	1.#QNAN	0	0.015	0	1.18132e-007	4018.53	6832.68	6735.44
6823.09	4687.19	467	1.#QNAN	0	0.016	0	1.18795e-007	4014.15	6823.09	6726.06
6813.43	4680.39	468	1.#QNAN	0	0.031	0	1.18495e-007	3993.84	6813.43	6716.61
6803.93	4673.66	469	1.#QNAN	0	0.016	0	1.18938e-007	4023.27	6803.93	6707.32
6794.44	4666.9	470	1.#QNAN	0	0.015	0	1.18296e-007	4046.41	6794.44	6698.04
6784.94	4660.19	471	1.#QNAN	0	0.016	0	1.15988e-007	3945.7	6784.94	6688.75
6775.41	4653.47	472	1.#QNAN	0	0.016	0	1.18408e-007	3952.63	6775.41	6679.43
6765.97	4646.81	473	1.#QNAN	0	0.031	0	1.19979e-007	3917.27	6765.97	6670.19
6756.52	4640.19	474	1.#QNAN	0	0.015	0	1.2071e-007	3914.19	6756.52	6660.95
6747.16	4633.61	475	1.#QNAN	0	0.016	0	1.20443e-007	3894.71	6747.16	6651.79
6738.03	4627.15	476	1.#QNAN	0	0.016	0	1.21765e-007	4022.25	6738.03	6642.87
6728.81	4620.71	477	1.#QNAN	0	0.015	0	1.24091e-007	4023.05	6728.81	6633.86
6719.59	4614.21	478	1.#QNAN	0	0.031	0	1.26668e-007	3994.46	6719.59	6624.85
6710.45	4607.76	479	1.#QNAN	0	0.016	0	1.18193e-007	3956.89	6710.45	6615.91
6701.33	4601.29	480	1.#QNAN	0	0.016	0	1.26165e-007	3990.03	6701.33	6606.99
6692.2	4594.82	481	1.#QNAN	0	0.015	0	1.25647e-007	3970.74	6692.2	6598.07
6683.01	4588.32	482	1.#QNAN	0	0.016	0	1.24994e-007	3920	6683.01	6589.08
6673.9	4581.86	483	1.#QNAN	0	0.031	0	1.22211e-007	3965.58	6673.9	6580.16
6664.83	4575.39	484	1.#QNAN	0	0.016	0	1.252e-007	3940.73	6664.83	6571.3
6655.82	4568.97	485	1.#QNAN	0	0.015	0	1.19944e-007	3922.05	6655.82	6562.48
6646.76	4562.51	486	1.#QNAN	0	0.016	0	1.25211e-007	3924.48	6646.76	6553.63
6637.79	4556.15	487	1.#QNAN	0	0.031	0	1.27883e-007	3880.41	6637.79	6544.85
6628.81	4549.78	488	1.#QNAN	0	0.016	0	1.26894e-007	3884.1	6628.81	6536.07
6619.89	4543.41	489	1.#QNAN	0	0.015	0	1.26525e-007	3879.08	6619.89	6527.35
6610.91	4537.03	490	1.#QNAN	0	0.016	0	1.22838e-007	3867.78	6610.91	6518.56
6602.11	4530.73	491	1.#QNAN	0	0.015	0	1.27687e-007	3887.65	6602.11	6509.96
6593.38	4524.51	492	1.#QNAN	0	0.032	0	1.30319e-007	3973.21	6593.38	6501.43
6584.54	4518.22	493	1.#QNAN	0	0.015	0	1.23801e-007	3862.72	6584.54	6492.78
6575.76	4511.99	494	1.#QNAN	0	0.016	0	1.276e-007	3914.68	6575.76	6484.21
6567.11	4505.79	495	1.#QNAN	0	0.015	0	1.19542e-007	3919.71	6567.11	6475.75
6558.49	4499.63	496	1.#QNAN	0	0.016	0	1.31558e-007	3900.66	6558.49	6467.31
6549.82	4493.43	497	1.#QNAN	0	0.016	0	1.27548e-007	3876.31	6549.82	6458.84
6541.2	4487.26	498	1.#QNAN	0	0.031	0	1.29875e-007	3866.03	6541.2	6450.4
6532.54	4481.02	499	1.#QNAN	0	0.015	0	1.32044e-007	3873.13	6532.54	6441.94
6523.94	4474.83	500	1.#QNAN	0	0.016	0	1.26288e-007	3897.71	6523.94	6433.53
6515.52	4468.77	501	1.#QNAN	0	0.016	0	1.28006e-007	3879.19	6515.52	6425.3
6507.1	4462.73	502	1.#QNAN	0	0.015	1	1.25978e-007	3873.01	6507.1	6417.07
6498.77	4456.71	503	1.#QNAN	0	0.031	0	1.26332e-007	3938.73	6498.77	6408.93
6490.38	4450.7	504	1.#QNAN	0	0.016	0	1.28041e-007	3919.99	6490.38	6400.73
6481.97	4444.64	505	1.#QNAN	0	0.016	0	1.31654e-007	3910.06	6481.97	6392.51
6473.62	4438.6	506	1.#QNAN	0	0.015	0	1.30666e-007	3927.85	6473.62	6384.35
6465.22	4432.53	507	1.#QNAN	0	0.016	0	1.30589e-007	3958.49	6465.22	6376.13
6456.91	4426.53	508	1.#QNAN	0	0.015	0	1.3312e-007	3955.95	6456.91	6368.01
6448.7	4420.59	509	1.#QNAN	0	0.016	0	1.2889e-007	3915.71	6448.7	6359.99
6440.55	4414.72	510	1.#QNAN	0	0.015	0	1.35372e-007	3882.83	6440.55	6352.03
6432.48	4408.92	511	1.#QNAN	0	0.016	0	1.32231e-007	3932.31	6432.48	6344.14
6424.39	4403.09	512	1.#QNAN	0	0.015	0	1.34318e-007	3926.44	6424.39	6336.24
6416.37	4397.3	513	1.#QNAN	0	0.032	0	1.32772e-007	3978.36	6416.37	6328.41
6408.31	4391.48	514	1.#QNAN	0	0.015	0	1.38016e-007	3921.13	6408.31	6320.53
6400.23	4385.67	515	1.#QNAN	0	0.016	0	1.31061e-007	3901.31	6400.23	6312.64
6392.29	4379.91	516	1.#QNAN	0	0.015	0	1.32988e-007	3882.66	6392.29	6304.88
6384.43	4374.21	517	1.#QNAN	0	0.016	0	1.32464e-007	3891.62	6384.43	6297.21
6376.55	4368.52	518	1.#QNAN	0	0.031	0	1.32553e-007	3869.4	6376.55	6289.5
6368.76	4362.88	519	1.#QNAN	0	0.016	0	1.29137e-007	3888.01	6368.76	6281.9
6361.02	4357.28	520	1.#QNAN	0	0.015	0	1.31164e-007	3887.61	6361.02	6274.34
6353.31	4351.69	521	1.#QNAN	0	0.016	0	1.38002e-007	3883.93	6353.31	6266.82
6345.62	4346.11	522	1.#QNAN	0	0.031	0	1.3735e-007	3857.55	6345.62	6259.31
6337.91	4340.48	523	1.#QNAN	0	0.016	0	1.32809e-007	3892.3	6337.91	6251.78
6330.3	4334.97	524	1.#QNAN	0	0.015	0	1.30707e-007	3884.82	6330.3	6244.35
6322.56	4329.39	525	1.#QNAN	0	0.016	0	1.34835e-007	3771.62	6322.56	6236.79
6314.91	4323.82	526	1.#QNAN	0	0.016	0	1.349e-007	3864.87	6314.91	6229.32
6307.24	4318.27	527	1.#QNAN	0	0.015	0	1.34149e-007	3825.5	6307.24	6221.82
6299.58	4312.73	528	1.#QNAN	0	0.031	0	1.40864e-007	3809.11	6299.58	6214.34
6291.97	4307.22	529	1.#QNAN	0	0.016	0	1.37524e-007	3794.57	6291.97	6206.91
6284.36	4301.69	530	1.#QNAN	0	0.016	0	1.38206e-007	3754.16	6284.36	6199.47
6276.79	4296.19	531	1.#QNAN	0	0.015	0	1.31607e-007	3808.81	6276.79	6192.07
6269.33	4290.75	532	1.#QNAN	0	0.016	0	1.3966e-007	3861.85	6269.33	6184.78
6261.78	4285.27	533	1.#QNAN	0	0.031	0	1.45535e-007	3769.54	6261.78	6177.4
6254.26	4279.8	534	1.#QNAN	0	0.016	0	1.39209e-007	3771.37	6254.26	6170.05
6246.83	4274.36	535	1.#QNAN	0	0.015	0	1.40881e-007	3829.12	6246.83	6162.8
6239.44	4268.94	536	1.#QNAN	0	0.016	0	1.3855e-007	3796.3	6239.44	6155.57
6232.01	4263.5	537	1.#QNAN	0	0.015	0	1.40796e-007	3824.23	6232.01	6148.31
6224.66	4258.14	538	1.#QNAN	0	0.016	0	1.40707e-007	3864.66	6224.66	6141.14
6217.26	4252.73	539	1.#QNAN	0	0.031	0	1.46086e-007	3821.46	6217.26	6133.91
6209.96	4247.37	540	1.#QNAN	0	0.016	0	1.42902e-007	3788.94	6209.96	6126.77
6202.59	4241.96	541	1.#QNAN	0	0.015	0	1.41271e-007	3793.7	6202.59	6119.57
6195.33	4236.63	542	1.#QNAN	0	0.016	0	1.44589e-007	3763.3	6195.33	6112.49
6187.99	4231.29	543	1.#QNAN	0	0.016	0	1.39077e-007	3784.22	6187.99	6105.31
6180.7	4225.95	544	1.#QNAN	0	0.015	0	1.43955e-007	3774.41	6180.7	6098.19
6173.4	4220.58	545	1.#QNAN	0	0.031	0	1.43855e-007	3769.55	6173.4	6091.06
6166.22	4215.31	546	1.#QNAN	0	0.016	0	1.41283e-007	3767.62	6166.22	6084.05
6159.03	4210.03	547	1.#QNAN	0	0.016	0	1.46031e-007	3810.99	6159.03	6077.03
6151.92	4204.83	548	1.#QNAN	0	0.015	0	1.45927e-007	3824.8	6151.92	6070.08
6144.77	4199.63	549	1.#QNAN	0	0.031	0	1.43644e-007	3811.25	6144.77	6063.1
6137.75	4194.51	550	1.#QNAN	0	0.016	0	1.45765e-007	3844.46	6137.75	6056.24
6130.78	4189.43	551	1.#QNAN	0	0.016	0	1.42942e-007	3782.91	6130.78	6049.44
6123.89	4184.44	552	1.#QNAN	0	0.015	0	1.42013e-007	3818.2	6123.89	6042.71
6116.89	4179.37	553	1.#QNAN	0	0.016	0	1.49208e-007	3741.4	6116.89	6035.87
6110.01	4174.37	554	1.#QNAN	0	0.015	0	1.49301e-007	3824.98	6110.01	6029.16
6103.15	4169.37	555	1.#QNAN	0	0.032	1	1.42291e-007	3814.52	6103.15	6022.46
6096.39	4164.45	556	1.#QNAN	0	0.015	0	1.45284e-007	3827.44	6096.39	6015.87
6089.52	4159.47	557	1.#QNAN	0	0.016	0	1.45816e-007	3784.95	6089.52	6009.16
6082.74	4154.51	558	1.#QNAN	0	0.015	0	1.42901e-007	3841.72	6082.74	6002.55
6075.97	4149.55	559	1.#QNAN	0	0.016	0	1.48477e-007	3794.25	6075.97	5995.94
6069.23	4144.61	560	1.#QNAN	0	0.016	0	1.48277e-007	3755.25	6069.23	5989.37
6062.47	4139.64	561	1.#QNAN	0	0.031	0	1.48636e-007	3769.5	6062.47	5982.77
6055.79	4134.72	562	1.#QNAN	0	0.015	0	1.47454e-007	3798.69	6055.79	5976.25
6049.1	4129.82	563	1.#QNAN	0	0.016	0	1.50936e-007	3753.35	6049.1	5969.73
6042.52	4125.02	564	1.#QNAN	0	0.016	0	1.51654e-007	3814.94	6042.52	5963.31
6035.95	4120.22	565	1.#QNAN	0	0.015	0	1.47477e-007	3792.69	6035.95	5956.9
6029.42	4115.44	566	1.#QNAN	0	0.031	0	1.44387e-007	3856.19	6029.42	5950.53
6022.83	4110.62	567	1.#QNAN	0	0.016	0	1.49064e-007	3826.86	6022.83	5944.1
6016.33	4105.88	568	1.#QNAN	0	0.016	0	1.46963e-007	3812.32	6016.33	5937.76
6009.84	4101.16	569	1.#QNAN	0	0.015	0	1.45798e-007	3771.53	6009.84	5931.43
6003.38	4096.42	570	1.#QNAN	0	0.016	0	1.54796e-007	3773.89	6003.38	5925.13
5996.83	4091.63	571	1.#QNAN	0	0.031	0	1.51535e-007	3760.71	5996.83	5918.74
5990.4	4086.94	572	1.#QNAN	0	0.016	0	1.49779e-007	3755.77	5990.4	5912.46
5983.97	4082.29	573	1.#QNAN	0	0.015	0	1.46427e-007	3760.84	5983.97	5906.19
5977.58	4077.64	574	1.#QNAN	0	0.016	0	1.54136e-007	3786.57	5977.58	5899.95
5971.12	4072.96	575	1.#QNAN	0	0.015	0	1.49885e-007	3693.54	5971.12	5893.64
5964.68	4068.26	576	1.#QNAN	0	0.032	0	1.55686e-007	3674.34	5964.68	5887.35
5958.35	4063.65	577	1.#QNAN	0	0.015	0	1.58013e-007	3662.93	5958.35	5881.18
5951.99	4059	578	1.#QNAN	0	0.016	0	1.55543e-007	3639.43	5951.99	5874.97
5945.71	4054.37	579	1.#QNAN	0	0.015	0	1.50578e-007	3690.22	5945.71	5868.84
5939.52	4049.82	580	1.#QNAN	0	0.032	0	1.46886e-007	3746.64	5939.52	5862.8
5933.31	4045.29	581	1.#QNAN	0	0.015	0	1.58222e-007	3668.03	5933.31	5856.75
5927.08	4040.75	582	1.#QNAN	0	0.016	0	1.49526e-007	3691.23	5927.08	5850.67
5920.94	4036.26	583	1.#QNAN	0	0.015	0	1.49638e-007	3709.89	5920.94	5844.68
5914.77	4031.75	584	1.#QNAN	0	0.032	0	1.50381e-007	3660.09	5914.77	5838.67
5908.64	4027.23	585	1.#QNAN	0	0.015	0	1.52816e-007	3630.12	5908.64	5832.69
5902.55	4022.76	586	1.#QNAN	0	0.016	0	1.55947e-007	3671.92	5902.55	5826.76
5896.47	4018.32	587	1.#QNAN	0	0.015	0	1.5508e-007	3676.28	5896.47	5820.82
5890.41	4013.88	588	1.#QNAN	0	0.016	0	1.52837e-007	3699.02	5890.41	5814.92
5884.37	4009.42	589	1.#QNAN	0	0.031	0	1.55982e-007	3682.27	5884.37	5809.03
5878.41	4005.05	590	1.#QNAN	0	0.016	0	1.52672e-007	3662.21	5878.41	5803.21
5872.5	4000.71	591	1.#QNAN	0	0.015	0	1.5129e-007	3716.2	5872.5	5797.45
5866.54	3996.34	592	1.#QNAN	0	0.016	0	1.48836e-007	3687.78	5866.54	5791.65
5860.52	3991.92	593	1.#QNAN	0	0.031	0	1.52748e-007	3632.96	5860.52	5785.77
5854.55	3987.54	594	1.#QNAN	0	0.016	0	1.54268e-007	3615.28	5854.55	5779.96
5848.57	3983.14	595	1.#QNAN	0	0.015	0	1.55637e-007	3621.93	5848.57	5774.13
5842.64	3978.77	596	1.#QNAN	0	0.016	0	1.52172e-007	3602.9	5842.64	5768.35
5836.76	3974.43	597	1.#QNAN	0	0.016	0	1.60692e-007	3617.48	5836.76	5762.6
5830.91	3970.11	598	1.#QNAN	0	0.031	0	1.54762e-007	3633.75	5830.91	5756.9
5825.05	3965.8	599	1.#QNAN	0	0.015	0	1.58751e-007	3635.62	5825.05	5751.19
5819.22	3961.53	600	1.#QNAN	0	0.016	0	1.56791e-007	3654.06	5819.22	5745.51
5813.44	3957.25	601	1.#QNAN	0	0.016	0	1.47034e-007	3621.46	5813.44	5739.87
5807.63	3952.95	602	1.#QNAN	0	0.015	0	1.51576e-007	3633.79	5807.63	5734.21
5801.9	3948.71	603	1.#QNAN	0	0.031	0	1.60967e-007	3630.46	5801.9	5728.62
5796.22	3944.54	604	1.#QNAN	0	0.016	0	1.56941e-007	3661.05	5796.22	5723.09
5790.55	3940.37	605	1.#QNAN	0	0.016	0	1.58629e-007	3676.44	5790.55	5717.56
5784.9	3936.14	606	1.#QNAN	0	0.015	0	1.59344e-007	3727.84	5784.9	5712.06
5779.27	3931.98	607	1.#QNAN	0	0.016	0	1.57545e-007	3710.17	5779.27	5706.56
5773.62	3927.85	608	1.#QNAN	0	0.015	0	1.59302e-007	3654.06	5773.62	5701.06
5768.09	3923.74	609	1.#QNAN	0	0.032	1	1.55958e-007	3778.33	5768.09	5695.67
5762.59	3919.65	610	1.#QNAN	0	0.015	0	1.55562e-007	3762.71	5762.59	5690.32
5757.11	3915.61	611	1.#QNAN	0	0.016	0	1.61417e-007	3784.14	5757.11	5684.98
5751.61	3911.56	612	1.#QNAN	0	0.015	0	1.57628e-007	3731.26	5751.61	5679.62
5746.12	3907.5	613	1.#QNAN	0	0.032	0	1.66235e-007	3725.74	5746.12	5674.28
5740.62	3903.41	614	1.#QNAN	0	0.015	0	1.62391e-007	3703.89	5740.62	5668.92
5735.06	3899.32	615	1.#QNAN	0	0.016	0	1.60832e-007	3655.32	5735.06	5663.5
5729.7	3895.35	616	1.#QNAN	0	0.015	0	1.5684e-007	3748.61	5729.7	5658.28
5724.29	3891.37	617	1.#QNAN	0	0.016	0	1.59888e-007	3736.58	5724.29	5653.01
5718.88	3887.38	618	1.#QNAN	0	0.031	0	1.59151e-007	3701.76	5718.88	5647.74
5713.48	3883.37	619	1.#QNAN	0	0.016	0	1.62215e-007	3711.9	5713.48	5642.48
5708.1	3879.37	620	1.#QNAN	0	0.015	0	1.62133e-007	3707.86	5708.1	5637.24
5702.73	3875.4	621	1.#QNAN	0	0.016	0	1.60185e-007	3636.3	5702.73	5632.01
5697.41	3871.46	622	1.#QNAN	0	0.016	0	1.66274e-007	3751.53	5697.41	5626.83
5692.12	3867.54	623	1.#QNAN	0	0.031	0	1.58998e-007	3732.63	5692.12	5621.68
5686.77	3863.59	624	1.#QNAN	0	0.015	0	1.70217e-007	3698.41	5686.77	5616.47
5681.52	3859.7	625	1.#QNAN	0	0.016	0	1.62031e-007	3728.97	5681.52	5611.36
5676.29	3855.85	626	1.#QNAN	0	0.016	0	1.63694e-007	3728.59	5676.29	5606.27
5671.06	3851.97	627	1.#QNAN	0	0.015	0	1.66865e-007	3793.27	5671.06	5601.18
5665.93	3848.17	628	1.#QNAN	0	0.016	0	1.64061e-007	3791.32	5665.93	5596.18
5660.76	3844.37	629	1.#QNAN	0	0.015	0	1.68667e-007	3766.49	5660.76	5591.16
5655.65	3840.59	630	1.#QNAN	0	0.032	0	1.62874e-007	3792.51	5655.65	5586.18
5650.49	3836.81	631	1.#QNAN	0	0.015	0	1.56505e-007	3760.58	5650.49	5581.16
5645.37	3833.05	632	1.#QNAN	0	0.016	0	1.61728e-007	3691.48	5645.37	5576.18
5640.22	3829.29	633	1.#QNAN	0	0.015	0	1.66462e-007	3663.8	5640.22	5571.16
5635.04	3825.48	634	1.#QNAN	0	0.016	0	1.59406e-007	3670.82	5635.04	5566.11
5629.84	3821.68	635	1.#QNAN	0	0.016	0	1.65767e-007	3643.18	5629.84	5561.05
5624.7	3817.9	636	1.#QNAN	0	0.015	0	1.74396e-007	3671.63	5624.7	5556.04
5619.52	3814.11	637	1.#QNAN	0	0.016	0	1.68465e-007	3608.96	5619.52	5551
5614.45	3810.38	638	1.#QNAN	0	0.031	0	1.66542e-007	3704.57	5614.45	5546.06
5609.39	3806.65	639	1.#QNAN	0	0.016	0	1.68731e-007	3739.16	5609.39	5541.13
5604.34	3802.92	640	1.#QNAN	0	0.015	0	1.64439e-007	3695.33	5604.34	5536.21
5599.33	3799.23	641	1.#QNAN	0	0.016	0	1.67873e-007	3681.21	5599.33	5531.34
5594.39	3795.56	642	1.#QNAN	0	0.015	0	1.71738e-007	3750.82	5594.39	5526.52
5589.38	3791.88	643	1.#QNAN	0	0.016	0	1.67577e-007	3694.19	5589.38	5521.65
5584.39	3788.18	644	1.#QNAN	0	0.016	0	1.64329e-007	3704.12	5584.39	5516.79
5579.42	3784.53	645	1.#QNAN	0	0.031	0	1.69326e-007	3657.95	5579.42	5511.95
5574.41	3780.87	646	1.#QNAN	0	0.015	0	1.72072e-007	3607.29	5574.41	5507.07
5569.41	3777.21	647	1.#QNAN	0	0.016	0	1.77988e-007	3615.91	5569.41	5502.2
5564.43	3773.54	648	1.#QNAN	0	0.016	0	1.71444e-007	3625.54	5564.43	5497.34
5559.55	3769.93	649	1.#QNAN	0	0.015	0	1.6913e-007	3715.8	5559.55	5492.6
5554.64	3766.3	650	1.#QNAN	0	0.016	0	1.70001e-007	3638.3	5554.64	5487.82
5549.79	3762.76	651	1.#QNAN	0	0.015	0	1.72465e-007	3646.23	5549.79	5483.09
5544.93	3759.19	652	1.#QNAN	0	0.032	0	1.75685e-007	3701.61	5544.93	5478.36
5540.1	3755.64	653	1.#QNAN	0	0.015	0	1.68323e-007	3732.09	5540.1	5473.66
5535.29	3752.08	654	1.#QNAN	0	0.016	0	1.64409e-007	3739.61	5535.29	5468.98
5530.44	3748.54	655	1.#QNAN	0	0.015	0	1.73177e-007	3712.16	5530.44	5464.26
5525.63	3744.98	656	1.#QNAN	0	0.016	0	1.72284e-007	3730.87	5525.63	5459.57
5520.79	3741.43	657	1.#QNAN	0	0.016	0	1.63919e-007	3691.3	5520.79	5454.86
5515.97	3737.9	658	1.#QNAN	0	0.015	0	1.71494e-007	3644.76	5515.97	5450.16
5511.14	3734.36	659	1.#QNAN	0	0.016	0	1.67029e-007	3664.8	5511.14	5445.46
5506.33	3730.85	660	1.#QNAN	0	0.031	0	1.71512e-007	3629.16	5506.33	5440.78
5501.63	3727.41	661	1.#QNAN	0	0.016	0	1.71916e-007	3665.54	5501.63	5436.2
5496.88	3723.93	662	1.#QNAN	0	0.015	0	1.78814e-007	3656.27	5496.88	5431.58
5492.13	3720.44	663	1.#QNAN	0	0.016	0	1.75492e-007	3612.23	5492.13	5426.94
5487.4	3716.95	664	1.#QNAN	0	0.015	1	1.75308e-007	3697.67	5487.4	5422.34
5482.69	3713.49	665	1.#QNAN	0	0.016	0	1.7448e-007	3675.25	5482.69	5417.75
5478.02	3710.06	666	1.#QNAN	0	0.015	0	1.71054e-007	3665.76	5478.02	5413.2
5473.34	3706.64	667	1.#QNAN	0	0.016	0	1.66203e-007	3651.05	5473.34	5408.65
5468.69	3703.25	668	1.#QNAN	0	0.015	0	1.7124e-007	3677.43	5468.69	5404.12
5464.02	3699.84	669	1.#QNAN	0	0.016	0	1.79426e-007	3685.74	5464.02	5399.57
5459.37	3696.44	670	1.#QNAN	0	0.016	0	1.73061e-007	3692.07	5459.37	5395.04
5454.7	3693.04	671	1.#QNAN	0	0.015	0	1.7512e-007	3656.34	5454.7	5390.49
5450.06	3689.64	672	1.#QNAN	0	0.016	0	1.78708e-007	3644.7	5450.06	5385.98
5445.5	3686.31	673	1.#QNAN	0	0.031	0	1.76713e-007	3629.33	5445.5	5381.54
5440.98	3682.99	674	1.#QNAN	0	0.016	0	1.78534e-007	3664.87	5440.98	5377.14
5436.46	3679.66	675	1.#QNAN	0	0.015	0	1.78359e-007	3645.63	5436.46	5372.74
5431.91	3676.32	676	1.#QNAN	0	0.016	0	1.76853e-007	3608.28	5431.91	5368.3
5427.4	3673.02	677	1.#QNAN	0	0.015	0	1.83828e-007	3689.84	5427.4	5363.91
5422.86	3669.68	678	1.#QNAN	0	0.032	0	1.72901e-007	3604.95	5422.86	5359.49
5418.38	3666.37	679	1.#QNAN	0	0.015	0	1.81064e-007	3672.39	5418.38	5355.13
5414	3663.11	680	1.#QNAN	0	0.016	0	1.74145e-007	3730.82	5414	5350.87
5409.58	3659.83	681	1.#QNAN	0	0.015	0	1.74266e-007	3708.9	5409.58	5346.57
5405.17	3656.58	682	1.#QNAN	0	0.016	0	1.78779e-007	3670.92	5405.17	5342.27
5400.72	3653.3	683	1.#QNAN	0	0.031	0	1.79034e-007	3650.21	5400.72	5337.94
5396.32	3650.06	684	1.#QNAN	0	0.016	0	1.7594e-007	3656.63	5396.32	5333.66
5391.92	3646.82	685	1.#QNAN	0	0.015	0	1.82326e-007	3638.16	5391.92	5329.38
5387.52	3643.58	686	1.#QNAN	0	0.016	0	1.7856e-007	3613.79	5387.52	5325.09
5383.06	3640.32	687	1.#QNAN	0	0.016	0	1.86362e-007	3579.24	5383.06	5320.75
5378.68	3637.13	688	1.#QNAN	0	0.015	0	1.82036e-007	3612.59	5378.68	5316.48
5374.34	3633.94	689	1.#QNAN	0	0.016	0	1.7665e-007	3622.19	5374.34	5312.24
5369.98	3630.76	690	1.#QNAN	0	0.031	0	1.79086e-007	3659.08	5369.98	5308.01
5365.59	3627.54	691	1.#QNAN	0	0.016	0	1.87025e-007	3644.82	5365.59	5303.73
5361.19	3624.31	692	1.#QNAN	0	0.015	0	1.82279e-007	3599.99	5361.19	5299.44
5356.87	3621.12	693	1.#QNAN	0	0.016	0	1.8186e-007	3624.24	5356.87	5295.23
5352.51	3617.93	694	1.#QNAN	0	0.015	0	1.82105e-007	3585.96	5352.51	5290.99
5348.2	3614.75	695	1.#QNAN	0	0.016	0	1.78401e-007	3622.45	5348.2	5286.79
5343.91	3611.62	696	1.#QNAN	0	0.016	0	1.85036e-007	3636.89	5343.91	5282.61
5339.6	3608.45	697	1.#QNAN	0	0.031	0	1.80551e-007	3629.03	5339.6	5278.41
5335.32	3605.32	698	1.#QNAN	0	0.015	0	1.79438e-007	3580	5335.32	5274.25
5331.01	3602.2	699	1.#QNAN	0	0.016	0	1.82206e-007	3578.04	5331.01	5270.05
5326.74	3599.11	700	1.#QNAN	0	0.016	0	1.80835e-007	3566.64	5326.74	5265.88
5322.55	3596.04	701	1.#QNAN	0	0.015	0	1.84702e-007	3643.18	5322.55	5261.8
5318.35	3592.95	702	1.#QNAN	0	0.016	0	1.83577e-007	3668.09	5318.35	5257.72
5314.19	3589.88	703	1.#QNAN	0	0.015	0	1.92544e-007	3661.16	5314.19	5253.67
5310.03	3586.81	704	1.#QNAN	0	0.032	0	1.85878e-007	3698.73	5310.03	5249.62
5305.92	3583.77	705	1.#QNAN	0	0.015	0	1.8861e-007	3700.32	5305.92	5245.62
5301.83	3580.75	706	1.#QNAN	0	0.016	0	1.87184e-007	3671.84	5301.83	5241.64
5297.73	3577.75	707	1.#QNAN	0	0.015	0	1.85031e-007	3666.29	5297.73	5237.65
5293.68	3574.76	708	1.#QNAN	0	0.016	0	1.80709e-007	3702.19	5293.68	5233.71
5289.61	3571.76	709	1.#QNAN	0	0.016	0	1.89244e-007	3663.68	5289.61	5229.75
5285.57	3568.76	710	1.#QNAN	0	0.015	0	1.93571e-007	3696.58	5285.57	5225.82
5281.51	3565.76	711	1.#QNAN	0	0.031	0	1.84307e-007	3669.56	5281.51	5221.88
5277.5	3562.83	712	1.#QNAN	0	0.016	0	1.84916e-007	3611.05	5277.5	5217.97
5273.48	3559.9	713	1.#QNAN	0	0.016	0	1.81751e-007	3636.56	5273.48	5214.06
5269.5	3556.99	714	1.#QNAN	0	0.015	0	1.92027e-007	3630.38	5269.5	5210.19
5265.5	3554.05	715	1.#QNAN	0	0.016	0	1.89604e-007	3595.24	5265.5	5206.29
5261.49	3551.11	716	1.#QNAN	0	0.015	0	1.89294e-007	3611.77	5261.49	5202.39
5257.53	3548.16	717	1.#QNAN	0	0.016	0	1.94974e-007	3643.38	5257.53	5198.53
5253.58	3545.22	718	1.#QNAN	0	0.031	0	1.85472e-007	3621.58	5253.58	5194.69
5249.61	3542.27	719	1.#QNAN	0	0.016	1	1.93876e-007	3637.2	5249.61	5190.83
5245.59	3539.29	720	1.#QNAN	0	0.015	0	1.85806e-007	3606.96	5245.59	5186.92
5241.62	3536.3	721	1.#QNAN	0	0.016	0	1.90216e-007	3657	5241.62	5183.05
5237.67	3533.32	722	1.#QNAN	0	0.016	0	1.91207e-007	3621.46	5237.67	5179.2
5233.68	3530.38	723	1.#QNAN	0	0.015	0	1.89508e-007	3597.63	5233.68	5175.32
5229.71	3527.45	724	1.#QNAN	0	0.016	0	1.86356e-007	3562.89	5229.71	5171.46
5225.8	3524.54	725	1.#QNAN	0	0.031	0	1.88917e-007	3582.66	5225.8	5167.65
5221.87	3521.62	726	1.#QNAN	0	0.016	0	1.90835e-007	3584.24	5221.87	5163.83
5217.98	3518.7	727	1.#QNAN	0	0.015	0	1.89913e-007	3605.66	5217.98	5160.05
5214.07	3515.77	728	1.#QNAN	0	0.016	0	1.95219e-007	3602.45	5214.07	5156.24
5210.15	3512.85	729	1.#QNAN	0	0.015	0	1.95595e-007	3612.17	5210.15	5152.42
5206.3	3509.96	730	1.#QNAN	0	0.016	0	1.93416e-007	3657.51	5206.3	5148.68
5202.42	3507.08	731	1.#QNAN	0	0.031	0	1.92796e-007	3621.1	5202.42	5144.91
5198.62	3504.22	732	1.#QNAN	0	0.016	0	1.81719e-007	3619.57	5198.62	5141.21
5194.82	3501.36	733	1.#QNAN	0	0.015	0	1.88357e-007	3620.45	5194.82	5137.52
5190.96	3498.5	734	1.#QNAN	0	0.016	0	1.92962e-007	3562.03	5190.96	5133.76
5187.12	3495.66	735	1.#QNAN	0	0.016	0	1.97004e-007	3560.51	5187.12	5130.02
5183.28	3492.76	736	1.#QNAN	0	0.015	0	1.90247e-007	3594.7	5183.28	5126.29
5179.44	3489.88	737	1.#QNAN	0	0.016	0	2.00888e-007	3569.68	5179.44	5122.54
5175.58	3486.97	738	1.#QNAN	0	0.031	0	1.93271e-007	3633.08	5175.58	5118.79
5171.77	3484.1	739	1.#QNAN	0	0.016	0	2.02617e-007	3638.64	5171.77	5115.07
5167.98	3481.25	740	1.#QNAN	0	0.015	0	1.92399e-007	3649.31	5167.98	5111.38
5164.22	3478.43	741	1.#QNAN	0	0.016	0	1.94429e-007	3636.69	5164.22	5107.72
5160.44	3475.6	742	1.#QNAN	0	0.015	0	1.90133e-007	3590.83	5160.44	5104.04
5156.7	3472.78	743	1.#QNAN	0	0.016	0	1.94606e-007	3593.14	5156.7	5100.4
5152.93	3469.94	744	1.#QNAN	0	0.016	0	1.99978e-007	3577.26	5152.93	5096.73
5149.18	3467.12	745	1.#QNAN	0	0.031	0	1.8984e-007	3592.63	5149.18	5093.08
5145.45	3464.33	746	1.#QNAN	0	0.015	0	1.9765e-007	3622.49	5145.45	5089.44
5141.75	3461.54	747	1.#QNAN	0	0.016	0	1.92579e-007	3602.16	5141.75	5085.84
5137.98	3458.71	748	1.#QNAN	0	0.016	0	1.96412e-007	3558.91	5137.98	5082.17
5134.27	3455.93	749	1.#QNAN	0	0.015	0	1.99483e-007	3590.64	5134.27	5078.56
5130.59	3453.16	750	1.#QNAN	0	0.016	0	2.00931e-007	3607.85	5130.59	5074.98
5126.94	3450.39	751	1.#QNAN	0	0.015	0	2.02552e-007	3625.81	5126.94	5071.43
5123.3	3447.63	752	1.#QNAN	0	0.032	0	1.93754e-007	3568.3	5123.3	5067.88
5119.57	3444.85	753	1.#QNAN	0	0.015	0	2.06705e-007	3530.94	5119.57	5064.26
5115.88	3442.05	754	1.#QNAN	0	0.016	0	1.948e-007	3564.79	5115.88	5060.67
5112.24	3439.32	755	1.#QNAN	0	0.015	0	1.92215e-007	3550.73	5112.24	5057.13
5108.54	3436.54	756	1.#QNAN	0	0.016	0	2.04254e-007	3537.05	5108.54	5053.52
5104.89	3433.79	757	1.#QNAN	0	0.016	0	2.00344e-007	3550.49	5104.89	5049.98
5101.2	3431	758	1.#QNAN	0	0.015	0	1.94759e-007	3574.92	5101.2	5046.38
5097.58	3428.28	759	1.#QNAN	0	0.031	0	2.04286e-007	3585.86	5097.58	5042.85
5093.93	3425.51	760	1.#QNAN	0	0.016	0	1.98178e-007	3565.65	5093.93	5039.3
5090.33	3422.78	761	1.#QNAN	0	0.016	0	1.97731e-007	3572.33	5090.33	5035.8
5086.74	3420.07	762	1.#QNAN	0	0.015	0	2.01163e-007	3568.33	5086.74	5032.3
5083.1	3417.33	763	1.#QNAN	0	0.016	0	1.96532e-007	3540.2	5083.1	5028.76
5079.5	3414.63	764	1.#QNAN	0	0.015	0	2.04025e-007	3536.55	5079.5	5025.25
5075.9	3411.94	765	1.#QNAN	0	0.016	0	1.96493e-007	3538.73	5075.9	5021.75
5072.3	3409.26	766	1.#QNAN	0	0.031	0	2.05713e-007	3486.67	5072.3	5018.24
5068.76	3406.59	767	1.#QNAN	0	0.016	0	1.9981e-007	3532.55	5068.76	5014.79
5065.23	3403.94	768	1.#QNAN	0	0.015	0	2.00737e-007	3552.88	5065.23	5011.36
5061.65	3401.28	769	1.#QNAN	0	0.016	0	2.05779e-007	3479.21	5061.65	5007.87
5058.08	3398.58	770	1.#QNAN	0	0.031	0	1.97747e-007	3508.07	5058.08	5004.38
5054.52	3395.92	771	1.#QNAN	0	0.016	0	2.04635e-007	3498.26	5054.52	5000.92
5051.01	3393.27	772	1.#QNAN	0	0.015	0	2.05741e-007	3511.95	5051.01	4997.5
5047.46	3390.59	773	1.#QNAN	0	0.016	0	2.03134e-007	3494.76	5047.46	4994.04
5043.97	3387.97	774	1.#QNAN	0	0.016	0	2.06529e-007	3505.25	5043.97	4990.64
5040.5	3385.34	775	1.#QNAN	0	0.015	1	2.02449e-007	3515.54	5040.5	4987.26
5036.99	3382.69	776	1.#QNAN	0	0.016	0	2.03309e-007	3525.57	5036.99	4983.85
5033.5	3380.02	777	1.#QNAN	0	0.015	0	2.02277e-007	3527.29	5033.5	4980.45
5030.02	3377.38	778	1.#QNAN	0	0.032	0	2.07333e-007	3505.08	5030.02	4977.06
5026.56	3374.75	779	1.#QNAN	0	0.015	0	2.01527e-007	3530.95	5026.56	4973.69
5023.13	3372.16	780	1.#QNAN	0	0.016	0	1.99885e-007	3534.63	5023.13	4970.35
5019.75	3369.58	781	1.#QNAN	0	0.015	0	2.11615e-007	3559.09	5019.75	4967.05
5016.29	3366.96	782	1.#QNAN	0	0.016	0	2.04946e-007	3515.08	5016.29	4963.69
5012.92	3364.41	783	1.#QNAN	0	0.016	0	2.11372e-007	3550.62	5012.92	4960.4
5009.54	3361.86	784	1.#QNAN	0	0.015	0	1.99264e-007	3527.16	5009.54	4957.12
5006.13	3359.28	785	1.#QNAN	0	0.031	0	2.12103e-007	3487.26	5006.13	4953.79
5002.76	3356.73	786	1.#QNAN	0	0.016	0	2.12275e-007	3508.04	5002.76	4950.51
4999.41	3354.2	787	1.#QNAN	0	0.016	0	2.05396e-007	3508.73	4999.41	4947.25
4996.05	3351.64	788	1.#QNAN	0	0.015	0	2.12892e-007	3487.17	4996.05	4943.98
4992.68	3349.09	789	1.#QNAN	0	0.016	0	2.10633e-007	3499.55	4992.68	4940.7
4989.3	3346.54	790	1.#QNAN	0	0.015	0	1.99722e-007	3428.23	4989.3	4937.4
4985.92	3343.98	791	1.#QNAN	0	0.016	0	2.0266e-007	3419.93	4985.92	4934.11
4982.55	3341.44	792	1.#QNAN	0	0.031	0	2.11659e-007	3436.77	4982.55	4930.83
4979.23	3338.92	793	1.#QNAN	0	0.016	0	2.06831e-007	3467.33	4979.23	4927.6
4975.89	3336.41	794	1.#QNAN	0	0.015	0	2.03057e-007	3488.53	4975.89	4924.35
4972.64	3333.95	795	1.#QNAN	0	0.016	0	2.05917e-007	3531.33	4972.64	4921.19
4969.35	3331.47	796	1.#QNAN	0	0.016	0	2.00195e-007	3511.71	4969.35	4917.97
4966.04	3328.96	797	1.#QNAN	0	0.015	0	2.11967e-007	3485.88	4966.04	4914.75
4962.76	3326.47	798	1.#QNAN	0	0.016	0	2.11841e-007	3500.55	4962.76	4911.56
4959.49	3323.98	799	1.#QNAN	0	0.031	0	2.04024e-007	3513.29	4959.49	4908.38
4956.3	3321.56	800	1.#QNAN	0	0.016	0	2.12819e-007	3560.31	4956.3	4905.28
4953.08	3319.12	801	1.#QNAN	0	0.015	0	2.14217e-007	3532.18	4953.08	4902.14
4949.89	3316.68	802	1.#QNAN	0	0.016	0	2.13004e-007	3579.92	4949.89	4899.04
4946.67	3314.24	803	1.#QNAN	0	0.015	0	2.08884e-007	3569.74	4946.67	4895.9
4943.43	3311.79	804	1.#QNAN	0	0.016	0	2.11887e-007	3579.63	4943.43	4892.75
4940.26	3309.38	805	1.#QNAN	0	0.016	0	2.13887e-007	3561.79	4940.26	4889.67
4937.06	3306.98	806	1.#QNAN	0	0.031	0	2.18319e-007	3553.79	4937.06	4886.55
4933.81	3304.53	807	1.#QNAN	0	0.015	0	2.09109e-007	3465.2	4933.81	4883.39
4930.59	3302.1	808	1.#QNAN	0	0.016	0	2.10088e-007	3465.54	4930.59	4880.25
4927.32	3299.64	809	1.#QNAN	0	0.016	0	2.14799e-007	3436.25	4927.32	4877.07
4924.13	3297.21	810	1.#QNAN	0	0.015	0	2.13834e-007	3500.08	4924.13	4873.95
4920.92	3294.78	811	1.#QNAN	0	0.016	0	2.19077e-007	3554.38	4920.92	4870.83
4917.75	3292.38	812	1.#QNAN	0	0.015	0	2.12602e-007	3477.63	4917.75	4867.74
4914.54	3289.97	813	1.#QNAN	0	0.032	0	2.06734e-007	3481.81	4914.54	4864.61
4911.42	3287.61	814	1.#QNAN	0	0.015	0	2.16525e-007	3534.16	4911.42	4861.58
4908.3	3285.23	815	1.#QNAN	0	0.016	0	2.13606e-007	3589.44	4908.3	4858.53
4905.18	3282.85	816	1.#QNAN	0	0.015	0	2.12461e-007	3570.54	4905.18	4855.49
4902.05	3280.49	817	1.#QNAN	0	0.016	0	2.2066e-007	3546.2	4902.05	4852.45
4898.92	3278.12	818	1.#QNAN	0	0.016	0	2.23087e-007	3555.24	4898.92	4849.4
4895.83	3275.76	819	1.#QNAN	0	0.015	0	2.19497e-007	3566.87	4895.83	4846.39
4892.68	3273.35	820	1.#QNAN	0	0.031	0	2.21234e-007	3616.81	4892.68	4843.32
4889.6	3270.97	821	1.#QNAN	0	0.016	0	2.14348e-007	3613.78	4889.6	4840.32
4886.48	3268.58	822	1.#QNAN	0	0.016	0	2.16409e-007	3639.08	4886.48	4837.29
4883.35	3266.19	823	1.#QNAN	0	0.015	0	2.18157e-007	3538.48	4883.35	4834.23
4880.26	3263.83	824	1.#QNAN	0	0.016	0	2.1116e-007	3508.65	4880.26	4831.22
4877.19	3261.49	825	1.#QNAN	0	0.031	0	2.12905e-007	3477.13	4877.19	4828.23
4874.07	3259.11	826	1.#QNAN	0	0.016	0	2.10651e-007	3474.45	4874.07	4825.19
4870.94	3256.77	827	1.#QNAN	0	0.015	0	2.19701e-007	3421.81	4870.94	4822.14
4867.82	3254.43	828	1.#QNAN	0	0.016	0	2.18203e-007	3486.07	4867.82	4819.1
4864.72	3252.11	829	1.#QNAN	0	0.015	0	2.20784e-007	3462.06	4864.72	4816.08
4861.63	3249.8	830	1.#QNAN	0	0.016	0	2.22784e-007	3500.96	4861.63	4813.07
4858.6	3247.51	831	1.#QNAN	0	0.016	0	2.14627e-007	3522.94	4858.6	4810.11
4855.54	3245.22	832	1.#QNAN	0	0.031	1	2.14718e-007	3487.32	4855.54	4807.13
4852.5	3242.92	833	1.#QNAN	0	0.015	0	2.17707e-007	3532.72	4852.5	4804.17
4849.44	3240.63	834	1.#QNAN	0	0.016	0	2.23546e-007	3453.35	4849.44	4801.19
4846.4	3238.35	835	1.#QNAN	0	0.016	0	2.21169e-007	3429.27	4846.4	4798.23
4843.37	3236.06	836	1.#QNAN	0	0.015	0	2.10759e-007	3492.82	4843.37	4795.28
4840.34	3233.77	837	1.#QNAN	0	0.016	0	2.15957e-007	3481.8	4840.34	4792.32
4837.3	3231.49	838	1.#QNAN	0	0.015	0	2.21036e-007	3416.2	4837.3	4789.37
4834.3	3229.22	839	1.#QNAN	0	0.032	0	2.1544e-007	3496.34	4834.3	4786.44
4831.29	3226.95	840	1.#QNAN	0	0.015	0	2.12096e-007	3500.85	4831.29	4783.51
4828.36	3224.72	841	1.#QNAN	0	0.016	0	2.19178e-007	3503.24	4828.36	4780.66
4825.42	3222.48	842	1.#QNAN	0	0.015	0	2.12823e-007	3500.19	4825.42	4777.8
4822.51	3220.27	843	1.#QNAN	0	0.016	0	2.15003e-007	3494.79	4822.51	4774.97
4819.58	3218.05	844	1.#QNAN	0	0.016	0	2.15676e-007	3447.47	4819.58	4772.12
4816.66	3215.83	845	1.#QNAN	0	0.031	0	2.21547e-007	3464.57	4816.66	4769.27
4813.76	3213.64	846	1.#QNAN	0	0.015	0	2.17064e-007	3513.27	4813.76	4766.45
4810.82	3211.45	847	1.#QNAN	0	0.016	0	2.14838e-007	3421.66	4810.82	4763.59
4807.94	3209.29	848	1.#QNAN	0	0.016	0	2.14865e-007	3452.69	4807.94	4760.78
4805.01	3207.1	849	1.#QNAN	0	0.015	0	2.21158e-007	3399.86	4805.01	4757.93
4802.03	3204.89	850	1.#QNAN	0	0.016	0	2.28351e-007	3337.15	4802.03	4755.03
4799.14	3202.71	851	1.#QNAN	0	0.015	0	2.18303e-007	3365.43	4799.14	4752.21
4796.24	3200.53	852	1.#QNAN	0	0.032	0	2.24387e-007	3338.2	4796.24	4749.39
4793.37	3198.37	853	1.#QNAN	0	0.015	0	2.16633e-007	3366.84	4793.37	4746.6
4790.51	3196.22	854	1.#QNAN	0	0.016	0	2.19073e-007	3378.05	4790.51	4743.81
4787.76	3194.1	855	1.#QNAN	0	0.015	0	2.25602e-007	3483.57	4787.76	4741.14
4784.97	3191.99	856	1.#QNAN	0	0.016	0	2.2247e-007	3440.06	4784.97	4738.42
4782.13	3189.84	857	1.#QNAN	0	0.016	0	2.15835e-007	3393.03	4782.13	4735.66
4779.3	3187.7	858	1.#QNAN	0	0.015	0	2.12395e-007	3383	4779.3	4732.9
4776.48	3185.57	859	1.#QNAN	0	0.031	0	2.19532e-007	3363.9	4776.48	4730.16
4773.63	3183.4	860	1.#QNAN	0	0.016	0	2.27643e-007	3344.21	4773.63	4727.38
4770.83	3181.27	861	1.#QNAN	0	0.016	0	2.23168e-007	3413.88	4770.83	4724.65
4768.02	3179.13	862	1.#QNAN	0	0.015	0	2.26301e-007	3445.18	4768.02	4721.91
4765.2	3177	863	1.#QNAN	0	0.016	0	2.17741e-007	3397.95	4765.2	4719.17
4762.36	3174.85	864	1.#QNAN	0	0.015	0	2.27143e-007	3412.28	4762.36	4716.41
4759.61	3172.73	865	1.#QNAN	0	0.016	0	2.21613e-007	3510.23	4759.61	4713.73
4756.83	3170.62	866	1.#QNAN	0	0.016	0	2.1947e-007	3473.29	4756.83	4711.02
4754.05	3168.5	867	1.#QNAN	0	0.031	0	2.17756e-007	3461.53	4754.05	4708.31
4751.28	3166.39	868	1.#QNAN	0	0.015	0	2.29815e-007	3471.09	4751.28	4705.61
4748.54	3164.28	869	1.#QNAN	0	0.016	0	2.26159e-007	3466.46	4748.54	4702.95
4745.83	3162.2	870	1.#QNAN	0	0.016	0	2.18364e-007	3464.22	4745.83	4700.31
4743.12	3160.13	871	1.#QNAN	0	0.015	0	2.19275e-007	3477.95	4743.12	4697.68
4740.43	3158.08	872	1.#QNAN	0	0.016	0	2.29258e-007	3494.76	4740.43	4695.06
4737.75	3156.03	873	1.#QNAN	0	0.015	0	2.16897e-007	3508.6	4737.75	4692.45
4735.08	3153.99	874	1.#QNAN	0	0.032	0	2.20107e-007	3518.77	4735.08	4689.86
4732.39	3151.93	875	1.#QNAN	0	0.015	0	2.19991e-007	3507.85	4732.39	4687.23
4729.7	3149.88	876	1.#QNAN	0	0.016	0	2.25539e-007	3497.73	4729.7	4684.62
4727.05	3147.83	877	1.#QNAN	0	0.015	0	2.28181e-007	3533.41	4727.05	4682.04
4724.39	3145.78	878	1.#QNAN	0	0.016	0	2.24826e-007	3538.63	4724.39	4679.45
4721.76	3143.75	879	1.#QNAN	0	0.016	0	2.23145e-007	3552.17	4721.76	4676.9
4719.12	3141.71	880	1.#QNAN	0	0.015	0	2.24491e-007	3507.57	4719.12	4674.32
4716.54	3139.73	881	1.#QNAN	0	0.031	0	2.28539e-007	3511.94	4716.54	4671.81
4713.91	3137.71	882	1.#QNAN	0	0.016	0	2.27091e-007	3513.56	4713.91	4669.25
4711.28	3135.67	883	1.#QNAN	0	0.016	0	2.28735e-007	3497.42	4711.28	4666.7
4708.67	3133.66	884	1.#QNAN	0	0.015	0	2.2858e-007	3491.46	4708.67	4664.16
4706.04	3131.63	885	1.#QNAN	0	0.016	0	2.21174e-007	3457.28	4706.04	4661.6
4703.47	3129.63	886	1.#QNAN	0	0.015	0	2.33752e-007	3493.55	4703.47	4659.1
4700.82	3127.59	887	1.#QNAN	0	0.016	0	2.37763e-007	3442.9	4700.82	4656.52
4698.22	3125.56	888	1.#QNAN	0	0.031	1	2.31383e-007	3520.91	4698.22	4653.99
4695.66	3123.56	889	1.#QNAN	0	0.016	0	2.37112e-007	3523.74	4695.66	4651.5
4693.13	3121.63	890	1.#QNAN	0	0.015	0	2.37246e-007	3527.74	4693.13	4649.04
4690.57	3119.67	891	1.#QNAN	0	0.016	0	2.30801e-007	3433.49	4690.57	4646.55
4688.03	3117.74	892	1.#QNAN	0	0.016	0	2.3797e-007	3509.42	4688.03	4644.08
4685.46	3115.76	893	1.#QNAN	0	0.015	0	2.29162e-007	3494.17	4685.46	4641.58
4682.89	3113.79	894	1.#QNAN	0	0.016	0	2.27476e-007	3481.38	4682.89	4639.08
4680.3	3111.81	895	1.#QNAN	0	0.031	0	2.35185e-007	3554.85	4680.3	4636.56
4677.76	3109.85	896	1.#QNAN	0	0.016	0	2.34241e-007	3504.79	4677.76	4634.09
4675.21	3107.88	897	1.#QNAN	0	0.015	0	2.42039e-007	3445.14	4675.21	4631.61
4672.68	3105.93	898	1.#QNAN	0	0.016	0	2.41095e-007	3460.25	4672.68	4629.15
4670.15	3103.98	899	1.#QNAN	0	0.015	0	2.33448e-007	3462.44	4670.15	4626.69
4667.6	3102.03	900	1.#QNAN	0	0.016	0	2.27592e-007	3540.61	4667.6	4624.2
4665.07	3100.08	901	1.#QNAN	0	0.016	0	2.31602e-007	3477.36	4665.07	4621.74
4662.56	3098.14	902	1.#QNAN	0	0.031	0	2.32107e-007	3481.55	4662.56	4619.3
4660.08	3096.2	903	1.#QNAN	0	0.015	0	2.32673e-007	3525.69	4660.08	4616.89
4657.55	3094.28	904	1.#QNAN	0	0.016	0	2.3655e-007	3444	4657.55	4614.43
4654.98	3092.33	905	1.#QNAN	0	0.016	0	2.44264e-007	3427.39	4654.98	4611.92
4652.46	3090.43	906	1.#QNAN	0	0.015	0	2.39326e-007	3442.08	4652.46	4609.46
4649.93	3088.52	907	1.#QNAN	0	0.016	0	2.35115e-007	3454.49	4649.93	4607
4647.41	3086.61	908	1.#QNAN	0	0.015	0	2.36318e-007	3425.54	4647.41	4604.55
4644.91	3084.69	909	1.#QNAN	0	0.032	0	2.33368e-007	3443.09	4644.91	4602.11
4642.42	3082.79	910	1.#QNAN	0	0.015	0	2.43349e-007	3459.83	4642.42	4599.69
4639.88	3080.87	911	1.#QNAN	0	0.016	0	2.37731e-007	3392.55	4639.88	4597.22
4637.4	3078.97	912	1.#QNAN	0	0.015	0	2.33535e-007	3439.79	4637.4	4594.79
4634.87	3077.03	913	1.#QNAN	0	0.016	0	2.36697e-007	3386.3	4634.87	4592.33
4632.29	3075.08	914	1.#QNAN	0	0.016	0	2.4227e-007	3356.96	4632.29	4589.81
4629.75	3073.12	915	1.#QNAN	0	0.015	0	2.37775e-007	3409.77	4629.75	4587.34
4627.23	3071.21	916	1.#QNAN	0	0.016	0	2.45317e-007	3405.13	4627.23	4584.88
4624.72	3069.29	917	1.#QNAN	0	0.031	0	2.33681e-007	3356.28	4624.72	4582.43
4622.23	3067.38	918	1.#QNAN	0	0.016	0	2.51207e-007	3355.73	4622.23	4580.01
4619.75	3065.47	919	1.#QNAN	0	0.015	0	2.35313e-007	3335.7	4619.75	4577.6
4617.29	3063.57	920	1.#QNAN	0	0.016	0	2.43268e-007	3377.5	4617.29	4575.2
4614.8	3061.65	921	1.#QNAN	0	0.015	0	2.447e-007	3305.35	4614.8	4572.78
4612.28	3059.73	922	1.#QNAN	0	0.016	0	2.47499e-007	3249.66	4612.28	4570.31
4609.81	3057.81	923	1.#QNAN	0	0.016	0	2.37876e-007	3372.85	4609.81	4567.9
4607.29	3055.89	924	1.#QNAN	0	0.031	0	2.38576e-007	3306.92	4607.29	4565.45
4604.8	3053.95	925	1.#QNAN	0	0.015	0	2.3789e-007	3395.82	4604.8	4563.03
4602.29	3052.01	926	1.#QNAN	0	0.016	0	2.47249e-007	3381.82	4602.29	4560.58
4599.84	3050.1	927	1.#QNAN	0	0.016	0	2.4439e-007	3415.57	4599.84	4558.19
4597.4	3048.22	928	1.#QNAN	0	0.015	0	2.47161e-007	3503.64	4597.4	4555.81
4594.94	3046.33	929	1.#QNAN	0	0.016	0	2.51856e-007	3382.39	4594.94	4553.41
4592.51	3044.44	930	1.#QNAN	0	0.015	0	2.41363e-007	3463.98	4592.51	4551.04
4590.09	3042.57	931	1.#QNAN	0	0.032	0	2.38297e-007	3395.21	4590.09	4548.69
4587.66	3040.68	932	1.#QNAN	0	0.015	0	2.41908e-007	3438.81	4587.66	4546.31
4585.21	3038.79	933	1.#QNAN	0	0.016	0	2.44634e-007	3484.14	4585.21	4543.93
4582.78	3036.93	934	1.#QNAN	0	0.015	0	2.48301e-007	3398.97	4582.78	4541.56
4580.36	3035.04	935	1.#QNAN	0	0.016	0	2.41494e-007	3414.81	4580.36	4539.2
4577.96	3033.19	936	1.#QNAN	0	0.016	0	2.49212e-007	3388.89	4577.96	4536.86
4575.49	3031.3	937	1.#QNAN	0	0.015	0	2.43305e-007	3333.04	4575.49	4534.45
4572.99	3029.4	938	1.#QNAN	0	0.031	0	2.46049e-007	3262.65	4572.99	4532.02
4570.48	3027.48	939	1.#QNAN	0	0.016	0	2.4211e-007	3277.99	4570.48	4529.56
4568.02	3025.6	940	1.#QNAN	0	0.016	0	2.50941e-007	3253.63	4568.02	4527.16
4565.58	3023.71	941	1.#QNAN	0	0.015	0	2.51682e-007	3285.28	4565.58	4524.78
4563.11	3021.83	942	1.#QNAN	0	0.016	0	2.38845e-007	3226.52	4563.11	4522.37
4560.68	3019.99	943	1.#QNAN	0	0.015	0	2.46284e-007	3246.65	4560.68	4520
4558.27	3018.15	944	1.#QNAN	0	0.032	1	2.54285e-007	3285.18	4558.27	4517.65
4555.89	3016.3	945	1.#QNAN	0	0.015	0	2.45935e-007	3320.83	4555.89	4515.33
4553.53	3014.48	946	1.#QNAN	0	0.016	0	2.54583e-007	3296.88	4553.53	4513.02
4551.13	3012.67	947	1.#QNAN	0	0.015	0	2.47393e-007	3237.73	4551.13	4510.68
4548.7	3010.84	948	1.#QNAN	0	0.016	0	2.50866e-007	3228.37	4548.7	4508.31
4546.38	3009.07	949	1.#QNAN	0	0.016	0	2.50945e-007	3320.06	4546.38	4506.04
4544.01	3007.26	950	1.#QNAN	0	0.015	0	2.43895e-007	3296.94	4544.01	4503.74
4541.73	3005.48	951	1.#QNAN	0	0.031	0	2.53423e-007	3338.33	4541.73	4501.51
4539.43	3003.7	952	1.#QNAN	0	0.016	0	2.49191e-007	3370.6	4539.43	4499.28
4537.15	3001.93	953	1.#QNAN	0	0.016	0	2.48135e-007	3312.9	4537.15	4497.05
4534.81	3000.13	954	1.#QNAN	0	0.015	0	2.50383e-007	3276.78	4534.81	4494.77
4532.46	2998.34	955	1.#QNAN	0	0.016	0	2.53025e-007	3316.52	4532.46	4492.48
4530.12	2996.54	956	1.#QNAN	0	0.015	0	2.53257e-007	3325.63	4530.12	4490.2
4527.81	2994.76	957	1.#QNAN	0	0.016	0	2.51807e-007	3364.69	4527.81	4487.95
4525.53	2992.99	958	1.#QNAN	0	0.031	0	2.5402e-007	3354.82	4525.53	4485.72
4523.22	2991.21	959	1.#QNAN	0	0.016	0	2.54443e-007	3392.14	4523.22	4483.47
4520.89	2989.4	960	1.#QNAN	0	0.015	0	2.60778e-007	3321.58	4520.89	4481.19
4518.56	2987.61	961	1.#QNAN	0	0.016	0	2.54581e-007	3268.21	4518.56	4478.93
4516.27	2985.83	962	1.#QNAN	0	0.016	0	2.59978e-007	3285.47	4516.27	4476.69
4513.96	2984.03	963	1.#QNAN	0	0.015	0	2.52316e-007	3235.93	4513.96	4474.44
4511.66	2982.27	964	1.#QNAN	0	0.031	0	2.57447e-007	3222.3	4511.66	4472.21
4509.34	2980.51	965	1.#QNAN	0	0.016	0	2.50389e-007	3308.65	4509.34	4469.94
4507.06	2978.74	966	1.#QNAN	0	0.016	0	2.54175e-007	3342.56	4507.06	4467.71
4504.76	2976.98	967	1.#QNAN	0	0.015	0	2.45252e-007	3254.69	4504.76	4465.47
4502.49	2975.23	968	1.#QNAN	0	0.016	0	2.51307e-007	3356.14	4502.49	4463.26
4500.22	2973.45	969	1.#QNAN	0	0.015	0	2.514e-007	3328.8	4500.22	4461.04
4497.95	2971.68	970	1.#QNAN	0	0.016	0	2.58049e-007	3407.63	4497.95	4458.84
4495.67	2969.91	971	1.#QNAN	0	0.031	0	2.6095e-007	3394.83	4495.67	4456.61
4493.39	2968.13	972	1.#QNAN	0	0.016	0	2.59583e-007	3405.32	4493.39	4454.39
4491.09	2966.35	973	1.#QNAN	0	0.015	0	2.56915e-007	3389.28	4491.09	4452.14
4488.81	2964.58	974	1.#QNAN	0	0.016	0	2.52815e-007	3442.68	4488.81	4449.92
4486.61	2962.86	975	1.#QNAN	0	0.016	0	2.59929e-007	3404.7	4486.61	4447.78
4484.36	2961.1	976	1.#QNAN	0	0.015	0	2.46492e-007	3471.2	4484.36	4445.59
4482.17	2959.37	977	1.#QNAN	0	0.031	0	2.56388e-007	3489.86	4482.17	4443.45
4480	2957.64	978	1.#QNAN	0	0.016	0	2.60285e-007	3490.06	4480	4441.34
4477.78	2955.92	979	1.#QNAN	0	0.016	0	2.57081e-007	3372.75	4477.78	4439.18
4475.58	2954.19	980	1.#QNAN	0	0.015	0	2.58222e-007	3405.33	4475.58	4437.03
4473.37	2952.45	981	1.#QNAN	0	0.016	0	2.54073e-007	3310.27	4473.37	4434.88
4471.2	2950.74	982	1.#QNAN	0	0.015	0	2.58293e-007	3386.37	4471.2	4432.76
4469.07	2949.08	983	1.#QNAN	0	0.032	0	2.59867e-007	3339.58	4469.07	4430.7
4466.91	2947.4	984	1.#QNAN	0	0.015	0	2.52392e-007	3260.31	4466.91	4428.59
4464.76	2945.72	985	1.#QNAN	0	0.016	0	2.67216e-007	3318.82	4464.76	4426.49
4462.59	2944.02	986	1.#QNAN	0	0.015	0	2.54879e-007	3345.53	4462.59	4424.38
4460.4	2942.31	987	1.#QNAN	0	0.016	0	2.57207e-007	3357.55	4460.4	4422.25
4458.22	2940.63	988	1.#QNAN	0	0.016	0	2.57558e-007	3307.81	4458.22	4420.13
4456.05	2938.96	989	1.#QNAN	0	0.015	0	2.64341e-007	3277.84	4456.05	4418.01
4453.84	2937.27	990	1.#QNAN	0	0.031	0	2.6485e-007	3227.71	4453.84	4415.86
4451.63	2935.58	991	1.#QNAN	0	0.016	0	2.64102e-007	3220.79	4451.63	4413.7
4449.41	2933.9	992	1.#QNAN	0	0.016	0	2.52022e-007	3227.19	4449.41	4411.54
4447.25	2932.24	993	1.#QNAN	0	0.015	0	2.64976e-007	3205.88	4447.25	4409.43
4445.06	2930.55	994	1.#QNAN	0	0.016	0	2.50958e-007	3167.61	4445.06	4407.3
4442.86	2928.87	995	1.#QNAN	0	0.015	0	2.59875e-007	3139.03	4442.86	4405.14
4440.71	2927.23	996	1.#QNAN	0	0.016	0	2.69789e-007	3166.98	4440.71	4403.05
4438.6	2925.59	997	1.#QNAN	0	0.016	0	2.59424e-007	3229.88	4438.6	4401
4436.44	2923.93	998	1.#QNAN	0	0.031	0	2.54042e-007	3175.57	4436.44	4398.89
4434.25	2922.29	999	1.#QNAN	0	0.015	1	2.53142e-007	3115.92	4434.25	4396.75
4432.06	2920.64	1000	1.#QNAN	0	0.016	0	2.67283e-007	3154.03	4432.06	4394.61
4429.91	2919	1001	1.#QNAN	0	0.016	0	2.48882e-007	3151.15	4429.91	4392.52
4427.78	2917.37	1002	1.#QNAN	0	0.015	0	2.71571e-007	3201.2	4427.78	4390.44
4425.6	2915.71	1003	1.#QNAN	0	0.016	0	2.56633e-007	3183.22	4425.6	4388.31
4423.47	2914.09	1004	1.#QNAN	0	0.015	0	2.6794e-007	3233.52	4423.47	4386.24
4421.33	2912.44	1005	1.#QNAN	0	0.032	0	2.65217e-007	3214.11	4421.33	4384.15
4419.19	2910.79	1006	1.#QNAN	0	0.015	0	2.60072e-007	3199.97	4419.19	4382.06
4417.01	2909.13	1007	1.#QNAN	0	0.016	0	2.57169e-007	3221.01	4417.01	4379.94
4414.88	2907.51	1008	1.#QNAN	0	0.015	0	2.68061e-007	3211.29	4414.88	4377.86
4412.73	2905.89	1009	1.#QNAN	0	0.016	0	2.67196e-007	3191.64	4412.73	4375.76
4410.62	2904.27	1010	1.#QNAN	0	0.016	0	2.6424e-007	3215.74	4410.62	4373.69
4408.5	2902.65	1011	1.#QNAN	0	0.015	0	2.72139e-007	3160.91	4408.5	4371.63
4406.39	2901.05	1012	1.#QNAN	0	0.031	0	2.65494e-007	3207.54	4406.39	4369.57
4404.25	2899.44	1013	1.#QNAN	0	0.016	0	2.66959e-007	3175.76	4404.25	4367.48
4402.18	2897.86	1014	1.#QNAN	0	0.016	0	2.59906e-007	3214.29	4402.18	4365.46
4400.04	2896.26	1015	1.#QNAN	0	0.015	0	2.65493e-007	3165.64	4400.04	4363.37
4397.9	2894.65	1016	1.#QNAN	0	0.016	0	2.725e-007	3157.65	4397.9	4361.29
4395.82	2893.05	1017	1.#QNAN	0	0.015	0	2.75711e-007	3225.43	4395.82	4359.25
4393.73	2891.47	1018	1.#QNAN	0	0.016	0	2.6305e-007	3180.95	4393.73	4357.21
4391.59	2889.88	1019	1.#QNAN	0	0.015	0	2.57616e-007	3144.6	4391.59	4355.12
4389.45	2888.32	1020	1.#QNAN	0	0.016	0	2.57033e-007	3134.07	4389.45	4353.04
4387.3	2886.74	1021	1.#QNAN	0	0.015	0	2.67803e-007	3127.62	4387.3	4350.94
4385.18	2885.18	1022	1.#QNAN	0	0.016	0	2.57228e-007	3100.44	4385.18	4348.87
4383.07	2883.63	1023	1.#QNAN	0	0.016	0	2.65195e-007	3110.5	4383.07	4346.81
4380.99	2882.08	1024	1.#QNAN	0	0.015	0	2.77826e-007	3095.55	4380.99	4344.77
4378.91	2880.54	1025	1.#QNAN	0	0.016	0	2.63774e-007	3094.6	4378.91	4342.74
4376.83	2878.99	1026	1.#QNAN	0	0.031	0	2.69966e-007	3135.78	4376.83	4340.71
4374.74	2877.45	1027	1.#QNAN	0	0.016	0	2.68938e-007	3119.68	4374.74	4338.66
4372.67	2875.92	1028	1.#QNAN	0	0.015	0	2.71644e-007	3187.12	4372.67	4336.65
4370.57	2874.38	1029	1.#QNAN	0	0.016	0	2.65431e-007	3131.33	4370.57	4334.59
4368.56	2872.87	1030	1.#QNAN	0	0.015	0	2.68926e-007	3206.34	4368.56	4332.64
4366.51	2871.34	1031	1.#QNAN	0	0.016	0	2.69354e-007	3164.67	4366.51	4330.64
4364.44	2869.81	1032	1.#QNAN	0	0.016	0	2.66563e-007	3116.77	4364.44	4328.62
4362.35	2868.27	1033	1.#QNAN	0	0.015	0	2.56579e-007	3155.37	4362.35	4326.58
4360.32	2866.75	1034	1.#QNAN	0	0.031	0	2.73777e-007	3185.84	4360.32	4324.6
4358.25	2865.22	1035	1.#QNAN	0	0.016	0	2.64887e-007	3138.27	4358.25	4322.58
4356.23	2863.69	1036	1.#QNAN	0	0.016	0	2.80394e-007	3177.43	4356.23	4320.6
4354.19	2862.15	1037	1.#QNAN	0	0.015	0	2.74314e-007	3204.63	4354.19	4318.62
4352.14	2860.62	1038	1.#QNAN	0	0.016	0	2.84076e-007	3181.89	4352.14	4316.61
4350.14	2859.1	1039	1.#QNAN	0	0.015	0	2.64632e-007	3187.4	4350.14	4314.66
4348.14	2857.58	1040	1.#QNAN	0	0.032	0	2.80546e-007	3194.47	4348.14	4312.71
4346.14	2856.07	1041	1.#QNAN	0	0.015	0	2.81142e-007	3153.35	4346.14	4310.76
4344.17	2854.56	1042	1.#QNAN	0	0.016	0	2.72549e-007	3207.95	4344.17	4308.83
4342.21	2853.05	1043	1.#QNAN	0	0.015	0	2.75598e-007	3230.15	4342.21	4306.92
4340.23	2851.51	1044	1.#QNAN	0	0.016	0	2.68451e-007	3251.88	4340.23	4304.99
4338.28	2850	1045	1.#QNAN	0	0.016	0	2.79771e-007	3285.24	4338.28	4303.09
4336.34	2848.49	1046	1.#QNAN	0	0.015	0	2.73478e-007	3287.97	4336.34	4301.2
4334.4	2846.96	1047	1.#QNAN	0	0.031	0	2.77322e-007	3247.74	4334.4	4299.31
4332.48	2845.47	1048	1.#QNAN	0	0.016	0	2.75022e-007	3249.75	4332.48	4297.44
4330.58	2843.98	1049	1.#QNAN	0	0.016	0	2.72118e-007	3266.54	4330.58	4295.59
4328.65	2842.48	1050	1.#QNAN	0	0.015	0	2.76966e-007	3262.05	4328.65	4293.71
4326.69	2840.97	1051	1.#QNAN	0	0.016	0	2.66717e-007	3208.64	4326.69	4291.8
4324.76	2839.48	1052	1.#QNAN	0	0.015	0	2.73067e-007	3221.54	4324.76	4289.91
4322.86	2838	1053	1.#QNAN	0	0.032	0	2.72339e-007	3262.97	4322.86	4288.06
4320.91	2836.52	1054	1.#QNAN	0	0.015	0	2.64893e-007	3180.72	4320.91	4286.15
4318.97	2835.01	1055	1.#QNAN	0	0.016	1	2.7959e-007	3179.65	4318.97	4284.27
4317.07	2833.53	1056	1.#QNAN	0	0.015	0	2.7004e-007	3250.52	4317.07	4282.41
4315.14	2832.05	1057	1.#QNAN	0	0.016	0	2.70266e-007	3257.71	4315.14	4280.53
4313.21	2830.58	1058	1.#QNAN	0	0.016	0	2.72097e-007	3229.67	4313.21	4278.65
4311.26	2829.11	1059	1.#QNAN	0	0.031	0	2.70069e-007	3157.24	4311.26	4276.75
4309.33	2827.65	1060	1.#QNAN	0	0.015	0	2.91448e-007	3197.13	4309.33	4274.86
4307.43	2826.2	1061	1.#QNAN	0	0.016	0	2.71374e-007	3183.17	4307.43	4273.01
4305.54	2824.75	1062	1.#QNAN	0	0.016	0	2.744e-007	3241.51	4305.54	4271.16
4303.64	2823.3	1063	1.#QNAN	0	0.015	0	2.83984e-007	3228.6	4303.64	4269.3
4301.73	2821.84	1064	1.#QNAN	0	0.016	0	2.74251e-007	3235.67	4301.73	4267.45
4299.88	2820.42	1065	1.#QNAN	0	0.015	0	2.68585e-007	3247.89	4299.88	4265.64
4297.98	2818.99	1066	1.#QNAN	0	0.016	0	2.75258e-007	3235.3	4297.98	4263.79
4296.1	2817.54	1067	1.#QNAN	0	0.031	0	2.81588e-007	3211.91	4296.1	4261.95
4294.24	2816.14	1068	1.#QNAN	0	0.016	0	2.70313e-007	3218.18	4294.24	4260.14
4292.4	2814.73	1069	1.#QNAN	0	0.015	0	2.71152e-007	3225.02	4292.4	4258.34
4290.53	2813.32	1070	1.#QNAN	0	0.016	0	2.72364e-007	3243.39	4290.53	4256.52
4288.63	2811.9	1071	1.#QNAN	0	0.016	0	2.75286e-007	3178.73	4288.63	4254.67
4286.82	2810.51	1072	1.#QNAN	0	0.015	0	2.67582e-007	3279.08	4286.82	4252.9
4285.01	2809.12	1073	1.#QNAN	0	0.031	0	2.80764e-007	3246.72	4285.01	4251.14
4283.17	2807.71	1074	1.#QNAN	0	0.016	0	2.94033e-007	3215.02	4283.17	4249.35
4281.32	2806.28	1075	1.#QNAN	0	0.016	0	2.77378e-007	3194.16	4281.32	4247.54
4279.51	2804.89	1076	1.#QNAN	0	0.015	0	2.80216e-007	3263.76	4279.51	4245.78
4277.69	2803.5	1077	1.#QNAN	0	0.016	0	2.785e-007	3240.96	4277.69	4244
4275.87	2802.1	1078	1.#QNAN	0	0.015	0	2.80355e-007	3217.13	4275.87	4242.23
4274.07	2800.72	1079	1.#QNAN	0	0.016	0	2.78995e-007	3228.9	4274.07	4240.48
4272.28	2799.33	1080	1.#QNAN	0	0.015	0	2.86442e-007	3230.11	4272.28	4238.73
4270.47	2797.95	1081	1.#QNAN	0	0.016	0	2.90525e-007	3217.34	4270.47	4236.97
4268.65	2796.55	1082	1.#QNAN	0	0.015	0	2.79637e-007	3181.85	4268.65	4235.19
4266.84	2795.15	1083	1.#QNAN	0	0.016	0	2.72368e-007	3195.67	4266.84	4233.42
4265	2793.76	1084	1.#QNAN	0	0.016	0	2.83156e-007	3176.85	4265	4231.63
4263.22	2792.38	1085	1.#QNAN	0	0.015	0	2.75738e-007	3232.53	4263.22	4229.89
4261.41	2791	1086	1.#QNAN	0	0.031	0	2.82318e-007	3208.03	4261.41	4228.13
4259.63	2789.61	1087	1.#QNAN	0	0.016	0	2.73165e-007	3259.39	4259.63	4226.39
4257.84	2788.22	1088	1.#QNAN	0	0.016	0	2.83097e-007	3231.55	4257.84	4224.65
4256.04	2786.85	1089	1.#QNAN	0	0.015	0	2.69375e-007	3218.59	4256.04	4222.89
4254.25	2785.47	1090	1.#QNAN	0	0.016	0	2.88976e-007	3215.82	4254.25	4221.15
4252.48	2784.1	1091	1.#QNAN	0	0.015	0	2.85682e-007	3234.93	4252.48	4219.42
4250.71	2782.73	1092	1.#QNAN	0	0.032	0	2.8273e-007	3264.11	4250.71	4217.7
4248.95	2781.36	1093	1.#QNAN	0	0.015	0	2.79057e-007	3278.97	4248.95	4215.97
4247.21	2779.98	1094	1.#QNAN	0	0.016	0	2.68447e-007	3300.5	4247.21	4214.28
4245.49	2778.62	1095	1.#QNAN	0	0.015	0	2.73214e-007	3260.36	4245.49	4212.61
4243.72	2777.23	1096	1.#QNAN	0	0.016	0	2.98298e-007	3187.7	4243.72	4210.89
4242.03	2775.9	1097	1.#QNAN	0	0.016	0	2.86726e-007	3294.68	4242.03	4209.24
4240.33	2774.56	1098	1.#QNAN	0	0.015	0	2.93685e-007	3287.76	4240.33	4207.58
4238.62	2773.22	1099	1.#QNAN	0	0.031	0	2.80164e-007	3245.86	4238.62	4205.92
4236.9	2771.88	1100	1.#QNAN	0	0.016	0	2.95217e-007	3221.13	4236.9	4204.25
4235.18	2770.52	1101	1.#QNAN	0	0.016	0	2.93116e-007	3206.18	4235.18	4202.57
4233.49	2769.21	1102	1.#QNAN	0	0.015	0	2.93979e-007	3209.22	4233.49	4200.92
4231.79	2767.91	1103	1.#QNAN	0	0.016	0	2.90215e-007	3205.93	4231.79	4199.27
4230.12	2766.6	1104	1.#QNAN	0	0.015	0	2.8573e-007	3278.72	4230.12	4197.63
4228.43	2765.29	1105	1.#QNAN	0	0.032	0	2.91484e-007	3248.47	4228.43	4195.99
4226.77	2763.98	1106	1.#QNAN	0	0.015	0	2.97088e-007	3263.52	4226.77	4194.37
4225.08	2762.68	1107	1.#QNAN	0	0.016	0	2.86705e-007	3221.53	4225.08	4192.72
4223.37	2761.33	1108	1.#QNAN	0	0.015	0	2.92231e-007	3250.1	4223.37	4191.06
4221.71	2759.99	1109	1.#QNAN	0	0.016	0	2.80349e-007	3273.44	4221.71	4189.44
4220.03	2758.67	1110	1.#QNAN	0	0.016	0	2.93275e-007	3218.26	4220.03	4187.8
4218.33	2757.34	1111	1.#QNAN	0	0.015	1	2.90168e-007	3216.34	4218.33	4186.15
4216.63	2756.04	1112	1.#QNAN	0	0.016	0	2.84596e-007	3240.08	4216.63	4184.5
4214.96	2754.73	1113	1.#QNAN	0	0.031	0	2.91519e-007	3275.52	4214.96	4182.87
4213.27	2753.42	1114	1.#QNAN	0	0.016	0	2.88794e-007	3258.69	4213.27	4181.22
4211.54	2752.11	1115	1.#QNAN	0	0.015	0	2.8501e-007	3164.28	4211.54	4179.53
4209.83	2750.79	1116	1.#QNAN	0	0.016	0	3.00845e-007	3135.91	4209.83	4177.87
4208.12	2749.47	1117	1.#QNAN	0	0.015	0	2.91655e-007	3157.24	4208.12	4176.2
4206.42	2748.17	1118	1.#QNAN	0	0.016	0	2.88268e-007	3157.17	4206.42	4174.54
4204.72	2746.87	1119	1.#QNAN	0	0.016	0	2.82387e-007	3129.47	4204.72	4172.88
4203.04	2745.56	1120	1.#QNAN	0	0.031	0	2.88662e-007	3205.49	4203.04	4171.25
4201.35	2744.26	1121	1.#QNAN	0	0.015	0	2.8665e-007	3221.24	4201.35	4169.6
4199.65	2742.95	1122	1.#QNAN	0	0.016	0	2.89061e-007	3170.06	4199.65	4167.94
4197.92	2741.63	1123	1.#QNAN	0	0.016	0	2.86221e-007	3133.92	4197.92	4166.25
4196.17	2740.31	1124	1.#QNAN	0	0.015	0	2.86348e-007	3100.97	4196.17	4164.54
4194.46	2739.02	1125	1.#QNAN	0	0.016	0	2.83287e-007	3110.53	4194.46	4162.87
4192.74	2737.7	1126	1.#QNAN	0	0.015	0	2.9768e-007	3129.65	4192.74	4161.19
4191.07	2736.43	1127	1.#QNAN	0	0.032	0	2.90575e-007	3163.79	4191.07	4159.56
4189.39	2735.14	1128	1.#QNAN	0	0.015	0	2.91477e-007	3153.72	4189.39	4157.92
4187.69	2733.83	1129	1.#QNAN	0	0.016	0	2.91295e-007	3122.89	4187.69	4156.26
4186.02	2732.56	1130	1.#QNAN	0	0.015	0	2.91275e-007	3185.42	4186.02	4154.64
4184.34	2731.29	1131	1.#QNAN	0	0.016	0	3.02529e-007	3133.31	4184.34	4152.99
4182.67	2730.02	1132	1.#QNAN	0	0.031	0	2.9285e-007	3173.07	4182.67	4151.37
4181.01	2728.76	1133	1.#QNAN	0	0.016	0	2.82314e-007	3134.04	4181.01	4149.75
4179.34	2727.49	1134	1.#QNAN	0	0.015	0	2.90392e-007	3162.72	4179.34	4148.11
4177.67	2726.23	1135	1.#QNAN	0	0.016	0	2.86588e-007	3096.6	4177.67	4146.49
4176	2724.96	1136	1.#QNAN	0	0.016	0	2.8531e-007	3172.18	4176	4144.87
4174.32	2723.69	1137	1.#QNAN	0	0.015	0	2.85472e-007	3133.94	4174.32	4143.22
4172.64	2722.42	1138	1.#QNAN	0	0.031	0	2.95465e-007	3117.77	4172.64	4141.58
4170.97	2721.16	1139	1.#QNAN	0	0.016	0	2.96646e-007	3111.22	4170.97	4139.95
4169.3	2719.89	1140	1.#QNAN	0	0.016	0	2.96026e-007	3115.12	4169.3	4138.32
4167.63	2718.61	1141	1.#QNAN	0	0.015	0	2.83604e-007	3099.89	4167.63	4136.7
4165.94	2717.33	1142	1.#QNAN	0	0.016	0	2.91091e-007	3037.46	4165.94	4135.04
4164.26	2716.07	1143	1.#QNAN	0	0.015	0	2.93585e-007	3048.47	4164.26	4133.4
4162.6	2714.82	1144	1.#QNAN	0	0.016	0	2.95193e-007	3034.18	4162.6	4131.78
4160.94	2713.56	1145	1.#QNAN	0	0.031	0	3.10987e-007	3064.07	4160.94	4130.15
4159.28	2712.31	1146	1.#QNAN	0	0.016	0	2.90297e-007	3070.52	4159.28	4128.54
4157.58	2711.03	1147	1.#QNAN	0	0.015	0	3.01245e-007	3054.44	4157.58	4126.88
4155.95	2709.79	1148	1.#QNAN	0	0.016	0	2.97417e-007	3123.64	4155.95	4125.29
4154.28	2708.51	1149	1.#QNAN	0	0.016	0	2.93302e-007	3115.57	4154.28	4123.65
4152.59	2707.23	1150	1.#QNAN	0	0.015	0	2.94781e-007	3093.6	4152.59	4122
4150.95	2705.97	1151	1.#QNAN	0	0.031	0	3.01405e-007	3117.09	4150.95	4120.41
4149.32	2704.71	1152	1.#QNAN	0	0.016	0	2.8474e-007	3117.72	4149.32	4118.82
4147.67	2703.44	1153	1.#QNAN	0	0.016	0	3.00722e-007	3201.42	4147.67	4117.2
4146.04	2702.18	1154	1.#QNAN	0	0.015	0	2.90091e-007	3293.42	4146.04	4115.61
4144.43	2700.93	1155	1.#QNAN	0	0.016	0	2.98752e-007	3246.14	4144.43	4114.04
4142.8	2699.67	1156	1.#QNAN	0	0.015	0	2.95706e-007	3199.87	4142.8	4112.45
4141.15	2698.41	1157	1.#QNAN	0	0.032	0	3.00256e-007	3194.91	4141.15	4110.84
4139.5	2697.14	1158	1.#QNAN	0	0.015	0	3.00994e-007	3191	4139.5	4109.22
4137.89	2695.91	1159	1.#QNAN	0	0.016	0	3.12545e-007	3124.29	4137.89	4107.65
4136.33	2694.71	1160	1.#QNAN	0	0.015	0	2.91361e-007	3158.83	4136.33	4106.13
4134.72	2693.48	1161	1.#QNAN	0	0.016	0	2.98747e-007	3079.81	4134.72	4104.56
4133.1	2692.25	1162	1.#QNAN	0	0.016	0	2.92489e-007	3073.88	4133.1	4102.98
4131.45	2691	1163	1.#QNAN	0	0.015	0	2.94986e-007	3074.4	4131.45	4101.36
4129.82	2689.78	1164	1.#QNAN	0	0.031	0	2.95027e-007	3120.79	4129.82	4099.78
4128.22	2688.57	1165	1.#QNAN	0	0.016	0	2.94502e-007	3082.37	4128.22	4098.22
4126.62	2687.35	1166	1.#QNAN	0	0.016	1	3.0129e-007	3113.06	4126.62	4096.65
4125.05	2686.14	1167	1.#QNAN	0	0.015	0	3.10251e-007	3106.37	4125.05	4095.12
4123.47	2684.92	1168	1.#QNAN	0	0.016	0	3.0818e-007	3160.37	4123.47	4093.58
4121.93	2683.72	1169	1.#QNAN	0	0.015	0	3.03677e-007	3174.64	4121.93	4092.08
4120.37	2682.5	1170	1.#QNAN	0	0.016	0	2.94937e-007	3122.71	4120.37	4090.55
4118.8	2681.27	1171	1.#QNAN	0	0.016	0	2.83844e-007	3149.67	4118.8	4089.02
4117.25	2680.08	1172	1.#QNAN	0	0.031	0	3.06469e-007	3080.5	4117.25	4087.51
4115.68	2678.88	1173	1.#QNAN	0	0.015	0	2.9351e-007	3038.79	4115.68	4085.97
4114.13	2677.69	1174	1.#QNAN	0	0.016	0	2.92383e-007	3123.68	4114.13	4084.46
4112.61	2676.51	1175	1.#QNAN	0	0.016	0	2.96141e-007	3154.16	4112.61	4082.98
4111.05	2675.3	1176	1.#QNAN	0	0.015	0	2.91275e-007	3088.76	4111.05	4081.46
4109.52	2674.1	1177	1.#QNAN	0	0.016	0	3.02025e-007	3113.31	4109.52	4079.96
4107.95	2672.89	1178	1.#QNAN	0	0.015	0	2.9673e-007	3103.46	4107.95	4078.43
4106.4	2671.68	1179	1.#QNAN	0	0.032	0	3.00516e-007	3084.16	4106.4	4076.92
4104.89	2670.51	1180	1.#QNAN	0	0.015	0	3.00548e-007	3106.61	4104.89	4075.44
4103.35	2669.3	1181	1.#QNAN	0	0.016	0	3.12723e-007	3163.54	4103.35	4073.94
4101.82	2668.11	1182	1.#QNAN	0	0.015	0	3.02622e-007	3124.17	4101.82	4072.45
4100.31	2666.93	1183	1.#QNAN	0	0.016	0	3.09135e-007	3149.77	4100.31	4070.98
4098.83	2665.77	1184	1.#QNAN	0	0.016	0	3.06166e-007	3187.61	4098.83	4069.54
4097.33	2664.59	1185	1.#QNAN	0	0.015	0	2.94396e-007	3215.17	4097.33	4068.08
4095.85	2663.41	1186	1.#QNAN	0	0.031	0	3.01908e-007	3237.36	4095.85	4066.63
4094.36	2662.23	1187	1.#QNAN	0	0.016	0	3.03727e-007	3198.51	4094.36	4065.17
4092.87	2661.04	1188	1.#QNAN	0	0.016	0	3.05627e-007	3204.34	4092.87	4063.73
4091.39	2659.85	1189	1.#QNAN	0	0.015	0	3.0457e-007	3278.51	4091.39	4062.28
4089.94	2658.7	1190	1.#QNAN	0	0.016	0	2.9829e-007	3237.13	4089.94	4060.87
4088.46	2657.54	1191	1.#QNAN	0	0.015	0	2.98268e-007	3220.58	4088.46	4059.42
4087	2656.38	1192	1.#QNAN	0	0.016	0	3.08931e-007	3182.52	4087	4058
4085.46	2655.21	1193	1.#QNAN	0	0.031	0	3.09779e-007	3096.95	4085.46	4056.5
4084	2654.06	1194	1.#QNAN	0	0.016	0	3.08025e-007	3154.04	4084	4055.07
4082.55	2652.93	1195	1.#QNAN	0	0.015	0	3.01307e-007	3196.29	4082.55	4053.66
4081.1	2651.8	1196	1.#QNAN	0	0.016	0	3.00925e-007	3175.65	4081.1	4052.25
4079.66	2650.65	1197	1.#QNAN	0	0.016	0	2.99609e-007	3195.04	4079.66	4050.83
4078.22	2649.5	1198	1.#QNAN	0	0.015	0	2.93008e-007	3208.14	4078.22	4049.43
4076.75	2648.33	1199	1.#QNAN	0	0.016	0	3.06334e-007	3146.41	4076.75	4048
