rmse	mae	#iter	time_pred	time_learn	time_learn2	time_learn4	alpha	rmse_mcmc_this	rmse_mcmc_all	rmse_mcmc_all_but5
4492.09	3073.73	0	1.#QNAN	0	0.016	0	1.33001e-009	4492.09	4492.09	4287.87
4069.83	2718.6	1	1.#QNAN	0	0	0	2.73621e-008	3978.61	4069.83	4287.87
3915.38	2624.9	2	1.#QNAN	0	0.016	0	4.18952e-008	3706.48	3915.38	4287.87
3803.83	2565.09	3	1.#QNAN	0	0	0	4.5413e-008	3583.92	3803.83	4287.87
3700.78	2510.64	4	1.#QNAN	0	0.015	0	5.05742e-008	3391.51	3700.78	37538.7
3614.28	2467.87	5	1.#QNAN	0	0	0	6.11021e-008	3242.58	3614.28	3242.58
3536.13	2427.88	6	1.#QNAN	0	0	0	6.48747e-008	3137.82	3536.13	3173.25
3460.18	2387.03	7	1.#QNAN	0	0.015	0	7.11307e-008	3002.14	3460.18	3103.14
3388.07	2346.5	8	1.#QNAN	0	0	0	7.99704e-008	2889.07	3388.07	3040.7
3321.03	2310.03	9	1.#QNAN	0	0.016	0	8.92806e-008	2817.19	3321.03	2986.6
3260.84	2275.26	10	1.#QNAN	0	0.016	0	1.00616e-007	2743.75	3260.84	2938.99
3200.98	2240.34	11	1.#QNAN	0	0	0	1.08185e-007	2635.42	3200.98	2889.94
3143.19	2206.42	12	1.#QNAN	0	0.015	0	1.20149e-007	2559.98	3143.19	2841.24
3085.51	2171.98	13	1.#QNAN	0	0	0	1.29574e-007	2455.1	3085.51	2791.52
3031.25	2138.93	14	1.#QNAN	0	0.016	0	1.44481e-007	2400.72	3031.25	2745.75
2979.25	2108.04	15	1.#QNAN	0	0.015	0	1.5324e-007	2329.18	2979.25	2701.44
2931.17	2077.99	16	1.#QNAN	0	0	0	1.75721e-007	2297.75	2931.17	2661.6
2882.66	2047.04	17	1.#QNAN	0	0.016	0	1.91185e-007	2214.12	2882.66	2620.36
2835.93	2016.45	18	1.#QNAN	0	0.016	0	2.04182e-007	2164.09	2835.93	2580.52
2790.65	1987.7	19	1.#QNAN	0	0	0	2.19256e-007	2135.42	2790.65	2542.37
2745.93	1959.23	20	1.#QNAN	0	0.015	0	2.34231e-007	2065.59	2745.93	2504.15
2703.71	1931.71	21	1.#QNAN	0	0	0	2.52376e-007	2024.22	2703.71	2468.36
2661.76	1904.24	22	1.#QNAN	0	0.016	0	2.87598e-007	1972.75	2661.76	2432.59
2620.2	1877.1	23	1.#QNAN	0	0	0	3.04791e-007	1916.39	2620.2	2396.85
2580.7	1851.16	24	1.#QNAN	0	0.015	0	3.16721e-007	1919.36	2580.7	2363.42
2542.97	1826.77	25	1.#QNAN	0	0.016	0	3.42494e-007	1857.59	2542.97	2331.36
2507.05	1803.02	26	1.#QNAN	0	0	0	3.75759e-007	1839.7	2507.05	2301.05
2471.79	1780.13	27	1.#QNAN	0	0.016	0	3.67866e-007	1819.68	2471.79	2271.3
2438.38	1757.56	28	1.#QNAN	0	0	0	3.83929e-007	1803.24	2438.38	2243.38
2406.28	1735.55	29	1.#QNAN	0	0	0	3.96714e-007	1786.49	2406.28	2216.51
2375.99	1714.74	30	1.#QNAN	0	0.016	0	4.15358e-007	1786.2	2375.99	2191.47
2346.54	1694.47	31	1.#QNAN	0	0	0	4.28338e-007	1750.02	2346.54	2167.01
2318.01	1674.1	32	1.#QNAN	0	0.015	0	4.35762e-007	1747.64	2318.01	2143.51
2290.54	1654.33	33	1.#QNAN	0	0	0	4.36853e-007	1737.15	2290.54	2120.8
2264.56	1635.31	34	1.#QNAN	0	0.016	0	4.521e-007	1726.22	2264.56	2099.53
2239.51	1616.75	35	1.#QNAN	0	0.016	0	4.80236e-007	1745.04	2239.51	2079.23
2215.79	1599.03	36	1.#QNAN	0	0	0	4.84856e-007	1680.96	2215.79	2059.84
2192.89	1581.84	37	1.#QNAN	0	0.015	1	5.04237e-007	1682.96	2192.89	2041.16
2171.01	1565.42	38	1.#QNAN	0	0	0	5.03565e-007	1683.51	2171.01	2023.53
2150.24	1549.57	39	1.#QNAN	0	0.016	0	4.94148e-007	1671.46	2150.24	2006.71
2130.22	1534.05	40	1.#QNAN	0	0	0	5.16313e-007	1650.02	2130.22	1990.57
2111	1519.15	41	1.#QNAN	0	0.015	0	5.20303e-007	1641.53	2111	1975.07
2092.51	1504.58	42	1.#QNAN	0	0.016	0	5.17123e-007	1649.98	2092.51	1960.25
2074.66	1490.18	43	1.#QNAN	0	0	0	5.43473e-007	1629.29	2074.66	1945.85
2057.47	1476.34	44	1.#QNAN	0	0.016	0	5.37575e-007	1638.24	2057.47	1932.17
2041.55	1463.24	45	1.#QNAN	0	0	0	5.65651e-007	1659.2	2041.55	1919.7
2026.32	1450.43	46	1.#QNAN	0	0.015	0	5.66443e-007	1667.72	2026.32	1907.89
2011.73	1438.46	47	1.#QNAN	0	0	0	5.69757e-007	1636.81	2011.73	1896.5
1997.33	1426.36	48	1.#QNAN	0	0.016	0	5.65198e-007	1612	1997.33	1885.12
1983.73	1414.98	49	1.#QNAN	0	0	0	5.76201e-007	1609.88	1983.73	1874.38
1970.66	1404.01	50	1.#QNAN	0	0.015	0	5.72906e-007	1625.03	1970.66	1864.18
1957.88	1393.34	51	1.#QNAN	0	0.016	0	5.75684e-007	1642.3	1957.88	1854.24
1945.65	1382.86	52	1.#QNAN	0	0	0	5.99015e-007	1614.71	1945.65	1844.66
1933.83	1372.6	53	1.#QNAN	0	0.016	0	5.81947e-007	1603.12	1933.83	1835.33
1922.4	1362.86	54	1.#QNAN	0	0	0	5.77864e-007	1600.22	1922.4	1826.37
1911.47	1353.51	55	1.#QNAN	0	0.015	0	5.76454e-007	1598.93	1911.47	1817.88
1900.92	1344.4	56	1.#QNAN	0	0	0	5.93172e-007	1622.61	1900.92	1809.77
1890.85	1335.37	57	1.#QNAN	0	0.016	0	6.03976e-007	1600.59	1890.85	1801.99
1881.18	1326.84	58	1.#QNAN	0	0.015	0	6.0629e-007	1610.71	1881.18	1794.58
1871.68	1318.38	59	1.#QNAN	0	0	0	6.14214e-007	1593.11	1871.68	1787.17
1862.41	1310.25	60	1.#QNAN	0	0.016	0	6.16194e-007	1578.64	1862.41	1779.92
1853.75	1302.45	61	1.#QNAN	0	0	0	6.29668e-007	1584.67	1853.75	1773.21
1845.33	1294.75	62	1.#QNAN	0	0.016	0	6.39218e-007	1599.35	1845.33	1766.74
1837.49	1287.4	63	1.#QNAN	0	0	0	6.2701e-007	1602.2	1837.49	1760.8
1829.69	1280.14	64	1.#QNAN	0	0.015	0	6.24415e-007	1572.11	1829.69	1754.72
1822.22	1273.21	65	1.#QNAN	0	0.016	0	6.32478e-007	1581.33	1822.22	1748.9
1814.89	1266.44	66	1.#QNAN	0	0	0	6.28144e-007	1572.34	1814.89	1743.23
1807.94	1260	67	1.#QNAN	0	0.015	0	6.48756e-007	1565.49	1807.94	1737.84
1801.23	1253.73	68	1.#QNAN	0	0	0	6.16999e-007	1560.6	1801.23	1732.62
1794.45	1247.54	69	1.#QNAN	0	0.016	0	6.48043e-007	1553.31	1794.45	1727.29
1787.89	1241.51	70	1.#QNAN	0	0	0	6.22419e-007	1551.98	1787.89	1722.15
1781.52	1235.55	71	1.#QNAN	0	0.016	0	6.60169e-007	1533.85	1781.52	1717.1
1775.41	1229.83	72	1.#QNAN	0	0.015	0	6.61386e-007	1548.34	1775.41	1712.28
1769.7	1224.53	73	1.#QNAN	0	0	0	6.34751e-007	1564.71	1769.7	1707.84
1764.03	1219.38	74	1.#QNAN	0	0.016	0	6.38772e-007	1563.18	1764.03	1703.41
1758.5	1214.29	75	1.#QNAN	0	0	0	6.40354e-007	1554.72	1758.5	1699.1
1753.33	1209.48	76	1.#QNAN	0	0.015	0	6.42549e-007	1565.43	1753.33	1695.13
1748.28	1204.71	77	1.#QNAN	0	0	0	6.29664e-007	1568.84	1748.28	1691.21
1743.54	1200.1	78	1.#QNAN	0	0.016	0	6.37233e-007	1576.73	1743.54	1687.65
1738.67	1195.52	79	1.#QNAN	0	0.016	0	6.44768e-007	1572.09	1738.67	1683.9
1733.97	1191.05	80	1.#QNAN	0	0	0	6.71512e-007	1563.62	1733.97	1680.26
1729.3	1186.55	81	1.#QNAN	0	0.015	0	6.24032e-007	1546.26	1729.3	1676.6
1724.82	1182.33	82	1.#QNAN	0	0	0	6.34952e-007	1564.32	1724.82	1673.13
1720.32	1178.06	83	1.#QNAN	0	0.016	0	6.47098e-007	1551.32	1720.32	1669.6
1715.87	1173.74	84	1.#QNAN	0	0	0	6.50752e-007	1550.34	1715.87	1666.06
1711.58	1169.54	85	1.#QNAN	0	0.015	0	6.47312e-007	1566.12	1711.58	1662.68
1707.59	1165.73	86	1.#QNAN	0	0	0	6.788e-007	1541.08	1707.59	1659.59
1703.73	1162	87	1.#QNAN	0	0.016	0	6.49201e-007	1553.63	1703.73	1656.6
1699.88	1158.34	88	1.#QNAN	0	0.016	0	6.78198e-007	1542.56	1699.88	1653.61
1696.14	1154.78	89	1.#QNAN	0	0	0	6.26518e-007	1537.85	1696.14	1650.7
1692.54	1151.31	90	1.#QNAN	0	0.015	0	6.55116e-007	1540.47	1692.54	1647.9
1689.07	1148.01	91	1.#QNAN	0	0	0	6.62434e-007	1536.75	1689.07	1645.21
1685.67	1144.78	92	1.#QNAN	0	0.016	0	6.67368e-007	1527.08	1685.67	1642.56
1682.35	1141.58	93	1.#QNAN	0	0	0	6.49132e-007	1534.81	1682.35	1639.97
1679.17	1138.52	94	1.#QNAN	0	0.015	0	6.38534e-007	1566.35	1679.17	1637.58
1676.04	1135.56	95	1.#QNAN	0	0.016	0	6.52763e-007	1543.5	1676.04	1635.16
1673.06	1132.66	96	1.#QNAN	0	0	0	6.57184e-007	1559.82	1673.06	1632.9
1670.34	1129.8	97	1.#QNAN	0	0.016	0	6.23965e-007	1574.88	1670.34	1630.85
1667.72	1127.09	98	1.#QNAN	0	0	0	6.71815e-007	1561.79	1667.72	1628.9
1665.05	1124.44	99	1.#QNAN	0	0.015	0	6.65821e-007	1554.25	1665.05	1626.89
1662.45	1121.79	100	1.#QNAN	0	0	0	6.48405e-007	1558.1	1662.45	1624.92
1660.07	1119.39	101	1.#QNAN	0	0.016	0	6.39969e-007	1564.25	1660.07	1623.17
1657.66	1116.96	102	1.#QNAN	0	0.015	0	6.44248e-007	1556.91	1657.66	1621.39
1655.25	1114.55	103	1.#QNAN	0	0	0	6.7186e-007	1551.64	1655.25	1619.57
1652.82	1112.15	104	1.#QNAN	0	0.016	0	6.7359e-007	1550.55	1652.82	1617.74
1650.44	1109.79	105	1.#QNAN	0	0	0	6.41988e-007	1538.65	1650.44	1615.92
1648.2	1107.55	106	1.#QNAN	0	0.016	0	6.63172e-007	1545.26	1648.2	1614.23
1646.04	1105.28	107	1.#QNAN	0	0	0	6.82362e-007	1553.5	1646.04	1612.62
1643.85	1103.08	108	1.#QNAN	0	0.015	0	6.47758e-007	1553.06	1643.85	1610.98
1641.77	1100.96	109	1.#QNAN	0	0.016	0	6.87747e-007	1553.76	1641.77	1609.42
1639.54	1098.87	110	1.#QNAN	0	0	0	6.65763e-007	1534.21	1639.54	1607.67
1637.44	1096.87	111	1.#QNAN	0	0.015	0	6.53266e-007	1537.32	1637.44	1606.06
1635.35	1094.82	112	1.#QNAN	0	0	0	6.33573e-007	1531.9	1635.35	1604.46
1633.35	1092.89	113	1.#QNAN	0	0.016	0	6.76355e-007	1553.83	1633.35	1602.95
1631.45	1090.93	114	1.#QNAN	0	0	0	6.76713e-007	1548.45	1631.45	1601.53
1629.5	1088.95	115	1.#QNAN	0	0.016	0	6.71671e-007	1536.88	1629.5	1600.06
1627.76	1087.16	116	1.#QNAN	0	0.015	0	6.77096e-007	1558.64	1627.76	1598.79
1625.74	1085.22	117	1.#QNAN	0	0	0	6.53459e-007	1513.89	1625.74	1597.21
1623.83	1083.34	118	1.#QNAN	0	0.016	0	6.70545e-007	1527.36	1623.83	1595.73
1622.07	1081.56	119	1.#QNAN	0	0	0	6.9506e-007	1534.32	1622.07	1594.4
1620.29	1079.87	120	1.#QNAN	0	0.015	0	6.76972e-007	1532.69	1620.29	1593.03
1618.55	1078.14	121	1.#QNAN	0	0	0	6.72446e-007	1541.86	1618.55	1591.71
1616.72	1076.43	122	1.#QNAN	0	0.016	0	6.72451e-007	1525.05	1616.72	1590.29
1614.97	1074.75	123	1.#QNAN	0	0.016	0	6.55709e-007	1523.44	1614.97	1588.93
1613.1	1073.02	124	1.#QNAN	0	0	0	6.70463e-007	1497.25	1613.1	1587.42
1611.48	1071.44	125	1.#QNAN	0	0.015	0	6.55617e-007	1530.51	1611.48	1586.17
1609.75	1069.77	126	1.#QNAN	0	0	0	6.5558e-007	1507.51	1609.75	1584.8
1608.19	1068.21	127	1.#QNAN	0	0.016	0	6.93132e-007	1526.98	1608.19	1583.59
1606.67	1066.66	128	1.#QNAN	0	0.015	0	6.67319e-007	1531.38	1606.67	1582.42
1605.14	1065.08	129	1.#QNAN	0	0	0	6.87896e-007	1542.83	1605.14	1581.25
1603.54	1063.5	130	1.#QNAN	0	0.016	0	6.55264e-007	1519.35	1603.54	1579.97
1602.17	1062.2	131	1.#QNAN	0	0	0	6.57273e-007	1568.76	1602.17	1578.95
1600.65	1060.75	132	1.#QNAN	0	0.016	0	6.82787e-007	1514.41	1600.65	1577.75
1599.13	1059.29	133	1.#QNAN	0	0	0	6.56982e-007	1513.33	1599.13	1576.54
1597.56	1057.82	134	1.#QNAN	0	0.015	0	6.61184e-007	1502.86	1597.56	1575.25
1596.06	1056.37	135	1.#QNAN	0	0.016	0	6.73994e-007	1507.91	1596.06	1574.04
1594.73	1055.04	136	1.#QNAN	0	0	0	6.58078e-007	1529.68	1594.73	1573.01
1593.4	1053.68	137	1.#QNAN	0	0.015	0	6.65862e-007	1532.75	1593.4	1571.98
1591.97	1052.32	138	1.#QNAN	0	0	0	6.76088e-007	1501.1	1591.97	1570.81
1590.68	1051.07	139	1.#QNAN	0	0.016	0	6.79367e-007	1523.19	1590.68	1569.8
1589.44	1049.83	140	1.#QNAN	0	0	0	6.82385e-007	1527.3	1589.44	1568.85
1588.11	1048.57	141	1.#QNAN	0	0.016	0	6.9117e-007	1519.72	1588.11	1567.79
1586.84	1047.35	142	1.#QNAN	0	0	0	6.77835e-007	1525.29	1586.84	1566.79
1585.41	1046.09	143	1.#QNAN	0	0.015	0	6.94971e-007	1497.38	1585.41	1565.61
1584.24	1044.92	144	1.#QNAN	0	0.016	0	6.83733e-007	1525.71	1584.24	1564.71
1583.1	1043.8	145	1.#QNAN	0	0	0	6.8121e-007	1524.97	1583.1	1563.83
1581.9	1042.65	146	1.#QNAN	0	0.015	0	6.95698e-007	1512.99	1581.9	1562.87
1580.71	1041.51	147	1.#QNAN	0	0	0	6.99237e-007	1519.35	1580.71	1561.92
1579.69	1040.48	148	1.#QNAN	0	0.016	0	6.83272e-007	1535.53	1579.69	1561.14
1578.55	1039.43	149	1.#QNAN	0	0	0	7.01233e-007	1505.68	1578.55	1560.24
1577.49	1038.4	150	1.#QNAN	0	0.016	1	6.68387e-007	1508.08	1577.49	1559.41
1576.47	1037.41	151	1.#QNAN	0	0.015	0	6.56464e-007	1509.27	1576.47	1558.62
1575.52	1036.44	152	1.#QNAN	0	0	0	6.8777e-007	1530.82	1575.52	1557.9
1574.67	1035.55	153	1.#QNAN	0	0.016	0	6.65786e-007	1544.82	1574.67	1557.27
1573.84	1034.65	154	1.#QNAN	0	0	0	6.99437e-007	1548.21	1573.84	1556.68
1572.97	1033.71	155	1.#QNAN	0	0.015	0	6.87781e-007	1530.95	1572.97	1556.03
1572.07	1032.82	156	1.#QNAN	0	0	0	7.04262e-007	1526.8	1572.07	1555.34
1571.22	1031.92	157	1.#QNAN	0	0.016	0	6.9634e-007	1526.27	1571.22	1554.69
1570.43	1031.07	158	1.#QNAN	0	0.016	0	6.84859e-007	1539.08	1570.43	1554.11
1569.45	1030.16	159	1.#QNAN	0	0	0	6.96131e-007	1505.7	1569.45	1553.33
1568.51	1029.22	160	1.#QNAN	0	0.015	0	6.85876e-007	1537.16	1568.51	1552.58
1567.67	1028.39	161	1.#QNAN	0	0	0	6.75319e-007	1524.25	1567.67	1551.92
1566.75	1027.54	162	1.#QNAN	0	0.016	0	6.78222e-007	1507.68	1566.75	1551.19
1565.9	1026.67	163	1.#QNAN	0	0	0	7.0468e-007	1527.08	1565.9	1550.52
1564.99	1025.8	164	1.#QNAN	0	0.015	0	6.77047e-007	1505.47	1564.99	1549.78
1564.05	1024.95	165	1.#QNAN	0	0	0	6.52695e-007	1503.59	1564.05	1549.02
1563.19	1024.15	166	1.#QNAN	0	0.016	0	6.72746e-007	1513	1563.19	1548.32
1562.36	1023.34	167	1.#QNAN	0	0.016	0	6.89226e-007	1505.35	1562.36	1547.65
1561.56	1022.55	168	1.#QNAN	0	0	0	6.89417e-007	1533.04	1561.56	1547.01
1560.82	1021.79	169	1.#QNAN	0	0.015	0	6.48399e-007	1522.57	1560.82	1546.43
1560.04	1020.98	170	1.#QNAN	0	0	0	6.61721e-007	1507.94	1560.04	1545.8
1559.28	1020.18	171	1.#QNAN	0	0.016	0	6.71319e-007	1509.09	1559.28	1545.19
1558.43	1019.35	172	1.#QNAN	0	0.015	0	6.62787e-007	1518.85	1558.43	1544.48
1557.71	1018.6	173	1.#QNAN	0	0	0	6.93783e-007	1552.42	1557.71	1543.91
1556.97	1017.82	174	1.#QNAN	0	0.016	0	7.03614e-007	1512.57	1556.97	1543.32
1556.24	1017.05	175	1.#QNAN	0	0	0	7.0374e-007	1514.61	1556.24	1542.73
1555.54	1016.33	176	1.#QNAN	0	0.016	0	6.55347e-007	1511.59	1555.54	1542.17
1554.88	1015.66	177	1.#QNAN	0	0	0	6.62472e-007	1522.15	1554.88	1541.66
1554.2	1015.01	178	1.#QNAN	0	0.015	0	6.87648e-007	1518.31	1554.2	1541.11
1553.48	1014.31	179	1.#QNAN	0	0.016	0	6.90097e-007	1518.35	1553.48	1540.55
1552.79	1013.61	180	1.#QNAN	0	0	0	6.92748e-007	1523.19	1552.79	1540
1552.09	1012.94	181	1.#QNAN	0	0.015	0	7.08104e-007	1518.12	1552.09	1539.45
1551.32	1012.24	182	1.#QNAN	0	0	0	6.80772e-007	1510.47	1551.32	1538.79
1550.62	1011.57	183	1.#QNAN	0	0.016	0	7.02614e-007	1516.64	1550.62	1538.23
1549.92	1010.9	184	1.#QNAN	0	0	0	7.14097e-007	1517.65	1549.92	1537.65
1549.21	1010.2	185	1.#QNAN	0	0.016	0	7.04488e-007	1502.84	1549.21	1537.07
1548.59	1009.57	186	1.#QNAN	0	0.015	0	6.83554e-007	1511.74	1548.59	1536.57
1547.99	1008.91	187	1.#QNAN	0	0	0	6.78303e-007	1514.83	1547.99	1536.11
1547.42	1008.34	188	1.#QNAN	0	0.016	0	6.90947e-007	1523.8	1547.42	1535.68
1546.82	1007.69	189	1.#QNAN	0	0	0	6.81748e-007	1510.73	1546.82	1535.2
1546.27	1007.07	190	1.#QNAN	0	0.015	0	6.79018e-007	1516.59	1546.27	1534.77
1545.75	1006.49	191	1.#QNAN	0	0	0	6.45488e-007	1524.93	1545.75	1534.37
1545.12	1005.84	192	1.#QNAN	0	0.016	0	6.71285e-007	1508.8	1545.12	1533.86
1544.68	1005.27	193	1.#QNAN	0	0.016	0	6.81771e-007	1541.71	1544.68	1533.54
1544.06	1004.63	194	1.#QNAN	0	0	0	7.14801e-007	1512.49	1544.06	1533.04
1543.59	1004.03	195	1.#QNAN	0	0.015	0	6.65527e-007	1533.03	1543.59	1532.7
1543.04	1003.41	196	1.#QNAN	0	0	0	6.8122e-007	1515.31	1543.04	1532.26
1542.4	1002.76	197	1.#QNAN	0	0.016	0	6.85929e-007	1497.59	1542.4	1531.72
1541.89	1002.19	198	1.#QNAN	0	0	0	6.69195e-007	1529.24	1541.89	1531.32
1541.35	1001.6	199	1.#QNAN	0	0.015	0	6.78169e-007	1516.14	1541.35	1530.9
1540.82	1000.98	200	1.#QNAN	0	0.016	0	6.85303e-007	1530.93	1540.82	1530.48
1540.41	1000.43	201	1.#QNAN	0	0	0	6.81859e-007	1544.78	1540.41	1530.19
1539.89	999.881	202	1.#QNAN	0	0.016	0	7.21504e-007	1517.59	1539.89	1529.78
1539.5	999.376	203	1.#QNAN	0	0	0	6.96507e-007	1535.37	1539.5	1529.49
1539	998.797	204	1.#QNAN	0	0.015	0	6.78834e-007	1520.33	1539	1529.09
1538.5	998.258	205	1.#QNAN	0	0	0	6.79356e-007	1511.34	1538.5	1528.68
1537.98	997.72	206	1.#QNAN	0	0.016	0	6.70786e-007	1508.13	1537.98	1528.26
1537.47	997.168	207	1.#QNAN	0	0.015	0	6.99716e-007	1503.46	1537.47	1527.83
1537	996.629	208	1.#QNAN	0	0	0	6.72687e-007	1521.88	1537	1527.46
1536.53	996.115	209	1.#QNAN	0	0.016	0	6.94164e-007	1513.6	1536.53	1527.07
1535.99	995.561	210	1.#QNAN	0	0	0	7.01613e-007	1500.66	1535.99	1526.62
1535.47	995.041	211	1.#QNAN	0	0.016	0	6.82376e-007	1497.25	1535.47	1526.18
1535.13	994.604	212	1.#QNAN	0	0.015	0	6.86556e-007	1538.25	1535.13	1525.93
1534.75	994.168	213	1.#QNAN	0	0	0	7.03939e-007	1532.13	1534.75	1525.62
1534.46	993.748	214	1.#QNAN	0	0.016	0	7.00955e-007	1566	1534.46	1525.43
1534.11	993.32	215	1.#QNAN	0	0	0	6.71167e-007	1537.98	1534.11	1525.15
1533.73	992.889	216	1.#QNAN	0	0.015	0	7.06779e-007	1518.35	1533.73	1524.87
1533.38	992.461	217	1.#QNAN	0	0	0	6.89715e-007	1540.85	1533.38	1524.61
1533.01	992.012	218	1.#QNAN	0	0.016	0	6.78724e-007	1528.24	1533.01	1524.33
1532.81	991.62	219	1.#QNAN	0	0.016	0	6.88393e-007	1570.26	1532.81	1524.23
1532.46	991.196	220	1.#QNAN	0	0	0	6.82002e-007	1531.7	1532.46	1523.96
1532.14	990.734	221	1.#QNAN	0	0.015	0	6.82294e-007	1553.6	1532.14	1523.72
1531.78	990.301	222	1.#QNAN	0	0	0	7.01801e-007	1523.22	1531.78	1523.44
1531.38	989.859	223	1.#QNAN	0	0.016	0	7.06696e-007	1511.81	1531.38	1523.13
1531.06	989.435	224	1.#QNAN	0	0	0	6.62711e-007	1543.34	1531.06	1522.9
1530.78	989.042	225	1.#QNAN	0	0.015	0	6.90665e-007	1533.02	1530.78	1522.7
1530.44	988.598	226	1.#QNAN	0	0.016	0	7.04016e-007	1522.16	1530.44	1522.44
1530.04	988.172	227	1.#QNAN	0	0	0	6.89237e-007	1511.97	1530.04	1522.12
1529.7	987.732	228	1.#QNAN	0	0.016	0	6.60048e-007	1521.58	1529.7	1521.85
1529.39	987.329	229	1.#QNAN	0	0	0	6.83369e-007	1523.16	1529.39	1521.63
1529.12	986.971	230	1.#QNAN	0	0.015	0	7.09146e-007	1529.37	1529.12	1521.43
1528.81	986.603	231	1.#QNAN	0	0	0	6.7264e-007	1523.15	1528.81	1521.19
1528.53	986.276	232	1.#QNAN	0	0.016	0	6.97491e-007	1525.98	1528.53	1520.99
1528.21	985.916	233	1.#QNAN	0	0.015	0	6.81731e-007	1510.55	1528.21	1520.74
1527.94	985.584	234	1.#QNAN	0	0	0	7.17799e-007	1531.67	1527.94	1520.55
1527.62	985.232	235	1.#QNAN	0	0.016	0	6.71828e-007	1516.34	1527.62	1520.3
1527.33	984.908	236	1.#QNAN	0	0	0	6.9802e-007	1524.07	1527.33	1520.08
1527.03	984.605	237	1.#QNAN	0	0.016	0	6.88017e-007	1517.29	1527.03	1519.85
1526.7	984.293	238	1.#QNAN	0	0	0	6.89397e-007	1513.47	1526.7	1519.58
1526.42	983.954	239	1.#QNAN	0	0.015	0	6.90335e-007	1516.77	1526.42	1519.36
1526.07	983.558	240	1.#QNAN	0	0.016	0	7.13295e-007	1517.51	1526.07	1519.07
1525.92	983.27	241	1.#QNAN	0	0	0	7.10102e-007	1562.07	1525.92	1518.99
1525.65	982.912	242	1.#QNAN	0	0.015	0	7.19205e-007	1521.15	1525.65	1518.78
1525.49	982.64	243	1.#QNAN	0	0	0	7.00575e-007	1548.26	1525.49	1518.69
1525.31	982.353	244	1.#QNAN	0	0.016	0	7.02924e-007	1556.3	1525.31	1518.59
1525.03	982.03	245	1.#QNAN	0	0	0	6.99386e-007	1520.72	1525.03	1518.38
1524.78	981.698	246	1.#QNAN	0	0.016	0	6.98042e-007	1524.82	1524.78	1518.18
1524.49	981.352	247	1.#QNAN	0	0.015	0	6.83928e-007	1535	1524.49	1517.95
1524.27	981.042	248	1.#QNAN	0	0	0	6.85156e-007	1542.41	1524.27	1517.8
1524.03	980.749	249	1.#QNAN	0	0.016	0	7.01151e-007	1532.46	1524.03	1517.63
1523.79	980.435	250	1.#QNAN	0	0	0	6.7985e-007	1526.99	1523.79	1517.44
1523.49	980.105	251	1.#QNAN	0	0.015	0	6.81999e-007	1509.19	1523.49	1517.2
1523.25	979.788	252	1.#QNAN	0	0	0	7.09119e-007	1527.02	1523.25	1517.02
1523.06	979.499	253	1.#QNAN	0	0.016	0	6.96035e-007	1528.5	1523.06	1516.89
1522.83	979.215	254	1.#QNAN	0	0.016	0	7.05494e-007	1520.27	1522.83	1516.72
1522.53	978.892	255	1.#QNAN	0	0	0	6.99255e-007	1502.98	1522.53	1516.48
1522.32	978.587	256	1.#QNAN	0	0.015	0	7.10955e-007	1530.45	1522.32	1516.32
1522.05	978.258	257	1.#QNAN	0	0	0	7.02858e-007	1513.23	1522.05	1516.11
1521.77	977.971	258	1.#QNAN	0	0.016	0	7.15413e-007	1512.88	1521.77	1515.88
1521.49	977.678	259	1.#QNAN	0	0	0	7.19803e-007	1502.78	1521.49	1515.65
1521.21	977.368	260	1.#QNAN	0	0.015	0	7.14234e-007	1509.32	1521.21	1515.42
1520.92	977.04	261	1.#QNAN	0	0.016	0	7.10319e-007	1519.49	1520.92	1515.18
1520.63	976.711	262	1.#QNAN	0	0	0	7.00524e-007	1509.61	1520.63	1514.94
1520.4	976.44	263	1.#QNAN	0	0.016	1	7.0272e-007	1525.68	1520.4	1514.77
1520.22	976.163	264	1.#QNAN	0	0	0	6.98764e-007	1537.93	1520.22	1514.64
1520.09	975.909	265	1.#QNAN	0	0.015	0	6.99996e-007	1573.24	1520.09	1514.56
1519.9	975.633	266	1.#QNAN	0	0	0	7.00848e-007	1532.86	1519.9	1514.41
1519.73	975.372	267	1.#QNAN	0	0.016	0	7.14943e-007	1548.72	1519.73	1514.29
1519.51	975.021	268	1.#QNAN	0	0.015	0	7.04489e-007	1532.31	1519.51	1514.12
1519.35	974.69	269	1.#QNAN	0	0	0	7.28233e-007	1549.23	1519.35	1514
1519.1	974.378	270	1.#QNAN	0	0.016	0	7.2226e-007	1518.77	1519.1	1513.79
1518.83	974.048	271	1.#QNAN	0	0	0	6.7818e-007	1511.96	1518.83	1513.57
1518.62	973.763	272	1.#QNAN	0	0.016	0	6.99586e-007	1526.02	1518.62	1513.4
1518.36	973.479	273	1.#QNAN	0	0	0	6.99008e-007	1513.06	1518.36	1513.18
1518.14	973.203	274	1.#QNAN	0	0.015	0	7.23313e-007	1527.01	1518.14	1513
1517.87	972.913	275	1.#QNAN	0	0	0	6.88816e-007	1506.09	1517.87	1512.77
1517.69	972.669	276	1.#QNAN	0	0.016	0	7.00817e-007	1532.93	1517.69	1512.62
1517.53	972.458	277	1.#QNAN	0	0.015	0	6.92189e-007	1536.66	1517.53	1512.51
1517.34	972.213	278	1.#QNAN	0	0	0	6.87002e-007	1526.48	1517.34	1512.36
1517.18	971.989	279	1.#QNAN	0	0.016	0	7.19346e-007	1535.41	1517.18	1512.24
1517.01	971.741	280	1.#QNAN	0	0	0	7.12459e-007	1536.81	1517.01	1512.11
1516.85	971.492	281	1.#QNAN	0	0.016	0	7.2747e-007	1549.92	1516.85	1511.98
1516.69	971.285	282	1.#QNAN	0	0	0	7.04291e-007	1531.12	1516.69	1511.86
1516.46	971.03	283	1.#QNAN	0	0.015	0	7.33148e-007	1509.88	1516.46	1511.66
1516.29	970.785	284	1.#QNAN	0	0.016	0	7.0127e-007	1522.89	1516.29	1511.53
1516.11	970.537	285	1.#QNAN	0	0	0	7.12511e-007	1527.25	1516.11	1511.39
1515.97	970.291	286	1.#QNAN	0	0.015	0	7.07818e-007	1530.2	1515.97	1511.29
1515.89	970.078	287	1.#QNAN	0	0	0	7.2899e-007	1562.15	1515.89	1511.25
1515.79	969.856	288	1.#QNAN	0	0.016	0	7.2977e-007	1559.99	1515.79	1511.2
1515.7	969.653	289	1.#QNAN	0	0.016	0	7.08721e-007	1559.47	1515.7	1511.15
1515.54	969.399	290	1.#QNAN	0	0	0	7.23692e-007	1536.96	1515.54	1511.03
1515.43	969.177	291	1.#QNAN	0	0.015	0	6.96331e-007	1546.96	1515.43	1510.96
1515.34	968.958	292	1.#QNAN	0	0	0	7.03903e-007	1581	1515.34	1510.91
1515.28	968.744	293	1.#QNAN	0	0.016	0	7.05346e-007	1561.87	1515.28	1510.88
1515.19	968.516	294	1.#QNAN	0	0	0	7.21668e-007	1550.22	1515.19	1510.83
1515.08	968.325	295	1.#QNAN	0	0.015	0	7.2258e-007	1544.58	1515.08	1510.76
1514.96	968.142	296	1.#QNAN	0	0.016	0	7.09967e-007	1536.09	1514.96	1510.67
1514.83	967.912	297	1.#QNAN	0	0	0	7.04581e-007	1541.99	1514.83	1510.59
1514.72	967.704	298	1.#QNAN	0	0.016	0	7.15227e-007	1547.07	1514.72	1510.51
1514.63	967.5	299	1.#QNAN	0	0	0	7.11726e-007	1557.69	1514.63	1510.47
1514.51	967.286	300	1.#QNAN	0	0.015	0	7.12793e-007	1542.72	1514.51	1510.39
1514.33	967.044	301	1.#QNAN	0	0	0	7.15218e-007	1527.6	1514.33	1510.25
1514.15	966.813	302	1.#QNAN	0	0.016	0	7.17992e-007	1523.51	1514.15	1510.11
1513.99	966.61	303	1.#QNAN	0	0.015	0	7.08334e-007	1535.69	1513.99	1509.99
1513.8	966.383	304	1.#QNAN	0	0	0	7.23226e-007	1517.39	1513.8	1509.83
1513.65	966.192	305	1.#QNAN	0	0.016	0	7.08103e-007	1532.25	1513.65	1509.72
1513.5	965.985	306	1.#QNAN	0	0	0	6.97508e-007	1525.8	1513.5	1509.6
1513.36	965.789	307	1.#QNAN	0	0.016	0	7.28703e-007	1530.14	1513.36	1509.5
1513.22	965.594	308	1.#QNAN	0	0	0	7.22059e-007	1521.55	1513.22	1509.39
1513.03	965.387	309	1.#QNAN	0	0.015	0	7.0031e-007	1519.75	1513.03	1509.23
1512.89	965.218	310	1.#QNAN	0	0.016	0	7.1662e-007	1521.5	1512.89	1509.13
1512.8	965.016	311	1.#QNAN	0	0	0	7.39152e-007	1531.99	1512.8	1509.06
1512.67	964.831	312	1.#QNAN	0	0.015	0	7.00065e-007	1526.58	1512.67	1508.97
1512.48	964.62	313	1.#QNAN	0	0	0	7.22932e-007	1517.11	1512.48	1508.81
1512.28	964.39	314	1.#QNAN	0	0.016	0	7.10205e-007	1504.68	1512.28	1508.63
1512.11	964.198	315	1.#QNAN	0	0	0	7.09142e-007	1523.71	1512.11	1508.49
1511.96	963.985	316	1.#QNAN	0	0.016	0	7.21101e-007	1518.77	1511.96	1508.37
1511.8	963.772	317	1.#QNAN	0	0	0	7.19217e-007	1520.18	1511.8	1508.24
1511.67	963.609	318	1.#QNAN	0	0.015	0	7.39932e-007	1517.88	1511.67	1508.14
1511.53	963.43	319	1.#QNAN	0	0.016	0	7.12598e-007	1524.75	1511.53	1508.03
1511.36	963.244	320	1.#QNAN	0	0	0	7.33543e-007	1513.35	1511.36	1507.88
1511.24	963.068	321	1.#QNAN	0	0.015	0	7.27504e-007	1523.9	1511.24	1507.78
1511.16	962.898	322	1.#QNAN	0	0	0	7.49665e-007	1536.94	1511.16	1507.73
1511.07	962.715	323	1.#QNAN	0	0.016	0	7.05178e-007	1537.43	1511.07	1507.66
1510.99	962.536	324	1.#QNAN	0	0	0	7.27167e-007	1544.29	1510.99	1507.62
1510.87	962.343	325	1.#QNAN	0	0.016	0	7.23167e-007	1528.66	1510.87	1507.52
1510.79	962.169	326	1.#QNAN	0	0.015	0	7.07534e-007	1545.06	1510.79	1507.48
1510.63	961.961	327	1.#QNAN	0	0	0	6.96356e-007	1526.5	1510.63	1507.35
1510.57	961.792	328	1.#QNAN	0	0.016	0	7.14242e-007	1557.52	1510.57	1507.33
1510.48	961.634	329	1.#QNAN	0	0	0	7.23605e-007	1544.32	1510.48	1507.27
1510.41	961.478	330	1.#QNAN	0	0.015	0	7.5774e-007	1570.01	1510.41	1507.24
1510.37	961.332	331	1.#QNAN	0	0	0	7.25401e-007	1576.79	1510.37	1507.22
1510.3	961.151	332	1.#QNAN	0	0.016	0	7.35004e-007	1565.96	1510.3	1507.19
1510.22	960.954	333	1.#QNAN	0	0.016	0	7.49117e-007	1548.4	1510.22	1507.13
1510.11	960.788	334	1.#QNAN	0	0	0	7.18563e-007	1535.76	1510.11	1507.05
1510	960.637	335	1.#QNAN	0	0.015	0	7.23006e-007	1527.9	1510	1506.97
1509.92	960.491	336	1.#QNAN	0	0	0	7.14982e-007	1542.94	1509.92	1506.91
1509.78	960.313	337	1.#QNAN	0	0.016	0	7.4909e-007	1525.58	1509.78	1506.8
1509.66	960.131	338	1.#QNAN	0	0	0	7.09833e-007	1527.43	1509.66	1506.7
1509.46	959.939	339	1.#QNAN	0	0.015	0	7.4241e-007	1519.66	1509.46	1506.52
1509.33	959.771	340	1.#QNAN	0	0.016	0	7.1764e-007	1523.41	1509.33	1506.42
1509.23	959.624	341	1.#QNAN	0	0	0	7.1639e-007	1532.34	1509.23	1506.35
1509.11	959.458	342	1.#QNAN	0	0.016	0	7.03551e-007	1533.63	1509.11	1506.26
1508.97	959.279	343	1.#QNAN	0	0	0	7.24905e-007	1511.7	1508.97	1506.13
1508.85	959.128	344	1.#QNAN	0	0.015	0	6.94459e-007	1524.63	1508.85	1506.04
1508.79	958.988	345	1.#QNAN	0	0	0	7.19261e-007	1548.31	1508.79	1506
1508.73	958.853	346	1.#QNAN	0	0.016	0	7.18689e-007	1541.07	1508.73	1505.97
1508.7	958.711	347	1.#QNAN	0	0	0	7.23145e-007	1549.14	1508.7	1505.96
1508.59	958.537	348	1.#QNAN	0	0.015	0	7.07501e-007	1532.5	1508.59	1505.87
1508.53	958.404	349	1.#QNAN	0	0.016	0	7.2446e-007	1539.84	1508.53	1505.84
1508.42	958.241	350	1.#QNAN	0	0	0	7.20158e-007	1521.96	1508.42	1505.75
1508.35	958.078	351	1.#QNAN	0	0.016	0	7.62581e-007	1539.03	1508.35	1505.7
1508.28	957.916	352	1.#QNAN	0	0	0	7.2991e-007	1533.37	1508.28	1505.65
1508.22	957.782	353	1.#QNAN	0	0.015	0	7.41811e-007	1542.32	1508.22	1505.61
1508.14	957.631	354	1.#QNAN	0	0.016	0	7.31624e-007	1539.75	1508.14	1505.56
1508.04	957.471	355	1.#QNAN	0	0	0	7.12714e-007	1531.15	1508.04	1505.49
1507.89	957.283	356	1.#QNAN	0	0.015	0	7.23292e-007	1509.71	1507.89	1505.36
1507.76	957.121	357	1.#QNAN	0	0	0	7.37687e-007	1510.55	1507.76	1505.24
1507.57	956.929	358	1.#QNAN	0	0.016	0	7.10041e-007	1493.11	1507.57	1505.07
1507.4	956.74	359	1.#QNAN	0	0	0	7.15694e-007	1518.88	1507.4	1504.92
1507.27	956.6	360	1.#QNAN	0	0.016	0	7.25947e-007	1514.1	1507.27	1504.81
1507.17	956.443	361	1.#QNAN	0	0.015	0	7.12831e-007	1517.01	1507.17	1504.73
1507.09	956.304	362	1.#QNAN	0	0	0	6.93502e-007	1526.81	1507.09	1504.67
1506.99	956.159	363	1.#QNAN	0	0.016	0	7.12068e-007	1536.77	1506.99	1504.59
1506.91	956.021	364	1.#QNAN	0	0	0	7.04083e-007	1540.62	1506.91	1504.53
1506.84	955.912	365	1.#QNAN	0	0.015	0	7.03414e-007	1528.58	1506.84	1504.48
1506.77	955.795	366	1.#QNAN	0	0	0	7.14848e-007	1537.33	1506.77	1504.43
1506.73	955.69	367	1.#QNAN	0	0.016	0	7.2787e-007	1534.87	1506.73	1504.4
1506.65	955.56	368	1.#QNAN	0	0.016	0	7.32862e-007	1525.16	1506.65	1504.34
1506.55	955.422	369	1.#QNAN	0	0	0	6.8709e-007	1517.9	1506.55	1504.26
1506.53	955.317	370	1.#QNAN	0	0.015	0	7.36323e-007	1548.83	1506.53	1504.26
1506.47	955.197	371	1.#QNAN	0	0	0	7.40279e-007	1535.91	1506.47	1504.22
1506.51	955.145	372	1.#QNAN	0	0.016	0	7.35096e-007	1571.26	1506.51	1504.28
1506.5	955.051	373	1.#QNAN	0	0	0	6.97334e-007	1539.8	1506.5	1504.28
1506.46	954.948	374	1.#QNAN	0	0.015	0	7.2954e-007	1535.03	1506.46	1504.26
1506.41	954.824	375	1.#QNAN	0	0	0	7.13424e-007	1539.98	1506.41	1504.23
1506.37	954.75	376	1.#QNAN	0	0.016	1	6.97872e-007	1539.31	1506.37	1504.21
1506.42	954.693	377	1.#QNAN	0	0.016	0	7.20041e-007	1568.25	1506.42	1504.28
1506.43	954.627	378	1.#QNAN	0	0	0	7.07969e-007	1559.49	1506.43	1504.3
1506.37	954.508	379	1.#QNAN	0	0.015	0	7.24969e-007	1523.34	1506.37	1504.27
1506.3	954.418	380	1.#QNAN	0	0	0	7.18947e-007	1524.22	1506.3	1504.21
1506.19	954.302	381	1.#QNAN	0	0.016	0	7.09338e-007	1524.3	1506.19	1504.11
1506.11	954.196	382	1.#QNAN	0	0	0	7.13686e-007	1524.96	1506.11	1504.04
1506.02	954.076	383	1.#QNAN	0	0.015	0	7.24146e-007	1510.19	1506.02	1503.96
1505.97	953.955	384	1.#QNAN	0	0.016	0	7.29264e-007	1526.97	1505.97	1503.92
1505.92	953.868	385	1.#QNAN	0	0	0	7.23107e-007	1521	1505.92	1503.88
1505.86	953.754	386	1.#QNAN	0	0.016	0	7.38142e-007	1518.83	1505.86	1503.84
1505.82	953.658	387	1.#QNAN	0	0	0	7.00522e-007	1540.71	1505.82	1503.81
1505.7	953.517	388	1.#QNAN	0	0.015	0	7.45103e-007	1500.65	1505.7	1503.71
1505.55	953.353	389	1.#QNAN	0	0.016	0	7.32883e-007	1527.92	1505.55	1503.57
1505.45	953.213	390	1.#QNAN	0	0	0	7.18503e-007	1519.05	1505.45	1503.48
1505.37	953.085	391	1.#QNAN	0	0.015	0	7.07279e-007	1509.9	1505.37	1503.41
1505.27	952.968	392	1.#QNAN	0	0	0	7.2156e-007	1499.29	1505.27	1503.32
1505.25	952.906	393	1.#QNAN	0	0.016	0	7.08426e-007	1559.28	1505.25	1503.32
1505.21	952.797	394	1.#QNAN	0	0	0	7.19246e-007	1524.36	1505.21	1503.3
1505.16	952.695	395	1.#QNAN	0	0.016	0	7.32686e-007	1530.17	1505.16	1503.26
1505.09	952.577	396	1.#QNAN	0	0.015	0	7.2751e-007	1515.44	1505.09	1503.2
1505.08	952.487	397	1.#QNAN	0	0	0	7.22733e-007	1538.42	1505.08	1503.2
1505.05	952.384	398	1.#QNAN	0	0.016	0	7.22837e-007	1545.5	1505.05	1503.19
1505.02	952.291	399	1.#QNAN	0	0	0	6.89016e-007	1527.26	1505.02	1503.17
