rmse	mae	#iter	time_pred	time_learn	time_learn2	time_learn4	alpha	rmse_mcmc_this	rmse_mcmc_all	rmse_mcmc_all_but5
2212.11	1617.71	0	1.#QNAN	0	0	0	5.27157e-008	2212.11	2212.11	3999.82
1657	1233.24	1	1.#QNAN	0	0.016	0	1.97314e-007	1471.54	1657	3999.82
1529.86	1133.83	2	1.#QNAN	0	0	0	4.29164e-007	1461.76	1529.86	3999.82
1487.22	1097.69	3	1.#QNAN	0	0.015	0	4.46342e-007	1453.43	1487.22	3999.82
1467.62	1076.9	4	1.#QNAN	0	0.016	0	4.32254e-007	1465.36	1467.62	37739.9
1456.15	1063.69	5	1.#QNAN	0	0	0	4.65993e-007	1445.34	1456.15	1445.34
1446.85	1053.98	6	1.#QNAN	0	0.015	0	4.38272e-007	1425.49	1446.85	1427.2
1439.01	1046.31	7	1.#QNAN	0	0	0	4.70826e-007	1423.48	1439.01	1421.27
1431.74	1039.77	8	1.#QNAN	0	0.016	0	4.46792e-007	1404.73	1431.74	1414.41
1425.91	1032.74	9	1.#QNAN	0	0.016	0	4.65136e-007	1407.9	1425.91	1409.82
1419.06	1026.38	10	1.#QNAN	0	0	0	4.96693e-007	1384.95	1419.06	1402.52
1413.64	1020.87	11	1.#QNAN	0	0.015	0	4.79906e-007	1379.48	1413.64	1397.34
1407.39	1014.54	12	1.#QNAN	0	0	0	4.79945e-007	1360.2	1407.39	1390.65
1402.04	1008.77	13	1.#QNAN	0	0.016	0	5.02714e-007	1363.54	1402.04	1385.83
1397.69	1004.35	14	1.#QNAN	0	0.015	0	5.09625e-007	1363.37	1397.69	1382.11
1393.12	999.012	15	1.#QNAN	0	0	0	5.05007e-007	1355.74	1393.12	1377.96
1387.45	993.274	16	1.#QNAN	0	0.016	0	5.31908e-007	1330.72	1387.45	1372.14
1381.91	988.225	17	1.#QNAN	0	0.016	0	5.22209e-007	1331.62	1381.91	1366.96
1377.4	983.215	18	1.#QNAN	0	0	0	5.18091e-007	1346.95	1377.4	1363.15
1372.08	978.076	19	1.#QNAN	0	0.015	0	5.47315e-007	1331.38	1372.08	1358.34
1366.03	972.287	20	1.#QNAN	0	0	0	5.67146e-007	1312.23	1366.03	1352.46
1360.82	967.194	21	1.#QNAN	0	0.016	0	5.77478e-007	1357.42	1360.82	1347.95
1355.26	961.213	22	1.#QNAN	0	0	0	5.50593e-007	1346.71	1355.26	1343.04
1350.56	956.81	23	1.#QNAN	0	0.015	0	5.70233e-007	1365.89	1350.56	1339.26
1345.35	951.068	24	1.#QNAN	0	0.016	0	5.77074e-007	1398.7	1345.35	1335.08
1341.25	945.949	25	1.#QNAN	0	0	0	5.51771e-007	1397.36	1341.25	1332.11
1337.4	941.594	26	1.#QNAN	0	0.016	0	6.27327e-007	1439.55	1337.4	1329.66
1334	936.711	27	1.#QNAN	0	0	0	5.99539e-007	1448.95	1334	1327.56
1331.82	932.012	28	1.#QNAN	0	0.015	0	6.02152e-007	1473.72	1331.82	1326.93
1330.05	928.441	29	1.#QNAN	0	0	0	6.1281e-007	1492.85	1330.05	1326.78
1328.56	925.584	30	1.#QNAN	0	0.016	0	6.05987e-007	1475.85	1328.56	1326.71
1327.51	923.148	31	1.#QNAN	0	0.015	0	6.40041e-007	1491.48	1327.51	1327.08
1326.37	920.588	32	1.#QNAN	0	0	0	6.4064e-007	1512.74	1326.37	1327.41
1326.01	918.854	33	1.#QNAN	0	0.016	0	6.52197e-007	1497.24	1326.01	1328.34
1326.02	917.423	34	1.#QNAN	0	0	0	6.44372e-007	1524.25	1326.02	1329.74
1324.9	915.342	35	1.#QNAN	0	0.016	0	6.4028e-007	1436.18	1324.9	1329.44
1324.21	913.249	36	1.#QNAN	0	0	0	6.44787e-007	1447.94	1324.21	1329.61
1323.75	911.301	37	1.#QNAN	0	0.015	0	6.49941e-007	1442.7	1323.75	1329.89
1324.09	909.934	38	1.#QNAN	0	0.016	1	6.40925e-007	1479.81	1324.09	1331.1
1324.17	908.363	39	1.#QNAN	0	0	0	6.54631e-007	1446.22	1324.17	1331.8
1323.85	906.603	40	1.#QNAN	0	0.015	0	6.51194e-007	1420	1323.85	1331.9
1324.11	905.018	41	1.#QNAN	0	0	0	6.40943e-007	1444.42	1324.11	1332.7
1324.11	903.739	42	1.#QNAN	0	0.016	0	6.4847e-007	1424.34	1324.11	1333.16
1324.31	902.712	43	1.#QNAN	0	0	0	6.44899e-007	1442.91	1324.31	1333.83
1325.02	901.946	44	1.#QNAN	0	0.016	0	6.56213e-007	1470.33	1325.02	1335.09
1324.93	900.566	45	1.#QNAN	0	0.015	0	6.33189e-007	1423.85	1324.93	1335.34
1325.26	899.304	46	1.#QNAN	0	0	0	6.74857e-007	1432.63	1325.26	1336.03
1325.71	898.18	47	1.#QNAN	0	0.016	0	6.7437e-007	1459.45	1325.71	1336.81
1326.55	897.236	48	1.#QNAN	0	0	0	6.51473e-007	1469.78	1326.55	1338
1327.4	896.244	49	1.#QNAN	0	0.015	0	6.47648e-007	1469.42	1327.4	1339.19
1328.43	895.579	50	1.#QNAN	0	0	0	6.45148e-007	1472.42	1328.43	1340.53
1328.48	894.682	51	1.#QNAN	0	0.016	0	6.46893e-007	1405.5	1328.48	1340.7
1329.16	893.651	52	1.#QNAN	0	0.016	0	6.34779e-007	1474.41	1329.16	1341.73
1329.26	892.444	53	1.#QNAN	0	0	0	6.49998e-007	1425.49	1329.26	1341.99
1329.14	891.369	54	1.#QNAN	0	0.015	0	6.39523e-007	1427.1	1329.14	1342.01
1328.36	890.268	55	1.#QNAN	0	0	0	6.77342e-007	1355.55	1328.36	1341.14
1327.91	889.33	56	1.#QNAN	0	0.016	0	6.67234e-007	1356.82	1327.91	1340.6
1327.74	888.218	57	1.#QNAN	0	0	0	6.65454e-007	1379.5	1327.74	1340.44
1327.56	887.312	58	1.#QNAN	0	0.015	0	6.49346e-007	1385.01	1327.56	1340.27
1327.89	886.336	59	1.#QNAN	0	0	0	6.48918e-007	1432.16	1327.89	1340.66
1328.07	885.528	60	1.#QNAN	0	0.016	0	6.64451e-007	1410.56	1328.07	1340.88
1327.36	884.656	61	1.#QNAN	0	0.016	0	6.46491e-007	1348.95	1327.36	1340.04
1326.99	883.81	62	1.#QNAN	0	0	0	6.56599e-007	1361.13	1326.99	1339.57
1326.05	882.795	63	1.#QNAN	0	0.015	0	6.67211e-007	1315.7	1326.05	1338.43
1325.52	882.3	64	1.#QNAN	0	0	0	6.50421e-007	1341.39	1325.52	1337.71
1325	881.472	65	1.#QNAN	0	0.016	0	6.46836e-007	1336.64	1325	1337.05
1324.81	881.079	66	1.#QNAN	0	0.015	0	6.65239e-007	1369.27	1324.81	1336.79
1324.47	880.671	67	1.#QNAN	0	0	0	6.5387e-007	1346.86	1324.47	1336.31
1324.42	880.253	68	1.#QNAN	0	0.016	0	7.05268e-007	1375.64	1324.42	1336.2
1323.96	879.608	69	1.#QNAN	0	0	0	6.78638e-007	1348.72	1323.96	1335.6
1323.65	879.094	70	1.#QNAN	0	0.016	0	6.52295e-007	1345.45	1323.65	1335.18
1323.55	878.717	71	1.#QNAN	0	0	0	6.6094e-007	1364.14	1323.55	1334.95
1323.23	878.238	72	1.#QNAN	0	0.015	0	6.53164e-007	1349.08	1323.23	1334.51
1322.99	877.819	73	1.#QNAN	0	0.016	0	7.01608e-007	1359.36	1322.99	1334.15
1322.65	877.276	74	1.#QNAN	0	0	0	6.62522e-007	1368.82	1322.65	1333.72
1322.39	876.802	75	1.#QNAN	0	0.015	0	6.7316e-007	1361.98	1322.39	1333.34
1322.38	876.18	76	1.#QNAN	0	0	0	6.75965e-007	1393.94	1322.38	1333.25
1322.2	875.378	77	1.#QNAN	0	0.016	0	6.69763e-007	1386.04	1322.2	1332.95
1321.97	874.826	78	1.#QNAN	0	0	0	7.20557e-007	1388.39	1321.97	1332.58
1321.95	874.278	79	1.#QNAN	0	0.016	0	6.99864e-007	1399.76	1321.95	1332.48
1321.21	873.421	80	1.#QNAN	0	0.015	0	7.21796e-007	1373.78	1321.21	1331.57
1320.97	872.755	81	1.#QNAN	0	0	0	7.13313e-007	1390.83	1320.97	1331.22
1320.2	872.056	82	1.#QNAN	0	0.016	0	7.1328e-007	1355.31	1320.2	1330.3
1319.32	871.44	83	1.#QNAN	0	0	0	7.10735e-007	1341.84	1319.32	1329.25
1318.66	870.911	84	1.#QNAN	0	0.015	0	7.17386e-007	1369.33	1318.66	1328.45
1318.09	870.336	85	1.#QNAN	0	0	0	6.7823e-007	1378.62	1318.09	1327.75
1317.48	869.748	86	1.#QNAN	0	0.016	0	7.20419e-007	1361.79	1317.48	1327.01
1316.61	868.982	87	1.#QNAN	0	0.016	0	7.12292e-007	1351.25	1316.61	1325.97
1316.09	868.393	88	1.#QNAN	0	0	0	6.8227e-007	1399.95	1316.09	1325.32
1315.74	867.721	89	1.#QNAN	0	0.015	0	7.36462e-007	1394.63	1315.74	1324.88
1314.98	867.015	90	1.#QNAN	0	0	0	7.114e-007	1374.4	1314.98	1323.94
1314.5	866.263	91	1.#QNAN	0	0.016	0	7.13745e-007	1396.36	1314.5	1323.34
1314.04	865.597	92	1.#QNAN	0	0	0	6.99478e-007	1383.23	1314.04	1322.75
1313.54	864.956	93	1.#QNAN	0	0.015	0	7.08493e-007	1375.85	1313.54	1322.13
1312.83	864.315	94	1.#QNAN	0	0.016	0	6.96181e-007	1357.95	1312.83	1321.27
1312.19	863.597	95	1.#QNAN	0	0	0	6.74389e-007	1350.69	1312.19	1320.5
1311.82	863.085	96	1.#QNAN	0	0.016	0	7.36567e-007	1356.4	1311.82	1320.03
1311.56	862.668	97	1.#QNAN	0	0	0	6.92676e-007	1384.11	1311.56	1319.69
1310.92	862.046	98	1.#QNAN	0	0.015	0	7.05586e-007	1348.06	1310.92	1318.94
1309.92	861.432	99	1.#QNAN	0	0	0	7.06152e-007	1343.33	1309.92	1317.78
1308.99	860.721	100	1.#QNAN	0	0.016	0	7.09129e-007	1341.62	1308.99	1316.71
1308.26	860.137	101	1.#QNAN	0	0.015	0	7.14684e-007	1337.04	1308.26	1315.85
1307.88	859.622	102	1.#QNAN	0	0	0	7.18088e-007	1360.88	1307.88	1315.39
1307.1	859.085	103	1.#QNAN	0	0.016	0	7.31659e-007	1330.16	1307.1	1314.49
1306.57	858.571	104	1.#QNAN	0	0	0	7.12869e-007	1355.57	1306.57	1313.87
1306.52	858.236	105	1.#QNAN	0	0.016	0	6.99526e-007	1405.31	1306.52	1313.76
1306.4	857.76	106	1.#QNAN	0	0	0	7.1447e-007	1414.08	1306.4	1313.61
1305.73	857.096	107	1.#QNAN	0	0.015	0	7.22376e-007	1341.44	1305.73	1312.85
1305.01	856.516	108	1.#QNAN	0	0.016	0	7.06026e-007	1333.04	1305.01	1312.02
1304.53	856	109	1.#QNAN	0	0	0	7.35516e-007	1362.21	1304.53	1311.46
1303.98	855.54	110	1.#QNAN	0	0.015	0	7.24674e-007	1340.69	1303.98	1310.82
1303.38	854.996	111	1.#QNAN	0	0	0	7.14855e-007	1340.59	1303.38	1310.13
1302.73	854.381	112	1.#QNAN	0	0.016	0	7.32979e-007	1349.42	1302.73	1309.39
1302	853.848	113	1.#QNAN	0	0	0	7.1446e-007	1323.94	1302	1308.56
1301.03	853.256	114	1.#QNAN	0	0.016	0	6.9979e-007	1308.27	1301.03	1307.47
1300.18	852.735	115	1.#QNAN	0	0.015	0	6.8621e-007	1322.54	1300.18	1306.49
1299.21	852.279	116	1.#QNAN	0	0	0	7.24625e-007	1307.46	1299.21	1305.4
1298.32	851.746	117	1.#QNAN	0	0.016	0	7.03807e-007	1328.58	1298.32	1304.4
1297.5	851.346	118	1.#QNAN	0	0	0	7.43131e-007	1295.24	1297.5	1303.47
1296.84	850.932	119	1.#QNAN	0	0.015	0	7.39789e-007	1315.59	1296.84	1302.73
1296.03	850.48	120	1.#QNAN	0	0	0	7.24882e-007	1311.32	1296.03	1301.82
1295.26	850.144	121	1.#QNAN	0	0.016	0	7.05307e-007	1295.08	1295.26	1300.96
1294.48	849.676	122	1.#QNAN	0	0	0	7.08444e-007	1297.4	1294.48	1300.09
1293.81	849.286	123	1.#QNAN	0	0.016	0	7.22528e-007	1296.67	1293.81	1299.35
1293.04	848.777	124	1.#QNAN	0	0.015	0	7.05832e-007	1296.1	1293.04	1298.5
1292.55	848.427	125	1.#QNAN	0	0	0	7.25253e-007	1306.01	1292.55	1297.96
1292.26	847.994	126	1.#QNAN	0	0.016	0	6.98314e-007	1348.43	1292.26	1297.63
1292.38	847.739	127	1.#QNAN	0	0	0	7.27969e-007	1394.3	1292.38	1297.73
1292.19	847.447	128	1.#QNAN	0	0.015	0	6.91719e-007	1335.73	1292.19	1297.49
1291.84	847.152	129	1.#QNAN	0	0.016	0	7.08828e-007	1318.4	1291.84	1297.1
1291.72	846.993	130	1.#QNAN	0	0	0	7.26334e-007	1345.53	1291.72	1296.95
1291.66	846.875	131	1.#QNAN	0	0.016	0	7.08473e-007	1347.03	1291.66	1296.86
1291.31	846.599	132	1.#QNAN	0	0	0	7.2599e-007	1305.67	1291.31	1296.46
1290.68	846.197	133	1.#QNAN	0	0.015	0	7.31329e-007	1285.51	1290.68	1295.76
1290.38	845.938	134	1.#QNAN	0	0	0	7.11501e-007	1326.94	1290.38	1295.41
1290.04	845.637	135	1.#QNAN	0	0.016	0	7.27118e-007	1317.9	1290.04	1295.02
1289.85	845.468	136	1.#QNAN	0	0.015	0	7.14003e-007	1326.39	1289.85	1294.8
1289.77	845.154	137	1.#QNAN	0	0	0	7.2708e-007	1360.9	1289.77	1294.7
1289.65	844.957	138	1.#QNAN	0	0.016	0	6.99995e-007	1364.91	1289.65	1294.55
1289.47	844.767	139	1.#QNAN	0	0.016	0	7.08028e-007	1361.4	1289.47	1294.34
1289.27	844.547	140	1.#QNAN	0	0	0	7.27616e-007	1326.67	1289.27	1294.1
1289	844.264	141	1.#QNAN	0	0.015	0	7.10759e-007	1314.22	1289	1293.79
1288.91	844.178	142	1.#QNAN	0	0	0	7.09073e-007	1333.87	1288.91	1293.68
1288.61	843.948	143	1.#QNAN	0	0.016	0	6.9847e-007	1311.98	1288.61	1293.33
1288.53	843.855	144	1.#QNAN	0	0	0	7.06768e-007	1353.34	1288.53	1293.22
1288.5	843.793	145	1.#QNAN	0	0.015	0	7.49001e-007	1341.66	1288.5	1293.17
1288.31	843.611	146	1.#QNAN	0	0	0	7.26669e-007	1319.81	1288.31	1292.95
1288.29	843.501	147	1.#QNAN	0	0.016	0	7.36566e-007	1346.51	1288.29	1292.9
1288.34	843.381	148	1.#QNAN	0	0.016	0	7.12019e-007	1370.77	1288.34	1292.93
1288.34	843.202	149	1.#QNAN	0	0	0	7.16279e-007	1353.83	1288.34	1292.91
1288.33	843.11	150	1.#QNAN	0	0.015	1	7.14063e-007	1338.46	1288.33	1292.88
1288.39	842.964	151	1.#QNAN	0	0	0	7.11975e-007	1372.53	1288.39	1292.92
1288.61	842.872	152	1.#QNAN	0	0.016	0	6.87058e-007	1377.93	1288.61	1293.13
1288.8	842.74	153	1.#QNAN	0	0	0	7.09117e-007	1382.19	1288.8	1293.3
1288.94	842.519	154	1.#QNAN	0	0.015	0	6.97746e-007	1392.84	1288.94	1293.44
1289	842.328	155	1.#QNAN	0	0.016	0	7.38414e-007	1368.44	1289	1293.47
1288.79	842.099	156	1.#QNAN	0	0	0	7.01764e-007	1322.87	1288.79	1293.23
1288.71	841.922	157	1.#QNAN	0	0.016	0	7.4076e-007	1346.37	1288.71	1293.12
1288.77	841.785	158	1.#QNAN	0	0	0	7.12269e-007	1362.99	1288.77	1293.16
1288.97	841.736	159	1.#QNAN	0	0.015	0	7.01168e-007	1414.19	1288.97	1293.36
1288.78	841.579	160	1.#QNAN	0	0	0	7.1989e-007	1335.52	1288.78	1293.14
1288.69	841.46	161	1.#QNAN	0	0.016	0	7.10392e-007	1349.11	1288.69	1293.01
1288.54	841.333	162	1.#QNAN	0	0	0	7.30697e-007	1337.43	1288.54	1292.84
1288.72	841.224	163	1.#QNAN	0	0.015	0	7.42021e-007	1383.73	1288.72	1293.02
1288.66	841.131	164	1.#QNAN	0	0.016	0	7.58208e-007	1361.49	1288.66	1292.93
1288.49	841.008	165	1.#QNAN	0	0	0	7.23484e-007	1351.42	1288.49	1292.73
1288.45	840.921	166	1.#QNAN	0	0.016	0	7.08516e-007	1354.38	1288.45	1292.68
1288.39	840.922	167	1.#QNAN	0	0	0	7.27199e-007	1367.5	1288.39	1292.6
1288.34	840.856	168	1.#QNAN	0	0.015	0	7.18864e-007	1367.97	1288.34	1292.52
1288.47	840.874	169	1.#QNAN	0	0	0	6.96514e-007	1395.76	1288.47	1292.64
1288.41	840.787	170	1.#QNAN	0	0.016	0	7.05705e-007	1350.7	1288.41	1292.56
1288.55	840.801	171	1.#QNAN	0	0.015	0	7.48016e-007	1387.57	1288.55	1292.69
1288.8	840.761	172	1.#QNAN	0	0	0	7.09414e-007	1416.86	1288.8	1292.95
1289.26	840.827	173	1.#QNAN	0	0.016	0	7.05232e-007	1476.35	1289.26	1293.41
1289.43	840.738	174	1.#QNAN	0	0	0	7.37379e-007	1409.33	1289.43	1293.57
1289.63	840.594	175	1.#QNAN	0	0.016	0	7.18944e-007	1427.04	1289.63	1293.77
1289.47	840.43	176	1.#QNAN	0	0	0	7.16618e-007	1342.2	1289.47	1293.58
1289.4	840.412	177	1.#QNAN	0	0.015	0	7.27862e-007	1365.46	1289.4	1293.49
1289.48	840.345	178	1.#QNAN	0	0.016	0	7.0895e-007	1402.11	1289.48	1293.56
1289.52	840.243	179	1.#QNAN	0	0	0	7.14361e-007	1385.73	1289.52	1293.58
1289.58	840.147	180	1.#QNAN	0	0.015	0	7.17328e-007	1394.02	1289.58	1293.63
1289.64	840.012	181	1.#QNAN	0	0	0	7.30316e-007	1380.37	1289.64	1293.67
1289.84	840.061	182	1.#QNAN	0	0.016	0	7.0949e-007	1391.93	1289.84	1293.86
1289.9	840.079	183	1.#QNAN	0	0	0	6.99879e-007	1359.87	1289.9	1293.91
1290.07	840.093	184	1.#QNAN	0	0.016	0	7.13068e-007	1377.47	1290.07	1294.07
1290.3	840.044	185	1.#QNAN	0	0	0	7.17535e-007	1397.5	1290.3	1294.29
1290.5	839.976	186	1.#QNAN	0	0.015	0	7.21547e-007	1381.55	1290.5	1294.49
1290.47	839.858	187	1.#QNAN	0	0.016	0	7.28521e-007	1364.5	1290.47	1294.45
1290.61	839.81	188	1.#QNAN	0	0	0	7.00295e-007	1380.75	1290.61	1294.58
1290.55	839.713	189	1.#QNAN	0	0.015	0	6.85079e-007	1333.29	1290.55	1294.5
1290.57	839.674	190	1.#QNAN	0	0	0	7.48598e-007	1336.72	1290.57	1294.5
1290.48	839.589	191	1.#QNAN	0	0.016	0	7.10985e-007	1326.35	1290.48	1294.38
1290.5	839.559	192	1.#QNAN	0	0	0	7.16349e-007	1340.73	1290.5	1294.39
1290.3	839.489	193	1.#QNAN	0	0.016	0	7.01183e-007	1310.93	1290.3	1294.17
1290.09	839.444	194	1.#QNAN	0	0.015	0	6.81827e-007	1311.16	1290.09	1293.93
1290.11	839.395	195	1.#QNAN	0	0	0	7.02216e-007	1339.35	1290.11	1293.93
1290.06	839.281	196	1.#QNAN	0	0.016	0	7.12299e-007	1323.84	1290.06	1293.87
1290.01	839.224	197	1.#QNAN	0	0	0	7.20824e-007	1328.14	1290.01	1293.8
1289.98	839.162	198	1.#QNAN	0	0.015	0	7.27731e-007	1335.22	1289.98	1293.75
1289.93	839.073	199	1.#QNAN	0	0	0	7.01601e-007	1337.19	1289.93	1293.68
1289.9	839.047	200	1.#QNAN	0	0.016	0	7.33399e-007	1347.2	1289.9	1293.63
1289.56	838.84	201	1.#QNAN	0	0.016	0	7.29537e-007	1286.07	1289.56	1293.25
1289.14	838.6	202	1.#QNAN	0	0	0	7.48041e-007	1276.01	1289.14	1292.8
1288.65	838.4	203	1.#QNAN	0	0.015	0	7.24854e-007	1281.61	1288.65	1292.28
1288.26	838.244	204	1.#QNAN	0	0	0	7.22832e-007	1291.81	1288.26	1291.87
1288.07	838.142	205	1.#QNAN	0	0.016	0	7.23327e-007	1319.34	1288.07	1291.65
1287.9	838.055	206	1.#QNAN	0	0	0	7.02445e-007	1320.88	1287.9	1291.47
1287.88	837.929	207	1.#QNAN	0	0	0	7.10188e-007	1360.96	1287.88	1291.43
1287.83	837.829	208	1.#QNAN	0	0.016	0	7.14987e-007	1326.01	1287.83	1291.37
1287.89	837.801	209	1.#QNAN	0	0	0	7.14781e-007	1377.08	1287.89	1291.42
1287.97	837.78	210	1.#QNAN	0	0.016	0	7.16211e-007	1360.76	1287.97	1291.49
1288.12	837.727	211	1.#QNAN	0	0	0	7.26691e-007	1381.24	1288.12	1291.63
1288.51	837.773	212	1.#QNAN	0	0.015	0	7.31126e-007	1447.29	1288.51	1292.03
1288.57	837.776	213	1.#QNAN	0	0.016	0	6.76141e-007	1352.32	1288.57	1292.08
1288.72	837.724	214	1.#QNAN	0	0	0	7.23066e-007	1391.74	1288.72	1292.22
1288.59	837.565	215	1.#QNAN	0	0.015	0	7.08863e-007	1334.46	1288.59	1292.08
1288.32	837.46	216	1.#QNAN	0	0	0	7.30008e-007	1310.87	1288.32	1291.78
1288.21	837.344	217	1.#QNAN	0	0.016	0	7.1533e-007	1355.05	1288.21	1291.65
1288	837.233	218	1.#QNAN	0	0	0	7.28152e-007	1317.31	1288	1291.42
1287.83	837.053	219	1.#QNAN	0	0.016	0	7.12405e-007	1323.33	1287.83	1291.23
1287.6	836.897	220	1.#QNAN	0	0.015	0	7.03327e-007	1323.53	1287.6	1290.98
1287.38	836.801	221	1.#QNAN	0	0	0	7.19884e-007	1308.45	1287.38	1290.74
1287.16	836.706	222	1.#QNAN	0	0.016	0	6.98546e-007	1314.54	1287.16	1290.49
1286.83	836.604	223	1.#QNAN	0	0	0	7.14556e-007	1321.98	1286.83	1290.13
1286.66	836.537	224	1.#QNAN	0	0.015	0	7.03607e-007	1323.57	1286.66	1289.93
1286.37	836.38	225	1.#QNAN	0	0	0	7.11816e-007	1304.39	1286.37	1289.62
1286.27	836.245	226	1.#QNAN	0	0.016	0	6.98226e-007	1339.81	1286.27	1289.51
1286.12	836.114	227	1.#QNAN	0	0	0	7.34046e-007	1312.21	1286.12	1289.35
1286.05	836.022	228	1.#QNAN	0	0.016	0	7.03241e-007	1320.02	1286.05	1289.26
1286.04	835.938	229	1.#QNAN	0	0.015	0	7.22047e-007	1347.95	1286.04	1289.25
1286.06	835.861	230	1.#QNAN	0	0	0	7.12842e-007	1346.14	1286.06	1289.26
1286	835.804	231	1.#QNAN	0	0.016	0	7.37833e-007	1335.83	1286	1289.18
1285.97	835.745	232	1.#QNAN	0	0	0	7.64577e-007	1327.29	1285.97	1289.14
1285.72	835.615	233	1.#QNAN	0	0.015	0	7.36656e-007	1293.71	1285.72	1288.87
1285.55	835.549	234	1.#QNAN	0	0.016	0	7.40978e-007	1304.88	1285.55	1288.69
1285.34	835.421	235	1.#QNAN	0	0	0	7.16916e-007	1300.24	1285.34	1288.45
1284.99	835.293	236	1.#QNAN	0	0.016	0	7.10301e-007	1272.08	1284.99	1288.08
1284.93	835.2	237	1.#QNAN	0	0	0	7.19369e-007	1334.37	1284.93	1288.01
1284.77	835.172	238	1.#QNAN	0	0.015	0	7.25262e-007	1315.68	1284.77	1287.84
1284.72	835.17	239	1.#QNAN	0	0	0	7.25878e-007	1331.14	1284.72	1287.77
1284.69	835.12	240	1.#QNAN	0	0.016	0	7.23079e-007	1348.49	1284.69	1287.73
1284.63	835.041	241	1.#QNAN	0	0	0	7.28662e-007	1351.38	1284.63	1287.66
1284.59	834.978	242	1.#QNAN	0	0.015	0	7.13954e-007	1355.35	1284.59	1287.62
1284.56	834.963	243	1.#QNAN	0	0.016	0	7.09591e-007	1344.26	1284.56	1287.57
1284.47	834.902	244	1.#QNAN	0	0	0	6.987e-007	1327.46	1284.47	1287.47
1284.33	834.868	245	1.#QNAN	0	0.016	0	7.41242e-007	1319.84	1284.33	1287.32
1284.14	834.818	246	1.#QNAN	0	0	0	6.96247e-007	1307.03	1284.14	1287.11
1283.89	834.734	247	1.#QNAN	0	0.015	0	7.138e-007	1290.02	1283.89	1286.85
1283.67	834.656	248	1.#QNAN	0	0	0	7.19319e-007	1295.01	1283.67	1286.61
1283.54	834.561	249	1.#QNAN	0	0.016	0	7.25472e-007	1306.66	1283.54	1286.47
1283.29	834.457	250	1.#QNAN	0	0.015	0	7.14868e-007	1275.85	1283.29	1286.21
1283.26	834.408	251	1.#QNAN	0	0	0	7.37328e-007	1332.06	1283.26	1286.17
1283.16	834.328	252	1.#QNAN	0	0.016	0	7.06582e-007	1316.34	1283.16	1286.06
1282.83	834.208	253	1.#QNAN	0	0	0	7.40736e-007	1258.56	1282.83	1285.72
1282.57	834.085	254	1.#QNAN	0	0.016	0	7.383e-007	1273.24	1282.57	1285.43
1282.42	833.979	255	1.#QNAN	0	0	0	7.15077e-007	1308.47	1282.42	1285.27
1282.31	833.869	256	1.#QNAN	0	0.015	0	7.09114e-007	1308.78	1282.31	1285.16
1282.31	833.783	257	1.#QNAN	0	0.016	0	7.0628e-007	1330.16	1282.31	1285.15
1282.07	833.661	258	1.#QNAN	0	0	0	7.29446e-007	1262.01	1282.07	1284.89
1281.99	833.598	259	1.#QNAN	0	0.015	0	7.26337e-007	1296.39	1281.99	1284.81
1281.94	833.499	260	1.#QNAN	0	0	0	7.1205e-007	1313.38	1281.94	1284.74
1281.81	833.411	261	1.#QNAN	0	0.016	0	7.11038e-007	1304.44	1281.81	1284.6
1281.67	833.268	262	1.#QNAN	0	0	0	7.29843e-007	1302.74	1281.67	1284.45
1281.57	833.173	263	1.#QNAN	0	0.016	1	7.37643e-007	1302.41	1281.57	1284.33
1281.29	833.011	264	1.#QNAN	0	0.015	0	7.13442e-007	1275	1281.29	1284.04
1280.92	832.875	265	1.#QNAN	0	0	0	7.2116e-007	1241.44	1280.92	1283.65
1280.64	832.737	266	1.#QNAN	0	0.016	0	7.32714e-007	1266.43	1280.64	1283.35
1280.38	832.573	267	1.#QNAN	0	0	0	7.30938e-007	1264.07	1280.38	1283.08
1280.16	832.482	268	1.#QNAN	0	0.015	0	7.41059e-007	1277.42	1280.16	1282.84
1280.07	832.366	269	1.#QNAN	0	0	0	7.23912e-007	1327.08	1280.07	1282.74
1280.01	832.314	270	1.#QNAN	0	0.016	0	7.14427e-007	1327.49	1280.01	1282.67
1279.89	832.195	271	1.#QNAN	0	0	0	7.4489e-007	1320.77	1279.89	1282.54
1279.59	832.044	272	1.#QNAN	0	0.016	0	7.38407e-007	1296.04	1279.59	1282.21
1279.4	831.97	273	1.#QNAN	0	0.015	0	7.04864e-007	1324.27	1279.4	1282
1279.31	831.926	274	1.#QNAN	0	0	0	7.22262e-007	1359.86	1279.31	1281.9
1279.36	831.955	275	1.#QNAN	0	0.016	0	7.09296e-007	1401.82	1279.36	1281.94
1279.46	831.933	276	1.#QNAN	0	0	0	7.24064e-007	1400.4	1279.46	1282.03
1279.55	831.886	277	1.#QNAN	0	0.015	0	7.54501e-007	1381.06	1279.55	1282.12
1279.54	831.826	278	1.#QNAN	0	0.016	0	7.13417e-007	1359.93	1279.54	1282.1
1279.54	831.774	279	1.#QNAN	0	0	0	7.73295e-007	1346.92	1279.54	1282.09
1279.55	831.71	280	1.#QNAN	0	0.016	0	7.50388e-007	1370.87	1279.55	1282.1
1279.48	831.68	281	1.#QNAN	0	0	0	7.53216e-007	1358.87	1279.48	1282.02
1279.29	831.506	282	1.#QNAN	0	0.015	0	7.40525e-007	1342.51	1279.29	1281.81
1279.17	831.379	283	1.#QNAN	0	0	0	7.42165e-007	1341.24	1279.17	1281.69
1279.05	831.262	284	1.#QNAN	0	0.016	0	7.57606e-007	1317.19	1279.05	1281.55
1279.15	831.19	285	1.#QNAN	0	0	0	7.34464e-007	1389.02	1279.15	1281.65
1279.33	831.196	286	1.#QNAN	0	0.015	0	7.37215e-007	1410.31	1279.33	1281.84
1279.33	831.173	287	1.#QNAN	0	0.016	0	7.39028e-007	1340.61	1279.33	1281.83
1279.39	831.111	288	1.#QNAN	0	0	0	7.44857e-007	1352.56	1279.39	1281.88
1279.55	831.072	289	1.#QNAN	0	0.016	0	7.37251e-007	1400.03	1279.55	1282.04
1279.61	831.022	290	1.#QNAN	0	0	0	7.17322e-007	1365.85	1279.61	1282.1
1279.56	830.971	291	1.#QNAN	0	0.015	0	7.56246e-007	1331.03	1279.56	1282.04
1279.37	830.848	292	1.#QNAN	0	0	0	7.38799e-007	1299.29	1279.37	1281.85
1279.18	830.738	293	1.#QNAN	0	0.016	0	7.60473e-007	1289	1279.18	1281.64
1279.03	830.634	294	1.#QNAN	0	0.015	0	7.66231e-007	1320.27	1279.03	1281.48
1278.94	830.531	295	1.#QNAN	0	0	0	7.71073e-007	1301.34	1278.94	1281.39
1278.95	830.438	296	1.#QNAN	0	0.016	0	7.76952e-007	1348.92	1278.95	1281.4
1278.89	830.375	297	1.#QNAN	0	0	0	7.42742e-007	1319.19	1278.89	1281.33
1278.81	830.316	298	1.#QNAN	0	0.016	0	7.62396e-007	1319.43	1278.81	1281.23
1278.77	830.25	299	1.#QNAN	0	0	0	7.46501e-007	1328.29	1278.77	1281.19
1278.66	830.188	300	1.#QNAN	0	0.015	0	7.22948e-007	1302.49	1278.66	1281.08
1278.49	830.075	301	1.#QNAN	0	0	0	7.34985e-007	1302.42	1278.49	1280.89
1278.34	829.997	302	1.#QNAN	0	0.016	0	7.16198e-007	1305.25	1278.34	1280.73
1278.18	829.954	303	1.#QNAN	0	0.015	0	7.37073e-007	1309.76	1278.18	1280.57
1278.06	829.899	304	1.#QNAN	0	0	0	7.34315e-007	1320.78	1278.06	1280.43
1277.96	829.872	305	1.#QNAN	0	0.016	0	7.2986e-007	1314.31	1277.96	1280.33
1277.94	829.783	306	1.#QNAN	0	0	0	7.3678e-007	1346.53	1277.94	1280.31
1277.83	829.692	307	1.#QNAN	0	0.016	0	7.23545e-007	1316.99	1277.83	1280.19
1277.77	829.594	308	1.#QNAN	0	0	0	7.51693e-007	1327.57	1277.77	1280.13
1277.69	829.548	309	1.#QNAN	0	0.015	0	7.36584e-007	1333.95	1277.69	1280.03
1277.51	829.45	310	1.#QNAN	0	0.016	0	7.47351e-007	1295.47	1277.51	1279.84
1277.4	829.395	311	1.#QNAN	0	0	0	7.50854e-007	1329.98	1277.4	1279.72
1277.32	829.372	312	1.#QNAN	0	0.015	0	7.3964e-007	1342.09	1277.32	1279.64
1277.26	829.312	313	1.#QNAN	0	0	0	7.31501e-007	1339.81	1277.26	1279.57
1277.16	829.22	314	1.#QNAN	0	0.016	0	7.2574e-007	1325.73	1277.16	1279.46
1277	829.085	315	1.#QNAN	0	0	0	7.29842e-007	1314.08	1277	1279.3
1276.9	829.018	316	1.#QNAN	0	0.016	0	7.27669e-007	1337.48	1276.9	1279.2
1276.92	828.99	317	1.#QNAN	0	0.015	0	7.43713e-007	1360.28	1276.92	1279.21
1276.92	828.938	318	1.#QNAN	0	0	0	7.24992e-007	1343.4	1276.92	1279.2
1276.92	828.876	319	1.#QNAN	0	0.016	0	7.46859e-007	1339.12	1276.92	1279.2
1276.79	828.793	320	1.#QNAN	0	0	0	7.57732e-007	1319.09	1276.79	1279.06
1276.69	828.701	321	1.#QNAN	0	0.015	0	7.34068e-007	1326.42	1276.69	1278.95
1276.66	828.641	322	1.#QNAN	0	0	0	7.3395e-007	1335.7	1276.66	1278.91
1276.43	828.567	323	1.#QNAN	0	0.016	0	7.51219e-007	1297.57	1276.43	1278.67
1276.26	828.507	324	1.#QNAN	0	0	0	7.54119e-007	1314.28	1276.26	1278.48
1276.13	828.475	325	1.#QNAN	0	0	0	7.41058e-007	1354.34	1276.13	1278.34
1276.07	828.429	326	1.#QNAN	0	0.015	0	7.37389e-007	1345.23	1276.07	1278.28
1276.04	828.38	327	1.#QNAN	0	0	0	7.48829e-007	1342.31	1276.04	1278.24
1275.93	828.31	328	1.#QNAN	0	0.016	0	7.6287e-007	1302.31	1275.93	1278.12
1275.79	828.228	329	1.#QNAN	0	0	0	7.57333e-007	1316.11	1275.79	1277.97
1275.63	828.152	330	1.#QNAN	0	0.015	0	7.0475e-007	1316.91	1275.63	1277.8
1275.56	828.104	331	1.#QNAN	0	0	0	7.64456e-007	1323.87	1275.56	1277.72
1275.69	828.128	332	1.#QNAN	0	0.016	0	7.29875e-007	1385.16	1275.69	1277.85
1275.68	828.094	333	1.#QNAN	0	0.016	0	7.38168e-007	1329.77	1275.68	1277.83
1275.64	828.071	334	1.#QNAN	0	0	0	7.39206e-007	1323.46	1275.64	1277.79
1275.59	828.065	335	1.#QNAN	0	0.015	0	7.61514e-007	1323.85	1275.59	1277.73
1275.61	828.038	336	1.#QNAN	0	0	0	7.3308e-007	1355.92	1275.61	1277.75
1275.65	828.024	337	1.#QNAN	0	0.016	0	7.51539e-007	1368.52	1275.65	1277.78
1275.69	827.986	338	1.#QNAN	0	0	0	7.66652e-007	1364.29	1275.69	1277.82
1275.61	827.876	339	1.#QNAN	0	0.015	0	7.49719e-007	1315.47	1275.61	1277.74
1275.58	827.814	340	1.#QNAN	0	0.016	0	7.32041e-007	1335.69	1275.58	1277.7
1275.48	827.7	341	1.#QNAN	0	0	0	7.47563e-007	1314.16	1275.48	1277.6
1275.35	827.583	342	1.#QNAN	0	0.016	0	7.09439e-007	1303.92	1275.35	1277.46
1275.36	827.522	343	1.#QNAN	0	0	0	7.48722e-007	1350.82	1275.36	1277.47
1275.34	827.467	344	1.#QNAN	0	0.015	0	7.58617e-007	1326.87	1275.34	1277.44
1275.4	827.436	345	1.#QNAN	0	0	0	7.40442e-007	1388.37	1275.4	1277.5
1275.52	827.404	346	1.#QNAN	0	0.016	0	7.43901e-007	1377.47	1275.52	1277.62
1275.55	827.367	347	1.#QNAN	0	0	0	7.52287e-007	1346.43	1275.55	1277.64
1275.43	827.307	348	1.#QNAN	0	0.015	0	7.40758e-007	1304.13	1275.43	1277.52
1275.35	827.278	349	1.#QNAN	0	0.016	0	7.11999e-007	1325	1275.35	1277.43
1275.25	827.207	350	1.#QNAN	0	0	0	7.2289e-007	1316.83	1275.25	1277.32
1275.16	827.124	351	1.#QNAN	0	0.016	0	7.3624e-007	1306.75	1275.16	1277.23
1275	827.046	352	1.#QNAN	0	0	0	7.74511e-007	1280.42	1275	1277.05
1274.96	827.033	353	1.#QNAN	0	0.015	0	7.45835e-007	1322.67	1274.96	1277.01
1274.89	826.969	354	1.#QNAN	0	0	0	7.5034e-007	1307.02	1274.89	1276.93
1274.79	826.918	355	1.#QNAN	0	0.016	0	7.64529e-007	1299.03	1274.79	1276.83
1274.7	826.855	356	1.#QNAN	0	0.015	0	7.79327e-007	1295.91	1274.7	1276.73
1274.56	826.789	357	1.#QNAN	0	0	0	7.17008e-007	1293.54	1274.56	1276.58
1274.51	826.788	358	1.#QNAN	0	0.016	0	7.36462e-007	1321.96	1274.51	1276.53
1274.52	826.768	359	1.#QNAN	0	0	0	7.39959e-007	1329.1	1274.52	1276.53
1274.4	826.694	360	1.#QNAN	0	0.016	0	7.47128e-007	1294.94	1274.4	1276.4
1274.35	826.63	361	1.#QNAN	0	0	0	7.43324e-007	1323.24	1274.35	1276.35
1274.32	826.612	362	1.#QNAN	0	0.015	0	7.69822e-007	1333.34	1274.32	1276.32
1274.21	826.591	363	1.#QNAN	0	0	0	7.69939e-007	1314.59	1274.21	1276.19
1274.07	826.503	364	1.#QNAN	0	0.016	0	7.47974e-007	1296.38	1274.07	1276.05
1273.93	826.448	365	1.#QNAN	0	0.015	0	7.5523e-007	1289.78	1273.93	1275.9
1273.73	826.376	366	1.#QNAN	0	0	0	7.47763e-007	1287.46	1273.73	1275.7
1273.54	826.324	367	1.#QNAN	0	0.016	0	7.22567e-007	1294.17	1273.54	1275.5
1273.25	826.229	368	1.#QNAN	0	0	0	7.66011e-007	1283.5	1273.25	1275.2
1273.11	826.182	369	1.#QNAN	0	0.016	0	7.66329e-007	1297.87	1273.11	1275.05
1273.01	826.117	370	1.#QNAN	0	0	0	7.59903e-007	1314.16	1273.01	1274.94
1272.91	826.05	371	1.#QNAN	0	0.015	0	7.64048e-007	1310.34	1272.91	1274.84
1272.86	826.006	372	1.#QNAN	0	0.016	0	7.36709e-007	1333.35	1272.86	1274.78
1272.72	825.928	373	1.#QNAN	0	0	0	7.39468e-007	1302.23	1272.72	1274.64
1272.61	825.897	374	1.#QNAN	0	0.015	0	7.61159e-007	1295.56	1272.61	1274.52
1272.45	825.856	375	1.#QNAN	0	0	0	7.43554e-007	1292.97	1272.45	1274.35
1272.28	825.763	376	1.#QNAN	0	0.016	1	7.39766e-007	1305.93	1272.28	1274.17
1272.26	825.733	377	1.#QNAN	0	0	0	7.38438e-007	1331.62	1272.26	1274.14
1272.33	825.724	378	1.#QNAN	0	0.016	0	7.60678e-007	1369.66	1272.33	1274.21
1272.2	825.649	379	1.#QNAN	0	0.015	0	7.49082e-007	1282.23	1272.2	1274.08
1272.1	825.634	380	1.#QNAN	0	0	0	7.66587e-007	1290.8	1272.1	1273.97
1272.03	825.601	381	1.#QNAN	0	0.016	0	7.19276e-007	1311.77	1272.03	1273.9
1271.89	825.517	382	1.#QNAN	0	0	0	7.73593e-007	1289.23	1271.89	1273.75
1271.86	825.484	383	1.#QNAN	0	0.015	0	7.82559e-007	1323.47	1271.86	1273.71
1271.82	825.431	384	1.#QNAN	0	0	0	7.51113e-007	1325.06	1271.82	1273.67
1271.81	825.377	385	1.#QNAN	0	0.016	0	7.21441e-007	1358.48	1271.81	1273.65
1271.73	825.312	386	1.#QNAN	0	0.016	0	7.36383e-007	1334.44	1271.73	1273.56
1271.65	825.259	387	1.#QNAN	0	0	0	7.46552e-007	1304.75	1271.65	1273.48
1271.69	825.283	388	1.#QNAN	0	0.015	0	7.42199e-007	1354.84	1271.69	1273.51
1271.71	825.286	389	1.#QNAN	0	0	0	7.48137e-007	1350.11	1271.71	1273.53
1271.75	825.313	390	1.#QNAN	0	0.016	0	7.6363e-007	1351.85	1271.75	1273.57
1271.68	825.286	391	1.#QNAN	0	0	0	7.45588e-007	1303.81	1271.68	1273.49
1271.65	825.288	392	1.#QNAN	0	0.015	0	7.40379e-007	1306.5	1271.65	1273.46
1271.6	825.252	393	1.#QNAN	0	0.016	0	7.76409e-007	1305.99	1271.6	1273.41
1271.61	825.263	394	1.#QNAN	0	0	0	7.36592e-007	1328.71	1271.61	1273.41
1271.67	825.29	395	1.#QNAN	0	0.016	0	7.31179e-007	1349.09	1271.67	1273.47
1271.75	825.301	396	1.#QNAN	0	0	0	7.31664e-007	1356.84	1271.75	1273.55
1271.87	825.326	397	1.#QNAN	0	0.015	0	7.63112e-007	1374.15	1271.87	1273.66
1271.96	825.368	398	1.#QNAN	0	0	0	7.39586e-007	1356.89	1271.96	1273.74
1271.93	825.352	399	1.#QNAN	0	0.016	0	7.39227e-007	1313.79	1271.93	1273.71
1271.93	825.337	400	1.#QNAN	0	0.015	0	7.46903e-007	1345.11	1271.93	1273.71
1271.92	825.32	401	1.#QNAN	0	0	0	7.28905e-007	1329.46	1271.92	1273.7
1271.85	825.3	402	1.#QNAN	0	0.016	0	7.03369e-007	1304.89	1271.85	1273.63
1271.72	825.245	403	1.#QNAN	0	0	0	7.57015e-007	1270.25	1271.72	1273.49
1271.53	825.161	404	1.#QNAN	0	0.016	0	7.27718e-007	1283.02	1271.53	1273.3
1271.41	825.148	405	1.#QNAN	0	0	0	7.47914e-007	1314.95	1271.41	1273.17
1271.36	825.142	406	1.#QNAN	0	0.015	0	7.53633e-007	1302.98	1271.36	1273.11
1271.36	825.122	407	1.#QNAN	0	0	0	7.55022e-007	1325.17	1271.36	1273.11
1271.27	825.098	408	1.#QNAN	0	0.016	0	7.38302e-007	1300.02	1271.27	1273.01
1271.26	825.098	409	1.#QNAN	0	0.015	0	7.43107e-007	1323.22	1271.26	1273
1271.25	825.056	410	1.#QNAN	0	0	0	7.22971e-007	1317.92	1271.25	1272.98
1271.21	825.019	411	1.#QNAN	0	0.016	0	7.39094e-007	1314.37	1271.21	1272.94
1271.2	825.053	412	1.#QNAN	0	0	0	7.68936e-007	1322.91	1271.2	1272.93
1271.23	825.013	413	1.#QNAN	0	0.016	0	7.54337e-007	1343.36	1271.23	1272.95
1271.27	825.01	414	1.#QNAN	0	0	0	7.55776e-007	1333.93	1271.27	1272.99
1271.25	824.973	415	1.#QNAN	0	0.015	0	7.57369e-007	1320.61	1271.25	1272.96
1271.27	824.997	416	1.#QNAN	0	0.016	0	7.4428e-007	1320.36	1271.27	1272.99
1271.28	825.001	417	1.#QNAN	0	0	0	7.49834e-007	1315.82	1271.28	1272.99
1271.28	825.048	418	1.#QNAN	0	0.015	0	7.27204e-007	1336.86	1271.28	1272.98
1271.23	825.023	419	1.#QNAN	0	0	0	7.25533e-007	1335.82	1271.23	1272.92
1271.3	825.017	420	1.#QNAN	0	0.016	0	7.69618e-007	1366.69	1271.3	1272.99
1271.32	825.006	421	1.#QNAN	0	0	0	7.44044e-007	1341.56	1271.32	1273.02
1271.42	824.97	422	1.#QNAN	0	0.016	0	7.25514e-007	1383.11	1271.42	1273.11
1271.48	824.94	423	1.#QNAN	0	0.015	0	7.16614e-007	1346.54	1271.48	1273.17
1271.6	824.978	424	1.#QNAN	0	0	0	7.58308e-007	1371.65	1271.6	1273.29
1271.6	824.977	425	1.#QNAN	0	0.016	0	7.36007e-007	1322.11	1271.6	1273.28
1271.65	824.949	426	1.#QNAN	0	0	0	7.56476e-007	1356.31	1271.65	1273.34
1271.76	824.95	427	1.#QNAN	0	0.015	0	7.53471e-007	1377.48	1271.76	1273.44
1271.86	824.955	428	1.#QNAN	0	0	0	7.51529e-007	1380.2	1271.86	1273.54
1271.89	824.935	429	1.#QNAN	0	0.016	0	7.57249e-007	1347.37	1271.89	1273.56
1271.93	824.951	430	1.#QNAN	0	0.016	0	7.67024e-007	1350.52	1271.93	1273.6
1271.9	824.933	431	1.#QNAN	0	0	0	7.4217e-007	1316.59	1271.9	1273.57
1271.91	824.893	432	1.#QNAN	0	0.015	0	7.58247e-007	1326.3	1271.91	1273.58
1271.91	824.857	433	1.#QNAN	0	0	0	7.8562e-007	1331.91	1271.91	1273.57
1271.95	824.831	434	1.#QNAN	0	0.016	0	7.52601e-007	1347.97	1271.95	1273.61
1271.87	824.797	435	1.#QNAN	0	0	0	7.50668e-007	1292.74	1271.87	1273.53
1271.77	824.751	436	1.#QNAN	0	0.015	0	7.25209e-007	1287.95	1271.77	1273.42
1271.69	824.706	437	1.#QNAN	0	0.016	0	7.27261e-007	1297.03	1271.69	1273.34
1271.64	824.669	438	1.#QNAN	0	0	0	7.54842e-007	1291.55	1271.64	1273.28
1271.63	824.66	439	1.#QNAN	0	0.016	0	7.20321e-007	1320.23	1271.63	1273.27
1271.6	824.661	440	1.#QNAN	0	0	0	7.35883e-007	1316.04	1271.6	1273.24
1271.57	824.646	441	1.#QNAN	0	0.015	0	7.36986e-007	1328.35	1271.57	1273.2
1271.65	824.693	442	1.#QNAN	0	0	0	7.53135e-007	1367.72	1271.65	1273.28
1271.6	824.651	443	1.#QNAN	0	0.016	0	7.34578e-007	1297.32	1271.6	1273.23
1271.54	824.606	444	1.#QNAN	0	0	0	7.37005e-007	1288.97	1271.54	1273.16
1271.58	824.582	445	1.#QNAN	0	0.015	0	7.51356e-007	1341.58	1271.58	1273.19
1271.61	824.566	446	1.#QNAN	0	0.016	0	7.44885e-007	1339.49	1271.61	1273.23
1271.62	824.518	447	1.#QNAN	0	0	0	7.5235e-007	1331.49	1271.62	1273.23
1271.49	824.468	448	1.#QNAN	0	0.016	0	7.42943e-007	1272.48	1271.49	1273.1
1271.41	824.429	449	1.#QNAN	0	0	0	7.44515e-007	1292.29	1271.41	1273.02
1271.39	824.409	450	1.#QNAN	0	0.015	0	7.5365e-007	1305.91	1271.39	1272.99
1271.38	824.373	451	1.#QNAN	0	0	0	7.75299e-007	1315.79	1271.38	1272.98
1271.32	824.369	452	1.#QNAN	0	0.016	0	7.34759e-007	1301.45	1271.32	1272.91
1271.31	824.342	453	1.#QNAN	0	0.015	0	7.66596e-007	1324.71	1271.31	1272.9
1271.32	824.337	454	1.#QNAN	0	0	0	7.42885e-007	1330.38	1271.32	1272.91
1271.25	824.308	455	1.#QNAN	0	0.016	0	7.44659e-007	1295.11	1271.25	1272.84
1271.24	824.33	456	1.#QNAN	0	0	0	7.54573e-007	1329.3	1271.24	1272.82
1271.21	824.314	457	1.#QNAN	0	0.016	0	7.46886e-007	1316.06	1271.21	1272.79
1271.15	824.307	458	1.#QNAN	0	0	0	7.72245e-007	1303.27	1271.15	1272.72
1271.08	824.28	459	1.#QNAN	0	0.015	0	7.16844e-007	1310.74	1271.08	1272.65
1271.04	824.237	460	1.#QNAN	0	0.016	0	7.43945e-007	1305.46	1271.04	1272.61
1271	824.221	461	1.#QNAN	0	0	0	7.46559e-007	1301.46	1271	1272.57
1270.97	824.206	462	1.#QNAN	0	0.015	0	7.21236e-007	1313.27	1270.97	1272.53
1270.95	824.192	463	1.#QNAN	0	0	0	7.56176e-007	1312.67	1270.95	1272.5
1270.93	824.183	464	1.#QNAN	0	0.016	0	7.48232e-007	1319.16	1270.93	1272.48
1270.97	824.167	465	1.#QNAN	0	0	0	7.3155e-007	1345.01	1270.97	1272.52
1270.98	824.149	466	1.#QNAN	0	0.016	0	7.71402e-007	1325.44	1270.98	1272.53
1270.98	824.128	467	1.#QNAN	0	0.015	0	7.6631e-007	1318.65	1270.98	1272.52
1271.05	824.145	468	1.#QNAN	0	0	0	7.75363e-007	1363.2	1271.05	1272.59
1270.99	824.083	469	1.#QNAN	0	0.016	0	7.68602e-007	1323.56	1270.99	1272.53
1271.09	824.085	470	1.#QNAN	0	0	0	7.31151e-007	1396.78	1271.09	1272.63
1271.16	824.095	471	1.#QNAN	0	0.015	0	7.50492e-007	1376.54	1271.16	1272.69
1271.2	824.108	472	1.#QNAN	0	0	0	7.51129e-007	1368.69	1271.2	1272.73
1271.19	824.094	473	1.#QNAN	0	0.016	0	7.28796e-007	1353.37	1271.19	1272.73
1271.1	824.044	474	1.#QNAN	0	0.016	0	7.5706e-007	1306.13	1271.1	1272.63
1271.01	824.017	475	1.#QNAN	0	0	0	7.71862e-007	1305.52	1271.01	1272.53
1270.94	824.021	476	1.#QNAN	0	0.015	0	7.54305e-007	1316.82	1270.94	1272.46
1270.89	823.965	477	1.#QNAN	0	0	0	7.5985e-007	1319.39	1270.89	1272.4
1270.82	823.927	478	1.#QNAN	0	0.016	0	7.40978e-007	1312.58	1270.82	1272.33
1270.8	823.885	479	1.#QNAN	0	0	0	7.50305e-007	1333.71	1270.8	1272.31
1270.7	823.825	480	1.#QNAN	0	0.015	0	7.49497e-007	1301.68	1270.7	1272.2
1270.64	823.798	481	1.#QNAN	0	0.016	0	7.56251e-007	1325.15	1270.64	1272.13
1270.59	823.776	482	1.#QNAN	0	0	0	7.65764e-007	1321.69	1270.59	1272.08
1270.55	823.758	483	1.#QNAN	0	0.016	0	7.74976e-007	1317.74	1270.55	1272.04
1270.51	823.716	484	1.#QNAN	0	0	0	7.5596e-007	1352.35	1270.51	1272
1270.52	823.683	485	1.#QNAN	0	0.015	0	7.6364e-007	1351.91	1270.52	1272.01
1270.59	823.702	486	1.#QNAN	0	0	0	7.58613e-007	1398.09	1270.59	1272.07
1270.57	823.659	487	1.#QNAN	0	0.016	0	7.58669e-007	1348.27	1270.57	1272.05
1270.55	823.65	488	1.#QNAN	0	0.015	1	7.68008e-007	1345.05	1270.55	1272.03
1270.53	823.651	489	1.#QNAN	0	0	0	7.45266e-007	1329.24	1270.53	1272
1270.55	823.648	490	1.#QNAN	0	0.016	0	7.40309e-007	1356.24	1270.55	1272.03
1270.52	823.617	491	1.#QNAN	0	0	0	7.55389e-007	1354.44	1270.52	1271.99
1270.45	823.574	492	1.#QNAN	0	0.016	0	7.62946e-007	1328.69	1270.45	1271.91
1270.4	823.564	493	1.#QNAN	0	0	0	7.56626e-007	1367.66	1270.4	1271.86
1270.37	823.556	494	1.#QNAN	0	0.015	0	7.66925e-007	1363.38	1270.37	1271.83
1270.3	823.545	495	1.#QNAN	0	0.016	0	7.62865e-007	1322.73	1270.3	1271.75
1270.31	823.53	496	1.#QNAN	0	0	0	7.53423e-007	1368	1270.31	1271.76
1270.32	823.514	497	1.#QNAN	0	0.015	0	7.54485e-007	1358.41	1270.32	1271.77
1270.31	823.486	498	1.#QNAN	0	0	0	7.2422e-007	1338.65	1270.31	1271.76
1270.33	823.431	499	1.#QNAN	0	0.016	0	7.62639e-007	1352.62	1270.33	1271.77
1270.41	823.413	500	1.#QNAN	0	0	0	7.48519e-007	1386.77	1270.41	1271.85
1270.44	823.403	501	1.#QNAN	0	0.016	0	7.53459e-007	1357.52	1270.44	1271.88
1270.47	823.417	502	1.#QNAN	0	0	0	7.28488e-007	1365.6	1270.47	1271.9
1270.48	823.391	503	1.#QNAN	0	0.015	0	7.64973e-007	1347.05	1270.48	1271.92
1270.49	823.38	504	1.#QNAN	0	0.016	0	7.69505e-007	1334.23	1270.49	1271.92
1270.49	823.343	505	1.#QNAN	0	0	0	7.38701e-007	1341.55	1270.49	1271.92
1270.47	823.356	506	1.#QNAN	0	0.015	0	7.74582e-007	1327.06	1270.47	1271.89
1270.42	823.342	507	1.#QNAN	0	0	0	7.76698e-007	1310.28	1270.42	1271.84
1270.29	823.285	508	1.#QNAN	0	0.016	0	7.40114e-007	1283.01	1270.29	1271.7
1270.26	823.266	509	1.#QNAN	0	0	0	7.68961e-007	1324.77	1270.26	1271.68
1270.25	823.241	510	1.#QNAN	0	0.016	0	7.49532e-007	1345.71	1270.25	1271.67
1270.24	823.224	511	1.#QNAN	0	0.015	0	7.47564e-007	1336.3	1270.24	1271.65
1270.21	823.204	512	1.#QNAN	0	0	0	7.22527e-007	1307.74	1270.21	1271.61
1270.16	823.204	513	1.#QNAN	0	0.016	0	7.83061e-007	1306.48	1270.16	1271.57
1270.13	823.19	514	1.#QNAN	0	0	0	7.52808e-007	1309.49	1270.13	1271.53
1270.1	823.199	515	1.#QNAN	0	0.015	0	7.65391e-007	1302.11	1270.1	1271.5
1270.08	823.186	516	1.#QNAN	0	0	0	7.66549e-007	1320.32	1270.08	1271.48
1270.1	823.212	517	1.#QNAN	0	0.016	0	7.77123e-007	1333.27	1270.1	1271.5
1270.11	823.222	518	1.#QNAN	0	0	0	7.95499e-007	1321.57	1270.11	1271.5
1270.17	823.223	519	1.#QNAN	0	0.016	0	7.89565e-007	1339.65	1270.17	1271.56
1270.18	823.178	520	1.#QNAN	0	0.015	0	7.60902e-007	1346.53	1270.18	1271.57
1270.13	823.166	521	1.#QNAN	0	0	0	7.38133e-007	1327.09	1270.13	1271.51
1270.09	823.19	522	1.#QNAN	0	0.016	0	7.31268e-007	1321.78	1270.09	1271.47
1270.04	823.201	523	1.#QNAN	0	0	0	7.75284e-007	1318.68	1270.04	1271.42
1270.02	823.207	524	1.#QNAN	0	0.015	0	7.53698e-007	1327.92	1270.02	1271.39
1270	823.177	525	1.#QNAN	0	0	0	7.52614e-007	1324.08	1270	1271.38
1269.95	823.13	526	1.#QNAN	0	0.016	0	7.31275e-007	1322.46	1269.95	1271.32
1269.97	823.131	527	1.#QNAN	0	0.016	0	7.74768e-007	1380.64	1269.97	1271.33
1269.99	823.097	528	1.#QNAN	0	0	0	7.45198e-007	1374.71	1269.99	1271.35
1270.03	823.074	529	1.#QNAN	0	0.015	0	7.47766e-007	1374.96	1270.03	1271.4
1270.07	823.062	530	1.#QNAN	0	0	0	7.58339e-007	1380.68	1270.07	1271.44
1270.06	823.035	531	1.#QNAN	0	0.016	0	7.69024e-007	1356.97	1270.06	1271.42
1270.09	823.038	532	1.#QNAN	0	0	0	7.87377e-007	1369.56	1270.09	1271.44
1270.07	823.02	533	1.#QNAN	0	0.015	0	7.6195e-007	1350.98	1270.07	1271.42
1270	822.967	534	1.#QNAN	0	0.016	0	7.53944e-007	1330.18	1270	1271.36
1269.99	822.946	535	1.#QNAN	0	0	0	7.59329e-007	1353.5	1269.99	1271.34
1269.98	822.947	536	1.#QNAN	0	0.016	0	7.53589e-007	1365.86	1269.98	1271.32
1269.91	822.924	537	1.#QNAN	0	0	0	7.80489e-007	1365.58	1269.91	1271.26
1269.9	822.919	538	1.#QNAN	0	0.015	0	7.78622e-007	1357.43	1269.9	1271.24
1269.79	822.872	539	1.#QNAN	0	0	0	7.7648e-007	1299.5	1269.79	1271.12
1269.7	822.815	540	1.#QNAN	0	0.016	0	7.88681e-007	1325.42	1269.7	1271.03
1269.68	822.806	541	1.#QNAN	0	0.015	0	7.76742e-007	1359.06	1269.68	1271.01
1269.64	822.796	542	1.#QNAN	0	0	0	7.56649e-007	1388.77	1269.64	1270.96
1269.58	822.754	543	1.#QNAN	0	0.016	0	7.51283e-007	1354.33	1269.58	1270.9
1269.56	822.725	544	1.#QNAN	0	0	0	7.37295e-007	1373.63	1269.56	1270.88
1269.53	822.695	545	1.#QNAN	0	0.016	0	7.72115e-007	1365.09	1269.53	1270.85
1269.59	822.717	546	1.#QNAN	0	0.015	0	7.74047e-007	1393.66	1269.59	1270.9
1269.67	822.731	547	1.#QNAN	0	0	0	8.01584e-007	1401.08	1269.67	1270.98
1269.71	822.722	548	1.#QNAN	0	0.016	0	7.80062e-007	1384.87	1269.71	1271.02
1269.83	822.725	549	1.#QNAN	0	0	0	7.99574e-007	1450.83	1269.83	1271.14
1269.88	822.699	550	1.#QNAN	0	0.015	0	7.88407e-007	1415.79	1269.88	1271.18
1269.93	822.691	551	1.#QNAN	0	0	0	7.88623e-007	1422.59	1269.93	1271.24
1270.01	822.696	552	1.#QNAN	0	0.016	0	7.72029e-007	1434.38	1270.01	1271.32
1270.15	822.725	553	1.#QNAN	0	0	0	7.55646e-007	1455.76	1270.15	1271.46
1270.26	822.73	554	1.#QNAN	0	0.016	0	7.81429e-007	1451.39	1270.26	1271.57
1270.42	822.736	555	1.#QNAN	0	0.015	0	7.48771e-007	1486.04	1270.42	1271.73
1270.53	822.73	556	1.#QNAN	0	0	0	7.67339e-007	1443.66	1270.53	1271.83
1270.59	822.732	557	1.#QNAN	0	0.016	0	7.55167e-007	1417.06	1270.59	1271.89
1270.64	822.737	558	1.#QNAN	0	0	0	7.47649e-007	1400.22	1270.64	1271.94
1270.68	822.729	559	1.#QNAN	0	0.015	0	7.71812e-007	1418.62	1270.68	1271.98
1270.68	822.719	560	1.#QNAN	0	0	0	7.75473e-007	1390.7	1270.68	1271.98
1270.73	822.71	561	1.#QNAN	0	0.016	0	7.30558e-007	1415.92	1270.73	1272.03
1270.73	822.691	562	1.#QNAN	0	0.016	0	7.69449e-007	1376.15	1270.73	1272.03
1270.73	822.669	563	1.#QNAN	0	0	0	7.57298e-007	1401.03	1270.73	1272.02
1270.8	822.673	564	1.#QNAN	0	0.015	0	7.77921e-007	1443.76	1270.8	1272.09
1270.82	822.656	565	1.#QNAN	0	0	0	7.45713e-007	1400.11	1270.82	1272.11
1270.92	822.678	566	1.#QNAN	0	0.016	0	7.43242e-007	1424.56	1270.92	1272.21
1270.96	822.688	567	1.#QNAN	0	0	0	7.83078e-007	1388.97	1270.96	1272.24
1271	822.669	568	1.#QNAN	0	0.015	0	7.79964e-007	1396.72	1271	1272.29
1271.14	822.677	569	1.#QNAN	0	0	0	7.91866e-007	1464.11	1271.14	1272.42
1271.24	822.686	570	1.#QNAN	0	0.016	0	7.64468e-007	1430.62	1271.24	1272.53
1271.35	822.69	571	1.#QNAN	0	0.016	0	7.37126e-007	1438.27	1271.35	1272.63
1271.35	822.663	572	1.#QNAN	0	0	0	7.81162e-007	1387.47	1271.35	1272.63
1271.47	822.658	573	1.#QNAN	0	0.015	0	7.46222e-007	1426.45	1271.47	1272.74
1271.55	822.641	574	1.#QNAN	0	0	0	7.66199e-007	1408.1	1271.55	1272.83
1271.63	822.629	575	1.#QNAN	0	0.016	0	7.77221e-007	1397.46	1271.63	1272.91
1271.68	822.607	576	1.#QNAN	0	0	0	7.56034e-007	1367.21	1271.68	1272.95
1271.69	822.557	577	1.#QNAN	0	0.015	0	7.47456e-007	1367.22	1271.69	1272.96
1271.82	822.568	578	1.#QNAN	0	0.016	0	7.56534e-007	1433.91	1271.82	1273.09
1271.85	822.549	579	1.#QNAN	0	0	0	7.56796e-007	1368.79	1271.85	1273.11
1271.85	822.516	580	1.#QNAN	0	0.016	0	7.62136e-007	1371.06	1271.85	1273.11
1271.82	822.475	581	1.#QNAN	0	0	0	7.64308e-007	1365.8	1271.82	1273.09
1271.8	822.461	582	1.#QNAN	0	0.015	0	7.63284e-007	1359.08	1271.8	1273.06
1271.77	822.406	583	1.#QNAN	0	0	0	7.89193e-007	1350.62	1271.77	1273.03
1271.79	822.383	584	1.#QNAN	0	0.016	0	7.59169e-007	1390.58	1271.79	1273.05
1271.75	822.329	585	1.#QNAN	0	0	0	7.70941e-007	1366.17	1271.75	1273
1271.8	822.296	586	1.#QNAN	0	0.015	0	7.72155e-007	1436.84	1271.8	1273.05
1271.83	822.234	587	1.#QNAN	0	0.016	0	7.38905e-007	1396.2	1271.83	1273.09
1271.89	822.222	588	1.#QNAN	0	0	0	7.58588e-007	1413.46	1271.89	1273.14
1271.99	822.205	589	1.#QNAN	0	0.016	0	7.71771e-007	1445.63	1271.99	1273.24
1272.08	822.194	590	1.#QNAN	0	0	0	7.62072e-007	1414.39	1272.08	1273.32
1272.2	822.181	591	1.#QNAN	0	0.015	0	7.65007e-007	1463.61	1272.2	1273.45
1272.38	822.187	592	1.#QNAN	0	0	0	7.68738e-007	1499.06	1272.38	1273.62
1272.46	822.183	593	1.#QNAN	0	0.016	0	7.41826e-007	1400.67	1272.46	1273.7
1272.5	822.171	594	1.#QNAN	0	0.015	0	7.78934e-007	1388.67	1272.5	1273.75
1272.51	822.145	595	1.#QNAN	0	0	0	7.7749e-007	1354.81	1272.51	1273.75
1272.5	822.115	596	1.#QNAN	0	0.016	0	7.7999e-007	1353.93	1272.5	1273.74
1272.52	822.115	597	1.#QNAN	0	0	0	7.5356e-007	1365.45	1272.52	1273.75
1272.63	822.143	598	1.#QNAN	0	0.016	0	7.98154e-007	1433.68	1272.63	1273.87
1272.72	822.174	599	1.#QNAN	0	0	0	7.81677e-007	1426.3	1272.72	1273.96
1272.76	822.172	600	1.#QNAN	0	0.015	0	7.41053e-007	1381.31	1272.76	1273.99
1272.79	822.196	601	1.#QNAN	0	0.016	1	7.52711e-007	1392.99	1272.79	1274.03
1272.93	822.189	602	1.#QNAN	0	0	0	8.11377e-007	1454.79	1272.93	1274.16
1273	822.159	603	1.#QNAN	0	0.015	0	7.7333e-007	1403.85	1273	1274.23
1273.07	822.122	604	1.#QNAN	0	0	0	7.85252e-007	1420.71	1273.07	1274.29
1273.1	822.117	605	1.#QNAN	0	0.016	0	7.57554e-007	1419.82	1273.1	1274.33
1273.13	822.105	606	1.#QNAN	0	0	0	7.86923e-007	1404.68	1273.13	1274.36
1273.12	822.096	607	1.#QNAN	0	0.016	0	7.80613e-007	1386.41	1273.12	1274.34
1273.14	822.076	608	1.#QNAN	0	0	0	7.72145e-007	1386.31	1273.14	1274.36
1273.15	822.052	609	1.#QNAN	0	0.015	0	7.54817e-007	1381.85	1273.15	1274.36
1273.19	822.021	610	1.#QNAN	0	0.016	0	7.789e-007	1386.02	1273.19	1274.41
1273.21	822.002	611	1.#QNAN	0	0	0	7.65471e-007	1380.15	1273.21	1274.42
1273.2	821.997	612	1.#QNAN	0	0.015	0	7.52405e-007	1374.64	1273.2	1274.41
1273.21	821.985	613	1.#QNAN	0	0	0	7.62051e-007	1379.2	1273.21	1274.42
1273.17	821.963	614	1.#QNAN	0	0.016	0	7.41814e-007	1329.61	1273.17	1274.38
1273.16	821.954	615	1.#QNAN	0	0	0	7.51404e-007	1367.94	1273.16	1274.37
1273.18	821.933	616	1.#QNAN	0	0.016	0	7.35312e-007	1361.45	1273.18	1274.38
1273.23	821.944	617	1.#QNAN	0	0.015	0	7.6793e-007	1370.53	1273.23	1274.44
1273.25	821.928	618	1.#QNAN	0	0	0	7.49293e-007	1388.58	1273.25	1274.44
1273.28	821.935	619	1.#QNAN	0	0.016	0	7.76279e-007	1394.64	1273.28	1274.48
1273.29	821.927	620	1.#QNAN	0	0	0	7.91141e-007	1393.34	1273.29	1274.49
1273.32	821.921	621	1.#QNAN	0	0.015	0	7.52228e-007	1404.96	1273.32	1274.51
1273.31	821.895	622	1.#QNAN	0	0	0	7.62197e-007	1361.68	1273.31	1274.5
1273.3	821.876	623	1.#QNAN	0	0.016	0	7.73095e-007	1340.46	1273.3	1274.49
1273.37	821.904	624	1.#QNAN	0	0	0	7.75331e-007	1403.16	1273.37	1274.56
1273.41	821.911	625	1.#QNAN	0	0.016	0	7.71003e-007	1372.38	1273.41	1274.6
1273.41	821.903	626	1.#QNAN	0	0.015	0	7.49393e-007	1358.14	1273.41	1274.6
1273.45	821.887	627	1.#QNAN	0	0	0	7.55543e-007	1399.57	1273.45	1274.63
1273.48	821.882	628	1.#QNAN	0	0.016	0	7.51924e-007	1396.81	1273.48	1274.66
1273.57	821.911	629	1.#QNAN	0	0	0	7.88487e-007	1411.55	1273.57	1274.75
1273.63	821.894	630	1.#QNAN	0	0.015	0	7.49824e-007	1397.68	1273.63	1274.81
1273.63	821.88	631	1.#QNAN	0	0	0	7.71849e-007	1357.88	1273.63	1274.81
1273.63	821.841	632	1.#QNAN	0	0.016	0	7.77369e-007	1377.42	1273.63	1274.8
1273.62	821.819	633	1.#QNAN	0	0.016	0	7.53055e-007	1346.46	1273.62	1274.79
1273.61	821.793	634	1.#QNAN	0	0	0	7.74915e-007	1356.93	1273.61	1274.78
1273.61	821.775	635	1.#QNAN	0	0.015	0	7.84353e-007	1393.84	1273.61	1274.78
1273.73	821.773	636	1.#QNAN	0	0	0	7.3951e-007	1463.53	1273.73	1274.9
1273.78	821.775	637	1.#QNAN	0	0.016	0	7.36609e-007	1413.03	1273.78	1274.95
1273.86	821.782	638	1.#QNAN	0	0	0	7.63913e-007	1428.4	1273.86	1275.03
1273.98	821.775	639	1.#QNAN	0	0.015	0	7.59217e-007	1432.07	1273.98	1275.14
1274.05	821.776	640	1.#QNAN	0	0	0	7.43689e-007	1403.69	1274.05	1275.22
1274.05	821.764	641	1.#QNAN	0	0.016	0	7.61671e-007	1349.59	1274.05	1275.21
1274.03	821.741	642	1.#QNAN	0	0.016	0	7.55001e-007	1333.39	1274.03	1275.19
1274.01	821.707	643	1.#QNAN	0	0	0	7.62497e-007	1332.23	1274.01	1275.17
1274	821.677	644	1.#QNAN	0	0.015	0	7.6167e-007	1354.13	1274	1275.16
1273.98	821.64	645	1.#QNAN	0	0	0	7.66776e-007	1343.57	1273.98	1275.14
1274.03	821.622	646	1.#QNAN	0	0.016	0	7.79216e-007	1396.62	1274.03	1275.19
1274.09	821.605	647	1.#QNAN	0	0.015	0	7.76841e-007	1408.36	1274.09	1275.25
1274.08	821.585	648	1.#QNAN	0	0	0	7.71953e-007	1361.45	1274.08	1275.23
1274.09	821.569	649	1.#QNAN	0	0.016	0	7.40601e-007	1365.74	1274.09	1275.25
1274.16	821.548	650	1.#QNAN	0	0	0	7.299e-007	1402.9	1274.16	1275.32
1274.14	821.5	651	1.#QNAN	0	0.016	0	7.49576e-007	1364.54	1274.14	1275.29
1274.2	821.472	652	1.#QNAN	0	0.015	0	7.55506e-007	1409.11	1274.2	1275.35
1274.19	821.445	653	1.#QNAN	0	0	0	7.62309e-007	1366.81	1274.19	1275.34
1274.16	821.392	654	1.#QNAN	0	0.016	0	7.35829e-007	1365.46	1274.16	1275.31
1274.16	821.376	655	1.#QNAN	0	0	0	7.65205e-007	1375.48	1274.16	1275.31
1274.2	821.362	656	1.#QNAN	0	0.015	0	7.58273e-007	1384.13	1274.2	1275.34
1274.21	821.349	657	1.#QNAN	0	0	0	7.60581e-007	1363.58	1274.21	1275.35
1274.27	821.362	658	1.#QNAN	0	0.016	0	7.43219e-007	1400.42	1274.27	1275.41
1274.26	821.338	659	1.#QNAN	0	0.016	0	7.69731e-007	1346.49	1274.26	1275.4
1274.24	821.335	660	1.#QNAN	0	0	0	7.42192e-007	1329.61	1274.24	1275.38
1274.19	821.298	661	1.#QNAN	0	0.015	0	7.68349e-007	1302.58	1274.19	1275.33
1274.22	821.303	662	1.#QNAN	0	0	0	7.92029e-007	1393.57	1274.22	1275.36
1274.21	821.294	663	1.#QNAN	0	0.016	0	7.49356e-007	1357.23	1274.21	1275.34
1274.22	821.274	664	1.#QNAN	0	0.015	0	7.87825e-007	1355.78	1274.22	1275.35
1274.25	821.275	665	1.#QNAN	0	0	0	7.67965e-007	1371.65	1274.25	1275.38
1274.28	821.269	666	1.#QNAN	0	0.016	0	7.73919e-007	1371.78	1274.28	1275.41
1274.23	821.234	667	1.#QNAN	0	0	0	7.70397e-007	1310.99	1274.23	1275.36
1274.22	821.218	668	1.#QNAN	0	0.016	0	7.78221e-007	1341.39	1274.22	1275.34
1274.18	821.18	669	1.#QNAN	0	0	0	7.99548e-007	1339.18	1274.18	1275.3
1274.18	821.153	670	1.#QNAN	0	0.015	0	7.8075e-007	1350.52	1274.18	1275.3
1274.23	821.132	671	1.#QNAN	0	0	0	7.45956e-007	1387.92	1274.23	1275.34
1274.26	821.117	672	1.#QNAN	0	0.016	0	7.75197e-007	1376	1274.26	1275.38
1274.29	821.095	673	1.#QNAN	0	0.015	0	7.53257e-007	1387.71	1274.29	1275.41
1274.34	821.043	674	1.#QNAN	0	0	0	7.43235e-007	1421.47	1274.34	1275.45
1274.42	821.028	675	1.#QNAN	0	0.016	0	7.69205e-007	1424.76	1274.42	1275.53
1274.53	821.002	676	1.#QNAN	0	0	0	7.70104e-007	1491.27	1274.53	1275.65
1274.63	821.015	677	1.#QNAN	0	0.016	0	7.6874e-007	1435.79	1274.63	1275.74
1274.69	821.016	678	1.#QNAN	0	0	0	7.62882e-007	1403.7	1274.69	1275.8
1274.73	821.025	679	1.#QNAN	0	0.015	0	7.5425e-007	1418.23	1274.73	1275.84
1274.83	821.046	680	1.#QNAN	0	0.016	0	7.86623e-007	1451.59	1274.83	1275.94
1274.91	821.043	681	1.#QNAN	0	0	0	7.66515e-007	1466.61	1274.91	1276.02
1274.99	821.033	682	1.#QNAN	0	0.015	0	7.8158e-007	1428.17	1274.99	1276.1
1275.02	821.03	683	1.#QNAN	0	0	0	7.66055e-007	1406.51	1275.02	1276.13
1275.03	821.008	684	1.#QNAN	0	0.016	0	7.82066e-007	1407.01	1275.03	1276.14
1275.09	821.004	685	1.#QNAN	0	0	0	7.73197e-007	1424.78	1275.09	1276.2
1275.09	820.961	686	1.#QNAN	0	0.016	0	7.77584e-007	1395.98	1275.09	1276.19
1275.08	820.942	687	1.#QNAN	0	0	0	7.33207e-007	1395.45	1275.08	1276.19
1275.06	820.906	688	1.#QNAN	0	0.015	0	7.6579e-007	1396.22	1275.06	1276.17
1275.1	820.864	689	1.#QNAN	0	0.016	0	7.4766e-007	1445.6	1275.1	1276.2
1275.08	820.831	690	1.#QNAN	0	0	0	7.62574e-007	1411.7	1275.08	1276.19
1275.08	820.808	691	1.#QNAN	0	0.015	0	7.78474e-007	1395.8	1275.08	1276.18
1275.15	820.822	692	1.#QNAN	0	0	0	7.83146e-007	1451.05	1275.15	1276.25
1275.14	820.783	693	1.#QNAN	0	0.016	0	7.61972e-007	1418.77	1275.14	1276.24
1275.16	820.77	694	1.#QNAN	0	0	0	7.84358e-007	1407.99	1275.16	1276.26
1275.21	820.765	695	1.#QNAN	0	0.016	0	7.69475e-007	1422.59	1275.21	1276.31
1275.26	820.764	696	1.#QNAN	0	0.015	0	7.81175e-007	1435.82	1275.26	1276.36
1275.27	820.749	697	1.#QNAN	0	0	0	7.77272e-007	1376.63	1275.27	1276.37
1275.29	820.762	698	1.#QNAN	0	0.016	0	7.98517e-007	1374.57	1275.29	1276.38
1275.31	820.759	699	1.#QNAN	0	0	0	7.85168e-007	1383.9	1275.31	1276.4
1275.38	820.762	700	1.#QNAN	0	0.015	0	8.00245e-007	1404.22	1275.38	1276.47
1275.45	820.781	701	1.#QNAN	0	0	0	8.02256e-007	1425.35	1275.45	1276.54
1275.46	820.782	702	1.#QNAN	0	0.016	0	7.9794e-007	1384.15	1275.46	1276.55
1275.44	820.767	703	1.#QNAN	0	0	0	7.74458e-007	1366.9	1275.44	1276.52
1275.53	820.788	704	1.#QNAN	0	0.016	0	8.06149e-007	1447.82	1275.53	1276.62
1275.62	820.768	705	1.#QNAN	0	0.015	0	7.58574e-007	1445.58	1275.62	1276.7
1275.69	820.775	706	1.#QNAN	0	0	0	7.80166e-007	1427.09	1275.69	1276.77
1275.76	820.757	707	1.#QNAN	0	0.016	0	7.96825e-007	1453.48	1275.76	1276.84
1275.79	820.733	708	1.#QNAN	0	0	0	7.69876e-007	1425.4	1275.79	1276.88
1275.81	820.713	709	1.#QNAN	0	0.015	0	7.94575e-007	1378.51	1275.81	1276.89
1275.84	820.674	710	1.#QNAN	0	0	0	7.65483e-007	1380.41	1275.84	1276.92
1275.81	820.612	711	1.#QNAN	0	0.016	0	7.5755e-007	1343.99	1275.81	1276.89
1275.79	820.578	712	1.#QNAN	0	0.016	0	7.76101e-007	1358.89	1275.79	1276.87
1275.73	820.519	713	1.#QNAN	0	0	0	7.83073e-007	1309.43	1275.73	1276.81
1275.72	820.499	714	1.#QNAN	0	0.015	1	7.64629e-007	1355.09	1275.72	1276.79
1275.71	820.476	715	1.#QNAN	0	0	0	7.54532e-007	1348.6	1275.71	1276.78
1275.68	820.436	716	1.#QNAN	0	0.016	0	7.46286e-007	1331.13	1275.68	1276.76
1275.71	820.425	717	1.#QNAN	0	0	0	7.40634e-007	1377.55	1275.71	1276.79
1275.7	820.386	718	1.#QNAN	0	0.015	0	7.59028e-007	1346.49	1275.7	1276.77
1275.71	820.347	719	1.#QNAN	0	0.016	0	7.5242e-007	1367.55	1275.71	1276.78
1275.76	820.332	720	1.#QNAN	0	0	0	7.90485e-007	1389.84	1275.76	1276.83
1275.78	820.305	721	1.#QNAN	0	0.016	0	7.82096e-007	1368.91	1275.78	1276.85
1275.76	820.282	722	1.#QNAN	0	0	0	7.79092e-007	1345.02	1275.76	1276.83
1275.78	820.261	723	1.#QNAN	0	0.015	0	7.89211e-007	1362.87	1275.78	1276.84
1275.75	820.242	724	1.#QNAN	0	0	0	7.95086e-007	1347.45	1275.75	1276.82
1275.74	820.222	725	1.#QNAN	0	0.016	0	7.81272e-007	1342.04	1275.74	1276.8
1275.76	820.197	726	1.#QNAN	0	0.015	0	7.88707e-007	1377.88	1275.76	1276.82
1275.74	820.18	727	1.#QNAN	0	0	0	7.90028e-007	1352.62	1275.74	1276.81
1275.7	820.159	728	1.#QNAN	0	0.016	0	7.74709e-007	1322.16	1275.7	1276.76
1275.69	820.11	729	1.#QNAN	0	0	0	7.91307e-007	1387.29	1275.69	1276.75
1275.68	820.07	730	1.#QNAN	0	0.016	0	7.89082e-007	1378.56	1275.68	1276.74
1275.68	820.056	731	1.#QNAN	0	0	0	7.81478e-007	1360.52	1275.68	1276.74
1275.61	820.024	732	1.#QNAN	0	0.015	0	7.99234e-007	1299.48	1275.61	1276.67
1275.58	819.984	733	1.#QNAN	0	0.016	0	7.78988e-007	1340.48	1275.58	1276.63
1275.57	819.958	734	1.#QNAN	0	0	0	7.77525e-007	1367.8	1275.57	1276.63
1275.6	819.963	735	1.#QNAN	0	0.015	0	7.90545e-007	1375.06	1275.6	1276.65
1275.63	819.96	736	1.#QNAN	0	0	0	8.0879e-007	1393.26	1275.63	1276.68
1275.66	819.939	737	1.#QNAN	0	0.016	0	7.56848e-007	1389.44	1275.66	1276.71
1275.72	819.914	738	1.#QNAN	0	0	0	7.99714e-007	1395.84	1275.72	1276.77
1275.76	819.925	739	1.#QNAN	0	0.016	0	7.61306e-007	1368.84	1275.76	1276.81
1275.79	819.914	740	1.#QNAN	0	0.015	0	7.48181e-007	1371.28	1275.79	1276.83
1275.79	819.908	741	1.#QNAN	0	0	0	7.7601e-007	1366.13	1275.79	1276.84
1275.77	819.902	742	1.#QNAN	0	0.016	0	7.69857e-007	1334.81	1275.77	1276.81
1275.73	819.9	743	1.#QNAN	0	0	0	7.49e-007	1340.36	1275.73	1276.78
1275.71	819.891	744	1.#QNAN	0	0.015	0	7.84257e-007	1325.65	1275.71	1276.75
1275.66	819.874	745	1.#QNAN	0	0	0	7.55008e-007	1326.83	1275.66	1276.7
1275.6	819.863	746	1.#QNAN	0	0.016	0	7.61627e-007	1330.91	1275.6	1276.64
1275.58	819.863	747	1.#QNAN	0	0	0	7.75449e-007	1348.85	1275.58	1276.62
1275.56	819.837	748	1.#QNAN	0	0.016	0	7.89519e-007	1345.53	1275.56	1276.59
1275.53	819.816	749	1.#QNAN	0	0.015	0	7.94955e-007	1349.83	1275.53	1276.57
1275.48	819.781	750	1.#QNAN	0	0	0	7.60151e-007	1336.09	1275.48	1276.51
1275.46	819.74	751	1.#QNAN	0	0.016	0	7.76046e-007	1375.08	1275.46	1276.49
1275.42	819.688	752	1.#QNAN	0	0	0	7.64642e-007	1377.88	1275.42	1276.46
1275.43	819.649	753	1.#QNAN	0	0.015	0	7.56304e-007	1401.92	1275.43	1276.47
1275.44	819.624	754	1.#QNAN	0	0	0	7.82536e-007	1393.81	1275.44	1276.47
1275.41	819.616	755	1.#QNAN	0	0.016	0	7.79565e-007	1352.83	1275.41	1276.44
1275.35	819.611	756	1.#QNAN	0	0.016	0	7.5958e-007	1360.3	1275.35	1276.38
1275.39	819.63	757	1.#QNAN	0	0	0	7.74384e-007	1400.64	1275.39	1276.42
1275.41	819.616	758	1.#QNAN	0	0.015	0	7.69428e-007	1395.74	1275.41	1276.44
1275.43	819.578	759	1.#QNAN	0	0	0	7.90056e-007	1397.62	1275.43	1276.45
1275.42	819.57	760	1.#QNAN	0	0.016	0	7.75911e-007	1397.85	1275.42	1276.45
1275.38	819.531	761	1.#QNAN	0	0	0	7.81317e-007	1378.22	1275.38	1276.41
1275.38	819.53	762	1.#QNAN	0	0.015	0	7.64968e-007	1374.19	1275.38	1276.4
1275.36	819.515	763	1.#QNAN	0	0.016	0	7.87001e-007	1349.83	1275.36	1276.38
1275.27	819.47	764	1.#QNAN	0	0	0	7.62587e-007	1309.08	1275.27	1276.29
1275.21	819.447	765	1.#QNAN	0	0.016	0	7.89778e-007	1339.71	1275.21	1276.23
1275.16	819.414	766	1.#QNAN	0	0	0	7.72576e-007	1340.92	1275.16	1276.18
1275.08	819.36	767	1.#QNAN	0	0.015	0	7.83791e-007	1308.2	1275.08	1276.1
1275	819.312	768	1.#QNAN	0	0	0	7.40738e-007	1292.3	1275	1276.01
1274.94	819.284	769	1.#QNAN	0	0.016	0	7.69178e-007	1309.52	1274.94	1275.95
1274.9	819.265	770	1.#QNAN	0	0.015	0	7.83501e-007	1322.18	1274.9	1275.91
1274.88	819.246	771	1.#QNAN	0	0	0	7.83938e-007	1352.09	1274.88	1275.89
1274.93	819.244	772	1.#QNAN	0	0.016	0	7.82264e-007	1382.73	1274.93	1275.93
1274.87	819.188	773	1.#QNAN	0	0	0	7.91774e-007	1339.31	1274.87	1275.88
1274.86	819.155	774	1.#QNAN	0	0.016	0	7.55736e-007	1364.05	1274.86	1275.87
1274.85	819.133	775	1.#QNAN	0	0	0	7.873e-007	1359.42	1274.85	1275.86
1274.85	819.111	776	1.#QNAN	0	0.015	0	7.99608e-007	1380.08	1274.85	1275.85
1274.83	819.09	777	1.#QNAN	0	0.016	0	7.87348e-007	1354.41	1274.83	1275.83
1274.77	819.044	778	1.#QNAN	0	0	0	7.6498e-007	1325.94	1274.77	1275.77
1274.7	819.005	779	1.#QNAN	0	0.015	0	8.10313e-007	1295.27	1274.7	1275.7
1274.67	818.979	780	1.#QNAN	0	0	0	7.73492e-007	1322.31	1274.67	1275.67
1274.64	818.952	781	1.#QNAN	0	0.016	0	7.6631e-007	1332.97	1274.64	1275.64
1274.63	818.925	782	1.#QNAN	0	0	0	7.42335e-007	1337.29	1274.63	1275.63
1274.57	818.891	783	1.#QNAN	0	0.016	0	7.92059e-007	1328	1274.57	1275.56
1274.55	818.858	784	1.#QNAN	0	0.015	0	7.81843e-007	1346.86	1274.55	1275.54
1274.53	818.845	785	1.#QNAN	0	0	0	7.69079e-007	1333.17	1274.53	1275.52
1274.54	818.834	786	1.#QNAN	0	0.016	0	7.99808e-007	1361.62	1274.54	1275.53
1274.57	818.836	787	1.#QNAN	0	0	0	8.02616e-007	1377.31	1274.57	1275.56
1274.62	818.833	788	1.#QNAN	0	0.015	0	7.61764e-007	1395.18	1274.62	1275.61
1274.64	818.817	789	1.#QNAN	0	0	0	7.83986e-007	1404.34	1274.64	1275.63
1274.66	818.801	790	1.#QNAN	0	0.016	0	7.71031e-007	1371.3	1274.66	1275.65
1274.68	818.765	791	1.#QNAN	0	0.016	0	8.08392e-007	1385.25	1274.68	1275.66
1274.71	818.742	792	1.#QNAN	0	0	0	7.83104e-007	1397.76	1274.71	1275.69
1274.73	818.733	793	1.#QNAN	0	0.015	0	7.49752e-007	1372.61	1274.73	1275.72
1274.73	818.715	794	1.#QNAN	0	0	0	7.78882e-007	1344.34	1274.73	1275.72
1274.74	818.698	795	1.#QNAN	0	0.016	0	8.01711e-007	1355.73	1274.74	1275.72
1274.72	818.669	796	1.#QNAN	0	0	0	7.75666e-007	1344.56	1274.72	1275.7
1274.71	818.629	797	1.#QNAN	0	0.015	0	7.96568e-007	1352.74	1274.71	1275.69
1274.7	818.598	798	1.#QNAN	0	0	0	7.89861e-007	1359.16	1274.7	1275.68
1274.68	818.586	799	1.#QNAN	0	0.016	0	7.9668e-007	1385.73	1274.68	1275.66
