rmse	mae	#iter	time_pred	time_learn	time_learn2	time_learn4	alpha	rmse_mcmc_this	rmse_mcmc_all	rmse_mcmc_all_but5
4550.36	3059.35	0	1.#QNAN	0	0.032	0	1.40806e-009	4550.36	4550.36	4287.87
4254.74	2794.23	1	1.#QNAN	0	0.015	0	2.63785e-008	4235.37	4254.74	4287.87
4174.41	2746.63	2	1.#QNAN	0	0.016	0	3.61132e-008	4138.05	4174.41	4287.87
4080.28	2691.96	3	1.#QNAN	0	0.015	0	3.89868e-008	3876.59	4080.28	4287.87
3985.23	2637.86	4	1.#QNAN	0	0.016	0	4.20875e-008	3674.77	3985.23	37538.7
3903.94	2596.51	5	1.#QNAN	0	0.031	0	4.9627e-008	3560.26	3903.94	3560.26
3821.51	2554.11	6	1.#QNAN	0	0.016	0	5.54208e-008	3382.79	3821.51	3457.85
3739.28	2511.7	7	1.#QNAN	0	0.015	0	6.11233e-008	3224.84	3739.28	3370.74
3659.3	2467.97	8	1.#QNAN	0	0.016	0	7.20204e-008	3106.03	3659.3	3290.74
3579.24	2425.03	9	1.#QNAN	0	0.016	0	8.07587e-008	2968.11	3579.24	3216.41
3495.84	2379.35	10	1.#QNAN	0	0.031	0	8.86249e-008	2795.43	3495.84	3133.84
3410.87	2331.94	11	1.#QNAN	0	0.015	0	1.0072e-007	2671.17	3410.87	3052.07
3333.94	2287.85	12	1.#QNAN	0	0.016	0	1.12494e-007	2591.1	3333.94	2982.85
3257.59	2245.43	13	1.#QNAN	0	0.016	0	1.3221e-007	2493.14	3257.59	2914.5
3183.84	2203.93	14	1.#QNAN	0	0.031	0	1.40228e-007	2419.61	3183.84	2849.37
3118.12	2166.19	15	1.#QNAN	0	0.015	0	1.60144e-007	2385.57	3118.12	2794.16
3051.9	2127.21	16	1.#QNAN	0	0.016	0	1.66422e-007	2279.95	3051.9	2737.56
2991.23	2090.84	17	1.#QNAN	0	0.016	0	1.81079e-007	2277.79	2991.23	2687.74
2936.47	2056.49	18	1.#QNAN	0	0.015	0	2.02853e-007	2266.57	2936.47	2644.54
2880.4	2022.59	19	1.#QNAN	0	0.031	0	2.13797e-007	2161.03	2880.4	2598.48
2828.36	1989.92	20	1.#QNAN	0	0.016	0	2.28217e-007	2129.48	2828.36	2556.46
2779	1959.26	21	1.#QNAN	0	0.016	0	2.52626e-007	2119.57	2779	2517.23
2731.29	1929.61	22	1.#QNAN	0	0.015	0	2.57075e-007	2082.23	2731.29	2479.02
2686.38	1901.41	23	1.#QNAN	0	0.016	0	2.66417e-007	2036.76	2686.38	2443.14
2644.22	1873.88	24	1.#QNAN	0	0.031	0	2.95792e-007	2000.55	2644.22	2409.7
2603.99	1847.51	25	1.#QNAN	0	0.016	0	2.94985e-007	1977.23	2603.99	2377.84
2566	1822.18	26	1.#QNAN	0	0.015	0	3.12484e-007	1960.39	2566	2348.11
2529.14	1797.62	27	1.#QNAN	0	0.016	0	3.22363e-007	1921.97	2529.14	2319.06
2494.03	1773.95	28	1.#QNAN	0	0.015	0	3.35414e-007	1910.71	2494.03	2291.52
2460.86	1751.69	29	1.#QNAN	0	0.032	0	3.46447e-007	1897.79	2460.86	2265.58
2430.14	1730.66	30	1.#QNAN	0	0.015	0	3.54277e-007	1901.18	2430.14	2242.06
2400.17	1709.98	31	1.#QNAN	0	0.016	0	3.60504e-007	1881.28	2400.17	2218.92
2371.27	1690	32	1.#QNAN	0	0.015	0	3.6717e-007	1868.53	2371.27	2196.68
2344.53	1671.01	33	1.#QNAN	0	0.032	0	3.78486e-007	1875.53	2344.53	2176.41
2319.29	1653.27	34	1.#QNAN	0	0.015	0	3.8633e-007	1866.87	2319.29	2157.3
2295.51	1636.14	35	1.#QNAN	0	0.016	0	3.88746e-007	1832.8	2295.51	2139.41
2273.01	1620.09	36	1.#QNAN	0	0.015	0	3.93746e-007	1821.79	2273.01	2122.49
2252.01	1605.23	37	1.#QNAN	0	0.016	0	4.04902e-007	1864.4	2252.01	2106.84
2231.67	1590.37	38	1.#QNAN	0	0.031	0	4.13506e-007	1805.18	2231.67	2091.6
2211.78	1575.8	39	1.#QNAN	0	0.016	0	4.05185e-007	1808.34	2211.78	2076.63
2192.99	1561.7	40	1.#QNAN	0	0.015	1	4.17983e-007	1775.95	2192.99	2062.47
2175.3	1548.49	41	1.#QNAN	0	0.016	0	4.16654e-007	1761.88	2175.3	2049.09
2158.77	1535.87	42	1.#QNAN	0	0.016	0	4.16945e-007	1775.17	2158.77	2036.8
2143.29	1523.86	43	1.#QNAN	0	0.031	0	4.38694e-007	1779.67	2143.29	2025.44
2128.44	1512.42	44	1.#QNAN	0	0.015	0	4.38542e-007	1780.6	2128.44	2014.58
2113.98	1500.88	45	1.#QNAN	0	0.016	0	4.46704e-007	1781.89	2113.98	2003.9
2100.13	1489.77	46	1.#QNAN	0	0.016	0	4.37982e-007	1761.86	2100.13	1993.69
2087	1479.19	47	1.#QNAN	0	0.015	0	4.47626e-007	1741.71	2087	1983.98
2074.29	1469.05	48	1.#QNAN	0	0.016	0	4.67381e-007	1738.56	2074.29	1974.55
2062.45	1459.48	49	1.#QNAN	0	0.016	0	4.78315e-007	1739.4	2062.45	1965.83
2050.45	1449.81	50	1.#QNAN	0	0.016	0	4.72665e-007	1740.68	2050.45	1956.88
2039.43	1440.85	51	1.#QNAN	0	0.015	0	4.7247e-007	1739.97	2039.43	1948.79
2028.37	1431.84	52	1.#QNAN	0	0.016	0	4.74911e-007	1705.08	2028.37	1940.44
2017.67	1423.11	53	1.#QNAN	0	0.015	0	4.93193e-007	1696.81	2017.67	1932.36
2007.7	1414.95	54	1.#QNAN	0	0.032	0	4.9975e-007	1708.48	2007.7	1924.9
1997.94	1406.85	55	1.#QNAN	0	0.015	0	5.035e-007	1704.75	1997.94	1917.61
1988.62	1398.98	56	1.#QNAN	0	0.016	0	4.91314e-007	1695.47	1988.62	1910.6
1979.46	1391.46	57	1.#QNAN	0	0.015	0	5.01619e-007	1717.02	1979.46	1903.7
1970.59	1384.16	58	1.#QNAN	0	0.016	0	4.81763e-007	1697.49	1970.59	1897.02
1962.1	1377.09	59	1.#QNAN	0	0.031	0	5.01152e-007	1682.64	1962.1	1890.56
1953.71	1369.91	60	1.#QNAN	0	0.016	0	5.16884e-007	1672.71	1953.71	1884.13
1945.89	1363.21	61	1.#QNAN	0	0.015	0	5.02119e-007	1685.24	1945.89	1878.14
1938.29	1356.64	62	1.#QNAN	0	0.016	0	5.36941e-007	1694.86	1938.29	1872.43
1930.8	1350.39	63	1.#QNAN	0	0.016	0	5.21568e-007	1672.38	1930.8	1866.65
1923.58	1344.33	64	1.#QNAN	0	0.031	0	5.23168e-007	1663.21	1923.58	1861.07
1916.24	1338.03	65	1.#QNAN	0	0.015	0	5.4377e-007	1664.67	1916.24	1855.31
1909.24	1332.12	66	1.#QNAN	0	0.016	0	5.42191e-007	1652.69	1909.24	1849.79
1902.22	1326.16	67	1.#QNAN	0	0.016	0	5.48674e-007	1625.46	1902.22	1844.15
1895.82	1320.61	68	1.#QNAN	0	0.015	0	5.39687e-007	1653.47	1895.82	1839.07
1889.42	1315.21	69	1.#QNAN	0	0.031	0	5.46232e-007	1631.59	1889.42	1833.99
1883.27	1309.92	70	1.#QNAN	0	0.016	0	5.40888e-007	1643.17	1883.27	1829.13
1877.27	1304.83	71	1.#QNAN	0	0.016	0	5.6577e-007	1643.48	1877.27	1824.37
1871.65	1299.94	72	1.#QNAN	0	0.015	0	5.54779e-007	1662.21	1871.65	1819.99
1866.2	1295.23	73	1.#QNAN	0	0.016	0	5.70164e-007	1641.48	1866.2	1815.64
1860.95	1290.69	74	1.#QNAN	0	0.031	0	5.64537e-007	1649.29	1860.95	1811.48
1855.56	1286.04	75	1.#QNAN	0	0.016	0	5.85105e-007	1621.96	1855.56	1807.17
1850.33	1281.51	76	1.#QNAN	0	0.015	0	5.6061e-007	1613.07	1850.33	1802.96
1845.02	1277.03	77	1.#QNAN	0	0.016	0	5.6896e-007	1607.13	1845.02	1798.61
1839.82	1272.49	78	1.#QNAN	0	0.015	0	5.68733e-007	1602.05	1839.82	1794.39
1834.45	1268.02	79	1.#QNAN	0	0.032	0	5.60448e-007	1596.11	1834.45	1789.92
1829.17	1263.56	80	1.#QNAN	0	0.015	0	5.72309e-007	1588.77	1829.17	1785.56
1824.07	1259.21	81	1.#QNAN	0	0.016	0	5.87195e-007	1587.83	1824.07	1781.33
1819.02	1254.83	82	1.#QNAN	0	0.015	0	5.98592e-007	1577.51	1819.02	1777.14
1814.13	1250.65	83	1.#QNAN	0	0.032	0	6.07966e-007	1569.82	1814.13	1773.05
1809.41	1246.48	84	1.#QNAN	0	0.015	0	5.76108e-007	1601.27	1809.41	1769.16
1804.79	1242.33	85	1.#QNAN	0	0.016	0	6.14625e-007	1602.94	1804.79	1765.35
1800.4	1238.39	86	1.#QNAN	0	0.015	0	6.19091e-007	1580.31	1800.4	1761.72
1795.86	1234.44	87	1.#QNAN	0	0.016	0	6.07351e-007	1576.3	1795.86	1757.89
1791.58	1230.7	88	1.#QNAN	0	0.016	0	6.02226e-007	1560.56	1791.58	1754.28
1787.26	1227.02	89	1.#QNAN	0	0.031	0	5.88477e-007	1558.33	1787.26	1750.61
1783.03	1223.31	90	1.#QNAN	0	0.015	0	6.06674e-007	1555.87	1783.03	1747.02
1779.03	1219.91	91	1.#QNAN	0	0.016	0	6.36845e-007	1570.54	1779.03	1743.65
1775.18	1216.58	92	1.#QNAN	0	0.016	0	6.29176e-007	1564.3	1775.18	1740.42
1771.43	1213.34	93	1.#QNAN	0	0.015	0	6.43153e-007	1581.56	1771.43	1737.3
1767.67	1210.02	94	1.#QNAN	0	0.016	1	6.19038e-007	1557.98	1767.67	1734.1
1763.88	1206.85	95	1.#QNAN	0	0.031	0	6.21107e-007	1542.49	1763.88	1730.84
1760.13	1203.77	96	1.#QNAN	0	0.016	0	6.14312e-007	1600.28	1760.13	1727.67
1756.59	1200.79	97	1.#QNAN	0	0.015	0	6.37531e-007	1555.92	1756.59	1724.65
1753.27	1197.9	98	1.#QNAN	0	0.016	0	6.42756e-007	1578.12	1753.27	1721.85
1749.77	1194.98	99	1.#QNAN	0	0.031	0	6.20451e-007	1572.11	1749.77	1718.86
1746.39	1192	100	1.#QNAN	0	0.016	0	6.28825e-007	1550.09	1746.39	1715.98
1743.25	1189.17	101	1.#QNAN	0	0.015	0	6.24614e-007	1580.54	1743.25	1713.38
1740.06	1186.23	102	1.#QNAN	0	0.016	0	6.45328e-007	1578.4	1740.06	1710.7
1736.61	1183.17	103	1.#QNAN	0	0.015	0	6.44409e-007	1541.26	1736.61	1707.68
1733.34	1180.22	104	1.#QNAN	0	0.032	0	6.47766e-007	1536.16	1733.34	1704.87
1729.97	1177.35	105	1.#QNAN	0	0.015	0	6.551e-007	1529.12	1729.97	1701.94
1726.78	1174.63	106	1.#QNAN	0	0.016	0	6.35779e-007	1543.97	1726.78	1699.18
1723.51	1171.87	107	1.#QNAN	0	0.015	0	6.52372e-007	1520.99	1723.51	1696.33
1720.19	1169.07	108	1.#QNAN	0	0.016	0	6.51959e-007	1502.68	1720.19	1693.39
1717.09	1166.44	109	1.#QNAN	0	0.031	0	6.83909e-007	1512.29	1717.09	1690.66
1713.85	1163.82	110	1.#QNAN	0	0.016	0	6.65916e-007	1510.96	1713.85	1687.78
1710.89	1161.35	111	1.#QNAN	0	0.015	0	6.43039e-007	1520.48	1710.89	1685.14
1707.89	1158.87	112	1.#QNAN	0	0.016	0	6.71864e-007	1511.53	1707.89	1682.48
1705.17	1156.42	113	1.#QNAN	0	0.016	0	6.56968e-007	1554.8	1705.17	1680.1
1702.17	1153.92	114	1.#QNAN	0	0.031	0	6.59873e-007	1513.98	1702.17	1677.43
1699.32	1151.46	115	1.#QNAN	0	0.015	0	6.6124e-007	1540.46	1699.32	1674.9
1696.51	1149.13	116	1.#QNAN	0	0.016	0	6.71609e-007	1573.66	1696.51	1672.42
1693.6	1146.72	117	1.#QNAN	0	0.016	0	6.72207e-007	1527.33	1693.6	1669.82
1690.77	1144.28	118	1.#QNAN	0	0.015	0	6.74595e-007	1510.33	1690.77	1667.27
1688.09	1141.87	119	1.#QNAN	0	0.031	0	6.83341e-007	1526.61	1688.09	1664.9
1685.46	1139.53	120	1.#QNAN	0	0.016	0	6.52935e-007	1523.37	1685.46	1662.59
1682.8	1137.22	121	1.#QNAN	0	0.016	0	6.83859e-007	1540.55	1682.8	1660.27
1680.27	1134.97	122	1.#QNAN	0	0.015	0	6.84401e-007	1516.84	1680.27	1658.06
1677.72	1132.64	123	1.#QNAN	0	0.016	0	6.75581e-007	1508.42	1677.72	1655.82
1675.38	1130.51	124	1.#QNAN	0	0.031	0	7.037e-007	1533.63	1675.38	1653.78
1673.08	1128.36	125	1.#QNAN	0	0.016	0	6.85232e-007	1518.15	1673.08	1651.78
1670.58	1126.15	126	1.#QNAN	0	0.015	0	6.99107e-007	1494.87	1670.58	1649.56
1668.21	1124.03	127	1.#QNAN	0	0.016	0	7.08034e-007	1499.91	1668.21	1647.46
1666.04	1122.07	128	1.#QNAN	0	0.015	0	6.85929e-007	1535.32	1666.04	1645.6
1663.82	1120.05	129	1.#QNAN	0	0.032	0	7.03967e-007	1513.54	1663.82	1643.67
1661.57	1118.06	130	1.#QNAN	0	0.015	0	6.89655e-007	1520.86	1661.57	1641.7
1659.42	1116.12	131	1.#QNAN	0	0.016	0	7.06272e-007	1546.71	1659.42	1639.86
1657.19	1114.1	132	1.#QNAN	0	0.015	0	6.8101e-007	1500.39	1657.19	1637.9
1655.07	1112.19	133	1.#QNAN	0	0.016	0	6.9523e-007	1500.7	1655.07	1636.03
1653.1	1110.35	134	1.#QNAN	0	0.031	0	7.23347e-007	1528.47	1653.1	1634.35
1651.05	1108.45	135	1.#QNAN	0	0.016	0	6.96328e-007	1513.05	1651.05	1632.55
1649.06	1106.6	136	1.#QNAN	0	0.015	0	7.04108e-007	1523.44	1649.06	1630.83
1647.21	1104.84	137	1.#QNAN	0	0.016	0	7.08367e-007	1546.92	1647.21	1629.26
1645.23	1103.01	138	1.#QNAN	0	0.016	0	7.16493e-007	1500.95	1645.23	1627.52
1643.37	1101.22	139	1.#QNAN	0	0.015	0	6.77972e-007	1518.37	1643.37	1625.91
1641.41	1099.42	140	1.#QNAN	0	0.031	0	7.24443e-007	1495.89	1641.41	1624.17
1639.4	1097.57	141	1.#QNAN	0	0.016	0	7.0421e-007	1499.5	1639.4	1622.38
1637.4	1095.75	142	1.#QNAN	0	0.016	0	7.22395e-007	1486.06	1637.4	1620.6
1635.51	1093.98	143	1.#QNAN	0	0.015	0	7.43837e-007	1494.18	1635.51	1618.94
1633.6	1092.18	144	1.#QNAN	0	0.016	0	7.19838e-007	1496.87	1633.6	1617.25
1631.67	1090.42	145	1.#QNAN	0	0.031	0	7.41723e-007	1487.84	1631.67	1615.52
1629.78	1088.65	146	1.#QNAN	0	0.016	0	7.2142e-007	1520.9	1629.78	1613.82
1627.95	1086.97	147	1.#QNAN	0	0.015	1	7.40473e-007	1492.64	1627.95	1612.16
1626.25	1085.37	148	1.#QNAN	0	0.016	0	7.30917e-007	1562.69	1626.25	1610.68
1624.43	1083.75	149	1.#QNAN	0	0.031	0	7.43228e-007	1478.32	1624.43	1609.03
1622.58	1082.12	150	1.#QNAN	0	0.016	0	7.3758e-007	1475.12	1622.58	1607.34
1620.67	1080.54	151	1.#QNAN	0	0.015	0	7.34289e-007	1473.97	1620.67	1605.6
1618.97	1079.05	152	1.#QNAN	0	0.016	0	7.31728e-007	1529.3	1618.97	1604.07
1617.22	1077.54	153	1.#QNAN	0	0.015	0	7.66162e-007	1536.72	1617.22	1602.49
1615.43	1076.08	154	1.#QNAN	0	0.032	0	7.31466e-007	1474.7	1615.43	1600.85
1613.53	1074.59	155	1.#QNAN	0	0.015	0	7.34091e-007	1459.82	1613.53	1599.09
1611.69	1073.1	156	1.#QNAN	0	0.016	0	7.43152e-007	1465.51	1611.69	1597.39
1609.89	1071.69	157	1.#QNAN	0	0.015	0	7.42649e-007	1516.07	1609.89	1595.75
1608.2	1070.31	158	1.#QNAN	0	0.032	0	7.64723e-007	1507.91	1608.2	1594.21
1606.45	1068.93	159	1.#QNAN	0	0.015	0	7.69999e-007	1506.04	1606.45	1592.62
1604.75	1067.53	160	1.#QNAN	0	0.016	0	7.57605e-007	1484.26	1604.75	1591.06
1603.1	1066.15	161	1.#QNAN	0	0.015	0	7.53506e-007	1497.27	1603.1	1589.55
1601.46	1064.8	162	1.#QNAN	0	0.016	0	7.72703e-007	1486.91	1601.46	1588.03
1599.89	1063.51	163	1.#QNAN	0	0.016	0	7.83175e-007	1528.19	1599.89	1586.6
1598.3	1062.14	164	1.#QNAN	0	0.031	0	7.32212e-007	1528.62	1598.3	1585.15
1596.78	1060.81	165	1.#QNAN	0	0.016	0	7.38056e-007	1516.25	1596.78	1583.77
1595.08	1059.39	166	1.#QNAN	0	0.016	0	7.54382e-007	1481.55	1595.08	1582.21
1593.48	1057.97	167	1.#QNAN	0	0.016	0	7.75839e-007	1485.26	1593.48	1580.73
1592.15	1056.7	168	1.#QNAN	0	0.015	0	7.59682e-007	1552.3	1592.15	1579.55
1590.88	1055.47	169	1.#QNAN	0	0.031	0	7.54446e-007	1531.2	1590.88	1578.41
1589.67	1054.29	170	1.#QNAN	0	0.016	0	7.69017e-007	1567.94	1589.67	1577.35
1588.36	1053.05	171	1.#QNAN	0	0.016	0	7.55125e-007	1518.04	1588.36	1576.18
1587.12	1051.88	172	1.#QNAN	0	0.015	0	7.84333e-007	1547.6	1587.12	1575.09
1585.79	1050.69	173	1.#QNAN	0	0.016	0	7.51244e-007	1495.3	1585.79	1573.89
1584.54	1049.49	174	1.#QNAN	0	0.031	0	7.93818e-007	1505.21	1584.54	1572.77
1583.22	1048.27	175	1.#QNAN	0	0.016	0	7.7254e-007	1490.23	1583.22	1571.57
1581.94	1047.06	176	1.#QNAN	0	0.015	0	7.83766e-007	1482.41	1581.94	1570.42
1580.66	1045.91	177	1.#QNAN	0	0.016	0	7.61452e-007	1487.87	1580.66	1569.26
1579.46	1044.82	178	1.#QNAN	0	0.015	0	7.82481e-007	1497.33	1579.46	1568.18
1578.19	1043.67	179	1.#QNAN	0	0.032	0	7.40051e-007	1473.59	1578.19	1567.04
1577.05	1042.55	180	1.#QNAN	0	0.015	0	7.8115e-007	1500.18	1577.05	1566.02
1575.92	1041.46	181	1.#QNAN	0	0.016	0	7.39814e-007	1530.04	1575.92	1565.02
1574.75	1040.32	182	1.#QNAN	0	0.015	0	7.41255e-007	1513.26	1574.75	1563.99
1573.55	1039.19	183	1.#QNAN	0	0.016	0	7.73734e-007	1475.55	1573.55	1562.91
1572.34	1038.01	184	1.#QNAN	0	0.031	0	7.65516e-007	1489.67	1572.34	1561.83
1571.22	1036.89	185	1.#QNAN	0	0.016	0	7.86884e-007	1516.71	1571.22	1560.83
1570.15	1035.76	186	1.#QNAN	0	0.015	0	7.47282e-007	1540.36	1570.15	1559.89
1568.99	1034.61	187	1.#QNAN	0	0.016	0	7.69587e-007	1485.07	1568.99	1558.85
1567.9	1033.52	188	1.#QNAN	0	0.031	0	7.49469e-007	1524.12	1567.9	1557.88
1566.78	1032.44	189	1.#QNAN	0	0.016	0	7.96098e-007	1495.94	1566.78	1556.87
1565.6	1031.35	190	1.#QNAN	0	0.015	0	7.79531e-007	1497.54	1565.6	1555.79
1564.51	1030.31	191	1.#QNAN	0	0.016	0	7.35972e-007	1486.77	1564.51	1554.8
1563.44	1029.31	192	1.#QNAN	0	0.016	0	7.63486e-007	1489.48	1563.44	1553.84
1562.31	1028.31	193	1.#QNAN	0	0.031	0	7.68379e-007	1477.82	1562.31	1552.81
1561.29	1027.36	194	1.#QNAN	0	0.015	0	7.68756e-007	1508.86	1561.29	1551.89
1560.32	1026.42	195	1.#QNAN	0	0.016	0	7.60414e-007	1516	1560.32	1551.02
1559.4	1025.53	196	1.#QNAN	0	0.016	0	7.77003e-007	1544.43	1559.4	1550.21
1558.39	1024.64	197	1.#QNAN	0	0.015	0	7.8805e-007	1513.62	1558.39	1549.31
1557.26	1023.68	198	1.#QNAN	0	0.031	0	8.00261e-007	1499.07	1557.26	1548.27
1556.21	1022.76	199	1.#QNAN	0	0.016	0	8.06476e-007	1465.79	1556.21	1547.31
1555.3	1021.87	200	1.#QNAN	0	0.016	1	8.07392e-007	1532.57	1555.3	1546.51
1554.21	1020.9	201	1.#QNAN	0	0.015	0	7.82118e-007	1475.02	1554.21	1545.5
1553.18	1020	202	1.#QNAN	0	0.016	0	7.88612e-007	1494.77	1553.18	1544.57
1552.19	1019.06	203	1.#QNAN	0	0.015	0	7.88139e-007	1501.06	1552.19	1543.66
1551.12	1018.09	204	1.#QNAN	0	0.032	0	7.74217e-007	1469.18	1551.12	1542.68
1550.1	1017.13	205	1.#QNAN	0	0.015	0	7.76955e-007	1479.85	1550.1	1541.74
1549.11	1016.23	206	1.#QNAN	0	0.016	0	8.26745e-007	1509.92	1549.11	1540.85
1548.03	1015.3	207	1.#QNAN	0	0.015	0	7.99331e-007	1465.77	1548.03	1539.86
1546.85	1014.34	208	1.#QNAN	0	0.016	0	7.90641e-007	1429.69	1546.85	1538.76
1545.86	1013.44	209	1.#QNAN	0	0.016	0	7.88496e-007	1502.25	1545.86	1537.86
1544.84	1012.49	210	1.#QNAN	0	0.015	0	8.06015e-007	1467.18	1544.84	1536.93
1543.86	1011.61	211	1.#QNAN	0	0.031	0	7.98528e-007	1474.7	1543.86	1536.04
1542.97	1010.79	212	1.#QNAN	0	0.016	0	7.8596e-007	1524.56	1542.97	1535.25
1542.09	1009.98	213	1.#QNAN	0	0.016	0	7.8596e-007	1514.49	1542.09	1534.47
1541.16	1009.13	214	1.#QNAN	0	0.015	0	7.9621e-007	1491.32	1541.16	1533.62
1540.19	1008.3	215	1.#QNAN	0	0.016	0	7.65968e-007	1478.13	1540.19	1532.74
1539.29	1007.47	216	1.#QNAN	0	0.015	0	7.88991e-007	1511.39	1539.29	1531.92
1538.35	1006.69	217	1.#QNAN	0	0.016	0	8.15722e-007	1504.15	1538.35	1531.06
1537.43	1005.9	218	1.#QNAN	0	0.031	0	7.83176e-007	1465.1	1537.43	1530.22
1536.45	1005.09	219	1.#QNAN	0	0.016	0	8.02147e-007	1456.69	1536.45	1529.31
1535.54	1004.3	220	1.#QNAN	0	0.015	0	8.09494e-007	1471.11	1535.54	1528.48
1534.56	1003.5	221	1.#QNAN	0	0.016	0	8.17243e-007	1443.12	1534.56	1527.56
1533.66	1002.78	222	1.#QNAN	0	0.016	0	7.72297e-007	1456.89	1533.66	1526.73
1532.79	1002.07	223	1.#QNAN	0	0.015	0	8.04996e-007	1464.91	1532.79	1525.92
1532.03	1001.35	224	1.#QNAN	0	0.016	0	7.77074e-007	1517.42	1532.03	1525.25
1531.12	1000.61	225	1.#QNAN	0	0.031	0	7.85984e-007	1459.55	1531.12	1524.39
1530.22	999.851	226	1.#QNAN	0	0.016	0	8.1436e-007	1458.82	1530.22	1523.56
1529.26	999.116	227	1.#QNAN	0	0.015	0	8.01389e-007	1438.91	1529.26	1522.66
1528.44	998.392	228	1.#QNAN	0	0.016	0	7.72547e-007	1493.12	1528.44	1521.91
1527.67	997.668	229	1.#QNAN	0	0.015	0	7.60293e-007	1500.15	1527.67	1521.22
1526.89	996.975	230	1.#QNAN	0	0.016	0	8.20775e-007	1494.4	1526.89	1520.51
1526.14	996.258	231	1.#QNAN	0	0.016	0	8.04787e-007	1505.99	1526.14	1519.83
1525.29	995.553	232	1.#QNAN	0	0.015	0	7.96847e-007	1476.91	1525.29	1519.04
1524.43	994.836	233	1.#QNAN	0	0.031	0	8.02981e-007	1476.64	1524.43	1518.24
1523.73	994.188	234	1.#QNAN	0	0.016	0	7.93114e-007	1499.94	1523.73	1517.6
1523.05	993.561	235	1.#QNAN	0	0.016	0	8.06483e-007	1486.84	1523.05	1516.98
1522.51	992.984	236	1.#QNAN	0	0.015	0	7.66289e-007	1546.51	1522.51	1516.51
1521.92	992.396	237	1.#QNAN	0	0.016	0	7.85058e-007	1520.25	1521.92	1515.99
1521.3	991.795	238	1.#QNAN	0	0.015	0	7.97916e-007	1515.26	1521.3	1515.43
1520.66	991.171	239	1.#QNAN	0	0.032	0	7.94146e-007	1503.04	1520.66	1514.85
1519.97	990.536	240	1.#QNAN	0	0.015	0	8.34801e-007	1498.88	1519.97	1514.2
1519.28	989.933	241	1.#QNAN	0	0.016	0	7.87165e-007	1477.59	1519.28	1513.57
1518.49	989.293	242	1.#QNAN	0	0.015	0	7.94487e-007	1476.7	1518.49	1512.83
1517.8	988.725	243	1.#QNAN	0	0.016	0	7.8641e-007	1507.49	1517.8	1512.19
1516.99	988.139	244	1.#QNAN	0	0.016	0	7.95009e-007	1466.42	1516.99	1511.42
1516.25	987.575	245	1.#QNAN	0	0.015	0	7.99025e-007	1481.09	1516.25	1510.73
1515.36	986.951	246	1.#QNAN	0	0.031	0	7.84427e-007	1440.91	1515.36	1509.88
1514.53	986.343	247	1.#QNAN	0	0.016	0	7.92945e-007	1442.52	1514.53	1509.09
1513.67	985.78	248	1.#QNAN	0	0.016	0	7.78483e-007	1438.76	1513.67	1508.27
1512.8	985.184	249	1.#QNAN	0	0.015	0	7.83341e-007	1446.63	1512.8	1507.43
1511.98	984.594	250	1.#QNAN	0	0.016	0	7.78657e-007	1445.56	1511.98	1506.64
1511.12	983.987	251	1.#QNAN	0	0.015	0	7.92096e-007	1434.68	1511.12	1505.81
1510.3	983.398	252	1.#QNAN	0	0.016	0	8.20905e-007	1442.68	1510.3	1505.03
1509.53	982.796	253	1.#QNAN	0	0.031	0	8.41311e-007	1494.19	1509.53	1504.29
1508.7	982.206	254	1.#QNAN	0	0.016	0	8.0358e-007	1426.32	1508.7	1503.49
1507.89	981.557	255	1.#QNAN	0	0.015	0	7.70081e-007	1439.81	1507.89	1502.72
1507.15	980.971	256	1.#QNAN	0	0.016	1	8.15507e-007	1439.68	1507.15	1502.01
1506.35	980.369	257	1.#QNAN	0	0.016	0	7.92078e-007	1429.29	1506.35	1501.23
1505.59	979.747	258	1.#QNAN	0	0.031	0	8.11192e-007	1431.88	1505.59	1500.51
1504.87	979.163	259	1.#QNAN	0	0.015	0	7.88829e-007	1452.24	1504.87	1499.82
1504.08	978.599	260	1.#QNAN	0	0.016	0	7.91386e-007	1427.96	1504.08	1499.07
1503.39	978.111	261	1.#QNAN	0	0.016	0	7.79292e-007	1466.23	1503.39	1498.41
1502.65	977.539	262	1.#QNAN	0	0.015	0	7.75525e-007	1425.54	1502.65	1497.69
1501.93	976.996	263	1.#QNAN	0	0.016	0	7.75552e-007	1426.97	1501.93	1497
1501.29	976.491	264	1.#QNAN	0	0.015	0	7.8294e-007	1436.55	1501.29	1496.4
1500.63	975.947	265	1.#QNAN	0	0.032	0	8.23858e-007	1438.14	1500.63	1495.77
1499.98	975.41	266	1.#QNAN	0	0.015	0	8.22694e-007	1453.58	1499.98	1495.15
1499.42	974.939	267	1.#QNAN	0	0.016	0	7.9864e-007	1466.78	1499.42	1494.62
1498.81	974.463	268	1.#QNAN	0	0.015	0	8.26575e-007	1449.9	1498.81	1494.04
1498.28	974.023	269	1.#QNAN	0	0.016	0	7.95725e-007	1473.83	1498.28	1493.55
1497.76	973.595	270	1.#QNAN	0	0.016	0	8.07161e-007	1471.88	1497.76	1493.05
1497.22	973.182	271	1.#QNAN	0	0.015	0	8.33133e-007	1467.81	1497.22	1492.54
1496.64	972.758	272	1.#QNAN	0	0.031	0	8.13423e-007	1466.39	1496.64	1491.99
1496.07	972.299	273	1.#QNAN	0	0.016	0	8.09144e-007	1471.12	1496.07	1491.45
1495.44	971.823	274	1.#QNAN	0	0.016	0	7.62575e-007	1440.91	1495.44	1490.86
1494.74	971.333	275	1.#QNAN	0	0.015	0	8.1072e-007	1420.26	1494.74	1490.18
1494.16	970.844	276	1.#QNAN	0	0.016	0	8.23067e-007	1498.85	1494.16	1489.64
1493.48	970.363	277	1.#QNAN	0	0.015	0	7.68353e-007	1418.33	1493.48	1488.99
1492.85	969.865	278	1.#QNAN	0	0.032	0	8.35394e-007	1450.04	1492.85	1488.4
1492.27	969.401	279	1.#QNAN	0	0.015	0	8.36791e-007	1463.43	1492.27	1487.85
1491.66	968.948	280	1.#QNAN	0	0.016	0	7.90617e-007	1434.65	1491.66	1487.27
1491.01	968.466	281	1.#QNAN	0	0.015	0	8.24352e-007	1438.05	1491.01	1486.65
1490.37	967.973	282	1.#QNAN	0	0.016	0	7.87571e-007	1424.1	1490.37	1486.04
1489.69	967.495	283	1.#QNAN	0	0.016	0	8.05176e-007	1411.9	1489.69	1485.38
1489.12	967.058	284	1.#QNAN	0	0.031	0	7.94555e-007	1449.03	1489.12	1484.83
1488.59	966.629	285	1.#QNAN	0	0.015	0	7.95093e-007	1484.31	1488.59	1484.33
1488.06	966.188	286	1.#QNAN	0	0.016	0	8.18673e-007	1450.09	1488.06	1483.82
1487.54	965.797	287	1.#QNAN	0	0.016	0	8.1046e-007	1459.76	1487.54	1483.34
1487.04	965.375	288	1.#QNAN	0	0.015	0	8.10022e-007	1456.82	1487.04	1482.86
1486.39	964.897	289	1.#QNAN	0	0.016	0	7.9095e-007	1431.21	1486.39	1482.24
1485.75	964.437	290	1.#QNAN	0	0.015	0	8.09652e-007	1432.34	1485.75	1481.63
1485.23	964.019	291	1.#QNAN	0	0.032	0	7.82899e-007	1469.13	1485.23	1481.14
1484.69	963.602	292	1.#QNAN	0	0.015	0	8.09644e-007	1457.42	1484.69	1480.63
1484.12	963.141	293	1.#QNAN	0	0.016	0	8.04037e-007	1461.17	1484.12	1480.09
1483.47	962.696	294	1.#QNAN	0	0.015	0	8.02718e-007	1429.12	1483.47	1479.47
1482.9	962.263	295	1.#QNAN	0	0.016	0	8.08734e-007	1434.63	1482.9	1478.92
1482.37	961.846	296	1.#QNAN	0	0.016	0	7.7913e-007	1447	1482.37	1478.41
1481.81	961.411	297	1.#QNAN	0	0.015	0	8.28378e-007	1443.8	1481.81	1477.88
1481.29	960.99	298	1.#QNAN	0	0.016	0	7.82346e-007	1444.33	1481.29	1477.37
1480.79	960.592	299	1.#QNAN	0	0.016	0	8.12756e-007	1454.8	1480.79	1476.9
1480.26	960.162	300	1.#QNAN	0	0.016	0	8.02321e-007	1466.05	1480.26	1476.39
1479.74	959.736	301	1.#QNAN	0	0.015	0	8.05212e-007	1452.64	1479.74	1475.91
1479.24	959.339	302	1.#QNAN	0	0.016	0	7.93991e-007	1449.85	1479.24	1475.43
1478.67	958.91	303	1.#QNAN	0	0.015	0	8.0937e-007	1440.82	1478.67	1474.89
1478.19	958.528	304	1.#QNAN	0	0.016	0	8.09906e-007	1443.22	1478.19	1474.43
1477.75	958.152	305	1.#QNAN	0	0.016	0	8.23501e-007	1463.05	1477.75	1474.02
1477.29	957.777	306	1.#QNAN	0	0.031	0	8.51864e-007	1450.99	1477.29	1473.59
1476.75	957.405	307	1.#QNAN	0	0.015	0	8.05519e-007	1434.82	1476.75	1473.07
1476.28	957.027	308	1.#QNAN	0	0.016	0	8.35346e-007	1451.45	1476.28	1472.62
1475.65	956.598	309	1.#QNAN	0	0.016	0	7.99215e-007	1419.16	1475.65	1472.02
1475.12	956.212	310	1.#QNAN	0	0.015	0	7.63208e-007	1433.25	1475.12	1471.51
1474.55	955.807	311	1.#QNAN	0	0.016	0	7.8564e-007	1420.07	1474.55	1470.96
1474.08	955.446	312	1.#QNAN	0	0.031	1	7.89975e-007	1466.8	1474.08	1470.52
1473.59	955.064	313	1.#QNAN	0	0.016	0	7.92077e-007	1440.09	1473.59	1470.05
1473.09	954.688	314	1.#QNAN	0	0.015	0	8.0909e-007	1443.44	1473.09	1469.58
1472.66	954.347	315	1.#QNAN	0	0.016	0	8.18885e-007	1439.62	1472.66	1469.17
1472.26	953.981	316	1.#QNAN	0	0.015	0	8.1857e-007	1462.02	1472.26	1468.8
1471.86	953.627	317	1.#QNAN	0	0.016	0	8.17335e-007	1445.89	1471.86	1468.42
1471.5	953.299	318	1.#QNAN	0	0.016	0	7.93225e-007	1462.33	1471.5	1468.09
1471.15	952.995	319	1.#QNAN	0	0.031	0	8.41333e-007	1461.8	1471.15	1467.77
1470.75	952.688	320	1.#QNAN	0	0.015	0	8.17627e-007	1440.13	1470.75	1467.39
1470.34	952.357	321	1.#QNAN	0	0.016	0	7.78526e-007	1443.53	1470.34	1467
1470.1	952.084	322	1.#QNAN	0	0.016	0	8.01606e-007	1506.44	1470.1	1466.8
1469.76	951.759	323	1.#QNAN	0	0.015	0	8.19738e-007	1455.1	1469.76	1466.48
1469.49	951.475	324	1.#QNAN	0	0.016	0	8.0661e-007	1469.9	1469.49	1466.24
1469.13	951.18	325	1.#QNAN	0	0.015	0	7.96446e-007	1447.42	1469.13	1465.9
1468.72	950.856	326	1.#QNAN	0	0.032	0	8.14292e-007	1423.71	1468.72	1465.51
1468.23	950.532	327	1.#QNAN	0	0.015	0	8.1323e-007	1403.5	1468.23	1465.04
1467.86	950.243	328	1.#QNAN	0	0.016	0	7.86144e-007	1442.69	1467.86	1464.68
1467.47	949.965	329	1.#QNAN	0	0.015	0	7.9828e-007	1438.94	1467.47	1464.32
1467.04	949.631	330	1.#QNAN	0	0.016	0	8.22942e-007	1432.05	1467.04	1463.9
1466.59	949.324	331	1.#QNAN	0	0.016	0	8.34513e-007	1436.18	1466.59	1463.47
1466.23	949.032	332	1.#QNAN	0	0.031	0	8.19147e-007	1452.58	1466.23	1463.11
1465.85	948.733	333	1.#QNAN	0	0.015	0	7.97459e-007	1442.56	1465.85	1462.75
1465.47	948.409	334	1.#QNAN	0	0.016	0	8.07253e-007	1473.18	1465.47	1462.39
1465.03	948.075	335	1.#QNAN	0	0.016	0	8.15072e-007	1426.98	1465.03	1461.96
1464.56	947.708	336	1.#QNAN	0	0.015	0	8.00364e-007	1410.69	1464.56	1461.5
1464.25	947.437	337	1.#QNAN	0	0.016	0	8.56822e-007	1465.42	1464.25	1461.21
1463.88	947.114	338	1.#QNAN	0	0.015	0	8.09827e-007	1442.23	1463.88	1460.86
1463.52	946.805	339	1.#QNAN	0	0.032	0	8.24865e-007	1447.56	1463.52	1460.52
1463.16	946.482	340	1.#QNAN	0	0.015	0	8.15127e-007	1470.05	1463.16	1460.17
1462.7	946.145	341	1.#QNAN	0	0.016	0	7.97109e-007	1426.76	1462.7	1459.74
1462.26	945.798	342	1.#QNAN	0	0.015	0	7.91859e-007	1426.1	1462.26	1459.31
1461.85	945.493	343	1.#QNAN	0	0.016	0	8.13293e-007	1454.36	1461.85	1458.92
1461.54	945.204	344	1.#QNAN	0	0.016	0	8.01123e-007	1487.26	1461.54	1458.63
1461.15	944.883	345	1.#QNAN	0	0.031	0	8.12538e-007	1486.89	1461.15	1458.27
1460.73	944.587	346	1.#QNAN	0	0.015	0	7.97222e-007	1442.16	1460.73	1457.86
1460.36	944.314	347	1.#QNAN	0	0.016	0	8.02963e-007	1461	1460.36	1457.51
1459.92	944.018	348	1.#QNAN	0	0.016	0	8.32509e-007	1425.81	1459.92	1457.08
1459.56	943.75	349	1.#QNAN	0	0.015	0	7.97078e-007	1446.93	1459.56	1456.74
1459.05	943.451	350	1.#QNAN	0	0.016	0	7.82583e-007	1411.57	1459.05	1456.24
1458.6	943.155	351	1.#QNAN	0	0.031	0	7.97548e-007	1428.04	1458.6	1455.8
1458.2	942.868	352	1.#QNAN	0	0.016	0	8.32679e-007	1457.45	1458.2	1455.42
1457.81	942.575	353	1.#QNAN	0	0.015	0	8.01542e-007	1464.51	1457.81	1455.04
1457.43	942.302	354	1.#QNAN	0	0.016	0	7.97313e-007	1464.94	1457.43	1454.68
1456.96	942.008	355	1.#QNAN	0	0.015	0	8.26302e-007	1433.23	1456.96	1454.21
1456.56	941.73	356	1.#QNAN	0	0.016	0	8.14603e-007	1503.38	1456.56	1453.83
1456.13	941.445	357	1.#QNAN	0	0.016	0	8.00692e-007	1463.04	1456.13	1453.4
1455.67	941.151	358	1.#QNAN	0	0.031	0	8.12807e-007	1459.96	1455.67	1452.95
1455.18	940.866	359	1.#QNAN	0	0.015	0	8.09023e-007	1436.49	1455.18	1452.46
1454.8	940.61	360	1.#QNAN	0	0.016	0	8.07193e-007	1470.7	1454.8	1452.09
1454.46	940.378	361	1.#QNAN	0	0.016	0	8.49225e-007	1472.14	1454.46	1451.77
1454.14	940.139	362	1.#QNAN	0	0.015	0	8.16482e-007	1506.08	1454.14	1451.46
1453.74	939.875	363	1.#QNAN	0	0.016	0	8.15926e-007	1454.19	1453.74	1451.07
1453.42	939.627	364	1.#QNAN	0	0.015	0	8.00073e-007	1523.62	1453.42	1450.77
1453.01	939.351	365	1.#QNAN	0	0.032	0	7.7875e-007	1445.39	1453.01	1450.36
1452.63	939.104	366	1.#QNAN	0	0.015	0	8.20303e-007	1458.23	1452.63	1450
1452.31	938.85	367	1.#QNAN	0	0.016	1	7.9997e-007	1460.2	1452.31	1449.68
1451.98	938.604	368	1.#QNAN	0	0.015	0	7.71248e-007	1470.76	1451.98	1449.37
1451.54	938.331	369	1.#QNAN	0	0.016	0	8.18051e-007	1422.77	1451.54	1448.94
1451.14	938.074	370	1.#QNAN	0	0.016	0	7.85748e-007	1415.49	1451.14	1448.54
1450.74	937.804	371	1.#QNAN	0	0.015	0	8.07982e-007	1414.89	1450.74	1448.15
1450.37	937.548	372	1.#QNAN	0	0.016	0	8.13095e-007	1418.27	1450.37	1447.79
1450.01	937.306	373	1.#QNAN	0	0.031	0	8.08999e-007	1442.41	1450.01	1447.44
1449.7	937.07	374	1.#QNAN	0	0.016	0	8.64531e-007	1434.74	1449.7	1447.14
1449.48	936.854	375	1.#QNAN	0	0.015	0	7.86592e-007	1473.13	1449.48	1446.93
1449.19	936.616	376	1.#QNAN	0	0.016	0	8.17092e-007	1426.64	1449.19	1446.65
1448.95	936.401	377	1.#QNAN	0	0.015	0	7.85631e-007	1448.23	1448.95	1446.43
1448.74	936.211	378	1.#QNAN	0	0.016	0	8.51986e-007	1456.55	1448.74	1446.24
1448.51	936.008	379	1.#QNAN	0	0.016	0	7.93769e-007	1472.06	1448.51	1446.02
1448.21	935.787	380	1.#QNAN	0	0.031	0	8.42501e-007	1422.68	1448.21	1445.74
1448	935.591	381	1.#QNAN	0	0.015	0	8.11765e-007	1461.42	1448	1445.54
1447.77	935.373	382	1.#QNAN	0	0.016	0	8.04711e-007	1450.88	1447.77	1445.33
1447.58	935.205	383	1.#QNAN	0	0.016	0	8.20167e-007	1472.37	1447.58	1445.16
1447.31	934.992	384	1.#QNAN	0	0.015	0	7.99667e-007	1417.8	1447.31	1444.9
1447.07	934.793	385	1.#QNAN	0	0.016	0	8.33864e-007	1435.74	1447.07	1444.68
1446.89	934.598	386	1.#QNAN	0	0.015	0	8.15525e-007	1494.55	1446.89	1444.52
1446.59	934.352	387	1.#QNAN	0	0.032	0	8.10505e-007	1422.09	1446.59	1444.23
1446.41	934.159	388	1.#QNAN	0	0.015	0	8.23031e-007	1466.21	1446.41	1444.07
1446.25	933.967	389	1.#QNAN	0	0.016	0	8.2127e-007	1485.37	1446.25	1443.92
1445.98	933.741	390	1.#QNAN	0	0.015	0	8.13055e-007	1433.72	1445.98	1443.66
1445.75	933.526	391	1.#QNAN	0	0.016	0	8.30461e-007	1449.34	1445.75	1443.45
1445.55	933.314	392	1.#QNAN	0	0.016	0	8.02554e-007	1449.6	1445.55	1443.26
1445.36	933.115	393	1.#QNAN	0	0.015	0	8.0585e-007	1451.69	1445.36	1443.08
1445.1	932.911	394	1.#QNAN	0	0.031	0	8.15835e-007	1413.87	1445.1	1442.83
1444.93	932.71	395	1.#QNAN	0	0.016	0	8.19896e-007	1479.94	1444.93	1442.68
1444.77	932.508	396	1.#QNAN	0	0.016	0	8.54051e-007	1489.42	1444.77	1442.54
1444.58	932.321	397	1.#QNAN	0	0.015	0	8.21321e-007	1452.76	1444.58	1442.36
1444.37	932.111	398	1.#QNAN	0	0.016	0	8.38164e-007	1436.89	1444.37	1442.16
1444.19	931.931	399	1.#QNAN	0	0.015	0	8.36423e-007	1463.1	1444.19	1442
