rmse	mae	#iter	time_pred	time_learn	time_learn2	time_learn4	alpha	rmse_mcmc_this	rmse_mcmc_all	rmse_mcmc_all_but5
7156.6	5729.65	0	1.#QNAN	0	0.016	0	8.01829e-010	7156.6	7156.6	4162.21
6357.4	5023	1	1.#QNAN	0	0	0	1.37362e-008	5790.25	6357.4	4162.21
6021.56	4756.1	2	1.#QNAN	0	0	0	1.93205e-008	5512.51	6021.56	4162.21
5791.52	4577.95	3	1.#QNAN	0	0.015	0	2.21044e-008	5186.07	5791.52	4162.21
5626.57	4452.51	4	1.#QNAN	0	0	0	2.39906e-008	5047.96	5626.57	37734.5
5459.57	4322.44	5	1.#QNAN	0	0.016	0	2.75249e-008	4703.17	5459.57	4703.17
5317.66	4212.34	6	1.#QNAN	0	0	0	3.06064e-008	4543.68	5317.66	4602.88
5186.5	4113.18	7	1.#QNAN	0	0.015	0	3.48597e-008	4350.48	5186.5	4500.93
5046.92	4004.92	8	1.#QNAN	0	0	0	3.97157e-008	4012.86	5046.92	4366.12
4911.34	3900.09	9	1.#QNAN	0	0.016	0	4.607e-008	3784.77	4911.34	4239.37
4768.51	3787.08	10	1.#QNAN	0	0.016	0	5.55807e-008	3509.61	4768.51	4100.01
4626	3674.61	11	1.#QNAN	0	0	0	6.44261e-008	3273.26	4626	3961.03
4483.03	3561.08	12	1.#QNAN	0	0.015	0	7.73843e-008	3111.49	4483.03	3824.25
4336.77	3442.49	13	1.#QNAN	0	0	0	9.23994e-008	2858.46	4336.77	3683.49
4196.53	3327.15	14	1.#QNAN	0	0.016	0	1.02951e-007	2762.82	4196.53	3552.91
4066.63	3218.24	15	1.#QNAN	0	0.015	0	1.20953e-007	2828.02	4066.63	3439.31
3947.43	3116.6	16	1.#QNAN	0	0	0	1.35563e-007	2708.28	3947.43	3338.16
3835.12	3020.31	17	1.#QNAN	0	0.016	0	1.38101e-007	2680.83	3835.12	3245.94
3733.01	2932.46	18	1.#QNAN	0	0	0	1.50346e-007	2527.66	3733.01	3163.57
3641.23	2851.93	19	1.#QNAN	0	0.016	0	1.56919e-007	2564.45	3641.23	3093.69
3557.1	2777.04	20	1.#QNAN	0	0.015	0	1.65377e-007	2571.78	3557.1	3031.82
3481.46	2712.43	21	1.#QNAN	0	0	0	1.78054e-007	2551.72	3481.46	2978
3411.52	2653.82	22	1.#QNAN	0	0.016	0	1.75577e-007	2552.61	3411.52	2929.68
3347.4	2599.69	23	1.#QNAN	0	0	0	1.80739e-007	2495.13	3347.4	2885.87
3287.39	2548.66	24	1.#QNAN	0	0.015	0	1.90805e-007	2430.03	3287.39	2844.96
3230.9	2500.56	25	1.#QNAN	0	0.016	0	1.93902e-007	2360.94	3230.9	2806.2
3178.58	2456.04	26	1.#QNAN	0	0	0	2.20403e-007	2329.08	3178.58	2770.55
3130.7	2415.29	27	1.#QNAN	0	0.016	0	2.15219e-007	2319.37	3130.7	2738.6
3085.64	2376.23	28	1.#QNAN	0	0.015	0	2.03939e-007	2315.74	3085.64	2708.64
3043.63	2339.36	29	1.#QNAN	0	0	0	2.16851e-007	2314.81	3043.63	2681.13
3003.97	2303.75	30	1.#QNAN	0	0.016	0	2.25771e-007	2296.97	3003.97	2655.05
2965.23	2269.54	31	1.#QNAN	0	0	0	2.32939e-007	2181.88	2965.23	2628.44
2928.94	2237.6	32	1.#QNAN	0	0.015	0	2.40629e-007	2189.5	2928.94	2603.75
2894.15	2206.72	33	1.#QNAN	0	0.016	0	2.45109e-007	2168.07	2894.15	2579.98
2861.65	2178.37	34	1.#QNAN	0	0	0	2.56336e-007	2213.19	2861.65	2558.54
2830.3	2151.26	35	1.#QNAN	0	0.016	0	2.56552e-007	2182.6	2830.3	2537.57
2800.67	2125.34	36	1.#QNAN	0	0	0	2.74912e-007	2172.76	2800.67	2517.59
2772.72	2100.62	37	1.#QNAN	0	0.015	0	2.73728e-007	2148.06	2772.72	2498.93
2745.1	2076.36	38	1.#QNAN	0	0	0	2.75382e-007	2141.58	2745.1	2479.99
2719.31	2053.69	39	1.#QNAN	0	0.016	0	2.86479e-007	2123.69	2719.31	2462.63
2694.15	2031.71	40	1.#QNAN	0	0.015	0	2.78095e-007	2117.05	2694.15	2445.62
2669.96	2010.81	41	1.#QNAN	0	0	0	2.89697e-007	2086.36	2669.96	2428.87
2646.61	1990.47	42	1.#QNAN	0	0.016	0	2.94143e-007	2054.72	2646.61	2412.47
2624.19	1970.76	43	1.#QNAN	0	0	0	2.93404e-007	2070.49	2624.19	2396.95
2602.82	1951.94	44	1.#QNAN	0	0.016	0	3.20511e-007	2048.51	2602.82	2382.18
2582.96	1934.15	45	1.#QNAN	0	0.015	0	3.22035e-007	2044.41	2582.96	2368.58
2563.13	1916.7	46	1.#QNAN	0	0	0	3.36866e-007	1991.38	2563.13	2354.53
2543.53	1899.49	47	1.#QNAN	0	0.016	0	3.36077e-007	1933.34	2543.53	2340.13
2524.91	1883.22	48	1.#QNAN	0	0	0	3.50316e-007	1949.52	2524.91	2326.69
2507.09	1867.45	49	1.#QNAN	0	0.015	0	3.51225e-007	1954.39	2507.09	2313.93
2489.94	1852.3	50	1.#QNAN	0	0	0	3.54936e-007	1951.21	2489.94	2301.57
2472.92	1837.22	51	1.#QNAN	0	0.016	0	3.49462e-007	1921.52	2472.92	2289.11
2456.03	1822.77	52	1.#QNAN	0	0.016	0	3.597e-007	1891.3	2456.03	2276.31
2439.26	1808.13	53	1.#QNAN	0	0	0	3.76631e-007	1871.92	2439.26	2263.58
2423.04	1793.72	54	1.#QNAN	0	0.015	0	3.93599e-007	1894.68	2423.04	2251.39
2407.32	1779.99	55	1.#QNAN	0	0	0	3.87227e-007	1871.48	2407.32	2239.38
2392.55	1766.88	56	1.#QNAN	0	0.016	0	3.89189e-007	1873.39	2392.55	2228.3
2378.39	1754.14	57	1.#QNAN	0	0	0	3.90764e-007	1866.56	2378.39	2217.74
2364.72	1741.77	58	1.#QNAN	0	0.015	0	3.94506e-007	1884.03	2364.72	2207.67
2351.36	1729.64	59	1.#QNAN	0	0	0	4.02889e-007	1865.56	2351.36	2197.8
2338.51	1718.22	60	1.#QNAN	0	0.016	0	4.17983e-007	1867.21	2338.51	2188.29
2325.66	1706.9	61	1.#QNAN	0	0.016	0	4.23262e-007	1810.78	2325.66	2178.44
2313.62	1696.17	62	1.#QNAN	0	0	0	4.12759e-007	1849.96	2313.62	2169.49
2301.02	1685.16	63	1.#QNAN	0	0.015	0	4.36298e-007	1805.15	2301.02	2159.79
2289.55	1674.93	64	1.#QNAN	0	0	0	4.34227e-007	1835.29	2289.55	2151.2
2278.01	1664.72	65	1.#QNAN	0	0.016	0	4.45231e-007	1800.14	2278.01	2142.41
2266.68	1654.6	66	1.#QNAN	0	0	0	4.39578e-007	1778.42	2266.68	2133.7
2255.32	1644.3	67	1.#QNAN	0	0.015	0	4.53599e-007	1757.9	2255.32	2124.83
2244.4	1634.48	68	1.#QNAN	0	0.016	0	4.69345e-007	1757.87	2244.4	2116.35
2233.84	1625.05	69	1.#QNAN	0	0	0	4.66768e-007	1794.81	2233.84	2108.33
2223.29	1615.76	70	1.#QNAN	0	0.016	0	4.61758e-007	1755.54	2223.29	2100.03
2212.68	1606.65	71	1.#QNAN	0	0	0	4.81962e-007	1728.72	2212.68	2091.57
2201.99	1597.55	72	1.#QNAN	0	0.015	0	4.81213e-007	1692.39	2201.99	2082.92
2191.55	1588.75	73	1.#QNAN	0	0	0	4.84489e-007	1686.73	2191.55	2074.43
2181.45	1580.29	74	1.#QNAN	0	0.016	0	4.84122e-007	1675.98	2181.45	2066.24
2171.95	1572.09	75	1.#QNAN	0	0.015	0	5.17563e-007	1730.17	2171.95	2058.72
2162.45	1563.94	76	1.#QNAN	0	0	0	5.01294e-007	1718.1	2162.45	2051.17
2152.84	1555.8	77	1.#QNAN	0	0.016	0	4.92779e-007	1664.72	2152.84	2043.35
2143.47	1547.97	78	1.#QNAN	0	0	0	5.20905e-007	1667.23	2143.47	2035.75
2134.41	1540.2	79	1.#QNAN	0	0.016	0	5.09608e-007	1687.22	2134.41	2028.48
2125.32	1532.26	80	1.#QNAN	0	0.015	0	5.10217e-007	1648.19	2125.32	2021
2116.22	1524.45	81	1.#QNAN	0	0	0	5.4372e-007	1636.76	2116.22	2013.48
2107.2	1516.57	82	1.#QNAN	0	0.016	0	5.61272e-007	1639.48	2107.2	2005.99
2098.27	1508.71	83	1.#QNAN	0	0	0	5.38521e-007	1615.86	2098.27	1998.56
2089.58	1501.22	84	1.#QNAN	0	0.015	0	5.65953e-007	1633.24	2089.58	1991.35
2080.97	1493.84	85	1.#QNAN	0	0	0	5.86328e-007	1626.37	2080.97	1984.16
2072.71	1486.5	86	1.#QNAN	0	0.016	0	5.67871e-007	1637.91	2072.71	1977.35
2064.28	1479.39	87	1.#QNAN	0	0.016	0	5.6575e-007	1592.8	2064.28	1970.21
2056.09	1472.3	88	1.#QNAN	0	0	0	5.63357e-007	1611.23	2056.09	1963.32
2048.07	1465.34	89	1.#QNAN	0	0.015	0	5.93368e-007	1613.89	2048.07	1956.61
2040.32	1458.56	90	1.#QNAN	0	0	0	5.81155e-007	1619.39	2040.32	1950.14
2032.39	1451.73	91	1.#QNAN	0	0.016	0	5.98231e-007	1578.27	2032.39	1943.41
2024.67	1444.94	92	1.#QNAN	0	0	0	5.89839e-007	1582.45	2024.67	1936.86
2017.05	1438.51	93	1.#QNAN	0	0.015	1	6.03191e-007	1586.62	2017.05	1930.35
2009.82	1432.28	94	1.#QNAN	0	0	0	5.94422e-007	1589.1	2009.82	1924.26
2002.83	1426.29	95	1.#QNAN	0	0	0	5.78377e-007	1607.71	2002.83	1918.33
1995.92	1420.17	96	1.#QNAN	0	0.016	0	5.82514e-007	1594.45	1995.92	1912.57
1989.13	1414.16	97	1.#QNAN	0	0	0	6.12184e-007	1595.58	1989.13	1906.91
1982.44	1408.33	98	1.#QNAN	0	0.015	0	6.28284e-007	1598.06	1982.44	1901.31
1975.73	1402.48	99	1.#QNAN	0	0	0	6.45367e-007	1579.18	1975.73	1895.69
1968.96	1396.66	100	1.#QNAN	0	0.016	0	6.22256e-007	1562.29	1968.96	1889.93
1962.33	1390.92	101	1.#QNAN	0	0	0	6.39019e-007	1573.27	1962.33	1884.29
1955.62	1385.24	102	1.#QNAN	0	0.015	0	6.41307e-007	1568.82	1955.62	1878.49
1949.16	1379.65	103	1.#QNAN	0	0.016	0	6.38654e-007	1580.46	1949.16	1872.93
1942.56	1374.16	104	1.#QNAN	0	0	0	6.25425e-007	1565.61	1942.56	1867.22
1936.4	1368.92	105	1.#QNAN	0	0.016	0	6.30918e-007	1592.74	1936.4	1861.95
1930.08	1363.59	106	1.#QNAN	0	0	0	6.42131e-007	1566.94	1930.08	1856.46
1924.05	1358.5	107	1.#QNAN	0	0.015	0	6.60561e-007	1564.79	1924.05	1851.3
1918.08	1353.38	108	1.#QNAN	0	0	0	6.33369e-007	1543.13	1918.08	1846.19
1912.39	1348.43	109	1.#QNAN	0	0	0	6.39576e-007	1562.6	1912.39	1841.34
1906.77	1343.56	110	1.#QNAN	0	0.015	0	6.47381e-007	1534.54	1906.77	1836.54
1901.18	1338.75	111	1.#QNAN	0	0	0	6.38024e-007	1539.29	1901.18	1831.7
1895.84	1334.16	112	1.#QNAN	0	0.016	0	6.30959e-007	1542.91	1895.84	1827.18
1890.7	1329.65	113	1.#QNAN	0	0	0	6.31094e-007	1555.26	1890.7	1822.84
1885.24	1325.05	114	1.#QNAN	0	0.016	0	6.55556e-007	1522.07	1885.24	1818.11
1879.95	1320.69	115	1.#QNAN	0	0.015	0	6.65799e-007	1523.12	1879.95	1813.59
1874.75	1316.27	116	1.#QNAN	0	0	0	6.47721e-007	1521.45	1874.75	1809.16
1869.8	1312.03	117	1.#QNAN	0	0.016	0	6.71302e-007	1532.36	1869.8	1804.94
1864.85	1307.83	118	1.#QNAN	0	0	0	6.44341e-007	1515.05	1864.85	1800.7
1859.95	1303.66	119	1.#QNAN	0	0.015	0	6.60979e-007	1520.52	1859.95	1796.51
1855.22	1299.7	120	1.#QNAN	0	0	0	6.69328e-007	1532.32	1855.22	1792.5
1850.36	1295.71	121	1.#QNAN	0	0.016	0	6.87674e-007	1516.58	1850.36	1788.31
1845.4	1291.77	122	1.#QNAN	0	0.016	0	6.78416e-007	1514.54	1845.4	1783.98
1840.32	1287.75	123	1.#QNAN	0	0	0	6.78737e-007	1507.77	1840.32	1779.51
1835.65	1283.86	124	1.#QNAN	0	0.015	0	6.84367e-007	1550.48	1835.65	1775.48
1831.03	1280.08	125	1.#QNAN	0	0	0	6.49241e-007	1554.53	1831.03	1771.47
1826.42	1276.36	126	1.#QNAN	0	0.016	0	6.84928e-007	1564.63	1826.42	1767.42
1822	1272.79	127	1.#QNAN	0	0	0	6.71853e-007	1564.86	1822	1763.6
1817.73	1269.22	128	1.#QNAN	0	0.015	0	6.78421e-007	1571.47	1817.73	1759.95
1813.55	1265.68	129	1.#QNAN	0	0	0	6.81729e-007	1566.86	1813.55	1756.37
1809.21	1262.07	130	1.#QNAN	0	0.016	0	7.02395e-007	1540.69	1809.21	1752.6
1805.34	1258.67	131	1.#QNAN	0	0.016	0	6.70384e-007	1585.59	1805.34	1749.33
1801.51	1255.34	132	1.#QNAN	0	0	0	6.7681e-007	1549.08	1801.51	1746.1
1797.89	1252.13	133	1.#QNAN	0	0.015	0	6.82651e-007	1600.68	1797.89	1743.09
1794.23	1248.97	134	1.#QNAN	0	0	0	6.65313e-007	1555.32	1794.23	1740
1790.31	1245.77	135	1.#QNAN	0	0.016	0	6.69101e-007	1542.25	1790.31	1736.61
1786.71	1242.66	136	1.#QNAN	0	0	0	6.98374e-007	1546.65	1786.71	1733.58
1782.97	1239.55	137	1.#QNAN	0	0.015	0	6.94897e-007	1523.64	1782.97	1730.37
1779.39	1236.63	138	1.#QNAN	0	0	0	7.01743e-007	1533.53	1779.39	1727.35
1775.89	1233.57	139	1.#QNAN	0	0	0	6.96104e-007	1535.27	1775.89	1724.38
1772.39	1230.54	140	1.#QNAN	0	0.016	0	6.92953e-007	1550.27	1772.39	1721.4
1769.02	1227.65	141	1.#QNAN	0	0	0	6.79147e-007	1558	1769.02	1718.57
1765.59	1224.67	142	1.#QNAN	0	0.015	0	6.66125e-007	1555.28	1765.59	1715.66
1762.13	1221.69	143	1.#QNAN	0	0	0	6.81705e-007	1524.95	1762.13	1712.67
1758.83	1218.84	144	1.#QNAN	0	0.016	0	7.02695e-007	1513.56	1758.83	1709.86
1755.48	1215.94	145	1.#QNAN	0	0	0	6.9512e-007	1503.52	1755.48	1706.98
1752.35	1213.18	146	1.#QNAN	0	0.015	0	7.10542e-007	1518.25	1752.35	1704.37
1749.23	1210.39	147	1.#QNAN	0	0.016	0	7.1026e-007	1502.05	1749.23	1701.74
1746.27	1207.87	148	1.#QNAN	0	0	0	6.95933e-007	1520.64	1746.27	1699.25
1743.58	1205.38	149	1.#QNAN	0	0.016	0	7.14107e-007	1581.72	1743.58	1697.06
1740.65	1202.72	150	1.#QNAN	0	0	0	6.65753e-007	1530.97	1740.65	1694.62
1737.83	1200.14	151	1.#QNAN	0	0.015	0	6.9874e-007	1583.7	1737.83	1692.29
1734.97	1197.59	152	1.#QNAN	0	0	0	6.72567e-007	1537.11	1734.97	1689.87
1732.32	1195.14	153	1.#QNAN	0	0.016	0	6.94207e-007	1543.63	1732.32	1687.67
1729.52	1192.66	154	1.#QNAN	0	0.015	0	6.88393e-007	1522.19	1729.52	1685.3
1726.61	1190.13	155	1.#QNAN	0	0	0	6.77782e-007	1512.03	1726.61	1682.81
1723.87	1187.66	156	1.#QNAN	0	0.016	0	7.02432e-007	1533.74	1723.87	1680.49
1721.17	1185.29	157	1.#QNAN	0	0	0	7.028e-007	1523.82	1721.17	1678.19
1718.49	1182.83	158	1.#QNAN	0	0.016	0	6.90556e-007	1521.15	1718.49	1675.93
1715.57	1180.39	159	1.#QNAN	0	0	0	7.11588e-007	1506.49	1715.57	1673.39
1712.68	1177.92	160	1.#QNAN	0	0.015	0	7.15796e-007	1502.96	1712.68	1670.89
1709.91	1175.54	161	1.#QNAN	0	0	0	7.12446e-007	1506.49	1709.91	1668.51
1707.31	1173.22	162	1.#QNAN	0	0.016	0	7.40098e-007	1533.52	1707.31	1666.32
1704.51	1170.78	163	1.#QNAN	0	0.015	0	7.15686e-007	1475.89	1704.51	1663.92
1701.83	1168.44	164	1.#QNAN	0	0	0	7.09209e-007	1474.55	1701.83	1661.61
1699.17	1166.17	165	1.#QNAN	0	0.016	0	6.90963e-007	1490.75	1699.17	1659.31
1696.5	1163.83	166	1.#QNAN	0	0	0	7.31028e-007	1477.02	1696.5	1657.01
1693.94	1161.54	167	1.#QNAN	0	0.016	0	7.08343e-007	1493.75	1693.94	1654.81
1691.5	1159.37	168	1.#QNAN	0	0.015	0	7.47455e-007	1514.74	1691.5	1652.73
1689.14	1157.29	169	1.#QNAN	0	0	0	7.28397e-007	1513.84	1689.14	1650.73
1686.6	1155.12	170	1.#QNAN	0	0.016	0	7.36692e-007	1490.28	1686.6	1648.54
1684.39	1153.11	171	1.#QNAN	0	0	0	7.03819e-007	1552.85	1684.39	1646.69
1681.91	1150.98	172	1.#QNAN	0	0.015	0	7.15798e-007	1522.22	1681.91	1644.56
1679.56	1148.85	173	1.#QNAN	0	0	0	7.15133e-007	1514.54	1679.56	1642.55
1677.24	1146.79	174	1.#QNAN	0	0.016	0	7.21071e-007	1510.87	1677.24	1640.56
1674.92	1144.75	175	1.#QNAN	0	0.016	0	7.25e-007	1511.04	1674.92	1638.54
1672.66	1142.72	176	1.#QNAN	0	0	0	7.10591e-007	1516.36	1672.66	1636.6
1670.62	1140.81	177	1.#QNAN	0	0.015	0	7.21204e-007	1551.35	1670.62	1634.88
1668.62	1139	178	1.#QNAN	0	0	0	7.4067e-007	1557.16	1668.62	1633.21
1666.7	1137.19	179	1.#QNAN	0	0.016	0	7.12227e-007	1564.18	1666.7	1631.62
1664.7	1135.29	180	1.#QNAN	0	0	0	7.04741e-007	1537.19	1664.7	1629.93
1662.76	1133.48	181	1.#QNAN	0	0.016	0	7.12176e-007	1543.59	1662.76	1628.32
1660.88	1131.65	182	1.#QNAN	0	0	0	7.39036e-007	1555.05	1660.88	1626.77
1659	1129.89	183	1.#QNAN	0	0.016	0	7.2264e-007	1531.81	1659	1625.2
1657.09	1128.08	184	1.#QNAN	0	0.016	0	7.25186e-007	1529.33	1657.09	1623.57
1655.22	1126.31	185	1.#QNAN	0	0	0	6.92684e-007	1538.03	1655.22	1621.99
1653.33	1124.59	186	1.#QNAN	0	0.015	0	7.09137e-007	1535.62	1653.33	1620.37
1651.42	1122.86	187	1.#QNAN	0	0	0	7.20684e-007	1531.48	1651.42	1618.74
1649.47	1121.11	188	1.#QNAN	0	0.016	0	6.72676e-007	1509.57	1649.47	1617.08
1647.66	1119.42	189	1.#QNAN	0	0	0	7.17675e-007	1559.99	1647.66	1615.55
1645.81	1117.71	190	1.#QNAN	0	0.015	0	7.21352e-007	1550.48	1645.81	1613.98
1644.01	1116.02	191	1.#QNAN	0	0	0	7.37758e-007	1506.02	1644.01	1612.44
1642.1	1114.26	192	1.#QNAN	0	0	0	7.05253e-007	1487.95	1642.1	1610.8
1640.37	1112.65	193	1.#QNAN	0	0.016	0	7.01651e-007	1526.05	1640.37	1609.32
1638.52	1110.98	194	1.#QNAN	0	0	0	7.34906e-007	1512.18	1638.52	1607.71
1636.75	1109.39	195	1.#QNAN	0	0.015	0	7.22624e-007	1530.43	1636.75	1606.2
1634.99	1107.81	196	1.#QNAN	0	0	0	7.13353e-007	1532.36	1634.99	1604.68
1633.19	1106.12	197	1.#QNAN	0	0.016	0	7.17771e-007	1514.59	1633.19	1603.14
1631.46	1104.48	198	1.#QNAN	0	0	0	7.24779e-007	1521.41	1631.46	1601.65
1629.82	1102.96	199	1.#QNAN	0	0.015	0	7.45983e-007	1527.87	1629.82	1600.25
1628.03	1101.35	200	1.#QNAN	0	0.016	0	7.40399e-007	1504.17	1628.03	1598.66
1626.27	1099.77	201	1.#QNAN	0	0	0	7.32199e-007	1517.48	1626.27	1597.1
1624.59	1098.24	202	1.#QNAN	0	0.016	0	7.55097e-007	1515.18	1624.59	1595.63
1622.91	1096.63	203	1.#QNAN	0	0	0	7.26183e-007	1495.25	1622.91	1594.17
1621.19	1095.05	204	1.#QNAN	0	0.015	0	7.22453e-007	1495.77	1621.19	1592.66
1619.56	1093.52	205	1.#QNAN	0	0	0	7.35979e-007	1498.44	1619.56	1591.25
1617.86	1092.01	206	1.#QNAN	0	0.016	1	7.28263e-007	1492.67	1617.86	1589.74
1616.16	1090.45	207	1.#QNAN	0	0.015	0	7.35757e-007	1500.85	1616.16	1588.23
1614.54	1088.97	208	1.#QNAN	0	0	0	7.23491e-007	1532.21	1614.54	1586.81
1612.94	1087.53	209	1.#QNAN	0	0.016	0	7.24775e-007	1529.32	1612.94	1585.41
1611.42	1086.12	210	1.#QNAN	0	0	0	7.07213e-007	1514.53	1611.42	1584.09
1609.92	1084.65	211	1.#QNAN	0	0.016	0	7.14096e-007	1517.93	1609.92	1582.79
1608.48	1083.27	212	1.#QNAN	0	0	0	7.26153e-007	1520.21	1608.48	1581.56
1606.92	1081.8	213	1.#QNAN	0	0.015	0	7.35568e-007	1505.44	1606.92	1580.19
1605.39	1080.39	214	1.#QNAN	0	0.016	0	7.37494e-007	1500.75	1605.39	1578.85
1603.88	1078.98	215	1.#QNAN	0	0	0	7.51526e-007	1494.53	1603.88	1577.52
1602.37	1077.61	216	1.#QNAN	0	0.015	0	7.4135e-007	1476.16	1602.37	1576.21
1600.85	1076.18	217	1.#QNAN	0	0	0	7.33053e-007	1485.74	1600.85	1574.87
1599.35	1074.77	218	1.#QNAN	0	0.016	0	7.205e-007	1497.25	1599.35	1573.57
1597.85	1073.37	219	1.#QNAN	0	0	0	7.21581e-007	1500.23	1597.85	1572.24
1596.42	1072.05	220	1.#QNAN	0	0.016	0	7.15083e-007	1519.28	1596.42	1571
1595.12	1070.76	221	1.#QNAN	0	0	0	7.46642e-007	1522.28	1595.12	1569.89
1593.9	1069.51	222	1.#QNAN	0	0.015	0	7.4056e-007	1536.3	1593.9	1568.87
1592.56	1068.16	223	1.#QNAN	0	0.016	0	7.23233e-007	1548.47	1592.56	1567.7
1591.11	1066.77	224	1.#QNAN	0	0	0	7.335e-007	1510.52	1591.11	1566.43
1589.69	1065.5	225	1.#QNAN	0	0.015	0	7.53001e-007	1524.85	1589.69	1565.18
1588.42	1064.2	226	1.#QNAN	0	0	0	7.23737e-007	1521.16	1588.42	1564.1
1587.17	1062.95	227	1.#QNAN	0	0.016	0	7.23969e-007	1533.28	1587.17	1563.04
1585.85	1061.68	228	1.#QNAN	0	0	0	7.22643e-007	1522.99	1585.85	1561.89
1584.54	1060.44	229	1.#QNAN	0	0.016	0	7.2944e-007	1539.45	1584.54	1560.76
1583.25	1059.29	230	1.#QNAN	0	0.015	0	6.96819e-007	1535.13	1583.25	1559.63
1581.86	1058.03	231	1.#QNAN	0	0	0	7.17436e-007	1499.56	1581.86	1558.41
1580.59	1056.84	232	1.#QNAN	0	0.016	0	7.38684e-007	1525.54	1580.59	1557.32
1579.4	1055.62	233	1.#QNAN	0	0	0	7.26591e-007	1533.29	1579.4	1556.29
1578.41	1054.53	234	1.#QNAN	0	0.015	0	7.36267e-007	1570.68	1578.41	1555.47
1577.4	1053.41	235	1.#QNAN	0	0	0	7.62332e-007	1556.49	1577.4	1554.62
1576.35	1052.3	236	1.#QNAN	0	0.016	0	7.26918e-007	1552.91	1576.35	1553.75
1575.32	1051.18	237	1.#QNAN	0	0	0	7.30587e-007	1551.88	1575.32	1552.9
1574.2	1050.04	238	1.#QNAN	0	0	0	7.39695e-007	1523.55	1574.2	1551.95
1573.04	1048.89	239	1.#QNAN	0	0.015	0	7.23446e-007	1510.45	1573.04	1550.95
1571.86	1047.73	240	1.#QNAN	0	0	0	7.47062e-007	1495.7	1571.86	1549.93
1570.74	1046.63	241	1.#QNAN	0	0.016	0	7.4425e-007	1507.84	1570.74	1548.98
1569.72	1045.56	242	1.#QNAN	0	0	0	7.22897e-007	1521.38	1569.72	1548.11
1568.61	1044.49	243	1.#QNAN	0	0.015	0	7.57451e-007	1508.94	1568.61	1547.16
1567.58	1043.47	244	1.#QNAN	0	0	0	7.6676e-007	1511.21	1567.58	1546.29
1566.59	1042.46	245	1.#QNAN	0	0.016	0	7.31819e-007	1515.22	1566.59	1545.46
1565.63	1041.46	246	1.#QNAN	0	0.016	0	7.56157e-007	1518.23	1565.63	1544.66
1564.69	1040.48	247	1.#QNAN	0	0	0	7.64461e-007	1534.51	1564.69	1543.87
1563.73	1039.49	248	1.#QNAN	0	0.015	0	7.31785e-007	1527.99	1563.73	1543.06
1562.81	1038.48	249	1.#QNAN	0	0	0	7.33551e-007	1520.72	1562.81	1542.29
1561.82	1037.42	250	1.#QNAN	0	0.016	0	7.27536e-007	1497.41	1561.82	1541.44
1560.84	1036.46	251	1.#QNAN	0	0	0	7.54189e-007	1500.08	1560.84	1540.61
1559.85	1035.46	252	1.#QNAN	0	0.015	0	7.68216e-007	1498.23	1559.85	1539.77
1558.86	1034.51	253	1.#QNAN	0	0.016	0	7.48436e-007	1489.49	1558.86	1538.91
1557.96	1033.61	254	1.#QNAN	0	0	0	7.38204e-007	1490.7	1557.96	1538.15
1556.98	1032.65	255	1.#QNAN	0	0.016	0	7.12395e-007	1488.96	1556.98	1537.31
1556.18	1031.81	256	1.#QNAN	0	0	0	7.57041e-007	1545.19	1556.18	1536.65
1555.32	1030.92	257	1.#QNAN	0	0.015	0	7.69499e-007	1514.08	1555.32	1535.94
1554.53	1030.08	258	1.#QNAN	0	0	0	7.47587e-007	1556.62	1554.53	1535.29
1553.69	1029.22	259	1.#QNAN	0	0.016	0	7.5045e-007	1504.33	1553.69	1534.6
1552.82	1028.37	260	1.#QNAN	0	0.015	0	7.6483e-007	1484.77	1552.82	1533.86
1552.09	1027.53	261	1.#QNAN	0	0	0	7.4545e-007	1533.22	1552.09	1533.26
1551.36	1026.71	262	1.#QNAN	0	0.016	0	7.49513e-007	1547.63	1551.36	1532.68
1550.52	1025.88	263	1.#QNAN	0	0	0	7.49348e-007	1502.28	1550.52	1531.97
1549.68	1025.02	264	1.#QNAN	0	0.016	0	7.4733e-007	1513.1	1549.68	1531.27
1548.87	1024.22	265	1.#QNAN	0	0	0	7.382e-007	1498.53	1548.87	1530.58
1548.13	1023.44	266	1.#QNAN	0	0.015	0	7.33777e-007	1527.35	1548.13	1529.96
1547.43	1022.73	267	1.#QNAN	0	0.016	0	7.48401e-007	1538.1	1547.43	1529.39
1546.64	1021.94	268	1.#QNAN	0	0	0	7.45799e-007	1533.92	1546.64	1528.73
1545.81	1021.17	269	1.#QNAN	0	0.015	0	7.66808e-007	1510.85	1545.81	1528.02
1544.98	1020.34	270	1.#QNAN	0	0	0	7.5613e-007	1488.05	1544.98	1527.31
1544.17	1019.55	271	1.#QNAN	0	0.016	0	7.77996e-007	1492.29	1544.17	1526.63
1543.39	1018.8	272	1.#QNAN	0	0	0	7.42071e-007	1495.53	1543.39	1525.96
1542.69	1018.1	273	1.#QNAN	0	0.016	0	7.68731e-007	1506.49	1542.69	1525.4
1541.99	1017.41	274	1.#QNAN	0	0.015	0	7.53818e-007	1493.89	1541.99	1524.81
1541.27	1016.68	275	1.#QNAN	0	0	0	7.51831e-007	1501.75	1541.27	1524.21
1540.54	1015.96	276	1.#QNAN	0	0.016	0	7.54541e-007	1502.89	1540.54	1523.58
1539.91	1015.31	277	1.#QNAN	0	0	0	7.43007e-007	1535.59	1539.91	1523.07
1539.31	1014.66	278	1.#QNAN	0	0.015	0	7.59989e-007	1531.88	1539.31	1522.57
1538.69	1014.03	279	1.#QNAN	0	0	0	7.507e-007	1526.19	1538.69	1522.06
1538.07	1013.36	280	1.#QNAN	0	0.016	0	7.44966e-007	1544.58	1538.07	1521.55
1537.42	1012.66	281	1.#QNAN	0	0.016	0	7.42643e-007	1523.8	1537.42	1521
1536.82	1012.02	282	1.#QNAN	0	0	0	7.50161e-007	1526.09	1536.82	1520.5
1536.27	1011.46	283	1.#QNAN	0	0.015	0	7.48644e-007	1555.48	1536.27	1520.05
1535.59	1010.78	284	1.#QNAN	0	0	0	7.27564e-007	1519.93	1535.59	1519.48
1534.91	1010.14	285	1.#QNAN	0	0.016	0	7.62661e-007	1497.38	1534.91	1518.89
1534.2	1009.46	286	1.#QNAN	0	0	0	7.59543e-007	1509.31	1534.2	1518.27
1533.46	1008.77	287	1.#QNAN	0	0.015	0	7.74824e-007	1493.05	1533.46	1517.62
1532.82	1008.15	288	1.#QNAN	0	0.016	0	7.52187e-007	1524.9	1532.82	1517.08
1532.15	1007.45	289	1.#QNAN	0	0	0	7.75284e-007	1495.34	1532.15	1516.51
1531.53	1006.78	290	1.#QNAN	0	0.016	0	7.78934e-007	1507.52	1531.53	1515.99
1530.87	1006.08	291	1.#QNAN	0	0	0	7.35877e-007	1498.32	1530.87	1515.43
1530.23	1005.39	292	1.#QNAN	0	0.015	0	7.51769e-007	1506.79	1530.23	1514.89
1529.57	1004.71	293	1.#QNAN	0	0.016	0	7.81155e-007	1490.49	1529.57	1514.32
1528.94	1004.06	294	1.#QNAN	0	0	0	7.31933e-007	1506.72	1528.94	1513.78
1528.23	1003.35	295	1.#QNAN	0	0.015	0	7.74445e-007	1487.75	1528.23	1513.16
1527.61	1002.67	296	1.#QNAN	0	0	0	7.72338e-007	1502.71	1527.61	1512.64
1527.02	1002.03	297	1.#QNAN	0	0.016	0	7.97768e-007	1502.32	1527.02	1512.14
1526.37	1001.36	298	1.#QNAN	0	0	0	7.53368e-007	1489.43	1526.37	1511.6
1525.81	1000.7	299	1.#QNAN	0	0.016	0	7.58411e-007	1531.74	1525.81	1511.13
1525.18	1000.04	300	1.#QNAN	0	0.015	0	7.45438e-007	1511.83	1525.18	1510.59
1524.62	999.427	301	1.#QNAN	0	0	0	7.55625e-007	1515.48	1524.62	1510.12
1524.07	998.792	302	1.#QNAN	0	0.016	0	7.8364e-007	1497.54	1524.07	1509.66
1523.47	998.186	303	1.#QNAN	0	0	0	7.67366e-007	1485.77	1523.47	1509.15
1522.9	997.526	304	1.#QNAN	0	0.015	0	7.44375e-007	1490.69	1522.9	1508.66
1522.29	996.892	305	1.#QNAN	0	0	0	7.52499e-007	1478.04	1522.29	1508.14
1521.76	996.285	306	1.#QNAN	0	0.016	0	7.53499e-007	1492.12	1521.76	1507.69
1521.17	995.673	307	1.#QNAN	0	0.016	0	7.47868e-007	1468.66	1521.17	1507.19
1520.52	995.039	308	1.#QNAN	0	0	0	7.62895e-007	1455.1	1520.52	1506.62
1519.85	994.44	309	1.#QNAN	0	0.015	0	7.4504e-007	1472.95	1519.85	1506.03
1519.19	993.826	310	1.#QNAN	0	0	0	7.59094e-007	1476.32	1519.19	1505.45
1518.62	993.261	311	1.#QNAN	0	0.016	0	7.75681e-007	1498.47	1518.62	1504.96
1518.03	992.719	312	1.#QNAN	0	0	0	7.50979e-007	1489.75	1518.03	1504.45
1517.51	992.187	313	1.#QNAN	0	0.015	0	7.34909e-007	1505.51	1517.51	1504.02
1516.97	991.636	314	1.#QNAN	0	0.016	0	7.74807e-007	1499.82	1516.97	1503.56
1516.47	991.129	315	1.#QNAN	0	0	0	7.84769e-007	1496.12	1516.47	1503.15
1516.11	990.665	316	1.#QNAN	0	0.016	0	7.83495e-007	1552.24	1516.11	1502.87
1515.71	990.203	317	1.#QNAN	0	0	0	7.70914e-007	1528.14	1515.71	1502.55
1515.23	989.702	318	1.#QNAN	0	0.015	1	7.42534e-007	1509.27	1515.23	1502.16
1514.67	989.193	319	1.#QNAN	0	0	0	7.91991e-007	1476.84	1514.67	1501.67
1514.16	988.661	320	1.#QNAN	0	0.016	0	8.06154e-007	1488.79	1514.16	1501.22
1513.68	988.163	321	1.#QNAN	0	0	0	7.46617e-007	1498	1513.68	1500.81
1513.15	987.599	322	1.#QNAN	0	0.015	0	7.52628e-007	1481.45	1513.15	1500.36
1512.73	987.102	323	1.#QNAN	0	0.016	0	7.37466e-007	1532.51	1512.73	1500.01
1512.19	986.559	324	1.#QNAN	0	0	0	7.51804e-007	1500.02	1512.19	1499.54
1511.69	986.038	325	1.#QNAN	0	0.016	0	7.45121e-007	1522.36	1511.69	1499.11
1511.09	985.454	326	1.#QNAN	0	0	0	7.76334e-007	1470.46	1511.09	1498.58
1510.55	984.912	327	1.#QNAN	0	0.015	0	7.38923e-007	1490.39	1510.55	1498.11
1509.96	984.379	328	1.#QNAN	0	0.016	0	7.76846e-007	1492.66	1509.96	1497.59
1509.4	983.833	329	1.#QNAN	0	0	0	7.77273e-007	1506.03	1509.4	1497.1
1508.86	983.302	330	1.#QNAN	0	0.015	0	7.58297e-007	1473.13	1508.86	1496.61
1508.25	982.733	331	1.#QNAN	0	0	0	7.66459e-007	1471.45	1508.25	1496.07
1507.71	982.212	332	1.#QNAN	0	0.016	0	7.71869e-007	1485.97	1507.71	1495.6
1507.22	981.706	333	1.#QNAN	0	0	0	7.53923e-007	1496.84	1507.22	1495.17
1506.71	981.232	334	1.#QNAN	0	0.016	0	7.83451e-007	1499.37	1506.71	1494.73
1506.14	980.695	335	1.#QNAN	0	0	0	7.4278e-007	1475.13	1506.14	1494.21
1505.56	980.172	336	1.#QNAN	0	0.015	0	7.46339e-007	1489.53	1505.56	1493.7
1505.01	979.655	337	1.#QNAN	0	0.016	0	7.60159e-007	1484.3	1505.01	1493.21
1504.55	979.178	338	1.#QNAN	0	0	0	7.67381e-007	1504.92	1504.55	1492.82
1504.05	978.692	339	1.#QNAN	0	0.015	0	7.44714e-007	1486.84	1504.05	1492.38
1503.55	978.185	340	1.#QNAN	0	0	0	7.83733e-007	1467.63	1503.55	1491.95
1503.05	977.678	341	1.#QNAN	0	0.016	0	7.48628e-007	1466.38	1503.05	1491.5
1502.53	977.183	342	1.#QNAN	0	0	0	7.4652e-007	1458.44	1502.53	1491.05
1502.03	976.683	343	1.#QNAN	0	0.016	0	7.55343e-007	1461.83	1502.03	1490.61
1501.54	976.209	344	1.#QNAN	0	0.015	0	7.53668e-007	1454.66	1501.54	1490.19
1501.07	975.731	345	1.#QNAN	0	0	0	7.79772e-007	1468.64	1501.07	1489.77
1500.54	975.247	346	1.#QNAN	0	0.016	0	7.64318e-007	1450	1500.54	1489.31
1500.13	974.791	347	1.#QNAN	0	0	0	7.67289e-007	1481.58	1500.13	1488.95
1499.62	974.29	348	1.#QNAN	0	0.015	0	7.57638e-007	1474.81	1499.62	1488.51
1499.15	973.831	349	1.#QNAN	0	0	0	7.76297e-007	1465.45	1499.15	1488.1
1498.69	973.387	350	1.#QNAN	0	0.016	0	7.42905e-007	1487.1	1498.69	1487.7
1498.15	972.906	351	1.#QNAN	0	0	0	7.4734e-007	1459.56	1498.15	1487.21
1497.66	972.457	352	1.#QNAN	0	0.016	0	7.79756e-007	1489.05	1497.66	1486.78
1497.22	972.019	353	1.#QNAN	0	0.015	0	7.57809e-007	1507.58	1497.22	1486.4
1496.79	971.59	354	1.#QNAN	0	0	0	7.39484e-007	1539.17	1496.79	1486.03
1496.38	971.188	355	1.#QNAN	0	0.016	0	7.63514e-007	1512.32	1496.38	1485.67
1495.84	970.705	356	1.#QNAN	0	0	0	7.6428e-007	1458.26	1495.84	1485.18
1495.41	970.269	357	1.#QNAN	0	0.015	0	7.84214e-007	1489.99	1495.41	1484.81
1495.03	969.886	358	1.#QNAN	0	0	0	7.36362e-007	1530.17	1495.03	1484.48
1494.63	969.469	359	1.#QNAN	0	0.016	0	7.66898e-007	1488.61	1494.63	1484.13
1494.28	969.058	360	1.#QNAN	0	0.016	0	7.66222e-007	1515.78	1494.28	1483.84
1493.91	968.663	361	1.#QNAN	0	0	0	7.38732e-007	1486.03	1493.91	1483.53
1493.47	968.243	362	1.#QNAN	0	0.015	0	8.12321e-007	1462.63	1493.47	1483.15
1493.06	967.83	363	1.#QNAN	0	0	0	7.47514e-007	1471.8	1493.06	1482.78
1492.56	967.375	364	1.#QNAN	0	0.016	0	7.53306e-007	1446.27	1492.56	1482.34
1492.06	966.932	365	1.#QNAN	0	0	0	7.75212e-007	1445.1	1492.06	1481.9
1491.57	966.483	366	1.#QNAN	0	0.015	0	7.20026e-007	1467.85	1491.57	1481.47
1491.02	966.031	367	1.#QNAN	0	0.016	0	7.48196e-007	1453.21	1491.02	1480.96
1490.42	965.566	368	1.#QNAN	0	0	0	7.80592e-007	1408.81	1490.42	1480.41
1489.81	965.092	369	1.#QNAN	0	0.016	0	7.75527e-007	1425.75	1489.81	1479.85
1489.34	964.648	370	1.#QNAN	0	0	0	7.51802e-007	1480.5	1489.34	1479.44
1488.88	964.208	371	1.#QNAN	0	0.015	0	7.85479e-007	1472.77	1488.88	1479.03
1488.37	963.77	372	1.#QNAN	0	0	0	7.56237e-007	1465.93	1488.37	1478.57
1487.85	963.334	373	1.#QNAN	0	0.016	0	7.28114e-007	1454.27	1487.85	1478.09
1487.39	962.918	374	1.#QNAN	0	0.015	0	7.67615e-007	1475.59	1487.39	1477.69
1486.96	962.534	375	1.#QNAN	0	0	0	7.46797e-007	1485.19	1486.96	1477.3
1486.54	962.127	376	1.#QNAN	0	0.016	0	7.96493e-007	1502.37	1486.54	1476.93
1486.18	961.738	377	1.#QNAN	0	0	0	7.84999e-007	1549.06	1486.18	1476.63
1485.87	961.388	378	1.#QNAN	0	0.016	0	7.67981e-007	1555.45	1485.87	1476.37
1485.56	961.058	379	1.#QNAN	0	0	0	7.67407e-007	1569.12	1485.56	1476.12
1485.18	960.655	380	1.#QNAN	0	0.015	0	7.30557e-007	1522.87	1485.18	1475.8
1484.75	960.268	381	1.#QNAN	0	0.016	0	7.63841e-007	1486.84	1484.75	1475.41
1484.4	959.916	382	1.#QNAN	0	0	0	7.60746e-007	1519.85	1484.4	1475.11
1484.06	959.546	383	1.#QNAN	0	0.015	0	7.68757e-007	1497.03	1484.06	1474.81
1483.72	959.213	384	1.#QNAN	0	0	0	7.97361e-007	1492.03	1483.72	1474.52
1483.39	958.857	385	1.#QNAN	0	0.016	0	7.56608e-007	1492.2	1483.39	1474.24
1483.03	958.486	386	1.#QNAN	0	0	0	7.28249e-007	1480.99	1483.03	1473.93
1482.67	958.124	387	1.#QNAN	0	0.016	0	7.79463e-007	1487.91	1482.67	1473.6
1482.19	957.758	388	1.#QNAN	0	0	0	7.36651e-007	1452.92	1482.19	1473.17
1481.75	957.389	389	1.#QNAN	0	0.015	0	7.46308e-007	1452.27	1481.75	1472.77
1481.34	957.055	390	1.#QNAN	0	0.016	0	7.41579e-007	1483.31	1481.34	1472.4
1480.97	956.729	391	1.#QNAN	0	0	0	7.8767e-007	1477.71	1480.97	1472.07
1480.54	956.353	392	1.#QNAN	0	0.015	0	7.60652e-007	1483.39	1480.54	1471.69
1480.08	955.982	393	1.#QNAN	0	0	0	7.76898e-007	1466.85	1480.08	1471.27
1479.69	955.626	394	1.#QNAN	0	0.016	0	7.64159e-007	1492.04	1479.69	1470.93
1479.3	955.263	395	1.#QNAN	0	0.016	0	7.55557e-007	1492.52	1479.3	1470.59
1478.86	954.882	396	1.#QNAN	0	0	0	7.63085e-007	1451.33	1478.86	1470.19
1478.43	954.503	397	1.#QNAN	0	0.015	0	7.42975e-007	1469.32	1478.43	1469.79
1478	954.165	398	1.#QNAN	0	0	0	7.86154e-007	1459.7	1478	1469.41
1477.65	953.856	399	1.#QNAN	0	0.016	0	7.59413e-007	1466.75	1477.65	1469.1
1477.3	953.547	400	1.#QNAN	0	0	0	7.43935e-007	1482.62	1477.3	1468.79
1476.94	953.223	401	1.#QNAN	0	0.015	0	7.42194e-007	1471.51	1476.94	1468.47
1476.59	952.922	402	1.#QNAN	0	0.016	0	7.5608e-007	1465.73	1476.59	1468.16
1476.24	952.602	403	1.#QNAN	0	0	0	7.1502e-007	1473.37	1476.24	1467.85
1475.81	952.287	404	1.#QNAN	0	0.016	0	7.73404e-007	1451.37	1475.81	1467.47
1475.42	951.968	405	1.#QNAN	0	0	0	7.73619e-007	1473.55	1475.42	1467.11
1475.06	951.675	406	1.#QNAN	0	0.015	0	7.39091e-007	1486.25	1475.06	1466.79
1474.74	951.378	407	1.#QNAN	0	0	0	7.59893e-007	1483.73	1474.74	1466.51
1474.44	951.036	408	1.#QNAN	0	0.016	0	7.59068e-007	1493.65	1474.44	1466.26
1474.16	950.752	409	1.#QNAN	0	0.015	0	7.722e-007	1505.85	1474.16	1466.01
1473.82	950.452	410	1.#QNAN	0	0	0	7.43261e-007	1484.46	1473.82	1465.71
1473.55	950.159	411	1.#QNAN	0	0.016	0	7.56862e-007	1525.72	1473.55	1465.48
1473.18	949.824	412	1.#QNAN	0	0	0	7.50147e-007	1476.61	1473.18	1465.15
1472.89	949.515	413	1.#QNAN	0	0.016	0	7.86301e-007	1501.08	1472.89	1464.9
1472.61	949.221	414	1.#QNAN	0	0	0	7.49615e-007	1538.95	1472.61	1464.65
1472.34	948.923	415	1.#QNAN	0	0.015	0	7.74536e-007	1543.7	1472.34	1464.42
1472.09	948.642	416	1.#QNAN	0	0.016	0	7.73469e-007	1531.72	1472.09	1464.2
1471.76	948.334	417	1.#QNAN	0	0	0	7.70972e-007	1504.34	1471.76	1463.9
1471.5	948.068	418	1.#QNAN	0	0.015	0	7.60834e-007	1527.61	1471.5	1463.68
1471.2	947.789	419	1.#QNAN	0	0	0	7.64427e-007	1525.84	1471.2	1463.41
1470.87	947.515	420	1.#QNAN	0	0.016	0	7.50707e-007	1525.89	1470.87	1463.11
1470.67	947.312	421	1.#QNAN	0	0	0	7.64427e-007	1576.53	1470.67	1462.95
1470.47	947.086	422	1.#QNAN	0	0.016	0	7.8771e-007	1541.75	1470.47	1462.78
1470.23	946.832	423	1.#QNAN	0	0.015	0	7.74888e-007	1528.2	1470.23	1462.57
1470.03	946.609	424	1.#QNAN	0	0	0	7.66286e-007	1555.58	1470.03	1462.42
1469.81	946.378	425	1.#QNAN	0	0.016	0	7.61235e-007	1557.28	1469.81	1462.23
1469.58	946.107	426	1.#QNAN	0	0	0	7.49301e-007	1540.42	1469.58	1462.03
1469.3	945.849	427	1.#QNAN	0	0.015	0	7.61537e-007	1529.64	1469.3	1461.78
1469.03	945.615	428	1.#QNAN	0	0.016	0	7.76119e-007	1526.63	1469.03	1461.54
1468.78	945.406	429	1.#QNAN	0	0	0	7.79142e-007	1533.87	1468.78	1461.32
1468.53	945.191	430	1.#QNAN	0	0.016	1	8.11345e-007	1538.1	1468.53	1461.1
1468.26	944.957	431	1.#QNAN	0	0	0	7.82909e-007	1529.43	1468.26	1460.86
1467.99	944.709	432	1.#QNAN	0	0.015	0	7.97322e-007	1538.36	1467.99	1460.62
1467.77	944.457	433	1.#QNAN	0	0	0	7.59233e-007	1526.53	1467.77	1460.44
1467.55	944.243	434	1.#QNAN	0	0.016	0	7.44058e-007	1503.42	1467.55	1460.24
1467.36	944.021	435	1.#QNAN	0	0.015	0	7.61456e-007	1530.64	1467.36	1460.09
1467.12	943.799	436	1.#QNAN	0	0	0	7.86253e-007	1520.4	1467.12	1459.87
1466.85	943.528	437	1.#QNAN	0	0.016	0	7.8521e-007	1508.51	1466.85	1459.64
1466.66	943.321	438	1.#QNAN	0	0	0	7.74032e-007	1532.5	1466.66	1459.47
1466.44	943.071	439	1.#QNAN	0	0.016	0	7.8366e-007	1546.22	1466.44	1459.29
1466.19	942.839	440	1.#QNAN	0	0	0	7.90345e-007	1519.33	1466.19	1459.07
1465.98	942.569	441	1.#QNAN	0	0.015	0	7.59175e-007	1526.02	1465.98	1458.89
1465.72	942.31	442	1.#QNAN	0	0	0	7.58199e-007	1513.66	1465.72	1458.66
1465.43	942.033	443	1.#QNAN	0	0	0	7.76685e-007	1491.01	1465.43	1458.4
1465.2	941.777	444	1.#QNAN	0	0.015	0	7.7458e-007	1513.56	1465.2	1458.19
1464.95	941.536	445	1.#QNAN	0	0	0	7.90409e-007	1514.47	1464.95	1457.98
1464.68	941.284	446	1.#QNAN	0	0.016	0	7.66778e-007	1485.4	1464.68	1457.74
1464.48	941.054	447	1.#QNAN	0	0	0	7.61513e-007	1521.81	1464.48	1457.57
1464.19	940.791	448	1.#QNAN	0	0.016	0	7.5639e-007	1490.29	1464.19	1457.31
1463.97	940.547	449	1.#QNAN	0	0	0	7.65102e-007	1513.43	1463.97	1457.12
1463.69	940.3	450	1.#QNAN	0	0.015	0	7.75134e-007	1501.62	1463.69	1456.87
1463.46	940.049	451	1.#QNAN	0	0.016	0	7.643e-007	1506.04	1463.46	1456.67
1463.23	939.816	452	1.#QNAN	0	0	0	8.01857e-007	1490.57	1463.23	1456.47
1462.98	939.534	453	1.#QNAN	0	0.015	0	7.4065e-007	1491.36	1462.98	1456.25
1462.72	939.264	454	1.#QNAN	0	0	0	7.64111e-007	1512.4	1462.72	1456.02
1462.52	939.033	455	1.#QNAN	0	0.016	0	7.74004e-007	1497.5	1462.52	1455.85
1462.34	938.818	456	1.#QNAN	0	0	0	7.6044e-007	1487.16	1462.34	1455.7
1462.1	938.574	457	1.#QNAN	0	0.016	0	7.77123e-007	1492.36	1462.1	1455.49
1461.86	938.31	458	1.#QNAN	0	0.015	0	7.75397e-007	1504.95	1461.86	1455.28
1461.6	938.04	459	1.#QNAN	0	0	0	7.35721e-007	1489.33	1461.6	1455.05
1461.31	937.745	460	1.#QNAN	0	0.016	0	7.51522e-007	1498.63	1461.31	1454.79
1461.09	937.498	461	1.#QNAN	0	0	0	7.62602e-007	1497.09	1461.09	1454.6
1460.77	937.186	462	1.#QNAN	0	0.015	0	7.89576e-007	1504.23	1460.77	1454.31
1460.55	936.958	463	1.#QNAN	0	0	0	7.63506e-007	1487.13	1460.55	1454.12
1460.32	936.716	464	1.#QNAN	0	0.016	0	7.78648e-007	1469.11	1460.32	1453.91
1460.02	936.456	465	1.#QNAN	0	0.016	0	7.77803e-007	1441.57	1460.02	1453.64
1459.71	936.222	466	1.#QNAN	0	0	0	7.7486e-007	1428.32	1459.71	1453.36
1459.5	935.994	467	1.#QNAN	0	0.015	0	7.52984e-007	1471.65	1459.5	1453.17
1459.28	935.766	468	1.#QNAN	0	0	0	7.70888e-007	1475.76	1459.28	1452.98
1459.09	935.551	469	1.#QNAN	0	0.016	0	7.64531e-007	1487.42	1459.09	1452.82
1458.87	935.331	470	1.#QNAN	0	0	0	7.6146e-007	1472.57	1458.87	1452.62
1458.65	935.093	471	1.#QNAN	0	0.015	0	7.68732e-007	1493.34	1458.65	1452.43
1458.42	934.836	472	1.#QNAN	0	0.016	0	7.30466e-007	1505.83	1458.42	1452.22
1458.17	934.561	473	1.#QNAN	0	0	0	7.58946e-007	1513.73	1458.17	1452
1458.03	934.303	474	1.#QNAN	0	0.016	0	7.88256e-007	1554.24	1458.03	1451.9
1457.86	934.082	475	1.#QNAN	0	0	0	7.55016e-007	1525.33	1457.86	1451.76
1457.71	933.863	476	1.#QNAN	0	0.015	0	7.57082e-007	1516.26	1457.71	1451.63
1457.55	933.652	477	1.#QNAN	0	0	0	7.78543e-007	1521.83	1457.55	1451.51
1457.4	933.398	478	1.#QNAN	0	0.016	0	7.69804e-007	1523.92	1457.4	1451.39
1457.26	933.16	479	1.#QNAN	0	0	0	7.71546e-007	1544.14	1457.26	1451.28
1457.15	932.983	480	1.#QNAN	0	0.015	0	7.49943e-007	1546.04	1457.15	1451.19
1457	932.765	481	1.#QNAN	0	0.016	0	7.92565e-007	1500.59	1457	1451.07
1456.84	932.539	482	1.#QNAN	0	0	0	7.90576e-007	1500.68	1456.84	1450.94
1456.77	932.356	483	1.#QNAN	0	0.016	0	7.59556e-007	1569.78	1456.77	1450.9
1456.66	932.154	484	1.#QNAN	0	0	0	7.57175e-007	1541.54	1456.66	1450.82
1456.55	931.955	485	1.#QNAN	0	0.015	0	7.7028e-007	1533.2	1456.55	1450.74
1456.54	931.779	486	1.#QNAN	0	0.016	0	7.84552e-007	1582.02	1456.54	1450.76
1456.47	931.625	487	1.#QNAN	0	0	0	7.90685e-007	1561.96	1456.47	1450.72
1456.34	931.436	488	1.#QNAN	0	0.015	0	7.71055e-007	1511.37	1456.34	1450.61
1456.26	931.254	489	1.#QNAN	0	0	0	7.46164e-007	1555.2	1456.26	1450.55
1456.13	931.053	490	1.#QNAN	0	0.016	0	7.86782e-007	1525.99	1456.13	1450.46
1456.03	930.886	491	1.#QNAN	0	0	0	7.74088e-007	1531.75	1456.03	1450.38
1455.85	930.657	492	1.#QNAN	0	0.016	0	7.74556e-007	1478.9	1455.85	1450.22
1455.72	930.461	493	1.#QNAN	0	0	0	7.81698e-007	1512.77	1455.72	1450.12
1455.67	930.293	494	1.#QNAN	0	0.015	0	7.88243e-007	1559.07	1455.67	1450.1
1455.61	930.102	495	1.#QNAN	0	0.016	0	7.93901e-007	1568.49	1455.61	1450.06
1455.56	929.92	496	1.#QNAN	0	0	0	7.74364e-007	1571.14	1455.56	1450.04
1455.49	929.754	497	1.#QNAN	0	0.015	0	7.67727e-007	1560.28	1455.49	1450
1455.48	929.619	498	1.#QNAN	0	0	0	7.77539e-007	1579.58	1455.48	1450.01
1455.37	929.412	499	1.#QNAN	0	0.016	0	7.864e-007	1509.07	1455.37	1449.93
1455.25	929.198	500	1.#QNAN	0	0	0	7.61517e-007	1524.52	1455.25	1449.84
1455.16	929.03	501	1.#QNAN	0	0.016	0	7.48473e-007	1522.57	1455.16	1449.77
1455.02	928.839	502	1.#QNAN	0	0.015	0	8.04197e-007	1499.25	1455.02	1449.66
1454.92	928.659	503	1.#QNAN	0	0	0	7.72176e-007	1506.91	1454.92	1449.59
1454.83	928.489	504	1.#QNAN	0	0.016	0	7.72004e-007	1521.21	1454.83	1449.52
1454.7	928.3	505	1.#QNAN	0	0	0	7.79573e-007	1494.77	1454.7	1449.41
1454.57	928.114	506	1.#QNAN	0	0.015	0	7.53618e-007	1501.52	1454.57	1449.3
1454.46	927.919	507	1.#QNAN	0	0	0	7.63092e-007	1502.68	1454.46	1449.22
1454.36	927.749	508	1.#QNAN	0	0.016	0	7.41225e-007	1534.88	1454.36	1449.15
1454.22	927.558	509	1.#QNAN	0	0.016	0	7.77191e-007	1487.57	1454.22	1449.03
1454.11	927.416	510	1.#QNAN	0	0	0	7.65164e-007	1543.88	1454.11	1448.94
1453.95	927.227	511	1.#QNAN	0	0.015	0	7.62173e-007	1499.03	1453.95	1448.82
1453.81	927.057	512	1.#QNAN	0	0	0	7.4833e-007	1524.22	1453.81	1448.69
1453.64	926.885	513	1.#QNAN	0	0.016	0	7.60847e-007	1496.54	1453.64	1448.55
1453.57	926.738	514	1.#QNAN	0	0	0	7.54623e-007	1543.31	1453.57	1448.51
1453.49	926.599	515	1.#QNAN	0	0.015	0	7.74566e-007	1537.13	1453.49	1448.45
1453.37	926.439	516	1.#QNAN	0	0	0	7.56913e-007	1494.89	1453.37	1448.35
1453.24	926.297	517	1.#QNAN	0	0.016	0	7.68056e-007	1492.36	1453.24	1448.24
1453.17	926.162	518	1.#QNAN	0	0.016	0	7.69853e-007	1521.79	1453.17	1448.19
1453.04	926.024	519	1.#QNAN	0	0	0	7.59766e-007	1503.61	1453.04	1448.09
1452.92	925.885	520	1.#QNAN	0	0.015	0	7.82974e-007	1511.21	1452.92	1447.98
1452.8	925.746	521	1.#QNAN	0	0	0	7.99393e-007	1505.03	1452.8	1447.89
1452.63	925.579	522	1.#QNAN	0	0.016	0	7.69141e-007	1494.57	1452.63	1447.74
1452.5	925.419	523	1.#QNAN	0	0.015	0	7.58901e-007	1493.63	1452.5	1447.63
1452.35	925.259	524	1.#QNAN	0	0	0	7.63463e-007	1488.32	1452.35	1447.5
1452.26	925.11	525	1.#QNAN	0	0.016	0	7.70874e-007	1505.92	1452.26	1447.43
1452.12	924.962	526	1.#QNAN	0	0	0	7.63461e-007	1469.95	1452.12	1447.31
1451.97	924.802	527	1.#QNAN	0	0.016	0	7.9016e-007	1471.51	1451.97	1447.19
1451.86	924.628	528	1.#QNAN	0	0	0	7.88664e-007	1493.08	1451.86	1447.09
1451.73	924.475	529	1.#QNAN	0	0.015	0	8.03511e-007	1482.76	1451.73	1446.98
1451.69	924.365	530	1.#QNAN	0	0.016	0	7.61133e-007	1542.69	1451.69	1446.97
1451.68	924.245	531	1.#QNAN	0	0	0	7.74678e-007	1551.33	1451.68	1446.98
1451.63	924.116	532	1.#QNAN	0	0.015	0	7.66073e-007	1531.24	1451.63	1446.94
1451.53	923.967	533	1.#QNAN	0	0	0	7.70146e-007	1499.97	1451.53	1446.87
1451.42	923.822	534	1.#QNAN	0	0.016	0	7.49587e-007	1479.66	1451.42	1446.78
1451.29	923.639	535	1.#QNAN	0	0	0	7.65608e-007	1472.9	1451.29	1446.66
1451.16	923.459	536	1.#QNAN	0	0.016	0	7.76825e-007	1471.11	1451.16	1446.56
1451.07	923.28	537	1.#QNAN	0	0.015	0	7.83543e-007	1506.23	1451.07	1446.49
1451.01	923.13	538	1.#QNAN	0	0	0	7.62985e-007	1535.01	1451.01	1446.45
1450.91	922.961	539	1.#QNAN	0	0.016	0	7.77762e-007	1498.94	1450.91	1446.37
1450.83	922.806	540	1.#QNAN	0	0	0	7.9543e-007	1514.86	1450.83	1446.31
1450.68	922.605	541	1.#QNAN	0	0.015	0	7.63065e-007	1465.44	1450.68	1446.18
1450.56	922.449	542	1.#QNAN	0	0	0	7.73754e-007	1467.49	1450.56	1446.07
1450.35	922.245	543	1.#QNAN	0	0.016	1	7.55717e-007	1444.56	1450.35	1445.89
1450.24	922.108	544	1.#QNAN	0	0.016	0	8.00416e-007	1478.96	1450.24	1445.79
1450.13	921.965	545	1.#QNAN	0	0	0	7.96606e-007	1480.9	1450.13	1445.69
1450.05	921.825	546	1.#QNAN	0	0.015	0	7.73368e-007	1505.35	1450.05	1445.63
1449.98	921.69	547	1.#QNAN	0	0	0	7.92936e-007	1513.64	1449.98	1445.58
1449.82	921.514	548	1.#QNAN	0	0.016	0	7.62531e-007	1467.9	1449.82	1445.43
1449.67	921.369	549	1.#QNAN	0	0	0	7.80079e-007	1470.87	1449.67	1445.3
1449.51	921.235	550	1.#QNAN	0	0.015	0	7.64169e-007	1459.97	1449.51	1445.16
1449.38	921.086	551	1.#QNAN	0	0.016	0	7.70557e-007	1474.06	1449.38	1445.05
1449.28	920.936	552	1.#QNAN	0	0	0	7.86064e-007	1502.15	1449.28	1444.96
1449.17	920.779	553	1.#QNAN	0	0.016	0	7.86532e-007	1483.79	1449.17	1444.88
1449.08	920.626	554	1.#QNAN	0	0	0	7.61494e-007	1488.05	1449.08	1444.8
1449.03	920.508	555	1.#QNAN	0	0.015	0	7.7279e-007	1515.34	1449.03	1444.76
1449	920.386	556	1.#QNAN	0	0	0	7.73762e-007	1532.82	1449	1444.75
1448.92	920.261	557	1.#QNAN	0	0.016	0	7.89004e-007	1504.94	1448.92	1444.69
1448.81	920.132	558	1.#QNAN	0	0.015	0	7.58722e-007	1478.8	1448.81	1444.6
1448.7	920.007	559	1.#QNAN	0	0	0	7.7225e-007	1492.99	1448.7	1444.5
1448.57	919.869	560	1.#QNAN	0	0.016	0	7.72856e-007	1470.58	1448.57	1444.39
1448.45	919.751	561	1.#QNAN	0	0	0	7.47142e-007	1501.1	1448.45	1444.29
1448.33	919.615	562	1.#QNAN	0	0.016	0	7.56181e-007	1486.96	1448.33	1444.18
1448.16	919.455	563	1.#QNAN	0	0	0	7.861e-007	1454.61	1448.16	1444.03
1448.04	919.33	564	1.#QNAN	0	0.015	0	7.76076e-007	1466.12	1448.04	1443.93
1447.91	919.186	565	1.#QNAN	0	0.016	0	7.69931e-007	1476.42	1447.91	1443.82
1447.8	919.044	566	1.#QNAN	0	0	0	7.76552e-007	1482.56	1447.8	1443.72
1447.73	918.927	567	1.#QNAN	0	0.015	0	7.66549e-007	1510.8	1447.73	1443.67
1447.63	918.778	568	1.#QNAN	0	0	0	7.58865e-007	1498.09	1447.63	1443.59
1447.56	918.666	569	1.#QNAN	0	0.016	0	7.72455e-007	1526.55	1447.56	1443.54
1447.48	918.521	570	1.#QNAN	0	0	0	7.74899e-007	1524.05	1447.48	1443.48
1447.37	918.395	571	1.#QNAN	0	0.016	0	7.54873e-007	1508.92	1447.37	1443.38
1447.29	918.294	572	1.#QNAN	0	0.015	0	7.62607e-007	1517.77	1447.29	1443.32
1447.16	918.153	573	1.#QNAN	0	0	0	7.62725e-007	1483.78	1447.16	1443.21
1447.02	918.019	574	1.#QNAN	0	0.016	0	7.6371e-007	1503.07	1447.02	1443.08
1446.89	917.887	575	1.#QNAN	0	0	0	7.57125e-007	1491.28	1446.89	1442.97
1446.83	917.754	576	1.#QNAN	0	0.015	0	7.57951e-007	1531	1446.83	1442.92
1446.72	917.615	577	1.#QNAN	0	0	0	7.73126e-007	1494.39	1446.72	1442.82
1446.61	917.492	578	1.#QNAN	0	0.016	0	7.59778e-007	1492.23	1446.61	1442.72
1446.54	917.41	579	1.#QNAN	0	0	0	7.48013e-007	1523.26	1446.54	1442.67
1446.46	917.284	580	1.#QNAN	0	0.016	0	7.67337e-007	1495.43	1446.46	1442.61
1446.38	917.16	581	1.#QNAN	0	0.015	0	7.66967e-007	1499.52	1446.38	1442.54
1446.3	917.036	582	1.#QNAN	0	0	0	7.8945e-007	1493.71	1446.3	1442.48
1446.19	916.907	583	1.#QNAN	0	0.016	0	7.54106e-007	1487.94	1446.19	1442.38
1446.06	916.74	584	1.#QNAN	0	0	0	7.6734e-007	1475.28	1446.06	1442.26
1445.93	916.595	585	1.#QNAN	0	0.015	0	7.51444e-007	1477.46	1445.93	1442.15
1445.81	916.46	586	1.#QNAN	0	0	0	7.49263e-007	1482.55	1445.81	1442.05
1445.73	916.327	587	1.#QNAN	0	0.016	0	7.80685e-007	1504.3	1445.73	1441.98
1445.66	916.226	588	1.#QNAN	0	0.016	0	7.55174e-007	1508.83	1445.66	1441.92
1445.59	916.093	589	1.#QNAN	0	0	0	7.62677e-007	1524.81	1445.59	1441.86
1445.53	915.981	590	1.#QNAN	0	0.015	0	7.83474e-007	1518.9	1445.53	1441.82
1445.49	915.873	591	1.#QNAN	0	0	0	7.45689e-007	1528.88	1445.49	1441.79
1445.45	915.767	592	1.#QNAN	0	0.016	0	7.69649e-007	1513.51	1445.45	1441.77
1445.38	915.643	593	1.#QNAN	0	0	0	7.51788e-007	1497.88	1445.38	1441.71
1445.34	915.539	594	1.#QNAN	0	0.015	0	7.72329e-007	1511.97	1445.34	1441.69
1445.25	915.404	595	1.#QNAN	0	0	0	7.72221e-007	1499.34	1445.25	1441.61
1445.19	915.279	596	1.#QNAN	0	0.016	0	7.96574e-007	1502.97	1445.19	1441.56
1445.13	915.154	597	1.#QNAN	0	0.016	0	7.59007e-007	1514	1445.13	1441.51
1445.03	915.023	598	1.#QNAN	0	0	0	7.6687e-007	1502.09	1445.03	1441.43
1444.97	914.903	599	1.#QNAN	0	0.015	0	7.72258e-007	1507.46	1444.97	1441.38
1444.9	914.804	600	1.#QNAN	0	0	0	7.69568e-007	1511.21	1444.9	1441.32
1444.82	914.684	601	1.#QNAN	0	0.016	0	7.74186e-007	1503.32	1444.82	1441.25
1444.76	914.59	602	1.#QNAN	0	0	0	7.94317e-007	1511.73	1444.76	1441.21
1444.72	914.483	603	1.#QNAN	0	0.015	0	7.73816e-007	1520.75	1444.72	1441.18
1444.71	914.402	604	1.#QNAN	0	0.016	0	7.4609e-007	1530.85	1444.71	1441.18
1444.66	914.309	605	1.#QNAN	0	0	0	7.65712e-007	1505.64	1444.66	1441.15
1444.58	914.204	606	1.#QNAN	0	0.016	0	7.83575e-007	1475.56	1444.58	1441.08
1444.53	914.099	607	1.#QNAN	0	0	0	7.70917e-007	1506.34	1444.53	1441.04
1444.5	913.994	608	1.#QNAN	0	0.015	0	7.66185e-007	1523.82	1444.5	1441.03
1444.45	913.901	609	1.#QNAN	0	0.016	0	7.56623e-007	1497.86	1444.45	1440.99
1444.41	913.794	610	1.#QNAN	0	0	0	7.56721e-007	1510.91	1444.41	1440.97
1444.36	913.697	611	1.#QNAN	0	0.015	0	7.91038e-007	1501.14	1444.36	1440.93
1444.31	913.608	612	1.#QNAN	0	0	0	7.64313e-007	1506.92	1444.31	1440.89
1444.25	913.497	613	1.#QNAN	0	0.016	0	7.53054e-007	1510.83	1444.25	1440.84
1444.19	913.397	614	1.#QNAN	0	0	0	7.55169e-007	1498.08	1444.19	1440.79
1444.13	913.298	615	1.#QNAN	0	0.016	0	7.6593e-007	1497.65	1444.13	1440.75
1444.05	913.179	616	1.#QNAN	0	0.015	0	7.7337e-007	1494.32	1444.05	1440.68
1444.01	913.08	617	1.#QNAN	0	0	0	7.65035e-007	1510.03	1444.01	1440.66
1444.01	912.99	618	1.#QNAN	0	0.016	0	7.44385e-007	1545.16	1444.01	1440.67
1444.01	912.9	619	1.#QNAN	0	0	0	7.88305e-007	1538.63	1444.01	1440.68
1444.03	912.82	620	1.#QNAN	0	0.015	0	7.62807e-007	1555.14	1444.03	1440.71
1444.02	912.733	621	1.#QNAN	0	0	0	7.84054e-007	1541.51	1444.02	1440.72
1443.97	912.601	622	1.#QNAN	0	0.016	0	7.72577e-007	1539.05	1443.97	1440.68
1443.96	912.518	623	1.#QNAN	0	0.016	0	7.80862e-007	1537.05	1443.96	1440.68
1443.94	912.422	624	1.#QNAN	0	0	0	7.85077e-007	1561.52	1443.94	1440.68
1443.91	912.33	625	1.#QNAN	0	0.015	0	7.7085e-007	1552.6	1443.91	1440.66
1443.84	912.223	626	1.#QNAN	0	0	0	7.80887e-007	1495.62	1443.84	1440.6
1443.82	912.145	627	1.#QNAN	0	0.016	0	7.62617e-007	1534.23	1443.82	1440.59
1443.83	912.069	628	1.#QNAN	0	0	0	7.70258e-007	1549.72	1443.83	1440.61
1443.81	911.986	629	1.#QNAN	0	0.015	0	7.63412e-007	1530.94	1443.81	1440.61
1443.86	911.911	630	1.#QNAN	0	0.016	0	7.88031e-007	1585.22	1443.86	1440.67
1443.93	911.86	631	1.#QNAN	0	0	0	7.97063e-007	1585.19	1443.93	1440.75
1444.03	911.8	632	1.#QNAN	0	0.016	0	7.60749e-007	1608.51	1444.03	1440.86
1444.11	911.758	633	1.#QNAN	0	0	0	7.66936e-007	1630.32	1444.11	1440.96
1444.17	911.685	634	1.#QNAN	0	0.015	0	7.63645e-007	1595.94	1444.17	1441.03
1444.28	911.647	635	1.#QNAN	0	0	0	7.63778e-007	1651.39	1444.28	1441.16
1444.37	911.578	636	1.#QNAN	0	0.016	0	7.85222e-007	1623.53	1444.37	1441.26
1444.48	911.503	637	1.#QNAN	0	0	0	7.50645e-007	1658.16	1444.48	1441.39
1444.49	911.388	638	1.#QNAN	0	0.015	0	7.64017e-007	1566.03	1444.49	1441.41
1444.5	911.28	639	1.#QNAN	0	0.016	0	7.77287e-007	1585.97	1444.5	1441.43
1444.58	911.196	640	1.#QNAN	0	0	0	7.94878e-007	1630.83	1444.58	1441.52
1444.63	911.111	641	1.#QNAN	0	0.016	0	7.86141e-007	1589.46	1444.63	1441.59
1444.66	911.019	642	1.#QNAN	0	0	0	7.58542e-007	1582.28	1444.66	1441.63
1444.63	910.916	643	1.#QNAN	0	0.015	0	7.86755e-007	1528.28	1444.63	1441.61
1444.63	910.825	644	1.#QNAN	0	0.016	0	7.85893e-007	1548.55	1444.63	1441.62
1444.61	910.724	645	1.#QNAN	0	0	0	7.80821e-007	1521.39	1444.61	1441.61
1444.57	910.644	646	1.#QNAN	0	0.015	0	7.54624e-007	1504.96	1444.57	1441.58
1444.55	910.557	647	1.#QNAN	0	0	0	7.47045e-007	1520.77	1444.55	1441.57
1444.5	910.454	648	1.#QNAN	0	0.016	0	7.51623e-007	1506.88	1444.5	1441.53
1444.43	910.346	649	1.#QNAN	0	0	0	7.38682e-007	1497.76	1444.43	1441.48
1444.37	910.246	650	1.#QNAN	0	0.016	0	7.73485e-007	1520.99	1444.37	1441.43
1444.31	910.145	651	1.#QNAN	0	0	0	7.8007e-007	1507.73	1444.31	1441.38
1444.28	910.053	652	1.#QNAN	0	0.015	0	7.75248e-007	1523.48	1444.28	1441.37
1444.26	909.963	653	1.#QNAN	0	0.016	0	7.69545e-007	1529.21	1444.26	1441.36
1444.25	909.871	654	1.#QNAN	0	0	0	8.07057e-007	1537.38	1444.25	1441.35
1444.2	909.76	655	1.#QNAN	0	0.015	1	7.78666e-007	1520.92	1444.2	1441.32
1444.14	909.634	656	1.#QNAN	0	0	0	7.79281e-007	1519.23	1444.14	1441.27
1444.1	909.533	657	1.#QNAN	0	0.016	0	7.67488e-007	1498.37	1444.1	1441.24
1444.06	909.425	658	1.#QNAN	0	0	0	7.71006e-007	1505.64	1444.06	1441.21
1444.05	909.325	659	1.#QNAN	0	0.016	0	7.66062e-007	1512.17	1444.05	1441.21
1444.03	909.22	660	1.#QNAN	0	0.015	0	7.5756e-007	1522.2	1444.03	1441.2
1444.06	909.135	661	1.#QNAN	0	0	0	7.72594e-007	1550.86	1444.06	1441.24
1444.02	909.026	662	1.#QNAN	0	0.016	0	7.83752e-007	1505.66	1444.02	1441.21
1443.99	908.94	663	1.#QNAN	0	0	0	7.45246e-007	1499.13	1443.99	1441.2
1443.97	908.848	664	1.#QNAN	0	0.015	0	7.70978e-007	1519.72	1443.97	1441.19
1443.96	908.766	665	1.#QNAN	0	0	0	8.09575e-007	1531.17	1443.96	1441.18
1443.93	908.67	666	1.#QNAN	0	0.016	0	7.73994e-007	1517.21	1443.93	1441.16
1443.9	908.594	667	1.#QNAN	0	0.016	0	7.49999e-007	1505.16	1443.9	1441.14
1443.79	908.477	668	1.#QNAN	0	0	0	8.00371e-007	1462.28	1443.79	1441.04
1443.76	908.368	669	1.#QNAN	0	0.015	0	8.00368e-007	1520.13	1443.76	1441.02
1443.73	908.27	670	1.#QNAN	0	0	0	7.60838e-007	1507.79	1443.73	1441
1443.7	908.18	671	1.#QNAN	0	0.016	0	7.73372e-007	1505.04	1443.7	1440.98
1443.65	908.082	672	1.#QNAN	0	0	0	7.65942e-007	1494.95	1443.65	1440.94
1443.63	908.011	673	1.#QNAN	0	0.015	0	7.74472e-007	1514.3	1443.63	1440.93
1443.6	907.92	674	1.#QNAN	0	0	0	7.73529e-007	1500.29	1443.6	1440.91
1443.57	907.829	675	1.#QNAN	0	0.016	0	7.63233e-007	1508.45	1443.57	1440.88
1443.52	907.747	676	1.#QNAN	0	0.016	0	7.61514e-007	1498.22	1443.52	1440.85
1443.52	907.667	677	1.#QNAN	0	0	0	7.5125e-007	1536.37	1443.52	1440.86
1443.54	907.584	678	1.#QNAN	0	0.015	0	7.71921e-007	1553.83	1443.54	1440.89
1443.54	907.513	679	1.#QNAN	0	0	0	7.92047e-007	1512.24	1443.54	1440.9
1443.59	907.436	680	1.#QNAN	0	0.016	0	7.70494e-007	1557.06	1443.59	1440.96
1443.58	907.357	681	1.#QNAN	0	0	0	7.78209e-007	1515.05	1443.58	1440.96
1443.57	907.291	682	1.#QNAN	0	0.015	0	7.96493e-007	1520.93	1443.57	1440.96
1443.54	907.217	683	1.#QNAN	0	0.016	0	7.67023e-007	1498.22	1443.54	1440.94
1443.51	907.138	684	1.#QNAN	0	0	0	7.89877e-007	1520.54	1443.51	1440.92
1443.44	907.041	685	1.#QNAN	0	0.016	0	7.49384e-007	1485.36	1443.44	1440.86
1443.41	906.966	686	1.#QNAN	0	0	0	7.77008e-007	1509.15	1443.41	1440.84
1443.39	906.891	687	1.#QNAN	0	0.015	0	7.67507e-007	1515.64	1443.39	1440.82
1443.33	906.818	688	1.#QNAN	0	0	0	7.64257e-007	1495.02	1443.33	1440.77
1443.27	906.74	689	1.#QNAN	0	0.016	0	7.78026e-007	1493.38	1443.27	1440.72
1443.2	906.654	690	1.#QNAN	0	0	0	7.79942e-007	1481.78	1443.2	1440.66
1443.15	906.588	691	1.#QNAN	0	0.015	0	7.85287e-007	1488.43	1443.15	1440.62
1443.13	906.505	692	1.#QNAN	0	0.016	0	7.84499e-007	1513.23	1443.13	1440.61
1443.08	906.44	693	1.#QNAN	0	0	0	7.92859e-007	1497.9	1443.08	1440.57
1443.01	906.367	694	1.#QNAN	0	0.016	0	7.61623e-007	1475.8	1443.01	1440.51
1442.96	906.283	695	1.#QNAN	0	0	0	7.79595e-007	1499.11	1442.96	1440.47
1442.89	906.195	696	1.#QNAN	0	0.015	0	7.75313e-007	1483.05	1442.89	1440.4
1442.83	906.1	697	1.#QNAN	0	0	0	8.08022e-007	1481.82	1442.83	1440.35
1442.8	906.032	698	1.#QNAN	0	0.016	0	7.79001e-007	1510.39	1442.8	1440.33
1442.8	905.95	699	1.#QNAN	0	0.015	0	7.77381e-007	1526.44	1442.8	1440.34
1442.76	905.855	700	1.#QNAN	0	0	0	7.85701e-007	1507.83	1442.76	1440.31
1442.71	905.774	701	1.#QNAN	0	0.016	0	7.88968e-007	1517.05	1442.71	1440.26
1442.7	905.681	702	1.#QNAN	0	0	0	7.65208e-007	1553.99	1442.7	1440.26
1442.7	905.615	703	1.#QNAN	0	0.016	0	7.81232e-007	1541.25	1442.7	1440.27
1442.66	905.524	704	1.#QNAN	0	0	0	7.62972e-007	1530.54	1442.66	1440.24
1442.64	905.451	705	1.#QNAN	0	0.015	0	7.57525e-007	1513.55	1442.64	1440.23
1442.63	905.38	706	1.#QNAN	0	0	0	7.34754e-007	1516.65	1442.63	1440.23
1442.55	905.287	707	1.#QNAN	0	0	0	7.78318e-007	1485.5	1442.55	1440.16
1442.55	905.201	708	1.#QNAN	0	0.015	0	7.80119e-007	1537.83	1442.55	1440.16
1442.47	905.119	709	1.#QNAN	0	0	0	7.81624e-007	1486.62	1442.47	1440.09
1442.44	905.025	710	1.#QNAN	0	0.016	0	7.56444e-007	1510.37	1442.44	1440.07
1442.42	904.942	711	1.#QNAN	0	0	0	7.52941e-007	1520.23	1442.42	1440.06
1442.38	904.871	712	1.#QNAN	0	0.016	0	7.94356e-007	1509.78	1442.38	1440.03
1442.31	904.799	713	1.#QNAN	0	0.015	0	7.85552e-007	1501.99	1442.31	1439.97
1442.21	904.708	714	1.#QNAN	0	0	0	7.81941e-007	1500.21	1442.21	1439.87
1442.12	904.61	715	1.#QNAN	0	0.016	0	7.74984e-007	1490.34	1442.12	1439.8
1442.02	904.525	716	1.#QNAN	0	0	0	7.97149e-007	1489.84	1442.02	1439.7
1441.97	904.443	717	1.#QNAN	0	0.015	0	7.66177e-007	1512.84	1441.97	1439.66
1441.93	904.355	718	1.#QNAN	0	0	0	7.77021e-007	1532.81	1441.93	1439.62
1441.85	904.27	719	1.#QNAN	0	0.016	0	7.56578e-007	1513.33	1441.85	1439.56
1441.81	904.204	720	1.#QNAN	0	0	0	7.77892e-007	1520.1	1441.81	1439.52
1441.78	904.126	721	1.#QNAN	0	0	0	7.73032e-007	1536.05	1441.78	1439.5
1441.77	904.063	722	1.#QNAN	0	0.015	0	7.68055e-007	1581.41	1441.77	1439.5
1441.75	904.005	723	1.#QNAN	0	0	0	7.769e-007	1572.48	1441.75	1439.48
1441.73	903.932	724	1.#QNAN	0	0.016	0	7.8868e-007	1563.87	1441.73	1439.47
1441.72	903.87	725	1.#QNAN	0	0	0	7.91128e-007	1580.06	1441.72	1439.47
1441.7	903.81	726	1.#QNAN	0	0.015	0	7.9275e-007	1566.13	1441.7	1439.46
1441.7	903.764	727	1.#QNAN	0	0	0	7.49768e-007	1584.5	1441.7	1439.47
1441.66	903.695	728	1.#QNAN	0	0.016	0	7.75638e-007	1534.54	1441.66	1439.44
1441.66	903.635	729	1.#QNAN	0	0.016	0	7.79346e-007	1542.46	1441.66	1439.44
1441.62	903.553	730	1.#QNAN	0	0	0	7.65706e-007	1515.16	1441.62	1439.41
1441.57	903.453	731	1.#QNAN	0	0.015	0	7.90261e-007	1500.57	1441.57	1439.37
1441.55	903.397	732	1.#QNAN	0	0	0	7.96616e-007	1544.34	1441.55	1439.36
1441.51	903.333	733	1.#QNAN	0	0.016	0	7.6458e-007	1533.74	1441.51	1439.33
1441.46	903.238	734	1.#QNAN	0	0	0	7.96472e-007	1521.66	1441.46	1439.28
1441.43	903.157	735	1.#QNAN	0	0.015	0	7.68514e-007	1528.95	1441.43	1439.27
1441.38	903.087	736	1.#QNAN	0	0.016	0	7.74891e-007	1501.33	1441.38	1439.22
1441.34	903.005	737	1.#QNAN	0	0	0	7.72504e-007	1520.1	1441.34	1439.19
1441.29	902.923	738	1.#QNAN	0	0.016	0	7.85517e-007	1519.69	1441.29	1439.14
1441.26	902.845	739	1.#QNAN	0	0	0	7.74432e-007	1525.94	1441.26	1439.12
1441.18	902.764	740	1.#QNAN	0	0.015	0	7.62889e-007	1499	1441.18	1439.04
1441.09	902.667	741	1.#QNAN	0	0	0	7.84197e-007	1483.31	1441.09	1438.96
1440.99	902.574	742	1.#QNAN	0	0.016	0	7.84099e-007	1482.38	1440.99	1438.87
1440.92	902.5	743	1.#QNAN	0	0.015	0	7.59005e-007	1502.34	1440.92	1438.8
1440.87	902.417	744	1.#QNAN	0	0	0	7.98727e-007	1529.77	1440.87	1438.76
1440.82	902.331	745	1.#QNAN	0	0.016	0	7.77842e-007	1518.36	1440.82	1438.72
1440.73	902.227	746	1.#QNAN	0	0	0	7.79925e-007	1480.88	1440.73	1438.64
1440.64	902.133	747	1.#QNAN	0	0.016	0	7.48901e-007	1493.53	1440.64	1438.55
1440.59	902.049	748	1.#QNAN	0	0	0	7.80836e-007	1511.23	1440.59	1438.51
1440.54	901.958	749	1.#QNAN	0	0.015	0	7.48327e-007	1509.74	1440.54	1438.47
1440.47	901.871	750	1.#QNAN	0	0.016	0	7.84144e-007	1497.62	1440.47	1438.4
1440.42	901.801	751	1.#QNAN	0	0	0	7.59804e-007	1512.64	1440.42	1438.36
1440.36	901.726	752	1.#QNAN	0	0.015	0	7.77128e-007	1506.28	1440.36	1438.3
1440.3	901.669	753	1.#QNAN	0	0	0	7.2784e-007	1528.68	1440.3	1438.24
1440.24	901.584	754	1.#QNAN	0	0.016	0	7.92033e-007	1516.26	1440.24	1438.19
1440.17	901.521	755	1.#QNAN	0	0.016	0	7.80359e-007	1491.01	1440.17	1438.13
1440.1	901.442	756	1.#QNAN	0	0	0	7.57221e-007	1476.52	1440.1	1438.06
1440.02	901.359	757	1.#QNAN	0	0.015	0	7.85671e-007	1469.62	1440.02	1437.98
1439.96	901.279	758	1.#QNAN	0	0	0	7.79574e-007	1491.56	1439.96	1437.93
1439.93	901.197	759	1.#QNAN	0	0.016	0	7.63951e-007	1513.92	1439.93	1437.9
1439.87	901.115	760	1.#QNAN	0	0	0	7.65196e-007	1515.78	1439.87	1437.85
1439.84	901.035	761	1.#QNAN	0	0.015	0	7.55904e-007	1507.17	1439.84	1437.82
1439.75	900.944	762	1.#QNAN	0	0	0	7.74128e-007	1464.31	1439.75	1437.73
1439.67	900.847	763	1.#QNAN	0	0.016	0	7.59425e-007	1473.43	1439.67	1437.66
1439.62	900.763	764	1.#QNAN	0	0.016	0	7.97966e-007	1512.34	1439.62	1437.62
1439.53	900.656	765	1.#QNAN	0	0	0	7.25222e-007	1507.62	1439.53	1437.53
1439.46	900.567	766	1.#QNAN	0	0.015	0	7.68215e-007	1507.03	1439.46	1437.47
1439.4	900.473	767	1.#QNAN	0	0	0	7.66063e-007	1501.49	1439.4	1437.41
1439.34	900.378	768	1.#QNAN	0	0.016	1	7.70699e-007	1528.79	1439.34	1437.35
1439.27	900.295	769	1.#QNAN	0	0	0	7.63536e-007	1549.84	1439.27	1437.29
1439.2	900.225	770	1.#QNAN	0	0	0	7.62196e-007	1524.97	1439.2	1437.23
1439.14	900.146	771	1.#QNAN	0	0.016	0	7.3245e-007	1524.2	1439.14	1437.17
1439.11	900.09	772	1.#QNAN	0	0	0	7.7997e-007	1505.28	1439.11	1437.15
1439.04	900.024	773	1.#QNAN	0	0.016	0	8.05235e-007	1499.74	1439.04	1437.09
1439.02	899.973	774	1.#QNAN	0	0	0	7.85924e-007	1520.03	1439.02	1437.07
1438.97	899.909	775	1.#QNAN	0	0.015	0	7.64267e-007	1503.56	1438.97	1437.03
1438.88	899.834	776	1.#QNAN	0	0	0	7.89028e-007	1465.71	1438.88	1436.94
1438.8	899.753	777	1.#QNAN	0	0.016	0	7.84428e-007	1490.82	1438.8	1436.86
1438.7	899.683	778	1.#QNAN	0	0.015	0	7.62705e-007	1466.86	1438.7	1436.77
1438.6	899.608	779	1.#QNAN	0	0	0	7.73597e-007	1484.58	1438.6	1436.67
1438.52	899.519	780	1.#QNAN	0	0.016	0	7.92375e-007	1457.99	1438.52	1436.59
1438.44	899.433	781	1.#QNAN	0	0	0	7.90933e-007	1499.26	1438.44	1436.53
1438.36	899.346	782	1.#QNAN	0	0.016	0	7.65715e-007	1473.15	1438.36	1436.45
1438.27	899.247	783	1.#QNAN	0	0	0	7.68236e-007	1476.57	1438.27	1436.36
1438.15	899.162	784	1.#QNAN	0	0.015	0	7.6485e-007	1477.07	1438.15	1436.25
1438.07	899.082	785	1.#QNAN	0	0.016	0	7.47768e-007	1497.24	1438.07	1436.17
1437.96	898.999	786	1.#QNAN	0	0	0	7.51032e-007	1464.2	1437.96	1436.06
1437.86	898.921	787	1.#QNAN	0	0.015	0	7.53305e-007	1492.75	1437.86	1435.97
1437.79	898.855	788	1.#QNAN	0	0	0	7.44286e-007	1517.75	1437.79	1435.9
1437.72	898.779	789	1.#QNAN	0	0.016	0	7.37455e-007	1507.24	1437.72	1435.83
1437.69	898.73	790	1.#QNAN	0	0	0	7.95091e-007	1535.41	1437.69	1435.81
1437.61	898.663	791	1.#QNAN	0	0.016	0	7.60802e-007	1494.77	1437.61	1435.74
1437.47	898.562	792	1.#QNAN	0	0.015	0	7.64226e-007	1462.94	1437.47	1435.6
1437.36	898.461	793	1.#QNAN	0	0	0	7.51282e-007	1468.16	1437.36	1435.49
1437.28	898.387	794	1.#QNAN	0	0.016	0	7.79729e-007	1495.47	1437.28	1435.42
1437.23	898.304	795	1.#QNAN	0	0	0	7.9775e-007	1498.17	1437.23	1435.37
1437.15	898.232	796	1.#QNAN	0	0.015	0	7.51306e-007	1499.59	1437.15	1435.29
1437.07	898.157	797	1.#QNAN	0	0	0	7.83632e-007	1504.69	1437.07	1435.23
1437	898.09	798	1.#QNAN	0	0.016	0	7.74228e-007	1495.68	1437	1435.16
1436.97	898.04	799	1.#QNAN	0	0	0	7.63586e-007	1512.77	1436.97	1435.13
