rmse	mae	#iter	time_pred	time_learn	time_learn2	time_learn4	alpha	rmse_mcmc_this	rmse_mcmc_all	rmse_mcmc_all_but5
2257.24	1639.64	0	1.#QNAN	0	0.016	0	1.25007e-008	2257.24	2257.24	3999.82
2130.45	1536.63	1	1.#QNAN	0	0.015	0	1.82893e-007	2114.48	2130.45	3999.82
2091.17	1509.06	2	1.#QNAN	0	0.016	0	2.14858e-007	2046.58	2091.17	3999.82
2060.21	1488.99	3	1.#QNAN	0	0.031	0	2.30245e-007	2019.77	2060.21	3999.82
2033.72	1471.12	4	1.#QNAN	0	0.016	0	2.33116e-007	1955.18	2033.72	37739.9
2008.51	1452.5	5	1.#QNAN	0	0.015	0	2.54841e-007	1912.29	2008.51	1912.29
1980.1	1432.21	6	1.#QNAN	0	0.016	0	2.63976e-007	1839.75	1980.1	1864.52
1958.22	1415.77	7	1.#QNAN	0	0.015	0	2.81714e-007	1835.54	1958.22	1848.02
1935.36	1398.29	8	1.#QNAN	0	0.016	0	3.02656e-007	1781.38	1935.36	1826.94
1911.89	1380.93	9	1.#QNAN	0	0.016	1	3.12537e-007	1738.65	1911.89	1804.79
1888.14	1363.29	10	1.#QNAN	0	0.015	0	3.30276e-007	1696.56	1888.14	1781.64
1866.39	1346.94	11	1.#QNAN	0	0.031	0	3.34025e-007	1675.11	1866.39	1762.25
1844.5	1330.54	12	1.#QNAN	0	0.016	0	3.43873e-007	1629.14	1844.5	1742.08
1824.34	1314.51	13	1.#QNAN	0	0.016	0	3.73991e-007	1609.89	1824.34	1724.45
1804.34	1298.09	14	1.#QNAN	0	0.015	0	3.86701e-007	1581.3	1804.34	1706.62
1785.05	1282.87	15	1.#QNAN	0	0.016	0	4.05139e-007	1554.96	1785.05	1689.48
1767.25	1268.11	16	1.#QNAN	0	0.015	0	4.07957e-007	1540.29	1767.25	1674.29
1750.29	1254.02	17	1.#QNAN	0	0.016	0	4.10773e-007	1523.19	1750.29	1659.99
1733.58	1240.12	18	1.#QNAN	0	0.031	0	4.35915e-007	1514.6	1733.58	1646
1717.2	1226.33	19	1.#QNAN	0	0.016	0	4.36609e-007	1492.28	1717.2	1632.03
1701.75	1213.3	20	1.#QNAN	0	0.015	0	4.58991e-007	1474.8	1701.75	1619.02
1686.94	1200.71	21	1.#QNAN	0	0.016	0	4.56554e-007	1463.24	1686.94	1606.55
1671.87	1187.97	22	1.#QNAN	0	0.016	0	4.63997e-007	1427.69	1671.87	1593.45
1657.47	1175.79	23	1.#QNAN	0	0.015	0	4.91939e-007	1433.38	1657.47	1581.33
1643.55	1164.12	24	1.#QNAN	0	0.016	0	4.97442e-007	1413.21	1643.55	1569.54
1630.14	1152.54	25	1.#QNAN	0	0.031	0	4.84591e-007	1409.86	1630.14	1558.23
1617.38	1141.34	26	1.#QNAN	0	0.016	0	5.18425e-007	1395.82	1617.38	1547.5
1604.44	1130.3	27	1.#QNAN	0	0.015	0	5.26208e-007	1384.58	1604.44	1536.5
1591.84	1119	28	1.#QNAN	0	0.016	0	5.16883e-007	1384.07	1591.84	1525.89
1580.59	1108.68	29	1.#QNAN	0	0.015	0	5.15567e-007	1385.47	1580.59	1516.69
1569.92	1099.2	30	1.#QNAN	0	0.032	0	5.32031e-007	1395.65	1569.92	1508.04
1558.89	1089.48	31	1.#QNAN	0	0.015	0	5.62002e-007	1378.1	1558.89	1498.87
1548.61	1079.98	32	1.#QNAN	0	0.016	0	5.55463e-007	1382.51	1548.61	1490.4
1537.96	1070.66	33	1.#QNAN	0	0.015	0	5.66358e-007	1344.83	1537.96	1481.24
1527.8	1061.51	34	1.#QNAN	0	0.016	0	5.95122e-007	1357.38	1527.8	1472.68
1517.98	1053.07	35	1.#QNAN	0	0.031	0	6.15007e-007	1369.41	1517.98	1464.45
1508.77	1044.85	36	1.#QNAN	0	0.016	0	6.29039e-007	1371.66	1508.77	1456.73
1500.31	1036.72	37	1.#QNAN	0	0.015	0	6.26694e-007	1419.03	1500.31	1449.93
1491.73	1028.68	38	1.#QNAN	0	0.016	0	6.70034e-007	1391.08	1491.73	1442.75
1483.69	1021.11	39	1.#QNAN	0	0.016	0	6.6334e-007	1409.36	1483.69	1436.24
1476.09	1013.56	40	1.#QNAN	0	0.015	0	7.07478e-007	1405.77	1476.09	1430.07
1468.57	1006.65	41	1.#QNAN	0	0.016	0	6.9207e-007	1389.05	1468.57	1423.91
1462.15	1000.39	42	1.#QNAN	0	0.031	0	6.62272e-007	1422.46	1462.15	1419.04
1455.44	994.006	43	1.#QNAN	0	0.016	0	6.94166e-007	1399.8	1455.44	1413.67
1450.23	988.493	44	1.#QNAN	0	0.015	0	7.06668e-007	1441.51	1450.23	1409.98
1444.67	982.928	45	1.#QNAN	0	0.016	0	7.19964e-007	1373.93	1444.67	1405.71
1439.37	977.722	46	1.#QNAN	0	0.015	0	7.09258e-007	1400.91	1439.37	1401.67
1434.56	972.688	47	1.#QNAN	0	0.016	0	7.0846e-007	1414.09	1434.56	1398.2
1430.57	968.286	48	1.#QNAN	0	0.016	0	6.96898e-007	1446	1430.57	1395.58
1426.35	963.768	49	1.#QNAN	0	0.015	0	6.89261e-007	1441.51	1426.35	1392.66
1422.34	959.488	50	1.#QNAN	0	0.031	0	7.04437e-007	1433.51	1422.34	1389.83
1418.49	955.322	51	1.#QNAN	0	0.016	0	6.96759e-007	1429.47	1418.49	1387.11
1414.42	951.31	52	1.#QNAN	0	0.016	0	7.36485e-007	1398.75	1414.42	1384.05
1410.41	947.239	53	1.#QNAN	0	0.015	0	7.11356e-007	1390.08	1410.41	1381.01
1406.55	943.147	54	1.#QNAN	0	0.016	0	7.14423e-007	1397.32	1406.55	1378.07
1403.43	939.514	55	1.#QNAN	0	0.015	0	7.08916e-007	1431.7	1403.43	1375.94
1400.03	935.874	56	1.#QNAN	0	0.016	0	7.16017e-007	1400.61	1400.03	1373.41
1396.55	932.432	57	1.#QNAN	0	0.016	0	7.35318e-007	1392.82	1396.55	1370.78
1393.51	929.281	58	1.#QNAN	0	0.031	0	7.43252e-007	1403.01	1393.51	1368.61
1390.84	926.35	59	1.#QNAN	0	0.015	0	7.36467e-007	1401.77	1390.84	1366.73
1388.32	923.586	60	1.#QNAN	0	0.016	0	7.14092e-007	1418.4	1388.32	1364.98
1386.18	921.009	61	1.#QNAN	0	0.016	0	7.21073e-007	1417.06	1386.18	1363.61
1383.78	918.397	62	1.#QNAN	0	0.015	0	7.28446e-007	1400.55	1383.78	1361.9
1381.3	915.899	63	1.#QNAN	0	0.016	0	7.29888e-007	1397.8	1381.3	1360.12
1379.04	913.446	64	1.#QNAN	0	0.015	0	7.16344e-007	1411.98	1379.04	1358.52
1377.11	911.401	65	1.#QNAN	0	0.032	1	7.55182e-007	1434.17	1377.11	1357.27
1375.7	909.484	66	1.#QNAN	0	0.015	0	7.25241e-007	1461.96	1375.7	1356.56
1374.06	907.559	67	1.#QNAN	0	0.016	0	7.75366e-007	1425.94	1374.06	1355.57
1372.72	905.771	68	1.#QNAN	0	0.015	0	7.38318e-007	1445.98	1372.72	1354.89
1371.15	903.968	69	1.#QNAN	0	0.016	0	7.26623e-007	1409.59	1371.15	1353.9
1369.75	902.293	70	1.#QNAN	0	0.016	0	7.49889e-007	1403.86	1369.75	1353.03
1368.57	900.757	71	1.#QNAN	0	0.015	0	7.59658e-007	1411.61	1368.57	1352.35
1367.24	899.272	72	1.#QNAN	0	0.016	0	7.2558e-007	1391.31	1367.24	1351.46
1366.01	897.631	73	1.#QNAN	0	0.031	0	7.31428e-007	1400.5	1366.01	1350.67
1364.85	896.206	74	1.#QNAN	0	0.016	0	7.41392e-007	1400.24	1364.85	1349.95
1363.7	894.866	75	1.#QNAN	0	0.015	0	7.37804e-007	1393.58	1363.7	1349.2
1363.03	893.558	76	1.#QNAN	0	0.016	0	7.26882e-007	1425.01	1363.03	1348.98
1362.26	892.078	77	1.#QNAN	0	0.015	0	7.57115e-007	1418.29	1362.26	1348.64
1361.2	890.483	78	1.#QNAN	0	0.032	0	7.23582e-007	1398.91	1361.2	1347.98
1360.08	888.959	79	1.#QNAN	0	0.015	0	7.39131e-007	1394.6	1360.08	1347.24
1358.96	887.599	80	1.#QNAN	0	0.016	0	7.33854e-007	1387.08	1358.96	1346.49
1357.82	886.197	81	1.#QNAN	0	0.015	0	7.77264e-007	1401.23	1357.82	1345.72
1356.76	885.062	82	1.#QNAN	0	0.016	0	7.5163e-007	1409.22	1356.76	1345.02
1355.79	883.894	83	1.#QNAN	0	0.016	0	7.36076e-007	1413.62	1355.79	1344.41
1354.99	882.584	84	1.#QNAN	0	0.015	0	7.35398e-007	1413.43	1354.99	1343.98
1354.36	881.528	85	1.#QNAN	0	0.031	0	7.34622e-007	1426.28	1354.36	1343.69
1353.79	880.483	86	1.#QNAN	0	0.016	0	7.42966e-007	1418.95	1353.79	1343.47
1352.89	879.398	87	1.#QNAN	0	0.016	0	7.54785e-007	1389.96	1352.89	1342.85
1351.98	878.221	88	1.#QNAN	0	0.015	0	7.61551e-007	1419.89	1351.98	1342.26
1351.09	877.015	89	1.#QNAN	0	0.016	0	7.33885e-007	1413.64	1351.09	1341.66
1350.23	875.808	90	1.#QNAN	0	0.031	0	7.46661e-007	1422.38	1350.23	1341.11
1349.58	874.791	91	1.#QNAN	0	0.016	0	6.99618e-007	1432.69	1349.58	1340.77
1349.06	873.805	92	1.#QNAN	0	0.015	0	7.44481e-007	1449.18	1349.06	1340.57
1348.2	872.762	93	1.#QNAN	0	0.016	0	7.56829e-007	1416.38	1348.2	1339.96
1347.68	871.862	94	1.#QNAN	0	0.015	0	7.47968e-007	1436.33	1347.68	1339.73
1346.9	870.919	95	1.#QNAN	0	0.016	0	7.60975e-007	1399.99	1346.9	1339.19
1345.91	870.014	96	1.#QNAN	0	0.016	0	7.37658e-007	1368.1	1345.91	1338.4
1345.07	869.175	97	1.#QNAN	0	0.015	0	7.36588e-007	1396.27	1345.07	1337.77
1344.06	868.253	98	1.#QNAN	0	0.031	0	7.30979e-007	1391.7	1344.06	1336.94
1343.02	867.271	99	1.#QNAN	0	0.016	0	7.28953e-007	1365.46	1343.02	1336.08
1341.95	866.406	100	1.#QNAN	0	0.016	0	7.61614e-007	1337	1341.95	1335.16
1340.85	865.452	101	1.#QNAN	0	0.015	0	7.86435e-007	1342.46	1340.85	1334.22
1339.79	864.447	102	1.#QNAN	0	0.016	0	7.45786e-007	1370.12	1339.79	1333.31
1338.99	863.732	103	1.#QNAN	0	0.015	0	7.44748e-007	1377.01	1338.99	1332.67
1338.42	862.984	104	1.#QNAN	0	0.016	0	7.71421e-007	1381.01	1338.42	1332.26
1337.79	862.171	105	1.#QNAN	0	0.016	0	7.41657e-007	1383.45	1337.79	1331.78
1337.06	861.431	106	1.#QNAN	0	0.031	0	7.27074e-007	1376.46	1337.06	1331.19
1336.65	860.81	107	1.#QNAN	0	0.015	0	7.46197e-007	1398.45	1336.65	1330.94
1336.03	860.12	108	1.#QNAN	0	0.016	0	7.72906e-007	1372.36	1336.03	1330.46
1335.3	859.536	109	1.#QNAN	0	0.016	0	7.1928e-007	1369.32	1335.3	1329.86
1334.27	858.852	110	1.#QNAN	0	0.015	0	7.6747e-007	1329.22	1334.27	1328.94
1334.04	858.475	111	1.#QNAN	0	0.016	0	7.63319e-007	1416.41	1334.04	1328.87
1333.8	857.991	112	1.#QNAN	0	0.015	0	7.74022e-007	1454.08	1333.8	1328.78
1333.28	857.45	113	1.#QNAN	0	0.016	0	7.60121e-007	1376.7	1333.28	1328.41
1332.7	857.008	114	1.#QNAN	0	0.031	0	7.49715e-007	1361.93	1332.7	1327.95
1332.35	856.505	115	1.#QNAN	0	0.016	0	7.39846e-007	1409.25	1332.35	1327.75
1332.06	856.009	116	1.#QNAN	0	0.015	0	7.545e-007	1427.78	1332.06	1327.61
1331.55	855.465	117	1.#QNAN	0	0.016	0	7.76991e-007	1376.24	1331.55	1327.21
1331.02	854.884	118	1.#QNAN	0	0.016	0	7.41656e-007	1383.01	1331.02	1326.79
1330.46	854.291	119	1.#QNAN	0	0.015	0	7.92799e-007	1396.34	1330.46	1326.36
1330.07	853.858	120	1.#QNAN	0	0.016	0	7.51494e-007	1404.69	1330.07	1326.08
1329.43	853.285	121	1.#QNAN	0	0.015	1	7.5209e-007	1345.7	1329.43	1325.53
1328.93	852.837	122	1.#QNAN	0	0.032	0	7.62435e-007	1360.23	1328.93	1325.14
1328.2	852.231	123	1.#QNAN	0	0.015	0	7.59033e-007	1341.72	1328.2	1324.5
1327.69	851.843	124	1.#QNAN	0	0.016	0	7.70259e-007	1377.02	1327.69	1324.07
1327.28	851.456	125	1.#QNAN	0	0.015	0	7.41067e-007	1404.29	1327.28	1323.77
1326.7	851.011	126	1.#QNAN	0	0.016	0	7.61761e-007	1374.5	1326.7	1323.26
1326.23	850.633	127	1.#QNAN	0	0.016	0	7.33447e-007	1384.19	1326.23	1322.88
1325.54	850.159	128	1.#QNAN	0	0.015	0	7.8795e-007	1352.55	1325.54	1322.25
1324.98	849.797	129	1.#QNAN	0	0.016	0	7.47719e-007	1347.98	1324.98	1321.77
1324.24	849.397	130	1.#QNAN	0	0.031	0	7.49635e-007	1312.01	1324.24	1321.07
1323.71	848.991	131	1.#QNAN	0	0.016	0	7.43618e-007	1339.83	1323.71	1320.61
1323.03	848.6	132	1.#QNAN	0	0.015	0	7.73458e-007	1354.67	1323.03	1319.99
1322.6	848.308	133	1.#QNAN	0	0.016	0	7.66732e-007	1361.67	1322.6	1319.63
1322.36	848.087	134	1.#QNAN	0	0.015	0	7.59236e-007	1404.42	1322.36	1319.48
1322.04	847.73	135	1.#QNAN	0	0.016	0	7.55665e-007	1369.67	1322.04	1319.24
1321.73	847.409	136	1.#QNAN	0	0.016	0	7.35763e-007	1377.24	1321.73	1319.01
1321.44	847.084	137	1.#QNAN	0	0.015	0	7.683e-007	1370.45	1321.44	1318.79
1320.9	846.663	138	1.#QNAN	0	0.031	0	7.80759e-007	1341.74	1320.9	1318.32
1320.39	846.363	139	1.#QNAN	0	0.016	0	7.61123e-007	1332.62	1320.39	1317.87
1319.91	846.009	140	1.#QNAN	0	0.016	0	7.68364e-007	1339.89	1319.91	1317.46
1319.34	845.571	141	1.#QNAN	0	0.015	0	7.57956e-007	1324.67	1319.34	1316.94
1318.93	845.317	142	1.#QNAN	0	0.016	0	7.78606e-007	1345.08	1318.93	1316.58
1318.66	844.997	143	1.#QNAN	0	0.015	0	7.98445e-007	1369.5	1318.66	1316.38
1318.25	844.589	144	1.#QNAN	0	0.016	0	7.94711e-007	1350.99	1318.25	1316.02
1318.26	844.334	145	1.#QNAN	0	0.031	0	7.70474e-007	1421.24	1318.26	1316.13
1318.07	844.166	146	1.#QNAN	0	0.016	0	7.60158e-007	1369.17	1318.07	1315.99
1317.83	843.958	147	1.#QNAN	0	0.015	0	7.8966e-007	1361.96	1317.83	1315.81
1317.37	843.623	148	1.#QNAN	0	0.016	0	7.53646e-007	1334.2	1317.37	1315.38
1317.1	843.435	149	1.#QNAN	0	0.016	0	7.47903e-007	1350	1317.1	1315.15
1316.81	843.207	150	1.#QNAN	0	0.015	0	7.66533e-007	1341.8	1316.81	1314.9
1316.81	843.061	151	1.#QNAN	0	0.016	0	7.64471e-007	1403.77	1316.81	1314.97
1316.47	842.709	152	1.#QNAN	0	0.015	0	7.8522e-007	1355.08	1316.47	1314.66
1316.32	842.377	153	1.#QNAN	0	0.016	0	7.55802e-007	1376.5	1316.32	1314.56
1316.21	842.179	154	1.#QNAN	0	0.031	0	7.55558e-007	1387.29	1316.21	1314.5
1316	841.972	155	1.#QNAN	0	0.016	0	7.72522e-007	1361.1	1316	1314.32
1316	841.719	156	1.#QNAN	0	0.015	0	7.33234e-007	1423.38	1316	1314.37
1315.96	841.522	157	1.#QNAN	0	0.016	0	7.88416e-007	1418.14	1315.96	1314.36
1316.16	841.36	158	1.#QNAN	0	0.016	0	7.33467e-007	1449.11	1316.16	1314.61
1316.22	841.21	159	1.#QNAN	0	0.015	0	7.82753e-007	1412.52	1316.22	1314.71
1316.13	841.022	160	1.#QNAN	0	0.016	0	7.53846e-007	1376.31	1316.13	1314.64
1316	840.755	161	1.#QNAN	0	0.031	0	7.63471e-007	1382.03	1316	1314.54
1315.95	840.575	162	1.#QNAN	0	0.016	0	7.34885e-007	1393.02	1315.95	1314.53
1315.59	840.256	163	1.#QNAN	0	0.015	0	7.49026e-007	1330.97	1315.59	1314.2
1315.13	839.933	164	1.#QNAN	0	0.016	0	7.5747e-007	1323.44	1315.13	1313.76
1314.82	839.605	165	1.#QNAN	0	0.015	0	7.56037e-007	1356.22	1314.82	1313.48
1314.36	839.261	166	1.#QNAN	0	0.016	0	7.43165e-007	1320.2	1314.36	1313.03
1313.98	839.025	167	1.#QNAN	0	0.016	0	7.71064e-007	1335.06	1313.98	1312.67
1313.98	838.826	168	1.#QNAN	0	0.015	0	7.60406e-007	1388.01	1313.98	1312.71
1313.77	838.55	169	1.#QNAN	0	0.016	0	7.66022e-007	1360.28	1313.77	1312.52
1313.36	838.254	170	1.#QNAN	0	0.031	0	7.67608e-007	1329.51	1313.36	1312.13
1313.06	837.967	171	1.#QNAN	0	0.016	0	7.54547e-007	1349.12	1313.06	1311.86
1312.62	837.625	172	1.#QNAN	0	0.015	0	7.55771e-007	1318.37	1312.62	1311.43
1312.25	837.276	173	1.#QNAN	0	0.016	0	7.50556e-007	1338.75	1312.25	1311.09
1312.08	836.975	174	1.#QNAN	0	0.015	0	7.59192e-007	1357.38	1312.08	1310.93
1312.18	836.887	175	1.#QNAN	0	0.016	0	7.44238e-007	1405.21	1312.18	1311.08
1311.87	836.631	176	1.#QNAN	0	0.016	0	7.56169e-007	1322.03	1311.87	1310.78
1311.78	836.512	177	1.#QNAN	0	0.015	0	7.79469e-007	1352.46	1311.78	1310.73
1311.69	836.408	178	1.#QNAN	0	0.031	1	7.60576e-007	1342.81	1311.69	1310.66
1311.58	836.287	179	1.#QNAN	0	0.016	0	7.93223e-007	1366.03	1311.58	1310.58
1311.64	836.227	180	1.#QNAN	0	0.016	0	7.566e-007	1392.23	1311.64	1310.68
1311.55	836.109	181	1.#QNAN	0	0.015	0	7.74453e-007	1355.32	1311.55	1310.61
1311.2	835.922	182	1.#QNAN	0	0.016	0	7.44326e-007	1318.54	1311.2	1310.27
1310.9	835.74	183	1.#QNAN	0	0.015	0	7.64694e-007	1334.46	1310.9	1309.99
1310.5	835.532	184	1.#QNAN	0	0.016	0	7.9892e-007	1328.77	1310.5	1309.59
1310.13	835.372	185	1.#QNAN	0	0.016	0	7.57402e-007	1330.18	1310.13	1309.23
1309.9	835.244	186	1.#QNAN	0	0.031	0	7.80965e-007	1352.44	1309.9	1309.02
1309.77	835.235	187	1.#QNAN	0	0.015	0	7.53162e-007	1355.4	1309.77	1308.91
1309.71	835.152	188	1.#QNAN	0	0.016	0	7.64388e-007	1370.78	1309.71	1308.87
1309.38	835.1	189	1.#QNAN	0	0.016	0	7.75753e-007	1361.53	1309.38	1308.55
1309.02	834.967	190	1.#QNAN	0	0.015	0	7.75393e-007	1343.55	1309.02	1308.18
1308.97	834.885	191	1.#QNAN	0	0.016	0	7.92047e-007	1390.6	1308.97	1308.14
1309.16	834.871	192	1.#QNAN	0	0.031	0	7.75381e-007	1429.01	1309.16	1308.36
1309.12	834.808	193	1.#QNAN	0	0.016	0	7.84517e-007	1384.59	1309.12	1308.34
1308.97	834.718	194	1.#QNAN	0	0.015	0	7.85852e-007	1376.41	1308.97	1308.2
1308.72	834.496	195	1.#QNAN	0	0.016	0	7.86086e-007	1359.64	1308.72	1307.97
1308.5	834.378	196	1.#QNAN	0	0.015	0	7.41134e-007	1381.1	1308.5	1307.74
1308.42	834.305	197	1.#QNAN	0	0.016	0	7.42012e-007	1380.9	1308.42	1307.68
1308.38	834.261	198	1.#QNAN	0	0.016	0	7.7328e-007	1393.32	1308.38	1307.67
1308.32	834.221	199	1.#QNAN	0	0.031	0	7.57499e-007	1417.56	1308.32	1307.62
1308.31	834.137	200	1.#QNAN	0	0.015	0	7.84686e-007	1416.86	1308.31	1307.62
1308.24	834.056	201	1.#QNAN	0	0.016	0	7.85407e-007	1390.37	1308.24	1307.56
1308.14	833.936	202	1.#QNAN	0	0.016	0	7.88068e-007	1382.3	1308.14	1307.47
1308.07	833.837	203	1.#QNAN	0	0.015	0	7.77689e-007	1400.42	1308.07	1307.41
1307.94	833.708	204	1.#QNAN	0	0.016	0	7.56662e-007	1380.82	1307.94	1307.29
1307.69	833.447	205	1.#QNAN	0	0.015	0	7.65711e-007	1359.91	1307.69	1307.04
1307.55	833.34	206	1.#QNAN	0	0.016	0	8.08772e-007	1366	1307.55	1306.9
1307.58	833.215	207	1.#QNAN	0	0.031	0	7.48428e-007	1406.79	1307.58	1306.94
1307.49	833.037	208	1.#QNAN	0	0.016	0	7.78083e-007	1387.39	1307.49	1306.86
1307.46	832.969	209	1.#QNAN	0	0.015	0	7.65878e-007	1383.63	1307.46	1306.85
1307.26	832.854	210	1.#QNAN	0	0.016	0	7.81231e-007	1370.17	1307.26	1306.65
1307.09	832.704	211	1.#QNAN	0	0.016	0	7.58858e-007	1375.89	1307.09	1306.48
1307.11	832.614	212	1.#QNAN	0	0.015	0	7.58598e-007	1405.52	1307.11	1306.52
1307.09	832.533	213	1.#QNAN	0	0.016	0	7.75438e-007	1426.32	1307.09	1306.51
1306.98	832.432	214	1.#QNAN	0	0.015	0	7.63625e-007	1383.55	1306.98	1306.4
1306.93	832.395	215	1.#QNAN	0	0.032	0	7.60706e-007	1367.63	1306.93	1306.37
1306.69	832.298	216	1.#QNAN	0	0.015	0	8.0062e-007	1337.14	1306.69	1306.13
1306.47	832.154	217	1.#QNAN	0	0.016	0	7.56688e-007	1345.94	1306.47	1305.92
1306.25	832.117	218	1.#QNAN	0	0.015	0	7.61445e-007	1342	1306.25	1305.71
1306.03	831.985	219	1.#QNAN	0	0.016	0	7.8751e-007	1345.32	1306.03	1305.49
1305.83	831.865	220	1.#QNAN	0	0.016	0	7.79655e-007	1328.75	1305.83	1305.29
1305.6	831.769	221	1.#QNAN	0	0.031	0	7.74601e-007	1326.56	1305.6	1305.07
1305.43	831.716	222	1.#QNAN	0	0.015	0	7.7609e-007	1351.26	1305.43	1304.91
1305.2	831.592	223	1.#QNAN	0	0.016	0	7.44873e-007	1322.46	1305.2	1304.69
1305.07	831.56	224	1.#QNAN	0	0.016	0	7.67024e-007	1348.58	1305.07	1304.56
1304.77	831.461	225	1.#QNAN	0	0.015	0	7.5975e-007	1322	1304.77	1304.26
1304.59	831.383	226	1.#QNAN	0	0.016	0	7.86665e-007	1331.56	1304.59	1304.09
1304.29	831.301	227	1.#QNAN	0	0.015	0	7.7768e-007	1304.77	1304.29	1303.79
1304.08	831.291	228	1.#QNAN	0	0.016	0	7.72815e-007	1325.55	1304.08	1303.59
1303.71	831.152	229	1.#QNAN	0	0.031	0	7.70118e-007	1311.41	1303.71	1303.22
1303.4	831.026	230	1.#QNAN	0	0.016	0	7.80948e-007	1315.74	1303.4	1302.93
1303.29	831.006	231	1.#QNAN	0	0.015	0	7.59243e-007	1348.75	1303.29	1302.83
1303.28	830.939	232	1.#QNAN	0	0.016	0	7.58587e-007	1379.93	1303.28	1302.83
1303.13	830.829	233	1.#QNAN	0	0.016	0	7.93073e-007	1341.89	1303.13	1302.69
1303.09	830.731	234	1.#QNAN	0	0.015	1	7.57056e-007	1377.03	1303.09	1302.67
1303.14	830.685	235	1.#QNAN	0	0.016	0	7.63945e-007	1410.14	1303.14	1302.74
1303.3	830.676	236	1.#QNAN	0	0.015	0	7.841e-007	1438.81	1303.3	1302.92
1303.41	830.663	237	1.#QNAN	0	0.032	0	7.47302e-007	1431.76	1303.41	1303.05
1303.43	830.662	238	1.#QNAN	0	0.015	0	7.6027e-007	1406.54	1303.43	1303.07
1303.46	830.651	239	1.#QNAN	0	0.016	0	7.707e-007	1415.05	1303.46	1303.11
1303.57	830.65	240	1.#QNAN	0	0.015	0	7.85456e-007	1418.26	1303.57	1303.23
1303.67	830.614	241	1.#QNAN	0	0.016	0	7.61947e-007	1423.52	1303.67	1303.35
1303.82	830.655	242	1.#QNAN	0	0.016	0	7.41401e-007	1429.39	1303.82	1303.5
1303.91	830.619	243	1.#QNAN	0	0.015	0	7.81821e-007	1413.36	1303.91	1303.61
1304.08	830.632	244	1.#QNAN	0	0.016	0	7.6641e-007	1436.66	1304.08	1303.79
1304.06	830.596	245	1.#QNAN	0	0.016	0	7.7093e-007	1400.63	1304.06	1303.78
1304.02	830.551	246	1.#QNAN	0	0.016	0	7.78738e-007	1393.98	1304.02	1303.74
1303.88	830.533	247	1.#QNAN	0	0.015	0	7.70153e-007	1402.64	1303.88	1303.6
1303.78	830.52	248	1.#QNAN	0	0.016	0	7.87208e-007	1392.48	1303.78	1303.5
1303.73	830.44	249	1.#QNAN	0	0.015	0	7.78118e-007	1384.76	1303.73	1303.46
1303.7	830.372	250	1.#QNAN	0	0.016	0	7.81463e-007	1378.42	1303.7	1303.44
1303.66	830.286	251	1.#QNAN	0	0.031	0	7.59121e-007	1364.25	1303.66	1303.4
1303.69	830.271	252	1.#QNAN	0	0.016	0	7.7039e-007	1381.8	1303.69	1303.45
1303.76	830.302	253	1.#QNAN	0	0.015	0	7.69571e-007	1377.84	1303.76	1303.54
1303.93	830.359	254	1.#QNAN	0	0.016	0	7.80283e-007	1431.5	1303.93	1303.73
1304.14	830.364	255	1.#QNAN	0	0.016	0	7.78121e-007	1425.14	1304.14	1303.96
1304.12	830.351	256	1.#QNAN	0	0.015	0	7.56807e-007	1373.7	1304.12	1303.96
1304.16	830.417	257	1.#QNAN	0	0.016	0	7.94495e-007	1401.71	1304.16	1304.02
1304.17	830.459	258	1.#QNAN	0	0.031	0	7.5721e-007	1375.8	1304.17	1304.04
1304.25	830.488	259	1.#QNAN	0	0.016	0	7.68307e-007	1399.14	1304.25	1304.14
1304.31	830.512	260	1.#QNAN	0	0.015	0	7.57196e-007	1389.24	1304.31	1304.21
1304.43	830.523	261	1.#QNAN	0	0.016	0	7.57462e-007	1417.95	1304.43	1304.36
1304.45	830.559	262	1.#QNAN	0	0.015	0	7.6804e-007	1385.42	1304.45	1304.39
1304.63	830.599	263	1.#QNAN	0	0.016	0	7.80049e-007	1434.03	1304.63	1304.59
1304.87	830.674	264	1.#QNAN	0	0.016	0	7.54151e-007	1456.97	1304.87	1304.85
1304.95	830.685	265	1.#QNAN	0	0.031	0	7.96629e-007	1410.59	1304.95	1304.94
1304.95	830.657	266	1.#QNAN	0	0.015	0	7.71367e-007	1375.64	1304.95	1304.95
1304.95	830.625	267	1.#QNAN	0	0.016	0	7.57224e-007	1398.18	1304.95	1304.96
1304.99	830.563	268	1.#QNAN	0	0.016	0	8.02493e-007	1409.21	1304.99	1305.01
1305.07	830.548	269	1.#QNAN	0	0.015	0	7.94164e-007	1404.17	1305.07	1305.11
1305.09	830.511	270	1.#QNAN	0	0.016	0	7.71448e-007	1393.32	1305.09	1305.14
1305.28	830.526	271	1.#QNAN	0	0.015	0	7.73223e-007	1454.04	1305.28	1305.35
1305.57	830.573	272	1.#QNAN	0	0.016	0	8.00957e-007	1498.61	1305.57	1305.65
1305.87	830.586	273	1.#QNAN	0	0.031	0	7.9139e-007	1484.54	1305.87	1305.97
1306.03	830.591	274	1.#QNAN	0	0.016	0	7.85294e-007	1442.53	1306.03	1306.14
1306.13	830.556	275	1.#QNAN	0	0.015	0	8.08099e-007	1406.72	1306.13	1306.26
1306.28	830.591	276	1.#QNAN	0	0.016	0	7.90119e-007	1420.31	1306.28	1306.42
1306.39	830.613	277	1.#QNAN	0	0.016	0	7.83338e-007	1418.22	1306.39	1306.55
1306.49	830.666	278	1.#QNAN	0	0.015	0	7.72842e-007	1409.15	1306.49	1306.65
1306.61	830.746	279	1.#QNAN	0	0.016	0	7.6457e-007	1407.68	1306.61	1306.78
1306.61	830.771	280	1.#QNAN	0	0.015	0	7.66666e-007	1369.99	1306.61	1306.79
1306.6	830.762	281	1.#QNAN	0	0.032	0	7.73776e-007	1382.68	1306.6	1306.78
1306.69	830.823	282	1.#QNAN	0	0.015	0	7.95969e-007	1405.13	1306.69	1306.88
1306.73	830.871	283	1.#QNAN	0	0.016	0	8.08307e-007	1386.15	1306.73	1306.92
1306.74	830.918	284	1.#QNAN	0	0.015	0	7.67208e-007	1395.48	1306.74	1306.94
1306.78	830.919	285	1.#QNAN	0	0.016	0	7.74983e-007	1398.39	1306.78	1306.99
1306.79	830.936	286	1.#QNAN	0	0.016	0	7.74193e-007	1385.97	1306.79	1307.01
1306.82	830.947	287	1.#QNAN	0	0.015	0	7.69685e-007	1393.57	1306.82	1307.05
1306.9	830.947	288	1.#QNAN	0	0.016	0	7.80114e-007	1415.29	1306.9	1307.13
1307.07	831.008	289	1.#QNAN	0	0.031	0	7.84626e-007	1456.14	1307.07	1307.31
1307.1	830.989	290	1.#QNAN	0	0.016	1	7.75993e-007	1408.41	1307.1	1307.34
1307.11	830.95	291	1.#QNAN	0	0.015	0	7.87783e-007	1400.17	1307.11	1307.35
1307.13	830.91	292	1.#QNAN	0	0.016	0	7.61403e-007	1389.55	1307.13	1307.38
1307.23	830.893	293	1.#QNAN	0	0.015	0	7.96396e-007	1430.49	1307.23	1307.49
1307.27	830.813	294	1.#QNAN	0	0.016	0	7.70947e-007	1396.51	1307.27	1307.53
1307.24	830.759	295	1.#QNAN	0	0.016	0	7.79824e-007	1367.43	1307.24	1307.51
1307.15	830.711	296	1.#QNAN	0	0.015	0	7.8396e-007	1361.96	1307.15	1307.42
1307.1	830.7	297	1.#QNAN	0	0.031	0	7.44105e-007	1362.38	1307.1	1307.38
1307.09	830.667	298	1.#QNAN	0	0.016	0	7.72389e-007	1362.37	1307.09	1307.37
1307.25	830.632	299	1.#QNAN	0	0.016	0	7.81944e-007	1434.36	1307.25	1307.54
1307.27	830.598	300	1.#QNAN	0	0.015	0	7.61866e-007	1412.85	1307.27	1307.56
1307.39	830.571	301	1.#QNAN	0	0.016	0	7.52299e-007	1458.3	1307.39	1307.69
1307.44	830.541	302	1.#QNAN	0	0.015	0	7.78402e-007	1388.66	1307.44	1307.74
1307.52	830.507	303	1.#QNAN	0	0.016	0	7.73264e-007	1413.81	1307.52	1307.83
1307.61	830.501	304	1.#QNAN	0	0.031	0	7.98681e-007	1409.21	1307.61	1307.93
1307.65	830.453	305	1.#QNAN	0	0.016	0	7.68642e-007	1396	1307.65	1307.97
1307.65	830.39	306	1.#QNAN	0	0.015	0	7.50687e-007	1393.69	1307.65	1307.98
1307.75	830.383	307	1.#QNAN	0	0.016	0	7.58778e-007	1419.27	1307.75	1308.09
1307.76	830.349	308	1.#QNAN	0	0.016	0	7.89345e-007	1380.59	1307.76	1308.1
1307.74	830.349	309	1.#QNAN	0	0.015	0	7.87546e-007	1370.68	1307.74	1308.08
1307.73	830.343	310	1.#QNAN	0	0.016	0	7.83075e-007	1378.54	1307.73	1308.08
1307.74	830.374	311	1.#QNAN	0	0.031	0	7.75837e-007	1389.5	1307.74	1308.09
1307.84	830.365	312	1.#QNAN	0	0.016	0	7.85617e-007	1417.61	1307.84	1308.2
1307.9	830.352	313	1.#QNAN	0	0.015	0	7.85469e-007	1382.08	1307.9	1308.26
1307.97	830.364	314	1.#QNAN	0	0.016	0	7.71455e-007	1401.64	1307.97	1308.34
1308.1	830.374	315	1.#QNAN	0	0.015	0	7.67338e-007	1433.4	1308.1	1308.48
1308.25	830.412	316	1.#QNAN	0	0.016	0	7.75036e-007	1435.2	1308.25	1308.64
1308.39	830.443	317	1.#QNAN	0	0.016	0	7.65884e-007	1428.48	1308.39	1308.79
1308.51	830.451	318	1.#QNAN	0	0.015	0	7.3318e-007	1422.12	1308.51	1308.91
1308.6	830.396	319	1.#QNAN	0	0.031	0	7.74512e-007	1431.36	1308.6	1309.01
1308.69	830.364	320	1.#QNAN	0	0.016	0	7.94411e-007	1410.94	1308.69	1309.1
1308.79	830.379	321	1.#QNAN	0	0.016	0	7.98127e-007	1399.69	1308.79	1309.21
1308.86	830.441	322	1.#QNAN	0	0.015	0	7.64795e-007	1398.29	1308.86	1309.28
1308.86	830.409	323	1.#QNAN	0	0.016	0	7.82153e-007	1381.21	1308.86	1309.29
1308.98	830.46	324	1.#QNAN	0	0.015	0	7.82923e-007	1440.12	1308.98	1309.41
1308.96	830.441	325	1.#QNAN	0	0.016	0	7.7277e-007	1370.49	1308.96	1309.39
1309	830.433	326	1.#QNAN	0	0.016	0	7.75667e-007	1402.55	1309	1309.44
1309.05	830.435	327	1.#QNAN	0	0.031	0	7.48944e-007	1418.62	1309.05	1309.49
1309.17	830.453	328	1.#QNAN	0	0.015	0	7.77048e-007	1411.22	1309.17	1309.61
1309.12	830.435	329	1.#QNAN	0	0.016	0	7.66726e-007	1372.71	1309.12	1309.56
1309.18	830.436	330	1.#QNAN	0	0.016	0	7.89629e-007	1403.48	1309.18	1309.63
1309.37	830.483	331	1.#QNAN	0	0.015	0	8.03046e-007	1446.18	1309.37	1309.84
1309.48	830.507	332	1.#QNAN	0	0.016	0	7.81236e-007	1419.94	1309.48	1309.95
1309.47	830.506	333	1.#QNAN	0	0.015	0	7.46497e-007	1382.57	1309.47	1309.94
1309.58	830.491	334	1.#QNAN	0	0.016	0	7.44947e-007	1414.72	1309.58	1310.06
1309.56	830.45	335	1.#QNAN	0	0.031	0	7.83424e-007	1364.33	1309.56	1310.05
1309.64	830.456	336	1.#QNAN	0	0.016	0	8.06457e-007	1402.12	1309.64	1310.13
1309.7	830.418	337	1.#QNAN	0	0.015	0	7.93492e-007	1381.48	1309.7	1310.2
1309.79	830.429	338	1.#QNAN	0	0.016	0	7.8729e-007	1391.68	1309.79	1310.3
1309.78	830.4	339	1.#QNAN	0	0.016	0	7.82226e-007	1350.08	1309.78	1310.28
1309.79	830.398	340	1.#QNAN	0	0.015	0	7.61224e-007	1364.93	1309.79	1310.3
1309.81	830.406	341	1.#QNAN	0	0.016	0	7.85369e-007	1366.42	1309.81	1310.32
1309.81	830.394	342	1.#QNAN	0	0.031	0	7.66516e-007	1376.26	1309.81	1310.33
1309.77	830.352	343	1.#QNAN	0	0.016	0	8.07026e-007	1352.08	1309.77	1310.29
1309.59	830.316	344	1.#QNAN	0	0.015	0	8.02698e-007	1319.98	1309.59	1310.11
1309.47	830.289	345	1.#QNAN	0	0.016	0	7.59927e-007	1327.52	1309.47	1309.99
1309.39	830.279	346	1.#QNAN	0	0.015	0	7.5226e-007	1339.27	1309.39	1309.91
1309.29	830.277	347	1.#QNAN	0	0.016	1	7.8456e-007	1331.55	1309.29	1309.81
1309.14	830.247	348	1.#QNAN	0	0.016	0	7.75825e-007	1319.41	1309.14	1309.66
1309.1	830.275	349	1.#QNAN	0	0.015	0	7.78853e-007	1357.17	1309.1	1309.62
1308.98	830.254	350	1.#QNAN	0	0.031	0	7.786e-007	1341.32	1308.98	1309.51
1308.95	830.268	351	1.#QNAN	0	0.016	0	7.69431e-007	1371.84	1308.95	1309.48
1308.89	830.268	352	1.#QNAN	0	0.016	0	7.68442e-007	1342.03	1308.89	1309.42
1308.78	830.255	353	1.#QNAN	0	0.015	0	7.9341e-007	1339.12	1308.78	1309.31
1308.75	830.244	354	1.#QNAN	0	0.016	0	7.70472e-007	1365.26	1308.75	1309.27
1308.7	830.218	355	1.#QNAN	0	0.015	0	7.47253e-007	1384.88	1308.7	1309.23
1308.77	830.236	356	1.#QNAN	0	0.016	0	8.06064e-007	1413.16	1308.77	1309.29
1308.8	830.257	357	1.#QNAN	0	0.031	0	7.32002e-007	1403.54	1308.8	1309.32
1308.78	830.26	358	1.#QNAN	0	0.016	0	7.89883e-007	1387.81	1308.78	1309.31
1308.65	830.207	359	1.#QNAN	0	0.015	0	7.77807e-007	1354.89	1308.65	1309.17
1308.63	830.208	360	1.#QNAN	0	0.016	0	7.6593e-007	1387.54	1308.63	1309.15
1308.62	830.201	361	1.#QNAN	0	0.016	0	7.99668e-007	1376.49	1308.62	1309.14
1308.68	830.213	362	1.#QNAN	0	0.015	0	7.64309e-007	1404.24	1308.68	1309.21
1308.68	830.223	363	1.#QNAN	0	0.016	0	7.63746e-007	1392.21	1308.68	1309.2
1308.66	830.197	364	1.#QNAN	0	0.015	0	7.88201e-007	1408.61	1308.66	1309.18
1308.59	830.189	365	1.#QNAN	0	0.032	0	7.64057e-007	1403.68	1308.59	1309.11
1308.62	830.189	366	1.#QNAN	0	0.015	0	7.34322e-007	1417.9	1308.62	1309.14
1308.73	830.23	367	1.#QNAN	0	0.016	0	7.68373e-007	1440.49	1308.73	1309.25
1308.86	830.269	368	1.#QNAN	0	0.015	0	7.78758e-007	1452.38	1308.86	1309.39
1308.9	830.276	369	1.#QNAN	0	0.016	0	7.53105e-007	1409.73	1308.9	1309.42
1308.91	830.28	370	1.#QNAN	0	0.016	0	7.52335e-007	1412.46	1308.91	1309.44
1308.86	830.26	371	1.#QNAN	0	0.015	0	7.58873e-007	1408.94	1308.86	1309.39
1308.81	830.206	372	1.#QNAN	0	0.031	0	7.84176e-007	1405.31	1308.81	1309.33
1308.69	830.14	373	1.#QNAN	0	0.016	0	7.4382e-007	1385.14	1308.69	1309.22
1308.62	830.087	374	1.#QNAN	0	0.016	0	7.77317e-007	1384.35	1308.62	1309.14
1308.63	830.069	375	1.#QNAN	0	0.015	0	7.79828e-007	1424.44	1308.63	1309.15
1308.59	829.999	376	1.#QNAN	0	0.016	0	7.85622e-007	1388.15	1308.59	1309.11
1308.52	829.92	377	1.#QNAN	0	0.015	0	7.75443e-007	1382.95	1308.52	1309.04
1308.47	829.866	378	1.#QNAN	0	0.016	0	7.52404e-007	1366.51	1308.47	1308.99
1308.43	829.81	379	1.#QNAN	0	0.016	0	7.652e-007	1382.22	1308.43	1308.95
1308.39	829.744	380	1.#QNAN	0	0.031	0	7.43401e-007	1389.14	1308.39	1308.91
1308.41	829.702	381	1.#QNAN	0	0.015	0	7.97408e-007	1409.95	1308.41	1308.94
1308.47	829.685	382	1.#QNAN	0	0.016	0	7.75531e-007	1408.7	1308.47	1309
1308.45	829.667	383	1.#QNAN	0	0.016	0	7.89464e-007	1396.23	1308.45	1308.99
1308.43	829.623	384	1.#QNAN	0	0.015	0	7.70992e-007	1383.82	1308.43	1308.96
1308.48	829.622	385	1.#QNAN	0	0.016	0	7.63025e-007	1403.6	1308.48	1309.02
1308.52	829.611	386	1.#QNAN	0	0.015	0	7.41264e-007	1390.4	1308.52	1309.07
1308.5	829.586	387	1.#QNAN	0	0.032	0	7.94053e-007	1383.89	1308.5	1309.05
1308.58	829.569	388	1.#QNAN	0	0.015	0	7.95831e-007	1426.06	1308.58	1309.14
1308.59	829.534	389	1.#QNAN	0	0.016	0	7.78424e-007	1416.51	1308.59	1309.15
1308.64	829.515	390	1.#QNAN	0	0.015	0	7.9852e-007	1417.54	1308.64	1309.2
1308.6	829.493	391	1.#QNAN	0	0.016	0	7.91587e-007	1377.79	1308.6	1309.17
1308.62	829.519	392	1.#QNAN	0	0.016	0	7.69227e-007	1409.54	1308.62	1309.19
1308.67	829.534	393	1.#QNAN	0	0.015	0	7.66565e-007	1389.21	1308.67	1309.24
1308.71	829.53	394	1.#QNAN	0	0.016	0	7.64265e-007	1401.07	1308.71	1309.28
1308.79	829.525	395	1.#QNAN	0	0.015	0	7.5736e-007	1442.52	1308.79	1309.36
1308.78	829.515	396	1.#QNAN	0	0.032	0	7.70831e-007	1418.56	1308.78	1309.35
1308.83	829.533	397	1.#QNAN	0	0.015	0	7.73527e-007	1446.12	1308.83	1309.41
1308.79	829.509	398	1.#QNAN	0	0.016	0	7.92945e-007	1397.34	1308.79	1309.36
1308.83	829.503	399	1.#QNAN	0	0.015	0	7.5737e-007	1438.29	1308.83	1309.41
1308.92	829.495	400	1.#QNAN	0	0.016	0	7.5405e-007	1420.49	1308.92	1309.51
1308.99	829.476	401	1.#QNAN	0	0.016	0	7.78384e-007	1418.69	1308.99	1309.57
1309.01	829.464	402	1.#QNAN	0	0.015	0	7.70084e-007	1389.05	1309.01	1309.6
1309	829.431	403	1.#QNAN	0	0.031	1	7.53889e-007	1379.4	1309	1309.59
1309	829.441	404	1.#QNAN	0	0.016	0	7.98518e-007	1406.01	1309	1309.59
1309.01	829.418	405	1.#QNAN	0	0.016	0	7.54038e-007	1392.52	1309.01	1309.6
1308.98	829.394	406	1.#QNAN	0	0.015	0	7.69603e-007	1368.64	1308.98	1309.57
1308.92	829.37	407	1.#QNAN	0	0.016	0	7.57626e-007	1353.71	1308.92	1309.5
1308.91	829.349	408	1.#QNAN	0	0.015	0	7.7929e-007	1367.87	1308.91	1309.5
1308.97	829.363	409	1.#QNAN	0	0.016	0	8.08095e-007	1399.73	1308.97	1309.56
1309.01	829.343	410	1.#QNAN	0	0.016	0	7.86986e-007	1408.3	1309.01	1309.6
1309.13	829.37	411	1.#QNAN	0	0.031	0	7.46903e-007	1430.93	1309.13	1309.72
1309.22	829.368	412	1.#QNAN	0	0.015	0	7.62914e-007	1420.61	1309.22	1309.81
1309.28	829.373	413	1.#QNAN	0	0.016	0	8.0198e-007	1407.66	1309.28	1309.87
1309.35	829.401	414	1.#QNAN	0	0.016	0	7.96495e-007	1430.07	1309.35	1309.95
1309.44	829.436	415	1.#QNAN	0	0.015	0	7.91839e-007	1422.35	1309.44	1310.04
1309.53	829.459	416	1.#QNAN	0	0.016	0	7.66071e-007	1412.28	1309.53	1310.13
1309.6	829.486	417	1.#QNAN	0	0.015	0	7.98933e-007	1408.57	1309.6	1310.2
1309.76	829.505	418	1.#QNAN	0	0.032	0	7.78746e-007	1454.46	1309.76	1310.36
1309.89	829.528	419	1.#QNAN	0	0.015	0	7.84016e-007	1448.58	1309.89	1310.5
1309.94	829.53	420	1.#QNAN	0	0.016	0	7.63443e-007	1392.28	1309.94	1310.54
1310.01	829.54	421	1.#QNAN	0	0.015	0	7.91239e-007	1413	1310.01	1310.62
1310.09	829.538	422	1.#QNAN	0	0.016	0	7.99956e-007	1406	1310.09	1310.7
1310.22	829.552	423	1.#QNAN	0	0.016	0	7.69427e-007	1435.23	1310.22	1310.83
1310.34	829.575	424	1.#QNAN	0	0.015	0	7.86978e-007	1426.26	1310.34	1310.96
1310.42	829.587	425	1.#QNAN	0	0.016	0	7.66959e-007	1413.16	1310.42	1311.04
1310.52	829.617	426	1.#QNAN	0	0.031	0	7.53844e-007	1409.57	1310.52	1311.14
1310.61	829.66	427	1.#QNAN	0	0.016	0	7.61168e-007	1405.51	1310.61	1311.23
1310.68	829.663	428	1.#QNAN	0	0.015	0	7.7661e-007	1401.97	1310.68	1311.3
1310.8	829.671	429	1.#QNAN	0	0.016	0	7.67295e-007	1424.44	1310.8	1311.43
1310.97	829.735	430	1.#QNAN	0	0.015	0	7.98504e-007	1456.9	1310.97	1311.6
1311.1	829.767	431	1.#QNAN	0	0.016	0	7.77196e-007	1451.29	1311.1	1311.73
1311.16	829.787	432	1.#QNAN	0	0.016	0	7.71944e-007	1425.93	1311.16	1311.79
1311.29	829.834	433	1.#QNAN	0	0.015	0	8.11009e-007	1453	1311.29	1311.92
1311.31	829.843	434	1.#QNAN	0	0.031	0	7.762e-007	1398.44	1311.31	1311.95
1311.34	829.847	435	1.#QNAN	0	0.016	0	7.99041e-007	1394.46	1311.34	1311.98
1311.39	829.864	436	1.#QNAN	0	0.016	0	7.65023e-007	1403.81	1311.39	1312.02
1311.42	829.861	437	1.#QNAN	0	0.015	0	7.85821e-007	1398.95	1311.42	1312.06
1311.52	829.917	438	1.#QNAN	0	0.016	0	7.58752e-007	1427.9	1311.52	1312.16
1311.57	829.983	439	1.#QNAN	0	0.015	0	7.9184e-007	1417.51	1311.57	1312.21
1311.54	829.979	440	1.#QNAN	0	0.016	0	7.75506e-007	1382.24	1311.54	1312.18
1311.54	830.006	441	1.#QNAN	0	0.016	0	8.02462e-007	1385.93	1311.54	1312.18
1311.48	829.974	442	1.#QNAN	0	0.031	0	7.94679e-007	1373.29	1311.48	1312.12
1311.43	829.961	443	1.#QNAN	0	0.015	0	7.75946e-007	1386.96	1311.43	1312.06
1311.44	829.929	444	1.#QNAN	0	0.016	0	7.78906e-007	1399.31	1311.44	1312.08
1311.45	829.898	445	1.#QNAN	0	0.016	0	7.76819e-007	1414.42	1311.45	1312.09
1311.48	829.882	446	1.#QNAN	0	0.015	0	7.51636e-007	1422.82	1311.48	1312.12
1311.42	829.827	447	1.#QNAN	0	0.016	0	8.31858e-007	1389.49	1311.42	1312.06
1311.32	829.766	448	1.#QNAN	0	0.015	0	7.93329e-007	1374.9	1311.32	1311.96
1311.14	829.701	449	1.#QNAN	0	0.032	0	7.77764e-007	1338.46	1311.14	1311.78
1310.98	829.638	450	1.#QNAN	0	0.015	0	7.64884e-007	1322.61	1310.98	1311.61
1310.8	829.57	451	1.#QNAN	0	0.016	0	7.71403e-007	1314.06	1310.8	1311.43
1310.67	829.509	452	1.#QNAN	0	0.015	0	7.87376e-007	1314.04	1310.67	1311.3
1310.52	829.455	453	1.#QNAN	0	0.016	0	8.05999e-007	1305.42	1310.52	1311.15
1310.36	829.424	454	1.#QNAN	0	0.016	0	7.8226e-007	1320.7	1310.36	1310.99
1310.25	829.398	455	1.#QNAN	0	0.015	0	7.8336e-007	1336.86	1310.25	1310.87
1310.17	829.383	456	1.#QNAN	0	0.016	0	7.64902e-007	1337.11	1310.17	1310.79
1310.11	829.341	457	1.#QNAN	0	0.031	0	7.6792e-007	1360.65	1310.11	1310.73
1310.12	829.359	458	1.#QNAN	0	0.016	0	7.85606e-007	1378.22	1310.12	1310.74
1310.13	829.337	459	1.#QNAN	0	0.015	0	7.70889e-007	1375.04	1310.13	1310.75
1310.13	829.341	460	1.#QNAN	0	0.016	1	7.92053e-007	1370.88	1310.13	1310.75
1310.1	829.295	461	1.#QNAN	0	0.015	0	7.97826e-007	1367.09	1310.1	1310.71
1310.08	829.263	462	1.#QNAN	0	0.016	0	7.62544e-007	1367.84	1310.08	1310.69
1310.08	829.231	463	1.#QNAN	0	0.016	0	7.28804e-007	1373.61	1310.08	1310.69
1310.08	829.205	464	1.#QNAN	0	0.031	0	7.50679e-007	1391.97	1310.08	1310.7
1310.09	829.178	465	1.#QNAN	0	0.015	0	7.81891e-007	1382.01	1310.09	1310.71
1310.1	829.149	466	1.#QNAN	0	0.016	0	7.6898e-007	1366.24	1310.1	1310.72
1310.15	829.125	467	1.#QNAN	0	0.016	0	7.71405e-007	1399.37	1310.15	1310.77
1310.14	829.069	468	1.#QNAN	0	0.015	0	7.51625e-007	1365.94	1310.14	1310.76
1310.11	829.015	469	1.#QNAN	0	0.016	0	7.82763e-007	1362.52	1310.11	1310.72
1310.11	828.99	470	1.#QNAN	0	0.015	0	7.85301e-007	1395.53	1310.11	1310.73
1310.17	829.004	471	1.#QNAN	0	0.016	0	7.9241e-007	1414.6	1310.17	1310.79
1310.22	829.021	472	1.#QNAN	0	0.016	0	7.57716e-007	1407.33	1310.22	1310.84
1310.23	828.998	473	1.#QNAN	0	0.031	0	7.91396e-007	1376.46	1310.23	1310.85
1310.19	828.98	474	1.#QNAN	0	0.015	0	7.66625e-007	1359.66	1310.19	1310.81
1310.2	828.933	475	1.#QNAN	0	0.016	0	7.63053e-007	1395.08	1310.2	1310.82
1310.13	828.885	476	1.#QNAN	0	0.016	0	7.92013e-007	1354.34	1310.13	1310.75
1310.12	828.84	477	1.#QNAN	0	0.015	0	7.95457e-007	1389.02	1310.12	1310.74
1310.18	828.827	478	1.#QNAN	0	0.016	0	7.7586e-007	1424.66	1310.18	1310.81
1310.21	828.779	479	1.#QNAN	0	0.015	0	7.77823e-007	1432.46	1310.21	1310.83
1310.27	828.74	480	1.#QNAN	0	0.016	0	7.90362e-007	1455.45	1310.27	1310.89
1310.28	828.714	481	1.#QNAN	0	0.031	0	7.57655e-007	1396.02	1310.28	1310.91
1310.33	828.718	482	1.#QNAN	0	0.016	0	7.91509e-007	1408.64	1310.33	1310.95
1310.34	828.699	483	1.#QNAN	0	0.015	0	8.1911e-007	1400.6	1310.34	1310.96
1310.34	828.665	484	1.#QNAN	0	0.016	0	7.81478e-007	1387.94	1310.34	1310.96
1310.35	828.673	485	1.#QNAN	0	0.016	0	7.79143e-007	1403.23	1310.35	1310.97
1310.37	828.656	486	1.#QNAN	0	0.015	0	7.88892e-007	1398.22	1310.37	1311
1310.41	828.64	487	1.#QNAN	0	0.016	0	8.03908e-007	1403.69	1310.41	1311.04
1310.43	828.614	488	1.#QNAN	0	0.031	0	7.7781e-007	1392.07	1310.43	1311.05
1310.51	828.631	489	1.#QNAN	0	0.016	0	7.71532e-007	1419.22	1310.51	1311.14
1310.57	828.633	490	1.#QNAN	0	0.015	0	7.71614e-007	1414.27	1310.57	1311.19
1310.54	828.631	491	1.#QNAN	0	0.016	0	7.53563e-007	1385.09	1310.54	1311.17
1310.49	828.611	492	1.#QNAN	0	0.015	0	7.48804e-007	1357.7	1310.49	1311.12
1310.44	828.579	493	1.#QNAN	0	0.016	0	7.65946e-007	1352.57	1310.44	1311.06
1310.42	828.559	494	1.#QNAN	0	0.017	0	7.82646e-007	1370.62	1310.42	1311.04
1310.42	828.515	495	1.#QNAN	0	0.031	0	7.69581e-007	1369.06	1310.42	1311.04
1310.44	828.501	496	1.#QNAN	0	0.015	0	7.68435e-007	1376.23	1310.44	1311.06
1310.48	828.505	497	1.#QNAN	0	0.016	0	7.87509e-007	1388.84	1310.48	1311.1
1310.47	828.502	498	1.#QNAN	0	0.016	0	7.7089e-007	1374.94	1310.47	1311.09
1310.47	828.457	499	1.#QNAN	0	0.015	0	7.78678e-007	1390.12	1310.47	1311.1
1310.53	828.465	500	1.#QNAN	0	0.016	0	7.52237e-007	1406.21	1310.53	1311.16
1310.66	828.463	501	1.#QNAN	0	0.015	0	7.53673e-007	1444.04	1310.66	1311.29
1310.77	828.458	502	1.#QNAN	0	0.032	0	7.54989e-007	1430.53	1310.77	1311.4
1310.85	828.446	503	1.#QNAN	0	0.015	0	7.87675e-007	1416.52	1310.85	1311.48
1310.88	828.406	504	1.#QNAN	0	0.016	0	7.75901e-007	1407.54	1310.88	1311.51
1310.85	828.378	505	1.#QNAN	0	0.015	0	7.94968e-007	1365.3	1310.85	1311.49
1310.88	828.379	506	1.#QNAN	0	0.016	0	7.53276e-007	1416.32	1310.88	1311.52
1310.92	828.383	507	1.#QNAN	0	0.016	0	7.72099e-007	1408.32	1310.92	1311.56
1310.95	828.357	508	1.#QNAN	0	0.015	0	7.45686e-007	1393.6	1310.95	1311.58
1310.87	828.315	509	1.#QNAN	0	0.031	0	7.86663e-007	1342.46	1310.87	1311.5
1310.84	828.307	510	1.#QNAN	0	0.016	0	7.7587e-007	1378.8	1310.84	1311.48
1310.81	828.274	511	1.#QNAN	0	0.016	0	7.78121e-007	1381.88	1310.81	1311.45
1310.83	828.306	512	1.#QNAN	0	0.015	0	7.56701e-007	1415.75	1310.83	1311.46
1310.82	828.3	513	1.#QNAN	0	0.016	0	7.57601e-007	1414.31	1310.82	1311.46
1310.83	828.315	514	1.#QNAN	0	0.015	0	7.6182e-007	1420.73	1310.83	1311.47
1310.79	828.253	515	1.#QNAN	0	0.016	0	7.78337e-007	1369.67	1310.79	1311.43
1310.82	828.238	516	1.#QNAN	0	0.016	0	7.99935e-007	1431.35	1310.82	1311.46
1310.87	828.23	517	1.#QNAN	0	0.031	1	7.84027e-007	1431.28	1310.87	1311.5
1310.86	828.207	518	1.#QNAN	0	0.015	0	7.48177e-007	1379.57	1310.86	1311.5
1310.86	828.188	519	1.#QNAN	0	0.016	0	7.60014e-007	1398.45	1310.86	1311.5
1310.88	828.159	520	1.#QNAN	0	0.016	0	7.71314e-007	1398.94	1310.88	1311.51
1310.91	828.164	521	1.#QNAN	0	0.015	0	7.64871e-007	1425.57	1310.91	1311.55
1310.94	828.172	522	1.#QNAN	0	0.016	0	7.62545e-007	1391.11	1310.94	1311.57
1310.92	828.169	523	1.#QNAN	0	0.015	0	7.54767e-007	1381.36	1310.92	1311.56
1310.83	828.129	524	1.#QNAN	0	0.032	0	7.9685e-007	1336.17	1310.83	1311.46
1310.72	828.075	525	1.#QNAN	0	0.015	0	7.46734e-007	1339.9	1310.72	1311.35
1310.65	828.046	526	1.#QNAN	0	0.016	0	7.60025e-007	1342.95	1310.65	1311.28
1310.59	828.044	527	1.#QNAN	0	0.015	0	7.80033e-007	1366.09	1310.59	1311.21
1310.55	828.037	528	1.#QNAN	0	0.016	0	7.76089e-007	1394.46	1310.55	1311.18
1310.56	828.046	529	1.#QNAN	0	0.016	0	7.16629e-007	1384.33	1310.56	1311.18
1310.52	828.011	530	1.#QNAN	0	0.015	0	7.71628e-007	1360.45	1310.52	1311.14
1310.44	827.968	531	1.#QNAN	0	0.031	0	7.77576e-007	1346.95	1310.44	1311.07
1310.41	827.983	532	1.#QNAN	0	0.016	0	7.49655e-007	1373.26	1310.41	1311.04
1310.4	827.978	533	1.#QNAN	0	0.016	0	7.60369e-007	1385.59	1310.4	1311.02
1310.41	827.987	534	1.#QNAN	0	0.015	0	7.51129e-007	1423.52	1310.41	1311.03
1310.42	827.996	535	1.#QNAN	0	0.016	0	7.61102e-007	1425.67	1310.42	1311.04
1310.4	827.973	536	1.#QNAN	0	0.015	0	8.0857e-007	1422.18	1310.4	1311.02
1310.39	827.936	537	1.#QNAN	0	0.016	0	7.77731e-007	1415.34	1310.39	1311.01
1310.34	827.916	538	1.#QNAN	0	0.016	0	7.87749e-007	1374.25	1310.34	1310.96
1310.36	827.911	539	1.#QNAN	0	0.031	0	7.70077e-007	1417.3	1310.36	1310.98
1310.41	827.918	540	1.#QNAN	0	0.015	0	7.34649e-007	1408.97	1310.41	1311.03
1310.48	827.92	541	1.#QNAN	0	0.016	0	7.56929e-007	1407.51	1310.48	1311.1
1310.53	827.905	542	1.#QNAN	0	0.016	0	7.89176e-007	1405.56	1310.53	1311.15
1310.57	827.9	543	1.#QNAN	0	0.015	0	7.86081e-007	1404.92	1310.57	1311.2
1310.53	827.855	544	1.#QNAN	0	0.016	0	7.89616e-007	1356.66	1310.53	1311.16
1310.51	827.827	545	1.#QNAN	0	0.015	0	7.94165e-007	1370.45	1310.51	1311.14
1310.42	827.775	546	1.#QNAN	0	0.032	0	7.682e-007	1332.04	1310.42	1311.05
1310.34	827.74	547	1.#QNAN	0	0.015	0	7.6449e-007	1344.41	1310.34	1310.96
1310.26	827.692	548	1.#QNAN	0	0.016	0	7.57758e-007	1358.12	1310.26	1310.89
1310.2	827.671	549	1.#QNAN	0	0.015	0	7.75971e-007	1354.13	1310.2	1310.82
1310.11	827.629	550	1.#QNAN	0	0.016	0	7.73351e-007	1336.75	1310.11	1310.73
1310.08	827.622	551	1.#QNAN	0	0.016	0	7.63788e-007	1381.51	1310.08	1310.7
1310.02	827.612	552	1.#QNAN	0	0.015	0	7.43976e-007	1386.33	1310.02	1310.64
1309.98	827.606	553	1.#QNAN	0	0.016	0	7.70612e-007	1405.32	1309.98	1310.6
1309.96	827.587	554	1.#QNAN	0	0.031	0	7.66669e-007	1435.04	1309.96	1310.58
1309.9	827.581	555	1.#QNAN	0	0.016	0	7.57681e-007	1405.97	1309.9	1310.52
1309.86	827.566	556	1.#QNAN	0	0.015	0	7.7515e-007	1438.1	1309.86	1310.48
1309.81	827.554	557	1.#QNAN	0	0.016	0	7.79164e-007	1418.68	1309.81	1310.43
1309.74	827.545	558	1.#QNAN	0	0.015	0	7.92628e-007	1408.31	1309.74	1310.36
1309.69	827.521	559	1.#QNAN	0	0.016	0	7.88836e-007	1439.46	1309.69	1310.31
1309.69	827.503	560	1.#QNAN	0	0.016	0	7.82434e-007	1438.53	1309.69	1310.31
1309.66	827.509	561	1.#QNAN	0	0.031	0	7.83822e-007	1401.6	1309.66	1310.28
1309.63	827.506	562	1.#QNAN	0	0.015	0	7.60793e-007	1393.4	1309.63	1310.25
1309.57	827.482	563	1.#QNAN	0	0.016	0	7.54333e-007	1383.17	1309.57	1310.19
1309.6	827.48	564	1.#QNAN	0	0.016	0	7.71605e-007	1439.19	1309.6	1310.23
1309.68	827.492	565	1.#QNAN	0	0.015	0	7.74341e-007	1473.22	1309.68	1310.31
1309.66	827.477	566	1.#QNAN	0	0.016	0	7.61591e-007	1403.92	1309.66	1310.29
1309.62	827.452	567	1.#QNAN	0	0.031	0	7.92158e-007	1399.65	1309.62	1310.25
1309.61	827.473	568	1.#QNAN	0	0.016	0	7.83131e-007	1406.03	1309.61	1310.23
1309.59	827.451	569	1.#QNAN	0	0.015	0	7.79059e-007	1373.78	1309.59	1310.21
1309.58	827.454	570	1.#QNAN	0	0.016	0	7.51201e-007	1385.88	1309.58	1310.21
1309.54	827.448	571	1.#QNAN	0	0.015	0	7.40112e-007	1349.05	1309.54	1310.17
1309.57	827.463	572	1.#QNAN	0	0.016	0	7.63269e-007	1374.2	1309.57	1310.2
1309.58	827.452	573	1.#QNAN	0	0.016	0	7.63533e-007	1379.63	1309.58	1310.2
1309.64	827.455	574	1.#QNAN	0	0.015	1	7.79333e-007	1406.63	1309.64	1310.27
1309.68	827.433	575	1.#QNAN	0	0.016	0	7.66919e-007	1381.52	1309.68	1310.3
1309.67	827.43	576	1.#QNAN	0	0.031	0	7.80264e-007	1372.62	1309.67	1310.3
1309.65	827.391	577	1.#QNAN	0	0.016	0	7.73129e-007	1354.83	1309.65	1310.27
1309.69	827.386	578	1.#QNAN	0	0.015	0	7.54057e-007	1383	1309.69	1310.32
1309.65	827.367	579	1.#QNAN	0	0.016	0	7.58917e-007	1347.55	1309.65	1310.28
1309.57	827.329	580	1.#QNAN	0	0.015	0	7.60454e-007	1337.53	1309.57	1310.2
1309.57	827.316	581	1.#QNAN	0	0.016	0	7.62827e-007	1383.34	1309.57	1310.2
1309.55	827.309	582	1.#QNAN	0	0.016	0	7.91996e-007	1378.54	1309.55	1310.17
1309.57	827.308	583	1.#QNAN	0	0.031	0	7.69821e-007	1380.42	1309.57	1310.19
1309.61	827.317	584	1.#QNAN	0	0.015	0	7.82006e-007	1398.7	1309.61	1310.23
1309.63	827.295	585	1.#QNAN	0	0.016	0	7.85411e-007	1410.25	1309.63	1310.26
1309.66	827.266	586	1.#QNAN	0	0.016	0	7.42934e-007	1382.32	1309.66	1310.29
1309.63	827.218	587	1.#QNAN	0	0.015	0	7.66058e-007	1371.36	1309.63	1310.26
1309.66	827.215	588	1.#QNAN	0	0.016	0	7.93742e-007	1396.81	1309.66	1310.29
1309.66	827.195	589	1.#QNAN	0	0.015	0	7.87478e-007	1382.1	1309.66	1310.29
1309.64	827.179	590	1.#QNAN	0	0.016	0	7.59405e-007	1374.28	1309.64	1310.27
1309.67	827.175	591	1.#QNAN	0	0.016	0	7.55769e-007	1389.68	1309.67	1310.3
1309.72	827.198	592	1.#QNAN	0	0.031	0	7.89595e-007	1421.13	1309.72	1310.34
1309.72	827.221	593	1.#QNAN	0	0.015	0	7.69943e-007	1415.95	1309.72	1310.35
1309.69	827.209	594	1.#QNAN	0	0.016	0	7.59612e-007	1397.2	1309.69	1310.32
1309.63	827.173	595	1.#QNAN	0	0.016	0	7.99784e-007	1356.55	1309.63	1310.26
1309.58	827.145	596	1.#QNAN	0	0.015	0	7.54822e-007	1352.63	1309.58	1310.2
1309.51	827.128	597	1.#QNAN	0	0.016	0	7.63481e-007	1350.54	1309.51	1310.13
1309.49	827.108	598	1.#QNAN	0	0.015	0	7.64852e-007	1381.79	1309.49	1310.11
1309.4	827.102	599	1.#QNAN	0	0.016	0	7.4727e-007	1375.62	1309.4	1310.02
1309.3	827.096	600	1.#QNAN	0	0.015	0	7.9794e-007	1353.2	1309.3	1309.92
1309.21	827.093	601	1.#QNAN	0	0.016	0	7.54489e-007	1360.63	1309.21	1309.82
1309.16	827.086	602	1.#QNAN	0	0.015	0	7.74679e-007	1362.08	1309.16	1309.77
1309.11	827.069	603	1.#QNAN	0	0.016	0	7.56933e-007	1357.55	1309.11	1309.72
1309.07	827.056	604	1.#QNAN	0	0.016	0	7.7843e-007	1356	1309.07	1309.69
1309.03	827.046	605	1.#QNAN	0	0.015	0	7.76606e-007	1350.28	1309.03	1309.64
1308.94	827.017	606	1.#QNAN	0	0.016	0	7.76276e-007	1331.82	1308.94	1309.56
1308.9	826.992	607	1.#QNAN	0	0.015	0	7.64315e-007	1335.36	1308.9	1309.51
1308.85	826.957	608	1.#QNAN	0	0.032	0	7.94369e-007	1344.4	1308.85	1309.46
1308.78	826.938	609	1.#QNAN	0	0.015	0	7.94533e-007	1323.69	1308.78	1309.39
1308.73	826.949	610	1.#QNAN	0	0.016	0	7.80282e-007	1358.43	1308.73	1309.34
1308.67	826.943	611	1.#QNAN	0	0.015	0	8.09842e-007	1334.31	1308.67	1309.27
1308.6	826.941	612	1.#QNAN	0	0.016	0	7.87634e-007	1352.92	1308.6	1309.21
1308.53	826.916	613	1.#QNAN	0	0.016	0	7.66071e-007	1353.13	1308.53	1309.14
1308.5	826.924	614	1.#QNAN	0	0.015	0	7.69475e-007	1365.42	1308.5	1309.1
1308.45	826.919	615	1.#QNAN	0	0.031	0	7.34303e-007	1342.17	1308.45	1309.05
1308.43	826.924	616	1.#QNAN	0	0.016	0	7.81799e-007	1362.44	1308.43	1309.03
1308.38	826.901	617	1.#QNAN	0	0.016	0	7.5751e-007	1341.48	1308.38	1308.98
1308.3	826.874	618	1.#QNAN	0	0.015	0	7.53904e-007	1331.19	1308.3	1308.9
1308.26	826.857	619	1.#QNAN	0	0.016	0	7.60283e-007	1345.4	1308.26	1308.86
1308.22	826.825	620	1.#QNAN	0	0.015	0	7.80498e-007	1366.74	1308.22	1308.82
1308.14	826.795	621	1.#QNAN	0	0.016	0	7.8116e-007	1335.98	1308.14	1308.73
1308.08	826.765	622	1.#QNAN	0	0.016	0	7.966e-007	1343.06	1308.08	1308.68
1308.01	826.751	623	1.#QNAN	0	0.031	0	7.74678e-007	1346.59	1308.01	1308.61
1307.92	826.748	624	1.#QNAN	0	0.015	0	7.76462e-007	1317.64	1307.92	1308.51
1307.83	826.726	625	1.#QNAN	0	0.016	0	8.09304e-007	1313.54	1307.83	1308.42
1307.67	826.676	626	1.#QNAN	0	0.016	0	7.98932e-007	1281.52	1307.67	1308.26
1307.55	826.645	627	1.#QNAN	0	0.015	0	7.71633e-007	1298.46	1307.55	1308.14
1307.42	826.596	628	1.#QNAN	0	0.031	0	7.88637e-007	1305.58	1307.42	1308
1307.29	826.566	629	1.#QNAN	0	0.016	0	7.77206e-007	1311.53	1307.29	1307.87
1307.21	826.545	630	1.#QNAN	0	0.016	1	7.9252e-007	1325.37	1307.21	1307.79
1307.1	826.516	631	1.#QNAN	0	0.015	0	7.9984e-007	1317.14	1307.1	1307.68
1307	826.461	632	1.#QNAN	0	0.016	0	7.85041e-007	1311.92	1307	1307.57
1306.85	826.426	633	1.#QNAN	0	0.015	0	7.71499e-007	1298.9	1306.85	1307.42
1306.69	826.375	634	1.#QNAN	0	0.016	0	7.75369e-007	1303.08	1306.69	1307.26
1306.59	826.338	635	1.#QNAN	0	0.016	0	8.03578e-007	1322.91	1306.59	1307.16
1306.48	826.294	636	1.#QNAN	0	0.031	0	7.84006e-007	1299.39	1306.48	1307.04
1306.36	826.283	637	1.#QNAN	0	0.015	0	7.38954e-007	1311.43	1306.36	1306.92
1306.27	826.283	638	1.#QNAN	0	0.016	0	7.85528e-007	1327.76	1306.27	1306.83
1306.2	826.265	639	1.#QNAN	0	0.016	0	7.68964e-007	1336.51	1306.2	1306.75
1306.13	826.249	640	1.#QNAN	0	0.015	0	7.65645e-007	1336.75	1306.13	1306.69
1306.08	826.236	641	1.#QNAN	0	0.016	0	7.7259e-007	1354.25	1306.08	1306.64
1306.09	826.227	642	1.#QNAN	0	0.015	0	7.69693e-007	1387.22	1306.09	1306.64
1306.04	826.225	643	1.#QNAN	0	0.016	0	8.06965e-007	1357.99	1306.04	1306.6
1306.03	826.234	644	1.#QNAN	0	0.031	0	7.90745e-007	1371.03	1306.03	1306.58
1306	826.215	645	1.#QNAN	0	0.016	0	7.66485e-007	1366.22	1306	1306.56
1305.91	826.189	646	1.#QNAN	0	0.015	0	7.52197e-007	1339.22	1305.91	1306.47
1305.82	826.171	647	1.#QNAN	0	0.016	0	7.86781e-007	1312.66	1305.82	1306.37
1305.68	826.123	648	1.#QNAN	0	0.016	0	7.78537e-007	1305.75	1305.68	1306.23
1305.56	826.098	649	1.#QNAN	0	0.015	0	7.66897e-007	1316.89	1305.56	1306.11
1305.49	826.087	650	1.#QNAN	0	0.016	0	7.76491e-007	1319.3	1305.49	1306.03
1305.41	826.09	651	1.#QNAN	0	0.031	0	7.69514e-007	1321.44	1305.41	1305.95
1305.33	826.073	652	1.#QNAN	0	0.016	0	7.81339e-007	1319.9	1305.33	1305.87
1305.28	826.058	653	1.#QNAN	0	0.015	0	7.90843e-007	1325.78	1305.28	1305.81
1305.2	826.033	654	1.#QNAN	0	0.016	0	7.63312e-007	1321.26	1305.2	1305.74
1305.11	825.992	655	1.#QNAN	0	0.015	0	7.65861e-007	1328.74	1305.11	1305.65
1305.05	825.966	656	1.#QNAN	0	0.016	0	7.59821e-007	1340.3	1305.05	1305.59
1304.97	825.948	657	1.#QNAN	0	0.016	0	7.66091e-007	1334.7	1304.97	1305.51
1304.91	825.921	658	1.#QNAN	0	0.031	0	7.8121e-007	1360.01	1304.91	1305.44
1304.8	825.872	659	1.#QNAN	0	0.015	0	7.65915e-007	1320.44	1304.8	1305.34
1304.74	825.846	660	1.#QNAN	0	0.016	0	7.64907e-007	1352.38	1304.74	1305.27
1304.65	825.821	661	1.#QNAN	0	0.016	0	7.81103e-007	1365.04	1304.65	1305.17
1304.54	825.777	662	1.#QNAN	0	0.015	0	7.45348e-007	1317.3	1304.54	1305.06
1304.46	825.747	663	1.#QNAN	0	0.016	0	7.75891e-007	1341.57	1304.46	1304.98
1304.39	825.723	664	1.#QNAN	0	0.015	0	7.6091e-007	1352.19	1304.39	1304.91
1304.33	825.705	665	1.#QNAN	0	0.032	0	7.92069e-007	1355.28	1304.33	1304.85
1304.27	825.682	666	1.#QNAN	0	0.015	0	7.71863e-007	1351.23	1304.27	1304.8
1304.2	825.661	667	1.#QNAN	0	0.016	0	7.94827e-007	1323.92	1304.2	1304.72
1304.14	825.641	668	1.#QNAN	0	0.015	0	7.76821e-007	1339.16	1304.14	1304.66
1304.12	825.641	669	1.#QNAN	0	0.016	0	7.6889e-007	1378.26	1304.12	1304.64
1304.15	825.665	670	1.#QNAN	0	0.016	0	7.44653e-007	1407.73	1304.15	1304.67
1304.16	825.665	671	1.#QNAN	0	0.015	0	7.65448e-007	1398.03	1304.16	1304.68
1304.19	825.635	672	1.#QNAN	0	0.016	0	7.74941e-007	1390.5	1304.19	1304.7
1304.16	825.64	673	1.#QNAN	0	0.031	0	7.7534e-007	1376.23	1304.16	1304.68
1304.13	825.616	674	1.#QNAN	0	0.016	0	7.58311e-007	1364.31	1304.13	1304.65
1304.09	825.605	675	1.#QNAN	0	0.015	0	7.56819e-007	1358.67	1304.09	1304.61
1304.11	825.613	676	1.#QNAN	0	0.016	0	7.81629e-007	1394.19	1304.11	1304.62
1304.09	825.601	677	1.#QNAN	0	0.015	0	8.03691e-007	1366.34	1304.09	1304.6
1304.02	825.581	678	1.#QNAN	0	0.016	0	7.71604e-007	1354.52	1304.02	1304.53
1303.97	825.569	679	1.#QNAN	0	0.031	0	7.63515e-007	1338.46	1303.97	1304.49
1303.94	825.572	680	1.#QNAN	0	0.016	0	7.82569e-007	1372.31	1303.94	1304.45
1303.8	825.524	681	1.#QNAN	0	0.015	0	7.55923e-007	1279.75	1303.8	1304.31
1303.73	825.521	682	1.#QNAN	0	0.016	0	7.87581e-007	1316.82	1303.73	1304.24
1303.7	825.512	683	1.#QNAN	0	0.016	0	7.62624e-007	1357.61	1303.7	1304.21
1303.68	825.517	684	1.#QNAN	0	0.015	0	7.94949e-007	1382.29	1303.68	1304.19
1303.65	825.517	685	1.#QNAN	0	0.016	0	7.59414e-007	1344.36	1303.65	1304.16
1303.56	825.496	686	1.#QNAN	0	0.031	1	7.95014e-007	1304.88	1303.56	1304.07
1303.48	825.46	687	1.#QNAN	0	0.016	0	7.58816e-007	1323.51	1303.48	1303.99
1303.4	825.444	688	1.#QNAN	0	0.015	0	7.45382e-007	1311.43	1303.4	1303.91
1303.36	825.438	689	1.#QNAN	0	0.016	0	7.8839e-007	1345.05	1303.36	1303.86
1303.26	825.413	690	1.#QNAN	0	0.015	0	7.58928e-007	1322.97	1303.26	1303.77
1303.22	825.395	691	1.#QNAN	0	0.016	0	7.76751e-007	1348.49	1303.22	1303.73
1303.15	825.363	692	1.#QNAN	0	0.016	0	7.71581e-007	1330.09	1303.15	1303.65
1303.08	825.328	693	1.#QNAN	0	0.031	0	7.67358e-007	1315.99	1303.08	1303.58
1303.07	825.32	694	1.#QNAN	0	0.015	0	7.97935e-007	1377.54	1303.07	1303.57
1303.08	825.313	695	1.#QNAN	0	0.016	0	7.59383e-007	1375.67	1303.08	1303.58
1303.07	825.302	696	1.#QNAN	0	0.016	0	7.88551e-007	1372.89	1303.07	1303.58
1303.05	825.264	697	1.#QNAN	0	0.015	0	7.39488e-007	1350.85	1303.05	1303.55
1303.04	825.238	698	1.#QNAN	0	0.016	0	7.83937e-007	1365.34	1303.04	1303.54
1303	825.21	699	1.#QNAN	0	0.015	0	7.69068e-007	1335.02	1303	1303.5
1302.96	825.191	700	1.#QNAN	0	0.032	0	7.80974e-007	1339.8	1302.96	1303.46
1302.96	825.189	701	1.#QNAN	0	0.015	0	7.9084e-007	1364.24	1302.96	1303.47
1302.94	825.183	702	1.#QNAN	0	0.016	0	7.45277e-007	1340	1302.94	1303.44
1302.86	825.143	703	1.#QNAN	0	0.015	0	8.00662e-007	1319.41	1302.86	1303.37
1302.85	825.13	704	1.#QNAN	0	0.016	0	7.8038e-007	1375.1	1302.85	1303.35
1302.79	825.096	705	1.#QNAN	0	0.016	0	7.38952e-007	1334.16	1302.79	1303.29
1302.72	825.051	706	1.#QNAN	0	0.015	0	7.70739e-007	1335.42	1302.72	1303.22
1302.64	825.019	707	1.#QNAN	0	0.016	0	7.73602e-007	1330.01	1302.64	1303.14
1302.61	825	708	1.#QNAN	0	0.031	0	7.53142e-007	1343.42	1302.61	1303.11
1302.56	824.979	709	1.#QNAN	0	0.016	0	7.71132e-007	1346.98	1302.56	1303.07
1302.51	824.954	710	1.#QNAN	0	0.015	0	7.69773e-007	1325.9	1302.51	1303.01
1302.47	824.927	711	1.#QNAN	0	0.016	0	7.88037e-007	1330.73	1302.47	1302.97
1302.48	824.901	712	1.#QNAN	0	0.015	0	7.876e-007	1369.93	1302.48	1302.98
1302.44	824.886	713	1.#QNAN	0	0.016	0	7.82282e-007	1347.8	1302.44	1302.93
1302.37	824.883	714	1.#QNAN	0	0.016	0	7.75737e-007	1324.66	1302.37	1302.86
1302.34	824.896	715	1.#QNAN	0	0.031	0	7.43291e-007	1343.26	1302.34	1302.84
1302.31	824.882	716	1.#QNAN	0	0.015	0	7.47008e-007	1354.75	1302.31	1302.81
1302.25	824.857	717	1.#QNAN	0	0.016	0	7.87202e-007	1331.75	1302.25	1302.75
1302.18	824.852	718	1.#QNAN	0	0.016	0	7.75132e-007	1334.15	1302.18	1302.68
1302.06	824.812	719	1.#QNAN	0	0.015	0	7.53485e-007	1302.82	1302.06	1302.55
1301.94	824.773	720	1.#QNAN	0	0.016	0	7.65512e-007	1305.12	1301.94	1302.44
1301.79	824.742	721	1.#QNAN	0	0.031	0	7.658e-007	1266.23	1301.79	1302.29
1301.67	824.715	722	1.#QNAN	0	0.016	0	7.68364e-007	1277.44	1301.67	1302.16
1301.59	824.69	723	1.#QNAN	0	0.015	0	7.55702e-007	1298.74	1301.59	1302.08
1301.52	824.688	724	1.#QNAN	0	0.016	0	7.65702e-007	1322.01	1301.52	1302.01
1301.43	824.681	725	1.#QNAN	0	0.015	0	7.79732e-007	1313.1	1301.43	1301.92
1301.32	824.646	726	1.#QNAN	0	0.016	0	7.68428e-007	1298.84	1301.32	1301.81
1301.24	824.623	727	1.#QNAN	0	0.016	0	7.68105e-007	1326.04	1301.24	1301.73
1301.16	824.596	728	1.#QNAN	0	0.015	0	7.91524e-007	1312.36	1301.16	1301.65
1301.06	824.564	729	1.#QNAN	0	0.031	0	7.59457e-007	1296.85	1301.06	1301.55
1300.99	824.544	730	1.#QNAN	0	0.016	0	7.71302e-007	1319.07	1300.99	1301.48
1300.95	824.535	731	1.#QNAN	0	0.016	0	7.75648e-007	1341.68	1300.95	1301.44
1300.86	824.498	732	1.#QNAN	0	0.015	0	7.63125e-007	1305.9	1300.86	1301.34
1300.81	824.487	733	1.#QNAN	0	0.016	0	7.59672e-007	1332.75	1300.81	1301.3
1300.78	824.466	734	1.#QNAN	0	0.015	0	7.77063e-007	1340.73	1300.78	1301.26
1300.69	824.449	735	1.#QNAN	0	0.016	0	7.70103e-007	1332.6	1300.69	1301.17
1300.56	824.417	736	1.#QNAN	0	0.016	0	7.62139e-007	1293.87	1300.56	1301.05
1300.48	824.404	737	1.#QNAN	0	0.031	0	7.65067e-007	1320.55	1300.48	1300.96
1300.38	824.395	738	1.#QNAN	0	0.015	0	7.42751e-007	1318.31	1300.38	1300.86
1300.3	824.361	739	1.#QNAN	0	0.016	0	7.63822e-007	1294.22	1300.3	1300.78
1300.19	824.317	740	1.#QNAN	0	0.016	0	7.76425e-007	1299.7	1300.19	1300.67
1300.09	824.284	741	1.#QNAN	0	0.015	0	7.52494e-007	1286.86	1300.09	1300.57
1300.02	824.278	742	1.#QNAN	0	0.016	0	7.69683e-007	1318.91	1300.02	1300.5
1299.91	824.248	743	1.#QNAN	0	0.015	1	7.63109e-007	1296.19	1299.91	1300.39
1299.78	824.206	744	1.#QNAN	0	0.016	0	7.35117e-007	1275.65	1299.78	1300.26
1299.69	824.186	745	1.#QNAN	0	0.031	0	7.66268e-007	1290.92	1299.69	1300.16
1299.62	824.164	746	1.#QNAN	0	0.016	0	7.88294e-007	1315.41	1299.62	1300.09
1299.55	824.162	747	1.#QNAN	0	0.015	0	7.56847e-007	1324.19	1299.55	1300.03
1299.42	824.113	748	1.#QNAN	0	0.016	0	7.53718e-007	1291.95	1299.42	1299.9
1299.36	824.121	749	1.#QNAN	0	0.016	0	7.4116e-007	1338.23	1299.36	1299.84
1299.27	824.085	750	1.#QNAN	0	0.015	0	7.50716e-007	1309.48	1299.27	1299.75
1299.21	824.061	751	1.#QNAN	0	0.016	0	7.558e-007	1332.37	1299.21	1299.68
1299.12	824.029	752	1.#QNAN	0	0.031	0	7.44864e-007	1324.35	1299.12	1299.6
1299.04	823.992	753	1.#QNAN	0	0.016	0	7.78264e-007	1330.52	1299.04	1299.51
1298.96	823.974	754	1.#QNAN	0	0.015	0	7.7587e-007	1316.41	1298.96	1299.43
1298.86	823.966	755	1.#QNAN	0	0.016	0	8.04578e-007	1312.99	1298.86	1299.33
1298.73	823.931	756	1.#QNAN	0	0.015	0	7.71711e-007	1281.11	1298.73	1299.2
1298.61	823.892	757	1.#QNAN	0	0.016	0	7.53167e-007	1300.92	1298.61	1299.08
1298.5	823.871	758	1.#QNAN	0	0.016	0	7.56495e-007	1291.25	1298.5	1298.97
1298.41	823.857	759	1.#QNAN	0	0.015	0	7.93732e-007	1319.3	1298.41	1298.87
1298.24	823.808	760	1.#QNAN	0	0.031	0	7.95179e-007	1273.38	1298.24	1298.71
1298.08	823.765	761	1.#QNAN	0	0.016	0	7.58382e-007	1260.8	1298.08	1298.54
1297.98	823.731	762	1.#QNAN	0	0.016	0	7.85286e-007	1313.46	1297.98	1298.44
1297.9	823.707	763	1.#QNAN	0	0.015	0	7.74041e-007	1319.81	1297.9	1298.35
1297.83	823.69	764	1.#QNAN	0	0.016	0	7.51905e-007	1387.92	1297.83	1298.29
1297.73	823.654	765	1.#QNAN	0	0.015	0	7.99147e-007	1311.52	1297.73	1298.18
1297.59	823.607	766	1.#QNAN	0	0.016	0	7.93259e-007	1284.28	1297.59	1298.05
1297.54	823.557	767	1.#QNAN	0	0.016	0	7.74073e-007	1328.89	1297.54	1297.99
1297.44	823.506	768	1.#QNAN	0	0.031	0	7.59256e-007	1308.49	1297.44	1297.9
1297.33	823.454	769	1.#QNAN	0	0.015	0	7.83839e-007	1290.2	1297.33	1297.78
1297.24	823.425	770	1.#QNAN	0	0.016	0	7.94627e-007	1332.65	1297.24	1297.69
1297.14	823.385	771	1.#QNAN	0	0.016	0	7.8961e-007	1329.47	1297.14	1297.59
1297.01	823.337	772	1.#QNAN	0	0.015	0	7.73525e-007	1319.43	1297.01	1297.47
1296.93	823.316	773	1.#QNAN	0	0.016	0	8.08868e-007	1328.92	1296.93	1297.38
1296.85	823.306	774	1.#QNAN	0	0.031	0	7.84063e-007	1342.56	1296.85	1297.3
1296.75	823.264	775	1.#QNAN	0	0.016	0	7.54869e-007	1312.5	1296.75	1297.2
1296.74	823.248	776	1.#QNAN	0	0.015	0	8.03891e-007	1385.52	1296.74	1297.19
1296.75	823.243	777	1.#QNAN	0	0.016	0	7.95726e-007	1415.46	1296.75	1297.2
1296.75	823.244	778	1.#QNAN	0	0.015	0	7.89311e-007	1393.84	1296.75	1297.2
1296.68	823.229	779	1.#QNAN	0	0.016	0	7.83024e-007	1320.22	1296.68	1297.13
1296.6	823.212	780	1.#QNAN	0	0.016	0	7.99017e-007	1339.7	1296.6	1297.05
1296.57	823.191	781	1.#QNAN	0	0.015	0	7.69867e-007	1362.46	1296.57	1297.02
1296.53	823.175	782	1.#QNAN	0	0.015	0	7.64119e-007	1354.23	1296.53	1296.98
1296.47	823.159	783	1.#QNAN	0	0.016	0	7.90021e-007	1335.34	1296.47	1296.92
1296.43	823.145	784	1.#QNAN	0	0.016	0	7.4483e-007	1361.68	1296.43	1296.88
1296.38	823.114	785	1.#QNAN	0	0.015	0	7.9044e-007	1383.81	1296.38	1296.83
1296.34	823.096	786	1.#QNAN	0	0.016	0	7.65739e-007	1385.36	1296.34	1296.79
1296.31	823.091	787	1.#QNAN	0	0.015	0	8.14007e-007	1368.12	1296.31	1296.76
1296.26	823.064	788	1.#QNAN	0	0.016	0	7.57178e-007	1342.75	1296.26	1296.71
1296.24	823.06	789	1.#QNAN	0	0.031	0	7.66117e-007	1381.6	1296.24	1296.69
1296.19	823.029	790	1.#QNAN	0	0.016	0	7.55486e-007	1363.27	1296.19	1296.64
1296.18	823.017	791	1.#QNAN	0	0.015	0	7.7384e-007	1387.41	1296.18	1296.63
1296.2	823.029	792	1.#QNAN	0	0.016	0	7.9388e-007	1411.46	1296.2	1296.66
1296.18	823.019	793	1.#QNAN	0	0.016	0	7.79462e-007	1353.85	1296.18	1296.63
1296.17	823.024	794	1.#QNAN	0	0.015	0	7.86549e-007	1380.64	1296.17	1296.63
1296.15	823.025	795	1.#QNAN	0	0.016	0	7.53666e-007	1380.04	1296.15	1296.61
1296.11	823.005	796	1.#QNAN	0	0.015	0	7.66851e-007	1352.24	1296.11	1296.56
1296.1	823.006	797	1.#QNAN	0	0.032	0	7.79816e-007	1389.65	1296.1	1296.56
1296.08	823.001	798	1.#QNAN	0	0.015	0	7.90098e-007	1347.82	1296.08	1296.53
1296.07	823.008	799	1.#QNAN	0	0.016	1	7.61599e-007	1389.34	1296.07	1296.53
