rmse	mae	#iter	time_pred	time_learn	time_learn2	time_learn4	alpha	rmse_mcmc_this	rmse_mcmc_all	rmse_mcmc_all_but5
5424.06	4402.85	0	1.#QNAN	0	0.016	0	1.40127e-009	5424.06	5424.06	3999.82
4874.79	3921.08	1	1.#QNAN	0	0.016	0	2.52363e-008	4574.23	4874.79	3999.82
4678.9	3757.43	2	1.#QNAN	0	0.015	0	3.39892e-008	4409.47	4678.9	3999.82
4528.91	3637.51	3	1.#QNAN	0	0.016	0	3.80167e-008	4170.23	4528.91	3999.82
4399.93	3531.2	4	1.#QNAN	0	0	0	4.26832e-008	3960.02	4399.93	37739.9
4299.65	3449.2	5	1.#QNAN	0	0.015	0	4.73863e-008	3859.02	4299.65	3859.02
4185.99	3360.58	6	1.#QNAN	0	0.016	0	5.1703e-008	3565.43	4185.99	3691.53
4076.24	3277.16	7	1.#QNAN	0	0.016	0	5.78752e-008	3403.97	4076.24	3578.72
3950.9	3180.21	8	1.#QNAN	0	0.015	0	6.73884e-008	3107.47	3950.9	3439.36
3818.74	3078.97	9	1.#QNAN	0	0.016	0	8.45718e-008	2876.11	3818.74	3297.35
3675.89	2967.02	10	1.#QNAN	0	0.015	0	1.00431e-007	2677.82	3675.89	3148.99
3535.7	2854.11	11	1.#QNAN	0	0	0	1.26756e-007	2488.99	3535.7	3010.76
3405.32	2745.02	12	1.#QNAN	0	0.016	0	1.47338e-007	2449.9	3405.32	2892.93
3286.44	2643.54	13	1.#QNAN	0	0.016	0	1.68751e-007	2318.61	3286.44	2790.8
3180.52	2551.63	14	1.#QNAN	0	0.015	0	1.8747e-007	2314.3	3180.52	2707.54
3085.59	2468.44	15	1.#QNAN	0	0.016	0	1.97821e-007	2321.09	3085.59	2637.55
3002.17	2394.76	16	1.#QNAN	0	0.015	0	2.01851e-007	2278.4	3002.17	2579.69
2929.26	2330.16	17	1.#QNAN	0	0	0	2.12556e-007	2299.16	2929.26	2533.02
2862.66	2271.39	18	1.#QNAN	0	0.016	0	2.23958e-007	2280.45	2862.66	2491.56
2803.92	2218.86	19	1.#QNAN	0	0.016	0	2.34607e-007	2205.06	2803.92	2455.36
2748.44	2170.32	20	1.#QNAN	0	0.015	0	2.35424e-007	2163.2	2748.44	2420.12
2699.01	2126.79	21	1.#QNAN	0	0.016	0	2.47563e-007	2169.07	2699.01	2390.43
2653.13	2085.28	22	1.#QNAN	0	0.015	0	2.64902e-007	2157.71	2653.13	2362.69
2610.54	2046.33	23	1.#QNAN	0	0.016	0	2.73356e-007	2119.87	2610.54	2336.76
2570.52	2010.11	24	1.#QNAN	0	0	0	2.64023e-007	2077.81	2570.52	2312.09
2534.06	1977.32	25	1.#QNAN	0	0.016	0	2.80781e-007	2061.19	2534.06	2289.48
2499.84	1945.72	26	1.#QNAN	0	0.015	0	2.91014e-007	2004.6	2499.84	2267.39
2467.44	1915.66	27	1.#QNAN	0	0.016	0	3.05333e-007	1984.62	2467.44	2246.32
2437.95	1887.87	28	1.#QNAN	0	0.015	0	3.08985e-007	1980.56	2437.95	2227.19
2410.07	1861.91	29	1.#QNAN	0	0.016	0	3.14439e-007	1955.75	2410.07	2209.16
2384.38	1837.82	30	1.#QNAN	0	0.016	0	3.18782e-007	1966.23	2384.38	2192.94
2358.69	1813.69	31	1.#QNAN	0	0.015	0	3.4095e-007	1889.68	2358.69	2175.39
2336.01	1792.23	32	1.#QNAN	0	0.016	0	3.34295e-007	1922.19	2336.01	2160.61
2313.86	1771.45	33	1.#QNAN	0	0.015	0	3.44259e-007	1916.68	2313.86	2145.71
2292.89	1751.54	34	1.#QNAN	0	0.016	0	3.43388e-007	1878.1	2292.89	2131.24
2273.2	1732.88	35	1.#QNAN	0	0.016	0	3.53333e-007	1901.86	2273.2	2118.29
2254.22	1714.25	36	1.#QNAN	0	0	0	3.61394e-007	1881.34	2254.22	2105.72
2235.66	1696.08	37	1.#QNAN	0	0	0	3.77102e-007	1851.81	2235.66	2092.87
2219.12	1680.08	38	1.#QNAN	0	0.016	0	3.81541e-007	1885.73	2219.12	2081.87
2202.4	1664.28	39	1.#QNAN	0	0.015	0	3.93235e-007	1830	2202.4	2070.33
2186.12	1648.89	40	1.#QNAN	0	0.016	0	3.89052e-007	1797.13	2186.12	2058.74
2170.84	1633.79	41	1.#QNAN	0	0.016	0	4.02184e-007	1802.83	2170.84	2048.1
2156.36	1619.66	42	1.#QNAN	0	0.015	0	4.09253e-007	1802.99	2156.36	2038.02
2142.23	1605.99	43	1.#QNAN	0	0	0	3.99403e-007	1784.84	2142.23	2027.99
2129.11	1593.21	44	1.#QNAN	0	0.016	0	4.10619e-007	1779.1	2129.11	2018.56
2115.66	1580.31	45	1.#QNAN	0	0.015	0	4.11297e-007	1762.01	2115.66	2008.74
2103.06	1568.15	46	1.#QNAN	0	0.016	0	4.41472e-007	1777.06	2103.06	1999.66
2091.22	1556.74	47	1.#QNAN	0	0.016	0	4.25422e-007	1783.52	2091.22	1991.11
2079.81	1545.61	48	1.#QNAN	0	0.015	0	4.25203e-007	1757.12	2079.81	1982.9
2068.66	1534.94	49	1.#QNAN	0	0	0	4.40341e-007	1755.07	2068.66	1974.81
2057.71	1524.47	50	1.#QNAN	0	0.016	0	4.47917e-007	1758.41	2057.71	1966.67
2046.81	1514.25	51	1.#QNAN	0	0.015	1	4.52951e-007	1725.15	2046.81	1958.43
2036.71	1504.42	52	1.#QNAN	0	0.016	0	4.78656e-007	1761.67	2036.71	1951.06
2026.78	1494.97	53	1.#QNAN	0	0.016	0	4.86196e-007	1748.21	2026.78	1943.71
2017.08	1485.72	54	1.#QNAN	0	0.015	0	4.97199e-007	1744.15	2017.08	1936.46
2007.57	1476.63	55	1.#QNAN	0	0	0	4.77153e-007	1727.13	2007.57	1929.28
1998.39	1467.91	56	1.#QNAN	0	0.016	0	4.70844e-007	1715.72	1998.39	1922.25
1989.79	1459.79	57	1.#QNAN	0	0.015	0	4.85797e-007	1716.33	1989.79	1915.82
1981.2	1451.82	58	1.#QNAN	0	0.016	0	4.74296e-007	1707.46	1981.2	1909.4
1972.53	1443.53	59	1.#QNAN	0	0.016	0	4.86426e-007	1682.86	1972.53	1902.71
1964.38	1435.92	60	1.#QNAN	0	0.015	0	5.08338e-007	1689.28	1964.38	1896.42
1956.28	1428.34	61	1.#QNAN	0	0.016	0	5.00187e-007	1683.02	1956.28	1890.14
1948.76	1421.18	62	1.#QNAN	0	0	0	5.19619e-007	1683.79	1948.76	1884.4
1941.79	1414.17	63	1.#QNAN	0	0.015	0	5.12496e-007	1692.47	1941.79	1879.17
1934.87	1406.96	64	1.#QNAN	0	0.016	0	5.11773e-007	1706.78	1934.87	1874.01
1928.05	1400.24	65	1.#QNAN	0	0.016	0	5.2953e-007	1707.31	1928.05	1868.82
1921.51	1393.71	66	1.#QNAN	0	0.015	0	5.1354e-007	1702.43	1921.51	1863.9
1914.68	1386.96	67	1.#QNAN	0	0.016	0	5.19749e-007	1656.69	1914.68	1858.57
1908.5	1380.93	68	1.#QNAN	0	0	0	5.50958e-007	1671.28	1908.5	1853.85
1901.64	1374.32	69	1.#QNAN	0	0.015	0	5.36137e-007	1611.82	1901.64	1848.27
1895.16	1368.26	70	1.#QNAN	0	0.016	0	5.77952e-007	1637.64	1895.16	1843.07
1888.5	1362.19	71	1.#QNAN	0	0.016	0	5.47459e-007	1596.45	1888.5	1837.57
1881.67	1355.91	72	1.#QNAN	0	0.015	0	5.84115e-007	1573.82	1881.67	1831.77
1875.37	1350.01	73	1.#QNAN	0	0.016	0	5.52488e-007	1609.6	1875.37	1826.64
1869.28	1344.13	74	1.#QNAN	0	0.015	0	5.59907e-007	1615.08	1869.28	1821.77
1863.38	1338.37	75	1.#QNAN	0	0	0	5.89774e-007	1631.65	1863.38	1817.1
1857.48	1332.63	76	1.#QNAN	0	0.016	0	5.73906e-007	1606.52	1857.48	1812.36
1851.94	1327.34	77	1.#QNAN	0	0.016	0	5.94849e-007	1614.94	1851.94	1807.89
1846.15	1321.98	78	1.#QNAN	0	0.015	0	5.80333e-007	1575.96	1846.15	1803.05
1840.49	1316.78	79	1.#QNAN	0	0.016	0	5.95618e-007	1590.39	1840.49	1798.34
1834.74	1311.4	80	1.#QNAN	0	0.015	0	5.81694e-007	1579.91	1834.74	1793.49
1829.4	1306.36	81	1.#QNAN	0	0	0	5.81913e-007	1597.35	1829.4	1789.05
1824.13	1301.36	82	1.#QNAN	0	0.016	0	5.95941e-007	1581.18	1824.13	1784.67
1818.59	1296.25	83	1.#QNAN	0	0.016	0	5.80443e-007	1576.82	1818.59	1779.92
1813.67	1291.41	84	1.#QNAN	0	0.015	0	5.67315e-007	1610.25	1813.67	1775.89
1808.89	1286.72	85	1.#QNAN	0	0.016	0	5.87789e-007	1589.01	1808.89	1771.93
1804.13	1282.05	86	1.#QNAN	0	0.015	0	5.77661e-007	1597.43	1804.13	1768.01
1799.75	1277.66	87	1.#QNAN	0	0.016	0	5.99532e-007	1629.66	1799.75	1764.47
1795.13	1273.04	88	1.#QNAN	0	0.016	0	5.79913e-007	1621.41	1795.13	1760.68
1790.64	1268.59	89	1.#QNAN	0	0	0	6.12725e-007	1587.84	1790.64	1756.94
1786.53	1264.27	90	1.#QNAN	0	0.015	0	6.04386e-007	1625.79	1786.53	1753.64
1782.17	1259.91	91	1.#QNAN	0	0.016	0	5.86814e-007	1597.25	1782.17	1750
1778.06	1255.77	92	1.#QNAN	0	0.015	0	5.94286e-007	1603.82	1778.06	1746.62
1774.04	1251.63	93	1.#QNAN	0	0.016	0	6.3679e-007	1594.16	1774.04	1743.35
1769.76	1247.37	94	1.#QNAN	0	0.016	0	6.26051e-007	1562.12	1769.76	1739.73
1765.65	1243.45	95	1.#QNAN	0	0.015	0	6.44541e-007	1568.74	1765.65	1736.28
1761.57	1239.36	96	1.#QNAN	0	0	0	6.30977e-007	1569.47	1761.57	1732.88
1757.67	1235.46	97	1.#QNAN	0	0.016	0	6.32863e-007	1570.98	1757.67	1729.63
1753.89	1231.65	98	1.#QNAN	0	0.015	0	6.22335e-007	1583.6	1753.89	1726.48
1750.12	1227.8	99	1.#QNAN	0	0.016	0	6.47587e-007	1583.48	1750.12	1723.32
1746.44	1224.06	100	1.#QNAN	0	0.016	0	6.21071e-007	1571.64	1746.44	1720.24
1742.63	1220.36	101	1.#QNAN	0	0.015	0	6.30336e-007	1549.26	1742.63	1716.99
1739.1	1216.82	102	1.#QNAN	0	0.016	0	6.11728e-007	1569.32	1739.1	1714.02
1735.76	1213.44	103	1.#QNAN	0	0.015	0	6.30938e-007	1580.94	1735.76	1711.21
1732.29	1209.97	104	1.#QNAN	0	0	0	6.51031e-007	1552.33	1732.29	1708.25
1728.91	1206.55	105	1.#QNAN	0	0.016	0	6.17093e-007	1568.99	1728.91	1705.37
1725.47	1203.05	106	1.#QNAN	0	0.016	0	6.53178e-007	1535.04	1725.47	1702.39
1721.91	1199.57	107	1.#QNAN	0	0.015	0	6.55791e-007	1521.24	1721.91	1699.26
1718.53	1196.25	108	1.#QNAN	0	0.016	0	6.28376e-007	1552.5	1718.53	1696.3
1715.31	1193.08	109	1.#QNAN	0	0.015	0	6.46668e-007	1537.35	1715.31	1693.49
1712.08	1189.77	110	1.#QNAN	0	0	0	6.53194e-007	1531.53	1712.08	1690.68
1708.6	1186.42	111	1.#QNAN	0	0.016	0	6.47355e-007	1501.32	1708.6	1687.55
1705.01	1183.17	112	1.#QNAN	0	0.016	0	6.61869e-007	1494.91	1705.01	1684.3
1701.3	1180.03	113	1.#QNAN	0	0.015	0	6.4882e-007	1460.52	1701.3	1680.85
1697.69	1176.84	114	1.#QNAN	0	0.016	0	6.67928e-007	1452.02	1697.69	1677.54
1693.97	1173.67	115	1.#QNAN	0	0.015	0	6.6525e-007	1432.11	1693.97	1674.07
1690.34	1170.49	116	1.#QNAN	0	0.016	0	6.53588e-007	1455.23	1690.34	1670.69
1686.75	1167.42	117	1.#QNAN	0	0.016	0	6.60335e-007	1427.57	1686.75	1667.32
1683.19	1164.26	118	1.#QNAN	0	0	0	6.48914e-007	1438.28	1683.19	1664
1679.73	1161.24	119	1.#QNAN	0	0.015	0	6.73108e-007	1448.09	1679.73	1660.79
1676.33	1158.37	120	1.#QNAN	0	0.016	0	6.65759e-007	1434.97	1676.33	1657.61
1672.94	1155.49	121	1.#QNAN	0	0.015	0	6.68303e-007	1437.59	1672.94	1654.47
1669.76	1152.65	122	1.#QNAN	0	0.016	0	6.23022e-007	1452.31	1669.76	1651.55
1666.74	1150.01	123	1.#QNAN	0	0.016	0	6.4671e-007	1472.49	1666.74	1648.77
1663.66	1147.22	124	1.#QNAN	0	0	0	6.61845e-007	1472.99	1663.66	1645.92
1660.58	1144.5	125	1.#QNAN	0	0.015	0	6.78735e-007	1458.92	1660.58	1643.08
1657.64	1141.88	126	1.#QNAN	0	0.016	1	6.87499e-007	1468.55	1657.64	1640.39
1654.89	1139.41	127	1.#QNAN	0	0.015	0	6.82088e-007	1486.03	1654.89	1637.89
1652.21	1137.01	128	1.#QNAN	0	0.016	0	6.61167e-007	1487.77	1652.21	1635.47
1649.62	1134.55	129	1.#QNAN	0	0.016	0	6.74267e-007	1497.66	1649.62	1633.16
1647.4	1132.26	130	1.#QNAN	0	0	0	6.7515e-007	1532.03	1647.4	1631.23
1645.13	1130.04	131	1.#QNAN	0	0	0	6.81301e-007	1512.97	1645.13	1629.22
1642.8	1127.75	132	1.#QNAN	0	0.016	0	6.9025e-007	1511.51	1642.8	1627.19
1640.21	1125.24	133	1.#QNAN	0	0.015	0	6.99486e-007	1493.72	1640.21	1624.89
1637.79	1122.99	134	1.#QNAN	0	0.016	0	6.88767e-007	1502.43	1637.79	1622.75
1635.3	1120.77	135	1.#QNAN	0	0.016	0	7.07265e-007	1516.38	1635.3	1620.5
1632.89	1118.49	136	1.#QNAN	0	0.015	0	6.74695e-007	1494.32	1632.89	1618.35
1630.39	1116.18	137	1.#QNAN	0	0	0	7.06876e-007	1492.5	1630.39	1616.09
1628.02	1113.96	138	1.#QNAN	0	0.016	0	6.89743e-007	1496.38	1628.02	1613.94
1625.6	1111.77	139	1.#QNAN	0	0.015	0	6.8275e-007	1476.55	1625.6	1611.75
1623.26	1109.59	140	1.#QNAN	0	0.016	0	6.81106e-007	1474.6	1623.26	1609.63
1620.95	1107.42	141	1.#QNAN	0	0.016	0	6.64123e-007	1476.44	1620.95	1607.53
1618.6	1105.24	142	1.#QNAN	0	0.015	0	6.86674e-007	1457.35	1618.6	1605.39
1616.45	1103.28	143	1.#QNAN	0	0.016	0	6.67028e-007	1478.57	1616.45	1603.45
1614.22	1101.3	144	1.#QNAN	0	0	0	6.93879e-007	1458.99	1614.22	1601.42
1611.95	1099.32	145	1.#QNAN	0	0.015	0	7.14407e-007	1450.34	1611.95	1599.34
1609.61	1097.42	146	1.#QNAN	0	0.016	0	6.95087e-007	1433.11	1609.61	1597.14
1607.4	1095.45	147	1.#QNAN	0	0.016	0	6.91861e-007	1452.95	1607.4	1595.11
1605.15	1093.53	148	1.#QNAN	0	0.015	0	6.86107e-007	1447.87	1605.15	1593.04
1603.03	1091.68	149	1.#QNAN	0	0.016	0	6.76629e-007	1463.37	1603.03	1591.1
1600.95	1089.83	150	1.#QNAN	0	0	0	7.07583e-007	1457.63	1600.95	1589.21
1598.88	1088.05	151	1.#QNAN	0	0.015	0	7.17781e-007	1470.88	1598.88	1587.32
1596.86	1086.22	152	1.#QNAN	0	0.016	0	6.81988e-007	1482.61	1596.86	1585.48
1594.95	1084.48	153	1.#QNAN	0	0.016	0	6.76754e-007	1509.89	1594.95	1583.76
1593.05	1082.8	154	1.#QNAN	0	0.015	0	6.83101e-007	1516.42	1593.05	1582.05
1591.12	1081.03	155	1.#QNAN	0	0.016	0	7.09874e-007	1512.44	1591.12	1580.33
1589.23	1079.28	156	1.#QNAN	0	0.015	0	6.86723e-007	1507.01	1589.23	1578.63
1587.33	1077.64	157	1.#QNAN	0	0	0	7.01301e-007	1487.97	1587.33	1576.9
1585.56	1075.96	158	1.#QNAN	0	0.016	0	7.15114e-007	1508.68	1585.56	1575.33
1583.85	1074.34	159	1.#QNAN	0	0.016	0	6.90027e-007	1518.14	1583.85	1573.79
1581.97	1072.59	160	1.#QNAN	0	0.015	0	7.12075e-007	1494.27	1581.97	1572.07
1580.2	1070.92	161	1.#QNAN	0	0.016	0	7.17139e-007	1499.06	1580.2	1570.48
1578.46	1069.22	162	1.#QNAN	0	0.015	0	7.24973e-007	1495.66	1578.46	1568.91
1576.82	1067.54	163	1.#QNAN	0	0	0	7.01076e-007	1507.54	1576.82	1567.45
1575.23	1065.95	164	1.#QNAN	0	0.016	0	7.1244e-007	1508.85	1575.23	1566.02
1573.68	1064.46	165	1.#QNAN	0	0.016	0	7.07118e-007	1492.79	1573.68	1564.62
1572.15	1062.98	166	1.#QNAN	0	0.015	0	7.07213e-007	1509.94	1572.15	1563.25
1570.61	1061.58	167	1.#QNAN	0	0.016	0	7.03243e-007	1479.78	1570.61	1561.85
1569.02	1060.1	168	1.#QNAN	0	0.015	0	7.0314e-007	1481.98	1569.02	1560.4
1567.27	1058.7	169	1.#QNAN	0	0.016	0	7.23706e-007	1474.6	1567.27	1558.76
1565.6	1057.36	170	1.#QNAN	0	0	0	7.25823e-007	1465.83	1565.6	1557.21
1563.75	1055.93	171	1.#QNAN	0	0.016	0	7.50946e-007	1439.36	1563.75	1555.46
1562.08	1054.6	172	1.#QNAN	0	0.015	0	7.08465e-007	1462.89	1562.08	1553.89
1560.36	1053.24	173	1.#QNAN	0	0.016	0	7.00263e-007	1457.74	1560.36	1552.28
1558.49	1051.83	174	1.#QNAN	0	0.015	0	7.28809e-007	1437.2	1558.49	1550.49
1556.75	1050.49	175	1.#QNAN	0	0.016	0	7.20112e-007	1447.46	1556.75	1548.85
1554.98	1049.12	176	1.#QNAN	0	0	0	7.00771e-007	1438.16	1554.98	1547.19
1553.34	1047.81	177	1.#QNAN	0	0.016	0	7.28074e-007	1440.05	1553.34	1545.65
1551.72	1046.61	178	1.#QNAN	0	0.015	0	7.28716e-007	1455.36	1551.72	1544.12
1550.27	1045.42	179	1.#QNAN	0	0.016	0	7.10834e-007	1484.91	1550.27	1542.77
1548.7	1044.18	180	1.#QNAN	0	0.015	0	7.03758e-007	1480.7	1548.7	1541.3
1547.15	1042.88	181	1.#QNAN	0	0.016	0	7.21218e-007	1476.45	1547.15	1539.84
1545.58	1041.58	182	1.#QNAN	0	0.016	0	7.27092e-007	1452.78	1545.58	1538.36
1543.97	1040.33	183	1.#QNAN	0	0	0	6.94683e-007	1436.57	1543.97	1536.83
1542.22	1038.97	184	1.#QNAN	0	0.015	0	7.35389e-007	1424.72	1542.22	1535.15
1540.55	1037.68	185	1.#QNAN	0	0.016	0	7.1951e-007	1444.35	1540.55	1533.57
1538.99	1036.35	186	1.#QNAN	0	0.015	0	7.16511e-007	1467.63	1538.99	1532.1
1537.36	1035.16	187	1.#QNAN	0	0.016	0	7.27896e-007	1454.88	1537.36	1530.53
1535.73	1033.96	188	1.#QNAN	0	0.016	0	7.30504e-007	1467.22	1535.73	1528.97
1534.13	1032.73	189	1.#QNAN	0	0.015	0	7.26721e-007	1473.11	1534.13	1527.44
1532.55	1031.4	190	1.#QNAN	0	0	0	7.40881e-007	1457.13	1532.55	1525.94
1530.81	1030.15	191	1.#QNAN	0	0	0	6.92281e-007	1442.18	1530.81	1524.27
1529.32	1028.92	192	1.#QNAN	0	0.015	0	7.269e-007	1492.77	1529.32	1522.85
1527.97	1027.78	193	1.#QNAN	0	0.016	0	7.56042e-007	1512.59	1527.97	1521.6
1526.54	1026.64	194	1.#QNAN	0	0.016	0	7.53023e-007	1480.55	1526.54	1520.26
1525.36	1025.56	195	1.#QNAN	0	0.015	0	7.24242e-007	1526.74	1525.36	1519.18
1524.21	1024.42	196	1.#QNAN	0	0.016	0	7.37041e-007	1509.8	1524.21	1518.13
1522.79	1023.25	197	1.#QNAN	0	0	0	7.20919e-007	1452.47	1522.79	1516.78
1521.55	1022.18	198	1.#QNAN	0	0.015	0	7.28051e-007	1477.18	1521.55	1515.63
1520.27	1021.03	199	1.#QNAN	0	0.016	0	7.35889e-007	1482.36	1520.27	1514.45
1518.89	1019.95	200	1.#QNAN	0	0.016	0	7.38182e-007	1450.69	1518.89	1513.14
1517.52	1018.79	201	1.#QNAN	0	0.015	1	7.54478e-007	1450.74	1517.52	1511.85
1516.25	1017.63	202	1.#QNAN	0	0.016	0	7.00091e-007	1497.6	1516.25	1510.68
1514.96	1016.56	203	1.#QNAN	0	0	0	7.20853e-007	1468.32	1514.96	1509.47
1513.43	1015.37	204	1.#QNAN	0	0.015	0	7.31955e-007	1448.18	1513.43	1508.01
1512.05	1014.24	205	1.#QNAN	0	0.016	0	7.20454e-007	1453.4	1512.05	1506.72
1510.55	1013.12	206	1.#QNAN	0	0.016	0	7.32129e-007	1407.43	1510.55	1505.28
1508.98	1011.92	207	1.#QNAN	0	0.015	0	7.32504e-007	1380.61	1508.98	1503.77
1507.36	1010.78	208	1.#QNAN	0	0.016	0	7.47531e-007	1384.77	1507.36	1502.22
1505.88	1009.7	209	1.#QNAN	0	0.015	0	7.12371e-007	1407.57	1505.88	1500.8
1504.42	1008.56	210	1.#QNAN	0	0	0	7.23488e-007	1388.84	1504.42	1499.4
1503	1007.49	211	1.#QNAN	0	0.016	0	7.01688e-007	1377.9	1503	1498.04
1501.66	1006.48	212	1.#QNAN	0	0.016	0	6.97317e-007	1395.69	1501.66	1496.77
1500.41	1005.47	213	1.#QNAN	0	0.015	0	7.16355e-007	1411.27	1500.41	1495.58
1499.07	1004.46	214	1.#QNAN	0	0.016	0	7.22335e-007	1388.25	1499.07	1494.3
1498	1003.57	215	1.#QNAN	0	0.015	0	7.4033e-007	1459.09	1498	1493.3
1496.8	1002.58	216	1.#QNAN	0	0	0	7.27365e-007	1428.42	1496.8	1492.16
1495.71	1001.59	217	1.#QNAN	0	0.016	0	7.40462e-007	1430.6	1495.71	1491.14
1494.51	1000.62	218	1.#QNAN	0	0.016	0	7.53968e-007	1413.94	1494.51	1490
1493.32	999.618	219	1.#QNAN	0	0.015	0	7.19537e-007	1414.09	1493.32	1488.88
1492.04	998.619	220	1.#QNAN	0	0.016	0	7.40004e-007	1391.73	1492.04	1487.65
1490.79	997.614	221	1.#QNAN	0	0.015	0	7.5245e-007	1405.02	1490.79	1486.47
1489.45	996.602	222	1.#QNAN	0	0	0	7.39399e-007	1394.51	1489.45	1485.17
1487.98	995.559	223	1.#QNAN	0	0.016	0	7.51767e-007	1379.66	1487.98	1483.74
1486.67	994.61	224	1.#QNAN	0	0.016	0	7.30514e-007	1399.49	1486.67	1482.46
1485.39	993.686	225	1.#QNAN	0	0.015	0	7.34589e-007	1379.33	1485.39	1481.23
1484.12	992.694	226	1.#QNAN	0	0.016	0	7.30326e-007	1402.34	1484.12	1480
1483	991.784	227	1.#QNAN	0	0.015	0	7.36804e-007	1425.38	1483	1478.93
1481.85	990.83	228	1.#QNAN	0	0.016	0	7.44413e-007	1436.16	1481.85	1477.83
1480.57	989.858	229	1.#QNAN	0	0.015	0	7.42199e-007	1398.69	1480.57	1476.6
1479.23	988.877	230	1.#QNAN	0	0.016	0	7.39664e-007	1413.28	1479.23	1475.28
1478.05	987.957	231	1.#QNAN	0	0.015	0	7.40832e-007	1412.22	1478.05	1474.15
1476.81	987.096	232	1.#QNAN	0	0.016	0	7.30858e-007	1391.65	1476.81	1472.93
1475.73	986.204	233	1.#QNAN	0	0	0	7.30785e-007	1433.02	1475.73	1471.89
1474.58	985.27	234	1.#QNAN	0	0.016	0	7.58875e-007	1416.61	1474.58	1470.78
1473.6	984.386	235	1.#QNAN	0	0.015	0	7.45839e-007	1439.23	1473.6	1469.87
1472.63	983.572	236	1.#QNAN	0	0.016	0	7.33615e-007	1457.51	1472.63	1468.96
1471.69	982.732	237	1.#QNAN	0	0.015	0	7.18761e-007	1444.98	1471.69	1468.07
1470.73	981.957	238	1.#QNAN	0	0.016	0	7.22987e-007	1454.2	1470.73	1467.17
1469.6	981.085	239	1.#QNAN	0	0.016	0	7.47543e-007	1407.74	1469.6	1466.08
1468.43	980.208	240	1.#QNAN	0	0	0	7.45479e-007	1389.2	1468.43	1464.95
1467.24	979.387	241	1.#QNAN	0	0.015	0	7.16004e-007	1376.32	1467.24	1463.78
1466.02	978.538	242	1.#QNAN	0	0.016	0	7.14381e-007	1388.34	1466.02	1462.6
1464.61	977.552	243	1.#QNAN	0	0.015	0	7.44405e-007	1336.28	1464.61	1461.21
1463.32	976.597	244	1.#QNAN	0	0.016	0	7.49877e-007	1377.11	1463.32	1459.97
1462.09	975.7	245	1.#QNAN	0	0.016	0	7.119e-007	1378.57	1462.09	1458.77
1460.96	974.905	246	1.#QNAN	0	0	0	7.46184e-007	1395.74	1460.96	1457.68
1459.7	974.074	247	1.#QNAN	0	0.015	0	7.53076e-007	1383.61	1459.7	1456.44
1458.49	973.294	248	1.#QNAN	0	0.016	0	7.34166e-007	1411.23	1458.49	1455.25
1457.2	972.441	249	1.#QNAN	0	0.015	0	7.4709e-007	1371.59	1457.2	1453.98
1455.97	971.62	250	1.#QNAN	0	0.016	0	7.43733e-007	1426.42	1455.97	1452.78
1454.58	970.786	251	1.#QNAN	0	0.016	0	7.63009e-007	1413.88	1454.58	1451.39
1453.21	969.891	252	1.#QNAN	0	0	0	7.75673e-007	1374.62	1453.21	1450.03
1451.79	969.003	253	1.#QNAN	0	0.015	0	7.41435e-007	1369.75	1451.79	1448.63
1450.31	968.027	254	1.#QNAN	0	0.016	0	7.75945e-007	1331.14	1450.31	1447.15
1449.1	967.166	255	1.#QNAN	0	0.015	0	7.22121e-007	1352.77	1449.1	1445.98
1447.93	966.329	256	1.#QNAN	0	0.016	0	7.58034e-007	1360.65	1447.93	1444.83
1446.77	965.512	257	1.#QNAN	0	0.016	0	7.51879e-007	1359.66	1446.77	1443.7
1445.65	964.718	258	1.#QNAN	0	0.015	0	7.53236e-007	1372.35	1445.65	1442.6
1444.56	963.933	259	1.#QNAN	0	0	0	7.40347e-007	1378.59	1444.56	1441.53
1443.38	963.108	260	1.#QNAN	0	0.016	0	7.70044e-007	1345.07	1443.38	1440.37
1442.02	962.27	261	1.#QNAN	0	0.015	0	7.65053e-007	1331.75	1442.02	1439.01
1440.76	961.521	262	1.#QNAN	0	0.016	0	7.5195e-007	1344.16	1440.76	1437.76
1439.66	960.759	263	1.#QNAN	0	0.016	0	7.67785e-007	1344.42	1439.66	1436.68
1438.61	960.063	264	1.#QNAN	0	0.015	0	7.37707e-007	1371.25	1438.61	1435.65
1437.39	959.295	265	1.#QNAN	0	0	0	7.54071e-007	1371.1	1437.39	1434.43
1436.26	958.571	266	1.#QNAN	0	0.016	0	7.8448e-007	1404.07	1436.26	1433.31
1435.16	957.798	267	1.#QNAN	0	0.015	0	7.47668e-007	1391.1	1435.16	1432.22
1434.11	957.111	268	1.#QNAN	0	0.016	0	7.39403e-007	1401.28	1434.11	1431.18
1432.96	956.351	269	1.#QNAN	0	0.016	0	7.30893e-007	1355.17	1432.96	1430.05
1431.99	955.639	270	1.#QNAN	0	0.015	0	7.25872e-007	1422.4	1431.99	1429.1
1430.97	954.992	271	1.#QNAN	0	0.016	0	7.43168e-007	1402.14	1430.97	1428.09
1429.96	954.287	272	1.#QNAN	0	0	0	7.3766e-007	1424.83	1429.96	1427.1
1428.91	953.597	273	1.#QNAN	0	0.015	0	7.47293e-007	1403.4	1428.91	1426.05
1427.91	953.029	274	1.#QNAN	0	0.017	0	7.44067e-007	1455.34	1427.91	1425.05
1426.99	952.417	275	1.#QNAN	0	0.016	1	7.75127e-007	1420.07	1426.99	1424.16
1426.07	951.828	276	1.#QNAN	0	0.015	0	7.74169e-007	1418.96	1426.07	1423.25
1425.31	951.233	277	1.#QNAN	0	0.016	0	7.37263e-007	1411.64	1425.31	1422.52
1424.51	950.648	278	1.#QNAN	0	0	0	7.44339e-007	1418.3	1424.51	1421.75
1423.77	950.096	279	1.#QNAN	0	0.015	0	7.67046e-007	1419.93	1423.77	1421.03
1422.84	949.436	280	1.#QNAN	0	0.016	0	7.4554e-007	1357.06	1422.84	1420.12
1422.07	948.884	281	1.#QNAN	0	0.016	0	7.43958e-007	1409.05	1422.07	1419.37
1421.17	948.264	282	1.#QNAN	0	0.015	0	7.31068e-007	1381.23	1421.17	1418.48
1420.19	947.669	283	1.#QNAN	0	0.016	0	7.57705e-007	1390.53	1420.19	1417.51
1419.24	947.059	284	1.#QNAN	0	0.015	0	7.65238e-007	1390.52	1419.24	1416.56
1418.1	946.313	285	1.#QNAN	0	0	0	7.61133e-007	1353.66	1418.1	1415.43
1417.1	945.658	286	1.#QNAN	0	0.016	0	7.60313e-007	1398.98	1417.1	1414.43
1416.13	945.007	287	1.#QNAN	0	0.016	0	7.39243e-007	1389.13	1416.13	1413.46
1415.29	944.424	288	1.#QNAN	0	0.015	0	7.71687e-007	1403.34	1415.29	1412.63
1414.35	943.805	289	1.#QNAN	0	0.016	0	7.53191e-007	1380.26	1414.35	1411.71
1413.33	943.139	290	1.#QNAN	0	0.015	0	7.80896e-007	1387.7	1413.33	1410.68
1412.44	942.551	291	1.#QNAN	0	0	0	7.68889e-007	1395.17	1412.44	1409.8
1411.56	941.945	292	1.#QNAN	0	0.016	0	7.64998e-007	1389.44	1411.56	1408.94
1410.68	941.36	293	1.#QNAN	0	0.016	0	7.78498e-007	1369.26	1410.68	1408.07
1409.88	940.788	294	1.#QNAN	0	0.015	0	7.39376e-007	1377.95	1409.88	1407.28
1409.26	940.252	295	1.#QNAN	0	0.016	0	7.6642e-007	1419.28	1409.26	1406.68
1408.66	939.74	296	1.#QNAN	0	0.015	0	7.15009e-007	1409.85	1408.66	1406.11
1408.14	939.278	297	1.#QNAN	0	0.016	0	7.53117e-007	1435.97	1408.14	1405.62
1407.56	938.771	298	1.#QNAN	0	0	0	7.60343e-007	1423.31	1407.56	1405.07
1406.95	938.272	299	1.#QNAN	0	0.016	0	7.50737e-007	1402.91	1406.95	1404.48
1406.27	937.762	300	1.#QNAN	0	0.015	0	7.39894e-007	1405.93	1406.27	1403.82
1405.61	937.284	301	1.#QNAN	0	0.016	0	7.58282e-007	1407.72	1405.61	1403.19
1405.04	936.772	302	1.#QNAN	0	0.015	0	7.57371e-007	1444.49	1405.04	1402.64
1404.33	936.248	303	1.#QNAN	0	0.016	0	7.70039e-007	1379.63	1404.33	1401.95
1403.66	935.744	304	1.#QNAN	0	0.016	0	7.54496e-007	1407.67	1403.66	1401.29
1403	935.323	305	1.#QNAN	0	0.015	0	7.56794e-007	1407	1403	1400.64
1402.36	934.857	306	1.#QNAN	0	0	0	7.74483e-007	1486.42	1402.36	1400.01
1401.7	934.421	307	1.#QNAN	0	0.016	0	7.58645e-007	1435.49	1401.7	1399.36
1401.19	933.945	308	1.#QNAN	0	0.015	0	7.72161e-007	1463.62	1401.19	1398.87
1400.57	933.448	309	1.#QNAN	0	0.016	0	7.61723e-007	1395.83	1400.57	1398.27
1399.98	932.97	310	1.#QNAN	0	0.016	0	7.57549e-007	1411.91	1399.98	1397.7
1399.41	932.511	311	1.#QNAN	0	0.015	0	7.84641e-007	1395.57	1399.41	1397.14
1398.73	932.017	312	1.#QNAN	0	0.016	0	7.60887e-007	1387.52	1398.73	1396.48
1398.08	931.59	313	1.#QNAN	0	0	0	7.80651e-007	1380.59	1398.08	1395.84
1397.54	931.23	314	1.#QNAN	0	0.015	0	7.5888e-007	1436.82	1397.54	1395.31
1396.9	930.777	315	1.#QNAN	0	0.016	0	7.63563e-007	1422.82	1396.9	1394.69
1396.29	930.332	316	1.#QNAN	0	0.016	0	7.75398e-007	1401.07	1396.29	1394.08
1395.64	929.852	317	1.#QNAN	0	0.015	0	7.58647e-007	1379.43	1395.64	1393.45
1394.91	929.387	318	1.#QNAN	0	0.016	0	7.39915e-007	1348.91	1394.91	1392.73
1394.13	928.924	319	1.#QNAN	0	0.015	0	7.8867e-007	1352.85	1394.13	1391.97
1393.41	928.503	320	1.#QNAN	0	0	0	7.47979e-007	1382.24	1393.41	1391.26
1392.69	928.088	321	1.#QNAN	0	0.016	0	7.69999e-007	1388.64	1392.69	1390.54
1391.96	927.654	322	1.#QNAN	0	0.016	0	7.56143e-007	1417.98	1391.96	1389.82
1391.24	927.191	323	1.#QNAN	0	0.015	0	7.80817e-007	1342.64	1391.24	1389.12
1390.56	926.757	324	1.#QNAN	0	0.016	0	7.80624e-007	1356.83	1390.56	1388.45
1389.83	926.302	325	1.#QNAN	0	0.015	0	7.43603e-007	1331.6	1389.83	1387.72
1389.11	925.848	326	1.#QNAN	0	0.016	0	7.4035e-007	1382.98	1389.11	1387.01
1388.39	925.388	327	1.#QNAN	0	0	0	7.4617e-007	1399.14	1388.39	1386.3
1387.69	924.964	328	1.#QNAN	0	0.016	0	7.54199e-007	1412.97	1387.69	1385.6
1386.94	924.507	329	1.#QNAN	0	0.015	0	7.5997e-007	1391.41	1386.94	1384.86
1386.19	924.073	330	1.#QNAN	0	0.016	0	7.59215e-007	1387.34	1386.19	1384.11
1385.42	923.619	331	1.#QNAN	0	0.015	0	7.65132e-007	1396.27	1385.42	1383.33
1384.55	923.091	332	1.#QNAN	0	0.016	0	7.33008e-007	1418.7	1384.55	1382.46
1383.72	922.604	333	1.#QNAN	0	0	0	7.35382e-007	1366.57	1383.72	1381.63
1383.06	922.175	334	1.#QNAN	0	0.016	0	7.47567e-007	1376.41	1383.06	1380.98
1382.31	921.7	335	1.#QNAN	0	0.015	0	7.88116e-007	1363.48	1382.31	1380.23
1381.65	921.292	336	1.#QNAN	0	0.016	0	7.5924e-007	1361.26	1381.65	1379.57
1381.1	920.869	337	1.#QNAN	0	0.015	0	7.71877e-007	1385.92	1381.1	1379.04
1380.54	920.442	338	1.#QNAN	0	0.016	0	7.67589e-007	1365.63	1380.54	1378.49
1380.03	920.085	339	1.#QNAN	0	0.016	0	7.5852e-007	1359.15	1380.03	1378
1379.44	919.67	340	1.#QNAN	0	0	0	7.48129e-007	1347.27	1379.44	1377.42
1378.98	919.288	341	1.#QNAN	0	0.015	0	7.61172e-007	1380.78	1378.98	1376.98
1378.41	918.84	342	1.#QNAN	0	0.016	0	7.63689e-007	1346.1	1378.41	1376.42
1377.82	918.413	343	1.#QNAN	0	0.015	0	7.56692e-007	1368.32	1377.82	1375.86
1377.22	917.971	344	1.#QNAN	0	0.016	0	8.01225e-007	1348.31	1377.22	1375.27
1376.54	917.561	345	1.#QNAN	0	0.016	0	7.82506e-007	1324	1376.54	1374.59
1375.92	917.169	346	1.#QNAN	0	0.015	0	7.79609e-007	1351.23	1375.92	1373.98
1375.38	916.76	347	1.#QNAN	0	0	0	7.67537e-007	1363.44	1375.38	1373.45
1374.82	916.369	348	1.#QNAN	0	0.016	0	7.43352e-007	1343.81	1374.82	1372.91
1374.28	915.928	349	1.#QNAN	0	0.015	0	7.66159e-007	1354.05	1374.28	1372.39
1373.76	915.529	350	1.#QNAN	0	0.016	1	7.69821e-007	1360.01	1373.76	1371.89
1373.13	915.072	351	1.#QNAN	0	0.016	0	7.55085e-007	1332.49	1373.13	1371.28
1372.58	914.644	352	1.#QNAN	0	0.015	0	7.57501e-007	1346.84	1372.58	1370.74
1371.94	914.26	353	1.#QNAN	0	0.016	0	7.61644e-007	1316.58	1371.94	1370.11
1371.35	913.855	354	1.#QNAN	0	0.015	0	7.71998e-007	1344.47	1371.35	1369.53
1370.74	913.446	355	1.#QNAN	0	0.016	0	7.83684e-007	1330.36	1370.74	1368.94
1370.26	913.094	356	1.#QNAN	0	0	0	7.69338e-007	1364.21	1370.26	1368.47
1369.85	912.75	357	1.#QNAN	0	0.016	0	7.58624e-007	1419.59	1369.85	1368.09
1369.32	912.366	358	1.#QNAN	0	0.015	0	7.65994e-007	1344.76	1369.32	1367.58
1368.8	911.987	359	1.#QNAN	0	0.016	0	7.3944e-007	1368.56	1368.8	1367.08
1368.38	911.677	360	1.#QNAN	0	0.015	0	7.47118e-007	1394.39	1368.38	1366.67
1367.96	911.372	361	1.#QNAN	0	0.016	0	7.8329e-007	1380.27	1367.96	1366.25
1367.6	911.09	362	1.#QNAN	0	0	0	7.94747e-007	1415.97	1367.6	1365.91
1367.24	910.819	363	1.#QNAN	0	0.016	0	7.84525e-007	1420.3	1367.24	1365.57
1366.83	910.545	364	1.#QNAN	0	0.015	0	7.25977e-007	1379.22	1366.83	1365.17
1366.45	910.24	365	1.#QNAN	0	0.016	0	7.25807e-007	1412.93	1366.45	1364.8
1366.02	909.912	366	1.#QNAN	0	0.015	0	7.65997e-007	1388.83	1366.02	1364.39
1365.65	909.635	367	1.#QNAN	0	0.016	0	7.56777e-007	1413.67	1365.65	1364.04
1365.08	909.249	368	1.#QNAN	0	0.016	0	7.81789e-007	1348.83	1365.08	1363.48
1364.59	908.902	369	1.#QNAN	0	0	0	7.62712e-007	1387.8	1364.59	1363
1364.14	908.548	370	1.#QNAN	0	0.015	0	7.46152e-007	1362.63	1364.14	1362.56
1363.78	908.233	371	1.#QNAN	0	0.016	0	7.61877e-007	1396.45	1363.78	1362.22
1363.32	907.922	372	1.#QNAN	0	0.015	0	7.79691e-007	1382.4	1363.32	1361.77
1362.84	907.561	373	1.#QNAN	0	0.016	0	7.72224e-007	1380.56	1362.84	1361.29
1362.46	907.259	374	1.#QNAN	0	0.016	0	7.58509e-007	1381.16	1362.46	1360.93
1361.98	906.916	375	1.#QNAN	0	0	0	7.6991e-007	1369.48	1361.98	1360.45
1361.44	906.584	376	1.#QNAN	0	0.015	0	7.54729e-007	1363.39	1361.44	1359.92
1361.06	906.276	377	1.#QNAN	0	0.016	0	7.72968e-007	1409.44	1361.06	1359.56
1360.73	906.007	378	1.#QNAN	0	0.015	0	7.2737e-007	1414.03	1360.73	1359.23
1360.44	905.773	379	1.#QNAN	0	0.016	0	8.15218e-007	1415.67	1360.44	1358.96
1360.17	905.551	380	1.#QNAN	0	0.016	0	7.58182e-007	1437.36	1360.17	1358.7
1359.85	905.274	381	1.#QNAN	0	0.015	0	7.67139e-007	1400.87	1359.85	1358.4
1359.52	904.993	382	1.#QNAN	0	0	0	7.53277e-007	1401.32	1359.52	1358.09
1359.12	904.72	383	1.#QNAN	0	0.016	0	7.55272e-007	1382.75	1359.12	1357.69
1358.71	904.444	384	1.#QNAN	0	0.015	0	7.58174e-007	1395.53	1358.71	1357.29
1358.43	904.173	385	1.#QNAN	0	0.016	0	7.68918e-007	1399.18	1358.43	1357.03
1358.07	903.916	386	1.#QNAN	0	0.016	0	8.06737e-007	1398.23	1358.07	1356.68
1357.71	903.663	387	1.#QNAN	0	0.015	0	7.58362e-007	1371.62	1357.71	1356.34
1357.37	903.394	388	1.#QNAN	0	0.016	0	7.75536e-007	1378.85	1357.37	1356.02
1356.95	903.083	389	1.#QNAN	0	0	0	7.5163e-007	1349.79	1356.95	1355.61
1356.56	902.754	390	1.#QNAN	0	0.015	0	7.5699e-007	1357.13	1356.56	1355.24
1356.18	902.433	391	1.#QNAN	0	0.016	0	7.55255e-007	1344.18	1356.18	1354.88
1355.89	902.159	392	1.#QNAN	0	0.016	0	7.69228e-007	1374.84	1355.89	1354.61
1355.67	901.916	393	1.#QNAN	0	0.015	0	7.66424e-007	1387.22	1355.67	1354.41
1355.39	901.624	394	1.#QNAN	0	0.016	0	7.56117e-007	1377.59	1355.39	1354.15
1355.08	901.313	395	1.#QNAN	0	0	0	7.75108e-007	1401.67	1355.08	1353.86
1354.71	901.025	396	1.#QNAN	0	0.015	0	7.78577e-007	1390.77	1354.71	1353.5
1354.41	900.783	397	1.#QNAN	0	0.016	0	7.76342e-007	1403.6	1354.41	1353.21
1354.09	900.521	398	1.#QNAN	0	0.016	0	7.62492e-007	1396.34	1354.09	1352.9
1353.8	900.227	399	1.#QNAN	0	0.015	0	7.67917e-007	1396.97	1353.8	1352.62
1353.44	899.912	400	1.#QNAN	0	0.016	0	7.77994e-007	1376.93	1353.44	1352.27
1353.11	899.631	401	1.#QNAN	0	0	0	7.88529e-007	1396.63	1353.11	1351.95
1352.67	899.309	402	1.#QNAN	0	0.015	0	7.61299e-007	1377.39	1352.67	1351.52
1352.23	898.965	403	1.#QNAN	0	0.016	0	7.53135e-007	1401.54	1352.23	1351.08
1351.79	898.635	404	1.#QNAN	0	0.016	0	7.61346e-007	1369.05	1351.79	1350.65
1351.33	898.348	405	1.#QNAN	0	0.015	0	7.75049e-007	1352.29	1351.33	1350.2
1351.05	898.066	406	1.#QNAN	0	0.016	0	7.68141e-007	1442.58	1351.05	1349.92
1350.68	897.737	407	1.#QNAN	0	0.015	0	7.68657e-007	1393.77	1350.68	1349.56
1350.38	897.445	408	1.#QNAN	0	0	0	7.87074e-007	1386.91	1350.38	1349.27
1350.01	897.121	409	1.#QNAN	0	0.016	0	7.77122e-007	1344.41	1350.01	1348.91
1349.72	896.828	410	1.#QNAN	0	0.016	0	7.49116e-007	1390.51	1349.72	1348.64
1349.45	896.558	411	1.#QNAN	0	0.015	0	7.8833e-007	1366.12	1349.45	1348.39
1349.25	896.31	412	1.#QNAN	0	0.016	0	7.80249e-007	1399.98	1349.25	1348.21
1349	896.089	413	1.#QNAN	0	0.015	0	7.77203e-007	1373.2	1349	1347.97
1348.63	895.806	414	1.#QNAN	0	0.016	0	7.83913e-007	1333.18	1348.63	1347.62
1348.27	895.549	415	1.#QNAN	0	0	0	7.65181e-007	1354.88	1348.27	1347.26
1347.9	895.297	416	1.#QNAN	0	0.016	0	7.83019e-007	1378.11	1347.9	1346.89
1347.61	895.073	417	1.#QNAN	0	0.015	0	7.55734e-007	1396.88	1347.61	1346.61
1347.29	894.852	418	1.#QNAN	0	0.016	0	7.60136e-007	1379.46	1347.29	1346.3
1347.03	894.623	419	1.#QNAN	0	0.015	0	7.57301e-007	1396.93	1347.03	1346.04
1346.77	894.413	420	1.#QNAN	0	0.016	0	7.98619e-007	1419.77	1346.77	1345.8
1346.43	894.13	421	1.#QNAN	0	0.016	0	7.55101e-007	1372.03	1346.43	1345.47
1346.14	893.89	422	1.#QNAN	0	0	0	7.80835e-007	1392.25	1346.14	1345.19
1345.87	893.678	423	1.#QNAN	0	0	0	7.73667e-007	1398.14	1345.87	1344.93
1345.6	893.44	424	1.#QNAN	0	0.016	0	7.62226e-007	1408.53	1345.6	1344.67
1345.32	893.155	425	1.#QNAN	0	0.015	1	7.34134e-007	1446.29	1345.32	1344.4
1344.95	892.853	426	1.#QNAN	0	0.016	0	7.94223e-007	1384.77	1344.95	1344.05
1344.61	892.566	427	1.#QNAN	0	0.016	0	7.73585e-007	1404.34	1344.61	1343.71
1344.29	892.257	428	1.#QNAN	0	0.015	0	7.57413e-007	1390.48	1344.29	1343.4
1343.97	891.954	429	1.#QNAN	0	0	0	7.46466e-007	1370.12	1343.97	1343.09
1343.66	891.68	430	1.#QNAN	0	0.016	0	7.66479e-007	1384.78	1343.66	1342.79
1343.23	891.359	431	1.#QNAN	0	0.015	0	7.37009e-007	1315.09	1343.23	1342.36
1342.82	891.075	432	1.#QNAN	0	0.016	0	7.73689e-007	1338.31	1342.82	1341.96
1342.45	890.812	433	1.#QNAN	0	0.016	0	7.6153e-007	1326.56	1342.45	1341.6
1342.12	890.582	434	1.#QNAN	0	0.015	0	7.59285e-007	1342.2	1342.12	1341.28
1341.83	890.327	435	1.#QNAN	0	0.016	0	7.70504e-007	1345.05	1341.83	1341
1341.59	890.061	436	1.#QNAN	0	0	0	7.83064e-007	1398.88	1341.59	1340.77
1341.36	889.821	437	1.#QNAN	0	0.015	0	7.9176e-007	1385.95	1341.36	1340.54
1341.15	889.612	438	1.#QNAN	0	0.016	0	7.70178e-007	1390.66	1341.15	1340.35
1341.01	889.401	439	1.#QNAN	0	0.016	0	7.84259e-007	1433.65	1341.01	1340.22
1340.81	889.189	440	1.#QNAN	0	0.015	0	7.6502e-007	1401.71	1340.81	1340.04
1340.48	888.954	441	1.#QNAN	0	0.016	0	8.12731e-007	1363.42	1340.48	1339.72
1340.21	888.721	442	1.#QNAN	0	0.015	0	7.63597e-007	1387.13	1340.21	1339.46
1339.94	888.501	443	1.#QNAN	0	0	0	7.89488e-007	1379.48	1339.94	1339.19
1339.72	888.349	444	1.#QNAN	0	0.016	0	7.4753e-007	1424.87	1339.72	1338.99
1339.51	888.153	445	1.#QNAN	0	0.016	0	7.59669e-007	1422.07	1339.51	1338.79
1339.3	887.977	446	1.#QNAN	0	0.015	0	7.63931e-007	1399.45	1339.3	1338.59
1339.09	887.77	447	1.#QNAN	0	0.016	0	7.8398e-007	1372.8	1339.09	1338.39
1338.92	887.621	448	1.#QNAN	0	0.015	0	7.82512e-007	1434.29	1338.92	1338.24
1338.74	887.427	449	1.#QNAN	0	0	0	7.39638e-007	1438.58	1338.74	1338.06
1338.43	887.234	450	1.#QNAN	0	0.016	0	7.65613e-007	1404.92	1338.43	1337.75
1338.22	887.057	451	1.#QNAN	0	0.016	0	7.63564e-007	1463.06	1338.22	1337.55
1337.93	886.829	452	1.#QNAN	0	0.015	0	7.7701e-007	1431.76	1337.93	1337.27
1337.7	886.652	453	1.#QNAN	0	0.016	0	7.77997e-007	1416.11	1337.7	1337.05
1337.48	886.471	454	1.#QNAN	0	0.015	0	7.613e-007	1418.16	1337.48	1336.83
1337.23	886.289	455	1.#QNAN	0	0	0	7.79111e-007	1363.32	1337.23	1336.58
1336.97	886.121	456	1.#QNAN	0	0.016	0	7.85905e-007	1384.45	1336.97	1336.33
1336.74	885.947	457	1.#QNAN	0	0.016	0	7.73387e-007	1380.83	1336.74	1336.1
1336.53	885.759	458	1.#QNAN	0	0.015	0	7.75876e-007	1389.71	1336.53	1335.89
1336.35	885.596	459	1.#QNAN	0	0.016	0	7.62199e-007	1399.91	1336.35	1335.73
1336.18	885.432	460	1.#QNAN	0	0.015	0	7.78656e-007	1402.55	1336.18	1335.55
1335.98	885.269	461	1.#QNAN	0	0	0	7.82308e-007	1382.08	1335.98	1335.36
1335.87	885.102	462	1.#QNAN	0	0.016	0	7.64659e-007	1425.4	1335.87	1335.26
1335.78	884.944	463	1.#QNAN	0	0.016	0	7.74408e-007	1441.08	1335.78	1335.18
1335.61	884.755	464	1.#QNAN	0	0.015	0	7.52462e-007	1403.86	1335.61	1335.03
1335.46	884.582	465	1.#QNAN	0	0.016	0	7.81723e-007	1430.68	1335.46	1334.88
1335.34	884.414	466	1.#QNAN	0	0.015	0	7.85948e-007	1428.47	1335.34	1334.76
1335.1	884.215	467	1.#QNAN	0	0.016	0	8.07456e-007	1360.86	1335.1	1334.53
1335.04	884.051	468	1.#QNAN	0	0	0	7.83328e-007	1482.89	1335.04	1334.48
1335.01	883.917	469	1.#QNAN	0	0.016	0	7.83652e-007	1494.64	1335.01	1334.45
1334.9	883.761	470	1.#QNAN	0	0.015	0	7.62658e-007	1435.43	1334.9	1334.36
1334.79	883.596	471	1.#QNAN	0	0.016	0	7.83854e-007	1471.73	1334.79	1334.25
1334.67	883.465	472	1.#QNAN	0	0.015	0	7.60856e-007	1478.59	1334.67	1334.14
1334.5	883.312	473	1.#QNAN	0	0.016	0	7.85882e-007	1445.56	1334.5	1333.97
1334.46	883.184	474	1.#QNAN	0	0	0	7.8883e-007	1480.58	1334.46	1333.95
1334.39	883.02	475	1.#QNAN	0	0.016	0	7.62692e-007	1442.47	1334.39	1333.89
1334.28	882.839	476	1.#QNAN	0	0.015	0	7.67938e-007	1406.19	1334.28	1333.78
1334.08	882.668	477	1.#QNAN	0	0.016	0	7.85556e-007	1376.66	1334.08	1333.59
1333.86	882.478	478	1.#QNAN	0	0.015	0	8.13795e-007	1361.12	1333.86	1333.38
1333.68	882.315	479	1.#QNAN	0	0.016	0	7.68178e-007	1384.49	1333.68	1333.2
1333.48	882.167	480	1.#QNAN	0	0.016	0	7.95689e-007	1382.4	1333.48	1333.01
1333.21	881.993	481	1.#QNAN	0	0	0	7.95111e-007	1343.1	1333.21	1332.75
1333.01	881.812	482	1.#QNAN	0	0.015	0	7.93963e-007	1382.38	1333.01	1332.56
1332.87	881.699	483	1.#QNAN	0	0.016	0	7.85946e-007	1411.79	1332.87	1332.43
1332.65	881.555	484	1.#QNAN	0	0.015	0	7.87888e-007	1370.11	1332.65	1332.21
1332.49	881.398	485	1.#QNAN	0	0.016	0	7.84457e-007	1397.55	1332.49	1332.06
1332.31	881.234	486	1.#QNAN	0	0.016	0	7.72597e-007	1385.18	1332.31	1331.89
1332.1	881.072	487	1.#QNAN	0	0	0	7.72032e-007	1380.77	1332.1	1331.7
1331.8	880.874	488	1.#QNAN	0	0.015	0	7.67905e-007	1323.24	1331.8	1331.39
1331.47	880.691	489	1.#QNAN	0	0.016	0	7.95618e-007	1315.92	1331.47	1331.08
1331.2	880.522	490	1.#QNAN	0	0.015	0	8.1585e-007	1322.77	1331.2	1330.81
1330.9	880.336	491	1.#QNAN	0	0.016	0	7.87742e-007	1304.91	1330.9	1330.5
1330.58	880.133	492	1.#QNAN	0	0.016	0	7.74564e-007	1314.78	1330.58	1330.19
1330.21	879.904	493	1.#QNAN	0	0	0	7.92611e-007	1288.09	1330.21	1329.82
1329.92	879.722	494	1.#QNAN	0	0.015	0	7.85601e-007	1326.49	1329.92	1329.53
1329.68	879.539	495	1.#QNAN	0	0.016	0	7.83779e-007	1335.11	1329.68	1329.3
1329.44	879.361	496	1.#QNAN	0	0.015	0	7.84709e-007	1339.65	1329.44	1329.06
1329.18	879.19	497	1.#QNAN	0	0.016	0	7.55666e-007	1353.93	1329.18	1328.8
1329	879.062	498	1.#QNAN	0	0.016	0	7.95039e-007	1401.63	1329	1328.62
1328.78	878.916	499	1.#QNAN	0	0	0	7.68381e-007	1401.24	1328.78	1328.41
1328.52	878.736	500	1.#QNAN	0	0.015	0	8.12261e-007	1383.3	1328.52	1328.14
1328.28	878.582	501	1.#QNAN	0	0.016	1	7.77528e-007	1411.91	1328.28	1327.9
1328.05	878.427	502	1.#QNAN	0	0.015	0	7.64048e-007	1450.97	1328.05	1327.68
1327.9	878.314	503	1.#QNAN	0	0.016	0	7.99258e-007	1490.51	1327.9	1327.53
1327.8	878.213	504	1.#QNAN	0	0.016	0	7.66018e-007	1511.79	1327.8	1327.43
1327.64	878.081	505	1.#QNAN	0	0.015	0	7.6496e-007	1449.95	1327.64	1327.27
1327.45	877.965	506	1.#QNAN	0	0	0	8.15425e-007	1457.14	1327.45	1327.09
1327.34	877.817	507	1.#QNAN	0	0.016	0	7.62412e-007	1497.39	1327.34	1326.98
1327.23	877.681	508	1.#QNAN	0	0.015	0	7.66364e-007	1489.52	1327.23	1326.88
1327.06	877.546	509	1.#QNAN	0	0.016	0	7.8384e-007	1446.5	1327.06	1326.71
1326.84	877.378	510	1.#QNAN	0	0.016	0	8.12511e-007	1392.62	1326.84	1326.5
1326.62	877.225	511	1.#QNAN	0	0.015	0	7.70214e-007	1396.27	1326.62	1326.28
1326.4	877.065	512	1.#QNAN	0	0	0	7.7698e-007	1394.59	1326.4	1326.06
1326.18	876.888	513	1.#QNAN	0	0.016	0	7.44479e-007	1382.55	1326.18	1325.84
1325.97	876.748	514	1.#QNAN	0	0.015	0	7.75809e-007	1416.56	1325.97	1325.64
1325.74	876.613	515	1.#QNAN	0	0.016	0	7.73596e-007	1401.89	1325.74	1325.41
1325.52	876.493	516	1.#QNAN	0	0.016	0	7.769e-007	1428.31	1325.52	1325.19
1325.37	876.345	517	1.#QNAN	0	0.015	0	7.80477e-007	1440.24	1325.37	1325.04
1325.16	876.209	518	1.#QNAN	0	0.016	0	7.77212e-007	1401.02	1325.16	1324.84
1324.99	876.079	519	1.#QNAN	0	0.015	0	7.57949e-007	1399.17	1324.99	1324.67
1324.82	875.963	520	1.#QNAN	0	0	0	7.51534e-007	1405.51	1324.82	1324.5
1324.63	875.857	521	1.#QNAN	0	0.016	0	7.7599e-007	1395.85	1324.63	1324.32
1324.43	875.686	522	1.#QNAN	0	0.016	0	7.5861e-007	1392.13	1324.43	1324.12
1324.19	875.505	523	1.#QNAN	0	0.015	0	7.74951e-007	1354.08	1324.19	1323.88
1323.96	875.35	524	1.#QNAN	0	0.016	0	7.46853e-007	1347.91	1323.96	1323.65
1323.67	875.169	525	1.#QNAN	0	0.015	0	8.02146e-007	1305.94	1323.67	1323.36
1323.38	875.01	526	1.#QNAN	0	0	0	7.72342e-007	1322.64	1323.38	1323.08
1323.15	874.91	527	1.#QNAN	0	0.016	0	7.86773e-007	1332.56	1323.15	1322.84
1322.91	874.768	528	1.#QNAN	0	0.016	0	7.67424e-007	1313.96	1322.91	1322.61
1322.73	874.67	529	1.#QNAN	0	0.015	0	7.80626e-007	1336.45	1322.73	1322.42
1322.57	874.584	530	1.#QNAN	0	0.016	0	7.6056e-007	1358.06	1322.57	1322.27
1322.3	874.446	531	1.#QNAN	0	0.015	0	7.78395e-007	1338.54	1322.3	1322
1322.1	874.359	532	1.#QNAN	0	0	0	7.5789e-007	1366.95	1322.1	1321.81
1321.9	874.239	533	1.#QNAN	0	0.016	0	7.85698e-007	1361.99	1321.9	1321.61
1321.78	874.139	534	1.#QNAN	0	0.016	0	7.64361e-007	1402.44	1321.78	1321.5
1321.64	874	535	1.#QNAN	0	0.015	0	8.09679e-007	1373.13	1321.64	1321.36
1321.53	873.917	536	1.#QNAN	0	0.016	0	7.69986e-007	1436.73	1321.53	1321.27
1321.36	873.765	537	1.#QNAN	0	0.015	0	8.09814e-007	1359.72	1321.36	1321.11
1321.22	873.643	538	1.#QNAN	0	0.016	0	8.07468e-007	1355.41	1321.22	1320.96
1321.15	873.583	539	1.#QNAN	0	0	0	7.79781e-007	1409.95	1321.15	1320.9
1321.05	873.5	540	1.#QNAN	0	0.016	0	8.02531e-007	1391.58	1321.05	1320.81
1320.93	873.402	541	1.#QNAN	0	0.015	0	7.97621e-007	1387.14	1320.93	1320.7
1320.81	873.328	542	1.#QNAN	0	0.016	0	7.77768e-007	1388.21	1320.81	1320.58
1320.7	873.255	543	1.#QNAN	0	0.015	0	7.76137e-007	1411.35	1320.7	1320.48
1320.55	873.144	544	1.#QNAN	0	0.016	0	7.98167e-007	1368.2	1320.55	1320.33
1320.43	873.065	545	1.#QNAN	0	0.016	0	7.92928e-007	1393.57	1320.43	1320.22
1320.25	872.92	546	1.#QNAN	0	0	0	7.67729e-007	1348.16	1320.25	1320.04
1320.1	872.796	547	1.#QNAN	0	0.015	0	7.79926e-007	1366.96	1320.1	1319.89
1319.91	872.672	548	1.#QNAN	0	0.016	0	8.02598e-007	1372.76	1319.91	1319.72
1319.75	872.539	549	1.#QNAN	0	0.015	0	7.86992e-007	1361.78	1319.75	1319.56
1319.59	872.416	550	1.#QNAN	0	0.016	0	7.85662e-007	1386.75	1319.59	1319.41
1319.41	872.312	551	1.#QNAN	0	0.016	0	7.68809e-007	1370.58	1319.41	1319.24
1319.21	872.181	552	1.#QNAN	0	0.015	0	7.9067e-007	1366.38	1319.21	1319.04
1319	872.036	553	1.#QNAN	0	0	0	7.90123e-007	1365.02	1319	1318.84
1318.88	871.937	554	1.#QNAN	0	0.016	0	7.67457e-007	1402.56	1318.88	1318.72
1318.72	871.811	555	1.#QNAN	0	0.015	0	7.56912e-007	1412.94	1318.72	1318.56
1318.52	871.678	556	1.#QNAN	0	0.016	0	7.75182e-007	1420.19	1318.52	1318.37
1318.41	871.55	557	1.#QNAN	0	0.016	0	7.82314e-007	1463.58	1318.41	1318.26
1318.3	871.45	558	1.#QNAN	0	0.015	0	7.83372e-007	1458.58	1318.3	1318.15
1318.16	871.34	559	1.#QNAN	0	0	0	7.91759e-007	1436.34	1318.16	1318.02
1318.03	871.238	560	1.#QNAN	0	0.016	0	7.928e-007	1435.52	1318.03	1317.89
1317.99	871.138	561	1.#QNAN	0	0.015	0	8.09545e-007	1483.32	1317.99	1317.86
1317.92	870.996	562	1.#QNAN	0	0.016	0	7.80889e-007	1475.59	1317.92	1317.79
1317.77	870.871	563	1.#QNAN	0	0.016	0	7.95207e-007	1437.42	1317.77	1317.65
1317.67	870.751	564	1.#QNAN	0	0.015	0	8.14251e-007	1491.27	1317.67	1317.55
1317.6	870.618	565	1.#QNAN	0	0.016	0	8.08545e-007	1525	1317.6	1317.49
1317.56	870.496	566	1.#QNAN	0	0	0	7.75341e-007	1501.11	1317.56	1317.45
1317.46	870.373	567	1.#QNAN	0	0.015	0	7.85228e-007	1502.24	1317.46	1317.35
1317.31	870.228	568	1.#QNAN	0	0.016	0	7.71442e-007	1484.72	1317.31	1317.21
1317.23	870.08	569	1.#QNAN	0	0.016	0	7.99928e-007	1504.2	1317.23	1317.13
1317.14	869.946	570	1.#QNAN	0	0.015	0	7.26379e-007	1489.11	1317.14	1317.05
1317.01	869.822	571	1.#QNAN	0	0.016	0	7.30421e-007	1453.58	1317.01	1316.92
1316.86	869.701	572	1.#QNAN	0	0	0	7.66628e-007	1409.49	1316.86	1316.77
1316.71	869.559	573	1.#QNAN	0	0.015	0	7.55332e-007	1419.89	1316.71	1316.62
1316.58	869.431	574	1.#QNAN	0	0.016	0	8.02539e-007	1412.61	1316.58	1316.49
1316.42	869.272	575	1.#QNAN	0	0.016	0	7.87352e-007	1426.81	1316.42	1316.34
1316.25	869.148	576	1.#QNAN	0	0.015	0	7.81774e-007	1407.13	1316.25	1316.17
1316.02	869.001	577	1.#QNAN	0	0.016	1	7.88876e-007	1400.02	1316.02	1315.94
1315.88	868.861	578	1.#QNAN	0	0.015	0	7.82317e-007	1421.72	1315.88	1315.8
1315.71	868.716	579	1.#QNAN	0	0.016	0	7.8724e-007	1402.04	1315.71	1315.64
1315.52	868.605	580	1.#QNAN	0	0	0	7.96929e-007	1402.62	1315.52	1315.45
1315.35	868.461	581	1.#QNAN	0	0.016	0	7.67122e-007	1385.17	1315.35	1315.28
1315.19	868.336	582	1.#QNAN	0	0.015	0	7.41166e-007	1389.83	1315.19	1315.12
1315.02	868.19	583	1.#QNAN	0	0.016	0	7.8151e-007	1374.65	1315.02	1314.96
1314.84	868.052	584	1.#QNAN	0	0.015	0	7.88415e-007	1359.25	1314.84	1314.78
1314.62	867.9	585	1.#QNAN	0	0.016	0	7.61883e-007	1346.18	1314.62	1314.56
1314.47	867.766	586	1.#QNAN	0	0	0	7.70443e-007	1357.31	1314.47	1314.41
1314.26	867.631	587	1.#QNAN	0	0.016	0	7.78653e-007	1344.32	1314.26	1314.21
1314.05	867.495	588	1.#QNAN	0	0.015	0	7.60906e-007	1381.91	1314.05	1314
1313.82	867.363	589	1.#QNAN	0	0.016	0	7.72791e-007	1361.02	1313.82	1313.77
1313.69	867.25	590	1.#QNAN	0	0.015	0	7.57478e-007	1367.73	1313.69	1313.63
1313.54	867.119	591	1.#QNAN	0	0.016	0	7.33313e-007	1363.53	1313.54	1313.48
1313.4	867.002	592	1.#QNAN	0	0.016	0	7.82146e-007	1377.92	1313.4	1313.35
1313.25	866.858	593	1.#QNAN	0	0	0	7.78409e-007	1361.37	1313.25	1313.19
1313	866.671	594	1.#QNAN	0	0.015	0	7.60684e-007	1339.73	1313	1312.95
1312.79	866.544	595	1.#QNAN	0	0.016	0	7.71525e-007	1344.83	1312.79	1312.74
1312.55	866.386	596	1.#QNAN	0	0.015	0	7.61791e-007	1352.01	1312.55	1312.5
1312.38	866.267	597	1.#QNAN	0	0.016	0	7.8598e-007	1388.23	1312.38	1312.33
1312.23	866.143	598	1.#QNAN	0	0.016	0	7.94685e-007	1401.28	1312.23	1312.18
1312.1	866.037	599	1.#QNAN	0	0	0	7.72929e-007	1441.89	1312.1	1312.05
1311.96	865.931	600	1.#QNAN	0	0.015	0	7.54846e-007	1485.77	1311.96	1311.91
1311.81	865.819	601	1.#QNAN	0	0.016	0	7.81807e-007	1485.52	1311.81	1311.75
1311.64	865.707	602	1.#QNAN	0	0.015	0	7.93865e-007	1459.24	1311.64	1311.59
1311.44	865.607	603	1.#QNAN	0	0.016	0	7.47599e-007	1433.81	1311.44	1311.39
1311.25	865.483	604	1.#QNAN	0	0.016	0	7.76653e-007	1425.27	1311.25	1311.2
1311.07	865.357	605	1.#QNAN	0	0	0	7.68556e-007	1412.89	1311.07	1311.02
1310.9	865.24	606	1.#QNAN	0	0.015	0	7.76987e-007	1439.79	1310.9	1310.85
1310.73	865.108	607	1.#QNAN	0	0.016	0	8.18975e-007	1379.71	1310.73	1310.69
1310.55	864.969	608	1.#QNAN	0	0.015	0	7.65405e-007	1433.16	1310.55	1310.52
1310.39	864.852	609	1.#QNAN	0	0.016	0	7.88904e-007	1397.97	1310.39	1310.36
1310.17	864.727	610	1.#QNAN	0	0.016	0	7.74023e-007	1341.63	1310.17	1310.14
1310	864.634	611	1.#QNAN	0	0.015	0	7.62255e-007	1403.66	1310	1309.96
1309.81	864.521	612	1.#QNAN	0	0	0	7.36931e-007	1369.51	1309.81	1309.78
1309.63	864.42	613	1.#QNAN	0	0.016	0	7.78453e-007	1357.85	1309.63	1309.6
1309.45	864.312	614	1.#QNAN	0	0.015	0	7.80238e-007	1333.97	1309.45	1309.42
1309.31	864.195	615	1.#QNAN	0	0.016	0	7.59357e-007	1348.09	1309.31	1309.28
1309.15	864.08	616	1.#QNAN	0	0.016	0	7.99926e-007	1370.39	1309.15	1309.13
1308.99	863.969	617	1.#QNAN	0	0.015	0	7.79007e-007	1346.84	1308.99	1308.97
1308.86	863.866	618	1.#QNAN	0	0	0	7.56205e-007	1356.52	1308.86	1308.84
1308.68	863.766	619	1.#QNAN	0	0.016	0	7.77696e-007	1339.25	1308.68	1308.66
1308.57	863.688	620	1.#QNAN	0	0.015	0	7.67861e-007	1361.06	1308.57	1308.55
1308.44	863.575	621	1.#QNAN	0	0.016	0	7.64692e-007	1351.19	1308.44	1308.42
1308.3	863.47	622	1.#QNAN	0	0.016	0	8.06476e-007	1376.25	1308.3	1308.29
1308.19	863.394	623	1.#QNAN	0	0.015	0	8.1665e-007	1421.08	1308.19	1308.18
1308.1	863.306	624	1.#QNAN	0	0.016	0	7.79027e-007	1397.02	1308.1	1308.08
1307.9	863.215	625	1.#QNAN	0	0	0	7.62739e-007	1391.26	1307.9	1307.89
1307.78	863.117	626	1.#QNAN	0	0	0	7.78759e-007	1418.47	1307.78	1307.77
1307.73	863.054	627	1.#QNAN	0	0.016	0	7.79618e-007	1447.91	1307.73	1307.72
1307.72	862.992	628	1.#QNAN	0	0.016	0	7.70229e-007	1451.53	1307.72	1307.72
1307.69	862.926	629	1.#QNAN	0	0.015	0	7.62802e-007	1433.04	1307.69	1307.68
1307.62	862.866	630	1.#QNAN	0	0.016	0	7.46564e-007	1408.92	1307.62	1307.62
1307.58	862.792	631	1.#QNAN	0	0.015	0	7.70939e-007	1395.53	1307.58	1307.59
1307.55	862.721	632	1.#QNAN	0	0	0	7.79408e-007	1405.74	1307.55	1307.56
1307.46	862.616	633	1.#QNAN	0	0.016	0	7.60225e-007	1376.86	1307.46	1307.48
1307.41	862.516	634	1.#QNAN	0	0.016	0	7.74883e-007	1413.43	1307.41	1307.43
1307.37	862.424	635	1.#QNAN	0	0.015	0	8.01881e-007	1502.64	1307.37	1307.39
1307.33	862.35	636	1.#QNAN	0	0.016	0	7.79691e-007	1440.36	1307.33	1307.36
1307.31	862.267	637	1.#QNAN	0	0.015	0	7.59375e-007	1435.76	1307.31	1307.34
1307.24	862.169	638	1.#QNAN	0	0.016	0	7.71477e-007	1408.68	1307.24	1307.27
1307.21	862.1	639	1.#QNAN	0	0	0	7.74484e-007	1454.47	1307.21	1307.24
1307.16	862.053	640	1.#QNAN	0	0.016	0	7.66533e-007	1451.42	1307.16	1307.2
1307.09	861.969	641	1.#QNAN	0	0.015	0	7.6107e-007	1405.86	1307.09	1307.13
1307.08	861.887	642	1.#QNAN	0	0.016	0	7.78832e-007	1448.63	1307.08	1307.12
1307.12	861.824	643	1.#QNAN	0	0.015	0	7.74935e-007	1484.18	1307.12	1307.17
1307.16	861.762	644	1.#QNAN	0	0.016	0	7.73968e-007	1495.04	1307.16	1307.22
1307.23	861.711	645	1.#QNAN	0	0.016	0	7.87047e-007	1496.47	1307.23	1307.29
1307.27	861.665	646	1.#QNAN	0	0	0	7.59063e-007	1477.01	1307.27	1307.34
1307.33	861.629	647	1.#QNAN	0	0.015	0	7.61119e-007	1490.31	1307.33	1307.4
1307.37	861.603	648	1.#QNAN	0	0.016	0	7.64556e-007	1496.46	1307.37	1307.45
1307.43	861.582	649	1.#QNAN	0	0.015	0	7.67988e-007	1495.2	1307.43	1307.51
1307.47	861.542	650	1.#QNAN	0	0.016	0	7.72829e-007	1462.32	1307.47	1307.56
1307.55	861.517	651	1.#QNAN	0	0.016	0	7.30527e-007	1477.65	1307.55	1307.64
1307.59	861.488	652	1.#QNAN	0	0.015	1	7.60725e-007	1466.59	1307.59	1307.69
1307.66	861.452	653	1.#QNAN	0	0	0	7.54662e-007	1484.09	1307.66	1307.76
1307.65	861.39	654	1.#QNAN	0	0.016	0	7.79098e-007	1432.74	1307.65	1307.76
1307.63	861.307	655	1.#QNAN	0	0.015	0	7.6508e-007	1452.29	1307.63	1307.74
1307.66	861.242	656	1.#QNAN	0	0.016	0	7.98035e-007	1495.26	1307.66	1307.78
1307.64	861.154	657	1.#QNAN	0	0.016	0	7.82674e-007	1463.63	1307.64	1307.76
1307.55	861.041	658	1.#QNAN	0	0.015	0	7.38651e-007	1421.22	1307.55	1307.67
1307.44	860.938	659	1.#QNAN	0	0	0	7.5898e-007	1382.29	1307.44	1307.56
1307.4	860.88	660	1.#QNAN	0	0.016	0	7.90119e-007	1396.04	1307.4	1307.53
1307.33	860.832	661	1.#QNAN	0	0.015	0	7.43339e-007	1371.01	1307.33	1307.46
1307.26	860.781	662	1.#QNAN	0	0.016	0	7.54938e-007	1403.14	1307.26	1307.4
1307.21	860.735	663	1.#QNAN	0	0.016	0	7.8701e-007	1397.88	1307.21	1307.35
1307.16	860.688	664	1.#QNAN	0	0.015	0	7.60684e-007	1417.94	1307.16	1307.3
1307.04	860.597	665	1.#QNAN	0	0	0	7.47845e-007	1377.38	1307.04	1307.19
1306.99	860.538	666	1.#QNAN	0	0.016	0	7.45744e-007	1447.33	1306.99	1307.13
1306.9	860.493	667	1.#QNAN	0	0.015	0	7.88058e-007	1428.22	1306.9	1307.05
1306.8	860.435	668	1.#QNAN	0	0.016	0	7.86434e-007	1466.65	1306.8	1306.95
1306.75	860.374	669	1.#QNAN	0	0.016	0	7.56602e-007	1431.69	1306.75	1306.9
1306.72	860.337	670	1.#QNAN	0	0.015	0	8.08183e-007	1439.56	1306.72	1306.87
1306.69	860.278	671	1.#QNAN	0	0	0	7.68166e-007	1509.13	1306.69	1306.85
1306.62	860.221	672	1.#QNAN	0	0.016	0	8.04229e-007	1434.66	1306.62	1306.78
1306.51	860.164	673	1.#QNAN	0	0.015	0	7.77423e-007	1403.27	1306.51	1306.68
1306.44	860.094	674	1.#QNAN	0	0.016	0	7.84605e-007	1412.25	1306.44	1306.61
1306.36	860.018	675	1.#QNAN	0	0.016	0	7.5111e-007	1371.41	1306.36	1306.53
1306.29	859.927	676	1.#QNAN	0	0.015	0	7.77426e-007	1411.7	1306.29	1306.46
1306.23	859.856	677	1.#QNAN	0	0.016	0	7.67813e-007	1413.26	1306.23	1306.4
1306.2	859.805	678	1.#QNAN	0	0.015	0	7.64441e-007	1430.43	1306.2	1306.38
1306.17	859.741	679	1.#QNAN	0	0	0	8.06e-007	1410.01	1306.17	1306.35
1306.11	859.672	680	1.#QNAN	0	0.016	0	7.83096e-007	1433.67	1306.11	1306.29
1306.03	859.61	681	1.#QNAN	0	0.016	0	7.78033e-007	1434.27	1306.03	1306.21
1305.98	859.558	682	1.#QNAN	0	0.015	0	7.6986e-007	1500.58	1305.98	1306.16
1305.86	859.475	683	1.#QNAN	0	0.016	0	7.48258e-007	1422.72	1305.86	1306.04
1305.73	859.374	684	1.#QNAN	0	0.015	0	7.85821e-007	1386.13	1305.73	1305.91
1305.6	859.288	685	1.#QNAN	0	0	0	8.02167e-007	1386.16	1305.6	1305.78
1305.49	859.209	686	1.#QNAN	0	0.016	0	7.82577e-007	1377.88	1305.49	1305.68
1305.43	859.126	687	1.#QNAN	0	0.016	0	7.86268e-007	1406	1305.43	1305.61
1305.37	859.042	688	1.#QNAN	0	0.015	0	7.56162e-007	1460.83	1305.37	1305.56
1305.24	858.909	689	1.#QNAN	0	0.016	0	7.56624e-007	1368.58	1305.24	1305.43
1305.18	858.828	690	1.#QNAN	0	0.015	0	7.83716e-007	1406.04	1305.18	1305.37
1305.13	858.751	691	1.#QNAN	0	0.016	0	7.9149e-007	1411.65	1305.13	1305.32
1305.06	858.702	692	1.#QNAN	0	0	0	7.75139e-007	1393.45	1305.06	1305.24
1304.94	858.613	693	1.#QNAN	0	0.016	0	7.61871e-007	1366.98	1304.94	1305.13
1304.87	858.555	694	1.#QNAN	0	0.015	0	7.91095e-007	1405.37	1304.87	1305.06
1304.79	858.475	695	1.#QNAN	0	0.016	0	7.63233e-007	1426.07	1304.79	1304.98
1304.68	858.405	696	1.#QNAN	0	0.015	0	7.65363e-007	1379.8	1304.68	1304.87
1304.6	858.335	697	1.#QNAN	0	0.016	0	7.93974e-007	1382.71	1304.6	1304.79
1304.48	858.268	698	1.#QNAN	0	0	0	7.64525e-007	1324.56	1304.48	1304.67
1304.33	858.2	699	1.#QNAN	0	0.016	0	7.69914e-007	1299.99	1304.33	1304.52
1304.2	858.141	700	1.#QNAN	0	0.015	0	7.68291e-007	1324.05	1304.2	1304.4
1304.08	858.083	701	1.#QNAN	0	0.016	0	7.42929e-007	1341.58	1304.08	1304.28
1304.01	858.025	702	1.#QNAN	0	0.015	0	8.04748e-007	1365.71	1304.01	1304.21
1303.98	857.991	703	1.#QNAN	0	0.016	0	7.36389e-007	1414.23	1303.98	1304.19
1303.91	857.94	704	1.#QNAN	0	0.016	0	7.56529e-007	1388.2	1303.91	1304.11
1303.81	857.87	705	1.#QNAN	0	0	0	7.56204e-007	1352.6	1303.81	1304.02
1303.71	857.802	706	1.#QNAN	0	0.015	0	7.55189e-007	1363.43	1303.71	1303.92
1303.63	857.735	707	1.#QNAN	0	0.016	0	7.94609e-007	1351.63	1303.63	1303.84
1303.54	857.668	708	1.#QNAN	0	0.015	0	7.56047e-007	1366.58	1303.54	1303.75
1303.51	857.597	709	1.#QNAN	0	0.016	0	7.39191e-007	1401.01	1303.51	1303.72
1303.46	857.537	710	1.#QNAN	0	0.016	0	8.15009e-007	1388.01	1303.46	1303.67
1303.42	857.45	711	1.#QNAN	0	0	0	7.88649e-007	1410.31	1303.42	1303.63
1303.34	857.356	712	1.#QNAN	0	0.015	0	7.77541e-007	1377.39	1303.34	1303.55
1303.27	857.289	713	1.#QNAN	0	0.016	0	7.98762e-007	1396.43	1303.27	1303.48
1303.18	857.201	714	1.#QNAN	0	0.015	0	7.72838e-007	1399.44	1303.18	1303.39
1303.16	857.126	715	1.#QNAN	0	0.016	0	7.52488e-007	1460.18	1303.16	1303.37
1303.1	857.065	716	1.#QNAN	0	0.016	0	7.87761e-007	1417.46	1303.1	1303.31
1303.05	856.979	717	1.#QNAN	0	0	0	7.72716e-007	1399.29	1303.05	1303.26
1303.03	856.902	718	1.#QNAN	0	0.015	0	7.79443e-007	1442.08	1303.03	1303.24
1303.06	856.86	719	1.#QNAN	0	0.016	0	7.87321e-007	1459.1	1303.06	1303.28
1303.04	856.783	720	1.#QNAN	0	0.015	0	7.8544e-007	1401.81	1303.04	1303.25
1302.99	856.7	721	1.#QNAN	0	0.016	0	7.56991e-007	1416.05	1302.99	1303.2
1303.01	856.634	722	1.#QNAN	0	0.016	0	7.632e-007	1468.71	1303.01	1303.23
1302.98	856.528	723	1.#QNAN	0	0.015	0	7.91951e-007	1450.37	1302.98	1303.2
1302.95	856.466	724	1.#QNAN	0	0	0	7.63507e-007	1408.34	1302.95	1303.17
1302.93	856.366	725	1.#QNAN	0	0.016	0	7.54865e-007	1422.08	1302.93	1303.15
1302.92	856.306	726	1.#QNAN	0	0.015	0	7.37445e-007	1424.16	1302.92	1303.14
1302.89	856.214	727	1.#QNAN	0	0.016	0	7.74154e-007	1377.28	1302.89	1303.12
1302.87	856.135	728	1.#QNAN	0	0.016	1	7.34682e-007	1425.05	1302.87	1303.1
1302.85	856.063	729	1.#QNAN	0	0.015	0	7.65312e-007	1412	1302.85	1303.08
1302.84	856.014	730	1.#QNAN	0	0.016	0	7.83096e-007	1434.95	1302.84	1303.07
1302.78	855.927	731	1.#QNAN	0	0	0	7.42692e-007	1398.2	1302.78	1303.01
1302.71	855.879	732	1.#QNAN	0	0.015	0	7.57257e-007	1378.07	1302.71	1302.94
1302.62	855.801	733	1.#QNAN	0	0.016	0	7.93065e-007	1375.38	1302.62	1302.86
1302.54	855.734	734	1.#QNAN	0	0.016	0	7.9027e-007	1361.9	1302.54	1302.77
1302.43	855.656	735	1.#QNAN	0	0.015	0	7.83813e-007	1348.66	1302.43	1302.67
1302.32	855.563	736	1.#QNAN	0	0.016	0	7.75706e-007	1332.24	1302.32	1302.55
1302.2	855.508	737	1.#QNAN	0	0	0	7.7409e-007	1347.19	1302.2	1302.43
1302.09	855.434	738	1.#QNAN	0	0.015	0	7.66616e-007	1338.4	1302.09	1302.33
1302	855.353	739	1.#QNAN	0	0.016	0	7.49143e-007	1356.78	1302	1302.23
1301.95	855.279	740	1.#QNAN	0	0.016	0	7.63086e-007	1405.9	1301.95	1302.18
1301.92	855.2	741	1.#QNAN	0	0.015	0	7.70077e-007	1453.11	1301.92	1302.15
1301.93	855.162	742	1.#QNAN	0	0.016	0	7.89806e-007	1436.09	1301.93	1302.16
1301.94	855.126	743	1.#QNAN	0	0	0	7.68568e-007	1436.69	1301.94	1302.18
1301.91	855.074	744	1.#QNAN	0	0.015	0	7.96738e-007	1419.67	1301.91	1302.15
1301.87	855.006	745	1.#QNAN	0	0.016	0	7.80501e-007	1392.34	1301.87	1302.1
1301.83	854.94	746	1.#QNAN	0	0.016	0	7.75907e-007	1376.92	1301.83	1302.06
1301.82	854.891	747	1.#QNAN	0	0.015	0	8.18843e-007	1395.66	1301.82	1302.05
1301.8	854.853	748	1.#QNAN	0	0.016	0	7.73712e-007	1387.27	1301.8	1302.04
1301.83	854.812	749	1.#QNAN	0	0.015	0	7.59905e-007	1440.67	1301.83	1302.08
1301.88	854.768	750	1.#QNAN	0	0	0	7.57952e-007	1442.48	1301.88	1302.12
1301.89	854.713	751	1.#QNAN	0	0.016	0	7.77691e-007	1436.99	1301.89	1302.14
1301.87	854.648	752	1.#QNAN	0	0.016	0	7.67873e-007	1416.23	1301.87	1302.12
1301.85	854.566	753	1.#QNAN	0	0.015	0	7.76903e-007	1423.12	1301.85	1302.11
1301.83	854.519	754	1.#QNAN	0	0.016	0	7.5694e-007	1400.1	1301.83	1302.08
1301.81	854.469	755	1.#QNAN	0	0.015	0	7.84299e-007	1392.37	1301.81	1302.06
1301.79	854.442	756	1.#QNAN	0	0	0	7.75947e-007	1386.96	1301.79	1302.05
1301.72	854.375	757	1.#QNAN	0	0.016	0	7.93462e-007	1340.61	1301.72	1301.97
1301.63	854.311	758	1.#QNAN	0	0.016	0	8.00318e-007	1347.2	1301.63	1301.89
1301.59	854.262	759	1.#QNAN	0	0.015	0	7.66891e-007	1361.73	1301.59	1301.84
1301.53	854.21	760	1.#QNAN	0	0.016	0	7.88224e-007	1381.04	1301.53	1301.78
1301.47	854.162	761	1.#QNAN	0	0.015	0	7.67381e-007	1374.01	1301.47	1301.72
1301.36	854.091	762	1.#QNAN	0	0	0	7.72431e-007	1325.09	1301.36	1301.61
1301.27	854.034	763	1.#QNAN	0	0.016	0	7.65111e-007	1346.64	1301.27	1301.52
1301.2	853.984	764	1.#QNAN	0	0.016	0	7.69296e-007	1371.11	1301.2	1301.46
1301.12	853.916	765	1.#QNAN	0	0.015	0	7.98341e-007	1378.82	1301.12	1301.37
1301.06	853.858	766	1.#QNAN	0	0.016	0	7.94366e-007	1413.74	1301.06	1301.31
1300.97	853.814	767	1.#QNAN	0	0.015	0	7.80981e-007	1402.81	1300.97	1301.22
1300.9	853.781	768	1.#QNAN	0	0	0	7.80472e-007	1419.65	1300.9	1301.15
1300.85	853.739	769	1.#QNAN	0	0.016	0	7.93297e-007	1399.23	1300.85	1301.1
1300.82	853.689	770	1.#QNAN	0	0.016	0	7.76175e-007	1394.75	1300.82	1301.07
1300.82	853.657	771	1.#QNAN	0	0.015	0	7.79439e-007	1443.73	1300.82	1301.07
1300.8	853.61	772	1.#QNAN	0	0.016	0	7.60081e-007	1424.99	1300.8	1301.04
1300.76	853.56	773	1.#QNAN	0	0.015	0	7.89942e-007	1388.99	1300.76	1301.01
1300.72	853.511	774	1.#QNAN	0	0	0	7.8886e-007	1396.42	1300.72	1300.98
1300.63	853.457	775	1.#QNAN	0	0.016	0	7.76923e-007	1372.92	1300.63	1300.88
1300.63	853.445	776	1.#QNAN	0	0.016	0	8.07179e-007	1461.93	1300.63	1300.88
1300.61	853.406	777	1.#QNAN	0	0.015	0	7.7376e-007	1442.58	1300.61	1300.86
1300.57	853.343	778	1.#QNAN	0	0.016	0	7.75894e-007	1415.96	1300.57	1300.82
1300.58	853.315	779	1.#QNAN	0	0.015	0	7.86305e-007	1450.56	1300.58	1300.84
1300.54	853.249	780	1.#QNAN	0	0	0	7.60617e-007	1409.78	1300.54	1300.79
1300.5	853.189	781	1.#QNAN	0	0.016	0	7.62362e-007	1423	1300.5	1300.76
1300.46	853.133	782	1.#QNAN	0	0.016	0	7.69728e-007	1384.86	1300.46	1300.72
1300.45	853.088	783	1.#QNAN	0	0.015	0	7.55836e-007	1419.59	1300.45	1300.71
1300.4	853.026	784	1.#QNAN	0	0.016	0	8.17598e-007	1402.77	1300.4	1300.66
1300.32	852.959	785	1.#QNAN	0	0.015	0	7.67167e-007	1363.37	1300.32	1300.57
1300.24	852.915	786	1.#QNAN	0	0.016	0	8.00637e-007	1351.44	1300.24	1300.5
1300.24	852.896	787	1.#QNAN	0	0	0	7.73081e-007	1423.09	1300.24	1300.5
1300.21	852.867	788	1.#QNAN	0	0.016	0	7.7615e-007	1385.49	1300.21	1300.47
1300.14	852.822	789	1.#QNAN	0	0.015	0	7.75086e-007	1370.28	1300.14	1300.4
1300.12	852.81	790	1.#QNAN	0	0.016	0	7.61705e-007	1417.44	1300.12	1300.38
1300.12	852.79	791	1.#QNAN	0	0.015	0	7.88424e-007	1409.78	1300.12	1300.39
1300.1	852.768	792	1.#QNAN	0	0.016	0	7.84989e-007	1399.84	1300.1	1300.37
1300.08	852.749	793	1.#QNAN	0	0	0	7.68899e-007	1397.29	1300.08	1300.35
1300.06	852.728	794	1.#QNAN	0	0.016	0	8.14647e-007	1398.4	1300.06	1300.33
1300.03	852.722	795	1.#QNAN	0	0.015	0	7.67911e-007	1410.93	1300.03	1300.29
1300.03	852.711	796	1.#QNAN	0	0.016	0	7.85574e-007	1425.98	1300.03	1300.3
1300	852.679	797	1.#QNAN	0	0.015	0	7.75983e-007	1422.02	1300	1300.27
1299.97	852.674	798	1.#QNAN	0	0.016	0	7.63464e-007	1417.48	1299.97	1300.24
1299.9	852.643	799	1.#QNAN	0	0.016	0	7.7697e-007	1402.43	1299.9	1300.17
1299.83	852.63	800	1.#QNAN	0	0	0	7.67762e-007	1384.86	1299.83	1300.1
1299.72	852.575	801	1.#QNAN	0	0.015	0	7.70506e-007	1350.25	1299.72	1299.99
1299.68	852.539	802	1.#QNAN	0	0.016	0	7.56904e-007	1381.61	1299.68	1299.95
1299.6	852.496	803	1.#QNAN	0	0.015	0	7.8203e-007	1341.76	1299.6	1299.87
1299.56	852.469	804	1.#QNAN	0	0.016	1	8.17927e-007	1382.39	1299.56	1299.82
1299.5	852.44	805	1.#QNAN	0	0.016	0	7.72347e-007	1392.13	1299.5	1299.76
1299.49	852.432	806	1.#QNAN	0	0.015	0	7.74154e-007	1415.04	1299.49	1299.75
1299.45	852.391	807	1.#QNAN	0	0	0	8.02555e-007	1379.97	1299.45	1299.72
1299.45	852.363	808	1.#QNAN	0	0.016	0	7.82819e-007	1418.42	1299.45	1299.71
1299.42	852.317	809	1.#QNAN	0	0.015	0	7.7825e-007	1414.05	1299.42	1299.69
1299.4	852.269	810	1.#QNAN	0	0.016	0	7.82866e-007	1371.94	1299.4	1299.67
1299.41	852.244	811	1.#QNAN	0	0.016	0	7.5886e-007	1415.12	1299.41	1299.68
1299.41	852.221	812	1.#QNAN	0	0.015	0	7.95007e-007	1424.25	1299.41	1299.69
1299.41	852.205	813	1.#QNAN	0	0	0	7.72343e-007	1418.15	1299.41	1299.68
1299.44	852.194	814	1.#QNAN	0	0.016	0	7.88913e-007	1436.12	1299.44	1299.72
1299.46	852.167	815	1.#QNAN	0	0.015	0	7.81662e-007	1432.38	1299.46	1299.73
1299.48	852.138	816	1.#QNAN	0	0.016	0	8.10439e-007	1433.11	1299.48	1299.76
1299.53	852.107	817	1.#QNAN	0	0.016	0	7.76378e-007	1475.17	1299.53	1299.8
1299.59	852.107	818	1.#QNAN	0	0.015	0	7.84811e-007	1504.98	1299.59	1299.87
1299.65	852.099	819	1.#QNAN	0	0	0	7.70994e-007	1478.66	1299.65	1299.93
1299.69	852.08	820	1.#QNAN	0	0.016	0	7.63953e-007	1464.11	1299.69	1299.97
1299.71	852.062	821	1.#QNAN	0	0.015	0	7.84362e-007	1488.8	1299.71	1299.99
1299.72	852.048	822	1.#QNAN	0	0.016	0	7.96124e-007	1464.03	1299.72	1300
1299.72	852.023	823	1.#QNAN	0	0.016	0	7.62341e-007	1451.21	1299.72	1300
1299.7	851.969	824	1.#QNAN	0	0.015	0	7.60428e-007	1463.08	1299.7	1299.98
1299.68	851.899	825	1.#QNAN	0	0.016	0	7.9963e-007	1498.29	1299.68	1299.96
1299.7	851.872	826	1.#QNAN	0	0	0	7.72774e-007	1498.66	1299.7	1299.98
1299.72	851.855	827	1.#QNAN	0	0.015	0	7.82241e-007	1466.62	1299.72	1300
1299.76	851.841	828	1.#QNAN	0	0.016	0	7.47532e-007	1518.69	1299.76	1300.04
1299.81	851.84	829	1.#QNAN	0	0.016	0	7.96133e-007	1573.12	1299.81	1300.1
1299.8	851.795	830	1.#QNAN	0	0.015	0	8.16135e-007	1444.06	1299.8	1300.08
1299.75	851.752	831	1.#QNAN	0	0.016	0	7.93429e-007	1388.6	1299.75	1300.03
1299.82	851.753	832	1.#QNAN	0	0	0	7.88496e-007	1524.04	1299.82	1300.1
1299.9	851.744	833	1.#QNAN	0	0.015	0	7.84806e-007	1533.26	1299.9	1300.18
1299.95	851.733	834	1.#QNAN	0	0.016	0	8.17401e-007	1528.33	1299.95	1300.24
1299.98	851.711	835	1.#QNAN	0	0.016	0	7.81975e-007	1491.74	1299.98	1300.27
1300.03	851.676	836	1.#QNAN	0	0.015	0	7.57029e-007	1543.43	1300.03	1300.32
1300.06	851.671	837	1.#QNAN	0	0.016	0	7.88577e-007	1452.85	1300.06	1300.35
1300.13	851.655	838	1.#QNAN	0	0.015	0	8.18321e-007	1488.48	1300.13	1300.42
1300.25	851.675	839	1.#QNAN	0	0	0	7.95509e-007	1578.46	1300.25	1300.55
1300.39	851.689	840	1.#QNAN	0	0.016	0	7.81902e-007	1562.77	1300.39	1300.69
1300.48	851.702	841	1.#QNAN	0	0.016	0	7.6742e-007	1513.05	1300.48	1300.78
1300.57	851.715	842	1.#QNAN	0	0.015	0	7.86404e-007	1501.33	1300.57	1300.87
1300.65	851.713	843	1.#QNAN	0	0.016	0	7.84981e-007	1487.19	1300.65	1300.96
1300.73	851.716	844	1.#QNAN	0	0.015	0	7.91941e-007	1479.83	1300.73	1301.04
1300.79	851.715	845	1.#QNAN	0	0	0	7.88349e-007	1510.63	1300.79	1301.1
1300.87	851.705	846	1.#QNAN	0	0.016	0	7.94523e-007	1502.79	1300.87	1301.19
1300.94	851.696	847	1.#QNAN	0	0.016	0	7.7678e-007	1479.28	1300.94	1301.25
1300.93	851.674	848	1.#QNAN	0	0.015	0	7.81454e-007	1408.78	1300.93	1301.24
1300.93	851.65	849	1.#QNAN	0	0.016	0	7.74954e-007	1417.33	1300.93	1301.24
1300.97	851.643	850	1.#QNAN	0	0.015	0	7.8171e-007	1493.57	1300.97	1301.29
1301.01	851.619	851	1.#QNAN	0	0	0	8.1632e-007	1491.27	1301.01	1301.33
1301.06	851.605	852	1.#QNAN	0	0.016	0	7.5799e-007	1480.78	1301.06	1301.38
1301.12	851.58	853	1.#QNAN	0	0.016	0	8.03099e-007	1503.01	1301.12	1301.44
1301.22	851.584	854	1.#QNAN	0	0.015	0	7.92081e-007	1546.39	1301.22	1301.54
1301.29	851.568	855	1.#QNAN	0	0.016	0	7.93425e-007	1519.46	1301.29	1301.62
1301.34	851.551	856	1.#QNAN	0	0.015	0	8.09269e-007	1497.37	1301.34	1301.67
1301.41	851.54	857	1.#QNAN	0	0.016	0	7.62064e-007	1513.25	1301.41	1301.73
1301.43	851.513	858	1.#QNAN	0	0.016	0	7.57633e-007	1433.36	1301.43	1301.76
1301.48	851.487	859	1.#QNAN	0	0	0	7.9946e-007	1465.43	1301.48	1301.8
1301.54	851.45	860	1.#QNAN	0	0.015	0	7.70356e-007	1491.26	1301.54	1301.87
1301.59	851.411	861	1.#QNAN	0	0.016	0	7.67681e-007	1478.81	1301.59	1301.92
1301.65	851.401	862	1.#QNAN	0	0.015	0	7.88805e-007	1488.29	1301.65	1301.98
1301.69	851.384	863	1.#QNAN	0	0.016	0	7.42387e-007	1464.41	1301.69	1302.02
1301.7	851.36	864	1.#QNAN	0	0.016	0	7.66581e-007	1469.28	1301.7	1302.03
1301.73	851.337	865	1.#QNAN	0	0	0	7.92589e-007	1481.19	1301.73	1302.07
1301.73	851.312	866	1.#QNAN	0	0.015	0	7.82173e-007	1427.85	1301.73	1302.07
1301.77	851.304	867	1.#QNAN	0	0.016	0	7.79556e-007	1485.6	1301.77	1302.1
1301.78	851.286	868	1.#QNAN	0	0.015	0	7.79988e-007	1449.24	1301.78	1302.11
1301.75	851.26	869	1.#QNAN	0	0.016	0	8.07251e-007	1445.35	1301.75	1302.09
1301.76	851.247	870	1.#QNAN	0	0.016	0	7.5555e-007	1492.61	1301.76	1302.1
1301.76	851.238	871	1.#QNAN	0	0	0	7.97018e-007	1478.4	1301.76	1302.1
1301.74	851.22	872	1.#QNAN	0	0.015	0	7.72925e-007	1416.77	1301.74	1302.08
1301.7	851.192	873	1.#QNAN	0	0.016	0	7.81723e-007	1402.28	1301.7	1302.04
1301.68	851.15	874	1.#QNAN	0	0.015	0	7.81805e-007	1386.42	1301.68	1302.01
1301.66	851.124	875	1.#QNAN	0	0.016	0	8.12985e-007	1383.47	1301.66	1301.99
1301.66	851.103	876	1.#QNAN	0	0.016	0	7.74481e-007	1410.97	1301.66	1301.99
1301.7	851.103	877	1.#QNAN	0	0.015	0	7.85777e-007	1466.03	1301.7	1302.04
1301.73	851.077	878	1.#QNAN	0	0	0	8.00114e-007	1472.01	1301.73	1302.07
1301.75	851.056	879	1.#QNAN	0	0.016	0	8.02572e-007	1428.56	1301.75	1302.09
1301.78	851.029	880	1.#QNAN	0	0.015	1	7.85583e-007	1429.92	1301.78	1302.11
1301.75	850.985	881	1.#QNAN	0	0.016	0	7.82386e-007	1404.16	1301.75	1302.09
1301.77	850.949	882	1.#QNAN	0	0.016	0	7.56555e-007	1438.92	1301.77	1302.1
1301.72	850.91	883	1.#QNAN	0	0.015	0	7.97296e-007	1375.63	1301.72	1302.06
1301.65	850.853	884	1.#QNAN	0	0.016	0	7.331e-007	1386.03	1301.65	1301.99
1301.58	850.802	885	1.#QNAN	0	0.015	0	7.76772e-007	1373.46	1301.58	1301.92
1301.5	850.753	886	1.#QNAN	0	0	0	7.8898e-007	1330.48	1301.5	1301.83
1301.43	850.708	887	1.#QNAN	0	0.016	0	7.68731e-007	1354.19	1301.43	1301.77
1301.37	850.651	888	1.#QNAN	0	0.016	0	7.93496e-007	1348.45	1301.37	1301.71
1301.29	850.61	889	1.#QNAN	0	0.015	0	7.71022e-007	1343.21	1301.29	1301.62
1301.21	850.566	890	1.#QNAN	0	0.016	0	7.68956e-007	1343.82	1301.21	1301.54
1301.09	850.502	891	1.#QNAN	0	0.015	0	7.75422e-007	1293.71	1301.09	1301.42
1301	850.442	892	1.#QNAN	0	0	0	7.83606e-007	1349.23	1301	1301.33
1300.98	850.416	893	1.#QNAN	0	0.016	0	7.73992e-007	1445.98	1300.98	1301.32
1300.91	850.366	894	1.#QNAN	0	0.016	0	7.44767e-007	1395.48	1300.91	1301.24
1300.88	850.327	895	1.#QNAN	0	0.015	0	7.85877e-007	1413.9	1300.88	1301.21
1300.85	850.308	896	1.#QNAN	0	0.016	0	8.09689e-007	1460.54	1300.85	1301.19
1300.79	850.26	897	1.#QNAN	0	0.015	0	7.93205e-007	1446.73	1300.79	1301.13
1300.77	850.236	898	1.#QNAN	0	0	0	7.7356e-007	1463.39	1300.77	1301.1
1300.74	850.204	899	1.#QNAN	0	0.016	0	8.02008e-007	1447.51	1300.74	1301.08
1300.75	850.191	900	1.#QNAN	0	0.016	0	7.67642e-007	1469.85	1300.75	1301.08
1300.74	850.157	901	1.#QNAN	0	0.015	0	7.36763e-007	1462.71	1300.74	1301.08
1300.73	850.144	902	1.#QNAN	0	0.016	0	7.99061e-007	1461.79	1300.73	1301.06
1300.65	850.109	903	1.#QNAN	0	0.015	0	7.75006e-007	1427	1300.65	1300.99
1300.56	850.067	904	1.#QNAN	0	0.016	0	7.81549e-007	1353.87	1300.56	1300.89
1300.48	850.038	905	1.#QNAN	0	0	0	7.7923e-007	1351.77	1300.48	1300.81
1300.38	850.01	906	1.#QNAN	0	0.016	0	7.7691e-007	1353.29	1300.38	1300.71
1300.31	849.96	907	1.#QNAN	0	0.015	0	7.76113e-007	1361.95	1300.31	1300.64
1300.22	849.937	908	1.#QNAN	0	0.016	0	7.91678e-007	1359.97	1300.22	1300.55
1300.14	849.905	909	1.#QNAN	0	0.015	0	8.09043e-007	1376.25	1300.14	1300.46
1300.06	849.881	910	1.#QNAN	0	0.016	0	7.65436e-007	1399.3	1300.06	1300.39
1299.98	849.846	911	1.#QNAN	0	0	0	7.82108e-007	1417.43	1299.98	1300.31
1299.9	849.804	912	1.#QNAN	0	0.016	0	7.66319e-007	1399.87	1299.9	1300.22
1299.84	849.76	913	1.#QNAN	0	0.015	0	7.79578e-007	1400.77	1299.84	1300.16
1299.8	849.738	914	1.#QNAN	0	0.016	0	7.6324e-007	1434.76	1299.8	1300.12
1299.73	849.708	915	1.#QNAN	0	0.015	0	7.98476e-007	1413.47	1299.73	1300.06
1299.68	849.677	916	1.#QNAN	0	0.016	0	7.67797e-007	1410.76	1299.68	1300
1299.63	849.661	917	1.#QNAN	0	0	0	7.66264e-007	1417.18	1299.63	1299.95
1299.62	849.644	918	1.#QNAN	0	0.016	0	7.9405e-007	1419.85	1299.62	1299.94
1299.63	849.655	919	1.#QNAN	0	0.015	0	7.62359e-007	1460.19	1299.63	1299.95
1299.65	849.669	920	1.#QNAN	0	0.016	0	7.68207e-007	1467.85	1299.65	1299.97
1299.68	849.659	921	1.#QNAN	0	0.015	0	7.8276e-007	1458.53	1299.68	1300
1299.72	849.67	922	1.#QNAN	0	0.016	0	7.89664e-007	1529.52	1299.72	1300.04
1299.75	849.663	923	1.#QNAN	0	0	0	7.70049e-007	1489.18	1299.75	1300.07
1299.76	849.646	924	1.#QNAN	0	0.016	0	7.8603e-007	1455.75	1299.76	1300.08
1299.8	849.643	925	1.#QNAN	0	0.015	0	7.64764e-007	1464.29	1299.8	1300.12
1299.87	849.645	926	1.#QNAN	0	0.016	0	7.94953e-007	1517.52	1299.87	1300.2
1299.95	849.656	927	1.#QNAN	0	0.015	0	7.6234e-007	1505.38	1299.95	1300.28
1300.04	849.669	928	1.#QNAN	0	0.016	0	7.67222e-007	1547.68	1300.04	1300.37
1300.11	849.682	929	1.#QNAN	0	0	0	7.90758e-007	1508.89	1300.11	1300.44
1300.19	849.708	930	1.#QNAN	0	0.016	0	7.7812e-007	1546.78	1300.19	1300.52
1300.29	849.734	931	1.#QNAN	0	0.015	0	7.75329e-007	1548.66	1300.29	1300.62
1300.37	849.763	932	1.#QNAN	0	0.016	0	7.78342e-007	1529.05	1300.37	1300.7
1300.42	849.771	933	1.#QNAN	0	0.015	0	7.79947e-007	1486.73	1300.42	1300.75
1300.45	849.784	934	1.#QNAN	0	0.016	0	7.7266e-007	1451.44	1300.45	1300.79
1300.49	849.806	935	1.#QNAN	0	0.016	0	7.57408e-007	1489.22	1300.49	1300.83
1300.53	849.816	936	1.#QNAN	0	0.015	0	7.46616e-007	1486.96	1300.53	1300.87
1300.55	849.821	937	1.#QNAN	0	0	0	7.74276e-007	1498.82	1300.55	1300.89
1300.59	849.839	938	1.#QNAN	0	0.016	0	7.6511e-007	1500.14	1300.59	1300.93
1300.63	849.835	939	1.#QNAN	0	0.015	0	7.70501e-007	1495.19	1300.63	1300.97
1300.7	849.849	940	1.#QNAN	0	0.016	0	8.08688e-007	1507.54	1300.7	1301.04
1300.76	849.85	941	1.#QNAN	0	0.016	0	7.96258e-007	1500.89	1300.76	1301.11
1300.82	849.847	942	1.#QNAN	0	0.015	0	7.68873e-007	1512.48	1300.82	1301.17
1300.93	849.844	943	1.#QNAN	0	0.016	0	7.92256e-007	1534.45	1300.93	1301.28
1301.01	849.836	944	1.#QNAN	0	0	0	7.70911e-007	1528.91	1301.01	1301.36
1301.11	849.831	945	1.#QNAN	0	0.015	0	7.63593e-007	1535.22	1301.11	1301.46
1301.15	849.803	946	1.#QNAN	0	0.016	0	7.82361e-007	1491.53	1301.15	1301.5
1301.22	849.808	947	1.#QNAN	0	0.016	0	7.87884e-007	1463.77	1301.22	1301.57
1301.31	849.799	948	1.#QNAN	0	0.015	0	7.76231e-007	1513.02	1301.31	1301.67
1301.39	849.782	949	1.#QNAN	0	0.016	0	8.22996e-007	1530.41	1301.39	1301.75
1301.44	849.775	950	1.#QNAN	0	0	0	7.90157e-007	1478.17	1301.44	1301.81
1301.49	849.766	951	1.#QNAN	0	0.015	0	7.84799e-007	1472.16	1301.49	1301.86
1301.53	849.761	952	1.#QNAN	0	0.016	0	7.54056e-007	1450.88	1301.53	1301.9
1301.55	849.751	953	1.#QNAN	0	0.016	0	7.58818e-007	1422.37	1301.55	1301.92
1301.56	849.747	954	1.#QNAN	0	0.015	0	7.69254e-007	1415.05	1301.56	1301.93
1301.6	849.734	955	1.#QNAN	0	0.016	1	7.80584e-007	1427.22	1301.6	1301.96
1301.6	849.71	956	1.#QNAN	0	0.015	0	7.93443e-007	1413.57	1301.6	1301.97
1301.64	849.703	957	1.#QNAN	0	0	0	7.98942e-007	1426.11	1301.64	1302.01
1301.69	849.707	958	1.#QNAN	0	0.016	0	7.81089e-007	1441.9	1301.69	1302.06
1301.71	849.7	959	1.#QNAN	0	0.016	0	7.76193e-007	1401.78	1301.71	1302.08
1301.76	849.698	960	1.#QNAN	0	0.015	0	7.69184e-007	1443.71	1301.76	1302.14
1301.8	849.7	961	1.#QNAN	0	0.016	0	7.86812e-007	1425.45	1301.8	1302.18
1301.83	849.709	962	1.#QNAN	0	0.015	0	7.93014e-007	1438.39	1301.83	1302.21
1301.86	849.715	963	1.#QNAN	0	0.016	0	7.57791e-007	1430.63	1301.86	1302.24
1301.87	849.702	964	1.#QNAN	0	0.016	0	7.81007e-007	1403	1301.87	1302.25
1301.9	849.706	965	1.#QNAN	0	0	0	7.76509e-007	1432.92	1301.9	1302.28
1301.92	849.69	966	1.#QNAN	0	0.015	0	7.63309e-007	1432.35	1301.92	1302.3
1301.91	849.664	967	1.#QNAN	0	0.016	0	8.01335e-007	1381.11	1301.91	1302.29
1301.9	849.651	968	1.#QNAN	0	0.015	0	7.83294e-007	1387.43	1301.9	1302.28
1301.9	849.629	969	1.#QNAN	0	0.016	0	7.7786e-007	1406.38	1301.9	1302.28
1301.88	849.599	970	1.#QNAN	0	0.016	0	7.93767e-007	1388.36	1301.88	1302.27
1301.82	849.562	971	1.#QNAN	0	0	0	7.9561e-007	1336.71	1301.82	1302.2
1301.79	849.524	972	1.#QNAN	0	0.015	0	8.19479e-007	1375.66	1301.79	1302.18
1301.74	849.491	973	1.#QNAN	0	0.016	0	7.89833e-007	1342.38	1301.74	1302.13
1301.74	849.471	974	1.#QNAN	0	0.015	0	7.9889e-007	1402.45	1301.74	1302.13
1301.77	849.46	975	1.#QNAN	0	0.016	0	7.93265e-007	1440.02	1301.77	1302.16
1301.81	849.44	976	1.#QNAN	0	0.016	0	7.83416e-007	1423.99	1301.81	1302.2
1301.83	849.416	977	1.#QNAN	0	0.015	0	7.90025e-007	1400.79	1301.83	1302.22
1301.89	849.399	978	1.#QNAN	0	0	0	7.74232e-007	1450.24	1301.89	1302.28
1301.88	849.357	979	1.#QNAN	0	0.016	0	7.75274e-007	1387.44	1301.88	1302.28
1301.89	849.34	980	1.#QNAN	0	0.015	0	7.57769e-007	1406.59	1301.89	1302.29
1301.92	849.323	981	1.#QNAN	0	0.016	0	7.80118e-007	1419.24	1301.92	1302.32
1301.92	849.3	982	1.#QNAN	0	0.016	0	7.83232e-007	1391.24	1301.92	1302.32
1301.91	849.275	983	1.#QNAN	0	0.015	0	7.59435e-007	1404.15	1301.91	1302.31
1301.92	849.26	984	1.#QNAN	0	0	0	7.72602e-007	1441.87	1301.92	1302.32
1301.93	849.241	985	1.#QNAN	0	0.016	0	7.76584e-007	1410.83	1301.93	1302.33
1301.93	849.234	986	1.#QNAN	0	0.016	0	7.72732e-007	1414.79	1301.93	1302.33
1301.89	849.23	987	1.#QNAN	0	0.015	0	8.10771e-007	1386.93	1301.89	1302.29
1301.9	849.215	988	1.#QNAN	0	0.016	0	8.0906e-007	1392.43	1301.9	1302.3
1301.92	849.215	989	1.#QNAN	0	0.015	0	7.79168e-007	1433.5	1301.92	1302.32
1301.94	849.208	990	1.#QNAN	0	0	0	7.8378e-007	1417.16	1301.94	1302.34
1301.94	849.185	991	1.#QNAN	0	0.016	0	7.96946e-007	1414.54	1301.94	1302.34
1301.97	849.183	992	1.#QNAN	0	0.016	0	7.79882e-007	1457.4	1301.97	1302.38
1301.97	849.158	993	1.#QNAN	0	0.015	0	7.79476e-007	1416.41	1301.97	1302.37
1301.97	849.14	994	1.#QNAN	0	0.016	0	7.61315e-007	1446.95	1301.97	1302.37
1301.92	849.112	995	1.#QNAN	0	0.015	0	7.92398e-007	1386.14	1301.92	1302.33
1301.91	849.125	996	1.#QNAN	0	0	0	7.66628e-007	1424.84	1301.91	1302.31
1301.89	849.114	997	1.#QNAN	0	0.016	0	7.82593e-007	1406.83	1301.89	1302.3
1301.87	849.102	998	1.#QNAN	0	0.016	0	8.16988e-007	1423.48	1301.87	1302.28
1301.89	849.088	999	1.#QNAN	0	0.015	0	7.56367e-007	1461.77	1301.89	1302.3
1301.86	849.068	1000	1.#QNAN	0	0.016	0	7.54716e-007	1396.62	1301.86	1302.26
1301.87	849.063	1001	1.#QNAN	0	0.015	0	7.39721e-007	1419.97	1301.87	1302.28
1301.87	849.052	1002	1.#QNAN	0	0.016	0	7.54425e-007	1418.02	1301.87	1302.27
1301.85	849.027	1003	1.#QNAN	0	0	0	7.75606e-007	1403.47	1301.85	1302.26
1301.8	848.993	1004	1.#QNAN	0	0.016	0	7.68288e-007	1409.37	1301.8	1302.21
1301.77	848.973	1005	1.#QNAN	0	0.015	0	7.54118e-007	1408.68	1301.77	1302.18
1301.75	848.97	1006	1.#QNAN	0	0.016	0	7.53613e-007	1410.81	1301.75	1302.16
1301.71	848.936	1007	1.#QNAN	0	0.015	0	7.67729e-007	1377.02	1301.71	1302.12
1301.68	848.895	1008	1.#QNAN	0	0.016	0	7.86137e-007	1398.49	1301.68	1302.09
1301.64	848.849	1009	1.#QNAN	0	0.016	0	7.63935e-007	1418.01	1301.64	1302.05
1301.62	848.822	1010	1.#QNAN	0	0	0	8.20384e-007	1422.3	1301.62	1302.03
1301.62	848.811	1011	1.#QNAN	0	0.015	0	8.0197e-007	1442.44	1301.62	1302.04
1301.57	848.783	1012	1.#QNAN	0	0.016	0	7.73452e-007	1394.66	1301.57	1301.98
1301.55	848.761	1013	1.#QNAN	0	0.015	0	7.77561e-007	1416.71	1301.55	1301.96
1301.54	848.749	1014	1.#QNAN	0	0.016	0	7.97511e-007	1427.88	1301.54	1301.96
1301.48	848.706	1015	1.#QNAN	0	0.016	0	7.92395e-007	1386.84	1301.48	1301.9
1301.46	848.681	1016	1.#QNAN	0	0	0	7.9136e-007	1418.38	1301.46	1301.88
1301.47	848.657	1017	1.#QNAN	0	0.015	0	8.12159e-007	1428.6	1301.47	1301.89
1301.45	848.642	1018	1.#QNAN	0	0.016	0	7.90978e-007	1420.76	1301.45	1301.87
1301.47	848.642	1019	1.#QNAN	0	0.015	0	8.01468e-007	1450.89	1301.47	1301.89
1301.5	848.663	1020	1.#QNAN	0	0.016	0	7.72462e-007	1512.33	1301.5	1301.92
1301.5	848.671	1021	1.#QNAN	0	0.016	0	7.61044e-007	1466.58	1301.5	1301.92
1301.54	848.688	1022	1.#QNAN	0	0.015	0	7.65335e-007	1479.36	1301.54	1301.96
1301.57	848.691	1023	1.#QNAN	0	0	0	7.81964e-007	1463.59	1301.57	1301.99
1301.59	848.679	1024	1.#QNAN	0	0.016	0	7.99132e-007	1471.92	1301.59	1302.01
1301.59	848.656	1025	1.#QNAN	0	0.015	0	7.27622e-007	1448.3	1301.59	1302.01
1301.62	848.655	1026	1.#QNAN	0	0.016	0	7.77126e-007	1477.56	1301.62	1302.04
1301.64	848.658	1027	1.#QNAN	0	0.016	0	7.60338e-007	1445.38	1301.64	1302.07
1301.63	848.638	1028	1.#QNAN	0	0.015	1	7.69899e-007	1428.39	1301.63	1302.06
1301.65	848.626	1029	1.#QNAN	0	0.016	0	7.77768e-007	1409.09	1301.65	1302.07
1301.72	848.628	1030	1.#QNAN	0	0	0	7.68891e-007	1514.09	1301.72	1302.15
1301.77	848.619	1031	1.#QNAN	0	0.015	0	8.17095e-007	1474.24	1301.77	1302.2
1301.8	848.602	1032	1.#QNAN	0	0.016	0	7.86275e-007	1443.48	1301.8	1302.23
1301.82	848.583	1033	1.#QNAN	0	0.016	0	7.66314e-007	1441.81	1301.82	1302.25
1301.84	848.549	1034	1.#QNAN	0	0.015	0	7.69079e-007	1469.86	1301.84	1302.27
1301.89	848.534	1035	1.#QNAN	0	0.016	0	7.58082e-007	1503.85	1301.89	1302.32
1301.89	848.506	1036	1.#QNAN	0	0	0	7.58898e-007	1413.69	1301.89	1302.32
1301.9	848.496	1037	1.#QNAN	0	0.015	0	7.81822e-007	1452.16	1301.9	1302.33
1301.88	848.483	1038	1.#QNAN	0	0.016	0	7.76222e-007	1430.89	1301.88	1302.31
1301.85	848.459	1039	1.#QNAN	0	0.016	0	7.72623e-007	1407.86	1301.85	1302.28
1301.83	848.428	1040	1.#QNAN	0	0.015	0	7.82909e-007	1414.61	1301.83	1302.26
1301.8	848.396	1041	1.#QNAN	0	0.016	0	8.27552e-007	1405.7	1301.8	1302.23
1301.77	848.378	1042	1.#QNAN	0	0.015	0	7.57399e-007	1400.36	1301.77	1302.2
1301.75	848.351	1043	1.#QNAN	0	0	0	7.6211e-007	1403.94	1301.75	1302.18
1301.76	848.33	1044	1.#QNAN	0	0.016	0	7.7765e-007	1413.42	1301.76	1302.19
1301.76	848.296	1045	1.#QNAN	0	0.016	0	7.85193e-007	1419.41	1301.76	1302.19
1301.78	848.265	1046	1.#QNAN	0	0.015	0	7.58578e-007	1441.52	1301.78	1302.21
1301.83	848.249	1047	1.#QNAN	0	0.016	0	7.68043e-007	1475.9	1301.83	1302.27
1301.89	848.233	1048	1.#QNAN	0	0.015	0	7.76807e-007	1511.08	1301.89	1302.32
1301.91	848.212	1049	1.#QNAN	0	0	0	7.81427e-007	1476.63	1301.91	1302.34
1301.95	848.2	1050	1.#QNAN	0	0.016	0	7.83578e-007	1479.37	1301.95	1302.39
1302.02	848.199	1051	1.#QNAN	0	0.016	0	7.89182e-007	1500.79	1302.02	1302.46
1302.06	848.174	1052	1.#QNAN	0	0.015	0	7.56285e-007	1474.62	1302.06	1302.5
1302.11	848.166	1053	1.#QNAN	0	0.016	0	7.77574e-007	1493.14	1302.11	1302.56
1302.14	848.145	1054	1.#QNAN	0	0.015	0	7.80892e-007	1449.7	1302.14	1302.58
1302.14	848.117	1055	1.#QNAN	0	0.016	0	7.75309e-007	1438.01	1302.14	1302.59
1302.14	848.085	1056	1.#QNAN	0	0	0	7.78137e-007	1424.4	1302.14	1302.59
1302.12	848.051	1057	1.#QNAN	0	0.016	0	7.82347e-007	1408.27	1302.12	1302.56
1302.06	847.999	1058	1.#QNAN	0	0.015	0	7.88688e-007	1369.44	1302.06	1302.51
1302.09	847.962	1059	1.#QNAN	0	0.016	0	7.81761e-007	1468.61	1302.09	1302.54
1302.11	847.921	1060	1.#QNAN	0	0.015	0	8.01757e-007	1415.06	1302.11	1302.56
1302.11	847.893	1061	1.#QNAN	0	0.016	0	7.85371e-007	1393.93	1302.11	1302.57
1302.09	847.845	1062	1.#QNAN	0	0	0	7.60917e-007	1390.99	1302.09	1302.54
1302.1	847.823	1063	1.#QNAN	0	0.016	0	8.11782e-007	1439.42	1302.1	1302.55
1302.1	847.795	1064	1.#QNAN	0	0.015	0	7.70063e-007	1422.04	1302.1	1302.55
1302.11	847.775	1065	1.#QNAN	0	0.016	0	7.78998e-007	1415.41	1302.11	1302.57
1302.11	847.765	1066	1.#QNAN	0	0.015	0	7.69157e-007	1393.67	1302.11	1302.56
1302.12	847.742	1067	1.#QNAN	0	0.016	0	7.66506e-007	1433.37	1302.12	1302.58
1302.15	847.729	1068	1.#QNAN	0	0	0	7.88494e-007	1430.53	1302.15	1302.6
1302.13	847.696	1069	1.#QNAN	0	0	0	7.77146e-007	1375.92	1302.13	1302.58
1302.12	847.661	1070	1.#QNAN	0	0.015	0	8.19939e-007	1398.88	1302.12	1302.57
1302.1	847.631	1071	1.#QNAN	0	0.016	0	7.41414e-007	1396.9	1302.1	1302.55
1302.09	847.608	1072	1.#QNAN	0	0.015	0	7.70747e-007	1456.93	1302.09	1302.55
1302.07	847.579	1073	1.#QNAN	0	0.016	0	7.81605e-007	1423.3	1302.07	1302.53
1302.03	847.537	1074	1.#QNAN	0	0.016	0	7.75676e-007	1380.38	1302.03	1302.49
1302.06	847.517	1075	1.#QNAN	0	0	0	7.93827e-007	1454.23	1302.06	1302.52
1302.06	847.493	1076	1.#QNAN	0	0.015	0	7.89158e-007	1430.02	1302.06	1302.52
1302.1	847.47	1077	1.#QNAN	0	0.016	0	7.99779e-007	1483.4	1302.1	1302.56
1302.12	847.451	1078	1.#QNAN	0	0.015	0	8.06161e-007	1427.64	1302.12	1302.59
1302.15	847.419	1079	1.#QNAN	0	0.016	0	7.80412e-007	1445.56	1302.15	1302.61
1302.12	847.386	1080	1.#QNAN	0	0.016	0	7.92474e-007	1396.54	1302.12	1302.59
1302.1	847.353	1081	1.#QNAN	0	0	0	7.59891e-007	1415.74	1302.1	1302.56
1302.08	847.326	1082	1.#QNAN	0	0.015	0	7.94717e-007	1408.53	1302.08	1302.55
1302.09	847.309	1083	1.#QNAN	0	0.016	0	7.65586e-007	1425.68	1302.09	1302.56
1302.1	847.29	1084	1.#QNAN	0	0.015	0	7.81161e-007	1423.28	1302.1	1302.57
1302.12	847.278	1085	1.#QNAN	0	0.016	0	7.65407e-007	1464.53	1302.12	1302.6
1302.14	847.262	1086	1.#QNAN	0	0.016	0	7.65151e-007	1451.94	1302.14	1302.62
1302.19	847.251	1087	1.#QNAN	0	0.015	0	7.84279e-007	1502.54	1302.19	1302.67
1302.24	847.235	1088	1.#QNAN	0	0.016	0	7.92114e-007	1492.55	1302.24	1302.73
1302.31	847.221	1089	1.#QNAN	0	0	0	7.74664e-007	1503.35	1302.31	1302.79
1302.38	847.216	1090	1.#QNAN	0	0.015	0	7.79012e-007	1523.95	1302.38	1302.87
1302.46	847.227	1091	1.#QNAN	0	0.016	0	8.07336e-007	1502.45	1302.46	1302.95
1302.5	847.223	1092	1.#QNAN	0	0.016	0	7.8749e-007	1455.11	1302.5	1302.99
1302.54	847.223	1093	1.#QNAN	0	0.015	0	7.91246e-007	1450.26	1302.54	1303.03
1302.59	847.209	1094	1.#QNAN	0	0.016	0	7.77507e-007	1482.49	1302.59	1303.08
1302.66	847.215	1095	1.#QNAN	0	0.015	0	7.82506e-007	1475.89	1302.66	1303.15
1302.74	847.226	1096	1.#QNAN	0	0.016	0	7.93701e-007	1503.91	1302.74	1303.24
1302.8	847.219	1097	1.#QNAN	0	0	0	7.78582e-007	1491.94	1302.8	1303.3
1302.84	847.202	1098	1.#QNAN	0	0.016	0	7.93891e-007	1450.8	1302.84	1303.34
1302.88	847.191	1099	1.#QNAN	0	0.015	0	8.05152e-007	1448.6	1302.88	1303.38
1302.93	847.169	1100	1.#QNAN	0	0.016	0	7.82428e-007	1474.97	1302.93	1303.43
1302.97	847.148	1101	1.#QNAN	0	0.015	0	7.73503e-007	1447.35	1302.97	1303.47
1303.05	847.148	1102	1.#QNAN	0	0.016	0	7.99349e-007	1500.77	1303.05	1303.55
1303.08	847.122	1103	1.#QNAN	0	0.016	1	7.87881e-007	1427.21	1303.08	1303.58
1303.08	847.091	1104	1.#QNAN	0	0	0	7.81514e-007	1408.62	1303.08	1303.58
1303.07	847.059	1105	1.#QNAN	0	0.015	0	7.84525e-007	1404.31	1303.07	1303.58
1303.09	847.037	1106	1.#QNAN	0	0.016	0	7.50731e-007	1405.34	1303.09	1303.59
1303.14	847.043	1107	1.#QNAN	0	0.015	0	7.74684e-007	1451.15	1303.14	1303.65
1303.15	847.028	1108	1.#QNAN	0	0.016	0	7.61477e-007	1406.33	1303.15	1303.66
1303.14	847.015	1109	1.#QNAN	0	0.016	0	7.68891e-007	1389.99	1303.14	1303.65
1303.16	846.994	1110	1.#QNAN	0	0.015	0	7.788e-007	1421.75	1303.16	1303.67
1303.15	846.98	1111	1.#QNAN	0	0	0	7.69292e-007	1392.92	1303.15	1303.66
1303.16	846.96	1112	1.#QNAN	0	0.016	0	7.71665e-007	1447.21	1303.16	1303.67
1303.2	846.947	1113	1.#QNAN	0	0.015	0	7.53921e-007	1458.8	1303.2	1303.7
1303.21	846.929	1114	1.#QNAN	0	0.016	0	7.45741e-007	1424.06	1303.21	1303.71
1303.22	846.909	1115	1.#QNAN	0	0.016	0	7.77684e-007	1419.55	1303.22	1303.72
1303.23	846.907	1116	1.#QNAN	0	0.015	0	7.94054e-007	1418.06	1303.23	1303.73
1303.23	846.881	1117	1.#QNAN	0	0.016	0	7.8202e-007	1399.18	1303.23	1303.74
1303.28	846.88	1118	1.#QNAN	0	0.015	0	7.69673e-007	1466.33	1303.28	1303.78
1303.37	846.881	1119	1.#QNAN	0	0	0	7.82651e-007	1512.73	1303.37	1303.87
1303.4	846.875	1120	1.#QNAN	0	0.016	0	7.6385e-007	1448.59	1303.4	1303.9
1303.44	846.86	1121	1.#QNAN	0	0.016	0	7.8419e-007	1451.85	1303.44	1303.95
1303.47	846.846	1122	1.#QNAN	0	0.015	0	7.79086e-007	1440.47	1303.47	1303.98
1303.52	846.831	1123	1.#QNAN	0	0.016	0	7.56639e-007	1477.1	1303.52	1304.03
1303.57	846.819	1124	1.#QNAN	0	0.015	0	8.2779e-007	1443.87	1303.57	1304.08
1303.63	846.813	1125	1.#QNAN	0	0	0	8.18146e-007	1493.19	1303.63	1304.14
1303.71	846.83	1126	1.#QNAN	0	0.016	0	7.7813e-007	1537.84	1303.71	1304.22
1303.77	846.824	1127	1.#QNAN	0	0.016	0	7.6401e-007	1531.72	1303.77	1304.28
1303.84	846.818	1128	1.#QNAN	0	0.015	0	7.8049e-007	1525.5	1303.84	1304.35
1303.89	846.809	1129	1.#QNAN	0	0.016	0	7.88886e-007	1514.97	1303.89	1304.4
1303.92	846.807	1130	1.#QNAN	0	0.015	0	8.0881e-007	1451.53	1303.92	1304.43
1303.94	846.798	1131	1.#QNAN	0	0	0	8.0504e-007	1435.85	1303.94	1304.45
1303.93	846.769	1132	1.#QNAN	0	0.016	0	7.92584e-007	1405.94	1303.93	1304.44
1303.9	846.736	1133	1.#QNAN	0	0.016	0	7.84582e-007	1356.1	1303.9	1304.41
1303.88	846.7	1134	1.#QNAN	0	0.015	0	7.63609e-007	1367.05	1303.88	1304.39
1303.89	846.661	1135	1.#QNAN	0	0.016	0	7.52127e-007	1413.77	1303.89	1304.4
1303.89	846.631	1136	1.#QNAN	0	0.015	0	7.78038e-007	1400.47	1303.89	1304.4
1303.89	846.599	1137	1.#QNAN	0	0.016	0	7.73781e-007	1394.96	1303.89	1304.41
1303.89	846.566	1138	1.#QNAN	0	0	0	7.76754e-007	1391.88	1303.89	1304.41
1303.89	846.536	1139	1.#QNAN	0	0.016	0	7.65629e-007	1385.58	1303.89	1304.4
1303.89	846.512	1140	1.#QNAN	0	0.015	0	7.79266e-007	1427.06	1303.89	1304.4
1303.87	846.489	1141	1.#QNAN	0	0.016	0	7.88676e-007	1346.47	1303.87	1304.38
1303.83	846.458	1142	1.#QNAN	0	0.015	0	7.59426e-007	1355.12	1303.83	1304.34
1303.83	846.448	1143	1.#QNAN	0	0.016	0	7.80646e-007	1395.94	1303.83	1304.34
1303.83	846.445	1144	1.#QNAN	0	0	0	7.43223e-007	1388.93	1303.83	1304.34
1303.85	846.431	1145	1.#QNAN	0	0.016	0	7.64747e-007	1429.76	1303.85	1304.36
1303.87	846.424	1146	1.#QNAN	0	0.015	0	7.77773e-007	1429.62	1303.87	1304.38
1303.88	846.408	1147	1.#QNAN	0	0.016	0	8.03563e-007	1430.52	1303.88	1304.39
1303.89	846.386	1148	1.#QNAN	0	0.015	0	7.84039e-007	1402.23	1303.89	1304.4
1303.89	846.357	1149	1.#QNAN	0	0.016	0	7.53208e-007	1411.84	1303.89	1304.4
1303.91	846.342	1150	1.#QNAN	0	0.016	0	7.53377e-007	1428.76	1303.91	1304.42
1303.9	846.317	1151	1.#QNAN	0	0	0	7.45472e-007	1392.2	1303.9	1304.42
1303.96	846.31	1152	1.#QNAN	0	0.015	0	7.15702e-007	1470.47	1303.96	1304.48
1304	846.296	1153	1.#QNAN	0	0.016	0	7.85695e-007	1451.17	1304	1304.52
1304.04	846.284	1154	1.#QNAN	0	0.015	0	7.79903e-007	1455.07	1304.04	1304.56
1304.04	846.253	1155	1.#QNAN	0	0.016	0	7.54283e-007	1398.87	1304.04	1304.56
1304.06	846.23	1156	1.#QNAN	0	0.016	0	8.0641e-007	1432.83	1304.06	1304.58
1304.08	846.205	1157	1.#QNAN	0	0	0	7.66584e-007	1412.91	1304.08	1304.6
1304.1	846.187	1158	1.#QNAN	0	0.015	0	7.70222e-007	1414.12	1304.1	1304.63
1304.14	846.163	1159	1.#QNAN	0	0.016	0	7.89465e-007	1448.93	1304.14	1304.66
1304.18	846.141	1160	1.#QNAN	0	0.015	0	7.60159e-007	1469.06	1304.18	1304.71
1304.18	846.119	1161	1.#QNAN	0	0.016	0	7.95826e-007	1404.3	1304.18	1304.71
1304.19	846.102	1162	1.#QNAN	0	0.016	0	7.67829e-007	1412.02	1304.19	1304.71
1304.17	846.073	1163	1.#QNAN	0	0.015	0	7.57479e-007	1392.25	1304.17	1304.69
1304.19	846.059	1164	1.#QNAN	0	0	0	7.49018e-007	1469.84	1304.19	1304.71
1304.19	846.042	1165	1.#QNAN	0	0.016	0	7.56957e-007	1441.99	1304.19	1304.71
1304.19	846.022	1166	1.#QNAN	0	0.015	0	7.77612e-007	1410.83	1304.19	1304.71
1304.22	845.998	1167	1.#QNAN	0	0.016	0	7.52953e-007	1455.86	1304.22	1304.75
1304.26	845.992	1168	1.#QNAN	0	0.016	0	7.78769e-007	1469.84	1304.26	1304.79
1304.31	845.978	1169	1.#QNAN	0	0.015	0	7.76061e-007	1466.76	1304.31	1304.83
1304.33	845.946	1170	1.#QNAN	0	0	0	7.4689e-007	1422.19	1304.33	1304.85
1304.34	845.933	1171	1.#QNAN	0	0.016	0	7.70834e-007	1398.35	1304.34	1304.86
1304.36	845.924	1172	1.#QNAN	0	0.015	0	7.70601e-007	1421.17	1304.36	1304.88
1304.37	845.916	1173	1.#QNAN	0	0.016	0	7.75614e-007	1400.78	1304.37	1304.89
1304.36	845.898	1174	1.#QNAN	0	0.016	0	7.68847e-007	1396.24	1304.36	1304.88
1304.36	845.893	1175	1.#QNAN	0	0.015	0	7.4885e-007	1403.69	1304.36	1304.89
1304.37	845.886	1176	1.#QNAN	0	0.016	0	7.96126e-007	1433.55	1304.37	1304.9
1304.39	845.875	1177	1.#QNAN	0	0	0	7.75673e-007	1437.41	1304.39	1304.92
1304.41	845.87	1178	1.#QNAN	0	0.015	0	8.14634e-007	1406.37	1304.41	1304.94
1304.41	845.862	1179	1.#QNAN	0	0.016	1	7.69774e-007	1391.67	1304.41	1304.94
1304.46	845.875	1180	1.#QNAN	0	0.016	0	7.43867e-007	1471.37	1304.46	1304.99
1304.51	845.878	1181	1.#QNAN	0	0.015	0	7.74506e-007	1474.51	1304.51	1305.04
1304.55	845.879	1182	1.#QNAN	0	0.016	0	7.50088e-007	1457.26	1304.55	1305.08
1304.56	845.878	1183	1.#QNAN	0	0	0	7.70456e-007	1410.28	1304.56	1305.09
1304.56	845.876	1184	1.#QNAN	0	0.015	0	7.71967e-007	1384.37	1304.56	1305.1
1304.59	845.884	1185	1.#QNAN	0	0.016	0	7.52322e-007	1427.11	1304.59	1305.12
1304.61	845.879	1186	1.#QNAN	0	0.016	0	7.83618e-007	1412.76	1304.61	1305.14
1304.61	845.859	1187	1.#QNAN	0	0.015	0	7.68485e-007	1407.45	1304.61	1305.14
1304.6	845.835	1188	1.#QNAN	0	0.016	0	7.7233e-007	1415.4	1304.6	1305.13
1304.61	845.831	1189	1.#QNAN	0	0.015	0	8.11175e-007	1409.92	1304.61	1305.14
1304.61	845.817	1190	1.#QNAN	0	0	0	8.16061e-007	1391.23	1304.61	1305.14
1304.57	845.793	1191	1.#QNAN	0	0.016	0	7.56127e-007	1351.2	1304.57	1305.1
1304.55	845.792	1192	1.#QNAN	0	0.016	0	7.67358e-007	1371.02	1304.55	1305.08
1304.55	845.787	1193	1.#QNAN	0	0.015	0	7.78518e-007	1407.85	1304.55	1305.08
1304.55	845.774	1194	1.#QNAN	0	0.016	0	7.52907e-007	1409.94	1304.55	1305.08
1304.52	845.765	1195	1.#QNAN	0	0.015	0	7.89045e-007	1393.55	1304.52	1305.05
1304.48	845.751	1196	1.#QNAN	0	0	0	7.7722e-007	1385.5	1304.48	1305.02
1304.42	845.717	1197	1.#QNAN	0	0.016	0	7.45363e-007	1355.58	1304.42	1304.95
1304.37	845.696	1198	1.#QNAN	0	0.016	0	7.60456e-007	1356.93	1304.37	1304.9
1304.34	845.682	1199	1.#QNAN	0	0.015	0	7.67493e-007	1362.92	1304.34	1304.87
