rmse	mae	#iter	time_pred	time_learn	time_learn2	time_learn4	alpha	rmse_mcmc_this	rmse_mcmc_all	rmse_mcmc_all_but5
12225.7	9343.99	0	1.#QNAN	0	0.032	0	1.58377e-010	12225.7	12225.7	4115.63
12402.1	9394.2	1	1.#QNAN	0	0.015	0	3.06137e-009	13213.5	12402.1	4115.63
12174.4	9239.33	2	1.#QNAN	0	0.016	0	3.69162e-009	11919.3	12174.4	4115.63
11972.8	9110.54	3	1.#QNAN	0	0.015	0	4.10184e-009	11564.5	11972.8	4115.63
11644.5	8860.39	4	1.#QNAN	0	0.016	0	5.00491e-009	10493.8	11644.5	32670.1
11236	8547.46	5	1.#QNAN	0	0.016	0	6.01039e-009	9344.05	11236	9344.05
10804.2	8227.22	6	1.#QNAN	0	0.031	0	7.78278e-009	8436.9	10804.2	8819.79
10388.5	7901.31	7	1.#QNAN	0	0.015	0	9.8136e-009	7744.37	10388.5	8415.41
9993.2	7592.68	8	1.#QNAN	0	0.016	0	1.18562e-008	7212.38	9993.2	8067.9
9634.38	7306.16	9	1.#QNAN	0	0.016	0	1.3456e-008	6829.55	9634.38	7780.94
9295.72	7035.06	10	1.#QNAN	0	0.015	0	1.53253e-008	6442.8	9295.72	7514.17
8968.33	6769.77	11	1.#QNAN	0	0.031	0	1.85013e-008	6050.63	8968.33	7252.88
8664.94	6525.76	12	1.#QNAN	0	0.016	0	2.16279e-008	5769.59	8664.94	7019.7
8385.73	6300.67	13	1.#QNAN	0	0.016	0	2.32519e-008	5579.71	8385.73	6811.11
8138.38	6104.31	14	1.#QNAN	0	0.015	0	2.39533e-008	5512.17	8138.38	6636.35
7907.94	5918.47	15	1.#QNAN	0	0.016	0	2.61624e-008	5358.74	7907.94	6476.3
7695.28	5743.29	16	1.#QNAN	0	0.031	0	2.76013e-008	5301.38	7695.28	6332.69
7502.3	5584.84	17	1.#QNAN	0	0.016	0	3.04352e-008	5212.96	7502.3	6205.03
7319.51	5436.25	18	1.#QNAN	0	0.015	0	2.93121e-008	5079.13	7319.51	6082.97
7153.62	5301.94	19	1.#QNAN	0	0.016	0	3.15891e-008	4991	7153.62	5974.45
7000.69	5176.99	20	1.#QNAN	0	0.015	0	3.35443e-008	4962.48	7000.69	5876.16
6864.51	5066.74	21	1.#QNAN	0	0.016	0	3.54282e-008	4968.88	6864.51	5792.92
6735.47	4964.34	22	1.#QNAN	0	0.016	0	3.58422e-008	4853.09	6735.47	5712.78
6618.34	4869.77	23	1.#QNAN	0	0.031	0	3.65439e-008	4828.6	6618.34	5641.66
6511.5	4783.94	24	1.#QNAN	0	0.015	0	3.89832e-008	4796.21	6511.5	5577.61
6408.73	4701.87	25	1.#QNAN	0	0.016	0	4.00239e-008	4689.8	6408.73	5514.33
6311.98	4624.53	26	1.#QNAN	0	0.016	0	3.94023e-008	4599.83	6311.98	5454.19
6223.56	4553.67	27	1.#QNAN	0	0.015	0	4.14308e-008	4612.36	6223.56	5400.8
6139.45	4486.13	28	1.#QNAN	0	0.016	0	4.2339e-008	4517.53	6139.45	5348.71
6059.59	4423.44	29	1.#QNAN	0	0.015	0	4.20134e-008	4521.44	6059.59	5299.73
5983.29	4364.06	30	1.#QNAN	0	0.016	0	4.48499e-008	4484.27	5983.29	5252.4
5910.03	4307.38	31	1.#QNAN	0	0.031	0	4.6716e-008	4414.95	5910.03	5206.31
5842.61	4254.71	32	1.#QNAN	0	0.016	0	4.71283e-008	4420.31	5842.61	5164.58
5777.13	4203.84	33	1.#QNAN	0	0.015	0	4.65005e-008	4338.16	5777.13	5123.19
5715.45	4155.81	34	1.#QNAN	0	0.016	0	4.86503e-008	4290.7	5715.45	5083.9
5656.31	4109.86	35	1.#QNAN	0	0.016	0	4.9133e-008	4305.29	5656.31	5046.01
5601.11	4067.16	36	1.#QNAN	0	0.015	0	5.1368e-008	4290.53	5601.11	5011.29
5547.23	4025.45	37	1.#QNAN	0	0.016	0	5.4228e-008	4241.32	5547.23	4976.75
5496.83	3986.54	38	1.#QNAN	0	0.015	0	5.36589e-008	4209.33	5496.83	4944.63
5447.13	3948.96	39	1.#QNAN	0	0.032	0	5.24776e-008	4176.23	5447.13	4912.44
5399.91	3913.05	40	1.#QNAN	0	0.015	0	5.60987e-008	4109.56	5399.91	4881.38
5353.46	3877.69	41	1.#QNAN	0	0.016	0	5.58226e-008	4030.8	5353.46	4850.12
5311.46	3845.08	42	1.#QNAN	0	0.015	0	5.84227e-008	4083.7	5311.46	4822.62
5270.19	3813.24	43	1.#QNAN	0	0.016	0	5.90318e-008	4064.72	5270.19	4795.35
5230.01	3781.83	44	1.#QNAN	0	0.016	0	6.12582e-008	3985.28	5230.01	4768.09
5191.68	3751.35	45	1.#QNAN	0	0.015	0	6.54291e-008	3966.47	5191.68	4742
5153.8	3721	46	1.#QNAN	0	0.031	0	6.65053e-008	3929.6	5153.8	4715.78
5115.41	3691.38	47	1.#QNAN	0	0.016	0	6.88298e-008	3838.15	5115.41	4688.45
5078.46	3662.66	48	1.#QNAN	0	0.016	0	7.13644e-008	3847.84	5078.46	4662.21
5042.48	3634.3	49	1.#QNAN	0	0.015	0	7.23916e-008	3761.67	5042.48	4636.16
5005.75	3605.81	50	1.#QNAN	0	0.016	0	7.50295e-008	3677.86	5005.75	4608.91
4969.93	3577.97	51	1.#QNAN	0	0.015	1	7.92458e-008	3662.91	4969.93	4582.06
4934.75	3550.46	52	1.#QNAN	0	0.016	0	8.30743e-008	3585.06	4934.75	4555.23
4899.92	3522.97	53	1.#QNAN	0	0.016	0	7.91476e-008	3571.68	4899.92	4528.52
4865.7	3496.32	54	1.#QNAN	0	0.015	0	8.50133e-008	3509.87	4865.7	4502.15
4831.91	3469.73	55	1.#QNAN	0	0.031	0	8.3868e-008	3479.33	4831.91	4475.9
4798.3	3443.36	56	1.#QNAN	0	0.016	0	9.02421e-008	3428.13	4798.3	4449.37
4765.81	3418.16	57	1.#QNAN	0	0.016	0	9.22525e-008	3422.57	4765.81	4423.81
4733.44	3393.28	58	1.#QNAN	0	0.015	0	9.55121e-008	3363.33	4733.44	4398.14
4701.76	3369.29	59	1.#QNAN	0	0.016	0	9.91437e-008	3330.82	4701.76	4372.97
4670.99	3345.74	60	1.#QNAN	0	0.015	0	9.79402e-008	3307.01	4670.99	4348.13
4640.17	3321.96	61	1.#QNAN	0	0.032	0	9.51916e-008	3246.91	4640.17	4323.17
4610.18	3298.91	62	1.#QNAN	0	0.015	0	1.02946e-007	3250.12	4610.18	4299.01
4580.24	3276	63	1.#QNAN	0	0.016	0	1.0608e-007	3205.03	4580.24	4274.68
4550.7	3253.86	64	1.#QNAN	0	0.015	0	1.08933e-007	3146.29	4550.7	4250.44
4521.71	3231.9	65	1.#QNAN	0	0.016	0	1.12431e-007	3120.29	4521.71	4226.39
4492.64	3210.4	66	1.#QNAN	0	0.016	0	1.11222e-007	3094.21	4492.64	4202.3
4464.71	3189.31	67	1.#QNAN	0	0.015	0	1.15817e-007	3079.29	4464.71	4179.19
4436.83	3168.17	68	1.#QNAN	0	0.016	0	1.18659e-007	3011.74	4436.83	4155.9
4409.3	3147.39	69	1.#QNAN	0	0.031	0	1.23829e-007	2996.44	4409.3	4132.86
4382.21	3126.9	70	1.#QNAN	0	0.016	0	1.23751e-007	2973.12	4382.21	4110.12
4356.34	3107.05	71	1.#QNAN	0	0.015	0	1.24569e-007	2993.25	4356.34	4088.48
4330.89	3087.53	72	1.#QNAN	0	0.016	0	1.2886e-007	2968.3	4330.89	4067.13
4305.46	3068.36	73	1.#QNAN	0	0.016	0	1.31893e-007	2905.03	4305.46	4045.61
4280.61	3049.59	74	1.#QNAN	0	0.015	0	1.38343e-007	2882.31	4280.61	4024.48
4256.38	3031.27	75	1.#QNAN	0	0.031	0	1.34948e-007	2872.4	4256.38	4003.74
4232.38	3013.22	76	1.#QNAN	0	0.016	0	1.37567e-007	2832.36	4232.38	3983.2
4208.71	2995.58	77	1.#QNAN	0	0.016	0	1.39743e-007	2825.96	4208.71	3963
4185.54	2978.06	78	1.#QNAN	0	0.015	0	1.43805e-007	2807.25	4185.54	3943.15
4162.51	2960.82	79	1.#QNAN	0	0.016	0	1.50523e-007	2774.92	4162.51	3923.42
4139.7	2943.57	80	1.#QNAN	0	0.015	0	1.57717e-007	2742.46	4139.7	3903.75
4117.44	2926.67	81	1.#QNAN	0	0.016	0	1.61883e-007	2752.69	4117.44	3884.58
4095.14	2910.01	82	1.#QNAN	0	0.016	0	1.5982e-007	2697.14	4095.14	3865.25
4073.43	2893.57	83	1.#QNAN	0	0.031	0	1.56303e-007	2721.43	4073.43	3846.43
4052	2877.3	84	1.#QNAN	0	0.015	0	1.6338e-007	2723.52	4052	3827.93
4030.63	2861.04	85	1.#QNAN	0	0.016	0	1.64501e-007	2687.2	4030.63	3809.38
4009.79	2845.17	86	1.#QNAN	0	0.016	0	1.71604e-007	2690.06	4009.79	3791.36
3988.96	2829.48	87	1.#QNAN	0	0.015	0	1.74391e-007	2650.95	3988.96	3773.24
3968.26	2814.05	88	1.#QNAN	0	0.016	0	1.75796e-007	2621.18	3968.26	3755.13
3948.38	2798.75	89	1.#QNAN	0	0.015	0	1.80925e-007	2624.43	3948.38	3737.74
3928.38	2783.84	90	1.#QNAN	0	0.016	0	1.82716e-007	2571.88	3928.38	3720.21
3908.9	2769.17	91	1.#QNAN	0	0.031	0	1.88895e-007	2568.57	3908.9	3703.07
3889.94	2755.07	92	1.#QNAN	0	0.016	0	1.95847e-007	2553.78	3889.94	3686.4
3870.73	2740.7	93	1.#QNAN	0	0.015	0	1.94883e-007	2493.74	3870.73	3669.43
3851.8	2726.49	94	1.#QNAN	0	0.016	0	1.94658e-007	2489.05	3851.8	3652.65
3833.02	2712.42	95	1.#QNAN	0	0.016	0	2.03216e-007	2489.85	3833.02	3636.07
3814.54	2698.75	96	1.#QNAN	0	0.015	0	1.93816e-007	2449.85	3814.54	3619.61
3796.14	2685.09	97	1.#QNAN	0	0.016	0	2.05292e-007	2448.16	3796.14	3603.21
3777.61	2671.46	98	1.#QNAN	0	0.015	0	2.19036e-007	2371.34	3777.61	3586.59
3759.21	2657.9	99	1.#QNAN	0	0.032	0	2.18018e-007	2344.8	3759.21	3569.94
3741.3	2644.71	100	1.#QNAN	0	0.015	0	2.20541e-007	2365.52	3741.3	3553.82
3723.41	2631.45	101	1.#QNAN	0	0.016	0	2.2438e-007	2364.92	3723.41	3537.75
3705.88	2618.37	102	1.#QNAN	0	0.015	0	2.2684e-007	2375.43	3705.88	3522.03
3688.34	2605.38	103	1.#QNAN	0	0.016	0	2.32712e-007	2357.28	3688.34	3506.17
3670.94	2592.56	104	1.#QNAN	0	0.016	0	2.32826e-007	2322.22	3670.94	3490.46
3653.95	2579.8	105	1.#QNAN	0	0.015	0	2.5106e-007	2362.22	3653.95	3475.17
3637.01	2567.15	106	1.#QNAN	0	0.016	1	2.54593e-007	2344.86	3637.01	3459.91
3620.06	2554.56	107	1.#QNAN	0	0.031	0	2.61349e-007	2288.61	3620.06	3444.56
3603.55	2542.25	108	1.#QNAN	0	0.016	0	2.53387e-007	2290.33	3603.55	3429.66
3587.28	2529.97	109	1.#QNAN	0	0.015	0	2.57884e-007	2260.38	3587.28	3414.97
3571.03	2517.78	110	1.#QNAN	0	0.016	0	2.59281e-007	2258.77	3571.03	3400.24
3555.05	2505.73	111	1.#QNAN	0	0.015	0	2.65026e-007	2229.77	3555.05	3385.73
3539.13	2493.7	112	1.#QNAN	0	0.016	0	2.65938e-007	2211.68	3539.13	3371.29
3523.58	2481.93	113	1.#QNAN	0	0.016	0	2.89642e-007	2252.73	3523.58	3357.18
3508.21	2470.37	114	1.#QNAN	0	0.031	0	2.84789e-007	2259.44	3508.21	3343.22
3493.11	2458.94	115	1.#QNAN	0	0.015	0	2.96047e-007	2247.37	3493.11	3329.55
3478.11	2447.53	116	1.#QNAN	0	0.016	0	2.77664e-007	2225.96	3478.11	3315.95
3463.4	2436.41	117	1.#QNAN	0	0.016	0	2.95668e-007	2221.46	3463.4	3302.59
3448.8	2425.18	118	1.#QNAN	0	0.015	0	2.9231e-007	2198.2	3448.8	3289.3
3434.31	2414.13	119	1.#QNAN	0	0.016	0	3.01092e-007	2164.58	3434.31	3276.13
3419.81	2403.1	120	1.#QNAN	0	0.015	0	3.03515e-007	2162.24	3419.81	3262.92
3405.64	2392.33	121	1.#QNAN	0	0.016	0	3.17962e-007	2174.22	3405.64	3250
3391.55	2381.67	122	1.#QNAN	0	0.031	0	3.06521e-007	2145.37	3391.55	3237.21
3377.75	2371.1	123	1.#QNAN	0	0.017	0	3.24361e-007	2156.34	3377.75	3224.68
3364.2	2360.74	124	1.#QNAN	0	0.015	0	3.26779e-007	2152.21	3364.2	3212.39
3350.61	2350.32	125	1.#QNAN	0	0.016	0	3.22206e-007	2119.64	3350.61	3200.03
3337.18	2340.04	126	1.#QNAN	0	0.016	0	3.34128e-007	2142.66	3337.18	3187.83
3323.76	2329.87	127	1.#QNAN	0	0.015	0	3.27095e-007	2103.48	3323.76	3175.6
3310.63	2319.86	128	1.#QNAN	0	0.016	0	3.35817e-007	2109.61	3310.63	3163.61
3297.61	2309.87	129	1.#QNAN	0	0.015	0	3.40235e-007	2107.41	3297.61	3151.75
3284.73	2300.12	130	1.#QNAN	0	0.032	0	3.50697e-007	2116.09	3284.73	3140.04
3271.74	2290.38	131	1.#QNAN	0	0.015	0	3.59147e-007	2054.48	3271.74	3128.11
3259.07	2280.84	132	1.#QNAN	0	0.016	0	3.5708e-007	2056.05	3259.07	3116.5
3246.45	2271.32	133	1.#QNAN	0	0.015	0	3.62841e-007	2056.03	3246.45	3104.95
3233.89	2261.86	134	1.#QNAN	0	0.016	0	3.70284e-007	2046	3233.89	3093.41
3221.58	2252.52	135	1.#QNAN	0	0.016	0	3.58129e-007	2029.61	3221.58	3082.12
3209.32	2243.26	136	1.#QNAN	0	0.015	0	3.67089e-007	2009.76	3209.32	3070.87
3197.31	2234.01	137	1.#QNAN	0	0.016	0	3.72078e-007	2029.42	3197.31	3059.85
3185.17	2224.83	138	1.#QNAN	0	0.031	0	3.7055e-007	1994.15	3185.17	3048.69
3173.23	2215.86	139	1.#QNAN	0	0.016	0	3.77522e-007	2006.23	3173.23	3037.7
3161.56	2206.95	140	1.#QNAN	0	0.015	0	3.8096e-007	2012.07	3161.56	3027.01
3149.91	2198.08	141	1.#QNAN	0	0.016	0	3.77503e-007	1993.61	3149.91	3016.33
3138.46	2189.44	142	1.#QNAN	0	0.015	0	3.80352e-007	1971.64	3138.46	3005.83
3127.2	2180.96	143	1.#QNAN	0	0.016	0	3.84098e-007	1982.46	3127.2	2995.49
3115.99	2172.45	144	1.#QNAN	0	0.031	0	3.92053e-007	1962.1	3115.99	2985.2
3104.85	2163.95	145	1.#QNAN	0	0.016	0	4.09333e-007	1962.13	3104.85	2974.98
3094	2155.69	146	1.#QNAN	0	0.015	0	4.09184e-007	1981.11	3094	2965.04
3083.17	2147.55	147	1.#QNAN	0	0.016	0	4.2516e-007	1968.87	3083.17	2955.13
3072.68	2139.5	148	1.#QNAN	0	0.016	0	4.07184e-007	2004.87	3072.68	2945.54
3062.04	2131.54	149	1.#QNAN	0	0.015	0	4.07828e-007	1947.02	3062.04	2935.75
3051.44	2123.62	150	1.#QNAN	0	0.016	0	4.13518e-007	1934.79	3051.44	2925.99
3041.01	2115.73	151	1.#QNAN	0	0.031	0	4.10225e-007	1920.13	3041.01	2916.39
3030.77	2107.97	152	1.#QNAN	0	0.016	0	4.1669e-007	1941.95	3030.77	2906.98
3020.56	2100.15	153	1.#QNAN	0	0.015	0	4.1561e-007	1925.93	3020.56	2897.59
3010.63	2092.55	154	1.#QNAN	0	0.016	0	4.31811e-007	1940.75	3010.63	2888.5
3000.82	2084.93	155	1.#QNAN	0	0.015	0	4.34567e-007	1966.75	3000.82	2879.51
2991.08	2077.45	156	1.#QNAN	0	0.016	0	4.26479e-007	1951.91	2991.08	2870.57
2981.26	2070.01	157	1.#QNAN	0	0.016	0	4.44063e-007	1892.19	2981.26	2861.54
2971.83	2062.62	158	1.#QNAN	0	0.015	0	4.37198e-007	1946.16	2971.83	2852.91
2962.31	2055.29	159	1.#QNAN	0	0.031	0	4.35542e-007	1925.98	2962.31	2844.19
2953.03	2047.97	160	1.#QNAN	0	0.016	0	4.52936e-007	1934.75	2953.03	2835.69
2943.81	2040.82	161	1.#QNAN	0	0.016	0	4.40211e-007	1921.37	2943.81	2827.24
2934.42	2033.65	162	1.#QNAN	0	0.015	1	4.53465e-007	1863.48	2934.42	2818.56
2924.95	2026.4	163	1.#QNAN	0	0.016	0	4.55522e-007	1853.09	2924.95	2809.8
2915.73	2019.29	164	1.#QNAN	0	0.015	0	4.62094e-007	1871.71	2915.73	2801.31
2906.51	2012.24	165	1.#QNAN	0	0.016	0	4.49652e-007	1858.54	2906.51	2792.77
2897.4	2005.24	166	1.#QNAN	0	0.031	0	4.73937e-007	1835.91	2897.4	2784.37
2888.49	1998.36	167	1.#QNAN	0	0.016	0	4.53884e-007	1855.49	2888.49	2776.14
2879.52	1991.53	168	1.#QNAN	0	0.015	0	4.75273e-007	1837.22	2879.52	2767.86
2870.58	1984.72	169	1.#QNAN	0	0.016	0	4.75639e-007	1829.66	2870.58	2759.58
2861.57	1977.96	170	1.#QNAN	0	0.016	0	4.75235e-007	1783.97	2861.57	2751.2
2852.62	1971.2	171	1.#QNAN	0	0.015	0	5.02523e-007	1784.8	2852.62	2742.87
2843.91	1964.53	172	1.#QNAN	0	0.016	0	4.86882e-007	1834.67	2843.91	2734.8
2835.22	1957.93	173	1.#QNAN	0	0.031	0	4.8313e-007	1804.58	2835.22	2726.73
2826.64	1951.41	174	1.#QNAN	0	0.016	0	4.88641e-007	1795.29	2826.64	2718.76
2818.14	1944.97	175	1.#QNAN	0	0.015	0	4.98005e-007	1785.46	2818.14	2710.89
2809.66	1938.56	176	1.#QNAN	0	0.016	0	4.92821e-007	1766.61	2809.66	2703.04
2801.3	1932.24	177	1.#QNAN	0	0.015	0	4.93352e-007	1763.64	2801.3	2695.29
2792.97	1925.91	178	1.#QNAN	0	0.016	0	4.86433e-007	1790.95	2792.97	2687.57
2784.68	1919.61	179	1.#QNAN	0	0.016	0	5.14053e-007	1764.04	2784.68	2679.88
2776.42	1913.37	180	1.#QNAN	0	0.015	0	5.20931e-007	1758.89	2776.42	2672.21
2768.39	1907.27	181	1.#QNAN	0	0.031	0	5.05927e-007	1772.81	2768.39	2664.76
2760.28	1901.15	182	1.#QNAN	0	0.016	0	5.03074e-007	1768.72	2760.28	2657.22
2752.41	1895.15	183	1.#QNAN	0	0.016	0	5.11228e-007	1785.15	2752.41	2649.91
2744.5	1889.19	184	1.#QNAN	0	0.015	0	4.89338e-007	1793.72	2744.5	2642.57
2736.63	1883.29	185	1.#QNAN	0	0.016	0	5.2305e-007	1781.58	2736.63	2635.26
2728.94	1877.45	186	1.#QNAN	0	0.015	0	4.94856e-007	1765.84	2728.94	2628.15
2721.21	1871.64	187	1.#QNAN	0	0.032	0	5.05724e-007	1747.65	2721.21	2620.97
2713.73	1865.94	188	1.#QNAN	0	0.015	0	5.32329e-007	1768.45	2713.73	2614.02
2706.2	1860.31	189	1.#QNAN	0	0.016	0	5.21132e-007	1741.73	2706.2	2607.05
2698.62	1854.69	190	1.#QNAN	0	0.015	0	5.3147e-007	1717.8	2698.62	2600
2691.08	1849.03	191	1.#QNAN	0	0.016	0	5.36921e-007	1746.76	2691.08	2592.99
2683.78	1843.57	192	1.#QNAN	0	0.016	0	5.22664e-007	1742.18	2683.78	2586.23
2676.45	1838.11	193	1.#QNAN	0	0.015	0	5.24586e-007	1721.79	2676.45	2579.39
2669.24	1832.78	194	1.#QNAN	0	0.016	0	5.3325e-007	1739.31	2669.24	2572.69
2661.97	1827.49	195	1.#QNAN	0	0.031	0	5.34699e-007	1710.22	2661.97	2565.93
2654.77	1822.22	196	1.#QNAN	0	0.016	0	5.44572e-007	1715.81	2654.77	2559.23
2647.76	1817.1	197	1.#QNAN	0	0.015	0	5.20462e-007	1720.08	2647.76	2552.73
2640.83	1811.99	198	1.#QNAN	0	0.016	0	5.20675e-007	1745.15	2640.83	2546.29
2633.85	1806.82	199	1.#QNAN	0	0.015	0	5.32486e-007	1724.12	2633.85	2539.81
2626.94	1801.72	200	1.#QNAN	0	0.016	0	5.47313e-007	1689.16	2626.94	2533.39
2620.17	1796.67	201	1.#QNAN	0	0.016	0	5.47405e-007	1698.24	2620.17	2527.1
2613.5	1791.71	202	1.#QNAN	0	0.015	0	5.48308e-007	1742.7	2613.5	2520.92
2606.89	1786.82	203	1.#QNAN	0	0.031	0	5.39165e-007	1736.68	2606.89	2514.82
2600.3	1781.91	204	1.#QNAN	0	0.016	0	5.58466e-007	1701.12	2600.3	2508.72
2593.74	1777.03	205	1.#QNAN	0	0.016	0	5.34766e-007	1699.38	2593.74	2502.64
2587.31	1772.25	206	1.#QNAN	0	0.015	0	5.36882e-007	1726.68	2587.31	2496.7
2580.94	1767.48	207	1.#QNAN	0	0.016	0	5.4893e-007	1698.31	2580.94	2490.81
2574.68	1762.72	208	1.#QNAN	0	0.015	0	5.46649e-007	1720.7	2574.68	2485.03
2568.35	1757.99	209	1.#QNAN	0	0.016	0	5.47641e-007	1709.51	2568.35	2479.16
2562.28	1753.44	210	1.#QNAN	0	0.016	0	5.59309e-007	1742.88	2562.28	2473.56
2556.2	1748.91	211	1.#QNAN	0	0.031	0	5.49429e-007	1723.4	2556.2	2467.93
2550.12	1744.36	212	1.#QNAN	0	0.015	0	5.42996e-007	1716.12	2550.12	2462.29
2544.05	1739.85	213	1.#QNAN	0	0.016	0	5.6513e-007	1682.2	2544.05	2456.65
2538.06	1735.42	214	1.#QNAN	0	0.016	0	5.65274e-007	1704.43	2538.06	2451.09
2532.09	1731.01	215	1.#QNAN	0	0.015	0	5.55016e-007	1696.37	2532.09	2445.55
2526.16	1726.65	216	1.#QNAN	0	0.016	0	5.66908e-007	1709.16	2526.16	2440.03
2520.38	1722.29	217	1.#QNAN	0	0.015	0	5.59257e-007	1735.21	2520.38	2434.68
2514.57	1718.02	218	1.#QNAN	0	0.016	0	5.64033e-007	1702.62	2514.57	2429.28
2508.76	1713.66	219	1.#QNAN	0	0.031	1	5.70669e-007	1686.63	2508.76	2423.89
2502.91	1709.35	220	1.#QNAN	0	0.016	0	5.58108e-007	1720.64	2502.91	2418.44
2497.12	1705.03	221	1.#QNAN	0	0.015	0	5.89344e-007	1699.98	2497.12	2413.05
2491.4	1700.76	222	1.#QNAN	0	0.016	0	5.80482e-007	1731.07	2491.4	2407.74
2485.76	1696.53	223	1.#QNAN	0	0.016	0	5.70666e-007	1674.72	2485.76	2402.52
2480.2	1692.35	224	1.#QNAN	0	0.015	0	5.53552e-007	1688.78	2480.2	2397.37
2474.71	1688.25	225	1.#QNAN	0	0.016	0	5.73886e-007	1718.55	2474.71	2392.28
2469.27	1684.19	226	1.#QNAN	0	0.015	0	5.48429e-007	1706.51	2469.27	2387.25
2463.86	1680.15	227	1.#QNAN	0	0.032	0	5.78422e-007	1709.05	2463.86	2382.25
2458.52	1676.13	228	1.#QNAN	0	0.015	0	6.00412e-007	1714.68	2458.52	2377.33
2453.23	1672.12	229	1.#QNAN	0	0.016	0	5.92811e-007	1690.86	2453.23	2372.42
2447.91	1668.13	230	1.#QNAN	0	0.015	0	5.70523e-007	1689	2447.91	2367.5
2442.77	1664.23	231	1.#QNAN	0	0.016	0	5.90454e-007	1701.85	2442.77	2362.74
2437.65	1660.33	232	1.#QNAN	0	0.016	0	5.79084e-007	1709	2437.65	2358.02
2432.49	1656.41	233	1.#QNAN	0	0.015	0	5.96386e-007	1707.23	2432.49	2353.24
2427.44	1652.52	234	1.#QNAN	0	0.016	0	5.91487e-007	1717.82	2427.44	2348.58
2422.42	1648.67	235	1.#QNAN	0	0.031	0	6.04046e-007	1709.53	2422.42	2343.95
2417.46	1644.88	236	1.#QNAN	0	0.016	0	6.17903e-007	1712.33	2417.46	2339.37
2412.47	1641.12	237	1.#QNAN	0	0.015	0	5.83016e-007	1704.11	2412.47	2334.75
2407.54	1637.42	238	1.#QNAN	0	0.016	0	6.0805e-007	1715.96	2407.54	2330.19
2402.58	1633.67	239	1.#QNAN	0	0.015	0	5.80614e-007	1685.9	2402.58	2325.6
2397.57	1629.94	240	1.#QNAN	0	0.016	0	5.87987e-007	1668.74	2397.57	2320.96
2392.58	1626.18	241	1.#QNAN	0	0.031	0	5.85608e-007	1669.59	2392.58	2316.34
2387.59	1622.4	242	1.#QNAN	0	0.016	0	6.06675e-007	1656.99	2387.59	2311.71
2382.77	1618.74	243	1.#QNAN	0	0.015	0	5.95603e-007	1691.15	2382.77	2307.27
2377.94	1615.11	244	1.#QNAN	0	0.016	0	6.20142e-007	1678.16	2377.94	2302.79
2373.17	1611.47	245	1.#QNAN	0	0.016	0	5.99149e-007	1685.27	2373.17	2298.37
2368.48	1607.93	246	1.#QNAN	0	0.015	0	6.06781e-007	1672.52	2368.48	2294.04
2363.75	1604.35	247	1.#QNAN	0	0.016	0	6.07661e-007	1662.87	2363.75	2289.66
2359.03	1600.81	248	1.#QNAN	0	0.015	0	6.32842e-007	1681.37	2359.03	2285.29
2354.37	1597.33	249	1.#QNAN	0	0.032	0	6.25448e-007	1675.12	2354.37	2280.98
2349.82	1593.86	250	1.#QNAN	0	0.015	0	5.92191e-007	1682.68	2349.82	2276.76
2345.18	1590.4	251	1.#QNAN	0	0.016	0	6.14257e-007	1644.14	2345.18	2272.46
2340.47	1586.93	252	1.#QNAN	0	0.015	0	6.11791e-007	1599	2340.47	2268.07
2335.82	1583.47	253	1.#QNAN	0	0.016	0	6.30408e-007	1629.92	2335.82	2263.76
2331.28	1580.02	254	1.#QNAN	0	0.016	0	6.3765e-007	1625.8	2331.28	2259.55
2326.63	1576.56	255	1.#QNAN	0	0.015	0	6.19574e-007	1600.57	2326.63	2255.23
2321.96	1573.14	256	1.#QNAN	0	0.016	0	6.05467e-007	1576.58	2321.96	2250.89
2317.46	1569.79	257	1.#QNAN	0	0.031	0	6.12955e-007	1612.07	2317.46	2246.71
2313.04	1566.51	258	1.#QNAN	0	0.016	0	6.4305e-007	1618.14	2313.04	2242.62
2308.59	1563.2	259	1.#QNAN	0	0.015	0	6.20718e-007	1610.7	2308.59	2238.5
2304.11	1559.87	260	1.#QNAN	0	0.016	0	6.03928e-007	1610.13	2304.11	2234.33
2299.79	1556.6	261	1.#QNAN	0	0.015	0	6.11711e-007	1633.63	2299.79	2230.34
2295.56	1553.43	262	1.#QNAN	0	0.016	0	6.14893e-007	1647.84	2295.56	2226.41
2291.19	1550.2	263	1.#QNAN	0	0.016	0	6.37767e-007	1604.36	2291.19	2222.35
2286.9	1547.01	264	1.#QNAN	0	0.015	0	6.41533e-007	1625.89	2286.9	2218.37
2282.64	1543.84	265	1.#QNAN	0	0.031	0	6.27844e-007	1621.81	2282.64	2214.41
2278.47	1540.65	266	1.#QNAN	0	0.016	0	6.31128e-007	1646.5	2278.47	2210.55
2274.36	1537.54	267	1.#QNAN	0	0.016	0	6.33582e-007	1662.25	2274.36	2206.74
2270.21	1534.43	268	1.#QNAN	0	0.015	0	6.50412e-007	1631.44	2270.21	2202.88
2266.16	1531.36	269	1.#QNAN	0	0.016	0	6.41158e-007	1668.09	2266.16	2199.12
2262.19	1528.3	270	1.#QNAN	0	0.015	0	6.23509e-007	1653.92	2262.19	2195.43
2258.3	1525.3	271	1.#QNAN	0	0.016	0	6.4245e-007	1685.52	2258.3	2191.84
2254.34	1522.26	272	1.#QNAN	0	0.016	0	6.4449e-007	1671.56	2254.34	2188.16
2250.43	1519.24	273	1.#QNAN	0	0.031	0	6.34494e-007	1664.29	2250.43	2184.54
2246.5	1516.23	274	1.#QNAN	0	0.015	0	6.29534e-007	1654.02	2246.5	2180.9
2242.69	1513.25	275	1.#QNAN	0	0.016	1	6.61276e-007	1658.46	2242.69	2177.37
2238.99	1510.3	276	1.#QNAN	0	0.016	0	6.46041e-007	1681.59	2238.99	2173.96
2235.3	1507.42	277	1.#QNAN	0	0.015	0	6.25476e-007	1682.87	2235.3	2170.54
2231.55	1504.52	278	1.#QNAN	0	0.016	0	6.36401e-007	1652.71	2231.55	2167.06
2227.85	1501.62	279	1.#QNAN	0	0.015	0	6.35009e-007	1663.75	2227.85	2163.64
2224.19	1498.78	280	1.#QNAN	0	0.032	0	6.37442e-007	1676.23	2224.19	2160.25
2220.57	1495.96	281	1.#QNAN	0	0.015	0	6.34374e-007	1658.08	2220.57	2156.9
2216.93	1493.15	282	1.#QNAN	0	0.016	0	6.46314e-007	1651.51	2216.93	2153.52
2213.39	1490.33	283	1.#QNAN	0	0.015	0	6.58613e-007	1689.84	2213.39	2150.24
2209.76	1487.51	284	1.#QNAN	0	0.016	0	6.38985e-007	1653.07	2209.76	2146.87
2206.09	1484.69	285	1.#QNAN	0	0.016	0	6.73413e-007	1658.69	2206.09	2143.46
2202.42	1481.89	286	1.#QNAN	0	0.015	0	6.5297e-007	1673.98	2202.42	2140.05
2198.85	1479.14	287	1.#QNAN	0	0.016	0	6.7205e-007	1667.38	2198.85	2136.75
2195.36	1476.44	288	1.#QNAN	0	0.031	0	6.58439e-007	1688.85	2195.36	2133.51
2191.85	1473.73	289	1.#QNAN	0	0.016	0	6.72638e-007	1671.33	2191.85	2130.27
2188.39	1471.06	290	1.#QNAN	0	0.015	0	6.38599e-007	1670.51	2188.39	2127.06
2185.04	1468.42	291	1.#QNAN	0	0.016	0	6.49152e-007	1670.51	2185.04	2123.97
2181.68	1465.82	292	1.#QNAN	0	0.015	0	6.53943e-007	1668.03	2181.68	2120.86
2178.3	1463.2	293	1.#QNAN	0	0.016	0	6.38674e-007	1644.15	2178.3	2117.73
2174.89	1460.61	294	1.#QNAN	0	0.016	0	6.57661e-007	1623.18	2174.89	2114.57
2171.53	1458	295	1.#QNAN	0	0.031	0	6.48803e-007	1621.65	2171.53	2111.45
2168.2	1455.42	296	1.#QNAN	0	0.015	0	6.65938e-007	1625.4	2168.2	2108.37
2164.75	1452.8	297	1.#QNAN	0	0.016	0	6.45501e-007	1595.66	2164.75	2105.15
2161.4	1450.26	298	1.#QNAN	0	0.016	0	6.57531e-007	1604.08	2161.4	2102.04
2158.05	1447.69	299	1.#QNAN	0	0.015	0	6.39425e-007	1587.42	2158.05	2098.92
2154.76	1445.18	300	1.#QNAN	0	0.016	0	6.38384e-007	1591.08	2154.76	2095.88
2151.49	1442.7	301	1.#QNAN	0	0.015	0	6.4692e-007	1603.91	2151.49	2092.85
2148.23	1440.17	302	1.#QNAN	0	0.016	0	6.23861e-007	1599.05	2148.23	2089.81
2144.94	1437.68	303	1.#QNAN	0	0.031	0	6.56178e-007	1589.44	2144.94	2086.75
2141.7	1435.17	304	1.#QNAN	0	0.016	0	6.61867e-007	1602.37	2141.7	2083.75
2138.47	1432.67	305	1.#QNAN	0	0.015	0	6.55407e-007	1595.12	2138.47	2080.76
2135.35	1430.23	306	1.#QNAN	0	0.016	0	6.64855e-007	1624.76	2135.35	2077.87
2132.27	1427.82	307	1.#QNAN	0	0.016	0	6.61164e-007	1620.29	2132.27	2075.03
2129.17	1425.45	308	1.#QNAN	0	0.015	0	6.59874e-007	1602.89	2129.17	2072.15
2126.04	1423.06	309	1.#QNAN	0	0.016	0	6.52927e-007	1584.85	2126.04	2069.25
2122.88	1420.68	310	1.#QNAN	0	0.031	0	6.3168e-007	1561.34	2122.88	2066.3
2119.77	1418.34	311	1.#QNAN	0	0.016	0	6.67497e-007	1586.26	2119.77	2063.41
2116.61	1416.02	312	1.#QNAN	0	0.015	0	6.56302e-007	1586.68	2116.61	2060.45
2113.4	1413.67	313	1.#QNAN	0	0.016	0	6.49063e-007	1550.73	2113.4	2057.46
2110.25	1411.37	314	1.#QNAN	0	0.015	0	6.56611e-007	1574.9	2110.25	2054.51
2107.15	1409.07	315	1.#QNAN	0	0.016	0	6.4611e-007	1554.84	2107.15	2051.61
2104.04	1406.75	316	1.#QNAN	0	0.016	0	6.57745e-007	1569.79	2104.04	2048.71
2100.94	1404.49	317	1.#QNAN	0	0.015	0	6.80028e-007	1562.82	2100.94	2045.82
2097.93	1402.26	318	1.#QNAN	0	0.031	0	6.78639e-007	1597.92	2097.93	2043.01
2094.97	1400.04	319	1.#QNAN	0	0.016	0	6.7884e-007	1589.12	2094.97	2040.26
2092.03	1397.84	320	1.#QNAN	0	0.016	0	6.68319e-007	1581.16	2092.03	2037.53
2089.14	1395.68	321	1.#QNAN	0	0.015	0	6.57012e-007	1586.98	2089.14	2034.85
2086.24	1393.48	322	1.#QNAN	0	0.016	0	6.58493e-007	1584.88	2086.24	2032.16
2083.37	1391.26	323	1.#QNAN	0	0.015	0	6.49397e-007	1604.06	2083.37	2029.5
2080.54	1389.11	324	1.#QNAN	0	0.016	0	6.67473e-007	1589.96	2080.54	2026.88
2077.71	1386.94	325	1.#QNAN	0	0.031	0	6.41302e-007	1583.79	2077.71	2024.25
2074.85	1384.74	326	1.#QNAN	0	0.016	0	6.72303e-007	1573.4	2074.85	2021.61
2071.99	1382.54	327	1.#QNAN	0	0.015	0	6.71962e-007	1587.68	2071.99	2018.96
2069.12	1380.33	328	1.#QNAN	0	0.016	0	6.60534e-007	1570.57	2069.12	2016.28
2066.23	1378.14	329	1.#QNAN	0	0.016	0	6.75934e-007	1559.32	2066.23	2013.6
2063.39	1375.98	330	1.#QNAN	0	0.015	0	6.53556e-007	1582.03	2063.39	2010.97
2060.55	1373.83	331	1.#QNAN	0	0.016	0	6.74379e-007	1577.72	2060.55	2008.32
2057.78	1371.68	332	1.#QNAN	0	0.015	1	6.70469e-007	1600.22	2057.78	2005.74
2054.99	1369.58	333	1.#QNAN	0	0.032	0	6.51092e-007	1588.81	2054.99	2003.15
2052.14	1367.4	334	1.#QNAN	0	0.015	0	6.56401e-007	1552.43	2052.14	2000.48
2049.37	1365.29	335	1.#QNAN	0	0.016	0	6.55321e-007	1557.46	2049.37	1997.9
2046.66	1363.22	336	1.#QNAN	0	0.015	0	6.60789e-007	1534.96	2046.66	1995.39
2043.97	1361.13	337	1.#QNAN	0	0.032	0	6.71769e-007	1555.82	2043.97	1992.88
2041.3	1359.07	338	1.#QNAN	0	0.015	0	6.51533e-007	1575.07	2041.3	1990.4
2038.69	1357.08	339	1.#QNAN	0	0.016	0	6.60388e-007	1577.75	2038.69	1987.97
2036.07	1355.09	340	1.#QNAN	0	0.015	0	6.66515e-007	1578.99	2036.07	1985.54
2033.51	1353.13	341	1.#QNAN	0	0.016	0	6.62405e-007	1580.71	2033.51	1983.16
2031.02	1351.24	342	1.#QNAN	0	0.016	0	6.5802e-007	1622.08	2031.02	1980.85
2028.49	1349.29	343	1.#QNAN	0	0.031	0	6.76364e-007	1575.82	2028.49	1978.51
2025.91	1347.36	344	1.#QNAN	0	0.015	0	6.53765e-007	1560.89	2025.91	1976.1
2023.31	1345.46	345	1.#QNAN	0	0.016	0	6.6061e-007	1549.14	2023.31	1973.67
2020.72	1343.56	346	1.#QNAN	0	0.016	0	6.80751e-007	1561.92	2020.72	1971.25
2018.14	1341.61	347	1.#QNAN	0	0.015	0	6.83299e-007	1572.6	2018.14	1968.85
2015.67	1339.72	348	1.#QNAN	0	0.016	0	6.86669e-007	1566.81	2015.67	1966.55
2013.15	1337.78	349	1.#QNAN	0	0.015	0	6.79113e-007	1568.33	2013.15	1964.2
2010.56	1335.88	350	1.#QNAN	0	0.016	0	6.63844e-007	1532.07	2010.56	1961.78
2008.03	1333.98	351	1.#QNAN	0	0.016	0	6.75137e-007	1551.97	2008.03	1959.43
2005.52	1332.12	352	1.#QNAN	0	0.031	0	6.80882e-007	1548.27	2005.52	1957.09
2003.01	1330.26	353	1.#QNAN	0	0.015	0	6.72438e-007	1545.16	2003.01	1954.75
2000.59	1328.42	354	1.#QNAN	0	0.016	0	6.76478e-007	1562.69	2000.59	1952.5
1998.13	1326.55	355	1.#QNAN	0	0.016	0	6.94485e-007	1552.38	1998.13	1950.2
1995.64	1324.7	356	1.#QNAN	0	0.015	0	6.65387e-007	1519.22	1995.64	1947.88
1993.17	1322.87	357	1.#QNAN	0	0.016	0	6.67028e-007	1537.74	1993.17	1945.57
1990.68	1321.03	358	1.#QNAN	0	0.015	0	6.80206e-007	1532.55	1990.68	1943.25
1988.33	1319.26	359	1.#QNAN	0	0.032	0	7.0264e-007	1547.3	1988.33	1941.06
1985.97	1317.5	360	1.#QNAN	0	0.015	0	6.77284e-007	1540.47	1985.97	1938.87
1983.61	1315.74	361	1.#QNAN	0	0.016	0	6.59649e-007	1546.93	1983.61	1936.68
1981.19	1313.94	362	1.#QNAN	0	0.015	0	6.90204e-007	1533.34	1981.19	1934.42
1978.8	1312.17	363	1.#QNAN	0	0.016	0	6.8453e-007	1517.03	1978.8	1932.19
1976.34	1310.38	364	1.#QNAN	0	0.016	0	7.14757e-007	1492.44	1976.34	1929.89
1973.91	1308.63	365	1.#QNAN	0	0.031	0	6.77584e-007	1485.71	1973.91	1927.62
1971.54	1306.87	366	1.#QNAN	0	0.015	0	6.63194e-007	1525.16	1971.54	1925.41
1969.23	1305.16	367	1.#QNAN	0	0.016	0	6.83634e-007	1516.1	1969.23	1923.24
1966.98	1303.44	368	1.#QNAN	0	0.016	0	7.02393e-007	1537.65	1966.98	1921.15
1964.68	1301.72	369	1.#QNAN	0	0.015	0	6.52627e-007	1545.55	1964.68	1919.01
1962.39	1299.98	370	1.#QNAN	0	0.016	0	6.90255e-007	1549.85	1962.39	1916.87
1960.14	1298.29	371	1.#QNAN	0	0.015	0	6.80353e-007	1560.43	1960.14	1914.77
1957.89	1296.59	372	1.#QNAN	0	0.016	0	6.90907e-007	1535.08	1957.89	1912.68
1955.67	1294.92	373	1.#QNAN	0	0.031	0	6.93007e-007	1536.1	1955.67	1910.61
1953.58	1293.29	374	1.#QNAN	0	0.016	0	6.99505e-007	1559.67	1953.58	1908.66
1951.47	1291.66	375	1.#QNAN	0	0.015	0	6.74562e-007	1563.07	1951.47	1906.7
1949.45	1290.08	376	1.#QNAN	0	0.016	0	6.91869e-007	1584.39	1949.45	1904.83
1947.46	1288.52	377	1.#QNAN	0	0.016	0	6.93635e-007	1608.03	1947.46	1903
1945.49	1286.95	378	1.#QNAN	0	0.015	0	6.91857e-007	1601.84	1945.49	1901.18
1943.58	1285.42	379	1.#QNAN	0	0.031	0	6.7977e-007	1636.51	1943.58	1899.42
1941.54	1283.84	380	1.#QNAN	0	0.016	0	6.93742e-007	1597.06	1941.54	1897.52
1939.52	1282.26	381	1.#QNAN	0	0.016	0	6.6657e-007	1600	1939.52	1895.65
1937.55	1280.74	382	1.#QNAN	0	0.015	0	6.95869e-007	1596.98	1937.55	1893.83
1935.61	1279.22	383	1.#QNAN	0	0.016	0	6.72688e-007	1594.2	1935.61	1892.05
1933.65	1277.68	384	1.#QNAN	0	0.015	0	6.6281e-007	1567.65	1933.65	1890.23
1931.76	1276.15	385	1.#QNAN	0	0.016	0	6.59891e-007	1599.14	1931.76	1888.49
1929.81	1274.58	386	1.#QNAN	0	0.031	0	6.8825e-007	1575.02	1929.81	1886.68
1927.78	1273.05	387	1.#QNAN	0	0.016	1	6.88987e-007	1543.91	1927.78	1884.8
1925.82	1271.52	388	1.#QNAN	0	0.015	0	6.60364e-007	1557.9	1925.82	1882.99
1923.89	1269.98	389	1.#QNAN	0	0.016	0	6.73405e-007	1555.72	1923.89	1881.19
1921.98	1268.47	390	1.#QNAN	0	0.016	0	6.9022e-007	1544.74	1921.98	1879.43
1920.11	1267	391	1.#QNAN	0	0.015	0	6.76946e-007	1560.48	1920.11	1877.7
1918.16	1265.51	392	1.#QNAN	0	0.016	0	7.02691e-007	1526.21	1918.16	1875.89
1916.27	1264.02	393	1.#QNAN	0	0.015	0	6.91945e-007	1539.86	1916.27	1874.15
1914.39	1262.51	394	1.#QNAN	0	0.016	0	6.92491e-007	1536.46	1914.39	1872.41
1912.49	1261.04	395	1.#QNAN	0	0.031	0	6.83812e-007	1524.59	1912.49	1870.65
1910.54	1259.56	396	1.#QNAN	0	0.016	0	6.72408e-007	1514.66	1910.54	1868.84
1908.64	1258.09	397	1.#QNAN	0	0.015	0	6.72041e-007	1518.25	1908.64	1867.07
1906.84	1256.64	398	1.#QNAN	0	0.016	0	6.83957e-007	1557.17	1906.84	1865.42
1905.01	1255.19	399	1.#QNAN	0	0.016	0	6.98111e-007	1539.12	1905.01	1863.73
1903.15	1253.74	400	1.#QNAN	0	0.015	0	7.03965e-007	1520.15	1903.15	1862
1901.33	1252.31	401	1.#QNAN	0	0.016	0	6.68071e-007	1535.19	1901.33	1860.31
1899.52	1250.9	402	1.#QNAN	0	0.015	0	6.71716e-007	1528.48	1899.52	1858.64
1897.72	1249.52	403	1.#QNAN	0	0.032	0	7.03609e-007	1523.61	1897.72	1856.96
1895.85	1248.1	404	1.#QNAN	0	0.015	0	7.20534e-007	1490.44	1895.85	1855.22
1894.03	1246.71	405	1.#QNAN	0	0.016	0	6.84259e-007	1513.67	1894.03	1853.53
1892.15	1245.31	406	1.#QNAN	0	0.015	0	6.78329e-007	1470.08	1892.15	1851.78
1890.34	1243.95	407	1.#QNAN	0	0.016	0	7.01832e-007	1510.11	1890.34	1850.11
1888.52	1242.55	408	1.#QNAN	0	0.016	0	7.02728e-007	1506.91	1888.52	1848.41
1886.81	1241.22	409	1.#QNAN	0	0.015	0	6.79518e-007	1573.27	1886.81	1846.84
1885.04	1239.87	410	1.#QNAN	0	0.016	0	6.95483e-007	1537.82	1885.04	1845.2
1883.25	1238.56	411	1.#QNAN	0	0.016	0	7.27128e-007	1529.85	1883.25	1843.54
1881.47	1237.21	412	1.#QNAN	0	0.016	0	7.03155e-007	1556	1881.47	1841.88
1879.7	1235.88	413	1.#QNAN	0	0.015	0	7.16665e-007	1572.02	1879.7	1840.24
1877.9	1234.55	414	1.#QNAN	0	0.016	0	6.86984e-007	1562.72	1877.9	1838.57
1876.18	1233.26	415	1.#QNAN	0	0.015	0	6.72053e-007	1575.79	1876.18	1836.97
1874.44	1231.96	416	1.#QNAN	0	0.016	0	7.0132e-007	1600.19	1874.44	1835.36
1872.65	1230.67	417	1.#QNAN	0	0.016	0	6.69577e-007	1557.96	1872.65	1833.69
1870.93	1229.39	418	1.#QNAN	0	0.015	0	6.68592e-007	1569.23	1870.93	1832.08
1869.2	1228.12	419	1.#QNAN	0	0.031	0	6.76367e-007	1560.59	1869.2	1830.47
1867.42	1226.83	420	1.#QNAN	0	0.016	0	6.94837e-007	1563.11	1867.42	1828.81
1865.68	1225.55	421	1.#QNAN	0	0.016	0	6.8616e-007	1515.67	1865.68	1827.19
1863.92	1224.29	422	1.#QNAN	0	0.015	0	6.66069e-007	1501.14	1863.92	1825.55
1862.24	1223.04	423	1.#QNAN	0	0.016	0	6.96548e-007	1534.28	1862.24	1823.99
1860.56	1221.76	424	1.#QNAN	0	0.015	0	6.78923e-007	1542.77	1860.56	1822.44
1858.82	1220.5	425	1.#QNAN	0	0.032	0	6.91696e-007	1517.78	1858.82	1820.81
1857.06	1219.24	426	1.#QNAN	0	0.015	0	6.62454e-007	1491.36	1857.06	1819.17
1855.38	1218.01	427	1.#QNAN	0	0.016	0	7.1138e-007	1520.56	1855.38	1817.6
1853.77	1216.77	428	1.#QNAN	0	0.015	0	6.93709e-007	1555.93	1853.77	1816.11
1852.13	1215.57	429	1.#QNAN	0	0.016	0	6.52061e-007	1560.84	1852.13	1814.58
1850.5	1214.35	430	1.#QNAN	0	0.016	0	7.12839e-007	1568.22	1850.5	1813.08
1848.88	1213.11	431	1.#QNAN	0	0.031	0	7.03379e-007	1567.85	1848.88	1811.57
1847.28	1211.92	432	1.#QNAN	0	0.015	0	6.81682e-007	1559.48	1847.28	1810.07
1845.68	1210.73	433	1.#QNAN	0	0.016	0	6.92881e-007	1548.28	1845.68	1808.59
1844.17	1209.57	434	1.#QNAN	0	0.016	0	6.75344e-007	1569.68	1844.17	1807.2
1842.67	1208.39	435	1.#QNAN	0	0.015	0	6.87197e-007	1551.4	1842.67	1805.81
1841.16	1207.23	436	1.#QNAN	0	0.016	0	7.00858e-007	1537.24	1841.16	1804.42
1839.65	1206.07	437	1.#QNAN	0	0.015	0	6.96206e-007	1519	1839.65	1803.02
1838.17	1204.93	438	1.#QNAN	0	0.032	0	6.92529e-007	1522.64	1838.17	1801.66
1836.69	1203.76	439	1.#QNAN	0	0.015	0	7.05264e-007	1538.26	1836.69	1800.3
1835.23	1202.6	440	1.#QNAN	0	0.016	0	6.69908e-007	1538.22	1835.23	1798.95
1833.85	1201.46	441	1.#QNAN	0	0.015	0	6.85913e-007	1564.45	1833.85	1797.68
1832.49	1200.36	442	1.#QNAN	0	0.016	0	6.82467e-007	1564.19	1832.49	1796.45
1831.11	1199.22	443	1.#QNAN	0	0.016	0	6.76786e-007	1552.03	1831.11	1795.18
1829.69	1198.11	444	1.#QNAN	0	0.015	0	6.95331e-007	1550.11	1829.69	1793.88
1828.32	1196.99	445	1.#QNAN	0	0.016	1	6.65805e-007	1577.19	1828.32	1792.61
1826.93	1195.88	446	1.#QNAN	0	0.031	0	6.89615e-007	1577.37	1826.93	1791.34
1825.58	1194.78	447	1.#QNAN	0	0.016	0	6.96165e-007	1567.23	1825.58	1790.1
1824.23	1193.71	448	1.#QNAN	0	0.015	0	6.67318e-007	1588.39	1824.23	1788.85
1822.91	1192.64	449	1.#QNAN	0	0.016	0	6.78809e-007	1594.48	1822.91	1787.64
1821.6	1191.56	450	1.#QNAN	0	0.015	0	6.63958e-007	1592.76	1821.6	1786.44
1820.27	1190.47	451	1.#QNAN	0	0.016	0	7.1044e-007	1572.75	1820.27	1785.22
1818.92	1189.42	452	1.#QNAN	0	0.016	0	6.86938e-007	1543.67	1818.92	1783.98
1817.57	1188.34	453	1.#QNAN	0	0.031	0	6.89139e-007	1529.81	1817.57	1782.73
1816.19	1187.27	454	1.#QNAN	0	0.015	0	6.7021e-007	1519.69	1816.19	1781.45
1814.84	1186.22	455	1.#QNAN	0	0.016	0	6.57371e-007	1537.53	1814.84	1780.21
1813.58	1185.19	456	1.#QNAN	0	0.016	0	7.00035e-007	1592.18	1813.58	1779.05
1812.29	1184.12	457	1.#QNAN	0	0.015	0	7.03589e-007	1585.55	1812.29	1777.87
1811	1183.07	458	1.#QNAN	0	0.016	0	6.82919e-007	1577.38	1811	1776.67
1809.68	1182.02	459	1.#QNAN	0	0.015	0	6.92253e-007	1559.53	1809.68	1775.45
1808.35	1180.98	460	1.#QNAN	0	0.016	0	6.99405e-007	1567.99	1808.35	1774.23
1807.07	1179.94	461	1.#QNAN	0	0.031	0	6.86286e-007	1569.75	1807.07	1773.05
1805.85	1178.94	462	1.#QNAN	0	0.016	0	6.59496e-007	1623.53	1805.85	1771.93
1804.59	1177.9	463	1.#QNAN	0	0.015	0	6.89773e-007	1625.36	1804.59	1770.77
1803.36	1176.89	464	1.#QNAN	0	0.016	0	6.84181e-007	1631.9	1803.36	1769.64
1802.16	1175.88	465	1.#QNAN	0	0.016	0	6.7405e-007	1620.41	1802.16	1768.55
1800.94	1174.88	466	1.#QNAN	0	0.015	0	6.92958e-007	1628.95	1800.94	1767.44
1799.68	1173.86	467	1.#QNAN	0	0.016	0	6.73255e-007	1588.73	1799.68	1766.28
1798.5	1172.88	468	1.#QNAN	0	0.031	0	7.06401e-007	1625.51	1798.5	1765.19
1797.21	1171.87	469	1.#QNAN	0	0.016	0	6.84849e-007	1564.76	1797.21	1764.01
1795.96	1170.85	470	1.#QNAN	0	0.015	0	7.01425e-007	1575.11	1795.96	1762.86
1794.68	1169.83	471	1.#QNAN	0	0.016	0	6.83786e-007	1536.93	1794.68	1761.66
1793.4	1168.81	472	1.#QNAN	0	0.015	0	6.55587e-007	1538.9	1793.4	1760.48
1792.15	1167.81	473	1.#QNAN	0	0.016	0	6.59234e-007	1553.44	1792.15	1759.33
1790.94	1166.8	474	1.#QNAN	0	0.016	0	7.0144e-007	1558.85	1790.94	1758.21
1789.69	1165.79	475	1.#QNAN	0	0.015	0	6.72132e-007	1546.03	1789.69	1757.06
1788.48	1164.78	476	1.#QNAN	0	0.031	0	6.90271e-007	1570.33	1788.48	1755.94
1787.29	1163.79	477	1.#QNAN	0	0.016	0	6.87836e-007	1572.46	1787.29	1754.85
1786.09	1162.81	478	1.#QNAN	0	0.016	0	6.99815e-007	1573.49	1786.09	1753.75
1784.93	1161.84	479	1.#QNAN	0	0.015	0	7.12184e-007	1591.36	1784.93	1752.68
1783.8	1160.91	480	1.#QNAN	0	0.016	0	6.89737e-007	1602.42	1783.8	1751.64
1782.64	1159.95	481	1.#QNAN	0	0.015	0	7.11147e-007	1605.01	1782.64	1750.56
1781.52	1159.02	482	1.#QNAN	0	0.016	0	6.8525e-007	1619.79	1781.52	1749.53
1780.37	1158.1	483	1.#QNAN	0	0.031	0	6.97254e-007	1610.98	1780.37	1748.47
1779.24	1157.15	484	1.#QNAN	0	0.016	0	6.77753e-007	1630.82	1779.24	1747.43
1778.15	1156.22	485	1.#QNAN	0	0.015	0	6.72471e-007	1620.75	1778.15	1746.44
1777.08	1155.32	486	1.#QNAN	0	0.016	0	7.13821e-007	1583.94	1777.08	1745.45
1775.98	1154.38	487	1.#QNAN	0	0.016	0	6.75864e-007	1590.32	1775.98	1744.45
1774.93	1153.49	488	1.#QNAN	0	0.015	0	7.14251e-007	1622.15	1774.93	1743.49
1773.87	1152.56	489	1.#QNAN	0	0.016	0	6.99691e-007	1597.41	1773.87	1742.52
1772.74	1151.64	490	1.#QNAN	0	0.015	0	6.99304e-007	1578.91	1772.74	1741.49
1771.69	1150.72	491	1.#QNAN	0	0.032	0	7.02549e-007	1614.59	1771.69	1740.53
1770.65	1149.81	492	1.#QNAN	0	0.015	0	7.14688e-007	1600.11	1770.65	1739.58
1769.6	1148.9	493	1.#QNAN	0	0.016	0	6.86449e-007	1597.56	1769.6	1738.63
1768.56	1148.01	494	1.#QNAN	0	0.015	0	7.19069e-007	1593.39	1768.56	1737.67
1767.55	1147.13	495	1.#QNAN	0	0.016	0	7.08827e-007	1607.58	1767.55	1736.75
1766.55	1146.25	496	1.#QNAN	0	0.016	0	7.14317e-007	1632.35	1766.55	1735.85
1765.57	1145.39	497	1.#QNAN	0	0.031	0	7.11222e-007	1628.58	1765.57	1734.96
1764.58	1144.53	498	1.#QNAN	0	0.015	0	6.89975e-007	1631.02	1764.58	1734.06
1763.5	1143.63	499	1.#QNAN	0	0.016	0	7.13429e-007	1592.22	1763.5	1733.07
1762.45	1142.77	500	1.#QNAN	0	0.016	0	7.1853e-007	1608.32	1762.45	1732.11
1761.42	1141.92	501	1.#QNAN	0	0.015	1	6.94834e-007	1601.9	1761.42	1731.17
1760.36	1141.05	502	1.#QNAN	0	0.016	0	6.85487e-007	1595.59	1760.36	1730.2
1759.3	1140.19	503	1.#QNAN	0	0.015	0	7.26743e-007	1594.52	1759.3	1729.22
1758.27	1139.35	504	1.#QNAN	0	0.032	0	7.04337e-007	1593.87	1758.27	1728.28
1757.25	1138.5	505	1.#QNAN	0	0.015	0	6.79474e-007	1579.79	1757.25	1727.34
1756.26	1137.65	506	1.#QNAN	0	0.016	0	7.16786e-007	1582.97	1756.26	1726.44
1755.25	1136.81	507	1.#QNAN	0	0.015	0	7.05679e-007	1570.95	1755.25	1725.51
1754.26	1135.97	508	1.#QNAN	0	0.016	0	7.23782e-007	1575.13	1754.26	1724.6
1753.29	1135.13	509	1.#QNAN	0	0.016	0	7.08329e-007	1585.01	1753.29	1723.72
1752.3	1134.28	510	1.#QNAN	0	0.015	0	6.66058e-007	1558.6	1752.3	1722.81
1751.35	1133.46	511	1.#QNAN	0	0.031	0	7.09957e-007	1580.14	1751.35	1721.95
1750.42	1132.64	512	1.#QNAN	0	0.016	0	7.04659e-007	1583.64	1750.42	1721.09
1749.45	1131.82	513	1.#QNAN	0	0.016	0	7.11275e-007	1572.77	1749.45	1720.21
1748.51	1131.01	514	1.#QNAN	0	0.015	0	7.02287e-007	1572.85	1748.51	1719.35
1747.56	1130.22	515	1.#QNAN	0	0.016	0	7.08397e-007	1561.67	1747.56	1718.49
1746.61	1129.4	516	1.#QNAN	0	0.015	0	6.79534e-007	1557.52	1746.61	1717.62
1745.7	1128.62	517	1.#QNAN	0	0.032	0	6.90573e-007	1593.18	1745.7	1716.79
1744.78	1127.81	518	1.#QNAN	0	0.015	0	6.91488e-007	1589.24	1744.78	1715.95
1743.86	1126.98	519	1.#QNAN	0	0.016	0	7.06653e-007	1577.83	1743.86	1715.11
1742.94	1126.18	520	1.#QNAN	0	0.015	0	7.20276e-007	1583.56	1742.94	1714.28
1741.99	1125.35	521	1.#QNAN	0	0.016	0	7.0844e-007	1563.83	1741.99	1713.4
1741.06	1124.52	522	1.#QNAN	0	0.016	0	7.26142e-007	1555.44	1741.06	1712.55
1740.07	1123.73	523	1.#QNAN	0	0.015	0	7.0123e-007	1528.81	1740.07	1711.64
1739.07	1122.94	524	1.#QNAN	0	0.031	0	7.01428e-007	1526.46	1739.07	1710.71
1738.13	1122.16	525	1.#QNAN	0	0.016	0	6.91116e-007	1545.84	1738.13	1709.84
1737.23	1121.4	526	1.#QNAN	0	0.016	0	7.14116e-007	1560.81	1737.23	1709.02
1736.29	1120.62	527	1.#QNAN	0	0.015	0	7.08577e-007	1543.27	1736.29	1708.17
1735.37	1119.84	528	1.#QNAN	0	0.016	0	7.22324e-007	1547.61	1735.37	1707.33
1734.41	1119.05	529	1.#QNAN	0	0.015	0	6.75562e-007	1529.25	1734.41	1706.44
1733.45	1118.27	530	1.#QNAN	0	0.016	0	7.08306e-007	1530.98	1733.45	1705.56
1732.51	1117.47	531	1.#QNAN	0	0.016	0	7.03333e-007	1541.11	1732.51	1704.7
1731.54	1116.69	532	1.#QNAN	0	0.031	0	7.3026e-007	1525.61	1731.54	1703.8
1730.6	1115.93	533	1.#QNAN	0	0.015	0	7.12609e-007	1536.94	1730.6	1702.94
1729.59	1115.13	534	1.#QNAN	0	0.016	0	7.08046e-007	1518.33	1729.59	1702.01
1728.65	1114.37	535	1.#QNAN	0	0.016	0	7.23166e-007	1518.16	1728.65	1701.14
1727.84	1113.65	536	1.#QNAN	0	0.015	0	7.15465e-007	1563.8	1727.84	1700.4
1726.98	1112.92	537	1.#QNAN	0	0.016	0	7.21288e-007	1552.3	1726.98	1699.62
1726.03	1112.17	538	1.#QNAN	0	0.015	0	7.18429e-007	1513.74	1726.03	1698.75
1725.09	1111.4	539	1.#QNAN	0	0.032	0	7.16366e-007	1494.5	1725.09	1697.88
1724.16	1110.63	540	1.#QNAN	0	0.015	0	7.35426e-007	1510.97	1724.16	1697.02
1723.29	1109.9	541	1.#QNAN	0	0.016	0	6.9119e-007	1547.02	1723.29	1696.23
1722.43	1109.16	542	1.#QNAN	0	0.015	0	7.10542e-007	1537.91	1722.43	1695.44
1721.57	1108.44	543	1.#QNAN	0	0.016	0	6.92942e-007	1542.28	1721.57	1694.66
1720.72	1107.71	544	1.#QNAN	0	0.016	0	7.12554e-007	1539.56	1720.72	1693.88
1719.88	1106.99	545	1.#QNAN	0	0.031	0	7.19541e-007	1547.28	1719.88	1693.12
1719.04	1106.26	546	1.#QNAN	0	0.015	0	7.11613e-007	1540.68	1719.04	1692.36
1718.19	1105.57	547	1.#QNAN	0	0.016	0	7.22137e-007	1548.73	1718.19	1691.58
1717.34	1104.85	548	1.#QNAN	0	0.016	0	6.9872e-007	1543.53	1717.34	1690.8
1716.46	1104.15	549	1.#QNAN	0	0.015	0	7.04409e-007	1536.03	1716.46	1689.99
1715.65	1103.47	550	1.#QNAN	0	0.016	0	6.90437e-007	1549.58	1715.65	1689.26
1714.91	1102.83	551	1.#QNAN	0	0.031	0	7.09606e-007	1596.43	1714.91	1688.6
1714.11	1102.16	552	1.#QNAN	0	0.016	0	7.2425e-007	1533.29	1714.11	1687.87
1713.31	1101.48	553	1.#QNAN	0	0.015	0	7.36915e-007	1544.24	1713.31	1687.13
1712.53	1100.81	554	1.#QNAN	0	0.016	0	6.98284e-007	1536.36	1712.53	1686.42
1711.76	1100.18	555	1.#QNAN	0	0.015	0	7.26034e-007	1539.25	1711.76	1685.72
1710.98	1099.49	556	1.#QNAN	0	0.016	0	7.26256e-007	1531.95	1710.98	1685.01
1710.19	1098.84	557	1.#QNAN	0	0.016	1	7.04531e-007	1521.19	1710.19	1684.28
1709.4	1098.19	558	1.#QNAN	0	0.031	0	7.01303e-007	1518.97	1709.4	1683.56
1708.59	1097.54	559	1.#QNAN	0	0.015	0	7.00119e-007	1514.2	1708.59	1682.82
1707.77	1096.89	560	1.#QNAN	0	0.016	0	7.05377e-007	1509.1	1707.77	1682.07
1706.98	1096.26	561	1.#QNAN	0	0.016	0	7.11462e-007	1513.73	1706.98	1681.34
1706.17	1095.63	562	1.#QNAN	0	0.015	0	7.05579e-007	1496.96	1706.17	1680.59
1705.35	1095	563	1.#QNAN	0	0.031	0	6.85408e-007	1505.95	1705.35	1679.84
1704.53	1094.37	564	1.#QNAN	0	0.016	0	7.07385e-007	1507.66	1704.53	1679.08
1703.76	1093.74	565	1.#QNAN	0	0.016	0	7.09148e-007	1508.37	1703.76	1678.37
1702.96	1093.09	566	1.#QNAN	0	0.015	0	7.23625e-007	1503.77	1702.96	1677.64
1702.25	1092.49	567	1.#QNAN	0	0.016	0	7.17004e-007	1569.98	1702.25	1677
1701.49	1091.87	568	1.#QNAN	0	0.015	0	7.39246e-007	1526	1701.49	1676.3
1700.75	1091.27	569	1.#QNAN	0	0.016	0	7.01191e-007	1541.65	1700.75	1675.63
1700.03	1090.66	570	1.#QNAN	0	0.031	0	7.11402e-007	1549.15	1700.03	1674.98
1699.32	1090.04	571	1.#QNAN	0	0.016	0	6.92442e-007	1556.82	1699.32	1674.33
1698.58	1089.42	572	1.#QNAN	0	0.015	0	6.91743e-007	1553.18	1698.58	1673.65
1697.82	1088.79	573	1.#QNAN	0	0.016	0	7.17338e-007	1539.09	1697.82	1672.96
1697.1	1088.16	574	1.#QNAN	0	0.016	0	7.17263e-007	1563.06	1697.1	1672.31
1696.36	1087.54	575	1.#QNAN	0	0.031	0	7.15537e-007	1546.52	1696.36	1671.63
1695.62	1086.93	576	1.#QNAN	0	0.015	0	7.12012e-007	1550.54	1695.62	1670.95
1694.91	1086.31	577	1.#QNAN	0	0.016	0	7.03779e-007	1549.23	1694.91	1670.3
1694.2	1085.71	578	1.#QNAN	0	0.016	0	6.97013e-007	1549.5	1694.2	1669.65
1693.48	1085.11	579	1.#QNAN	0	0.015	0	7.31442e-007	1551.88	1693.48	1669
1692.76	1084.51	580	1.#QNAN	0	0.016	0	7.15458e-007	1543.72	1692.76	1668.34
1692.06	1083.93	581	1.#QNAN	0	0.015	0	7.10423e-007	1568.7	1692.06	1667.71
1691.33	1083.32	582	1.#QNAN	0	0.016	0	6.94086e-007	1551.41	1691.33	1667.05
1690.68	1082.72	583	1.#QNAN	0	0.031	0	7.43983e-007	1617.99	1690.68	1666.46
1690	1082.12	584	1.#QNAN	0	0.016	0	7.06442e-007	1590.77	1690	1665.84
1689.32	1081.55	585	1.#QNAN	0	0.015	0	7.17912e-007	1579.42	1689.32	1665.23
1688.67	1080.97	586	1.#QNAN	0	0.016	0	7.10344e-007	1579.98	1688.67	1664.64
1687.97	1080.37	587	1.#QNAN	0	0.016	0	7.24263e-007	1550.68	1687.97	1664.01
1687.29	1079.78	588	1.#QNAN	0	0.015	0	6.94223e-007	1543.58	1687.29	1663.39
1686.63	1079.18	589	1.#QNAN	0	0.016	0	7.01455e-007	1539.34	1686.63	1662.79
1685.93	1078.59	590	1.#QNAN	0	0.015	0	6.88848e-007	1512.47	1685.93	1662.16
1685.3	1078.01	591	1.#QNAN	0	0.032	0	7.10075e-007	1572.36	1685.3	1661.6
1684.68	1077.44	592	1.#QNAN	0	0.015	0	6.97079e-007	1596.25	1684.68	1661.03
1684.06	1076.85	593	1.#QNAN	0	0.016	0	7.14332e-007	1575.79	1684.06	1660.48
1683.43	1076.25	594	1.#QNAN	0	0.015	0	6.88721e-007	1585.84	1683.43	1659.91
1682.77	1075.65	595	1.#QNAN	0	0.016	0	6.83256e-007	1548.86	1682.77	1659.31
1682.1	1075.06	596	1.#QNAN	0	0.016	0	7.34846e-007	1569.85	1682.1	1658.7
1681.4	1074.46	597	1.#QNAN	0	0.015	0	7.20596e-007	1552.88	1681.4	1658.06
1680.78	1073.86	598	1.#QNAN	0	0.016	0	7.06579e-007	1569.71	1680.78	1657.49
1680.2	1073.28	599	1.#QNAN	0	0.031	0	7.05952e-007	1611.6	1680.2	1656.98
1679.56	1072.66	600	1.#QNAN	0	0.016	0	7.22965e-007	1587.49	1679.56	1656.39
1678.95	1072.11	601	1.#QNAN	0	0.015	0	7.01389e-007	1585.31	1678.95	1655.85
1678.37	1071.58	602	1.#QNAN	0	0.016	0	7.03663e-007	1587.46	1678.37	1655.32
1677.79	1071.03	603	1.#QNAN	0	0.015	0	7.19545e-007	1596.56	1677.79	1654.8
1677.19	1070.5	604	1.#QNAN	0	0.016	0	7.14601e-007	1574.72	1677.19	1654.26
1676.58	1069.97	605	1.#QNAN	0	0.016	0	6.96585e-007	1579.24	1676.58	1653.71
1675.99	1069.41	606	1.#QNAN	0	0.015	0	7.43488e-007	1604.28	1675.99	1653.17
1675.37	1068.87	607	1.#QNAN	0	0.031	0	7.41974e-007	1600.45	1675.37	1652.61
1674.83	1068.33	608	1.#QNAN	0	0.016	0	7.03135e-007	1627.72	1674.83	1652.13
1674.33	1067.83	609	1.#QNAN	0	0.016	0	7.20917e-007	1658.95	1674.33	1651.69
1673.8	1067.28	610	1.#QNAN	0	0.015	0	7.22932e-007	1610.94	1673.8	1651.21
1673.24	1066.76	611	1.#QNAN	0	0.016	0	7.34575e-007	1617.37	1673.24	1650.71
1672.65	1066.22	612	1.#QNAN	0	0.015	0	7.03334e-007	1603.28	1672.65	1650.18
1672.06	1065.69	613	1.#QNAN	0	0.016	1	7.19898e-007	1585.06	1672.06	1649.64
1671.41	1065.14	614	1.#QNAN	0	0.031	0	7.30388e-007	1539.9	1671.41	1649.04
1670.79	1064.59	615	1.#QNAN	0	0.016	0	6.94629e-007	1569.47	1670.79	1648.48
1670.15	1064.03	616	1.#QNAN	0	0.015	0	7.20978e-007	1576.83	1670.15	1647.89
1669.54	1063.48	617	1.#QNAN	0	0.016	0	7.14748e-007	1598.64	1669.54	1647.33
1668.96	1062.95	618	1.#QNAN	0	0.016	0	6.99825e-007	1631.41	1668.96	1646.81
1668.38	1062.42	619	1.#QNAN	0	0.015	0	7.15911e-007	1627.11	1668.38	1646.28
1667.81	1061.88	620	1.#QNAN	0	0.016	0	6.95762e-007	1612.21	1667.81	1645.76
1667.3	1061.34	621	1.#QNAN	0	0.031	0	7.03152e-007	1661.95	1667.3	1645.3
1666.75	1060.83	622	1.#QNAN	0	0.016	0	7.12575e-007	1649.06	1666.75	1644.8
1666.21	1060.32	623	1.#QNAN	0	0.015	0	7.31778e-007	1659.12	1666.21	1644.32
1665.67	1059.82	624	1.#QNAN	0	0.016	0	7.16382e-007	1635.06	1665.67	1643.83
1665.19	1059.34	625	1.#QNAN	0	0.015	0	7.32186e-007	1718.09	1665.19	1643.4
1664.68	1058.83	626	1.#QNAN	0	0.016	0	7.2067e-007	1689.91	1664.68	1642.94
1664.13	1058.32	627	1.#QNAN	0	0.031	0	7.02758e-007	1641.5	1664.13	1642.45
1663.59	1057.81	628	1.#QNAN	0	0.016	0	7.10567e-007	1615.32	1663.59	1641.95
1663.08	1057.32	629	1.#QNAN	0	0.015	0	6.82794e-007	1665.84	1663.08	1641.5
1662.63	1056.86	630	1.#QNAN	0	0.016	0	7.11158e-007	1688.48	1662.63	1641.1
1662.15	1056.38	631	1.#QNAN	0	0.016	0	6.91951e-007	1668.43	1662.15	1640.67
1661.67	1055.9	632	1.#QNAN	0	0.015	0	7.23539e-007	1700.27	1661.67	1640.24
1661.22	1055.43	633	1.#QNAN	0	0.016	0	7.03128e-007	1731.98	1661.22	1639.85
1660.72	1054.95	634	1.#QNAN	0	0.015	0	7.30453e-007	1664.18	1660.72	1639.4
1660.21	1054.46	635	1.#QNAN	0	0.032	0	7.31623e-007	1633.14	1660.21	1638.94
1659.71	1053.98	636	1.#QNAN	0	0.015	0	6.99393e-007	1604.54	1659.71	1638.49
1659.22	1053.5	637	1.#QNAN	0	0.016	0	7.14716e-007	1618.01	1659.22	1638.05
1658.71	1053.02	638	1.#QNAN	0	0.015	0	7.0033e-007	1605.6	1658.71	1637.59
1658.19	1052.53	639	1.#QNAN	0	0.016	0	7.04287e-007	1602.82	1658.19	1637.12
1657.67	1052.06	640	1.#QNAN	0	0.016	0	7.20726e-007	1603.57	1657.67	1636.66
1657.13	1051.57	641	1.#QNAN	0	0.015	0	7.15208e-007	1613.63	1657.13	1636.17
1656.64	1051.08	642	1.#QNAN	0	0.016	0	7.29105e-007	1686.49	1656.64	1635.73
1656.16	1050.61	643	1.#QNAN	0	0.031	0	7.26185e-007	1684.69	1656.16	1635.3
1655.74	1050.17	644	1.#QNAN	0	0.016	0	7.0967e-007	1689.69	1655.74	1634.92
1655.29	1049.71	645	1.#QNAN	0	0.015	0	7.26238e-007	1662.14	1655.29	1634.52
1654.81	1049.23	646	1.#QNAN	0	0.016	0	7.45033e-007	1650.13	1654.81	1634.1
1654.41	1048.77	647	1.#QNAN	0	0.015	0	6.87313e-007	1701.41	1654.41	1633.75
1653.98	1048.31	648	1.#QNAN	0	0.016	0	7.42389e-007	1702.48	1653.98	1633.37
1653.58	1047.86	649	1.#QNAN	0	0.016	0	7.32575e-007	1687.48	1653.58	1633.03
1653.14	1047.41	650	1.#QNAN	0	0.031	0	7.21791e-007	1640.88	1653.14	1632.63
1652.69	1046.99	651	1.#QNAN	0	0.015	0	7.17374e-007	1653.94	1652.69	1632.24
1652.21	1046.54	652	1.#QNAN	0	0.016	0	7.29742e-007	1634.86	1652.21	1631.81
1651.76	1046.12	653	1.#QNAN	0	0.016	0	7.23304e-007	1661.76	1651.76	1631.4
1651.32	1045.7	654	1.#QNAN	0	0.015	0	7.11088e-007	1691	1651.32	1631.02
1650.89	1045.28	655	1.#QNAN	0	0.016	0	7.32816e-007	1684.35	1650.89	1630.63
1650.44	1044.86	656	1.#QNAN	0	0.015	0	7.00364e-007	1714.67	1650.44	1630.23
1649.99	1044.44	657	1.#QNAN	0	0.032	0	7.22333e-007	1653.61	1649.99	1629.82
1649.55	1044.03	658	1.#QNAN	0	0.015	0	7.25223e-007	1658.39	1649.55	1629.44
1649.09	1043.6	659	1.#QNAN	0	0.016	0	7.17839e-007	1643.2	1649.09	1629.02
1648.63	1043.19	660	1.#QNAN	0	0.015	0	7.17312e-007	1651.02	1648.63	1628.61
1648.18	1042.77	661	1.#QNAN	0	0.016	0	7.23416e-007	1647.6	1648.18	1628.21
1647.78	1042.38	662	1.#QNAN	0	0.016	0	7.0195e-007	1650.76	1647.78	1627.86
1647.35	1041.96	663	1.#QNAN	0	0.015	0	7.28145e-007	1638.69	1647.35	1627.47
1646.93	1041.54	664	1.#QNAN	0	0.031	0	7.08107e-007	1636.13	1646.93	1627.09
1646.47	1041.13	665	1.#QNAN	0	0.016	0	7.15807e-007	1617.2	1646.47	1626.69
1646.01	1040.69	666	1.#QNAN	0	0.016	0	7.33902e-007	1620.21	1646.01	1626.27
1645.59	1040.3	667	1.#QNAN	0	0.015	0	7.21158e-007	1650.04	1645.59	1625.9
1645.16	1039.89	668	1.#QNAN	0	0.016	0	7.3243e-007	1655.02	1645.16	1625.52
1644.76	1039.49	669	1.#QNAN	0	0.015	1	7.20112e-007	1647.92	1644.76	1625.16
1644.29	1039.07	670	1.#QNAN	0	0.016	0	7.11204e-007	1600.04	1644.29	1624.73
1643.8	1038.65	671	1.#QNAN	0	0.031	0	7.21272e-007	1599.95	1643.8	1624.29
1643.32	1038.22	672	1.#QNAN	0	0.016	0	7.36404e-007	1629.76	1643.32	1623.85
1642.85	1037.8	673	1.#QNAN	0	0.015	0	7.02096e-007	1617.03	1642.85	1623.43
1642.39	1037.39	674	1.#QNAN	0	0.016	0	7.2504e-007	1614.76	1642.39	1623.01
1641.96	1036.96	675	1.#QNAN	0	0.016	0	7.16364e-007	1649.02	1641.96	1622.62
1641.5	1036.54	676	1.#QNAN	0	0.015	0	7.27957e-007	1603.3	1641.5	1622.22
1641.07	1036.13	677	1.#QNAN	0	0.016	0	7.31808e-007	1616.88	1641.07	1621.83
1640.62	1035.73	678	1.#QNAN	0	0.015	0	7.26913e-007	1599.91	1640.62	1621.42
1640.2	1035.32	679	1.#QNAN	0	0.032	0	7.33968e-007	1632.58	1640.2	1621.05
1639.75	1034.9	680	1.#QNAN	0	0.015	0	6.88274e-007	1623.58	1639.75	1620.65
1639.32	1034.49	681	1.#QNAN	0	0.016	0	7.08742e-007	1635.47	1639.32	1620.26
1638.91	1034.09	682	1.#QNAN	0	0.015	0	7.3506e-007	1646.76	1638.91	1619.9
1638.46	1033.67	683	1.#QNAN	0	0.016	0	7.07877e-007	1574.55	1638.46	1619.49
1638.02	1033.23	684	1.#QNAN	0	0.016	0	7.21668e-007	1590.68	1638.02	1619.09
1637.55	1032.83	685	1.#QNAN	0	0.015	0	7.60469e-007	1580.41	1637.55	1618.67
1637.05	1032.42	686	1.#QNAN	0	0.016	0	7.111e-007	1540.92	1637.05	1618.21
1636.56	1032.01	687	1.#QNAN	0	0.031	0	7.28907e-007	1538.88	1636.56	1617.76
1636.01	1031.57	688	1.#QNAN	0	0.016	0	7.44973e-007	1492.48	1636.01	1617.26
1635.53	1031.15	689	1.#QNAN	0	0.015	0	7.15099e-007	1530.93	1635.53	1616.82
1635.07	1030.72	690	1.#QNAN	0	0.016	0	7.06327e-007	1561.44	1635.07	1616.4
1634.66	1030.34	691	1.#QNAN	0	0.015	0	7.30967e-007	1592.34	1634.66	1616.04
1634.23	1029.95	692	1.#QNAN	0	0.016	0	7.38533e-007	1571.89	1634.23	1615.65
1633.78	1029.54	693	1.#QNAN	0	0.016	0	7.34049e-007	1568.6	1633.78	1615.24
1633.36	1029.14	694	1.#QNAN	0	0.031	0	7.28935e-007	1582.51	1633.36	1614.86
1632.94	1028.75	695	1.#QNAN	0	0.015	0	7.23659e-007	1592.51	1632.94	1614.48
1632.55	1028.37	696	1.#QNAN	0	0.016	0	7.18931e-007	1617.33	1632.55	1614.13
1632.12	1027.97	697	1.#QNAN	0	0.016	0	7.20622e-007	1593.36	1632.12	1613.74
1631.71	1027.6	698	1.#QNAN	0	0.015	0	7.06562e-007	1600.05	1631.71	1613.36
1631.22	1027.22	699	1.#QNAN	0	0.016	0	7.13003e-007	1558.67	1631.22	1612.91
1630.79	1026.86	700	1.#QNAN	0	0.015	0	6.87916e-007	1578.77	1630.79	1612.52
1630.39	1026.48	701	1.#QNAN	0	0.016	0	7.19707e-007	1575.09	1630.39	1612.16
1629.97	1026.1	702	1.#QNAN	0	0.016	0	7.23056e-007	1569.07	1629.97	1611.78
1629.55	1025.72	703	1.#QNAN	0	0.031	0	7.34959e-007	1575.16	1629.55	1611.39
1629.13	1025.33	704	1.#QNAN	0	0.015	0	7.30414e-007	1593.19	1629.13	1611.02
1628.74	1024.96	705	1.#QNAN	0	0.016	0	7.12515e-007	1622.18	1628.74	1610.66
1628.33	1024.57	706	1.#QNAN	0	0.016	0	7.24332e-007	1581.86	1628.33	1610.3
1627.94	1024.2	707	1.#QNAN	0	0.015	0	7.24245e-007	1574.95	1627.94	1609.94
1627.52	1023.82	708	1.#QNAN	0	0.016	0	7.14676e-007	1562.38	1627.52	1609.56
1627.1	1023.46	709	1.#QNAN	0	0.031	0	7.06231e-007	1567.47	1627.1	1609.17
1626.67	1023.07	710	1.#QNAN	0	0.016	0	7.17572e-007	1595.11	1626.67	1608.79
1626.23	1022.68	711	1.#QNAN	0	0.015	0	7.07564e-007	1564.75	1626.23	1608.38
1625.83	1022.3	712	1.#QNAN	0	0.016	0	7.09406e-007	1594.06	1625.83	1608.02
1625.41	1021.93	713	1.#QNAN	0	0.015	0	7.18419e-007	1552.36	1625.41	1607.63
1624.96	1021.54	714	1.#QNAN	0	0.016	0	7.21795e-007	1538.31	1624.96	1607.22
1624.53	1021.15	715	1.#QNAN	0	0.016	0	7.26201e-007	1556	1624.53	1606.83
1624.14	1020.77	716	1.#QNAN	0	0.015	0	7.28568e-007	1584.16	1624.14	1606.48
1623.77	1020.4	717	1.#QNAN	0	0.031	0	7.05792e-007	1595.75	1623.77	1606.15
1623.44	1020.04	718	1.#QNAN	0	0.016	0	7.21659e-007	1608.23	1623.44	1605.86
1623.13	1019.69	719	1.#QNAN	0	0.016	0	7.49378e-007	1624.09	1623.13	1605.58
1622.84	1019.35	720	1.#QNAN	0	0.015	0	7.29407e-007	1629.57	1622.84	1605.34
1622.52	1019.01	721	1.#QNAN	0	0.016	0	7.24013e-007	1609.97	1622.52	1605.05
1622.19	1018.68	722	1.#QNAN	0	0.015	0	7.23773e-007	1592.83	1622.19	1604.76
1621.84	1018.33	723	1.#QNAN	0	0.032	0	7.18997e-007	1578.58	1621.84	1604.45
1621.48	1017.99	724	1.#QNAN	0	0.015	0	7.24852e-007	1574.2	1621.48	1604.12
1621.13	1017.65	725	1.#QNAN	0	0.016	1	7.09265e-007	1569.32	1621.13	1603.81
1620.79	1017.3	726	1.#QNAN	0	0.015	0	7.1752e-007	1576.82	1620.79	1603.51
1620.44	1016.95	727	1.#QNAN	0	0.016	0	7.16011e-007	1585.05	1620.44	1603.19
1620.1	1016.59	728	1.#QNAN	0	0.016	0	7.16267e-007	1587.94	1620.1	1602.89
1619.77	1016.26	729	1.#QNAN	0	0.015	0	7.07504e-007	1606.6	1619.77	1602.59
1619.45	1015.92	730	1.#QNAN	0	0.016	0	7.23376e-007	1615.32	1619.45	1602.31
1619.12	1015.58	731	1.#QNAN	0	0.015	0	7.24658e-007	1593.07	1619.12	1602.01
1618.79	1015.23	732	1.#QNAN	0	0.032	0	7.25357e-007	1597	1618.79	1601.72
1618.41	1014.88	733	1.#QNAN	0	0.015	0	7.09083e-007	1584.62	1618.41	1601.38
1618.05	1014.55	734	1.#QNAN	0	0.016	0	7.21796e-007	1600.82	1618.05	1601.05
1617.64	1014.19	735	1.#QNAN	0	0.015	0	7.20799e-007	1559.21	1617.64	1600.69
1617.23	1013.83	736	1.#QNAN	0	0.016	0	7.2521e-007	1564.97	1617.23	1600.31
1616.8	1013.47	737	1.#QNAN	0	0.016	0	6.8952e-007	1547.31	1616.8	1599.92
1616.38	1013.11	738	1.#QNAN	0	0.031	0	7.1851e-007	1541.78	1616.38	1599.53
1615.96	1012.74	739	1.#QNAN	0	0.015	0	7.1319e-007	1525.99	1615.96	1599.15
1615.57	1012.38	740	1.#QNAN	0	0.016	0	7.12773e-007	1549.88	1615.57	1598.79
1615.22	1012.03	741	1.#QNAN	0	0.016	0	7.09133e-007	1586.23	1615.22	1598.47
1614.84	1011.67	742	1.#QNAN	0	0.015	0	7.05268e-007	1564.01	1614.84	1598.13
1614.46	1011.33	743	1.#QNAN	0	0.016	0	7.18445e-007	1570.29	1614.46	1597.78
1614.07	1010.97	744	1.#QNAN	0	0.031	0	7.12478e-007	1571.4	1614.07	1597.43
1613.76	1010.64	745	1.#QNAN	0	0.016	0	7.18119e-007	1621.53	1613.76	1597.14
1613.42	1010.29	746	1.#QNAN	0	0.015	0	6.88003e-007	1596.71	1613.42	1596.84
1613.09	1009.97	747	1.#QNAN	0	0.016	0	7.11842e-007	1604.18	1613.09	1596.54
1612.75	1009.64	748	1.#QNAN	0	0.015	0	7.35521e-007	1571.17	1612.75	1596.24
1612.38	1009.29	749	1.#QNAN	0	0.016	0	7.14217e-007	1562.9	1612.38	1595.91
1612.03	1008.93	750	1.#QNAN	0	0.016	0	7.32893e-007	1567.17	1612.03	1595.59
1611.7	1008.6	751	1.#QNAN	0	0.015	0	7.14169e-007	1568.52	1611.7	1595.29
1611.34	1008.27	752	1.#QNAN	0	0.031	0	7.12161e-007	1559.23	1611.34	1594.97
1611	1007.95	753	1.#QNAN	0	0.016	0	7.08813e-007	1556.15	1611	1594.66
1610.65	1007.62	754	1.#QNAN	0	0.016	0	7.16822e-007	1555.38	1610.65	1594.35
1610.36	1007.3	755	1.#QNAN	0	0.015	0	7.06018e-007	1584.53	1610.36	1594.09
1610.05	1007	756	1.#QNAN	0	0.016	0	6.98286e-007	1585.73	1610.05	1593.82
1609.73	1006.68	757	1.#QNAN	0	0.015	0	7.05979e-007	1572.45	1609.73	1593.53
1609.39	1006.35	758	1.#QNAN	0	0.016	0	6.97878e-007	1560.73	1609.39	1593.22
1609.06	1006.02	759	1.#QNAN	0	0.031	0	7.21955e-007	1568.07	1609.06	1592.93
1608.73	1005.7	760	1.#QNAN	0	0.016	0	7.04822e-007	1571.08	1608.73	1592.63
1608.38	1005.38	761	1.#QNAN	0	0.015	0	7.15153e-007	1569.21	1608.38	1592.32
1608.07	1005.06	762	1.#QNAN	0	0.016	0	7.12669e-007	1579.08	1608.07	1592.04
1607.76	1004.74	763	1.#QNAN	0	0.016	0	7.51754e-007	1572.17	1607.76	1591.76
1607.39	1004.4	764	1.#QNAN	0	0.015	0	7.48357e-007	1539.96	1607.39	1591.43
1607.07	1004.08	765	1.#QNAN	0	0.016	0	7.16776e-007	1575.01	1607.07	1591.14
1606.72	1003.75	766	1.#QNAN	0	0.015	0	7.42068e-007	1568.78	1606.72	1590.83
1606.39	1003.42	767	1.#QNAN	0	0.016	0	7.0761e-007	1591.02	1606.39	1590.53
1606.04	1003.09	768	1.#QNAN	0	0.031	0	7.13628e-007	1565.27	1606.04	1590.21
1605.73	1002.76	769	1.#QNAN	0	0.016	0	7.13397e-007	1585.39	1605.73	1589.93
1605.41	1002.45	770	1.#QNAN	0	0.015	0	7.48818e-007	1571.06	1605.41	1589.64
1605.1	1002.14	771	1.#QNAN	0	0.016	0	6.96109e-007	1572.82	1605.1	1589.36
1604.77	1001.84	772	1.#QNAN	0	0.016	0	7.03729e-007	1561.93	1604.77	1589.07
1604.48	1001.55	773	1.#QNAN	0	0.015	0	7.17189e-007	1588.92	1604.48	1588.81
1604.16	1001.24	774	1.#QNAN	0	0.016	0	7.12952e-007	1562.01	1604.16	1588.51
1603.84	1000.94	775	1.#QNAN	0	0.015	0	6.8865e-007	1558.65	1603.84	1588.23
1603.57	1000.65	776	1.#QNAN	0	0.032	0	7.27997e-007	1577.68	1603.57	1587.99
1603.31	1000.37	777	1.#QNAN	0	0.015	0	7.02814e-007	1590.85	1603.31	1587.76
1603.06	1000.09	778	1.#QNAN	0	0.016	0	7.05019e-007	1595.83	1603.06	1587.55
1602.79	999.801	779	1.#QNAN	0	0.015	0	6.85933e-007	1594.87	1602.79	1587.31
1602.51	999.498	780	1.#QNAN	0	0.016	0	6.97728e-007	1575.91	1602.51	1587.06
1602.2	999.183	781	1.#QNAN	0	0.016	0	7.26443e-007	1569.85	1602.2	1586.78
1601.88	998.856	782	1.#QNAN	0	0.015	1	7.2522e-007	1566.42	1601.88	1586.49
1601.58	998.544	783	1.#QNAN	0	0.016	0	7.31918e-007	1579.5	1601.58	1586.23
1601.26	998.241	784	1.#QNAN	0	0.031	0	7.0958e-007	1559.04	1601.26	1585.94
1600.93	997.942	785	1.#QNAN	0	0.016	0	6.94221e-007	1552.34	1600.93	1585.64
1600.6	997.633	786	1.#QNAN	0	0.015	0	7.38439e-007	1541.74	1600.6	1585.34
1600.27	997.328	787	1.#QNAN	0	0.016	0	7.11632e-007	1531.33	1600.27	1585.04
1599.99	997.041	788	1.#QNAN	0	0.015	0	7.04567e-007	1573.89	1599.99	1584.8
1599.69	996.747	789	1.#QNAN	0	0.016	0	7.12404e-007	1548.35	1599.69	1584.53
1599.39	996.456	790	1.#QNAN	0	0.016	0	6.85655e-007	1567.64	1599.39	1584.26
1599.11	996.167	791	1.#QNAN	0	0.031	0	7.11644e-007	1568.12	1599.11	1584.01
1598.83	995.884	792	1.#QNAN	0	0.015	0	7.03032e-007	1573.84	1598.83	1583.76
1598.54	995.593	793	1.#QNAN	0	0.016	0	7.03113e-007	1571.74	1598.54	1583.5
1598.25	995.295	794	1.#QNAN	0	0.016	0	7.40263e-007	1568.78	1598.25	1583.24
1597.98	995.016	795	1.#QNAN	0	0.015	0	7.02225e-007	1565.9	1597.98	1583
1597.67	994.725	796	1.#QNAN	0	0.016	0	7.12321e-007	1530.56	1597.67	1582.72
1597.33	994.422	797	1.#QNAN	0	0.031	0	7.36081e-007	1518.79	1597.33	1582.41
1597.02	994.129	798	1.#QNAN	0	0.016	0	7.12602e-007	1561.11	1597.02	1582.13
1596.72	993.843	799	1.#QNAN	0	0.015	0	7.1498e-007	1559.14	1596.72	1581.86
1596.4	993.552	800	1.#QNAN	0	0.016	0	7.24566e-007	1533.05	1596.4	1581.57
1596.05	993.263	801	1.#QNAN	0	0.015	0	7.19032e-007	1493.96	1596.05	1581.24
1595.69	992.943	802	1.#QNAN	0	0.016	0	7.14144e-007	1505	1595.69	1580.92
1595.37	992.655	803	1.#QNAN	0	0.016	0	6.81494e-007	1527.35	1595.37	1580.62
1594.99	992.346	804	1.#QNAN	0	0.015	0	7.21567e-007	1499.99	1594.99	1580.27
1594.64	992.047	805	1.#QNAN	0	0.031	0	7.23041e-007	1526.61	1594.64	1579.94
1594.27	991.732	806	1.#QNAN	0	0.016	0	7.15358e-007	1514.39	1594.27	1579.61
1593.91	991.422	807	1.#QNAN	0	0.016	0	7.40975e-007	1513.3	1593.91	1579.28
1593.56	991.116	808	1.#QNAN	0	0.015	0	7.16343e-007	1521.68	1593.56	1578.95
1593.24	990.822	809	1.#QNAN	0	0.016	0	7.46015e-007	1546.67	1593.24	1578.65
1592.88	990.514	810	1.#QNAN	0	0.015	0	7.0684e-007	1518.34	1592.88	1578.33
1592.52	990.216	811	1.#QNAN	0	0.032	0	7.13812e-007	1528.73	1592.52	1577.99
1592.14	989.918	812	1.#QNAN	0	0.015	0	7.23547e-007	1513.77	1592.14	1577.64
1591.77	989.619	813	1.#QNAN	0	0.016	0	7.24206e-007	1529.1	1591.77	1577.3
1591.38	989.315	814	1.#QNAN	0	0.015	0	7.21105e-007	1513.65	1591.38	1576.93
1591.01	989.017	815	1.#QNAN	0	0.016	0	7.12116e-007	1523.94	1591.01	1576.59
1590.64	988.721	816	1.#QNAN	0	0.016	0	7.15065e-007	1520.14	1590.64	1576.24
1590.26	988.421	817	1.#QNAN	0	0.015	0	7.1897e-007	1548.29	1590.26	1575.89
1589.87	988.115	818	1.#QNAN	0	0.016	0	7.17453e-007	1544.09	1589.87	1575.53
1589.49	987.801	819	1.#QNAN	0	0.031	0	7.28622e-007	1536.49	1589.49	1575.17
1589.12	987.49	820	1.#QNAN	0	0.016	0	7.12037e-007	1534.74	1589.12	1574.83
1588.75	987.188	821	1.#QNAN	0	0.015	0	7.0263e-007	1533.16	1588.75	1574.48
1588.37	986.87	822	1.#QNAN	0	0.016	0	7.13122e-007	1528.5	1588.37	1574.13
1588.02	986.558	823	1.#QNAN	0	0.015	0	7.30271e-007	1549.33	1588.02	1573.79
1587.69	986.27	824	1.#QNAN	0	0.016	0	7.37738e-007	1561.11	1587.69	1573.49
1587.33	985.973	825	1.#QNAN	0	0.016	0	7.20974e-007	1547.71	1587.33	1573.16
1586.94	985.667	826	1.#QNAN	0	0.031	0	7.34008e-007	1511.61	1586.94	1572.79
1586.53	985.353	827	1.#QNAN	0	0.015	0	7.09929e-007	1497.28	1586.53	1572.41
1586.17	985.054	828	1.#QNAN	0	0.016	0	7.1465e-007	1533.72	1586.17	1572.07
1585.82	984.77	829	1.#QNAN	0	0.016	0	7.05372e-007	1533.48	1585.82	1571.75
1585.51	984.504	830	1.#QNAN	0	0.015	0	7.20203e-007	1568.43	1585.51	1571.47
1585.16	984.212	831	1.#QNAN	0	0.016	0	7.19472e-007	1518.39	1585.16	1571.15
1584.83	983.942	832	1.#QNAN	0	0.031	0	7.09795e-007	1531.92	1584.83	1570.84
1584.47	983.672	833	1.#QNAN	0	0.016	0	7.08582e-007	1516.37	1584.47	1570.5
1584.09	983.395	834	1.#QNAN	0	0.015	0	7.27738e-007	1493.12	1584.09	1570.15
1583.79	983.129	835	1.#QNAN	0	0.016	0	6.93837e-007	1532.99	1583.79	1569.87
1583.48	982.863	836	1.#QNAN	0	0.015	0	7.12245e-007	1533.67	1583.48	1569.59
1583.17	982.606	837	1.#QNAN	0	0.016	0	6.95311e-007	1535.62	1583.17	1569.31
1582.85	982.325	838	1.#QNAN	0	0.016	1	7.43665e-007	1527.02	1582.85	1569.01
1582.52	982.05	839	1.#QNAN	0	0.031	0	7.09021e-007	1509.98	1582.52	1568.71
1582.22	981.785	840	1.#QNAN	0	0.015	0	6.94256e-007	1530.57	1582.22	1568.43
1581.94	981.543	841	1.#QNAN	0	0.016	0	6.87801e-007	1555.28	1581.94	1568.18
1581.64	981.291	842	1.#QNAN	0	0.016	0	7.11024e-007	1544.8	1581.64	1567.91
1581.36	981.04	843	1.#QNAN	0	0.015	0	7.03727e-007	1553.73	1581.36	1567.65
1581.03	980.789	844	1.#QNAN	0	0.016	0	7.23352e-007	1504.41	1581.03	1567.35
1580.73	980.543	845	1.#QNAN	0	0.015	0	7.21932e-007	1528.01	1580.73	1567.07
1580.44	980.294	846	1.#QNAN	0	0.016	0	7.21254e-007	1525.52	1580.44	1566.8
1580.15	980.059	847	1.#QNAN	0	0.031	0	6.96645e-007	1540.91	1580.15	1566.53
1579.84	979.812	848	1.#QNAN	0	0.016	0	7.46692e-007	1516.81	1579.84	1566.24
1579.54	979.561	849	1.#QNAN	0	0.015	0	7.02698e-007	1540.28	1579.54	1565.97
1579.27	979.307	850	1.#QNAN	0	0.016	0	7.34558e-007	1557.81	1579.27	1565.72
1578.98	979.057	851	1.#QNAN	0	0.016	0	7.28091e-007	1537.6	1578.98	1565.46
1578.72	978.804	852	1.#QNAN	0	0.015	0	7.23241e-007	1553.75	1578.72	1565.22
1578.48	978.568	853	1.#QNAN	0	0.016	0	6.9155e-007	1577.49	1578.48	1565
1578.28	978.328	854	1.#QNAN	0	0.031	0	7.22779e-007	1605.8	1578.28	1564.82
1578.07	978.085	855	1.#QNAN	0	0.016	0	7.14031e-007	1600.96	1578.07	1564.64
1577.86	977.849	856	1.#QNAN	0	0.015	0	7.42513e-007	1583.44	1577.86	1564.45
1577.7	977.629	857	1.#QNAN	0	0.016	0	7.46055e-007	1625.83	1577.7	1564.32
1577.52	977.404	858	1.#QNAN	0	0.015	0	7.55899e-007	1620.09	1577.52	1564.16
1577.29	977.17	859	1.#QNAN	0	0.016	0	7.36013e-007	1577.56	1577.29	1563.96
1577.06	976.935	860	1.#QNAN	0	0.016	0	7.30493e-007	1584.08	1577.06	1563.75
1576.87	976.717	861	1.#QNAN	0	0.031	0	7.1917e-007	1619.71	1576.87	1563.58
1576.67	976.515	862	1.#QNAN	0	0.015	0	7.19981e-007	1607.61	1576.67	1563.4
1576.46	976.285	863	1.#QNAN	0	0.016	0	7.49336e-007	1620.63	1576.46	1563.22
1576.21	976.057	864	1.#QNAN	0	0.016	0	7.13339e-007	1563.14	1576.21	1562.99
1575.97	975.829	865	1.#QNAN	0	0.015	0	7.20183e-007	1577.87	1575.97	1562.78
1575.75	975.619	866	1.#QNAN	0	0.016	0	7.30969e-007	1590.79	1575.75	1562.58
1575.51	975.398	867	1.#QNAN	0	0.015	0	7.27647e-007	1571.38	1575.51	1562.36
1575.28	975.164	868	1.#QNAN	0	0.016	0	7.15123e-007	1585.43	1575.28	1562.16
1575.1	974.939	869	1.#QNAN	0	0.031	0	7.21489e-007	1623.92	1575.1	1562
1574.94	974.732	870	1.#QNAN	0	0.016	0	7.56566e-007	1643.26	1574.94	1561.87
1574.76	974.536	871	1.#QNAN	0	0.015	0	7.05326e-007	1620.31	1574.76	1561.72
1574.59	974.336	872	1.#QNAN	0	0.016	0	7.33039e-007	1625.75	1574.59	1561.58
1574.46	974.14	873	1.#QNAN	0	0.016	0	7.21842e-007	1653.55	1574.46	1561.47
1574.3	973.948	874	1.#QNAN	0	0.015	0	7.10185e-007	1643.23	1574.3	1561.34
1574.14	973.735	875	1.#QNAN	0	0.031	0	7.24913e-007	1617.23	1574.14	1561.2
1573.97	973.516	876	1.#QNAN	0	0.016	0	7.28725e-007	1626.62	1573.97	1561.06
1573.82	973.305	877	1.#QNAN	0	0.016	0	7.45297e-007	1635.35	1573.82	1560.93
1573.65	973.074	878	1.#QNAN	0	0.015	0	7.0465e-007	1636.99	1573.65	1560.79
1573.52	972.856	879	1.#QNAN	0	0.016	0	7.34792e-007	1659.22	1573.52	1560.68
1573.36	972.617	880	1.#QNAN	0	0.015	0	7.41453e-007	1634.28	1573.36	1560.55
1573.24	972.403	881	1.#QNAN	0	0.016	0	7.22139e-007	1657.41	1573.24	1560.45
1573.08	972.179	882	1.#QNAN	0	0.031	0	7.25785e-007	1614.65	1573.08	1560.32
1572.91	971.951	883	1.#QNAN	0	0.016	0	7.26752e-007	1622.62	1572.91	1560.17
1572.73	971.73	884	1.#QNAN	0	0.015	0	7.3333e-007	1610.46	1572.73	1560.01
1572.55	971.504	885	1.#QNAN	0	0.016	0	7.13222e-007	1621.5	1572.55	1559.85
1572.38	971.292	886	1.#QNAN	0	0.016	0	7.48791e-007	1636.46	1572.38	1559.71
1572.26	971.084	887	1.#QNAN	0	0.015	0	7.23331e-007	1685.47	1572.26	1559.61
1572.11	970.868	888	1.#QNAN	0	0.016	0	7.17254e-007	1654.16	1572.11	1559.48
1571.94	970.663	889	1.#QNAN	0	0.015	0	7.14407e-007	1630.28	1571.94	1559.34
1571.8	970.454	890	1.#QNAN	0	0.032	0	7.30116e-007	1637.52	1571.8	1559.22
1571.66	970.248	891	1.#QNAN	0	0.015	0	7.20862e-007	1636.07	1571.66	1559.1
1571.52	970.034	892	1.#QNAN	0	0.016	0	7.3962e-007	1655	1571.52	1558.98
1571.37	969.838	893	1.#QNAN	0	0.015	0	7.07535e-007	1642.52	1571.37	1558.86
1571.26	969.658	894	1.#QNAN	0	0.016	1	7.24579e-007	1678.34	1571.26	1558.78
1571.15	969.473	895	1.#QNAN	0	0.016	0	7.62273e-007	1672.51	1571.15	1558.69
1571.03	969.272	896	1.#QNAN	0	0.015	0	7.07751e-007	1652.15	1571.03	1558.59
1570.9	969.071	897	1.#QNAN	0	0.031	0	7.38923e-007	1653.17	1570.9	1558.48
1570.8	968.887	898	1.#QNAN	0	0.016	0	7.36091e-007	1672.99	1570.8	1558.41
1570.67	968.686	899	1.#QNAN	0	0.016	0	7.20331e-007	1641.44	1570.67	1558.3
1570.55	968.472	900	1.#QNAN	0	0.015	0	7.33899e-007	1662.6	1570.55	1558.19
1570.42	968.275	901	1.#QNAN	0	0.016	0	7.23918e-007	1643.8	1570.42	1558.09
1570.3	968.077	902	1.#QNAN	0	0.015	0	7.34272e-007	1643.72	1570.3	1557.99
1570.18	967.886	903	1.#QNAN	0	0.016	0	7.25837e-007	1638.33	1570.18	1557.89
1570.05	967.697	904	1.#QNAN	0	0.031	0	7.09715e-007	1628.72	1570.05	1557.78
1569.93	967.503	905	1.#QNAN	0	0.016	0	7.32657e-007	1662.63	1569.93	1557.69
1569.8	967.32	906	1.#QNAN	0	0.015	0	7.10633e-007	1643.01	1569.8	1557.59
1569.65	967.119	907	1.#QNAN	0	0.016	0	6.99387e-007	1625.9	1569.65	1557.46
1569.49	966.931	908	1.#QNAN	0	0.016	0	7.24447e-007	1602.72	1569.49	1557.33
1569.34	966.752	909	1.#QNAN	0	0.015	0	7.05173e-007	1600.19	1569.34	1557.19
1569.2	966.564	910	1.#QNAN	0	0.016	0	7.11883e-007	1621.72	1569.2	1557.07
1569.02	966.372	911	1.#QNAN	0	0.031	0	7.27893e-007	1602.26	1569.02	1556.92
1568.88	966.193	912	1.#QNAN	0	0.016	0	7.19957e-007	1625.96	1568.88	1556.8
1568.74	966.001	913	1.#QNAN	0	0.015	0	7.34089e-007	1627.92	1568.74	1556.68
1568.57	965.803	914	1.#QNAN	0	0.016	0	7.21274e-007	1616.88	1568.57	1556.54
1568.4	965.611	915	1.#QNAN	0	0.015	0	7.26927e-007	1612.13	1568.4	1556.39
1568.21	965.417	916	1.#QNAN	0	0.016	0	7.35277e-007	1589.79	1568.21	1556.22
1567.99	965.216	917	1.#QNAN	0	0.016	0	7.34454e-007	1575.78	1567.99	1556.03
1567.78	965.017	918	1.#QNAN	0	0.031	0	7.65178e-007	1562.12	1567.78	1555.84
1567.56	964.815	919	1.#QNAN	0	0.015	0	7.62592e-007	1554.52	1567.56	1555.64
1567.33	964.616	920	1.#QNAN	0	0.016	0	7.58716e-007	1559.6	1567.33	1555.43
1567.08	964.416	921	1.#QNAN	0	0.016	0	7.2827e-007	1556.6	1567.08	1555.21
1566.88	964.232	922	1.#QNAN	0	0.015	0	7.14269e-007	1572.84	1566.88	1555.02
1566.69	964.051	923	1.#QNAN	0	0.016	0	7.39285e-007	1579.37	1566.69	1554.85
1566.48	963.861	924	1.#QNAN	0	0.015	0	7.48186e-007	1573.74	1566.48	1554.67
1566.27	963.661	925	1.#QNAN	0	0.032	0	7.5306e-007	1559.14	1566.27	1554.48
1566.04	963.455	926	1.#QNAN	0	0.015	0	7.25156e-007	1545.52	1566.04	1554.27
1565.85	963.269	927	1.#QNAN	0	0.016	0	7.25205e-007	1577.42	1565.85	1554.1
1565.65	963.072	928	1.#QNAN	0	0.015	0	7.31789e-007	1580.26	1565.65	1553.92
1565.45	962.876	929	1.#QNAN	0	0.016	0	7.26358e-007	1581.45	1565.45	1553.74
1565.23	962.688	930	1.#QNAN	0	0.016	0	7.4088e-007	1569.41	1565.23	1553.54
1565.01	962.493	931	1.#QNAN	0	0.015	0	7.3163e-007	1569.61	1565.01	1553.33
1564.77	962.304	932	1.#QNAN	0	0.016	0	7.20541e-007	1536	1564.77	1553.12
1564.55	962.113	933	1.#QNAN	0	0.031	0	7.22366e-007	1548.88	1564.55	1552.91
1564.34	961.919	934	1.#QNAN	0	0.016	0	7.34712e-007	1572.25	1564.34	1552.73
1564.13	961.719	935	1.#QNAN	0	0.015	0	7.19127e-007	1553.22	1564.13	1552.54
1563.92	961.525	936	1.#QNAN	0	0.016	0	7.2177e-007	1558.42	1563.92	1552.34
1563.69	961.326	937	1.#QNAN	0	0.015	0	7.68363e-007	1528	1563.69	1552.13
1563.49	961.129	938	1.#QNAN	0	0.016	0	7.50262e-007	1550.76	1563.49	1551.95
1563.27	960.929	939	1.#QNAN	0	0.016	0	7.16315e-007	1537.81	1563.27	1551.76
1563.1	960.739	940	1.#QNAN	0	0.031	0	7.62785e-007	1571.07	1563.1	1551.6
1562.93	960.549	941	1.#QNAN	0	0.015	0	7.11283e-007	1576.36	1562.93	1551.45
1562.73	960.352	942	1.#QNAN	0	0.016	0	7.31619e-007	1557.55	1562.73	1551.27
1562.52	960.149	943	1.#QNAN	0	0.016	0	7.45151e-007	1546.41	1562.52	1551.07
1562.33	959.95	944	1.#QNAN	0	0.015	0	7.52409e-007	1558.42	1562.33	1550.9
1562.13	959.745	945	1.#QNAN	0	0.016	0	7.18982e-007	1544.64	1562.13	1550.72
1561.93	959.552	946	1.#QNAN	0	0.015	0	7.27183e-007	1574.88	1561.93	1550.55
1561.76	959.347	947	1.#QNAN	0	0.016	0	7.3442e-007	1576.21	1561.76	1550.39
1561.56	959.135	948	1.#QNAN	0	0.016	0	7.30837e-007	1557.81	1561.56	1550.21
1561.35	958.935	949	1.#QNAN	0	0.016	0	7.35439e-007	1542.3	1561.35	1550.02
1561.16	958.737	950	1.#QNAN	0	0.015	1	7.43032e-007	1551.4	1561.16	1549.85
1561.01	958.528	951	1.#QNAN	0	0.016	0	7.41997e-007	1604.98	1561.01	1549.72
1560.82	958.322	952	1.#QNAN	0	0.016	0	7.25324e-007	1542.04	1560.82	1549.54
1560.59	958.112	953	1.#QNAN	0	0.015	0	7.19329e-007	1521.19	1560.59	1549.34
1560.4	957.895	954	1.#QNAN	0	0.016	0	7.38683e-007	1563.37	1560.4	1549.16
1560.2	957.686	955	1.#QNAN	0	0.015	0	7.23598e-007	1548.75	1560.2	1548.99
1559.99	957.475	956	1.#QNAN	0	0.032	0	7.31295e-007	1535.65	1559.99	1548.79
1559.79	957.265	957	1.#QNAN	0	0.015	0	7.41094e-007	1538.33	1559.79	1548.61
1559.6	957.065	958	1.#QNAN	0	0.016	0	7.69685e-007	1544.24	1559.6	1548.44
1559.38	956.857	959	1.#QNAN	0	0.015	0	7.13528e-007	1504.59	1559.38	1548.23
1559.13	956.636	960	1.#QNAN	0	0.016	0	6.96968e-007	1507.29	1559.13	1548
1558.9	956.429	961	1.#QNAN	0	0.016	0	7.3393e-007	1510.96	1558.9	1547.79
1558.67	956.223	962	1.#QNAN	0	0.015	0	7.41129e-007	1515	1558.67	1547.57
1558.45	956.023	963	1.#QNAN	0	0.016	0	7.21858e-007	1526.83	1558.45	1547.37
1558.22	955.837	964	1.#QNAN	0	0.031	0	7.62056e-007	1519.98	1558.22	1547.16
1557.96	955.63	965	1.#QNAN	0	0.016	0	7.29708e-007	1479.48	1557.96	1546.92
1557.71	955.428	966	1.#QNAN	0	0.015	0	7.21507e-007	1483.23	1557.71	1546.69
1557.45	955.213	967	1.#QNAN	0	0.016	0	7.38934e-007	1495.25	1557.45	1546.45
1557.23	955.005	968	1.#QNAN	0	0.015	0	7.39401e-007	1538.83	1557.23	1546.25
1557	954.799	969	1.#QNAN	0	0.016	0	7.34868e-007	1515.86	1557	1546.03
1556.79	954.592	970	1.#QNAN	0	0.016	0	7.15476e-007	1535.25	1556.79	1545.84
1556.57	954.388	971	1.#QNAN	0	0.031	0	7.5776e-007	1514.72	1556.57	1545.64
1556.33	954.171	972	1.#QNAN	0	0.015	0	7.37358e-007	1521.06	1556.33	1545.42
1556.07	953.958	973	1.#QNAN	0	0.016	0	7.26604e-007	1478.22	1556.07	1545.18
1555.84	953.752	974	1.#QNAN	0	0.016	0	7.33337e-007	1507.71	1555.84	1544.97
1555.59	953.54	975	1.#QNAN	0	0.015	0	7.4092e-007	1480.57	1555.59	1544.73
1555.32	953.316	976	1.#QNAN	0	0.016	0	7.34178e-007	1469.27	1555.32	1544.47
1555.03	953.096	977	1.#QNAN	0	0.031	0	7.26342e-007	1462.84	1555.03	1544.21
1554.78	952.878	978	1.#QNAN	0	0.016	0	7.22624e-007	1489.6	1554.78	1543.97
1554.52	952.667	979	1.#QNAN	0	0.015	0	7.30467e-007	1513	1554.52	1543.73
1554.27	952.45	980	1.#QNAN	0	0.016	0	7.22268e-007	1513.61	1554.27	1543.5
1554.06	952.23	981	1.#QNAN	0	0.015	0	7.43776e-007	1538.04	1554.06	1543.3
1553.86	952.028	982	1.#QNAN	0	0.016	0	7.33339e-007	1553.58	1553.86	1543.13
1553.66	951.822	983	1.#QNAN	0	0.016	0	7.64598e-007	1545.12	1553.66	1542.94
1553.42	951.614	984	1.#QNAN	0	0.015	0	7.27175e-007	1522.31	1553.42	1542.72
1553.17	951.389	985	1.#QNAN	0	0.016	0	7.42174e-007	1501.3	1553.17	1542.49
1552.97	951.181	986	1.#QNAN	0	0.016	0	7.31095e-007	1549.82	1552.97	1542.3
1552.77	950.97	987	1.#QNAN	0	0.016	0	7.29143e-007	1550.39	1552.77	1542.12
1552.55	950.76	988	1.#QNAN	0	0.015	0	7.51014e-007	1529.92	1552.55	1541.92
1552.35	950.555	989	1.#QNAN	0	0.016	0	7.33271e-007	1545.05	1552.35	1541.74
1552.15	950.357	990	1.#QNAN	0	0.015	0	7.28302e-007	1549.33	1552.15	1541.55
1551.95	950.155	991	1.#QNAN	0	0.016	0	7.46592e-007	1562.52	1551.95	1541.37
1551.76	949.949	992	1.#QNAN	0	0.016	0	7.34778e-007	1585.8	1551.76	1541.2
1551.58	949.749	993	1.#QNAN	0	0.031	0	7.35502e-007	1573.81	1551.58	1541.04
1551.4	949.552	994	1.#QNAN	0	0.015	0	7.65363e-007	1581.13	1551.4	1540.88
1551.21	949.356	995	1.#QNAN	0	0.016	0	7.67568e-007	1567.41	1551.21	1540.71
1551.03	949.154	996	1.#QNAN	0	0.016	0	7.51096e-007	1575.71	1551.03	1540.55
1550.85	948.958	997	1.#QNAN	0	0.015	0	7.30491e-007	1593.49	1550.85	1540.38
1550.7	948.774	998	1.#QNAN	0	0.016	0	7.58522e-007	1613.37	1550.7	1540.25
1550.57	948.586	999	1.#QNAN	0	0.015	0	7.54152e-007	1611.89	1550.57	1540.13
1550.39	948.398	1000	1.#QNAN	0	0.016	0	7.36232e-007	1574.14	1550.39	1539.98
1550.17	948.213	1001	1.#QNAN	0	0.031	0	7.12479e-007	1553.57	1550.17	1539.78
1549.96	948.03	1002	1.#QNAN	0	0.016	0	7.17895e-007	1536.91	1549.96	1539.59
1549.77	947.853	1003	1.#QNAN	0	0.015	0	7.50624e-007	1535.88	1549.77	1539.41
1549.55	947.673	1004	1.#QNAN	0	0.016	0	7.37902e-007	1521.98	1549.55	1539.21
1549.33	947.494	1005	1.#QNAN	0	0.016	0	7.57268e-007	1519.5	1549.33	1539.01
1549.13	947.335	1006	1.#QNAN	0	0.015	0	7.23374e-007	1542.92	1549.13	1538.82
1548.95	947.178	1007	1.#QNAN	0	0.016	0	7.26787e-007	1568.27	1548.95	1538.66
1548.78	947.023	1008	1.#QNAN	0	0.015	1	7.58973e-007	1549.33	1548.78	1538.5
1548.62	946.861	1009	1.#QNAN	0	0.032	0	7.69385e-007	1565.75	1548.62	1538.36
1548.44	946.691	1010	1.#QNAN	0	0.015	0	7.22566e-007	1556.18	1548.44	1538.2
1548.31	946.539	1011	1.#QNAN	0	0.016	0	7.39599e-007	1592.91	1548.31	1538.08
1548.14	946.378	1012	1.#QNAN	0	0.015	0	7.20954e-007	1589.81	1548.14	1537.93
1547.93	946.22	1013	1.#QNAN	0	0.016	0	7.57944e-007	1530.03	1547.93	1537.74
1547.75	946.056	1014	1.#QNAN	0	0.016	0	7.20104e-007	1564.01	1547.75	1537.58
1547.56	945.878	1015	1.#QNAN	0	0.015	0	7.20474e-007	1535.58	1547.56	1537.4
1547.4	945.703	1016	1.#QNAN	0	0.016	0	7.14334e-007	1562.62	1547.4	1537.26
1547.24	945.51	1017	1.#QNAN	0	0.031	0	7.13248e-007	1567.09	1547.24	1537.11
1547.05	945.313	1018	1.#QNAN	0	0.016	0	7.14315e-007	1546.5	1547.05	1536.94
1546.91	945.144	1019	1.#QNAN	0	0.015	0	7.37578e-007	1602.04	1546.91	1536.81
1546.77	944.969	1020	1.#QNAN	0	0.016	0	7.07275e-007	1587.74	1546.77	1536.69
1546.61	944.784	1021	1.#QNAN	0	0.015	0	7.11457e-007	1567.71	1546.61	1536.55
1546.44	944.608	1022	1.#QNAN	0	0.016	0	7.32349e-007	1577.63	1546.44	1536.4
1546.29	944.438	1023	1.#QNAN	0	0.016	0	7.26674e-007	1569.3	1546.29	1536.26
1546.14	944.278	1024	1.#QNAN	0	0.031	0	7.45422e-007	1591.43	1546.14	1536.13
1545.99	944.121	1025	1.#QNAN	0	0.015	0	7.48392e-007	1585.55	1545.99	1536
1545.83	943.944	1026	1.#QNAN	0	0.016	0	7.00369e-007	1578.81	1545.83	1535.86
1545.68	943.78	1027	1.#QNAN	0	0.016	0	7.37587e-007	1598.81	1545.68	1535.71
1545.52	943.609	1028	1.#QNAN	0	0.015	0	7.48816e-007	1584.06	1545.52	1535.57
1545.38	943.442	1029	1.#QNAN	0	0.016	0	7.26652e-007	1589.88	1545.38	1535.45
1545.25	943.263	1030	1.#QNAN	0	0.015	0	7.51043e-007	1592.66	1545.25	1535.34
1545.13	943.081	1031	1.#QNAN	0	0.016	0	7.49819e-007	1613.25	1545.13	1535.23
1545.03	942.908	1032	1.#QNAN	0	0.031	0	7.26433e-007	1625.41	1545.03	1535.15
1544.92	942.735	1033	1.#QNAN	0	0.016	0	7.48057e-007	1614.14	1544.92	1535.05
1544.8	942.562	1034	1.#QNAN	0	0.015	0	7.35149e-007	1613.31	1544.8	1534.95
1544.69	942.405	1035	1.#QNAN	0	0.016	0	7.46815e-007	1628.87	1544.69	1534.85
1544.56	942.234	1036	1.#QNAN	0	0.016	0	7.35404e-007	1614.02	1544.56	1534.74
1544.44	942.057	1037	1.#QNAN	0	0.015	0	7.15384e-007	1602.09	1544.44	1534.63
1544.33	941.878	1038	1.#QNAN	0	0.016	0	7.33018e-007	1637.64	1544.33	1534.53
1544.21	941.716	1039	1.#QNAN	0	0.031	0	7.31032e-007	1621.87	1544.21	1534.43
1544.1	941.546	1040	1.#QNAN	0	0.016	0	7.49039e-007	1619.91	1544.1	1534.33
1543.97	941.376	1041	1.#QNAN	0	0.015	0	7.42659e-007	1603.7	1543.97	1534.22
1543.84	941.2	1042	1.#QNAN	0	0.016	0	7.20664e-007	1587.36	1543.84	1534.1
1543.73	941.028	1043	1.#QNAN	0	0.015	0	7.45585e-007	1625.97	1543.73	1534.01
1543.62	940.868	1044	1.#QNAN	0	0.016	0	7.47263e-007	1607.37	1543.62	1533.91
1543.5	940.709	1045	1.#QNAN	0	0.016	0	7.55405e-007	1605.16	1543.5	1533.81
1543.37	940.539	1046	1.#QNAN	0	0.015	0	7.28151e-007	1602.39	1543.37	1533.69
1543.24	940.377	1047	1.#QNAN	0	0.031	0	7.36037e-007	1598.62	1543.24	1533.58
1543.09	940.212	1048	1.#QNAN	0	0.016	0	7.38817e-007	1568.28	1543.09	1533.44
1542.9	940.042	1049	1.#QNAN	0	0.016	0	7.29463e-007	1543.3	1542.9	1533.27
1542.73	939.867	1050	1.#QNAN	0	0.015	0	7.35436e-007	1564.68	1542.73	1533.11
1542.55	939.679	1051	1.#QNAN	0	0.016	0	7.38595e-007	1547.92	1542.55	1532.94
1542.34	939.483	1052	1.#QNAN	0	0.015	0	7.5357e-007	1536.72	1542.34	1532.74
1542.16	939.3	1053	1.#QNAN	0	0.016	0	7.36428e-007	1562.43	1542.16	1532.58
1542	939.116	1054	1.#QNAN	0	0.031	0	7.56414e-007	1562.47	1542	1532.44
1541.87	938.939	1055	1.#QNAN	0	0.016	0	7.50763e-007	1587.72	1541.87	1532.32
1541.74	938.752	1056	1.#QNAN	0	0.015	0	7.43794e-007	1596.16	1541.74	1532.21
1541.61	938.581	1057	1.#QNAN	0	0.016	0	7.49444e-007	1598.41	1541.61	1532.1
1541.47	938.393	1058	1.#QNAN	0	0.016	0	7.49346e-007	1587.87	1541.47	1531.97
1541.31	938.21	1059	1.#QNAN	0	0.015	0	7.50502e-007	1565.48	1541.31	1531.83
1541.16	938.038	1060	1.#QNAN	0	0.016	0	7.445e-007	1555.28	1541.16	1531.69
1541	937.865	1061	1.#QNAN	0	0.015	0	7.23147e-007	1564.21	1541	1531.54
1540.86	937.704	1062	1.#QNAN	0	0.016	0	7.34518e-007	1576.46	1540.86	1531.41
1540.73	937.537	1063	1.#QNAN	0	0.031	0	7.4667e-007	1609.33	1540.73	1531.3
1540.58	937.359	1064	1.#QNAN	0	0.016	1	7.42409e-007	1576.76	1540.58	1531.16
1540.42	937.186	1065	1.#QNAN	0	0.015	0	7.16919e-007	1559.97	1540.42	1531.01
1540.27	937.014	1066	1.#QNAN	0	0.016	0	7.30841e-007	1572.16	1540.27	1530.88
1540.1	936.839	1067	1.#QNAN	0	0.016	0	7.33714e-007	1544.69	1540.1	1530.72
1539.93	936.669	1068	1.#QNAN	0	0.015	0	6.9477e-007	1550.41	1539.93	1530.57
1539.77	936.498	1069	1.#QNAN	0	0.031	0	7.42255e-007	1542.41	1539.77	1530.42
1539.61	936.328	1070	1.#QNAN	0	0.016	0	7.25726e-007	1538.72	1539.61	1530.27
1539.44	936.171	1071	1.#QNAN	0	0.016	0	7.4007e-007	1542.6	1539.44	1530.12
1539.3	936.01	1072	1.#QNAN	0	0.015	0	7.43262e-007	1572.97	1539.3	1530
1539.15	935.846	1073	1.#QNAN	0	0.016	0	7.16654e-007	1553.35	1539.15	1529.86
1538.99	935.69	1074	1.#QNAN	0	0.015	0	7.39263e-007	1551.97	1538.99	1529.72
1538.85	935.538	1075	1.#QNAN	0	0.016	0	7.34217e-007	1574.92	1538.85	1529.59
1538.68	935.39	1076	1.#QNAN	0	0.031	0	7.45338e-007	1555.62	1538.68	1529.43
1538.55	935.243	1077	1.#QNAN	0	0.016	0	7.60887e-007	1580.07	1538.55	1529.32
1538.43	935.092	1078	1.#QNAN	0	0.015	0	7.45302e-007	1570.32	1538.43	1529.21
1538.3	934.941	1079	1.#QNAN	0	0.016	0	7.53672e-007	1575.91	1538.3	1529.09
1538.14	934.788	1080	1.#QNAN	0	0.016	0	7.31892e-007	1529.45	1538.14	1528.95
1538.01	934.641	1081	1.#QNAN	0	0.015	0	7.44462e-007	1552.2	1538.01	1528.83
1537.84	934.492	1082	1.#QNAN	0	0.016	0	7.3518e-007	1524.25	1537.84	1528.67
1537.68	934.345	1083	1.#QNAN	0	0.031	0	7.45336e-007	1535.1	1537.68	1528.53
1537.49	934.188	1084	1.#QNAN	0	0.016	0	7.54597e-007	1512.29	1537.49	1528.35
1537.3	934.041	1085	1.#QNAN	0	0.015	0	7.32858e-007	1498.31	1537.3	1528.17
1537.11	933.88	1086	1.#QNAN	0	0.016	0	7.27066e-007	1510.39	1537.11	1528
1536.93	933.73	1087	1.#QNAN	0	0.015	0	7.23276e-007	1517.99	1536.93	1527.83
1536.77	933.571	1088	1.#QNAN	0	0.016	0	7.24318e-007	1531.77	1536.77	1527.68
1536.59	933.407	1089	1.#QNAN	0	0.016	0	7.31316e-007	1528.48	1536.59	1527.52
1536.43	933.258	1090	1.#QNAN	0	0.015	0	7.31528e-007	1542.06	1536.43	1527.38
1536.27	933.116	1091	1.#QNAN	0	0.016	0	7.64411e-007	1524.92	1536.27	1527.23
1536.12	932.971	1092	1.#QNAN	0	0.031	0	7.42644e-007	1551.72	1536.12	1527.09
1535.96	932.825	1093	1.#QNAN	0	0.016	0	7.30432e-007	1526.33	1535.96	1526.94
1535.8	932.672	1094	1.#QNAN	0	0.015	0	7.04306e-007	1546.3	1535.8	1526.8
1535.68	932.536	1095	1.#QNAN	0	0.016	0	7.4391e-007	1560.29	1535.68	1526.69
1535.57	932.399	1096	1.#QNAN	0	0.015	0	7.10074e-007	1583.12	1535.57	1526.59
1535.47	932.267	1097	1.#QNAN	0	0.016	0	7.27356e-007	1594.62	1535.47	1526.51
1535.34	932.129	1098	1.#QNAN	0	0.016	0	7.40918e-007	1565.56	1535.34	1526.4
1535.25	932.004	1099	1.#QNAN	0	0.031	0	7.69539e-007	1585.06	1535.25	1526.31
1535.15	931.867	1100	1.#QNAN	0	0.015	0	7.53669e-007	1578.86	1535.15	1526.23
1535.05	931.749	1101	1.#QNAN	0	0.016	0	7.41538e-007	1590.31	1535.05	1526.14
1534.95	931.62	1102	1.#QNAN	0	0.016	0	7.46892e-007	1576.49	1534.95	1526.05
1534.84	931.51	1103	1.#QNAN	0	0.015	0	7.45289e-007	1569.62	1534.84	1525.96
1534.71	931.39	1104	1.#QNAN	0	0.016	0	7.64808e-007	1545.75	1534.71	1525.84
1534.58	931.267	1105	1.#QNAN	0	0.015	0	7.21404e-007	1542.72	1534.58	1525.72
1534.46	931.144	1106	1.#QNAN	0	0.016	0	7.63403e-007	1557.91	1534.46	1525.62
1534.35	931.02	1107	1.#QNAN	0	0.031	0	7.55392e-007	1555.43	1534.35	1525.52
1534.25	930.897	1108	1.#QNAN	0	0.016	0	6.93622e-007	1584.12	1534.25	1525.43
1534.13	930.766	1109	1.#QNAN	0	0.015	0	7.22652e-007	1564.36	1534.13	1525.33
1534.04	930.649	1110	1.#QNAN	0	0.016	0	7.36613e-007	1596.02	1534.04	1525.25
1533.93	930.519	1111	1.#QNAN	0	0.016	0	7.54619e-007	1573.98	1533.93	1525.15
1533.82	930.395	1112	1.#QNAN	0	0.015	0	7.3065e-007	1566.92	1533.82	1525.06
1533.71	930.264	1113	1.#QNAN	0	0.016	0	7.46508e-007	1592.81	1533.71	1524.97
1533.61	930.141	1114	1.#QNAN	0	0.015	0	7.47038e-007	1600.67	1533.61	1524.88
1533.52	930.03	1115	1.#QNAN	0	0.032	0	7.5359e-007	1588.06	1533.52	1524.81
1533.43	929.917	1116	1.#QNAN	0	0.015	0	7.54398e-007	1610.45	1533.43	1524.73
1533.34	929.799	1117	1.#QNAN	0	0.016	0	7.32248e-007	1595.48	1533.34	1524.65
1533.23	929.671	1118	1.#QNAN	0	0.015	0	7.45574e-007	1578.56	1533.23	1524.55
1533.11	929.541	1119	1.#QNAN	0	0.016	0	7.18932e-007	1538.72	1533.11	1524.44
1532.99	929.418	1120	1.#QNAN	0	0.016	0	7.39155e-007	1558.32	1532.99	1524.34
1532.88	929.287	1121	1.#QNAN	0	0.015	1	7.45836e-007	1560.4	1532.88	1524.24
1532.77	929.161	1122	1.#QNAN	0	0.031	0	7.46492e-007	1571.43	1532.77	1524.14
1532.67	929.031	1123	1.#QNAN	0	0.016	0	7.38835e-007	1581.41	1532.67	1524.06
1532.58	928.903	1124	1.#QNAN	0	0.016	0	7.4933e-007	1578.48	1532.58	1523.97
1532.45	928.767	1125	1.#QNAN	0	0.015	0	7.17494e-007	1538.25	1532.45	1523.86
1532.31	928.624	1126	1.#QNAN	0	0.016	0	7.16389e-007	1516.35	1532.31	1523.73
1532.17	928.482	1127	1.#QNAN	0	0.015	0	7.36782e-007	1516.69	1532.17	1523.6
1532.02	928.356	1128	1.#QNAN	0	0.016	0	7.36213e-007	1510.04	1532.02	1523.47
1531.83	928.215	1129	1.#QNAN	0	0.016	0	7.30882e-007	1465.4	1531.83	1523.29
1531.66	928.077	1130	1.#QNAN	0	0.031	0	7.3412e-007	1485.25	1531.66	1523.13
1531.49	927.942	1131	1.#QNAN	0	0.015	0	7.49278e-007	1510.11	1531.49	1522.97
1531.33	927.809	1132	1.#QNAN	0	0.016	0	7.25595e-007	1503.49	1531.33	1522.82
1531.16	927.67	1133	1.#QNAN	0	0.016	0	7.45791e-007	1491.68	1531.16	1522.67
1531	927.532	1134	1.#QNAN	0	0.015	0	7.33671e-007	1500.23	1531	1522.52
1530.85	927.402	1135	1.#QNAN	0	0.016	0	7.49016e-007	1524.16	1530.85	1522.38
1530.74	927.28	1136	1.#QNAN	0	0.031	0	6.97565e-007	1572.24	1530.74	1522.28
1530.58	927.151	1137	1.#QNAN	0	0.016	0	7.31733e-007	1520.71	1530.58	1522.14
1530.44	927.033	1138	1.#QNAN	0	0.015	0	7.1999e-007	1537.04	1530.44	1522.01
1530.33	926.911	1139	1.#QNAN	0	0.016	0	7.3789e-007	1556.51	1530.33	1521.91
1530.23	926.793	1140	1.#QNAN	0	0.015	0	7.28704e-007	1553.16	1530.23	1521.82
1530.12	926.675	1141	1.#QNAN	0	0.016	0	7.30451e-007	1558.58	1530.12	1521.72
1530.02	926.562	1142	1.#QNAN	0	0.016	0	7.32678e-007	1581.54	1530.02	1521.64
1529.94	926.44	1143	1.#QNAN	0	0.015	0	7.24228e-007	1613.43	1529.94	1521.57
1529.85	926.326	1144	1.#QNAN	0	0.031	0	7.36159e-007	1578.61	1529.85	1521.49
1529.73	926.199	1145	1.#QNAN	0	0.016	0	7.4e-007	1543.48	1529.73	1521.38
1529.63	926.091	1146	1.#QNAN	0	0.016	0	7.47165e-007	1576.18	1529.63	1521.3
1529.51	925.974	1147	1.#QNAN	0	0.015	0	7.62086e-007	1537.81	1529.51	1521.18
1529.4	925.866	1148	1.#QNAN	0	0.016	0	7.47338e-007	1575.12	1529.4	1521.09
1529.3	925.747	1149	1.#QNAN	0	0.015	0	7.33812e-007	1578.41	1529.3	1521
1529.2	925.629	1150	1.#QNAN	0	0.016	0	7.51361e-007	1574.17	1529.2	1520.91
1529.11	925.518	1151	1.#QNAN	0	0.016	0	7.10246e-007	1587.57	1529.11	1520.83
1529.02	925.41	1152	1.#QNAN	0	0.015	0	7.29113e-007	1588.36	1529.02	1520.76
1528.93	925.284	1153	1.#QNAN	0	0.031	0	7.48227e-007	1588.52	1528.93	1520.67
1528.84	925.17	1154	1.#QNAN	0	0.016	0	7.18867e-007	1578.94	1528.84	1520.6
1528.75	925.051	1155	1.#QNAN	0	0.016	0	7.63892e-007	1567.73	1528.75	1520.52
1528.63	924.923	1156	1.#QNAN	0	0.015	0	7.07576e-007	1549.74	1528.63	1520.41
1528.51	924.8	1157	1.#QNAN	0	0.016	0	7.23099e-007	1548.5	1528.51	1520.3
1528.38	924.677	1158	1.#QNAN	0	0.015	0	7.50833e-007	1542.99	1528.38	1520.19
1528.26	924.559	1159	1.#QNAN	0	0.016	0	7.47946e-007	1555.34	1528.26	1520.08
1528.15	924.443	1160	1.#QNAN	0	0.031	0	7.42288e-007	1564.6	1528.15	1519.98
1528.05	924.326	1161	1.#QNAN	0	0.016	0	7.39538e-007	1570.89	1528.05	1519.89
1527.98	924.213	1162	1.#QNAN	0	0.015	0	7.20682e-007	1595.32	1527.98	1519.84
1527.91	924.104	1163	1.#QNAN	0	0.016	0	6.96648e-007	1593.61	1527.91	1519.78
1527.82	923.997	1164	1.#QNAN	0	0.016	0	7.32588e-007	1574.54	1527.82	1519.7
1527.7	923.872	1165	1.#QNAN	0	0.015	0	7.45872e-007	1538.71	1527.7	1519.59
1527.62	923.754	1166	1.#QNAN	0	0.031	0	7.22503e-007	1580.86	1527.62	1519.52
1527.54	923.636	1167	1.#QNAN	0	0.016	0	7.3456e-007	1586.75	1527.54	1519.45
1527.45	923.539	1168	1.#QNAN	0	0.016	0	7.63892e-007	1577.73	1527.45	1519.38
1527.34	923.434	1169	1.#QNAN	0	0.015	0	7.44967e-007	1546.27	1527.34	1519.28
1527.23	923.325	1170	1.#QNAN	0	0.016	0	7.61454e-007	1544.99	1527.23	1519.18
1527.12	923.215	1171	1.#QNAN	0	0.015	0	7.4844e-007	1559.94	1527.12	1519.09
1527.01	923.103	1172	1.#QNAN	0	0.016	0	7.25412e-007	1543.85	1527.01	1518.99
1526.9	922.997	1173	1.#QNAN	0	0.016	0	7.47626e-007	1549.85	1526.9	1518.89
1526.78	922.893	1174	1.#QNAN	0	0.031	0	7.34612e-007	1563.78	1526.78	1518.78
1526.67	922.776	1175	1.#QNAN	0	0.015	0	7.33108e-007	1542.11	1526.67	1518.68
1526.57	922.667	1176	1.#QNAN	0	0.016	0	7.26783e-007	1572.46	1526.57	1518.58
1526.45	922.546	1177	1.#QNAN	0	0.016	1	7.33375e-007	1550.4	1526.45	1518.48
1526.35	922.425	1178	1.#QNAN	0	0.015	0	7.16395e-007	1567.75	1526.35	1518.39
1526.25	922.302	1179	1.#QNAN	0	0.016	0	7.36957e-007	1571.67	1526.25	1518.3
1526.17	922.18	1180	1.#QNAN	0	0.015	0	7.58712e-007	1588.18	1526.17	1518.23
1526.08	922.071	1181	1.#QNAN	0	0.032	0	7.26907e-007	1580.88	1526.08	1518.16
1526	921.965	1182	1.#QNAN	0	0.015	0	7.57873e-007	1595.23	1526	1518.08
1525.88	921.84	1183	1.#QNAN	0	0.016	0	7.63128e-007	1564.76	1525.88	1517.98
1525.74	921.72	1184	1.#QNAN	0	0.015	0	7.37522e-007	1544.11	1525.74	1517.85
1525.61	921.603	1185	1.#QNAN	0	0.016	0	7.26092e-007	1558.49	1525.61	1517.73
1525.51	921.495	1186	1.#QNAN	0	0.031	0	7.35776e-007	1575.08	1525.51	1517.64
1525.42	921.392	1187	1.#QNAN	0	0.016	0	7.47872e-007	1594.05	1525.42	1517.56
1525.3	921.269	1188	1.#QNAN	0	0.015	0	7.26695e-007	1560.59	1525.3	1517.45
1525.18	921.162	1189	1.#QNAN	0	0.016	0	7.66759e-007	1558.7	1525.18	1517.33
1525.05	921.059	1190	1.#QNAN	0	0.016	0	7.09156e-007	1552.62	1525.05	1517.22
1524.92	920.945	1191	1.#QNAN	0	0.015	0	7.36691e-007	1547.59	1524.92	1517.1
1524.79	920.824	1192	1.#QNAN	0	0.016	0	7.45742e-007	1542.03	1524.79	1516.99
1524.68	920.723	1193	1.#QNAN	0	0.031	0	7.4499e-007	1547.14	1524.68	1516.88
1524.56	920.61	1194	1.#QNAN	0	0.016	0	7.40836e-007	1547.19	1524.56	1516.78
1524.46	920.496	1195	1.#QNAN	0	0.015	0	7.18185e-007	1552.61	1524.46	1516.68
1524.35	920.388	1196	1.#QNAN	0	0.016	0	7.1518e-007	1549.19	1524.35	1516.58
1524.22	920.263	1197	1.#QNAN	0	0.015	0	7.17443e-007	1535.13	1524.22	1516.46
1524.09	920.143	1198	1.#QNAN	0	0.016	0	7.10537e-007	1537.14	1524.09	1516.34
1523.97	920.034	1199	1.#QNAN	0	0.016	0	7.18641e-007	1544.13	1523.97	1516.23
