rmse	mae	#iter	time_pred	time_learn	time_learn2	time_learn4	alpha	rmse_mcmc_this	rmse_mcmc_all	rmse_mcmc_all_but5
2174.28	1406.92	0	1.#QNAN	0	0.016	0	5.43721e-008	2174.28	2174.28	4287.87
1838.52	1186.61	1	1.#QNAN	0	0.016	0	2.63353e-007	1684.16	1838.52	4287.87
1759.34	1142.09	2	1.#QNAN	0	0	0	4.65683e-007	1668.97	1759.34	4287.87
1724.77	1121.66	3	1.#QNAN	0	0.015	0	4.62186e-007	1657.27	1724.77	4287.87
1697.4	1105.32	4	1.#QNAN	0	0.016	0	4.79375e-007	1627.09	1697.4	37538.7
1677.03	1094.35	5	1.#QNAN	0	0.015	0	4.80731e-007	1600.77	1677.03	1600.77
1661.08	1084.18	6	1.#QNAN	0	0.016	0	4.87742e-007	1589.47	1661.08	1591.29
1649.33	1075.55	7	1.#QNAN	0	0.016	0	5.50777e-007	1588.63	1649.33	1587.24
1636.19	1066.67	8	1.#QNAN	0	0.015	0	5.49343e-007	1560.77	1636.19	1577.88
1624.7	1059.45	9	1.#QNAN	0	0.016	0	5.40764e-007	1548.31	1624.7	1569.81
1616.85	1053.06	10	1.#QNAN	0	0.015	0	5.62735e-007	1567.89	1616.85	1567.25
1607.33	1046.86	11	1.#QNAN	0	0.016	0	5.5903e-007	1530.69	1607.33	1560.47
1599.05	1041.17	12	1.#QNAN	0	0.016	0	5.75136e-007	1531.65	1599.05	1555.07
1592.82	1036.38	13	1.#QNAN	0	0.015	0	5.66166e-007	1541.96	1592.82	1552.05
1585.55	1031.4	14	1.#QNAN	0	0.016	0	5.74296e-007	1513.31	1585.55	1546.8
1579.13	1027.74	15	1.#QNAN	0	0	0	5.70578e-007	1517.27	1579.13	1542.72
1574.51	1024.3	16	1.#QNAN	0	0.015	0	5.69766e-007	1526.18	1574.51	1540.3
1570.07	1020.93	17	1.#QNAN	0	0.016	0	5.7834e-007	1520.66	1570.07	1537.86
1567.48	1018.49	18	1.#QNAN	0	0.016	0	5.69343e-007	1548.55	1567.48	1537.52
1564.74	1015.68	19	1.#QNAN	0	0.015	0	5.69838e-007	1535.17	1564.74	1536.59
1562.14	1013.35	20	1.#QNAN	0	0.016	0	5.91114e-007	1530.02	1562.14	1535.51
1558.57	1010.8	21	1.#QNAN	0	0.015	0	5.88487e-007	1509.13	1558.57	1533.04
1555.02	1008.11	22	1.#QNAN	0	0.016	0	5.74724e-007	1505.55	1555.02	1530.64
1551.51	1006.21	23	1.#QNAN	0	0	0	5.72628e-007	1494.79	1551.51	1528.02
1548.33	1004.46	24	1.#QNAN	0	0.016	0	5.96199e-007	1497.53	1548.33	1525.74
1545.34	1002.73	25	1.#QNAN	0	0.015	1	5.82778e-007	1497.52	1545.34	1523.62
1542.83	1000.98	26	1.#QNAN	0	0.016	0	5.92792e-007	1501.51	1542.83	1521.93
1540.19	999.309	27	1.#QNAN	0	0.015	0	6.08364e-007	1492.97	1540.19	1520
1537.22	997.542	28	1.#QNAN	0	0.016	0	6.14288e-007	1485.64	1537.22	1517.67
1533.88	995.604	29	1.#QNAN	0	0	0	6.16163e-007	1473.86	1533.88	1514.83
1530.27	993.145	30	1.#QNAN	0	0.016	0	6.31075e-007	1462.7	1530.27	1511.65
1525.98	990.514	31	1.#QNAN	0	0.015	0	6.13983e-007	1447.9	1525.98	1507.68
1522.73	987.994	32	1.#QNAN	0	0.016	0	6.50252e-007	1469.74	1522.73	1504.84
1519.14	985.265	33	1.#QNAN	0	0.015	0	6.31774e-007	1468.72	1519.14	1501.67
1514.93	982.647	34	1.#QNAN	0	0.016	0	6.62506e-007	1446.82	1514.93	1497.8
1510.86	979.955	35	1.#QNAN	0	0.016	0	6.53346e-007	1459.1	1510.86	1494.09
1507.91	977.463	36	1.#QNAN	0	0.015	0	6.43474e-007	1468.43	1507.91	1491.51
1505.82	975.416	37	1.#QNAN	0	0	0	6.71296e-007	1500.78	1505.82	1489.85
1503.27	973.289	38	1.#QNAN	0	0.016	0	6.75828e-007	1476.59	1503.27	1487.7
1501.85	971.629	39	1.#QNAN	0	0.015	0	6.66114e-007	1508.78	1501.85	1486.72
1500.26	970.131	40	1.#QNAN	0	0.016	0	6.82075e-007	1502.99	1500.26	1485.5
1498.79	968.745	41	1.#QNAN	0	0.016	0	6.67496e-007	1510.1	1498.79	1484.44
1496.46	966.974	42	1.#QNAN	0	0.015	0	6.70247e-007	1469.18	1496.46	1482.43
1494.43	965.479	43	1.#QNAN	0	0.016	0	6.65233e-007	1464.18	1494.43	1480.73
1492.79	964.066	44	1.#QNAN	0	0.015	0	7.02226e-007	1480.18	1492.79	1479.46
1491.15	962.896	45	1.#QNAN	0	0	0	6.86721e-007	1471.02	1491.15	1478.12
1489.71	961.598	46	1.#QNAN	0	0.016	0	6.82569e-007	1486.64	1489.71	1477.01
1488.72	960.491	47	1.#QNAN	0	0.016	0	7.13508e-007	1495.29	1488.72	1476.38
1487.78	959.656	48	1.#QNAN	0	0.015	0	7.10683e-007	1497.87	1487.78	1475.82
1487.1	958.685	49	1.#QNAN	0	0.016	0	6.99433e-007	1502.87	1487.1	1475.49
1486.08	957.97	50	1.#QNAN	0	0.015	0	7.04109e-007	1483.34	1486.08	1474.73
1485.12	956.944	51	1.#QNAN	0	0.016	0	7.07517e-007	1485.55	1485.12	1474.02
1484.36	956.299	52	1.#QNAN	0	0.016	0	7.06847e-007	1484.04	1484.36	1473.52
1483.61	955.542	53	1.#QNAN	0	0	0	7.1613e-007	1511.83	1483.61	1473.03
1483.02	954.832	54	1.#QNAN	0	0.015	0	7.11848e-007	1502.79	1483.02	1472.72
1482.38	954.096	55	1.#QNAN	0	0.016	0	7.22956e-007	1504.75	1482.38	1472.33
1481.63	953.329	56	1.#QNAN	0	0.015	0	7.19645e-007	1492.55	1481.63	1471.84
1481.01	952.699	57	1.#QNAN	0	0.016	0	7.23496e-007	1499.93	1481.01	1471.49
1480.01	952.015	58	1.#QNAN	0	0.016	0	6.94807e-007	1470.26	1480.01	1470.71
1479.25	951.453	59	1.#QNAN	0	0	0	7.17776e-007	1483.42	1479.25	1470.16
1478.68	950.971	60	1.#QNAN	0	0.015	0	7.149e-007	1501.32	1478.68	1469.81
1477.55	950.113	61	1.#QNAN	0	0.016	0	7.10447e-007	1464.74	1477.55	1468.85
1476.75	949.307	62	1.#QNAN	0	0.015	0	6.82349e-007	1481.78	1476.75	1468.26
1476.31	948.75	63	1.#QNAN	0	0.016	0	6.99794e-007	1508.48	1476.31	1468.03
1475.71	948.251	64	1.#QNAN	0	0.016	0	7.09994e-007	1492.45	1475.71	1467.6
1474.58	947.66	65	1.#QNAN	0	0.015	0	7.1348e-007	1449.07	1474.58	1466.6
1473.25	947.015	66	1.#QNAN	0	0.016	0	6.97846e-007	1456.02	1473.25	1465.42
1471.69	946.176	67	1.#QNAN	0	0	0	7.12783e-007	1451.25	1471.69	1463.99
1471.26	945.679	68	1.#QNAN	0	0.015	0	7.04097e-007	1477.96	1471.26	1463.73
1470.55	945.252	69	1.#QNAN	0	0.016	0	7.008e-007	1459.78	1470.55	1463.17
1470.1	944.738	70	1.#QNAN	0	0.016	0	7.1503e-007	1487.13	1470.1	1462.91
1469.17	944.184	71	1.#QNAN	0	0.015	0	7.3409e-007	1462.55	1469.17	1462.11
1468.66	943.776	72	1.#QNAN	0	0.016	0	6.93314e-007	1478.32	1468.66	1461.71
1467.89	943.177	73	1.#QNAN	0	0.015	0	7.13459e-007	1456.47	1467.89	1461.05
1467.12	942.624	74	1.#QNAN	0	0	0	7.18594e-007	1468.5	1467.12	1460.43
1466.54	942.13	75	1.#QNAN	0	0.016	0	7.68384e-007	1483.59	1466.54	1459.98
1465.47	941.505	76	1.#QNAN	0	0.016	0	7.19869e-007	1443.59	1465.47	1459
1464.85	941.165	77	1.#QNAN	0	0.015	0	7.23483e-007	1470.12	1464.85	1458.51
1464.14	940.622	78	1.#QNAN	0	0.016	0	6.98609e-007	1447.18	1464.14	1457.9
1463.26	940.103	79	1.#QNAN	0	0.015	0	7.02745e-007	1435.57	1463.26	1457.13
1462.54	939.726	80	1.#QNAN	0	0.016	0	7.37988e-007	1448.86	1462.54	1456.52
1461.61	939.305	81	1.#QNAN	0	0	0	7.3244e-007	1433.81	1461.61	1455.67
1461.1	938.962	82	1.#QNAN	0	0.016	0	7.21499e-007	1473.95	1461.1	1455.27
1460.04	938.409	83	1.#QNAN	0	0.015	0	7.31412e-007	1419.33	1460.04	1454.28
1459.4	937.941	84	1.#QNAN	0	0.016	0	7.39013e-007	1443.12	1459.4	1453.72
1458.77	937.57	85	1.#QNAN	0	0.015	0	6.94398e-007	1444.21	1458.77	1453.16
1458.41	937.257	86	1.#QNAN	0	0.016	0	6.98035e-007	1472.16	1458.41	1452.9
1458.16	936.995	87	1.#QNAN	0	0.016	0	7.18577e-007	1489.43	1458.16	1452.75
1457.69	936.691	88	1.#QNAN	0	0	0	6.90334e-007	1445.91	1457.69	1452.34
1457.36	936.344	89	1.#QNAN	0	0.015	0	7.04781e-007	1465.99	1457.36	1452.09
1456.98	936.069	90	1.#QNAN	0	0.016	0	7.46062e-007	1474.43	1456.98	1451.79
1456.54	935.775	91	1.#QNAN	0	0.015	0	7.28836e-007	1479.15	1456.54	1451.44
1456.37	935.617	92	1.#QNAN	0	0.016	0	7.518e-007	1486.02	1456.37	1451.35
1456.2	935.507	93	1.#QNAN	0	0.016	0	7.36502e-007	1495.93	1456.2	1451.27
1455.82	935.241	94	1.#QNAN	0	0.015	0	7.57366e-007	1480.23	1455.82	1450.96
1455.5	934.995	95	1.#QNAN	0	0	0	7.39048e-007	1489.85	1455.5	1450.72
1455.04	934.624	96	1.#QNAN	0	0.016	0	7.42485e-007	1459.64	1455.04	1450.33
1454.46	934.232	97	1.#QNAN	0	0.015	0	7.40986e-007	1448.06	1454.46	1449.8
1453.78	933.826	98	1.#QNAN	0	0.016	0	7.44733e-007	1438.48	1453.78	1449.15
1453.09	933.349	99	1.#QNAN	0	0.016	1	7.65827e-007	1452.35	1453.09	1448.51
1452.74	932.872	100	1.#QNAN	0	0.015	0	7.46536e-007	1478.02	1452.74	1448.21
1452.29	932.347	101	1.#QNAN	0	0.016	0	7.7788e-007	1469.29	1452.29	1447.81
1451.73	931.819	102	1.#QNAN	0	0	0	7.61652e-007	1468.02	1451.73	1447.31
1451.32	931.359	103	1.#QNAN	0	0.015	0	7.53148e-007	1462.3	1451.32	1446.95
1450.68	930.931	104	1.#QNAN	0	0.016	0	7.55978e-007	1442.57	1450.68	1446.36
1450.28	930.425	105	1.#QNAN	0	0.016	0	7.75439e-007	1458.13	1450.28	1446.01
1449.95	929.98	106	1.#QNAN	0	0.015	0	8.10626e-007	1465.01	1449.95	1445.74
1449.95	929.762	107	1.#QNAN	0	0.016	0	7.77973e-007	1519.44	1449.95	1445.8
1449.87	929.542	108	1.#QNAN	0	0.015	0	7.82308e-007	1510.28	1449.87	1445.77
1449.48	929.21	109	1.#QNAN	0	0.016	0	7.74702e-007	1480.17	1449.48	1445.41
1449.11	928.854	110	1.#QNAN	0	0	0	8.18676e-007	1492.7	1449.11	1445.09
1448.77	928.53	111	1.#QNAN	0	0.016	0	7.6877e-007	1502.34	1448.77	1444.78
1448.86	928.359	112	1.#QNAN	0	0.015	0	7.80761e-007	1544.19	1448.86	1444.9
1449.03	928.166	113	1.#QNAN	0	0.016	0	7.70427e-007	1549.69	1449.03	1445.14
1449.28	928.011	114	1.#QNAN	0	0.015	0	7.97478e-007	1577.57	1449.28	1445.45
1449.23	927.756	115	1.#QNAN	0	0.016	0	7.89184e-007	1531.02	1449.23	1445.45
1449.53	927.571	116	1.#QNAN	0	0	0	8.21296e-007	1570.24	1449.53	1445.82
1449.86	927.45	117	1.#QNAN	0	0.016	0	8.12003e-007	1575.11	1449.86	1446.22
1450.3	927.392	118	1.#QNAN	0	0.015	0	8.06534e-007	1597.39	1450.3	1446.72
1450.43	927.241	119	1.#QNAN	0	0.016	0	8.0451e-007	1552.59	1450.43	1446.89
1450.44	926.996	120	1.#QNAN	0	0.015	0	8.05323e-007	1527.98	1450.44	1446.95
1450.46	926.692	121	1.#QNAN	0	0.016	0	8.09848e-007	1547.73	1450.46	1447.02
1450.67	926.527	122	1.#QNAN	0	0.016	0	7.89692e-007	1550.94	1450.67	1447.27
1450.89	926.441	123	1.#QNAN	0	0	0	8.123e-007	1583.43	1450.89	1447.55
1451.2	926.392	124	1.#QNAN	0	0.015	0	7.96328e-007	1585.06	1451.2	1447.91
1451.16	926.238	125	1.#QNAN	0	0.016	0	7.93122e-007	1539.52	1451.16	1447.91
1451.29	926.018	126	1.#QNAN	0	0.015	0	7.93579e-007	1556.23	1451.29	1448.09
1451.4	925.861	127	1.#QNAN	0	0.016	0	7.90877e-007	1545.34	1451.4	1448.24
1451.82	925.824	128	1.#QNAN	0	0.016	0	8.18378e-007	1594.63	1451.82	1448.72
1452.27	925.765	129	1.#QNAN	0	0.015	0	7.97233e-007	1594.31	1452.27	1449.23
1452.47	925.654	130	1.#QNAN	0	0.016	0	8.24121e-007	1563.1	1452.47	1449.48
1452.25	925.446	131	1.#QNAN	0	0	0	8.00459e-007	1496.94	1452.25	1449.31
1451.92	925.16	132	1.#QNAN	0	0.015	0	8.41357e-007	1475.05	1451.92	1449.01
1451.79	924.963	133	1.#QNAN	0	0.016	0	8.24348e-007	1503.83	1451.79	1448.91
1451.85	924.893	134	1.#QNAN	0	0.016	0	7.9195e-007	1522.59	1451.85	1448.99
1451.71	924.781	135	1.#QNAN	0	0.015	0	7.94079e-007	1500.87	1451.71	1448.89
1451.7	924.55	136	1.#QNAN	0	0.016	0	8.00958e-007	1522.21	1451.7	1448.93
1451.66	924.319	137	1.#QNAN	0	0.015	0	7.96958e-007	1517.56	1451.66	1448.93
1451.57	924.222	138	1.#QNAN	0	0	0	8.16991e-007	1490.44	1451.57	1448.88
1451.54	924.084	139	1.#QNAN	0	0.016	0	7.95729e-007	1514.4	1451.54	1448.88
1451.63	923.902	140	1.#QNAN	0	0.016	0	8.14428e-007	1526.96	1451.63	1449.03
1451.73	923.738	141	1.#QNAN	0	0.015	0	7.79255e-007	1526.08	1451.73	1449.17
1451.98	923.649	142	1.#QNAN	0	0.016	0	8.0992e-007	1565.49	1451.98	1449.45
1452.13	923.474	143	1.#QNAN	0	0.015	0	7.97246e-007	1537.19	1452.13	1449.64
1452.37	923.334	144	1.#QNAN	0	0.016	0	8.06346e-007	1564.1	1452.37	1449.92
1452.52	923.267	145	1.#QNAN	0	0.016	0	8.11891e-007	1547.67	1452.52	1450.11
1452.85	923.246	146	1.#QNAN	0	0	0	7.95974e-007	1584.33	1452.85	1450.48
1453.06	923.145	147	1.#QNAN	0	0.015	0	8.18831e-007	1559.7	1453.06	1450.72
1453.36	923.058	148	1.#QNAN	0	0.016	0	8.21785e-007	1575.24	1453.36	1451.07
1453.57	922.952	149	1.#QNAN	0	0.015	0	8.22125e-007	1570.84	1453.57	1451.31
1453.83	922.898	150	1.#QNAN	0	0.016	0	8.20385e-007	1558.08	1453.83	1451.61
1454.09	922.871	151	1.#QNAN	0	0.016	0	8.00968e-007	1558.83	1454.09	1451.91
1454.34	922.833	152	1.#QNAN	0	0.015	0	8.13649e-007	1550.81	1454.34	1452.19
1454.84	922.841	153	1.#QNAN	0	0	0	8.02684e-007	1607.65	1454.84	1452.73
1455.21	922.763	154	1.#QNAN	0	0.016	0	8.22939e-007	1592.78	1455.21	1453.14
1455.5	922.785	155	1.#QNAN	0	0.015	0	8.31126e-007	1561.82	1455.5	1453.47
1455.53	922.799	156	1.#QNAN	0	0.016	0	7.925e-007	1515.98	1455.53	1453.53
1455.36	922.641	157	1.#QNAN	0	0.016	0	8.07557e-007	1485.59	1455.36	1453.37
1455.39	922.493	158	1.#QNAN	0	0.015	0	8.24067e-007	1527.12	1455.39	1453.43
1455.45	922.461	159	1.#QNAN	0	0.016	0	8.42012e-007	1529.45	1455.45	1453.52
1455.31	922.366	160	1.#QNAN	0	0	0	8.30462e-007	1486.31	1455.31	1453.39
1455.2	922.197	161	1.#QNAN	0	0.015	0	8.3052e-007	1508	1455.2	1453.31
1455.26	922.068	162	1.#QNAN	0	0.016	0	8.16357e-007	1533.08	1455.26	1453.39
1455.12	921.883	163	1.#QNAN	0	0.016	0	8.53442e-007	1502.25	1455.12	1453.27
1455.14	921.702	164	1.#QNAN	0	0.015	0	8.44102e-007	1529.28	1455.14	1453.32
1455.12	921.587	165	1.#QNAN	0	0.016	0	8.40229e-007	1515.65	1455.12	1453.32
1454.97	921.456	166	1.#QNAN	0	0	0	8.63429e-007	1481.89	1454.97	1453.18
1454.66	921.34	167	1.#QNAN	0	0.015	0	8.47611e-007	1467.39	1454.66	1452.89
1454.47	921.211	168	1.#QNAN	0	0.016	0	8.20789e-007	1489.13	1454.47	1452.71
1454.28	921.076	169	1.#QNAN	0	0.016	0	8.41096e-007	1477.36	1454.28	1452.54
1454.24	921.005	170	1.#QNAN	0	0.015	0	8.43027e-007	1506.06	1454.24	1452.52
1454.11	920.941	171	1.#QNAN	0	0.016	0	8.68447e-007	1497.77	1454.11	1452.4
1453.98	920.84	172	1.#QNAN	0	0.015	0	8.47823e-007	1504.02	1453.98	1452.29
1453.81	920.74	173	1.#QNAN	0	0.016	1	8.31929e-007	1497.88	1453.81	1452.14
1453.7	920.666	174	1.#QNAN	0	0	0	8.06848e-007	1503.29	1453.7	1452.05
1453.54	920.59	175	1.#QNAN	0	0.016	0	8.4861e-007	1495.95	1453.54	1451.9
1453.34	920.519	176	1.#QNAN	0	0.015	0	8.4826e-007	1484.24	1453.34	1451.71
1452.93	920.338	177	1.#QNAN	0	0.016	0	8.5967e-007	1454.31	1452.93	1451.32
1452.86	920.247	178	1.#QNAN	0	0.015	0	8.65318e-007	1490.82	1452.86	1451.26
1452.95	920.268	179	1.#QNAN	0	0.016	0	8.46469e-007	1531.51	1452.95	1451.37
1453.07	920.256	180	1.#QNAN	0	0	0	8.62758e-007	1543.59	1453.07	1451.51
1453.1	920.249	181	1.#QNAN	0	0.016	0	8.39926e-007	1529.13	1453.1	1451.56
1453.02	920.15	182	1.#QNAN	0	0.015	0	8.4969e-007	1499.89	1453.02	1451.48
1452.92	920.124	183	1.#QNAN	0	0.016	0	8.67152e-007	1503.28	1452.92	1451.39
1452.71	920.093	184	1.#QNAN	0	0.015	0	8.25242e-007	1483.6	1452.71	1451.19
1452.67	920.099	185	1.#QNAN	0	0.016	0	8.55144e-007	1509.97	1452.67	1451.16
1452.76	920.095	186	1.#QNAN	0	0.016	0	8.59768e-007	1532.44	1452.76	1451.27
1452.69	920.036	187	1.#QNAN	0	0	0	8.58824e-007	1515.32	1452.69	1451.21
1452.69	920.053	188	1.#QNAN	0	0.015	0	8.31335e-007	1530.45	1452.69	1451.22
1452.75	920.116	189	1.#QNAN	0	0.016	0	8.35909e-007	1530.74	1452.75	1451.29
1452.74	920.071	190	1.#QNAN	0	0.015	0	8.53822e-007	1517.6	1452.74	1451.3
1452.88	920.139	191	1.#QNAN	0	0.016	0	8.17004e-007	1557.38	1452.88	1451.45
1453	920.187	192	1.#QNAN	0	0.016	0	8.37183e-007	1533.41	1453	1451.59
1453.13	920.163	193	1.#QNAN	0	0.015	0	8.35048e-007	1540.74	1453.13	1451.73
1453.23	920.152	194	1.#QNAN	0	0	0	8.40903e-007	1537.61	1453.23	1451.84
1453.21	920.117	195	1.#QNAN	0	0.016	0	8.54032e-007	1501.93	1453.21	1451.83
1453.14	920.051	196	1.#QNAN	0	0.015	0	8.47243e-007	1494.3	1453.14	1451.77
1453.04	919.99	197	1.#QNAN	0	0.016	0	8.41295e-007	1488.16	1453.04	1451.67
1453.1	920.015	198	1.#QNAN	0	0.016	0	8.08263e-007	1516.77	1453.1	1451.74
1453.16	920.038	199	1.#QNAN	0	0.015	0	8.35297e-007	1526.36	1453.16	1451.81
1453.18	920.082	200	1.#QNAN	0	0	0	8.22069e-007	1522.71	1453.18	1451.85
1453.23	920.124	201	1.#QNAN	0	0.016	0	8.28085e-007	1521.8	1453.23	1451.9
1453.31	920.169	202	1.#QNAN	0	0.015	0	8.27967e-007	1539.06	1453.31	1452
1453.67	920.164	203	1.#QNAN	0	0.016	0	8.04168e-007	1607.8	1453.67	1452.37
1453.84	920.139	204	1.#QNAN	0	0.016	0	8.35344e-007	1567.56	1453.84	1452.56
1454.03	920.117	205	1.#QNAN	0	0.015	0	8.17575e-007	1562.22	1454.03	1452.76
1453.97	920.041	206	1.#QNAN	0	0	0	8.63202e-007	1504.48	1453.97	1452.72
1453.96	919.962	207	1.#QNAN	0	0.016	0	8.72709e-007	1514.72	1453.96	1452.71
1453.96	919.913	208	1.#QNAN	0	0.016	0	8.24984e-007	1507.6	1453.96	1452.72
1453.92	919.871	209	1.#QNAN	0	0.016	0	8.38704e-007	1504.61	1453.92	1452.7
1453.83	919.805	210	1.#QNAN	0	0.016	0	8.29874e-007	1505.21	1453.83	1452.61
1453.67	919.674	211	1.#QNAN	0	0.015	0	8.35772e-007	1489.25	1453.67	1452.46
1453.53	919.554	212	1.#QNAN	0	0.016	0	8.3368e-007	1481.44	1453.53	1452.34
1453.61	919.49	213	1.#QNAN	0	0	0	8.29715e-007	1521.16	1453.61	1452.43
1453.62	919.44	214	1.#QNAN	0	0.015	0	8.29805e-007	1504.24	1453.62	1452.45
1453.61	919.392	215	1.#QNAN	0	0.016	0	8.58788e-007	1502.79	1453.61	1452.45
1453.74	919.413	216	1.#QNAN	0	0.016	0	8.35875e-007	1535.32	1453.74	1452.59
1453.79	919.331	217	1.#QNAN	0	0.015	0	8.3919e-007	1533.68	1453.79	1452.65
1453.75	919.267	218	1.#QNAN	0	0.016	0	8.43303e-007	1516.84	1453.75	1452.62
1453.66	919.261	219	1.#QNAN	0	0.015	0	8.38781e-007	1494.18	1453.66	1452.55
1453.65	919.252	220	1.#QNAN	0	0.016	0	8.54817e-007	1506.31	1453.65	1452.54
1453.61	919.274	221	1.#QNAN	0	0.016	0	8.23538e-007	1494.7	1453.61	1452.51
1453.63	919.258	222	1.#QNAN	0	0	0	8.29859e-007	1512.33	1453.63	1452.55
1453.51	919.241	223	1.#QNAN	0	0.015	0	8.07705e-007	1483.16	1453.51	1452.43
1453.43	919.269	224	1.#QNAN	0	0.016	0	8.18772e-007	1494.44	1453.43	1452.36
1453.37	919.275	225	1.#QNAN	0	0.015	0	8.19968e-007	1513.09	1453.37	1452.31
1453.22	919.237	226	1.#QNAN	0	0.016	0	8.24566e-007	1482.99	1453.22	1452.18
1453.19	919.272	227	1.#QNAN	0	0.016	0	8.61468e-007	1499.07	1453.19	1452.15
1453.08	919.206	228	1.#QNAN	0	0.015	0	8.64565e-007	1483.87	1453.08	1452.05
1453.11	919.169	229	1.#QNAN	0	0	0	8.62349e-007	1523.04	1453.11	1452.09
1453.26	919.191	230	1.#QNAN	0	0.016	0	8.57646e-007	1547.54	1453.26	1452.25
1453.2	919.151	231	1.#QNAN	0	0.015	0	8.28991e-007	1492.76	1453.2	1452.19
1453.18	919.155	232	1.#QNAN	0	0.016	0	8.56481e-007	1500.91	1453.18	1452.18
1453.07	919.103	233	1.#QNAN	0	0.016	0	8.58313e-007	1479.39	1453.07	1452.08
1453.1	919.12	234	1.#QNAN	0	0.015	0	8.44932e-007	1515.39	1453.1	1452.12
1453.15	919.11	235	1.#QNAN	0	0.016	0	8.59905e-007	1514.2	1453.15	1452.17
1453.29	919.131	236	1.#QNAN	0	0	0	8.6841e-007	1542.01	1453.29	1452.33
1453.38	919.139	237	1.#QNAN	0	0.015	0	8.46043e-007	1525.02	1453.38	1452.42
1453.4	919.145	238	1.#QNAN	0	0.016	0	8.71337e-007	1504.81	1453.4	1452.45
1453.49	919.137	239	1.#QNAN	0	0.016	0	8.81394e-007	1521.2	1453.49	1452.55
1453.63	919.156	240	1.#QNAN	0	0.015	0	8.85041e-007	1538.84	1453.63	1452.71
1453.84	919.152	241	1.#QNAN	0	0.016	0	8.82735e-007	1563.11	1453.84	1452.93
1453.92	919.184	242	1.#QNAN	0	0.015	0	8.52885e-007	1529.39	1453.92	1453.02
1453.97	919.122	243	1.#QNAN	0	0	0	8.42942e-007	1507.71	1453.97	1453.08
1453.96	919.105	244	1.#QNAN	0	0.016	0	8.60437e-007	1511.74	1453.96	1453.08
1454.07	919.136	245	1.#QNAN	0	0.016	0	8.60232e-007	1540	1454.07	1453.2
1454.13	919.14	246	1.#QNAN	0	0.015	0	8.83878e-007	1521.74	1454.13	1453.27
1454.04	919.066	247	1.#QNAN	0	0.016	0	8.44289e-007	1488.12	1454.04	1453.19
1454.06	919.09	248	1.#QNAN	0	0.015	1	8.45376e-007	1519.37	1454.06	1453.22
1454.03	919.094	249	1.#QNAN	0	0	0	8.33944e-007	1497.13	1454.03	1453.19
1453.97	919.062	250	1.#QNAN	0	0.001	0	8.50204e-007	1492.76	1453.97	1453.13
1454.11	919.065	251	1.#QNAN	0	0.016	0	8.52921e-007	1555.04	1454.11	1453.29
1454.16	919.103	252	1.#QNAN	0	0.015	0	8.4271e-007	1525.19	1454.16	1453.34
1454.2	919.089	253	1.#QNAN	0	0.016	0	8.51988e-007	1525.43	1454.2	1453.39
1454.3	919.138	254	1.#QNAN	0	0.015	0	8.23562e-007	1536.13	1454.3	1453.49
1453.96	919.042	255	1.#QNAN	0	0.016	0	8.64786e-007	1448.52	1453.96	1453.15
1453.85	919.021	256	1.#QNAN	0	0	0	8.50028e-007	1494.66	1453.85	1453.05
1453.76	918.976	257	1.#QNAN	0	0.016	0	8.4479e-007	1484.88	1453.76	1452.96
1453.73	918.913	258	1.#QNAN	0	0.015	0	8.40222e-007	1501.35	1453.73	1452.94
1453.72	918.86	259	1.#QNAN	0	0.016	0	8.62915e-007	1512.86	1453.72	1452.94
1453.81	918.869	260	1.#QNAN	0	0.015	0	8.58724e-007	1543.37	1453.81	1453.03
1453.75	918.795	261	1.#QNAN	0	0.016	0	8.75538e-007	1504.52	1453.75	1452.98
1453.58	918.712	262	1.#QNAN	0	0	0	8.40746e-007	1469.56	1453.58	1452.81
1453.49	918.648	263	1.#QNAN	0	0	0	8.69077e-007	1481.95	1453.49	1452.74
1453.38	918.562	264	1.#QNAN	0	0.015	0	8.89661e-007	1484.85	1453.38	1452.63
1453.24	918.505	265	1.#QNAN	0	0.016	0	8.54501e-007	1478.69	1453.24	1452.5
1453.21	918.439	266	1.#QNAN	0	0.015	0	8.77692e-007	1507.8	1453.21	1452.47
1453.16	918.438	267	1.#QNAN	0	0.016	0	8.4638e-007	1516.58	1453.16	1452.43
1453.03	918.389	268	1.#QNAN	0	0.016	0	8.66421e-007	1500.37	1453.03	1452.3
1453.01	918.335	269	1.#QNAN	0	0	0	8.39915e-007	1529.34	1453.01	1452.3
1453.08	918.353	270	1.#QNAN	0	0.015	0	8.65492e-007	1534.37	1453.08	1452.37
1452.92	918.293	271	1.#QNAN	0	0.016	0	8.72813e-007	1481.32	1452.92	1452.23
1452.85	918.286	272	1.#QNAN	0	0.015	0	8.89687e-007	1509.32	1452.85	1452.16
1452.81	918.272	273	1.#QNAN	0	0.016	0	8.76243e-007	1506.74	1452.81	1452.13
1452.69	918.237	274	1.#QNAN	0	0.016	0	8.57909e-007	1471.32	1452.69	1452.02
1452.57	918.151	275	1.#QNAN	0	0	0	8.63547e-007	1465.79	1452.57	1451.89
1452.49	918.142	276	1.#QNAN	0	0.015	0	8.5818e-007	1493.19	1452.49	1451.82
1452.37	918.086	277	1.#QNAN	0	0.016	0	8.66154e-007	1478.83	1452.37	1451.71
1452.35	918.018	278	1.#QNAN	0	0.016	0	8.73214e-007	1512.83	1452.35	1451.69
1452.19	917.917	279	1.#QNAN	0	0.015	0	8.63271e-007	1469.24	1452.19	1451.53
1452.01	917.818	280	1.#QNAN	0	0.016	0	8.41523e-007	1463.22	1452.01	1451.36
1451.83	917.793	281	1.#QNAN	0	0.015	0	8.73319e-007	1453.54	1451.83	1451.18
1451.64	917.751	282	1.#QNAN	0	0	0	8.68227e-007	1462.05	1451.64	1450.99
1451.37	917.676	283	1.#QNAN	0	0.016	0	8.43804e-007	1441.02	1451.37	1450.73
1451.16	917.619	284	1.#QNAN	0	0.016	0	8.65472e-007	1449.85	1451.16	1450.52
1451.04	917.535	285	1.#QNAN	0	0.015	0	8.8677e-007	1479.5	1451.04	1450.4
1450.95	917.513	286	1.#QNAN	0	0.016	0	8.64755e-007	1484.2	1450.95	1450.31
1450.91	917.474	287	1.#QNAN	0	0.015	0	8.51704e-007	1498.66	1450.91	1450.27
1450.91	917.437	288	1.#QNAN	0	0.016	0	8.39813e-007	1513.59	1450.91	1450.28
1450.93	917.404	289	1.#QNAN	0	0.016	0	8.55267e-007	1515.25	1450.93	1450.31
1450.87	917.38	290	1.#QNAN	0	0.015	0	8.45426e-007	1496.42	1450.87	1450.26
1450.95	917.37	291	1.#QNAN	0	0	0	8.6282e-007	1532	1450.95	1450.34
1451	917.327	292	1.#QNAN	0	0.016	0	8.49692e-007	1532.9	1451	1450.39
1450.96	917.273	293	1.#QNAN	0	0.015	0	8.43626e-007	1503.83	1450.96	1450.36
1451.03	917.243	294	1.#QNAN	0	0.016	0	8.51172e-007	1550.46	1451.03	1450.43
1451.12	917.243	295	1.#QNAN	0	0.016	0	8.59602e-007	1550.26	1451.12	1450.53
1451.26	917.214	296	1.#QNAN	0	0.015	0	8.51114e-007	1563.92	1451.26	1450.67
1451.46	917.216	297	1.#QNAN	0	0.016	0	8.35487e-007	1579.05	1451.46	1450.88
1451.52	917.237	298	1.#QNAN	0	0	0	8.80945e-007	1530.84	1451.52	1450.94
1451.51	917.266	299	1.#QNAN	0	0.015	0	8.37247e-007	1511.36	1451.51	1450.94
1451.46	917.284	300	1.#QNAN	0	0.016	0	8.4063e-007	1505.8	1451.46	1450.9
1451.53	917.297	301	1.#QNAN	0	0.016	0	8.52569e-007	1528.07	1451.53	1450.98
1451.55	917.338	302	1.#QNAN	0	0.015	0	8.25114e-007	1511.12	1451.55	1451
1451.62	917.352	303	1.#QNAN	0	0.016	0	8.50501e-007	1532.75	1451.62	1451.07
1451.57	917.323	304	1.#QNAN	0	0	0	8.5146e-007	1486.98	1451.57	1451.03
1451.62	917.288	305	1.#QNAN	0	0.015	0	8.5135e-007	1524.21	1451.62	1451.08
1451.74	917.281	306	1.#QNAN	0	0.016	0	8.64314e-007	1560.33	1451.74	1451.21
1451.75	917.189	307	1.#QNAN	0	0.016	0	8.38049e-007	1517.42	1451.75	1451.22
1451.78	917.13	308	1.#QNAN	0	0.015	0	9.00025e-007	1528.68	1451.78	1451.25
1451.73	917.07	309	1.#QNAN	0	0.016	0	8.80688e-007	1494.39	1451.73	1451.21
1451.79	917.007	310	1.#QNAN	0	0.015	0	8.85075e-007	1540.5	1451.79	1451.28
1451.88	916.983	311	1.#QNAN	0	0	0	8.45867e-007	1549.28	1451.88	1451.36
1452.05	917.013	312	1.#QNAN	0	0.016	0	8.62911e-007	1570.29	1452.05	1451.55
1452.12	917.031	313	1.#QNAN	0	0.016	0	8.39164e-007	1543.9	1452.12	1451.62
1452.13	917.005	314	1.#QNAN	0	0.015	0	8.4809e-007	1528.72	1452.13	1451.64
1452.14	917.009	315	1.#QNAN	0	0.016	0	8.77717e-007	1519.04	1452.14	1451.65
1452.15	916.997	316	1.#QNAN	0	0.015	0	8.38313e-007	1524.36	1452.15	1451.66
1451.99	916.937	317	1.#QNAN	0	0	0	8.76166e-007	1468.53	1451.99	1451.5
1451.82	916.844	318	1.#QNAN	0	0.016	0	8.7496e-007	1481.98	1451.82	1451.33
1451.67	916.751	319	1.#QNAN	0	0.016	0	8.55932e-007	1473.07	1451.67	1451.18
1451.5	916.697	320	1.#QNAN	0	0.015	0	8.67534e-007	1484.69	1451.5	1451.02
1451.49	916.657	321	1.#QNAN	0	0.016	1	8.71624e-007	1514	1451.49	1451.02
1451.49	916.651	322	1.#QNAN	0	0.015	0	8.57197e-007	1524.54	1451.49	1451.02
1451.48	916.614	323	1.#QNAN	0	0.016	0	8.22708e-007	1508.79	1451.48	1451.01
1451.46	916.591	324	1.#QNAN	0	0	0	8.40686e-007	1513.32	1451.46	1450.99
1451.53	916.573	325	1.#QNAN	0	0.016	0	8.41132e-007	1548.65	1451.53	1451.07
1451.54	916.54	326	1.#QNAN	0	0.015	0	8.47661e-007	1518.86	1451.54	1451.08
1451.53	916.483	327	1.#QNAN	0	0.016	0	8.03089e-007	1517.87	1451.53	1451.08
1451.65	916.457	328	1.#QNAN	0	0.015	0	8.40757e-007	1564.67	1451.65	1451.21
1451.77	916.459	329	1.#QNAN	0	0.016	0	8.50257e-007	1569.54	1451.77	1451.33
1451.82	916.441	330	1.#QNAN	0	0.016	0	8.45078e-007	1524.25	1451.82	1451.37
1451.97	916.49	331	1.#QNAN	0	0	0	8.73564e-007	1554.99	1451.97	1451.53
1452.01	916.468	332	1.#QNAN	0	0.015	0	8.79484e-007	1509.38	1452.01	1451.57
1451.93	916.428	333	1.#QNAN	0	0.016	0	8.46066e-007	1486.71	1451.93	1451.5
1451.91	916.373	334	1.#QNAN	0	0.015	0	9.04109e-007	1499.27	1451.91	1451.48
1451.79	916.297	335	1.#QNAN	0	0.016	0	8.94958e-007	1479.76	1451.79	1451.36
1451.82	916.293	336	1.#QNAN	0	0.016	0	9.04234e-007	1518.52	1451.82	1451.39
1451.72	916.228	337	1.#QNAN	0	0	0	8.64002e-007	1479.7	1451.72	1451.3
1451.64	916.163	338	1.#QNAN	0	0.015	0	8.63011e-007	1491.97	1451.64	1451.22
1451.46	916.106	339	1.#QNAN	0	0.016	0	8.8131e-007	1457.36	1451.46	1451.04
1451.41	916.065	340	1.#QNAN	0	0.015	0	8.49134e-007	1481.34	1451.41	1450.99
1451.37	916.078	341	1.#QNAN	0	0.016	0	8.59431e-007	1484.65	1451.37	1450.95
1451.39	916.077	342	1.#QNAN	0	0.016	0	8.71023e-007	1509.11	1451.39	1450.98
1451.28	916.075	343	1.#QNAN	0	0.015	0	8.62622e-007	1456.9	1451.28	1450.87
1451.19	916.027	344	1.#QNAN	0	0	0	8.50969e-007	1468.91	1451.19	1450.78
1451.08	915.984	345	1.#QNAN	0	0.016	0	8.69912e-007	1464.22	1451.08	1450.67
1450.97	915.956	346	1.#QNAN	0	0.015	0	8.67358e-007	1464.4	1450.97	1450.56
1450.88	915.94	347	1.#QNAN	0	0.016	0	8.67012e-007	1484.56	1450.88	1450.47
1450.79	915.88	348	1.#QNAN	0	0.016	0	8.54366e-007	1490.18	1450.79	1450.39
1450.71	915.838	349	1.#QNAN	0	0.015	0	8.53278e-007	1480.39	1450.71	1450.31
1450.49	915.768	350	1.#QNAN	0	0	0	9.03304e-007	1432.24	1450.49	1450.09
1450.23	915.674	351	1.#QNAN	0	0.016	0	8.68458e-007	1434.38	1450.23	1449.83
1450.08	915.598	352	1.#QNAN	0	0.015	0	8.67029e-007	1452.59	1450.08	1449.68
1449.9	915.542	353	1.#QNAN	0	0.016	0	8.44751e-007	1442.2	1449.9	1449.5
1449.72	915.485	354	1.#QNAN	0	0.016	0	8.6957e-007	1448.94	1449.72	1449.32
1449.64	915.428	355	1.#QNAN	0	0.015	0	8.77678e-007	1500.99	1449.64	1449.24
1449.38	915.325	356	1.#QNAN	0	0.016	0	8.57878e-007	1440.97	1449.38	1448.98
1449.23	915.264	357	1.#QNAN	0	0	0	8.62627e-007	1464.29	1449.23	1448.83
1449.11	915.182	358	1.#QNAN	0	0.015	0	8.599e-007	1482.76	1449.11	1448.71
1448.98	915.129	359	1.#QNAN	0	0.016	0	8.83596e-007	1475.14	1448.98	1448.58
1448.82	915.091	360	1.#QNAN	0	0.016	0	8.9057e-007	1466.01	1448.82	1448.42
1448.7	915.041	361	1.#QNAN	0	0.015	0	8.6334e-007	1483.67	1448.7	1448.3
1448.6	915.032	362	1.#QNAN	0	0.016	0	8.76129e-007	1486.49	1448.6	1448.21
1448.46	914.988	363	1.#QNAN	0	0	0	8.74134e-007	1468.64	1448.46	1448.06
1448.39	914.957	364	1.#QNAN	0	0.015	0	8.54392e-007	1478.27	1448.39	1447.99
1448.29	914.913	365	1.#QNAN	0	0.016	0	8.89585e-007	1476.73	1448.29	1447.9
1448.13	914.838	366	1.#QNAN	0	0.016	0	8.44332e-007	1450.56	1448.13	1447.74
1447.86	914.745	367	1.#QNAN	0	0.015	0	8.47827e-007	1430.69	1447.86	1447.47
1447.75	914.671	368	1.#QNAN	0	0.016	0	8.48853e-007	1482.51	1447.75	1447.36
1447.78	914.682	369	1.#QNAN	0	0.015	0	8.70617e-007	1521.38	1447.78	1447.39
1447.78	914.687	370	1.#QNAN	0	0.016	0	8.81655e-007	1509.43	1447.78	1447.39
1447.69	914.646	371	1.#QNAN	0	0	0	8.9637e-007	1496.04	1447.69	1447.3
1447.71	914.6	372	1.#QNAN	0	0.016	0	9.1795e-007	1522.95	1447.71	1447.33
1447.68	914.543	373	1.#QNAN	0	0.015	0	8.53744e-007	1511.83	1447.68	1447.29
1447.65	914.524	374	1.#QNAN	0	0.016	0	8.64956e-007	1497.49	1447.65	1447.27
1447.6	914.478	375	1.#QNAN	0	0.015	0	8.79876e-007	1486.54	1447.6	1447.22
1447.59	914.462	376	1.#QNAN	0	0.016	0	8.61589e-007	1494.38	1447.59	1447.21
1447.58	914.455	377	1.#QNAN	0	0.016	0	8.6799e-007	1500.14	1447.58	1447.2
1447.52	914.455	378	1.#QNAN	0	0	0	8.52358e-007	1476.1	1447.52	1447.14
1447.45	914.451	379	1.#QNAN	0	0.015	0	8.78208e-007	1483.06	1447.45	1447.07
1447.36	914.433	380	1.#QNAN	0	0.016	0	8.41799e-007	1473.86	1447.36	1446.98
1447.34	914.442	381	1.#QNAN	0	0.015	0	8.19138e-007	1518.1	1447.34	1446.96
1447.35	914.462	382	1.#QNAN	0	0.016	0	8.6907e-007	1505.48	1447.35	1446.98
1447.29	914.459	383	1.#QNAN	0	0.016	0	8.82108e-007	1475.54	1447.29	1446.92
1447.25	914.477	384	1.#QNAN	0	0.015	0	8.69397e-007	1481.99	1447.25	1446.88
1447.2	914.473	385	1.#QNAN	0	0	0	9.0867e-007	1471.78	1447.2	1446.84
1447.11	914.457	386	1.#QNAN	0	0.016	0	8.43214e-007	1462.3	1447.11	1446.75
1447.07	914.456	387	1.#QNAN	0	0.015	0	8.78975e-007	1467.59	1447.07	1446.71
1447.04	914.444	388	1.#QNAN	0	0.016	0	8.31076e-007	1484.13	1447.04	1446.68
1447.16	914.469	389	1.#QNAN	0	0.016	0	8.60943e-007	1537.91	1447.16	1446.8
1447.17	914.487	390	1.#QNAN	0	0.015	0	8.73221e-007	1495.17	1447.17	1446.82
1447.23	914.552	391	1.#QNAN	0	0	0	8.64091e-007	1524.9	1447.23	1446.88
1447.25	914.554	392	1.#QNAN	0	0.016	0	8.52225e-007	1501.96	1447.25	1446.9
1447.18	914.562	393	1.#QNAN	0	0.015	0	8.61895e-007	1494.05	1447.18	1446.84
1447.13	914.559	394	1.#QNAN	0	0.016	0	8.61487e-007	1484.59	1447.13	1446.79
1447.07	914.552	395	1.#QNAN	0	0.016	0	8.56631e-007	1484.33	1447.07	1446.73
1447.16	914.572	396	1.#QNAN	0	0.015	1	8.56173e-007	1536.24	1447.16	1446.82
1447.25	914.586	397	1.#QNAN	0	0.016	0	8.74006e-007	1533.66	1447.25	1446.92
1447.3	914.634	398	1.#QNAN	0	0.015	0	8.72017e-007	1515.75	1447.3	1446.96
1447.36	914.679	399	1.#QNAN	0	0	0	8.75108e-007	1521.26	1447.36	1447.03
1447.39	914.692	400	1.#QNAN	0	0.016	0	8.64808e-007	1502.69	1447.39	1447.06
1447.34	914.68	401	1.#QNAN	0	0.016	0	8.75358e-007	1478.96	1447.34	1447.02
1447.26	914.636	402	1.#QNAN	0	0.015	0	8.82119e-007	1472.7	1447.26	1446.93
1447.19	914.649	403	1.#QNAN	0	0.016	0	8.85566e-007	1485.31	1447.19	1446.87
1447.18	914.654	404	1.#QNAN	0	0.015	0	8.51548e-007	1506.47	1447.18	1446.86
1447.19	914.647	405	1.#QNAN	0	0	0	9.01756e-007	1491.84	1447.19	1446.87
1447.19	914.636	406	1.#QNAN	0	0.016	0	8.4786e-007	1493	1447.19	1446.87
1447.28	914.676	407	1.#QNAN	0	0.016	0	8.60729e-007	1530.18	1447.28	1446.97
1447.3	914.67	408	1.#QNAN	0	0.015	0	8.77603e-007	1511.9	1447.3	1446.99
1447.27	914.644	409	1.#QNAN	0	0.016	0	8.72577e-007	1508.04	1447.27	1446.96
1447.33	914.67	410	1.#QNAN	0	0.015	0	9.11924e-007	1532.4	1447.33	1447.03
1447.34	914.662	411	1.#QNAN	0	0.016	0	8.49611e-007	1506.46	1447.34	1447.03
1447.35	914.648	412	1.#QNAN	0	0	0	8.70059e-007	1507.35	1447.35	1447.05
1447.29	914.622	413	1.#QNAN	0	0.016	0	8.51393e-007	1480.53	1447.29	1446.99
1447.29	914.616	414	1.#QNAN	0	0.015	0	8.87289e-007	1499.88	1447.29	1446.99
1447.28	914.574	415	1.#QNAN	0	0.016	0	8.69398e-007	1495.82	1447.28	1446.98
1447.25	914.53	416	1.#QNAN	0	0.015	0	8.53458e-007	1503.35	1447.25	1446.96
1447.22	914.494	417	1.#QNAN	0	0.016	0	8.70409e-007	1484.29	1447.22	1446.93
1447.2	914.457	418	1.#QNAN	0	0.016	0	8.91864e-007	1490.58	1447.2	1446.91
1447.18	914.401	419	1.#QNAN	0	0.015	0	8.8103e-007	1498.5	1447.18	1446.89
1447.24	914.386	420	1.#QNAN	0	0	0	8.89042e-007	1529.6	1447.24	1446.95
1447.32	914.385	421	1.#QNAN	0	0.016	0	8.54737e-007	1537.45	1447.32	1447.04
1447.35	914.364	422	1.#QNAN	0	0.015	0	8.60585e-007	1512.89	1447.35	1447.07
1447.49	914.377	423	1.#QNAN	0	0.016	0	8.77119e-007	1556.42	1447.49	1447.21
1447.61	914.395	424	1.#QNAN	0	0.016	0	8.9025e-007	1555.21	1447.61	1447.34
1447.62	914.357	425	1.#QNAN	0	0.015	0	8.65285e-007	1506.86	1447.62	1447.35
1447.63	914.316	426	1.#QNAN	0	0.016	0	8.70058e-007	1503.98	1447.63	1447.36
1447.66	914.282	427	1.#QNAN	0	0	0	8.43907e-007	1531.24	1447.66	1447.39
1447.68	914.278	428	1.#QNAN	0	0.015	0	8.52486e-007	1516.2	1447.68	1447.42
1447.69	914.263	429	1.#QNAN	0	0.016	0	8.58806e-007	1506.95	1447.69	1447.43
1447.76	914.271	430	1.#QNAN	0	0.016	0	8.70128e-007	1534.46	1447.76	1447.5
1447.81	914.315	431	1.#QNAN	0	0.015	0	8.80521e-007	1537.68	1447.81	1447.56
1447.87	914.363	432	1.#QNAN	0	0.016	0	9.12525e-007	1533.6	1447.87	1447.62
1447.97	914.37	433	1.#QNAN	0	0	0	8.5779e-007	1546.46	1447.97	1447.72
1448.1	914.39	434	1.#QNAN	0	0.015	0	8.66783e-007	1559.07	1448.1	1447.84
1448.11	914.377	435	1.#QNAN	0	0.016	0	8.81877e-007	1499.41	1448.11	1447.86
1448.14	914.356	436	1.#QNAN	0	0.016	0	8.70699e-007	1514.89	1448.14	1447.89
1448.12	914.33	437	1.#QNAN	0	0.015	0	8.76628e-007	1497.26	1448.12	1447.88
1448.12	914.343	438	1.#QNAN	0	0.016	0	8.59886e-007	1500.07	1448.12	1447.88
1448.12	914.368	439	1.#QNAN	0	0.015	0	8.44204e-007	1509.58	1448.12	1447.88
1448.09	914.322	440	1.#QNAN	0	0	0	8.52452e-007	1491.42	1448.09	1447.85
1448.1	914.291	441	1.#QNAN	0	0.016	0	8.70509e-007	1491.22	1448.1	1447.86
1448.1	914.279	442	1.#QNAN	0	0.016	0	8.80959e-007	1505.94	1448.1	1447.86
1448.12	914.262	443	1.#QNAN	0	0.015	0	8.6872e-007	1514.74	1448.12	1447.88
1448.12	914.246	444	1.#QNAN	0	0.016	0	8.47022e-007	1497.64	1448.12	1447.89
1448.19	914.279	445	1.#QNAN	0	0.015	0	8.94133e-007	1516.67	1448.19	1447.96
1448.17	914.284	446	1.#QNAN	0	0	0	8.81687e-007	1490.34	1448.17	1447.94
1448.09	914.255	447	1.#QNAN	0	0.016	0	8.55436e-007	1472.61	1448.09	1447.86
1448.07	914.242	448	1.#QNAN	0	0.016	0	8.73011e-007	1500.64	1448.07	1447.84
1448.07	914.216	449	1.#QNAN	0	0.015	0	8.85511e-007	1519.86	1448.07	1447.84
1448.07	914.223	450	1.#QNAN	0	0.016	0	8.86416e-007	1501.43	1448.07	1447.84
1448.15	914.254	451	1.#QNAN	0	0.015	0	8.85665e-007	1562.26	1448.15	1447.92
1448.24	914.295	452	1.#QNAN	0	0.016	0	8.84945e-007	1547.17	1448.24	1448.02
1448.23	914.312	453	1.#QNAN	0	0	0	8.58274e-007	1488.67	1448.23	1448.01
1448.19	914.308	454	1.#QNAN	0	0.016	0	8.86662e-007	1479.72	1448.19	1447.96
1448.19	914.344	455	1.#QNAN	0	0.015	0	8.73068e-007	1496.37	1448.19	1447.97
1448.2	914.373	456	1.#QNAN	0	0.016	0	8.77324e-007	1507.8	1448.2	1447.98
1448.2	914.406	457	1.#QNAN	0	0.015	0	8.96259e-007	1514.73	1448.2	1447.98
1448.23	914.423	458	1.#QNAN	0	0.016	0	8.78753e-007	1518.55	1448.23	1448.02
1448.28	914.437	459	1.#QNAN	0	0.016	0	8.63839e-007	1519.79	1448.28	1448.07
1448.18	914.391	460	1.#QNAN	0	0	0	8.51352e-007	1449.93	1448.18	1447.97
1448.14	914.371	461	1.#QNAN	0	0.015	0	8.99356e-007	1471.27	1448.14	1447.93
1448.06	914.331	462	1.#QNAN	0	0.016	0	8.50189e-007	1456.84	1448.06	1447.85
1447.99	914.314	463	1.#QNAN	0	0.015	0	9.03134e-007	1463.29	1447.99	1447.78
1447.94	914.299	464	1.#QNAN	0	0.016	0	8.68148e-007	1477.44	1447.94	1447.73
1447.86	914.272	465	1.#QNAN	0	0.016	0	8.68728e-007	1456.27	1447.86	1447.65
1447.87	914.26	466	1.#QNAN	0	0	0	8.63892e-007	1509.03	1447.87	1447.66
1447.87	914.229	467	1.#QNAN	0	0.015	0	8.93474e-007	1497.49	1447.87	1447.67
1447.91	914.238	468	1.#QNAN	0	0.016	0	8.68829e-007	1514.38	1447.91	1447.71
1447.93	914.221	469	1.#QNAN	0	0.015	0	8.8531e-007	1501.9	1447.93	1447.73
1447.92	914.203	470	1.#QNAN	0	0.016	0	8.90618e-007	1487.01	1447.92	1447.73
1447.92	914.191	471	1.#QNAN	0	0.016	1	8.78021e-007	1496.44	1447.92	1447.73
1447.92	914.194	472	1.#QNAN	0	0.015	0	8.81852e-007	1497.37	1447.92	1447.72
1447.86	914.166	473	1.#QNAN	0	0	0	8.7883e-007	1480.02	1447.86	1447.67
1447.87	914.161	474	1.#QNAN	0	0.016	0	8.95145e-007	1494.84	1447.87	1447.68
1447.88	914.158	475	1.#QNAN	0	0.015	0	8.88951e-007	1500.03	1447.88	1447.69
1447.89	914.141	476	1.#QNAN	0	0.016	0	8.60605e-007	1494.36	1447.89	1447.7
1447.99	914.131	477	1.#QNAN	0	0.016	0	8.90808e-007	1541.02	1447.99	1447.8
1448	914.112	478	1.#QNAN	0	0.015	0	8.40062e-007	1504.93	1448	1447.82
1448.04	914.093	479	1.#QNAN	0	0.016	0	8.44329e-007	1517.51	1448.04	1447.86
1448.1	914.098	480	1.#QNAN	0	0	0	8.60883e-007	1532.82	1448.1	1447.92
1448.09	914.087	481	1.#QNAN	0	0.015	0	8.56081e-007	1504.43	1448.09	1447.91
1447.97	914.039	482	1.#QNAN	0	0.016	0	8.62497e-007	1465.25	1447.97	1447.79
1447.87	913.981	483	1.#QNAN	0	0.016	0	8.64782e-007	1473.78	1447.87	1447.7
1447.85	913.956	484	1.#QNAN	0	0.015	0	9.04204e-007	1492.15	1447.85	1447.68
1447.85	913.944	485	1.#QNAN	0	0.016	0	8.74504e-007	1495.68	1447.85	1447.68
1447.79	913.929	486	1.#QNAN	0	0.015	0	8.46273e-007	1466.18	1447.79	1447.62
1447.76	913.899	487	1.#QNAN	0	0	0	8.71065e-007	1488.2	1447.76	1447.59
1447.79	913.897	488	1.#QNAN	0	0.016	0	8.76648e-007	1510.84	1447.79	1447.62
1447.87	913.913	489	1.#QNAN	0	0.016	0	8.589e-007	1534.33	1447.87	1447.7
1447.93	913.924	490	1.#QNAN	0	0.015	0	8.78515e-007	1523.04	1447.93	1447.77
1448	913.915	491	1.#QNAN	0	0.016	0	8.70419e-007	1523.6	1448	1447.83
1447.97	913.896	492	1.#QNAN	0	0.015	0	9.36773e-007	1480.48	1447.97	1447.81
1447.95	913.865	493	1.#QNAN	0	0.016	0	8.80503e-007	1498.84	1447.95	1447.79
1447.91	913.841	494	1.#QNAN	0	0	0	8.78755e-007	1480.71	1447.91	1447.75
1447.88	913.812	495	1.#QNAN	0	0.016	0	8.56174e-007	1479.34	1447.88	1447.72
1447.82	913.792	496	1.#QNAN	0	0.015	0	8.87004e-007	1464.11	1447.82	1447.66
1447.88	913.79	497	1.#QNAN	0	0.016	0	8.5997e-007	1528.99	1447.88	1447.72
1447.87	913.777	498	1.#QNAN	0	0.015	0	8.81401e-007	1491.36	1447.87	1447.71
1447.85	913.769	499	1.#QNAN	0	0.016	0	8.63412e-007	1476.86	1447.85	1447.69
1447.85	913.77	500	1.#QNAN	0	0	0	8.65471e-007	1495.76	1447.85	1447.69
1447.8	913.767	501	1.#QNAN	0	0.016	0	8.49509e-007	1471.97	1447.8	1447.65
1447.84	913.776	502	1.#QNAN	0	0.015	0	8.2568e-007	1522.58	1447.84	1447.69
1447.9	913.769	503	1.#QNAN	0	0.016	0	8.74422e-007	1547.54	1447.9	1447.75
1447.97	913.772	504	1.#QNAN	0	0.015	0	8.97212e-007	1527.6	1447.97	1447.82
1447.99	913.794	505	1.#QNAN	0	0.016	0	8.69406e-007	1505.6	1447.99	1447.84
1447.99	913.783	506	1.#QNAN	0	0.016	0	8.64637e-007	1488.54	1447.99	1447.85
1448.05	913.78	507	1.#QNAN	0	0	0	8.79075e-007	1515.54	1448.05	1447.9
1448.08	913.748	508	1.#QNAN	0	0.015	0	8.86266e-007	1507.04	1448.08	1447.93
1448.1	913.721	509	1.#QNAN	0	0.016	0	8.59563e-007	1506.75	1448.1	1447.96
1448.16	913.713	510	1.#QNAN	0	0.015	0	9.10717e-007	1518.39	1448.16	1448.01
1448.19	913.704	511	1.#QNAN	0	0.016	0	8.63945e-007	1504.99	1448.19	1448.05
1448.27	913.724	512	1.#QNAN	0	0.016	0	9.07196e-007	1536.05	1448.27	1448.13
1448.29	913.725	513	1.#QNAN	0	0.015	0	8.63653e-007	1505.96	1448.29	1448.15
1448.28	913.727	514	1.#QNAN	0	0	0	8.83215e-007	1498.07	1448.28	1448.14
1448.23	913.682	515	1.#QNAN	0	0.016	0	8.62963e-007	1483.02	1448.23	1448.09
1448.23	913.653	516	1.#QNAN	0	0.015	0	8.55496e-007	1510.76	1448.23	1448.1
1448.25	913.645	517	1.#QNAN	0	0.016	0	8.7679e-007	1518.41	1448.25	1448.11
1448.24	913.609	518	1.#QNAN	0	0.016	0	8.70096e-007	1514.93	1448.24	1448.11
1448.25	913.581	519	1.#QNAN	0	0.015	0	8.80348e-007	1516.95	1448.25	1448.12
1448.21	913.544	520	1.#QNAN	0	0.016	0	8.43192e-007	1511.98	1448.21	1448.07
1448.12	913.486	521	1.#QNAN	0	0	0	8.57023e-007	1463.92	1448.12	1447.98
1448.18	913.484	522	1.#QNAN	0	0.015	0	8.63515e-007	1536.2	1448.18	1448.05
1448.19	913.451	523	1.#QNAN	0	0.016	0	8.68325e-007	1504.91	1448.19	1448.06
1448.2	913.417	524	1.#QNAN	0	0.016	0	8.83736e-007	1512.14	1448.2	1448.07
1448.09	913.356	525	1.#QNAN	0	0.015	0	8.97365e-007	1447.87	1448.09	1447.96
1448.04	913.3	526	1.#QNAN	0	0.016	0	8.86976e-007	1474.39	1448.04	1447.92
1447.98	913.258	527	1.#QNAN	0	0	0	8.60316e-007	1460.13	1447.98	1447.86
1447.93	913.218	528	1.#QNAN	0	0.015	0	8.60414e-007	1478.36	1447.93	1447.8
1447.81	913.168	529	1.#QNAN	0	0.016	0	9.05094e-007	1446.09	1447.81	1447.68
1447.71	913.13	530	1.#QNAN	0	0.016	0	8.98566e-007	1445.03	1447.71	1447.58
1447.68	913.091	531	1.#QNAN	0	0.015	0	9.03305e-007	1478.73	1447.68	1447.55
1447.63	913.077	532	1.#QNAN	0	0.016	0	8.6706e-007	1472.16	1447.63	1447.5
1447.69	913.093	533	1.#QNAN	0	0.015	0	8.83526e-007	1535	1447.69	1447.57
1447.77	913.109	534	1.#QNAN	0	0	0	8.81725e-007	1544.49	1447.77	1447.64
1447.79	913.083	535	1.#QNAN	0	0.016	0	8.92929e-007	1525.34	1447.79	1447.66
1447.82	913.072	536	1.#QNAN	0	0.016	0	8.82148e-007	1523.37	1447.82	1447.7
1447.9	913.065	537	1.#QNAN	0	0.015	0	8.6178e-007	1542.81	1447.9	1447.78
1447.94	913.064	538	1.#QNAN	0	0.016	0	8.72906e-007	1512.24	1447.94	1447.82
1447.97	913.069	539	1.#QNAN	0	0.015	0	8.48595e-007	1509.68	1447.97	1447.85
1447.94	913.063	540	1.#QNAN	0	0.016	0	8.72063e-007	1482.47	1447.94	1447.82
1447.94	913.06	541	1.#QNAN	0	0	0	8.93501e-007	1501.07	1447.94	1447.82
1447.89	913.033	542	1.#QNAN	0	0.016	0	8.94467e-007	1466.87	1447.89	1447.77
1447.95	913.019	543	1.#QNAN	0	0.015	0	8.70788e-007	1528.92	1447.95	1447.83
1447.97	912.999	544	1.#QNAN	0	0.016	0	8.57715e-007	1500.12	1447.97	1447.85
1447.98	912.996	545	1.#QNAN	0	0.015	0	8.67672e-007	1507.49	1447.98	1447.86
1447.92	912.958	546	1.#QNAN	0	0.016	1	9.0341e-007	1469.29	1447.92	1447.79
1447.82	912.919	547	1.#QNAN	0	0.016	0	8.60223e-007	1455.79	1447.82	1447.7
1447.76	912.888	548	1.#QNAN	0	0	0	8.85183e-007	1483.17	1447.76	1447.64
1447.68	912.83	549	1.#QNAN	0	0.015	0	8.90815e-007	1480.16	1447.68	1447.56
1447.6	912.772	550	1.#QNAN	0	0.016	0	8.9203e-007	1471.98	1447.6	1447.48
1447.55	912.726	551	1.#QNAN	0	0.015	0	8.69742e-007	1480.43	1447.55	1447.43
1447.55	912.698	552	1.#QNAN	0	0.016	0	8.82504e-007	1498.83	1447.55	1447.43
1447.53	912.669	553	1.#QNAN	0	0.016	0	8.8662e-007	1488.26	1447.53	1447.41
1447.54	912.645	554	1.#QNAN	0	0	0	8.84661e-007	1505.79	1447.54	1447.42
1447.52	912.626	555	1.#QNAN	0	0.015	0	8.90523e-007	1515.6	1447.52	1447.41
1447.47	912.585	556	1.#QNAN	0	0.016	0	8.61722e-007	1472.04	1447.47	1447.36
1447.39	912.558	557	1.#QNAN	0	0.015	0	8.6617e-007	1462.57	1447.39	1447.28
1447.37	912.555	558	1.#QNAN	0	0.016	0	8.75318e-007	1486.04	1447.37	1447.25
1447.37	912.555	559	1.#QNAN	0	0.016	0	8.82076e-007	1500.71	1447.37	1447.26
1447.39	912.539	560	1.#QNAN	0	0.015	0	8.99048e-007	1512.6	1447.39	1447.27
1447.35	912.499	561	1.#QNAN	0	0	0	9.02164e-007	1485.32	1447.35	1447.24
1447.33	912.48	562	1.#QNAN	0	0.016	0	8.73848e-007	1482.43	1447.33	1447.21
1447.34	912.474	563	1.#QNAN	0	0.015	0	8.8327e-007	1503.9	1447.34	1447.23
1447.38	912.468	564	1.#QNAN	0	0.016	0	8.90751e-007	1520.17	1447.38	1447.27
1447.39	912.462	565	1.#QNAN	0	0.016	0	8.86104e-007	1494.64	1447.39	1447.28
1447.4	912.462	566	1.#QNAN	0	0.015	0	8.87263e-007	1498.59	1447.4	1447.29
1447.33	912.43	567	1.#QNAN	0	0.016	0	8.78853e-007	1462.76	1447.33	1447.22
1447.33	912.415	568	1.#QNAN	0	0.015	0	8.75373e-007	1490.1	1447.33	1447.21
1447.27	912.375	569	1.#QNAN	0	0	0	8.61395e-007	1476.47	1447.27	1447.16
1447.22	912.347	570	1.#QNAN	0	0.016	0	8.86379e-007	1483.15	1447.22	1447.11
1447.16	912.321	571	1.#QNAN	0	0.016	0	8.88598e-007	1460.28	1447.16	1447.05
1447.07	912.276	572	1.#QNAN	0	0.015	0	8.55963e-007	1457.88	1447.07	1446.96
1446.98	912.231	573	1.#QNAN	0	0.016	0	8.86783e-007	1475.27	1446.98	1446.87
1446.92	912.195	574	1.#QNAN	0	0.015	0	9.00915e-007	1496.45	1446.92	1446.82
1446.82	912.126	575	1.#QNAN	0	0	0	9.44995e-007	1458.71	1446.82	1446.72
1446.77	912.097	576	1.#QNAN	0	0.016	0	9.00858e-007	1486.9	1446.77	1446.67
1446.75	912.075	577	1.#QNAN	0	0.016	0	9.23561e-007	1502.7	1446.75	1446.64
1446.72	912.052	578	1.#QNAN	0	0.015	0	8.86055e-007	1502.06	1446.72	1446.61
1446.69	912.032	579	1.#QNAN	0	0.016	0	9.08583e-007	1493.89	1446.69	1446.58
1446.66	911.999	580	1.#QNAN	0	0.015	0	8.99316e-007	1493.76	1446.66	1446.55
1446.68	911.992	581	1.#QNAN	0	0	0	9.37676e-007	1517.54	1446.68	1446.57
1446.6	911.957	582	1.#QNAN	0	0.016	0	9.1913e-007	1469.07	1446.6	1446.49
1446.53	911.915	583	1.#QNAN	0	0.016	0	8.79272e-007	1487.14	1446.53	1446.43
1446.48	911.893	584	1.#QNAN	0	0.015	0	8.84226e-007	1478.42	1446.48	1446.37
1446.42	911.872	585	1.#QNAN	0	0.016	0	8.80402e-007	1475.33	1446.42	1446.32
1446.44	911.866	586	1.#QNAN	0	0.015	0	9.01391e-007	1503.98	1446.44	1446.34
1446.44	911.866	587	1.#QNAN	0	0.016	0	8.74886e-007	1493.18	1446.44	1446.34
1446.41	911.857	588	1.#QNAN	0	0	0	8.86471e-007	1473.38	1446.41	1446.31
1446.41	911.851	589	1.#QNAN	0	0.016	0	8.50406e-007	1505	1446.41	1446.31
1446.37	911.848	590	1.#QNAN	0	0.015	0	8.79749e-007	1492.92	1446.37	1446.27
1446.37	911.843	591	1.#QNAN	0	0.016	0	9.07295e-007	1517.75	1446.37	1446.27
1446.37	911.853	592	1.#QNAN	0	0.015	0	8.89394e-007	1511.82	1446.37	1446.27
1446.42	911.872	593	1.#QNAN	0	0.016	0	8.7917e-007	1536.74	1446.42	1446.32
1446.48	911.893	594	1.#QNAN	0	0.016	0	8.84444e-007	1526.41	1446.48	1446.38
1446.41	911.861	595	1.#QNAN	0	0	0	8.66504e-007	1461.29	1446.41	1446.31
1446.35	911.835	596	1.#QNAN	0	0.015	0	9.09299e-007	1478.46	1446.35	1446.25
1446.24	911.802	597	1.#QNAN	0	0.016	0	8.46756e-007	1463	1446.24	1446.14
1446.14	911.759	598	1.#QNAN	0	0.015	0	8.8179e-007	1475.43	1446.14	1446.04
1446.01	911.72	599	1.#QNAN	0	0.016	0	8.77543e-007	1478.33	1446.01	1445.91
1445.99	911.68	600	1.#QNAN	0	0.016	0	8.77497e-007	1496.78	1445.99	1445.89
1445.98	911.666	601	1.#QNAN	0	0.015	0	9.14142e-007	1504.37	1445.98	1445.88
1445.98	911.641	602	1.#QNAN	0	0	0	9.13712e-007	1514.05	1445.98	1445.89
1446.01	911.644	603	1.#QNAN	0	0.016	0	8.70074e-007	1515.99	1446.01	1445.91
1446.04	911.653	604	1.#QNAN	0	0.015	0	8.95541e-007	1532.88	1446.04	1445.95
1446.08	911.658	605	1.#QNAN	0	0.016	0	9.0843e-007	1540.9	1446.08	1445.98
1446.13	911.662	606	1.#QNAN	0	0.016	0	8.82126e-007	1543.07	1446.13	1446.04
1446.17	911.656	607	1.#QNAN	0	0.015	0	8.82635e-007	1529.46	1446.17	1446.08
1446.23	911.668	608	1.#QNAN	0	0.016	0	8.95186e-007	1537.89	1446.23	1446.14
1446.29	911.675	609	1.#QNAN	0	0	0	8.52461e-007	1535.08	1446.29	1446.2
1446.34	911.694	610	1.#QNAN	0	0.015	0	8.90772e-007	1535.66	1446.34	1446.25
1446.34	911.698	611	1.#QNAN	0	0.016	0	9.06884e-007	1497.61	1446.34	1446.25
1446.29	911.67	612	1.#QNAN	0	0.016	0	9.15708e-007	1464.46	1446.29	1446.2
1446.28	911.658	613	1.#QNAN	0	0.015	0	8.98042e-007	1493.93	1446.28	1446.19
1446.27	911.652	614	1.#QNAN	0	0.016	0	8.99713e-007	1500.4	1446.27	1446.18
1446.26	911.641	615	1.#QNAN	0	0.015	0	8.60091e-007	1498.02	1446.26	1446.18
1446.29	911.632	616	1.#QNAN	0	0	0	9.04324e-007	1507.94	1446.29	1446.21
1446.34	911.633	617	1.#QNAN	0	0.016	0	9.00385e-007	1521.75	1446.34	1446.25
1446.39	911.648	618	1.#QNAN	0	0.016	0	8.96762e-007	1527.87	1446.39	1446.3
1446.37	911.647	619	1.#QNAN	0	0.015	0	9.0368e-007	1501.09	1446.37	1446.29
1446.4	911.648	620	1.#QNAN	0	0.016	0	8.8507e-007	1515.33	1446.4	1446.32
1446.45	911.656	621	1.#QNAN	0	0.015	1	8.74748e-007	1517.08	1446.45	1446.37
1446.47	911.632	622	1.#QNAN	0	0	0	8.97935e-007	1514.05	1446.47	1446.38
1446.52	911.637	623	1.#QNAN	0	0.016	0	8.88894e-007	1532.6	1446.52	1446.44
1446.53	911.622	624	1.#QNAN	0	0.016	0	8.81385e-007	1502.68	1446.53	1446.46
1446.54	911.607	625	1.#QNAN	0	0.015	0	8.84714e-007	1492.29	1446.54	1446.46
1446.52	911.6	626	1.#QNAN	0	0.016	0	8.88507e-007	1474.81	1446.52	1446.44
1446.5	911.592	627	1.#QNAN	0	0.015	0	8.76241e-007	1494.29	1446.5	1446.42
1446.49	911.61	628	1.#QNAN	0	0.016	0	9.33417e-007	1493.09	1446.49	1446.41
1446.54	911.634	629	1.#QNAN	0	0	0	8.96311e-007	1529.95	1446.54	1446.46
1446.62	911.669	630	1.#QNAN	0	0.016	0	8.67421e-007	1556.21	1446.62	1446.54
1446.65	911.681	631	1.#QNAN	0	0.015	0	8.82357e-007	1521.05	1446.65	1446.58
1446.64	911.69	632	1.#QNAN	0	0.016	0	8.43466e-007	1511.75	1446.64	1446.57
1446.7	911.707	633	1.#QNAN	0	0.015	0	8.73348e-007	1533.57	1446.7	1446.63
1446.76	911.708	634	1.#QNAN	0	0.016	0	8.56484e-007	1536.21	1446.76	1446.69
1446.82	911.712	635	1.#QNAN	0	0.016	0	8.76074e-007	1538.61	1446.82	1446.75
1446.93	911.738	636	1.#QNAN	0	0.015	0	8.63392e-007	1575.82	1446.93	1446.86
1447.08	911.788	637	1.#QNAN	0	0	0	8.91204e-007	1617.81	1447.08	1447.01
1447.25	911.83	638	1.#QNAN	0	0.016	0	8.86135e-007	1627.52	1447.25	1447.18
1447.37	911.847	639	1.#QNAN	0	0.015	0	8.73182e-007	1581.13	1447.37	1447.3
1447.46	911.871	640	1.#QNAN	0	0.016	0	8.72503e-007	1573.66	1447.46	1447.39
1447.54	911.864	641	1.#QNAN	0	0.016	0	8.64363e-007	1575.88	1447.54	1447.48
1447.52	911.852	642	1.#QNAN	0	0.015	0	8.41895e-007	1513.58	1447.52	1447.46
1447.59	911.858	643	1.#QNAN	0	0.016	0	8.54629e-007	1568.74	1447.59	1447.52
1447.57	911.851	644	1.#QNAN	0	0.015	0	8.89795e-007	1506.36	1447.57	1447.51
1447.6	911.868	645	1.#QNAN	0	0	0	8.75142e-007	1539.18	1447.6	1447.54
1447.66	911.894	646	1.#QNAN	0	0.016	0	9.09666e-007	1542.86	1447.66	1447.6
1447.74	911.914	647	1.#QNAN	0	0.016	0	8.92057e-007	1544.22	1447.74	1447.68
1447.78	911.913	648	1.#QNAN	0	0.015	0	8.72285e-007	1522.65	1447.78	1447.72
1447.86	911.932	649	1.#QNAN	0	0.016	0	9.01213e-007	1551.57	1447.86	1447.8
1447.94	911.969	650	1.#QNAN	0	0.015	0	8.48212e-007	1547.58	1447.94	1447.88
1448.02	911.974	651	1.#QNAN	0	0.016	0	8.69819e-007	1563.62	1448.02	1447.96
1448.04	911.98	652	1.#QNAN	0	0	0	8.91692e-007	1518.6	1448.04	1447.98
1448.01	911.982	653	1.#QNAN	0	0.016	0	9.17106e-007	1495.22	1448.01	1447.95
1448.02	911.978	654	1.#QNAN	0	0.015	0	8.60194e-007	1544.82	1448.02	1447.97
1447.99	911.971	655	1.#QNAN	0	0.016	0	9.13943e-007	1525.07	1447.99	1447.93
1447.98	911.965	656	1.#QNAN	0	0.015	0	8.87551e-007	1510.65	1447.98	1447.92
1447.91	911.948	657	1.#QNAN	0	0.016	0	9.06427e-007	1473.23	1447.91	1447.85
1447.86	911.948	658	1.#QNAN	0	0	0	8.81896e-007	1472.63	1447.86	1447.8
1447.85	911.947	659	1.#QNAN	0	0.016	0	9.19474e-007	1503.37	1447.85	1447.8
1447.88	911.971	660	1.#QNAN	0	0.015	0	8.95151e-007	1516.64	1447.88	1447.83
1447.91	911.98	661	1.#QNAN	0	0.016	0	9.25204e-007	1513.55	1447.91	1447.85
1447.88	911.971	662	1.#QNAN	0	0.015	0	8.77119e-007	1492.47	1447.88	1447.83
1447.91	911.993	663	1.#QNAN	0	0.016	0	8.72616e-007	1521.72	1447.91	1447.86
1447.92	912.002	664	1.#QNAN	0	0.016	0	9.18513e-007	1522.24	1447.92	1447.87
1447.93	912.014	665	1.#QNAN	0	0	0	9.16801e-007	1512.27	1447.93	1447.88
1447.96	912.021	666	1.#QNAN	0	0.015	0	8.94937e-007	1515.78	1447.96	1447.91
1447.98	912.032	667	1.#QNAN	0	0.016	0	9.19922e-007	1526.54	1447.98	1447.93
1448	912.044	668	1.#QNAN	0	0.015	0	8.60819e-007	1525.31	1448	1447.94
1448.06	912.061	669	1.#QNAN	0	0.016	0	8.91336e-007	1551.66	1448.06	1448.01
1447.99	912.039	670	1.#QNAN	0	0.016	0	8.66879e-007	1480.51	1447.99	1447.94
1447.99	912.034	671	1.#QNAN	0	0.015	0	8.8197e-007	1521.42	1447.99	1447.94
1447.94	912.017	672	1.#QNAN	0	0	0	8.74681e-007	1491.78	1447.94	1447.89
1447.86	912.004	673	1.#QNAN	0	0.016	0	9.00548e-007	1491.01	1447.86	1447.81
1447.87	912.006	674	1.#QNAN	0	0.015	0	8.81019e-007	1521.61	1447.87	1447.82
1447.86	912.01	675	1.#QNAN	0	0.016	0	8.92919e-007	1502.03	1447.86	1447.81
1447.77	911.982	676	1.#QNAN	0	0.016	0	9.17821e-007	1465.98	1447.77	1447.72
1447.74	911.968	677	1.#QNAN	0	0.015	0	9.10162e-007	1485	1447.74	1447.69
1447.71	911.973	678	1.#QNAN	0	0.016	0	8.71868e-007	1492.74	1447.71	1447.66
1447.69	911.983	679	1.#QNAN	0	0	0	9.08201e-007	1486.5	1447.69	1447.64
1447.72	911.974	680	1.#QNAN	0	0.015	0	8.79392e-007	1520.07	1447.72	1447.67
1447.74	911.955	681	1.#QNAN	0	0.016	0	8.81822e-007	1532.56	1447.74	1447.69
1447.77	911.947	682	1.#QNAN	0	0.016	0	8.80304e-007	1511.71	1447.77	1447.72
1447.8	911.966	683	1.#QNAN	0	0.015	0	9.26627e-007	1535.13	1447.8	1447.76
1447.84	911.964	684	1.#QNAN	0	0.016	0	9.12048e-007	1537.37	1447.84	1447.8
1447.88	911.97	685	1.#QNAN	0	0.015	0	9.02906e-007	1523.95	1447.88	1447.83
1447.97	911.985	686	1.#QNAN	0	0	0	9.02034e-007	1557.61	1447.97	1447.92
1447.98	911.989	687	1.#QNAN	0	0.016	0	8.98468e-007	1510.72	1447.98	1447.94
1448.01	911.978	688	1.#QNAN	0	0.016	0	8.84309e-007	1520.53	1448.01	1447.97
1448.02	911.988	689	1.#QNAN	0	0.015	0	8.80457e-007	1519.09	1448.02	1447.98
1448.05	912.008	690	1.#QNAN	0	0.016	0	8.95628e-007	1543.37	1448.05	1448.01
1448.14	912.036	691	1.#QNAN	0	0.015	0	8.75511e-007	1570.97	1448.14	1448.1
1448.14	912.039	692	1.#QNAN	0	0.016	0	8.98409e-007	1530.32	1448.14	1448.1
1448.19	912.048	693	1.#QNAN	0	0	0	9.01159e-007	1531.85	1448.19	1448.15
1448.21	912.055	694	1.#QNAN	0	0.016	0	9.28181e-007	1520.99	1448.21	1448.17
1448.27	912.084	695	1.#QNAN	0	0.015	0	9.42164e-007	1540.54	1448.27	1448.23
1448.35	912.132	696	1.#QNAN	0	0.016	0	8.95022e-007	1566.24	1448.35	1448.31
1448.38	912.131	697	1.#QNAN	0	0.015	1	8.93446e-007	1516.01	1448.38	1448.34
1448.39	912.133	698	1.#QNAN	0	0.016	0	8.9737e-007	1508.68	1448.39	1448.35
1448.39	912.129	699	1.#QNAN	0	0	0	9.06944e-007	1495.84	1448.39	1448.36
1448.33	912.112	700	1.#QNAN	0	0	0	8.97502e-007	1456.73	1448.33	1448.3
1448.38	912.12	701	1.#QNAN	0	0.015	0	9.04436e-007	1548.31	1448.38	1448.35
1448.39	912.126	702	1.#QNAN	0	0.016	0	8.77244e-007	1520.93	1448.39	1448.36
1448.42	912.12	703	1.#QNAN	0	0.015	0	9.0718e-007	1519.37	1448.42	1448.38
1448.43	912.12	704	1.#QNAN	0	0.016	0	8.7652e-007	1516.3	1448.43	1448.4
1448.46	912.146	705	1.#QNAN	0	0.016	0	9.04609e-007	1509.3	1448.46	1448.43
1448.48	912.158	706	1.#QNAN	0	0	0	8.7805e-007	1524.24	1448.48	1448.45
1448.51	912.146	707	1.#QNAN	0	0.015	0	8.71698e-007	1522.01	1448.51	1448.48
1448.56	912.167	708	1.#QNAN	0	0.016	0	8.81095e-007	1546.05	1448.56	1448.54
1448.61	912.182	709	1.#QNAN	0	0.015	0	8.68216e-007	1539.13	1448.61	1448.59
1448.69	912.214	710	1.#QNAN	0	0.016	0	9.02942e-007	1545.09	1448.69	1448.66
1448.71	912.228	711	1.#QNAN	0	0.016	0	8.91345e-007	1518.99	1448.71	1448.68
1448.74	912.233	712	1.#QNAN	0	0.015	0	8.97486e-007	1513.25	1448.74	1448.71
1448.8	912.26	713	1.#QNAN	0	0	0	8.56643e-007	1548.73	1448.8	1448.77
1448.83	912.268	714	1.#QNAN	0	0.016	0	8.6081e-007	1516.73	1448.83	1448.8
1448.87	912.274	715	1.#QNAN	0	0.015	0	8.76974e-007	1521.24	1448.87	1448.85
1448.91	912.295	716	1.#QNAN	0	0.016	0	8.97883e-007	1516.47	1448.91	1448.89
1448.94	912.307	717	1.#QNAN	0	0.016	0	8.93837e-007	1518.66	1448.94	1448.92
1448.99	912.327	718	1.#QNAN	0	0.015	0	8.6169e-007	1542.33	1448.99	1448.97
1449.03	912.343	719	1.#QNAN	0	0.016	0	9.0251e-007	1535.72	1449.03	1449.01
1449.12	912.374	720	1.#QNAN	0	0	0	8.88952e-007	1570.35	1449.12	1449.1
1449.17	912.386	721	1.#QNAN	0	0.015	0	9.01464e-007	1539.74	1449.17	1449.15
1449.22	912.4	722	1.#QNAN	0	0.016	0	9.11361e-007	1549.99	1449.22	1449.21
1449.26	912.411	723	1.#QNAN	0	0.016	0	8.57082e-007	1529.47	1449.26	1449.24
1449.32	912.435	724	1.#QNAN	0	0.015	0	9.0098e-007	1557.45	1449.32	1449.3
1449.37	912.445	725	1.#QNAN	0	0.016	0	8.79562e-007	1540.98	1449.37	1449.36
1449.45	912.463	726	1.#QNAN	0	0.015	0	8.92333e-007	1563.88	1449.45	1449.44
1449.52	912.472	727	1.#QNAN	0	0	0	8.92897e-007	1562.85	1449.52	1449.51
1449.55	912.472	728	1.#QNAN	0	0.016	0	8.90508e-007	1533.39	1449.55	1449.54
1449.57	912.485	729	1.#QNAN	0	0.016	0	8.75847e-007	1514.28	1449.57	1449.56
1449.6	912.484	730	1.#QNAN	0	0.015	0	8.96189e-007	1525.59	1449.6	1449.59
1449.67	912.503	731	1.#QNAN	0	0.016	0	8.89421e-007	1548.41	1449.67	1449.65
1449.65	912.49	732	1.#QNAN	0	0.015	0	8.67457e-007	1497.66	1449.65	1449.64
1449.62	912.465	733	1.#QNAN	0	0.016	0	8.69968e-007	1477.41	1449.62	1449.61
1449.57	912.448	734	1.#QNAN	0	0	0	9.25301e-007	1460.85	1449.57	1449.56
1449.56	912.425	735	1.#QNAN	0	0.016	0	8.44816e-007	1487.8	1449.56	1449.55
1449.55	912.421	736	1.#QNAN	0	0.015	0	8.88855e-007	1500.43	1449.55	1449.54
1449.55	912.423	737	1.#QNAN	0	0.016	0	8.86537e-007	1504.55	1449.55	1449.54
1449.58	912.435	738	1.#QNAN	0	0.015	0	8.97888e-007	1522.83	1449.58	1449.57
1449.59	912.42	739	1.#QNAN	0	0.016	0	9.20385e-007	1515.74	1449.59	1449.58
1449.59	912.432	740	1.#QNAN	0	0.016	0	9.05982e-007	1508.21	1449.59	1449.58
1449.57	912.428	741	1.#QNAN	0	0	0	8.78886e-007	1491.64	1449.57	1449.56
1449.54	912.416	742	1.#QNAN	0	0.015	0	8.84141e-007	1485.5	1449.54	1449.53
1449.52	912.417	743	1.#QNAN	0	0.016	0	8.76379e-007	1490.2	1449.52	1449.51
1449.51	912.409	744	1.#QNAN	0	0.015	0	8.72597e-007	1483.61	1449.51	1449.5
1449.51	912.404	745	1.#QNAN	0	0.016	0	9.02357e-007	1493.14	1449.51	1449.5
1449.49	912.402	746	1.#QNAN	0	0.016	0	8.84826e-007	1476.92	1449.49	1449.48
1449.44	912.368	747	1.#QNAN	0	0.015	0	8.87204e-007	1453.47	1449.44	1449.43
1449.43	912.357	748	1.#QNAN	0	0	0	8.54443e-007	1478.27	1449.43	1449.42
1449.36	912.31	749	1.#QNAN	0	0.016	0	8.78229e-007	1452.65	1449.36	1449.35
1449.31	912.299	750	1.#QNAN	0	0.015	0	8.75183e-007	1491.94	1449.31	1449.3
1449.31	912.308	751	1.#QNAN	0	0.016	0	8.98627e-007	1503.52	1449.31	1449.3
1449.32	912.322	752	1.#QNAN	0	0.016	0	8.92128e-007	1518.95	1449.32	1449.31
1449.29	912.32	753	1.#QNAN	0	0.015	0	8.83722e-007	1472.6	1449.29	1449.28
1449.24	912.302	754	1.#QNAN	0	0	0	8.35617e-007	1475.67	1449.24	1449.24
1449.23	912.298	755	1.#QNAN	0	0.016	0	8.82786e-007	1498.44	1449.23	1449.22
1449.22	912.296	756	1.#QNAN	0	0.015	0	8.98258e-007	1500.19	1449.22	1449.21
1449.13	912.274	757	1.#QNAN	0	0.016	0	9.0205e-007	1462.7	1449.13	1449.12
1449.1	912.252	758	1.#QNAN	0	0.016	0	9.03228e-007	1477.81	1449.1	1449.09
1449.07	912.242	759	1.#QNAN	0	0.015	0	9.15431e-007	1484.59	1449.07	1449.06
1449.08	912.248	760	1.#QNAN	0	0.016	0	8.71051e-007	1506.26	1449.08	1449.07
1449.08	912.246	761	1.#QNAN	0	0	0	8.55118e-007	1506.34	1449.08	1449.07
1449.06	912.242	762	1.#QNAN	0	0.015	0	8.66634e-007	1500.39	1449.06	1449.06
1449.05	912.235	763	1.#QNAN	0	0.016	0	8.68015e-007	1502.66	1449.05	1449.04
1449.08	912.25	764	1.#QNAN	0	0.016	0	8.68319e-007	1536.13	1449.08	1449.07
1449.04	912.247	765	1.#QNAN	0	0.015	0	8.91385e-007	1494.9	1449.04	1449.03
1449.01	912.244	766	1.#QNAN	0	0.016	0	8.74131e-007	1491.61	1449.01	1449.01
1448.94	912.245	767	1.#QNAN	0	0	0	8.96091e-007	1454.69	1448.94	1448.93
1448.9	912.232	768	1.#QNAN	0	0.015	0	8.53789e-007	1488.5	1448.9	1448.9
1448.91	912.262	769	1.#QNAN	0	0.016	0	8.66718e-007	1514.19	1448.91	1448.9
1448.97	912.29	770	1.#QNAN	0	0.016	0	8.81658e-007	1545.85	1448.97	1448.96
1449	912.305	771	1.#QNAN	0	0.015	0	8.98708e-007	1534.02	1449	1448.99
1449.06	912.32	772	1.#QNAN	0	0.016	1	8.87234e-007	1566.31	1449.06	1449.06
1449.14	912.354	773	1.#QNAN	0	0.015	0	9.07931e-007	1562.17	1449.14	1449.14
1449.15	912.372	774	1.#QNAN	0	0	0	8.72576e-007	1503.86	1449.15	1449.15
1449.11	912.389	775	1.#QNAN	0	0.016	0	9.01043e-007	1476.95	1449.11	1449.1
1449.06	912.4	776	1.#QNAN	0	0.016	0	9.01202e-007	1468.83	1449.06	1449.05
1449.04	912.423	777	1.#QNAN	0	0.015	0	8.93042e-007	1494.29	1449.04	1449.04
1449.01	912.428	778	1.#QNAN	0	0.016	0	8.65829e-007	1485.82	1449.01	1449
1449.03	912.437	779	1.#QNAN	0	0.015	0	8.62323e-007	1517.88	1449.03	1449.02
1449.03	912.456	780	1.#QNAN	0	0	0	8.84443e-007	1505.06	1449.03	1449.02
1448.98	912.444	781	1.#QNAN	0	0.016	0	8.76215e-007	1473.43	1448.98	1448.97
1448.94	912.439	782	1.#QNAN	0	0.016	0	9.00524e-007	1464.19	1448.94	1448.93
1448.91	912.437	783	1.#QNAN	0	0.015	0	8.92192e-007	1485.07	1448.91	1448.91
1448.87	912.431	784	1.#QNAN	0	0.016	0	9.07034e-007	1462.9	1448.87	1448.86
1448.81	912.419	785	1.#QNAN	0	0.015	0	9.12091e-007	1452.96	1448.81	1448.81
1448.7	912.389	786	1.#QNAN	0	0.016	0	9.10732e-007	1434.7	1448.7	1448.7
1448.65	912.362	787	1.#QNAN	0	0	0	8.73283e-007	1465.62	1448.65	1448.65
1448.55	912.338	788	1.#QNAN	0	0.016	0	8.70388e-007	1429.51	1448.55	1448.55
1448.53	912.343	789	1.#QNAN	0	0.015	0	8.83024e-007	1483.24	1448.53	1448.53
1448.47	912.34	790	1.#QNAN	0	0.016	0	8.92591e-007	1448.67	1448.47	1448.46
1448.44	912.334	791	1.#QNAN	0	0.015	0	8.99452e-007	1479.54	1448.44	1448.44
1448.41	912.327	792	1.#QNAN	0	0.016	0	8.88805e-007	1464.78	1448.41	1448.41
1448.38	912.303	793	1.#QNAN	0	0.016	0	8.85286e-007	1481.53	1448.38	1448.37
1448.38	912.295	794	1.#QNAN	0	0	0	9.00797e-007	1516.68	1448.38	1448.37
1448.34	912.266	795	1.#QNAN	0	0.015	0	9.22895e-007	1477.18	1448.34	1448.33
1448.31	912.242	796	1.#QNAN	0	0.016	0	9.19166e-007	1479.55	1448.31	1448.31
1448.24	912.21	797	1.#QNAN	0	0.015	0	8.60704e-007	1444.99	1448.24	1448.24
1448.19	912.184	798	1.#QNAN	0	0.016	0	9.01442e-007	1462.68	1448.19	1448.18
1448.17	912.178	799	1.#QNAN	0	0.016	0	8.7563e-007	1493.7	1448.17	1448.16
1448.14	912.166	800	1.#QNAN	0	0.015	0	8.99227e-007	1480.6	1448.14	1448.13
1448.13	912.151	801	1.#QNAN	0	0	0	9.08348e-007	1484.71	1448.13	1448.12
1448.11	912.146	802	1.#QNAN	0	0.016	0	8.69774e-007	1477.82	1448.11	1448.1
1448.11	912.144	803	1.#QNAN	0	0.015	0	8.81503e-007	1489.7	1448.11	1448.1
1448.12	912.14	804	1.#QNAN	0	0.016	0	9.16388e-007	1507.48	1448.12	1448.11
1448.08	912.146	805	1.#QNAN	0	0.016	0	9.06037e-007	1476.47	1448.08	1448.08
1448.06	912.151	806	1.#QNAN	0	0.015	0	8.85704e-007	1493.11	1448.06	1448.05
1448.02	912.172	807	1.#QNAN	0	0.016	0	9.1088e-007	1477.19	1448.02	1448.02
1447.99	912.182	808	1.#QNAN	0	0	0	8.85037e-007	1481.86	1447.99	1447.99
1447.93	912.187	809	1.#QNAN	0	0.015	0	8.52383e-007	1484.08	1447.93	1447.93
1447.86	912.171	810	1.#QNAN	0	0.016	0	8.59927e-007	1456.49	1447.86	1447.85
1447.8	912.147	811	1.#QNAN	0	0.016	0	8.70223e-007	1466.29	1447.8	1447.79
1447.77	912.15	812	1.#QNAN	0	0.015	0	8.88743e-007	1492.34	1447.77	1447.77
1447.75	912.162	813	1.#QNAN	0	0.016	0	8.93182e-007	1487.22	1447.75	1447.75
1447.75	912.164	814	1.#QNAN	0	0.015	0	8.77743e-007	1507.67	1447.75	1447.75
1447.77	912.182	815	1.#QNAN	0	0	0	8.81763e-007	1520.01	1447.77	1447.77
1447.77	912.199	816	1.#QNAN	0	0.016	0	9.10765e-007	1529.8	1447.77	1447.77
1447.83	912.217	817	1.#QNAN	0	0.016	0	9.19096e-007	1563.04	1447.83	1447.83
1447.88	912.237	818	1.#QNAN	0	0.015	0	9.33386e-007	1555.04	1447.88	1447.88
1447.91	912.244	819	1.#QNAN	0	0.016	0	8.8318e-007	1528.41	1447.91	1447.92
1447.95	912.261	820	1.#QNAN	0	0.015	0	8.994e-007	1545.07	1447.95	1447.95
1447.96	912.27	821	1.#QNAN	0	0.016	0	8.86051e-007	1533.55	1447.96	1447.96
1447.94	912.264	822	1.#QNAN	0	0	0	9.0626e-007	1502.24	1447.94	1447.94
1447.89	912.243	823	1.#QNAN	0	0.016	0	8.89386e-007	1470.49	1447.89	1447.89
1447.86	912.233	824	1.#QNAN	0	0.015	0	9.17726e-007	1503.81	1447.86	1447.86
1447.87	912.24	825	1.#QNAN	0	0.016	0	9.21603e-007	1510.94	1447.87	1447.87
1447.86	912.228	826	1.#QNAN	0	0.015	0	8.97397e-007	1513.82	1447.86	1447.86
1447.85	912.228	827	1.#QNAN	0	0.016	0	9.1603e-007	1521.83	1447.85	1447.85
1447.85	912.208	828	1.#QNAN	0	0	0	8.93702e-007	1512.09	1447.85	1447.85
1447.89	912.213	829	1.#QNAN	0	0.016	0	9.21576e-007	1545.44	1447.89	1447.89
1447.9	912.196	830	1.#QNAN	0	0.015	0	9.15335e-007	1524.18	1447.9	1447.9
1447.9	912.175	831	1.#QNAN	0	0.016	0	8.69369e-007	1512.77	1447.9	1447.9
1447.92	912.162	832	1.#QNAN	0	0.015	0	9.31274e-007	1539.5	1447.92	1447.93
1447.97	912.163	833	1.#QNAN	0	0.016	0	8.78589e-007	1544.23	1447.97	1447.97
1448	912.167	834	1.#QNAN	0	0.016	0	8.9673e-007	1533.43	1448	1448
1448.06	912.176	835	1.#QNAN	0	0	0	8.95356e-007	1556.86	1448.06	1448.06
1448.09	912.17	836	1.#QNAN	0	0.015	0	9.00966e-007	1534.05	1448.09	1448.09
1448.11	912.158	837	1.#QNAN	0	0.016	0	8.95172e-007	1528.34	1448.11	1448.12
1448.05	912.127	838	1.#QNAN	0	0.015	0	8.92928e-007	1463.28	1448.05	1448.05
1448.06	912.122	839	1.#QNAN	0	0.016	0	9.05211e-007	1522.76	1448.06	1448.07
1448.07	912.118	840	1.#QNAN	0	0.016	0	8.96795e-007	1515.16	1448.07	1448.07
1448.07	912.114	841	1.#QNAN	0	0.015	0	9.02261e-007	1503.36	1448.07	1448.08
1448.06	912.117	842	1.#QNAN	0	0	0	8.88926e-007	1507.32	1448.06	1448.07
1448.06	912.106	843	1.#QNAN	0	0.016	0	8.99984e-007	1512.09	1448.06	1448.06
1448.07	912.104	844	1.#QNAN	0	0.015	0	8.79234e-007	1508.94	1448.07	1448.08
1448.12	912.13	845	1.#QNAN	0	0.016	0	8.9725e-007	1531.69	1448.12	1448.13
1448.14	912.132	846	1.#QNAN	0	0.016	0	8.80465e-007	1517.58	1448.14	1448.15
1448.16	912.129	847	1.#QNAN	0	0.015	1	8.89878e-007	1507.34	1448.16	1448.16
1448.17	912.126	848	1.#QNAN	0	0.016	0	8.60258e-007	1509.55	1448.17	1448.18
1448.12	912.111	849	1.#QNAN	0	0	0	8.90353e-007	1475.79	1448.12	1448.13
1448.09	912.114	850	1.#QNAN	0	0.015	0	8.92778e-007	1489.78	1448.09	1448.1
1448.1	912.125	851	1.#QNAN	0	0.016	0	8.97725e-007	1521.6	1448.1	1448.11
1448.08	912.126	852	1.#QNAN	0	0.016	0	8.91579e-007	1505.14	1448.08	1448.09
1448.02	912.115	853	1.#QNAN	0	0.015	0	8.71368e-007	1482.82	1448.02	1448.03
1448.01	912.108	854	1.#QNAN	0	0.016	0	8.98777e-007	1485.69	1448.01	1448.02
1447.99	912.089	855	1.#QNAN	0	0	0	8.77583e-007	1474.94	1447.99	1448
1447.93	912.074	856	1.#QNAN	0	0.015	0	8.98885e-007	1461.27	1447.93	1447.94
1447.92	912.07	857	1.#QNAN	0	0.016	0	9.01914e-007	1495.95	1447.92	1447.94
1447.89	912.064	858	1.#QNAN	0	0.016	0	8.66572e-007	1474.12	1447.89	1447.9
1447.91	912.081	859	1.#QNAN	0	0.015	0	9.15228e-007	1525.69	1447.91	1447.92
1447.96	912.105	860	1.#QNAN	0	0.016	0	8.88968e-007	1559.75	1447.96	1447.98
1448	912.124	861	1.#QNAN	0	0.015	0	9.0095e-007	1529.87	1448	1448.02
1448.02	912.137	862	1.#QNAN	0	0	0	9.11964e-007	1511.63	1448.02	1448.03
1447.98	912.124	863	1.#QNAN	0	0.016	0	9.28369e-007	1467.92	1447.98	1447.99
1447.93	912.1	864	1.#QNAN	0	0.016	0	8.84293e-007	1475.86	1447.93	1447.95
1447.92	912.079	865	1.#QNAN	0	0.015	0	8.91415e-007	1485.03	1447.92	1447.94
1447.88	912.057	866	1.#QNAN	0	0.016	0	8.97577e-007	1467.42	1447.88	1447.89
1447.83	912.036	867	1.#QNAN	0	0.015	0	8.71651e-007	1460.1	1447.83	1447.85
1447.8	912.018	868	1.#QNAN	0	0.016	0	8.75762e-007	1467.76	1447.8	1447.81
1447.79	912.008	869	1.#QNAN	0	0.016	0	8.70977e-007	1492.86	1447.79	1447.8
1447.77	912	870	1.#QNAN	0	0	0	8.85276e-007	1489.67	1447.77	1447.79
1447.73	911.983	871	1.#QNAN	0	0.015	0	8.75279e-007	1466.13	1447.73	1447.74
1447.7	911.961	872	1.#QNAN	0	0.016	0	8.96327e-007	1465.54	1447.7	1447.71
1447.67	911.947	873	1.#QNAN	0	0.015	0	8.85593e-007	1462.35	1447.67	1447.68
1447.63	911.939	874	1.#QNAN	0	0.016	0	9.26258e-007	1468.03	1447.63	1447.64
1447.61	911.934	875	1.#QNAN	0	0.016	0	8.95542e-007	1493.15	1447.61	1447.62
1447.6	911.924	876	1.#QNAN	0	0	0	8.82858e-007	1495.45	1447.6	1447.61
1447.59	911.922	877	1.#QNAN	0	0.015	0	8.98913e-007	1493.97	1447.59	1447.6
1447.56	911.933	878	1.#QNAN	0	0.016	0	8.99402e-007	1487.29	1447.56	1447.57
1447.56	911.947	879	1.#QNAN	0	0.015	0	8.72573e-007	1508.18	1447.56	1447.57
1447.53	911.934	880	1.#QNAN	0	0.016	0	8.9636e-007	1479.9	1447.53	1447.54
1447.48	911.928	881	1.#QNAN	0	0.016	0	8.92835e-007	1480.36	1447.48	1447.49
1447.42	911.905	882	1.#QNAN	0	0.015	0	8.68724e-007	1463.9	1447.42	1447.43
1447.39	911.904	883	1.#QNAN	0	0.016	0	9.12339e-007	1484.37	1447.39	1447.4
1447.33	911.881	884	1.#QNAN	0	0	0	8.65673e-007	1461.83	1447.33	1447.34
1447.26	911.869	885	1.#QNAN	0	0.015	0	8.93106e-007	1454.6	1447.26	1447.27
1447.23	911.875	886	1.#QNAN	0	0.016	0	8.7747e-007	1490.59	1447.23	1447.24
1447.19	911.877	887	1.#QNAN	0	0.016	0	8.64737e-007	1492.08	1447.19	1447.2
1447.21	911.896	888	1.#QNAN	0	0.015	0	8.6197e-007	1522.68	1447.21	1447.22
1447.19	911.904	889	1.#QNAN	0	0.016	0	8.60433e-007	1494.5	1447.19	1447.2
1447.18	911.909	890	1.#QNAN	0	0.015	0	9.06736e-007	1487.85	1447.18	1447.19
1447.16	911.919	891	1.#QNAN	0	0	0	9.04178e-007	1503.87	1447.16	1447.17
1447.15	911.921	892	1.#QNAN	0	0.016	0	8.89052e-007	1510.81	1447.15	1447.16
1447.18	911.928	893	1.#QNAN	0	0.016	0	8.75824e-007	1545.76	1447.18	1447.19
1447.17	911.928	894	1.#QNAN	0	0.015	0	8.94097e-007	1523.17	1447.17	1447.19
1447.17	911.942	895	1.#QNAN	0	0.016	0	8.88832e-007	1512.85	1447.17	1447.19
1447.17	911.958	896	1.#QNAN	0	0.015	0	9.45016e-007	1516.32	1447.17	1447.18
1447.19	911.961	897	1.#QNAN	0	0.016	0	8.96451e-007	1519.51	1447.19	1447.2
1447.2	911.969	898	1.#QNAN	0	0	0	9.08529e-007	1519.31	1447.2	1447.22
1447.23	911.964	899	1.#QNAN	0	0.016	0	8.76152e-007	1533.58	1447.23	1447.24
1447.22	911.97	900	1.#QNAN	0	0.015	0	9.03736e-007	1513.01	1447.22	1447.24
1447.22	911.975	901	1.#QNAN	0	0.016	0	8.74016e-007	1527.7	1447.22	1447.23
1447.17	911.973	902	1.#QNAN	0	0.015	0	9.11968e-007	1473.22	1447.17	1447.18
1447.13	911.978	903	1.#QNAN	0	0.016	0	8.81331e-007	1487.9	1447.13	1447.15
1447.12	911.978	904	1.#QNAN	0	0.016	0	8.91188e-007	1500.89	1447.12	1447.13
1447.11	911.98	905	1.#QNAN	0	0	0	8.44424e-007	1508.18	1447.11	1447.13
1447.09	911.99	906	1.#QNAN	0	0.015	0	8.96233e-007	1513.5	1447.09	1447.11
1447.1	911.988	907	1.#QNAN	0	0.016	0	8.65318e-007	1533.5	1447.1	1447.11
1447.11	911.986	908	1.#QNAN	0	0.015	0	8.77051e-007	1519.79	1447.11	1447.13
1447.07	911.963	909	1.#QNAN	0	0.016	0	8.79881e-007	1473.01	1447.07	1447.09
1447.03	911.943	910	1.#QNAN	0	0.016	0	9.06031e-007	1485.71	1447.03	1447.04
1446.98	911.922	911	1.#QNAN	0	0	0	8.70276e-007	1472.02	1446.98	1446.99
1446.94	911.924	912	1.#QNAN	0	0.015	0	8.88881e-007	1488.66	1446.94	1446.95
1446.9	911.925	913	1.#QNAN	0	0.016	0	9.07176e-007	1481.33	1446.9	1446.91
1446.86	911.925	914	1.#QNAN	0	0.015	0	9.0422e-007	1490.94	1446.86	1446.87
1446.84	911.936	915	1.#QNAN	0	0.016	0	8.89022e-007	1502.77	1446.84	1446.86
1446.85	911.946	916	1.#QNAN	0	0.016	0	8.96848e-007	1512.71	1446.85	1446.86
1446.86	911.953	917	1.#QNAN	0	0	0	9.13596e-007	1512.9	1446.86	1446.87
1446.9	911.971	918	1.#QNAN	0	0.015	0	9.06035e-007	1549.69	1446.9	1446.92
1446.93	911.976	919	1.#QNAN	0	0.016	0	8.89161e-007	1532.45	1446.93	1446.94
1446.92	911.971	920	1.#QNAN	0	0.015	0	8.61973e-007	1505.2	1446.92	1446.94
1446.93	911.976	921	1.#QNAN	0	0.016	0	9.18115e-007	1506.79	1446.93	1446.94
1446.95	911.976	922	1.#QNAN	0	0.016	1	9.36067e-007	1519.91	1446.95	1446.97
1446.95	911.976	923	1.#QNAN	0	0.015	0	9.26894e-007	1507.78	1446.95	1446.96
1446.91	911.97	924	1.#QNAN	0	0	0	8.99462e-007	1476.43	1446.91	1446.93
1446.92	911.972	925	1.#QNAN	0	0.016	0	9.36082e-007	1501.14	1446.92	1446.93
1446.88	911.963	926	1.#QNAN	0	0.015	0	9.25738e-007	1484.94	1446.88	1446.89
1446.86	911.967	927	1.#QNAN	0	0.016	0	9.09186e-007	1498.06	1446.86	1446.87
1446.86	911.973	928	1.#QNAN	0	0.016	0	9.22075e-007	1531.7	1446.86	1446.88
1446.88	911.978	929	1.#QNAN	0	0.015	0	9.06578e-007	1517.49	1446.88	1446.9
1446.86	911.96	930	1.#QNAN	0	0.016	0	8.98021e-007	1479.08	1446.86	1446.88
1446.86	911.953	931	1.#QNAN	0	0	0	9.19513e-007	1487.42	1446.86	1446.87
1446.89	911.972	932	1.#QNAN	0	0.015	0	9.06846e-007	1528.42	1446.89	1446.91
1446.88	911.982	933	1.#QNAN	0	0.016	0	8.87485e-007	1487.97	1446.88	1446.9
1446.9	911.99	934	1.#QNAN	0	0.016	0	9.08694e-007	1517.22	1446.9	1446.92
1446.9	911.99	935	1.#QNAN	0	0.015	0	9.26145e-007	1500.05	1446.9	1446.91
1446.95	912.007	936	1.#QNAN	0	0.016	0	9.28418e-007	1551.43	1446.95	1446.97
1446.96	912.008	937	1.#QNAN	0	0.015	0	8.81654e-007	1516.54	1446.96	1446.98
1446.93	912.003	938	1.#QNAN	0	0	0	9.08647e-007	1487.73	1446.93	1446.95
1446.89	911.973	939	1.#QNAN	0	0.016	0	9.19882e-007	1471.93	1446.89	1446.91
1446.87	911.953	940	1.#QNAN	0	0.016	0	8.71448e-007	1481.64	1446.87	1446.88
1446.86	911.941	941	1.#QNAN	0	0.015	0	8.94389e-007	1508.41	1446.86	1446.88
1446.85	911.948	942	1.#QNAN	0	0.016	0	9.33773e-007	1501.76	1446.85	1446.87
1446.83	911.946	943	1.#QNAN	0	0.015	0	8.87812e-007	1493.25	1446.83	1446.84
1446.79	911.943	944	1.#QNAN	0	0.016	0	8.76385e-007	1475.62	1446.79	1446.81
1446.82	911.955	945	1.#QNAN	0	0	0	8.70294e-007	1525.24	1446.82	1446.84
1446.84	911.965	946	1.#QNAN	0	0.016	0	8.95826e-007	1523.94	1446.84	1446.86
1446.84	911.963	947	1.#QNAN	0	0.015	0	9.25852e-007	1492.98	1446.84	1446.86
1446.86	911.971	948	1.#QNAN	0	0.016	0	8.94958e-007	1518.89	1446.86	1446.88
1446.88	911.973	949	1.#QNAN	0	0.015	0	8.8904e-007	1524.04	1446.88	1446.9
1446.91	911.976	950	1.#QNAN	0	0.016	0	8.98794e-007	1549.21	1446.91	1446.93
1446.94	911.966	951	1.#QNAN	0	0.016	0	8.80517e-007	1542.95	1446.94	1446.96
1446.92	911.96	952	1.#QNAN	0	0	0	8.86075e-007	1498.62	1446.92	1446.94
1446.91	911.96	953	1.#QNAN	0	0.015	0	8.80687e-007	1523.3	1446.91	1446.93
1446.93	911.952	954	1.#QNAN	0	0.016	0	9.08024e-007	1516.09	1446.93	1446.95
1446.95	911.945	955	1.#QNAN	0	0.015	0	8.75214e-007	1518.1	1446.95	1446.97
1446.99	911.971	956	1.#QNAN	0	0.016	0	8.84676e-007	1544.73	1446.99	1447.01
1447.06	911.988	957	1.#QNAN	0	0.016	0	8.79553e-007	1578.62	1447.06	1447.08
1447.1	911.992	958	1.#QNAN	0	0.015	0	9.0424e-007	1547.23	1447.1	1447.12
1447.09	911.992	959	1.#QNAN	0	0	0	8.82994e-007	1505.84	1447.09	1447.11
1447.13	912.001	960	1.#QNAN	0	0.016	0	8.77112e-007	1543.11	1447.13	1447.15
1447.11	912	961	1.#QNAN	0	0.015	0	8.96115e-007	1493.16	1447.11	1447.14
1447.13	912.007	962	1.#QNAN	0	0.016	0	9.02644e-007	1519.87	1447.13	1447.16
1447.14	912.01	963	1.#QNAN	0	0.016	0	8.93474e-007	1509.44	1447.14	1447.16
1447.2	912.018	964	1.#QNAN	0	0.015	0	8.91109e-007	1579.37	1447.2	1447.23
1447.22	912.029	965	1.#QNAN	0	0	0	8.97023e-007	1534.09	1447.22	1447.25
1447.25	912.039	966	1.#QNAN	0	0.016	0	8.63803e-007	1524.94	1447.25	1447.28
1447.27	912.045	967	1.#QNAN	0	0.015	0	9.18851e-007	1520.77	1447.27	1447.3
1447.32	912.058	968	1.#QNAN	0	0.016	0	8.88546e-007	1562.13	1447.32	1447.35
1447.34	912.061	969	1.#QNAN	0	0.016	0	8.82879e-007	1532.32	1447.34	1447.37
1447.34	912.07	970	1.#QNAN	0	0.015	0	8.97146e-007	1524.1	1447.34	1447.37
1447.31	912.055	971	1.#QNAN	0	0.016	0	8.82109e-007	1491.86	1447.31	1447.33
1447.31	912.066	972	1.#QNAN	0	0	0	8.90822e-007	1500.01	1447.31	1447.33
1447.32	912.065	973	1.#QNAN	0	0.015	0	8.93795e-007	1512.56	1447.32	1447.34
1447.31	912.065	974	1.#QNAN	0	0.016	0	8.74576e-007	1496.1	1447.31	1447.33
1447.3	912.069	975	1.#QNAN	0	0.016	0	8.95331e-007	1495.73	1447.3	1447.32
1447.3	912.071	976	1.#QNAN	0	0.015	0	8.7255e-007	1515.9	1447.3	1447.33
1447.34	912.086	977	1.#QNAN	0	0.016	0	9.25276e-007	1547.77	1447.34	1447.36
1447.34	912.078	978	1.#QNAN	0	0.015	0	9.08743e-007	1505.47	1447.34	1447.37
1447.33	912.074	979	1.#QNAN	0	0	0	9.17179e-007	1499.41	1447.33	1447.35
1447.3	912.078	980	1.#QNAN	0	0.016	0	8.98649e-007	1508.96	1447.3	1447.33
1447.26	912.072	981	1.#QNAN	0	0.016	0	9.2265e-007	1502.8	1447.26	1447.29
1447.25	912.068	982	1.#QNAN	0	0.015	0	8.91918e-007	1505.33	1447.25	1447.28
1447.24	912.057	983	1.#QNAN	0	0.016	0	8.96677e-007	1498.33	1447.24	1447.26
1447.24	912.058	984	1.#QNAN	0	0.015	0	8.89234e-007	1511.09	1447.24	1447.26
1447.23	912.051	985	1.#QNAN	0	0.016	0	8.99983e-007	1506.5	1447.23	1447.26
1447.24	912.049	986	1.#QNAN	0	0	0	9.3312e-007	1514.04	1447.24	1447.27
1447.24	912.052	987	1.#QNAN	0	0.016	0	9.03415e-007	1505.81	1447.24	1447.27
1447.24	912.06	988	1.#QNAN	0	0.015	0	9.03354e-007	1503.29	1447.24	1447.26
1447.21	912.059	989	1.#QNAN	0	0.016	0	8.80967e-007	1476.54	1447.21	1447.24
1447.17	912.049	990	1.#QNAN	0	0.015	0	8.90753e-007	1477.92	1447.17	1447.19
1447.11	912.037	991	1.#QNAN	0	0.016	0	8.98469e-007	1452.18	1447.11	1447.13
1447.12	912.054	992	1.#QNAN	0	0	0	8.87599e-007	1498.75	1447.12	1447.14
1447.13	912.073	993	1.#QNAN	0	0.016	0	9.00129e-007	1517.51	1447.13	1447.15
1447.11	912.079	994	1.#QNAN	0	0.015	0	8.6048e-007	1494.86	1447.11	1447.14
1447.12	912.088	995	1.#QNAN	0	0.016	0	8.67703e-007	1524.47	1447.12	1447.15
1447.15	912.106	996	1.#QNAN	0	0.015	0	9.00638e-007	1535.64	1447.15	1447.18
1447.2	912.137	997	1.#QNAN	0	0.016	1	8.59666e-007	1549.9	1447.2	1447.22
1447.24	912.161	998	1.#QNAN	0	0.016	0	9.08186e-007	1546.69	1447.24	1447.26
1447.24	912.17	999	1.#QNAN	0	0	0	9.13835e-007	1512.94	1447.24	1447.27
1447.28	912.196	1000	1.#QNAN	0	0.015	0	9.3785e-007	1533.61	1447.28	1447.31
1447.27	912.213	1001	1.#QNAN	0	0.016	0	8.97841e-007	1495.3	1447.27	1447.3
1447.25	912.232	1002	1.#QNAN	0	0.015	0	8.93156e-007	1505.05	1447.25	1447.28
1447.25	912.25	1003	1.#QNAN	0	0.016	0	9.08621e-007	1505.67	1447.25	1447.28
1447.26	912.267	1004	1.#QNAN	0	0.016	0	8.86059e-007	1524.32	1447.26	1447.29
1447.31	912.289	1005	1.#QNAN	0	0.015	0	9.0903e-007	1547.4	1447.31	1447.34
1447.33	912.303	1006	1.#QNAN	0	0	0	9.0021e-007	1517.3	1447.33	1447.36
1447.35	912.323	1007	1.#QNAN	0	0.016	0	9.08874e-007	1515.04	1447.35	1447.38
1447.36	912.34	1008	1.#QNAN	0	0.015	0	8.92567e-007	1497.85	1447.36	1447.39
1447.4	912.361	1009	1.#QNAN	0	0.016	0	9.1204e-007	1538.79	1447.4	1447.43
1447.47	912.39	1010	1.#QNAN	0	0.016	0	8.94722e-007	1565.4	1447.47	1447.5
1447.55	912.422	1011	1.#QNAN	0	0.015	0	8.93322e-007	1567.64	1447.55	1447.58
1447.57	912.437	1012	1.#QNAN	0	0.016	0	9.09303e-007	1515.6	1447.57	1447.6
1447.59	912.447	1013	1.#QNAN	0	0	0	9.20135e-007	1506.8	1447.59	1447.62
1447.6	912.456	1014	1.#QNAN	0	0.015	0	9.13329e-007	1507.16	1447.6	1447.63
1447.64	912.474	1015	1.#QNAN	0	0.016	0	9.02517e-007	1545.62	1447.64	1447.67
1447.71	912.507	1016	1.#QNAN	0	0.016	0	9.05589e-007	1570.86	1447.71	1447.74
1447.76	912.526	1017	1.#QNAN	0	0.015	0	9.12284e-007	1559.59	1447.76	1447.79
1447.79	912.541	1018	1.#QNAN	0	0.016	0	9.16033e-007	1535.36	1447.79	1447.82
1447.84	912.565	1019	1.#QNAN	0	0	0	8.94954e-007	1570.27	1447.84	1447.87
1447.89	912.578	1020	1.#QNAN	0	0.015	0	9.17471e-007	1558.16	1447.89	1447.92
1447.9	912.582	1021	1.#QNAN	0	0.016	0	9.1532e-007	1505.78	1447.9	1447.93
1447.89	912.582	1022	1.#QNAN	0	0.016	0	9.36408e-007	1495.59	1447.89	1447.93
1447.88	912.569	1023	1.#QNAN	0	0.015	0	9.22259e-007	1474.09	1447.88	1447.91
1447.84	912.553	1024	1.#QNAN	0	0.016	0	9.29283e-007	1451	1447.84	1447.87
1447.8	912.544	1025	1.#QNAN	0	0.016	0	8.95203e-007	1463.57	1447.8	1447.84
1447.83	912.546	1026	1.#QNAN	0	0.015	0	8.93921e-007	1516.79	1447.83	1447.86
1447.83	912.549	1027	1.#QNAN	0	0	0	8.82046e-007	1498.92	1447.83	1447.86
1447.79	912.544	1028	1.#QNAN	0	0.016	0	9.15392e-007	1468.55	1447.79	1447.82
1447.74	912.525	1029	1.#QNAN	0	0.015	0	9.10495e-007	1459.58	1447.74	1447.78
1447.7	912.509	1030	1.#QNAN	0	0.016	0	8.96986e-007	1469.91	1447.7	1447.73
1447.67	912.496	1031	1.#QNAN	0	0.016	0	9.15375e-007	1469.38	1447.67	1447.7
1447.64	912.492	1032	1.#QNAN	0	0.015	0	8.67992e-007	1484.92	1447.64	1447.68
1447.61	912.487	1033	1.#QNAN	0	0.016	0	9.03542e-007	1471.08	1447.61	1447.65
1447.58	912.484	1034	1.#QNAN	0	0	0	9.04948e-007	1492.02	1447.58	1447.61
1447.52	912.465	1035	1.#QNAN	0	0.015	0	9.0037e-007	1464.06	1447.52	1447.56
1447.51	912.454	1036	1.#QNAN	0	0.016	0	9.20234e-007	1485.64	1447.51	1447.54
1447.49	912.44	1037	1.#QNAN	0	0.016	0	8.55493e-007	1494.76	1447.49	1447.52
1447.47	912.418	1038	1.#QNAN	0	0.015	0	9.13298e-007	1469.61	1447.47	1447.5
1447.46	912.42	1039	1.#QNAN	0	0.016	0	9.35297e-007	1483.77	1447.46	1447.49
1447.47	912.415	1040	1.#QNAN	0	0.015	0	9.29218e-007	1499.94	1447.47	1447.5
1447.49	912.409	1041	1.#QNAN	0	0	0	9.09544e-007	1515.33	1447.49	1447.52
1447.46	912.399	1042	1.#QNAN	0	0.016	0	8.98679e-007	1469.06	1447.46	1447.49
1447.45	912.392	1043	1.#QNAN	0	0.016	0	9.05179e-007	1497.14	1447.45	1447.48
1447.43	912.38	1044	1.#QNAN	0	0.015	0	8.66674e-007	1490.94	1447.43	1447.46
1447.44	912.382	1045	1.#QNAN	0	0.016	0	8.94168e-007	1505.05	1447.44	1447.47
1447.46	912.39	1046	1.#QNAN	0	0.015	0	8.80952e-007	1519.84	1447.46	1447.49
1447.49	912.403	1047	1.#QNAN	0	0.016	0	9.09673e-007	1531.37	1447.49	1447.52
1447.49	912.396	1048	1.#QNAN	0	0	0	8.90151e-007	1495.41	1447.49	1447.52
1447.5	912.397	1049	1.#QNAN	0	0.016	0	8.97993e-007	1506.33	1447.5	1447.53
1447.5	912.4	1050	1.#QNAN	0	0.015	0	9.28043e-007	1504.68	1447.5	1447.54
1447.5	912.401	1051	1.#QNAN	0	0.016	0	8.87739e-007	1493.74	1447.5	1447.54
1447.48	912.388	1052	1.#QNAN	0	0.015	0	9.03109e-007	1483.63	1447.48	1447.51
1447.47	912.38	1053	1.#QNAN	0	0.016	0	8.82312e-007	1483.45	1447.47	1447.5
1447.44	912.371	1054	1.#QNAN	0	0.016	0	9.17379e-007	1478.2	1447.44	1447.48
1447.42	912.354	1055	1.#QNAN	0	0	0	9.04791e-007	1472.34	1447.42	1447.45
1447.45	912.351	1056	1.#QNAN	0	0.015	0	9.29823e-007	1562.29	1447.45	1447.48
1447.43	912.338	1057	1.#QNAN	0	0.016	0	9.24325e-007	1493.4	1447.43	1447.46
1447.4	912.33	1058	1.#QNAN	0	0.015	0	8.79276e-007	1474.85	1447.4	1447.44
1447.38	912.316	1059	1.#QNAN	0	0.016	0	8.89788e-007	1470.87	1447.38	1447.41
1447.33	912.302	1060	1.#QNAN	0	0.016	0	9.00927e-007	1462.96	1447.33	1447.36
1447.27	912.289	1061	1.#QNAN	0	0.015	0	8.9898e-007	1468.44	1447.27	1447.31
1447.24	912.272	1062	1.#QNAN	0	0	0	9.25709e-007	1488.19	1447.24	1447.28
1447.2	912.258	1063	1.#QNAN	0	0.016	0	8.77378e-007	1495.67	1447.2	1447.23
1447.15	912.222	1064	1.#QNAN	0	0.015	0	9.19769e-007	1463.66	1447.15	1447.18
1447.11	912.209	1065	1.#QNAN	0	0.016	0	9.13002e-007	1498.5	1447.11	1447.14
1447.12	912.203	1066	1.#QNAN	0	0.016	0	8.71337e-007	1532.82	1447.12	1447.16
1447.13	912.201	1067	1.#QNAN	0	0.015	0	9.02024e-007	1523.64	1447.13	1447.16
1447.14	912.212	1068	1.#QNAN	0	0.016	0	8.75138e-007	1548.89	1447.14	1447.17
1447.1	912.217	1069	1.#QNAN	0	0	0	8.56748e-007	1488.32	1447.1	1447.14
1447.07	912.212	1070	1.#QNAN	0	0.015	1	8.89087e-007	1464.68	1447.07	1447.1
1447.04	912.213	1071	1.#QNAN	0	0.016	0	8.8957e-007	1491.2	1447.04	1447.08
1447.03	912.223	1072	1.#QNAN	0	0.016	0	9.04727e-007	1497.25	1447.03	1447.06
1447.01	912.231	1073	1.#QNAN	0	0.015	0	9.26887e-007	1514.52	1447.01	1447.04
1446.99	912.234	1074	1.#QNAN	0	0.016	0	8.93485e-007	1507.65	1446.99	1447.02
1447	912.248	1075	1.#QNAN	0	0.015	0	9.16912e-007	1523.65	1447	1447.03
1447.01	912.266	1076	1.#QNAN	0	0	0	9.03561e-007	1549.42	1447.01	1447.04
1447.05	912.289	1077	1.#QNAN	0	0.016	0	8.99801e-007	1551.82	1447.05	1447.09
1447.1	912.314	1078	1.#QNAN	0	0.016	0	9.17624e-007	1571.53	1447.1	1447.14
1447.13	912.328	1079	1.#QNAN	0	0.015	0	8.59043e-007	1532.45	1447.13	1447.17
1447.16	912.347	1080	1.#QNAN	0	0.016	0	8.76061e-007	1581.86	1447.16	1447.2
1447.21	912.373	1081	1.#QNAN	0	0.015	0	9.05239e-007	1588.12	1447.21	1447.25
1447.25	912.39	1082	1.#QNAN	0	0.016	0	8.73219e-007	1574.53	1447.25	1447.29
1447.29	912.413	1083	1.#QNAN	0	0	0	8.5939e-007	1567.23	1447.29	1447.32
1447.3	912.431	1084	1.#QNAN	0	0.016	0	8.88681e-007	1518.99	1447.3	1447.34
1447.31	912.443	1085	1.#QNAN	0	0.015	0	9.13867e-007	1507.66	1447.31	1447.35
1447.3	912.446	1086	1.#QNAN	0	0.016	0	8.86922e-007	1499.98	1447.3	1447.33
1447.3	912.456	1087	1.#QNAN	0	0.015	0	8.77613e-007	1518.53	1447.3	1447.34
1447.29	912.461	1088	1.#QNAN	0	0.016	0	9.2329e-007	1503.94	1447.29	1447.33
1447.29	912.478	1089	1.#QNAN	0	0.016	0	9.06713e-007	1494.93	1447.29	1447.32
1447.3	912.491	1090	1.#QNAN	0	0.015	0	8.49219e-007	1533.99	1447.3	1447.34
1447.32	912.502	1091	1.#QNAN	0	0	0	8.90846e-007	1519.03	1447.32	1447.36
1447.31	912.512	1092	1.#QNAN	0	0.016	0	9.18954e-007	1492.26	1447.31	1447.35
1447.3	912.528	1093	1.#QNAN	0	0.015	0	8.96888e-007	1496.77	1447.3	1447.34
1447.29	912.528	1094	1.#QNAN	0	0.016	0	9.09716e-007	1492.2	1447.29	1447.33
1447.29	912.531	1095	1.#QNAN	0	0.016	0	8.73793e-007	1493.24	1447.29	1447.32
1447.28	912.532	1096	1.#QNAN	0	0.015	0	8.47936e-007	1500.05	1447.28	1447.32
1447.26	912.521	1097	1.#QNAN	0	0.016	0	8.96281e-007	1482.08	1447.26	1447.3
1447.27	912.527	1098	1.#QNAN	0	0	0	9.13174e-007	1511.13	1447.27	1447.31
1447.24	912.522	1099	1.#QNAN	0	0.015	0	9.01974e-007	1485.84	1447.24	1447.28
1447.23	912.534	1100	1.#QNAN	0	0.016	0	8.77488e-007	1510.59	1447.23	1447.27
1447.26	912.554	1101	1.#QNAN	0	0.016	0	9.12866e-007	1549.71	1447.26	1447.3
1447.29	912.582	1102	1.#QNAN	0	0.015	0	9.23471e-007	1547.19	1447.29	1447.33
1447.33	912.612	1103	1.#QNAN	0	0.016	0	8.90513e-007	1575.91	1447.33	1447.37
1447.36	912.635	1104	1.#QNAN	0	0	0	8.87533e-007	1550.29	1447.36	1447.4
1447.37	912.658	1105	1.#QNAN	0	0.015	0	8.77063e-007	1543.63	1447.37	1447.41
1447.38	912.673	1106	1.#QNAN	0	0.016	0	8.99553e-007	1522.68	1447.38	1447.42
1447.4	912.695	1107	1.#QNAN	0	0.016	0	8.80608e-007	1517.31	1447.4	1447.44
1447.4	912.704	1108	1.#QNAN	0	0.015	0	8.88535e-007	1511.01	1447.4	1447.44
1447.4	912.713	1109	1.#QNAN	0	0.016	0	8.98339e-007	1516.43	1447.4	1447.44
1447.4	912.736	1110	1.#QNAN	0	0.015	0	8.8327e-007	1507.98	1447.4	1447.45
1447.42	912.758	1111	1.#QNAN	0	0	0	8.87129e-007	1513.92	1447.42	1447.46
1447.43	912.777	1112	1.#QNAN	0	0.016	0	8.88715e-007	1510.66	1447.43	1447.47
1447.45	912.792	1113	1.#QNAN	0	0.016	0	9.02164e-007	1521.59	1447.45	1447.5
1447.45	912.802	1114	1.#QNAN	0	0.015	0	8.81538e-007	1483.77	1447.45	1447.49
1447.44	912.824	1115	1.#QNAN	0	0.016	0	8.88774e-007	1504.82	1447.44	1447.48
1447.4	912.828	1116	1.#QNAN	0	0.015	0	8.86654e-007	1465.11	1447.4	1447.44
1447.38	912.842	1117	1.#QNAN	0	0	0	8.9803e-007	1481.77	1447.38	1447.42
1447.34	912.848	1118	1.#QNAN	0	0.016	0	9.11528e-007	1470.29	1447.34	1447.38
1447.33	912.873	1119	1.#QNAN	0	0.016	0	9.24262e-007	1487.93	1447.33	1447.38
1447.32	912.887	1120	1.#QNAN	0	0.015	0	8.86808e-007	1509.95	1447.32	1447.37
1447.34	912.903	1121	1.#QNAN	0	0.016	0	9.03563e-007	1513.1	1447.34	1447.38
1447.34	912.907	1122	1.#QNAN	0	0.015	0	8.9871e-007	1502.03	1447.34	1447.38
1447.33	912.918	1123	1.#QNAN	0	0.016	0	8.85951e-007	1505.59	1447.33	1447.37
1447.33	912.927	1124	1.#QNAN	0	0	0	9.22515e-007	1515.42	1447.33	1447.37
1447.33	912.928	1125	1.#QNAN	0	0.016	0	8.98644e-007	1506.57	1447.33	1447.37
1447.35	912.934	1126	1.#QNAN	0	0.015	0	9.04292e-007	1518.85	1447.35	1447.4
1447.39	912.948	1127	1.#QNAN	0	0.016	0	9.01739e-007	1547.78	1447.39	1447.44
1447.39	912.956	1128	1.#QNAN	0	0.015	0	8.88604e-007	1491.66	1447.39	1447.44
1447.42	912.966	1129	1.#QNAN	0	0.016	0	8.87007e-007	1513.97	1447.42	1447.46
1447.43	912.97	1130	1.#QNAN	0	0.016	0	8.79495e-007	1516.01	1447.43	1447.48
1447.43	912.969	1131	1.#QNAN	0	0	0	8.87705e-007	1491.38	1447.43	1447.47
1447.42	912.972	1132	1.#QNAN	0	0.015	0	8.97513e-007	1486.3	1447.42	1447.47
1447.42	912.972	1133	1.#QNAN	0	0.016	0	8.96343e-007	1491.09	1447.42	1447.46
1447.38	912.96	1134	1.#QNAN	0	0.015	0	8.67938e-007	1443.54	1447.38	1447.42
1447.38	912.969	1135	1.#QNAN	0	0.016	0	9.32214e-007	1494.71	1447.38	1447.42
1447.38	912.974	1136	1.#QNAN	0	0.016	0	8.81937e-007	1493.65	1447.38	1447.42
1447.33	912.966	1137	1.#QNAN	0	0.015	0	8.8995e-007	1456.65	1447.33	1447.37
1447.31	912.963	1138	1.#QNAN	0	0.016	0	8.79695e-007	1476.19	1447.31	1447.35
1447.27	912.955	1139	1.#QNAN	0	0	0	9.01317e-007	1445.69	1447.27	1447.31
1447.25	912.958	1140	1.#QNAN	0	0.015	0	8.8779e-007	1482.16	1447.25	1447.29
1447.21	912.948	1141	1.#QNAN	0	0.016	0	8.88421e-007	1462.24	1447.21	1447.26
1447.19	912.95	1142	1.#QNAN	0	0.016	0	9.09569e-007	1476.29	1447.19	1447.23
1447.17	912.953	1143	1.#QNAN	0	0.015	0	8.77221e-007	1488.04	1447.17	1447.22
1447.16	912.949	1144	1.#QNAN	0	0.016	1	8.85411e-007	1488.28	1447.16	1447.21
1447.15	912.955	1145	1.#QNAN	0	0.015	0	8.87043e-007	1486.45	1447.15	1447.2
1447.15	912.965	1146	1.#QNAN	0	0	0	8.80167e-007	1495.18	1447.15	1447.19
1447.15	912.976	1147	1.#QNAN	0	0.016	0	9.16409e-007	1483.35	1447.15	1447.19
1447.11	912.961	1148	1.#QNAN	0	0.016	0	8.64426e-007	1456.17	1447.11	1447.15
1447.09	912.965	1149	1.#QNAN	0	0.015	0	8.60049e-007	1461.56	1447.09	1447.13
1447.1	912.98	1150	1.#QNAN	0	0.016	0	8.94088e-007	1516.17	1447.1	1447.14
1447.09	912.979	1151	1.#QNAN	0	0.015	0	8.8326e-007	1503.47	1447.09	1447.13
1447.08	912.977	1152	1.#QNAN	0	0.016	0	8.90585e-007	1479.27	1447.08	1447.12
1447.09	912.984	1153	1.#QNAN	0	0	0	8.62923e-007	1506.01	1447.09	1447.13
1447.07	912.981	1154	1.#QNAN	0	0.016	0	8.84097e-007	1473.25	1447.07	1447.11
1447.05	912.983	1155	1.#QNAN	0	0.015	0	9.0577e-007	1487.47	1447.05	1447.09
1447.05	912.99	1156	1.#QNAN	0	0.016	0	9.0129e-007	1499.68	1447.05	1447.09
1447.03	912.99	1157	1.#QNAN	0	0.015	0	9.14803e-007	1490.42	1447.03	1447.07
1446.99	912.981	1158	1.#QNAN	0	0.016	0	9.1891e-007	1476.26	1446.99	1447.03
1446.99	912.993	1159	1.#QNAN	0	0.016	0	8.77921e-007	1524.42	1446.99	1447.03
1446.98	913.003	1160	1.#QNAN	0	0.015	0	8.69157e-007	1495.64	1446.98	1447.02
1446.99	913.004	1161	1.#QNAN	0	0	0	8.90999e-007	1513.22	1446.99	1447.03
1446.99	913.007	1162	1.#QNAN	0	0.016	0	8.79481e-007	1501.95	1446.99	1447.03
1446.97	913.005	1163	1.#QNAN	0	0.015	0	8.68739e-007	1484.51	1446.97	1447.01
1446.98	913.014	1164	1.#QNAN	0	0.016	0	8.7565e-007	1525.14	1446.98	1447.02
1446.98	913.021	1165	1.#QNAN	0	0.016	0	8.85516e-007	1516.03	1446.98	1447.02
1446.97	913.019	1166	1.#QNAN	0	0.015	0	8.63263e-007	1493.21	1446.97	1447.01
1446.92	913.017	1167	1.#QNAN	0	0.016	0	8.43553e-007	1466	1446.92	1446.96
1446.9	913	1168	1.#QNAN	0	0	0	8.71942e-007	1470.95	1446.9	1446.94
1446.86	912.996	1169	1.#QNAN	0	0.015	0	8.46152e-007	1466.19	1446.86	1446.9
1446.86	913	1170	1.#QNAN	0	0.016	0	9.0648e-007	1504.64	1446.86	1446.9
1446.86	912.999	1171	1.#QNAN	0	0.016	0	8.96497e-007	1494.7	1446.86	1446.9
1446.81	912.978	1172	1.#QNAN	0	0.015	0	8.64071e-007	1462.65	1446.81	1446.86
1446.8	912.984	1173	1.#QNAN	0	0.016	0	8.61711e-007	1503.74	1446.8	1446.84
1446.8	912.981	1174	1.#QNAN	0	0	0	8.95714e-007	1494.6	1446.8	1446.84
1446.79	912.98	1175	1.#QNAN	0	0	0	8.94656e-007	1505.7	1446.79	1446.83
1446.77	912.962	1176	1.#QNAN	0	0.016	0	8.61453e-007	1482.11	1446.77	1446.81
1446.76	912.963	1177	1.#QNAN	0	0.016	0	9.14511e-007	1478.44	1446.76	1446.8
1446.75	912.955	1178	1.#QNAN	0	0.015	0	8.83821e-007	1492.89	1446.75	1446.79
1446.75	912.959	1179	1.#QNAN	0	0.016	0	8.60785e-007	1495.41	1446.75	1446.79
1446.73	912.955	1180	1.#QNAN	0	0.015	0	8.61087e-007	1489.41	1446.73	1446.77
1446.73	912.953	1181	1.#QNAN	0	0.016	0	9.04999e-007	1507.98	1446.73	1446.77
1446.73	912.959	1182	1.#QNAN	0	0	0	8.7709e-007	1525.29	1446.73	1446.77
1446.71	912.956	1183	1.#QNAN	0	0.016	0	9.04928e-007	1477.45	1446.71	1446.75
1446.69	912.942	1184	1.#QNAN	0	0.015	0	8.97039e-007	1468.63	1446.69	1446.73
1446.69	912.94	1185	1.#QNAN	0	0.016	0	8.9822e-007	1515.45	1446.69	1446.73
1446.66	912.925	1186	1.#QNAN	0	0.015	0	8.906e-007	1461.04	1446.66	1446.7
1446.65	912.901	1187	1.#QNAN	0	0.016	0	8.85824e-007	1477.71	1446.65	1446.69
1446.64	912.898	1188	1.#QNAN	0	0	0	9.12369e-007	1475.98	1446.64	1446.68
1446.63	912.894	1189	1.#QNAN	0	0.016	0	8.85119e-007	1475.76	1446.63	1446.67
1446.64	912.897	1190	1.#QNAN	0	0.015	0	8.76898e-007	1501.62	1446.64	1446.68
1446.63	912.893	1191	1.#QNAN	0	0.016	0	8.83617e-007	1475.71	1446.63	1446.67
1446.62	912.896	1192	1.#QNAN	0	0.015	0	9.09483e-007	1486.85	1446.62	1446.66
1446.57	912.881	1193	1.#QNAN	0	0.016	0	9.03062e-007	1462.64	1446.57	1446.61
1446.56	912.884	1194	1.#QNAN	0	0.016	0	8.81306e-007	1513.05	1446.56	1446.6
1446.54	912.882	1195	1.#QNAN	0	0	0	9.43122e-007	1484.85	1446.54	1446.58
1446.5	912.875	1196	1.#QNAN	0	0.015	0	8.85773e-007	1481.35	1446.5	1446.54
1446.5	912.881	1197	1.#QNAN	0	0.016	0	9.04013e-007	1503.92	1446.5	1446.54
1446.5	912.885	1198	1.#QNAN	0	0.015	0	9.15005e-007	1503.25	1446.5	1446.54
1446.5	912.885	1199	1.#QNAN	0	0.016	0	9.20972e-007	1496.94	1446.5	1446.54
