rmse	mae	#iter	time_pred	time_learn	time_learn2	time_learn4	alpha	rmse_mcmc_this	rmse_mcmc_all	rmse_mcmc_all_but5
19164.5	12266	0	1.#QNAN	0	0.016	0	1.15437e-012	19164.5	19164.5	3999.82
19022	12815.7	1	1.#QNAN	0	0.015	0	2.3465e-011	21229.9	19022	3999.82
19490.6	13192.3	2	1.#QNAN	0	0.016	0	2.94205e-011	21387.8	19490.6	3999.82
19771.1	13368.7	3	1.#QNAN	0	0.015	0	3.27668e-011	21177.2	19771.1	3999.82
19837.8	13358.3	4	1.#QNAN	0	0.016	0	3.76369e-011	20824.1	19837.8	37739.9
19979.3	13431.6	5	1.#QNAN	0	0.016	0	4.18322e-011	21163.6	19979.3	21163.6
19926.2	13342.5	6	1.#QNAN	0	0.031	0	4.75812e-011	20226.2	19926.2	20461.3
19938.6	13320.8	7	1.#QNAN	0	0.015	0	5.04594e-011	20405.8	19938.6	20332
19913.6	13287.4	8	1.#QNAN	0	0.016	0	5.77409e-011	20295.5	19913.6	20202.4
19934.7	13294.6	9	1.#QNAN	0	0.016	0	6.14457e-011	20698.4	19934.7	20189.4
19895.4	13256	10	1.#QNAN	0	0.015	0	6.67466e-011	20086.5	19895.4	20088
19859.1	13226.2	11	1.#QNAN	0	0.016	0	7.49151e-011	20058.3	19859.1	20008
19817.5	13181	12	1.#QNAN	0	0.015	0	8.41492e-011	19981.4	19817.5	19937.6
19772.7	13133.7	13	1.#QNAN	0	0.032	0	9.20613e-011	19881.7	19772.7	19861.3
19689	13068.1	14	1.#QNAN	0	0.015	0	9.91292e-011	19301.5	19689	19732.6
19617.4	13011.6	15	1.#QNAN	0	0.016	0	1.17356e-010	19134.7	19617.4	19635.6
19540.8	12958.5	16	1.#QNAN	0	0.015	0	1.40174e-010	19007.4	19540.8	19531.1
19481.2	12913.8	17	1.#QNAN	0	0.016	0	1.74016e-010	19310.9	19481.2	19452.3
19396.1	12848.5	18	1.#QNAN	0	0.016	0	2.14125e-010	18956.6	19396.1	19342
19238.5	12744.3	19	1.#QNAN	0	0.015	0	2.55347e-010	17723.2	19238.5	19139.5
19043.4	12616.7	20	1.#QNAN	0	0.016	0	3.12425e-010	17071.1	19043.4	18894.9
18841.9	12491.4	21	1.#QNAN	0	0.015	0	3.84025e-010	16943.7	18841.9	18649.5
18625.8	12354.3	22	1.#QNAN	0	0.016	0	4.3289e-010	16728.6	18625.8	18393.2
18385.6	12208.1	23	1.#QNAN	0	0.015	0	4.88416e-010	16219	18385.6	18112.9
18158.7	12067.7	24	1.#QNAN	0	0.016	0	5.48293e-010	16308.8	18158.7	17854.6
17931.3	11933.8	25	1.#QNAN	0	0.015	0	5.8802e-010	15952.7	17931.3	17600.8
17688.1	11791.5	26	1.#QNAN	0	0.016	0	6.47737e-010	15458.7	17688.1	17331.3
17437.5	11647.6	27	1.#QNAN	0	0.016	0	6.93405e-010	14875.4	17437.5	17057.3
17212.3	11522.9	28	1.#QNAN	0	0.031	0	7.40201e-010	15202.7	17212.3	16817.3
16987.2	11393.3	29	1.#QNAN	0	0.015	0	7.53501e-010	14750.9	16987.2	16579
16764.1	11268.9	30	1.#QNAN	0	0.016	0	8.571e-010	14400.3	16764.1	16345.2
16545.4	11145.2	31	1.#QNAN	0	0.016	0	8.4312e-010	14116.8	16545.4	16117.8
16362.6	11043.7	32	1.#QNAN	0	0.015	0	8.53194e-010	14570.6	16362.6	15934.4
16210.4	10959.7	33	1.#QNAN	0	0.031	0	9.09105e-010	14887.2	16210.4	15787.1
16039.3	10862.5	34	1.#QNAN	0	0.016	0	9.32869e-010	14193.4	16039.3	15617.6
15882.2	10772.7	35	1.#QNAN	0	0.016	0	9.39209e-010	14176.9	15882.2	15464.6
15748.3	10696.9	36	1.#QNAN	0	0.015	0	9.99484e-010	14302.8	15748.3	15337.7
15609.9	10619.1	37	1.#QNAN	0	0.016	0	1.02439e-009	14175.9	15609.9	15205.6
15473.4	10542.8	38	1.#QNAN	0	0.031	0	1.02666e-009	13856.5	15473.4	15075.2
15352	10471.3	39	1.#QNAN	0	0.016	0	1.06249e-009	14123.9	15352	14962
15237.9	10404.1	40	1.#QNAN	0	0.015	0	1.08704e-009	13932.4	15237.9	14856.2
15126	10338.6	41	1.#QNAN	0	0.016	0	1.11262e-009	13820.8	15126	14752.7
15018.2	10272.2	42	1.#QNAN	0	0.015	0	1.1234e-009	13684.9	15018.2	14653.5
14922.9	10211.9	43	1.#QNAN	0	0.016	0	1.1893e-009	13836.9	14922.9	14567.6
14828.4	10152	44	1.#QNAN	0	0.016	0	1.12992e-009	13777.5	14828.4	14482.5
14738	10095.4	45	1.#QNAN	0	0.015	0	1.21027e-009	13697.6	14738	14401.2
14651.7	10039.3	46	1.#QNAN	0	0.031	1	1.2292e-009	13565.3	14651.7	14324.2
14563.8	9980.9	47	1.#QNAN	0	0.016	0	1.23793e-009	13411.8	14563.8	14244.5
14484.8	9929.62	48	1.#QNAN	0	0.016	0	1.29606e-009	13630.9	14484.8	14174.7
14405.2	9875.48	49	1.#QNAN	0	0.015	0	1.27185e-009	13325.8	14405.2	14103.4
14336.2	9828.09	50	1.#QNAN	0	0.016	0	1.28993e-009	13465.6	14336.2	14043.4
14271.7	9781.98	51	1.#QNAN	0	0.015	0	1.40514e-009	13507.2	14271.7	13987.5
14206.4	9734.02	52	1.#QNAN	0	0.016	0	1.43906e-009	13243.2	14206.4	13930.3
14137.1	9683.2	53	1.#QNAN	0	0.016	0	1.45285e-009	13087.1	14137.1	13868.5
14077.4	9639.52	54	1.#QNAN	0	0.015	0	1.46784e-009	13199.5	14077.4	13816.4
14011.9	9589.67	55	1.#QNAN	0	0.015	0	1.43019e-009	12760.6	14011.9	13757.7
13950.8	9544.75	56	1.#QNAN	0	0.016	0	1.48509e-009	12932.1	13950.8	13703.5
13907.6	9513.66	57	1.#QNAN	0	0.016	0	1.51068e-009	13650.8	13907.6	13668.5
13847.4	9468.23	58	1.#QNAN	0	0.015	0	1.5804e-009	12719.4	13847.4	13614.7
13796.9	9428.82	59	1.#QNAN	0	0.016	0	1.55725e-009	13075.8	13796.9	13570.9
13742.8	9387.6	60	1.#QNAN	0	0.015	0	1.58715e-009	12797.4	13742.8	13523.1
13690.4	9345.9	61	1.#QNAN	0	0.016	0	1.71961e-009	12687.6	13690.4	13476.6
13636.1	9303.63	62	1.#QNAN	0	0.031	0	1.63672e-009	12587.3	13636.1	13428.1
13587.3	9263.98	63	1.#QNAN	0	0.016	0	1.67615e-009	12670.7	13587.3	13385.1
13536.2	9224.4	64	1.#QNAN	0	0.015	0	1.74476e-009	12416.6	13536.2	13339.1
13490.6	9188.55	65	1.#QNAN	0	0.016	0	1.77432e-009	12545.9	13490.6	13298.9
13444	9152.22	66	1.#QNAN	0	0.016	0	1.73649e-009	12440.5	13444	13257.5
13394.5	9113.68	67	1.#QNAN	0	0.015	0	1.76267e-009	12168	13394.5	13212.6
13349.8	9076.99	68	1.#QNAN	0	0.016	0	1.87223e-009	12370.9	13349.8	13172.8
13304.4	9041.21	69	1.#QNAN	0	0.016	0	1.84759e-009	12112.1	13304.4	13131.5
13264.8	9008.51	70	1.#QNAN	0	0.016	0	1.85059e-009	12352.2	13264.8	13096.4
13221.4	8973.68	71	1.#QNAN	0	0.015	0	1.97825e-009	12018	13221.4	13057
13177.7	8938.72	72	1.#QNAN	0	0.016	0	1.97887e-009	11889.7	13177.7	13017.1
13139	8906.16	73	1.#QNAN	0	0.015	0	1.99251e-009	12155.5	13139	12982.4
13097.4	8870.82	74	1.#QNAN	0	0.016	0	2.10441e-009	11708.4	13097.4	12944.2
13060.7	8839.64	75	1.#QNAN	0	0.016	0	2.18476e-009	12005.4	13060.7	12911.2
13018.4	8805.13	76	1.#QNAN	0	0.031	0	2.14679e-009	11597.4	13018.4	12872.1
12975	8769.34	77	1.#QNAN	0	0.015	0	2.24582e-009	11491.3	12975	12831.8
12936.2	8735.74	78	1.#QNAN	0	0.016	0	2.26862e-009	11661.7	12936.2	12796.2
12898.3	8704.8	79	1.#QNAN	0	0.016	0	2.35154e-009	11651.9	12898.3	12761.4
12855.9	8668.95	80	1.#QNAN	0	0.015	0	2.37622e-009	11237	12855.9	12721.6
12817.9	8637.14	81	1.#QNAN	0	0.016	0	2.49793e-009	11452.8	12817.9	12686.6
12775.9	8602.03	82	1.#QNAN	0	0.015	0	2.43777e-009	11076.4	12775.9	12647.2
12737.9	8569.73	83	1.#QNAN	0	0.016	0	2.63576e-009	11193.1	12737.9	12611.8
12700.4	8538.59	84	1.#QNAN	0	0.031	0	2.75042e-009	11256.2	12700.4	12577
12663.4	8506.94	85	1.#QNAN	0	0.016	0	2.68283e-009	11186.8	12663.4	12542.4
12626.7	8476.03	86	1.#QNAN	0	0.015	0	2.67056e-009	11168	12626.7	12508.2
12588.7	8443.21	87	1.#QNAN	0	0.016	0	2.79494e-009	10933	12588.7	12472.4
12549.4	8410.6	88	1.#QNAN	0	0.016	0	2.87875e-009	10783.7	12549.4	12435.2
12510.4	8378.12	89	1.#QNAN	0	0.015	0	3.02889e-009	10677.7	12510.4	12398.2
12474.9	8348.14	90	1.#QNAN	0	0.016	0	3.03744e-009	10805.7	12474.9	12364.9
12438	8316.94	91	1.#QNAN	0	0.015	0	3.15674e-009	10630.5	12438	12329.9
12399.6	8285.22	92	1.#QNAN	0	0.032	0	3.19677e-009	10542.9	12399.6	12293.3
12362.8	8254.09	93	1.#QNAN	0	0.015	0	3.32591e-009	10577.4	12362.8	12258.4
12322.3	8220.64	94	1.#QNAN	0	0.016	0	3.23212e-009	10250.4	12322.3	12219.5
12282.4	8187.37	95	1.#QNAN	0	0.015	0	3.4481e-009	10129.1	12282.4	12181.2
12244.9	8156.42	96	1.#QNAN	0	0.016	0	3.59361e-009	10254.4	12244.9	12145.3
12207.8	8126.02	97	1.#QNAN	0	0.016	0	3.66769e-009	10254.2	12207.8	12109.7
12175	8098.47	98	1.#QNAN	0	0.015	0	3.72498e-009	10471.2	12175	12078.6
12137.8	8067.64	99	1.#QNAN	0	0.016	0	3.76158e-009	10156	12137.8	12042.9
12100.6	8037.41	100	1.#QNAN	0	0.031	0	3.95781e-009	9977.37	12100.6	12007.1
12064.6	8008.03	101	1.#QNAN	0	0.016	0	4.019e-009	10026.7	12064.6	11972.4
12027.8	7977.77	102	1.#QNAN	0	0.015	0	3.99054e-009	9863.3	12027.8	11936.9
11988.7	7945.91	103	1.#QNAN	0	0.016	1	4.14549e-009	9621.04	11988.7	11899
11950.4	7914.51	104	1.#QNAN	0	0.015	0	4.26514e-009	9637.35	11950.4	11861.9
11914.7	7885.85	105	1.#QNAN	0	0.016	0	4.49872e-009	9790.1	11914.7	11827.3
11879.2	7856.71	106	1.#QNAN	0	0.016	0	4.6412e-009	9606.79	11879.2	11792.9
11843.4	7827.5	107	1.#QNAN	0	0.015	0	4.70809e-009	9485.26	11843.4	11758.2
11807.8	7798.35	108	1.#QNAN	0	0.016	0	4.77889e-009	9464.29	11807.8	11723.5
11771.7	7769.45	109	1.#QNAN	0	0.031	0	4.86458e-009	9348.2	11771.7	11688.4
11735.2	7740.33	110	1.#QNAN	0	0.016	0	5.01565e-009	9308.55	11735.2	11652.9
11700.1	7712.44	111	1.#QNAN	0	0.015	0	5.13167e-009	9331.63	11700.1	11618.7
11664.7	7684.46	112	1.#QNAN	0	0.016	0	5.33616e-009	9184.2	11664.7	11584.2
11631.2	7658.15	113	1.#QNAN	0	0.015	0	5.59534e-009	9300.56	11631.2	11551.7
11597.2	7632.01	114	1.#QNAN	0	0.016	0	5.40049e-009	9220.1	11597.2	11518.5
11562.6	7604.64	115	1.#QNAN	0	0.016	0	5.57973e-009	9164.12	11562.6	11484.6
11528.3	7578.14	116	1.#QNAN	0	0.015	0	5.76992e-009	9082.32	11528.3	11451.1
11493.3	7550.86	117	1.#QNAN	0	0.016	0	5.97505e-009	8977.35	11493.3	11416.8
11459	7524.76	118	1.#QNAN	0	0.031	0	6.07152e-009	8999.96	11459	11383.3
11423.7	7497.65	119	1.#QNAN	0	0.016	0	6.06445e-009	8825.7	11423.7	11348.6
11390.1	7472.2	120	1.#QNAN	0	0.015	0	6.2042e-009	8871.3	11390.1	11315.7
11354.8	7445.9	121	1.#QNAN	0	0.016	0	6.4987e-009	8738.63	11354.8	11281
11321.3	7420.01	122	1.#QNAN	0	0.015	0	6.4115e-009	8786.32	11321.3	11248.2
11286.7	7393.15	123	1.#QNAN	0	0.016	0	6.60874e-009	8588.32	11286.7	11214.2
11252.4	7367.07	124	1.#QNAN	0	0.016	0	6.63748e-009	8539.22	11252.4	11180.4
11217.2	7340.76	125	1.#QNAN	0	0.031	0	6.80405e-009	8444.54	11217.2	11145.8
11183.7	7314.88	126	1.#QNAN	0	0.015	0	6.71618e-009	8526.29	11183.7	11112.8
11149.7	7288.97	127	1.#QNAN	0	0.016	0	7.21406e-009	8345.55	11149.7	11079.2
11116.2	7263.36	128	1.#QNAN	0	0.016	0	7.17817e-009	8411.79	11116.2	11046.3
11081.9	7237.22	129	1.#QNAN	0	0.015	0	7.5907e-009	8229.56	11081.9	11012.4
11049.6	7212.65	130	1.#QNAN	0	0.016	0	7.10932e-009	8367.95	11049.6	10980.6
11015.5	7187.02	131	1.#QNAN	0	0.015	0	7.99569e-009	8087.61	11015.5	10946.9
10981.1	7161.02	132	1.#QNAN	0	0.016	0	8.1178e-009	8002.73	10981.1	10912.9
10947.4	7135.67	133	1.#QNAN	0	0.031	0	8.03238e-009	8024.26	10947.4	10879.5
10913.8	7110.27	134	1.#QNAN	0	0.016	0	8.46854e-009	7940.56	10913.8	10846.4
10881.1	7085.54	135	1.#QNAN	0	0.015	0	8.38728e-009	7955.48	10881.1	10814.1
10848.4	7061.24	136	1.#QNAN	0	0.016	0	9.18053e-009	7933.5	10848.4	10781.8
10816.5	7036.93	137	1.#QNAN	0	0.016	0	8.99269e-009	7959.17	10816.5	10750.2
10783.9	7012.8	138	1.#QNAN	0	0.015	0	9.13719e-009	7870.6	10783.9	10717.9
10752	6989.58	139	1.#QNAN	0	0.016	0	9.51001e-009	7911.79	10752	10686.4
10719.3	6965.78	140	1.#QNAN	0	0.015	0	9.23503e-009	7723.18	10719.3	10654
10688.4	6943.02	141	1.#QNAN	0	0.016	0	9.95047e-009	7900.24	10688.4	10623.6
10657.2	6920.33	142	1.#QNAN	0	0.031	0	9.60744e-009	7838.76	10657.2	10592.7
10625.2	6897.25	143	1.#QNAN	0	0.016	0	9.93829e-009	7663.3	10625.2	10561.1
10594.5	6874.59	144	1.#QNAN	0	0.015	0	1.00202e-008	7708.23	10594.5	10530.7
10562.9	6851.62	145	1.#QNAN	0	0.016	0	1.03532e-008	7527.85	10562.9	10499.5
10531	6828.46	146	1.#QNAN	0	0.016	0	1.04893e-008	7490.91	10531	10467.9
10500.1	6806.11	147	1.#QNAN	0	0.015	0	1.10032e-008	7563.33	10500.1	10437.3
10469.1	6783.83	148	1.#QNAN	0	0.016	0	1.08088e-008	7524.1	10469.1	10406.7
10438.1	6761.64	149	1.#QNAN	0	0.015	0	1.11594e-008	7475.23	10438.1	10376
10408.7	6740.73	150	1.#QNAN	0	0.032	0	1.13379e-008	7522.36	10408.7	10346.9
10379.5	6719.84	151	1.#QNAN	0	0.015	0	1.15049e-008	7597.3	10379.5	10318
10349.3	6698.07	152	1.#QNAN	0	0.016	0	1.12975e-008	7401.65	10349.3	10288.2
10319.3	6676.42	153	1.#QNAN	0	0.015	0	1.11101e-008	7428.1	10319.3	10258.5
10290.1	6655.43	154	1.#QNAN	0	0.016	0	1.19308e-008	7427.51	10290.1	10229.5
10261	6634.85	155	1.#QNAN	0	0.016	0	1.17301e-008	7368.17	10261	10200.7
10231.6	6613.8	156	1.#QNAN	0	0.015	0	1.19328e-008	7232.88	10231.6	10171.6
10203.1	6593.74	157	1.#QNAN	0	0.031	0	1.28558e-008	7297.44	10203.1	10143.3
10174.5	6573.8	158	1.#QNAN	0	0.016	0	1.2912e-008	7216.85	10174.5	10115
10146.4	6554.14	159	1.#QNAN	0	0.016	0	1.28014e-008	7300.77	10146.4	10087.1
10118.9	6535.09	160	1.#QNAN	0	0.015	1	1.26697e-008	7292.7	10118.9	10059.9
10091.1	6516.01	161	1.#QNAN	0	0.016	0	1.2896e-008	7205.9	10091.1	10032.4
10062.6	6496.2	162	1.#QNAN	0	0.031	0	1.3218e-008	7065.91	10062.6	10004.1
10035.6	6477.46	163	1.#QNAN	0	0.016	0	1.37155e-008	7148.16	10035.6	9977.3
10009.1	6459.12	164	1.#QNAN	0	0.015	0	1.33805e-008	7181.11	10009.1	9951.11
9981.22	6439.92	165	1.#QNAN	0	0.016	0	1.39784e-008	6922.39	9981.22	9923.41
9953.93	6420.92	166	1.#QNAN	0	0.031	0	1.38617e-008	7046.15	9953.93	9896.35
9927.45	6402.7	167	1.#QNAN	0	0.016	0	1.46275e-008	7084.32	9927.45	9870.12
9900.72	6384.05	168	1.#QNAN	0	0.015	0	1.47539e-008	7013.34	9900.72	9843.62
9873.8	6365.61	169	1.#QNAN	0	0.016	0	1.49336e-008	6941.29	9873.8	9816.92
9847.58	6347.58	170	1.#QNAN	0	0.015	0	1.50534e-008	6964.99	9847.58	9790.93
9821.09	6329.29	171	1.#QNAN	0	0.016	0	1.53183e-008	6957.21	9821.09	9764.66
9794.96	6311.32	172	1.#QNAN	0	0.016	0	1.55051e-008	6886.43	9794.96	9738.77
9768.74	6293.22	173	1.#QNAN	0	0.031	0	1.58033e-008	6847.65	9768.74	9712.77
9742.62	6275.27	174	1.#QNAN	0	0.015	0	1.56627e-008	6895.35	9742.62	9686.86
9715.96	6256.67	175	1.#QNAN	0	0.016	0	1.60578e-008	6793.13	9715.96	9660.42
9690.43	6239.01	176	1.#QNAN	0	0.016	0	1.61065e-008	6791.5	9690.43	9635.09
9664.85	6221.45	177	1.#QNAN	0	0.015	0	1.62136e-008	6748.86	9664.85	9609.7
9638.92	6203.46	178	1.#QNAN	0	0.016	0	1.63625e-008	6662.32	9638.92	9583.97
9613.26	6185.65	179	1.#QNAN	0	0.015	0	1.65239e-008	6684.7	9613.26	9558.52
9588.26	6168.38	180	1.#QNAN	0	0.016	0	1.67868e-008	6763.61	9588.26	9533.73
9563.57	6151.18	181	1.#QNAN	0	0.031	0	1.76344e-008	6725.6	9563.57	9509.24
9538.86	6133.77	182	1.#QNAN	0	0.016	0	1.81293e-008	6684.06	9538.86	9484.74
9513.87	6116.24	183	1.#QNAN	0	0.015	0	1.81646e-008	6615.28	9513.87	9459.95
9489.23	6099.03	184	1.#QNAN	0	0.016	0	1.79297e-008	6672.5	9489.23	9435.51
9464.9	6082.03	185	1.#QNAN	0	0.016	0	1.7786e-008	6598.59	9464.9	9411.38
9440.44	6064.71	186	1.#QNAN	0	0.015	0	1.81938e-008	6562.9	9440.44	9387.12
9416.12	6047.65	187	1.#QNAN	0	0.016	0	1.87991e-008	6552.89	9416.12	9362.99
9392.68	6031.13	188	1.#QNAN	0	0.015	0	1.94751e-008	6568.55	9392.68	9339.75
9368.15	6013.94	189	1.#QNAN	0	0.032	0	1.96604e-008	6416.92	9368.15	9315.39
9345.07	5997.6	190	1.#QNAN	0	0.015	0	1.87518e-008	6525.73	9345.07	9292.51
9321.07	5980.64	191	1.#QNAN	0	0.016	0	1.97028e-008	6364.54	9321.07	9268.7
9297.77	5964.04	192	1.#QNAN	0	0.015	0	1.96469e-008	6447.51	9297.77	9245.6
9274.54	5947.54	193	1.#QNAN	0	0.016	0	1.97231e-008	6475.93	9274.54	9222.59
9252.17	5931.54	194	1.#QNAN	0	0.016	0	2.02409e-008	6535.68	9252.17	9200.42
9230.04	5915.79	195	1.#QNAN	0	0.015	0	2.06459e-008	6545.68	9230.04	9178.52
9208.35	5900.21	196	1.#QNAN	0	0.016	0	2.08303e-008	6503.55	9208.35	9157.04
9185.94	5884.27	197	1.#QNAN	0	0.015	0	2.08831e-008	6418.44	9185.94	9134.83
9162.98	5867.76	198	1.#QNAN	0	0.032	0	2.15395e-008	6275.17	9162.98	9112.05
9140.24	5851.53	199	1.#QNAN	0	0.015	0	2.19533e-008	6274.96	9140.24	9089.49
9118.13	5835.74	200	1.#QNAN	0	0.016	0	2.16521e-008	6287.44	9118.13	9067.56
9096.03	5819.96	201	1.#QNAN	0	0.015	0	2.27022e-008	6333.71	9096.03	9045.65
9074.14	5804.23	202	1.#QNAN	0	0.016	0	2.17153e-008	6282.18	9074.14	9023.95
9052.59	5788.9	203	1.#QNAN	0	0.016	0	2.19523e-008	6315.78	9052.59	9002.58
9031.24	5773.64	204	1.#QNAN	0	0.015	0	2.29848e-008	6299.32	9031.24	8981.4
9009.54	5758.13	205	1.#QNAN	0	0.031	0	2.22473e-008	6232.56	9009.54	8959.87
8987.82	5742.71	206	1.#QNAN	0	0.016	0	2.30659e-008	6169.14	8987.82	8938.32
8966.56	5727.73	207	1.#QNAN	0	0.016	0	2.35869e-008	6216.15	8966.56	8917.21
8945.82	5713.07	208	1.#QNAN	0	0.015	0	2.33337e-008	6239.87	8945.82	8896.65
8924.76	5698.12	209	1.#QNAN	0	0.016	0	2.28777e-008	6158.85	8924.76	8875.75
8903.53	5683.29	210	1.#QNAN	0	0.015	0	2.34462e-008	6105.25	8903.53	8854.67
8882.93	5668.79	211	1.#QNAN	0	0.016	0	2.4223e-008	6157.66	8882.93	8834.24
8862.13	5654.26	212	1.#QNAN	0	0.016	0	2.37662e-008	6123.02	8862.13	8813.6
8841.33	5639.78	213	1.#QNAN	0	0.031	0	2.32143e-008	6077.04	8841.33	8792.96
8820.62	5625.45	214	1.#QNAN	0	0.015	0	2.61316e-008	6010.27	8820.62	8772.4
8799.94	5611.14	215	1.#QNAN	0	0.016	0	2.51445e-008	5977.02	8799.94	8751.87
8779.32	5596.89	216	1.#QNAN	0	0.016	0	2.47504e-008	5979.36	8779.32	8731.39
8759.58	5583.28	217	1.#QNAN	0	0.015	1	2.60125e-008	6010	8759.58	8711.78
8739.5	5569.34	218	1.#QNAN	0	0.016	0	2.65485e-008	5995.56	8739.5	8691.85
8719.99	5555.69	219	1.#QNAN	0	0.031	0	2.67847e-008	6027.86	8719.99	8672.49
8700.67	5542.35	220	1.#QNAN	0	0.016	0	2.66857e-008	6005.58	8700.67	8653.32
8680.52	5528.36	221	1.#QNAN	0	0.015	0	2.70588e-008	5840.57	8680.52	8633.31
8661.22	5515.02	222	1.#QNAN	0	0.016	0	2.70389e-008	5963.79	8661.22	8614.15
8642.16	5501.72	223	1.#QNAN	0	0.015	0	2.67671e-008	5977.98	8642.16	8595.23
8622.52	5487.86	224	1.#QNAN	0	0.016	0	2.74625e-008	5852.76	8622.52	8575.74
8602.88	5474.03	225	1.#QNAN	0	0.016	0	2.72258e-008	5859.54	8602.88	8556.25
8583.54	5460.4	226	1.#QNAN	0	0.015	0	2.73697e-008	5821.68	8583.54	8537.06
8564.19	5446.83	227	1.#QNAN	0	0.016	0	2.72041e-008	5874.23	8564.19	8517.86
8544.59	5433.1	228	1.#QNAN	0	0.031	0	2.82624e-008	5807.46	8544.59	8498.41
8525.41	5419.58	229	1.#QNAN	0	0.016	0	2.83914e-008	5746.69	8525.41	8479.37
8506.76	5406.23	230	1.#QNAN	0	0.015	0	2.80395e-008	5902.49	8506.76	8460.88
8487.7	5392.78	231	1.#QNAN	0	0.016	0	2.85989e-008	5751.6	8487.7	8441.96
8468.82	5379.65	232	1.#QNAN	0	0.015	0	2.81185e-008	5799.06	8468.82	8423.23
8450.58	5366.82	233	1.#QNAN	0	0.016	0	2.97696e-008	5853.04	8450.58	8405.13
8432	5353.83	234	1.#QNAN	0	0.016	0	2.97857e-008	5777.68	8432	8386.69
8413.21	5340.67	235	1.#QNAN	0	0.015	0	2.96603e-008	5775.86	8413.21	8368.05
8395.33	5328.05	236	1.#QNAN	0	0.031	0	3.02853e-008	5858.9	8395.33	8350.31
8377.35	5315.43	237	1.#QNAN	0	0.016	0	3.02882e-008	5811.66	8377.35	8332.46
8359.43	5302.89	238	1.#QNAN	0	0.016	0	2.90243e-008	5763.94	8359.43	8314.69
8341.59	5290.37	239	1.#QNAN	0	0.015	0	3.0826e-008	5739.35	8341.59	8297.01
8323.43	5277.7	240	1.#QNAN	0	0.016	0	2.99319e-008	5659.39	8323.43	8278.99
8305.84	5265.45	241	1.#QNAN	0	0.015	0	3.09975e-008	5699.04	8305.84	8261.54
8288.57	5253.23	242	1.#QNAN	0	0.016	0	3.05503e-008	5767.47	8288.57	8244.43
8271.55	5241.35	243	1.#QNAN	0	0.016	0	3.15869e-008	5775.33	8271.55	8227.53
8254.65	5229.49	244	1.#QNAN	0	0.015	0	3.09497e-008	5740.36	8254.65	8210.78
8237.6	5217.5	245	1.#QNAN	0	0.031	0	3.26553e-008	5677.76	8237.6	8193.86
8220.22	5205.4	246	1.#QNAN	0	0.016	0	3.07987e-008	5603.88	8220.22	8176.62
8203.24	5193.53	247	1.#QNAN	0	0.016	0	3.09297e-008	5590.44	8203.24	8159.79
8186.36	5181.84	248	1.#QNAN	0	0.015	0	3.1891e-008	5612.84	8186.36	8143.05
8169.76	5170.23	249	1.#QNAN	0	0.016	0	3.19624e-008	5658.81	8169.76	8126.6
8153.42	5158.75	250	1.#QNAN	0	0.015	0	3.21104e-008	5692.61	8153.42	8110.42
8136.94	5147.27	251	1.#QNAN	0	0.016	0	3.31588e-008	5620.7	8136.94	8094.09
8120.28	5135.72	252	1.#QNAN	0	0.031	0	3.28027e-008	5595.12	8120.28	8077.57
8103.95	5124.47	253	1.#QNAN	0	0.016	0	3.30295e-008	5622.47	8103.95	8061.38
8087.95	5113.39	254	1.#QNAN	0	0.015	0	3.41887e-008	5679	8087.95	8045.52
8071.9	5102.37	255	1.#QNAN	0	0.016	0	3.33209e-008	5587.81	8071.9	8029.61
8055.55	5091.27	256	1.#QNAN	0	0.016	0	3.45548e-008	5552.34	8055.55	8013.4
8038.98	5080.14	257	1.#QNAN	0	0.015	0	3.47807e-008	5481.15	8038.98	7996.97
8022.61	5069.01	258	1.#QNAN	0	0.016	0	3.34374e-008	5494.22	8022.61	7980.74
8006.11	5058	259	1.#QNAN	0	0.015	0	3.57491e-008	5425.42	8006.11	7964.36
7989.84	5047.04	260	1.#QNAN	0	0.016	0	3.88786e-008	5464.85	7989.84	7948.23
7973.29	5036	261	1.#QNAN	0	0.031	0	3.76601e-008	5390.09	7973.29	7931.8
7956.82	5024.9	262	1.#QNAN	0	0.016	0	3.93575e-008	5408.43	7956.82	7915.45
7940.49	5013.94	263	1.#QNAN	0	0.015	0	3.91538e-008	5371.27	7940.49	7899.23
7924.01	5002.93	264	1.#QNAN	0	0.016	0	4.19083e-008	5325.47	7924.01	7882.86
7907.55	4991.98	265	1.#QNAN	0	0.016	0	4.19498e-008	5338.83	7907.55	7866.49
7890.89	4981	266	1.#QNAN	0	0.015	0	4.30763e-008	5261.6	7890.89	7849.93
7874.23	4969.94	267	1.#QNAN	0	0.016	0	4.14475e-008	5213.66	7874.23	7833.37
7858.07	4959.15	268	1.#QNAN	0	0.015	0	4.4173e-008	5323.68	7858.07	7817.32
7842.15	4948.81	269	1.#QNAN	0	0.032	0	4.35853e-008	5341.16	7842.15	7801.49
7826.02	4938.26	270	1.#QNAN	0	0.015	0	4.2666e-008	5235.5	7826.02	7785.46
7809.83	4927.71	271	1.#QNAN	0	0.016	0	4.28949e-008	5202.81	7809.83	7769.37
7793.37	4917.01	272	1.#QNAN	0	0.015	0	4.45533e-008	5163.36	7793.37	7752.99
7777.41	4906.45	273	1.#QNAN	0	0.016	0	4.34554e-008	5239.74	7777.41	7737.13
7761.24	4895.74	274	1.#QNAN	0	0.016	1	4.68073e-008	5137.08	7761.24	7721.06
7745.63	4885.52	275	1.#QNAN	0	0.015	0	4.57345e-008	5204.83	7745.63	7705.54
7729.99	4875.31	276	1.#QNAN	0	0.016	0	4.44923e-008	5229.36	7729.99	7689.99
7714.44	4865.25	277	1.#QNAN	0	0.031	0	4.52961e-008	5203.04	7714.44	7674.52
7699.19	4855.28	278	1.#QNAN	0	0.016	0	4.50258e-008	5215.68	7699.19	7659.37
7683.9	4845.18	279	1.#QNAN	0	0.015	0	4.49802e-008	5215.19	7683.9	7644.18
7668.48	4835.08	280	1.#QNAN	0	0.016	0	4.63731e-008	5161.26	7668.48	7628.87
7653.15	4824.9	281	1.#QNAN	0	0.015	0	4.69405e-008	5156.37	7653.15	7613.63
7637.9	4814.89	282	1.#QNAN	0	0.016	0	4.72872e-008	5186.61	7637.9	7598.47
7623.1	4805.21	283	1.#QNAN	0	0.016	0	4.75212e-008	5222.54	7623.1	7583.76
7607.98	4795.21	284	1.#QNAN	0	0.031	0	4.72237e-008	5211.41	7607.98	7568.74
7593.06	4785.38	285	1.#QNAN	0	0.015	0	4.70707e-008	5229.6	7593.06	7553.91
7578.43	4775.7	286	1.#QNAN	0	0.016	0	4.8067e-008	5249.11	7578.43	7539.37
7564.11	4766.24	287	1.#QNAN	0	0.016	0	4.54042e-008	5266.31	7564.11	7525.15
7549.75	4756.74	288	1.#QNAN	0	0.015	0	4.77896e-008	5269	7549.75	7510.88
7535.66	4747.45	289	1.#QNAN	0	0.016	0	4.7658e-008	5302.61	7535.66	7496.89
7521.67	4738.33	290	1.#QNAN	0	0.015	0	5.00741e-008	5264.3	7521.67	7482.99
7507.68	4729.32	291	1.#QNAN	0	0.016	0	4.71311e-008	5222.94	7507.68	7469.1
7493.94	4720.47	292	1.#QNAN	0	0.016	0	4.81737e-008	5237.9	7493.94	7455.46
7479.85	4711.43	293	1.#QNAN	0	0.031	0	5.07195e-008	5091.51	7479.85	7441.47
7466.07	4702.47	294	1.#QNAN	0	0.015	0	5.0147e-008	5187.92	7466.07	7427.78
7451.95	4693.39	295	1.#QNAN	0	0.016	0	5.13446e-008	5070.61	7451.95	7413.75
7438.06	4684.5	296	1.#QNAN	0	0.016	0	4.95955e-008	5101.9	7438.06	7399.97
7424.08	4675.49	297	1.#QNAN	0	0.015	0	4.89856e-008	5085.9	7424.08	7386.07
7410.33	4666.63	298	1.#QNAN	0	0.016	0	4.79818e-008	5060.37	7410.33	7372.41
7396.43	4657.77	299	1.#QNAN	0	0.015	0	5.10313e-008	5047.63	7396.43	7358.6
7382.76	4649	300	1.#QNAN	0	0.016	0	5.097e-008	5061.64	7382.76	7345.02
7369.22	4640.28	301	1.#QNAN	0	0.016	0	5.17286e-008	5114.51	7369.22	7331.57
7355.86	4631.71	302	1.#QNAN	0	0.031	0	5.15166e-008	5106.29	7355.86	7318.3
7342.77	4623.32	303	1.#QNAN	0	0.015	0	5.31194e-008	5095.11	7342.77	7305.3
7329.62	4614.88	304	1.#QNAN	0	0.016	0	5.12096e-008	5131.66	7329.62	7292.24
7316.43	4606.36	305	1.#QNAN	0	0.016	0	5.22778e-008	5057.15	7316.43	7279.14
7303.32	4597.83	306	1.#QNAN	0	0.015	0	5.28899e-008	5093.52	7303.32	7266.12
7289.98	4589.27	307	1.#QNAN	0	0.016	0	5.37688e-008	5001.29	7289.98	7252.88
7276.89	4580.86	308	1.#QNAN	0	0.031	0	5.35925e-008	5120.26	7276.89	7239.89
7264.11	4572.67	309	1.#QNAN	0	0.016	0	5.07528e-008	5193.73	7264.11	7227.2
7250.98	4564.24	310	1.#QNAN	0	0.015	0	5.27075e-008	5110.41	7250.98	7214.16
7238.01	4555.92	311	1.#QNAN	0	0.016	0	5.33904e-008	5040.4	7238.01	7201.29
7225.04	4547.57	312	1.#QNAN	0	0.015	0	5.48286e-008	5071.15	7225.04	7188.42
7212.17	4539.25	313	1.#QNAN	0	0.016	0	5.44021e-008	5024.21	7212.17	7175.64
7199.51	4531.04	314	1.#QNAN	0	0.016	0	5.30925e-008	5020.91	7199.51	7163.08
7187.21	4523.16	315	1.#QNAN	0	0.015	0	5.5664e-008	5136.13	7187.21	7150.88
7174.57	4514.95	316	1.#QNAN	0	0.031	0	5.45567e-008	4982.07	7174.57	7138.34
7162.33	4507.05	317	1.#QNAN	0	0.016	0	5.53248e-008	5081.6	7162.33	7126.2
7150.07	4499.11	318	1.#QNAN	0	0.016	0	5.30143e-008	5095.95	7150.07	7114.05
7137.76	4491.18	319	1.#QNAN	0	0.015	0	5.53871e-008	5013.73	7137.76	7101.84
7125.56	4483.34	320	1.#QNAN	0	0.016	0	5.73816e-008	5122.48	7125.56	7089.73
7113.47	4475.49	321	1.#QNAN	0	0.015	0	5.41199e-008	5117.24	7113.47	7077.75
7101.47	4467.77	322	1.#QNAN	0	0.016	0	5.61995e-008	5078.02	7101.47	7065.85
7089.39	4460	323	1.#QNAN	0	0.016	0	5.44989e-008	4984.49	7089.39	7053.86
7077.43	4452.25	324	1.#QNAN	0	0.016	0	5.44832e-008	4957.99	7077.43	7042
7065.46	4444.6	325	1.#QNAN	0	0.015	0	5.68208e-008	4970.53	7065.46	7030.13
7053.5	4437	326	1.#QNAN	0	0.016	0	5.6107e-008	4976.65	7053.5	7018.26
7041.86	4429.44	327	1.#QNAN	0	0.016	0	5.62664e-008	5049.35	7041.86	7006.73
7030.09	4421.79	328	1.#QNAN	0	0.015	0	5.84254e-008	4985.96	7030.09	6995.05
7018.31	4414.19	329	1.#QNAN	0	0.016	0	5.64787e-008	4993.78	7018.31	6983.36
7006.52	4406.59	330	1.#QNAN	0	0.015	0	5.80718e-008	4946.81	7006.52	6971.67
6994.97	4399.21	331	1.#QNAN	0	0.016	1	5.6552e-008	4972.45	6994.97	6960.2
6983.46	4391.85	332	1.#QNAN	0	0.031	0	5.67849e-008	5014.02	6983.46	6948.78
6971.78	4384.28	333	1.#QNAN	0	0.016	0	5.85113e-008	4885.11	6971.78	6937.19
6960.27	4376.88	334	1.#QNAN	0	0.015	0	5.78905e-008	4943.74	6960.27	6925.78
6948.86	4369.5	335	1.#QNAN	0	0.016	0	6.02247e-008	4905	6948.86	6914.46
6937.61	4362.28	336	1.#QNAN	0	0.016	0	5.91305e-008	4878.01	6937.61	6903.29
6926.45	4355.19	337	1.#QNAN	0	0.015	0	5.76736e-008	4929.05	6926.45	6892.23
6915.25	4348.09	338	1.#QNAN	0	0.016	0	6.02907e-008	4921.04	6915.25	6881.11
6903.97	4340.98	339	1.#QNAN	0	0.015	0	5.92816e-008	4905.23	6903.97	6869.94
6892.85	4333.92	340	1.#QNAN	0	0.016	0	5.92104e-008	4895.34	6892.85	6858.92
6881.73	4326.76	341	1.#QNAN	0	0.031	0	5.804e-008	4910.86	6881.73	6847.89
6870.54	4319.69	342	1.#QNAN	0	0.016	0	5.80971e-008	4844.39	6870.54	6836.78
6859.59	4312.64	343	1.#QNAN	0	0.015	0	5.94955e-008	4866.67	6859.59	6825.93
6848.8	4305.75	344	1.#QNAN	0	0.016	0	6.03185e-008	4923.67	6848.8	6815.23
6837.92	4298.75	345	1.#QNAN	0	0.016	0	5.8861e-008	4876.38	6837.92	6804.43
6827.32	4291.97	346	1.#QNAN	0	0.015	0	5.97215e-008	4963.44	6827.32	6793.92
6816.71	4285.29	347	1.#QNAN	0	0.016	0	6.20878e-008	4893.08	6816.71	6783.39
6806.13	4278.54	348	1.#QNAN	0	0.015	0	5.97947e-008	4858.06	6806.13	6772.89
6795.52	4271.78	349	1.#QNAN	0	0.032	0	6.02366e-008	4885.9	6795.52	6762.37
6785.06	4265.13	350	1.#QNAN	0	0.015	0	6.04423e-008	4905.02	6785.06	6752
6774.67	4258.58	351	1.#QNAN	0	0.016	0	6.14449e-008	4874.98	6774.67	6741.7
6764.13	4251.95	352	1.#QNAN	0	0.015	0	6.2062e-008	4922.42	6764.13	6731.24
6753.89	4245.48	353	1.#QNAN	0	0.016	0	6.14382e-008	4926.63	6753.89	6721.09
6743.47	4238.83	354	1.#QNAN	0	0.016	0	6.13043e-008	4930.71	6743.47	6710.75
6733.29	4232.37	355	1.#QNAN	0	0.015	0	6.22705e-008	5019.73	6733.29	6700.67
6723.14	4226.02	356	1.#QNAN	0	0.016	0	6.18946e-008	4940.39	6723.14	6690.61
6713.24	4219.72	357	1.#QNAN	0	0.031	0	6.311e-008	4875.18	6713.24	6680.8
6703.14	4213.36	358	1.#QNAN	0	0.016	0	6.20925e-008	4831.95	6703.14	6670.78
6693.42	4207.09	359	1.#QNAN	0	0.015	0	6.24387e-008	4902.52	6693.42	6661.16
6683.3	4200.72	360	1.#QNAN	0	0.016	0	6.20662e-008	4822.54	6683.3	6651.12
6673.37	4194.35	361	1.#QNAN	0	0.015	0	6.28893e-008	4833.73	6673.37	6641.29
6663.69	4188.12	362	1.#QNAN	0	0.016	0	6.44306e-008	4954.92	6663.69	6631.7
6654.06	4182.01	363	1.#QNAN	0	0.016	0	6.30164e-008	4952.01	6654.06	6622.16
6644.35	4175.75	364	1.#QNAN	0	0.015	0	6.39039e-008	4923.33	6644.35	6612.55
6634.91	4169.72	365	1.#QNAN	0	0.031	0	6.5214e-008	4960.11	6634.91	6603.2
6625.34	4163.58	366	1.#QNAN	0	0.016	0	6.41555e-008	4961.73	6625.34	6593.73
6615.88	4157.36	367	1.#QNAN	0	0.016	0	6.76323e-008	4881.93	6615.88	6584.37
6606.43	4151.24	368	1.#QNAN	0	0.015	0	6.31804e-008	4897.5	6606.43	6575.01
6597.05	4145.25	369	1.#QNAN	0	0.016	0	6.50986e-008	4876.62	6597.05	6565.74
6587.73	4139.33	370	1.#QNAN	0	0.015	0	6.12353e-008	4840.58	6587.73	6556.52
6578.48	4133.42	371	1.#QNAN	0	0.016	0	6.32492e-008	4869.64	6578.48	6547.37
6569.21	4127.55	372	1.#QNAN	0	0.016	0	6.57508e-008	4849.6	6569.21	6538.19
6559.94	4121.57	373	1.#QNAN	0	0.015	0	6.4179e-008	4807.78	6559.94	6529.03
6550.86	4115.73	374	1.#QNAN	0	0.031	0	6.54471e-008	4863.13	6550.86	6520.04
6541.95	4110.05	375	1.#QNAN	0	0.016	0	6.48965e-008	4872.67	6541.95	6511.22
6533.02	4104.34	376	1.#QNAN	0	0.016	0	6.45733e-008	4845.65	6533.02	6502.4
6524.25	4098.65	377	1.#QNAN	0	0.015	0	6.50978e-008	4828.15	6524.25	6493.73
6515.42	4092.91	378	1.#QNAN	0	0.016	0	6.70046e-008	4826.95	6515.42	6484.99
6506.63	4087.3	379	1.#QNAN	0	0.015	0	6.91993e-008	4806.29	6506.63	6476.29
6497.86	4081.61	380	1.#QNAN	0	0.016	0	6.54802e-008	4863.64	6497.86	6467.61
6489.25	4076.08	381	1.#QNAN	0	0.031	0	6.45933e-008	4903.14	6489.25	6459.09
6480.66	4070.4	382	1.#QNAN	0	0.016	0	6.70772e-008	4838.07	6480.66	6450.59
6472.06	4064.74	383	1.#QNAN	0	0.015	0	6.87594e-008	4784.57	6472.06	6442.08
6463.65	4059.2	384	1.#QNAN	0	0.016	0	6.2921e-008	4892.98	6463.65	6433.76
6454.89	4053.47	385	1.#QNAN	0	0.016	0	6.37081e-008	4776.1	6454.89	6425.08
6446.35	4047.94	386	1.#QNAN	0	0.015	0	6.33541e-008	4842.36	6446.35	6416.63
6437.91	4042.47	387	1.#QNAN	0	0.031	1	6.22546e-008	4842.27	6437.91	6408.28
6429.35	4036.92	388	1.#QNAN	0	0.016	0	6.48198e-008	4883.72	6429.35	6399.81
6421.08	4031.53	389	1.#QNAN	0	0.016	0	6.47483e-008	4868.5	6421.08	6391.63
6412.77	4026.17	390	1.#QNAN	0	0.015	0	6.38313e-008	4837.21	6412.77	6383.4
6404.48	4020.83	391	1.#QNAN	0	0.016	0	6.65879e-008	4850.81	6404.48	6375.2
6396.29	4015.6	392	1.#QNAN	0	0.015	0	6.60236e-008	4886.28	6396.29	6367.1
6388	4010.32	393	1.#QNAN	0	0.032	0	6.57225e-008	4798.49	6388	6358.89
6379.77	4005.05	394	1.#QNAN	0	0.015	0	6.4329e-008	4837.92	6379.77	6350.75
6371.42	3999.74	395	1.#QNAN	0	0.016	0	6.77545e-008	4738.2	6371.42	6342.48
6363.15	3994.49	396	1.#QNAN	0	0.015	0	6.54377e-008	4744.78	6363.15	6334.3
6354.95	3989.26	397	1.#QNAN	0	0.016	0	6.71797e-008	4750.68	6354.95	6326.18
6346.72	3984.01	398	1.#QNAN	0	0.016	0	6.85639e-008	4684.73	6346.72	6318.03
6338.59	3978.85	399	1.#QNAN	0	0.015	0	6.5586e-008	4671.91	6338.59	6309.98
