rmse	mae	#iter	time_pred	time_learn	time_learn2	time_learn4	alpha	rmse_mcmc_this	rmse_mcmc_all	rmse_mcmc_all_but5
2404.33	1688.45	0	1.#QNAN	0	0.016	0	5.5147e-008	2404.33	2404.33	4162.21
1815.61	1275.79	1	1.#QNAN	0	0	0	1.9879e-007	1560.35	1815.61	4162.21
1674.7	1169.02	2	1.#QNAN	0	0	0	4.467e-007	1527	1674.7	4162.21
1617.39	1117.87	3	1.#QNAN	0	0.016	0	4.49064e-007	1524.23	1617.39	4162.21
1590.6	1094.78	4	1.#QNAN	0	0	0	4.56845e-007	1535.56	1590.6	37734.5
1572.37	1078.03	5	1.#QNAN	0	0	0	4.74357e-007	1531.53	1572.37	1531.53
1556.35	1064.52	6	1.#QNAN	0	0.015	1	4.7508e-007	1496.28	1556.35	1508.24
1549.8	1058.68	7	1.#QNAN	0	0	0	4.90205e-007	1532.07	1549.8	1512.06
1539.25	1049.56	8	1.#QNAN	0	0	0	4.90543e-007	1482.6	1539.25	1502.36
1530.92	1041.98	9	1.#QNAN	0	0.016	0	4.93505e-007	1485.51	1530.92	1496.67
1523.76	1035.11	10	1.#QNAN	0	0	0	5.08674e-007	1474.73	1523.76	1491.32
1516.73	1028.5	11	1.#QNAN	0	0	0	5.03894e-007	1464.35	1516.73	1485.75
1509.87	1022.41	12	1.#QNAN	0	0	0	5.16878e-007	1448.31	1509.87	1479.45
1501.86	1014.97	13	1.#QNAN	0	0.015	0	5.3446e-007	1425.05	1501.86	1471.62
1495.4	1008.88	14	1.#QNAN	0	0	0	5.44287e-007	1430.46	1495.4	1466.22
1490.2	1003.48	15	1.#QNAN	0	0	0	5.38508e-007	1436.3	1490.2	1462.19
1485.31	999.088	16	1.#QNAN	0	0.016	0	5.40832e-007	1430.33	1485.31	1458.45
1480.32	993.753	17	1.#QNAN	0	0	0	5.65023e-007	1420.63	1480.32	1454.44
1476.69	989.948	18	1.#QNAN	0	0	0	5.56397e-007	1444.87	1476.69	1452.38
1472.46	985.355	19	1.#QNAN	0	0	0	5.37172e-007	1419.11	1472.46	1449.04
1469.33	982.042	20	1.#QNAN	0	0.016	0	5.59944e-007	1433.38	1469.33	1447.01
1465.19	977.894	21	1.#QNAN	0	0	0	5.72693e-007	1408.88	1465.19	1443.63
1461.81	974.382	22	1.#QNAN	0	0	0	5.71073e-007	1418.68	1461.81	1441.02
1458.56	970.647	23	1.#QNAN	0	0.015	0	5.63929e-007	1414.44	1458.56	1438.63
1454.44	966.672	24	1.#QNAN	0	0	0	5.5094e-007	1397.41	1454.44	1435.07
1450.28	962.884	25	1.#QNAN	0	0	0	5.63313e-007	1389.01	1450.28	1431.39
1446.52	959.383	26	1.#QNAN	0	0.016	0	5.70835e-007	1389.63	1446.52	1428.18
1443.09	956.127	27	1.#QNAN	0	0	0	5.76385e-007	1397.84	1443.09	1425.31
1440.32	954.177	28	1.#QNAN	0	0	0	5.69094e-007	1408.67	1440.32	1423.18
1437.08	951.245	29	1.#QNAN	0	0	0	5.88077e-007	1387.34	1437.08	1420.41
1434.04	948.409	30	1.#QNAN	0	0.015	0	5.72052e-007	1386.21	1434.04	1417.89
1430.93	945.463	31	1.#QNAN	0	0	0	5.90819e-007	1376.93	1430.93	1415.14
1428.28	942.492	32	1.#QNAN	0	0	0	6.07178e-007	1388.31	1428.28	1412.93
1425.33	939.959	33	1.#QNAN	0	0.016	0	5.8217e-007	1375.03	1425.33	1410.34
1422.33	937.524	34	1.#QNAN	0	0	0	6.40407e-007	1373.56	1422.33	1407.63
1419.28	934.936	35	1.#QNAN	0	0	0	6.30142e-007	1376.41	1419.28	1404.79
1416.42	932.657	36	1.#QNAN	0	0.016	0	6.19106e-007	1380.79	1416.42	1402.15
1414.45	930.768	37	1.#QNAN	0	0	0	6.40942e-007	1407.38	1414.45	1400.52
1411.76	928.581	38	1.#QNAN	0	0	0	6.32494e-007	1385.16	1411.76	1398.12
1409.63	926.349	39	1.#QNAN	0	0	0	6.32517e-007	1397.3	1409.63	1396.25
1407.32	923.956	40	1.#QNAN	0	0.015	0	6.48707e-007	1387.04	1407.32	1394.21
1405.58	921.966	41	1.#QNAN	0	0	0	6.66944e-007	1402.17	1405.58	1392.77
1403.48	920.07	42	1.#QNAN	0	0	0	6.64865e-007	1412.29	1403.48	1390.91
1401.32	918.419	43	1.#QNAN	0	0.016	0	6.80553e-007	1416.97	1401.32	1388.98
1399.6	916.594	44	1.#QNAN	0	0	0	6.91327e-007	1442.1	1399.6	1387.6
1397.54	914.63	45	1.#QNAN	0	0	0	6.66325e-007	1416.78	1397.54	1385.81
1396.23	913.342	46	1.#QNAN	0	0.015	0	6.58684e-007	1422.33	1396.23	1384.82
1394.82	912.121	47	1.#QNAN	0	0	0	6.46322e-007	1413.18	1394.82	1383.7
1393.72	910.983	48	1.#QNAN	0	0	0	6.76782e-007	1429.74	1393.72	1382.95
1393.04	909.836	49	1.#QNAN	0	0.016	0	6.60044e-007	1445.93	1393.04	1382.61
1392.11	908.905	50	1.#QNAN	0	0	0	6.67234e-007	1429.92	1392.11	1381.97
1391.62	908.098	51	1.#QNAN	0	0	0	6.80244e-007	1459.24	1391.62	1381.82
1390.95	907.179	52	1.#QNAN	0	0	0	6.67301e-007	1448.55	1390.95	1381.44
1390.24	906.129	53	1.#QNAN	0	0.016	0	6.63568e-007	1441.97	1390.24	1381.02
1389.71	905.145	54	1.#QNAN	0	0	0	6.96874e-007	1438.18	1389.71	1380.79
1389.25	904.236	55	1.#QNAN	0	0	0	6.90026e-007	1461.43	1389.25	1380.68
1388.33	903.252	56	1.#QNAN	0	0.015	0	6.82104e-007	1448.55	1388.33	1380.03
1387.21	902.196	57	1.#QNAN	0	0	0	6.67116e-007	1413.59	1387.21	1379.14
1386.1	900.748	58	1.#QNAN	0	0	0	6.91419e-007	1394.45	1386.1	1378.26
1385.45	899.795	59	1.#QNAN	0	0.016	0	6.9134e-007	1416	1385.45	1377.85
1385.01	898.858	60	1.#QNAN	0	0	0	6.82726e-007	1440.7	1385.01	1377.68
1384.5	897.748	61	1.#QNAN	0	0	0	6.97409e-007	1435.37	1384.5	1377.38
1383.85	896.802	62	1.#QNAN	0	0.015	0	6.78369e-007	1422.79	1383.85	1376.96
1382.69	895.863	63	1.#QNAN	0	0	0	6.87809e-007	1413.55	1382.69	1375.99
1382.03	894.943	64	1.#QNAN	0	0	0	6.7323e-007	1423.41	1382.03	1375.52
1381.46	894.096	65	1.#QNAN	0	0	0	6.74849e-007	1431.88	1381.46	1375.16
1381.18	893.363	66	1.#QNAN	0	0.016	0	6.74027e-007	1422.82	1381.18	1375.06
1380.58	892.511	67	1.#QNAN	0	0	0	6.84213e-007	1392.35	1380.58	1374.62
1380.32	891.798	68	1.#QNAN	0	0	0	6.63651e-007	1424.03	1380.32	1374.53
1380.01	891.283	69	1.#QNAN	0	0.016	0	6.99299e-007	1422.37	1380.01	1374.41
1379.4	890.466	70	1.#QNAN	0	0	0	7.11109e-007	1404.19	1379.4	1373.94
1378.79	889.776	71	1.#QNAN	0	0	0	6.93909e-007	1421.06	1378.79	1373.5
1378.18	889.176	72	1.#QNAN	0	0.015	0	6.85185e-007	1428.08	1378.18	1373.06
1377.79	888.569	73	1.#QNAN	0	0	0	7.07463e-007	1455.86	1377.79	1372.87
1377.4	888.078	74	1.#QNAN	0	0	0	7.02494e-007	1425.91	1377.4	1372.64
1377.25	887.687	75	1.#QNAN	0	0.016	0	6.77557e-007	1427.81	1377.25	1372.62
1376.84	887.17	76	1.#QNAN	0	0	0	6.75279e-007	1422.27	1376.84	1372.36
1376.67	886.841	77	1.#QNAN	0	0	0	6.94286e-007	1429.15	1376.67	1372.35
1376.39	886.453	78	1.#QNAN	0	0.015	0	6.94471e-007	1439.73	1376.39	1372.23
1376.31	886.05	79	1.#QNAN	0	0	0	6.9328e-007	1435.29	1376.31	1372.29
1376.03	885.637	80	1.#QNAN	0	0	0	6.98265e-007	1448.3	1376.03	1372.14
1375.87	885.21	81	1.#QNAN	0	0	0	7.05698e-007	1420.95	1375.87	1372.11
1375.51	884.791	82	1.#QNAN	0	0.016	0	6.81602e-007	1406.57	1375.51	1371.85
1375.22	884.327	83	1.#QNAN	0	0	0	6.63674e-007	1407.23	1375.22	1371.67
1374.78	883.724	84	1.#QNAN	0	0	0	6.92302e-007	1404.85	1374.78	1371.34
1374.09	883.07	85	1.#QNAN	0	0.016	0	6.86283e-007	1404.68	1374.09	1370.73
1373.54	882.568	86	1.#QNAN	0	0	0	7.09801e-007	1423.53	1373.54	1370.28
1373.1	882.234	87	1.#QNAN	0	0	0	7.12902e-007	1418.13	1373.1	1369.94
1372.83	881.845	88	1.#QNAN	0	0.015	0	6.99442e-007	1429.84	1372.83	1369.78
1372.46	881.363	89	1.#QNAN	0	0	0	7.06399e-007	1394.7	1372.46	1369.49
1372.13	880.967	90	1.#QNAN	0	0	0	6.98119e-007	1394.02	1372.13	1369.23
1371.63	880.509	91	1.#QNAN	0	0.016	0	7.03094e-007	1392.79	1371.63	1368.81
1370.91	879.956	92	1.#QNAN	0	0	0	7.3687e-007	1377.01	1370.91	1368.16
1370.4	879.465	93	1.#QNAN	0	0	0	7.21404e-007	1393.25	1370.4	1367.69
1369.73	878.841	94	1.#QNAN	0	0	0	6.96793e-007	1378.66	1369.73	1367.06
1369.17	878.309	95	1.#QNAN	0	0.015	0	7.15797e-007	1395.11	1369.17	1366.54
1368.76	877.766	96	1.#QNAN	0	0	0	7.30258e-007	1399.55	1368.76	1366.17
1368.18	877.19	97	1.#QNAN	0	0	0	7.4284e-007	1386.88	1368.18	1365.62
1367.36	876.578	98	1.#QNAN	0	0.016	0	7.39258e-007	1388.49	1367.36	1364.84
1366.2	875.831	99	1.#QNAN	0	0	0	7.45618e-007	1385.02	1366.2	1363.71
1365.26	875.134	100	1.#QNAN	0	0	0	7.19584e-007	1406.03	1365.26	1362.82
1364.2	874.425	101	1.#QNAN	0	0.016	0	7.55451e-007	1371.59	1364.2	1361.77
1363.32	873.806	102	1.#QNAN	0	0	0	7.48038e-007	1386.99	1363.32	1360.92
1362.42	873.1	103	1.#QNAN	0	0	0	7.39393e-007	1369.56	1362.42	1360.04
1361.63	872.37	104	1.#QNAN	0	0.015	0	7.62653e-007	1390.92	1361.63	1359.26
1361.03	871.762	105	1.#QNAN	0	0	0	7.73007e-007	1401.67	1361.03	1358.68
1360.63	871.253	106	1.#QNAN	0	0	0	7.34628e-007	1397.56	1360.63	1358.32
1360.25	870.722	107	1.#QNAN	0	0	0	7.10768e-007	1400.68	1360.25	1357.97
1359.65	870.131	108	1.#QNAN	0	0.016	0	7.48397e-007	1377.79	1359.65	1357.39
1359.02	869.632	109	1.#QNAN	0	0	0	7.34695e-007	1402.3	1359.02	1356.79
1358.06	868.895	110	1.#QNAN	0	0	0	7.15498e-007	1382.07	1358.06	1355.85
1357.33	868.268	111	1.#QNAN	0	0.015	0	7.39732e-007	1389.47	1357.33	1355.14
1356.61	867.689	112	1.#QNAN	0	0	0	7.51772e-007	1385.44	1356.61	1354.44
1355.78	867.056	113	1.#QNAN	0	0	0	7.45938e-007	1400.68	1355.78	1353.64
1354.95	866.53	114	1.#QNAN	0	0.016	0	7.29705e-007	1394.42	1354.95	1352.84
1354.09	865.937	115	1.#QNAN	0	0	0	7.36692e-007	1362.43	1354.09	1352
1353.36	865.357	116	1.#QNAN	0	0	0	7.32943e-007	1377.41	1353.36	1351.3
1352.73	864.915	117	1.#QNAN	0	0	0	7.46289e-007	1370.07	1352.73	1350.7
1351.9	864.436	118	1.#QNAN	0	0.016	0	7.27277e-007	1349.93	1351.9	1349.89
1351.18	863.919	119	1.#QNAN	0	0	0	7.41205e-007	1387.59	1351.18	1349.21
1350.31	863.473	120	1.#QNAN	0	0	0	7.30549e-007	1383.43	1350.31	1348.38
1349.59	863.099	121	1.#QNAN	0	0.015	0	7.39785e-007	1388.25	1349.59	1347.7
1348.8	862.648	122	1.#QNAN	0	0	0	7.08309e-007	1370.36	1348.8	1346.95
1348.09	862.099	123	1.#QNAN	0	0	0	7.33265e-007	1358.22	1348.09	1346.27
1347.54	861.619	124	1.#QNAN	0	0.016	0	7.42821e-007	1363.75	1347.54	1345.74
1347.22	861.224	125	1.#QNAN	0	0	0	7.50704e-007	1390.02	1347.22	1345.46
1346.6	860.762	126	1.#QNAN	0	0	0	7.70973e-007	1376.05	1346.6	1344.87
1345.86	860.304	127	1.#QNAN	0	0	0	7.33495e-007	1348.2	1345.86	1344.16
1345.16	859.946	128	1.#QNAN	0	0.015	0	7.61992e-007	1401.52	1345.16	1343.5
1344.46	859.475	129	1.#QNAN	0	0	0	7.47532e-007	1360.13	1344.46	1342.83
1343.73	859.076	130	1.#QNAN	0	0	0	7.84539e-007	1355.82	1343.73	1342.12
1343.07	858.759	131	1.#QNAN	0	0.016	0	7.54611e-007	1353.85	1343.07	1341.48
1342.49	858.411	132	1.#QNAN	0	0	0	7.55912e-007	1343.68	1342.49	1340.91
1342.02	858.152	133	1.#QNAN	0	0	0	7.15425e-007	1359.07	1342.02	1340.46
1341.66	857.858	134	1.#QNAN	0	0	0	7.59346e-007	1386.26	1341.66	1340.11
1341.02	857.561	135	1.#QNAN	0	0.016	0	7.59081e-007	1360.41	1341.02	1339.5
1340.49	857.288	136	1.#QNAN	0	0	0	7.44225e-007	1371.14	1340.49	1338.99
1340.08	856.962	137	1.#QNAN	0	0	0	7.5629e-007	1416.6	1340.08	1338.61
1339.59	856.611	138	1.#QNAN	0	0.015	0	7.46426e-007	1461.03	1339.59	1338.16
1338.91	856.227	139	1.#QNAN	0	0	0	7.50774e-007	1368.01	1338.91	1337.51
1338.61	856.021	140	1.#QNAN	0	0	0	7.46748e-007	1397.99	1338.61	1337.24
1338.21	855.766	141	1.#QNAN	0	0.016	0	7.60585e-007	1413.25	1338.21	1336.87
1337.96	855.591	142	1.#QNAN	0	0	0	7.47542e-007	1395.21	1337.96	1336.65
1337.78	855.397	143	1.#QNAN	0	0	0	7.57132e-007	1385.06	1337.78	1336.49
1337.61	855.169	144	1.#QNAN	0	0	0	7.54533e-007	1404.63	1337.61	1336.35
1337.31	854.967	145	1.#QNAN	0	0.015	0	7.58441e-007	1388.04	1337.31	1336.06
1337.08	854.745	146	1.#QNAN	0	0	0	7.29507e-007	1382.98	1337.08	1335.85
1336.96	854.616	147	1.#QNAN	0	0	0	7.62377e-007	1381.41	1336.96	1335.75
1336.62	854.349	148	1.#QNAN	0	0.016	0	7.46334e-007	1354.21	1336.62	1335.43
1336.35	854.036	149	1.#QNAN	0	0	0	7.46129e-007	1386.67	1336.35	1335.19
1336.23	853.851	150	1.#QNAN	0	0	0	7.63364e-007	1392.12	1336.23	1335.09
1336.15	853.717	151	1.#QNAN	0	0.016	0	7.5329e-007	1400.46	1336.15	1335.04
1336.08	853.559	152	1.#QNAN	0	0	0	7.67088e-007	1412.18	1336.08	1335
1335.95	853.454	153	1.#QNAN	0	0	0	7.66079e-007	1386.15	1335.95	1334.89
1335.56	853.148	154	1.#QNAN	0	0	0	7.67342e-007	1353.79	1335.56	1334.51
1335.27	853.003	155	1.#QNAN	0	0.015	0	7.57158e-007	1366.57	1335.27	1334.23
1334.95	852.796	156	1.#QNAN	0	0	0	7.59096e-007	1395.76	1334.95	1333.92
1334.66	852.653	157	1.#QNAN	0	0	0	7.51944e-007	1453.96	1334.66	1333.65
1334.15	852.419	158	1.#QNAN	0	0.016	0	7.33087e-007	1406.78	1334.15	1333.16
1333.86	852.203	159	1.#QNAN	0	0	0	7.136e-007	1368.24	1333.86	1332.89
1333.54	852.011	160	1.#QNAN	0	0	0	7.57105e-007	1346.7	1333.54	1332.57
1333.41	851.973	161	1.#QNAN	0	0.015	0	7.37385e-007	1386.22	1333.41	1332.46
1332.98	851.744	162	1.#QNAN	0	0	0	7.39357e-007	1336.43	1332.98	1332.04
1332.67	851.555	163	1.#QNAN	0	0	0	7.35983e-007	1358.74	1332.67	1331.74
1332.47	851.434	164	1.#QNAN	0	0.016	0	7.67027e-007	1375.04	1332.47	1331.54
1332.38	851.355	165	1.#QNAN	0	0	0	7.65436e-007	1397.77	1332.38	1331.47
1332.21	851.258	166	1.#QNAN	0	0	0	7.69888e-007	1364.56	1332.21	1331.32
1332.11	851.164	167	1.#QNAN	0	0	0	7.57281e-007	1404.27	1332.11	1331.24
1331.95	851.1	168	1.#QNAN	0	0.016	0	7.53147e-007	1399.95	1331.95	1331.1
1331.7	850.99	169	1.#QNAN	0	0	0	7.38511e-007	1364.08	1331.7	1330.87
1331.27	850.752	170	1.#QNAN	0	0	0	7.71222e-007	1334.44	1331.27	1330.44
1331.11	850.687	171	1.#QNAN	0	0.015	0	7.77581e-007	1407.71	1331.11	1330.3
1330.93	850.588	172	1.#QNAN	0	0	0	7.57908e-007	1398.5	1330.93	1330.13
1330.68	850.456	173	1.#QNAN	0	0	0	7.90199e-007	1386.93	1330.68	1329.9
1330.51	850.45	174	1.#QNAN	0	0	0	7.42701e-007	1389	1330.51	1329.74
1330.38	850.461	175	1.#QNAN	0	0.016	0	7.5406e-007	1385.67	1330.38	1329.63
1330.31	850.491	176	1.#QNAN	0	0	0	7.4027e-007	1427.42	1330.31	1329.57
1330.2	850.469	177	1.#QNAN	0	0	0	7.70235e-007	1410.25	1330.2	1329.48
1329.97	850.364	178	1.#QNAN	0	0.015	0	7.33486e-007	1379.74	1329.97	1329.27
1329.86	850.271	179	1.#QNAN	0	0	0	7.44352e-007	1405.79	1329.86	1329.18
1329.75	850.265	180	1.#QNAN	0	0	0	7.34691e-007	1405.07	1329.75	1329.08
1329.68	850.299	181	1.#QNAN	0	0.016	0	7.61995e-007	1415.83	1329.68	1329.04
1329.58	850.247	182	1.#QNAN	0	0	0	7.49312e-007	1402.42	1329.58	1328.96
1329.54	850.24	183	1.#QNAN	0	0	0	7.53581e-007	1385.38	1329.54	1328.93
1329.45	850.247	184	1.#QNAN	0	0	0	7.58496e-007	1389.98	1329.45	1328.86
1329.23	850.135	185	1.#QNAN	0	0.016	0	7.54745e-007	1351.51	1329.23	1328.65
1329.09	850.081	186	1.#QNAN	0	0	0	7.34761e-007	1370.59	1329.09	1328.53
1328.89	850.039	187	1.#QNAN	0	0	0	7.61731e-007	1380.99	1328.89	1328.35
1328.7	849.883	188	1.#QNAN	0	0.015	0	7.54561e-007	1366.59	1328.7	1328.18
1328.65	849.847	189	1.#QNAN	0	0	0	7.40917e-007	1381	1328.65	1328.15
1328.65	849.86	190	1.#QNAN	0	0	0	7.54598e-007	1381.04	1328.65	1328.17
1328.66	849.867	191	1.#QNAN	0	0	0	7.53427e-007	1399.48	1328.66	1328.18
1328.56	849.8	192	1.#QNAN	0	0.016	0	7.48452e-007	1367.2	1328.56	1328.09
1328.45	849.725	193	1.#QNAN	0	0	0	7.53662e-007	1366.46	1328.45	1327.99
1328.45	849.777	194	1.#QNAN	0	0	0	7.47781e-007	1385.07	1328.45	1328.01
1328.38	849.769	195	1.#QNAN	0	0.015	0	7.37869e-007	1419.29	1328.38	1327.94
1328.42	849.779	196	1.#QNAN	0	0	0	7.89798e-007	1456.8	1328.42	1327.99
1328.36	849.713	197	1.#QNAN	0	0	0	7.36372e-007	1394.03	1328.36	1327.94
1328.39	849.679	198	1.#QNAN	0	0.016	0	7.87171e-007	1411.8	1328.39	1327.99
1328.42	849.671	199	1.#QNAN	0	0	0	7.63717e-007	1402.25	1328.42	1328.03
1328.46	849.714	200	1.#QNAN	0	0	0	7.45687e-007	1400.17	1328.46	1328.08
1328.5	849.681	201	1.#QNAN	0	0	0	7.41888e-007	1390.16	1328.5	1328.13
1328.53	849.698	202	1.#QNAN	0	0.016	0	7.46662e-007	1401.32	1328.53	1328.18
1328.56	849.707	203	1.#QNAN	0	0	0	7.35876e-007	1408.79	1328.56	1328.22
1328.41	849.6	204	1.#QNAN	0	0	0	7.64883e-007	1352.65	1328.41	1328.08
1328.26	849.468	205	1.#QNAN	0	0.015	0	7.44807e-007	1360.52	1328.26	1327.94
1328.21	849.425	206	1.#QNAN	0	0	0	7.62081e-007	1381.81	1328.21	1327.9
1328.09	849.345	207	1.#QNAN	0	0	0	7.75003e-007	1356.55	1328.09	1327.79
1328.03	849.318	208	1.#QNAN	0	0.016	0	7.27909e-007	1378.46	1328.03	1327.73
1327.96	849.322	209	1.#QNAN	0	0	0	7.48644e-007	1389.1	1327.96	1327.67
1327.89	849.298	210	1.#QNAN	0	0	0	7.59875e-007	1384.9	1327.89	1327.62
1327.78	849.277	211	1.#QNAN	0	0	0	7.45939e-007	1436.4	1327.78	1327.52
1327.71	849.278	212	1.#QNAN	0	0.015	0	7.31914e-007	1433.39	1327.71	1327.46
1327.75	849.263	213	1.#QNAN	0	0	0	7.45611e-007	1419.63	1327.75	1327.52
1327.74	849.282	214	1.#QNAN	0	0	0	7.49455e-007	1401.68	1327.74	1327.51
1327.7	849.298	215	1.#QNAN	0	0.016	0	7.45084e-007	1388.73	1327.7	1327.48
1327.61	849.298	216	1.#QNAN	0	0	0	7.71314e-007	1400.67	1327.61	1327.4
1327.52	849.291	217	1.#QNAN	0	0	0	7.81284e-007	1439.67	1327.52	1327.33
1327.44	849.284	218	1.#QNAN	0	0	0	7.43038e-007	1422.89	1327.44	1327.27
1327.29	849.236	219	1.#QNAN	0	0.016	1	7.57779e-007	1402.2	1327.29	1327.13
1327.27	849.275	220	1.#QNAN	0	0	0	7.31829e-007	1414.57	1327.27	1327.12
1327.17	849.235	221	1.#QNAN	0	0	0	7.38011e-007	1362.34	1327.17	1327.03
1327.14	849.165	222	1.#QNAN	0	0.015	0	7.45375e-007	1396.54	1327.14	1327.01
1327.07	849.144	223	1.#QNAN	0	0	0	7.6526e-007	1364.37	1327.07	1326.95
1327.05	849.12	224	1.#QNAN	0	0	0	7.57491e-007	1386.17	1327.05	1326.94
1326.97	849.072	225	1.#QNAN	0	0.016	0	7.71239e-007	1376.63	1326.97	1326.87
1327.04	849.103	226	1.#QNAN	0	0	0	7.80916e-007	1452.85	1327.04	1326.96
1327.05	849.124	227	1.#QNAN	0	0	0	7.30272e-007	1419.54	1327.05	1326.99
1326.93	849.056	228	1.#QNAN	0	0	0	7.38873e-007	1362.03	1326.93	1326.88
1326.82	848.93	229	1.#QNAN	0	0.015	0	7.7116e-007	1390.64	1326.82	1326.78
1326.83	848.884	230	1.#QNAN	0	0	0	7.48182e-007	1390.33	1326.83	1326.8
1326.85	848.84	231	1.#QNAN	0	0	0	7.50839e-007	1391.67	1326.85	1326.84
1326.87	848.805	232	1.#QNAN	0	0.016	0	7.54794e-007	1403.84	1326.87	1326.86
1326.96	848.826	233	1.#QNAN	0	0	0	7.42653e-007	1390.55	1326.96	1326.96
1326.91	848.788	234	1.#QNAN	0	0	0	7.55346e-007	1347.8	1326.91	1326.9
1327.06	848.737	235	1.#QNAN	0	0.016	0	7.84901e-007	1407.87	1327.06	1327.07
1327.22	848.761	236	1.#QNAN	0	0	0	7.54336e-007	1410.41	1327.22	1327.23
1327.35	848.777	237	1.#QNAN	0	0	0	7.63234e-007	1406.05	1327.35	1327.38
1327.37	848.75	238	1.#QNAN	0	0	0	7.749e-007	1396.75	1327.37	1327.41
1327.39	848.774	239	1.#QNAN	0	0.015	0	7.66114e-007	1378.57	1327.39	1327.44
1327.37	848.73	240	1.#QNAN	0	0	0	7.47628e-007	1375.11	1327.37	1327.41
1327.23	848.649	241	1.#QNAN	0	0	0	7.3158e-007	1347	1327.23	1327.28
1327.13	848.617	242	1.#QNAN	0	0.016	0	7.52121e-007	1340.46	1327.13	1327.19
1327.12	848.555	243	1.#QNAN	0	0	0	7.56241e-007	1378.83	1327.12	1327.18
1327.11	848.568	244	1.#QNAN	0	0	0	7.41771e-007	1371.1	1327.11	1327.18
1327.12	848.512	245	1.#QNAN	0	0.015	0	7.51172e-007	1394.82	1327.12	1327.18
1327.08	848.434	246	1.#QNAN	0	0	0	7.3888e-007	1368.84	1327.08	1327.14
1326.98	848.345	247	1.#QNAN	0	0	0	7.50854e-007	1358.42	1326.98	1327.05
1326.96	848.344	248	1.#QNAN	0	0	0	7.6716e-007	1382.09	1326.96	1327.03
1326.87	848.309	249	1.#QNAN	0	0.016	0	7.81052e-007	1365.84	1326.87	1326.94
1326.83	848.27	250	1.#QNAN	0	0	0	7.44443e-007	1379.77	1326.83	1326.91
1326.9	848.225	251	1.#QNAN	0	0	0	7.75118e-007	1400.78	1326.9	1326.98
1326.92	848.168	252	1.#QNAN	0	0.016	0	8.02229e-007	1387.63	1326.92	1327.01
1327.02	848.172	253	1.#QNAN	0	0	0	7.62565e-007	1395.81	1327.02	1327.12
1327.03	848.144	254	1.#QNAN	0	0	0	7.34088e-007	1385.9	1327.03	1327.14
1327.11	848.14	255	1.#QNAN	0	0	0	7.47723e-007	1389.67	1327.11	1327.22
1327.22	848.179	256	1.#QNAN	0	0.015	0	7.87312e-007	1392.04	1327.22	1327.34
1327.32	848.218	257	1.#QNAN	0	0	0	7.44866e-007	1392.57	1327.32	1327.44
1327.39	848.223	258	1.#QNAN	0	0	0	7.54774e-007	1399.44	1327.39	1327.52
1327.52	848.265	259	1.#QNAN	0	0.016	0	7.40399e-007	1409.84	1327.52	1327.66
1327.67	848.366	260	1.#QNAN	0	0	0	7.52597e-007	1420.3	1327.67	1327.82
1327.69	848.412	261	1.#QNAN	0	0	0	7.667e-007	1373.76	1327.69	1327.85
1327.79	848.43	262	1.#QNAN	0	0.015	0	7.8745e-007	1411.98	1327.79	1327.95
1327.88	848.427	263	1.#QNAN	0	0	0	7.65723e-007	1406.27	1327.88	1328.05
1327.94	848.441	264	1.#QNAN	0	0	0	7.34958e-007	1398.66	1327.94	1328.11
1328	848.5	265	1.#QNAN	0	0	0	7.58266e-007	1400.67	1328	1328.18
1328.03	848.511	266	1.#QNAN	0	0.016	0	7.51217e-007	1396.63	1328.03	1328.21
1327.93	848.443	267	1.#QNAN	0	0	0	7.47566e-007	1356.39	1327.93	1328.1
1327.86	848.432	268	1.#QNAN	0	0	0	7.5137e-007	1366.43	1327.86	1328.04
1327.86	848.384	269	1.#QNAN	0	0.016	0	7.65671e-007	1372.25	1327.86	1328.04
1327.92	848.415	270	1.#QNAN	0	0	0	7.66538e-007	1387.2	1327.92	1328.1
1327.96	848.4	271	1.#QNAN	0	0	0	7.31127e-007	1390.75	1327.96	1328.15
1327.89	848.373	272	1.#QNAN	0	0.015	0	7.29238e-007	1361.97	1327.89	1328.09
1327.95	848.429	273	1.#QNAN	0	0	0	7.39037e-007	1397.28	1327.95	1328.15
1328	848.448	274	1.#QNAN	0	0	0	7.3626e-007	1401.42	1328	1328.21
1328.03	848.474	275	1.#QNAN	0	0	0	7.65036e-007	1416.11	1328.03	1328.24
1328.01	848.517	276	1.#QNAN	0	0.016	0	7.51522e-007	1366.48	1328.01	1328.23
1328.02	848.549	277	1.#QNAN	0	0	0	7.54193e-007	1374.83	1328.02	1328.24
1328.1	848.554	278	1.#QNAN	0	0	0	7.63763e-007	1399.1	1328.1	1328.33
1328.23	848.597	279	1.#QNAN	0	0.015	0	7.64942e-007	1435.23	1328.23	1328.47
1328.4	848.672	280	1.#QNAN	0	0	0	7.42167e-007	1447.39	1328.4	1328.64
1328.56	848.718	281	1.#QNAN	0	0	0	7.48254e-007	1429.03	1328.56	1328.81
1328.75	848.793	282	1.#QNAN	0	0.016	0	7.60217e-007	1435.75	1328.75	1329
1328.92	848.87	283	1.#QNAN	0	0	0	7.4402e-007	1431.65	1328.92	1329.18
1329	848.927	284	1.#QNAN	0	0	0	7.3079e-007	1390.99	1329	1329.27
1329.12	848.958	285	1.#QNAN	0	0.016	0	8.05049e-007	1403.88	1329.12	1329.38
1329.18	848.996	286	1.#QNAN	0	0	0	7.87661e-007	1395.05	1329.18	1329.46
1329.26	849.024	287	1.#QNAN	0	0	0	7.68238e-007	1406.22	1329.26	1329.54
1329.35	849.088	288	1.#QNAN	0	0	0	7.64212e-007	1392.8	1329.35	1329.64
1329.46	849.138	289	1.#QNAN	0	0.015	0	7.36695e-007	1423.83	1329.46	1329.75
1329.55	849.216	290	1.#QNAN	0	0	0	7.33376e-007	1425.7	1329.55	1329.85
1329.69	849.299	291	1.#QNAN	0	0	0	7.94308e-007	1435.38	1329.69	1330
1329.77	849.353	292	1.#QNAN	0	0.016	0	7.63664e-007	1411.83	1329.77	1330.08
1329.98	849.446	293	1.#QNAN	0	0	0	7.44185e-007	1480.16	1329.98	1330.3
1330.21	849.516	294	1.#QNAN	0	0	0	7.63617e-007	1490.01	1330.21	1330.54
1330.42	849.657	295	1.#QNAN	0	0.015	0	7.8096e-007	1470.82	1330.42	1330.75
1330.55	849.702	296	1.#QNAN	0	0	0	7.76056e-007	1444.48	1330.55	1330.89
1330.63	849.719	297	1.#QNAN	0	0	0	7.66666e-007	1439.28	1330.63	1330.97
1330.7	849.749	298	1.#QNAN	0	0	0	7.3551e-007	1396.27	1330.7	1331.04
1330.78	849.807	299	1.#QNAN	0	0.016	0	7.4707e-007	1406.66	1330.78	1331.12
1330.83	849.833	300	1.#QNAN	0	0	0	7.64491e-007	1424.23	1330.83	1331.17
1330.9	849.824	301	1.#QNAN	0	0	0	7.67659e-007	1432.87	1330.9	1331.25
1331.04	849.843	302	1.#QNAN	0	0.016	0	7.44127e-007	1463.68	1331.04	1331.39
1331.13	849.862	303	1.#QNAN	0	0	0	7.62597e-007	1420.67	1331.13	1331.49
1331.17	849.857	304	1.#QNAN	0	0	0	7.40769e-007	1403.4	1331.17	1331.52
1331.13	849.808	305	1.#QNAN	0	0	0	7.57063e-007	1368.51	1331.13	1331.48
1331.1	849.735	306	1.#QNAN	0	0.015	0	7.49249e-007	1377.33	1331.1	1331.46
1331.19	849.731	307	1.#QNAN	0	0	0	7.75302e-007	1428.68	1331.19	1331.55
1331.29	849.724	308	1.#QNAN	0	0	0	7.58264e-007	1456.66	1331.29	1331.65
1331.37	849.728	309	1.#QNAN	0	0.016	0	7.45932e-007	1400.24	1331.37	1331.72
1331.41	849.75	310	1.#QNAN	0	0	0	7.94012e-007	1391.82	1331.41	1331.76
1331.47	849.776	311	1.#QNAN	0	0	0	7.5566e-007	1399.5	1331.47	1331.82
1331.55	849.81	312	1.#QNAN	0	0.015	0	7.75429e-007	1417.14	1331.55	1331.9
1331.58	849.76	313	1.#QNAN	0	0	0	7.29978e-007	1406.38	1331.58	1331.93
1331.58	849.774	314	1.#QNAN	0	0	0	7.29729e-007	1380.06	1331.58	1331.93
1331.62	849.791	315	1.#QNAN	0	0	0	7.84436e-007	1404.34	1331.62	1331.97
1331.66	849.773	316	1.#QNAN	0	0.016	0	7.79228e-007	1397.45	1331.66	1332.02
1331.7	849.752	317	1.#QNAN	0	0	0	7.56594e-007	1409.23	1331.7	1332.06
1331.78	849.754	318	1.#QNAN	0	0	0	7.60268e-007	1405.93	1331.78	1332.15
1331.86	849.761	319	1.#QNAN	0	0.016	0	7.455e-007	1407.18	1331.86	1332.23
1332.05	849.836	320	1.#QNAN	0	0	0	7.66489e-007	1464.11	1332.05	1332.42
1332.2	849.872	321	1.#QNAN	0	0	0	7.4182e-007	1453.82	1332.2	1332.58
1332.32	849.906	322	1.#QNAN	0	0.015	0	7.35521e-007	1440.33	1332.32	1332.7
1332.4	849.949	323	1.#QNAN	0	0	0	7.86101e-007	1423.65	1332.4	1332.78
1332.4	849.923	324	1.#QNAN	0	0	0	7.56249e-007	1378.44	1332.4	1332.79
1332.41	849.895	325	1.#QNAN	0	0	0	7.87465e-007	1379.89	1332.41	1332.8
1332.42	849.88	326	1.#QNAN	0	0.016	0	7.63415e-007	1387.58	1332.42	1332.8
1332.37	849.813	327	1.#QNAN	0	0	0	7.89777e-007	1359.64	1332.37	1332.75
1332.34	849.753	328	1.#QNAN	0	0	0	7.54257e-007	1380.44	1332.34	1332.73
1332.37	849.773	329	1.#QNAN	0	0.015	0	7.56028e-007	1391.9	1332.37	1332.75
1332.43	849.772	330	1.#QNAN	0	0	0	7.69599e-007	1388.77	1332.43	1332.82
1332.39	849.698	331	1.#QNAN	0	0	0	7.39279e-007	1349.79	1332.39	1332.78
1332.44	849.735	332	1.#QNAN	0	0.016	0	7.68393e-007	1412.2	1332.44	1332.83
1332.53	849.753	333	1.#QNAN	0	0	0	7.59816e-007	1409.6	1332.53	1332.92
1332.66	849.763	334	1.#QNAN	0	0	0	7.42814e-007	1449.64	1332.66	1333.06
1332.7	849.74	335	1.#QNAN	0	0.016	0	7.36406e-007	1392.7	1332.7	1333.1
1332.73	849.711	336	1.#QNAN	0	0	0	7.53908e-007	1377.34	1332.73	1333.13
1332.82	849.703	337	1.#QNAN	0	0	0	7.63976e-007	1394.3	1332.82	1333.22
1332.92	849.725	338	1.#QNAN	0	0	0	7.65378e-007	1393.35	1332.92	1333.32
1333.01	849.774	339	1.#QNAN	0	0.015	0	7.703e-007	1424.09	1333.01	1333.42
1333.13	849.801	340	1.#QNAN	0	0	0	7.55186e-007	1422.56	1333.13	1333.54
1333.21	849.831	341	1.#QNAN	0	0	0	7.55499e-007	1403.05	1333.21	1333.63
1333.36	849.862	342	1.#QNAN	0	0.016	0	7.55787e-007	1417.84	1333.36	1333.78
1333.51	849.913	343	1.#QNAN	0	0	0	7.52688e-007	1427.14	1333.51	1333.93
1333.57	849.932	344	1.#QNAN	0	0	0	7.33365e-007	1384.34	1333.57	1334
1333.64	849.97	345	1.#QNAN	0	0.015	0	7.50335e-007	1403.96	1333.64	1334.07
1333.75	850.004	346	1.#QNAN	0	0	0	7.53874e-007	1415.42	1333.75	1334.18
1333.69	849.978	347	1.#QNAN	0	0	0	7.54084e-007	1356.53	1333.69	1334.11
1333.64	849.955	348	1.#QNAN	0	0.016	0	7.51047e-007	1367.32	1333.64	1334.06
1333.71	849.944	349	1.#QNAN	0	0	0	7.55655e-007	1391.77	1333.71	1334.13
1333.84	849.958	350	1.#QNAN	0	0	0	7.65132e-007	1446.33	1333.84	1334.27
1333.99	850.014	351	1.#QNAN	0	0	0	7.60805e-007	1458.75	1333.99	1334.42
1334.12	850.075	352	1.#QNAN	0	0.016	0	7.53529e-007	1439.5	1334.12	1334.55
1334.24	850.097	353	1.#QNAN	0	0	0	7.63084e-007	1425.97	1334.24	1334.67
1334.25	850.109	354	1.#QNAN	0	0	0	7.61402e-007	1371.31	1334.25	1334.69
1334.38	850.193	355	1.#QNAN	0	0.015	0	7.82934e-007	1413.78	1334.38	1334.81
1334.42	850.184	356	1.#QNAN	0	0	0	7.66437e-007	1394.03	1334.42	1334.86
1334.51	850.188	357	1.#QNAN	0	0	0	7.29149e-007	1421.78	1334.51	1334.96
1334.59	850.198	358	1.#QNAN	0	0.016	0	7.77585e-007	1416.57	1334.59	1335.03
1334.62	850.179	359	1.#QNAN	0	0	0	7.77447e-007	1404.47	1334.62	1335.07
1334.66	850.157	360	1.#QNAN	0	0	0	7.55251e-007	1384.55	1334.66	1335.11
1334.68	850.166	361	1.#QNAN	0	0.015	0	7.53382e-007	1381.25	1334.68	1335.13
1334.63	850.136	362	1.#QNAN	0	0	0	7.39552e-007	1370.24	1334.63	1335.08
1334.65	850.151	363	1.#QNAN	0	0	0	7.48128e-007	1377.98	1334.65	1335.1
1334.71	850.162	364	1.#QNAN	0	0	0	7.49942e-007	1426.56	1334.71	1335.17
1334.77	850.136	365	1.#QNAN	0	0.016	0	7.54847e-007	1400.06	1334.77	1335.23
1334.8	850.13	366	1.#QNAN	0	0	0	7.59937e-007	1389.09	1334.8	1335.27
1334.84	850.121	367	1.#QNAN	0	0	0	7.45784e-007	1386.37	1334.84	1335.31
1334.89	850.113	368	1.#QNAN	0	0.016	0	7.4664e-007	1410.14	1334.89	1335.36
1334.95	850.164	369	1.#QNAN	0	0	0	7.58493e-007	1419.53	1334.95	1335.42
1335.04	850.202	370	1.#QNAN	0	0	0	7.52383e-007	1456.11	1335.04	1335.52
1335.03	850.176	371	1.#QNAN	0	0.015	0	7.49383e-007	1419.19	1335.03	1335.51
1334.96	850.173	372	1.#QNAN	0	0	0	7.35508e-007	1366.45	1334.96	1335.45
1334.98	850.19	373	1.#QNAN	0	0	0	7.48309e-007	1390.25	1334.98	1335.47
1334.96	850.173	374	1.#QNAN	0	0	0	7.7458e-007	1362.53	1334.96	1335.45
1334.94	850.179	375	1.#QNAN	0	0.016	0	7.28184e-007	1352.14	1334.94	1335.43
1334.94	850.175	376	1.#QNAN	0	0	0	7.55873e-007	1362.08	1334.94	1335.43
1334.91	850.185	377	1.#QNAN	0	0	0	7.4733e-007	1363.02	1334.91	1335.4
1334.91	850.208	378	1.#QNAN	0	0.015	0	7.32589e-007	1370.54	1334.91	1335.4
1334.91	850.24	379	1.#QNAN	0	0	0	7.28275e-007	1380.73	1334.91	1335.39
1334.91	850.296	380	1.#QNAN	0	0	0	7.35756e-007	1366.94	1334.91	1335.4
1335	850.348	381	1.#QNAN	0	0.016	0	7.55208e-007	1396.13	1335	1335.48
1335	850.363	382	1.#QNAN	0	0	0	7.83894e-007	1370.85	1335	1335.49
1335.01	850.405	383	1.#QNAN	0	0	0	7.46486e-007	1377.06	1335.01	1335.5
1335.03	850.396	384	1.#QNAN	0	0	0	7.65723e-007	1391.55	1335.03	1335.52
1335.01	850.389	385	1.#QNAN	0	0.016	0	7.39238e-007	1368.34	1335.01	1335.51
1334.98	850.38	386	1.#QNAN	0	0	0	7.57089e-007	1361.77	1334.98	1335.47
1334.95	850.362	387	1.#QNAN	0	0	0	7.21177e-007	1370.43	1334.95	1335.45
1334.88	850.314	388	1.#QNAN	0	0.015	0	6.98776e-007	1374.73	1334.88	1335.37
1334.87	850.297	389	1.#QNAN	0	0	0	7.47077e-007	1364.57	1334.87	1335.36
1334.9	850.335	390	1.#QNAN	0	0	0	7.39075e-007	1399.74	1334.9	1335.39
1334.92	850.335	391	1.#QNAN	0	0	0	7.44842e-007	1379.3	1334.92	1335.41
1334.94	850.335	392	1.#QNAN	0	0.016	0	7.86986e-007	1393.74	1334.94	1335.43
1334.98	850.338	393	1.#QNAN	0	0	0	7.44216e-007	1419.67	1334.98	1335.47
1335.08	850.371	394	1.#QNAN	0	0	0	7.64315e-007	1454.61	1335.08	1335.56
1335.16	850.384	395	1.#QNAN	0	0.015	0	7.46505e-007	1408.84	1335.16	1335.65
1335.19	850.377	396	1.#QNAN	0	0	0	7.85002e-007	1390.78	1335.19	1335.68
1335.26	850.401	397	1.#QNAN	0	0	0	7.652e-007	1414.9	1335.26	1335.75
1335.3	850.431	398	1.#QNAN	0	0.016	0	7.74535e-007	1395.18	1335.3	1335.78
1335.32	850.45	399	1.#QNAN	0	0	0	7.50651e-007	1378.04	1335.32	1335.81
1335.36	850.449	400	1.#QNAN	0	0	0	7.78e-007	1397.5	1335.36	1335.85
1335.42	850.45	401	1.#QNAN	0	0	0	7.64919e-007	1403.54	1335.42	1335.91
1335.43	850.453	402	1.#QNAN	0	0.016	0	7.47531e-007	1377.27	1335.43	1335.92
1335.41	850.425	403	1.#QNAN	0	0	0	7.24734e-007	1356.86	1335.41	1335.9
1335.4	850.419	404	1.#QNAN	0	0	0	7.44968e-007	1357.03	1335.4	1335.89
1335.41	850.389	405	1.#QNAN	0	0.015	0	7.42852e-007	1370.58	1335.41	1335.9
1335.42	850.368	406	1.#QNAN	0	0	0	7.60219e-007	1377.43	1335.42	1335.91
1335.42	850.335	407	1.#QNAN	0	0	0	7.70334e-007	1381.36	1335.42	1335.92
1335.39	850.294	408	1.#QNAN	0	0	0	7.74402e-007	1358.69	1335.39	1335.89
1335.42	850.284	409	1.#QNAN	0	0.016	0	7.60759e-007	1374.53	1335.42	1335.91
1335.4	850.238	410	1.#QNAN	0	0	0	7.68206e-007	1395.89	1335.4	1335.89
1335.42	850.232	411	1.#QNAN	0	0	0	7.48701e-007	1395.35	1335.42	1335.91
1335.53	850.254	412	1.#QNAN	0	0.015	0	7.69355e-007	1434.63	1335.53	1336.03
1335.61	850.245	413	1.#QNAN	0	0	0	7.43485e-007	1419.31	1335.61	1336.11
1335.63	850.168	414	1.#QNAN	0	0	0	7.62294e-007	1387.32	1335.63	1336.13
1335.7	850.151	415	1.#QNAN	0	0.016	0	7.73366e-007	1403.64	1335.7	1336.21
1335.79	850.155	416	1.#QNAN	0	0	0	7.71019e-007	1418.54	1335.79	1336.3
1335.79	850.122	417	1.#QNAN	0	0	0	7.31683e-007	1375.71	1335.79	1336.3
1335.81	850.107	418	1.#QNAN	0	0.016	0	7.62636e-007	1384.6	1335.81	1336.32
1335.91	850.112	419	1.#QNAN	0	0	0	7.82766e-007	1439.43	1335.91	1336.43
1336	850.116	420	1.#QNAN	0	0	0	8.00743e-007	1432.19	1336	1336.52
1336.16	850.162	421	1.#QNAN	0	0	0	7.59914e-007	1467.73	1336.16	1336.69
1336.2	850.156	422	1.#QNAN	0	0.015	0	7.70454e-007	1406.16	1336.2	1336.73
1336.29	850.165	423	1.#QNAN	0	0	0	7.73081e-007	1410.17	1336.29	1336.81
1336.39	850.175	424	1.#QNAN	0	0	0	7.44285e-007	1439.74	1336.39	1336.92
1336.45	850.167	425	1.#QNAN	0	0.016	0	7.5995e-007	1402.51	1336.45	1336.98
1336.45	850.103	426	1.#QNAN	0	0	0	7.70042e-007	1376.23	1336.45	1336.98
1336.49	850.081	427	1.#QNAN	0	0	0	7.79741e-007	1406.14	1336.49	1337.01
1336.49	850.059	428	1.#QNAN	0	0	0	7.55815e-007	1400.75	1336.49	1337.01
1336.54	850.036	429	1.#QNAN	0	0.015	0	7.64985e-007	1398.68	1336.54	1337.06
1336.59	850.057	430	1.#QNAN	0	0	0	7.72194e-007	1398.56	1336.59	1337.11
1336.66	850.075	431	1.#QNAN	0	0	0	7.40768e-007	1420.22	1336.66	1337.18
1336.7	850.08	432	1.#QNAN	0	0.016	1	7.51482e-007	1387.09	1336.7	1337.22
1336.68	850.032	433	1.#QNAN	0	0	0	7.34911e-007	1372.64	1336.68	1337.2
1336.72	850.033	434	1.#QNAN	0	0	0	7.57789e-007	1414.84	1336.72	1337.24
1336.79	850.037	435	1.#QNAN	0	0.016	0	7.31984e-007	1422.93	1336.79	1337.32
1336.84	850.046	436	1.#QNAN	0	0	0	7.58935e-007	1405.74	1336.84	1337.37
1336.86	850.033	437	1.#QNAN	0	0	0	7.39486e-007	1432.29	1336.86	1337.39
1336.93	850.028	438	1.#QNAN	0	0	0	7.48991e-007	1427.28	1336.93	1337.45
1337.04	850.067	439	1.#QNAN	0	0.015	0	7.6472e-007	1466.43	1337.04	1337.56
1337.15	850.066	440	1.#QNAN	0	0	0	7.61171e-007	1481.44	1337.15	1337.67
1337.28	850.095	441	1.#QNAN	0	0	0	7.45745e-007	1499.59	1337.28	1337.8
1337.41	850.141	442	1.#QNAN	0	0.016	0	7.5144e-007	1493.96	1337.41	1337.93
1337.48	850.163	443	1.#QNAN	0	0	0	7.56999e-007	1468.7	1337.48	1338
1337.55	850.152	444	1.#QNAN	0	0	0	7.56238e-007	1428.3	1337.55	1338.08
1337.64	850.141	445	1.#QNAN	0	0	0	7.66231e-007	1435.87	1337.64	1338.16
1337.68	850.159	446	1.#QNAN	0	0.015	0	7.74088e-007	1422.6	1337.68	1338.21
1337.73	850.161	447	1.#QNAN	0	0	0	7.82836e-007	1415.22	1337.73	1338.26
1337.77	850.149	448	1.#QNAN	0	0	0	7.76386e-007	1414.87	1337.77	1338.3
1337.82	850.126	449	1.#QNAN	0	0.016	0	7.90545e-007	1442.93	1337.82	1338.34
1337.86	850.118	450	1.#QNAN	0	0	0	7.42844e-007	1422.25	1337.86	1338.39
1337.95	850.11	451	1.#QNAN	0	0	0	7.64123e-007	1426.11	1337.95	1338.48
1337.97	850.076	452	1.#QNAN	0	0.016	0	7.64643e-007	1431.08	1337.97	1338.49
1338.01	850.057	453	1.#QNAN	0	0	0	7.42752e-007	1396.82	1338.01	1338.54
1338.06	850.064	454	1.#QNAN	0	0	0	7.75213e-007	1416.5	1338.06	1338.59
1338.12	850.083	455	1.#QNAN	0	0	0	7.58893e-007	1396.05	1338.12	1338.65
1338.15	850.088	456	1.#QNAN	0	0.015	0	7.50572e-007	1372.99	1338.15	1338.68
1338.15	850.063	457	1.#QNAN	0	0	0	7.68279e-007	1375.39	1338.15	1338.68
1338.18	850.04	458	1.#QNAN	0	0	0	7.59789e-007	1389.06	1338.18	1338.71
1338.31	850.054	459	1.#QNAN	0	0.016	0	7.77352e-007	1443.36	1338.31	1338.84
1338.39	850.061	460	1.#QNAN	0	0	0	7.50753e-007	1421.46	1338.39	1338.92
1338.37	850.044	461	1.#QNAN	0	0	0	7.54876e-007	1375.92	1338.37	1338.9
1338.32	850.029	462	1.#QNAN	0	0.015	0	7.69974e-007	1348.5	1338.32	1338.84
1338.28	850.047	463	1.#QNAN	0	0	0	7.32068e-007	1361.19	1338.28	1338.8
1338.25	850.044	464	1.#QNAN	0	0	0	7.65717e-007	1346.99	1338.25	1338.78
1338.25	850.05	465	1.#QNAN	0	0	0	7.73833e-007	1384.09	1338.25	1338.77
1338.24	850.044	466	1.#QNAN	0	0.016	0	7.45595e-007	1376.66	1338.24	1338.76
1338.17	850.031	467	1.#QNAN	0	0	0	7.53214e-007	1367.51	1338.17	1338.69
1338.15	850.044	468	1.#QNAN	0	0	0	7.58448e-007	1370.6	1338.15	1338.67
1338.17	850.051	469	1.#QNAN	0	0.016	0	7.78491e-007	1405.49	1338.17	1338.69
1338.2	850.066	470	1.#QNAN	0	0	0	7.43324e-007	1410.11	1338.2	1338.72
1338.19	850.026	471	1.#QNAN	0	0	0	7.63807e-007	1414.57	1338.19	1338.7
1338.21	850.035	472	1.#QNAN	0	0	0	7.69467e-007	1409.36	1338.21	1338.73
1338.19	850.037	473	1.#QNAN	0	0.015	0	7.82687e-007	1394.72	1338.19	1338.7
1338.17	850.038	474	1.#QNAN	0	0	0	7.75432e-007	1386.95	1338.17	1338.68
1338.25	850.063	475	1.#QNAN	0	0	0	7.46109e-007	1460.29	1338.25	1338.76
1338.24	850.077	476	1.#QNAN	0	0.016	0	7.73427e-007	1392.37	1338.24	1338.75
1338.2	850.068	477	1.#QNAN	0	0	0	7.61196e-007	1375.07	1338.2	1338.71
1338.24	850.114	478	1.#QNAN	0	0	0	7.68411e-007	1422.97	1338.24	1338.75
1338.25	850.111	479	1.#QNAN	0	0.015	0	7.44021e-007	1407.83	1338.25	1338.76
1338.19	850.103	480	1.#QNAN	0	0	0	7.3499e-007	1362.53	1338.19	1338.7
1338.16	850.107	481	1.#QNAN	0	0	0	7.57448e-007	1363.25	1338.16	1338.66
1338.14	850.128	482	1.#QNAN	0	0	0	7.57183e-007	1377.95	1338.14	1338.64
1338.15	850.146	483	1.#QNAN	0	0.016	0	7.22721e-007	1404.38	1338.15	1338.65
1338.12	850.138	484	1.#QNAN	0	0	0	7.6132e-007	1378.02	1338.12	1338.62
1338.1	850.133	485	1.#QNAN	0	0	0	7.50238e-007	1405.15	1338.1	1338.6
1338.15	850.158	486	1.#QNAN	0	0.016	0	7.50451e-007	1411.1	1338.15	1338.64
1338.15	850.183	487	1.#QNAN	0	0	0	7.60546e-007	1393.84	1338.15	1338.65
1338.14	850.185	488	1.#QNAN	0	0	0	7.55256e-007	1374.6	1338.14	1338.64
1338.17	850.187	489	1.#QNAN	0	0.015	0	7.35124e-007	1395.34	1338.17	1338.67
1338.13	850.2	490	1.#QNAN	0	0	0	7.62236e-007	1363.48	1338.13	1338.62
1338.1	850.21	491	1.#QNAN	0	0	0	7.4992e-007	1368.9	1338.1	1338.6
1338.1	850.219	492	1.#QNAN	0	0	0	7.7503e-007	1382.1	1338.1	1338.6
1338.14	850.245	493	1.#QNAN	0	0.016	0	7.70084e-007	1411.56	1338.14	1338.63
1338.1	850.228	494	1.#QNAN	0	0	0	7.75623e-007	1369.73	1338.1	1338.6
1338.07	850.215	495	1.#QNAN	0	0	0	7.45532e-007	1361.71	1338.07	1338.56
1338.02	850.188	496	1.#QNAN	0	0.015	0	7.70802e-007	1356.6	1338.02	1338.52
1338.01	850.21	497	1.#QNAN	0	0	0	7.6921e-007	1396.95	1338.01	1338.5
1337.96	850.199	498	1.#QNAN	0	0	0	7.52932e-007	1368.49	1337.96	1338.45
1337.97	850.206	499	1.#QNAN	0	0	0	7.52814e-007	1433.83	1337.97	1338.46
1337.96	850.205	500	1.#QNAN	0	0.016	0	7.45873e-007	1390.47	1337.96	1338.45
1337.93	850.225	501	1.#QNAN	0	0	0	7.5665e-007	1386.98	1337.93	1338.41
1337.91	850.23	502	1.#QNAN	0	0	0	7.65025e-007	1381.36	1337.91	1338.39
1337.87	850.241	503	1.#QNAN	0	0.016	0	7.43519e-007	1371.6	1337.87	1338.36
1337.83	850.243	504	1.#QNAN	0	0	0	7.47769e-007	1371.57	1337.83	1338.32
1337.88	850.285	505	1.#QNAN	0	0	0	7.46163e-007	1410.08	1337.88	1338.36
1337.89	850.316	506	1.#QNAN	0	0.015	0	7.85393e-007	1427.02	1337.89	1338.37
1337.83	850.296	507	1.#QNAN	0	0.016	0	7.3632e-007	1354.39	1337.83	1338.31
1337.83	850.315	508	1.#QNAN	0	0	0	7.56859e-007	1385.06	1337.83	1338.31
1337.82	850.323	509	1.#QNAN	0	0	0	7.33661e-007	1373.05	1337.82	1338.29
1337.81	850.308	510	1.#QNAN	0	0	0	7.59632e-007	1377.67	1337.81	1338.29
1337.76	850.293	511	1.#QNAN	0	0.016	0	7.56317e-007	1354.87	1337.76	1338.24
1337.74	850.291	512	1.#QNAN	0	0	0	7.46322e-007	1364.51	1337.74	1338.21
1337.68	850.267	513	1.#QNAN	0	0	0	7.72318e-007	1347.14	1337.68	1338.15
1337.66	850.272	514	1.#QNAN	0	0.015	0	7.66249e-007	1382.54	1337.66	1338.13
1337.66	850.287	515	1.#QNAN	0	0	0	7.48126e-007	1419.92	1337.66	1338.13
1337.6	850.278	516	1.#QNAN	0	0	0	7.76613e-007	1349.4	1337.6	1338.07
1337.62	850.294	517	1.#QNAN	0	0.016	0	7.50987e-007	1405.45	1337.62	1338.09
1337.66	850.313	518	1.#QNAN	0	0	0	7.63115e-007	1449.03	1337.66	1338.13
1337.67	850.328	519	1.#QNAN	0	0	0	7.69529e-007	1398.72	1337.67	1338.15
1337.74	850.35	520	1.#QNAN	0	0	0	7.69566e-007	1418.08	1337.74	1338.21
1337.78	850.344	521	1.#QNAN	0	0.015	0	7.68668e-007	1410.77	1337.78	1338.26
1337.83	850.329	522	1.#QNAN	0	0	0	7.92834e-007	1412.08	1337.83	1338.3
1337.84	850.317	523	1.#QNAN	0	0	0	7.74132e-007	1390.98	1337.84	1338.32
1337.89	850.311	524	1.#QNAN	0	0.016	0	7.6887e-007	1422.01	1337.89	1338.36
1337.91	850.314	525	1.#QNAN	0	0	0	7.86546e-007	1396.24	1337.91	1338.38
1337.96	850.313	526	1.#QNAN	0	0	0	7.71582e-007	1399.53	1337.96	1338.43
1337.97	850.293	527	1.#QNAN	0	0	0	7.47434e-007	1388.99	1337.97	1338.44
1337.98	850.284	528	1.#QNAN	0	0	0	7.65219e-007	1390.37	1337.98	1338.45
1337.95	850.263	529	1.#QNAN	0	0	0	7.56609e-007	1374.79	1337.95	1338.42
1337.91	850.237	530	1.#QNAN	0	0	0	7.68108e-007	1351.48	1337.91	1338.38
1337.9	850.194	531	1.#QNAN	0	0.015	0	7.7064e-007	1374.02	1337.9	1338.37
1337.88	850.17	532	1.#QNAN	0	0	0	7.67967e-007	1363.6	1337.88	1338.35
1337.82	850.133	533	1.#QNAN	0	0	0	7.85424e-007	1346.61	1337.82	1338.29
1337.79	850.115	534	1.#QNAN	0	0.016	0	7.7291e-007	1367.34	1337.79	1338.26
1337.78	850.128	535	1.#QNAN	0	0	0	7.44059e-007	1388.2	1337.78	1338.25
1337.83	850.137	536	1.#QNAN	0	0	0	7.54671e-007	1408.82	1337.83	1338.29
1337.87	850.138	537	1.#QNAN	0	0.015	0	7.86679e-007	1431.46	1337.87	1338.33
1337.91	850.132	538	1.#QNAN	0	0	0	8.02198e-007	1419.32	1337.91	1338.37
1337.91	850.125	539	1.#QNAN	0	0	0	7.89389e-007	1396.71	1337.91	1338.37
1337.92	850.119	540	1.#QNAN	0	0	0	7.83775e-007	1389.09	1337.92	1338.38
1337.93	850.124	541	1.#QNAN	0	0.016	0	7.64063e-007	1396.7	1337.93	1338.39
1337.89	850.096	542	1.#QNAN	0	0	0	7.56132e-007	1353.24	1337.89	1338.35
1337.89	850.088	543	1.#QNAN	0	0	0	7.63626e-007	1387.79	1337.89	1338.35
1337.91	850.09	544	1.#QNAN	0	0.016	0	7.99606e-007	1419.58	1337.91	1338.37
1337.92	850.068	545	1.#QNAN	0	0	0	7.67604e-007	1411.67	1337.92	1338.39
1337.94	850.06	546	1.#QNAN	0	0	0	7.53328e-007	1395	1337.94	1338.4
1337.96	850.051	547	1.#QNAN	0	0	0	7.66505e-007	1405.46	1337.96	1338.42
1337.97	850.043	548	1.#QNAN	0	0.015	0	7.64982e-007	1385.4	1337.97	1338.43
1337.99	850.058	549	1.#QNAN	0	0	0	7.4457e-007	1400.2	1337.99	1338.45
1337.97	850.058	550	1.#QNAN	0	0	0	7.91406e-007	1369.78	1337.97	1338.43
1337.92	850.039	551	1.#QNAN	0	0.016	0	7.79024e-007	1364.34	1337.92	1338.38
1337.87	850.019	552	1.#QNAN	0	0	0	7.39457e-007	1360.98	1337.87	1338.33
1337.82	850.019	553	1.#QNAN	0	0	0	7.40812e-007	1362.09	1337.82	1338.27
1337.68	849.96	554	1.#QNAN	0	0.015	0	7.44691e-007	1340.42	1337.68	1338.13
1337.61	849.936	555	1.#QNAN	0	0	0	7.6639e-007	1366.48	1337.61	1338.07
1337.58	849.925	556	1.#QNAN	0	0	0	7.87135e-007	1365.23	1337.58	1338.03
1337.5	849.904	557	1.#QNAN	0	0	0	7.68133e-007	1336.24	1337.5	1337.95
1337.44	849.854	558	1.#QNAN	0	0.016	0	7.42742e-007	1339.37	1337.44	1337.88
1337.47	849.859	559	1.#QNAN	0	0	0	7.73115e-007	1407.2	1337.47	1337.92
1337.47	849.835	560	1.#QNAN	0	0	0	7.76177e-007	1369.84	1337.47	1337.92
1337.47	849.818	561	1.#QNAN	0	0.016	0	7.90146e-007	1380.71	1337.47	1337.92
1337.43	849.774	562	1.#QNAN	0	0	0	7.92354e-007	1370.41	1337.43	1337.88
1337.44	849.736	563	1.#QNAN	0	0	0	7.79404e-007	1382.79	1337.44	1337.88
1337.49	849.732	564	1.#QNAN	0	0.015	0	7.61833e-007	1432.91	1337.49	1337.93
1337.53	849.731	565	1.#QNAN	0	0	0	7.7447e-007	1422.48	1337.53	1337.98
1337.57	849.732	566	1.#QNAN	0	0	0	7.65996e-007	1399.69	1337.57	1338.02
1337.6	849.721	567	1.#QNAN	0	0	0	7.81265e-007	1398.99	1337.6	1338.05
1337.63	849.71	568	1.#QNAN	0	0.016	0	7.72478e-007	1382.37	1337.63	1338.07
1337.63	849.676	569	1.#QNAN	0	0	0	7.61e-007	1388.34	1337.63	1338.07
1337.62	849.654	570	1.#QNAN	0	0	0	7.68165e-007	1380.36	1337.62	1338.07
1337.57	849.616	571	1.#QNAN	0	0.015	0	7.81796e-007	1380.67	1337.57	1338.01
1337.55	849.605	572	1.#QNAN	0	0	0	7.42567e-007	1367.56	1337.55	1337.99
1337.53	849.574	573	1.#QNAN	0	0	0	7.345e-007	1364.39	1337.53	1337.97
1337.49	849.561	574	1.#QNAN	0	0.016	0	7.80499e-007	1373.51	1337.49	1337.93
1337.47	849.515	575	1.#QNAN	0	0	0	7.82411e-007	1380.22	1337.47	1337.9
1337.42	849.467	576	1.#QNAN	0	0	0	7.7844e-007	1363.6	1337.42	1337.86
1337.37	849.444	577	1.#QNAN	0	0	0	8.03718e-007	1354.87	1337.37	1337.81
1337.34	849.414	578	1.#QNAN	0	0.016	0	7.69068e-007	1387.29	1337.34	1337.77
1337.3	849.399	579	1.#QNAN	0	0	0	7.67131e-007	1406.51	1337.3	1337.74
1337.27	849.373	580	1.#QNAN	0	0	0	7.65506e-007	1374.4	1337.27	1337.7
1337.28	849.366	581	1.#QNAN	0	0.015	0	7.9332e-007	1398.59	1337.28	1337.72
1337.18	849.29	582	1.#QNAN	0	0	0	7.60898e-007	1359.75	1337.18	1337.62
1337.09	849.243	583	1.#QNAN	0	0	0	7.74909e-007	1367.04	1337.09	1337.52
1336.99	849.172	584	1.#QNAN	0	0.016	0	7.5577e-007	1411.89	1336.99	1337.42
1336.93	849.125	585	1.#QNAN	0	0	0	7.76305e-007	1366.34	1336.93	1337.36
1336.81	849.05	586	1.#QNAN	0	0	0	7.76018e-007	1391.85	1336.81	1337.24
1336.7	848.984	587	1.#QNAN	0	0	0	7.67698e-007	1398.07	1336.7	1337.14
1336.59	848.933	588	1.#QNAN	0	0.015	0	7.83477e-007	1341.24	1336.59	1337.02
1336.53	848.911	589	1.#QNAN	0	0	0	7.7654e-007	1351.5	1336.53	1336.96
1336.46	848.865	590	1.#QNAN	0	0	0	7.73687e-007	1344.98	1336.46	1336.89
1336.39	848.827	591	1.#QNAN	0	0.016	0	7.6839e-007	1345.82	1336.39	1336.82
1336.39	848.829	592	1.#QNAN	0	0	0	7.71121e-007	1386.9	1336.39	1336.82
1336.4	848.828	593	1.#QNAN	0	0	0	7.68778e-007	1384.23	1336.4	1336.83
1336.43	848.824	594	1.#QNAN	0	0	0	7.86308e-007	1408.94	1336.43	1336.85
1336.42	848.807	595	1.#QNAN	0	0.016	0	7.71438e-007	1381.62	1336.42	1336.84
1336.4	848.775	596	1.#QNAN	0	0	0	7.85489e-007	1376.76	1336.4	1336.82
1336.38	848.788	597	1.#QNAN	0	0	0	7.75069e-007	1391.11	1336.38	1336.81
1336.38	848.782	598	1.#QNAN	0	0.015	0	7.67781e-007	1396.66	1336.38	1336.8
1336.36	848.764	599	1.#QNAN	0	0	0	7.4699e-007	1398.04	1336.36	1336.78
1336.32	848.726	600	1.#QNAN	0	0	0	7.68496e-007	1399.99	1336.32	1336.74
1336.28	848.719	601	1.#QNAN	0	0.016	0	7.82281e-007	1378.55	1336.28	1336.7
1336.24	848.71	602	1.#QNAN	0	0	0	7.3995e-007	1385.54	1336.24	1336.65
1336.15	848.667	603	1.#QNAN	0	0	0	7.58417e-007	1399.8	1336.15	1336.57
1336.1	848.623	604	1.#QNAN	0	0	0	7.84846e-007	1422.32	1336.1	1336.51
1336.09	848.601	605	1.#QNAN	0	0.015	0	8.00786e-007	1431.08	1336.09	1336.51
1336.03	848.563	606	1.#QNAN	0	0	0	7.89353e-007	1391.96	1336.03	1336.44
1336.02	848.564	607	1.#QNAN	0	0	0	7.81121e-007	1409.79	1336.02	1336.43
1336.03	848.567	608	1.#QNAN	0	0.016	0	7.86926e-007	1415.73	1336.03	1336.45
1336.05	848.549	609	1.#QNAN	0	0	0	7.60224e-007	1437.06	1336.05	1336.46
1336.03	848.525	610	1.#QNAN	0	0	0	7.92711e-007	1385.82	1336.03	1336.45
1336	848.517	611	1.#QNAN	0	0	0	7.40963e-007	1392.68	1336	1336.41
1336.01	848.515	612	1.#QNAN	0	0	0	7.65575e-007	1443.33	1336.01	1336.42
1336	848.506	613	1.#QNAN	0	0	0	7.94212e-007	1397.09	1336	1336.41
1335.97	848.471	614	1.#QNAN	0	0	0	7.93129e-007	1379.56	1335.97	1336.39
1336.01	848.467	615	1.#QNAN	0	0.015	0	7.62459e-007	1395.62	1336.01	1336.42
1336.01	848.453	616	1.#QNAN	0	0	0	7.61624e-007	1375.8	1336.01	1336.42
1336.07	848.463	617	1.#QNAN	0	0	0	7.92224e-007	1418.05	1336.07	1336.48
1336.15	848.473	618	1.#QNAN	0	0.016	0	7.29387e-007	1429.26	1336.15	1336.55
1336.17	848.462	619	1.#QNAN	0	0	0	8.10006e-007	1413.65	1336.17	1336.58
1336.19	848.45	620	1.#QNAN	0	0	0	7.91026e-007	1394.78	1336.19	1336.59
1336.22	848.463	621	1.#QNAN	0	0.015	0	7.72452e-007	1416.29	1336.22	1336.63
1336.3	848.488	622	1.#QNAN	0	0	0	7.84545e-007	1456.03	1336.3	1336.71
1336.3	848.477	623	1.#QNAN	0	0	0	7.6977e-007	1390.62	1336.3	1336.71
1336.29	848.44	624	1.#QNAN	0	0	0	8.1427e-007	1409.83	1336.29	1336.7
1336.36	848.46	625	1.#QNAN	0	0.016	0	7.80821e-007	1445.9	1336.36	1336.76
1336.39	848.432	626	1.#QNAN	0	0	0	7.85807e-007	1430.8	1336.39	1336.79
1336.46	848.454	627	1.#QNAN	0	0	0	7.73142e-007	1438.37	1336.46	1336.86
1336.49	848.472	628	1.#QNAN	0	0.016	0	7.72148e-007	1412.15	1336.49	1336.89
1336.52	848.463	629	1.#QNAN	0	0	0	7.73164e-007	1410.64	1336.52	1336.92
1336.56	848.476	630	1.#QNAN	0	0	0	7.76881e-007	1432.26	1336.56	1336.97
1336.61	848.494	631	1.#QNAN	0	0.015	0	8.02126e-007	1423.09	1336.61	1337.01
1336.62	848.504	632	1.#QNAN	0	0	0	7.9013e-007	1405.06	1336.62	1337.02
1336.68	848.517	633	1.#QNAN	0	0	0	7.70676e-007	1453.44	1336.68	1337.08
1336.71	848.513	634	1.#QNAN	0	0.016	0	7.82285e-007	1415.71	1336.71	1337.1
1336.72	848.485	635	1.#QNAN	0	0	0	8.05528e-007	1417.62	1336.72	1337.12
1336.73	848.466	636	1.#QNAN	0	0	0	8.07051e-007	1430.3	1336.73	1337.13
1336.75	848.453	637	1.#QNAN	0	0.015	1	7.75087e-007	1415.68	1336.75	1337.15
1336.79	848.447	638	1.#QNAN	0	0	0	7.51838e-007	1428.87	1336.79	1337.18
1336.8	848.434	639	1.#QNAN	0	0	0	7.96104e-007	1428.6	1336.8	1337.19
1336.82	848.441	640	1.#QNAN	0	0	0	7.46985e-007	1422.22	1336.82	1337.21
1336.85	848.435	641	1.#QNAN	0	0.016	0	7.8985e-007	1415.49	1336.85	1337.24
1336.84	848.424	642	1.#QNAN	0	0	0	8.35849e-007	1392.38	1336.84	1337.23
1336.85	848.395	643	1.#QNAN	0	0	0	7.81421e-007	1396.73	1336.85	1337.24
1336.9	848.395	644	1.#QNAN	0	0.016	0	7.88471e-007	1443.11	1336.9	1337.28
1336.88	848.383	645	1.#QNAN	0	0	0	7.81685e-007	1395.52	1336.88	1337.27
1336.87	848.374	646	1.#QNAN	0	0	0	7.86061e-007	1372.69	1336.87	1337.25
1336.87	848.365	647	1.#QNAN	0	0.015	0	7.79139e-007	1389.5	1336.87	1337.25
1336.82	848.324	648	1.#QNAN	0	0	0	7.84648e-007	1385.86	1336.82	1337.2
1336.78	848.303	649	1.#QNAN	0	0	0	7.91157e-007	1374.66	1336.78	1337.17
1336.77	848.28	650	1.#QNAN	0	0	0	7.99685e-007	1382.65	1336.77	1337.15
1336.78	848.288	651	1.#QNAN	0	0.016	0	8.14165e-007	1405.22	1336.78	1337.16
1336.8	848.302	652	1.#QNAN	0	0	0	7.92506e-007	1413	1336.8	1337.18
1336.86	848.298	653	1.#QNAN	0	0	0	8.12358e-007	1436.59	1336.86	1337.23
1336.9	848.27	654	1.#QNAN	0	0.015	0	7.7938e-007	1449.92	1336.9	1337.28
1336.98	848.277	655	1.#QNAN	0	0	0	7.68053e-007	1447.9	1336.98	1337.36
1337.01	848.26	656	1.#QNAN	0	0	0	7.95888e-007	1409.69	1337.01	1337.39
1337.09	848.258	657	1.#QNAN	0	0.016	0	7.78545e-007	1450.67	1337.09	1337.46
1337.16	848.236	658	1.#QNAN	0	0	0	7.87329e-007	1441.94	1337.16	1337.53
1337.2	848.221	659	1.#QNAN	0	0	0	7.95816e-007	1433.87	1337.2	1337.58
1337.3	848.239	660	1.#QNAN	0	0	0	7.89087e-007	1471.99	1337.3	1337.67
1337.37	848.231	661	1.#QNAN	0	0.016	0	8.04343e-007	1450.92	1337.37	1337.74
1337.43	848.241	662	1.#QNAN	0	0	0	7.89952e-007	1423.32	1337.43	1337.81
1337.47	848.218	663	1.#QNAN	0	0	0	7.70702e-007	1409.51	1337.47	1337.85
1337.49	848.198	664	1.#QNAN	0	0.015	0	7.81311e-007	1399.23	1337.49	1337.86
1337.54	848.21	665	1.#QNAN	0	0	0	7.832e-007	1426.01	1337.54	1337.92
1337.58	848.214	666	1.#QNAN	0	0	0	7.96394e-007	1401.96	1337.58	1337.96
1337.62	848.226	667	1.#QNAN	0	0	0	7.82094e-007	1405.96	1337.62	1337.99
1337.68	848.24	668	1.#QNAN	0	0.016	0	7.94817e-007	1439.88	1337.68	1338.05
1337.68	848.203	669	1.#QNAN	0	0	0	7.83559e-007	1390.93	1337.68	1338.05
1337.7	848.189	670	1.#QNAN	0	0	0	7.89486e-007	1414.46	1337.7	1338.07
1337.66	848.163	671	1.#QNAN	0	0.015	0	7.73621e-007	1367.45	1337.66	1338.04
1337.61	848.122	672	1.#QNAN	0	0	0	7.72438e-007	1369.25	1337.61	1337.98
1337.57	848.087	673	1.#QNAN	0	0	0	7.64754e-007	1386.32	1337.57	1337.94
1337.53	848.042	674	1.#QNAN	0	0.016	0	7.82969e-007	1388.02	1337.53	1337.9
1337.49	847.99	675	1.#QNAN	0	0	0	7.96335e-007	1376.82	1337.49	1337.86
1337.45	847.945	676	1.#QNAN	0	0	0	7.71854e-007	1375.23	1337.45	1337.83
1337.41	847.891	677	1.#QNAN	0	0	0	8.06836e-007	1378.65	1337.41	1337.78
1337.31	847.823	678	1.#QNAN	0	0.016	0	7.78459e-007	1351.86	1337.31	1337.68
1337.27	847.795	679	1.#QNAN	0	0	0	7.61733e-007	1395.04	1337.27	1337.64
1337.25	847.749	680	1.#QNAN	0	0	0	7.77172e-007	1394.5	1337.25	1337.62
1337.23	847.733	681	1.#QNAN	0	0.015	0	7.66056e-007	1400.9	1337.23	1337.6
1337.21	847.71	682	1.#QNAN	0	0	0	7.71644e-007	1393.36	1337.21	1337.58
1337.22	847.686	683	1.#QNAN	0	0	0	7.93409e-007	1411.2	1337.22	1337.59
1337.22	847.639	684	1.#QNAN	0	0.016	0	7.94489e-007	1401.49	1337.22	1337.58
1337.21	847.618	685	1.#QNAN	0	0	0	7.64793e-007	1404.71	1337.21	1337.57
1337.23	847.622	686	1.#QNAN	0	0	0	7.68281e-007	1423.67	1337.23	1337.59
1337.2	847.594	687	1.#QNAN	0	0	0	7.92271e-007	1385.11	1337.2	1337.56
1337.24	847.584	688	1.#QNAN	0	0.015	0	7.68641e-007	1425.28	1337.24	1337.6
1337.25	847.577	689	1.#QNAN	0	0	0	7.655e-007	1403.52	1337.25	1337.61
1337.24	847.549	690	1.#QNAN	0	0	0	7.9537e-007	1381.83	1337.24	1337.6
1337.19	847.515	691	1.#QNAN	0	0.016	0	7.81399e-007	1374.62	1337.19	1337.55
1337.15	847.505	692	1.#QNAN	0	0	0	7.86396e-007	1376.78	1337.15	1337.51
1337.16	847.489	693	1.#QNAN	0	0	0	7.89509e-007	1419.18	1337.16	1337.52
1337.09	847.448	694	1.#QNAN	0	0	0	7.65648e-007	1368.1	1337.09	1337.45
1337.06	847.408	695	1.#QNAN	0	0.016	0	7.5525e-007	1385.86	1337.06	1337.42
1337.04	847.366	696	1.#QNAN	0	0	0	7.99042e-007	1380.34	1337.04	1337.4
1337.02	847.32	697	1.#QNAN	0	0	0	7.75099e-007	1372.53	1337.02	1337.37
1337.01	847.299	698	1.#QNAN	0	0.015	0	8.00441e-007	1409.56	1337.01	1337.36
1337.01	847.288	699	1.#QNAN	0	0	0	7.83182e-007	1400.76	1337.01	1337.37
1337.01	847.279	700	1.#QNAN	0	0	0	7.77663e-007	1407.97	1337.01	1337.37
1337.01	847.259	701	1.#QNAN	0	0.016	0	7.78846e-007	1404.84	1337.01	1337.37
1336.99	847.237	702	1.#QNAN	0	0	0	7.99858e-007	1404.61	1336.99	1337.35
1336.99	847.207	703	1.#QNAN	0	0	0	7.92084e-007	1410.77	1336.99	1337.34
1336.95	847.192	704	1.#QNAN	0	0	0	8.08363e-007	1380.79	1336.95	1337.3
1336.93	847.171	705	1.#QNAN	0	0.015	0	7.813e-007	1403.47	1336.93	1337.28
1336.9	847.153	706	1.#QNAN	0	0	0	8.06864e-007	1381.62	1336.9	1337.26
1336.92	847.142	707	1.#QNAN	0	0	0	7.96659e-007	1403.98	1336.92	1337.27
1336.91	847.126	708	1.#QNAN	0	0.016	0	7.53984e-007	1375.58	1336.91	1337.26
1336.89	847.096	709	1.#QNAN	0	0	0	7.75656e-007	1374.23	1336.89	1337.24
1336.86	847.068	710	1.#QNAN	0	0	0	7.64985e-007	1366.29	1336.86	1337.21
1336.79	847.018	711	1.#QNAN	0	0.016	0	7.76452e-007	1345.81	1336.79	1337.14
1336.76	846.99	712	1.#QNAN	0	0	0	7.74202e-007	1366.71	1336.76	1337.1
1336.72	846.956	713	1.#QNAN	0	0	0	7.72371e-007	1387.45	1336.72	1337.06
1336.67	846.909	714	1.#QNAN	0	0.015	0	7.84262e-007	1377.21	1336.67	1337.02
1336.69	846.904	715	1.#QNAN	0	0	0	7.63498e-007	1419.5	1336.69	1337.04
1336.71	846.881	716	1.#QNAN	0	0	0	8.00885e-007	1416.87	1336.71	1337.06
1336.7	846.866	717	1.#QNAN	0	0	0	7.96556e-007	1411.67	1336.7	1337.05
1336.73	846.841	718	1.#QNAN	0	0.016	0	8.0275e-007	1421.86	1336.73	1337.08
1336.73	846.816	719	1.#QNAN	0	0	0	8.22209e-007	1405.92	1336.73	1337.08
1336.71	846.776	720	1.#QNAN	0	0	0	7.77006e-007	1407.94	1336.71	1337.06
1336.72	846.756	721	1.#QNAN	0	0.015	0	7.77e-007	1416.95	1336.72	1337.06
1336.76	846.75	722	1.#QNAN	0	0	0	7.93732e-007	1440.13	1336.76	1337.1
1336.79	846.73	723	1.#QNAN	0	0	0	8.01987e-007	1444.94	1336.79	1337.13
1336.84	846.728	724	1.#QNAN	0	0	0	8.14178e-007	1475.83	1336.84	1337.18
1336.88	846.71	725	1.#QNAN	0	0.016	0	7.9947e-007	1434.33	1336.88	1337.22
1336.9	846.697	726	1.#QNAN	0	0	0	8.16368e-007	1408.42	1336.9	1337.24
1336.92	846.687	727	1.#QNAN	0	0	0	7.88838e-007	1419.6	1336.92	1337.26
1336.93	846.679	728	1.#QNAN	0	0.016	0	7.77169e-007	1435.86	1336.93	1337.27
1336.95	846.676	729	1.#QNAN	0	0	0	7.93912e-007	1444.16	1336.95	1337.29
1336.92	846.659	730	1.#QNAN	0	0	0	7.85924e-007	1394.93	1336.92	1337.26
1336.95	846.637	731	1.#QNAN	0	0.015	0	8.01193e-007	1432.58	1336.95	1337.28
1336.97	846.63	732	1.#QNAN	0	0	0	7.79913e-007	1446.94	1336.97	1337.3
1336.98	846.629	733	1.#QNAN	0	0	0	7.61244e-007	1412.31	1336.98	1337.32
1337.04	846.634	734	1.#QNAN	0	0	0	7.70625e-007	1459.88	1337.04	1337.38
1337.07	846.609	735	1.#QNAN	0	0.016	0	7.69079e-007	1444.24	1337.07	1337.4
1337.11	846.627	736	1.#QNAN	0	0	0	7.88543e-007	1426.39	1337.11	1337.45
1337.14	846.631	737	1.#QNAN	0	0	0	8.02473e-007	1413.59	1337.14	1337.47
1337.17	846.636	738	1.#QNAN	0	0.015	0	7.61884e-007	1431.1	1337.17	1337.51
1337.18	846.646	739	1.#QNAN	0	0	0	7.93254e-007	1412.8	1337.18	1337.51
1337.21	846.67	740	1.#QNAN	0	0	0	7.89483e-007	1417.34	1337.21	1337.54
1337.23	846.667	741	1.#QNAN	0	0	0	7.76964e-007	1394.72	1337.23	1337.56
1337.24	846.677	742	1.#QNAN	0	0.016	0	8.17933e-007	1409.32	1337.24	1337.58
1337.29	846.712	743	1.#QNAN	0	0	0	7.76165e-007	1436.37	1337.29	1337.63
1337.37	846.74	744	1.#QNAN	0	0	0	7.94662e-007	1466.05	1337.37	1337.71
1337.37	846.722	745	1.#QNAN	0	0.016	0	7.84416e-007	1405.36	1337.37	1337.7
1337.41	846.725	746	1.#QNAN	0	0	0	7.93642e-007	1432.85	1337.41	1337.74
1337.44	846.728	747	1.#QNAN	0	0	0	7.79064e-007	1413.47	1337.44	1337.77
1337.42	846.711	748	1.#QNAN	0	0.015	0	7.90343e-007	1389.3	1337.42	1337.75
1337.4	846.683	749	1.#QNAN	0	0	0	8.20003e-007	1394.46	1337.4	1337.73
1337.38	846.659	750	1.#QNAN	0	0	0	8.11575e-007	1390.72	1337.38	1337.72
1337.4	846.639	751	1.#QNAN	0	0.016	0	7.96468e-007	1417.83	1337.4	1337.73
1337.37	846.614	752	1.#QNAN	0	0	0	7.73728e-007	1385.68	1337.37	1337.71
1337.33	846.583	753	1.#QNAN	0	0	0	7.8013e-007	1400.37	1337.33	1337.66
1337.28	846.549	754	1.#QNAN	0	0	0	7.96674e-007	1370.93	1337.28	1337.61
1337.25	846.53	755	1.#QNAN	0	0.015	0	7.70956e-007	1410.1	1337.25	1337.59
1337.24	846.512	756	1.#QNAN	0	0	0	8.04577e-007	1409.95	1337.24	1337.57
1337.23	846.498	757	1.#QNAN	0	0	0	7.81802e-007	1403.31	1337.23	1337.56
1337.29	846.52	758	1.#QNAN	0	0.016	0	8.07028e-007	1449.53	1337.29	1337.62
1337.36	846.552	759	1.#QNAN	0	0	0	7.87695e-007	1455.67	1337.36	1337.7
1337.38	846.547	760	1.#QNAN	0	0	0	7.95424e-007	1401.92	1337.38	1337.71
1337.45	846.565	761	1.#QNAN	0	0.016	0	7.91043e-007	1457.38	1337.45	1337.79
1337.53	846.577	762	1.#QNAN	0	0	0	7.76741e-007	1481.78	1337.53	1337.86
1337.56	846.571	763	1.#QNAN	0	0	0	7.75387e-007	1453.42	1337.56	1337.89
1337.62	846.574	764	1.#QNAN	0	0	0	8.04888e-007	1450.78	1337.62	1337.96
1337.66	846.573	765	1.#QNAN	0	0.015	0	7.64094e-007	1417.53	1337.66	1338
1337.7	846.568	766	1.#QNAN	0	0	0	7.7582e-007	1425.45	1337.7	1338.03
1337.77	846.586	767	1.#QNAN	0	0	0	7.90596e-007	1451.71	1337.77	1338.1
1337.82	846.589	768	1.#QNAN	0	0.016	0	8.09593e-007	1427.08	1337.82	1338.16
1337.9	846.608	769	1.#QNAN	0	0	0	7.78507e-007	1433.8	1337.9	1338.23
1337.95	846.633	770	1.#QNAN	0	0	0	7.83438e-007	1429.84	1337.95	1338.29
1338.02	846.645	771	1.#QNAN	0	0.015	0	7.93571e-007	1445.94	1338.02	1338.35
1338.07	846.65	772	1.#QNAN	0	0	0	8.20904e-007	1456.33	1338.07	1338.41
1338.1	846.629	773	1.#QNAN	0	0	0	7.76129e-007	1423.46	1338.1	1338.44
1338.13	846.626	774	1.#QNAN	0	0	0	7.65579e-007	1445.23	1338.13	1338.47
1338.11	846.602	775	1.#QNAN	0	0.016	0	7.5792e-007	1392.3	1338.11	1338.45
1338.11	846.568	776	1.#QNAN	0	0	0	7.85711e-007	1416.7	1338.11	1338.44
1338.15	846.559	777	1.#QNAN	0	0	0	8.11095e-007	1430.6	1338.15	1338.48
1338.17	846.53	778	1.#QNAN	0	0.016	0	7.73545e-007	1423.61	1338.17	1338.5
1338.19	846.517	779	1.#QNAN	0	0	0	7.6667e-007	1406.52	1338.19	1338.52
1338.17	846.482	780	1.#QNAN	0	0	0	7.81478e-007	1396	1338.17	1338.5
1338.19	846.471	781	1.#QNAN	0	0.015	0	7.77461e-007	1395.75	1338.19	1338.52
1338.19	846.456	782	1.#QNAN	0	0	0	7.58066e-007	1399.16	1338.19	1338.52
1338.2	846.45	783	1.#QNAN	0	0	0	7.70543e-007	1397.87	1338.2	1338.54
1338.26	846.439	784	1.#QNAN	0	0	0	7.77862e-007	1440.5	1338.26	1338.6
1338.3	846.424	785	1.#QNAN	0	0.016	0	8.09913e-007	1422.15	1338.3	1338.64
1338.37	846.421	786	1.#QNAN	0	0	0	7.99428e-007	1441.56	1338.37	1338.7
1338.43	846.415	787	1.#QNAN	0	0	0	8.01911e-007	1452.07	1338.43	1338.76
1338.53	846.435	788	1.#QNAN	0	0.015	0	7.84069e-007	1500.27	1338.53	1338.86
1338.59	846.44	789	1.#QNAN	0	0	0	7.82699e-007	1455.9	1338.59	1338.92
1338.61	846.433	790	1.#QNAN	0	0	0	7.81801e-007	1427.56	1338.61	1338.94
1338.68	846.447	791	1.#QNAN	0	0.016	0	7.64478e-007	1485.49	1338.68	1339.02
1338.72	846.428	792	1.#QNAN	0	0	0	7.88451e-007	1432.79	1338.72	1339.06
1338.72	846.405	793	1.#QNAN	0	0	0	7.81508e-007	1400.63	1338.72	1339.05
1338.75	846.397	794	1.#QNAN	0	0	0	7.68541e-007	1414.42	1338.75	1339.09
1338.83	846.406	795	1.#QNAN	0	0.016	0	7.78872e-007	1467.72	1338.83	1339.16
1338.85	846.381	796	1.#QNAN	0	0	0	7.84431e-007	1420.05	1338.85	1339.18
1338.86	846.358	797	1.#QNAN	0	0	0	8.1774e-007	1423.3	1338.86	1339.19
1338.85	846.32	798	1.#QNAN	0	0.015	0	8.1679e-007	1397.24	1338.85	1339.18
1338.85	846.313	799	1.#QNAN	0	0	0	8.06476e-007	1419.12	1338.85	1339.18
