rmse	mae	#iter	time_pred	time_learn	time_learn2	time_learn4	alpha	rmse_mcmc_this	rmse_mcmc_all	rmse_mcmc_all_but5
13977.1	8734.69	0	1.#QNAN	0	0.032	0	2.72186e-011	13977.1	13977.1	4162.21
13600	8563.93	1	1.#QNAN	0	0.015	0	5.2388e-010	14210.2	13600	4162.21
13558	8479.14	2	1.#QNAN	0	0.016	0	6.55372e-010	13872.2	13558	4162.21
13572.9	8471.73	3	1.#QNAN	0	0.015	0	7.4511e-010	13895.5	13572.9	4162.21
13500.7	8409.56	4	1.#QNAN	0	0.016	0	8.38142e-010	13553.4	13500.7	37734.5
13461.1	8394.77	5	1.#QNAN	0	0.016	0	9.05959e-010	13498.1	13461.1	13498.1
13389.3	8340.24	6	1.#QNAN	0	0.015	0	1.00827e-009	13227.3	13389.3	13275.6
13304.8	8268.28	7	1.#QNAN	0	0.031	0	1.12383e-009	12985	13304.8	13102.6
13180.3	8178.2	8	1.#QNAN	0	0.016	0	1.24318e-009	12490.9	13180.3	12901.4
13067.9	8102.37	9	1.#QNAN	0	0.016	0	1.31582e-009	12311.7	13067.9	12744.6
12918.8	7990.97	10	1.#QNAN	0	0.015	0	1.45424e-009	11720.7	12918.8	12544.6
12798.2	7901.93	11	1.#QNAN	0	0.016	0	1.54023e-009	11810.1	12798.2	12404.7
12687.4	7828.98	12	1.#QNAN	0	0.015	0	1.73445e-009	11622.8	12687.4	12282.6
12556.4	7746.94	13	1.#QNAN	0	0.032	0	1.91541e-009	11172.5	12556.4	12133
12394	7640.81	14	1.#QNAN	0	0.015	0	2.0699e-009	10454.8	12394	11937.4
12253.7	7551.5	15	1.#QNAN	0	0.016	0	2.52363e-009	10498.3	12253.7	11780.1
12065.8	7437.37	16	1.#QNAN	0	0.015	0	3.0344e-009	9522.02	12065.8	11559.5
11853.6	7313.73	17	1.#QNAN	0	0.032	0	3.7711e-009	8799.56	11853.6	11311.6
11626.9	7182.09	18	1.#QNAN	0	0.015	0	4.34143e-009	8331.83	11626.9	11048.1
11390.1	7047.85	19	1.#QNAN	0	0.016	0	5.38899e-009	7807.17	11390.1	10776.9
11136.5	6904.74	20	1.#QNAN	0	0.015	0	6.34154e-009	7175.67	11136.5	10488.2
10889	6763.17	21	1.#QNAN	0	0.016	0	7.12555e-009	6949.5	10889	10212.5
10651	6626.42	22	1.#QNAN	0	0.016	0	8.55023e-009	6915.31	10651	9952.83
10410.8	6487.88	23	1.#QNAN	0	0.015	0	9.25877e-009	6489.04	10410.8	9692.8
10181.8	6358.04	24	1.#QNAN	0	0.016	0	1.01624e-008	6368.9	10181.8	9449.94
9959.18	6231.91	25	1.#QNAN	0	0.031	0	1.12857e-008	6179.95	9959.18	9217.87
9750.24	6113.43	26	1.#QNAN	0	0.016	0	1.21189e-008	6259.21	9750.24	9003.46
9551.72	5999.79	27	1.#QNAN	0	0.015	0	1.25734e-008	6185	9551.72	8803.32
9354.75	5884.92	28	1.#QNAN	0	0.016	0	1.33146e-008	5876.15	9354.75	8606.11
9170.97	5778.89	29	1.#QNAN	0	0.015	0	1.42108e-008	5935.07	9170.97	8425.04
8993.51	5675.43	30	1.#QNAN	0	0.016	0	1.48443e-008	5715.48	8993.51	8251.93
8821.12	5574.79	31	1.#QNAN	0	0.016	0	1.55338e-008	5653.92	8821.12	8085.16
8663.19	5483.75	32	1.#QNAN	0	0.031	0	1.62578e-008	5682.56	8663.19	7934.92
8511.63	5395.84	33	1.#QNAN	0	0.015	0	1.71075e-008	5621.2	8511.63	7792.24
8368.55	5314	34	1.#QNAN	0	0.016	0	1.76417e-008	5603.72	8368.55	7658.93
8234.31	5236.9	35	1.#QNAN	0	0.016	0	1.79622e-008	5558.91	8234.31	7535.37
8103.27	5161.87	36	1.#QNAN	0	0.015	0	1.87317e-008	5571.49	8103.27	7415.55
7977.28	5089.93	37	1.#QNAN	0	0.016	0	1.8304e-008	5357.41	7977.28	7300.73
7858.14	5020.86	38	1.#QNAN	0	0.015	0	1.97021e-008	5291.57	7858.14	7193.12
7744.72	4954.94	39	1.#QNAN	0	0.016	0	1.96949e-008	5267.16	7744.72	7091.61
7637.08	4892.36	40	1.#QNAN	0	0.031	0	2.10286e-008	5268.99	7637.08	6996.32
7534.62	4832.23	41	1.#QNAN	0	0.016	0	2.0858e-008	5202.63	7534.62	6906.03
7436.88	4774.16	42	1.#QNAN	0	0.015	0	2.2883e-008	5221.7	7436.88	6820.82
7342.79	4717.89	43	1.#QNAN	0	0.016	0	2.3338e-008	5169.63	7342.79	6739.06
7254.03	4664.74	44	1.#QNAN	0	0.016	0	2.33061e-008	5173.1	7254.03	6662.65
7169.14	4613.45	45	1.#QNAN	0	0.031	0	2.43349e-008	5122.6	7169.14	6589.9
7088.49	4564.72	46	1.#QNAN	0	0.015	0	2.49868e-008	5148.4	7088.49	6521.42
7006.79	4514.94	47	1.#QNAN	0	0.016	1	2.62519e-008	4942.94	7006.79	6451.2
6932.48	4469.73	48	1.#QNAN	0	0.016	0	2.62254e-008	5083.75	6932.48	6388.66
6858.44	4424.05	49	1.#QNAN	0	0.015	0	2.74548e-008	4932.16	6858.44	6325.97
6787.55	4380.93	50	1.#QNAN	0	0.016	0	2.82064e-008	4846.37	6787.55	6265.96
6720.31	4339.67	51	1.#QNAN	0	0.015	0	2.7321e-008	4822.22	6720.31	6209.47
6656.69	4300.08	52	1.#QNAN	0	0.032	0	2.94376e-008	4846.54	6656.69	6156.47
6592.82	4260.48	53	1.#QNAN	0	0.015	0	2.90718e-008	4715.89	6592.82	6102.82
6530.14	4221.29	54	1.#QNAN	0	0.016	0	2.98097e-008	4673.55	6530.14	6049.95
6470.58	4183.73	55	1.#QNAN	0	0.015	0	3.15495e-008	4718.66	6470.58	6000.24
6412.14	4147.04	56	1.#QNAN	0	0.016	0	3.25599e-008	4597.35	6412.14	5951.16
6354.9	4110.97	57	1.#QNAN	0	0.016	0	3.37279e-008	4539.34	6354.9	5903.07
6299.85	4076.04	58	1.#QNAN	0	0.031	0	3.56756e-008	4544.92	6299.85	5857.01
6246.5	4042.38	59	1.#QNAN	0	0.015	0	3.59444e-008	4468.07	6246.5	5812.26
6193.57	4008.83	60	1.#QNAN	0	0.016	0	3.7155e-008	4491.67	6193.57	5767.81
6142.01	3976.05	61	1.#QNAN	0	0.016	0	3.99186e-008	4375.22	6142.01	5724.44
6092.07	3945.2	62	1.#QNAN	0	0.015	0	4.0008e-008	4440.32	6092.07	5682.54
6043.07	3914.05	63	1.#QNAN	0	0.016	0	4.16562e-008	4210.54	6043.07	5640.98
5996.73	3884.72	64	1.#QNAN	0	0.015	0	4.44835e-008	4361.08	5996.73	5602.28
5949.86	3854.49	65	1.#QNAN	0	0.016	0	4.2745e-008	4182.4	5949.86	5562.66
5904.47	3825.34	66	1.#QNAN	0	0.031	0	4.40021e-008	4179.9	5904.47	5524.3
5860.58	3797	67	1.#QNAN	0	0.016	0	4.43872e-008	4159.08	5860.58	5487.34
5817.68	3769.73	68	1.#QNAN	0	0.015	0	4.72143e-008	4097.95	5817.68	5451.08
5776.04	3743.54	69	1.#QNAN	0	0.016	0	4.75303e-008	4107.52	5776.04	5416.08
5734.46	3716.74	70	1.#QNAN	0	0.016	0	4.87845e-008	4059.42	5734.46	5380.91
5694.71	3691.39	71	1.#QNAN	0	0.015	0	5.08747e-008	3984.48	5694.71	5347.27
5656.19	3667.09	72	1.#QNAN	0	0.016	0	5.28345e-008	4132.2	5656.19	5314.89
5617.02	3642.44	73	1.#QNAN	0	0.031	0	5.47383e-008	3915.52	5617.02	5281.54
5578.52	3617.98	74	1.#QNAN	0	0.016	0	5.45035e-008	3912.72	5578.52	5248.83
5540.25	3593.82	75	1.#QNAN	0	0.015	0	5.54405e-008	3861.35	5540.25	5216.08
5503.17	3570.26	76	1.#QNAN	0	0.016	0	5.74302e-008	3816.89	5503.17	5184.38
5467.7	3547.51	77	1.#QNAN	0	0.015	0	6.14232e-008	3949.45	5467.7	5154.43
5431.28	3524.26	78	1.#QNAN	0	0.016	0	6.12988e-008	3794.24	5431.28	5123.21
5396.95	3502.41	79	1.#QNAN	0	0.016	0	6.20079e-008	3867.76	5396.95	5094.06
5362.79	3480.58	80	1.#QNAN	0	0.015	0	6.27932e-008	3760.43	5362.79	5064.87
5328.52	3458.92	81	1.#QNAN	0	0.031	0	6.51016e-008	3622.06	5328.52	5035.25
5295.11	3437.43	82	1.#QNAN	0	0.016	0	6.683e-008	3620.86	5295.11	5006.47
5262.97	3416.9	83	1.#QNAN	0	0.016	0	7.09706e-008	3777.04	5262.97	4978.95
5231.34	3396.14	84	1.#QNAN	0	0.015	0	7.03084e-008	3643.58	5231.34	4951.79
5200.31	3376.28	85	1.#QNAN	0	0.016	0	7.368e-008	3567.01	5200.31	4925.02
5169.01	3356.36	86	1.#QNAN	0	0.015	0	7.41598e-008	3496.26	5169.01	4897.85
5138.33	3336.82	87	1.#QNAN	0	0.016	0	7.59402e-008	3501.11	5138.33	4871.25
5108.75	3317.85	88	1.#QNAN	0	0.031	0	8.11728e-008	3696.43	5108.75	4845.82
5078.84	3298.64	89	1.#QNAN	0	0.016	0	7.68543e-008	3429.85	5078.84	4819.76
5050.71	3280.57	90	1.#QNAN	0	0.015	0	8.0878e-008	3539.74	5050.71	4795.53
5022.41	3262.26	91	1.#QNAN	0	0.016	0	8.25835e-008	3479.96	5022.41	4771.06
4994.55	3244.08	92	1.#QNAN	0	0.016	0	8.59967e-008	3446.61	4994.55	4746.93
4967.09	3226.28	93	1.#QNAN	0	0.015	0	8.65905e-008	3394.58	4967.09	4723.06
4940.14	3208.82	94	1.#QNAN	0	0.016	0	9.00458e-008	3395.57	4940.14	4699.62
4913.45	3191.63	95	1.#QNAN	0	0.015	0	8.92104e-008	3365.48	4913.45	4676.37
4887.45	3174.75	96	1.#QNAN	0	0.032	0	9.23814e-008	3385.06	4887.45	4653.78
4861.99	3158.34	97	1.#QNAN	0	0.015	0	9.42052e-008	3359.17	4861.99	4631.64
4837.29	3142.34	98	1.#QNAN	0	0.016	0	9.86121e-008	3368.87	4837.29	4610.19
4811.87	3125.95	99	1.#QNAN	0	0.015	0	9.95563e-008	3255.08	4811.87	4587.85
4787.15	3109.88	100	1.#QNAN	0	0.016	0	9.84661e-008	3296.72	4787.15	4566.24
4763.52	3094.58	101	1.#QNAN	0	0.016	0	1.02365e-007	3319.75	4763.52	4545.7
4739.85	3079.2	102	1.#QNAN	0	0.015	0	1.02285e-007	3228.79	4739.85	4524.98
4716.26	3063.79	103	1.#QNAN	0	0.016	0	1.07357e-007	3230.69	4716.26	4504.32
4693.3	3048.88	104	1.#QNAN	0	0.031	1	1.08604e-007	3188.29	4693.3	4484.19
4670.41	3033.9	105	1.#QNAN	0	0.016	0	1.12737e-007	3190.06	4670.41	4464.11
4647.8	3019.18	106	1.#QNAN	0	0.015	0	1.09632e-007	3198.35	4647.8	4444.26
4626.09	3004.76	107	1.#QNAN	0	0.016	0	1.13216e-007	3209.32	4626.09	4425.3
4604.3	2990.23	108	1.#QNAN	0	0.015	0	1.12774e-007	3133.09	4604.3	4406.15
4583.12	2976.29	109	1.#QNAN	0	0.016	0	1.16402e-007	3184.84	4583.12	4387.61
4561.89	2962.36	110	1.#QNAN	0	0.016	0	1.21087e-007	3127.83	4561.89	4368.93
4541.27	2948.81	111	1.#QNAN	0	0.015	0	1.18925e-007	3109.55	4541.27	4350.79
4520.85	2935.27	112	1.#QNAN	0	0.031	0	1.23439e-007	3214.89	4520.85	4332.91
4500.46	2921.91	113	1.#QNAN	0	0.016	0	1.26896e-007	3031.5	4500.46	4314.86
4480.67	2908.66	114	1.#QNAN	0	0.016	0	1.21197e-007	3228.54	4480.67	4297.51
4461.02	2895.54	115	1.#QNAN	0	0.015	0	1.27657e-007	3091.97	4461.02	4280.22
4441.72	2882.59	116	1.#QNAN	0	0.016	0	1.31652e-007	3076.42	4441.72	4263.19
4421.98	2869.53	117	1.#QNAN	0	0.015	0	1.33219e-007	2971.49	4421.98	4245.66
4403.4	2857.14	118	1.#QNAN	0	0.016	0	1.38111e-007	3052.58	4403.4	4229.33
4384.52	2844.77	119	1.#QNAN	0	0.016	0	1.41021e-007	2964.18	4384.52	4212.58
4365.92	2832.46	120	1.#QNAN	0	0.031	0	1.38113e-007	2966.43	4365.92	4196.06
4347.62	2820.25	121	1.#QNAN	0	0.015	0	1.43113e-007	2913.6	4347.62	4179.77
4329.39	2808.17	122	1.#QNAN	0	0.016	0	1.49044e-007	2923.35	4329.39	4163.53
4311.77	2796.55	123	1.#QNAN	0	0.016	0	1.39942e-007	3085.86	4311.77	4147.88
4294.41	2784.99	124	1.#QNAN	0	0.015	0	1.49866e-007	2918.47	4294.41	4132.45
4277.26	2773.65	125	1.#QNAN	0	0.016	0	1.50849e-007	2921.21	4277.26	4117.21
4260.17	2762.2	126	1.#QNAN	0	0.031	0	1.50107e-007	2864.29	4260.17	4101.96
4243.58	2751.3	127	1.#QNAN	0	0.016	0	1.60906e-007	2904.24	4243.58	4087.18
4226.95	2740.32	128	1.#QNAN	0	0.015	0	1.52162e-007	2863.86	4226.95	4072.33
4210.78	2729.65	129	1.#QNAN	0	0.016	0	1.60173e-007	2868.34	4210.78	4057.92
4194.3	2718.77	130	1.#QNAN	0	0.016	0	1.69149e-007	2813.89	4194.3	4043.16
4178.06	2708.11	131	1.#QNAN	0	0.015	0	1.6584e-007	2826.64	4178.06	4028.62
4162.71	2697.99	132	1.#QNAN	0	0.016	0	1.75724e-007	3067.56	4162.71	4015.02
4146.82	2687.46	133	1.#QNAN	0	0.031	0	1.69686e-007	2785.91	4146.82	4000.74
4131.18	2677.14	134	1.#QNAN	0	0.016	0	1.68232e-007	2797.68	4131.18	3986.73
4115.49	2666.86	135	1.#QNAN	0	0.015	0	1.73858e-007	2751.25	4115.49	3972.62
4100.69	2656.96	136	1.#QNAN	0	0.016	0	1.83899e-007	2986.07	4100.69	3959.47
4085.84	2646.97	137	1.#QNAN	0	0.015	0	1.76369e-007	2819.8	4085.84	3946.17
4070.87	2637.04	138	1.#QNAN	0	0.016	0	1.91511e-007	2744.12	4070.87	3932.71
4055.97	2627.07	139	1.#QNAN	0	0.016	0	1.88396e-007	2751.18	4055.97	3919.31
4041.36	2617.33	140	1.#QNAN	0	0.031	0	1.89504e-007	2743.26	4041.36	3906.18
4026.89	2607.66	141	1.#QNAN	0	0.015	0	1.89745e-007	2705.37	4026.89	3893.13
4012.85	2598.38	142	1.#QNAN	0	0.016	0	1.89185e-007	2797.42	4012.85	3880.53
3998.99	2589.15	143	1.#QNAN	0	0.016	0	1.95815e-007	2760.3	3998.99	3868.06
3985.02	2579.88	144	1.#QNAN	0	0.015	0	1.96027e-007	2678.05	3985.02	3855.46
3971.19	2570.74	145	1.#QNAN	0	0.016	0	2.01933e-007	2657.21	3971.19	3842.94
3957.43	2561.52	146	1.#QNAN	0	0.015	0	1.96178e-007	2658.74	3957.43	3830.49
3943.59	2552.34	147	1.#QNAN	0	0.032	0	2.05142e-007	2642.71	3943.59	3817.94
3930	2543.19	148	1.#QNAN	0	0.015	0	2.04096e-007	2647.77	3930	3805.62
3916.51	2534.14	149	1.#QNAN	0	0.016	0	2.10866e-007	2618.36	3916.51	3793.38
3902.99	2525.1	150	1.#QNAN	0	0.015	0	2.07951e-007	2595.28	3902.99	3781.1
3889.66	2516.1	151	1.#QNAN	0	0.016	0	2.11553e-007	2590.48	3889.66	3769
3876.74	2507.22	152	1.#QNAN	0	0.016	0	2.09651e-007	2608.55	3876.74	3757.27
3864.14	2498.57	153	1.#QNAN	0	0.031	0	2.15663e-007	2663.48	3864.14	3745.9
3851.3	2489.93	154	1.#QNAN	0	0.015	0	2.20006e-007	2579.9	3851.3	3734.22
3838.73	2481.38	155	1.#QNAN	0	0.016	0	2.22597e-007	2582.35	3838.73	3722.81
3826.25	2472.74	156	1.#QNAN	0	0.016	0	2.16235e-007	2594.73	3826.25	3711.46
3813.72	2464.26	157	1.#QNAN	0	0.015	0	2.19454e-007	2545.85	3813.72	3700.03
3801.62	2455.97	158	1.#QNAN	0	0.016	1	2.31077e-007	2540.53	3801.62	3689
3789.73	2447.79	159	1.#QNAN	0	0.015	0	2.2144e-007	2663.72	3789.73	3678.19
3777.98	2439.74	160	1.#QNAN	0	0.016	0	2.23314e-007	2770.71	3777.98	3667.54
3766.28	2431.7	161	1.#QNAN	0	0.031	0	2.2835e-007	2556.09	3766.28	3656.9
3754.72	2423.66	162	1.#QNAN	0	0.016	0	2.28868e-007	2593.81	3754.72	3646.4
3743.08	2415.72	163	1.#QNAN	0	0.015	0	2.38462e-007	2494.49	3743.08	3635.75
3732.05	2408.09	164	1.#QNAN	0	0.016	0	2.37711e-007	2752.1	3732.05	3625.74
3720.88	2400.3	165	1.#QNAN	0	0.016	0	2.36289e-007	2641.48	3720.88	3615.58
3709.53	2392.57	166	1.#QNAN	0	0.015	0	2.34239e-007	2486.22	3709.53	3605.18
3698.44	2384.97	167	1.#QNAN	0	0.031	0	2.41274e-007	2505.96	3698.44	3595.03
3687.5	2377.54	168	1.#QNAN	0	0.016	0	2.33404e-007	2544.65	3687.5	3585.04
3676.43	2370.05	169	1.#QNAN	0	0.016	0	2.44546e-007	2441.65	3676.43	3574.89
3665.71	2362.7	170	1.#QNAN	0	0.015	0	2.45185e-007	2482.74	3665.71	3565.07
3655.02	2355.43	171	1.#QNAN	0	0.016	0	2.46329e-007	2478.48	3655.02	3555.27
3644.7	2348.26	172	1.#QNAN	0	0.015	0	2.52516e-007	2689.77	3644.7	3545.87
3634.33	2341.12	173	1.#QNAN	0	0.016	0	2.53912e-007	2560.89	3634.33	3536.39
3624.02	2333.96	174	1.#QNAN	0	0.016	0	2.5439e-007	2498.51	3624.02	3526.98
3613.6	2326.85	175	1.#QNAN	0	0.031	0	2.50493e-007	2436.93	3613.6	3517.41
3603.22	2319.75	176	1.#QNAN	0	0.015	0	2.54084e-007	2428.66	3603.22	3507.85
3592.99	2312.7	177	1.#QNAN	0	0.016	0	2.59682e-007	2438.87	3592.99	3498.45
3582.89	2305.61	178	1.#QNAN	0	0.016	0	2.6867e-007	2459.11	3582.89	3489.22
3572.86	2298.6	179	1.#QNAN	0	0.015	0	2.533e-007	2426.86	3572.86	3479.99
3562.82	2291.57	180	1.#QNAN	0	0.016	0	2.67753e-007	2397.52	3562.82	3470.78
3553.05	2284.68	181	1.#QNAN	0	0.015	0	2.72631e-007	2465.39	3553.05	3461.82
3543.83	2278.08	182	1.#QNAN	0	0.032	0	2.88385e-007	2594.21	3543.83	3453.42
3534.37	2271.53	183	1.#QNAN	0	0.015	0	2.81521e-007	2425.63	3534.37	3444.74
3524.86	2265.01	184	1.#QNAN	0	0.016	0	2.84437e-007	2589.32	3524.86	3436.01
3515.26	2258.45	185	1.#QNAN	0	0.015	0	2.74233e-007	2367.2	3515.26	3427.16
3505.72	2251.86	186	1.#QNAN	0	0.016	0	2.84212e-007	2341.88	3505.72	3418.35
3496.08	2245.29	187	1.#QNAN	0	0.016	0	2.84713e-007	2313.25	3496.08	3409.43
3486.92	2238.92	188	1.#QNAN	0	0.015	0	2.82393e-007	2435.37	3486.92	3401.01
3477.72	2232.58	189	1.#QNAN	0	0.016	0	2.90741e-007	2346.76	3477.72	3392.5
3469.12	2226.53	190	1.#QNAN	0	0.015	0	2.94213e-007	2632.37	3469.12	3384.64
3460.07	2220.26	191	1.#QNAN	0	0.032	0	3.02637e-007	2351.87	3460.07	3376.28
3451.09	2214.03	192	1.#QNAN	0	0.015	0	2.98485e-007	2333.39	3451.09	3367.98
3442.24	2207.85	193	1.#QNAN	0	0.016	0	3.0238e-007	2349.35	3442.24	3359.8
3433.67	2201.94	194	1.#QNAN	0	0.015	0	3.03106e-007	2425.98	3433.67	3351.9
3425.13	2196	195	1.#QNAN	0	0.016	0	3.06355e-007	2370.72	3425.13	3344.03
3416.45	2190.07	196	1.#QNAN	0	0.016	0	3.00277e-007	2301.26	3416.45	3336
3408.2	2184.23	197	1.#QNAN	0	0.015	0	3.00066e-007	2368.08	3408.2	3328.41
3399.72	2178.38	198	1.#QNAN	0	0.031	0	2.95877e-007	2324.76	3399.72	3320.58
3391.54	2172.66	199	1.#QNAN	0	0.016	0	3.16994e-007	2471.1	3391.54	3313.05
3383.39	2167.03	200	1.#QNAN	0	0.016	0	3.10804e-007	2417.32	3383.39	3305.54
3375.17	2161.41	201	1.#QNAN	0	0.015	0	3.13993e-007	2335.19	3375.17	3297.91
3366.91	2155.68	202	1.#QNAN	0	0.016	0	3.34885e-007	2286.17	3366.91	3290.24
3358.88	2150.04	203	1.#QNAN	0	0.015	0	3.15076e-007	2329.6	3358.88	3282.82
3350.99	2144.53	204	1.#QNAN	0	0.032	0	3.21105e-007	2325.58	3350.99	3275.52
3343.05	2139.01	205	1.#QNAN	0	0.015	0	3.21715e-007	2328.85	3343.05	3268.16
3335.21	2133.49	206	1.#QNAN	0	0.016	0	3.1962e-007	2314.39	3335.21	3260.91
3327.84	2128.25	207	1.#QNAN	0	0.015	0	3.22887e-007	2442.33	3327.84	3254.12
3320.02	2122.86	208	1.#QNAN	0	0.016	0	3.25361e-007	2285.06	3320.02	3246.86
3312.38	2117.6	209	1.#QNAN	0	0.016	0	3.21348e-007	2296.16	3312.38	3239.78
3304.59	2112.22	210	1.#QNAN	0	0.015	0	3.2123e-007	2241.66	3304.59	3232.54
3297.15	2106.97	211	1.#QNAN	0	0.016	0	3.31962e-007	2301.67	3297.15	3225.63
3289.78	2101.84	212	1.#QNAN	0	0.031	0	3.30395e-007	2289.52	3289.78	3218.81
3282.35	2096.75	213	1.#QNAN	0	0.016	0	3.21485e-007	2238.28	3282.35	3211.89
3274.93	2091.65	214	1.#QNAN	0	0.015	1	3.38158e-007	2268.33	3274.93	3204.97
3267.8	2086.59	215	1.#QNAN	0	0.016	0	3.2997e-007	2314.03	3267.8	3198.36
3260.45	2081.48	216	1.#QNAN	0	0.015	0	3.24333e-007	2256.45	3260.45	3191.52
3253.16	2076.44	217	1.#QNAN	0	0.016	0	3.37267e-007	2245.99	3253.16	3184.73
3246.12	2071.49	218	1.#QNAN	0	0.016	0	3.43667e-007	2291.68	3246.12	3178.21
3239.03	2066.62	219	1.#QNAN	0	0.031	0	3.35044e-007	2238.1	3239.03	3171.59
3231.85	2061.72	220	1.#QNAN	0	0.015	0	3.46486e-007	2215.26	3231.85	3164.9
3224.74	2056.84	221	1.#QNAN	0	0.016	0	3.43453e-007	2225.12	3224.74	3158.27
3217.79	2052.04	222	1.#QNAN	0	0.016	0	3.29099e-007	2267.88	3217.79	3151.78
3210.93	2047.32	223	1.#QNAN	0	0.015	0	3.42289e-007	2321.85	3210.93	3145.4
3204.29	2042.68	224	1.#QNAN	0	0.016	0	3.36172e-007	2280.11	3204.29	3139.2
3197.51	2037.98	225	1.#QNAN	0	0.015	0	3.50661e-007	2226.25	3197.51	3132.86
3190.87	2033.36	226	1.#QNAN	0	0.032	0	3.5117e-007	2253.88	3190.87	3126.66
3184.05	2028.67	227	1.#QNAN	0	0.015	0	3.60934e-007	2189.02	3184.05	3120.27
3177.49	2024.05	228	1.#QNAN	0	0.016	0	3.55602e-007	2275.62	3177.49	3114.14
3171.24	2019.58	229	1.#QNAN	0	0.015	0	3.4308e-007	2438.35	3171.24	3108.34
3164.7	2014.99	230	1.#QNAN	0	0.016	0	3.47154e-007	2229.94	3164.7	3102.24
3158.25	2010.53	231	1.#QNAN	0	0.016	0	3.54872e-007	2221.01	3158.25	3096.2
3151.78	2005.99	232	1.#QNAN	0	0.015	0	3.63472e-007	2222.52	3151.78	3090.17
3145.47	2001.6	233	1.#QNAN	0	0.016	0	3.53803e-007	2236.39	3145.47	3084.27
3139.09	1997.13	234	1.#QNAN	0	0.031	0	3.58711e-007	2226.69	3139.09	3078.31
3132.81	1992.75	235	1.#QNAN	0	0.016	0	3.68949e-007	2227.14	3132.81	3072.44
3126.46	1988.29	236	1.#QNAN	0	0.015	0	3.67639e-007	2203	3126.46	3066.49
3120.23	1983.9	237	1.#QNAN	0	0.016	0	3.62798e-007	2214.71	3120.23	3060.67
3114.16	1979.63	238	1.#QNAN	0	0.015	0	3.59901e-007	2226.34	3114.16	3055.01
3108.12	1975.43	239	1.#QNAN	0	0.016	0	3.68197e-007	2203.91	3108.12	3049.36
3102.2	1971.3	240	1.#QNAN	0	0.016	0	3.60609e-007	2242.7	3102.2	3043.84
3096.11	1967.07	241	1.#QNAN	0	0.015	0	3.71723e-007	2175.43	3096.11	3038.13
3090.2	1962.94	242	1.#QNAN	0	0.031	0	3.6665e-007	2193.97	3090.2	3032.6
3084.23	1958.83	243	1.#QNAN	0	0.016	0	3.76803e-007	2183.17	3084.23	3027.02
3078.39	1954.77	244	1.#QNAN	0	0.016	0	3.68136e-007	2195.56	3078.39	3021.56
3072.45	1950.61	245	1.#QNAN	0	0.015	0	3.55398e-007	2173.06	3072.45	3016
3066.9	1946.61	246	1.#QNAN	0	0.016	0	3.76202e-007	2438.09	3066.9	3010.84
3061.15	1942.53	247	1.#QNAN	0	0.015	0	3.70906e-007	2186.93	3061.15	3005.46
3055.39	1938.52	248	1.#QNAN	0	0.016	0	3.85509e-007	2153.59	3055.39	3000.05
3049.86	1934.55	249	1.#QNAN	0	0.031	0	3.78551e-007	2270.53	3049.86	2994.91
3044.16	1930.51	250	1.#QNAN	0	0.016	0	3.81965e-007	2190.05	3044.16	2989.57
3038.68	1926.67	251	1.#QNAN	0	0.015	0	3.85784e-007	2237.45	3038.68	2984.45
3033.12	1922.73	252	1.#QNAN	0	0.016	0	4.09126e-007	2168.16	3033.12	2979.24
3027.69	1918.86	253	1.#QNAN	0	0.016	0	3.8819e-007	2215.03	3027.69	2974.16
3022.17	1915.01	254	1.#QNAN	0	0.015	0	3.86209e-007	2167.2	3022.17	2968.99
3016.75	1911.11	255	1.#QNAN	0	0.016	0	3.89676e-007	2185.67	3016.75	2963.92
3011.58	1907.4	256	1.#QNAN	0	0.015	0	3.89959e-007	2252.77	3011.58	2959.1
3006.24	1903.64	257	1.#QNAN	0	0.032	0	3.87e-007	2146.97	3006.24	2954.1
3000.85	1899.85	258	1.#QNAN	0	0.015	0	3.76325e-007	2143.31	3000.85	2949.03
2995.6	1896.16	259	1.#QNAN	0	0.016	0	3.96357e-007	2158.27	2995.6	2944.11
2990.33	1892.45	260	1.#QNAN	0	0.015	0	3.81582e-007	2139.2	2990.33	2939.16
2984.99	1888.7	261	1.#QNAN	0	0.016	0	4.06748e-007	2118.01	2984.99	2934.14
2979.71	1884.98	262	1.#QNAN	0	0.016	0	3.9822e-007	2123.03	2979.71	2929.18
2974.63	1881.36	263	1.#QNAN	0	0.031	0	3.96815e-007	2164.28	2974.63	2924.43
2969.49	1877.71	264	1.#QNAN	0	0.015	0	4.18707e-007	2123.17	2969.49	2919.6
2964.54	1874.14	265	1.#QNAN	0	0.016	0	4.25806e-007	2211.83	2964.54	2914.97
2959.44	1870.52	266	1.#QNAN	0	0.016	0	4.16136e-007	2147.13	2959.44	2910.17
2954.32	1866.88	267	1.#QNAN	0	0.015	0	4.14142e-007	2097.39	2954.32	2905.35
2949.32	1863.34	268	1.#QNAN	0	0.016	0	4.0213e-007	2127.02	2949.32	2900.66
2944.24	1859.78	269	1.#QNAN	0	0.015	0	4.08064e-007	2104.68	2944.24	2895.87
2939.35	1856.3	270	1.#QNAN	0	0.032	1	4.18761e-007	2142.19	2939.35	2891.28
2934.46	1852.87	271	1.#QNAN	0	0.015	0	4.05441e-007	2118.89	2934.46	2886.69
2929.5	1849.4	272	1.#QNAN	0	0.016	0	4.07924e-007	2091.6	2929.5	2882.01
2924.75	1846.02	273	1.#QNAN	0	0.015	0	4.10036e-007	2142.88	2924.75	2877.56
2920.06	1842.71	274	1.#QNAN	0	0.016	0	4.18249e-007	2176.61	2920.06	2873.17
2915.39	1839.47	275	1.#QNAN	0	0.016	0	4.30962e-007	2141.53	2915.39	2868.79
2910.63	1836.12	276	1.#QNAN	0	0.015	0	4.2448e-007	2125.28	2910.63	2864.31
2905.89	1832.82	277	1.#QNAN	0	0.031	0	4.3202e-007	2134.48	2905.89	2859.86
2901.35	1829.58	278	1.#QNAN	0	0.016	0	4.23687e-007	2251.76	2901.35	2855.61
2896.92	1826.43	279	1.#QNAN	0	0.016	0	4.41288e-007	2230.02	2896.92	2851.48
2892.52	1823.32	280	1.#QNAN	0	0.015	0	4.27659e-007	2241.52	2892.52	2847.36
2887.94	1820.09	281	1.#QNAN	0	0.016	0	4.31063e-007	2133.47	2887.94	2843.06
2883.57	1816.96	282	1.#QNAN	0	0.015	0	4.28552e-007	2185.72	2883.57	2838.97
2879.02	1813.76	283	1.#QNAN	0	0.016	0	4.37295e-007	2110.11	2879.02	2834.67
2874.63	1810.61	284	1.#QNAN	0	0.031	0	4.31876e-007	2174.46	2874.63	2830.56
2870.21	1807.45	285	1.#QNAN	0	0.016	0	4.19739e-007	2150.2	2870.21	2826.39
2865.81	1804.37	286	1.#QNAN	0	0.015	0	4.22201e-007	2130.96	2865.81	2822.25
2861.36	1801.25	287	1.#QNAN	0	0.016	0	4.24448e-007	2124.68	2861.36	2818.05
2857.05	1798.19	288	1.#QNAN	0	0.016	0	4.48755e-007	2134.22	2857.05	2814
2852.73	1795.15	289	1.#QNAN	0	0.015	0	4.24588e-007	2147.33	2852.73	2809.95
2848.44	1792.11	290	1.#QNAN	0	0.016	0	4.41218e-007	2137.03	2848.44	2805.91
2844.16	1789.09	291	1.#QNAN	0	0.031	0	4.30666e-007	2182.77	2844.16	2801.89
2839.71	1786	292	1.#QNAN	0	0.016	0	4.43948e-007	2075.04	2839.71	2797.68
2835.47	1782.96	293	1.#QNAN	0	0.015	0	4.41742e-007	2110.26	2835.47	2793.69
2831.2	1779.95	294	1.#QNAN	0	0.016	0	4.40993e-007	2078.65	2831.2	2789.67
2826.82	1776.91	295	1.#QNAN	0	0.015	0	4.4957e-007	2045.39	2826.82	2785.53
2822.75	1774	296	1.#QNAN	0	0.016	0	4.39444e-007	2313.31	2822.75	2781.7
2818.45	1770.96	297	1.#QNAN	0	0.016	0	4.45961e-007	2052.5	2818.45	2777.63
2814.25	1768.01	298	1.#QNAN	0	0.015	0	4.59897e-007	2050.85	2814.25	2773.67
2810.04	1765.01	299	1.#QNAN	0	0.031	0	4.72833e-007	2067.88	2810.04	2769.69
2805.99	1762.13	300	1.#QNAN	0	0.016	0	4.48691e-007	2100.73	2805.99	2765.88
2801.82	1759.19	301	1.#QNAN	0	0.016	0	4.50267e-007	2031.27	2801.82	2761.93
2797.77	1756.29	302	1.#QNAN	0	0.015	0	4.52356e-007	2086.21	2797.77	2758.11
2793.85	1753.45	303	1.#QNAN	0	0.016	0	4.54984e-007	2112.15	2793.85	2754.42
2789.86	1750.6	304	1.#QNAN	0	0.015	0	4.70349e-007	2083.47	2789.86	2750.64
2785.9	1747.76	305	1.#QNAN	0	0.016	0	4.63191e-007	2073.65	2785.9	2746.9
2781.99	1744.89	306	1.#QNAN	0	0.016	0	4.59889e-007	2095.19	2781.99	2743.21
2777.93	1742.01	307	1.#QNAN	0	0.031	0	4.67409e-007	2047.91	2777.93	2739.37
2774.04	1739.24	308	1.#QNAN	0	0.015	0	4.65173e-007	2196.29	2774.04	2735.69
2770.22	1736.49	309	1.#QNAN	0	0.016	0	4.78901e-007	2134.81	2770.22	2732.1
2766.35	1733.7	310	1.#QNAN	0	0.016	0	4.81413e-007	2082.97	2766.35	2728.45
2762.56	1731	311	1.#QNAN	0	0.015	0	4.89753e-007	2089.46	2762.56	2724.87
2758.73	1728.26	312	1.#QNAN	0	0.016	0	4.64239e-007	2055	2758.73	2721.24
2754.92	1725.53	313	1.#QNAN	0	0.015	0	4.65533e-007	2051	2754.92	2717.64
2751.13	1722.82	314	1.#QNAN	0	0.032	0	4.83084e-007	2025.29	2751.13	2714.04
2747.47	1720.25	315	1.#QNAN	0	0.015	0	4.86024e-007	2160.15	2747.47	2710.59
2743.73	1717.64	316	1.#QNAN	0	0.016	0	4.69307e-007	2043.93	2743.73	2707.04
2740.15	1715.11	317	1.#QNAN	0	0.015	0	4.61484e-007	2177.35	2740.15	2703.64
2736.43	1712.49	318	1.#QNAN	0	0.016	0	4.66581e-007	2032.98	2736.43	2700.12
2732.79	1709.93	319	1.#QNAN	0	0.016	0	4.69957e-007	2037	2732.79	2696.67
2729.19	1707.38	320	1.#QNAN	0	0.015	0	4.77631e-007	2091.95	2729.19	2693.26
2725.42	1704.79	321	1.#QNAN	0	0.016	0	4.79476e-007	1993.55	2725.42	2689.68
2721.71	1702.2	322	1.#QNAN	0	0.031	0	4.78459e-007	1999.86	2721.71	2686.17
2718	1699.61	323	1.#QNAN	0	0.016	0	4.84756e-007	1999.48	2718	2682.64
2714.24	1697.01	324	1.#QNAN	0	0.015	0	4.68832e-007	1966.62	2714.24	2679.06
2710.57	1694.48	325	1.#QNAN	0	0.016	0	4.86342e-007	1987.23	2710.57	2675.57
2706.93	1691.96	326	1.#QNAN	0	0.015	0	5.01913e-007	1972.06	2706.93	2672.1
2703.34	1689.47	327	1.#QNAN	0	0.016	1	4.95711e-007	2006.95	2703.34	2668.69
2699.84	1686.98	328	1.#QNAN	0	0.031	0	4.87627e-007	1998.95	2699.84	2665.37
2696.33	1684.53	329	1.#QNAN	0	0.016	0	4.90165e-007	1982.71	2696.33	2662.04
2692.77	1682.1	330	1.#QNAN	0	0.015	0	4.83678e-007	1958.14	2692.77	2658.65
2689.3	1679.69	331	1.#QNAN	0	0.016	0	4.8201e-007	1986.5	2689.3	2655.35
2685.93	1677.33	332	1.#QNAN	0	0.016	0	4.85755e-007	1995.75	2685.93	2652.16
2682.56	1675	333	1.#QNAN	0	0.015	0	4.85251e-007	1983.32	2682.56	2648.96
2679.1	1672.63	334	1.#QNAN	0	0.031	0	4.98705e-007	1950.87	2679.1	2645.67
2675.75	1670.28	335	1.#QNAN	0	0.016	0	4.98007e-007	1997.4	2675.75	2642.49
2672.33	1667.91	336	1.#QNAN	0	0.016	0	4.97265e-007	1951.59	2672.33	2639.24
2669.03	1665.59	337	1.#QNAN	0	0.015	0	5.08091e-007	2019.91	2669.03	2636.12
2665.59	1663.25	338	1.#QNAN	0	0.016	0	4.96799e-007	1957.69	2665.59	2632.83
2662.25	1660.94	339	1.#QNAN	0	0.015	0	5.01916e-007	1974.29	2662.25	2629.66
2658.93	1658.62	340	1.#QNAN	0	0.032	0	5.03489e-007	2016.26	2658.93	2626.5
2655.59	1656.32	341	1.#QNAN	0	0.015	0	5.00108e-007	1960.1	2655.59	2623.32
2652.35	1654.07	342	1.#QNAN	0	0.016	0	5.10358e-007	1994.33	2652.35	2620.24
2649.16	1651.86	343	1.#QNAN	0	0.015	0	5.15344e-007	1993.16	2649.16	2617.2
2645.83	1649.61	344	1.#QNAN	0	0.016	0	4.90104e-007	1932.41	2645.83	2614.03
2642.58	1647.43	345	1.#QNAN	0	0.016	0	5.04439e-007	1950.68	2642.58	2610.93
2639.31	1645.21	346	1.#QNAN	0	0.015	0	4.93932e-007	1939.85	2639.31	2607.81
2636.06	1643	347	1.#QNAN	0	0.031	0	4.87479e-007	1933.74	2636.06	2604.71
2632.87	1640.79	348	1.#QNAN	0	0.016	0	5.23264e-007	1979.52	2632.87	2601.67
2629.69	1638.6	349	1.#QNAN	0	0.016	0	5.19044e-007	1969.02	2629.69	2598.64
2626.6	1636.44	350	1.#QNAN	0	0.015	0	5.09534e-007	2009.73	2626.6	2595.7
2623.58	1634.36	351	1.#QNAN	0	0.016	0	5.00418e-007	2002	2623.58	2592.82
2620.39	1632.17	352	1.#QNAN	0	0.015	0	5.09528e-007	1956.67	2620.39	2589.79
2617.3	1630.03	353	1.#QNAN	0	0.016	0	5.2231e-007	1957.55	2617.3	2586.84
2614.37	1627.98	354	1.#QNAN	0	0.016	0	5.45968e-007	2162.25	2614.37	2584.07
2611.22	1625.85	355	1.#QNAN	0	0.015	0	5.25041e-007	1923.84	2611.22	2581.05
2608.15	1623.72	356	1.#QNAN	0	0.015	0	5.09975e-007	1976.91	2608.15	2578.13
2605.09	1621.63	357	1.#QNAN	0	0.016	0	5.19921e-007	1947.96	2605.09	2575.2
2602.06	1619.53	358	1.#QNAN	0	0.016	0	5.17106e-007	1944.45	2602.06	2572.31
2598.99	1617.44	359	1.#QNAN	0	0.015	0	5.32579e-007	1920.72	2598.99	2569.38
2596.03	1615.36	360	1.#QNAN	0	0.016	0	5.26371e-007	1992.31	2596.03	2566.57
2593.1	1613.28	361	1.#QNAN	0	0.015	0	5.39919e-007	1960.24	2593.1	2563.78
2590.18	1611.2	362	1.#QNAN	0	0.016	0	5.27933e-007	1957.05	2590.18	2561.01
2587.16	1609.12	363	1.#QNAN	0	0.016	0	5.17625e-007	1914.81	2587.16	2558.12
2584.14	1607.08	364	1.#QNAN	0	0.031	0	5.27883e-007	1890.76	2584.14	2555.24
2581.13	1605.04	365	1.#QNAN	0	0.015	0	5.36868e-007	1905.89	2581.13	2552.35
2578.08	1602.96	366	1.#QNAN	0	0.016	0	5.22966e-007	1898.6	2578.08	2549.43
2575.07	1600.94	367	1.#QNAN	0	0.016	0	5.20359e-007	1885.31	2575.07	2546.55
2572.21	1598.96	368	1.#QNAN	0	0.015	0	5.44949e-007	2082.58	2572.21	2543.82
2569.25	1596.94	369	1.#QNAN	0	0.016	0	5.39693e-007	1899.14	2569.25	2540.99
2566.46	1594.97	370	1.#QNAN	0	0.031	0	5.44598e-007	2020.9	2566.46	2538.33
2563.67	1593.02	371	1.#QNAN	0	0.016	0	5.6814e-007	2002.75	2563.67	2535.67
2560.85	1591.03	372	1.#QNAN	0	0.015	0	5.46582e-007	1948.63	2560.85	2532.98
2558.21	1589.12	373	1.#QNAN	0	0.016	0	5.38656e-007	2091.55	2558.21	2530.47
2555.51	1587.19	374	1.#QNAN	0	0.015	0	5.49342e-007	2017.11	2555.51	2527.9
2552.76	1585.23	375	1.#QNAN	0	0.016	0	5.54869e-007	1957.93	2552.76	2525.27
2549.92	1583.28	376	1.#QNAN	0	0.016	0	5.10387e-007	1885.47	2549.92	2522.56
2547.14	1581.33	377	1.#QNAN	0	0.015	0	5.41805e-007	1934.82	2547.14	2519.91
2544.47	1579.41	378	1.#QNAN	0	0.031	0	5.42766e-007	1969.44	2544.47	2517.36
2541.81	1577.51	379	1.#QNAN	0	0.016	0	5.57022e-007	1959.86	2541.81	2514.83
2539.14	1575.59	380	1.#QNAN	0	0.016	0	5.59546e-007	1951.26	2539.14	2512.28
2536.44	1573.63	381	1.#QNAN	0	0.015	0	5.6445e-007	1942.08	2536.44	2509.71
2533.85	1571.76	382	1.#QNAN	0	0.016	0	5.74512e-007	2022.79	2533.85	2507.24
2531.09	1569.86	383	1.#QNAN	0	0.015	0	5.62868e-007	1919.32	2531.09	2504.6
2528.36	1567.96	384	1.#QNAN	0	0.016	1	5.30354e-007	1929.86	2528.36	2501.98
2525.58	1566.05	385	1.#QNAN	0	0.016	0	5.59649e-007	1886.73	2525.58	2499.32
2522.95	1564.21	386	1.#QNAN	0	0.031	0	5.42786e-007	1938.19	2522.95	2496.81
2520.47	1562.45	387	1.#QNAN	0	0.015	0	5.54137e-007	2080.43	2520.47	2494.44
2517.81	1560.63	388	1.#QNAN	0	0.016	0	5.59426e-007	1910.35	2517.81	2491.9
2515.2	1558.84	389	1.#QNAN	0	0.016	0	5.45999e-007	1929.9	2515.2	2489.41
2512.59	1557.03	390	1.#QNAN	0	0.015	0	5.48603e-007	1905.54	2512.59	2486.91
2509.92	1555.23	391	1.#QNAN	0	0.016	0	5.58114e-007	1878.59	2509.92	2484.34
2507.31	1553.44	392	1.#QNAN	0	0.031	0	5.58491e-007	1905.85	2507.31	2481.84
2504.86	1551.69	393	1.#QNAN	0	0.016	0	5.52219e-007	2014.48	2504.86	2479.51
2502.36	1549.94	394	1.#QNAN	0	0.015	0	5.69239e-007	1966.59	2502.36	2477.13
2499.87	1548.17	395	1.#QNAN	0	0.016	0	5.45111e-007	1925.55	2499.87	2474.75
2497.33	1546.42	396	1.#QNAN	0	0.015	0	5.66044e-007	1923.36	2497.33	2472.32
2494.74	1544.65	397	1.#QNAN	0	0.016	0	5.53227e-007	1896.52	2494.74	2469.84
2492.36	1542.94	398	1.#QNAN	0	0.016	0	5.66017e-007	1981.5	2492.36	2467.57
2489.91	1541.24	399	1.#QNAN	0	0.015	0	5.58687e-007	1922.95	2489.91	2465.23
2487.37	1539.49	400	1.#QNAN	0	0.031	0	5.54922e-007	1899.16	2487.37	2462.8
2484.9	1537.75	401	1.#QNAN	0	0.016	0	5.64399e-007	1943.6	2484.9	2460.45
2482.42	1536.01	402	1.#QNAN	0	0.016	0	5.69165e-007	1938.94	2482.42	2458.08
2479.94	1534.31	403	1.#QNAN	0	0.015	0	5.7445e-007	1920.78	2479.94	2455.71
2477.55	1532.65	404	1.#QNAN	0	0.016	0	5.59689e-007	1939.16	2477.55	2453.43
2475.24	1530.98	405	1.#QNAN	0	0.015	0	5.55172e-007	2015.68	2475.24	2451.24
2472.84	1529.33	406	1.#QNAN	0	0.016	0	5.45459e-007	1916.42	2472.84	2448.95
2470.41	1527.66	407	1.#QNAN	0	0.031	0	5.82074e-007	1915.08	2470.41	2446.63
2467.99	1525.99	408	1.#QNAN	0	0.016	0	5.52944e-007	1928.48	2467.99	2444.31
2465.7	1524.36	409	1.#QNAN	0	0.015	0	5.90196e-007	1999.79	2465.7	2442.13
2463.43	1522.8	410	1.#QNAN	0	0.016	0	5.66207e-007	2066.46	2463.43	2439.96
2461.12	1521.18	411	1.#QNAN	0	0.016	0	5.70937e-007	1920.95	2461.12	2437.75
2458.85	1519.56	412	1.#QNAN	0	0.015	0	5.64985e-007	1944.47	2458.85	2435.58
2456.52	1517.98	413	1.#QNAN	0	0.016	0	5.85109e-007	1898.02	2456.52	2433.35
2454.26	1516.44	414	1.#QNAN	0	0.015	0	6.00643e-007	1984.67	2454.26	2431.19
2451.91	1514.82	415	1.#QNAN	0	0.032	0	5.90095e-007	1893.6	2451.91	2428.94
2449.56	1513.22	416	1.#QNAN	0	0.015	0	5.65605e-007	1886.6	2449.56	2426.67
2447.17	1511.63	417	1.#QNAN	0	0.016	0	5.7535e-007	1862.51	2447.17	2424.38
2444.93	1510.1	418	1.#QNAN	0	0.015	0	5.96896e-007	1917.74	2444.93	2422.24
2442.63	1508.55	419	1.#QNAN	0	0.016	0	5.63316e-007	1898.1	2442.63	2420.03
2440.38	1506.99	420	1.#QNAN	0	0.016	0	5.8242e-007	1926.55	2440.38	2417.88
2438.12	1505.43	421	1.#QNAN	0	0.015	0	5.91538e-007	1884.9	2438.12	2415.71
2436.06	1503.97	422	1.#QNAN	0	0.031	0	5.93399e-007	2071.87	2436.06	2413.76
2433.88	1502.46	423	1.#QNAN	0	0.016	0	5.79178e-007	1917.2	2433.88	2411.68
2431.85	1501	424	1.#QNAN	0	0.016	0	6.12271e-007	2205.12	2431.85	2409.75
2429.7	1499.52	425	1.#QNAN	0	0.015	0	5.80755e-007	1926.26	2429.7	2407.7
2427.54	1498.02	426	1.#QNAN	0	0.016	0	5.56313e-007	1939.69	2427.54	2405.63
2425.39	1496.53	427	1.#QNAN	0	0.015	0	5.89463e-007	1914.36	2425.39	2403.57
2423.26	1495.06	428	1.#QNAN	0	0.016	0	5.96675e-007	1907.81	2423.26	2401.53
2421	1493.56	429	1.#QNAN	0	0.016	0	5.69865e-007	1843.62	2421	2399.36
2418.88	1492.1	430	1.#QNAN	0	0.016	0	6.02343e-007	1984.82	2418.88	2397.34
2416.74	1490.63	431	1.#QNAN	0	0.015	0	6.00479e-007	1904.65	2416.74	2395.29
2414.73	1489.23	432	1.#QNAN	0	0.016	0	5.81305e-007	2066.97	2414.73	2393.37
2412.55	1487.74	433	1.#QNAN	0	0.016	0	5.94353e-007	1871.18	2412.55	2391.28
2410.5	1486.31	434	1.#QNAN	0	0.015	0	5.92692e-007	2023.9	2410.5	2389.32
2408.38	1484.84	435	1.#QNAN	0	0.016	0	6.01549e-007	1883.27	2408.38	2387.29
2406.46	1483.43	436	1.#QNAN	0	0.015	0	6.03438e-007	2059.06	2406.46	2385.47
2404.48	1482	437	1.#QNAN	0	0.032	0	6.07523e-007	1972.6	2404.48	2383.59
2402.45	1480.55	438	1.#QNAN	0	0.015	0	6.13494e-007	1938.97	2402.45	2381.64
2400.37	1479.08	439	1.#QNAN	0	0.016	0	6.29492e-007	1908.94	2400.37	2379.66
2398.56	1477.73	440	1.#QNAN	0	0.015	1	6.0903e-007	2068.59	2398.56	2377.94
2396.66	1476.33	441	1.#QNAN	0	0.016	0	6.23727e-007	1985.23	2396.66	2376.13
2394.74	1474.95	442	1.#QNAN	0	0.016	0	6.35178e-007	1949.93	2394.74	2374.3
2392.86	1473.58	443	1.#QNAN	0	0.015	0	6.02458e-007	1992.7	2392.86	2372.51
2391.01	1472.24	444	1.#QNAN	0	0.016	0	6.11256e-007	2154.86	2391.01	2370.75
2388.89	1470.78	445	1.#QNAN	0	0.031	0	6.02153e-007	1836.28	2388.89	2368.71
2386.98	1469.41	446	1.#QNAN	0	0.016	0	6.09451e-007	1923.26	2386.98	2366.88
2385.08	1468.06	447	1.#QNAN	0	0.015	0	5.93815e-007	1910.36	2385.08	2365.07
2383.08	1466.67	448	1.#QNAN	0	0.016	0	6.24599e-007	1866.15	2383.08	2363.15
2381.2	1465.3	449	1.#QNAN	0	0.015	0	6.00896e-007	2017.92	2381.2	2361.36
2379.26	1463.92	450	1.#QNAN	0	0.016	0	6.02127e-007	1874.17	2379.26	2359.51
2377.46	1462.59	451	1.#QNAN	0	0.016	0	5.91866e-007	2112.62	2377.46	2357.79
2375.47	1461.22	452	1.#QNAN	0	0.031	0	6.22599e-007	1859.55	2375.47	2355.88
2373.55	1459.83	453	1.#QNAN	0	0.015	0	6.17579e-007	1911.31	2373.55	2354.04
2371.85	1458.53	454	1.#QNAN	0	0.016	0	6.02132e-007	2196.88	2371.85	2352.44
2369.98	1457.18	455	1.#QNAN	0	0.016	0	6.43406e-007	1915.94	2369.98	2350.66
2368.08	1455.82	456	1.#QNAN	0	0.015	0	5.97244e-007	1895.67	2368.08	2348.84
2366.21	1454.47	457	1.#QNAN	0	0.016	0	6.16438e-007	1899.22	2366.21	2347.05
2364.35	1453.16	458	1.#QNAN	0	0.015	0	6.20179e-007	1912.26	2364.35	2345.27
2362.44	1451.82	459	1.#QNAN	0	0.032	0	6.09537e-007	1898.93	2362.44	2343.43
2360.61	1450.51	460	1.#QNAN	0	0.015	0	6.04218e-007	1960.47	2360.61	2341.67
2358.69	1449.17	461	1.#QNAN	0	0.016	0	6.11229e-007	1889.33	2358.69	2339.83
2356.74	1447.86	462	1.#QNAN	0	0.015	0	6.28808e-007	1847.03	2356.74	2337.95
2354.83	1446.52	463	1.#QNAN	0	0.016	0	6.17683e-007	1882.63	2354.83	2336.11
2353	1445.21	464	1.#QNAN	0	0.016	0	6.274e-007	1951.2	2353	2334.35
2351.13	1443.9	465	1.#QNAN	0	0.015	0	6.39725e-007	1895.32	2351.13	2332.56
2349.29	1442.61	466	1.#QNAN	0	0.016	0	6.44581e-007	1906.04	2349.29	2330.78
2347.54	1441.36	467	1.#QNAN	0	0.031	0	6.32042e-007	2028.49	2347.54	2329.11
2345.72	1440.04	468	1.#QNAN	0	0.016	0	6.27062e-007	1921.16	2345.72	2327.36
2343.98	1438.78	469	1.#QNAN	0	0.015	0	6.33927e-007	1976.56	2343.98	2325.69
2342.2	1437.5	470	1.#QNAN	0	0.016	0	6.42773e-007	1963.9	2342.2	2323.99
2340.29	1436.22	471	1.#QNAN	0	0.015	0	6.62299e-007	1834.91	2340.29	2322.15
2338.48	1434.95	472	1.#QNAN	0	0.016	0	6.41652e-007	1893.39	2338.48	2320.41
2336.78	1433.71	473	1.#QNAN	0	0.016	0	6.48876e-007	1982.1	2336.78	2318.79
2334.97	1432.44	474	1.#QNAN	0	0.015	0	6.70282e-007	1891.05	2334.97	2317.05
2333.35	1431.18	475	1.#QNAN	0	0.031	0	6.66712e-007	2010.02	2333.35	2315.51
2331.51	1429.88	476	1.#QNAN	0	0.016	0	6.46782e-007	1865.8	2331.51	2313.74
2329.83	1428.63	477	1.#QNAN	0	0.016	0	6.3252e-007	1955.07	2329.83	2312.14
2328.07	1427.36	478	1.#QNAN	0	0.015	0	6.50859e-007	1895.81	2328.07	2310.45
2326.27	1426.08	479	1.#QNAN	0	0.016	0	6.62621e-007	1881.84	2326.27	2308.72
2324.56	1424.83	480	1.#QNAN	0	0.015	0	6.27582e-007	1907.84	2324.56	2307.09
2322.75	1423.56	481	1.#QNAN	0	0.016	0	6.63176e-007	1869.49	2322.75	2305.34
2321.01	1422.31	482	1.#QNAN	0	0.016	0	6.7151e-007	1917.08	2321.01	2303.68
2319.42	1421.1	483	1.#QNAN	0	0.031	0	6.67254e-007	1975.93	2319.42	2302.15
2317.62	1419.84	484	1.#QNAN	0	0.015	0	6.52508e-007	1871.97	2317.62	2300.43
2315.86	1418.58	485	1.#QNAN	0	0.016	0	6.28261e-007	1870.51	2315.86	2298.73
2314.18	1417.34	486	1.#QNAN	0	0.016	0	6.52632e-007	1923.29	2314.18	2297.12
2312.5	1416.12	487	1.#QNAN	0	0.015	0	6.47419e-007	1919.06	2312.5	2295.5
2310.87	1414.9	488	1.#QNAN	0	0.016	0	6.53345e-007	1975.57	2310.87	2293.95
2309.31	1413.73	489	1.#QNAN	0	0.031	0	6.36401e-007	2019.65	2309.31	2292.45
2307.63	1412.52	490	1.#QNAN	0	0.016	0	6.49475e-007	1923.61	2307.63	2290.83
2306.02	1411.32	491	1.#QNAN	0	0.015	0	6.93131e-007	1993.19	2306.02	2289.29
2304.26	1410.11	492	1.#QNAN	0	0.016	0	6.62315e-007	1872.78	2304.26	2287.59
2302.53	1408.89	493	1.#QNAN	0	0.015	0	6.72412e-007	1875.54	2302.53	2285.92
2300.87	1407.68	494	1.#QNAN	0	0.016	0	7.12953e-007	1911.11	2300.87	2284.32
2299.25	1406.46	495	1.#QNAN	0	0.016	0	6.62699e-007	1951.25	2299.25	2282.77
2297.62	1405.28	496	1.#QNAN	0	0.015	0	6.88157e-007	1957.02	2297.62	2281.2
2295.94	1404.09	497	1.#QNAN	0	0.031	1	6.78227e-007	1860.79	2295.94	2279.58
2294.41	1402.95	498	1.#QNAN	0	0.016	0	6.86498e-007	2040.63	2294.41	2278.13
2292.88	1401.79	499	1.#QNAN	0	0.016	0	6.69431e-007	2141.37	2292.88	2276.66
2291.22	1400.58	500	1.#QNAN	0	0.015	0	6.88171e-007	1892.31	2291.22	2275.07
2289.66	1399.44	501	1.#QNAN	0	0.016	0	6.47308e-007	1953.59	2289.66	2273.57
2288.11	1398.31	502	1.#QNAN	0	0.015	0	6.77096e-007	2068.22	2288.11	2272.08
2286.53	1397.19	503	1.#QNAN	0	0.032	0	6.71267e-007	1916.2	2286.53	2270.57
2284.96	1396.06	504	1.#QNAN	0	0.015	0	6.73764e-007	1903.77	2284.96	2269.05
2283.46	1394.98	505	1.#QNAN	0	0.016	0	6.72392e-007	1930.48	2283.46	2267.62
2281.86	1393.86	506	1.#QNAN	0	0.015	0	6.73189e-007	1868.42	2281.86	2266.08
2280.28	1392.78	507	1.#QNAN	0	0.016	0	7.03463e-007	1863.46	2280.28	2264.56
2278.71	1391.66	508	1.#QNAN	0	0.031	0	6.99145e-007	1905.59	2278.71	2263.05
2277.14	1390.56	509	1.#QNAN	0	0.016	0	6.79262e-007	1892.65	2277.14	2261.53
2275.71	1389.51	510	1.#QNAN	0	0.015	0	6.67533e-007	2071.43	2275.71	2260.17
2274.19	1388.43	511	1.#QNAN	0	0.016	0	6.78462e-007	1905.61	2274.19	2258.71
2272.72	1387.38	512	1.#QNAN	0	0.016	0	6.80315e-007	1994.78	2272.72	2257.3
2271.16	1386.34	513	1.#QNAN	0	0.031	0	6.86648e-007	1913.98	2271.16	2255.78
2269.55	1385.28	514	1.#QNAN	0	0.015	0	6.63652e-007	1874.05	2269.55	2254.23
2267.98	1384.23	515	1.#QNAN	0	0.016	0	6.6637e-007	1882.63	2267.98	2252.72
2266.43	1383.16	516	1.#QNAN	0	0.016	0	6.88621e-007	1888.83	2266.43	2251.22
2265.03	1382.14	517	1.#QNAN	0	0.015	0	6.92117e-007	1986.12	2265.03	2249.88
2263.5	1381.07	518	1.#QNAN	0	0.016	0	6.87317e-007	1880.93	2263.5	2248.4
2261.87	1380.01	519	1.#QNAN	0	0.015	0	7.00468e-007	1823.23	2261.87	2246.82
2260.27	1378.97	520	1.#QNAN	0	0.032	0	6.83603e-007	1838.35	2260.27	2245.27
2258.72	1377.93	521	1.#QNAN	0	0.015	0	6.8229e-007	1875.74	2258.72	2243.76
2257.13	1376.88	522	1.#QNAN	0	0.016	0	6.63138e-007	1859.43	2257.13	2242.22
2255.62	1375.86	523	1.#QNAN	0	0.015	0	6.96217e-007	1906.21	2255.62	2240.76
2254.03	1374.84	524	1.#QNAN	0	0.016	0	6.81987e-007	1860.43	2254.03	2239.21
2252.41	1373.81	525	1.#QNAN	0	0.016	0	6.69053e-007	1820.15	2252.41	2237.64
2250.89	1372.81	526	1.#QNAN	0	0.015	0	6.78121e-007	1845.06	2250.89	2236.16
2249.51	1371.86	527	1.#QNAN	0	0.031	0	6.8319e-007	1916.69	2249.51	2234.84
2248.09	1370.85	528	1.#QNAN	0	0.016	0	6.90153e-007	1887.79	2248.09	2233.47
2246.63	1369.84	529	1.#QNAN	0	0.016	0	6.69921e-007	1879.4	2246.63	2232.06
2245.14	1368.81	530	1.#QNAN	0	0.015	0	6.86107e-007	1860.09	2245.14	2230.62
2243.62	1367.79	531	1.#QNAN	0	0.016	0	6.79479e-007	1858.05	2243.62	2229.15
2242.1	1366.75	532	1.#QNAN	0	0.015	0	7.11863e-007	1843.95	2242.1	2227.69
2240.62	1365.75	533	1.#QNAN	0	0.016	0	6.92807e-007	1855.89	2240.62	2226.25
2239.25	1364.79	534	1.#QNAN	0	0.016	0	7.35724e-007	1992.11	2239.25	2224.94
2237.73	1363.76	535	1.#QNAN	0	0.031	0	7.05624e-007	1810.51	2237.73	2223.47
2236.33	1362.76	536	1.#QNAN	0	0.015	0	6.87616e-007	1902.59	2236.33	2222.12
2234.99	1361.8	537	1.#QNAN	0	0.016	0	6.72729e-007	1946.71	2234.99	2220.83
2233.51	1360.78	538	1.#QNAN	0	0.016	0	6.95455e-007	1871.33	2233.51	2219.4
2232.17	1359.8	539	1.#QNAN	0	0.015	0	7.02037e-007	1937.17	2232.17	2218.12
2230.7	1358.81	540	1.#QNAN	0	0.016	0	7.13178e-007	1829.21	2230.7	2216.7
2229.29	1357.82	541	1.#QNAN	0	0.015	0	6.7717e-007	1856.68	2229.29	2215.33
2227.82	1356.81	542	1.#QNAN	0	0.032	0	6.82485e-007	1844.51	2227.82	2213.92
2226.45	1355.83	543	1.#QNAN	0	0.015	0	7.09454e-007	1865	2226.45	2212.6
2225.03	1354.85	544	1.#QNAN	0	0.016	0	7.1444e-007	1857.69	2225.03	2211.23
2223.69	1353.88	545	1.#QNAN	0	0.015	0	7.02463e-007	1894.22	2223.69	2209.94
2222.33	1352.91	546	1.#QNAN	0	0.016	0	7.32155e-007	1881.51	2222.33	2208.63
2220.94	1351.94	547	1.#QNAN	0	0.016	0	6.93183e-007	1883.87	2220.94	2207.28
2219.65	1350.99	548	1.#QNAN	0	0.015	0	7.04592e-007	2007.47	2219.65	2206.04
2218.24	1350	549	1.#QNAN	0	0.016	0	6.98102e-007	1877.34	2218.24	2204.67
2216.82	1349.03	550	1.#QNAN	0	0.031	0	7.21453e-007	1859.37	2216.82	2203.3
2215.52	1348.07	551	1.#QNAN	0	0.016	0	7.02561e-007	1990.91	2215.52	2202.05
2214.17	1347.11	552	1.#QNAN	0	0.015	1	7.08803e-007	1863.04	2214.17	2200.73
2212.75	1346.15	553	1.#QNAN	0	0.016	0	7.16181e-007	1843.89	2212.75	2199.36
2211.32	1345.17	554	1.#QNAN	0	0.015	0	7.04609e-007	1840.8	2211.32	2197.97
2210.15	1344.25	555	1.#QNAN	0	0.016	0	7.15081e-007	2197.29	2210.15	2196.85
2209.08	1343.37	556	1.#QNAN	0	0.016	0	7.07481e-007	2234.43	2209.08	2195.83
2207.9	1342.47	557	1.#QNAN	0	0.015	0	6.83811e-007	2015.72	2207.9	2194.7
2206.83	1341.6	558	1.#QNAN	0	0.031	0	7.06702e-007	2118.49	2206.83	2193.69
2205.62	1340.69	559	1.#QNAN	0	0.016	0	6.97737e-007	1950.87	2205.62	2192.52
2204.51	1339.81	560	1.#QNAN	0	0.016	0	6.96764e-007	1990.8	2204.51	2191.46
2203.32	1338.91	561	1.#QNAN	0	0.015	0	6.86498e-007	1975.64	2203.32	2190.32
2202.12	1338.03	562	1.#QNAN	0	0.016	0	7.26192e-007	1933.6	2202.12	2189.16
2200.85	1337.14	563	1.#QNAN	0	0.015	0	6.98067e-007	1881.21	2200.85	2187.93
2199.52	1336.21	564	1.#QNAN	0	0.016	0	7.0733e-007	1849.27	2199.52	2186.65
2198.41	1335.35	565	1.#QNAN	0	0.031	0	6.92557e-007	2080.02	2198.41	2185.59
2197.31	1334.5	566	1.#QNAN	0	0.016	0	6.94796e-007	2071.65	2197.31	2184.54
2196.05	1333.59	567	1.#QNAN	0	0.015	0	7.15013e-007	1886.92	2196.05	2183.32
2194.88	1332.72	568	1.#QNAN	0	0.016	0	7.11865e-007	1927.19	2194.88	2182.19
2193.55	1331.83	569	1.#QNAN	0	0.016	0	6.98576e-007	1833.41	2193.55	2180.9
2192.31	1330.94	570	1.#QNAN	0	0.015	0	7.29872e-007	1900.18	2192.31	2179.71
2191.05	1330.05	571	1.#QNAN	0	0.016	0	6.99713e-007	1892.01	2191.05	2178.49
2189.73	1329.16	572	1.#QNAN	0	0.015	0	7.05993e-007	1835.74	2189.73	2177.21
2188.35	1328.25	573	1.#QNAN	0	0.015	0	6.99755e-007	1799.51	2188.35	2175.87
2187.02	1327.35	574	1.#QNAN	0	0.016	0	6.98451e-007	1830.87	2187.02	2174.58
2185.72	1326.46	575	1.#QNAN	0	0.015	0	7.16187e-007	1853.71	2185.72	2173.32
2184.51	1325.62	576	1.#QNAN	0	0.032	0	7.02371e-007	1973.34	2184.51	2172.16
2183.18	1324.74	577	1.#QNAN	0	0.015	0	6.84329e-007	1809.71	2183.18	2170.86
2182.02	1323.93	578	1.#QNAN	0	0.016	0	6.96351e-007	1903.72	2182.02	2169.75
2180.82	1323.09	579	1.#QNAN	0	0.015	0	7.06489e-007	1885.58	2180.82	2168.59
2179.56	1322.24	580	1.#QNAN	0	0.016	0	7.24532e-007	1862	2179.56	2167.37
2178.43	1321.43	581	1.#QNAN	0	0.016	0	6.93711e-007	2071.65	2178.43	2166.28
2177.19	1320.57	582	1.#QNAN	0	0.015	0	6.94793e-007	1877.47	2177.19	2165.09
2176	1319.75	583	1.#QNAN	0	0.016	0	7.38221e-007	1876.89	2176	2163.94
2174.82	1318.94	584	1.#QNAN	0	0.031	0	6.91013e-007	1893.4	2174.82	2162.8
2173.65	1318.12	585	1.#QNAN	0	0.016	0	6.99868e-007	1903.49	2173.65	2161.68
2172.35	1317.29	586	1.#QNAN	0	0.015	0	7.17396e-007	1823.92	2172.35	2160.41
2171.04	1316.46	587	1.#QNAN	0	0.016	0	7.06455e-007	1815.73	2171.04	2159.14
2169.87	1315.64	588	1.#QNAN	0	0.015	0	7.16397e-007	1883.37	2169.87	2158.01
2168.71	1314.83	589	1.#QNAN	0	0.016	0	7.39483e-007	1893.88	2168.71	2156.89
2167.5	1314.01	590	1.#QNAN	0	0.016	0	7.08979e-007	1867.03	2167.5	2155.71
2166.37	1313.22	591	1.#QNAN	0	0.015	0	7.33576e-007	1895.79	2166.37	2154.62
2165.09	1312.42	592	1.#QNAN	0	0.031	0	7.06406e-007	1808.31	2165.09	2153.38
2163.83	1311.62	593	1.#QNAN	0	0.016	0	7.09514e-007	1811.46	2163.83	2152.16
2162.67	1310.82	594	1.#QNAN	0	0.016	0	6.9082e-007	1897.24	2162.67	2151.04
2161.46	1310	595	1.#QNAN	0	0.015	0	7.03361e-007	1878.27	2161.46	2149.86
2160.32	1309.22	596	1.#QNAN	0	0.016	0	7.45651e-007	1955.34	2160.32	2148.76
2159.03	1308.41	597	1.#QNAN	0	0.015	0	7.04399e-007	1805.63	2159.03	2147.5
2157.79	1307.61	598	1.#QNAN	0	0.016	0	7.13195e-007	1838.72	2157.79	2146.3
2156.59	1306.83	599	1.#QNAN	0	0.016	0	7.30284e-007	1907.32	2156.59	2145.13
2155.38	1306.05	600	1.#QNAN	0	0.015	0	7.1695e-007	1839.06	2155.38	2143.96
2154.16	1305.25	601	1.#QNAN	0	0.031	0	7.19027e-007	1847.8	2154.16	2142.78
2153.01	1304.49	602	1.#QNAN	0	0.016	0	7.18627e-007	1882.47	2153.01	2141.65
2151.82	1303.7	603	1.#QNAN	0	0.016	0	7.14002e-007	1876.32	2151.82	2140.5
2150.65	1302.93	604	1.#QNAN	0	0.015	0	7.15005e-007	1877.83	2150.65	2139.37
2149.57	1302.2	605	1.#QNAN	0	0.016	0	7.15153e-007	1937.45	2149.57	2138.32
2148.49	1301.45	606	1.#QNAN	0	0.015	0	7.02802e-007	1917.66	2148.49	2137.28
2147.38	1300.71	607	1.#QNAN	0	0.016	0	7.06202e-007	1890.41	2147.38	2136.2
2146.23	1299.95	608	1.#QNAN	0	0.031	1	7.2666e-007	1857.35	2146.23	2135.09
2145.18	1299.25	609	1.#QNAN	0	0.016	0	6.89675e-007	2053.1	2145.18	2134.08
2144.08	1298.52	610	1.#QNAN	0	0.015	0	7.1057e-007	1861.74	2144.08	2133.01
2143.1	1297.82	611	1.#QNAN	0	0.016	0	6.9747e-007	1963.09	2143.1	2132.06
2142.06	1297.07	612	1.#QNAN	0	0.016	0	7.0643e-007	1905.56	2142.06	2131.07
2140.99	1296.35	613	1.#QNAN	0	0.015	0	7.30894e-007	1880.53	2140.99	2130.03
2139.89	1295.61	614	1.#QNAN	0	0.016	0	7.39734e-007	1885.17	2139.89	2128.97
2138.87	1294.89	615	1.#QNAN	0	0.015	0	7.20964e-007	1922.86	2138.87	2127.99
2137.89	1294.18	616	1.#QNAN	0	0.032	0	7.33081e-007	1956.49	2137.89	2127.05
2137.04	1293.52	617	1.#QNAN	0	0.015	0	7.21774e-007	2191.31	2137.04	2126.24
2135.92	1292.78	618	1.#QNAN	0	0.016	0	7.08789e-007	1853.37	2135.92	2125.15
2134.75	1292.03	619	1.#QNAN	0	0.015	0	7.4991e-007	1827.07	2134.75	2124.01
2133.56	1291.3	620	1.#QNAN	0	0.016	0	7.00619e-007	1807.86	2133.56	2122.85
2132.52	1290.6	621	1.#QNAN	0	0.016	0	6.92165e-007	1931.63	2132.52	2121.84
2131.44	1289.9	622	1.#QNAN	0	0.015	0	7.1903e-007	1918.6	2131.44	2120.79
2130.29	1289.16	623	1.#QNAN	0	0.031	0	7.00999e-007	1842.37	2130.29	2119.68
2129.34	1288.46	624	1.#QNAN	0	0.016	0	7.03361e-007	2001.88	2129.34	2118.76
2128.24	1287.71	625	1.#QNAN	0	0.016	0	7.34443e-007	1869.23	2128.24	2117.7
2127.14	1286.98	626	1.#QNAN	0	0.015	0	7.45555e-007	1860.99	2127.14	2116.62
2126.12	1286.27	627	1.#QNAN	0	0.016	0	7.33762e-007	1898.04	2126.12	2115.63
2125.02	1285.54	628	1.#QNAN	0	0.015	0	7.0585e-007	1859.65	2125.02	2114.57
2123.97	1284.83	629	1.#QNAN	0	0.016	0	7.22672e-007	1880.53	2123.97	2113.54
2122.95	1284.12	630	1.#QNAN	0	0.016	0	7.05632e-007	1909.72	2122.95	2112.55
2121.96	1283.44	631	1.#QNAN	0	0.031	0	7.29136e-007	1921.35	2121.96	2111.6
2120.86	1282.73	632	1.#QNAN	0	0.015	0	7.21578e-007	1848.02	2120.86	2110.53
2119.85	1282.05	633	1.#QNAN	0	0.016	0	7.3763e-007	1886.99	2119.85	2109.54
2118.77	1281.35	634	1.#QNAN	0	0.016	0	7.24739e-007	1889.4	2118.77	2108.5
2117.68	1280.64	635	1.#QNAN	0	0.015	0	7.18391e-007	1870.7	2117.68	2107.43
2116.64	1279.95	636	1.#QNAN	0	0.016	0	7.27577e-007	1875.8	2116.64	2106.42
2115.6	1279.27	637	1.#QNAN	0	0.015	0	7.11895e-007	1891.58	2115.6	2105.41
2114.69	1278.64	638	1.#QNAN	0	0.016	0	7.10006e-007	2038.26	2114.69	2104.53
2113.59	1277.94	639	1.#QNAN	0	0.031	0	7.20636e-007	1824.63	2113.59	2103.45
2112.55	1277.29	640	1.#QNAN	0	0.016	0	7.20669e-007	1878.53	2112.55	2102.44
2111.52	1276.61	641	1.#QNAN	0	0.015	0	7.20096e-007	1878.69	2111.52	2101.43
2110.44	1275.92	642	1.#QNAN	0	0.016	0	7.05841e-007	1847.79	2110.44	2100.38
2109.46	1275.25	643	1.#QNAN	0	0.016	0	7.39639e-007	1902.69	2109.46	2099.43
2108.38	1274.59	644	1.#QNAN	0	0.015	0	7.27354e-007	1831.74	2108.38	2098.37
2107.26	1273.93	645	1.#QNAN	0	0.016	0	7.07845e-007	1820.23	2107.26	2097.28
2106.23	1273.28	646	1.#QNAN	0	0.031	0	6.90192e-007	1900.49	2106.23	2096.27
2105.21	1272.61	647	1.#QNAN	0	0.016	0	7.20735e-007	1850.43	2105.21	2095.27
2104.16	1271.93	648	1.#QNAN	0	0.015	0	7.07325e-007	1845.96	2104.16	2094.25
2103.23	1271.29	649	1.#QNAN	0	0.016	0	7.25024e-007	1906.11	2103.23	2093.35
2102.23	1270.62	650	1.#QNAN	0	0.015	0	7.34232e-007	1876.38	2102.23	2092.38
2101.24	1269.97	651	1.#QNAN	0	0.016	0	6.99608e-007	1870.63	2101.24	2091.42
2100.23	1269.32	652	1.#QNAN	0	0.016	0	7.19868e-007	1907.2	2100.23	2090.44
2099.2	1268.66	653	1.#QNAN	0	0.015	0	7.4061e-007	1836.45	2099.2	2089.43
2098.15	1268.01	654	1.#QNAN	0	0.031	0	7.49823e-007	1842.15	2098.15	2088.41
2097.12	1267.35	655	1.#QNAN	0	0.016	0	7.1591e-007	1842.52	2097.12	2087.4
2096.04	1266.7	656	1.#QNAN	0	0.016	0	7.23956e-007	1824.43	2096.04	2086.35
2095.02	1266.06	657	1.#QNAN	0	0.015	0	7.26476e-007	1829.24	2095.02	2085.35
2094	1265.41	658	1.#QNAN	0	0.016	0	7.16697e-007	1825.76	2094	2084.35
2092.98	1264.75	659	1.#QNAN	0	0.015	0	7.37752e-007	1812.55	2092.98	2083.35
2092.08	1264.14	660	1.#QNAN	0	0.016	0	7.22815e-007	1990.64	2092.08	2082.48
2091.17	1263.51	661	1.#QNAN	0	0.031	0	7.2845e-007	1896.88	2091.17	2081.59
2090.23	1262.89	662	1.#QNAN	0	0.016	0	7.52211e-007	1903.29	2090.23	2080.68
2089.24	1262.25	663	1.#QNAN	0	0.015	0	7.23779e-007	1836.26	2089.24	2079.71
2088.22	1261.63	664	1.#QNAN	0	0.016	1	7.46635e-007	1850.6	2088.22	2078.72
2087.24	1261.01	665	1.#QNAN	0	0.016	0	7.1866e-007	1896.57	2087.24	2077.76
2086.1	1260.35	666	1.#QNAN	0	0.015	0	7.60866e-007	1836.32	2086.1	2076.64
2085.01	1259.73	667	1.#QNAN	0	0.016	0	7.47783e-007	1815.92	2085.01	2075.57
2083.99	1259.1	668	1.#QNAN	0	0.031	0	7.35262e-007	1842.55	2083.99	2074.58
2082.97	1258.47	669	1.#QNAN	0	0.016	0	7.59545e-007	1831.8	2082.97	2073.57
2081.95	1257.82	670	1.#QNAN	0	0.015	0	7.73338e-007	1815.12	2081.95	2072.58
2080.93	1257.17	671	1.#QNAN	0	0.016	0	7.45279e-007	1809.67	2080.93	2071.58
2079.87	1256.53	672	1.#QNAN	0	0.015	0	7.32808e-007	1780.82	2079.87	2070.54
2078.92	1255.93	673	1.#QNAN	0	0.016	0	7.59012e-007	1880.27	2078.92	2069.62
2077.94	1255.31	674	1.#QNAN	0	0.016	0	7.49137e-007	1810.76	2077.94	2068.66
2076.96	1254.68	675	1.#QNAN	0	0.015	0	7.68363e-007	1819.49	2076.96	2067.7
2075.99	1254.06	676	1.#QNAN	0	0.031	0	7.21993e-007	1886.26	2075.99	2066.77
2074.98	1253.45	677	1.#QNAN	0	0.016	0	7.36971e-007	1797.83	2074.98	2065.78
2074.04	1252.85	678	1.#QNAN	0	0.016	0	7.46499e-007	1848.56	2074.04	2064.86
2072.95	1252.21	679	1.#QNAN	0	0.015	0	7.20173e-007	1762.86	2072.95	2063.79
2071.97	1251.59	680	1.#QNAN	0	0.016	0	7.40981e-007	1807.41	2071.97	2062.84
2070.94	1250.95	681	1.#QNAN	0	0.015	0	7.2777e-007	1804.07	2070.94	2061.84
2069.98	1250.36	682	1.#QNAN	0	0.016	0	7.40526e-007	1895.26	2069.98	2060.9
2068.94	1249.74	683	1.#QNAN	0	0.016	0	7.25835e-007	1784.96	2068.94	2059.88
2067.96	1249.12	684	1.#QNAN	0	0.031	0	7.72975e-007	1822.47	2067.96	2058.93
2066.97	1248.5	685	1.#QNAN	0	0.015	0	7.31972e-007	1828.09	2066.97	2057.96
2066.04	1247.89	686	1.#QNAN	0	0.016	0	7.40133e-007	1872.97	2066.04	2057.06
2065.03	1247.25	687	1.#QNAN	0	0.016	0	7.49945e-007	1793.56	2065.03	2056.08
2064.05	1246.62	688	1.#QNAN	0	0.015	0	7.61471e-007	1781.15	2064.05	2055.11
2063.11	1246.03	689	1.#QNAN	0	0.016	0	7.42154e-007	1909.62	2063.11	2054.2
2062.04	1245.38	690	1.#QNAN	0	0.015	0	7.31213e-007	1751.17	2062.04	2053.16
2061.03	1244.75	691	1.#QNAN	0	0.016	0	7.26941e-007	1770.14	2061.03	2052.17
2060.07	1244.13	692	1.#QNAN	0	0.031	0	7.46998e-007	1785.07	2060.07	2051.23
2059.09	1243.51	693	1.#QNAN	0	0.016	0	7.5941e-007	1776.88	2059.09	2050.27
2058.25	1242.93	694	1.#QNAN	0	0.015	0	7.49272e-007	2081.18	2058.25	2049.47
2057.28	1242.32	695	1.#QNAN	0	0.016	0	7.47558e-007	1789.52	2057.28	2048.52
2056.33	1241.71	696	1.#QNAN	0	0.016	0	7.38375e-007	1822.64	2056.33	2047.59
2055.35	1241.1	697	1.#QNAN	0	0.015	0	7.42651e-007	1769.04	2055.35	2046.63
2054.45	1240.5	698	1.#QNAN	0	0.016	0	7.51761e-007	1823.04	2054.45	2045.75
2053.51	1239.9	699	1.#QNAN	0	0.015	0	7.67748e-007	1802.62	2053.51	2044.83
2052.62	1239.29	700	1.#QNAN	0	0.032	0	7.44281e-007	1844.04	2052.62	2043.97
2051.67	1238.67	701	1.#QNAN	0	0.015	0	7.44762e-007	1782.83	2051.67	2043.05
2050.69	1238.05	702	1.#QNAN	0	0.016	0	7.18531e-007	1784.76	2050.69	2042.09
2049.73	1237.42	703	1.#QNAN	0	0.015	0	7.43862e-007	1776.01	2049.73	2041.15
2048.81	1236.82	704	1.#QNAN	0	0.016	0	7.44909e-007	1780.86	2048.81	2040.26
2047.94	1236.24	705	1.#QNAN	0	0.016	0	7.24849e-007	1796.96	2047.94	2039.4
2047.1	1235.65	706	1.#QNAN	0	0.015	0	7.25393e-007	1842.09	2047.1	2038.6
2046.28	1235.08	707	1.#QNAN	0	0.031	0	7.23331e-007	1825.79	2046.28	2037.8
2045.36	1234.49	708	1.#QNAN	0	0.016	0	7.46884e-007	1780.34	2045.36	2036.9
2044.49	1233.92	709	1.#QNAN	0	0.016	0	7.50937e-007	1831.33	2044.49	2036.05
2043.57	1233.34	710	1.#QNAN	0	0.015	0	7.35199e-007	1796.01	2043.57	2035.16
2042.67	1232.76	711	1.#QNAN	0	0.016	0	7.36202e-007	1785.89	2042.67	2034.28
2041.78	1232.19	712	1.#QNAN	0	0.015	0	7.32171e-007	1806.86	2041.78	2033.41
2040.97	1231.65	713	1.#QNAN	0	0.016	0	7.61058e-007	1842.94	2040.97	2032.63
2040.12	1231.09	714	1.#QNAN	0	0.031	0	7.71641e-007	1828.28	2040.12	2031.81
2039.36	1230.55	715	1.#QNAN	0	0.016	0	7.57816e-007	1877.07	2039.36	2031.07
2038.58	1230.01	716	1.#QNAN	0	0.015	0	7.44635e-007	1838.65	2038.58	2030.31
2037.75	1229.43	717	1.#QNAN	0	0.016	0	7.51008e-007	1831.74	2037.75	2029.51
2036.9	1228.85	718	1.#QNAN	0	0.016	0	7.48533e-007	1841.46	2036.9	2028.69
2036.22	1228.32	719	1.#QNAN	0	0.015	0	7.73833e-007	2035.9	2036.22	2028.03
2035.46	1227.76	720	1.#QNAN	0	0.016	0	7.56965e-007	1892.3	2035.46	2027.3
2034.58	1227.18	721	1.#QNAN	0	0.015	1	7.503e-007	1764.84	2034.58	2026.44
2033.71	1226.6	722	1.#QNAN	0	0.032	0	7.60146e-007	1789.03	2033.71	2025.59
2032.9	1226.05	723	1.#QNAN	0	0.015	0	7.71061e-007	1814.74	2032.9	2024.8
2032.17	1225.52	724	1.#QNAN	0	0.016	0	7.5113e-007	1973.59	2032.17	2024.1
2031.41	1224.98	725	1.#QNAN	0	0.015	0	7.51074e-007	1839.37	2031.41	2023.36
2030.57	1224.41	726	1.#QNAN	0	0.016	0	7.64062e-007	1797.4	2030.57	2022.55
2029.8	1223.87	727	1.#QNAN	0	0.016	0	7.50116e-007	1820.86	2029.8	2021.8
2029.05	1223.3	728	1.#QNAN	0	0.015	0	7.73613e-007	1847.28	2029.05	2021.07
2028.19	1222.73	729	1.#QNAN	0	0.031	0	7.43854e-007	1758.38	2028.19	2020.23
2027.36	1222.18	730	1.#QNAN	0	0.016	0	7.3269e-007	1782.39	2027.36	2019.43
2026.43	1221.62	731	1.#QNAN	0	0.016	0	7.33975e-007	1741.06	2026.43	2018.52
2025.58	1221.08	732	1.#QNAN	0	0.015	0	7.5604e-007	1810	2025.58	2017.69
2024.77	1220.55	733	1.#QNAN	0	0.016	0	7.55767e-007	1861.69	2024.77	2016.9
2023.96	1220.02	734	1.#QNAN	0	0.015	0	7.52158e-007	1783.6	2023.96	2016.1
2023.08	1219.48	735	1.#QNAN	0	0.016	0	7.22217e-007	1732.63	2023.08	2015.25
2022.24	1218.93	736	1.#QNAN	0	0.031	0	7.48792e-007	1793.91	2022.24	2014.43
2021.42	1218.4	737	1.#QNAN	0	0.016	0	7.73049e-007	1781.27	2021.42	2013.63
2020.65	1217.87	738	1.#QNAN	0	0.015	0	7.44385e-007	1796.81	2020.65	2012.88
2019.86	1217.35	739	1.#QNAN	0	0.016	0	7.82457e-007	1795.24	2019.86	2012.11
2019.07	1216.84	740	1.#QNAN	0	0.016	0	7.48179e-007	1802.26	2019.07	2011.34
2018.29	1216.31	741	1.#QNAN	0	0.015	0	7.41722e-007	1782.21	2018.29	2010.59
2017.46	1215.77	742	1.#QNAN	0	0.031	0	7.23273e-007	1766.86	2017.46	2009.78
2016.64	1215.24	743	1.#QNAN	0	0.016	0	7.45166e-007	1755.49	2016.64	2008.98
2015.94	1214.74	744	1.#QNAN	0	0.016	0	7.62931e-007	1992.93	2015.94	2008.3
2015.17	1214.21	745	1.#QNAN	0	0.015	0	7.57097e-007	1784.23	2015.17	2007.55
2014.33	1213.66	746	1.#QNAN	0	0.016	0	7.59385e-007	1759.35	2014.33	2006.73
2013.62	1213.16	747	1.#QNAN	0	0.015	0	7.33013e-007	2029.61	2013.62	2006.04
2012.8	1212.63	748	1.#QNAN	0	0.016	0	7.84818e-007	1772.36	2012.8	2005.24
2011.96	1212.08	749	1.#QNAN	0	0.016	0	7.64039e-007	1764.55	2011.96	2004.41
2011.16	1211.53	750	1.#QNAN	0	0.031	0	7.63821e-007	1796.34	2011.16	2003.63
2010.37	1211	751	1.#QNAN	0	0.015	0	7.38339e-007	1808.6	2010.37	2002.86
2009.52	1210.46	752	1.#QNAN	0	0.016	0	7.49356e-007	1766.35	2009.52	2002.03
2008.65	1209.92	753	1.#QNAN	0	0.016	0	7.50315e-007	1753.24	2008.65	2001.17
2007.81	1209.4	754	1.#QNAN	0	0.015	0	7.31131e-007	1782.3	2007.81	2000.35
2006.97	1208.86	755	1.#QNAN	0	0.016	0	7.57049e-007	1803.43	2006.97	1999.52
2006.1	1208.31	756	1.#QNAN	0	0.015	0	7.39543e-007	1788.62	2006.1	1998.67
2005.2	1207.75	757	1.#QNAN	0	0.032	0	7.57509e-007	1746.74	2005.2	1997.78
2004.38	1207.22	758	1.#QNAN	0	0.015	0	7.52631e-007	1785.18	2004.38	1996.98
2003.58	1206.69	759	1.#QNAN	0	0.016	0	7.38439e-007	1904.78	2003.58	1996.2
2002.74	1206.15	760	1.#QNAN	0	0.015	0	7.16601e-007	1765.36	2002.74	1995.37
2001.9	1205.61	761	1.#QNAN	0	0.016	0	7.70808e-007	1766.97	2001.9	1994.54
2001.2	1205.13	762	1.#QNAN	0	0.016	0	7.5133e-007	1870.92	2001.2	1993.87
2000.43	1204.61	763	1.#QNAN	0	0.015	0	7.6964e-007	1767.43	2000.43	1993.11
1999.57	1204.08	764	1.#QNAN	0	0.016	0	7.26998e-007	1751.64	1999.57	1992.26
1998.82	1203.6	765	1.#QNAN	0	0.031	0	7.56053e-007	1970.27	1998.82	1991.53
1998.03	1203.1	766	1.#QNAN	0	0.016	0	7.33176e-007	1770.86	1998.03	1990.76
1997.3	1202.62	767	1.#QNAN	0	0.015	0	7.64841e-007	1807.49	1997.3	1990.05
1996.58	1202.14	768	1.#QNAN	0	0.016	0	7.50119e-007	1925.5	1996.58	1989.35
1995.79	1201.64	769	1.#QNAN	0	0.015	0	7.39869e-007	1769.13	1995.79	1988.58
1995.06	1201.16	770	1.#QNAN	0	0.016	0	7.6453e-007	1806.99	1995.06	1987.86
1994.2	1200.64	771	1.#QNAN	0	0.016	0	7.63984e-007	1755.46	1994.2	1987.02
1993.41	1200.14	772	1.#QNAN	0	0.015	0	7.50308e-007	1819.41	1993.41	1986.25
1992.62	1199.62	773	1.#QNAN	0	0.031	0	7.53261e-007	1738.4	1992.62	1985.47
1991.82	1199.11	774	1.#QNAN	0	0.016	0	7.55004e-007	1751.66	1991.82	1984.69
1990.99	1198.6	775	1.#QNAN	0	0.016	0	7.6279e-007	1760.44	1990.99	1983.88
1990.04	1198.06	776	1.#QNAN	0	0.015	0	7.65794e-007	1686.21	1990.04	1982.94
1989.15	1197.54	777	1.#QNAN	0	0.016	1	7.88063e-007	1701.79	1989.15	1982.06
1988.19	1196.98	778	1.#QNAN	0	0.015	0	7.72837e-007	1685.23	1988.19	1981.12
1987.31	1196.45	779	1.#QNAN	0	0.016	0	7.64819e-007	1741.11	1987.31	1980.26
1986.48	1195.95	780	1.#QNAN	0	0.031	0	7.68172e-007	1717.92	1986.48	1979.44
1985.59	1195.45	781	1.#QNAN	0	0.016	0	7.15428e-007	1704.72	1985.59	1978.57
1984.77	1194.95	782	1.#QNAN	0	0.015	0	7.98234e-007	1742.88	1984.77	1977.77
1983.94	1194.44	783	1.#QNAN	0	0.016	0	7.48323e-007	1788.2	1983.94	1976.95
1983.18	1193.97	784	1.#QNAN	0	0.016	0	7.45361e-007	1971.49	1983.18	1976.21
1982.29	1193.44	785	1.#QNAN	0	0.015	0	7.70689e-007	1699.75	1982.29	1975.33
1981.51	1192.93	786	1.#QNAN	0	0.016	0	7.91528e-007	1725.42	1981.51	1974.56
1980.83	1192.45	787	1.#QNAN	0	0.015	0	7.85468e-007	1891.99	1980.83	1973.9
1979.98	1191.91	788	1.#QNAN	0	0.016	0	7.75163e-007	1714.97	1979.98	1973.07
1979.08	1191.37	789	1.#QNAN	0	0.015	0	7.29637e-007	1715.58	1979.08	1972.19
1978.3	1190.89	790	1.#QNAN	0	0.016	0	7.62949e-007	1926.63	1978.3	1971.42
1977.42	1190.36	791	1.#QNAN	0	0.015	0	7.54418e-007	1702.73	1977.42	1970.55
1976.56	1189.83	792	1.#QNAN	0	0.016	0	7.62185e-007	1703.52	1976.56	1969.71
1975.82	1189.34	793	1.#QNAN	0	0.016	0	7.79865e-007	1834.63	1975.82	1968.99
1975.03	1188.82	794	1.#QNAN	0	0.015	0	7.33915e-007	1763.61	1975.03	1968.21
1974.27	1188.35	795	1.#QNAN	0	0.031	0	7.2849e-007	1931.89	1974.27	1967.46
1973.34	1187.82	796	1.#QNAN	0	0.016	0	7.70305e-007	1695.46	1973.34	1966.55
1972.54	1187.33	797	1.#QNAN	0	0.016	0	7.56245e-007	1850.24	1972.54	1965.76
1971.68	1186.83	798	1.#QNAN	0	0.015	0	7.6308e-007	1692.24	1971.68	1964.91
1970.8	1186.32	799	1.#QNAN	0	0.016	0	7.68936e-007	1669.84	1970.8	1964.04
1970.13	1185.86	800	1.#QNAN	0	0.015	0	7.79231e-007	2029.52	1970.13	1963.39
1969.27	1185.37	801	1.#QNAN	0	0.016	0	7.68234e-007	1713.39	1969.27	1962.54
1968.4	1184.87	802	1.#QNAN	0	0.016	0	7.72321e-007	1695.58	1968.4	1961.68
1967.57	1184.39	803	1.#QNAN	0	0.015	0	7.76275e-007	1679.16	1967.57	1960.87
1966.75	1183.91	804	1.#QNAN	0	0.031	0	7.67777e-007	1700.03	1966.75	1960.06
1965.87	1183.4	805	1.#QNAN	0	0.016	0	7.55125e-007	1667.75	1965.87	1959.2
1965	1182.91	806	1.#QNAN	0	0.016	0	7.80667e-007	1664.41	1965	1958.34
1964.15	1182.41	807	1.#QNAN	0	0.015	0	7.34872e-007	1673.97	1964.15	1957.5
1963.35	1181.92	808	1.#QNAN	0	0.016	0	7.64213e-007	1765.83	1963.35	1956.72
1962.49	1181.44	809	1.#QNAN	0	0.015	0	7.61909e-007	1664.24	1962.49	1955.87
1961.66	1180.97	810	1.#QNAN	0	0.016	0	7.60841e-007	1719.33	1961.66	1955.05
1960.87	1180.51	811	1.#QNAN	0	0.031	0	7.52754e-007	1694.9	1960.87	1954.28
1960.02	1180.02	812	1.#QNAN	0	0.016	0	7.54764e-007	1690.77	1960.02	1953.44
1959.24	1179.54	813	1.#QNAN	0	0.015	0	7.39285e-007	1711.09	1959.24	1952.67
1958.42	1179.07	814	1.#QNAN	0	0.016	0	7.58598e-007	1675.46	1958.42	1951.86
1957.56	1178.58	815	1.#QNAN	0	0.016	0	7.57056e-007	1660.39	1957.56	1951.02
1956.74	1178.13	816	1.#QNAN	0	0.015	0	7.88705e-007	1721.13	1956.74	1950.22
1956	1177.71	817	1.#QNAN	0	0.016	0	7.8489e-007	1817.92	1956	1949.48
1955.2	1177.27	818	1.#QNAN	0	0.031	0	7.61927e-007	1674.81	1955.2	1948.7
1954.44	1176.84	819	1.#QNAN	0	0.016	0	7.72617e-007	1753.04	1954.44	1947.95
1953.61	1176.38	820	1.#QNAN	0	0.015	0	7.48287e-007	1665.79	1953.61	1947.14
1952.82	1175.93	821	1.#QNAN	0	0.016	0	7.75419e-007	1673.27	1952.82	1946.36
1952.06	1175.49	822	1.#QNAN	0	0.015	0	7.89879e-007	1689.47	1952.06	1945.6
1951.24	1175.03	823	1.#QNAN	0	0.016	0	7.68726e-007	1651.03	1951.24	1944.8
1950.41	1174.57	824	1.#QNAN	0	0.016	0	7.73926e-007	1671.64	1950.41	1943.98
1949.64	1174.13	825	1.#QNAN	0	0.015	0	7.77234e-007	1671.71	1949.64	1943.23
1948.83	1173.67	826	1.#QNAN	0	0.031	0	7.88461e-007	1657.66	1948.83	1942.43
1948.03	1173.22	827	1.#QNAN	0	0.016	0	7.45526e-007	1639.57	1948.03	1941.64
1947.23	1172.77	828	1.#QNAN	0	0.016	0	7.81885e-007	1663.63	1947.23	1940.85
1946.34	1172.29	829	1.#QNAN	0	0.015	0	7.63322e-007	1616.07	1946.34	1939.97
1945.53	1171.85	830	1.#QNAN	0	0.016	0	7.85252e-007	1694.18	1945.53	1939.17
1944.7	1171.4	831	1.#QNAN	0	0.015	0	7.66526e-007	1649.71	1944.7	1938.36
1943.88	1170.94	832	1.#QNAN	0	0.016	0	7.78622e-007	1663.25	1943.88	1937.55
1943.2	1170.5	833	1.#QNAN	0	0.016	0	7.87216e-007	1716.71	1943.2	1936.88
1942.38	1170.03	834	1.#QNAN	0	0.031	1	8.08803e-007	1630.63	1942.38	1936.08
1941.72	1169.61	835	1.#QNAN	0	0.015	0	7.6658e-007	1839.46	1941.72	1935.43
1941.1	1169.2	836	1.#QNAN	0	0.016	0	7.46981e-007	1823.34	1941.1	1934.82
1940.51	1168.79	837	1.#QNAN	0	0.016	0	7.90448e-007	1929.16	1940.51	1934.24
1939.82	1168.37	838	1.#QNAN	0	0.015	0	7.66903e-007	1722	1939.82	1933.57
1939.09	1167.95	839	1.#QNAN	0	0.016	0	7.75408e-007	1708.68	1939.09	1932.85
1938.29	1167.52	840	1.#QNAN	0	0.015	0	7.61683e-007	1679.94	1938.29	1932.07
1937.56	1167.09	841	1.#QNAN	0	0.016	0	7.82602e-007	1678.64	1937.56	1931.34
1936.83	1166.69	842	1.#QNAN	0	0.031	0	8.00878e-007	1718.2	1936.83	1930.62
1936.16	1166.28	843	1.#QNAN	0	0.016	0	7.6946e-007	1740	1936.16	1929.96
1935.48	1165.89	844	1.#QNAN	0	0.015	0	7.82314e-007	1773.63	1935.48	1929.3
1934.86	1165.52	845	1.#QNAN	0	0.016	0	8.13735e-007	1969.88	1934.86	1928.69
1934.09	1165.1	846	1.#QNAN	0	0.016	0	7.68983e-007	1659.84	1934.09	1927.94
1933.33	1164.69	847	1.#QNAN	0	0.015	0	7.74769e-007	1674.18	1933.33	1927.18
1932.55	1164.27	848	1.#QNAN	0	0.016	0	8.083e-007	1672.85	1932.55	1926.41
1931.85	1163.88	849	1.#QNAN	0	0.031	0	7.90359e-007	1681.36	1931.85	1925.73
1931.2	1163.49	850	1.#QNAN	0	0.016	0	7.87661e-007	1779.43	1931.2	1925.09
1930.47	1163.08	851	1.#QNAN	0	0.015	0	8.03839e-007	1651.33	1930.47	1924.37
1929.77	1162.68	852	1.#QNAN	0	0.016	0	7.74165e-007	1651.07	1929.77	1923.69
1929.11	1162.3	853	1.#QNAN	0	0.015	0	7.84563e-007	1775.56	1929.11	1923.04
1928.44	1161.9	854	1.#QNAN	0	0.016	0	8.08969e-007	1690.92	1928.44	1922.39
1927.8	1161.52	855	1.#QNAN	0	0.031	0	7.74909e-007	1738.19	1927.8	1921.76
1927.16	1161.16	856	1.#QNAN	0	0.016	0	7.67479e-007	1947.7	1927.16	1921.13
1926.41	1160.75	857	1.#QNAN	0	0.015	0	7.76127e-007	1634.4	1926.41	1920.4
1925.77	1160.37	858	1.#QNAN	0	0.016	0	7.74551e-007	1675.09	1925.77	1919.77
1925.12	1159.99	859	1.#QNAN	0	0.016	0	7.55467e-007	1673.15	1925.12	1919.13
1924.49	1159.6	860	1.#QNAN	0	0.015	0	7.69517e-007	1681.24	1924.49	1918.52
1923.72	1159.19	861	1.#QNAN	0	0.016	0	7.76235e-007	1615.55	1923.72	1917.76
1922.95	1158.77	862	1.#QNAN	0	0.031	0	7.66576e-007	1627.9	1922.95	1917
1922.23	1158.36	863	1.#QNAN	0	0.016	0	7.79846e-007	1648.61	1922.23	1916.29
1921.43	1157.93	864	1.#QNAN	0	0.015	0	7.92763e-007	1617.92	1921.43	1915.51
1920.71	1157.55	865	1.#QNAN	0	0.016	0	7.88223e-007	1668.08	1920.71	1914.8
1920.07	1157.17	866	1.#QNAN	0	0.015	0	7.50857e-007	1771.83	1920.07	1914.18
1919.42	1156.79	867	1.#QNAN	0	0.032	0	7.9188e-007	1840.58	1919.42	1913.53
1918.68	1156.38	868	1.#QNAN	0	0.015	0	7.83764e-007	1666.24	1918.68	1912.81
1917.96	1155.98	869	1.#QNAN	0	0.016	0	7.96681e-007	1663.28	1917.96	1912.1
1917.22	1155.59	870	1.#QNAN	0	0.015	0	7.61928e-007	1645.95	1917.22	1911.37
1916.62	1155.24	871	1.#QNAN	0	0.016	0	7.98603e-007	1744.89	1916.62	1910.79
1916.1	1154.9	872	1.#QNAN	0	0.016	0	7.62381e-007	1998.71	1916.1	1910.28
1915.4	1154.51	873	1.#QNAN	0	0.015	0	7.85443e-007	1674.05	1915.4	1909.59
1914.71	1154.12	874	1.#QNAN	0	0.016	0	7.77884e-007	1670.88	1914.71	1908.92
1914.02	1153.74	875	1.#QNAN	0	0.031	0	7.88905e-007	1655.75	1914.02	1908.24
1913.45	1153.38	876	1.#QNAN	0	0.016	0	7.79884e-007	1890.45	1913.45	1907.69
1912.88	1153.05	877	1.#QNAN	0	0.015	0	8.02896e-007	1851.67	1912.88	1907.13
1912.28	1152.67	878	1.#QNAN	0	0.016	0	7.84586e-007	1704.39	1912.28	1906.54
1911.68	1152.31	879	1.#QNAN	0	0.015	0	7.83511e-007	1731.66	1911.68	1905.95
1911.05	1151.92	880	1.#QNAN	0	0.016	0	7.78504e-007	1701.9	1911.05	1905.34
1910.43	1151.55	881	1.#QNAN	0	0.016	0	7.93869e-007	1710.42	1910.43	1904.74
1909.78	1151.16	882	1.#QNAN	0	0.015	0	8.09047e-007	1698.96	1909.78	1904.1
1909.21	1150.8	883	1.#QNAN	0	0.031	0	7.71447e-007	1742.27	1909.21	1903.55
1908.64	1150.46	884	1.#QNAN	0	0.016	0	7.62415e-007	1918.42	1908.64	1902.99
1907.98	1150.09	885	1.#QNAN	0	0.016	0	7.5161e-007	1678.98	1907.98	1902.35
1907.32	1149.72	886	1.#QNAN	0	0.015	0	7.91802e-007	1686.44	1907.32	1901.7
1906.72	1149.37	887	1.#QNAN	0	0.016	0	8.13065e-007	1736.05	1906.72	1901.11
1906.1	1149.01	888	1.#QNAN	0	0.015	0	7.75722e-007	1717.96	1906.1	1900.51
1905.49	1148.65	889	1.#QNAN	0	0.016	0	7.83755e-007	1745.57	1905.49	1899.91
1904.94	1148.33	890	1.#QNAN	0	0.016	1	7.92522e-007	1950.33	1904.94	1899.38
1904.38	1147.97	891	1.#QNAN	0	0.031	0	7.93992e-007	1779.7	1904.38	1898.83
1903.82	1147.63	892	1.#QNAN	0	0.015	0	7.62476e-007	1766.71	1903.82	1898.28
1903.26	1147.29	893	1.#QNAN	0	0.016	0	7.29182e-007	1771.98	1903.26	1897.74
1902.7	1146.93	894	1.#QNAN	0	0.016	0	7.82578e-007	1790.12	1902.7	1897.19
1902.17	1146.6	895	1.#QNAN	0	0.015	0	7.92084e-007	1794.47	1902.17	1896.68
1901.65	1146.26	896	1.#QNAN	0	0.016	0	7.79615e-007	1808.92	1901.65	1896.17
1901.16	1145.92	897	1.#QNAN	0	0.015	0	7.81823e-007	1824.78	1901.16	1895.69
1900.65	1145.57	898	1.#QNAN	0	0.016	0	7.78135e-007	1822.1	1900.65	1895.19
1900.11	1145.23	899	1.#QNAN	0	0.031	0	7.7046e-007	1815.52	1900.11	1894.67
1899.56	1144.88	900	1.#QNAN	0	0.016	0	8.07192e-007	1779.81	1899.56	1894.13
1899.03	1144.53	901	1.#QNAN	0	0.015	0	7.81022e-007	1799.26	1899.03	1893.61
1898.49	1144.18	902	1.#QNAN	0	0.016	0	7.89244e-007	1777.77	1898.49	1893.08
1898.01	1143.84	903	1.#QNAN	0	0.016	0	7.94365e-007	1965.35	1898.01	1892.62
1897.55	1143.51	904	1.#QNAN	0	0.015	0	7.75683e-007	1918.88	1897.55	1892.17
1897.08	1143.18	905	1.#QNAN	0	0.016	0	8.04041e-007	1831.94	1897.08	1891.71
1896.55	1142.85	906	1.#QNAN	0	0.031	0	7.84029e-007	1783.77	1896.55	1891.19
1895.97	1142.5	907	1.#QNAN	0	0.016	0	7.82408e-007	1726.56	1895.97	1890.63
1895.4	1142.16	908	1.#QNAN	0	0.015	0	7.74598e-007	1731.4	1895.4	1890.07
1894.85	1141.82	909	1.#QNAN	0	0.016	0	7.87596e-007	1742.14	1894.85	1889.53
1894.24	1141.47	910	1.#QNAN	0	0.015	0	7.58361e-007	1719.61	1894.24	1888.93
1893.79	1141.17	911	1.#QNAN	0	0.016	0	8.05418e-007	2037.07	1893.79	1888.49
1893.34	1140.86	912	1.#QNAN	0	0.031	0	7.77424e-007	2055.54	1893.34	1888.06
1892.82	1140.52	913	1.#QNAN	0	0.016	0	7.55697e-007	1752.78	1892.82	1887.54
1892.21	1140.19	914	1.#QNAN	0	0.015	0	7.63182e-007	1693.82	1892.21	1886.95
1891.75	1139.89	915	1.#QNAN	0	0.016	0	7.62619e-007	2005.1	1891.75	1886.5
1891.22	1139.57	916	1.#QNAN	0	0.016	0	7.83609e-007	1733.46	1891.22	1885.98
1890.64	1139.23	917	1.#QNAN	0	0.015	0	7.85986e-007	1691.56	1890.64	1885.41
1890.06	1138.9	918	1.#QNAN	0	0.016	0	7.9476e-007	1664.06	1890.06	1884.84
1889.45	1138.55	919	1.#QNAN	0	0.031	0	7.67697e-007	1683.51	1889.45	1884.24
1888.92	1138.22	920	1.#QNAN	0	0.016	0	7.93113e-007	1711.67	1888.92	1883.72
1888.43	1137.9	921	1.#QNAN	0	0.015	0	7.65767e-007	1736.14	1888.43	1883.25
1887.97	1137.59	922	1.#QNAN	0	0.016	0	7.85505e-007	1768.22	1887.97	1882.8
1887.43	1137.26	923	1.#QNAN	0	0.015	0	7.82753e-007	1704.79	1887.43	1882.27
1886.97	1136.96	924	1.#QNAN	0	0.016	0	8.04568e-007	1814.77	1886.97	1881.82
1886.43	1136.63	925	1.#QNAN	0	0.016	0	7.84361e-007	1729.08	1886.43	1881.29
1885.9	1136.28	926	1.#QNAN	0	0.015	0	8.03839e-007	1708.75	1885.9	1880.77
1885.44	1135.97	927	1.#QNAN	0	0.031	0	7.70494e-007	1828.69	1885.44	1880.32
1884.87	1135.61	928	1.#QNAN	0	0.016	0	7.97169e-007	1678.28	1884.87	1879.76
1884.32	1135.26	929	1.#QNAN	0	0.016	0	8.03341e-007	1689.63	1884.32	1879.22
1883.77	1134.91	930	1.#QNAN	0	0.015	0	7.9432e-007	1701.86	1883.77	1878.68
1883.31	1134.59	931	1.#QNAN	0	0.016	0	8.00438e-007	1951.87	1883.31	1878.24
1882.74	1134.24	932	1.#QNAN	0	0.015	0	7.89844e-007	1697.87	1882.74	1877.68
1882.19	1133.91	933	1.#QNAN	0	0.016	0	7.65445e-007	1684.14	1882.19	1877.14
1881.63	1133.56	934	1.#QNAN	0	0.016	0	7.95749e-007	1685.01	1881.63	1876.58
1881.04	1133.21	935	1.#QNAN	0	0.015	0	7.63064e-007	1655.6	1881.04	1876.01
1880.42	1132.85	936	1.#QNAN	0	0.031	0	8.01236e-007	1637.92	1880.42	1875.4
1879.84	1132.52	937	1.#QNAN	0	0.016	0	7.66638e-007	1651.59	1879.84	1874.83
1879.34	1132.2	938	1.#QNAN	0	0.016	0	7.95265e-007	1706.89	1879.34	1874.33
1878.81	1131.87	939	1.#QNAN	0	0.015	0	7.97836e-007	1759.43	1878.81	1873.82
1878.25	1131.54	940	1.#QNAN	0	0.016	0	7.92476e-007	1679.8	1878.25	1873.27
1877.7	1131.21	941	1.#QNAN	0	0.015	0	7.88012e-007	1682.32	1877.7	1872.73
1877.19	1130.9	942	1.#QNAN	0	0.032	0	7.7139e-007	1707.78	1877.19	1872.23
1876.63	1130.57	943	1.#QNAN	0	0.015	0	8.0264e-007	1663.12	1876.63	1871.69
1876.14	1130.28	944	1.#QNAN	0	0.016	0	7.96556e-007	1951.91	1876.14	1871.2
1875.54	1129.95	945	1.#QNAN	0	0.015	0	8.21627e-007	1641.06	1875.54	1870.61
1874.95	1129.63	946	1.#QNAN	0	0.016	0	7.95002e-007	1659.64	1874.95	1870.03
1874.41	1129.34	947	1.#QNAN	0	0.016	1	7.78775e-007	1672.91	1874.41	1869.5
1873.89	1129.04	948	1.#QNAN	0	0.015	0	7.83206e-007	1831.63	1873.89	1868.98
1873.29	1128.72	949	1.#QNAN	0	0.015	0	8.26736e-007	1626.28	1873.29	1868.39
1872.65	1128.39	950	1.#QNAN	0	0.016	0	8.3326e-007	1606.17	1872.65	1867.76
1872.04	1128.07	951	1.#QNAN	0	0.016	0	8.05482e-007	1625.94	1872.04	1867.16
1871.49	1127.77	952	1.#QNAN	0	0.015	0	7.96908e-007	1697.4	1871.49	1866.62
1870.92	1127.45	953	1.#QNAN	0	0.016	0	8.11024e-007	1641.23	1870.92	1866.06
1870.33	1127.12	954	1.#QNAN	0	0.015	0	8.11116e-007	1642.07	1870.33	1865.48
1869.78	1126.79	955	1.#QNAN	0	0.016	0	7.9953e-007	1681.82	1869.78	1864.93
1869.32	1126.49	956	1.#QNAN	0	0.031	0	8.23685e-007	1984.9	1869.32	1864.49
1868.78	1126.16	957	1.#QNAN	0	0.016	0	7.97855e-007	1702.72	1868.78	1863.95
1868.27	1125.84	958	1.#QNAN	0	0.015	0	7.81297e-007	1731.92	1868.27	1863.45
1867.72	1125.52	959	1.#QNAN	0	0.016	0	7.74784e-007	1694.67	1867.72	1862.91
1867.21	1125.22	960	1.#QNAN	0	0.016	0	8.01596e-007	1785.94	1867.21	1862.41
1866.69	1124.91	961	1.#QNAN	0	0.015	0	7.72065e-007	1697.38	1866.69	1861.9
1866.18	1124.61	962	1.#QNAN	0	0.016	0	7.84649e-007	1705.66	1866.18	1861.4
1865.66	1124.3	963	1.#QNAN	0	0.031	0	8.00849e-007	1676.35	1865.66	1860.89
1865.11	1123.99	964	1.#QNAN	0	0.016	0	8.26243e-007	1665.15	1865.11	1860.35
1864.53	1123.67	965	1.#QNAN	0	0.015	0	7.99544e-007	1673.85	1864.53	1859.78
1863.98	1123.36	966	1.#QNAN	0	0.016	0	7.72499e-007	1729.47	1863.98	1859.24
1863.4	1123.04	967	1.#QNAN	0	0.015	0	8.03246e-007	1667.19	1863.4	1858.66
1862.8	1122.72	968	1.#QNAN	0	0.016	0	8.18534e-007	1672.87	1862.8	1858.07
1862.26	1122.42	969	1.#QNAN	0	0.016	0	7.62048e-007	1696.97	1862.26	1857.53
1861.77	1122.13	970	1.#QNAN	0	0.015	0	8.15596e-007	1821.69	1861.77	1857.06
1861.22	1121.83	971	1.#QNAN	0	0.031	0	7.95386e-007	1685.57	1861.22	1856.51
1860.71	1121.53	972	1.#QNAN	0	0.016	0	7.89756e-007	1709.83	1860.71	1856.01
1860.15	1121.22	973	1.#QNAN	0	0.016	0	7.93308e-007	1701.7	1860.15	1855.46
1859.64	1120.94	974	1.#QNAN	0	0.015	0	8.12024e-007	1709.92	1859.64	1854.96
1859.08	1120.63	975	1.#QNAN	0	0.016	0	7.97247e-007	1665.71	1859.08	1854.41
1858.67	1120.36	976	1.#QNAN	0	0.015	0	8.04338e-007	2005.2	1858.67	1854.01
1858.18	1120.07	977	1.#QNAN	0	0.016	0	7.86484e-007	1786.06	1858.18	1853.52
1857.59	1119.75	978	1.#QNAN	0	0.031	0	8.06481e-007	1654.14	1857.59	1852.95
1857.03	1119.44	979	1.#QNAN	0	0.016	0	8.11703e-007	1683.81	1857.03	1852.4
1856.47	1119.14	980	1.#QNAN	0	0.015	0	7.84464e-007	1679.08	1856.47	1851.84
1856.02	1118.87	981	1.#QNAN	0	0.016	0	7.75263e-007	1988.28	1856.02	1851.4
1855.45	1118.55	982	1.#QNAN	0	0.016	0	8.09067e-007	1688.87	1855.45	1850.83
1854.88	1118.23	983	1.#QNAN	0	0.015	0	8.19712e-007	1690.76	1854.88	1850.27
1854.37	1117.9	984	1.#QNAN	0	0.031	0	8.04966e-007	1715.58	1854.37	1849.77
1853.89	1117.59	985	1.#QNAN	0	0.016	0	8.00438e-007	1732.58	1853.89	1849.29
1853.35	1117.29	986	1.#QNAN	0	0.016	0	7.971e-007	1701.82	1853.35	1848.76
1852.82	1116.96	987	1.#QNAN	0	0.015	0	8.20402e-007	1712.38	1852.82	1848.24
1852.25	1116.63	988	1.#QNAN	0	0.016	0	8.04152e-007	1710.8	1852.25	1847.68
1851.84	1116.34	989	1.#QNAN	0	0.015	0	7.76059e-007	2024.51	1851.84	1847.28
1851.3	1116	990	1.#QNAN	0	0.016	0	8.47888e-007	1694.19	1851.3	1846.76
1850.76	1115.68	991	1.#QNAN	0	0.016	0	7.97317e-007	1674.54	1850.76	1846.22
1850.32	1115.39	992	1.#QNAN	0	0.031	0	8.15603e-007	1993.69	1850.32	1845.8
1849.79	1115.07	993	1.#QNAN	0	0.015	0	7.93194e-007	1675.24	1849.79	1845.27
1849.25	1114.76	994	1.#QNAN	0	0.016	0	8.24958e-007	1659.3	1849.25	1844.74
1848.71	1114.44	995	1.#QNAN	0	0.016	0	8.05445e-007	1694.39	1848.71	1844.2
1848.16	1114.12	996	1.#QNAN	0	0.015	0	7.98077e-007	1672.29	1848.16	1843.66
1847.69	1113.82	997	1.#QNAN	0	0.016	0	8.16644e-007	1684.14	1847.69	1843.2
1847.26	1113.53	998	1.#QNAN	0	0.015	0	8.07086e-007	1718.39	1847.26	1842.79
1846.91	1113.26	999	1.#QNAN	0	0.016	0	7.64967e-007	1839.64	1846.91	1842.44
1846.51	1112.98	1000	1.#QNAN	0	0.016	0	8.01901e-007	1749.41	1846.51	1842.06
1846.07	1112.67	1001	1.#QNAN	0	0.016	0	7.74126e-007	1711.09	1846.07	1841.62
1845.64	1112.38	1002	1.#QNAN	0	0.015	0	7.81011e-007	1714.06	1845.64	1841.21
1845.18	1112.08	1003	1.#QNAN	0	0.016	1	7.84396e-007	1696.83	1845.18	1840.75
1844.74	1111.78	1004	1.#QNAN	0	0.016	0	8.25441e-007	1719.67	1844.74	1840.32
1844.39	1111.5	1005	1.#QNAN	0	0.015	0	8.05987e-007	1788.41	1844.39	1839.97
1843.95	1111.22	1006	1.#QNAN	0	0.016	0	8.1788e-007	1715.16	1843.95	1839.55
1843.63	1110.98	1007	1.#QNAN	0	0.015	0	8.03174e-007	2019.91	1843.63	1839.24
1843.2	1110.68	1008	1.#QNAN	0	0.032	0	8.04579e-007	1702.29	1843.2	1838.81
1842.75	1110.38	1009	1.#QNAN	0	0.015	0	7.97056e-007	1704.12	1842.75	1838.37
1842.31	1110.08	1010	1.#QNAN	0	0.016	0	7.83501e-007	1714.26	1842.31	1837.94
1841.92	1109.8	1011	1.#QNAN	0	0.015	0	8.1479e-007	1755.33	1841.92	1837.56
1841.56	1109.54	1012	1.#QNAN	0	0.016	0	8.00098e-007	1848.09	1841.56	1837.21
1841.12	1109.24	1013	1.#QNAN	0	0.016	0	7.68382e-007	1727.52	1841.12	1836.78
1840.66	1108.94	1014	1.#QNAN	0	0.031	0	8.06742e-007	1707.12	1840.66	1836.33
1840.2	1108.65	1015	1.#QNAN	0	0.015	0	8.09519e-007	1767.32	1840.2	1835.88
1839.71	1108.34	1016	1.#QNAN	0	0.016	0	7.97055e-007	1702.96	1839.71	1835.41
1839.2	1108.03	1017	1.#QNAN	0	0.016	0	8.05835e-007	1681.47	1839.2	1834.9
1838.73	1107.74	1018	1.#QNAN	0	0.015	0	7.90177e-007	1698.38	1838.73	1834.44
1838.31	1107.47	1019	1.#QNAN	0	0.016	0	8.05846e-007	1739.95	1838.31	1834.02
1837.86	1107.18	1020	1.#QNAN	0	0.015	0	7.97146e-007	1696.6	1837.86	1833.58
1837.42	1106.89	1021	1.#QNAN	0	0.032	0	8.18005e-007	1714.84	1837.42	1833.16
1836.93	1106.59	1022	1.#QNAN	0	0.015	0	7.95211e-007	1657.37	1836.93	1832.68
1836.52	1106.31	1023	1.#QNAN	0	0.016	0	7.97091e-007	1791.49	1836.52	1832.28
1836.13	1106.03	1024	1.#QNAN	0	0.015	0	8.12755e-007	1778.52	1836.13	1831.9
1835.65	1105.73	1025	1.#QNAN	0	0.016	0	8.04924e-007	1669.9	1835.65	1831.42
1835.2	1105.44	1026	1.#QNAN	0	0.016	0	8.12833e-007	1694.59	1835.2	1830.98
1834.76	1105.17	1027	1.#QNAN	0	0.015	0	8.38261e-007	1683.31	1834.76	1830.55
1834.31	1104.9	1028	1.#QNAN	0	0.016	0	7.96349e-007	1688.27	1834.31	1830.11
1833.79	1104.61	1029	1.#QNAN	0	0.031	0	8.11978e-007	1624.61	1833.79	1829.59
1833.3	1104.32	1030	1.#QNAN	0	0.016	0	8.30159e-007	1664.16	1833.3	1829.12
1832.85	1104.05	1031	1.#QNAN	0	0.015	0	7.73862e-007	1673.64	1832.85	1828.68
1832.4	1103.77	1032	1.#QNAN	0	0.016	0	7.94503e-007	1685.32	1832.4	1828.24
1831.96	1103.5	1033	1.#QNAN	0	0.015	0	7.86244e-007	1665.05	1831.96	1827.81
1831.6	1103.24	1034	1.#QNAN	0	0.016	0	8.00262e-007	1891.37	1831.6	1827.45
1831.15	1102.95	1035	1.#QNAN	0	0.016	0	8.09585e-007	1656.75	1831.15	1827.01
1830.72	1102.68	1036	1.#QNAN	0	0.031	0	8.22952e-007	1662.85	1830.72	1826.59
1830.33	1102.43	1037	1.#QNAN	0	0.015	0	7.96861e-007	1705.78	1830.33	1826.21
1829.89	1102.16	1038	1.#QNAN	0	0.016	0	8.25635e-007	1690.43	1829.89	1825.78
1829.51	1101.9	1039	1.#QNAN	0	0.016	0	8.02694e-007	1718.28	1829.51	1825.41
1829.13	1101.64	1040	1.#QNAN	0	0.015	0	8.2202e-007	1717.16	1829.13	1825.04
1828.85	1101.41	1041	1.#QNAN	0	0.016	0	8.00235e-007	1814.36	1828.85	1824.77
1828.45	1101.15	1042	1.#QNAN	0	0.015	0	8.3083e-007	1726.34	1828.45	1824.37
1828.02	1100.88	1043	1.#QNAN	0	0.016	0	8.0038e-007	1703.13	1828.02	1823.96
1827.59	1100.6	1044	1.#QNAN	0	0.031	0	8.21464e-007	1721.57	1827.59	1823.54
1827.18	1100.34	1045	1.#QNAN	0	0.016	0	8.00644e-007	1739.03	1827.18	1823.13
1826.78	1100.08	1046	1.#QNAN	0	0.015	0	8.16891e-007	1765.27	1826.78	1822.74
1826.36	1099.81	1047	1.#QNAN	0	0.016	0	7.94211e-007	1733.71	1826.36	1822.33
1826	1099.58	1048	1.#QNAN	0	0.016	0	8.19587e-007	2027.58	1826	1821.98
1825.6	1099.32	1049	1.#QNAN	0	0.015	0	8.12452e-007	1740.81	1825.6	1821.59
1825.19	1099.07	1050	1.#QNAN	0	0.031	0	8.0379e-007	1744.06	1825.19	1821.19
1824.81	1098.81	1051	1.#QNAN	0	0.016	0	7.9201e-007	1776.18	1824.81	1820.82
1824.45	1098.56	1052	1.#QNAN	0	0.016	0	8.06851e-007	1755.78	1824.45	1820.46
1824.08	1098.31	1053	1.#QNAN	0	0.015	0	7.95052e-007	1769.98	1824.08	1820.11
1823.68	1098.06	1054	1.#QNAN	0	0.016	0	7.8102e-007	1728.88	1823.68	1819.72
1823.26	1097.8	1055	1.#QNAN	0	0.015	0	8.08934e-007	1726.6	1823.26	1819.3
1822.89	1097.55	1056	1.#QNAN	0	0.016	0	8.12498e-007	1737.39	1822.89	1818.94
1822.51	1097.3	1057	1.#QNAN	0	0.016	0	7.74503e-007	1730.06	1822.51	1818.57
1822.11	1097.07	1058	1.#QNAN	0	0.031	0	7.99005e-007	1734.41	1822.11	1818.18
1821.8	1096.85	1059	1.#QNAN	0	0.015	1	8.14587e-007	1907.95	1821.8	1817.88
1821.45	1096.62	1060	1.#QNAN	0	0.016	0	8.22115e-007	1777.63	1821.45	1817.53
1821.03	1096.37	1061	1.#QNAN	0	0.016	0	8.35804e-007	1730	1821.03	1817.13
1820.62	1096.12	1062	1.#QNAN	0	0.015	0	8.16101e-007	1749.45	1820.62	1816.72
1820.21	1095.87	1063	1.#QNAN	0	0.016	0	8.18986e-007	1736.42	1820.21	1816.32
1819.79	1095.61	1064	1.#QNAN	0	0.015	0	8.108e-007	1720.15	1819.79	1815.9
1819.36	1095.36	1065	1.#QNAN	0	0.032	0	8.07258e-007	1701.35	1819.36	1815.48
1818.91	1095.1	1066	1.#QNAN	0	0.015	0	8.11977e-007	1705.53	1818.91	1815.04
1818.49	1094.83	1067	1.#QNAN	0	0.016	0	8.38602e-007	1700.35	1818.49	1814.62
1818.1	1094.58	1068	1.#QNAN	0	0.015	0	8.16405e-007	1709.19	1818.1	1814.24
1817.71	1094.34	1069	1.#QNAN	0	0.016	0	8.14706e-007	1730.64	1817.71	1813.86
1817.33	1094.1	1070	1.#QNAN	0	0.016	0	8.34067e-007	1761.95	1817.33	1813.49
1816.94	1093.86	1071	1.#QNAN	0	0.015	0	7.96023e-007	1752.75	1816.94	1813.11
1816.56	1093.61	1072	1.#QNAN	0	0.016	0	7.93413e-007	1740.6	1816.56	1812.73
1816.14	1093.35	1073	1.#QNAN	0	0.031	0	8.19792e-007	1708.36	1816.14	1812.31
1815.74	1093.09	1074	1.#QNAN	0	0.016	0	7.83499e-007	1670.33	1815.74	1811.93
1815.31	1092.82	1075	1.#QNAN	0	0.015	0	8.3291e-007	1644.64	1815.31	1811.51
1814.87	1092.56	1076	1.#QNAN	0	0.016	0	8.25659e-007	1644.66	1814.87	1811.07
1814.37	1092.28	1077	1.#QNAN	0	0.015	0	8.06765e-007	1616.71	1814.37	1810.58
1813.91	1092.01	1078	1.#QNAN	0	0.016	0	8.04659e-007	1627.24	1813.91	1810.12
1813.45	1091.75	1079	1.#QNAN	0	0.016	0	8.20803e-007	1630.25	1813.45	1809.67
1812.93	1091.48	1080	1.#QNAN	0	0.031	0	8.48799e-007	1623.11	1812.93	1809.15
1812.51	1091.24	1081	1.#QNAN	0	0.015	0	8.09379e-007	1688.44	1812.51	1808.74
1812.08	1090.98	1082	1.#QNAN	0	0.016	0	8.0193e-007	1666.63	1812.08	1808.32
1811.67	1090.73	1083	1.#QNAN	0	0.016	0	8.23833e-007	1679.33	1811.67	1807.92
1811.25	1090.47	1084	1.#QNAN	0	0.015	0	7.9988e-007	1649.97	1811.25	1807.5
1810.79	1090.2	1085	1.#QNAN	0	0.016	0	8.00978e-007	1613.2	1810.79	1807.05
1810.36	1089.95	1086	1.#QNAN	0	0.015	0	8.04695e-007	1635.29	1810.36	1806.63
1809.97	1089.7	1087	1.#QNAN	0	0.016	0	8.18971e-007	1672.73	1809.97	1806.25
1809.58	1089.46	1088	1.#QNAN	0	0.031	0	8.23191e-007	1699.97	1809.58	1805.86
1809.14	1089.2	1089	1.#QNAN	0	0.016	0	8.20006e-007	1651.47	1809.14	1805.42
1808.67	1088.95	1090	1.#QNAN	0	0.015	0	8.13465e-007	1638.33	1808.67	1804.96
1808.25	1088.71	1091	1.#QNAN	0	0.016	0	8.20657e-007	1667.97	1808.25	1804.55
1807.81	1088.44	1092	1.#QNAN	0	0.016	0	8.15819e-007	1624.73	1807.81	1804.12
1807.37	1088.17	1093	1.#QNAN	0	0.015	0	8.03868e-007	1644.51	1807.37	1803.67
1806.88	1087.91	1094	1.#QNAN	0	0.016	0	8.28808e-007	1653.8	1806.88	1803.2
1806.38	1087.63	1095	1.#QNAN	0	0.031	0	7.84396e-007	1655.86	1806.38	1802.7
1805.94	1087.37	1096	1.#QNAN	0	0.016	0	8.18864e-007	1673.41	1805.94	1802.27
1805.47	1087.11	1097	1.#QNAN	0	0.015	0	8.42267e-007	1673.15	1805.47	1801.8
1805.12	1086.87	1098	1.#QNAN	0	0.016	0	8.2408e-007	1831.32	1805.12	1801.46
1804.7	1086.61	1099	1.#QNAN	0	0.015	0	8.09289e-007	1675.86	1804.7	1801.05
1804.25	1086.34	1100	1.#QNAN	0	0.016	0	8.1377e-007	1640.77	1804.25	1800.6
1803.92	1086.12	1101	1.#QNAN	0	0.016	0	8.03515e-007	1840.79	1803.92	1800.28
1803.49	1085.86	1102	1.#QNAN	0	0.015	0	8.31211e-007	1671.34	1803.49	1799.86
1803.06	1085.59	1103	1.#QNAN	0	0.031	0	8.18567e-007	1649.74	1803.06	1799.43
1802.63	1085.33	1104	1.#QNAN	0	0.016	0	8.15802e-007	1640.11	1802.63	1799.01
1802.19	1085.06	1105	1.#QNAN	0	0.016	0	8.16868e-007	1620.79	1802.19	1798.57
1801.77	1084.8	1106	1.#QNAN	0	0.015	0	8.06419e-007	1643.93	1801.77	1798.17
1801.37	1084.53	1107	1.#QNAN	0	0.016	0	7.99114e-007	1654.6	1801.37	1797.77
1800.95	1084.26	1108	1.#QNAN	0	0.015	0	8.51635e-007	1635.69	1800.95	1797.35
1800.52	1084	1109	1.#QNAN	0	0.016	0	8.11167e-007	1637.52	1800.52	1796.93
1800.12	1083.75	1110	1.#QNAN	0	0.016	0	8.2529e-007	1743.43	1800.12	1796.54
1799.7	1083.48	1111	1.#QNAN	0	0.031	0	8.06517e-007	1653.39	1799.7	1796.13
1799.25	1083.21	1112	1.#QNAN	0	0.015	0	8.13524e-007	1644.27	1799.25	1795.68
1798.88	1082.96	1113	1.#QNAN	0	0.016	0	8.16475e-007	1695.99	1798.88	1795.32
1798.5	1082.72	1114	1.#QNAN	0	0.016	0	8.31931e-007	1680.29	1798.5	1794.95
1798.15	1082.49	1115	1.#QNAN	0	0.015	0	8.12099e-007	1809.38	1798.15	1794.6
1797.8	1082.25	1116	1.#QNAN	0	0.016	1	7.92895e-007	1738.61	1797.8	1794.26
1797.44	1082.01	1117	1.#QNAN	0	0.015	0	8.05899e-007	1711.06	1797.44	1793.91
1797.11	1081.77	1118	1.#QNAN	0	0.032	0	8.08295e-007	1852.69	1797.11	1793.58
1796.69	1081.52	1119	1.#QNAN	0	0.015	0	8.45483e-007	1683.98	1796.69	1793.16
1796.29	1081.28	1120	1.#QNAN	0	0.016	0	8.01749e-007	1725.1	1796.29	1792.78
1795.87	1081.03	1121	1.#QNAN	0	0.015	0	8.2448e-007	1656.18	1795.87	1792.35
1795.44	1080.77	1122	1.#QNAN	0	0.016	0	8.31631e-007	1669.13	1795.44	1791.93
1795	1080.51	1123	1.#QNAN	0	0.016	0	7.92363e-007	1708.46	1795	1791.49
1794.58	1080.27	1124	1.#QNAN	0	0.015	0	8.1131e-007	1708.32	1794.58	1791.08
1794.15	1080.02	1125	1.#QNAN	0	0.031	0	8.0124e-007	1690.26	1794.15	1790.66
1793.64	1079.76	1126	1.#QNAN	0	0.016	0	7.98451e-007	1641.9	1793.64	1790.16
1793.16	1079.5	1127	1.#QNAN	0	0.016	0	8.16007e-007	1626.88	1793.16	1789.68
1792.69	1079.24	1128	1.#QNAN	0	0.015	0	8.16783e-007	1650.82	1792.69	1789.21
1792.23	1078.99	1129	1.#QNAN	0	0.016	0	7.91764e-007	1668.58	1792.23	1788.76
1791.82	1078.74	1130	1.#QNAN	0	0.015	0	8.0722e-007	1664.37	1791.82	1788.35
1791.42	1078.51	1131	1.#QNAN	0	0.032	0	8.06776e-007	1768.32	1791.42	1787.96
1791	1078.27	1132	1.#QNAN	0	0.015	0	7.9133e-007	1662.14	1791	1787.54
1790.58	1078.02	1133	1.#QNAN	0	0.016	0	8.07281e-007	1660.03	1790.58	1787.13
1790.2	1077.78	1134	1.#QNAN	0	0.015	0	8.11895e-007	1728.53	1790.2	1786.75
1789.73	1077.53	1135	1.#QNAN	0	0.016	0	8.14932e-007	1640.82	1789.73	1786.28
1789.4	1077.32	1136	1.#QNAN	0	0.015	0	8.21672e-007	1912.76	1789.4	1785.96
1789.05	1077.12	1137	1.#QNAN	0	0.016	0	8.15267e-007	1942.41	1789.05	1785.62
1788.66	1076.9	1138	1.#QNAN	0	0.031	0	8.62144e-007	1682.27	1788.66	1785.24
1788.35	1076.7	1139	1.#QNAN	0	0.016	0	8.12429e-007	1884.68	1788.35	1784.93
1787.93	1076.47	1140	1.#QNAN	0	0.015	0	8.49106e-007	1671.19	1787.93	1784.51
1787.54	1076.26	1141	1.#QNAN	0	0.016	0	8.42834e-007	1710.68	1787.54	1784.13
1787.13	1076.03	1142	1.#QNAN	0	0.015	0	8.14957e-007	1701.17	1787.13	1783.73
1786.77	1075.81	1143	1.#QNAN	0	0.016	0	8.03391e-007	1737.7	1786.77	1783.37
1786.41	1075.59	1144	1.#QNAN	0	0.016	0	8.07593e-007	1718.89	1786.41	1783.02
1786.04	1075.37	1145	1.#QNAN	0	0.015	0	8.0904e-007	1700.84	1786.04	1782.65
1785.73	1075.17	1146	1.#QNAN	0	0.031	0	8.25704e-007	1848.31	1785.73	1782.34
1785.46	1074.99	1147	1.#QNAN	0	0.016	0	8.41897e-007	1980.39	1785.46	1782.08
1785.1	1074.78	1148	1.#QNAN	0	0.016	0	8.04873e-007	1728.36	1785.1	1781.73
1784.71	1074.55	1149	1.#QNAN	0	0.015	0	7.96197e-007	1672.32	1784.71	1781.35
1784.35	1074.34	1150	1.#QNAN	0	0.016	0	8.18488e-007	1789.71	1784.35	1780.99
1783.97	1074.12	1151	1.#QNAN	0	0.015	0	8.18927e-007	1694.86	1783.97	1780.61
1783.61	1073.9	1152	1.#QNAN	0	0.016	0	8.13937e-007	1753.29	1783.61	1780.26
1783.18	1073.66	1153	1.#QNAN	0	0.031	0	8.30379e-007	1677.61	1783.18	1779.83
1782.8	1073.45	1154	1.#QNAN	0	0.016	0	8.15192e-007	1736.38	1782.8	1779.46
1782.45	1073.24	1155	1.#QNAN	0	0.015	0	8.48404e-007	1888.18	1782.45	1779.12
1782.03	1073.01	1156	1.#QNAN	0	0.016	0	8.04172e-007	1644.05	1782.03	1778.7
1781.58	1072.78	1157	1.#QNAN	0	0.016	0	8.49856e-007	1647.23	1781.58	1778.25
1781.15	1072.55	1158	1.#QNAN	0	0.015	0	8.19629e-007	1670.91	1781.15	1777.82
1780.74	1072.33	1159	1.#QNAN	0	0.016	0	7.85604e-007	1675.69	1780.74	1777.42
1780.3	1072.1	1160	1.#QNAN	0	0.031	0	8.18841e-007	1654.66	1780.3	1776.99
1779.91	1071.87	1161	1.#QNAN	0	0.016	0	8.09559e-007	1664.55	1779.91	1776.6
1779.53	1071.64	1162	1.#QNAN	0	0.015	0	8.51308e-007	1659.11	1779.53	1776.23
1779.2	1071.43	1163	1.#QNAN	0	0.016	0	8.26547e-007	1738.75	1779.2	1775.9
1778.81	1071.21	1164	1.#QNAN	0	0.015	0	8.17685e-007	1665.91	1778.81	1775.52
1778.48	1071	1165	1.#QNAN	0	0.016	0	8.35249e-007	1795.64	1778.48	1775.19
1778.07	1070.79	1166	1.#QNAN	0	0.016	0	8.11576e-007	1638.43	1778.07	1774.79
1777.68	1070.57	1167	1.#QNAN	0	0.015	0	7.98593e-007	1660.82	1777.68	1774.41
1777.33	1070.34	1168	1.#QNAN	0	0.031	0	8.0821e-007	1688.89	1777.33	1774.06
1776.99	1070.13	1169	1.#QNAN	0	0.016	0	8.32303e-007	1688.98	1776.99	1773.73
1776.64	1069.92	1170	1.#QNAN	0	0.016	0	7.92709e-007	1669.54	1776.64	1773.39
1776.35	1069.74	1171	1.#QNAN	0	0.015	1	8.16728e-007	1848.36	1776.35	1773.1
1776.04	1069.55	1172	1.#QNAN	0	0.016	0	8.51471e-007	1891.1	1776.04	1772.8
1775.72	1069.35	1173	1.#QNAN	0	0.015	0	7.98323e-007	1719.34	1775.72	1772.48
1775.39	1069.15	1174	1.#QNAN	0	0.016	0	8.09254e-007	1790.65	1775.39	1772.16
1775.11	1068.97	1175	1.#QNAN	0	0.031	0	8.04481e-007	1822.92	1775.11	1771.88
1774.76	1068.76	1176	1.#QNAN	0	0.016	0	8.41383e-007	1696.37	1774.76	1771.53
1774.43	1068.56	1177	1.#QNAN	0	0.015	0	8.12e-007	1712.69	1774.43	1771.22
1774.11	1068.35	1178	1.#QNAN	0	0.016	0	8.11213e-007	1701.41	1774.11	1770.9
1773.76	1068.14	1179	1.#QNAN	0	0.016	0	8.1649e-007	1726.91	1773.76	1770.56
1773.41	1067.94	1180	1.#QNAN	0	0.015	0	8.15418e-007	1675.91	1773.41	1770.21
1773.03	1067.73	1181	1.#QNAN	0	0.016	0	8.21703e-007	1647.4	1773.03	1769.83
1772.62	1067.52	1182	1.#QNAN	0	0.015	0	8.316e-007	1649.13	1772.62	1769.44
1772.18	1067.3	1183	1.#QNAN	0	0.016	0	8.36856e-007	1639.8	1772.18	1769
1771.8	1067.09	1184	1.#QNAN	0	0.015	0	8.3756e-007	1650.2	1771.8	1768.63
1771.41	1066.88	1185	1.#QNAN	0	0.016	0	8.1435e-007	1645.64	1771.41	1768.24
1771.07	1066.71	1186	1.#QNAN	0	0.015	0	8.50212e-007	1956.53	1771.07	1767.91
1770.66	1066.49	1187	1.#QNAN	0	0.016	0	8.29868e-007	1652.1	1770.66	1767.5
1770.31	1066.3	1188	1.#QNAN	0	0.016	0	8.16629e-007	1671.92	1770.31	1767.15
1769.92	1066.09	1189	1.#QNAN	0	0.015	0	8.21822e-007	1676.61	1769.92	1766.77
1769.54	1065.9	1190	1.#QNAN	0	0.031	0	8.25184e-007	1684.1	1769.54	1766.4
1769.18	1065.7	1191	1.#QNAN	0	0.016	0	8.3512e-007	1688.2	1769.18	1766.03
1768.81	1065.51	1192	1.#QNAN	0	0.016	0	8.24074e-007	1689.98	1768.81	1765.67
1768.51	1065.34	1193	1.#QNAN	0	0.015	0	8.34814e-007	1708.31	1768.51	1765.38
1768.26	1065.17	1194	1.#QNAN	0	0.016	0	8.2786e-007	1903.23	1768.26	1765.13
1767.88	1064.97	1195	1.#QNAN	0	0.015	0	8.38376e-007	1654.84	1767.88	1764.75
1767.56	1064.78	1196	1.#QNAN	0	0.016	0	8.25196e-007	1698.47	1767.56	1764.44
1767.21	1064.59	1197	1.#QNAN	0	0.031	0	8.24619e-007	1696.02	1767.21	1764.09
1766.84	1064.38	1198	1.#QNAN	0	0.016	0	8.2821e-007	1641.77	1766.84	1763.73
1766.49	1064.18	1199	1.#QNAN	0	0.015	0	8.12064e-007	1655.6	1766.49	1763.38
