rmse	mae	#iter	time_pred	time_learn	time_learn2	time_learn4	alpha	rmse_mcmc_this	rmse_mcmc_all	rmse_mcmc_all_but5
8644.53	5220.07	0	1.#QNAN	0	0.016	0	2.53042e-010	8644.53	8644.53	3880.47
8054.31	4759.73	1	1.#QNAN	0	0	0	4.8834e-009	7732.85	8054.31	3880.47
7833.26	4615.25	2	1.#QNAN	0	0	0	6.09043e-009	7488.02	7833.26	3880.47
7700.84	4547.33	3	1.#QNAN	0	0.016	0	6.68501e-009	7396.34	7700.84	3880.47
7572.39	4465.81	4	1.#QNAN	0	0	0	7.55408e-009	7185.14	7572.39	37687.6
7443.14	4396.62	5	1.#QNAN	0	0	0	8.08051e-009	6915.47	7443.14	6915.47
7299.16	4313.79	6	1.#QNAN	0	0.015	0	8.76431e-009	6555.64	7299.16	6703.28
7169.64	4238.46	7	1.#QNAN	0	0	0	9.63579e-009	6395.84	7169.64	6578.53
7055.11	4178.86	8	1.#QNAN	0	0	0	1.04687e-008	6256	7055.11	6482.52
6947.83	4122.34	9	1.#QNAN	0	0	0	1.1742e-008	6096.41	6947.83	6393.23
6833.82	4056.18	10	1.#QNAN	0	0.016	0	1.35185e-008	5859.36	6833.82	6288.21
6724.41	3998	11	1.#QNAN	0	0	0	1.42306e-008	5690.17	6724.41	6188.79
6614.82	3936.97	12	1.#QNAN	0	0	0	1.60082e-008	5450.25	6614.82	6085.81
6509.76	3882.19	13	1.#QNAN	0	0.015	0	1.79107e-008	5281.36	6509.76	5987.24
6405.59	3827.9	14	1.#QNAN	0	0	0	1.97972e-008	5085.61	6405.59	5890.27
6303.45	3775.08	15	1.#QNAN	0	0	0	2.09998e-008	4915.96	6303.45	5794.11
6200.44	3722.75	16	1.#QNAN	0	0.016	1	2.3372e-008	4706.83	6200.44	5696.3
6101.67	3673.29	17	1.#QNAN	0	0	0	2.51169e-008	4592.97	6101.67	5602.92
6008.43	3625.47	18	1.#QNAN	0	0	0	2.87138e-008	4467.54	6008.43	5515.93
5917.35	3579.46	19	1.#QNAN	0	0	0	3.11269e-008	4358.72	5917.35	5430.96
5824.63	3532.41	20	1.#QNAN	0	0.016	0	3.34719e-008	4147.97	5824.63	5343.34
5731.35	3484.1	21	1.#QNAN	0	0	0	3.88489e-008	3935.84	5731.35	5254.47
5645.48	3440.11	22	1.#QNAN	0	0	0	4.1031e-008	3922.78	5645.48	5174.34
5557.57	3396.06	23	1.#QNAN	0	0.015	0	4.453e-008	3694.75	5557.57	5090.67
5469.7	3351.13	24	1.#QNAN	0	0	0	4.88683e-008	3552.27	5469.7	5007.27
5384.66	3307.31	25	1.#QNAN	0	0	0	5.40284e-008	3430.02	5384.66	4926.76
5299.54	3264.31	26	1.#QNAN	0	0.016	0	5.98508e-008	3245.79	5299.54	4845.31
5213.24	3220.62	27	1.#QNAN	0	0	0	6.87569e-008	3072.69	5213.24	4762.27
5129.08	3178.22	28	1.#QNAN	0	0	0	7.51399e-008	2980.13	5129.08	4681.62
5046.06	3135.68	29	1.#QNAN	0	0	0	8.74677e-008	2828.69	5046.06	4601.95
4962.82	3092.46	30	1.#QNAN	0	0.015	0	1.00085e-007	2670.81	4962.82	4521.7
4880.08	3049.53	31	1.#QNAN	0	0	0	1.15895e-007	2544.47	4880.08	4441.85
4799.76	3007.06	32	1.#QNAN	0	0	0	1.29503e-007	2467.33	4799.76	4364.6
4721.3	2965.85	33	1.#QNAN	0	0.016	0	1.45552e-007	2398.84	4721.3	4289.51
4643.81	2924.5	34	1.#QNAN	0	0	0	1.57246e-007	2279.19	4643.81	4215.23
4567.63	2883.67	35	1.#QNAN	0	0	0	1.71588e-007	2185.89	4567.63	4142.26
4492.63	2843.42	36	1.#QNAN	0	0.016	0	1.97754e-007	2117.74	4492.63	4070.67
4419.54	2803.97	37	1.#QNAN	0	0	0	2.18666e-007	2044.06	4419.54	4001.07
4348.21	2765.52	38	1.#QNAN	0	0	0	2.34591e-007	1942.12	4348.21	3933.12
4278.67	2727.51	39	1.#QNAN	0	0	0	2.57464e-007	1907.49	4278.67	3867.12
4209.79	2689.57	40	1.#QNAN	0	0.015	0	2.79272e-007	1814.57	4209.79	3801.65
4142.79	2652.39	41	1.#QNAN	0	0	0	2.99037e-007	1781.09	4142.79	3738.21
4077.76	2615.76	42	1.#QNAN	0	0	0	3.24335e-007	1719.09	4077.76	3676.77
4014.19	2579.14	43	1.#QNAN	0	0.016	0	3.52032e-007	1657.15	4014.19	3616.73
3952.02	2543.29	44	1.#QNAN	0	0	0	3.7023e-007	1621.38	3952.02	3558.17
3892.02	2508.29	45	1.#QNAN	0	0	0	3.82217e-007	1608.79	3892.02	3501.94
3833.39	2473.82	46	1.#QNAN	0	0.015	0	4.07342e-007	1552.81	3833.39	3447
3776.58	2440.24	47	1.#QNAN	0	0	0	4.19855e-007	1531.77	3776.58	3393.89
3721.34	2407.32	48	1.#QNAN	0	0	0	4.39842e-007	1534.57	3721.34	3342.49
3667.81	2375.23	49	1.#QNAN	0	0	0	4.54907e-007	1485.88	3667.81	3292.74
3615.86	2344	50	1.#QNAN	0	0.016	0	4.50027e-007	1473.73	3615.86	3244.6
3565.17	2313.39	51	1.#QNAN	0	0	0	4.62473e-007	1452.74	3565.17	3197.75
3515.96	2283.48	52	1.#QNAN	0	0	0	4.76829e-007	1444.09	3515.96	3152.41
3468.12	2254.28	53	1.#QNAN	0	0.016	0	5.07688e-007	1427.86	3468.12	3108.41
3421.26	2225.55	54	1.#QNAN	0	0	0	5.16228e-007	1417.2	3421.26	3065.36
3376.11	2197.72	55	1.#QNAN	0	0	0	5.03247e-007	1412.55	3376.11	3024.04
3331.98	2170.39	56	1.#QNAN	0	0.015	0	5.17281e-007	1367.43	3331.98	2983.65
3289.74	2144.09	57	1.#QNAN	0	0	0	5.30453e-007	1400.39	3289.74	2945.24
3248.55	2118.66	58	1.#QNAN	0	0	0	5.16988e-007	1405.61	3248.55	2907.87
3208.38	2093.66	59	1.#QNAN	0	0.016	0	5.3257e-007	1377.1	3208.38	2871.48
3169.36	2069.62	60	1.#QNAN	0	0	0	5.37785e-007	1369.67	3169.36	2836.2
3131.37	2046.06	61	1.#QNAN	0	0	0	5.43437e-007	1369.98	3131.37	2801.92
3094.5	2023.23	62	1.#QNAN	0	0	0	5.34494e-007	1374.82	3094.5	2768.77
3058.46	2000.84	63	1.#QNAN	0	0.015	0	5.31067e-007	1346.28	3058.46	2736.36
3023.54	1979.11	64	1.#QNAN	0	0	0	5.71378e-007	1340.52	3023.54	2705.06
2989.32	1957.78	65	1.#QNAN	0	0	0	5.59888e-007	1336.11	2989.32	2674.43
2956.05	1937.08	66	1.#QNAN	0	0.016	0	5.61238e-007	1344.33	2956.05	2644.74
2923.73	1916.73	67	1.#QNAN	0	0	0	5.49797e-007	1341.12	2923.73	2615.92
2892.42	1897.17	68	1.#QNAN	0	0	0	5.7847e-007	1355.15	2892.42	2588.14
2862.07	1878.04	69	1.#QNAN	0	0	0	5.60192e-007	1348.77	2862.07	2561.28
2832.57	1859.26	70	1.#QNAN	0	0.016	0	5.67752e-007	1325.03	2832.57	2535.21
2804.06	1841.04	71	1.#QNAN	0	0	0	5.56721e-007	1339.98	2804.06	2510.09
2776.1	1823.32	72	1.#QNAN	0	0	0	5.79013e-007	1341.96	2776.1	2485.54
2748.37	1805.76	73	1.#QNAN	0	0.015	0	5.44931e-007	1314.16	2748.37	2461.11
2721.74	1788.83	74	1.#QNAN	0	0	0	5.51568e-007	1333.1	2721.74	2437.79
2696.01	1772.33	75	1.#QNAN	0	0	0	5.70434e-007	1342.03	2696.01	2415.34
2670.83	1756.21	76	1.#QNAN	0	0.016	0	5.40819e-007	1329.93	2670.83	2393.37
2646.27	1740.4	77	1.#QNAN	0	0	0	5.6753e-007	1334.82	2646.27	2372.02
2622.28	1724.98	78	1.#QNAN	0	0	0	5.6744e-007	1323.12	2622.28	2351.17
2598.98	1709.96	79	1.#QNAN	0	0.015	0	5.6514e-007	1344.74	2598.98	2331.01
2576.24	1695.18	80	1.#QNAN	0	0	0	5.54537e-007	1319.22	2576.24	2311.35
2554.06	1680.83	81	1.#QNAN	0	0	0	5.61789e-007	1317.69	2554.06	2292.22
2532.71	1667.06	82	1.#QNAN	0	0	0	5.64096e-007	1330.97	2532.71	2273.89
2511.64	1653.46	83	1.#QNAN	0	0.016	0	5.50777e-007	1328.76	2511.64	2255.8
2491.03	1640	84	1.#QNAN	0	0	0	5.54595e-007	1320.81	2491.03	2238.11
2471.01	1627.05	85	1.#QNAN	0	0	0	5.43716e-007	1322	2471.01	2220.98
2451.48	1614.26	86	1.#QNAN	0	0.016	0	5.485e-007	1338.22	2451.48	2204.3
2432.49	1601.91	87	1.#QNAN	0	0	0	5.71931e-007	1305.42	2432.49	2188.11
2414.16	1589.93	88	1.#QNAN	0	0	0	5.73007e-007	1335.78	2414.16	2172.56
2396.21	1578.13	89	1.#QNAN	0	0.015	0	5.85484e-007	1301.83	2396.21	2157.31
2378.87	1566.76	90	1.#QNAN	0	0	0	5.57776e-007	1327.51	2378.87	2142.67
2361.83	1555.67	91	1.#QNAN	0	0	0	5.59402e-007	1328.15	2361.83	2128.33
2345.09	1544.81	92	1.#QNAN	0	0	0	5.80398e-007	1327.78	2345.09	2114.23
2328.93	1534.33	93	1.#QNAN	0	0.016	0	5.73834e-007	1331.73	2328.93	2100.69
2313.23	1524.21	94	1.#QNAN	0	0	0	5.76791e-007	1343.27	2313.23	2087.58
2297.69	1514.16	95	1.#QNAN	0	0	0	5.65314e-007	1327.74	2297.69	2074.57
2282.59	1504.36	96	1.#QNAN	0	0.015	0	5.64831e-007	1331.31	2282.59	2061.98
2267.62	1494.66	97	1.#QNAN	0	0	0	5.71668e-007	1314.62	2267.62	2049.45
2253.17	1485.22	98	1.#QNAN	0	0	0	5.49112e-007	1339.59	2253.17	2037.45
2238.98	1476.03	99	1.#QNAN	0	0.016	0	5.62963e-007	1337.41	2238.98	2025.69
2225.21	1466.95	100	1.#QNAN	0	0	0	5.68655e-007	1329.79	2225.21	2014.28
2211.66	1458.03	101	1.#QNAN	0	0	0	5.76748e-007	1318.73	2211.66	2003.04
2198.43	1449.32	102	1.#QNAN	0	0.016	0	5.80484e-007	1316.78	2198.43	1992.1
2185.5	1440.87	103	1.#QNAN	0	0	0	5.53297e-007	1333.85	2185.5	1981.45
2172.85	1432.5	104	1.#QNAN	0	0	0	5.68533e-007	1334.62	2172.85	1971.05
2160.29	1424.26	105	1.#QNAN	0	0	0	5.732e-007	1310.96	2160.29	1960.68
2148.1	1416.17	106	1.#QNAN	0	0.015	0	5.62492e-007	1324	2148.1	1950.65
2136.12	1408.35	107	1.#QNAN	0	0	0	5.67733e-007	1327.01	2136.12	1940.83
2124.42	1400.58	108	1.#QNAN	0	0	0	5.52966e-007	1314.4	2124.42	1931.21
2112.7	1392.95	109	1.#QNAN	0	0.016	0	5.64112e-007	1314.22	2112.7	1921.6
2101.36	1385.42	110	1.#QNAN	0	0	0	5.79412e-007	1321.79	2101.36	1912.32
2090.25	1378.12	111	1.#QNAN	0	0	0	5.72613e-007	1321.03	2090.25	1903.23
2079.21	1370.96	112	1.#QNAN	0	0.015	0	5.62932e-007	1307.25	2079.21	1894.19
2068.58	1364.01	113	1.#QNAN	0	0	0	5.64703e-007	1322.66	2068.58	1885.53
2058.03	1357.1	114	1.#QNAN	0	0	0	5.53823e-007	1315.88	2058.03	1876.93
2047.59	1350.27	115	1.#QNAN	0	0.016	0	5.54005e-007	1304.14	2047.59	1868.39
2037.66	1343.77	116	1.#QNAN	0	0	0	5.69331e-007	1348.35	2037.66	1860.4
2027.88	1337.37	117	1.#QNAN	0	0	0	5.38186e-007	1335.24	2027.88	1852.51
2018.18	1330.97	118	1.#QNAN	0	0.016	0	5.68031e-007	1318.46	2018.18	1844.66
2008.79	1324.89	119	1.#QNAN	0	0	0	5.75704e-007	1312.45	2008.79	1837.06
1999.48	1318.82	120	1.#QNAN	0	0	0	5.62605e-007	1312.12	1999.48	1829.54
1990.36	1312.84	121	1.#QNAN	0	0	0	5.68496e-007	1320.51	1990.36	1822.2
1981.52	1307.08	122	1.#QNAN	0	0.015	0	5.7761e-007	1323.13	1981.52	1815.11
1972.72	1301.39	123	1.#QNAN	0	0	0	5.80234e-007	1298.51	1972.72	1808.01
1964.14	1295.83	124	1.#QNAN	0	0	0	5.91531e-007	1317.35	1964.14	1801.13
1955.74	1290.37	125	1.#QNAN	0	0.016	0	5.90517e-007	1303.85	1955.74	1794.38
1947.65	1285.02	126	1.#QNAN	0	0	0	5.88031e-007	1322	1947.65	1787.93
1939.56	1279.8	127	1.#QNAN	0	0	0	5.49774e-007	1318.4	1939.56	1781.47
1931.71	1274.7	128	1.#QNAN	0	0.015	0	5.70053e-007	1305.02	1931.71	1775.21
1923.99	1269.67	129	1.#QNAN	0	0	0	5.80777e-007	1310.5	1923.99	1769.07
1916.44	1264.75	130	1.#QNAN	0	0	0	5.81858e-007	1298	1916.44	1763.05
1909.1	1259.95	131	1.#QNAN	0	0.016	0	5.60147e-007	1312.35	1909.1	1757.23
1901.92	1255.29	132	1.#QNAN	0	0	0	5.8583e-007	1318.89	1901.92	1751.57
1894.86	1250.7	133	1.#QNAN	0	0	0	5.84486e-007	1314.43	1894.86	1745.99
1887.95	1246.22	134	1.#QNAN	0	0	0	5.64774e-007	1306.68	1887.95	1740.55
1881.13	1241.79	135	1.#QNAN	0	0.016	0	5.70626e-007	1321.95	1881.13	1735.19
1874.47	1237.33	136	1.#QNAN	0	0	0	5.70759e-007	1334.41	1874.47	1729.97
1867.91	1232.99	137	1.#QNAN	0	0	0	5.60175e-007	1329.03	1867.91	1724.83
1861.46	1228.74	138	1.#QNAN	0	0.015	0	5.70895e-007	1309.78	1861.46	1719.77
1855.13	1224.59	139	1.#QNAN	0	0	0	5.82013e-007	1318.89	1855.13	1714.81
1848.83	1220.46	140	1.#QNAN	0	0	0	5.78531e-007	1304.19	1848.83	1709.87
1842.72	1216.44	141	1.#QNAN	0	0.016	0	5.8667e-007	1321.99	1842.72	1705.1
1836.72	1212.45	142	1.#QNAN	0	0	0	5.83852e-007	1324.46	1836.72	1700.43
1830.96	1208.65	143	1.#QNAN	0	0	0	5.67561e-007	1338.42	1830.96	1695.98
1825.13	1204.81	144	1.#QNAN	0	0	0	5.83806e-007	1315.1	1825.13	1691.43
1819.6	1201.14	145	1.#QNAN	0	0.015	0	5.77742e-007	1341.28	1819.6	1687.19
1814.08	1197.51	146	1.#QNAN	0	0	0	5.6472e-007	1316.29	1814.08	1682.9
1808.53	1193.91	147	1.#QNAN	0	0	0	5.67459e-007	1308.67	1808.53	1678.58
1803.12	1190.34	148	1.#QNAN	0	0.016	0	5.64582e-007	1312.6	1803.12	1674.37
1797.82	1186.88	149	1.#QNAN	0	0	0	5.83891e-007	1321.46	1797.82	1670.28
1792.59	1183.47	150	1.#QNAN	0	0	0	5.51499e-007	1311.15	1792.59	1666.22
1787.33	1180.08	151	1.#QNAN	0	0.016	0	5.67819e-007	1305.82	1787.33	1662.13
1782.09	1176.71	152	1.#QNAN	0	0	0	5.62432e-007	1301.99	1782.09	1658.03
1777.05	1173.47	153	1.#QNAN	0	0	0	5.69584e-007	1319.69	1777.05	1654.13
1771.93	1170.22	154	1.#QNAN	0	0.015	0	5.47881e-007	1313.47	1771.93	1650.13
1767.09	1167.1	155	1.#QNAN	0	0	0	5.94905e-007	1317.37	1767.09	1646.41
1762.19	1163.91	156	1.#QNAN	0	0	0	5.54134e-007	1316.02	1762.19	1642.62
1757.43	1160.83	157	1.#QNAN	0	0.016	0	5.88355e-007	1316.23	1757.43	1638.95
1752.65	1157.74	158	1.#QNAN	0	0	0	5.80033e-007	1302.06	1752.65	1635.24
1748	1154.7	159	1.#QNAN	0	0	0	5.65652e-007	1315.13	1748	1631.65
1743.39	1151.72	160	1.#QNAN	0	0.015	0	5.74543e-007	1295.5	1743.39	1628.07
1738.9	1148.81	161	1.#QNAN	0	0	0	5.85706e-007	1312.11	1738.9	1624.62
1734.49	1145.94	162	1.#QNAN	0	0	0	5.92495e-007	1314.22	1734.49	1621.23
1730.06	1143.04	163	1.#QNAN	0	0	0	6.10283e-007	1300.85	1730.06	1617.79
1725.8	1140.3	164	1.#QNAN	0	0	0	5.80369e-007	1324.39	1725.8	1614.54
1721.58	1137.56	165	1.#QNAN	0	0	0	5.93917e-007	1308.31	1721.58	1611.29
1717.48	1134.92	166	1.#QNAN	0	0.016	0	5.88782e-007	1315.8	1717.48	1608.17
1713.37	1132.27	167	1.#QNAN	0	0	0	5.94399e-007	1310.1	1713.37	1605.01
1709.32	1129.66	168	1.#QNAN	0	0	0	6.05063e-007	1297.69	1709.32	1601.88
1705.32	1127.09	169	1.#QNAN	0	0.015	0	5.68115e-007	1298.38	1705.32	1598.82
1701.52	1124.55	170	1.#QNAN	0	0	0	5.99596e-007	1319.85	1701.52	1595.94
1697.74	1122.1	171	1.#QNAN	0	0	0	6.10505e-007	1315.65	1697.74	1593.07
1693.95	1119.63	172	1.#QNAN	0	0.016	0	5.80719e-007	1313.08	1693.95	1590.17
1690.1	1117.13	173	1.#QNAN	0	0	0	5.96709e-007	1295.78	1690.1	1587.21
1686.39	1114.72	174	1.#QNAN	0	0	0	5.99009e-007	1306.89	1686.39	1584.36
1682.7	1112.32	175	1.#QNAN	0	0.015	0	6.01906e-007	1307.33	1682.7	1581.54
1679.06	1109.99	176	1.#QNAN	0	0	0	6.06664e-007	1317.69	1679.06	1578.77
1675.45	1107.66	177	1.#QNAN	0	0	0	5.68185e-007	1313.09	1675.45	1576.02
1671.84	1105.35	178	1.#QNAN	0	0.016	0	5.94495e-007	1302.73	1671.84	1573.24
1668.28	1103	179	1.#QNAN	0	0	0	5.81685e-007	1300.52	1668.28	1570.49
1664.84	1100.77	180	1.#QNAN	0	0	0	5.59066e-007	1305.52	1664.84	1567.87
1661.53	1098.59	181	1.#QNAN	0	0	0	5.77878e-007	1322.75	1661.53	1565.38
1658.24	1096.44	182	1.#QNAN	0	0.016	0	5.73172e-007	1313.84	1658.24	1562.88
1654.99	1094.31	183	1.#QNAN	0	0	0	6.10236e-007	1308.38	1654.99	1560.43
1651.75	1092.22	184	1.#QNAN	0	0	0	6.20224e-007	1287.88	1651.75	1557.95
1648.6	1090.17	185	1.#QNAN	0	0.015	0	6.11766e-007	1314.09	1648.6	1555.57
1645.43	1088.09	186	1.#QNAN	0	0	0	5.95566e-007	1292.09	1645.43	1553.15
1642.42	1086.12	187	1.#QNAN	0	0	0	6.061e-007	1318.18	1642.42	1550.9
1639.44	1084.17	188	1.#QNAN	0	0.016	0	5.9294e-007	1306.97	1639.44	1548.64
1636.48	1082.23	189	1.#QNAN	0	0	0	6.213e-007	1307.34	1636.48	1546.41
1633.6	1080.32	190	1.#QNAN	0	0	0	6.15896e-007	1324.21	1633.6	1544.25
1630.65	1078.4	191	1.#QNAN	0	0	0	6.3415e-007	1307.99	1630.65	1542.02
1627.8	1076.5	192	1.#QNAN	0	0	0	6.24962e-007	1307.78	1627.8	1539.86
1624.9	1074.61	193	1.#QNAN	0	0	0	5.99574e-007	1289.79	1624.9	1537.65
1622.05	1072.74	194	1.#QNAN	0	0	0	6.25484e-007	1293.28	1622.05	1535.47
1619.25	1070.92	195	1.#QNAN	0	0.016	0	6.16808e-007	1307.37	1619.25	1533.36
1616.47	1069.09	196	1.#QNAN	0	0	0	6.27795e-007	1296.43	1616.47	1531.24
1613.62	1067.25	197	1.#QNAN	0	0	0	5.99657e-007	1279.51	1613.62	1529.04
1610.86	1065.44	198	1.#QNAN	0	0.016	0	6.2189e-007	1306.34	1610.86	1526.95
1608.16	1063.64	199	1.#QNAN	0	0	0	6.10896e-007	1301.56	1608.16	1524.89
1605.44	1061.89	200	1.#QNAN	0	0	0	6.40929e-007	1286.24	1605.44	1522.81
1602.7	1060.13	201	1.#QNAN	0	0	0	6.01028e-007	1275.24	1602.7	1520.68
1600.12	1058.45	202	1.#QNAN	0	0.015	0	6.21278e-007	1305.12	1600.12	1518.74
1597.43	1056.71	203	1.#QNAN	0	0	0	6.1533e-007	1276.51	1597.43	1516.66
1594.83	1054.98	204	1.#QNAN	0	0	0	6.13258e-007	1282.6	1594.83	1514.67
1592.22	1053.23	205	1.#QNAN	0	0.016	0	6.17475e-007	1285.56	1592.22	1512.66
1589.67	1051.53	206	1.#QNAN	0	0	0	6.1692e-007	1290.47	1589.67	1510.71
1587.22	1049.94	207	1.#QNAN	0	0	0	6.42304e-007	1301.73	1587.22	1508.85
1584.75	1048.29	208	1.#QNAN	0	0.015	0	6.15135e-007	1287.77	1584.75	1506.96
1582.24	1046.62	209	1.#QNAN	0	0	0	6.21954e-007	1276.86	1582.24	1505.01
1579.88	1045.05	210	1.#QNAN	0	0	0	6.29816e-007	1297.97	1579.88	1503.22
1577.57	1043.48	211	1.#QNAN	0	0	0	6.43478e-007	1304.56	1577.57	1501.48
1575.14	1041.86	212	1.#QNAN	0	0.016	0	6.381e-007	1278.75	1575.14	1499.61
1572.8	1040.29	213	1.#QNAN	0	0	0	6.2663e-007	1288.1	1572.8	1497.82
1570.47	1038.73	214	1.#QNAN	0	0	0	6.30665e-007	1293.16	1570.47	1496.04
1568.18	1037.19	215	1.#QNAN	0	0.016	0	6.21399e-007	1301.5	1568.18	1494.3
1565.94	1035.69	216	1.#QNAN	0	0	0	6.22453e-007	1291.84	1565.94	1492.59
1563.73	1034.21	217	1.#QNAN	0	0	0	6.36902e-007	1297.49	1563.73	1490.91
1561.45	1032.69	218	1.#QNAN	0	0.015	0	6.10874e-007	1269.98	1561.45	1489.14
1559.25	1031.22	219	1.#QNAN	0	0	0	6.19989e-007	1292.07	1559.25	1487.47
1557.08	1029.77	220	1.#QNAN	0	0	0	6.37202e-007	1293.63	1557.08	1485.81
1554.97	1028.31	221	1.#QNAN	0	0	0	6.459e-007	1308.81	1554.97	1484.21
1552.84	1026.9	222	1.#QNAN	0	0.016	0	6.14474e-007	1296.89	1552.84	1482.58
1550.74	1025.47	223	1.#QNAN	0	0	0	6.10247e-007	1297.97	1550.74	1480.98
1548.65	1024.05	224	1.#QNAN	0	0	0	6.51877e-007	1292.94	1548.65	1479.39
1546.55	1022.63	225	1.#QNAN	0	0.015	1	6.15186e-007	1283.35	1546.55	1477.77
1544.5	1021.23	226	1.#QNAN	0	0	0	6.36212e-007	1298.28	1544.5	1476.2
1542.5	1019.87	227	1.#QNAN	0	0	0	6.10957e-007	1301.28	1542.5	1474.68
1540.53	1018.56	228	1.#QNAN	0	0.016	0	6.06995e-007	1311.27	1540.53	1473.19
1538.55	1017.22	229	1.#QNAN	0	0	0	6.34042e-007	1293.59	1538.55	1471.67
1536.53	1015.89	230	1.#QNAN	0	0	0	6.2127e-007	1285.23	1536.53	1470.11
1534.6	1014.64	231	1.#QNAN	0	0	0	6.14311e-007	1294.04	1534.6	1468.64
1532.7	1013.39	232	1.#QNAN	0	0.016	0	6.27998e-007	1296.77	1532.7	1467.19
1530.77	1012.11	233	1.#QNAN	0	0	0	6.15528e-007	1273.14	1530.77	1465.7
1528.95	1010.91	234	1.#QNAN	0	0	0	6.26915e-007	1304.89	1528.95	1464.31
1527.08	1009.69	235	1.#QNAN	0	0.015	0	6.60567e-007	1296.19	1527.08	1462.86
1525.25	1008.45	236	1.#QNAN	0	0	0	6.45849e-007	1309.26	1525.25	1461.47
1523.49	1007.26	237	1.#QNAN	0	0	0	6.39218e-007	1326.75	1523.49	1460.15
1521.78	1006.07	238	1.#QNAN	0	0.016	0	6.03004e-007	1323.44	1521.78	1458.87
1520.05	1004.93	239	1.#QNAN	0	0	0	6.17797e-007	1308.21	1520.05	1457.56
1518.36	1003.83	240	1.#QNAN	0	0	0	6.40362e-007	1314.56	1518.36	1456.29
1516.63	1002.68	241	1.#QNAN	0	0	0	6.45551e-007	1303.04	1516.63	1454.97
1514.9	1001.57	242	1.#QNAN	0	0.015	0	6.20816e-007	1289.16	1514.9	1453.65
1513.14	1000.44	243	1.#QNAN	0	0	0	6.30924e-007	1280.56	1513.14	1452.29
1511.5	999.35	244	1.#QNAN	0	0	0	6.32912e-007	1318.99	1511.5	1451.05
1509.82	998.236	245	1.#QNAN	0	0.016	0	6.66774e-007	1288.27	1509.82	1449.77
1508.13	997.104	246	1.#QNAN	0	0	0	6.27139e-007	1287.57	1508.13	1448.48
1506.49	996.044	247	1.#QNAN	0	0	0	6.53859e-007	1299.26	1506.49	1447.22
1504.86	994.996	248	1.#QNAN	0	0.016	0	6.45584e-007	1297	1504.86	1445.97
1503.32	993.979	249	1.#QNAN	0	0	0	6.49641e-007	1309.37	1503.32	1444.81
1501.73	992.936	250	1.#QNAN	0	0	0	6.16789e-007	1283.8	1501.73	1443.59
1500.18	991.927	251	1.#QNAN	0	0.015	0	6.49818e-007	1299.55	1500.18	1442.41
1498.66	990.962	252	1.#QNAN	0	0	0	6.30009e-007	1322.79	1498.66	1441.25
1497.13	989.997	253	1.#QNAN	0	0	0	6.17133e-007	1308.92	1497.13	1440.09
1495.61	988.994	254	1.#QNAN	0	0	0	6.30533e-007	1297.92	1495.61	1438.93
1494.13	987.992	255	1.#QNAN	0	0.016	0	6.53007e-007	1311.3	1494.13	1437.81
1492.62	987.048	256	1.#QNAN	0	0	0	6.54134e-007	1312.98	1492.62	1436.66
1491.2	986.151	257	1.#QNAN	0	0	0	6.3408e-007	1307.36	1491.2	1435.59
1489.73	985.206	258	1.#QNAN	0	0.015	0	6.54672e-007	1305.78	1489.73	1434.47
1488.3	984.269	259	1.#QNAN	0	0	0	6.32726e-007	1306.55	1488.3	1433.39
1486.8	983.349	260	1.#QNAN	0	0	0	6.52961e-007	1287.03	1486.8	1432.23
1485.35	982.428	261	1.#QNAN	0	0.016	0	6.34356e-007	1288.58	1485.35	1431.11
1483.9	981.513	262	1.#QNAN	0	0	0	6.4253e-007	1299.84	1483.9	1430
1482.6	980.63	263	1.#QNAN	0	0	0	6.39417e-007	1331.31	1482.6	1429.04
1481.19	979.695	264	1.#QNAN	0	0	0	6.61129e-007	1290.19	1481.19	1427.95
1479.83	978.764	265	1.#QNAN	0	0.016	0	6.68295e-007	1301.68	1479.83	1426.93
1478.49	977.883	266	1.#QNAN	0	0	0	6.41333e-007	1312.54	1478.49	1425.92
1477.17	976.981	267	1.#QNAN	0	0	0	6.32554e-007	1306.29	1477.17	1424.91
1475.88	976.143	268	1.#QNAN	0	0.015	0	6.51368e-007	1314.3	1475.88	1423.94
1474.55	975.286	269	1.#QNAN	0	0	0	6.49535e-007	1304.36	1474.55	1422.93
1473.2	974.422	270	1.#QNAN	0	0	0	6.76416e-007	1288.85	1473.2	1421.91
1471.83	973.531	271	1.#QNAN	0	0	0	6.39128e-007	1274.64	1471.83	1420.84
1470.49	972.665	272	1.#QNAN	0	0.016	0	6.52036e-007	1283.69	1470.49	1419.81
1469.19	971.793	273	1.#QNAN	0	0	0	6.43555e-007	1292.84	1469.19	1418.82
1467.86	970.941	274	1.#QNAN	0	0	0	6.61246e-007	1293.84	1467.86	1417.8
1466.59	970.079	275	1.#QNAN	0	0.015	0	6.48667e-007	1301.13	1466.59	1416.83
1465.31	969.265	276	1.#QNAN	0	0	0	6.38371e-007	1284.34	1465.31	1415.84
1463.98	968.421	277	1.#QNAN	0	0	0	6.72801e-007	1274.99	1463.98	1414.81
1462.76	967.642	278	1.#QNAN	0	0.016	0	6.53013e-007	1310.33	1462.76	1413.88
1461.51	966.85	279	1.#QNAN	0	0	0	6.72937e-007	1285.96	1461.51	1412.91
1460.27	966.063	280	1.#QNAN	0	0	0	6.8157e-007	1292.19	1460.27	1411.96
1459.03	965.268	281	1.#QNAN	0	0	0	6.58231e-007	1283.7	1459.03	1411.01
1457.84	964.528	282	1.#QNAN	0	0.016	0	6.4779e-007	1301.88	1457.84	1410.11
1456.65	963.773	283	1.#QNAN	0	0	0	6.31311e-007	1290.26	1456.65	1409.2
1455.44	962.979	284	1.#QNAN	0	0	0	6.33663e-007	1292.9	1455.44	1408.26
1454.28	962.236	285	1.#QNAN	0	0.015	0	6.41217e-007	1307.66	1454.28	1407.38
1453.07	961.471	286	1.#QNAN	0	0	0	6.75169e-007	1291.13	1453.07	1406.44
1451.87	960.71	287	1.#QNAN	0	0	0	6.56538e-007	1292.03	1451.87	1405.51
1450.66	959.957	288	1.#QNAN	0	0.016	0	6.85076e-007	1284.73	1450.66	1404.57
1449.56	959.253	289	1.#QNAN	0	0	0	6.73254e-007	1330.89	1449.56	1403.74
1448.41	958.5	290	1.#QNAN	0	0	0	6.55618e-007	1294.43	1448.41	1402.86
1447.32	957.785	291	1.#QNAN	0	0	0	6.64335e-007	1310.46	1447.32	1402.03
1446.15	957.045	292	1.#QNAN	0	0.015	0	6.71302e-007	1298.87	1446.15	1401.12
1445.04	956.345	293	1.#QNAN	0	0	0	6.46034e-007	1295.94	1445.04	1400.27
1443.95	955.657	294	1.#QNAN	0	0	0	6.67214e-007	1295.5	1443.95	1399.44
1442.89	954.966	295	1.#QNAN	0	0.016	0	6.51564e-007	1287.74	1442.89	1398.63
1441.92	954.32	296	1.#QNAN	0	0	0	6.45492e-007	1308.88	1441.92	1397.91
1440.83	953.621	297	1.#QNAN	0	0	0	6.75768e-007	1273.03	1440.83	1397.06
1439.8	952.963	298	1.#QNAN	0	0.016	0	6.50079e-007	1280.37	1439.8	1396.27
1438.79	952.317	299	1.#QNAN	0	0	0	6.65626e-007	1290.56	1438.79	1395.5
1437.81	951.674	300	1.#QNAN	0	0	0	6.58118e-007	1295.39	1437.81	1394.76
1436.77	951.009	301	1.#QNAN	0	0	0	6.64783e-007	1277.36	1436.77	1393.96
1435.8	950.388	302	1.#QNAN	0	0.015	0	6.7696e-007	1300.52	1435.8	1393.22
1434.78	949.737	303	1.#QNAN	0	0	0	6.75982e-007	1280.54	1434.78	1392.44
1433.83	949.124	304	1.#QNAN	0	0	0	6.74561e-007	1319.41	1433.83	1391.73
1432.85	948.494	305	1.#QNAN	0	0.016	0	6.5869e-007	1303.68	1432.85	1390.98
1431.9	947.876	306	1.#QNAN	0	0	0	6.55604e-007	1290.35	1431.9	1390.26
1430.94	947.265	307	1.#QNAN	0	0	0	6.42787e-007	1297.16	1430.94	1389.53
1430.04	946.69	308	1.#QNAN	0	0.015	0	6.5803e-007	1323.62	1430.04	1388.86
1429.12	946.079	309	1.#QNAN	0	0	0	6.82092e-007	1313.35	1429.12	1388.16
1428.15	945.483	310	1.#QNAN	0	0	0	6.68836e-007	1290.88	1428.15	1387.41
1427.21	944.869	311	1.#QNAN	0	0	0	6.59957e-007	1300.61	1427.21	1386.69
1426.31	944.246	312	1.#QNAN	0	0.016	0	6.58988e-007	1314.98	1426.31	1386.01
1425.42	943.639	313	1.#QNAN	0	0	0	6.5942e-007	1322.69	1425.42	1385.35
1424.54	943.057	314	1.#QNAN	0	0	0	6.50182e-007	1339.83	1424.54	1384.69
1423.6	942.442	315	1.#QNAN	0	0.016	0	6.64268e-007	1301.64	1423.6	1383.96
1422.73	941.87	316	1.#QNAN	0	0	0	6.65348e-007	1313.88	1422.73	1383.3
1421.8	941.255	317	1.#QNAN	0	0	0	6.70455e-007	1306.01	1421.8	1382.58
1420.93	940.667	318	1.#QNAN	0	0.015	0	6.6307e-007	1328.14	1420.93	1381.92
1420.03	940.08	319	1.#QNAN	0	0	0	6.55528e-007	1300.12	1420.03	1381.23
1419.17	939.491	320	1.#QNAN	0	0	0	6.67963e-007	1331.16	1419.17	1380.59
1418.28	938.887	321	1.#QNAN	0	0	0	6.479e-007	1310.66	1418.28	1379.91
1417.4	938.348	322	1.#QNAN	0	0.016	0	6.98064e-007	1313.11	1417.4	1379.24
1416.56	937.791	323	1.#QNAN	0	0	0	6.62316e-007	1322.58	1416.56	1378.6
1415.76	937.228	324	1.#QNAN	0	0	0	6.7928e-007	1323.98	1415.76	1378
1414.91	936.667	325	1.#QNAN	0	0.015	0	6.51742e-007	1315.7	1414.91	1377.35
1414.1	936.138	326	1.#QNAN	0	0	0	6.71216e-007	1316.09	1414.1	1376.74
1413.27	935.577	327	1.#QNAN	0	0	0	6.6348e-007	1316.4	1413.27	1376.11
1412.48	935.082	328	1.#QNAN	0	0.016	0	6.55913e-007	1330.79	1412.48	1375.5
1411.69	934.569	329	1.#QNAN	0	0	0	6.69895e-007	1345.3	1411.69	1374.91
1410.94	934.074	330	1.#QNAN	0	0	0	6.74282e-007	1350.79	1410.94	1374.35
1410.15	933.563	331	1.#QNAN	0	0	0	6.26528e-007	1317.57	1410.15	1373.76
1409.35	933.032	332	1.#QNAN	0	0.016	0	6.7252e-007	1297.44	1409.35	1373.13
1408.64	932.557	333	1.#QNAN	0	0	0	6.49279e-007	1330.1	1408.64	1372.61
1407.9	932.048	334	1.#QNAN	0	0	0	6.69906e-007	1321.85	1407.9	1372.06
1407.15	931.534	335	1.#QNAN	0	0.015	0	6.68763e-007	1313.94	1407.15	1371.49
1406.41	931.014	336	1.#QNAN	0	0	0	6.74497e-007	1321.48	1406.41	1370.93
1405.65	930.525	337	1.#QNAN	0	0	0	6.40681e-007	1313.13	1405.65	1370.35
1404.93	930.048	338	1.#QNAN	0	0.016	0	6.68524e-007	1305.64	1404.93	1369.8
1404.18	929.554	339	1.#QNAN	0	0	0	6.62976e-007	1291.38	1404.18	1369.22
1403.48	929.094	340	1.#QNAN	0	0	0	6.5201e-007	1327.36	1403.48	1368.7
1402.78	928.623	341	1.#QNAN	0	0.015	0	6.69809e-007	1333.14	1402.78	1368.18
1402.08	928.157	342	1.#QNAN	0	0	0	6.54784e-007	1313.06	1402.08	1367.64
1401.38	927.681	343	1.#QNAN	0	0	0	6.64169e-007	1313.87	1401.38	1367.12
1400.64	927.187	344	1.#QNAN	0	0.016	0	6.64362e-007	1305.75	1400.64	1366.55
1399.91	926.705	345	1.#QNAN	0	0	0	6.9316e-007	1289.31	1399.91	1365.98
1399.23	926.221	346	1.#QNAN	0	0	0	6.44939e-007	1311.03	1399.23	1365.47
1398.54	925.735	347	1.#QNAN	0	0	0	6.77645e-007	1308.14	1398.54	1364.96
1397.87	925.286	348	1.#QNAN	0	0.016	0	6.67378e-007	1326.94	1397.87	1364.44
1397.19	924.826	349	1.#QNAN	0	0	0	6.66152e-007	1312.69	1397.19	1363.93
1396.48	924.347	350	1.#QNAN	0	0	0	6.69427e-007	1286.92	1396.48	1363.37
1395.85	923.927	351	1.#QNAN	0	0.015	0	6.93776e-007	1309.62	1395.85	1362.89
1395.24	923.496	352	1.#QNAN	0	0	0	6.71714e-007	1304.28	1395.24	1362.44
1394.57	923.031	353	1.#QNAN	0	0	0	6.76041e-007	1278.88	1394.57	1361.93
1393.94	922.58	354	1.#QNAN	0	0	0	6.61493e-007	1305.77	1393.94	1361.47
1393.34	922.148	355	1.#QNAN	0	0.016	0	6.70845e-007	1302.12	1393.34	1361.01
1392.69	921.713	356	1.#QNAN	0	0	0	6.77853e-007	1293.48	1392.69	1360.52
1392.07	921.278	357	1.#QNAN	0	0	0	6.79111e-007	1296.9	1392.07	1360.05
1391.47	920.857	358	1.#QNAN	0	0.015	0	6.82763e-007	1306.13	1391.47	1359.6
1390.85	920.419	359	1.#QNAN	0	0	0	6.62596e-007	1302.03	1390.85	1359.13
1390.23	919.985	360	1.#QNAN	0	0	0	6.72527e-007	1301.59	1390.23	1358.66
1389.6	919.525	361	1.#QNAN	0	0.016	0	6.69083e-007	1298.68	1389.6	1358.17
1388.99	919.094	362	1.#QNAN	0	0	0	6.58794e-007	1299.11	1388.99	1357.7
1388.38	918.667	363	1.#QNAN	0	0	0	6.76242e-007	1301.57	1388.38	1357.25
1387.77	918.232	364	1.#QNAN	0	0	0	6.73462e-007	1300.36	1387.77	1356.78
1387.16	917.811	365	1.#QNAN	0	0.016	0	6.68486e-007	1296.11	1387.16	1356.31
1386.58	917.412	366	1.#QNAN	0	0	0	6.79159e-007	1304.08	1386.58	1355.87
1385.97	916.99	367	1.#QNAN	0	0	0	6.93381e-007	1296.34	1385.97	1355.4
1385.38	916.593	368	1.#QNAN	0	0.015	0	6.92519e-007	1303.81	1385.38	1354.96
1384.78	916.197	369	1.#QNAN	0	0	0	6.603e-007	1288.87	1384.78	1354.5
1384.16	915.767	370	1.#QNAN	0	0	0	6.76205e-007	1286.79	1384.16	1354.01
1383.58	915.362	371	1.#QNAN	0	0.016	0	6.53795e-007	1302.71	1383.58	1353.57
1383.01	914.97	372	1.#QNAN	0	0	0	6.71224e-007	1309.01	1383.01	1353.14
1382.42	914.605	373	1.#QNAN	0	0	0	6.97246e-007	1305.59	1382.42	1352.69
1381.83	914.226	374	1.#QNAN	0	0	0	6.73079e-007	1309.85	1381.83	1352.23
1381.25	913.828	375	1.#QNAN	0	0.015	0	6.74514e-007	1310.87	1381.25	1351.78
1380.69	913.432	376	1.#QNAN	0	0	0	6.67752e-007	1324.63	1380.69	1351.36
1380.15	913.072	377	1.#QNAN	0	0	0	6.67393e-007	1357.59	1380.15	1350.95
1379.61	912.721	378	1.#QNAN	0	0.016	0	6.78394e-007	1331.68	1379.61	1350.55
1379.09	912.383	379	1.#QNAN	0	0	0	6.58421e-007	1327.64	1379.09	1350.16
1378.58	912.048	380	1.#QNAN	0	0	0	6.85813e-007	1308.23	1378.58	1349.78
1378.08	911.708	381	1.#QNAN	0	0.016	0	6.5258e-007	1326.72	1378.08	1349.4
1377.58	911.377	382	1.#QNAN	0	0	0	6.85039e-007	1328.51	1377.58	1349.04
1377.11	911.057	383	1.#QNAN	0	0	0	6.62942e-007	1358.57	1377.11	1348.7
1376.62	910.724	384	1.#QNAN	0	0	0	6.96687e-007	1334.09	1376.62	1348.34
1376.16	910.418	385	1.#QNAN	0	0.015	0	6.72411e-007	1363.13	1376.16	1348.01
1375.69	910.094	386	1.#QNAN	0	0	0	6.9598e-007	1360.34	1375.69	1347.66
1375.22	909.778	387	1.#QNAN	0	0	0	6.75067e-007	1354.72	1375.22	1347.32
1374.74	909.442	388	1.#QNAN	0	0.016	0	6.95579e-007	1348.68	1374.74	1346.97
1374.26	909.133	389	1.#QNAN	0	0	0	6.96295e-007	1362.43	1374.26	1346.62
1373.77	908.828	390	1.#QNAN	0	0	0	6.64369e-007	1348.67	1373.77	1346.25
1373.32	908.513	391	1.#QNAN	0	0	0	6.90802e-007	1371.73	1373.32	1345.92
1372.88	908.217	392	1.#QNAN	0	0.015	0	6.98752e-007	1376.96	1372.88	1345.61
1372.42	907.893	393	1.#QNAN	0	0	0	7.06911e-007	1392.8	1372.42	1345.28
1372.03	907.628	394	1.#QNAN	0	0	0	6.9412e-007	1428.48	1372.03	1345.01
1371.6	907.32	395	1.#QNAN	0	0.016	0	6.77535e-007	1411.68	1371.6	1344.7
1371.18	907.021	396	1.#QNAN	0	0	0	6.86705e-007	1410.57	1371.18	1344.4
1370.73	906.717	397	1.#QNAN	0	0	0	6.9322e-007	1399	1370.73	1344.07
1370.32	906.435	398	1.#QNAN	0	0.016	0	6.88953e-007	1401.5	1370.32	1343.78
1369.87	906.108	399	1.#QNAN	0	0	0	6.94986e-007	1389.16	1369.87	1343.46
1369.42	905.81	400	1.#QNAN	0	0	0	6.8481e-007	1352.66	1369.42	1343.12
1368.99	905.536	401	1.#QNAN	0	0	0	7.09803e-007	1363.71	1368.99	1342.81
1368.55	905.226	402	1.#QNAN	0	0.015	0	6.7883e-007	1367.32	1368.55	1342.49
1368.1	904.916	403	1.#QNAN	0	0	0	6.765e-007	1347.57	1368.1	1342.15
1367.65	904.607	404	1.#QNAN	0	0	0	6.54964e-007	1345.07	1367.65	1341.82
1367.18	904.281	405	1.#QNAN	0	0.016	0	6.37407e-007	1348.52	1367.18	1341.46
1366.8	904.003	406	1.#QNAN	0	0	0	6.81332e-007	1393.68	1366.8	1341.19
1366.34	903.691	407	1.#QNAN	0	0	0	6.87632e-007	1385.27	1366.34	1340.86
1365.92	903.394	408	1.#QNAN	0	0.015	0	6.83817e-007	1395.09	1365.92	1340.55
1365.48	903.072	409	1.#QNAN	0	0	0	6.89549e-007	1400.66	1365.48	1340.22
1365.07	902.776	410	1.#QNAN	0	0	0	6.97269e-007	1405.07	1365.07	1339.92
1364.67	902.487	411	1.#QNAN	0	0	0	6.7502e-007	1392.91	1364.67	1339.63
1364.28	902.202	412	1.#QNAN	0	0.016	0	6.76987e-007	1399.57	1364.28	1339.35
1363.88	901.93	413	1.#QNAN	0	0	0	6.98953e-007	1385.02	1363.88	1339.06
1363.51	901.661	414	1.#QNAN	0	0	0	6.84515e-007	1379.46	1363.51	1338.8
1363.12	901.378	415	1.#QNAN	0	0.016	0	6.92281e-007	1364.1	1363.12	1338.51
1362.7	901.089	416	1.#QNAN	0	0	0	6.87376e-007	1374.99	1362.7	1338.19
1362.27	900.789	417	1.#QNAN	0	0	0	6.74403e-007	1357.11	1362.27	1337.87
1361.92	900.527	418	1.#QNAN	0	0.015	0	6.94241e-007	1389.04	1361.92	1337.62
1361.53	900.236	419	1.#QNAN	0	0	0	6.65799e-007	1377.64	1361.53	1337.34
1361.16	899.957	420	1.#QNAN	0	0	0	6.60996e-007	1394.2	1361.16	1337.07
1360.78	899.683	421	1.#QNAN	0	0	0	6.71701e-007	1372.29	1360.78	1336.79
1360.41	899.396	422	1.#QNAN	0	0.016	0	6.75973e-007	1393.56	1360.41	1336.52
1360.06	899.13	423	1.#QNAN	0	0	0	6.78605e-007	1357.51	1360.06	1336.28
1359.69	898.842	424	1.#QNAN	0	0	0	6.85636e-007	1367.89	1359.69	1336.01
1359.31	898.558	425	1.#QNAN	0	0.015	0	6.78954e-007	1357.36	1359.31	1335.72
1358.94	898.278	426	1.#QNAN	0	0	0	7.09336e-007	1339.93	1358.94	1335.45
1358.6	898.006	427	1.#QNAN	0	0	0	7.24264e-007	1373.73	1358.6	1335.21
1358.27	897.732	428	1.#QNAN	0	0	0	6.80586e-007	1398.17	1358.27	1334.99
1357.92	897.46	429	1.#QNAN	0	0.016	0	6.90965e-007	1379.39	1357.92	1334.73
1357.57	897.18	430	1.#QNAN	0	0	0	6.95112e-007	1380.72	1357.57	1334.49
1357.18	896.905	431	1.#QNAN	0	0	0	6.97485e-007	1357.92	1357.18	1334.19
1356.81	896.626	432	1.#QNAN	0	0.016	0	7.05787e-007	1343.09	1356.81	1333.92
1356.4	896.326	433	1.#QNAN	0	0	0	6.91152e-007	1324.32	1356.4	1333.61
1355.97	896.02	434	1.#QNAN	0	0	0	6.99156e-007	1309.61	1355.97	1333.27
1355.57	895.74	435	1.#QNAN	0	0.015	0	6.90547e-007	1309.02	1355.57	1332.96
1355.18	895.476	436	1.#QNAN	0	0	0	6.64115e-007	1317.65	1355.18	1332.66
1354.78	895.184	437	1.#QNAN	0	0	0	7.20319e-007	1345.57	1354.78	1332.36
1354.36	894.87	438	1.#QNAN	0	0.016	1	6.96493e-007	1326.77	1354.36	1332.03
1353.97	894.568	439	1.#QNAN	0	0	0	7.07273e-007	1332.27	1353.97	1331.73
1353.59	894.26	440	1.#QNAN	0	0	0	7.19443e-007	1336.94	1353.59	1331.44
1353.22	893.959	441	1.#QNAN	0	0	0	7.22124e-007	1334.71	1353.22	1331.16
1352.83	893.675	442	1.#QNAN	0	0.015	0	7.15334e-007	1312.01	1352.83	1330.86
1352.49	893.413	443	1.#QNAN	0	0	0	7.01357e-007	1352.79	1352.49	1330.61
1352.14	893.147	444	1.#QNAN	0	0	0	6.90361e-007	1331.45	1352.14	1330.36
1351.79	892.872	445	1.#QNAN	0	0.016	0	7.05376e-007	1335.53	1351.79	1330.1
1351.46	892.611	446	1.#QNAN	0	0	0	7.00157e-007	1346.78	1351.46	1329.85
1351.11	892.348	447	1.#QNAN	0	0	0	6.96052e-007	1335.7	1351.11	1329.6
1350.8	892.096	448	1.#QNAN	0	0.016	0	7.25734e-007	1353.45	1350.8	1329.38
1350.45	891.82	449	1.#QNAN	0	0	0	6.93431e-007	1338.11	1350.45	1329.11
1350.1	891.535	450	1.#QNAN	0	0	0	7.19907e-007	1321.63	1350.1	1328.85
1349.74	891.265	451	1.#QNAN	0	0	0	6.80196e-007	1319.51	1349.74	1328.58
1349.41	891.031	452	1.#QNAN	0	0.015	0	7.14665e-007	1329.86	1349.41	1328.34
1349.07	890.747	453	1.#QNAN	0	0	0	6.9864e-007	1332.99	1349.07	1328.08
1348.74	890.5	454	1.#QNAN	0	0	0	7.17418e-007	1334.51	1348.74	1327.84
1348.43	890.243	455	1.#QNAN	0	0.016	0	7.11212e-007	1337.34	1348.43	1327.61
1348.1	889.986	456	1.#QNAN	0	0	0	7.22106e-007	1333.62	1348.1	1327.37
1347.76	889.747	457	1.#QNAN	0	0	0	7.16958e-007	1319.45	1347.76	1327.12
1347.41	889.495	458	1.#QNAN	0	0.015	0	7.24883e-007	1319.13	1347.41	1326.85
1347.06	889.231	459	1.#QNAN	0	0	0	7.11113e-007	1312.59	1347.06	1326.58
1346.7	888.956	460	1.#QNAN	0	0	0	7.16643e-007	1317.79	1346.7	1326.3
1346.36	888.709	461	1.#QNAN	0	0	0	7.04084e-007	1314.95	1346.36	1326.04
1345.96	888.412	462	1.#QNAN	0	0.016	0	7.11143e-007	1293.39	1345.96	1325.72
1345.61	888.143	463	1.#QNAN	0	0	0	7.52649e-007	1311.42	1345.61	1325.45
1345.26	887.891	464	1.#QNAN	0	0	0	7.04723e-007	1309.8	1345.26	1325.18
1344.93	887.643	465	1.#QNAN	0	0.016	0	7.04014e-007	1312.8	1344.93	1324.93
1344.59	887.393	466	1.#QNAN	0	0	0	7.02195e-007	1300.84	1344.59	1324.67
1344.26	887.14	467	1.#QNAN	0	0	0	7.36401e-007	1310.33	1344.26	1324.41
1343.91	886.881	468	1.#QNAN	0	0.015	0	7.25997e-007	1306.83	1343.91	1324.15
1343.58	886.607	469	1.#QNAN	0	0	0	6.86608e-007	1326.91	1343.58	1323.89
1343.22	886.348	470	1.#QNAN	0	0	0	7.27194e-007	1317.89	1343.22	1323.61
1342.91	886.109	471	1.#QNAN	0	0	0	7.12106e-007	1319.52	1342.91	1323.37
1342.59	885.873	472	1.#QNAN	0	0.016	0	7.2747e-007	1319.7	1342.59	1323.13
1342.26	885.613	473	1.#QNAN	0	0	0	6.73886e-007	1328.55	1342.26	1322.88
1341.93	885.357	474	1.#QNAN	0	0	0	7.10257e-007	1307.95	1341.93	1322.62
1341.59	885.099	475	1.#QNAN	0	0.015	0	7.08952e-007	1321.11	1341.59	1322.36
1341.28	884.856	476	1.#QNAN	0	0	0	7.05442e-007	1331.64	1341.28	1322.13
1341.01	884.63	477	1.#QNAN	0	0	0	7.17287e-007	1337.8	1341.01	1321.93
1340.73	884.395	478	1.#QNAN	0	0.016	0	7.08755e-007	1353.44	1340.73	1321.73
1340.43	884.142	479	1.#QNAN	0	0	0	7.28427e-007	1347.41	1340.43	1321.5
1340.16	883.936	480	1.#QNAN	0	0	0	7.10171e-007	1351.14	1340.16	1321.31
1339.88	883.698	481	1.#QNAN	0	0	0	7.42779e-007	1382.89	1339.88	1321.11
1339.65	883.472	482	1.#QNAN	0	0.016	0	7.30764e-007	1384.87	1339.65	1320.95
1339.42	883.273	483	1.#QNAN	0	0	0	7.10918e-007	1403.14	1339.42	1320.8
1339.21	883.08	484	1.#QNAN	0	0	0	7.45568e-007	1397.75	1339.21	1320.66
1338.99	882.868	485	1.#QNAN	0	0.015	0	7.44576e-007	1413.03	1338.99	1320.51
1338.77	882.622	486	1.#QNAN	0	0	0	7.3614e-007	1428.03	1338.77	1320.36
1338.57	882.382	487	1.#QNAN	0	0	0	7.15862e-007	1437.08	1338.57	1320.24
1338.37	882.165	488	1.#QNAN	0	0.016	0	7.2727e-007	1451.06	1338.37	1320.11
1338.17	881.941	489	1.#QNAN	0	0	0	7.16369e-007	1466.3	1338.17	1319.99
1337.98	881.739	490	1.#QNAN	0	0	0	7.01033e-007	1476.58	1337.98	1319.87
1337.75	881.516	491	1.#QNAN	0	0	0	6.99137e-007	1464.72	1337.75	1319.72
1337.55	881.312	492	1.#QNAN	0	0.015	0	7.18088e-007	1497.1	1337.55	1319.6
1337.36	881.115	493	1.#QNAN	0	0	0	6.98594e-007	1484.5	1337.36	1319.48
1337.18	880.898	494	1.#QNAN	0	0	0	7.22019e-007	1433.43	1337.18	1319.37
1336.95	880.652	495	1.#QNAN	0	0.016	0	7.15547e-007	1425.16	1336.95	1319.21
1336.76	880.432	496	1.#QNAN	0	0	0	7.09705e-007	1471.87	1336.76	1319.09
1336.53	880.189	497	1.#QNAN	0	0	0	7.37469e-007	1454.96	1336.53	1318.94
1336.3	879.976	498	1.#QNAN	0	0.016	0	6.95955e-007	1416.4	1336.3	1318.77
1336.11	879.777	499	1.#QNAN	0	0	0	7.16339e-007	1445.53	1336.11	1318.65
1335.88	879.537	500	1.#QNAN	0	0	0	6.82759e-007	1441.94	1335.88	1318.5
1335.68	879.324	501	1.#QNAN	0	0	0	7.20126e-007	1449.65	1335.68	1318.37
1335.5	879.103	502	1.#QNAN	0	0.015	0	7.19749e-007	1471.47	1335.5	1318.25
1335.33	878.904	503	1.#QNAN	0	0	0	6.93392e-007	1467.56	1335.33	1318.15
1335.13	878.687	504	1.#QNAN	0	0	0	7.12368e-007	1421.3	1335.13	1318.02
1334.89	878.462	505	1.#QNAN	0	0.016	0	7.11329e-007	1386.72	1334.89	1317.84
1334.65	878.257	506	1.#QNAN	0	0	0	7.10039e-007	1375.15	1334.65	1317.67
1334.42	878.037	507	1.#QNAN	0	0	0	7.20982e-007	1387.25	1334.42	1317.51
1334.19	877.809	508	1.#QNAN	0	0	0	7.18379e-007	1374.77	1334.19	1317.34
1333.95	877.588	509	1.#QNAN	0	0.015	0	7.21387e-007	1383.5	1333.95	1317.17
1333.72	877.369	510	1.#QNAN	0	0	0	7.13735e-007	1360.67	1333.72	1317
1333.5	877.15	511	1.#QNAN	0	0	0	7.3495e-007	1377.61	1333.5	1316.84
1333.22	876.908	512	1.#QNAN	0	0.016	0	7.02693e-007	1351.94	1333.22	1316.63
1332.96	876.676	513	1.#QNAN	0	0	0	7.06922e-007	1346.29	1332.96	1316.42
1332.68	876.432	514	1.#QNAN	0	0	0	7.40902e-007	1318.71	1332.68	1316.21
1332.46	876.212	515	1.#QNAN	0	0.016	0	7.20187e-007	1377.28	1332.46	1316.05
1332.24	875.99	516	1.#QNAN	0	0	0	7.29172e-007	1394.68	1332.24	1315.89
1331.95	875.73	517	1.#QNAN	0	0	0	7.26436e-007	1338.5	1331.95	1315.67
1331.68	875.475	518	1.#QNAN	0	0	0	7.14895e-007	1363.12	1331.68	1315.46
1331.43	875.238	519	1.#QNAN	0	0.015	0	7.34883e-007	1377.71	1331.43	1315.27
1331.19	874.994	520	1.#QNAN	0	0	0	7.39719e-007	1387.86	1331.19	1315.09
1330.95	874.753	521	1.#QNAN	0	0	0	7.30591e-007	1386.1	1330.95	1314.91
1330.69	874.508	522	1.#QNAN	0	0.016	0	7.13307e-007	1359.78	1330.69	1314.71
1330.43	874.291	523	1.#QNAN	0	0	0	7.11077e-007	1349.56	1330.43	1314.52
1330.14	874.065	524	1.#QNAN	0	0	0	7.10651e-007	1334.59	1330.14	1314.28
1329.84	873.813	525	1.#QNAN	0	0.015	0	7.2567e-007	1309.95	1329.84	1314.04
1329.54	873.556	526	1.#QNAN	0	0	0	7.14544e-007	1299.8	1329.54	1313.8
1329.25	873.322	527	1.#QNAN	0	0	0	7.40243e-007	1298.24	1329.25	1313.56
1328.98	873.088	528	1.#QNAN	0	0	0	7.36797e-007	1310.38	1328.98	1313.35
1328.7	872.851	529	1.#QNAN	0	0.016	0	7.11495e-007	1315.29	1328.7	1313.13
1328.46	872.615	530	1.#QNAN	0	0	0	7.19076e-007	1314.07	1328.46	1312.93
1328.24	872.403	531	1.#QNAN	0	0	0	7.32122e-007	1324.18	1328.24	1312.77
1328.03	872.215	532	1.#QNAN	0	0.016	0	7.31199e-007	1346.62	1328.03	1312.62
1327.83	872.015	533	1.#QNAN	0	0	0	7.50986e-007	1331.7	1327.83	1312.46
1327.63	871.818	534	1.#QNAN	0	0	0	7.22508e-007	1367.85	1327.63	1312.32
1327.41	871.615	535	1.#QNAN	0	0.015	0	7.31378e-007	1324.2	1327.41	1312.15
1327.19	871.404	536	1.#QNAN	0	0	0	7.32575e-007	1322.18	1327.19	1311.99
1327	871.21	537	1.#QNAN	0	0	0	7.32542e-007	1329.53	1327	1311.85
1326.8	871.011	538	1.#QNAN	0	0	0	7.02877e-007	1329.38	1326.8	1311.7
1326.6	870.812	539	1.#QNAN	0	0.016	0	7.25459e-007	1330.63	1326.6	1311.56
1326.43	870.628	540	1.#QNAN	0	0	0	7.27528e-007	1349.13	1326.43	1311.44
1326.22	870.424	541	1.#QNAN	0	0	0	7.51631e-007	1317.91	1326.22	1311.28
1326.02	870.243	542	1.#QNAN	0	0.015	0	7.12435e-007	1330.42	1326.02	1311.13
1325.81	870.039	543	1.#QNAN	0	0	0	7.22204e-007	1324.3	1325.81	1310.97
1325.59	869.835	544	1.#QNAN	0	0	0	7.03917e-007	1311.56	1325.59	1310.8
1325.4	869.645	545	1.#QNAN	0	0	0	7.35883e-007	1322.64	1325.4	1310.66
1325.17	869.448	546	1.#QNAN	0	0.016	0	7.28432e-007	1294.6	1325.17	1310.48
1324.97	869.257	547	1.#QNAN	0	0	0	7.28384e-007	1318.19	1324.97	1310.33
1324.75	869.054	548	1.#QNAN	0	0	0	7.32491e-007	1296.1	1324.75	1310.16
1324.52	868.857	549	1.#QNAN	0	0.016	0	7.12635e-007	1298.38	1324.52	1309.98
1324.31	868.667	550	1.#QNAN	0	0	0	7.17694e-007	1316.01	1324.31	1309.82
1324.07	868.463	551	1.#QNAN	0	0	0	7.48118e-007	1296.56	1324.07	1309.62
1323.8	868.241	552	1.#QNAN	0	0.015	0	7.20143e-007	1278.54	1323.8	1309.4
1323.59	868.03	553	1.#QNAN	0	0	0	7.20744e-007	1331.31	1323.59	1309.24
1323.38	867.83	554	1.#QNAN	0	0	0	7.42006e-007	1326.41	1323.38	1309.08
1323.14	867.635	555	1.#QNAN	0	0	0	7.20896e-007	1310.8	1323.14	1308.89
1322.94	867.452	556	1.#QNAN	0	0.016	0	7.068e-007	1325.1	1322.94	1308.74
1322.75	867.247	557	1.#QNAN	0	0	0	7.23385e-007	1337.3	1322.75	1308.59
1322.58	867.06	558	1.#QNAN	0	0	0	7.38987e-007	1352.24	1322.58	1308.47
1322.4	866.869	559	1.#QNAN	0	0.015	0	7.68282e-007	1358.81	1322.4	1308.34
1322.22	866.687	560	1.#QNAN	0	0	0	7.35315e-007	1354.72	1322.22	1308.22
1322.03	866.488	561	1.#QNAN	0	0	0	7.47812e-007	1347.87	1322.03	1308.07
1321.83	866.3	562	1.#QNAN	0	0.016	0	7.37299e-007	1331.54	1321.83	1307.91
1321.65	866.114	563	1.#QNAN	0	0	0	7.14281e-007	1353.72	1321.65	1307.79
1321.47	865.919	564	1.#QNAN	0	0	0	7.58664e-007	1341.45	1321.47	1307.65
1321.25	865.716	565	1.#QNAN	0	0.016	0	7.4028e-007	1326.81	1321.25	1307.48
1321.03	865.501	566	1.#QNAN	0	0	0	7.33108e-007	1309.32	1321.03	1307.31
1320.78	865.279	567	1.#QNAN	0	0	0	7.24354e-007	1288.58	1320.78	1307.1
1320.58	865.088	568	1.#QNAN	0	0.015	0	7.30011e-007	1321.72	1320.58	1306.94
1320.4	864.917	569	1.#QNAN	0	0	0	7.02585e-007	1343.42	1320.4	1306.81
1320.19	864.705	570	1.#QNAN	0	0	0	7.3933e-007	1322.05	1320.19	1306.65
1319.93	864.481	571	1.#QNAN	0	0	0	7.22226e-007	1293.53	1319.93	1306.43
1319.71	864.265	572	1.#QNAN	0	0.016	0	7.29561e-007	1312.82	1319.71	1306.25
1319.48	864.043	573	1.#QNAN	0	0	0	7.13691e-007	1309.64	1319.48	1306.07
1319.22	863.805	574	1.#QNAN	0	0	0	7.41029e-007	1302.13	1319.22	1305.86
1319	863.588	575	1.#QNAN	0	0.015	0	7.25003e-007	1308	1319	1305.68
1318.78	863.388	576	1.#QNAN	0	0	0	7.36615e-007	1323.81	1318.78	1305.51
1318.58	863.187	577	1.#QNAN	0	0	0	7.43743e-007	1318.18	1318.58	1305.35
1318.33	862.978	578	1.#QNAN	0	0.016	0	7.35411e-007	1290.79	1318.33	1305.15
1318.02	862.735	579	1.#QNAN	0	0	0	7.35834e-007	1261.68	1318.02	1304.88
1317.69	862.481	580	1.#QNAN	0	0	0	7.2797e-007	1260.26	1317.69	1304.59
1317.42	862.269	581	1.#QNAN	0	0	0	7.46913e-007	1282.25	1317.42	1304.36
1317.14	862.047	582	1.#QNAN	0	0.016	0	7.26385e-007	1289.62	1317.14	1304.12
1316.83	861.811	583	1.#QNAN	0	0	0	7.4621e-007	1282.48	1316.83	1303.86
1316.54	861.592	584	1.#QNAN	0	0	0	7.20569e-007	1272.98	1316.54	1303.61
1316.28	861.377	585	1.#QNAN	0	0.015	0	7.46227e-007	1289.97	1316.28	1303.39
1316.01	861.144	586	1.#QNAN	0	0	0	7.22222e-007	1283.99	1316.01	1303.16
1315.77	860.938	587	1.#QNAN	0	0	0	7.60149e-007	1311.58	1315.77	1302.96
1315.48	860.711	588	1.#QNAN	0	0	0	7.12225e-007	1282.78	1315.48	1302.71
1315.2	860.488	589	1.#QNAN	0	0.016	0	7.32564e-007	1291.25	1315.2	1302.47
1314.94	860.277	590	1.#QNAN	0	0	0	7.29612e-007	1305.09	1314.94	1302.26
1314.7	860.075	591	1.#QNAN	0	0	0	7.57631e-007	1328.21	1314.7	1302.06
1314.47	859.895	592	1.#QNAN	0	0.015	0	7.18231e-007	1332.36	1314.47	1301.87
1314.25	859.699	593	1.#QNAN	0	0	0	7.38288e-007	1342.95	1314.25	1301.69
1314.02	859.499	594	1.#QNAN	0	0	0	7.40694e-007	1324.34	1314.02	1301.49
1313.79	859.296	595	1.#QNAN	0	0.016	0	7.21738e-007	1326.92	1313.79	1301.31
1313.58	859.106	596	1.#QNAN	0	0	0	7.27148e-007	1329.32	1313.58	1301.13
1313.36	858.906	597	1.#QNAN	0	0	0	7.44242e-007	1323.62	1313.36	1300.95
1313.11	858.699	598	1.#QNAN	0	0	0	7.28539e-007	1298.82	1313.11	1300.75
1312.87	858.504	599	1.#QNAN	0	0.016	0	7.62001e-007	1305.57	1312.87	1300.54
1312.63	858.282	600	1.#QNAN	0	0	0	7.25649e-007	1312.99	1312.63	1300.34
1312.38	858.08	601	1.#QNAN	0	0	0	7.45032e-007	1289.6	1312.38	1300.13
1312.15	857.874	602	1.#QNAN	0	0.015	0	7.39129e-007	1303.53	1312.15	1299.95
1311.96	857.688	603	1.#QNAN	0	0	0	7.4088e-007	1348.93	1311.96	1299.79
1311.74	857.501	604	1.#QNAN	0	0	0	7.59872e-007	1305.81	1311.74	1299.61
1311.55	857.326	605	1.#QNAN	0	0.016	0	7.35327e-007	1334.04	1311.55	1299.46
1311.35	857.154	606	1.#QNAN	0	0	0	7.40004e-007	1345.46	1311.35	1299.3
1311.16	856.965	607	1.#QNAN	0	0	0	7.53821e-007	1323.58	1311.16	1299.14
1310.97	856.788	608	1.#QNAN	0	0	0	7.44457e-007	1331.24	1310.97	1299
1310.8	856.605	609	1.#QNAN	0	0.015	0	7.5572e-007	1344.28	1310.8	1298.86
1310.57	856.411	610	1.#QNAN	0	0	0	7.26193e-007	1296.9	1310.57	1298.67
1310.37	856.223	611	1.#QNAN	0	0	0	7.37632e-007	1308.27	1310.37	1298.51
1310.12	856.02	612	1.#QNAN	0	0.016	0	7.21719e-007	1286.8	1310.12	1298.3
1309.93	855.844	613	1.#QNAN	0	0	0	7.40859e-007	1315.97	1309.93	1298.14
1309.72	855.664	614	1.#QNAN	0	0	0	7.66015e-007	1313.27	1309.72	1297.97
1309.5	855.472	615	1.#QNAN	0	0	0	7.45584e-007	1288.85	1309.5	1297.78
1309.3	855.301	616	1.#QNAN	0	0.016	0	7.42143e-007	1310.02	1309.3	1297.62
1309.07	855.097	617	1.#QNAN	0	0	0	7.45431e-007	1280.81	1309.07	1297.43
1308.88	854.925	618	1.#QNAN	0	0	0	7.61925e-007	1299.16	1308.88	1297.26
1308.66	854.722	619	1.#QNAN	0	0.015	0	7.28421e-007	1293.72	1308.66	1297.08
1308.47	854.561	620	1.#QNAN	0	0	0	6.99101e-007	1294.53	1308.47	1296.93
1308.3	854.383	621	1.#QNAN	0	0	0	7.11458e-007	1319.19	1308.3	1296.79
1308.09	854.217	622	1.#QNAN	0	0.016	0	7.27925e-007	1286.68	1308.09	1296.61
1307.91	854.051	623	1.#QNAN	0	0	0	7.21787e-007	1325.02	1307.91	1296.47
1307.72	853.885	624	1.#QNAN	0	0	0	7.29037e-007	1333.03	1307.72	1296.31
1307.52	853.702	625	1.#QNAN	0	0	0	7.41769e-007	1294.42	1307.52	1296.14
1307.31	853.533	626	1.#QNAN	0	0.015	0	7.58608e-007	1288.82	1307.31	1295.96
1307.13	853.365	627	1.#QNAN	0	0	0	7.62575e-007	1305.35	1307.13	1295.81
1306.97	853.2	628	1.#QNAN	0	0	0	7.56481e-007	1354.21	1306.97	1295.69
1306.76	853.025	629	1.#QNAN	0	0.016	0	7.24857e-007	1286.94	1306.76	1295.51
1306.6	852.864	630	1.#QNAN	0	0	0	7.16707e-007	1336.45	1306.6	1295.38
1306.37	852.686	631	1.#QNAN	0	0	0	7.36566e-007	1265.58	1306.37	1295.19
1306.15	852.516	632	1.#QNAN	0	0.016	0	7.1876e-007	1270.47	1306.15	1294.99
1305.95	852.355	633	1.#QNAN	0	0	0	7.46396e-007	1290.19	1305.95	1294.83
1305.76	852.189	634	1.#QNAN	0	0	0	7.01581e-007	1296.74	1305.76	1294.67
1305.54	852.015	635	1.#QNAN	0	0	0	7.19196e-007	1271.1	1305.54	1294.49
1305.33	851.841	636	1.#QNAN	0	0.015	0	7.50649e-007	1279.5	1305.33	1294.3
1305.11	851.666	637	1.#QNAN	0	0	0	7.13419e-007	1269.3	1305.11	1294.11
1304.93	851.507	638	1.#QNAN	0	0	0	7.08603e-007	1306.26	1304.93	1293.97
1304.75	851.347	639	1.#QNAN	0	0.016	0	7.33229e-007	1314.79	1304.75	1293.82
1304.54	851.184	640	1.#QNAN	0	0	0	7.23128e-007	1294.11	1304.54	1293.64
1304.34	851.019	641	1.#QNAN	0	0	0	7.48519e-007	1292.27	1304.34	1293.47
1304.13	850.853	642	1.#QNAN	0	0	0	7.62137e-007	1274.48	1304.13	1293.29
1303.88	850.666	643	1.#QNAN	0	0.015	0	7.1992e-007	1271.71	1303.88	1293.07
1303.64	850.504	644	1.#QNAN	0	0	0	7.03331e-007	1272.58	1303.64	1292.86
1303.37	850.31	645	1.#QNAN	0	0	0	7.24879e-007	1259.48	1303.37	1292.61
1303.11	850.134	646	1.#QNAN	0	0.016	0	7.38839e-007	1254.89	1303.11	1292.38
1302.86	849.967	647	1.#QNAN	0	0	0	7.51177e-007	1250.29	1302.86	1292.16
1302.59	849.778	648	1.#QNAN	0	0	0	7.05302e-007	1237.71	1302.59	1291.92
1302.34	849.598	649	1.#QNAN	0	0.016	0	7.59526e-007	1255.35	1302.34	1291.7
1302.07	849.416	650	1.#QNAN	0	0	0	7.31837e-007	1236.37	1302.07	1291.46
1301.87	849.27	651	1.#QNAN	0	0	0	7.12311e-007	1269.33	1301.87	1291.28
1301.63	849.106	652	1.#QNAN	0	0	0	7.08418e-007	1245.88	1301.63	1291.07
1301.4	848.939	653	1.#QNAN	0	0.015	1	7.59691e-007	1257.09	1301.4	1290.87
1301.18	848.775	654	1.#QNAN	0	0	0	7.45523e-007	1264.63	1301.18	1290.68
1300.98	848.626	655	1.#QNAN	0	0	0	7.48631e-007	1270.4	1300.98	1290.5
1300.78	848.473	656	1.#QNAN	0	0.016	0	7.25809e-007	1283.68	1300.78	1290.33
1300.59	848.318	657	1.#QNAN	0	0	0	7.14595e-007	1271.55	1300.59	1290.17
1300.38	848.146	658	1.#QNAN	0	0	0	7.40598e-007	1264.22	1300.38	1289.99
1300.19	847.985	659	1.#QNAN	0	0.015	0	7.25522e-007	1273.08	1300.19	1289.83
1300.01	847.834	660	1.#QNAN	0	0	0	7.43946e-007	1270.85	1300.01	1289.67
1299.78	847.673	661	1.#QNAN	0	0	0	7.47655e-007	1256.12	1299.78	1289.48
1299.58	847.521	662	1.#QNAN	0	0	0	7.28854e-007	1266.69	1299.58	1289.3
1299.39	847.366	663	1.#QNAN	0	0.016	0	7.56688e-007	1277.24	1299.39	1289.14
1299.24	847.222	664	1.#QNAN	0	0	0	6.96486e-007	1321.57	1299.24	1289.02
1299.1	847.085	665	1.#QNAN	0	0	0	7.38688e-007	1324.13	1299.1	1288.9
1299	846.972	666	1.#QNAN	0	0.016	0	7.29256e-007	1383.72	1299	1288.84
1298.86	846.85	667	1.#QNAN	0	0	0	7.32508e-007	1318.79	1298.86	1288.72
1298.73	846.733	668	1.#QNAN	0	0	0	7.2775e-007	1339.18	1298.73	1288.62
1298.57	846.585	669	1.#QNAN	0	0	0	7.49646e-007	1306.87	1298.57	1288.49
1298.44	846.448	670	1.#QNAN	0	0	0	7.39986e-007	1317.38	1298.44	1288.39
1298.31	846.328	671	1.#QNAN	0	0	0	7.0649e-007	1319.83	1298.31	1288.28
1298.15	846.189	672	1.#QNAN	0	0	0	7.14185e-007	1304.59	1298.15	1288.15
1298.01	846.048	673	1.#QNAN	0	0.016	0	7.14419e-007	1328.48	1298.01	1288.04
1297.83	845.896	674	1.#QNAN	0	0	0	7.28325e-007	1309.19	1297.83	1287.89
1297.7	845.768	675	1.#QNAN	0	0	0	7.33396e-007	1336.43	1297.7	1287.79
1297.55	845.625	676	1.#QNAN	0	0.015	0	7.54659e-007	1316.72	1297.55	1287.67
1297.41	845.501	677	1.#QNAN	0	0	0	7.46998e-007	1323.06	1297.41	1287.55
1297.27	845.37	678	1.#QNAN	0	0	0	7.40924e-007	1311.78	1297.27	1287.44
1297.13	845.238	679	1.#QNAN	0	0	0	7.33242e-007	1319.48	1297.13	1287.33
1297	845.111	680	1.#QNAN	0	0.016	0	7.55344e-007	1338.59	1297	1287.22
1296.88	844.991	681	1.#QNAN	0	0	0	7.31407e-007	1342.63	1296.88	1287.13
1296.76	844.866	682	1.#QNAN	0	0	0	7.4764e-007	1350.75	1296.76	1287.04
1296.6	844.734	683	1.#QNAN	0	0.016	0	7.43191e-007	1301.82	1296.6	1286.91
1296.48	844.606	684	1.#QNAN	0	0	0	7.14206e-007	1337.25	1296.48	1286.81
1296.36	844.484	685	1.#QNAN	0	0	0	7.34002e-007	1337.73	1296.36	1286.71
1296.23	844.359	686	1.#QNAN	0	0.015	0	7.58187e-007	1324.05	1296.23	1286.61
1296.1	844.23	687	1.#QNAN	0	0	0	7.28584e-007	1325.96	1296.1	1286.51
1295.98	844.114	688	1.#QNAN	0	0	0	7.38685e-007	1316.54	1295.98	1286.42
1295.84	843.974	689	1.#QNAN	0	0	0	7.66272e-007	1293.88	1295.84	1286.3
1295.7	843.837	690	1.#QNAN	0	0.016	0	7.28696e-007	1301.33	1295.7	1286.19
1295.58	843.709	691	1.#QNAN	0	0	0	7.24056e-007	1331.68	1295.58	1286.1
1295.45	843.582	692	1.#QNAN	0	0	0	7.47492e-007	1296.73	1295.45	1285.99
1295.32	843.446	693	1.#QNAN	0	0.015	0	7.40445e-007	1295.16	1295.32	1285.88
1295.18	843.312	694	1.#QNAN	0	0	0	7.5952e-007	1303.7	1295.18	1285.77
1295.05	843.197	695	1.#QNAN	0	0	0	7.25285e-007	1312.51	1295.05	1285.67
1294.93	843.083	696	1.#QNAN	0	0.016	0	7.45789e-007	1313.24	1294.93	1285.57
1294.82	842.978	697	1.#QNAN	0	0	0	7.31957e-007	1340.6	1294.82	1285.49
1294.72	842.87	698	1.#QNAN	0	0	0	7.48014e-007	1360.25	1294.72	1285.4
1294.61	842.747	699	1.#QNAN	0	0	0	7.645e-007	1355.87	1294.61	1285.32
1294.51	842.653	700	1.#QNAN	0	0.016	0	7.58257e-007	1366.21	1294.51	1285.25
1294.4	842.549	701	1.#QNAN	0	0	0	7.4191e-007	1326.64	1294.4	1285.16
1294.29	842.429	702	1.#QNAN	0	0	0	7.65942e-007	1340.09	1294.29	1285.08
1294.18	842.322	703	1.#QNAN	0	0.015	0	7.3275e-007	1319.04	1294.18	1284.99
1294.1	842.237	704	1.#QNAN	0	0	0	7.67005e-007	1361	1294.1	1284.93
1294.01	842.131	705	1.#QNAN	0	0	0	7.50234e-007	1390.2	1294.01	1284.87
1293.92	842.023	706	1.#QNAN	0	0	0	7.64335e-007	1385.86	1293.92	1284.8
1293.83	841.903	707	1.#QNAN	0	0.016	0	7.46505e-007	1379.35	1293.83	1284.74
1293.74	841.801	708	1.#QNAN	0	0	0	7.57152e-007	1362.7	1293.74	1284.67
1293.63	841.688	709	1.#QNAN	0	0	0	7.43931e-007	1350.33	1293.63	1284.58
1293.48	841.559	710	1.#QNAN	0	0.015	0	7.63477e-007	1284.29	1293.48	1284.46
1293.36	841.438	711	1.#QNAN	0	0	0	7.18963e-007	1320.54	1293.36	1284.36
1293.26	841.334	712	1.#QNAN	0	0	0	7.21394e-007	1350.83	1293.26	1284.29
1293.17	841.221	713	1.#QNAN	0	0.016	0	7.3971e-007	1357.68	1293.17	1284.23
1293.1	841.115	714	1.#QNAN	0	0	0	7.44464e-007	1382.09	1293.1	1284.18
1293.02	841.014	715	1.#QNAN	0	0	0	7.58602e-007	1386.57	1293.02	1284.12
1292.95	840.912	716	1.#QNAN	0	0	0	7.34285e-007	1405.27	1292.95	1284.07
1292.85	840.802	717	1.#QNAN	0	0	0	7.42913e-007	1388.88	1292.85	1284
1292.76	840.696	718	1.#QNAN	0	0	0	7.57921e-007	1416.17	1292.76	1283.94
1292.67	840.591	719	1.#QNAN	0	0	0	7.6229e-007	1405.71	1292.67	1283.86
1292.57	840.491	720	1.#QNAN	0	0.015	0	7.0387e-007	1367.08	1292.57	1283.79
1292.49	840.4	721	1.#QNAN	0	0	0	7.74527e-007	1382.64	1292.49	1283.73
1292.37	840.293	722	1.#QNAN	0	0	0	7.44112e-007	1359.76	1292.37	1283.64
1292.24	840.185	723	1.#QNAN	0	0.016	0	7.35122e-007	1320.5	1292.24	1283.53
1292.16	840.09	724	1.#QNAN	0	0	0	7.58338e-007	1373.7	1292.16	1283.47
1292.06	840.003	725	1.#QNAN	0	0	0	7.52884e-007	1356.46	1292.06	1283.39
1291.96	839.907	726	1.#QNAN	0	0	0	7.34174e-007	1340.16	1291.96	1283.31
1291.87	839.806	727	1.#QNAN	0	0.015	0	7.376e-007	1367.28	1291.87	1283.24
1291.76	839.69	728	1.#QNAN	0	0	0	7.20482e-007	1380.33	1291.76	1283.16
1291.65	839.581	729	1.#QNAN	0	0.016	0	7.16512e-007	1334.42	1291.65	1283.07
1291.6	839.505	730	1.#QNAN	0	0	0	7.30718e-007	1426.68	1291.6	1283.04
1291.5	839.393	731	1.#QNAN	0	0	0	7.40289e-007	1344.98	1291.5	1282.96
1291.38	839.299	732	1.#QNAN	0	0.015	0	7.50923e-007	1310.67	1291.38	1282.86
1291.25	839.199	733	1.#QNAN	0	0	0	7.58101e-007	1303.39	1291.25	1282.76
1291.12	839.085	734	1.#QNAN	0	0	0	7.44521e-007	1290.32	1291.12	1282.64
1290.99	838.974	735	1.#QNAN	0	0	0	7.30198e-007	1283.94	1290.99	1282.53
1290.84	838.853	736	1.#QNAN	0	0.016	0	7.49688e-007	1271.28	1290.84	1282.4
1290.73	838.75	737	1.#QNAN	0	0	0	7.61769e-007	1288.02	1290.73	1282.31
1290.59	838.645	738	1.#QNAN	0	0	0	7.38435e-007	1267.87	1290.59	1282.19
1290.44	838.54	739	1.#QNAN	0	0.015	0	7.38809e-007	1254.7	1290.44	1282.06
1290.29	838.414	740	1.#QNAN	0	0	0	7.55918e-007	1257.86	1290.29	1281.93
1290.13	838.279	741	1.#QNAN	0	0	0	7.38565e-007	1252.58	1290.13	1281.79
1289.96	838.146	742	1.#QNAN	0	0.016	0	7.44281e-007	1236.81	1289.96	1281.64
1289.8	838.022	743	1.#QNAN	0	0	0	7.35342e-007	1253.54	1289.8	1281.5
1289.64	837.905	744	1.#QNAN	0	0	0	7.43408e-007	1242.11	1289.64	1281.35
1289.5	837.793	745	1.#QNAN	0	0	0	7.1793e-007	1270.47	1289.5	1281.24
1289.33	837.665	746	1.#QNAN	0	0.016	0	7.41536e-007	1246.56	1289.33	1281.09
1289.17	837.539	747	1.#QNAN	0	0	0	7.55752e-007	1252.3	1289.17	1280.95
1289	837.41	748	1.#QNAN	0	0	0	7.54645e-007	1239.82	1289	1280.79
1288.85	837.294	749	1.#QNAN	0	0.015	0	7.57537e-007	1262.36	1288.85	1280.66
1288.68	837.179	750	1.#QNAN	0	0	0	7.4552e-007	1252.58	1288.68	1280.52
1288.53	837.06	751	1.#QNAN	0	0	0	7.33578e-007	1260.61	1288.53	1280.38
1288.35	836.931	752	1.#QNAN	0	0	0	7.81736e-007	1246.56	1288.35	1280.22
1288.2	836.805	753	1.#QNAN	0	0.016	0	7.86018e-007	1269.13	1288.2	1280.09
1288.04	836.675	754	1.#QNAN	0	0	0	7.21304e-007	1269.56	1288.04	1279.95
1287.82	836.536	755	1.#QNAN	0	0	0	7.55833e-007	1248.6	1287.82	1279.75
1287.65	836.407	756	1.#QNAN	0	0.015	0	7.41652e-007	1272.28	1287.65	1279.6
1287.49	836.292	757	1.#QNAN	0	0	0	7.52789e-007	1263.9	1287.49	1279.46
1287.35	836.179	758	1.#QNAN	0	0	0	7.42929e-007	1279.34	1287.35	1279.34
1287.22	836.065	759	1.#QNAN	0	0.016	0	7.61565e-007	1272.05	1287.22	1279.22
1287.08	835.951	760	1.#QNAN	0	0	0	7.28872e-007	1263	1287.08	1279.11
1286.93	835.833	761	1.#QNAN	0	0	0	7.17293e-007	1261.13	1286.93	1278.98
1286.8	835.716	762	1.#QNAN	0	0	0	7.42966e-007	1273.4	1286.8	1278.87
1286.65	835.593	763	1.#QNAN	0	0.016	0	7.55557e-007	1255.52	1286.65	1278.74
1286.49	835.472	764	1.#QNAN	0	0	0	7.39507e-007	1253.35	1286.49	1278.59
1286.32	835.346	765	1.#QNAN	0	0	0	7.43511e-007	1254.6	1286.32	1278.44
1286.16	835.219	766	1.#QNAN	0	0.015	0	7.21993e-007	1259.31	1286.16	1278.3
1286.04	835.125	767	1.#QNAN	0	0	0	7.58806e-007	1284.08	1286.04	1278.2
1285.9	835.019	768	1.#QNAN	0	0	0	7.49128e-007	1272.8	1285.9	1278.09
1285.78	834.916	769	1.#QNAN	0	0.016	0	7.59501e-007	1282.5	1285.78	1277.98
1285.65	834.806	770	1.#QNAN	0	0	0	7.36739e-007	1280.54	1285.65	1277.88
1285.53	834.697	771	1.#QNAN	0	0	0	7.55986e-007	1270.38	1285.53	1277.77
1285.42	834.597	772	1.#QNAN	0	0	0	7.48008e-007	1284.46	1285.42	1277.68
1285.28	834.483	773	1.#QNAN	0	0.015	0	7.18002e-007	1262.93	1285.28	1277.56
1285.15	834.377	774	1.#QNAN	0	0	0	7.47827e-007	1269.49	1285.15	1277.45
1285.01	834.27	775	1.#QNAN	0	0	0	7.51371e-007	1265.05	1285.01	1277.32
1284.87	834.175	776	1.#QNAN	0	0.016	0	7.53643e-007	1257.46	1284.87	1277.2
1284.77	834.072	777	1.#QNAN	0	0	0	7.47282e-007	1302.34	1284.77	1277.12
1284.66	833.973	778	1.#QNAN	0	0	0	7.5418e-007	1285.34	1284.66	1277.03
1284.57	833.873	779	1.#QNAN	0	0.016	0	7.52632e-007	1302.6	1284.57	1276.96
1284.44	833.756	780	1.#QNAN	0	0	0	7.46667e-007	1270.75	1284.44	1276.84
1284.32	833.66	781	1.#QNAN	0	0	0	7.37056e-007	1282.03	1284.32	1276.74
1284.17	833.544	782	1.#QNAN	0	0	0	7.43819e-007	1257.06	1284.17	1276.61
1284.04	833.435	783	1.#QNAN	0	0.015	0	7.61629e-007	1264.07	1284.04	1276.49
1283.89	833.322	784	1.#QNAN	0	0	0	7.67737e-007	1260.36	1283.89	1276.37
1283.77	833.215	785	1.#QNAN	0	0	0	7.53666e-007	1269	1283.77	1276.26
1283.65	833.107	786	1.#QNAN	0	0.016	0	7.43889e-007	1286.17	1283.65	1276.16
1283.51	832.995	787	1.#QNAN	0	0	0	7.57745e-007	1261.57	1283.51	1276.04
1283.39	832.888	788	1.#QNAN	0	0	0	7.70069e-007	1297.76	1283.39	1275.94
1283.25	832.77	789	1.#QNAN	0	0.015	0	7.8404e-007	1272.1	1283.25	1275.82
1283.12	832.653	790	1.#QNAN	0	0	0	7.43499e-007	1281.77	1283.12	1275.7
1283.01	832.553	791	1.#QNAN	0	0	0	7.23168e-007	1293.26	1283.01	1275.62
1282.92	832.465	792	1.#QNAN	0	0	0	7.59889e-007	1304.02	1282.92	1275.54
1282.77	832.344	793	1.#QNAN	0	0.016	0	7.59945e-007	1250.32	1282.77	1275.41
1282.64	832.233	794	1.#QNAN	0	0	0	7.53163e-007	1269.78	1282.64	1275.3
1282.51	832.112	795	1.#QNAN	0	0	0	7.18247e-007	1256	1282.51	1275.18
1282.36	831.998	796	1.#QNAN	0	0.016	0	7.53349e-007	1249.56	1282.36	1275.05
1282.22	831.874	797	1.#QNAN	0	0	0	7.57054e-007	1257.05	1282.22	1274.93
1282.08	831.76	798	1.#QNAN	0	0	0	7.3895e-007	1249.02	1282.08	1274.8
1281.97	831.664	799	1.#QNAN	0	0.015	0	7.71375e-007	1279.78	1281.97	1274.71
1281.87	831.559	800	1.#QNAN	0	0	0	7.38715e-007	1283.89	1281.87	1274.63
1281.74	831.46	801	1.#QNAN	0	0	0	7.57064e-007	1256.51	1281.74	1274.52
1281.62	831.355	802	1.#QNAN	0	0	0	7.54703e-007	1266.99	1281.62	1274.41
1281.51	831.246	803	1.#QNAN	0	0.016	0	7.57071e-007	1280.7	1281.51	1274.32
1281.41	831.146	804	1.#QNAN	0	0	0	7.71953e-007	1283.81	1281.41	1274.24
1281.29	831.054	805	1.#QNAN	0	0	0	7.55699e-007	1255.25	1281.29	1274.13
1281.16	830.957	806	1.#QNAN	0	0.015	0	7.64793e-007	1260.71	1281.16	1274.02
1281	830.837	807	1.#QNAN	0	0	0	7.41725e-007	1235.3	1281	1273.88
1280.88	830.739	808	1.#QNAN	0	0	0	7.53588e-007	1258.64	1280.88	1273.77
1280.74	830.631	809	1.#QNAN	0	0.016	0	7.32492e-007	1254.24	1280.74	1273.66
1280.62	830.534	810	1.#QNAN	0	0	0	7.37662e-007	1258.45	1280.62	1273.54
1280.44	830.42	811	1.#QNAN	0	0	0	7.50915e-007	1226.52	1280.44	1273.39
1280.3	830.33	812	1.#QNAN	0	0	0	7.62445e-007	1249	1280.3	1273.26
1280.17	830.227	813	1.#QNAN	0	0.016	0	7.69602e-007	1256.36	1280.17	1273.15
1280.03	830.108	814	1.#QNAN	0	0	0	7.56161e-007	1251.84	1280.03	1273.02
1279.91	830.008	815	1.#QNAN	0	0	0	7.45138e-007	1271.09	1279.91	1272.92
1279.83	829.916	816	1.#QNAN	0	0.015	0	7.55356e-007	1295.16	1279.83	1272.85
1279.72	829.817	817	1.#QNAN	0	0	0	7.39651e-007	1282.31	1279.72	1272.77
1279.62	829.715	818	1.#QNAN	0	0	0	7.20886e-007	1284.26	1279.62	1272.68
1279.49	829.6	819	1.#QNAN	0	0.016	0	7.42965e-007	1264.48	1279.49	1272.57
1279.38	829.506	820	1.#QNAN	0	0	0	7.66259e-007	1272.94	1279.38	1272.47
1279.25	829.392	821	1.#QNAN	0	0	0	7.56937e-007	1260.15	1279.25	1272.36
1279.14	829.297	822	1.#QNAN	0	0	0	7.56602e-007	1272.73	1279.14	1272.27
1279.05	829.199	823	1.#QNAN	0	0.015	0	7.51059e-007	1306.46	1279.05	1272.2
1278.96	829.1	824	1.#QNAN	0	0	0	7.47444e-007	1292.09	1278.96	1272.12
1278.87	829.009	825	1.#QNAN	0	0	0	7.63028e-007	1307.26	1278.87	1272.05
1278.84	828.921	826	1.#QNAN	0	0.016	0	7.71586e-007	1370.72	1278.84	1272.04
1278.77	828.825	827	1.#QNAN	0	0	0	7.58382e-007	1331.15	1278.77	1271.99
1278.68	828.726	828	1.#QNAN	0	0	0	7.61767e-007	1306.57	1278.68	1271.92
1278.59	828.62	829	1.#QNAN	0	0	0	7.49564e-007	1303.19	1278.59	1271.84
1278.5	828.517	830	1.#QNAN	0	0.016	0	7.39378e-007	1311.35	1278.5	1271.77
1278.39	828.405	831	1.#QNAN	0	0	0	7.42115e-007	1295.42	1278.39	1271.68
1278.3	828.317	832	1.#QNAN	0	0	0	7.68128e-007	1321.49	1278.3	1271.6
1278.2	828.219	833	1.#QNAN	0	0.015	0	7.34313e-007	1311.24	1278.2	1271.52
1278.12	828.134	834	1.#QNAN	0	0	0	7.51471e-007	1313.98	1278.12	1271.45
1278.03	828.037	835	1.#QNAN	0	0	0	7.49124e-007	1323.31	1278.03	1271.38
1277.96	827.952	836	1.#QNAN	0	0.016	0	7.4646e-007	1330.98	1277.96	1271.33
1277.87	827.85	837	1.#QNAN	0	0	0	7.44276e-007	1312.33	1277.87	1271.25
1277.77	827.749	838	1.#QNAN	0	0	0	7.50968e-007	1298.68	1277.77	1271.17
1277.69	827.666	839	1.#QNAN	0	0	0	7.62359e-007	1308.78	1277.69	1271.11
1277.6	827.564	840	1.#QNAN	0	0.015	0	7.49617e-007	1300.12	1277.6	1271.04
1277.51	827.472	841	1.#QNAN	0	0	0	7.55697e-007	1292.62	1277.51	1270.96
1277.42	827.382	842	1.#QNAN	0	0	0	7.4689e-007	1308.76	1277.42	1270.89
1277.33	827.289	843	1.#QNAN	0	0.016	0	7.68967e-007	1291.35	1277.33	1270.81
1277.21	827.188	844	1.#QNAN	0	0	0	7.3576e-007	1285.6	1277.21	1270.72
1277.12	827.104	845	1.#QNAN	0	0	0	7.58145e-007	1307.6	1277.12	1270.64
1277.06	827.029	846	1.#QNAN	0	0.016	0	7.39934e-007	1331.01	1277.06	1270.6
1276.99	826.954	847	1.#QNAN	0	0	0	7.40347e-007	1316.98	1276.99	1270.53
1276.91	826.871	848	1.#QNAN	0	0	0	7.2255e-007	1308.52	1276.91	1270.48
1276.85	826.786	849	1.#QNAN	0	0	0	7.47257e-007	1321.38	1276.85	1270.43
1276.78	826.698	850	1.#QNAN	0	0.015	0	7.675e-007	1312.75	1276.78	1270.38
1276.73	826.623	851	1.#QNAN	0	0	0	7.39414e-007	1320.27	1276.73	1270.33
1276.67	826.541	852	1.#QNAN	0	0	0	7.66282e-007	1330.93	1276.67	1270.3
1276.59	826.455	853	1.#QNAN	0	0.016	0	7.51253e-007	1301.04	1276.59	1270.23
1276.54	826.38	854	1.#QNAN	0	0	0	7.52968e-007	1328.69	1276.54	1270.19
1276.46	826.301	855	1.#QNAN	0	0	0	7.37969e-007	1300.75	1276.46	1270.13
1276.37	826.209	856	1.#QNAN	0	0	0	7.46981e-007	1288.94	1276.37	1270.05
1276.3	826.134	857	1.#QNAN	0	0.015	0	7.58983e-007	1315.56	1276.3	1270
1276.22	826.056	858	1.#QNAN	0	0	0	7.39405e-007	1300.86	1276.22	1269.93
1276.14	825.973	859	1.#QNAN	0	0	0	7.28564e-007	1311.15	1276.14	1269.86
1276.06	825.883	860	1.#QNAN	0	0.016	0	7.61174e-007	1305.2	1276.06	1269.8
1275.99	825.804	861	1.#QNAN	0	0	0	7.41069e-007	1307.2	1275.99	1269.74
1275.9	825.713	862	1.#QNAN	0	0	0	7.91346e-007	1283.03	1275.9	1269.67
1275.8	825.625	863	1.#QNAN	0	0.016	1	7.58682e-007	1274.95	1275.8	1269.58
1275.7	825.534	864	1.#QNAN	0	0	0	7.52355e-007	1274.43	1275.7	1269.49
1275.62	825.458	865	1.#QNAN	0	0	0	7.62512e-007	1289.39	1275.62	1269.42
1275.54	825.386	866	1.#QNAN	0	0	0	7.68079e-007	1279.7	1275.54	1269.35
1275.45	825.303	867	1.#QNAN	0	0.015	0	7.65334e-007	1294.84	1275.45	1269.28
1275.35	825.223	868	1.#QNAN	0	0	0	7.58701e-007	1273.42	1275.35	1269.19
1275.25	825.129	869	1.#QNAN	0	0	0	7.65582e-007	1287.09	1275.25	1269.11
1275.16	825.054	870	1.#QNAN	0	0.016	0	7.62295e-007	1280.46	1275.16	1269.03
1275.06	824.967	871	1.#QNAN	0	0	0	7.41126e-007	1279.07	1275.06	1268.94
1274.97	824.893	872	1.#QNAN	0	0	0	7.42624e-007	1294.55	1274.97	1268.86
1274.88	824.814	873	1.#QNAN	0	0.015	0	7.55252e-007	1284.57	1274.88	1268.78
1274.8	824.731	874	1.#QNAN	0	0	0	7.3216e-007	1297.58	1274.8	1268.72
1274.68	824.644	875	1.#QNAN	0	0	0	7.65012e-007	1275.19	1274.68	1268.61
1274.56	824.559	876	1.#QNAN	0	0	0	7.56022e-007	1272.81	1274.56	1268.51
1274.44	824.47	877	1.#QNAN	0	0.016	0	7.46984e-007	1258.97	1274.44	1268.39
1274.35	824.395	878	1.#QNAN	0	0	0	7.53066e-007	1290.42	1274.35	1268.32
1274.25	824.321	879	1.#QNAN	0	0	0	7.60743e-007	1271.13	1274.25	1268.23
1274.13	824.235	880	1.#QNAN	0	0.016	0	7.63872e-007	1264.48	1274.13	1268.12
1274.01	824.147	881	1.#QNAN	0	0	0	7.92512e-007	1275.23	1274.01	1268.02
1273.92	824.069	882	1.#QNAN	0	0	0	7.65117e-007	1291.51	1273.92	1267.94
1273.82	823.981	883	1.#QNAN	0	0.015	0	7.63491e-007	1276	1273.82	1267.85
1273.69	823.889	884	1.#QNAN	0	0	0	7.39196e-007	1251.05	1273.69	1267.74
1273.58	823.8	885	1.#QNAN	0	0	0	7.12467e-007	1256.03	1273.58	1267.63
1273.44	823.709	886	1.#QNAN	0	0	0	7.4183e-007	1258.87	1273.44	1267.5
1273.34	823.624	887	1.#QNAN	0	0.016	0	7.36252e-007	1264	1273.34	1267.41
1273.2	823.531	888	1.#QNAN	0	0	0	7.52465e-007	1249.29	1273.2	1267.3
1273.06	823.431	889	1.#QNAN	0	0	0	7.7072e-007	1242.14	1273.06	1267.17
1272.95	823.347	890	1.#QNAN	0	0.015	0	7.59318e-007	1262.98	1272.95	1267.07
1272.83	823.273	891	1.#QNAN	0	0	0	7.74713e-007	1269.59	1272.83	1266.96
1272.72	823.189	892	1.#QNAN	0	0	0	7.41221e-007	1280.6	1272.72	1266.86
1272.61	823.107	893	1.#QNAN	0	0.016	0	7.24625e-007	1263.27	1272.61	1266.76
1272.51	823.022	894	1.#QNAN	0	0	0	7.44049e-007	1282.99	1272.51	1266.67
1272.41	822.949	895	1.#QNAN	0	0	0	7.49551e-007	1278.94	1272.41	1266.58
1272.29	822.863	896	1.#QNAN	0	0	0	7.3819e-007	1261.34	1272.29	1266.48
1272.17	822.782	897	1.#QNAN	0	0.016	0	7.31002e-007	1251.73	1272.17	1266.37
1272.05	822.685	898	1.#QNAN	0	0	0	7.85491e-007	1263.61	1272.05	1266.26
1271.95	822.609	899	1.#QNAN	0	0	0	7.79423e-007	1281.39	1271.95	1266.18
1271.83	822.521	900	1.#QNAN	0	0.015	0	7.37232e-007	1259.63	1271.83	1266.07
1271.74	822.447	901	1.#QNAN	0	0	0	7.66079e-007	1302.62	1271.74	1265.99
1271.62	822.364	902	1.#QNAN	0	0	0	7.43653e-007	1284.23	1271.62	1265.88
1271.52	822.289	903	1.#QNAN	0	0.016	0	7.50267e-007	1286.65	1271.52	1265.79
1271.43	822.216	904	1.#QNAN	0	0	0	7.37592e-007	1311.38	1271.43	1265.71
1271.34	822.154	905	1.#QNAN	0	0	0	7.48747e-007	1291.92	1271.34	1265.63
1271.24	822.08	906	1.#QNAN	0	0	0	7.17102e-007	1287.01	1271.24	1265.54
1271.13	822.011	907	1.#QNAN	0	0.015	0	7.38747e-007	1267.62	1271.13	1265.44
1271	821.933	908	1.#QNAN	0	0	0	7.68688e-007	1260.56	1271	1265.33
1270.92	821.862	909	1.#QNAN	0	0	0	7.53696e-007	1275.14	1270.92	1265.25
1270.84	821.79	910	1.#QNAN	0	0.016	0	7.40469e-007	1287.31	1270.84	1265.18
1270.75	821.721	911	1.#QNAN	0	0	0	7.37005e-007	1275.34	1270.75	1265.11
1270.65	821.652	912	1.#QNAN	0	0	0	7.8719e-007	1272.67	1270.65	1265.02
1270.57	821.594	913	1.#QNAN	0	0.016	0	7.39574e-007	1290.95	1270.57	1264.96
1270.48	821.525	914	1.#QNAN	0	0	0	7.52307e-007	1278.76	1270.48	1264.88
1270.39	821.462	915	1.#QNAN	0	0	0	7.69429e-007	1287.2	1270.39	1264.79
1270.31	821.398	916	1.#QNAN	0	0	0	7.46007e-007	1302.2	1270.31	1264.73
1270.23	821.326	917	1.#QNAN	0	0.015	0	7.67155e-007	1285.6	1270.23	1264.66
1270.13	821.255	918	1.#QNAN	0	0	0	7.29631e-007	1289.6	1270.13	1264.57
1270.05	821.195	919	1.#QNAN	0	0	0	7.60997e-007	1299.13	1270.05	1264.5
1269.95	821.126	920	1.#QNAN	0	0.016	0	7.72593e-007	1278.07	1269.95	1264.41
1269.82	821.036	921	1.#QNAN	0	0	0	7.33116e-007	1272.21	1269.82	1264.29
1269.73	820.966	922	1.#QNAN	0	0	0	7.35651e-007	1305.92	1269.73	1264.21
1269.61	820.885	923	1.#QNAN	0	0.015	0	7.32151e-007	1279.91	1269.61	1264.1
1269.5	820.813	924	1.#QNAN	0	0	0	7.64009e-007	1283.96	1269.5	1264.01
1269.39	820.731	925	1.#QNAN	0	0	0	7.47239e-007	1293.54	1269.39	1263.9
1269.27	820.648	926	1.#QNAN	0	0	0	7.48905e-007	1288.72	1269.27	1263.8
1269.15	820.572	927	1.#QNAN	0	0.016	0	7.47398e-007	1282.8	1269.15	1263.69
1269.02	820.491	928	1.#QNAN	0	0	0	7.41881e-007	1274.36	1269.02	1263.57
1268.9	820.421	929	1.#QNAN	0	0	0	7.50154e-007	1283.94	1268.9	1263.46
1268.79	820.355	930	1.#QNAN	0	0.016	0	7.40822e-007	1277.1	1268.79	1263.37
1268.68	820.293	931	1.#QNAN	0	0	0	7.41868e-007	1282.75	1268.68	1263.27
1268.55	820.217	932	1.#QNAN	0	0	0	7.62416e-007	1253.35	1268.55	1263.14
1268.45	820.149	933	1.#QNAN	0	0.015	0	7.60944e-007	1286.37	1268.45	1263.05
1268.35	820.079	934	1.#QNAN	0	0	0	7.47046e-007	1302.28	1268.35	1262.97
1268.25	820.004	935	1.#QNAN	0	0	0	7.38633e-007	1282.07	1268.25	1262.87
1268.15	819.946	936	1.#QNAN	0	0	0	7.62231e-007	1295.39	1268.15	1262.79
1268.07	819.884	937	1.#QNAN	0	0.016	0	7.34887e-007	1304.25	1268.07	1262.72
1267.98	819.815	938	1.#QNAN	0	0	0	7.73207e-007	1318.99	1267.98	1262.63
1267.88	819.75	939	1.#QNAN	0	0	0	7.21495e-007	1306.3	1267.88	1262.55
1267.8	819.686	940	1.#QNAN	0	0.015	0	7.29507e-007	1312.67	1267.8	1262.48
1267.72	819.623	941	1.#QNAN	0	0	0	7.57688e-007	1326.03	1267.72	1262.41
1267.62	819.566	942	1.#QNAN	0	0	0	7.53e-007	1305.44	1267.62	1262.32
1267.51	819.493	943	1.#QNAN	0	0.016	0	7.51537e-007	1268.33	1267.51	1262.23
1267.41	819.422	944	1.#QNAN	0	0	0	7.82813e-007	1264.7	1267.41	1262.13
1267.3	819.359	945	1.#QNAN	0	0	0	7.59784e-007	1266.23	1267.3	1262.04
1267.2	819.291	946	1.#QNAN	0	0	0	7.43037e-007	1277.18	1267.2	1261.94
1267.09	819.223	947	1.#QNAN	0	0.016	0	7.55116e-007	1277.46	1267.09	1261.85
1266.98	819.157	948	1.#QNAN	0	0	0	7.51027e-007	1261.85	1266.98	1261.75
1266.87	819.091	949	1.#QNAN	0	0	0	7.13513e-007	1249.85	1266.87	1261.64
1266.77	819.03	950	1.#QNAN	0	0.015	0	7.47689e-007	1262.11	1266.77	1261.55
1266.67	818.968	951	1.#QNAN	0	0	0	7.47414e-007	1280.21	1266.67	1261.47
1266.59	818.914	952	1.#QNAN	0	0	0	7.3183e-007	1278.89	1266.59	1261.4
1266.5	818.859	953	1.#QNAN	0	0.016	0	7.57378e-007	1273.53	1266.5	1261.32
1266.41	818.806	954	1.#QNAN	0	0	0	7.44106e-007	1266.46	1266.41	1261.24
1266.34	818.763	955	1.#QNAN	0	0	0	7.63149e-007	1269.35	1266.34	1261.18
1266.26	818.711	956	1.#QNAN	0	0	0	7.35142e-007	1277.98	1266.26	1261.11
1266.19	818.665	957	1.#QNAN	0	0.015	0	7.50975e-007	1289.58	1266.19	1261.05
1266.12	818.614	958	1.#QNAN	0	0	0	7.64208e-007	1282.86	1266.12	1260.99
1266.03	818.551	959	1.#QNAN	0	0	0	7.45318e-007	1255.52	1266.03	1260.91
1265.96	818.497	960	1.#QNAN	0	0.016	0	7.40812e-007	1288.58	1265.96	1260.85
1265.87	818.427	961	1.#QNAN	0	0	0	7.3584e-007	1257.06	1265.87	1260.78
1265.79	818.371	962	1.#QNAN	0	0	0	7.62391e-007	1262.51	1265.79	1260.7
1265.68	818.306	963	1.#QNAN	0	0.016	0	7.40768e-007	1260.79	1265.68	1260.61
1265.64	818.267	964	1.#QNAN	0	0	0	7.38321e-007	1337.64	1265.64	1260.57
1265.59	818.217	965	1.#QNAN	0	0	0	7.40532e-007	1309.36	1265.59	1260.53
1265.52	818.167	966	1.#QNAN	0	0	0	7.52025e-007	1319.4	1265.52	1260.47
1265.45	818.11	967	1.#QNAN	0	0.015	0	7.39122e-007	1289.37	1265.45	1260.41
1265.38	818.052	968	1.#QNAN	0	0	0	7.45182e-007	1291.94	1265.38	1260.35
1265.33	818	969	1.#QNAN	0	0	0	7.43819e-007	1315.4	1265.33	1260.31
1265.26	817.948	970	1.#QNAN	0	0.016	0	7.59756e-007	1295.21	1265.26	1260.25
1265.22	817.9	971	1.#QNAN	0	0	0	7.51742e-007	1306.25	1265.22	1260.22
1265.15	817.851	972	1.#QNAN	0	0	0	7.28679e-007	1293.81	1265.15	1260.16
1265.1	817.799	973	1.#QNAN	0	0.015	0	7.46715e-007	1322.31	1265.1	1260.12
1265.01	817.737	974	1.#QNAN	0	0	0	7.66528e-007	1258.75	1265.01	1260.03
1264.93	817.678	975	1.#QNAN	0	0	0	7.62166e-007	1294.18	1264.93	1259.97
1264.85	817.618	976	1.#QNAN	0	0	0	7.49916e-007	1265.95	1264.85	1259.9
1264.77	817.556	977	1.#QNAN	0	0.016	0	7.67399e-007	1293.75	1264.77	1259.83
1264.69	817.491	978	1.#QNAN	0	0	0	7.37849e-007	1268.5	1264.69	1259.76
1264.62	817.442	979	1.#QNAN	0	0	0	7.22859e-007	1276.62	1264.62	1259.7
1264.54	817.389	980	1.#QNAN	0	0.016	0	7.52385e-007	1261.32	1264.54	1259.63
1264.47	817.329	981	1.#QNAN	0	0	0	7.42564e-007	1275.58	1264.47	1259.57
1264.37	817.265	982	1.#QNAN	0	0	0	7.44324e-007	1244.14	1264.37	1259.48
1264.29	817.209	983	1.#QNAN	0	0.015	0	7.45019e-007	1280.41	1264.29	1259.41
1264.21	817.155	984	1.#QNAN	0	0	0	7.47216e-007	1290.16	1264.21	1259.34
1264.14	817.11	985	1.#QNAN	0	0	0	7.63017e-007	1301	1264.14	1259.28
1264.06	817.06	986	1.#QNAN	0	0	0	7.55424e-007	1305.3	1264.06	1259.21
1263.99	817.009	987	1.#QNAN	0	0.016	0	7.55622e-007	1278.91	1263.99	1259.14
1263.9	816.956	988	1.#QNAN	0	0	0	7.57259e-007	1270.99	1263.9	1259.06
1263.82	816.91	989	1.#QNAN	0	0	0	7.22827e-007	1265.49	1263.82	1258.99
1263.73	816.856	990	1.#QNAN	0	0.015	0	7.57699e-007	1263.27	1263.73	1258.92
1263.67	816.816	991	1.#QNAN	0	0	0	7.71604e-007	1298.23	1263.67	1258.86
1263.62	816.772	992	1.#QNAN	0	0	0	7.60877e-007	1303.85	1263.62	1258.82
1263.53	816.72	993	1.#QNAN	0	0.016	0	7.82107e-007	1262.33	1263.53	1258.74
1263.47	816.679	994	1.#QNAN	0	0	0	7.522e-007	1299.33	1263.47	1258.69
1263.4	816.636	995	1.#QNAN	0	0	0	7.30603e-007	1300.39	1263.4	1258.63
1263.33	816.587	996	1.#QNAN	0	0.016	0	7.33121e-007	1282.66	1263.33	1258.57
1263.25	816.533	997	1.#QNAN	0	0	0	7.46183e-007	1300.21	1263.25	1258.5
1263.19	816.49	998	1.#QNAN	0	0	0	7.89405e-007	1323.21	1263.19	1258.45
1263.12	816.445	999	1.#QNAN	0	0.015	0	7.64422e-007	1261.68	1263.12	1258.38
1263.05	816.392	1000	1.#QNAN	0	0	0	7.45727e-007	1278.89	1263.05	1258.33
1262.99	816.35	1001	1.#QNAN	0	0	0	7.38909e-007	1274.76	1262.99	1258.27
1262.95	816.313	1002	1.#QNAN	0	0	0	7.2504e-007	1318.65	1262.95	1258.24
1262.89	816.274	1003	1.#QNAN	0	0.016	0	7.45757e-007	1287.15	1262.89	1258.19
1262.82	816.228	1004	1.#QNAN	0	0	0	7.43533e-007	1274.58	1262.82	1258.13
1262.76	816.177	1005	1.#QNAN	0	0	0	7.5838e-007	1314.8	1262.76	1258.08
1262.7	816.132	1006	1.#QNAN	0	0.015	0	7.44497e-007	1294.35	1262.7	1258.03
1262.63	816.085	1007	1.#QNAN	0	0	0	7.51599e-007	1293.77	1262.63	1257.96
1262.54	816.029	1008	1.#QNAN	0	0	0	7.60979e-007	1258.67	1262.54	1257.89
1262.44	815.978	1009	1.#QNAN	0	0.016	0	7.43887e-007	1255.19	1262.44	1257.79
1262.33	815.912	1010	1.#QNAN	0	0	0	7.64609e-007	1255.07	1262.33	1257.69
1262.22	815.849	1011	1.#QNAN	0	0	0	7.49687e-007	1256.71	1262.22	1257.59
1262.11	815.794	1012	1.#QNAN	0	0.016	0	7.56215e-007	1244.05	1262.11	1257.48
1262.02	815.745	1013	1.#QNAN	0	0	0	7.58546e-007	1261.43	1262.02	1257.4
1261.94	815.69	1014	1.#QNAN	0	0	0	7.61131e-007	1266.18	1261.94	1257.33
1261.88	815.649	1015	1.#QNAN	0	0	0	7.45854e-007	1270.25	1261.88	1257.28
1261.82	815.6	1016	1.#QNAN	0	0.015	0	7.2941e-007	1277.65	1261.82	1257.23
1261.73	815.544	1017	1.#QNAN	0	0	0	7.43885e-007	1251.49	1261.73	1257.14
1261.66	815.492	1018	1.#QNAN	0	0	0	7.47676e-007	1257.66	1261.66	1257.08
1261.59	815.436	1019	1.#QNAN	0	0.016	0	7.55303e-007	1267.45	1261.59	1257.03
1261.52	815.393	1020	1.#QNAN	0	0	0	7.5532e-007	1255.38	1261.52	1256.97
1261.45	815.34	1021	1.#QNAN	0	0	0	7.47931e-007	1266.25	1261.45	1256.9
1261.37	815.287	1022	1.#QNAN	0	0.015	0	7.54292e-007	1249.5	1261.37	1256.83
1261.3	815.236	1023	1.#QNAN	0	0	0	7.37972e-007	1252.21	1261.3	1256.76
1261.22	815.186	1024	1.#QNAN	0	0	0	7.61098e-007	1280.53	1261.22	1256.7
1261.16	815.132	1025	1.#QNAN	0	0	0	7.37476e-007	1276.2	1261.16	1256.64
1261.09	815.082	1026	1.#QNAN	0	0.016	0	7.35798e-007	1255.52	1261.09	1256.58
1261.02	815.035	1027	1.#QNAN	0	0	0	7.44075e-007	1258.75	1261.02	1256.51
1260.94	814.988	1028	1.#QNAN	0	0	0	7.67809e-007	1266.74	1260.94	1256.45
1260.88	814.942	1029	1.#QNAN	0	0.016	0	7.43576e-007	1271.07	1260.88	1256.39
1260.81	814.892	1030	1.#QNAN	0	0	0	7.30222e-007	1261.6	1260.81	1256.33
1260.75	814.853	1031	1.#QNAN	0	0	0	7.81965e-007	1296.89	1260.75	1256.28
1260.68	814.804	1032	1.#QNAN	0	0.015	0	7.30886e-007	1274.09	1260.68	1256.22
1260.6	814.75	1033	1.#QNAN	0	0	0	7.42789e-007	1257.08	1260.6	1256.15
1260.53	814.707	1034	1.#QNAN	0	0	0	7.5792e-007	1253.38	1260.53	1256.08
1260.47	814.659	1035	1.#QNAN	0	0	0	7.62111e-007	1282.84	1260.47	1256.03
1260.4	814.614	1036	1.#QNAN	0	0.016	0	7.47393e-007	1258.16	1260.4	1255.97
1260.33	814.572	1037	1.#QNAN	0	0	0	7.31998e-007	1260.04	1260.33	1255.91
1260.26	814.527	1038	1.#QNAN	0	0	0	7.32453e-007	1263.13	1260.26	1255.85
1260.21	814.491	1039	1.#QNAN	0	0.015	0	7.51999e-007	1295.4	1260.21	1255.81
1260.14	814.439	1040	1.#QNAN	0	0	0	7.39342e-007	1270.23	1260.14	1255.74
1260.08	814.398	1041	1.#QNAN	0	0	0	7.5584e-007	1272.25	1260.08	1255.69
1260.02	814.361	1042	1.#QNAN	0	0.016	0	7.34516e-007	1273.52	1260.02	1255.65
1259.94	814.307	1043	1.#QNAN	0	0	0	7.36589e-007	1246.95	1259.94	1255.57
1259.87	814.266	1044	1.#QNAN	0	0	0	7.56254e-007	1254.66	1259.87	1255.5
1259.79	814.211	1045	1.#QNAN	0	0	0	7.38947e-007	1264.49	1259.79	1255.44
1259.72	814.162	1046	1.#QNAN	0	0.016	0	7.72735e-007	1265.54	1259.72	1255.37
1259.65	814.117	1047	1.#QNAN	0	0	0	7.78426e-007	1268.52	1259.65	1255.31
1259.59	814.072	1048	1.#QNAN	0	0	0	7.34994e-007	1279.27	1259.59	1255.26
1259.52	814.023	1049	1.#QNAN	0	0.015	0	7.11236e-007	1274.62	1259.52	1255.2
1259.42	813.965	1050	1.#QNAN	0	0	0	7.36591e-007	1232.44	1259.42	1255.11
1259.35	813.917	1051	1.#QNAN	0	0	0	7.48691e-007	1270.69	1259.35	1255.05
1259.28	813.861	1052	1.#QNAN	0	0.016	0	7.28771e-007	1258.31	1259.28	1254.98
1259.19	813.808	1053	1.#QNAN	0	0	0	7.15972e-007	1248.06	1259.19	1254.9
1259.1	813.754	1054	1.#QNAN	0	0	0	7.57349e-007	1234.66	1259.1	1254.82
1259.02	813.705	1055	1.#QNAN	0	0	0	7.69378e-007	1245.56	1259.02	1254.74
1258.93	813.65	1056	1.#QNAN	0	0.015	0	7.38173e-007	1246.3	1258.93	1254.66
1258.84	813.593	1057	1.#QNAN	0	0	0	7.59622e-007	1231.69	1258.84	1254.58
1258.77	813.533	1058	1.#QNAN	0	0	0	7.60354e-007	1255.26	1258.77	1254.52
1258.68	813.473	1059	1.#QNAN	0	0.016	0	7.45498e-007	1243.59	1258.68	1254.43
1258.58	813.413	1060	1.#QNAN	0	0	0	7.31226e-007	1240.17	1258.58	1254.34
1258.48	813.346	1061	1.#QNAN	0	0	0	7.38127e-007	1226.97	1258.48	1254.24
1258.37	813.281	1062	1.#QNAN	0	0.016	0	7.59811e-007	1235.91	1258.37	1254.15
1258.25	813.208	1063	1.#QNAN	0	0	0	7.42678e-007	1216.64	1258.25	1254.03
1258.13	813.149	1064	1.#QNAN	0	0	0	7.5618e-007	1238.45	1258.13	1253.92
1258.03	813.09	1065	1.#QNAN	0	0	0	7.39323e-007	1239.6	1258.03	1253.83
1257.92	813.031	1066	1.#QNAN	0	0.015	0	7.58681e-007	1232.44	1257.92	1253.72
1257.81	812.963	1067	1.#QNAN	0	0	0	7.6242e-007	1241.15	1257.81	1253.62
1257.67	812.893	1068	1.#QNAN	0	0	0	7.61444e-007	1242.98	1257.67	1253.49
1257.55	812.831	1069	1.#QNAN	0	0.016	0	7.70476e-007	1247.29	1257.55	1253.37
1257.46	812.788	1070	1.#QNAN	0	0	0	7.29174e-007	1266.95	1257.46	1253.29
1257.37	812.733	1071	1.#QNAN	0	0	0	7.11403e-007	1251.22	1257.37	1253.21
1257.27	812.673	1072	1.#QNAN	0	0	0	7.36826e-007	1249.09	1257.27	1253.12
1257.17	812.616	1073	1.#QNAN	0	0	0	7.39268e-007	1255.76	1257.17	1253.02
1257.07	812.554	1074	1.#QNAN	0	0	0	7.4363e-007	1251.86	1257.07	1252.93
1257	812.508	1075	1.#QNAN	0	0	0	7.36086e-007	1261.12	1257	1252.86
1256.91	812.458	1076	1.#QNAN	0	0.016	1	7.24844e-007	1271.76	1256.91	1252.79
1256.84	812.414	1077	1.#QNAN	0	0	0	7.25165e-007	1250.56	1256.84	1252.72
1256.75	812.359	1078	1.#QNAN	0	0	0	7.5825e-007	1243.61	1256.75	1252.64
1256.67	812.307	1079	1.#QNAN	0	0.016	0	7.60806e-007	1246.4	1256.67	1252.56
1256.6	812.26	1080	1.#QNAN	0	0	0	7.5054e-007	1268.38	1256.6	1252.5
1256.52	812.209	1081	1.#QNAN	0	0	0	7.51766e-007	1242.75	1256.52	1252.43
1256.43	812.147	1082	1.#QNAN	0	0	0	7.60256e-007	1253.08	1256.43	1252.35
1256.36	812.103	1083	1.#QNAN	0	0.015	0	7.58173e-007	1251.29	1256.36	1252.28
1256.28	812.053	1084	1.#QNAN	0	0	0	7.69348e-007	1251.38	1256.28	1252.21
1256.19	812.003	1085	1.#QNAN	0	0	0	7.35038e-007	1260.73	1256.19	1252.13
1256.14	811.966	1086	1.#QNAN	0	0.016	0	7.36232e-007	1275.47	1256.14	1252.09
1256.07	811.923	1087	1.#QNAN	0	0	0	7.68519e-007	1272.23	1256.07	1252.03
1256	811.882	1088	1.#QNAN	0	0	0	7.52443e-007	1258.38	1256	1251.96
1255.95	811.844	1089	1.#QNAN	0	0.015	0	7.46901e-007	1282.86	1255.95	1251.92
1255.89	811.804	1090	1.#QNAN	0	0	0	7.35807e-007	1263.94	1255.89	1251.86
1255.81	811.766	1091	1.#QNAN	0	0	0	7.32975e-007	1258.09	1255.81	1251.79
1255.74	811.72	1092	1.#QNAN	0	0	0	7.33918e-007	1247.58	1255.74	1251.73
1255.66	811.672	1093	1.#QNAN	0	0.016	0	7.49366e-007	1257.24	1255.66	1251.66
1255.61	811.634	1094	1.#QNAN	0	0	0	7.441e-007	1274.38	1255.61	1251.61
1255.55	811.593	1095	1.#QNAN	0	0	0	7.53969e-007	1259.15	1255.55	1251.56
1255.5	811.551	1096	1.#QNAN	0	0.016	0	7.65085e-007	1280	1255.5	1251.52
1255.44	811.512	1097	1.#QNAN	0	0	0	7.53189e-007	1272.82	1255.44	1251.46
1255.36	811.467	1098	1.#QNAN	0	0	0	7.24252e-007	1262.9	1255.36	1251.4
1255.29	811.423	1099	1.#QNAN	0	0.015	0	7.46243e-007	1267.06	1255.29	1251.33
1255.21	811.379	1100	1.#QNAN	0	0	0	7.41235e-007	1253.89	1255.21	1251.26
1255.15	811.333	1101	1.#QNAN	0	0	0	7.32641e-007	1263.18	1255.15	1251.2
1255.08	811.285	1102	1.#QNAN	0	0.016	0	7.37784e-007	1263.23	1255.08	1251.14
1255.02	811.248	1103	1.#QNAN	0	0	0	7.65448e-007	1271.55	1255.02	1251.08
1254.95	811.207	1104	1.#QNAN	0	0	0	7.10884e-007	1274.66	1254.95	1251.03
1254.9	811.179	1105	1.#QNAN	0	0	0	7.53238e-007	1288.06	1254.9	1250.98
1254.85	811.145	1106	1.#QNAN	0	0.015	0	7.5854e-007	1278.37	1254.85	1250.94
1254.81	811.115	1107	1.#QNAN	0	0	0	7.20407e-007	1283.98	1254.81	1250.9
1254.76	811.08	1108	1.#QNAN	0	0	0	7.62808e-007	1265.51	1254.76	1250.86
1254.7	811.036	1109	1.#QNAN	0	0.016	0	7.6112e-007	1265.49	1254.7	1250.81
1254.64	810.992	1110	1.#QNAN	0	0	0	7.40415e-007	1272.04	1254.64	1250.76
1254.58	810.956	1111	1.#QNAN	0	0	0	7.53866e-007	1265.53	1254.58	1250.71
1254.51	810.902	1112	1.#QNAN	0	0.016	0	7.54237e-007	1263.17	1254.51	1250.64
1254.45	810.869	1113	1.#QNAN	0	0	0	7.31545e-007	1265.71	1254.45	1250.59
1254.39	810.835	1114	1.#QNAN	0	0	0	7.42966e-007	1261.83	1254.39	1250.54
1254.32	810.8	1115	1.#QNAN	0	0	0	7.68911e-007	1250.03	1254.32	1250.47
1254.26	810.762	1116	1.#QNAN	0	0.015	0	7.32317e-007	1264.04	1254.26	1250.41
1254.19	810.734	1117	1.#QNAN	0	0	0	7.40087e-007	1260.36	1254.19	1250.36
1254.14	810.709	1118	1.#QNAN	0	0	0	7.60572e-007	1278.15	1254.14	1250.32
1254.09	810.676	1119	1.#QNAN	0	0.016	0	7.24705e-007	1269.08	1254.09	1250.26
1254.01	810.639	1120	1.#QNAN	0	0	0	7.52332e-007	1260.35	1254.01	1250.2
1253.96	810.613	1121	1.#QNAN	0	0	0	7.66885e-007	1261.32	1253.96	1250.16
1253.91	810.582	1122	1.#QNAN	0	0.015	0	7.60235e-007	1255	1253.91	1250.11
1253.87	810.555	1123	1.#QNAN	0	0	0	7.40773e-007	1283.68	1253.87	1250.08
1253.83	810.532	1124	1.#QNAN	0	0	0	7.51453e-007	1262.76	1253.83	1250.04
1253.8	810.506	1125	1.#QNAN	0	0	0	7.21523e-007	1270.99	1253.8	1250.02
1253.76	810.479	1126	1.#QNAN	0	0.016	0	7.39748e-007	1290.23	1253.76	1249.99
1253.73	810.45	1127	1.#QNAN	0	0	0	7.46681e-007	1294.15	1253.73	1249.96
1253.68	810.417	1128	1.#QNAN	0	0	0	7.54881e-007	1268.81	1253.68	1249.92
1253.62	810.386	1129	1.#QNAN	0	0.016	0	7.30195e-007	1257.87	1253.62	1249.87
1253.57	810.358	1130	1.#QNAN	0	0	0	7.5607e-007	1264.26	1253.57	1249.82
1253.51	810.323	1131	1.#QNAN	0	0	0	7.45941e-007	1258.99	1253.51	1249.77
1253.45	810.287	1132	1.#QNAN	0	0.015	0	7.33626e-007	1253.97	1253.45	1249.71
1253.39	810.263	1133	1.#QNAN	0	0	0	7.45049e-007	1246.79	1253.39	1249.66
1253.34	810.238	1134	1.#QNAN	0	0	0	7.52407e-007	1271.95	1253.34	1249.62
1253.28	810.203	1135	1.#QNAN	0	0	0	7.60073e-007	1258.01	1253.28	1249.57
1253.24	810.176	1136	1.#QNAN	0	0.016	0	7.70927e-007	1273.23	1253.24	1249.53
1253.19	810.152	1137	1.#QNAN	0	0	0	7.67276e-007	1274.25	1253.19	1249.49
1253.13	810.115	1138	1.#QNAN	0	0	0	7.37036e-007	1257.45	1253.13	1249.44
1253.08	810.095	1139	1.#QNAN	0	0.015	0	7.58082e-007	1263.68	1253.08	1249.39
1253.03	810.067	1140	1.#QNAN	0	0	0	7.54285e-007	1257.93	1253.03	1249.34
1252.99	810.041	1141	1.#QNAN	0	0	0	7.3029e-007	1263.63	1252.99	1249.31
1252.94	810.009	1142	1.#QNAN	0	0	0	7.46033e-007	1259	1252.94	1249.26
1252.89	809.98	1143	1.#QNAN	0	0.016	0	7.53387e-007	1252.41	1252.89	1249.22
1252.84	809.952	1144	1.#QNAN	0	0	0	7.45499e-007	1258.67	1252.84	1249.18
1252.78	809.917	1145	1.#QNAN	0	0	0	7.7643e-007	1248.94	1252.78	1249.13
1252.74	809.896	1146	1.#QNAN	0	0.016	0	7.24614e-007	1254.14	1252.74	1249.09
1252.7	809.873	1147	1.#QNAN	0	0	0	7.3199e-007	1265.34	1252.7	1249.05
1252.64	809.848	1148	1.#QNAN	0	0	0	7.47839e-007	1248.78	1252.64	1249
1252.58	809.815	1149	1.#QNAN	0	0.015	0	7.68024e-007	1237.09	1252.58	1248.94
1252.52	809.79	1150	1.#QNAN	0	0	0	7.40216e-007	1248.61	1252.52	1248.89
1252.48	809.777	1151	1.#QNAN	0	0	0	7.70894e-007	1254.87	1252.48	1248.86
1252.43	809.754	1152	1.#QNAN	0	0	0	7.49851e-007	1257.12	1252.43	1248.82
1252.39	809.725	1153	1.#QNAN	0	0.016	0	7.65473e-007	1262.8	1252.39	1248.78
1252.34	809.71	1154	1.#QNAN	0	0	0	7.52174e-007	1265.41	1252.34	1248.74
1252.3	809.695	1155	1.#QNAN	0	0	0	7.40945e-007	1269.68	1252.3	1248.7
1252.23	809.662	1156	1.#QNAN	0	0.015	0	7.36997e-007	1237.94	1252.23	1248.64
1252.19	809.629	1157	1.#QNAN	0	0	0	7.79038e-007	1262.07	1252.19	1248.6
1252.13	809.601	1158	1.#QNAN	0	0	0	7.40573e-007	1251.78	1252.13	1248.55
1252.1	809.583	1159	1.#QNAN	0	0.016	0	7.49021e-007	1271.6	1252.1	1248.53
1252.06	809.562	1160	1.#QNAN	0	0	0	7.43846e-007	1257.4	1252.06	1248.49
1252.01	809.536	1161	1.#QNAN	0	0	0	7.59994e-007	1248.78	1252.01	1248.45
1251.96	809.51	1162	1.#QNAN	0	0	0	7.58262e-007	1263.12	1251.96	1248.4
1251.94	809.496	1163	1.#QNAN	0	0.016	0	7.37001e-007	1302.79	1251.94	1248.39
1251.92	809.481	1164	1.#QNAN	0	0	0	7.38118e-007	1291.45	1251.92	1248.38
1251.89	809.454	1165	1.#QNAN	0	0	0	7.26478e-007	1275.87	1251.89	1248.35
1251.85	809.427	1166	1.#QNAN	0	0.015	0	7.92814e-007	1263.86	1251.85	1248.32
1251.79	809.399	1167	1.#QNAN	0	0	0	7.69022e-007	1241.79	1251.79	1248.27
1251.75	809.371	1168	1.#QNAN	0	0	0	7.60216e-007	1255.72	1251.75	1248.22
1251.72	809.347	1169	1.#QNAN	0	0	0	7.39917e-007	1273.12	1251.72	1248.2
1251.68	809.328	1170	1.#QNAN	0	0.016	0	7.70024e-007	1270.39	1251.68	1248.17
1251.67	809.309	1171	1.#QNAN	0	0	0	7.72233e-007	1294.17	1251.67	1248.16
1251.63	809.282	1172	1.#QNAN	0	0	0	7.4918e-007	1266.44	1251.63	1248.13
1251.59	809.258	1173	1.#QNAN	0	0.015	0	7.52711e-007	1264.88	1251.59	1248.1
1251.54	809.23	1174	1.#QNAN	0	0	0	7.35197e-007	1246.53	1251.54	1248.05
1251.5	809.199	1175	1.#QNAN	0	0	0	7.4359e-007	1260.38	1251.5	1248.02
1251.47	809.185	1176	1.#QNAN	0	0.016	0	7.30395e-007	1272.57	1251.47	1247.99
1251.46	809.17	1177	1.#QNAN	0	0	0	7.65031e-007	1299.29	1251.46	1247.99
1251.44	809.154	1178	1.#QNAN	0	0	0	7.67785e-007	1295.88	1251.44	1247.97
1251.43	809.142	1179	1.#QNAN	0	0	0	7.72582e-007	1290.31	1251.43	1247.97
1251.4	809.12	1180	1.#QNAN	0	0.016	0	7.60787e-007	1275.35	1251.4	1247.95
1251.38	809.109	1181	1.#QNAN	0	0	0	7.45091e-007	1274.57	1251.38	1247.93
1251.36	809.093	1182	1.#QNAN	0	0	0	7.64249e-007	1302.64	1251.36	1247.92
1251.37	809.085	1183	1.#QNAN	0	0.015	0	7.66805e-007	1338.02	1251.37	1247.93
1251.37	809.077	1184	1.#QNAN	0	0	0	7.33548e-007	1308.37	1251.37	1247.94
1251.35	809.068	1185	1.#QNAN	0	0	0	7.48412e-007	1284.25	1251.35	1247.92
1251.33	809.057	1186	1.#QNAN	0	0.016	0	7.50643e-007	1285.62	1251.33	1247.91
1251.33	809.053	1187	1.#QNAN	0	0	0	7.38862e-007	1306.07	1251.33	1247.92
1251.31	809.045	1188	1.#QNAN	0	0	0	7.52162e-007	1273.53	1251.31	1247.9
1251.29	809.033	1189	1.#QNAN	0	0	0	7.59678e-007	1303.23	1251.29	1247.89
1251.28	809.02	1190	1.#QNAN	0	0.015	0	7.30453e-007	1291.45	1251.28	1247.88
1251.24	808.994	1191	1.#QNAN	0	0	0	7.50912e-007	1263.5	1251.24	1247.84
1251.2	808.971	1192	1.#QNAN	0	0	0	7.84343e-007	1257.24	1251.2	1247.81
1251.19	808.955	1193	1.#QNAN	0	0.016	0	7.45188e-007	1296.42	1251.19	1247.81
1251.15	808.93	1194	1.#QNAN	0	0	0	7.50373e-007	1242.75	1251.15	1247.77
1251.1	808.908	1195	1.#QNAN	0	0	0	7.3589e-007	1250.4	1251.1	1247.73
1251.08	808.892	1196	1.#QNAN	0	0.016	0	7.53627e-007	1284.84	1251.08	1247.71
1251.04	808.875	1197	1.#QNAN	0	0	0	7.45708e-007	1264.88	1251.04	1247.68
1251.02	808.865	1198	1.#QNAN	0	0	0	7.44547e-007	1284.04	1251.02	1247.67
1250.98	808.843	1199	1.#QNAN	0	0	0	7.23052e-007	1274.04	1250.98	1247.63
