rmse	mae	#iter	time_pred	time_learn	time_learn2	time_learn4	alpha	rmse_mcmc_this	rmse_mcmc_all	rmse_mcmc_all_but5
3291.85	2542.17	0	1.#QNAN	0	0.016	0	4.47108e-009	3291.85	3291.85	4115.63
3092.76	2381.09	1	1.#QNAN	0	0.016	0	8.45499e-008	3029.17	3092.76	4115.63
3009.56	2313.59	2	1.#QNAN	0	0.015	0	1.03868e-007	2907.79	3009.56	4115.63
2944.81	2260.02	3	1.#QNAN	0	0.016	0	1.1546e-007	2788.09	2944.81	4115.63
2891.76	2215.21	4	1.#QNAN	0	0.015	0	1.19102e-007	2703.26	2891.76	32670.1
2841.38	2172.68	5	1.#QNAN	0	0.016	0	1.31682e-007	2621.17	2841.38	2621.17
2793.37	2132.62	6	1.#QNAN	0	0	0	1.41385e-007	2534.81	2793.37	2567.02
2747.97	2093.45	7	1.#QNAN	0	0.016	0	1.58965e-007	2466.98	2747.97	2527.27
2698.34	2049.9	8	1.#QNAN	0	0.015	0	1.71686e-007	2351.04	2698.34	2476.16
2646.96	2006.03	9	1.#QNAN	0	0.016	0	1.93749e-007	2225.03	2646.96	2421.87
2593.19	1960.84	10	1.#QNAN	0	0.015	0	2.11111e-007	2116.62	2593.19	2364.5
2536.33	1914.81	11	1.#QNAN	0	0.016	0	2.35105e-007	1993.17	2536.33	2304.29
2479.12	1867.65	12	1.#QNAN	0	0.016	0	2.67395e-007	1896.61	2479.12	2245.04
2421.8	1820.34	13	1.#QNAN	0	0.015	0	3.00213e-007	1809.73	2421.8	2186.86
2364.49	1773.38	14	1.#QNAN	0	0.016	1	3.17962e-007	1736.05	2364.49	2130
2311.16	1728.4	15	1.#QNAN	0	0.015	0	3.56492e-007	1702.61	2311.16	2079.54
2259.6	1684.25	16	1.#QNAN	0	0.016	0	3.70793e-007	1677.82	2259.6	2032.04
2213.71	1644.14	17	1.#QNAN	0	0.016	0	3.87606e-007	1658.61	2213.71	1991.77
2170.57	1605.36	18	1.#QNAN	0	0.015	0	4.01392e-007	1637.39	2170.57	1954.63
2130.02	1568.28	19	1.#QNAN	0	0	0	4.31685e-007	1633.18	2130.02	1920.69
2093.46	1534.58	20	1.#QNAN	0	0.016	0	4.28046e-007	1611.34	2093.46	1891.14
2060.09	1503.71	21	1.#QNAN	0	0.015	0	4.51656e-007	1627	2060.09	1865.21
2028.03	1474.66	22	1.#QNAN	0	0.016	0	4.3692e-007	1570.53	2028.03	1839.9
1999.9	1448.61	23	1.#QNAN	0	0.016	0	4.67544e-007	1605.1	1999.9	1819.02
1973.45	1423.74	24	1.#QNAN	0	0.015	0	4.5341e-007	1589.24	1973.45	1799.55
1949.11	1400.5	25	1.#QNAN	0	0.016	0	4.61808e-007	1589.32	1949.11	1781.97
1927.16	1379.03	26	1.#QNAN	0	0.015	0	4.81159e-007	1585.08	1927.16	1766.47
1906.94	1359.57	27	1.#QNAN	0	0	0	4.83797e-007	1583.17	1906.94	1752.48
1888.22	1341.97	28	1.#QNAN	0	0.016	0	5.00008e-007	1580.3	1888.22	1739.72
1869.88	1324.91	29	1.#QNAN	0	0.016	0	5.0774e-007	1548.2	1869.88	1726.95
1852.99	1309.01	30	1.#QNAN	0	0.015	0	4.82857e-007	1559.65	1852.99	1715.42
1836.91	1294.02	31	1.#QNAN	0	0.016	0	5.19851e-007	1539.36	1836.91	1704.31
1822.76	1280.3	32	1.#QNAN	0	0.015	0	5.10541e-007	1567.64	1822.76	1695.07
1810.04	1267.38	33	1.#QNAN	0	0.016	0	5.07317e-007	1588.39	1810.04	1687.15
1797.73	1254.61	34	1.#QNAN	0	0	0	5.19608e-007	1563.3	1797.73	1679.14
1786.37	1242.8	35	1.#QNAN	0	0.016	0	5.23323e-007	1569.36	1786.37	1671.98
1776.65	1232.41	36	1.#QNAN	0	0.015	0	5.40996e-007	1595.71	1776.65	1666.33
1766.58	1222.03	37	1.#QNAN	0	0.016	0	5.50315e-007	1568.04	1766.58	1660.02
1756.98	1212.17	38	1.#QNAN	0	0.015	0	5.62658e-007	1555.84	1756.98	1654.01
1746.93	1202.11	39	1.#QNAN	0	0.016	0	5.67228e-007	1543.91	1746.93	1647.32
1737.98	1192.68	40	1.#QNAN	0	0.016	0	5.74593e-007	1560.91	1737.98	1641.66
1729.85	1183.86	41	1.#QNAN	0	0	0	5.6688e-007	1565.4	1729.85	1636.6
1721.65	1175.42	42	1.#QNAN	0	0.015	0	5.78205e-007	1533.79	1721.65	1631.21
1713.32	1167.27	43	1.#QNAN	0	0.016	0	5.58905e-007	1513.14	1713.32	1625.5
1705.84	1159.3	44	1.#QNAN	0	0.015	0	5.87553e-007	1538.49	1705.84	1620.6
1698.79	1151.62	45	1.#QNAN	0	0.016	0	6.06451e-007	1546.62	1698.79	1616.01
1691.97	1144.29	46	1.#QNAN	0	0.016	0	5.97002e-007	1526.86	1691.97	1611.46
1685.66	1137.06	47	1.#QNAN	0	0.015	0	6.02519e-007	1551.18	1685.66	1607.42
1679.22	1130.44	48	1.#QNAN	0	0	0	6.13898e-007	1507.11	1679.22	1603.05
1672.75	1123.56	49	1.#QNAN	0	0.016	0	6.322e-007	1511.42	1672.75	1598.61
1666.18	1117	50	1.#QNAN	0	0.015	0	6.2191e-007	1500	1666.18	1593.91
1660.77	1110.94	51	1.#QNAN	0	0.016	0	6.37179e-007	1563.92	1660.77	1590.46
1655.12	1105.24	52	1.#QNAN	0	0.016	0	6.18052e-007	1536.69	1655.12	1586.64
1650.07	1099.71	53	1.#QNAN	0	0.015	0	6.15386e-007	1533.02	1650.07	1583.31
1644.8	1094.38	54	1.#QNAN	0	0.016	0	6.03638e-007	1514.92	1644.8	1579.7
1639.92	1089.26	55	1.#QNAN	0	0	0	6.46445e-007	1517.19	1639.92	1576.46
1634.15	1084.02	56	1.#QNAN	0	0.015	0	6.25561e-007	1454.67	1634.15	1572.16
1628.46	1078.84	57	1.#QNAN	0	0.016	0	6.22111e-007	1448.04	1628.46	1567.89
1623.16	1073.89	58	1.#QNAN	0	0.016	0	6.32257e-007	1458.11	1623.16	1564
1617.82	1069.39	59	1.#QNAN	0	0.015	0	6.22836e-007	1438.79	1617.82	1559.95
1613.36	1065.15	60	1.#QNAN	0	0.016	0	6.24022e-007	1473.59	1613.36	1556.83
1608.87	1061.11	61	1.#QNAN	0	0	0	6.38681e-007	1462.49	1608.87	1553.58
1604.79	1057.17	62	1.#QNAN	0	0.015	0	6.42635e-007	1479.34	1604.79	1550.72
1601.03	1053.3	63	1.#QNAN	0	0.016	0	6.52756e-007	1508.34	1601.03	1548.16
1596.98	1049.27	64	1.#QNAN	0	0.016	0	6.69506e-007	1483.48	1596.98	1545.28
1592.92	1045.43	65	1.#QNAN	0	0.015	0	6.56609e-007	1468.74	1592.92	1542.3
1589.27	1041.49	66	1.#QNAN	0	0.016	0	6.69508e-007	1497.36	1589.27	1539.76
1585.42	1037.77	67	1.#QNAN	0	0	0	6.69447e-007	1486.18	1585.42	1536.98
1582.22	1034.42	68	1.#QNAN	0	0	0	6.52104e-007	1536.79	1582.22	1534.85
1579	1031.08	69	1.#QNAN	0	0.016	0	6.65074e-007	1510.77	1579	1532.66
1576.03	1027.89	70	1.#QNAN	0	0.016	0	6.72401e-007	1527.69	1576.03	1530.71
1573.15	1024.71	71	1.#QNAN	0	0.015	0	6.51692e-007	1504.69	1573.15	1528.75
1570.18	1021.32	72	1.#QNAN	0	0.016	0	6.82523e-007	1484.76	1570.18	1526.69
1566.83	1018.02	73	1.#QNAN	0	0.015	0	6.626e-007	1454.28	1566.83	1524.16
1563.6	1015.1	74	1.#QNAN	0	0	0	6.91864e-007	1474.05	1563.6	1521.77
1560.58	1012.03	75	1.#QNAN	0	0.016	0	6.72801e-007	1484.38	1560.58	1519.57
1557.71	1009.16	76	1.#QNAN	0	0.016	0	6.68314e-007	1486.3	1557.71	1517.48
1554.82	1006.38	77	1.#QNAN	0	0.015	0	6.88205e-007	1497.19	1554.82	1515.35
1551.98	1003.61	78	1.#QNAN	0	0.016	0	6.75483e-007	1476.81	1551.98	1513.26
1550.02	1001.08	79	1.#QNAN	0	0.015	0	6.92874e-007	1527.63	1550.02	1512.08
1547.76	998.331	80	1.#QNAN	0	0.016	0	6.89381e-007	1518.78	1547.76	1510.57
1545.68	995.789	81	1.#QNAN	0	0	0	6.77027e-007	1502.88	1545.68	1509.19
1543.74	993.405	82	1.#QNAN	0	0.016	0	6.83507e-007	1520.49	1543.74	1507.95
1541.65	990.928	83	1.#QNAN	0	0.015	0	6.78311e-007	1504.36	1541.65	1506.51
1539.65	988.443	84	1.#QNAN	0	0.016	0	6.91205e-007	1500.81	1539.65	1505.14
1537.37	985.866	85	1.#QNAN	0	0.015	0	6.68878e-007	1472.92	1537.37	1503.47
1535.85	983.775	86	1.#QNAN	0	0.016	0	6.94172e-007	1522.18	1535.85	1502.55
1534.49	981.64	87	1.#QNAN	0	0	0	6.90052e-007	1534.81	1534.49	1501.79
1532.91	979.51	88	1.#QNAN	0	0.016	0	7.05292e-007	1509.32	1532.91	1500.75
1531.41	977.434	89	1.#QNAN	0	0.015	1	6.90217e-007	1514.41	1531.41	1499.76
1529.89	975.546	90	1.#QNAN	0	0.016	0	6.92976e-007	1495.48	1529.89	1498.75
1528.23	973.653	91	1.#QNAN	0	0.015	0	6.9014e-007	1486.87	1528.23	1497.58
1526.57	971.879	92	1.#QNAN	0	0.016	0	6.82633e-007	1484.56	1526.57	1496.37
1525.02	969.918	93	1.#QNAN	0	0.016	0	6.91668e-007	1497.49	1525.02	1495.3
1523.55	968.167	94	1.#QNAN	0	0	0	7.03434e-007	1508.49	1523.55	1494.32
1522.15	966.459	95	1.#QNAN	0	0.015	0	6.74551e-007	1523.18	1522.15	1493.38
1520.41	964.673	96	1.#QNAN	0	0.016	0	6.83559e-007	1483.22	1520.41	1492.11
1519.05	963.06	97	1.#QNAN	0	0.015	0	7.06024e-007	1510.11	1519.05	1491.2
1517.69	961.373	98	1.#QNAN	0	0.016	0	7.02769e-007	1513.81	1517.69	1490.3
1516.14	959.564	99	1.#QNAN	0	0.016	0	6.90726e-007	1470.49	1516.14	1489.18
1514.64	957.764	100	1.#QNAN	0	0	0	6.97371e-007	1485.13	1514.64	1488.11
1512.95	955.901	101	1.#QNAN	0	0	0	6.77238e-007	1462.92	1512.95	1486.83
1511.52	954.389	102	1.#QNAN	0	0.016	0	7.17798e-007	1478.75	1511.52	1485.8
1510.45	952.983	103	1.#QNAN	0	0.015	0	6.96469e-007	1520.17	1510.45	1485.12
1509.4	951.579	104	1.#QNAN	0	0.016	0	6.89537e-007	1525.87	1509.4	1484.46
1508.41	950.237	105	1.#QNAN	0	0.016	0	7.00584e-007	1539.34	1508.41	1483.89
1507.11	948.691	106	1.#QNAN	0	0.015	0	7.19418e-007	1500.28	1507.11	1482.98
1505.69	947.16	107	1.#QNAN	0	0	0	7.05521e-007	1472.69	1505.69	1481.89
1504.2	945.7	108	1.#QNAN	0	0.016	0	7.04148e-007	1457.41	1504.2	1480.73
1502.72	944.22	109	1.#QNAN	0	0.015	0	7.33453e-007	1462.42	1502.72	1479.58
1501.25	942.744	110	1.#QNAN	0	0.016	0	7.03101e-007	1449.26	1501.25	1478.44
1499.64	941.294	111	1.#QNAN	0	0.016	0	6.98873e-007	1425.77	1499.64	1477.13
1498.04	939.796	112	1.#QNAN	0	0.015	0	7.11148e-007	1430.58	1498.04	1475.83
1496.27	938.272	113	1.#QNAN	0	0	0	6.87587e-007	1420.39	1496.27	1474.35
1494.64	936.806	114	1.#QNAN	0	0.016	0	6.90663e-007	1429.63	1494.64	1472.99
1492.92	935.385	115	1.#QNAN	0	0.015	0	7.10661e-007	1409.24	1492.92	1471.54
1491.21	933.816	116	1.#QNAN	0	0.016	0	6.62769e-007	1404.09	1491.21	1470.09
1489.72	932.362	117	1.#QNAN	0	0.016	0	6.91507e-007	1427.32	1489.72	1468.87
1487.95	930.794	118	1.#QNAN	0	0.015	0	6.92764e-007	1401.58	1487.95	1467.34
1486.39	929.333	119	1.#QNAN	0	0.016	0	6.93505e-007	1411.65	1486.39	1466.03
1484.86	927.924	120	1.#QNAN	0	0	0	7.1603e-007	1429.37	1484.86	1464.76
1483.28	926.325	121	1.#QNAN	0	0.015	0	7.16142e-007	1417.48	1483.28	1463.43
1481.81	924.843	122	1.#QNAN	0	0.016	0	6.87952e-007	1411.6	1481.81	1462.2
1480.44	923.37	123	1.#QNAN	0	0.016	0	7.10125e-007	1424.19	1480.44	1461.07
1479.24	921.811	124	1.#QNAN	0	0.015	0	6.94406e-007	1451.71	1479.24	1460.11
1478	920.328	125	1.#QNAN	0	0.016	0	7.15123e-007	1437.42	1478	1459.1
1476.84	918.97	126	1.#QNAN	0	0	0	7.18833e-007	1434.59	1476.84	1458.17
1475.84	917.696	127	1.#QNAN	0	0.015	0	7.14728e-007	1432.31	1475.84	1457.38
1474.93	916.557	128	1.#QNAN	0	0.016	0	7.18291e-007	1451.93	1474.93	1456.68
1473.86	915.329	129	1.#QNAN	0	0.016	0	7.1673e-007	1436.84	1473.86	1455.83
1472.91	914.299	130	1.#QNAN	0	0.015	0	7.22545e-007	1441.44	1472.91	1455.09
1471.95	913.168	131	1.#QNAN	0	0.016	0	7.36575e-007	1447.51	1471.95	1454.33
1470.86	912.074	132	1.#QNAN	0	0	0	7.00662e-007	1442.07	1470.86	1453.42
1469.52	911.012	133	1.#QNAN	0	0	0	7.27695e-007	1393.04	1469.52	1452.26
1468.65	910.122	134	1.#QNAN	0	0.016	0	6.98465e-007	1463.73	1468.65	1451.58
1467.67	909.132	135	1.#QNAN	0	0.016	0	6.91112e-007	1445.41	1467.67	1450.79
1466.81	908.007	136	1.#QNAN	0	0.015	0	7.17108e-007	1455.39	1466.81	1450.13
1466.16	907.07	137	1.#QNAN	0	0.016	0	7.26639e-007	1468.06	1466.16	1449.66
1465.58	906.107	138	1.#QNAN	0	0.015	0	7.11133e-007	1476.68	1465.58	1449.27
1465.11	905.129	139	1.#QNAN	0	0	0	6.98626e-007	1497.12	1465.11	1449.01
1464.26	904.079	140	1.#QNAN	0	0.016	0	7.17894e-007	1435.84	1464.26	1448.34
1463.61	903.141	141	1.#QNAN	0	0.016	0	7.17505e-007	1474.67	1463.61	1447.89
1462.98	902.18	142	1.#QNAN	0	0.015	0	7.24819e-007	1472.53	1462.98	1447.45
1462.47	901.325	143	1.#QNAN	0	0.016	0	6.92418e-007	1476.69	1462.47	1447.12
1462.05	900.544	144	1.#QNAN	0	0.015	0	7.11392e-007	1493.19	1462.05	1446.87
1461.59	899.754	145	1.#QNAN	0	0	0	7.14485e-007	1492.62	1461.59	1446.58
1461.08	898.994	146	1.#QNAN	0	0.016	0	7.12449e-007	1472.68	1461.08	1446.23
1460.38	898.139	147	1.#QNAN	0	0.016	0	7.1747e-007	1450.57	1460.38	1445.69
1459.93	897.307	148	1.#QNAN	0	0.015	0	7.20496e-007	1482.59	1459.93	1445.41
1459.32	896.426	149	1.#QNAN	0	0.016	0	6.92729e-007	1456.04	1459.32	1444.94
1458.65	895.545	150	1.#QNAN	0	0.015	0	7.35459e-007	1450.23	1458.65	1444.42
1458.28	894.852	151	1.#QNAN	0	0	0	7.38412e-007	1497.02	1458.28	1444.21
1457.76	893.997	152	1.#QNAN	0	0.016	0	7.09071e-007	1474.64	1457.76	1443.84
1457.14	893.214	153	1.#QNAN	0	0.016	0	7.08963e-007	1471.47	1457.14	1443.37
1456.75	892.418	154	1.#QNAN	0	0.015	0	7.31845e-007	1507.75	1456.75	1443.13
1456.34	891.717	155	1.#QNAN	0	0.016	0	7.35912e-007	1522.46	1456.34	1442.86
1455.89	891.034	156	1.#QNAN	0	0.015	0	7.42928e-007	1514.02	1455.89	1442.56
1455.57	890.382	157	1.#QNAN	0	0.016	0	7.22282e-007	1523.05	1455.57	1442.38
1455.24	889.718	158	1.#QNAN	0	0.016	0	7.26739e-007	1519.7	1455.24	1442.19
1455.06	889.113	159	1.#QNAN	0	0	0	7.67308e-007	1530.5	1455.06	1442.15
1454.86	888.449	160	1.#QNAN	0	0.015	0	7.23979e-007	1546.87	1454.86	1442.1
1454.86	887.803	161	1.#QNAN	0	0.016	0	7.33716e-007	1565.84	1454.86	1442.24
1454.74	887.171	162	1.#QNAN	0	0.015	0	7.45279e-007	1537.92	1454.74	1442.26
1454.44	886.546	163	1.#QNAN	0	0.016	0	7.32416e-007	1505.22	1454.44	1442.09
1454.03	885.81	164	1.#QNAN	0	0.016	1	7.06236e-007	1492.46	1454.03	1441.8
1453.77	885.251	165	1.#QNAN	0	0	0	7.04662e-007	1513.72	1453.77	1441.66
1453.32	884.506	166	1.#QNAN	0	0.015	0	7.26381e-007	1491.93	1453.32	1441.32
1452.85	883.836	167	1.#QNAN	0	0.016	0	7.28848e-007	1483.18	1452.85	1440.96
1452.39	883.197	168	1.#QNAN	0	0.015	0	7.33888e-007	1481.48	1452.39	1440.61
1451.87	882.479	169	1.#QNAN	0	0.016	0	7.46896e-007	1488.62	1451.87	1440.19
1451.44	881.681	170	1.#QNAN	0	0.016	0	7.41033e-007	1499.87	1451.44	1439.86
1451.01	881.045	171	1.#QNAN	0	0	0	7.34006e-007	1493.57	1451.01	1439.53
1450.63	880.447	172	1.#QNAN	0	0.015	0	7.2471e-007	1500.59	1450.63	1439.25
1450.05	879.858	173	1.#QNAN	0	0.016	0	7.26362e-007	1439.67	1450.05	1438.76
1449.61	879.255	174	1.#QNAN	0	0.015	0	7.29375e-007	1485.6	1449.61	1438.41
1449.17	878.699	175	1.#QNAN	0	0.016	0	7.30167e-007	1480.41	1449.17	1438.07
1448.71	878.185	176	1.#QNAN	0	0.016	0	7.55127e-007	1467.95	1448.71	1437.69
1448.46	877.65	177	1.#QNAN	0	0.015	0	7.58205e-007	1498.15	1448.46	1437.54
1448.07	877.061	178	1.#QNAN	0	0.016	0	7.47581e-007	1478.83	1448.07	1437.24
1447.84	876.543	179	1.#QNAN	0	0	0	7.55286e-007	1502.3	1447.84	1437.1
1447.43	875.959	180	1.#QNAN	0	0.015	0	7.0388e-007	1476.45	1447.43	1436.77
1447.27	875.484	181	1.#QNAN	0	0.016	0	7.09825e-007	1530.56	1447.27	1436.69
1447.24	875.097	182	1.#QNAN	0	0.016	0	7.33673e-007	1547.99	1447.24	1436.75
1447.17	874.679	183	1.#QNAN	0	0.015	0	7.63434e-007	1548.83	1447.17	1436.77
1446.96	874.232	184	1.#QNAN	0	0.016	0	7.34641e-007	1510.12	1446.96	1436.63
1446.67	873.761	185	1.#QNAN	0	0	0	7.16109e-007	1500.29	1446.67	1436.42
1446.43	873.316	186	1.#QNAN	0	0	0	7.30167e-007	1519.92	1446.43	1436.26
1446.43	872.893	187	1.#QNAN	0	0.016	0	7.44502e-007	1553.39	1446.43	1436.36
1446.28	872.437	188	1.#QNAN	0	0.016	0	7.2378e-007	1526.05	1446.28	1436.3
1446.03	871.972	189	1.#QNAN	0	0.015	0	7.28598e-007	1500.71	1446.03	1436.14
1445.86	871.521	190	1.#QNAN	0	0.016	0	7.43769e-007	1510.7	1445.86	1436.05
1445.48	871.066	191	1.#QNAN	0	0.015	0	7.34421e-007	1480.67	1445.48	1435.75
1445.07	870.633	192	1.#QNAN	0	0	0	7.53212e-007	1478.53	1445.07	1435.42
1444.64	870.075	193	1.#QNAN	0	0.016	0	7.67567e-007	1478.65	1444.64	1435.07
1444.38	869.645	194	1.#QNAN	0	0.016	0	7.62457e-007	1499.43	1444.38	1434.87
1444.08	869.191	195	1.#QNAN	0	0.015	0	7.47321e-007	1466.1	1444.08	1434.64
1443.81	868.87	196	1.#QNAN	0	0.016	0	7.27153e-007	1477.13	1443.81	1434.45
1443.52	868.484	197	1.#QNAN	0	0.015	0	7.33945e-007	1491.65	1443.52	1434.23
1443.1	868.043	198	1.#QNAN	0	0.016	0	7.41869e-007	1461.59	1443.1	1433.88
1442.85	867.592	199	1.#QNAN	0	0	0	6.97988e-007	1492.46	1442.85	1433.69
1442.57	867.154	200	1.#QNAN	0	0.016	0	7.55718e-007	1470.79	1442.57	1433.47
1442.42	866.776	201	1.#QNAN	0	0.015	0	7.48695e-007	1495.3	1442.42	1433.4
1442.23	866.359	202	1.#QNAN	0	0.016	0	7.37867e-007	1484.78	1442.23	1433.28
1441.86	865.923	203	1.#QNAN	0	0.015	0	7.34674e-007	1453.94	1441.86	1432.98
1441.54	865.495	204	1.#QNAN	0	0.016	0	7.31052e-007	1464.15	1441.54	1432.72
1441.35	865.128	205	1.#QNAN	0	0.016	0	7.3719e-007	1481.47	1441.35	1432.59
1440.86	864.712	206	1.#QNAN	0	0	0	7.22449e-007	1416.85	1440.86	1432.16
1440.45	864.276	207	1.#QNAN	0	0.015	0	7.46945e-007	1444.98	1440.45	1431.82
1440.15	863.937	208	1.#QNAN	0	0.016	0	7.52379e-007	1470.68	1440.15	1431.58
1439.79	863.556	209	1.#QNAN	0	0.015	0	7.08168e-007	1449.16	1439.79	1431.27
1439.39	863.136	210	1.#QNAN	0	0.016	0	7.23305e-007	1445.2	1439.39	1430.93
1439.2	862.867	211	1.#QNAN	0	0.016	0	7.30856e-007	1471.53	1439.2	1430.8
1438.88	862.554	212	1.#QNAN	0	0	0	7.21599e-007	1453.76	1438.88	1430.53
1438.61	862.24	213	1.#QNAN	0	0.015	0	7.36774e-007	1464.5	1438.61	1430.32
1438.27	861.913	214	1.#QNAN	0	0.016	0	7.43783e-007	1449.33	1438.27	1430.04
1437.91	861.616	215	1.#QNAN	0	0.015	0	7.42688e-007	1452.27	1437.91	1429.74
1437.58	861.257	216	1.#QNAN	0	0.016	0	7.7512e-007	1445.64	1437.58	1429.46
1437.44	860.902	217	1.#QNAN	0	0.016	0	7.35748e-007	1493.47	1437.44	1429.38
1437.26	860.522	218	1.#QNAN	0	0	0	7.52771e-007	1476.45	1437.26	1429.26
1437.02	860.186	219	1.#QNAN	0	0	0	7.59168e-007	1454.88	1437.02	1429.07
1436.73	859.837	220	1.#QNAN	0	0.016	0	7.44747e-007	1456.32	1436.73	1428.84
1436.47	859.484	221	1.#QNAN	0	0.015	0	7.37129e-007	1475.44	1436.47	1428.63
1436.37	859.174	222	1.#QNAN	0	0.016	0	7.382e-007	1498.15	1436.37	1428.58
1436.11	858.819	223	1.#QNAN	0	0.016	0	7.57436e-007	1448.31	1436.11	1428.37
1435.94	858.519	224	1.#QNAN	0	0.015	0	7.4191e-007	1486.3	1435.94	1428.26
1435.69	858.212	225	1.#QNAN	0	0	0	7.30993e-007	1450.67	1435.69	1428.05
1435.65	857.989	226	1.#QNAN	0	0.016	0	7.09072e-007	1496.34	1435.65	1428.06
1435.43	857.693	227	1.#QNAN	0	0.015	0	7.43839e-007	1478.33	1435.43	1427.89
1435.18	857.428	228	1.#QNAN	0	0.016	0	7.32422e-007	1465.48	1435.18	1427.69
1435.03	857.145	229	1.#QNAN	0	0.016	0	7.28735e-007	1510.47	1435.03	1427.59
1434.94	856.839	230	1.#QNAN	0	0.015	0	7.2197e-007	1500.93	1434.94	1427.55
1434.97	856.573	231	1.#QNAN	0	0	0	7.46732e-007	1531.85	1434.97	1427.64
1435.05	856.262	232	1.#QNAN	0	0.016	0	7.52073e-007	1541.77	1435.05	1427.78
1434.79	855.852	233	1.#QNAN	0	0.015	0	7.47652e-007	1465.4	1434.79	1427.57
1434.6	855.548	234	1.#QNAN	0	0.016	0	7.31258e-007	1476.64	1434.6	1427.43
1434.35	855.193	235	1.#QNAN	0	0.016	0	7.36591e-007	1462.21	1434.35	1427.22
1434.21	854.943	236	1.#QNAN	0	0.015	0	7.85242e-007	1483.67	1434.21	1427.14
1433.95	854.647	237	1.#QNAN	0	0.016	0	7.47207e-007	1456.73	1433.95	1426.92
1433.83	854.353	238	1.#QNAN	0	0	0	7.27444e-007	1494.15	1433.83	1426.86
1433.61	854.065	239	1.#QNAN	0	0.015	0	7.20521e-007	1471.35	1433.61	1426.69
1433.38	853.749	240	1.#QNAN	0	0.016	1	7.61522e-007	1463.44	1433.38	1426.5
1433.03	853.399	241	1.#QNAN	0	0.016	0	7.43528e-007	1437.9	1433.03	1426.18
1432.74	853.091	242	1.#QNAN	0	0.015	0	7.22663e-007	1453.34	1432.74	1425.94
1432.68	852.79	243	1.#QNAN	0	0.016	0	7.29117e-007	1517.12	1432.68	1425.93
1432.59	852.479	244	1.#QNAN	0	0	0	7.33749e-007	1516.35	1432.59	1425.89
1432.52	852.178	245	1.#QNAN	0	0.015	0	7.51817e-007	1529.69	1432.52	1425.86
1432.49	851.914	246	1.#QNAN	0	0.016	0	7.5964e-007	1522.48	1432.49	1425.88
1432.31	851.627	247	1.#QNAN	0	0.016	0	7.62115e-007	1470.97	1432.31	1425.74
1432.15	851.38	248	1.#QNAN	0	0.015	0	7.67208e-007	1487.07	1432.15	1425.62
1431.97	851.086	249	1.#QNAN	0	0.016	0	7.23784e-007	1487.74	1431.97	1425.48
1431.74	850.827	250	1.#QNAN	0	0.015	0	7.4917e-007	1461.1	1431.74	1425.28
1431.42	850.482	251	1.#QNAN	0	0	0	7.3877e-007	1448.45	1431.42	1424.99
1431.27	850.216	252	1.#QNAN	0	0.016	0	7.64739e-007	1488.84	1431.27	1424.88
1431.12	849.886	253	1.#QNAN	0	0.016	0	7.35507e-007	1485.61	1431.12	1424.76
1430.97	849.633	254	1.#QNAN	0	0.015	0	7.51374e-007	1484.53	1430.97	1424.65
1430.9	849.371	255	1.#QNAN	0	0.016	0	7.45824e-007	1536.84	1430.9	1424.62
1430.75	849.149	256	1.#QNAN	0	0.015	0	7.70166e-007	1492.35	1430.75	1424.51
1430.6	848.98	257	1.#QNAN	0	0.016	0	7.54149e-007	1486.61	1430.6	1424.39
1430.53	848.874	258	1.#QNAN	0	0	0	7.22682e-007	1516.34	1430.53	1424.36
1430.3	848.708	259	1.#QNAN	0	0.016	0	7.39254e-007	1479.36	1430.3	1424.16
1430.06	848.552	260	1.#QNAN	0	0.015	0	7.61779e-007	1462.05	1430.06	1423.95
1429.88	848.368	261	1.#QNAN	0	0.016	0	7.58781e-007	1477.8	1429.88	1423.81
1429.72	848.183	262	1.#QNAN	0	0.015	0	7.42358e-007	1477.01	1429.72	1423.68
1429.53	848.001	263	1.#QNAN	0	0.016	0	7.22798e-007	1471.55	1429.53	1423.51
1429.35	847.77	264	1.#QNAN	0	0	0	7.27686e-007	1458.49	1429.35	1423.37
1429.02	847.515	265	1.#QNAN	0	0	0	7.4331e-007	1420.96	1429.02	1423.07
1428.75	847.272	266	1.#QNAN	0	0.015	0	7.54348e-007	1455.98	1428.75	1422.84
1428.75	847.07	267	1.#QNAN	0	0.016	0	7.68532e-007	1513.26	1428.75	1422.87
1428.67	846.89	268	1.#QNAN	0	0.015	0	7.30864e-007	1481.6	1428.67	1422.83
1428.64	846.718	269	1.#QNAN	0	0.016	0	7.40931e-007	1496.43	1428.64	1422.83
1428.63	846.565	270	1.#QNAN	0	0.016	0	7.59799e-007	1502.23	1428.63	1422.84
1428.42	846.36	271	1.#QNAN	0	0	0	7.53226e-007	1444.21	1428.42	1422.67
1428.25	846.153	272	1.#QNAN	0	0.015	0	7.43272e-007	1447.97	1428.25	1422.53
1428.23	845.99	273	1.#QNAN	0	0.016	0	7.70882e-007	1498.62	1428.23	1422.54
1428.21	845.822	274	1.#QNAN	0	0.015	0	7.58114e-007	1496.15	1428.21	1422.56
1427.9	845.579	275	1.#QNAN	0	0.016	0	7.46136e-007	1413.74	1427.9	1422.27
1427.48	845.397	276	1.#QNAN	0	0.016	0	7.5726e-007	1391.18	1427.48	1421.88
1427.12	845.237	277	1.#QNAN	0	0.015	0	7.43265e-007	1413.05	1427.12	1421.54
1426.74	845.019	278	1.#QNAN	0	0	0	7.61232e-007	1403.69	1426.74	1421.19
1426.51	844.822	279	1.#QNAN	0	0.016	0	7.55924e-007	1426.37	1426.51	1420.99
1426.43	844.615	280	1.#QNAN	0	0.015	0	7.59192e-007	1469.97	1426.43	1420.94
1426.42	844.455	281	1.#QNAN	0	0.016	0	7.50399e-007	1502.19	1426.42	1420.97
1426.28	844.269	282	1.#QNAN	0	0.016	0	7.44144e-007	1459.52	1426.28	1420.85
1426.29	844.087	283	1.#QNAN	0	0.015	0	7.47255e-007	1497.23	1426.29	1420.9
1426.13	843.859	284	1.#QNAN	0	0	0	7.46684e-007	1456.16	1426.13	1420.77
1426.01	843.629	285	1.#QNAN	0	0.016	0	7.33036e-007	1459.03	1426.01	1420.67
1425.76	843.413	286	1.#QNAN	0	0.015	0	7.36064e-007	1438.24	1425.76	1420.45
1425.53	843.213	287	1.#QNAN	0	0.016	0	7.55193e-007	1440	1425.53	1420.25
1425.48	843.049	288	1.#QNAN	0	0.016	0	7.6051e-007	1485.86	1425.48	1420.22
1425.45	842.849	289	1.#QNAN	0	0.015	0	7.53301e-007	1487.01	1425.45	1420.22
1425.41	842.603	290	1.#QNAN	0	0	0	7.66322e-007	1481.33	1425.41	1420.21
1425.37	842.396	291	1.#QNAN	0	0.016	0	7.40937e-007	1481.01	1425.37	1420.2
1425.34	842.244	292	1.#QNAN	0	0.015	0	7.09645e-007	1491.68	1425.34	1420.2
1425.19	842.058	293	1.#QNAN	0	0.016	0	7.67514e-007	1453.29	1425.19	1420.08
1425.21	841.868	294	1.#QNAN	0	0.016	0	7.41242e-007	1506.71	1425.21	1420.13
1425.17	841.761	295	1.#QNAN	0	0.015	0	7.56406e-007	1492.9	1425.17	1420.12
1425.16	841.633	296	1.#QNAN	0	0.016	0	7.20731e-007	1505.11	1425.16	1420.15
1424.99	841.451	297	1.#QNAN	0	0	0	7.3682e-007	1450.69	1424.99	1420
1424.79	841.283	298	1.#QNAN	0	0.015	0	7.18327e-007	1446.44	1424.79	1419.83
1424.57	841.114	299	1.#QNAN	0	0.016	0	7.53241e-007	1451.48	1424.57	1419.62
1424.24	840.904	300	1.#QNAN	0	0.016	0	7.33463e-007	1400.12	1424.24	1419.32
1424.06	840.696	301	1.#QNAN	0	0.015	0	7.35525e-007	1470.13	1424.06	1419.17
1423.91	840.536	302	1.#QNAN	0	0.016	0	7.47511e-007	1457.1	1423.91	1419.04
1423.73	840.34	303	1.#QNAN	0	0.015	0	7.33557e-007	1437.47	1423.73	1418.89
1423.45	840.185	304	1.#QNAN	0	0	0	7.56264e-007	1409.82	1423.45	1418.63
1423.28	840.041	305	1.#QNAN	0	0.016	0	7.22636e-007	1436.96	1423.28	1418.48
1423.23	839.874	306	1.#QNAN	0	0.016	0	7.29798e-007	1476.15	1423.23	1418.46
1423.15	839.684	307	1.#QNAN	0	0.015	0	7.7096e-007	1475.94	1423.15	1418.41
1422.98	839.504	308	1.#QNAN	0	0.016	0	7.48726e-007	1455.01	1422.98	1418.26
1422.91	839.325	309	1.#QNAN	0	0.015	0	7.54251e-007	1486.48	1422.91	1418.21
1422.78	839.146	310	1.#QNAN	0	0	0	7.59025e-007	1461.79	1422.78	1418.11
1422.55	838.916	311	1.#QNAN	0	0.016	0	7.46697e-007	1457.61	1422.55	1417.9
1422.36	838.708	312	1.#QNAN	0	0.016	0	7.55039e-007	1468.83	1422.36	1417.74
1422.19	838.507	313	1.#QNAN	0	0.015	0	7.69608e-007	1453.98	1422.19	1417.59
1422	838.336	314	1.#QNAN	0	0.016	0	7.46373e-007	1438.73	1422	1417.42
1422.04	838.189	315	1.#QNAN	0	0.015	1	7.41058e-007	1517.06	1422.04	1417.49
1422.03	838.076	316	1.#QNAN	0	0	0	7.55784e-007	1495.9	1422.03	1417.5
1421.97	837.921	317	1.#QNAN	0	0	0	7.3129e-007	1510.48	1421.97	1417.46
1421.92	837.766	318	1.#QNAN	0	0.016	0	7.33755e-007	1482.08	1421.92	1417.44
1421.93	837.671	319	1.#QNAN	0	0.015	0	7.63613e-007	1514.39	1421.93	1417.47
1421.91	837.552	320	1.#QNAN	0	0.016	0	7.72612e-007	1493.86	1421.91	1417.48
1421.87	837.435	321	1.#QNAN	0	0.015	0	7.35183e-007	1496.03	1421.87	1417.46
1421.83	837.29	322	1.#QNAN	0	0.016	0	7.52016e-007	1492.61	1421.83	1417.44
1421.77	837.183	323	1.#QNAN	0	0	0	7.3124e-007	1479.47	1421.77	1417.39
1421.81	837.065	324	1.#QNAN	0	0.016	0	7.74657e-007	1508.74	1421.81	1417.46
1421.93	836.98	325	1.#QNAN	0	0.015	0	7.68745e-007	1529.92	1421.93	1417.59
1422.05	836.849	326	1.#QNAN	0	0.016	0	7.44553e-007	1544.61	1422.05	1417.74
1422.13	836.745	327	1.#QNAN	0	0.015	0	7.45969e-007	1545.21	1422.13	1417.83
1422.06	836.58	328	1.#QNAN	0	0.016	0	7.37548e-007	1487.73	1422.06	1417.78
1422.05	836.408	329	1.#QNAN	0	0.016	0	7.64109e-007	1529.61	1422.05	1417.79
1422.03	836.205	330	1.#QNAN	0	0	0	7.43984e-007	1510.72	1422.03	1417.78
1422.08	836.071	331	1.#QNAN	0	0.015	0	7.5658e-007	1534.21	1422.08	1417.85
1422.14	835.939	332	1.#QNAN	0	0.016	0	7.46086e-007	1543.81	1422.14	1417.93
1422.18	835.812	333	1.#QNAN	0	0.015	0	7.57408e-007	1539.01	1422.18	1417.98
1422.25	835.665	334	1.#QNAN	0	0.016	0	7.60336e-007	1526.02	1422.25	1418.07
1422.33	835.527	335	1.#QNAN	0	0.016	0	7.45178e-007	1523.63	1422.33	1418.18
1422.31	835.372	336	1.#QNAN	0	0	0	7.91287e-007	1492.86	1422.31	1418.17
1422.4	835.254	337	1.#QNAN	0	0.015	0	7.51817e-007	1526.85	1422.4	1418.29
1422.44	835.124	338	1.#QNAN	0	0.016	0	7.72371e-007	1515.73	1422.44	1418.35
1422.36	834.975	339	1.#QNAN	0	0.015	0	7.48521e-007	1467.62	1422.36	1418.28
1422.39	834.834	340	1.#QNAN	0	0.016	0	7.4073e-007	1502.17	1422.39	1418.34
1422.43	834.698	341	1.#QNAN	0	0.016	0	7.27002e-007	1516.94	1422.43	1418.39
1422.47	834.507	342	1.#QNAN	0	0.015	0	7.34544e-007	1509.13	1422.47	1418.46
1422.43	834.313	343	1.#QNAN	0	0	0	7.27755e-007	1497.33	1422.43	1418.44
1422.37	834.159	344	1.#QNAN	0	0.016	0	7.51891e-007	1484.28	1422.37	1418.4
1422.24	834.012	345	1.#QNAN	0	0.015	0	7.4209e-007	1464.2	1422.24	1418.29
1422.14	833.875	346	1.#QNAN	0	0.016	0	7.61651e-007	1470.16	1422.14	1418.21
1422.05	833.735	347	1.#QNAN	0	0.016	0	7.8302e-007	1494.87	1422.05	1418.13
1421.82	833.63	348	1.#QNAN	0	0.015	0	7.50937e-007	1450.57	1421.82	1417.93
1421.42	833.471	349	1.#QNAN	0	0.016	0	7.4215e-007	1397.26	1421.42	1417.54
1421.07	833.302	350	1.#QNAN	0	0	0	7.92201e-007	1408.2	1421.07	1417.21
1420.93	833.134	351	1.#QNAN	0	0.015	0	7.76069e-007	1469.3	1420.93	1417.08
1420.86	833.02	352	1.#QNAN	0	0.016	0	7.71233e-007	1506.53	1420.86	1417.02
1420.8	832.929	353	1.#QNAN	0	0.016	0	7.43904e-007	1512.6	1420.8	1416.98
1420.77	832.871	354	1.#QNAN	0	0.015	0	7.84157e-007	1507.29	1420.77	1416.97
1420.7	832.755	355	1.#QNAN	0	0.016	0	7.55981e-007	1485	1420.7	1416.91
1420.53	832.666	356	1.#QNAN	0	0	0	7.61258e-007	1451.38	1420.53	1416.76
1420.51	832.574	357	1.#QNAN	0	0.015	0	7.78376e-007	1480.9	1420.51	1416.75
1420.44	832.446	358	1.#QNAN	0	0.016	0	7.38058e-007	1502.67	1420.44	1416.7
1420.43	832.362	359	1.#QNAN	0	0.016	0	7.53259e-007	1494.02	1420.43	1416.71
1420.46	832.305	360	1.#QNAN	0	0.015	0	7.83576e-007	1524.53	1420.46	1416.75
1420.41	832.279	361	1.#QNAN	0	0.016	0	7.77836e-007	1500.02	1420.41	1416.72
1420.39	832.204	362	1.#QNAN	0	0.015	0	7.61016e-007	1510.31	1420.39	1416.72
1420.43	832.125	363	1.#QNAN	0	0	0	7.83872e-007	1524.74	1420.43	1416.78
1420.45	832.035	364	1.#QNAN	0	0.016	0	7.74434e-007	1496.81	1420.45	1416.8
1420.34	831.955	365	1.#QNAN	0	0.016	0	7.55924e-007	1463.65	1420.34	1416.71
1420.35	831.934	366	1.#QNAN	0	0.015	0	7.63743e-007	1507.03	1420.35	1416.73
1420.28	831.871	367	1.#QNAN	0	0.016	0	7.73866e-007	1473.76	1420.28	1416.68
1420.13	831.786	368	1.#QNAN	0	0.015	0	7.45927e-007	1449.14	1420.13	1416.55
1419.95	831.665	369	1.#QNAN	0	0.016	0	7.44663e-007	1426.97	1419.95	1416.38
1419.78	831.542	370	1.#QNAN	0	0	0	7.71228e-007	1434.05	1419.78	1416.22
1419.71	831.438	371	1.#QNAN	0	0.016	0	7.73869e-007	1468.67	1419.71	1416.17
1419.58	831.257	372	1.#QNAN	0	0.015	0	7.68608e-007	1458.14	1419.58	1416.05
1419.5	831.139	373	1.#QNAN	0	0.016	0	7.22854e-007	1485.1	1419.5	1415.99
1419.4	831.068	374	1.#QNAN	0	0.015	0	7.48504e-007	1478.6	1419.4	1415.91
1419.34	831.043	375	1.#QNAN	0	0.016	0	7.37564e-007	1501.03	1419.34	1415.86
1419.3	830.973	376	1.#QNAN	0	0	0	7.40126e-007	1506.24	1419.3	1415.83
1419.31	830.935	377	1.#QNAN	0	0.016	0	7.56594e-007	1494.55	1419.31	1415.85
1419.27	830.882	378	1.#QNAN	0	0.015	0	7.71045e-007	1482.18	1419.27	1415.83
1419.2	830.841	379	1.#QNAN	0	0.016	0	7.78121e-007	1491.04	1419.2	1415.78
1419.09	830.821	380	1.#QNAN	0	0.015	0	7.65909e-007	1468.79	1419.09	1415.68
1419.02	830.815	381	1.#QNAN	0	0.016	0	7.77921e-007	1491.43	1419.02	1415.63
1418.96	830.803	382	1.#QNAN	0	0	0	7.56799e-007	1481.78	1418.96	1415.59
1418.88	830.745	383	1.#QNAN	0	0.016	0	7.76809e-007	1463.21	1418.88	1415.52
1418.8	830.673	384	1.#QNAN	0	0.015	0	7.56091e-007	1474.91	1418.8	1415.46
1418.74	830.601	385	1.#QNAN	0	0.016	0	7.78097e-007	1475.32	1418.74	1415.41
1418.79	830.563	386	1.#QNAN	0	0.015	0	7.60772e-007	1503.41	1418.79	1415.48
1418.77	830.552	387	1.#QNAN	0	0.016	0	7.49231e-007	1496.08	1418.77	1415.47
1418.85	830.531	388	1.#QNAN	0	0.016	0	7.65667e-007	1532.32	1418.85	1415.57
1418.89	830.442	389	1.#QNAN	0	0	0	7.69812e-007	1516.82	1418.89	1415.62
1418.89	830.383	390	1.#QNAN	0	0.015	0	7.40819e-007	1494.38	1418.89	1415.63
1418.85	830.304	391	1.#QNAN	0	0.016	0	7.589e-007	1482.46	1418.85	1415.61
1418.77	830.261	392	1.#QNAN	0	0.015	1	7.76389e-007	1463.4	1418.77	1415.54
1418.7	830.178	393	1.#QNAN	0	0.016	0	8.00898e-007	1477.05	1418.7	1415.49
1418.66	830.122	394	1.#QNAN	0	0.016	0	7.47758e-007	1496.43	1418.66	1415.45
1418.65	830.037	395	1.#QNAN	0	0	0	7.63139e-007	1507.25	1418.65	1415.46
1418.61	829.967	396	1.#QNAN	0	0.015	0	7.77329e-007	1497.15	1418.61	1415.43
1418.62	829.912	397	1.#QNAN	0	0.016	0	7.66649e-007	1508.74	1418.62	1415.46
1418.69	829.872	398	1.#QNAN	0	0.015	0	7.67681e-007	1513.84	1418.69	1415.54
1418.72	829.863	399	1.#QNAN	0	0.016	0	7.61156e-007	1505.95	1418.72	1415.58
