rmse	mae	#iter	time_pred	time_learn	time_learn2	time_learn4	alpha	rmse_mcmc_this	rmse_mcmc_all	rmse_mcmc_all_but5
13652.9	8566.35	0	1.#QNAN	0	0	0	3.93473e-011	13652.9	13652.9	3999.82
13229.3	8209.65	1	1.#QNAN	0	0	0	7.92651e-010	13479.3	13229.3	3999.82
13084.8	8067.28	2	1.#QNAN	0	0	0	9.57894e-010	13140.9	13084.8	3999.82
12948.9	7951.51	3	1.#QNAN	0	0.016	0	1.11233e-009	12878.1	12948.9	3999.82
12873.3	7893.72	4	1.#QNAN	0	0	0	1.20726e-009	12878.9	12873.3	37739.9
12750.8	7804.03	5	1.#QNAN	0	0	0	1.29625e-009	12304.5	12750.8	12304.5
12643.8	7746.1	6	1.#QNAN	0	0.015	0	1.42379e-009	12184.7	12643.8	12177
12516.8	7657.12	7	1.#QNAN	0	0	0	1.63059e-009	11791.5	12516.8	12019.2
12428.9	7611.9	8	1.#QNAN	0	0	0	1.83278e-009	11972.5	12428.9	11968.6
12318.8	7534.06	9	1.#QNAN	0	0.016	0	2.04273e-009	11537.3	12318.8	11852.7
12183.4	7445.54	10	1.#QNAN	0	0	0	2.12433e-009	11049.4	12183.4	11688.8
12036.2	7350.83	11	1.#QNAN	0	0	0	2.39792e-009	10667	12036.2	11517.1
11896.5	7263.29	12	1.#QNAN	0	0.015	0	2.63042e-009	10494.4	11896.5	11365.5
11743.1	7165.96	13	1.#QNAN	0	0	0	2.98117e-009	10051.3	11743.1	11195.4
11591.5	7073.74	14	1.#QNAN	0	0	0	3.19301e-009	9846.44	11591.5	11030.2
11451.2	6980.78	15	1.#QNAN	0	0	0	3.56759e-009	9747.87	11451.2	10885.9
11296.4	6880.43	16	1.#QNAN	0	0.016	0	3.86204e-009	9307.57	11296.4	10723.1
11153.9	6793.35	17	1.#QNAN	0	0	0	4.37346e-009	9139.49	11153.9	10578
11017.3	6708.68	18	1.#QNAN	0	0	0	4.74131e-009	8905.76	11017.3	10440.1
10879.6	6629.29	19	1.#QNAN	0	0.016	0	5.26107e-009	8666.08	10879.6	10301.9
10748.3	6553.19	20	1.#QNAN	0	0	0	5.55163e-009	8449.42	10748.3	10171.5
10606.3	6468.65	21	1.#QNAN	0	0	0	6.33499e-009	7968.91	10606.3	10027.3
10463.3	6384.28	22	1.#QNAN	0	0.015	0	6.86812e-009	7687.18	10463.3	9881.9
10324.3	6302.04	23	1.#QNAN	0	0	0	7.75442e-009	7526.4	10324.3	9742.11
10182.3	6219.43	24	1.#QNAN	0	0	0	8.6184e-009	7197.59	10182.3	9598.62
10048	6142.25	25	1.#QNAN	0	0	0	9.65217e-009	7068.94	10048	9464.47
9907.6	6063.6	26	1.#QNAN	0	0.016	0	1.08868e-008	6635.1	9907.6	9322.71
9771.13	5987.28	27	1.#QNAN	0	0	0	1.18985e-008	6463.64	9771.13	9185.44
9625.3	5904.79	28	1.#QNAN	0	0	0	1.34456e-008	5942.96	9625.3	9037.1
9484.14	5825.42	29	1.#QNAN	0	0.015	0	1.64306e-008	5802.45	9484.14	8894.66
9341.71	5746.46	30	1.#QNAN	0	0	0	1.84474e-008	5474.92	9341.71	8750.54
9194.25	5664.72	31	1.#QNAN	0	0	0	2.12984e-008	5033.38	9194.25	8600.58
9051.98	5585.72	32	1.#QNAN	0	0	0	2.47997e-008	4901	9051.98	8456.82
8904.49	5504.1	33	1.#QNAN	0	0.016	0	2.9515e-008	4498.47	8904.49	8307.2
8758.28	5423.09	34	1.#QNAN	0	0	0	3.20405e-008	4236.51	8758.28	8158.94
8614.31	5343.13	35	1.#QNAN	0	0	0	3.89617e-008	4023.07	8614.31	8013.35
8473.04	5264.92	36	1.#QNAN	0	0.016	0	4.44664e-008	3880.14	8473.04	7870.92
8335.6	5188.65	37	1.#QNAN	0	0	0	5.13178e-008	3716.19	8335.6	7733.05
8198.97	5113.05	38	1.#QNAN	0	0	0	5.56706e-008	3500.18	8198.97	7596.06
8064.67	5038.19	39	1.#QNAN	0	0.015	0	6.55106e-008	3362.71	8064.67	7461.81
7933.03	4963.72	40	1.#QNAN	0	0	0	7.73352e-008	3238.57	7933.03	7330.5
7802.59	4890.67	41	1.#QNAN	0	0	0	8.56788e-008	3018.02	7802.59	7200.53
7676.32	4819.58	42	1.#QNAN	0	0.016	0	9.6032e-008	2933.37	7676.32	7075.18
7552.9	4749.93	43	1.#QNAN	0	0	0	1.07123e-007	2827.54	7552.9	6953.01
7432.76	4681.7	44	1.#QNAN	0	0	0	1.15449e-007	2739.77	7432.76	6834.35
7314.48	4614.35	45	1.#QNAN	0	0	0	1.32976e-007	2671.69	7314.48	6717.88
7198.88	4548.34	46	1.#QNAN	0	0.015	0	1.40112e-007	2547.41	7198.88	6604.25
7086.58	4484	47	1.#QNAN	0	0	0	1.52746e-007	2468.11	7086.58	6494.19
6977.39	4421.05	48	1.#QNAN	0	0	0	1.70939e-007	2432.75	6977.39	6387.54
6870.4	4358.96	49	1.#QNAN	0	0.016	0	1.83508e-007	2328.72	6870.4	6283.17
6765.86	4297.89	50	1.#QNAN	0	0	0	1.94011e-007	2286.61	6765.86	6181.43
6664.13	4238.26	51	1.#QNAN	0	0	0	2.14987e-007	2259.91	6664.13	6082.74
6565.17	4180.04	52	1.#QNAN	0	0.016	0	2.28819e-007	2198.35	6565.17	5986.89
6467.89	4122.41	53	1.#QNAN	0	0	0	2.41181e-007	2128.18	6467.89	5892.77
6373.81	4066.2	54	1.#QNAN	0	0	0	2.54483e-007	2097.75	6373.81	5802.07
6281.59	4010.76	55	1.#QNAN	0	0	0	2.62673e-007	2051.21	6281.59	5713.28
6191.47	3956.29	56	1.#QNAN	0	0.015	0	3.02966e-007	2022.02	6191.47	5626.69
6103.67	3902.87	57	1.#QNAN	0	0	0	3.1539e-007	1983.08	6103.67	5542.45
6018.43	3850.99	58	1.#QNAN	0	0	0	3.14639e-007	1975.11	6018.43	5460.96
5934.91	3800.28	59	1.#QNAN	0	0.016	0	3.22638e-007	1955.49	5934.91	5381.22
5854.18	3750.61	60	1.#QNAN	0	0	0	3.36856e-007	1928.49	5854.18	5304.33
5775.16	3702.07	61	1.#QNAN	0	0	0	3.63009e-007	1908.41	5775.16	5229.19
5697.97	3654.61	62	1.#QNAN	0	0.015	0	3.74201e-007	1862.85	5697.97	5155.91
5622.73	3608.18	63	1.#QNAN	0	0	0	3.72639e-007	1850.96	5622.73	5084.6
5549.13	3562.7	64	1.#QNAN	0	0	0	3.67855e-007	1866.31	5549.13	5014.98
5477.71	3518.27	65	1.#QNAN	0	0	0	3.75471e-007	1856.67	5477.71	4947.57
5407.96	3474.8	66	1.#QNAN	0	0.016	0	3.92764e-007	1845.11	5407.96	4881.86
5340.33	3432.46	67	1.#QNAN	0	0	0	3.8389e-007	1839.15	5340.33	4818.32
5273.75	3390.94	68	1.#QNAN	0	0	0	3.88351e-007	1817.36	5273.75	4755.82
5209.1	3350.17	69	1.#QNAN	0	0.016	0	4.18883e-007	1807.55	5209.1	4695.26
5146.13	3310.29	70	1.#QNAN	0	0	0	4.06306e-007	1818.99	5146.13	4636.38
5084.68	3271.34	71	1.#QNAN	0	0	0	4.24987e-007	1808.17	5084.68	4579.02
5025.1	3233.53	72	1.#QNAN	0	0.015	0	4.28947e-007	1803.06	5025.1	4523.59
4966.83	3196.68	73	1.#QNAN	0	0	0	4.3748e-007	1774.4	4966.83	4469.44
4910.3	3160.93	74	1.#QNAN	0	0	0	4.38195e-007	1771.4	4910.3	4417.02
4854.92	3125.94	75	1.#QNAN	0	0	0	4.11391e-007	1781.95	4854.92	4365.74
4801.04	3091.87	76	1.#QNAN	0	0.016	0	4.18355e-007	1788	4801.04	4315.96
4748.55	3058.57	77	1.#QNAN	0	0	0	4.41786e-007	1767.96	4748.55	4267.57
4697.38	3026.05	78	1.#QNAN	0	0	0	4.2806e-007	1780.69	4697.38	4220.46
4647.41	2994.3	79	1.#QNAN	0	0.015	0	4.44461e-007	1764.42	4647.41	4174.56
4598.69	2963.44	80	1.#QNAN	0	0	0	4.29309e-007	1776.79	4598.69	4129.89
4551.04	2933.16	81	1.#QNAN	0	0	0	4.49956e-007	1761.87	4551.04	4086.26
4504.46	2903.54	82	1.#QNAN	0	0.016	0	4.60445e-007	1753.41	4504.46	4043.69
4458.89	2874.56	83	1.#QNAN	0	0	0	4.27105e-007	1767.01	4458.89	4002.1
4414.48	2846.2	84	1.#QNAN	0	0	0	4.42604e-007	1759.64	4414.48	3961.63
4371.09	2818.47	85	1.#QNAN	0	0.016	0	4.3616e-007	1757.79	4371.09	3922.17
4328.5	2791.27	86	1.#QNAN	0	0	0	4.56463e-007	1723.15	4328.5	3883.46
4287.19	2764.79	87	1.#QNAN	0	0	0	4.45928e-007	1744.46	4287.19	3846.04
4246.82	2738.85	88	1.#QNAN	0	0	0	4.66439e-007	1749.05	4246.82	3809.53
4207.35	2713.77	89	1.#QNAN	0	0	0	4.46176e-007	1758.97	4207.35	3773.89
4168.69	2689.23	90	1.#QNAN	0	0	0	4.61911e-007	1746.85	4168.69	3739.02
4131.09	2665.14	91	1.#QNAN	0	0	0	4.73757e-007	1738.47	4131.09	3705.19
4094.47	2641.51	92	1.#QNAN	0	0.016	0	4.45259e-007	1741.63	4094.47	3672.3
4058.63	2618.53	93	1.#QNAN	0	0	0	4.59096e-007	1742.02	4058.63	3640.16
4023.13	2595.84	94	1.#QNAN	0	0	0	4.36666e-007	1732.7	4023.13	3608.31
3988.55	2573.55	95	1.#QNAN	0	0.015	0	4.61504e-007	1732.48	3988.55	3577.36
3954.58	2551.76	96	1.#QNAN	0	0	0	4.76701e-007	1730.4	3954.58	3546.96
3921.45	2530.41	97	1.#QNAN	0	0	0	4.6627e-007	1735.84	3921.45	3517.42
3889.3	2509.59	98	1.#QNAN	0	0.016	0	4.56341e-007	1737.46	3889.3	3488.83
3857.63	2489.16	99	1.#QNAN	0	0	0	4.60212e-007	1710.04	3857.63	3460.66
3826.62	2469.14	100	1.#QNAN	0	0	0	4.59995e-007	1724.54	3826.62	3433.13
3796.32	2449.5	101	1.#QNAN	0	0.016	0	4.80333e-007	1707.6	3796.32	3406.25
3766.58	2430.36	102	1.#QNAN	0	0	0	4.74281e-007	1717.98	3766.58	3379.93
3737.43	2411.5	103	1.#QNAN	0	0	0	4.81372e-007	1731.76	3737.43	3354.17
3708.97	2393.13	104	1.#QNAN	0	0.015	0	4.80881e-007	1702.04	3708.97	3329.05
3681.04	2375.06	105	1.#QNAN	0	0	0	4.55111e-007	1709.58	3681.04	3304.43
3653.65	2357.41	106	1.#QNAN	0	0	0	4.92847e-007	1694.08	3653.65	3280.28
3626.9	2340.11	107	1.#QNAN	0	0.016	0	4.73738e-007	1738.17	3626.9	3256.79
3600.5	2323.07	108	1.#QNAN	0	0	0	4.78256e-007	1710	3600.5	3233.61
3574.7	2306.44	109	1.#QNAN	0	0	0	4.76056e-007	1692.66	3574.7	3210.97
3549.53	2290.17	110	1.#QNAN	0	0.015	0	4.93655e-007	1702.43	3549.53	3188.94
3524.86	2274.2	111	1.#QNAN	0	0	0	4.91532e-007	1730.49	3524.86	3167.4
3500.68	2258.63	112	1.#QNAN	0	0	0	4.91953e-007	1698.49	3500.68	3146.3
3477.05	2243.4	113	1.#QNAN	0	0	0	4.81921e-007	1705.38	3477.05	3125.73
3454.04	2228.46	114	1.#QNAN	0	0.016	1	4.88845e-007	1712.06	3454.04	3105.75
3431.2	2213.78	115	1.#QNAN	0	0	0	4.89872e-007	1675.5	3431.2	3085.89
3408.97	2199.4	116	1.#QNAN	0	0	0	4.78357e-007	1685.64	3408.97	3066.6
3387.09	2185.25	117	1.#QNAN	0	0.016	0	4.91088e-007	1666.51	3387.09	3047.62
3365.67	2171.39	118	1.#QNAN	0	0	0	4.9969e-007	1665.19	3365.67	3029.06
3344.58	2157.76	119	1.#QNAN	0	0	0	4.98632e-007	1648.17	3344.58	3010.8
3323.9	2144.4	120	1.#QNAN	0	0.015	0	4.92049e-007	1656.45	3323.9	2992.93
3303.54	2131.21	121	1.#QNAN	0	0	0	4.77889e-007	1663.53	3303.54	2975.34
3283.5	2118.33	122	1.#QNAN	0	0	0	4.97504e-007	1646.63	3283.5	2958.04
3263.68	2105.58	123	1.#QNAN	0	0	0	5.13262e-007	1646.46	3263.68	2940.92
3244.19	2092.97	124	1.#QNAN	0	0.016	0	5.07802e-007	1638.33	3244.19	2924.11
3224.96	2080.61	125	1.#QNAN	0	0	0	5.12084e-007	1626.82	3224.96	2907.52
3206	2068.48	126	1.#QNAN	0	0	0	5.12099e-007	1610.15	3206	2891.17
3187.36	2056.53	127	1.#QNAN	0	0.015	0	5.06742e-007	1630.23	3187.36	2875.11
3169.01	2044.92	128	1.#QNAN	0	0	0	4.8939e-007	1585.61	3169.01	2859.31
3150.89	2033.45	129	1.#QNAN	0	0	0	5.01701e-007	1601.33	3150.89	2843.69
3133.16	2022.18	130	1.#QNAN	0	0.016	0	4.99163e-007	1608.04	3133.16	2828.46
3115.76	2011.11	131	1.#QNAN	0	0	0	5.08269e-007	1602.21	3115.76	2813.52
3098.55	2000.19	132	1.#QNAN	0	0	0	5.11046e-007	1596.84	3098.55	2798.74
3081.91	1989.59	133	1.#QNAN	0	0.016	0	5.14188e-007	1598.4	3081.91	2784.48
3065.18	1979	134	1.#QNAN	0	0	0	4.9891e-007	1597.19	3065.18	2770.14
3048.75	1968.58	135	1.#QNAN	0	0	0	4.97984e-007	1578.65	3048.75	2756.05
3032.58	1958.41	136	1.#QNAN	0	0	0	5.03533e-007	1580.46	3032.58	2742.21
3016.84	1948.45	137	1.#QNAN	0	0.015	0	5.03186e-007	1597.06	3016.84	2728.77
3001.12	1938.57	138	1.#QNAN	0	0	0	4.98089e-007	1603.13	3001.12	2715.33
2985.79	1928.85	139	1.#QNAN	0	0	0	5.27717e-007	1608.26	2985.79	2702.27
2970.58	1919.24	140	1.#QNAN	0	0.016	0	5.02694e-007	1604.05	2970.58	2689.28
2955.81	1909.8	141	1.#QNAN	0	0	0	5.19491e-007	1585.53	2955.81	2676.72
2941.05	1900.49	142	1.#QNAN	0	0	0	5.21042e-007	1564.58	2941.05	2664.13
2926.71	1891.44	143	1.#QNAN	0	0.015	0	5.1136e-007	1572.09	2926.71	2651.94
2912.36	1882.41	144	1.#QNAN	0	0	0	5.0724e-007	1572.6	2912.36	2639.72
2898.2	1873.52	145	1.#QNAN	0	0	0	5.20132e-007	1582.57	2898.2	2627.67
2884.28	1864.7	146	1.#QNAN	0	0	0	5.26339e-007	1579.73	2884.28	2615.82
2870.63	1856.07	147	1.#QNAN	0	0.016	0	5.19703e-007	1586.39	2870.63	2604.24
2857.32	1847.64	148	1.#QNAN	0	0	0	5.1675e-007	1565.38	2857.32	2592.95
2844.18	1839.31	149	1.#QNAN	0	0	0	5.16871e-007	1553.57	2844.18	2581.81
2831.02	1830.99	150	1.#QNAN	0	0.016	0	5.26577e-007	1556.65	2831.02	2570.64
2818.23	1822.85	151	1.#QNAN	0	0	0	5.296e-007	1555.89	2818.23	2559.82
2805.58	1814.8	152	1.#QNAN	0	0	0	5.25616e-007	1550.47	2805.58	2549.12
2793.11	1806.92	153	1.#QNAN	0	0.015	0	5.10371e-007	1563.94	2793.11	2538.58
2780.73	1799.06	154	1.#QNAN	0	0	0	5.06698e-007	1558.26	2780.73	2528.12
2768.7	1791.45	155	1.#QNAN	0	0	0	5.27955e-007	1564.06	2768.7	2517.97
2756.83	1783.96	156	1.#QNAN	0	0	0	5.25758e-007	1577.69	2756.83	2507.97
2744.99	1776.58	157	1.#QNAN	0	0.016	0	5.26402e-007	1549.86	2744.99	2497.98
2733.36	1769.25	158	1.#QNAN	0	0	0	5.20607e-007	1554.38	2733.36	2488.18
2722.01	1762.08	159	1.#QNAN	0	0	0	5.30784e-007	1556.31	2722.01	2478.64
2710.62	1754.93	160	1.#QNAN	0	0.015	0	5.15696e-007	1525.69	2710.62	2469.03
2699.37	1747.89	161	1.#QNAN	0	0	0	5.4592e-007	1522.9	2699.37	2459.54
2688.4	1740.96	162	1.#QNAN	0	0	0	5.42261e-007	1545.4	2688.4	2450.32
2677.41	1734.05	163	1.#QNAN	0	0.016	0	5.40438e-007	1536.38	2677.41	2441.07
2666.51	1727.21	164	1.#QNAN	0	0	0	5.37666e-007	1525.21	2666.51	2431.87
2655.71	1720.45	165	1.#QNAN	0	0	0	5.39811e-007	1532.26	2655.71	2422.76
2645.2	1713.85	166	1.#QNAN	0	0	0	5.35331e-007	1533.82	2645.2	2413.93
2634.78	1707.32	167	1.#QNAN	0	0.016	0	5.55911e-007	1513.49	2634.78	2405.15
2624.58	1700.97	168	1.#QNAN	0	0	0	5.39062e-007	1520.98	2624.58	2396.58
2614.47	1694.67	169	1.#QNAN	0	0	0	5.4897e-007	1526.78	2614.47	2388.08
2604.51	1688.46	170	1.#QNAN	0	0.015	0	5.2341e-007	1532.51	2604.51	2379.74
2594.58	1682.18	171	1.#QNAN	0	0	0	5.55899e-007	1529.67	2594.58	2371.41
2584.8	1676.05	172	1.#QNAN	0	0	0	5.37704e-007	1497.02	2584.8	2363.19
2575.11	1669.96	173	1.#QNAN	0	0.016	0	5.47325e-007	1511.03	2575.11	2355.06
2565.56	1664	174	1.#QNAN	0	0	0	5.51841e-007	1497.84	2565.56	2347.04
2556.03	1657.99	175	1.#QNAN	0	0	0	5.45372e-007	1514.99	2556.03	2339.04
2546.58	1652.11	176	1.#QNAN	0	0	0	5.41155e-007	1503.24	2546.58	2331.1
2537.36	1646.29	177	1.#QNAN	0	0	0	5.4181e-007	1501.5	2537.36	2323.37
2528.15	1640.46	178	1.#QNAN	0	0	0	5.3777e-007	1511	2528.15	2315.64
2519.08	1634.71	179	1.#QNAN	0	0	0	5.36633e-007	1511.09	2519.08	2308.04
2510.18	1629.11	180	1.#QNAN	0	0.016	0	5.55545e-007	1491.15	2510.18	2300.58
2501.34	1623.56	181	1.#QNAN	0	0	0	5.55819e-007	1515.04	2501.34	2293.19
2492.69	1618.14	182	1.#QNAN	0	0	0	5.28985e-007	1512.77	2492.69	2285.97
2484.13	1612.76	183	1.#QNAN	0	0.016	0	5.50695e-007	1503.79	2484.13	2278.81
2475.65	1607.45	184	1.#QNAN	0	0	0	5.6952e-007	1505.66	2475.65	2271.74
2467.41	1602.16	185	1.#QNAN	0	0	0	5.6364e-007	1513.08	2467.41	2264.88
2459.14	1596.96	186	1.#QNAN	0	0.015	0	5.47896e-007	1481.13	2459.14	2257.96
2450.93	1591.79	187	1.#QNAN	0	0	0	5.47694e-007	1506.83	2450.93	2251.12
2442.91	1586.7	188	1.#QNAN	0	0	0	5.32231e-007	1516.07	2442.91	2244.45
2434.93	1581.68	189	1.#QNAN	0	0	0	5.28606e-007	1506.53	2434.93	2237.81
2427.01	1576.7	190	1.#QNAN	0	0.016	0	5.45613e-007	1501.14	2427.01	2231.21
2419.15	1571.79	191	1.#QNAN	0	0	0	5.38203e-007	1496.15	2419.15	2224.66
2411.45	1567	192	1.#QNAN	0	0	0	5.40687e-007	1496.54	2411.45	2218.25
2403.82	1562.27	193	1.#QNAN	0	0.015	0	5.43033e-007	1495.98	2403.82	2211.9
2396.47	1557.67	194	1.#QNAN	0	0	0	5.38238e-007	1525.11	2396.47	2205.83
2389.13	1553.13	195	1.#QNAN	0	0	0	5.2573e-007	1500.22	2389.13	2199.74
2381.78	1548.6	196	1.#QNAN	0	0.016	0	5.33776e-007	1479.98	2381.78	2193.64
2374.6	1544.12	197	1.#QNAN	0	0	0	5.65668e-007	1496.57	2374.6	2187.69
2367.55	1539.74	198	1.#QNAN	0	0	0	5.71158e-007	1496.81	2367.55	2181.86
2360.6	1535.44	199	1.#QNAN	0	0	0	5.57342e-007	1504.16	2360.6	2176.12
2353.67	1531.15	200	1.#QNAN	0	0.016	0	5.46295e-007	1492.98	2353.67	2170.39
2346.74	1526.84	201	1.#QNAN	0	0	0	5.19828e-007	1481.24	2346.74	2164.64
2339.89	1522.59	202	1.#QNAN	0	0	0	5.43057e-007	1496.73	2339.89	2158.96
2333.13	1518.38	203	1.#QNAN	0	0.015	0	5.7732e-007	1487.01	2333.13	2153.38
2326.48	1514.25	204	1.#QNAN	0	0	0	5.40683e-007	1479.54	2326.48	2147.87
2319.86	1510.12	205	1.#QNAN	0	0	0	5.37949e-007	1478.21	2319.86	2142.4
2313.43	1506.15	206	1.#QNAN	0	0.016	0	5.4181e-007	1485.97	2313.43	2137.09
2306.99	1502.2	207	1.#QNAN	0	0	0	5.35099e-007	1480.72	2306.99	2131.78
2300.77	1498.33	208	1.#QNAN	0	0	0	5.69909e-007	1499.66	2300.77	2126.66
2294.48	1494.5	209	1.#QNAN	0	0	0	5.49698e-007	1469.13	2294.48	2121.47
2288.35	1490.73	210	1.#QNAN	0	0.015	0	5.45993e-007	1485.17	2288.35	2116.43
2282.24	1486.94	211	1.#QNAN	0	0	0	5.42999e-007	1481.74	2282.24	2111.39
2276.1	1483.12	212	1.#QNAN	0	0	0	5.40639e-007	1467.74	2276.1	2106.32
2269.92	1479.3	213	1.#QNAN	0	0.016	0	5.43965e-007	1457.8	2269.92	2101.2
2263.92	1475.54	214	1.#QNAN	0	0	0	5.54345e-007	1457.42	2263.92	2096.24
2257.97	1471.85	215	1.#QNAN	0	0	0	5.69545e-007	1483.07	2257.97	2091.34
2252.06	1468.16	216	1.#QNAN	0	0.016	0	5.57073e-007	1466.4	2252.06	2086.47
2246.3	1464.54	217	1.#QNAN	0	0	0	5.69975e-007	1467.23	2246.3	2081.72
2240.62	1460.99	218	1.#QNAN	0	0	0	5.52692e-007	1466.21	2240.62	2077.05
2234.95	1457.38	219	1.#QNAN	0	0.015	0	5.55332e-007	1471.1	2234.95	2072.38
2229.28	1453.83	220	1.#QNAN	0	0	0	5.5646e-007	1455.25	2229.28	2067.7
2223.7	1450.32	221	1.#QNAN	0	0	0	5.71066e-007	1470.49	2223.7	2063.1
2218.27	1446.87	222	1.#QNAN	0	0	0	5.71938e-007	1475.44	2218.27	2058.64
2212.74	1443.43	223	1.#QNAN	0	0.016	0	5.73911e-007	1444.78	2212.74	2054.06
2207.29	1439.99	224	1.#QNAN	0	0	0	5.52289e-007	1449.09	2207.29	2049.57
2201.93	1436.62	225	1.#QNAN	0	0	0	5.64049e-007	1463.56	2201.93	2045.16
2196.52	1433.2	226	1.#QNAN	0	0.015	0	5.61579e-007	1458.4	2196.52	2040.7
2191.21	1429.84	227	1.#QNAN	0	0	0	5.56938e-007	1447.29	2191.21	2036.32
2185.95	1426.57	228	1.#QNAN	0	0	0	5.71623e-007	1445.56	2185.95	2031.98
2180.83	1423.35	229	1.#QNAN	0	0.016	0	5.65248e-007	1453.65	2180.83	2027.78
2175.66	1420.11	230	1.#QNAN	0	0	0	5.76613e-007	1442.04	2175.66	2023.52
2170.68	1416.97	231	1.#QNAN	0	0	0	5.92163e-007	1459.59	2170.68	2019.43
2165.62	1413.81	232	1.#QNAN	0	0	0	5.73543e-007	1452.48	2165.62	2015.26
2160.55	1410.64	233	1.#QNAN	0	0.016	0	5.61031e-007	1449.36	2160.55	2011.08
2155.54	1407.49	234	1.#QNAN	0	0	0	5.55359e-007	1431.29	2155.54	2006.95
2150.57	1404.35	235	1.#QNAN	0	0	0	5.74489e-007	1437.32	2150.57	2002.84
2145.64	1401.22	236	1.#QNAN	0	0.015	0	5.71153e-007	1425.71	2145.64	1998.77
2140.77	1398.11	237	1.#QNAN	0	0	0	5.65246e-007	1442.15	2140.77	1994.75
2135.88	1395.04	238	1.#QNAN	0	0	0	5.65752e-007	1419.46	2135.88	1990.69
2131.24	1392.1	239	1.#QNAN	0	0.016	0	5.66654e-007	1445.18	2131.24	1986.89
2126.58	1389.14	240	1.#QNAN	0	0	0	5.73346e-007	1460.6	2126.58	1983.07
2121.93	1386.19	241	1.#QNAN	0	0	0	5.61954e-007	1431.19	2121.93	1979.24
2117.3	1383.27	242	1.#QNAN	0	0.015	0	5.86515e-007	1433.31	2117.3	1975.43
2112.72	1380.38	243	1.#QNAN	0	0	0	5.67704e-007	1416.83	2112.72	1971.65
2108.32	1377.62	244	1.#QNAN	0	0	0	5.69659e-007	1441.01	2108.32	1968.03
2103.82	1374.76	245	1.#QNAN	0	0	0	5.53574e-007	1421.72	2103.82	1964.32
2099.33	1371.93	246	1.#QNAN	0	0.016	0	5.63672e-007	1413.52	2099.33	1960.61
2094.86	1369.15	247	1.#QNAN	0	0	0	5.66684e-007	1427.5	2094.86	1956.92
2090.46	1366.4	248	1.#QNAN	0	0	0	5.88266e-007	1429.97	2090.46	1953.3
2086.18	1363.71	249	1.#QNAN	0	0.016	0	6.0063e-007	1443.78	2086.18	1949.79
2081.87	1361.01	250	1.#QNAN	0	0	0	5.80041e-007	1426.12	2081.87	1946.23
2077.58	1358.3	251	1.#QNAN	0	0	0	5.7261e-007	1428.12	2077.58	1942.7
2073.44	1355.65	252	1.#QNAN	0	0.015	0	5.93207e-007	1447.75	2073.44	1939.32
2069.33	1353.04	253	1.#QNAN	0	0	0	5.83657e-007	1434.75	2069.33	1935.96
2065.28	1350.46	254	1.#QNAN	0	0	0	5.72906e-007	1440.67	2065.28	1932.64
2061.16	1347.89	255	1.#QNAN	0	0	0	5.87178e-007	1447.67	2061.16	1929.27
2057.14	1345.33	256	1.#QNAN	0	0.016	0	5.632e-007	1443.19	2057.14	1925.98
2053.05	1342.75	257	1.#QNAN	0	0	0	5.74241e-007	1424.23	2053.05	1922.61
2048.96	1340.17	258	1.#QNAN	0	0	0	5.94264e-007	1409.49	2048.96	1919.24
2044.94	1337.6	259	1.#QNAN	0	0.015	0	5.68424e-007	1429.61	2044.94	1915.93
2040.97	1335.06	260	1.#QNAN	0	0	0	5.98271e-007	1422.84	2040.97	1912.66
2037.03	1332.6	261	1.#QNAN	0	0	0	5.9918e-007	1423.91	2037.03	1909.42
2033.14	1330.15	262	1.#QNAN	0	0.016	0	5.66236e-007	1429.04	2033.14	1906.23
2029.3	1327.74	263	1.#QNAN	0	0	0	5.73985e-007	1438.61	2029.3	1903.08
2025.49	1325.34	264	1.#QNAN	0	0	0	5.94728e-007	1415.96	2025.49	1899.95
2021.79	1323.01	265	1.#QNAN	0	0	0	5.76585e-007	1435.22	2021.79	1896.92
2017.98	1320.6	266	1.#QNAN	0	0.016	0	5.81798e-007	1407.57	2017.98	1893.79
2014.22	1318.23	267	1.#QNAN	0	0	0	5.96769e-007	1405.41	2014.22	1890.69
2010.54	1315.92	268	1.#QNAN	0	0	0	5.95779e-007	1423.83	2010.54	1887.67
2006.93	1313.64	269	1.#QNAN	0	0.015	0	5.58109e-007	1435.45	2006.93	1884.71
2003.29	1311.33	270	1.#QNAN	0	0	0	5.92e-007	1436.43	2003.29	1881.73
1999.6	1309	271	1.#QNAN	0	0	0	5.84687e-007	1425.96	1999.6	1878.69
1995.95	1306.71	272	1.#QNAN	0	0.016	0	5.76018e-007	1411.45	1995.95	1875.69
1992.35	1304.44	273	1.#QNAN	0	0	0	5.9425e-007	1408.79	1992.35	1872.72
1988.82	1302.21	274	1.#QNAN	0	0	0	5.83738e-007	1410.02	1988.82	1869.82
1985.4	1300.03	275	1.#QNAN	0	0	0	5.71935e-007	1436.05	1985.4	1867.02
1981.92	1297.85	276	1.#QNAN	0	0.015	0	5.88489e-007	1413.51	1981.92	1864.16
1978.48	1295.67	277	1.#QNAN	0	0	0	5.96862e-007	1418.53	1978.48	1861.34
1975.07	1293.5	278	1.#QNAN	0	0	0	5.84225e-007	1444.98	1975.07	1858.56
1971.67	1291.36	279	1.#QNAN	0	0.016	0	5.83179e-007	1413.76	1971.67	1855.76
1968.35	1289.29	280	1.#QNAN	0	0	0	5.97531e-007	1439.03	1968.35	1853.04
1965.01	1287.17	281	1.#QNAN	0	0	0	5.89714e-007	1406.11	1965.01	1850.31
1961.79	1285.11	282	1.#QNAN	0	0.016	0	5.89747e-007	1428.69	1961.79	1847.69
1958.54	1283.06	283	1.#QNAN	0	0	0	5.89249e-007	1422.59	1958.54	1845.03
1955.34	1281.08	284	1.#QNAN	0	0	0	5.76911e-007	1425.82	1955.34	1842.42
1952.16	1279.11	285	1.#QNAN	0	0	0	5.81164e-007	1419.84	1952.16	1839.81
1948.99	1277.11	286	1.#QNAN	0	0.015	0	5.84406e-007	1420.68	1948.99	1837.21
1945.83	1275.1	287	1.#QNAN	0	0	0	6.01037e-007	1443.18	1945.83	1834.63
1942.68	1273.13	288	1.#QNAN	0	0	0	5.82648e-007	1411.51	1942.68	1832.05
1939.6	1271.19	289	1.#QNAN	0	0.016	0	5.80073e-007	1432.57	1939.6	1829.54
1936.51	1269.23	290	1.#QNAN	0	0	0	5.89286e-007	1420.32	1936.51	1827.02
1933.49	1267.33	291	1.#QNAN	0	0	0	5.93365e-007	1418.43	1933.49	1824.55
1930.46	1265.4	292	1.#QNAN	0	0.015	0	5.95541e-007	1416.97	1930.46	1822.07
1927.47	1263.52	293	1.#QNAN	0	0	0	6.20911e-007	1414.2	1927.47	1819.63
1924.53	1261.62	294	1.#QNAN	0	0	0	6.01215e-007	1424.68	1924.53	1817.24
1921.6	1259.74	295	1.#QNAN	0	0	0	5.86089e-007	1444.8	1921.6	1814.85
1918.68	1257.91	296	1.#QNAN	0	0.016	0	5.79182e-007	1430.1	1918.68	1812.48
1915.8	1256.09	297	1.#QNAN	0	0	0	6.07454e-007	1409.26	1915.8	1810.13
1913	1254.33	298	1.#QNAN	0	0	0	6.113e-007	1420.61	1913	1807.84
1910.17	1252.57	299	1.#QNAN	0	0.016	0	5.87206e-007	1400.03	1910.17	1805.54
1907.37	1250.76	300	1.#QNAN	0	0	0	5.85202e-007	1413.75	1907.37	1803.25
1904.6	1249	301	1.#QNAN	0	0	0	5.71464e-007	1404.83	1904.6	1801
1901.84	1247.26	302	1.#QNAN	0	0.015	0	5.82751e-007	1415.07	1901.84	1798.75
1899.15	1245.53	303	1.#QNAN	0	0	0	6.05511e-007	1415.08	1899.15	1796.56
1896.45	1243.82	304	1.#QNAN	0	0	0	5.8266e-007	1415.97	1896.45	1794.37
1893.78	1242.09	305	1.#QNAN	0	0	0	6.09981e-007	1407	1893.78	1792.19
1891.1	1240.38	306	1.#QNAN	0	0.016	0	5.91216e-007	1381.03	1891.1	1789.99
1888.44	1238.7	307	1.#QNAN	0	0	0	5.95718e-007	1402.27	1888.44	1787.83
1885.84	1237.03	308	1.#QNAN	0	0	0	6.047e-007	1405.79	1885.84	1785.71
1883.25	1235.37	309	1.#QNAN	0	0.015	0	5.989e-007	1406.19	1883.25	1783.6
1880.61	1233.66	310	1.#QNAN	0	0	0	5.96891e-007	1401.54	1880.61	1781.45
1878.07	1232.04	311	1.#QNAN	0	0	0	6.09696e-007	1405.5	1878.07	1779.38
1875.57	1230.41	312	1.#QNAN	0	0.016	0	6.02369e-007	1421.24	1875.57	1777.35
1873.12	1228.84	313	1.#QNAN	0	0	0	5.65449e-007	1439.74	1873.12	1775.38
1870.65	1227.24	314	1.#QNAN	0	0	0	5.93586e-007	1410.18	1870.65	1773.37
1868.26	1225.66	315	1.#QNAN	0	0	0	6.00175e-007	1436.1	1868.26	1771.45
1865.84	1224.1	316	1.#QNAN	0	0.016	0	5.998e-007	1414.84	1865.84	1769.49
1863.42	1222.56	317	1.#QNAN	0	0	0	5.94019e-007	1414.05	1863.42	1767.53
1861.03	1221.01	318	1.#QNAN	0	0	0	5.85243e-007	1409.21	1861.03	1765.58
1858.68	1219.5	319	1.#QNAN	0	0.015	0	5.87842e-007	1422.38	1858.68	1763.68
1856.34	1218.02	320	1.#QNAN	0	0	0	6.04088e-007	1412.17	1856.34	1761.78
1854.02	1216.59	321	1.#QNAN	0	0	0	6.10357e-007	1426.62	1854.02	1759.91
1851.69	1215.11	322	1.#QNAN	0	0	0	5.87525e-007	1434.33	1851.69	1758.02
1849.38	1213.66	323	1.#QNAN	0	0.016	0	6.04915e-007	1433.27	1849.38	1756.15
1847.02	1212.18	324	1.#QNAN	0	0	0	5.90538e-007	1429.46	1847.02	1754.24
1844.72	1210.72	325	1.#QNAN	0	0	0	5.82253e-007	1415.44	1844.72	1752.37
1842.39	1209.23	326	1.#QNAN	0	0.015	1	6.11565e-007	1420.29	1842.39	1750.48
1840.12	1207.76	327	1.#QNAN	0	0	0	6.35767e-007	1422.25	1840.12	1748.64
1837.89	1206.36	328	1.#QNAN	0	0	0	6.00073e-007	1423.33	1837.89	1746.84
1835.64	1204.93	329	1.#QNAN	0	0.016	0	6.19991e-007	1419.21	1835.64	1745.01
1833.43	1203.52	330	1.#QNAN	0	0	0	6.1476e-007	1431.61	1833.43	1743.23
1831.26	1202.13	331	1.#QNAN	0	0	0	6.24559e-007	1415.83	1831.26	1741.47
1829.17	1200.8	332	1.#QNAN	0	0	0	6.16103e-007	1445.54	1829.17	1739.79
1827.1	1199.48	333	1.#QNAN	0	0.016	0	6.19809e-007	1447.13	1827.1	1738.14
1824.97	1198.14	334	1.#QNAN	0	0	0	5.75838e-007	1424.31	1824.97	1736.41
1822.89	1196.82	335	1.#QNAN	0	0	0	6.07031e-007	1449.45	1822.89	1734.74
1820.8	1195.48	336	1.#QNAN	0	0.015	0	6.04645e-007	1436.58	1820.8	1733.06
1818.68	1194.12	337	1.#QNAN	0	0	0	5.98644e-007	1405.32	1818.68	1731.33
1816.62	1192.82	338	1.#QNAN	0	0	0	6.24608e-007	1410.39	1816.62	1729.66
1814.54	1191.5	339	1.#QNAN	0	0.016	0	5.99632e-007	1408.43	1814.54	1727.97
1812.51	1190.22	340	1.#QNAN	0	0	0	6.14948e-007	1431.3	1812.51	1726.34
1810.45	1188.92	341	1.#QNAN	0	0	0	6.24225e-007	1415.98	1810.45	1724.67
1808.42	1187.63	342	1.#QNAN	0	0	0	6.27146e-007	1395.04	1808.42	1723.02
1806.43	1186.35	343	1.#QNAN	0	0.015	0	6.10061e-007	1428.63	1806.43	1721.42
1804.39	1185.07	344	1.#QNAN	0	0	0	6.05083e-007	1406.19	1804.39	1719.76
1802.39	1183.82	345	1.#QNAN	0	0	0	6.16934e-007	1413.15	1802.39	1718.14
1800.42	1182.56	346	1.#QNAN	0	0.016	0	6.35672e-007	1438.97	1800.42	1716.55
1798.45	1181.33	347	1.#QNAN	0	0	0	6.09539e-007	1437.85	1798.45	1714.96
1796.57	1180.14	348	1.#QNAN	0	0	0	6.10733e-007	1431.91	1796.57	1713.45
1794.67	1178.95	349	1.#QNAN	0	0	0	5.94111e-007	1422.58	1794.67	1711.91
1792.73	1177.72	350	1.#QNAN	0	0.016	0	6.10258e-007	1412.55	1792.73	1710.35
1790.91	1176.57	351	1.#QNAN	0	0	0	6.27573e-007	1452.56	1790.91	1708.89
1789.07	1175.41	352	1.#QNAN	0	0	0	6.18572e-007	1420.34	1789.07	1707.41
1787.2	1174.24	353	1.#QNAN	0	0.015	0	6.19447e-007	1415.7	1787.2	1705.9
1785.33	1173.08	354	1.#QNAN	0	0	0	6.13614e-007	1413.98	1785.33	1704.39
1783.5	1171.94	355	1.#QNAN	0	0	0	6.22106e-007	1424.57	1783.5	1702.91
1781.7	1170.82	356	1.#QNAN	0	0.016	0	6.21698e-007	1413.18	1781.7	1701.46
1779.91	1169.68	357	1.#QNAN	0	0	0	6.21998e-007	1418.69	1779.91	1700.02
1778.11	1168.56	358	1.#QNAN	0	0	0	6.08785e-007	1441.69	1778.11	1698.58
1776.34	1167.42	359	1.#QNAN	0	0.015	0	6.09265e-007	1427.38	1776.34	1697.15
1774.51	1166.25	360	1.#QNAN	0	0	0	5.9421e-007	1415.31	1774.51	1695.66
1772.75	1165.13	361	1.#QNAN	0	0	0	6.21089e-007	1418.88	1772.75	1694.25
1770.97	1163.98	362	1.#QNAN	0	0	0	6.12724e-007	1410.28	1770.97	1692.81
1769.22	1162.89	363	1.#QNAN	0	0.016	0	6.06435e-007	1411.36	1769.22	1691.4
1767.48	1161.81	364	1.#QNAN	0	0	0	6.08748e-007	1395.23	1767.48	1689.99
1765.72	1160.67	365	1.#QNAN	0	0	0	6.07815e-007	1393.47	1765.72	1688.56
1764.01	1159.59	366	1.#QNAN	0	0.016	0	6.16523e-007	1410.55	1764.01	1687.18
1762.27	1158.48	367	1.#QNAN	0	0	0	6.13643e-007	1376.94	1762.27	1685.76
1760.54	1157.37	368	1.#QNAN	0	0	0	5.8899e-007	1392.42	1760.54	1684.35
1758.89	1156.31	369	1.#QNAN	0	0	0	6.13859e-007	1435.81	1758.89	1683.03
1757.19	1155.23	370	1.#QNAN	0	0.015	0	5.93142e-007	1407.4	1757.19	1681.66
1755.48	1154.13	371	1.#QNAN	0	0	0	5.99946e-007	1392.96	1755.48	1680.27
1753.8	1153.08	372	1.#QNAN	0	0	0	6.13935e-007	1409.68	1753.8	1678.91
1752.15	1152.03	373	1.#QNAN	0	0.016	0	6.0384e-007	1410.3	1752.15	1677.57
1750.51	1150.95	374	1.#QNAN	0	0	0	6.20657e-007	1402.33	1750.51	1676.25
1748.91	1149.92	375	1.#QNAN	0	0	0	6.07089e-007	1403.34	1748.91	1674.95
1747.34	1148.91	376	1.#QNAN	0	0.015	0	6.02056e-007	1417.98	1747.34	1673.69
1745.75	1147.89	377	1.#QNAN	0	0	0	6.1042e-007	1418.39	1745.75	1672.41
1744.15	1146.86	378	1.#QNAN	0	0	0	6.24483e-007	1415.11	1744.15	1671.12
1742.58	1145.85	379	1.#QNAN	0	0.016	0	6.3204e-007	1410.13	1742.58	1669.85
1740.92	1144.79	380	1.#QNAN	0	0	0	6.4518e-007	1389.11	1740.92	1668.5
1739.31	1143.76	381	1.#QNAN	0	0	0	6.22509e-007	1430.11	1739.31	1667.2
1737.72	1142.74	382	1.#QNAN	0	0.016	0	6.35492e-007	1413.22	1737.72	1665.91
1736.15	1141.73	383	1.#QNAN	0	0	0	6.27656e-007	1406.06	1736.15	1664.64
1734.59	1140.7	384	1.#QNAN	0	0	0	6.10913e-007	1414.74	1734.59	1663.37
1733.02	1139.69	385	1.#QNAN	0	0	0	6.19717e-007	1410.48	1733.02	1662.1
1731.44	1138.67	386	1.#QNAN	0	0.015	0	6.15095e-007	1399.6	1731.44	1660.82
1729.86	1137.62	387	1.#QNAN	0	0	0	6.18227e-007	1411.68	1729.86	1659.54
1728.25	1136.58	388	1.#QNAN	0	0	0	6.37557e-007	1379.02	1728.25	1658.22
1726.66	1135.55	389	1.#QNAN	0	0.016	0	6.36682e-007	1383.05	1726.66	1656.91
1725.05	1134.52	390	1.#QNAN	0	0	0	6.20544e-007	1378.44	1725.05	1655.59
1723.51	1133.54	391	1.#QNAN	0	0	0	6.30844e-007	1404.59	1723.51	1654.34
1721.97	1132.54	392	1.#QNAN	0	0	0	6.33835e-007	1387.76	1721.97	1653.08
1720.4	1131.55	393	1.#QNAN	0	0.015	0	6.00806e-007	1379.89	1720.4	1651.8
1718.86	1130.55	394	1.#QNAN	0	0	0	6.13183e-007	1377.33	1718.86	1650.53
1717.36	1129.58	395	1.#QNAN	0	0	0	6.18215e-007	1404.29	1717.36	1649.31
1715.86	1128.59	396	1.#QNAN	0	0.016	0	6.2526e-007	1383.98	1715.86	1648.09
1714.39	1127.63	397	1.#QNAN	0	0	0	6.33906e-007	1401.41	1714.39	1646.89
1712.89	1126.66	398	1.#QNAN	0	0	0	6.12863e-007	1368.7	1712.89	1645.67
1711.4	1125.7	399	1.#QNAN	0	0.016	0	6.13037e-007	1373.45	1711.4	1644.44
