rmse	mae	#iter	time_pred	time_learn	time_learn2	time_learn4	alpha	rmse_mcmc_this	rmse_mcmc_all	rmse_mcmc_all_but5
10235.4	6035.89	0	1.#QNAN	0	0.016	0	1.45396e-010	10235.4	10235.4	3880.47
9571.03	5542.1	1	1.#QNAN	0	0.016	0	2.64461e-009	9583.82	9571.03	3880.47
9406.59	5439.59	2	1.#QNAN	0	0.015	1	3.33812e-009	9338.55	9406.59	3880.47
9226.88	5349.33	3	1.#QNAN	0	0.016	0	3.65253e-009	8856.98	9226.88	3880.47
8963.58	5203.16	4	1.#QNAN	0	0.015	0	4.27979e-009	8074.13	8963.58	37687.6
8729.8	5085.75	5	1.#QNAN	0	0.016	0	5.12144e-009	7707.49	8729.8	7707.49
8488.99	4955.68	6	1.#QNAN	0	0.016	0	6.48351e-009	7255.05	8488.99	7413.86
8242.5	4822.82	7	1.#QNAN	0	0	0	8.30211e-009	6792.27	8242.5	7161.45
7993.79	4686.28	8	1.#QNAN	0	0.015	0	9.59689e-009	6377.7	7993.79	6915.99
7766.8	4560.93	9	1.#QNAN	0	0.016	0	1.12864e-008	6166.89	7766.8	6723.1
7534.87	4433.6	10	1.#QNAN	0	0.015	0	1.31805e-008	5698.03	7534.87	6510.26
7306.03	4308.27	11	1.#QNAN	0	0.016	0	1.46661e-008	5273.69	7306.03	6297.8
7096.49	4196.34	12	1.#QNAN	0	0.016	0	1.75092e-008	5170.75	7096.49	6116.03
6887.25	4085.18	13	1.#QNAN	0	0.015	0	2.07555e-008	4811.03	6887.25	5929.79
6694.86	3981.76	14	1.#QNAN	0	0.016	0	2.14344e-008	4708.22	6694.86	5766.26
6508.28	3883.5	15	1.#QNAN	0	0	0	2.33521e-008	4490.76	6508.28	5608.11
6329.81	3787.97	16	1.#QNAN	0	0.015	0	2.61278e-008	4329.75	6329.81	5457.28
6161.39	3699.3	17	1.#QNAN	0	0.016	0	2.74466e-008	4253.62	6161.39	5317.04
6003.6	3614.74	18	1.#QNAN	0	0.016	0	2.82779e-008	4149.28	6003.6	5187.49
5859.77	3537.77	19	1.#QNAN	0	0.015	0	3.09116e-008	4174.56	5859.77	5074.41
5720.54	3463.54	20	1.#QNAN	0	0.016	0	3.19908e-008	4040.45	5720.54	4964.34
5594.59	3395.31	21	1.#QNAN	0	0	0	3.50655e-008	4034.44	5594.59	4868.15
5480.11	3335.03	22	1.#QNAN	0	0.015	0	3.6168e-008	3948.94	5480.11	4782.59
5371.86	3278.44	23	1.#QNAN	0	0.016	0	3.78597e-008	3927.71	5371.86	4703.09
5267.99	3224.17	24	1.#QNAN	0	0.016	0	3.89706e-008	3851.92	5267.99	4626.15
5173.56	3175.74	25	1.#QNAN	0	0.015	0	4.08429e-008	3763.36	5173.56	4557.23
5083.42	3130.41	26	1.#QNAN	0	0.016	0	4.17549e-008	3698.58	5083.42	4490.59
5000.27	3088.42	27	1.#QNAN	0	0.015	0	4.4828e-008	3683.45	5000.27	4430.55
4923.94	3048.78	28	1.#QNAN	0	0	0	4.72152e-008	3649.69	4923.94	4376.52
4850.06	3009.73	29	1.#QNAN	0	0.016	0	4.6715e-008	3553	4850.06	4323.05
4780.73	2975.05	30	1.#QNAN	0	0.016	0	4.81557e-008	3516.12	4780.73	4273.14
4713.05	2940.24	31	1.#QNAN	0	0.015	0	5.03381e-008	3499.19	4713.05	4224.15
4651.75	2908.38	32	1.#QNAN	0	0.016	0	5.23598e-008	3528.88	4651.75	4181.39
4591.89	2876.69	33	1.#QNAN	0	0.015	0	5.59191e-008	3458.28	4591.89	4138.53
4534.99	2846.65	34	1.#QNAN	0	0	0	5.69296e-008	3415.78	4534.99	4097.96
4479.46	2816.9	35	1.#QNAN	0	0.016	0	5.87673e-008	3369.5	4479.46	4057.61
4428.44	2789.83	36	1.#QNAN	0	0.016	0	6.14103e-008	3284.07	4428.44	4020.59
4377.11	2761.29	37	1.#QNAN	0	0.015	0	6.24324e-008	3339.73	4377.11	3983.07
4329.6	2735.41	38	1.#QNAN	0	0.016	0	6.74123e-008	3292.27	4329.6	3948.52
4284.44	2710.04	39	1.#QNAN	0	0.015	0	7.19633e-008	3211.04	4284.44	3915.33
4241.05	2685.49	40	1.#QNAN	0	0.016	0	7.38212e-008	3146.61	4241.05	3883.35
4198.1	2661.2	41	1.#QNAN	0	0	0	7.70096e-008	3107.35	4198.1	3851.08
4157.47	2637.8	42	1.#QNAN	0	0.016	0	8.00101e-008	3121.56	4157.47	3821.1
4117.61	2614.74	43	1.#QNAN	0	0.015	0	8.09801e-008	3079.54	4117.61	3791.2
4077.75	2592.28	44	1.#QNAN	0	0.016	0	8.16081e-008	2959.57	4077.75	3760.51
4039.53	2570.46	45	1.#QNAN	0	0.015	0	8.88879e-008	2917.21	4039.53	3730.76
4004	2549.59	46	1.#QNAN	0	0.016	0	9.13611e-008	2971.3	4004	3703.7
3969.56	2529.46	47	1.#QNAN	0	0	0	8.71844e-008	2983.45	3969.56	3677.56
3935.93	2510.07	48	1.#QNAN	0	0.016	0	9.25723e-008	2925.58	3935.93	3651.64
3903.57	2491.51	49	1.#QNAN	0	0.015	0	9.35947e-008	2912.62	3903.57	3626.64
3871.79	2472.96	50	1.#QNAN	0	0.016	0	9.70435e-008	2844.79	3871.79	3601.89
3840.07	2454.18	51	1.#QNAN	0	0.015	0	1.02556e-007	2799.19	3840.07	3577.03
3809.85	2435.98	52	1.#QNAN	0	0.016	0	1.04327e-007	2791.69	3809.85	3553.17
3780.45	2418.11	53	1.#QNAN	0	0.016	0	1.1357e-007	2765.09	3780.45	3530.21
3750.78	2400.02	54	1.#QNAN	0	0	0	1.12866e-007	2745.32	3750.78	3506.76
3722.73	2383.06	55	1.#QNAN	0	0.015	0	1.20808e-007	2730.91	3722.73	3484.62
3694.95	2366.23	56	1.#QNAN	0	0.016	0	1.21806e-007	2726.19	3694.95	3462.6
3667.71	2350.01	57	1.#QNAN	0	0.015	0	1.19723e-007	2671.84	3667.71	3440.86
3641.91	2334.4	58	1.#QNAN	0	0.016	0	1.25317e-007	2709.92	3641.91	3420.2
3615.91	2318.88	59	1.#QNAN	0	0.016	0	1.31245e-007	2609.1	3615.91	3399.14
3590.41	2303.55	60	1.#QNAN	0	0.015	0	1.34692e-007	2549.44	3590.41	3378.27
3565.9	2289.15	61	1.#QNAN	0	0	0	1.37594e-007	2548.77	3565.9	3358.27
3540.92	2274.17	62	1.#QNAN	0	0.016	0	1.40435e-007	2496.99	3540.92	3337.63
3517.24	2260.08	63	1.#QNAN	0	0.015	0	1.45153e-007	2502.57	3517.24	3318.17
3494.11	2246.19	64	1.#QNAN	0	0.016	0	1.47659e-007	2489.45	3494.11	3299.12
3471.24	2232.44	65	1.#QNAN	0	0.016	0	1.56191e-007	2462.19	3471.24	3280.17
3449.35	2219.27	66	1.#QNAN	0	0.015	0	1.58957e-007	2463.92	3449.35	3262.18
3427.42	2205.95	67	1.#QNAN	0	0.016	0	1.64627e-007	2424.82	3427.42	3243.85
3406.37	2193.48	68	1.#QNAN	0	0	0	1.63463e-007	2422.19	3406.37	3226.28
3385.51	2180.72	69	1.#QNAN	0	0.015	0	1.69593e-007	2402.63	3385.51	3208.8
3365.09	2168.17	70	1.#QNAN	0	0.016	0	1.72318e-007	2386.8	3365.09	3191.73
3345.11	2156.14	71	1.#QNAN	0	0.016	0	1.73445e-007	2378.35	3345.11	3174.91
3325.37	2144.4	72	1.#QNAN	0	0.015	0	1.84836e-007	2327.7	3325.37	3158.2
3305.86	2132.77	73	1.#QNAN	0	0.016	0	1.84157e-007	2303.05	3305.86	3141.6
3286.56	2121.24	74	1.#QNAN	0	0.015	0	1.91532e-007	2284.98	3286.56	3125.08
3267.53	2109.68	75	1.#QNAN	0	0	0	1.89954e-007	2268.38	3267.53	3108.81
3248.84	2098.22	76	1.#QNAN	0	0.016	0	2.0011e-007	2286.2	3248.84	3092.86
3230.75	2087.5	77	1.#QNAN	0	0.016	1	2.06088e-007	2295.07	3230.75	3077.42
3213.24	2076.9	78	1.#QNAN	0	0.015	0	2.10362e-007	2252.09	3213.24	3062.37
3195.5	2066.06	79	1.#QNAN	0	0.016	0	2.1225e-007	2219.09	3195.5	3047.03
3178.07	2055.55	80	1.#QNAN	0	0.015	0	2.24614e-007	2219.92	3178.07	3032
3160.95	2045.31	81	1.#QNAN	0	0	0	2.24972e-007	2200.24	3160.95	3017.19
3144.09	2035	82	1.#QNAN	0	0.016	0	2.28252e-007	2182.98	3144.09	3002.63
3127.33	2024.81	83	1.#QNAN	0	0.016	0	2.4454e-007	2165.65	3127.33	2988.08
3111.03	2015.05	84	1.#QNAN	0	0.015	0	2.42441e-007	2153.94	3111.03	2973.94
3094.66	2005.1	85	1.#QNAN	0	0.016	0	2.50934e-007	2133.18	3094.66	2959.66
3078.26	1994.99	86	1.#QNAN	0	0.015	0	2.54795e-007	2109.82	3078.26	2945.36
3062.63	1985.36	87	1.#QNAN	0	0.016	0	2.57138e-007	2147.3	3062.63	2931.8
3047.05	1975.74	88	1.#QNAN	0	0	0	2.54058e-007	2100.19	3047.05	2918.14
3031.94	1966.43	89	1.#QNAN	0	0.016	0	2.66942e-007	2114.47	3031.94	2904.87
3017.32	1957.31	90	1.#QNAN	0	0.015	0	2.6867e-007	2106.81	3017.32	2892.09
3002.59	1948.16	91	1.#QNAN	0	0.016	0	2.67213e-007	2074.85	3002.59	2879.12
2988.31	1939.46	92	1.#QNAN	0	0.015	0	2.6813e-007	2089.16	2988.31	2866.56
2974.16	1930.63	93	1.#QNAN	0	0.016	0	2.86658e-007	2051.35	2974.16	2854.07
2960.36	1922.05	94	1.#QNAN	0	0.016	0	3.00143e-007	2037.79	2960.36	2841.86
2946.77	1913.41	95	1.#QNAN	0	0	0	2.92256e-007	2042.8	2946.77	2829.9
2933.19	1904.88	96	1.#QNAN	0	0.015	0	2.90676e-007	2014.51	2933.19	2817.88
2919.43	1896.31	97	1.#QNAN	0	0.016	0	3.09903e-007	1999.32	2919.43	2805.66
2905.94	1887.95	98	1.#QNAN	0	0.015	0	3.24673e-007	1965.89	2905.94	2793.61
2892.84	1879.69	99	1.#QNAN	0	0.016	0	3.11013e-007	1983.98	2892.84	2781.98
2879.89	1871.49	100	1.#QNAN	0	0.016	0	3.15696e-007	1968.52	2879.89	2770.46
2867.37	1863.46	101	1.#QNAN	0	0	0	3.32735e-007	1986.36	2867.37	2759.28
2855.13	1855.65	102	1.#QNAN	0	0.015	0	3.45238e-007	1982.99	2855.13	2748.45
2842.71	1847.86	103	1.#QNAN	0	0.016	0	3.33892e-007	1952.73	2842.71	2737.34
2830.62	1840.2	104	1.#QNAN	0	0.015	0	3.45814e-007	1957.38	2830.62	2726.6
2818.74	1832.64	105	1.#QNAN	0	0.016	0	3.50616e-007	1949.51	2818.74	2716.02
2807.09	1825.32	106	1.#QNAN	0	0.016	0	3.51752e-007	1968.17	2807.09	2705.61
2795.49	1817.97	107	1.#QNAN	0	0.015	0	3.60278e-007	1938.64	2795.49	2695.28
2784.16	1810.72	108	1.#QNAN	0	0	0	3.73194e-007	1937.77	2784.16	2685.18
2772.81	1803.44	109	1.#QNAN	0	0.016	0	3.76136e-007	1899.33	2772.81	2675.01
2761.34	1795.99	110	1.#QNAN	0	0.015	0	3.9209e-007	1879.2	2761.34	2664.68
2750.03	1788.56	111	1.#QNAN	0	0.016	0	3.88439e-007	1888.38	2750.03	2654.53
2738.92	1781.36	112	1.#QNAN	0	0.016	0	4.03096e-007	1887.11	2738.92	2644.51
2727.79	1774.27	113	1.#QNAN	0	0.015	0	3.99395e-007	1851.58	2727.79	2634.4
2716.89	1767.26	114	1.#QNAN	0	0.016	0	4.08543e-007	1853.93	2716.89	2624.5
2705.97	1760.23	115	1.#QNAN	0	0.015	0	4.11673e-007	1810.15	2705.97	2614.58
2695.06	1753.29	116	1.#QNAN	0	0	0	4.21024e-007	1832.16	2695.06	2604.64
2684.3	1746.64	117	1.#QNAN	0	0.016	0	4.23586e-007	1814.23	2684.3	2594.83
2673.74	1739.96	118	1.#QNAN	0	0.016	0	4.23415e-007	1790.52	2673.74	2585.19
2663.48	1733.47	119	1.#QNAN	0	0.015	0	4.29456e-007	1793.55	2663.48	2575.83
2653.22	1726.98	120	1.#QNAN	0	0.016	0	4.39881e-007	1787.72	2653.22	2566.44
2643.09	1720.61	121	1.#QNAN	0	0.015	0	4.42434e-007	1774.43	2643.09	2557.16
2633.12	1714.26	122	1.#QNAN	0	0	0	4.54699e-007	1793.29	2633.12	2548.04
2623.11	1707.89	123	1.#QNAN	0	0.016	0	4.4616e-007	1764.41	2623.11	2538.86
2613.15	1701.6	124	1.#QNAN	0	0.016	0	4.66642e-007	1736.95	2613.15	2529.75
2603.35	1695.33	125	1.#QNAN	0	0.015	0	4.49522e-007	1745.46	2603.35	2520.76
2593.61	1689.13	126	1.#QNAN	0	0.016	0	4.86711e-007	1730.62	2593.61	2511.84
2584.04	1683	127	1.#QNAN	0	0.015	0	4.81382e-007	1735.74	2584.04	2503.06
2574.52	1676.91	128	1.#QNAN	0	0.016	0	4.88486e-007	1719.05	2574.52	2494.32
2565.05	1670.91	129	1.#QNAN	0	0	0	4.88595e-007	1713.1	2565.05	2485.61
2555.64	1664.86	130	1.#QNAN	0	0.016	0	4.83918e-007	1689.91	2555.64	2476.96
2546.33	1658.88	131	1.#QNAN	0	0.015	0	4.76985e-007	1689.24	2546.33	2468.39
2537.04	1652.97	132	1.#QNAN	0	0.016	0	4.92532e-007	1676.44	2537.04	2459.81
2527.88	1647.19	133	1.#QNAN	0	0.015	0	5.0112e-007	1678.44	2527.88	2451.35
2518.84	1641.49	134	1.#QNAN	0	0.016	0	4.94607e-007	1664.95	2518.84	2443
2510.04	1635.89	135	1.#QNAN	0	0.016	0	5.00162e-007	1668.61	2510.04	2434.89
2501.2	1630.26	136	1.#QNAN	0	0	0	5.20163e-007	1664.92	2501.2	2426.7
2492.42	1624.61	137	1.#QNAN	0	0.015	0	5.27025e-007	1661.51	2492.42	2418.56
2483.76	1619.08	138	1.#QNAN	0	0.016	0	5.38161e-007	1665.13	2483.76	2410.55
2475.41	1613.68	139	1.#QNAN	0	0.015	0	5.45602e-007	1677.28	2475.41	2402.83
2466.9	1608.12	140	1.#QNAN	0	0.016	0	5.40519e-007	1652.43	2466.9	2394.94
2458.61	1602.7	141	1.#QNAN	0	0.016	0	5.29801e-007	1650.14	2458.61	2387.25
2450.32	1597.26	142	1.#QNAN	0	0.015	0	5.49434e-007	1653.36	2450.32	2379.55
2442.31	1592	143	1.#QNAN	0	0	0	5.31533e-007	1665.19	2442.31	2372.09
2434.16	1586.63	144	1.#QNAN	0	0.016	0	5.39379e-007	1624.3	2434.16	2364.54
2426.14	1581.29	145	1.#QNAN	0	0.015	0	5.63836e-007	1634.07	2426.14	2357.06
2418.37	1576.13	146	1.#QNAN	0	0.016	0	5.50882e-007	1638.93	2418.37	2349.83
2410.58	1571.03	147	1.#QNAN	0	0.016	0	5.72692e-007	1650.3	2410.58	2342.57
2402.94	1565.97	148	1.#QNAN	0	0.015	0	5.7131e-007	1621.32	2402.94	2335.44
2395.52	1561.11	149	1.#QNAN	0	0.016	0	5.76912e-007	1637.42	2395.52	2328.55
2388.01	1556.14	150	1.#QNAN	0	0.015	0	5.53181e-007	1643.67	2388.01	2321.55
2380.46	1551.2	151	1.#QNAN	0	0	0	5.81433e-007	1570.75	2380.46	2314.48
2373.11	1546.3	152	1.#QNAN	0	0.016	1	5.78658e-007	1602.68	2373.11	2307.64
2365.8	1541.44	153	1.#QNAN	0	0.016	0	5.98067e-007	1583.91	2365.8	2300.81
2358.4	1536.64	154	1.#QNAN	0	0.015	0	5.89114e-007	1543.66	2358.4	2293.89
2351.31	1531.95	155	1.#QNAN	0	0.016	0	5.96298e-007	1600.72	2351.31	2287.3
2344.11	1527.14	156	1.#QNAN	0	0.015	0	6.2884e-007	1575.03	2344.11	2280.59
2336.92	1522.39	157	1.#QNAN	0	0.016	0	5.87897e-007	1560.92	2336.92	2273.88
2329.79	1517.62	158	1.#QNAN	0	0	0	6.1534e-007	1586.29	2329.79	2267.21
2322.8	1513.01	159	1.#QNAN	0	0.016	0	6.01529e-007	1562.9	2322.8	2260.69
2315.78	1508.34	160	1.#QNAN	0	0.015	0	6.26068e-007	1551.95	2315.78	2254.13
2308.99	1503.67	161	1.#QNAN	0	0.016	0	5.9887e-007	1580.46	2308.99	2247.83
2302.04	1499	162	1.#QNAN	0	0.015	0	6.22708e-007	1562.73	2302.04	2241.36
2295.17	1494.36	163	1.#QNAN	0	0.016	0	6.198e-007	1540.31	2295.17	2234.95
2288.45	1489.8	164	1.#QNAN	0	0	0	6.28321e-007	1559.59	2288.45	2228.68
2281.71	1485.29	165	1.#QNAN	0	0.016	0	6.27958e-007	1513.71	2281.71	2222.36
2275.08	1480.83	166	1.#QNAN	0	0.015	0	6.34935e-007	1513.05	2275.08	2216.14
2268.46	1476.42	167	1.#QNAN	0	0.016	0	6.25632e-007	1507.11	2268.46	2209.94
2261.92	1471.95	168	1.#QNAN	0	0.015	0	6.29789e-007	1527.14	2261.92	2203.81
2255.44	1467.57	169	1.#QNAN	0	0.016	0	6.50705e-007	1502.15	2255.44	2197.71
2249.07	1463.27	170	1.#QNAN	0	0.016	0	6.4632e-007	1523.27	2249.07	2191.73
2242.79	1459	171	1.#QNAN	0	0	0	6.16917e-007	1524.2	2242.79	2185.84
2236.49	1454.69	172	1.#QNAN	0	0.015	0	6.44514e-007	1532.48	2236.49	2179.94
2230.26	1450.51	173	1.#QNAN	0	0.016	0	6.31849e-007	1508.66	2230.26	2174.09
2224.01	1446.27	174	1.#QNAN	0	0.015	0	6.58442e-007	1495.19	2224.01	2168.23
2217.9	1442.13	175	1.#QNAN	0	0.016	0	6.75871e-007	1504.17	2217.9	2162.47
2211.9	1438.05	176	1.#QNAN	0	0.016	0	6.55207e-007	1548.63	2211.9	2156.82
2206.02	1433.97	177	1.#QNAN	0	0.015	0	6.51465e-007	1516.07	2206.02	2151.29
2200.21	1429.97	178	1.#QNAN	0	0.016	0	6.45575e-007	1564.04	2200.21	2145.86
2194.51	1426.03	179	1.#QNAN	0	0	0	6.69063e-007	1529.22	2194.51	2140.52
2188.84	1422.05	180	1.#QNAN	0	0.015	0	6.58786e-007	1561.31	2188.84	2135.23
2183.11	1418.08	181	1.#QNAN	0	0.016	0	6.67839e-007	1548.68	2183.11	2129.85
2177.53	1414.14	182	1.#QNAN	0	0.016	0	6.84159e-007	1536.02	2177.53	2124.61
2171.89	1410.27	183	1.#QNAN	0	0.015	0	6.84793e-007	1503.23	2171.89	2119.32
2166.42	1406.48	184	1.#QNAN	0	0.016	0	6.92037e-007	1592.53	2166.42	2114.19
2160.98	1402.78	185	1.#QNAN	0	0.015	0	6.9623e-007	1542.36	2160.98	2109.11
2155.47	1399.05	186	1.#QNAN	0	0	0	6.72432e-007	1490.65	2155.47	2103.93
2149.98	1395.33	187	1.#QNAN	0	0.016	0	6.7037e-007	1486.63	2149.98	2098.77
2144.51	1391.62	188	1.#QNAN	0	0.016	0	6.81456e-007	1502.98	2144.51	2093.62
2139.05	1387.89	189	1.#QNAN	0	0.015	0	6.98819e-007	1462.88	2139.05	2088.47
2133.56	1384.15	190	1.#QNAN	0	0.016	0	6.73743e-007	1446.21	2133.56	2083.28
2128.16	1380.46	191	1.#QNAN	0	0.015	0	6.91997e-007	1476.43	2128.16	2078.18
2122.89	1376.93	192	1.#QNAN	0	0.016	0	6.73725e-007	1481.91	2122.89	2073.21
2117.78	1373.36	193	1.#QNAN	0	0	0	6.98641e-007	1532.74	2117.78	2068.38
2112.71	1369.83	194	1.#QNAN	0	0.016	0	7.05759e-007	1531.21	2112.71	2063.61
2107.66	1366.3	195	1.#QNAN	0	0.015	0	6.88398e-007	1527.2	2107.66	2058.86
2102.57	1362.78	196	1.#QNAN	0	0.016	0	7.16777e-007	1497.89	2102.57	2054.09
2097.59	1359.34	197	1.#QNAN	0	0.015	0	6.98326e-007	1505.82	2097.59	2049.43
2092.72	1355.9	198	1.#QNAN	0	0.016	0	7.06379e-007	1515.32	2092.72	2044.86
2087.86	1352.45	199	1.#QNAN	0	0.016	0	6.9956e-007	1523.91	2087.86	2040.31
2082.96	1349.06	200	1.#QNAN	0	0	0	6.86611e-007	1462.51	2082.96	2035.7
2078.16	1345.74	201	1.#QNAN	0	0.015	0	6.81479e-007	1474.25	2078.16	2031.19
2073.28	1342.33	202	1.#QNAN	0	0.016	0	7.04556e-007	1469.27	2073.28	2026.59
2068.51	1338.98	203	1.#QNAN	0	0.015	0	7.22062e-007	1528.93	2068.51	2022.09
2063.77	1335.68	204	1.#QNAN	0	0.016	0	7.05732e-007	1514.26	2063.77	2017.62
2059.07	1332.4	205	1.#QNAN	0	0.016	0	7.24975e-007	1494.54	2059.07	2013.2
2054.48	1329.15	206	1.#QNAN	0	0.015	0	7.03397e-007	1520.16	2054.48	2008.87
2049.95	1325.94	207	1.#QNAN	0	0	0	7.17482e-007	1550.85	2049.95	2004.62
2045.49	1322.81	208	1.#QNAN	0	0.016	0	7.38486e-007	1493.87	2045.49	2000.44
2041	1319.7	209	1.#QNAN	0	0.015	0	7.35926e-007	1476.26	2041	1996.22
2036.57	1316.54	210	1.#QNAN	0	0.016	0	7.20632e-007	1456.98	2036.57	1992.06
2032.1	1313.39	211	1.#QNAN	0	0.016	0	7.44156e-007	1469.56	2032.1	1987.86
2027.73	1310.29	212	1.#QNAN	0	0.015	0	7.3221e-007	1479.07	2027.73	1983.77
2023.44	1307.27	213	1.#QNAN	0	0.016	0	7.37467e-007	1467.81	2023.44	1979.75
2019.08	1304.21	214	1.#QNAN	0	0	0	7.09319e-007	1466.16	2019.08	1975.66
2014.79	1301.18	215	1.#QNAN	0	0.015	0	7.31025e-007	1459.2	2014.79	1971.64
2010.46	1298.16	216	1.#QNAN	0	0.016	0	7.09148e-007	1455.01	2010.46	1967.58
2006.25	1295.2	217	1.#QNAN	0	0.016	0	7.07091e-007	1444.58	2006.25	1963.62
2002.01	1292.3	218	1.#QNAN	0	0.015	0	7.1165e-007	1441.48	2002.01	1959.65
1997.79	1289.41	219	1.#QNAN	0	0.016	0	7.26719e-007	1435.48	1997.79	1955.67
1993.73	1286.61	220	1.#QNAN	0	0.015	0	7.08896e-007	1428	1993.73	1951.86
1989.65	1283.79	221	1.#QNAN	0	0.016	0	7.24168e-007	1436.28	1989.65	1948.03
1985.51	1280.94	222	1.#QNAN	0	0	0	7.28029e-007	1410.25	1985.51	1944.12
1981.34	1278.12	223	1.#QNAN	0	0.016	0	7.38294e-007	1385.52	1981.34	1940.19
1977.28	1275.37	224	1.#QNAN	0	0.015	0	7.18492e-007	1386.38	1977.28	1936.36
1973.22	1272.58	225	1.#QNAN	0	0.016	0	7.18233e-007	1391.26	1973.22	1932.52
1969.18	1269.81	226	1.#QNAN	0	0.015	1	7.4558e-007	1391.55	1969.18	1928.72
1965.26	1267.12	227	1.#QNAN	0	0.016	0	7.27419e-007	1408.18	1965.26	1925.02
1961.38	1264.42	228	1.#QNAN	0	0.016	0	7.56463e-007	1406.88	1961.38	1921.38
1957.53	1261.73	229	1.#QNAN	0	0	0	7.23256e-007	1414.96	1957.53	1917.76
1953.71	1259.07	230	1.#QNAN	0	0.015	0	7.43667e-007	1403.41	1953.71	1914.18
1950	1256.5	231	1.#QNAN	0	0.016	0	7.24482e-007	1429.13	1950	1910.7
1946.26	1253.95	232	1.#QNAN	0	0.015	0	7.25866e-007	1387.39	1946.26	1907.17
1942.62	1251.39	233	1.#QNAN	0	0.016	0	7.30728e-007	1394.97	1942.62	1903.76
1938.92	1248.85	234	1.#QNAN	0	0.016	0	7.36762e-007	1389.29	1938.92	1900.27
1935.29	1246.37	235	1.#QNAN	0	0	0	7.16855e-007	1385.71	1935.29	1896.85
1931.86	1243.92	236	1.#QNAN	0	0	0	7.44512e-007	1439	1931.86	1893.66
1928.26	1241.41	237	1.#QNAN	0	0.016	0	7.31988e-007	1393.46	1928.26	1890.27
1924.77	1238.97	238	1.#QNAN	0	0.015	0	7.59896e-007	1392.56	1924.77	1886.99
1921.27	1236.6	239	1.#QNAN	0	0.016	0	7.17453e-007	1367.21	1921.27	1883.68
1917.85	1234.26	240	1.#QNAN	0	0.016	0	7.29618e-007	1402.55	1917.85	1880.46
1914.46	1231.9	241	1.#QNAN	0	0.015	0	7.1804e-007	1399.84	1914.46	1877.26
1911.1	1229.58	242	1.#QNAN	0	0	0	7.52789e-007	1387.96	1911.1	1874.09
1907.89	1227.32	243	1.#QNAN	0	0.016	0	7.13261e-007	1421.15	1907.89	1871.08
1904.65	1225.06	244	1.#QNAN	0	0.015	0	7.40285e-007	1402.36	1904.65	1868.03
1901.31	1222.78	245	1.#QNAN	0	0.016	0	7.50552e-007	1374.98	1901.31	1864.89
1898.2	1220.6	246	1.#QNAN	0	0.016	0	7.39771e-007	1427.22	1898.2	1861.97
1895.21	1218.45	247	1.#QNAN	0	0.015	0	7.55524e-007	1470.57	1895.21	1859.18
1892.09	1216.22	248	1.#QNAN	0	0.016	0	7.55134e-007	1435.2	1892.09	1856.26
1889.03	1214.09	249	1.#QNAN	0	0	0	7.54855e-007	1420.66	1889.03	1853.38
1885.93	1211.94	250	1.#QNAN	0	0.015	0	7.39646e-007	1412.43	1885.93	1850.47
1882.78	1209.76	251	1.#QNAN	0	0.016	0	7.39823e-007	1407.52	1882.78	1847.51
1879.76	1207.64	252	1.#QNAN	0	0.016	0	7.38181e-007	1437.8	1879.76	1844.67
1876.73	1205.5	253	1.#QNAN	0	0.015	0	7.39796e-007	1433.15	1876.73	1841.82
1873.78	1203.38	254	1.#QNAN	0	0.016	0	7.62088e-007	1445.39	1873.78	1839.05
1870.91	1201.29	255	1.#QNAN	0	0.015	0	7.4573e-007	1457.34	1870.91	1836.39
1868.03	1199.25	256	1.#QNAN	0	0	0	7.69935e-007	1456.92	1868.03	1833.69
1865.23	1197.26	257	1.#QNAN	0	0.016	0	7.76234e-007	1463.68	1865.23	1831.06
1862.32	1195.2	258	1.#QNAN	0	0.016	0	7.5963e-007	1436.29	1862.32	1828.34
1859.46	1193.16	259	1.#QNAN	0	0.015	0	7.52659e-007	1420.3	1859.46	1825.65
1856.57	1191.09	260	1.#QNAN	0	0.016	0	7.7148e-007	1424.79	1856.57	1822.95
1853.83	1189.1	261	1.#QNAN	0	0.015	0	7.93976e-007	1437.74	1853.83	1820.38
1851.04	1187.14	262	1.#QNAN	0	0	0	7.56913e-007	1424.15	1851.04	1817.77
1848.27	1185.15	263	1.#QNAN	0	0.016	0	7.57353e-007	1425.58	1848.27	1815.17
1845.52	1183.17	264	1.#QNAN	0	0.016	0	7.7296e-007	1418.66	1845.52	1812.58
1842.73	1181.21	265	1.#QNAN	0	0.015	0	7.52889e-007	1406.72	1842.73	1809.95
1840	1179.28	266	1.#QNAN	0	0.016	0	7.53591e-007	1442.37	1840	1807.39
1837.32	1177.36	267	1.#QNAN	0	0.015	0	7.6091e-007	1446.51	1837.32	1804.87
1834.65	1175.47	268	1.#QNAN	0	0.016	0	7.99848e-007	1429.1	1834.65	1802.37
1831.99	1173.63	269	1.#QNAN	0	0.016	0	7.82698e-007	1418.31	1831.99	1799.87
1829.39	1171.78	270	1.#QNAN	0	0	0	7.57086e-007	1430.51	1829.39	1797.42
1826.71	1169.93	271	1.#QNAN	0	0.015	0	7.67582e-007	1422.12	1826.71	1794.91
1824.15	1168.12	272	1.#QNAN	0	0.016	0	7.81488e-007	1460.12	1824.15	1792.51
1821.59	1166.33	273	1.#QNAN	0	0.015	0	7.53655e-007	1431.12	1821.59	1790.11
1819.09	1164.56	274	1.#QNAN	0	0.016	0	7.52349e-007	1448.69	1819.09	1787.77
1816.6	1162.83	275	1.#QNAN	0	0.016	0	7.43802e-007	1435.88	1816.6	1785.43
1814.07	1161.07	276	1.#QNAN	0	0.015	0	7.88017e-007	1419.75	1814.07	1783.05
1811.68	1159.37	277	1.#QNAN	0	0	0	7.5933e-007	1452.64	1811.68	1780.82
1809.32	1157.71	278	1.#QNAN	0	0.016	0	7.99905e-007	1503.03	1809.32	1778.6
1806.95	1156.02	279	1.#QNAN	0	0.015	0	7.78418e-007	1500.73	1806.95	1776.38
1804.61	1154.35	280	1.#QNAN	0	0.016	0	7.81067e-007	1481.36	1804.61	1774.2
1802.28	1152.69	281	1.#QNAN	0	0.016	0	7.7754e-007	1527.31	1802.28	1772.02
1799.92	1150.99	282	1.#QNAN	0	0.015	0	7.65219e-007	1468.18	1799.92	1769.81
1797.6	1149.32	283	1.#QNAN	0	0.016	0	7.818e-007	1483.59	1797.6	1767.64
1795.36	1147.68	284	1.#QNAN	0	0	0	7.9549e-007	1494.74	1795.36	1765.55
1793.12	1146.09	285	1.#QNAN	0	0.015	0	7.8154e-007	1500.43	1793.12	1763.47
1790.86	1144.47	286	1.#QNAN	0	0.016	0	7.85321e-007	1438.37	1790.86	1761.36
1788.55	1142.83	287	1.#QNAN	0	0.016	0	7.67263e-007	1408.22	1788.55	1759.18
1786.3	1141.22	288	1.#QNAN	0	0.015	0	7.77628e-007	1447.4	1786.3	1757.07
1784.04	1139.55	289	1.#QNAN	0	0.016	0	7.92983e-007	1425.06	1784.04	1754.96
1781.82	1137.9	290	1.#QNAN	0	0.015	0	8.1194e-007	1438.23	1781.82	1752.88
1779.6	1136.31	291	1.#QNAN	0	0	0	7.7439e-007	1420.41	1779.6	1750.8
1777.33	1134.74	292	1.#QNAN	0	0.016	0	7.78874e-007	1433.05	1777.33	1748.67
1775.11	1133.15	293	1.#QNAN	0	0.016	0	8.0014e-007	1410.72	1775.11	1746.59
1772.96	1131.57	294	1.#QNAN	0	0.015	0	7.73924e-007	1412.37	1772.96	1744.57
1770.81	1130	295	1.#QNAN	0	0.016	0	8.05378e-007	1405.25	1770.81	1742.56
1768.77	1128.48	296	1.#QNAN	0	0.015	0	7.56466e-007	1439.49	1768.77	1740.67
1766.74	1126.95	297	1.#QNAN	0	0.016	0	7.5617e-007	1449.16	1766.74	1738.78
1764.68	1125.43	298	1.#QNAN	0	0	0	7.78414e-007	1423.9	1764.68	1736.86
1762.59	1123.88	299	1.#QNAN	0	0.016	0	7.92801e-007	1407.07	1762.59	1734.91
1760.53	1122.3	300	1.#QNAN	0	0.015	0	7.98881e-007	1420.13	1760.53	1733
1758.42	1120.77	301	1.#QNAN	0	0.016	0	7.81258e-007	1414.39	1758.42	1731.02
1756.36	1119.25	302	1.#QNAN	0	0.015	1	7.86227e-007	1412.4	1756.36	1729.1
1754.32	1117.74	303	1.#QNAN	0	0.016	0	7.74718e-007	1412.9	1754.32	1727.18
1752.26	1116.25	304	1.#QNAN	0	0.016	0	8.02178e-007	1418.81	1752.26	1725.25
1750.27	1114.81	305	1.#QNAN	0	0	0	7.61872e-007	1430.14	1750.27	1723.4
1748.37	1113.4	306	1.#QNAN	0	0.015	0	7.80738e-007	1467.28	1748.37	1721.63
1746.44	1111.99	307	1.#QNAN	0	0.016	0	7.91151e-007	1446.86	1746.44	1719.83
1744.46	1110.52	308	1.#QNAN	0	0.015	0	7.95368e-007	1419.01	1744.46	1717.98
1742.45	1109.12	309	1.#QNAN	0	0.016	0	8.08834e-007	1404.26	1742.45	1716.1
1740.52	1107.76	310	1.#QNAN	0	0.016	0	7.7984e-007	1454.32	1740.52	1714.29
1738.62	1106.36	311	1.#QNAN	0	0	0	8.07912e-007	1426.09	1738.62	1712.51
1736.66	1104.93	312	1.#QNAN	0	0.015	0	8.06861e-007	1395.49	1736.66	1710.67
1734.79	1103.54	313	1.#QNAN	0	0.016	0	7.75416e-007	1437.54	1734.79	1708.93
1732.95	1102.2	314	1.#QNAN	0	0.015	0	7.86475e-007	1416.61	1732.95	1707.21
1731.08	1100.84	315	1.#QNAN	0	0.016	0	8.04744e-007	1418.5	1731.08	1705.46
1729.24	1099.46	316	1.#QNAN	0	0.016	0	8.24345e-007	1430.56	1729.24	1703.74
1727.35	1098.09	317	1.#QNAN	0	0.015	0	7.86024e-007	1438.6	1727.35	1701.96
1725.51	1096.74	318	1.#QNAN	0	0	0	8.03021e-007	1462.41	1725.51	1700.23
1723.65	1095.36	319	1.#QNAN	0	0.016	0	8.15801e-007	1414.5	1723.65	1698.49
1721.81	1093.98	320	1.#QNAN	0	0.015	0	7.77764e-007	1417.75	1721.81	1696.76
1720.04	1092.65	321	1.#QNAN	0	0.016	0	7.8295e-007	1439.19	1720.04	1695.11
1718.3	1091.34	322	1.#QNAN	0	0.016	0	7.70655e-007	1437.84	1718.3	1693.47
1716.52	1090.02	323	1.#QNAN	0	0.015	0	7.75608e-007	1433.81	1716.52	1691.8
1714.77	1088.73	324	1.#QNAN	0	0.016	0	7.8237e-007	1423.3	1714.77	1690.17
1712.88	1087.35	325	1.#QNAN	0	0	0	7.82849e-007	1394.55	1712.88	1688.39
1711.04	1086.01	326	1.#QNAN	0	0.015	0	7.70221e-007	1403.78	1711.04	1686.66
1709.18	1084.67	327	1.#QNAN	0	0.016	0	8.56571e-007	1391.68	1709.18	1684.9
1707.41	1083.36	328	1.#QNAN	0	0.016	0	7.8364e-007	1399.79	1707.41	1683.24
1705.69	1082.11	329	1.#QNAN	0	0.015	0	7.99959e-007	1407.14	1705.69	1681.63
1704.06	1080.87	330	1.#QNAN	0	0.016	0	7.82027e-007	1421.3	1704.06	1680.1
1702.37	1079.62	331	1.#QNAN	0	0.015	0	7.93991e-007	1401.51	1702.37	1678.52
1700.72	1078.39	332	1.#QNAN	0	0	0	7.90859e-007	1399.61	1700.72	1676.97
1698.96	1077.13	333	1.#QNAN	0	0.016	0	7.5676e-007	1352.1	1698.96	1675.31
1697.23	1075.89	334	1.#QNAN	0	0.016	0	7.86005e-007	1392.92	1697.23	1673.69
1695.59	1074.7	335	1.#QNAN	0	0.015	0	7.63081e-007	1389.62	1695.59	1672.15
1694.02	1073.53	336	1.#QNAN	0	0.016	0	7.97829e-007	1401.6	1694.02	1670.68
1692.41	1072.34	337	1.#QNAN	0	0.015	0	8.02237e-007	1400.85	1692.41	1669.18
1690.87	1071.19	338	1.#QNAN	0	0	0	7.86279e-007	1438.28	1690.87	1667.75
1689.33	1070.05	339	1.#QNAN	0	0.016	0	7.82652e-007	1430.79	1689.33	1666.33
1687.75	1068.89	340	1.#QNAN	0	0.016	0	7.90015e-007	1417.2	1687.75	1664.85
1686.2	1067.75	341	1.#QNAN	0	0.015	0	7.92986e-007	1404.04	1686.2	1663.41
1684.63	1066.63	342	1.#QNAN	0	0.016	0	8.0631e-007	1397.68	1684.63	1661.94
1683.11	1065.51	343	1.#QNAN	0	0.015	0	7.8615e-007	1413.84	1683.11	1660.52
1681.6	1064.38	344	1.#QNAN	0	0.016	0	7.95277e-007	1424.19	1681.6	1659.12
1680.21	1063.35	345	1.#QNAN	0	0	0	7.85755e-007	1446.18	1680.21	1657.84
1678.75	1062.27	346	1.#QNAN	0	0.016	0	7.85759e-007	1414.78	1678.75	1656.48
1677.29	1061.24	347	1.#QNAN	0	0.015	0	7.94583e-007	1431.01	1677.29	1655.12
1675.79	1060.18	348	1.#QNAN	0	0.016	0	7.89691e-007	1412.92	1675.79	1653.71
1674.33	1059.11	349	1.#QNAN	0	0.015	0	8.1306e-007	1417.94	1674.33	1652.35
1672.86	1058.08	350	1.#QNAN	0	0.016	0	7.81886e-007	1392.23	1672.86	1650.97
1671.45	1057.06	351	1.#QNAN	0	0.016	0	8.2751e-007	1409.67	1671.45	1649.65
1669.96	1055.99	352	1.#QNAN	0	0.015	0	7.6768e-007	1398.93	1669.96	1648.25
1668.53	1054.95	353	1.#QNAN	0	0	0	8.03589e-007	1402.23	1668.53	1646.91
1667.16	1053.94	354	1.#QNAN	0	0.016	0	7.89454e-007	1446.91	1667.16	1645.64
1665.76	1052.9	355	1.#QNAN	0	0.015	0	8.15673e-007	1415.07	1665.76	1644.34
1664.31	1051.87	356	1.#QNAN	0	0.016	0	7.9465e-007	1398.35	1664.31	1642.98
1662.91	1050.87	357	1.#QNAN	0	0.016	0	8.03632e-007	1426.19	1662.91	1641.67
1661.53	1049.85	358	1.#QNAN	0	0.015	0	7.86461e-007	1423.07	1661.53	1640.39
1660.12	1048.8	359	1.#QNAN	0	0	0	7.88265e-007	1409.02	1660.12	1639.07
1658.72	1047.8	360	1.#QNAN	0	0.016	0	7.79596e-007	1407.53	1658.72	1637.76
1657.34	1046.81	361	1.#QNAN	0	0.015	0	7.94385e-007	1437.17	1657.34	1636.48
1655.99	1045.81	362	1.#QNAN	0	0.016	0	7.86254e-007	1405.55	1655.99	1635.22
1654.63	1044.84	363	1.#QNAN	0	0.016	0	7.95986e-007	1439.55	1654.63	1633.95
1653.22	1043.85	364	1.#QNAN	0	0.015	0	7.98202e-007	1385.64	1653.22	1632.63
1651.82	1042.86	365	1.#QNAN	0	0.016	0	8.03574e-007	1378.64	1651.82	1631.3
1650.44	1041.86	366	1.#QNAN	0	0.015	0	7.97526e-007	1393.98	1650.44	1630.01
1649.12	1040.94	367	1.#QNAN	0	0	0	8.04794e-007	1432.67	1649.12	1628.78
1647.83	1040.02	368	1.#QNAN	0	0.016	0	8.1725e-007	1447.52	1647.83	1627.57
1646.52	1039.07	369	1.#QNAN	0	0.016	0	8.33405e-007	1426	1646.52	1626.35
1645.26	1038.15	370	1.#QNAN	0	0.015	0	7.67397e-007	1446.13	1645.26	1625.18
1644.01	1037.24	371	1.#QNAN	0	0.016	0	7.76832e-007	1419.91	1644.01	1624.01
1642.71	1036.32	372	1.#QNAN	0	0.015	0	8.123e-007	1418.53	1642.71	1622.8
1641.41	1035.39	373	1.#QNAN	0	0.016	0	8.03531e-007	1393.87	1641.41	1621.59
1640.11	1034.47	374	1.#QNAN	0	0.016	0	8.01165e-007	1399.68	1640.11	1620.37
1638.81	1033.54	375	1.#QNAN	0	0.015	0	8.1008e-007	1423.72	1638.81	1619.15
1637.54	1032.64	376	1.#QNAN	0	0	0	7.69822e-007	1404.77	1637.54	1617.96
1636.24	1031.73	377	1.#QNAN	0	0.016	1	7.81212e-007	1380.35	1636.24	1616.74
1634.95	1030.85	378	1.#QNAN	0	0.015	0	7.76648e-007	1387.24	1634.95	1615.53
1633.59	1029.93	379	1.#QNAN	0	0.016	0	8.13987e-007	1373.16	1633.59	1614.25
1632.35	1029.04	380	1.#QNAN	0	0.016	0	7.8991e-007	1416.74	1632.35	1613.09
1631.08	1028.12	381	1.#QNAN	0	0.015	0	7.84852e-007	1398.51	1631.08	1611.91
1629.88	1027.28	382	1.#QNAN	0	0.016	0	8.00771e-007	1426.1	1629.88	1610.79
1628.71	1026.42	383	1.#QNAN	0	0	0	8.17322e-007	1413.93	1628.71	1609.7
1627.45	1025.56	384	1.#QNAN	0	0.015	0	7.91056e-007	1375.47	1627.45	1608.51
1626.16	1024.69	385	1.#QNAN	0	0.016	0	8.11939e-007	1383.92	1626.16	1607.3
1624.85	1023.81	386	1.#QNAN	0	0.016	0	8.08175e-007	1367.68	1624.85	1606.07
1623.59	1022.93	387	1.#QNAN	0	0.015	0	7.99725e-007	1363.83	1623.59	1604.87
1622.4	1022.09	388	1.#QNAN	0	0.016	0	7.86015e-007	1394.76	1622.4	1603.76
1621.21	1021.22	389	1.#QNAN	0	0.015	0	8.04201e-007	1389.33	1621.21	1602.65
1620.04	1020.37	390	1.#QNAN	0	0	0	7.81271e-007	1394.63	1620.04	1601.55
1618.87	1019.53	391	1.#QNAN	0	0.016	0	7.92044e-007	1395.56	1618.87	1600.46
1617.67	1018.67	392	1.#QNAN	0	0.016	0	7.79495e-007	1379.83	1617.67	1599.34
1616.54	1017.81	393	1.#QNAN	0	0.015	0	7.77916e-007	1403.32	1616.54	1598.29
1615.38	1016.96	394	1.#QNAN	0	0.016	0	7.83517e-007	1411.31	1615.38	1597.21
1614.24	1016.14	395	1.#QNAN	0	0.015	0	8.0606e-007	1405.66	1614.24	1596.15
1613.12	1015.33	396	1.#QNAN	0	0	0	7.93333e-007	1406.43	1613.12	1595.1
1612.07	1014.54	397	1.#QNAN	0	0.016	0	8.15791e-007	1441.57	1612.07	1594.12
1610.99	1013.74	398	1.#QNAN	0	0.016	0	8.17359e-007	1417.86	1610.99	1593.11
1609.91	1012.96	399	1.#QNAN	0	0.015	0	8.08651e-007	1417.31	1609.91	1592.11
1608.85	1012.18	400	1.#QNAN	0	0.016	0	8.02887e-007	1410.94	1608.85	1591.13
1607.8	1011.39	401	1.#QNAN	0	0.015	0	7.86551e-007	1413.11	1607.8	1590.15
1606.8	1010.63	402	1.#QNAN	0	0.016	0	7.83711e-007	1441.9	1606.8	1589.22
1605.79	1009.87	403	1.#QNAN	0	0	0	7.72085e-007	1421.06	1605.79	1588.29
1604.78	1009.15	404	1.#QNAN	0	0.016	0	8.05361e-007	1436.61	1604.78	1587.35
1603.79	1008.4	405	1.#QNAN	0	0.015	0	7.97089e-007	1454.74	1603.79	1586.42
1602.81	1007.7	406	1.#QNAN	0	0.016	0	7.56319e-007	1437.24	1602.81	1585.51
1601.83	1006.98	407	1.#QNAN	0	0.015	0	7.81919e-007	1453.91	1601.83	1584.6
1600.81	1006.27	408	1.#QNAN	0	0.016	0	7.83025e-007	1413.93	1600.81	1583.66
1599.84	1005.59	409	1.#QNAN	0	0.016	0	8.31726e-007	1427.42	1599.84	1582.75
1598.82	1004.87	410	1.#QNAN	0	0	0	8.27869e-007	1439.27	1598.82	1581.81
1597.82	1004.14	411	1.#QNAN	0	0.015	0	7.97886e-007	1430	1597.82	1580.88
1596.78	1003.43	412	1.#QNAN	0	0.016	0	7.88546e-007	1412.19	1596.78	1579.91
1595.79	1002.74	413	1.#QNAN	0	0.015	0	7.89103e-007	1413.16	1595.79	1578.99
1594.88	1002.07	414	1.#QNAN	0	0.016	0	7.75453e-007	1435.7	1594.88	1578.15
1593.97	1001.41	415	1.#QNAN	0	0.016	0	8.0525e-007	1440.56	1593.97	1577.31
1593.03	1000.71	416	1.#QNAN	0	0	0	8.12205e-007	1423.36	1593.03	1576.44
1592.07	999.999	417	1.#QNAN	0	0.015	0	7.94069e-007	1429.81	1592.07	1575.55
1591.13	999.308	418	1.#QNAN	0	0.016	0	7.94115e-007	1437.66	1591.13	1574.68
1590.22	998.628	419	1.#QNAN	0	0.015	0	8.05165e-007	1432.94	1590.22	1573.84
1589.28	997.953	420	1.#QNAN	0	0.016	0	7.93686e-007	1424.86	1589.28	1572.97
1588.39	997.302	421	1.#QNAN	0	0.016	0	8.33245e-007	1425.06	1588.39	1572.15
1587.53	996.649	422	1.#QNAN	0	0.015	0	8.30557e-007	1444.44	1587.53	1571.36
1586.62	995.988	423	1.#QNAN	0	0	0	8.12238e-007	1422.52	1586.62	1570.52
1585.72	995.335	424	1.#QNAN	0	0.016	0	7.96307e-007	1429.82	1585.72	1569.68
1584.84	994.687	425	1.#QNAN	0	0.015	0	8.33891e-007	1442.26	1584.84	1568.87
1583.97	994.039	426	1.#QNAN	0	0.016	0	7.7642e-007	1460.25	1583.97	1568.06
1583.03	993.361	427	1.#QNAN	0	0.016	0	7.73195e-007	1424.92	1583.03	1567.2
1582.14	992.711	428	1.#QNAN	0	0.015	0	7.92001e-007	1437.81	1582.14	1566.37
1581.21	992.059	429	1.#QNAN	0	0.016	0	7.83808e-007	1426.26	1581.21	1565.51
1580.26	991.396	430	1.#QNAN	0	0.015	0	8.18533e-007	1373.83	1580.26	1564.63
1579.33	990.738	431	1.#QNAN	0	0.016	0	7.82345e-007	1371.02	1579.33	1563.75
1578.4	990.084	432	1.#QNAN	0	0	0	8.07652e-007	1373.17	1578.4	1562.89
1577.48	989.446	433	1.#QNAN	0	0.016	0	8.06153e-007	1412.88	1577.48	1562.03
1576.55	988.837	434	1.#QNAN	0	0.015	0	8.06331e-007	1378.16	1576.55	1561.16
1575.64	988.231	435	1.#QNAN	0	0.016	0	7.87982e-007	1387.11	1575.64	1560.31
1574.76	987.614	436	1.#QNAN	0	0.015	0	7.81102e-007	1398.93	1574.76	1559.5
1573.86	987.007	437	1.#QNAN	0	0.016	0	8.10604e-007	1403.86	1573.86	1558.65
1572.92	986.374	438	1.#QNAN	0	0.016	0	8.05709e-007	1376.11	1572.92	1557.78
1572	985.758	439	1.#QNAN	0	0	0	8.28188e-007	1375.99	1572	1556.92
1571.15	985.157	440	1.#QNAN	0	0.015	0	8.13224e-007	1403.04	1571.15	1556.13
1570.31	984.585	441	1.#QNAN	0	0.016	0	8.21153e-007	1404.62	1570.31	1555.35
1569.49	984.028	442	1.#QNAN	0	0.015	0	8.26753e-007	1404.3	1569.49	1554.59
1568.66	983.491	443	1.#QNAN	0	0.016	0	7.97418e-007	1395.64	1568.66	1553.82
1567.83	982.927	444	1.#QNAN	0	0.016	0	7.89394e-007	1397.91	1567.83	1553.05
1566.98	982.353	445	1.#QNAN	0	0.015	0	7.99957e-007	1411.34	1566.98	1552.26
1566.19	981.795	446	1.#QNAN	0	0	0	8.17645e-007	1432.43	1566.19	1551.53
1565.41	981.248	447	1.#QNAN	0	0.016	0	8.20652e-007	1437.54	1565.41	1550.8
1564.61	980.673	448	1.#QNAN	0	0.015	0	8.03352e-007	1451.54	1564.61	1550.06
1563.78	980.109	449	1.#QNAN	0	0.016	0	7.96347e-007	1390.71	1563.78	1549.29
1563.01	979.563	450	1.#QNAN	0	0.016	0	7.93592e-007	1406.09	1563.01	1548.57
1562.21	979	451	1.#QNAN	0	0.015	1	8.43761e-007	1384.55	1562.21	1547.83
1561.41	978.459	452	1.#QNAN	0	0.016	0	7.88126e-007	1390.08	1561.41	1547.09
1560.61	977.912	453	1.#QNAN	0	0	0	7.83331e-007	1403.86	1560.61	1546.35
1559.84	977.373	454	1.#QNAN	0	0.015	0	7.95084e-007	1413.07	1559.84	1545.63
1559.06	976.871	455	1.#QNAN	0	0.016	0	7.93714e-007	1433.98	1559.06	1544.91
1558.22	976.318	456	1.#QNAN	0	0.016	0	8.07037e-007	1385.26	1558.22	1544.13
1557.39	975.782	457	1.#QNAN	0	0.015	0	8.35466e-007	1401.67	1557.39	1543.35
1556.58	975.25	458	1.#QNAN	0	0.016	0	8.21388e-007	1408	1556.58	1542.59
1555.76	974.723	459	1.#QNAN	0	0.015	0	8.20887e-007	1404.33	1555.76	1541.84
1554.93	974.18	460	1.#QNAN	0	0	0	8.09382e-007	1376.3	1554.93	1541.06
1554.1	973.628	461	1.#QNAN	0	0.016	0	8.29286e-007	1392.35	1554.1	1540.28
1553.29	973.063	462	1.#QNAN	0	0.016	0	8.45099e-007	1385.88	1553.29	1539.53
1552.46	972.497	463	1.#QNAN	0	0.015	0	7.99961e-007	1383.36	1552.46	1538.76
1551.7	971.97	464	1.#QNAN	0	0.016	0	8.0406e-007	1416.22	1551.7	1538.06
1550.95	971.456	465	1.#QNAN	0	0.015	0	7.95828e-007	1449.89	1550.95	1537.37
1550.2	970.948	466	1.#QNAN	0	0.016	0	7.71716e-007	1420.39	1550.2	1536.67
1549.51	970.463	467	1.#QNAN	0	0	0	8.0672e-007	1446.41	1549.51	1536.04
1548.82	969.962	468	1.#QNAN	0	0.016	0	7.82367e-007	1432.79	1548.82	1535.41
1548.14	969.484	469	1.#QNAN	0	0.015	0	8.2968e-007	1442.03	1548.14	1534.78
1547.43	968.979	470	1.#QNAN	0	0.016	0	7.78045e-007	1429.33	1547.43	1534.13
1546.75	968.498	471	1.#QNAN	0	0.015	0	7.59492e-007	1446.96	1546.75	1533.51
1546.04	967.989	472	1.#QNAN	0	0.016	0	7.92937e-007	1446.04	1546.04	1532.85
1545.39	967.509	473	1.#QNAN	0	0.016	0	7.78678e-007	1468.79	1545.39	1532.25
1544.75	967.022	474	1.#QNAN	0	0	0	8.23367e-007	1455.18	1544.75	1531.66
1544.11	966.556	475	1.#QNAN	0	0.015	0	7.81965e-007	1461.1	1544.11	1531.08
1543.55	966.109	476	1.#QNAN	0	0.016	0	7.9583e-007	1489.73	1543.55	1530.57
1542.98	965.669	477	1.#QNAN	0	0.015	0	7.91363e-007	1492.1	1542.98	1530.06
1542.35	965.223	478	1.#QNAN	0	0.016	0	8.0301e-007	1449.89	1542.35	1529.49
1541.73	964.782	479	1.#QNAN	0	0.016	0	8.30148e-007	1452.93	1541.73	1528.92
1541.12	964.364	480	1.#QNAN	0	0.015	0	8.0341e-007	1462.79	1541.12	1528.36
1540.51	963.949	481	1.#QNAN	0	0	0	7.95075e-007	1468.43	1540.51	1527.8
1539.9	963.531	482	1.#QNAN	0	0.016	0	8.12562e-007	1466.13	1539.9	1527.24
1539.27	963.063	483	1.#QNAN	0	0.015	0	7.82475e-007	1455.86	1539.27	1526.65
1538.65	962.611	484	1.#QNAN	0	0.016	0	8.10846e-007	1442.3	1538.65	1526.08
1537.95	962.145	485	1.#QNAN	0	0.016	0	7.70048e-007	1411.1	1537.95	1525.43
1537.3	961.708	486	1.#QNAN	0	0.015	0	8.00489e-007	1444.97	1537.3	1524.83
1536.65	961.263	487	1.#QNAN	0	0.016	0	8.0025e-007	1435.42	1536.65	1524.22
1535.96	960.805	488	1.#QNAN	0	0	0	8.14997e-007	1427.41	1535.96	1523.58
1535.28	960.342	489	1.#QNAN	0	0.015	0	8.05448e-007	1406.2	1535.28	1522.95
1534.63	959.883	490	1.#QNAN	0	0.016	0	7.99093e-007	1421.31	1534.63	1522.34
1533.97	959.425	491	1.#QNAN	0	0.016	0	8.14184e-007	1418.85	1533.97	1521.73
1533.33	958.981	492	1.#QNAN	0	0.015	0	8.00624e-007	1408.9	1533.33	1521.13
1532.64	958.534	493	1.#QNAN	0	0.016	0	8.0365e-007	1379.86	1532.64	1520.49
1531.95	958.069	494	1.#QNAN	0	0.015	0	8.12739e-007	1385.06	1531.95	1519.84
1531.31	957.646	495	1.#QNAN	0	0.016	0	7.93076e-007	1415.59	1531.31	1519.26
1530.69	957.197	496	1.#QNAN	0	0	0	7.85285e-007	1413.45	1530.69	1518.68
1530.09	956.744	497	1.#QNAN	0	0.016	0	7.75711e-007	1437.93	1530.09	1518.13
1529.49	956.311	498	1.#QNAN	0	0.015	0	7.88398e-007	1432.05	1529.49	1517.57
1528.84	955.854	499	1.#QNAN	0	0.016	0	8.21794e-007	1396.31	1528.84	1516.97
1528.18	955.38	500	1.#QNAN	0	0.015	0	7.97752e-007	1389.24	1528.18	1516.36
1527.55	954.949	501	1.#QNAN	0	0.016	0	8.18919e-007	1438.16	1527.55	1515.78
1526.9	954.51	502	1.#QNAN	0	0	0	7.86199e-007	1387.58	1526.9	1515.17
1526.23	954.058	503	1.#QNAN	0	0.016	0	8.36464e-007	1371.96	1526.23	1514.55
1525.58	953.615	504	1.#QNAN	0	0.015	0	8.13822e-007	1374.93	1525.58	1513.94
1524.92	953.187	505	1.#QNAN	0	0.016	0	8.00687e-007	1379.45	1524.92	1513.32
1524.34	952.775	506	1.#QNAN	0	0.015	0	8.2189e-007	1442.92	1524.34	1512.79
1523.74	952.346	507	1.#QNAN	0	0.016	0	8.23986e-007	1407.12	1523.74	1512.23
1523.11	951.903	508	1.#QNAN	0	0	0	8.25205e-007	1375.19	1523.11	1511.64
1522.44	951.45	509	1.#QNAN	0	0.016	0	8.16407e-007	1363	1522.44	1511.02
1521.84	951.039	510	1.#QNAN	0	0.015	0	8.05572e-007	1398.04	1521.84	1510.46
1521.23	950.615	511	1.#QNAN	0	0.016	0	8.0061e-007	1387.32	1521.23	1509.88
1520.55	950.18	512	1.#QNAN	0	0.015	0	8.29107e-007	1350.89	1520.55	1509.24
1519.87	949.746	513	1.#QNAN	0	0.016	0	8.29744e-007	1333.75	1519.87	1508.59
1519.22	949.305	514	1.#QNAN	0	0.016	0	7.74856e-007	1353.75	1519.22	1507.98
1518.61	948.891	515	1.#QNAN	0	0	0	7.9449e-007	1383.67	1518.61	1507.42
1518.01	948.473	516	1.#QNAN	0	0.015	0	8.01849e-007	1394.85	1518.01	1506.86
1517.46	948.064	517	1.#QNAN	0	0.016	0	8.27932e-007	1399.2	1517.46	1506.35
1516.88	947.645	518	1.#QNAN	0	0.015	0	8.09972e-007	1394.17	1516.88	1505.82
1516.35	947.252	519	1.#QNAN	0	0.016	0	8.10287e-007	1429.63	1516.35	1505.32
1515.79	946.852	520	1.#QNAN	0	0.016	0	8.03039e-007	1404.08	1515.79	1504.81
1515.3	946.473	521	1.#QNAN	0	0.015	0	8.13112e-007	1421.33	1515.3	1504.35
1514.77	946.083	522	1.#QNAN	0	0.016	0	8.19607e-007	1403.23	1514.77	1503.86
1514.27	945.695	523	1.#QNAN	0	0	0	8.0116e-007	1432.54	1514.27	1503.41
1513.72	945.287	524	1.#QNAN	0	0.015	0	8.3344e-007	1397.53	1513.72	1502.9
1513.11	944.847	525	1.#QNAN	0	0.016	0	8.25144e-007	1362.57	1513.11	1502.32
1512.53	944.419	526	1.#QNAN	0	0.016	1	8.19501e-007	1390.58	1512.53	1501.78
1511.99	944.004	527	1.#QNAN	0	0.015	0	8.25837e-007	1397.52	1511.99	1501.28
1511.44	943.609	528	1.#QNAN	0	0.016	0	8.26566e-007	1402.06	1511.44	1500.77
1510.87	943.198	529	1.#QNAN	0	0.015	0	8.47424e-007	1399.24	1510.87	1500.24
1510.31	942.798	530	1.#QNAN	0	0	0	8.00944e-007	1388.48	1510.31	1499.71
1509.72	942.359	531	1.#QNAN	0	0.016	0	8.12279e-007	1380.69	1509.72	1499.15
1509.11	941.934	532	1.#QNAN	0	0.016	0	8.16529e-007	1376.02	1509.11	1498.59
1508.52	941.499	533	1.#QNAN	0	0.015	0	8.04193e-007	1370.43	1508.52	1498.04
1507.97	941.089	534	1.#QNAN	0	0.016	0	7.94204e-007	1394.96	1507.97	1497.53
1507.39	940.664	535	1.#QNAN	0	0.015	0	8.17498e-007	1369.11	1507.39	1496.98
1506.8	940.231	536	1.#QNAN	0	0.016	0	8.09514e-007	1367.09	1506.8	1496.43
1506.21	939.806	537	1.#QNAN	0	0.016	0	8.0613e-007	1380.25	1506.21	1495.87
1505.61	939.354	538	1.#QNAN	0	0	0	8.3565e-007	1372.45	1505.61	1495.31
1505.08	938.948	539	1.#QNAN	0	0.015	0	8.00438e-007	1388.04	1505.08	1494.81
1504.57	938.561	540	1.#QNAN	0	0.016	0	8.01629e-007	1407.69	1504.57	1494.33
1504.01	938.163	541	1.#QNAN	0	0.015	0	8.092e-007	1379.6	1504.01	1493.81
1503.44	937.776	542	1.#QNAN	0	0.016	0	8.28944e-007	1366.29	1503.44	1493.28
1502.92	937.398	543	1.#QNAN	0	0.016	0	8.28468e-007	1383.98	1502.92	1492.8
1502.41	937.025	544	1.#QNAN	0	0.015	0	8.20991e-007	1392.94	1502.41	1492.32
1501.89	936.638	545	1.#QNAN	0	0	0	8.17769e-007	1388.81	1501.89	1491.83
1501.38	936.261	546	1.#QNAN	0	0.016	0	8.14115e-007	1390.05	1501.38	1491.36
1500.86	935.884	547	1.#QNAN	0	0.015	0	8.17931e-007	1388.99	1500.86	1490.87
1500.34	935.524	548	1.#QNAN	0	0.016	0	8.19526e-007	1387.4	1500.34	1490.39
1499.8	935.139	549	1.#QNAN	0	0.016	0	8.14614e-007	1364.49	1499.8	1489.88
1499.29	934.767	550	1.#QNAN	0	0.015	0	8.02189e-007	1380.91	1499.29	1489.4
1498.77	934.413	551	1.#QNAN	0	0	0	8.28807e-007	1385.04	1498.77	1488.92
1498.23	934.049	552	1.#QNAN	0	0.016	0	8.31805e-007	1391.13	1498.23	1488.4
1497.69	933.679	553	1.#QNAN	0	0.015	0	8.19772e-007	1370.31	1497.69	1487.9
1497.13	933.294	554	1.#QNAN	0	0.016	0	8.06812e-007	1372.15	1497.13	1487.38
1496.57	932.919	555	1.#QNAN	0	0.016	0	7.99337e-007	1366.48	1496.57	1486.84
1496.03	932.545	556	1.#QNAN	0	0.015	0	8.03312e-007	1385.12	1496.03	1486.34
1495.55	932.209	557	1.#QNAN	0	0.016	0	8.06704e-007	1414.46	1495.55	1485.89
1495.01	931.844	558	1.#QNAN	0	0	0	8.13396e-007	1368.01	1495.01	1485.39
1494.52	931.484	559	1.#QNAN	0	0.015	0	8.03648e-007	1387.18	1494.52	1484.93
1494.01	931.124	560	1.#QNAN	0	0.016	0	8.07575e-007	1377.24	1494.01	1484.46
1493.57	930.793	561	1.#QNAN	0	0.016	0	8.45638e-007	1424.33	1493.57	1484.06
1493.12	930.467	562	1.#QNAN	0	0.015	0	8.14799e-007	1408.03	1493.12	1483.63
1492.64	930.137	563	1.#QNAN	0	0.016	0	8.34997e-007	1406.75	1492.64	1483.19
1492.2	929.806	564	1.#QNAN	0	0.015	0	8.32795e-007	1421.76	1492.2	1482.78
1491.77	929.479	565	1.#QNAN	0	0	0	8.20826e-007	1420.29	1491.77	1482.38
1491.37	929.181	566	1.#QNAN	0	0.016	0	8.29652e-007	1470.23	1491.37	1482.01
1490.94	928.869	567	1.#QNAN	0	0.016	0	8.421e-007	1419.26	1490.94	1481.62
1490.5	928.562	568	1.#QNAN	0	0.015	0	8.12914e-007	1412.33	1490.5	1481.21
1490.08	928.256	569	1.#QNAN	0	0.016	0	8.2237e-007	1430.43	1490.08	1480.82
1489.61	927.946	570	1.#QNAN	0	0.015	0	8.15794e-007	1381.58	1489.61	1480.37
1489.17	927.63	571	1.#QNAN	0	0	0	8.18395e-007	1402.49	1489.17	1479.96
1488.74	927.334	572	1.#QNAN	0	0.016	0	8.0405e-007	1402.47	1488.74	1479.56
1488.32	927.031	573	1.#QNAN	0	0.016	0	8.45842e-007	1407.53	1488.32	1479.16
1487.94	926.744	574	1.#QNAN	0	0.015	0	8.22456e-007	1428.19	1487.94	1478.82
1487.54	926.448	575	1.#QNAN	0	0.016	0	8.02402e-007	1431.29	1487.54	1478.45
1487.16	926.149	576	1.#QNAN	0	0.015	0	8.22285e-007	1449.66	1487.16	1478.1
1486.76	925.852	577	1.#QNAN	0	0.016	0	8.33871e-007	1438.33	1486.76	1477.73
1486.36	925.562	578	1.#QNAN	0	0	0	8.44945e-007	1443.43	1486.36	1477.36
1485.94	925.289	579	1.#QNAN	0	0.016	0	8.23019e-007	1418.96	1485.94	1476.97
1485.52	925.002	580	1.#QNAN	0	0.015	0	8.39744e-007	1401.55	1485.52	1476.57
1485.12	924.721	581	1.#QNAN	0	0.016	0	8.32165e-007	1414.21	1485.12	1476.2
1484.7	924.435	582	1.#QNAN	0	0.015	0	8.47082e-007	1396.62	1484.7	1475.81
1484.25	924.13	583	1.#QNAN	0	0.016	0	8.34896e-007	1371.82	1484.25	1475.39
1483.79	923.825	584	1.#QNAN	0	0.016	0	7.85531e-007	1369.16	1483.79	1474.96
1483.32	923.522	585	1.#QNAN	0	0	0	8.57072e-007	1354.44	1483.32	1474.51
1482.85	923.226	586	1.#QNAN	0	0.015	0	8.51163e-007	1367.6	1482.85	1474.07
1482.38	922.926	587	1.#QNAN	0	0.016	0	8.28975e-007	1353.83	1482.38	1473.63
1481.9	922.626	588	1.#QNAN	0	0.015	0	8.6251e-007	1350.47	1481.9	1473.18
1481.39	922.299	589	1.#QNAN	0	0.016	0	8.60566e-007	1324.31	1481.39	1472.69
1480.89	921.987	590	1.#QNAN	0	0.016	0	7.98433e-007	1328.92	1480.89	1472.22
1480.43	921.678	591	1.#QNAN	0	0	0	8.21323e-007	1361.31	1480.43	1471.79
1479.94	921.356	592	1.#QNAN	0	0.015	0	8.21796e-007	1337.41	1479.94	1471.32
1479.49	921.045	593	1.#QNAN	0	0.016	0	8.08018e-007	1353.81	1479.49	1470.9
1478.99	920.729	594	1.#QNAN	0	0.015	0	8.53204e-007	1331.78	1478.99	1470.43
1478.49	920.403	595	1.#QNAN	0	0.016	0	8.16851e-007	1329.25	1478.49	1469.95
1478.07	920.087	596	1.#QNAN	0	0.016	0	8.41603e-007	1378.89	1478.07	1469.56
1477.63	919.79	597	1.#QNAN	0	0.015	0	8.46868e-007	1378.55	1477.63	1469.15
1477.15	919.487	598	1.#QNAN	0	0	0	8.2922e-007	1335.4	1477.15	1468.69
1476.66	919.191	599	1.#QNAN	0	0	0	8.3683e-007	1333.99	1476.66	1468.23
1476.22	918.893	600	1.#QNAN	0	0.015	0	8.26437e-007	1361.25	1476.22	1467.82
1475.76	918.586	601	1.#QNAN	0	0.016	1	8.26409e-007	1351.94	1475.76	1467.38
1475.32	918.296	602	1.#QNAN	0	0.016	0	8.17915e-007	1367.85	1475.32	1466.97
1474.87	918.009	603	1.#QNAN	0	0.015	0	8.5352e-007	1353.62	1474.87	1466.55
1474.44	917.723	604	1.#QNAN	0	0.016	0	8.10711e-007	1365.42	1474.44	1466.14
1473.97	917.44	605	1.#QNAN	0	0	0	8.23177e-007	1357.52	1473.97	1465.7
1473.51	917.151	606	1.#QNAN	0	0.015	0	8.11309e-007	1363.31	1473.51	1465.26
1473.05	916.875	607	1.#QNAN	0	0.016	0	8.43879e-007	1362.04	1473.05	1464.83
1472.65	916.605	608	1.#QNAN	0	0.016	0	8.08624e-007	1384.4	1472.65	1464.44
1472.18	916.31	609	1.#QNAN	0	0.015	0	8.2826e-007	1345.94	1472.18	1464
1471.74	916.017	610	1.#QNAN	0	0.016	0	8.1929e-007	1355.44	1471.74	1463.58
1471.31	915.731	611	1.#QNAN	0	0.015	0	8.32006e-007	1370.47	1471.31	1463.18
1470.88	915.462	612	1.#QNAN	0	0.016	0	8.4006e-007	1362.88	1470.88	1462.77
1470.46	915.2	613	1.#QNAN	0	0	0	7.85048e-007	1366.43	1470.46	1462.38
1470.08	914.947	614	1.#QNAN	0	0.016	0	8.18396e-007	1389.46	1470.08	1462.02
1469.7	914.705	615	1.#QNAN	0	0.015	0	8.19094e-007	1380.13	1469.7	1461.66
1469.32	914.478	616	1.#QNAN	0	0.016	0	8.3954e-007	1377.87	1469.32	1461.3
1468.93	914.231	617	1.#QNAN	0	0.015	0	7.97681e-007	1370.6	1468.93	1460.94
1468.54	913.994	618	1.#QNAN	0	0.016	0	8.11059e-007	1373.79	1468.54	1460.58
1468.15	913.759	619	1.#QNAN	0	0	0	8.11526e-007	1364.53	1468.15	1460.21
1467.75	913.505	620	1.#QNAN	0	0.016	0	8.20424e-007	1385.2	1467.75	1459.83
1467.35	913.256	621	1.#QNAN	0	0.015	0	8.26453e-007	1373.7	1467.35	1459.46
1466.98	913.019	622	1.#QNAN	0	0.016	0	8.53172e-007	1392.23	1466.98	1459.11
1466.59	912.785	623	1.#QNAN	0	0.015	0	8.14154e-007	1376.26	1466.59	1458.75
1466.18	912.554	624	1.#QNAN	0	0.016	0	8.07433e-007	1380.61	1466.18	1458.36
1465.78	912.309	625	1.#QNAN	0	0.016	0	7.9786e-007	1378.01	1465.78	1457.98
1465.41	912.082	626	1.#QNAN	0	0	0	8.32159e-007	1401.16	1465.41	1457.63
1465	911.859	627	1.#QNAN	0	0.015	0	8.10131e-007	1381.34	1465	1457.25
1464.58	911.63	628	1.#QNAN	0	0.016	0	8.00146e-007	1357.63	1464.58	1456.85
1464.2	911.416	629	1.#QNAN	0	0.015	0	8.12285e-007	1408.34	1464.2	1456.48
1463.8	911.177	630	1.#QNAN	0	0.016	0	8.52313e-007	1372.65	1463.8	1456.11
1463.4	910.943	631	1.#QNAN	0	0.016	0	8.0579e-007	1367.38	1463.4	1455.73
1462.99	910.709	632	1.#QNAN	0	0.015	0	8.25851e-007	1351.01	1462.99	1455.34
1462.57	910.474	633	1.#QNAN	0	0	0	8.38849e-007	1391.38	1462.57	1454.95
1462.12	910.219	634	1.#QNAN	0	0.016	0	8.13952e-007	1361.99	1462.12	1454.52
1461.66	909.964	635	1.#QNAN	0	0.015	0	8.50631e-007	1344.25	1461.66	1454.08
1461.17	909.691	636	1.#QNAN	0	0.016	0	8.37693e-007	1330.53	1461.17	1453.61
1460.76	909.451	637	1.#QNAN	0	0.016	0	8.39763e-007	1356.9	1460.76	1453.21
1460.34	909.208	638	1.#QNAN	0	0.015	0	8.3502e-007	1354.95	1460.34	1452.82
1459.95	908.977	639	1.#QNAN	0	0	0	8.29202e-007	1394.9	1459.95	1452.45
1459.58	908.737	640	1.#QNAN	0	0.016	0	8.53274e-007	1421.76	1459.58	1452.1
1459.2	908.5	641	1.#QNAN	0	0.015	0	8.17898e-007	1396.35	1459.2	1451.74
1458.81	908.263	642	1.#QNAN	0	0.016	0	8.46099e-007	1402.96	1458.81	1451.37
1458.42	908.026	643	1.#QNAN	0	0.016	0	8.26723e-007	1390.43	1458.42	1451
1458.02	907.796	644	1.#QNAN	0	0.015	0	8.44249e-007	1374.59	1458.02	1450.62
1457.61	907.551	645	1.#QNAN	0	0.016	0	8.38551e-007	1358.02	1457.61	1450.23
1457.18	907.303	646	1.#QNAN	0	0	0	8.37169e-007	1358.02	1457.18	1449.82
1456.79	907.067	647	1.#QNAN	0	0.015	0	8.32838e-007	1371.31	1456.79	1449.45
1456.41	906.855	648	1.#QNAN	0	0.016	0	8.24527e-007	1378.97	1456.41	1449.09
1456.02	906.63	649	1.#QNAN	0	0.016	0	7.95737e-007	1379.22	1456.02	1448.72
1455.6	906.416	650	1.#QNAN	0	0.015	0	8.29014e-007	1357.93	1455.6	1448.31
1455.16	906.199	651	1.#QNAN	0	0.016	0	8.28707e-007	1355.27	1455.16	1447.89
1454.75	905.967	652	1.#QNAN	0	0.015	0	7.99713e-007	1391.29	1454.75	1447.49
1454.32	905.732	653	1.#QNAN	0	0	0	8.0267e-007	1371.89	1454.32	1447.08
1453.93	905.504	654	1.#QNAN	0	0.016	0	8.19168e-007	1382.52	1453.93	1446.71
1453.53	905.268	655	1.#QNAN	0	0.016	0	8.04298e-007	1361.79	1453.53	1446.33
1453.11	905.025	656	1.#QNAN	0	0.015	0	8.17649e-007	1343.83	1453.11	1445.93
1452.69	904.788	657	1.#QNAN	0	0.016	0	8.58403e-007	1349.6	1452.69	1445.53
1452.32	904.566	658	1.#QNAN	0	0.015	0	8.21197e-007	1399.54	1452.32	1445.18
1451.9	904.338	659	1.#QNAN	0	0.016	0	8.50996e-007	1369.74	1451.9	1444.78
1451.49	904.1	660	1.#QNAN	0	0.016	0	8.26085e-007	1386.33	1451.49	1444.38
1451.12	903.878	661	1.#QNAN	0	0	0	8.29665e-007	1427.01	1451.12	1444.03
1450.71	903.64	662	1.#QNAN	0	0.015	0	8.07764e-007	1402.62	1450.71	1443.64
1450.31	903.392	663	1.#QNAN	0	0.016	0	8.39268e-007	1389.65	1450.31	1443.26
1449.9	903.164	664	1.#QNAN	0	0.015	0	8.24722e-007	1407.96	1449.9	1442.87
1449.49	902.928	665	1.#QNAN	0	0.016	0	7.96806e-007	1379.52	1449.49	1442.47
1449.06	902.683	666	1.#QNAN	0	0.016	0	7.89463e-007	1357.73	1449.06	1442.07
1448.66	902.445	667	1.#QNAN	0	0.015	0	8.0436e-007	1402.8	1448.66	1441.68
1448.25	902.218	668	1.#QNAN	0	0	0	8.06682e-007	1385.18	1448.25	1441.29
1447.82	901.97	669	1.#QNAN	0	0.016	0	8.27136e-007	1350.52	1447.82	1440.88
1447.41	901.738	670	1.#QNAN	0	0.015	0	8.42406e-007	1361.78	1447.41	1440.49
1447	901.499	671	1.#QNAN	0	0.016	0	8.22233e-007	1352.69	1447	1440.1
1446.57	901.242	672	1.#QNAN	0	0.016	0	8.16777e-007	1334.11	1446.57	1439.69
1446.15	900.995	673	1.#QNAN	0	0.015	0	8.05354e-007	1341.83	1446.15	1439.29
1445.73	900.746	674	1.#QNAN	0	0.016	0	8.05324e-007	1333.52	1445.73	1438.88
1445.27	900.48	675	1.#QNAN	0	0	0	8.12763e-007	1315.62	1445.27	1438.44
1444.86	900.227	676	1.#QNAN	0	0.015	1	8.00533e-007	1329.97	1444.86	1438.05
1444.47	899.995	677	1.#QNAN	0	0.016	0	8.32871e-007	1344.03	1444.47	1437.67
1444.05	899.74	678	1.#QNAN	0	0.016	0	8.20776e-007	1351.97	1444.05	1437.27
1443.68	899.495	679	1.#QNAN	0	0.015	0	8.22964e-007	1341.64	1443.68	1436.92
1443.32	899.254	680	1.#QNAN	0	0.016	0	7.9637e-007	1360.79	1443.32	1436.58
1442.96	899.005	681	1.#QNAN	0	0.015	0	8.05762e-007	1353.13	1442.96	1436.24
1442.54	898.757	682	1.#QNAN	0	0	0	8.01873e-007	1302.08	1442.54	1435.83
1442.13	898.524	683	1.#QNAN	0	0.016	0	8.34198e-007	1312.62	1442.13	1435.44
1441.71	898.276	684	1.#QNAN	0	0.016	0	8.18547e-007	1322.46	1441.71	1435.04
1441.34	898.044	685	1.#QNAN	0	0.015	0	8.12234e-007	1342.38	1441.34	1434.68
1440.94	897.809	686	1.#QNAN	0	0.016	0	8.15712e-007	1325.39	1440.94	1434.31
1440.55	897.552	687	1.#QNAN	0	0.015	0	7.94659e-007	1318.44	1440.55	1433.93
1440.17	897.302	688	1.#QNAN	0	0	0	8.26573e-007	1357.64	1440.17	1433.56
1439.84	897.071	689	1.#QNAN	0	0.016	0	8.34668e-007	1383.62	1439.84	1433.25
1439.5	896.849	690	1.#QNAN	0	0.016	0	8.2496e-007	1384.61	1439.5	1432.93
1439.13	896.617	691	1.#QNAN	0	0.015	0	8.13307e-007	1341.51	1439.13	1432.57
1438.75	896.371	692	1.#QNAN	0	0.016	0	8.55324e-007	1324.75	1438.75	1432.21
1438.41	896.147	693	1.#QNAN	0	0.015	0	8.33354e-007	1372.51	1438.41	1431.9
1438.11	895.94	694	1.#QNAN	0	0.016	0	8.38803e-007	1379.17	1438.11	1431.61
1437.78	895.713	695	1.#QNAN	0	0	0	8.20215e-007	1369.26	1437.78	1431.3
1437.46	895.494	696	1.#QNAN	0	0.016	0	8.31767e-007	1336.52	1437.46	1430.99
1437.17	895.303	697	1.#QNAN	0	0.015	0	8.32006e-007	1383.77	1437.17	1430.72
1436.84	895.084	698	1.#QNAN	0	0.016	0	8.06135e-007	1360.06	1436.84	1430.4
1436.55	894.889	699	1.#QNAN	0	0.015	0	8.16632e-007	1397.51	1436.55	1430.12
1436.23	894.685	700	1.#QNAN	0	0.016	0	8.29273e-007	1365.01	1436.23	1429.82
1435.94	894.483	701	1.#QNAN	0	0	0	8.04779e-007	1379.67	1435.94	1429.54
1435.6	894.277	702	1.#QNAN	0	0.016	0	8.13552e-007	1349.43	1435.6	1429.22
1435.25	894.058	703	1.#QNAN	0	0.015	0	8.50792e-007	1343.11	1435.25	1428.89
1434.94	893.846	704	1.#QNAN	0	0.016	0	8.18859e-007	1365.27	1434.94	1428.6
1434.62	893.626	705	1.#QNAN	0	0.015	0	8.43903e-007	1359.46	1434.62	1428.29
1434.3	893.424	706	1.#QNAN	0	0.016	0	8.44322e-007	1389.33	1434.3	1427.99
1434.01	893.232	707	1.#QNAN	0	0.016	0	8.14636e-007	1383.82	1434.01	1427.72
1433.72	893.028	708	1.#QNAN	0	0	0	8.36364e-007	1407.89	1433.72	1427.45
1433.43	892.823	709	1.#QNAN	0	0.015	0	8.4321e-007	1400.11	1433.43	1427.18
1433.17	892.635	710	1.#QNAN	0	0.016	0	8.32597e-007	1429.8	1433.17	1426.93
1432.91	892.436	711	1.#QNAN	0	0.015	0	8.29765e-007	1425.8	1432.91	1426.69
1432.61	892.222	712	1.#QNAN	0	0.016	0	8.10698e-007	1383.26	1432.61	1426.41
1432.35	892.032	713	1.#QNAN	0	0.016	0	8.38718e-007	1403.88	1432.35	1426.16
1432.08	891.833	714	1.#QNAN	0	0.015	0	8.27633e-007	1408.98	1432.08	1425.92
1431.81	891.64	715	1.#QNAN	0	0	0	8.18204e-007	1432.58	1431.81	1425.66
1431.51	891.452	716	1.#QNAN	0	0.016	0	8.23122e-007	1405.13	1431.51	1425.38
1431.25	891.263	717	1.#QNAN	0	0.015	0	8.51128e-007	1436.26	1431.25	1425.13
1430.98	891.078	718	1.#QNAN	0	0.016	0	8.19913e-007	1444.32	1430.98	1424.89
1430.65	890.874	719	1.#QNAN	0	0.016	0	8.0268e-007	1357.92	1430.65	1424.58
1430.35	890.672	720	1.#QNAN	0	0.015	0	8.36914e-007	1402.03	1430.35	1424.29
1430.06	890.469	721	1.#QNAN	0	0.016	0	8.16203e-007	1389.87	1430.06	1424.02
1429.76	890.274	722	1.#QNAN	0	0	0	8.35319e-007	1404.25	1429.76	1423.74
1429.48	890.084	723	1.#QNAN	0	0.015	0	8.27703e-007	1408.05	1429.48	1423.47
1429.23	889.9	724	1.#QNAN	0	0.016	0	8.39168e-007	1427.78	1429.23	1423.24
1428.96	889.717	725	1.#QNAN	0	0.016	0	8.13699e-007	1405.34	1428.96	1422.99
1428.67	889.539	726	1.#QNAN	0	0.015	0	8.52984e-007	1391.24	1428.67	1422.72
1428.39	889.347	727	1.#QNAN	0	0.016	0	8.15456e-007	1381.14	1428.39	1422.45
1428.15	889.186	728	1.#QNAN	0	0.015	0	8.1581e-007	1401.06	1428.15	1422.23
1427.87	888.99	729	1.#QNAN	0	0	0	8.36897e-007	1381.26	1427.87	1421.97
1427.57	888.813	730	1.#QNAN	0	0.016	0	8.4634e-007	1362.34	1427.57	1421.68
1427.28	888.637	731	1.#QNAN	0	0.016	0	8.17037e-007	1387.93	1427.28	1421.41
1426.98	888.449	732	1.#QNAN	0	0.015	0	8.58386e-007	1351.25	1426.98	1421.12
1426.7	888.279	733	1.#QNAN	0	0.016	0	8.19299e-007	1378.42	1426.7	1420.85
1426.43	888.115	734	1.#QNAN	0	0.015	0	8.63282e-007	1401.02	1426.43	1420.61
1426.12	887.932	735	1.#QNAN	0	0	0	8.52015e-007	1357.49	1426.12	1420.31
1425.85	887.757	736	1.#QNAN	0	0.016	0	8.45339e-007	1406.77	1425.85	1420.05
1425.57	887.578	737	1.#QNAN	0	0.016	0	8.34069e-007	1373.78	1425.57	1419.79
1425.31	887.4	738	1.#QNAN	0	0.015	0	8.41557e-007	1360.77	1425.31	1419.54
1425.09	887.24	739	1.#QNAN	0	0.016	0	8.54053e-007	1411.31	1425.09	1419.34
1424.83	887.069	740	1.#QNAN	0	0.015	0	8.27168e-007	1384.7	1424.83	1419.1
1424.54	886.891	741	1.#QNAN	0	0.016	0	8.24363e-007	1370.61	1424.54	1418.82
1424.27	886.72	742	1.#QNAN	0	0	0	8.39673e-007	1383.86	1424.27	1418.57
1423.97	886.543	743	1.#QNAN	0	0.016	0	8.11081e-007	1349.57	1423.97	1418.29
1423.68	886.365	744	1.#QNAN	0	0.015	0	8.27852e-007	1376.32	1423.68	1418.02
1423.39	886.201	745	1.#QNAN	0	0.016	0	8.33348e-007	1374.59	1423.39	1417.74
1423.08	886.018	746	1.#QNAN	0	0.015	0	8.47765e-007	1340.37	1423.08	1417.44
1422.77	885.836	747	1.#QNAN	0	0.016	0	8.34279e-007	1357.61	1422.77	1417.15
1422.46	885.648	748	1.#QNAN	0	0.016	0	8.32967e-007	1338.61	1422.46	1416.85
1422.16	885.463	749	1.#QNAN	0	0	0	8.36005e-007	1347.43	1422.16	1416.57
1421.86	885.284	750	1.#QNAN	0	0.015	0	8.78821e-007	1357.26	1421.86	1416.29
1421.56	885.12	751	1.#QNAN	0	0.016	1	8.59828e-007	1402.64	1421.56	1416
1421.26	884.955	752	1.#QNAN	0	0.015	0	8.30239e-007	1332.53	1421.26	1415.71
1420.93	884.784	753	1.#QNAN	0	0.016	0	8.39887e-007	1325.02	1420.93	1415.4
1420.63	884.608	754	1.#QNAN	0	0.016	0	8.12688e-007	1380.4	1420.63	1415.11
1420.34	884.429	755	1.#QNAN	0	0.015	0	8.44695e-007	1342.05	1420.34	1414.83
1420.03	884.239	756	1.#QNAN	0	0	0	8.54246e-007	1354.64	1420.03	1414.54
1419.7	884.042	757	1.#QNAN	0	0.016	0	8.60702e-007	1313.83	1419.7	1414.22
1419.41	883.87	758	1.#QNAN	0	0.015	0	8.17804e-007	1351.31	1419.41	1413.94
1419.16	883.711	759	1.#QNAN	0	0.016	0	8.51803e-007	1386.08	1419.16	1413.71
1418.88	883.537	760	1.#QNAN	0	0.016	0	8.15387e-007	1379.67	1418.88	1413.44
1418.61	883.381	761	1.#QNAN	0	0.015	0	8.34287e-007	1370.81	1418.61	1413.18
1418.37	883.238	762	1.#QNAN	0	0.016	0	8.70937e-007	1406.91	1418.37	1412.95
1418.19	883.112	763	1.#QNAN	0	0.015	0	8.44723e-007	1491.43	1418.19	1412.78
1417.9	882.938	764	1.#QNAN	0	0	0	8.48972e-007	1384.93	1417.9	1412.51
1417.67	882.784	765	1.#QNAN	0	0.016	0	8.34193e-007	1443.05	1417.67	1412.29
1417.44	882.63	766	1.#QNAN	0	0.016	0	8.47563e-007	1478.4	1417.44	1412.08
1417.2	882.47	767	1.#QNAN	0	0.015	0	8.59593e-007	1394.87	1417.2	1411.84
1416.98	882.322	768	1.#QNAN	0	0.016	0	8.54224e-007	1430.8	1416.98	1411.64
1416.76	882.161	769	1.#QNAN	0	0.015	0	8.25167e-007	1383.47	1416.76	1411.44
1416.58	882.032	770	1.#QNAN	0	0.016	0	8.40542e-007	1458.16	1416.58	1411.28
1416.41	881.904	771	1.#QNAN	0	0	0	8.34815e-007	1469.29	1416.41	1411.11
1416.11	881.733	772	1.#QNAN	0	0.016	0	8.51377e-007	1313.43	1416.11	1410.83
1415.87	881.58	773	1.#QNAN	0	0.015	0	8.46893e-007	1387.85	1415.87	1410.6
1415.68	881.441	774	1.#QNAN	0	0.016	0	8.26909e-007	1470.39	1415.68	1410.43
1415.43	881.278	775	1.#QNAN	0	0.015	0	8.78368e-007	1389.41	1415.43	1410.2
1415.18	881.128	776	1.#QNAN	0	0.016	0	8.34796e-007	1365.74	1415.18	1409.96
1414.93	880.969	777	1.#QNAN	0	0	0	8.63795e-007	1408.21	1414.93	1409.72
1414.69	880.821	778	1.#QNAN	0	0.016	0	8.72432e-007	1409.87	1414.69	1409.5
1414.48	880.665	779	1.#QNAN	0	0.015	0	8.60283e-007	1408.21	1414.48	1409.3
1414.27	880.537	780	1.#QNAN	0	0.016	0	8.37631e-007	1401.32	1414.27	1409.1
1414.02	880.382	781	1.#QNAN	0	0.015	0	8.21154e-007	1387.04	1414.02	1408.87
1413.79	880.226	782	1.#QNAN	0	0.016	0	8.4967e-007	1409.32	1413.79	1408.66
1413.56	880.083	783	1.#QNAN	0	0	0	8.48546e-007	1426.81	1413.56	1408.43
1413.31	879.939	784	1.#QNAN	0	0.016	0	8.46166e-007	1402.11	1413.31	1408.19
1413.07	879.788	785	1.#QNAN	0	0.015	0	8.58053e-007	1371.49	1413.07	1407.97
1412.85	879.63	786	1.#QNAN	0	0.016	0	8.33713e-007	1416.98	1412.85	1407.76
1412.69	879.498	787	1.#QNAN	0	0.015	0	8.52434e-007	1509.62	1412.69	1407.61
1412.5	879.358	788	1.#QNAN	0	0.016	0	8.54394e-007	1448.43	1412.5	1407.44
1412.3	879.211	789	1.#QNAN	0	0.016	0	8.45217e-007	1400.17	1412.3	1407.25
1412.11	879.063	790	1.#QNAN	0	0	0	8.50595e-007	1396.4	1412.11	1407.07
1411.93	878.922	791	1.#QNAN	0	0.015	0	8.85417e-007	1439.79	1411.93	1406.91
1411.77	878.793	792	1.#QNAN	0	0.016	0	8.39965e-007	1448.22	1411.77	1406.76
1411.57	878.65	793	1.#QNAN	0	0.015	0	8.37437e-007	1416.37	1411.57	1406.57
1411.39	878.51	794	1.#QNAN	0	0.016	0	8.30607e-007	1452.82	1411.39	1406.4
1411.2	878.358	795	1.#QNAN	0	0.016	0	8.34762e-007	1426.91	1411.2	1406.23
1411.02	878.207	796	1.#QNAN	0	0.015	0	8.44305e-007	1419.54	1411.02	1406.06
1410.82	878.056	797	1.#QNAN	0	0	0	8.49005e-007	1426.16	1410.82	1405.87
1410.61	877.909	798	1.#QNAN	0	0.016	0	8.393e-007	1379.25	1410.61	1405.67
1410.44	877.774	799	1.#QNAN	0	0.015	0	8.31022e-007	1424.58	1410.44	1405.51
