rmse	mae	#iter	time_pred	time_learn	time_learn2	time_learn4	alpha	rmse_mcmc_this	rmse_mcmc_all	rmse_mcmc_all_but5
12733.2	8147.15	0	1.#QNAN	0	0.016	0	5.87665e-011	12733.2	12733.2	4162.21
12123.2	7597.21	1	1.#QNAN	0	0.015	0	1.18198e-009	12291.6	12123.2	4162.21
11887.6	7363.4	2	1.#QNAN	0	0.016	0	1.40944e-009	11628.2	11887.6	4162.21
11762.4	7249.41	3	1.#QNAN	0	0.015	0	1.58055e-009	11549.3	11762.4	4162.21
11644.6	7157.52	4	1.#QNAN	0	0.016	0	1.75321e-009	11339.2	11644.6	37734.5
11535.8	7086.25	5	1.#QNAN	0	0.031	0	1.80721e-009	11157.5	11535.8	11157.5
11451.8	7028.77	6	1.#QNAN	0	0.016	0	2.04569e-009	11096	11451.8	11062.4
11330.4	6939.92	7	1.#QNAN	0	0.015	0	2.27276e-009	10666.2	11330.4	10885.6
11199.5	6846.33	8	1.#QNAN	0	0.016	0	2.44965e-009	10359	11199.5	10713.4
11077.2	6762.17	9	1.#QNAN	0	0.016	0	2.73712e-009	10158	11077.2	10572.8
10950.3	6673.45	10	1.#QNAN	0	0.031	0	3.05165e-009	9902.47	10950.3	10430.2
10798.4	6575.28	11	1.#QNAN	0	0.015	0	3.36829e-009	9354.88	10798.4	10252.3
10631.2	6468.78	12	1.#QNAN	0	0.016	0	3.80476e-009	8853.56	10631.2	10056.7
10444.4	6357.03	13	1.#QNAN	0	0.016	0	4.31831e-009	8322.83	10444.4	9836.16
10234.2	6234.61	14	1.#QNAN	0	0.015	0	5.19649e-009	7708.94	10234.2	9586.51
9988.01	6095.32	15	1.#QNAN	0	0.016	0	6.58472e-009	6819.68	9988.01	9293.81
9749.55	5965.26	16	1.#QNAN	0	0.031	0	7.56866e-009	6597.82	9749.55	9020.31
9507.35	5831.49	17	1.#QNAN	0	0.016	0	9.11467e-009	6147.51	9507.35	8747.31
9260.64	5696.88	18	1.#QNAN	0	0.015	0	1.15055e-008	5755.76	9260.64	8474.34
9011.27	5560.88	19	1.#QNAN	0	0.016	0	1.24458e-008	5488.29	9011.27	8202.43
8769.77	5428.07	20	1.#QNAN	0	0.015	0	1.45107e-008	5287.54	8769.77	7945.6
8534.47	5299.37	21	1.#QNAN	0	0.016	0	1.70904e-008	5114.87	8534.47	7699.67
8311.17	5176.51	22	1.#QNAN	0	0.016	0	1.85093e-008	4984.05	8311.17	7471.18
8092.77	5054.4	23	1.#QNAN	0	0.015	0	2.0278e-008	4821.98	8092.77	7250.44
7886.51	4940.69	24	1.#QNAN	0	0.031	0	2.35195e-008	4680.06	7886.51	7045.89
7689.85	4830.61	25	1.#QNAN	0	0.016	0	2.40712e-008	4675.48	7689.85	6854.16
7505.46	4725.31	26	1.#QNAN	0	0.016	0	2.51941e-008	4557.9	7505.46	6676.74
7330.87	4624.54	27	1.#QNAN	0	0.015	0	2.73984e-008	4463.93	7330.87	6511.57
7168.33	4531.18	28	1.#QNAN	0	0.016	0	2.86239e-008	4454.76	7168.33	6360.83
7015.58	4443.08	29	1.#QNAN	0	0.015	0	2.96341e-008	4424.44	7015.58	6221.29
6867.69	4358.72	30	1.#QNAN	0	0.016	0	3.13482e-008	4286.73	6867.69	6086.69
6725.35	4278.31	31	1.#QNAN	0	0.031	0	3.26654e-008	4245.2	6725.35	5958.21
6590.41	4200.84	32	1.#QNAN	0	0.016	0	3.39042e-008	4190.52	6590.41	5837.76
6468.09	4130.39	33	1.#QNAN	0	0.015	0	3.49427e-008	4209.99	6468.09	5731.13
6353	4064.67	34	1.#QNAN	0	0.016	0	3.64914e-008	4175.78	6353	5632.06
6242.57	4000.94	35	1.#QNAN	0	0.016	0	3.825e-008	4102.11	6242.57	5537.54
6136.47	3939.83	36	1.#QNAN	0	0.015	0	4.04882e-008	4043.56	6136.47	5447.21
6033.87	3880.84	37	1.#QNAN	0	0.016	0	4.20649e-008	4063.55	6033.87	5359.93
5935.74	3823.45	38	1.#QNAN	0	0.031	0	4.28564e-008	3907.85	5935.74	5276.81
5841.7	3767.82	39	1.#QNAN	0	0.016	0	4.51267e-008	3768.76	5841.7	5197.31
5754.18	3716.54	40	1.#QNAN	0	0.015	0	4.80368e-008	3907.17	5754.18	5124.6
5669.19	3666.38	41	1.#QNAN	0	0.016	0	4.84286e-008	3744.83	5669.19	5053.89
5587.86	3617.76	42	1.#QNAN	0	0.015	0	5.08997e-008	3747.43	5587.86	4986.8
5510.41	3572.14	43	1.#QNAN	0	0.016	0	5.1895e-008	3678.29	5510.41	4923.14
5435.74	3527.54	44	1.#QNAN	0	0.016	0	5.44357e-008	3666.14	5435.74	4862.03
5363.91	3485.18	45	1.#QNAN	0	0.031	0	5.50001e-008	3731.48	5363.91	4803.46
5295.22	3444.09	46	1.#QNAN	0	0.015	0	5.74947e-008	3552.96	5295.22	4747.49
5229.47	3404.52	47	1.#QNAN	0	0.016	0	5.92759e-008	3505.41	5229.47	4694.05
5165.07	3364.99	48	1.#QNAN	0	0.016	0	6.34436e-008	3414.49	5165.07	4641.19
5104.77	3328.81	49	1.#QNAN	0	0.015	0	6.37768e-008	3493.14	5104.77	4592.75
5045.83	3293.48	50	1.#QNAN	0	0.016	0	6.76698e-008	3515.29	5045.83	4545.42
4987.95	3258.08	51	1.#QNAN	0	0.015	0	6.59508e-008	3445	4987.95	4498.77
4933.62	3224.85	52	1.#QNAN	0	0.016	0	7.14453e-008	3501.99	4933.62	4455.54
4879.87	3191.45	53	1.#QNAN	0	0.016	0	7.27339e-008	3360.33	4879.87	4412.29
4827.83	3159.03	54	1.#QNAN	0	0.031	1	7.47269e-008	3354.28	4827.83	4370.38
4778.89	3128.66	55	1.#QNAN	0	0.015	0	7.80921e-008	3441.7	4778.89	4331.5
4730.6	3098.83	56	1.#QNAN	0	0.016	0	7.93842e-008	3336.81	4730.6	4292.83
4686.01	3071.38	57	1.#QNAN	0	0.016	0	8.29093e-008	3310.65	4686.01	4257.59
4640.63	3043.16	58	1.#QNAN	0	0.015	0	8.74151e-008	3190.6	4640.63	4221.1
4597.56	3016.09	59	1.#QNAN	0	0.016	0	9.28096e-008	3205.62	4597.56	4186.81
4555.8	2989.61	60	1.#QNAN	0	0.015	0	9.27961e-008	3248.81	4555.8	4153.57
4515.19	2964.3	61	1.#QNAN	0	0.016	0	8.98046e-008	3112.88	4515.19	4121.09
4476.21	2939.4	62	1.#QNAN	0	0.016	0	9.61399e-008	3174.18	4476.21	4090.19
4437.67	2914.94	63	1.#QNAN	0	0.031	0	9.7636e-008	3056.09	4437.67	4059.13
4400.17	2891.12	64	1.#QNAN	0	0.015	0	1.03179e-007	3041.77	4400.17	4028.83
4364.08	2869	65	1.#QNAN	0	0.016	0	1.05795e-007	2970.73	4364.08	3999.71
4328.34	2847.03	66	1.#QNAN	0	0.016	0	1.06922e-007	2944.51	4328.34	3970.69
4293.45	2825.77	67	1.#QNAN	0	0.015	0	1.15152e-007	2982.76	4293.45	3942.54
4259.13	2804.71	68	1.#QNAN	0	0.016	0	1.18098e-007	2891.56	4259.13	3914.58
4226.48	2784.72	69	1.#QNAN	0	0.015	0	1.19015e-007	2958.5	4226.48	3888.25
4194.5	2765.08	70	1.#QNAN	0	0.016	0	1.21326e-007	2902.69	4194.5	3862.45
4162.82	2745.72	71	1.#QNAN	0	0.031	0	1.24125e-007	2832.24	4162.82	3836.75
4132.43	2726.85	72	1.#QNAN	0	0.016	0	1.2697e-007	2840.5	4132.43	3812.18
4102.09	2708.14	73	1.#QNAN	0	0.015	0	1.24549e-007	2823.41	4102.09	3787.51
4072.71	2690.29	74	1.#QNAN	0	0.016	0	1.29979e-007	2738.32	4072.71	3763.37
4044.22	2672.59	75	1.#QNAN	0	0.016	0	1.46107e-007	2810.07	4044.22	3740.18
4015.9	2655.04	76	1.#QNAN	0	0.015	0	1.40589e-007	2750.77	4015.9	3716.88
3988.21	2637.74	77	1.#QNAN	0	0.016	0	1.48217e-007	2746.17	3988.21	3694.19
3960.46	2620.56	78	1.#QNAN	0	0.015	0	1.50427e-007	2666.25	3960.46	3671.24
3933.48	2603.8	79	1.#QNAN	0	0.032	0	1.53586e-007	2679.59	3933.48	3649.08
3907.62	2587.66	80	1.#QNAN	0	0.015	0	1.56555e-007	2699.64	3907.62	3627.95
3881.64	2571.61	81	1.#QNAN	0	0.016	0	1.65846e-007	2611.78	3881.64	3606.52
3856.02	2555.85	82	1.#QNAN	0	0.015	0	1.64063e-007	2590.33	3856.02	3585.33
3830.69	2540.31	83	1.#QNAN	0	0.016	0	1.68679e-007	2615.68	3830.69	3564.35
3805.62	2525	84	1.#QNAN	0	0.016	0	1.7645e-007	2535.64	3805.62	3543.48
3781.5	2509.96	85	1.#QNAN	0	0.015	0	1.7607e-007	2592.46	3781.5	3523.45
3758.46	2495.89	86	1.#QNAN	0	0.016	0	1.83923e-007	2645.66	3758.46	3504.41
3734.82	2481.36	87	1.#QNAN	0	0.031	0	1.90912e-007	2413.34	3734.82	3484.43
3711.55	2466.89	88	1.#QNAN	0	0.016	0	2.01992e-007	2426.46	3711.55	3464.85
3688.65	2452.98	89	1.#QNAN	0	0.015	0	1.97584e-007	2417.92	3688.65	3445.57
3666.08	2439.49	90	1.#QNAN	0	0.016	0	2.02487e-007	2383.92	3666.08	3426.43
3644.23	2426.15	91	1.#QNAN	0	0.015	0	2.02481e-007	2399.99	3644.23	3408.03
3622.71	2412.76	92	1.#QNAN	0	0.016	0	2.20319e-007	2399.44	3622.71	3390
3601.4	2399.73	93	1.#QNAN	0	0.016	0	2.09903e-007	2346.54	3601.4	3372.02
3580.89	2387.05	94	1.#QNAN	0	0.015	0	2.2481e-007	2333.49	3580.89	3354.73
3560.3	2374.05	95	1.#QNAN	0	0.031	0	2.27051e-007	2379.15	3560.3	3337.42
3540.11	2361.62	96	1.#QNAN	0	0.016	0	2.34929e-007	2312.24	3540.11	3320.33
3520.47	2349.29	97	1.#QNAN	0	0.016	0	2.46262e-007	2279.7	3520.47	3303.67
3501.18	2337.27	98	1.#QNAN	0	0.015	0	2.55581e-007	2328.24	3501.18	3287.31
3481.46	2325.06	99	1.#QNAN	0	0.016	0	2.57663e-007	2256	3481.46	3270.37
3462.16	2312.88	100	1.#QNAN	0	0.015	0	2.55623e-007	2226.98	3462.16	3253.8
3443.37	2301.01	101	1.#QNAN	0	0.016	0	2.64569e-007	2276.19	3443.37	3237.67
3424.92	2289.29	102	1.#QNAN	0	0.031	0	2.73067e-007	2224.81	3424.92	3221.78
3406.64	2277.62	103	1.#QNAN	0	0.016	0	2.80201e-007	2202.46	3406.64	3206.02
3388.79	2266.22	104	1.#QNAN	0	0.015	0	2.79735e-007	2165.15	3388.79	3190.55
3371.03	2254.89	105	1.#QNAN	0	0.016	0	2.8829e-007	2182.95	3371.03	3175.16
3353.79	2243.94	106	1.#QNAN	0	0.016	0	2.76036e-007	2389.36	3353.79	3160.35
3336.76	2233.02	107	1.#QNAN	0	0.015	0	2.98523e-007	2197.58	3336.76	3145.71
3319.77	2222.04	108	1.#QNAN	0	0.016	0	2.92082e-007	2161.53	3319.77	3131
3303.5	2211.47	109	1.#QNAN	0	0.015	0	3.1123e-007	2275.64	3303.5	3116.98
3287.09	2200.95	110	1.#QNAN	0	0.032	1	3.17061e-007	2132.42	3287.09	3102.72
3271.11	2190.67	111	1.#QNAN	0	0.015	0	3.18376e-007	2126.96	3271.11	3088.88
3255.73	2180.77	112	1.#QNAN	0	0.016	0	3.19293e-007	2153.33	3255.73	3075.58
3240.39	2170.93	113	1.#QNAN	0	0.015	0	3.35364e-007	2121.71	3240.39	3062.29
3225.09	2161	114	1.#QNAN	0	0.016	0	3.26552e-007	2084.3	3225.09	3048.99
3209.77	2151.18	115	1.#QNAN	0	0.016	0	3.46991e-007	2050.99	3209.77	3035.56
3194.43	2141.26	116	1.#QNAN	0	0.015	0	3.59584e-007	2043.19	3194.43	3022.15
3179.44	2131.67	117	1.#QNAN	0	0.016	0	3.5873e-007	2035.98	3179.44	3009.01
3164.58	2122.11	118	1.#QNAN	0	0.031	0	3.68983e-007	2037.62	3164.58	2995.98
3149.72	2112.55	119	1.#QNAN	0	0.016	0	3.81866e-007	2019.09	3149.72	2982.9
3135.03	2103.12	120	1.#QNAN	0	0.015	0	3.8166e-007	1983.02	3135.03	2969.94
3120.81	2093.9	121	1.#QNAN	0	0.016	0	3.89738e-007	2021.73	3120.81	2957.5
3106.31	2084.43	122	1.#QNAN	0	0.015	0	3.94548e-007	1930.33	3106.31	2944.68
3092.22	2075.33	123	1.#QNAN	0	0.016	0	3.94267e-007	1987.39	3092.22	2932.25
3078.32	2066.39	124	1.#QNAN	0	0.016	0	4.23764e-007	1934.13	3078.32	2919.96
3064.83	2057.55	125	1.#QNAN	0	0.015	0	4.14192e-007	1956.74	3064.83	2908.1
3051.12	2048.55	126	1.#QNAN	0	0.016	0	4.05504e-007	1936.92	3051.12	2895.99
3038.16	2040.02	127	1.#QNAN	0	0.016	0	4.05526e-007	2159.91	3038.16	2884.66
3024.73	2031.27	128	1.#QNAN	0	0.016	0	4.15115e-007	1909.94	3024.73	2872.79
3011.57	2022.63	129	1.#QNAN	0	0.015	0	4.37544e-007	1945.83	3011.57	2861.19
2998.49	2014.21	130	1.#QNAN	0	0.016	0	4.31036e-007	1956.23	2998.49	2849.58
2985.5	2005.8	131	1.#QNAN	0	0.015	0	4.28637e-007	1912.62	2985.5	2838.06
2972.54	1997.45	132	1.#QNAN	0	0.016	0	4.39343e-007	1911.14	2972.54	2826.55
2959.87	1989.22	133	1.#QNAN	0	0.016	0	4.23264e-007	1887.28	2959.87	2815.29
2947.31	1981.13	134	1.#QNAN	0	0.031	0	4.49196e-007	1873.58	2947.31	2804.12
2934.66	1972.99	135	1.#QNAN	0	0.015	0	4.65504e-007	1839.68	2934.66	2792.77
2922.3	1965.06	136	1.#QNAN	0	0.016	0	4.60998e-007	1851.7	2922.3	2781.7
2910.28	1957.33	137	1.#QNAN	0	0.016	0	4.5394e-007	1920.2	2910.28	2770.95
2898.59	1949.64	138	1.#QNAN	0	0.015	0	4.66668e-007	1880.96	2898.59	2760.56
2886.57	1941.83	139	1.#QNAN	0	0.016	0	4.80745e-007	1807.07	2886.57	2749.77
2874.66	1934.2	140	1.#QNAN	0	0.015	0	4.65217e-007	1800.74	2874.66	2739.04
2863.15	1926.7	141	1.#QNAN	0	0.016	0	4.6777e-007	1860.35	2863.15	2728.74
2851.81	1919.37	142	1.#QNAN	0	0.031	0	4.66754e-007	1819.98	2851.81	2718.59
2840.56	1912.04	143	1.#QNAN	0	0.016	0	4.96647e-007	1819.59	2840.56	2708.53
2829.2	1904.75	144	1.#QNAN	0	0.015	0	5.08187e-007	1798.47	2829.2	2698.3
2818.02	1897.62	145	1.#QNAN	0	0.016	0	4.94193e-007	1825.88	2818.02	2688.2
2806.99	1890.52	146	1.#QNAN	0	0.016	0	4.91971e-007	1788.02	2806.99	2678.25
2796.22	1883.51	147	1.#QNAN	0	0.015	0	4.98903e-007	1860.44	2796.22	2668.58
2785.75	1876.57	148	1.#QNAN	0	0.016	0	5.07156e-007	1842.46	2785.75	2659.22
2775.15	1869.51	149	1.#QNAN	0	0.015	0	4.97281e-007	1765.79	2775.15	2649.67
2764.62	1862.48	150	1.#QNAN	0	0.016	0	5.20499e-007	1760.52	2764.62	2640.19
2754.53	1855.73	151	1.#QNAN	0	0.031	0	5.37138e-007	1805.34	2754.53	2631.16
2744.72	1849.18	152	1.#QNAN	0	0.016	0	5.35118e-007	2043.84	2744.72	2622.4
2734.77	1842.65	153	1.#QNAN	0	0.015	0	5.40848e-007	1798.36	2734.77	2613.44
2724.97	1836.17	154	1.#QNAN	0	0.016	0	5.40663e-007	1834.96	2724.97	2604.64
2714.93	1829.52	155	1.#QNAN	0	0.016	0	5.40115e-007	1737.5	2714.93	2595.57
2705.27	1823.09	156	1.#QNAN	0	0.015	0	5.55336e-007	1759.74	2705.27	2586.88
2695.64	1816.72	157	1.#QNAN	0	0.016	0	5.50234e-007	1744.33	2695.64	2578.17
2685.81	1810.26	158	1.#QNAN	0	0.015	0	5.24086e-007	1680.4	2685.81	2569.26
2676.25	1803.83	159	1.#QNAN	0	0.032	0	5.76496e-007	1695.21	2676.25	2560.61
2667.05	1797.71	160	1.#QNAN	0	0.015	0	5.54017e-007	1861.82	2667.05	2552.34
2657.89	1791.53	161	1.#QNAN	0	0.016	0	5.58107e-007	1971.92	2657.89	2544.1
2648.79	1785.46	162	1.#QNAN	0	0.015	0	5.66333e-007	1866.09	2648.79	2535.86
2639.37	1779.23	163	1.#QNAN	0	0.016	0	5.86884e-007	1668.09	2639.37	2527.3
2630.27	1773.11	164	1.#QNAN	0	0.016	0	5.68677e-007	1674.85	2630.27	2519.02
2621.25	1767.2	165	1.#QNAN	0	0.015	0	5.63413e-007	1723.38	2621.25	2510.8
2612.37	1761.24	166	1.#QNAN	0	0.016	0	5.71581e-007	1749.6	2612.37	2502.77
2603.47	1755.28	167	1.#QNAN	0	0.031	1	5.89044e-007	1668.78	2603.47	2494.67
2594.79	1749.39	168	1.#QNAN	0	0.016	0	5.74273e-007	1720.64	2594.79	2486.79
2585.98	1743.47	169	1.#QNAN	0	0.015	0	5.71359e-007	1658.84	2585.98	2478.77
2577.45	1737.66	170	1.#QNAN	0	0.016	0	5.8349e-007	1656.32	2577.45	2471.04
2568.81	1731.82	171	1.#QNAN	0	0.015	0	5.95786e-007	1651.25	2568.81	2463.14
2560.46	1726.07	172	1.#QNAN	0	0.016	0	5.79341e-007	1650.84	2560.46	2455.56
2552.03	1720.28	173	1.#QNAN	0	0.016	0	5.81268e-007	1644.61	2552.03	2447.89
2544.17	1714.69	174	1.#QNAN	0	0.015	0	6.14409e-007	1987.9	2544.17	2440.86
2535.99	1709.04	175	1.#QNAN	0	0.031	0	5.87722e-007	1651.8	2535.99	2433.42
2527.88	1703.35	176	1.#QNAN	0	0.016	0	6.17742e-007	1637.11	2527.88	2426.06
2519.76	1697.65	177	1.#QNAN	0	0.016	0	5.73013e-007	1644.97	2519.76	2418.69
2511.81	1692.09	178	1.#QNAN	0	0.015	0	6.35494e-007	1639.21	2511.81	2411.44
2504.27	1686.75	179	1.#QNAN	0	0.016	0	6.11999e-007	1806.11	2504.27	2404.65
2496.17	1681.22	180	1.#QNAN	0	0.015	0	6.3436e-007	1575.62	2496.17	2397.24
2488.65	1675.94	181	1.#QNAN	0	0.016	0	6.04871e-007	1725.13	2488.65	2390.43
2480.81	1670.51	182	1.#QNAN	0	0.016	0	6.3977e-007	1607.26	2480.81	2383.26
2473.14	1665.11	183	1.#QNAN	0	0.031	0	6.1789e-007	1632.7	2473.14	2376.29
2465.47	1659.7	184	1.#QNAN	0	0.015	0	6.32525e-007	1619.44	2465.47	2369.3
2457.95	1654.41	185	1.#QNAN	0	0.016	0	6.41898e-007	1624.45	2457.95	2362.47
2450.45	1649.15	186	1.#QNAN	0	0.016	0	6.30542e-007	1612.16	2450.45	2355.64
2443.23	1644.1	187	1.#QNAN	0	0.015	0	6.28362e-007	1627.34	2443.23	2349.09
2436.21	1639.17	188	1.#QNAN	0	0.016	0	6.49035e-007	1637.14	2436.21	2342.74
2429.19	1634.3	189	1.#QNAN	0	0.015	0	6.41248e-007	1605.98	2429.19	2336.34
2422.22	1629.46	190	1.#QNAN	0	0.032	0	6.51225e-007	1621.13	2422.22	2330.01
2415.33	1624.62	191	1.#QNAN	0	0.015	0	6.48014e-007	1631.86	2415.33	2323.77
2408.46	1619.74	192	1.#QNAN	0	0.016	0	6.68281e-007	1686.64	2408.46	2317.57
2401.46	1614.82	193	1.#QNAN	0	0.015	0	6.39324e-007	1633.68	2401.46	2311.18
2394.73	1610.14	194	1.#QNAN	0	0.016	0	6.65945e-007	1654.85	2394.73	2305.05
2388.04	1605.51	195	1.#QNAN	0	0.016	0	6.5623e-007	1604.46	2388.04	2298.97
2381.63	1600.99	196	1.#QNAN	0	0.015	0	6.5203e-007	1655.07	2381.63	2293.17
2375.1	1596.43	197	1.#QNAN	0	0.031	0	6.47795e-007	1601.22	2375.1	2287.24
2368.79	1592.01	198	1.#QNAN	0	0.016	0	6.34452e-007	1780.73	2368.79	2281.54
2362.32	1587.47	199	1.#QNAN	0	0.016	0	6.42934e-007	1611.4	2362.32	2275.64
2355.95	1583	200	1.#QNAN	0	0.015	0	6.59636e-007	1637.19	2355.95	2269.85
2350.19	1578.79	201	1.#QNAN	0	0.016	0	6.7804e-007	1935.86	2350.19	2264.72
2344.05	1574.48	202	1.#QNAN	0	0.015	0	6.86915e-007	1687.31	2344.05	2259.15
2338	1570.18	203	1.#QNAN	0	0.016	0	6.71408e-007	1658.32	2338	2253.69
2331.87	1565.86	204	1.#QNAN	0	0.016	0	6.67271e-007	1617.98	2331.87	2248.15
2325.83	1561.55	205	1.#QNAN	0	0.015	0	6.95745e-007	1673.86	2325.83	2242.69
2319.83	1557.33	206	1.#QNAN	0	0.015	0	6.76907e-007	1663.58	2319.83	2237.25
2313.94	1553.12	207	1.#QNAN	0	0.016	0	6.73661e-007	1679.26	2313.94	2231.92
2308.07	1549.04	208	1.#QNAN	0	0.016	0	6.77321e-007	1625.84	2308.07	2226.56
2302.22	1544.91	209	1.#QNAN	0	0.015	0	6.75818e-007	1632.3	2302.22	2221.23
2296.49	1540.8	210	1.#QNAN	0	0.016	0	6.70473e-007	1667.98	2296.49	2216.04
2291.03	1536.75	211	1.#QNAN	0	0.015	0	6.92116e-007	1807.42	2291.03	2211.14
2285.42	1532.74	212	1.#QNAN	0	0.016	0	6.97005e-007	1655.41	2285.42	2206.05
2280.14	1528.82	213	1.#QNAN	0	0.016	0	6.84002e-007	1747.19	2280.14	2201.32
2274.62	1524.9	214	1.#QNAN	0	0.031	0	7.00359e-007	1639.89	2274.62	2196.31
2268.98	1520.92	215	1.#QNAN	0	0.015	0	6.99921e-007	1583.34	2268.98	2191.18
2263.48	1517.08	216	1.#QNAN	0	0.016	0	6.90245e-007	1593.72	2263.48	2186.16
2258.01	1513.22	217	1.#QNAN	0	0.016	0	7.05317e-007	1578.45	2258.01	2181.17
2252.77	1509.48	218	1.#QNAN	0	0.015	0	6.60545e-007	1696.85	2252.77	2176.43
2247.28	1505.71	219	1.#QNAN	0	0.016	0	6.93618e-007	1600.8	2247.28	2171.38
2242.11	1502.01	220	1.#QNAN	0	0.015	0	6.82501e-007	1814.56	2242.11	2166.7
2236.74	1498.33	221	1.#QNAN	0	0.016	0	6.8293e-007	1607.7	2236.74	2161.78
2231.39	1494.62	222	1.#QNAN	0	0.016	0	7.24354e-007	1561.62	2231.39	2156.88
2226.15	1490.96	223	1.#QNAN	0	0.031	0	7.25799e-007	1602.45	2226.15	2152.09
2220.76	1487.22	224	1.#QNAN	0	0.015	1	7.05215e-007	1538.12	2220.76	2147.15
2215.48	1483.56	225	1.#QNAN	0	0.016	0	7.38727e-007	1584.79	2215.48	2142.31
2210.59	1480.07	226	1.#QNAN	0	0.016	0	6.7169e-007	1649.37	2210.59	2137.86
2205.57	1476.54	227	1.#QNAN	0	0.015	0	7.10208e-007	1572.83	2205.57	2133.27
2200.57	1473.02	228	1.#QNAN	0	0.016	0	7.07911e-007	1579.88	2200.57	2128.7
2195.82	1469.59	229	1.#QNAN	0	0.015	0	7.2415e-007	1749.97	2195.82	2124.4
2190.94	1466.12	230	1.#QNAN	0	0.016	0	7.30112e-007	1568.03	2190.94	2119.93
2186.15	1462.68	231	1.#QNAN	0	0.031	0	7.22567e-007	1593.46	2186.15	2115.56
2181.43	1459.24	232	1.#QNAN	0	0.016	0	7.04934e-007	1604.58	2181.43	2111.25
2176.68	1455.8	233	1.#QNAN	0	0.015	0	6.88136e-007	1606.19	2176.68	2106.94
2172.03	1452.43	234	1.#QNAN	0	0.016	0	7.30594e-007	1587.86	2172.03	2102.71
2167.59	1449.2	235	1.#QNAN	0	0.016	0	7.13871e-007	1707.4	2167.59	2098.69
2163.02	1445.94	236	1.#QNAN	0	0.015	0	6.98337e-007	1593.82	2163.02	2094.54
2158.61	1442.78	237	1.#QNAN	0	0.016	0	7.52758e-007	1619.93	2158.61	2090.55
2154.13	1439.59	238	1.#QNAN	0	0.015	0	7.19807e-007	1622.77	2154.13	2086.5
2149.59	1436.38	239	1.#QNAN	0	0.016	0	6.98948e-007	1563.18	2149.59	2082.34
2145.16	1433.23	240	1.#QNAN	0	0.031	0	7.3152e-007	1605.36	2145.16	2078.31
2140.84	1430.13	241	1.#QNAN	0	0.016	0	7.15764e-007	1592.22	2140.84	2074.41
2136.49	1427.04	242	1.#QNAN	0	0.015	0	7.07365e-007	1624.31	2136.49	2070.44
2132.32	1424.01	243	1.#QNAN	0	0.016	0	6.95465e-007	1623.42	2132.32	2066.69
2128.12	1420.99	244	1.#QNAN	0	0.016	0	7.09616e-007	1635.46	2128.12	2062.89
2123.81	1417.96	245	1.#QNAN	0	0.015	0	7.25976e-007	1589.48	2123.81	2058.95
2119.61	1414.98	246	1.#QNAN	0	0.016	0	7.12067e-007	1589.03	2119.61	2055.14
2115.41	1411.94	247	1.#QNAN	0	0.015	0	7.37351e-007	1553.16	2115.41	2051.31
2111.33	1409.01	248	1.#QNAN	0	0.032	0	7.12095e-007	1646.01	2111.33	2047.63
2107.24	1406.04	249	1.#QNAN	0	0.015	0	7.25386e-007	1621.99	2107.24	2043.91
2103.38	1403.21	250	1.#QNAN	0	0.016	0	7.13952e-007	1865.63	2103.38	2040.44
2099.46	1400.35	251	1.#QNAN	0	0.015	0	7.56976e-007	1639.79	2099.46	2036.88
2095.35	1397.4	252	1.#QNAN	0	0.016	0	7.26342e-007	1615	2095.35	2033.14
2091.23	1394.46	253	1.#QNAN	0	0.016	0	7.26508e-007	1567.24	2091.23	2029.38
2087.17	1391.59	254	1.#QNAN	0	0.015	0	7.74705e-007	1578.54	2087.17	2025.68
2083.29	1388.8	255	1.#QNAN	0	0.016	0	7.12817e-007	1579.11	2083.29	2022.18
2079.5	1386.03	256	1.#QNAN	0	0.031	0	7.16553e-007	1696.58	2079.5	2018.78
2075.57	1383.19	257	1.#QNAN	0	0.016	0	7.19429e-007	1589.78	2075.57	2015.2
2071.59	1380.36	258	1.#QNAN	0	0.015	0	7.24807e-007	1584.92	2071.59	2011.56
2067.84	1377.62	259	1.#QNAN	0	0.016	0	7.35521e-007	1594.47	2067.84	2008.17
2064.25	1375.01	260	1.#QNAN	0	0.015	0	7.15165e-007	1613.94	2064.25	2004.93
2060.6	1372.38	261	1.#QNAN	0	0.016	0	7.67006e-007	1567.39	2060.6	2001.63
2056.83	1369.68	262	1.#QNAN	0	0.016	0	7.38333e-007	1563.92	2056.83	1998.2
2053.18	1367.04	263	1.#QNAN	0	0.015	0	7.27469e-007	1608.12	2053.18	1994.89
2049.57	1364.45	264	1.#QNAN	0	0.031	0	7.53495e-007	1579.11	2049.57	1991.62
2046.17	1361.92	265	1.#QNAN	0	0.016	0	7.28639e-007	1737.69	2046.17	1988.57
2042.43	1359.27	266	1.#QNAN	0	0.016	0	7.44092e-007	1523.08	2042.43	1985.14
2038.72	1356.61	267	1.#QNAN	0	0.015	0	7.52734e-007	1570.47	2038.72	1981.73
2035.02	1354.05	268	1.#QNAN	0	0.016	0	7.43753e-007	1566.6	2035.02	1978.31
2031.27	1351.43	269	1.#QNAN	0	0.015	0	7.24353e-007	1585.89	2031.27	1974.83
2027.99	1348.99	270	1.#QNAN	0	0.016	0	7.08983e-007	1690.16	2027.99	1971.87
2024.66	1346.6	271	1.#QNAN	0	0.016	0	7.47502e-007	1772.34	2024.66	1968.85
2021.15	1344.14	272	1.#QNAN	0	0.015	0	7.53264e-007	1539.32	2021.15	1965.62
2017.69	1341.71	273	1.#QNAN	0	0.031	0	7.10729e-007	1547.79	2017.69	1962.45
2014.42	1339.4	274	1.#QNAN	0	0.016	0	7.34642e-007	1768.58	2014.42	1959.49
2010.92	1336.99	275	1.#QNAN	0	0.016	0	7.61893e-007	1533.12	2010.92	1956.26
2007.71	1334.68	276	1.#QNAN	0	0.015	0	7.6925e-007	1617.65	2007.71	1953.35
2004.26	1332.25	277	1.#QNAN	0	0.016	0	7.35206e-007	1540.01	2004.26	1950.16
2000.9	1329.92	278	1.#QNAN	0	0.015	0	7.69124e-007	1531.66	2000.9	1947.1
1997.51	1327.6	279	1.#QNAN	0	0.016	0	7.32203e-007	1540.09	1997.51	1943.98
1994.37	1325.37	280	1.#QNAN	0	0.016	0	7.31883e-007	1568.58	1994.37	1941.13
1991.22	1323.19	281	1.#QNAN	0	0.031	1	7.31272e-007	1548.11	1991.22	1938.26
1987.98	1320.94	282	1.#QNAN	0	0.015	0	7.28253e-007	1527.71	1987.98	1935.29
1984.82	1318.74	283	1.#QNAN	0	0.016	0	7.52168e-007	1540.91	1984.82	1932.4
1981.91	1316.65	284	1.#QNAN	0	0.016	0	7.19993e-007	1677.5	1981.91	1929.77
1978.83	1314.53	285	1.#QNAN	0	0.015	0	7.65172e-007	1565.52	1978.83	1926.96
1975.74	1312.4	286	1.#QNAN	0	0.016	0	7.48489e-007	1538.74	1975.74	1924.14
1972.9	1310.34	287	1.#QNAN	0	0.015	0	7.31316e-007	1671.55	1972.9	1921.59
1970.02	1308.27	288	1.#QNAN	0	0.032	0	7.30697e-007	1615.49	1970.02	1918.99
1967.37	1306.3	289	1.#QNAN	0	0.015	0	7.47529e-007	1825.37	1967.37	1916.62
1964.48	1304.22	290	1.#QNAN	0	0.016	0	7.09392e-007	1589.41	1964.48	1914.01
1961.52	1302.17	291	1.#QNAN	0	0.015	0	7.40935e-007	1574.45	1961.52	1911.33
1958.59	1300.15	292	1.#QNAN	0	0.016	0	7.31433e-007	1509.1	1958.59	1908.66
1955.79	1298.14	293	1.#QNAN	0	0.016	0	7.54779e-007	1561.14	1955.79	1906.11
1952.93	1296.15	294	1.#QNAN	0	0.015	0	7.56269e-007	1518.65	1952.93	1903.51
1950.31	1294.21	295	1.#QNAN	0	0.016	0	7.15746e-007	1694.28	1950.31	1901.17
1947.7	1292.28	296	1.#QNAN	0	0.015	0	7.67152e-007	1743.14	1947.7	1898.84
1944.85	1290.27	297	1.#QNAN	0	0.032	0	7.51751e-007	1547.5	1944.85	1896.24
1942.07	1288.26	298	1.#QNAN	0	0.015	0	7.41484e-007	1546.29	1942.07	1893.72
1939.54	1286.36	299	1.#QNAN	0	0.016	0	7.59423e-007	1701.06	1939.54	1891.45
1936.8	1284.41	300	1.#QNAN	0	0.015	0	7.33235e-007	1560.43	1936.8	1888.95
1934.07	1282.47	301	1.#QNAN	0	0.016	0	7.28919e-007	1559.41	1934.07	1886.47
1931.48	1280.57	302	1.#QNAN	0	0.016	0	7.29852e-007	1610.67	1931.48	1884.15
1928.83	1278.69	303	1.#QNAN	0	0.015	0	7.39486e-007	1624.6	1928.83	1881.75
1926.26	1276.83	304	1.#QNAN	0	0.031	0	7.53031e-007	1629.56	1926.26	1879.44
1923.66	1274.95	305	1.#QNAN	0	0.016	0	7.51039e-007	1580.24	1923.66	1877.09
1921.13	1273.13	306	1.#QNAN	0	0.016	0	7.44087e-007	1568.03	1921.13	1874.81
1918.59	1271.33	307	1.#QNAN	0	0.015	0	7.21986e-007	1598.86	1918.59	1872.51
1916.24	1269.57	308	1.#QNAN	0	0.016	0	7.55768e-007	1706.28	1916.24	1870.42
1913.68	1267.76	309	1.#QNAN	0	0.015	0	7.64057e-007	1589.15	1913.68	1868.1
1911.07	1265.95	310	1.#QNAN	0	0.016	0	7.55105e-007	1580.48	1911.07	1865.73
1908.88	1264.27	311	1.#QNAN	0	0.031	0	7.36477e-007	1899.15	1908.88	1863.81
1906.38	1262.46	312	1.#QNAN	0	0.016	0	7.34289e-007	1536.25	1906.38	1861.54
1903.89	1260.66	313	1.#QNAN	0	0.015	0	7.45024e-007	1566.88	1903.89	1859.28
1901.49	1258.94	314	1.#QNAN	0	0.016	0	7.48116e-007	1591.19	1901.49	1857.15
1898.92	1257.13	315	1.#QNAN	0	0.016	0	7.42489e-007	1522.05	1898.92	1854.8
1896.54	1255.42	316	1.#QNAN	0	0.015	0	7.32589e-007	1552.11	1896.54	1852.65
1894.08	1253.67	317	1.#QNAN	0	0.016	0	7.40788e-007	1567.09	1894.08	1850.44
1891.77	1252	318	1.#QNAN	0	0.015	0	7.55045e-007	1563.32	1891.77	1848.37
1889.68	1250.43	319	1.#QNAN	0	0.016	0	7.60816e-007	1771.12	1889.68	1846.52
1887.32	1248.73	320	1.#QNAN	0	0.031	0	7.40889e-007	1538.6	1887.32	1844.37
1885.1	1247.12	321	1.#QNAN	0	0.016	0	7.90908e-007	1586.85	1885.1	1842.38
1882.74	1245.41	322	1.#QNAN	0	0.015	0	7.62619e-007	1531.62	1882.74	1840.25
1880.44	1243.76	323	1.#QNAN	0	0.016	0	7.67265e-007	1535.38	1880.44	1838.18
1878.15	1242.14	324	1.#QNAN	0	0.016	0	7.4303e-007	1585.96	1878.15	1836.11
1875.95	1240.6	325	1.#QNAN	0	0.015	0	7.41352e-007	1646.48	1875.95	1834.14
1873.71	1239.02	326	1.#QNAN	0	0.016	0	7.61871e-007	1573.29	1873.71	1832.12
1871.48	1237.48	327	1.#QNAN	0	0.015	0	7.26723e-007	1578.13	1871.48	1830.11
1869.17	1235.87	328	1.#QNAN	0	0.016	0	7.62322e-007	1540.65	1869.17	1828.02
1866.93	1234.31	329	1.#QNAN	0	0.031	0	7.53154e-007	1529.03	1866.93	1825.99
1864.71	1232.75	330	1.#QNAN	0	0.016	0	7.47722e-007	1540.34	1864.71	1823.98
1862.45	1231.19	331	1.#QNAN	0	0.015	0	7.64119e-007	1542.27	1862.45	1821.92
1860.34	1229.68	332	1.#QNAN	0	0.016	0	7.17461e-007	1579.52	1860.34	1820.03
1858.21	1228.18	333	1.#QNAN	0	0.016	0	7.29423e-007	1565.77	1858.21	1818.1
1856.03	1226.68	334	1.#QNAN	0	0.015	0	7.63499e-007	1569.65	1856.03	1816.13
1854.03	1225.23	335	1.#QNAN	0	0.016	0	7.72744e-007	1574.13	1854.03	1814.35
1852.07	1223.8	336	1.#QNAN	0	0.015	0	7.47785e-007	1607.85	1852.07	1812.6
1850.05	1222.33	337	1.#QNAN	0	0.032	0	7.5039e-007	1570.67	1850.05	1810.79
1848.03	1220.86	338	1.#QNAN	0	0.015	1	7.52065e-007	1584.04	1848.03	1808.97
1846.13	1219.46	339	1.#QNAN	0	0.016	0	7.5245e-007	1602.41	1846.13	1807.28
1844.36	1218.1	340	1.#QNAN	0	0.015	0	7.53692e-007	1711.97	1844.36	1805.72
1842.46	1216.68	341	1.#QNAN	0	0.016	0	7.43895e-007	1626.82	1842.46	1804.02
1840.42	1215.2	342	1.#QNAN	0	0.016	0	8.01033e-007	1580.31	1840.42	1802.17
1838.46	1213.75	343	1.#QNAN	0	0.015	0	7.79847e-007	1605.65	1838.46	1800.41
1836.68	1212.36	344	1.#QNAN	0	0.016	0	7.75315e-007	1727.31	1836.68	1798.85
1834.74	1210.95	345	1.#QNAN	0	0.015	0	7.64802e-007	1553.03	1834.74	1797.1
1832.72	1209.53	346	1.#QNAN	0	0.032	0	7.6247e-007	1537.97	1832.72	1795.26
1830.73	1208.11	347	1.#QNAN	0	0.015	0	7.49816e-007	1533.79	1830.73	1793.44
1828.79	1206.71	348	1.#QNAN	0	0.016	0	7.47315e-007	1546.2	1828.79	1791.67
1826.84	1205.3	349	1.#QNAN	0	0.015	0	7.59763e-007	1560.19	1826.84	1789.91
1824.91	1203.91	350	1.#QNAN	0	0.016	0	7.4035e-007	1565.54	1824.91	1788.17
1823.08	1202.56	351	1.#QNAN	0	0.016	0	7.44423e-007	1565.78	1823.08	1786.53
1821.29	1201.23	352	1.#QNAN	0	0.015	0	7.7743e-007	1549.17	1821.29	1784.91
1819.47	1199.93	353	1.#QNAN	0	0.016	0	7.66068e-007	1526.98	1819.47	1783.26
1817.6	1198.61	354	1.#QNAN	0	0.015	0	7.71697e-007	1519.38	1817.6	1781.58
1815.86	1197.33	355	1.#QNAN	0	0.032	0	7.85977e-007	1580.57	1815.86	1780.03
1814.3	1196.12	356	1.#QNAN	0	0.015	0	7.85927e-007	1826.79	1814.3	1778.65
1812.44	1194.81	357	1.#QNAN	0	0.016	0	7.80415e-007	1503.45	1812.44	1776.96
1810.72	1193.55	358	1.#QNAN	0	0.015	0	7.58238e-007	1547.98	1810.72	1775.41
1808.87	1192.24	359	1.#QNAN	0	0.016	0	7.83203e-007	1500.16	1808.87	1773.72
1807.2	1190.95	360	1.#QNAN	0	0.016	0	7.62543e-007	1801.18	1807.2	1772.21
1805.29	1189.64	361	1.#QNAN	0	0.031	0	7.57534e-007	1474.68	1805.29	1770.47
1803.42	1188.34	362	1.#QNAN	0	0.015	0	7.74545e-007	1470.16	1803.42	1768.77
1801.89	1187.18	363	1.#QNAN	0	0.016	0	7.53071e-007	1788.3	1801.89	1767.4
1800.12	1185.93	364	1.#QNAN	0	0.016	0	7.5422e-007	1510.37	1800.12	1765.79
1798.43	1184.76	365	1.#QNAN	0	0.015	0	7.52933e-007	1499.37	1798.43	1764.26
1796.86	1183.58	366	1.#QNAN	0	0.016	0	7.86482e-007	1676.89	1796.86	1762.85
1795.27	1182.39	367	1.#QNAN	0	0.015	0	7.40455e-007	1681.35	1795.27	1761.42
1793.6	1181.18	368	1.#QNAN	0	0.032	0	7.71119e-007	1512.25	1793.6	1759.91
1792.07	1180.04	369	1.#QNAN	0	0.015	0	7.65537e-007	1634.97	1792.07	1758.55
1790.54	1178.9	370	1.#QNAN	0	0.016	0	7.73628e-007	1576.13	1790.54	1757.19
1789.02	1177.78	371	1.#QNAN	0	0.015	0	7.71425e-007	1574.17	1789.02	1755.82
1787.6	1176.68	372	1.#QNAN	0	0.016	0	7.5848e-007	1729.54	1787.6	1754.57
1785.86	1175.49	373	1.#QNAN	0	0.016	0	7.74607e-007	1493.41	1785.86	1752.97
1784.27	1174.36	374	1.#QNAN	0	0.015	0	7.9288e-007	1537.3	1784.27	1751.54
1782.72	1173.24	375	1.#QNAN	0	0.016	0	8.08935e-007	1592.11	1782.72	1750.14
1781.11	1172.1	376	1.#QNAN	0	0.031	0	7.47688e-007	1532.88	1781.11	1748.67
1779.64	1171.04	377	1.#QNAN	0	0.016	0	7.23629e-007	1606.39	1779.64	1747.35
1778.31	1170.01	378	1.#QNAN	0	0.015	0	7.74687e-007	1763.02	1778.31	1746.19
1776.71	1168.9	379	1.#QNAN	0	0.016	0	7.57845e-007	1527.9	1776.71	1744.74
1775.24	1167.81	380	1.#QNAN	0	0.015	0	7.82505e-007	1542.85	1775.24	1743.43
1773.68	1166.69	381	1.#QNAN	0	0.016	0	7.66324e-007	1550.38	1773.68	1742.02
1772.3	1165.66	382	1.#QNAN	0	0.016	0	7.51636e-007	1675.61	1772.3	1740.8
1770.74	1164.59	383	1.#QNAN	0	0.015	0	7.68653e-007	1535.76	1770.74	1739.38
1769.2	1163.51	384	1.#QNAN	0	0.031	0	7.89969e-007	1517.46	1769.2	1737.97
1767.66	1162.44	385	1.#QNAN	0	0.016	0	8.03603e-007	1536.55	1767.66	1736.56
1766.06	1161.35	386	1.#QNAN	0	0.016	0	7.84532e-007	1519.71	1766.06	1735.1
1764.54	1160.28	387	1.#QNAN	0	0.015	0	7.53867e-007	1507.34	1764.54	1733.7
1762.99	1159.22	388	1.#QNAN	0	0.016	0	7.75747e-007	1502.36	1762.99	1732.3
1761.37	1158.13	389	1.#QNAN	0	0.015	0	7.85932e-007	1477.25	1761.37	1730.8
1759.78	1157.05	390	1.#QNAN	0	0.016	0	7.78757e-007	1495.89	1759.78	1729.34
1758.18	1155.93	391	1.#QNAN	0	0.016	0	7.49126e-007	1481.56	1758.18	1727.86
1756.53	1154.78	392	1.#QNAN	0	0.015	0	8.18854e-007	1461.04	1756.53	1726.33
1755.08	1153.72	393	1.#QNAN	0	0.015	0	7.70443e-007	1505.21	1755.08	1725.01
1753.78	1152.7	394	1.#QNAN	0	0.016	0	7.54608e-007	1720.54	1753.78	1723.86
1752.24	1151.62	395	1.#QNAN	0	0.016	0	7.63847e-007	1497.28	1752.24	1722.43
1750.77	1150.56	396	1.#QNAN	0	0.015	1	7.74437e-007	1529.38	1750.77	1721.1
1749.24	1149.52	397	1.#QNAN	0	0.016	0	7.67834e-007	1461.03	1749.24	1719.69
1747.77	1148.48	398	1.#QNAN	0	0.015	0	7.52307e-007	1496.4	1747.77	1718.35
1746.27	1147.42	399	1.#QNAN	0	0.016	0	7.78847e-007	1475.6	1746.27	1716.97
1744.86	1146.38	400	1.#QNAN	0	0.031	0	7.58556e-007	1518.56	1744.86	1715.69
1743.28	1145.27	401	1.#QNAN	0	0.016	0	7.85851e-007	1452.19	1743.28	1714.22
1741.74	1144.2	402	1.#QNAN	0	0.015	0	7.76598e-007	1447.74	1741.74	1712.79
1740.2	1143.14	403	1.#QNAN	0	0.016	0	7.89377e-007	1501.85	1740.2	1711.37
1738.75	1142.1	404	1.#QNAN	0	0.016	0	7.72921e-007	1499.51	1738.75	1710.03
1737.31	1141.06	405	1.#QNAN	0	0.015	0	7.96907e-007	1506.25	1737.31	1708.7
1735.91	1140.02	406	1.#QNAN	0	0.016	0	7.78106e-007	1460.34	1735.91	1707.42
1734.55	1139.01	407	1.#QNAN	0	0.031	0	7.59556e-007	1498.15	1734.55	1706.19
1733.27	1137.99	408	1.#QNAN	0	0.016	0	7.50957e-007	1583.63	1733.27	1705.03
1731.93	1137	409	1.#QNAN	0	0.015	0	7.94366e-007	1495.29	1731.93	1703.8
1730.68	1136.03	410	1.#QNAN	0	0.016	0	7.7288e-007	1534.42	1730.68	1702.67
1729.24	1135.01	411	1.#QNAN	0	0.015	0	7.72728e-007	1477.18	1729.24	1701.35
1728	1134.06	412	1.#QNAN	0	0.016	0	7.9427e-007	1558.21	1728	1700.23
1726.6	1133.05	413	1.#QNAN	0	0.016	0	7.78004e-007	1465.6	1726.6	1698.93
1725.27	1132.07	414	1.#QNAN	0	0.015	0	7.73064e-007	1509.98	1725.27	1697.72
1723.87	1131.02	415	1.#QNAN	0	0.031	0	7.7312e-007	1511.37	1723.87	1696.42
1722.5	1130.02	416	1.#QNAN	0	0.016	0	7.66825e-007	1500.55	1722.5	1695.15
1721.13	1129.05	417	1.#QNAN	0	0.016	0	7.89376e-007	1494.76	1721.13	1693.89
1719.76	1128.06	418	1.#QNAN	0	0.015	0	7.83974e-007	1463.26	1719.76	1692.62
1718.38	1127.1	419	1.#QNAN	0	0.016	0	7.83498e-007	1449.65	1718.38	1691.33
1717.1	1126.17	420	1.#QNAN	0	0.015	0	7.88699e-007	1466.92	1717.1	1690.16
1715.71	1125.16	421	1.#QNAN	0	0.016	0	8.1198e-007	1503.43	1715.71	1688.86
1714.3	1124.14	422	1.#QNAN	0	0.016	0	8.11268e-007	1500.75	1714.3	1687.54
1712.97	1123.16	423	1.#QNAN	0	0.031	0	7.70907e-007	1479.48	1712.97	1686.32
1711.55	1122.14	424	1.#QNAN	0	0.015	0	7.87237e-007	1468.95	1711.55	1684.99
1710.23	1121.19	425	1.#QNAN	0	0.016	0	8.05499e-007	1471.08	1710.23	1683.77
1708.86	1120.21	426	1.#QNAN	0	0.016	0	7.8122e-007	1431.49	1708.86	1682.5
1707.51	1119.24	427	1.#QNAN	0	0.015	0	7.84316e-007	1461.5	1707.51	1681.23
1706.16	1118.25	428	1.#QNAN	0	0.016	0	7.72534e-007	1487.23	1706.16	1679.97
1704.83	1117.28	429	1.#QNAN	0	0.015	0	8.13593e-007	1503.22	1704.83	1678.74
1703.61	1116.37	430	1.#QNAN	0	0.016	0	8.15666e-007	1536.5	1703.61	1677.61
1702.45	1115.46	431	1.#QNAN	0	0.016	0	8.26069e-007	1554.62	1702.45	1676.55
1701.3	1114.56	432	1.#QNAN	0	0.031	0	7.97799e-007	1610.07	1701.3	1675.51
1700.01	1113.63	433	1.#QNAN	0	0.015	0	7.62152e-007	1478.96	1700.01	1674.31
1698.93	1112.78	434	1.#QNAN	0	0.016	0	7.98654e-007	1644.34	1698.93	1673.35
1697.86	1111.91	435	1.#QNAN	0	0.016	0	7.78588e-007	1553.28	1697.86	1672.39
1696.63	1111.01	436	1.#QNAN	0	0.015	0	8.06547e-007	1472.08	1696.63	1671.25
1695.51	1110.16	437	1.#QNAN	0	0.016	0	7.7741e-007	1539.91	1695.51	1670.23
1694.35	1109.3	438	1.#QNAN	0	0.015	0	7.84695e-007	1464.29	1694.35	1669.17
1693.22	1108.43	439	1.#QNAN	0	0.032	0	7.99263e-007	1476.18	1693.22	1668.15
1692.11	1107.56	440	1.#QNAN	0	0.015	0	7.62092e-007	1494.02	1692.11	1667.14
1691.09	1106.71	441	1.#QNAN	0	0.016	0	8.23255e-007	1568.55	1691.09	1666.23
1689.94	1105.82	442	1.#QNAN	0	0.015	0	7.91915e-007	1488.69	1689.94	1665.18
1688.85	1104.94	443	1.#QNAN	0	0.016	0	8.24083e-007	1515.07	1688.85	1664.19
1687.66	1104.07	444	1.#QNAN	0	0.016	0	8.10465e-007	1503.36	1687.66	1663.1
1686.61	1103.22	445	1.#QNAN	0	0.015	0	8.18784e-007	1584.49	1686.61	1662.15
1685.53	1102.37	446	1.#QNAN	0	0.016	0	7.79271e-007	1539.18	1685.53	1661.16
1684.45	1101.55	447	1.#QNAN	0	0.015	0	7.98231e-007	1545.47	1684.45	1660.18
1683.39	1100.72	448	1.#QNAN	0	0.032	0	7.71298e-007	1524.49	1683.39	1659.22
1682.29	1099.9	449	1.#QNAN	0	0.015	0	7.93755e-007	1476.39	1682.29	1658.22
1681.12	1099.08	450	1.#QNAN	0	0.016	0	8.11008e-007	1473.87	1681.12	1657.14
1680.02	1098.25	451	1.#QNAN	0	0.015	0	7.89881e-007	1537.98	1680.02	1656.13
1679.06	1097.48	452	1.#QNAN	0	0.016	0	7.93399e-007	1621.81	1679.06	1655.27
1678.04	1096.69	453	1.#QNAN	0	0.016	1	8.10444e-007	1504.61	1678.04	1654.36
1677.08	1095.92	454	1.#QNAN	0	0.015	0	8.15597e-007	1589.94	1677.08	1653.5
1675.99	1095.12	455	1.#QNAN	0	0.031	0	7.88305e-007	1497.16	1675.99	1652.5
1674.92	1094.32	456	1.#QNAN	0	0.016	0	8.25334e-007	1489.8	1674.92	1651.52
1674.04	1093.58	457	1.#QNAN	0	0.016	0	8.18123e-007	1763.31	1674.04	1650.73
1673.02	1092.79	458	1.#QNAN	0	0.015	0	8.33387e-007	1567.51	1673.02	1649.8
1671.93	1092	459	1.#QNAN	0	0.016	0	8.18863e-007	1587.81	1671.93	1648.8
1670.99	1091.27	460	1.#QNAN	0	0.015	0	7.94631e-007	1594.72	1670.99	1647.95
1669.97	1090.5	461	1.#QNAN	0	0.016	0	7.96751e-007	1636.36	1669.97	1647.01
1668.93	1089.73	462	1.#QNAN	0	0.016	0	7.85161e-007	1614.19	1668.93	1646.04
1667.92	1088.98	463	1.#QNAN	0	0.031	0	8.11343e-007	1526.02	1667.92	1645.12
1666.9	1088.24	464	1.#QNAN	0	0.015	0	7.74849e-007	1514.57	1666.9	1644.17
1666.02	1087.56	465	1.#QNAN	0	0.016	0	8.08951e-007	1559.38	1666.02	1643.38
1665.01	1086.85	466	1.#QNAN	0	0.016	0	8.11954e-007	1480.23	1665.01	1642.45
1663.95	1086.09	467	1.#QNAN	0	0.015	0	7.94049e-007	1453.43	1663.95	1641.47
1663	1085.37	468	1.#QNAN	0	0.016	0	8.1405e-007	1537.81	1663	1640.6
1661.98	1084.64	469	1.#QNAN	0	0.015	0	7.71197e-007	1494.52	1661.98	1639.67
1661.12	1083.96	470	1.#QNAN	0	0.016	0	8.24033e-007	1626.11	1661.12	1638.89
1660.09	1083.23	471	1.#QNAN	0	0.031	0	7.992e-007	1467.05	1660.09	1637.94
1659.28	1082.56	472	1.#QNAN	0	0.016	0	8.39642e-007	1635.23	1659.28	1637.22
1658.25	1081.83	473	1.#QNAN	0	0.015	0	7.75066e-007	1460.82	1658.25	1636.27
1657.24	1081.12	474	1.#QNAN	0	0.016	0	8.05253e-007	1478.96	1657.24	1635.34
1656.28	1080.42	475	1.#QNAN	0	0.016	0	8.05002e-007	1473.83	1656.28	1634.45
1655.37	1079.74	476	1.#QNAN	0	0.015	0	8.10647e-007	1482.73	1655.37	1633.63
1654.42	1079.03	477	1.#QNAN	0	0.016	0	7.76891e-007	1524.94	1654.42	1632.76
1653.42	1078.31	478	1.#QNAN	0	0.015	0	7.88556e-007	1473.28	1653.42	1631.85
1652.44	1077.56	479	1.#QNAN	0	0.032	0	7.94061e-007	1497.78	1652.44	1630.95
1651.54	1076.89	480	1.#QNAN	0	0.015	0	8.26101e-007	1490.1	1651.54	1630.14
1650.55	1076.18	481	1.#QNAN	0	0.016	0	8.01033e-007	1459.92	1650.55	1629.22
1649.54	1075.45	482	1.#QNAN	0	0.015	0	8.11591e-007	1460.44	1649.54	1628.3
1648.56	1074.71	483	1.#QNAN	0	0.016	0	8.18044e-007	1464.36	1648.56	1627.39
1647.63	1074.02	484	1.#QNAN	0	0.016	0	8.01478e-007	1485.25	1647.63	1626.55
1646.64	1073.32	485	1.#QNAN	0	0.015	0	7.85943e-007	1438.88	1646.64	1625.63
1645.64	1072.62	486	1.#QNAN	0	0.016	0	8.26237e-007	1463.11	1645.64	1624.7
1644.61	1071.88	487	1.#QNAN	0	0.015	0	8.04463e-007	1453.83	1644.61	1623.74
1643.75	1071.23	488	1.#QNAN	0	0.032	0	8.29944e-007	1483.48	1643.75	1622.96
1642.85	1070.55	489	1.#QNAN	0	0.015	0	7.97272e-007	1489.6	1642.85	1622.13
1641.97	1069.88	490	1.#QNAN	0	0.016	0	8.06507e-007	1496.48	1641.97	1621.32
1641.06	1069.21	491	1.#QNAN	0	0.015	0	7.95909e-007	1499.31	1641.06	1620.48
1640.18	1068.55	492	1.#QNAN	0	0.016	0	8.07349e-007	1501.4	1640.18	1619.68
1639.27	1067.9	493	1.#QNAN	0	0.016	0	8.15577e-007	1484.65	1639.27	1618.85
1638.37	1067.24	494	1.#QNAN	0	0.015	0	8.28794e-007	1465.47	1638.37	1618.02
1637.58	1066.64	495	1.#QNAN	0	0.016	0	8.15605e-007	1501.68	1637.58	1617.3
1636.81	1066.06	496	1.#QNAN	0	0.015	0	7.97079e-007	1500.35	1636.81	1616.61
1636.01	1065.46	497	1.#QNAN	0	0.032	0	8.16563e-007	1512.02	1636.01	1615.89
1635.21	1064.84	498	1.#QNAN	0	0.015	0	8.31066e-007	1494.73	1635.21	1615.17
1634.42	1064.25	499	1.#QNAN	0	0.016	0	8.05093e-007	1509.92	1634.42	1614.45
1633.6	1063.63	500	1.#QNAN	0	0.015	0	8.07383e-007	1483.85	1633.6	1613.71
1632.8	1063.02	501	1.#QNAN	0	0.016	0	8.24699e-007	1504.11	1632.8	1612.98
1632.02	1062.43	502	1.#QNAN	0	0.016	0	8.0477e-007	1540.81	1632.02	1612.28
1631.28	1061.86	503	1.#QNAN	0	0.015	0	8.19479e-007	1538.9	1631.28	1611.61
1630.46	1061.25	504	1.#QNAN	0	0.031	0	8.26365e-007	1500.21	1630.46	1610.87
1629.72	1060.67	505	1.#QNAN	0	0.016	0	8.03732e-007	1535.27	1629.72	1610.2
1628.91	1060.06	506	1.#QNAN	0	0.016	0	8.16585e-007	1486.22	1628.91	1609.46
1628.15	1059.48	507	1.#QNAN	0	0.015	0	8.26409e-007	1512.59	1628.15	1608.77
1627.43	1058.9	508	1.#QNAN	0	0.016	0	8.35017e-007	1522.45	1627.43	1608.12
1626.67	1058.33	509	1.#QNAN	0	0.015	0	8.27119e-007	1498.22	1626.67	1607.43
1625.91	1057.74	510	1.#QNAN	0	0.016	1	8.33174e-007	1475.15	1625.91	1606.74
1625.04	1057.14	511	1.#QNAN	0	0.016	0	8.48067e-007	1451.31	1625.04	1605.92
1624.31	1056.57	512	1.#QNAN	0	0.015	0	8.57512e-007	1473.33	1624.31	1605.26
1623.59	1056.02	513	1.#QNAN	0	0.015	0	8.20032e-007	1500.87	1623.59	1604.61
1622.83	1055.45	514	1.#QNAN	0	0.016	0	8.33828e-007	1517.2	1622.83	1603.92
1622.04	1054.87	515	1.#QNAN	0	0.016	0	8.30175e-007	1449.77	1622.04	1603.19
1621.33	1054.3	516	1.#QNAN	0	0.015	0	8.39416e-007	1619.82	1621.33	1602.56
1620.48	1053.71	517	1.#QNAN	0	0.016	0	8.34013e-007	1435.72	1620.48	1601.77
1619.84	1053.18	518	1.#QNAN	0	0.015	0	8.05314e-007	1643.02	1619.84	1601.21
1619.08	1052.61	519	1.#QNAN	0	0.016	0	8.27213e-007	1490.55	1619.08	1600.51
1618.34	1052.05	520	1.#QNAN	0	0.015	0	8.29779e-007	1483.08	1618.34	1599.84
1617.8	1051.57	521	1.#QNAN	0	0.016	0	8.32056e-007	1805.38	1617.8	1599.38
1617.09	1051.02	522	1.#QNAN	0	0.015	0	8.60785e-007	1520.31	1617.09	1598.73
1616.41	1050.51	523	1.#QNAN	0	0.016	0	8.26642e-007	1539.92	1616.41	1598.12
1615.77	1050	524	1.#QNAN	0	0.016	0	8.07531e-007	1568.08	1615.77	1597.55
1615.16	1049.52	525	1.#QNAN	0	0.015	0	8.03888e-007	1609.26	1615.16	1597
1614.52	1049.01	526	1.#QNAN	0	0.016	0	8.09136e-007	1548.78	1614.52	1596.43
1613.92	1048.5	527	1.#QNAN	0	0.015	0	8.34264e-007	1565.83	1613.92	1595.89
1613.21	1047.95	528	1.#QNAN	0	0.016	0	8.03278e-007	1535.86	1613.21	1595.26
1612.52	1047.41	529	1.#QNAN	0	0.031	0	8.27099e-007	1536.37	1612.52	1594.63
1611.86	1046.9	530	1.#QNAN	0	0.016	0	8.2031e-007	1496.69	1611.86	1594.04
1611.28	1046.41	531	1.#QNAN	0	0.015	0	8.23243e-007	1554.07	1611.28	1593.52
1610.63	1045.86	532	1.#QNAN	0	0.016	0	7.75536e-007	1524.66	1610.63	1592.94
1609.97	1045.33	533	1.#QNAN	0	0.016	0	8.19211e-007	1518.77	1609.97	1592.34
1609.27	1044.78	534	1.#QNAN	0	0.015	0	8.29916e-007	1485.54	1609.27	1591.7
1608.58	1044.24	535	1.#QNAN	0	0.031	0	8.11177e-007	1526.64	1608.58	1591.08
1607.88	1043.69	536	1.#QNAN	0	0.016	0	7.71754e-007	1455.79	1607.88	1590.44
1607.37	1043.2	537	1.#QNAN	0	0.016	0	8.07757e-007	1720.77	1607.37	1590
1606.66	1042.66	538	1.#QNAN	0	0.015	0	8.24939e-007	1510.98	1606.66	1589.35
1606.17	1042.21	539	1.#QNAN	0	0.016	0	8.38746e-007	1792.5	1606.17	1588.93
1605.5	1041.7	540	1.#QNAN	0	0.015	0	8.38862e-007	1522.73	1605.5	1588.33
1604.79	1041.15	541	1.#QNAN	0	0.016	0	8.45202e-007	1496.82	1604.79	1587.67
1604.19	1040.64	542	1.#QNAN	0	0.016	0	8.16929e-007	1498.21	1604.19	1587.13
1603.54	1040.14	543	1.#QNAN	0	0.031	0	8.26748e-007	1499.31	1603.54	1586.55
1602.94	1039.68	544	1.#QNAN	0	0.015	0	8.26943e-007	1551.83	1602.94	1586.02
1602.31	1039.16	545	1.#QNAN	0	0.016	0	8.15961e-007	1535.96	1602.31	1585.45
1601.72	1038.68	546	1.#QNAN	0	0.016	0	7.9496e-007	1485.96	1601.72	1584.91
1601.03	1038.16	547	1.#QNAN	0	0.015	0	8.25691e-007	1469.69	1601.03	1584.28
1600.39	1037.67	548	1.#QNAN	0	0.016	0	8.10963e-007	1517.85	1600.39	1583.71
1599.73	1037.18	549	1.#QNAN	0	0.015	0	8.3225e-007	1526.27	1599.73	1583.1
1599.07	1036.67	550	1.#QNAN	0	0.016	0	8.02228e-007	1485.48	1599.07	1582.51
1598.39	1036.15	551	1.#QNAN	0	0.031	0	8.45297e-007	1466.94	1598.39	1581.88
1597.79	1035.68	552	1.#QNAN	0	0.016	0	8.16201e-007	1544.43	1597.79	1581.34
1597.09	1035.16	553	1.#QNAN	0	0.015	0	8.37058e-007	1457.27	1597.09	1580.69
1596.42	1034.64	554	1.#QNAN	0	0.016	0	7.73531e-007	1445.49	1596.42	1580.08
1595.69	1034.11	555	1.#QNAN	0	0.016	0	8.24696e-007	1443.44	1595.69	1579.4
1594.99	1033.59	556	1.#QNAN	0	0.015	0	8.57756e-007	1451.62	1594.99	1578.75
1594.29	1033.07	557	1.#QNAN	0	0.016	0	8.43781e-007	1463.39	1594.29	1578.11
1593.71	1032.6	558	1.#QNAN	0	0.015	0	8.13225e-007	1551.04	1593.71	1577.59
1593.06	1032.11	559	1.#QNAN	0	0.016	0	8.20212e-007	1457.56	1593.06	1576.99
1592.41	1031.62	560	1.#QNAN	0	0.016	0	8.34023e-007	1492.02	1592.41	1576.4
1591.76	1031.12	561	1.#QNAN	0	0.031	0	8.36815e-007	1503.51	1591.76	1575.81
1591.3	1030.68	562	1.#QNAN	0	0.015	0	8.57128e-007	1811.66	1591.3	1575.41
1590.67	1030.21	563	1.#QNAN	0	0.016	0	8.40243e-007	1516.97	1590.67	1574.84
1590.14	1029.74	564	1.#QNAN	0	0.016	0	8.42271e-007	1585.02	1590.14	1574.37
1589.61	1029.27	565	1.#QNAN	0	0.015	0	8.28718e-007	1562.67	1589.61	1573.9
1589.08	1028.81	566	1.#QNAN	0	0.016	0	8.31818e-007	1594.83	1589.08	1573.44
1588.48	1028.32	567	1.#QNAN	0	0.015	1	8.39713e-007	1532.65	1588.48	1572.89
1587.86	1027.84	568	1.#QNAN	0	0.032	0	8.30398e-007	1532.65	1587.86	1572.34
1587.37	1027.38	569	1.#QNAN	0	0.015	0	8.31302e-007	1627.95	1587.37	1571.9
1586.83	1026.91	570	1.#QNAN	0	0.016	0	8.3479e-007	1529.9	1586.83	1571.42
1586.3	1026.46	571	1.#QNAN	0	0.015	0	8.19487e-007	1558.9	1586.3	1570.95
1585.72	1025.98	572	1.#QNAN	0	0.016	0	8.07694e-007	1535.41	1585.72	1570.42
1585.13	1025.49	573	1.#QNAN	0	0.016	0	8.22072e-007	1528.55	1585.13	1569.88
1584.59	1025.05	574	1.#QNAN	0	0.015	0	8.35562e-007	1555.58	1584.59	1569.4
1584	1024.59	575	1.#QNAN	0	0.016	0	8.35513e-007	1508.64	1584	1568.86
1583.46	1024.13	576	1.#QNAN	0	0.031	0	8.14631e-007	1538.95	1583.46	1568.38
1582.93	1023.73	577	1.#QNAN	0	0.016	0	8.36387e-007	1546.47	1582.93	1567.9
1582.4	1023.3	578	1.#QNAN	0	0.015	0	8.25365e-007	1568.86	1582.4	1567.43
1581.91	1022.9	579	1.#QNAN	0	0.016	0	8.47284e-007	1535.42	1581.91	1566.99
1581.31	1022.45	580	1.#QNAN	0	0.015	0	8.29819e-007	1474	1581.31	1566.43
1580.71	1022.02	581	1.#QNAN	0	0.016	0	8.44263e-007	1507.65	1580.71	1565.88
1580.14	1021.57	582	1.#QNAN	0	0.016	0	8.20072e-007	1490.03	1580.14	1565.36
1579.6	1021.16	583	1.#QNAN	0	0.015	0	8.39169e-007	1511.63	1579.6	1564.87
1579.01	1020.7	584	1.#QNAN	0	0.016	0	8.33224e-007	1486.51	1579.01	1564.33
1578.45	1020.25	585	1.#QNAN	0	0.031	0	8.39556e-007	1495.3	1578.45	1563.82
1577.89	1019.81	586	1.#QNAN	0	0.016	0	8.28336e-007	1531.33	1577.89	1563.31
1577.31	1019.38	587	1.#QNAN	0	0.015	0	8.42143e-007	1469.38	1577.31	1562.78
1576.7	1018.94	588	1.#QNAN	0	0.016	0	8.67782e-007	1483.54	1576.7	1562.21
1576.03	1018.49	589	1.#QNAN	0	0.015	0	8.40402e-007	1474.09	1576.03	1561.59
1575.39	1018.05	590	1.#QNAN	0	0.016	0	8.50142e-007	1446.43	1575.39	1561
1574.77	1017.62	591	1.#QNAN	0	0.031	0	8.82643e-007	1508.69	1574.77	1560.43
1574.11	1017.16	592	1.#QNAN	0	0.016	0	8.73761e-007	1450.16	1574.11	1559.82
1573.49	1016.72	593	1.#QNAN	0	0.015	0	8.33569e-007	1480.47	1573.49	1559.24
1572.85	1016.29	594	1.#QNAN	0	0.016	0	8.53662e-007	1474.78	1572.85	1558.65
1572.34	1015.89	595	1.#QNAN	0	0.016	0	8.10175e-007	1726.65	1572.34	1558.18
1571.73	1015.47	596	1.#QNAN	0	0.015	0	8.42284e-007	1495.92	1571.73	1557.62
1571.09	1015.04	597	1.#QNAN	0	0.016	0	8.40128e-007	1472.75	1571.09	1557.02
1570.49	1014.62	598	1.#QNAN	0	0.015	0	8.25675e-007	1471.14	1570.49	1556.46
1569.92	1014.21	599	1.#QNAN	0	0.032	0	8.51097e-007	1549.27	1569.92	1555.93
1569.34	1013.82	600	1.#QNAN	0	0.015	0	8.19721e-007	1512.42	1569.34	1555.41
1568.87	1013.44	601	1.#QNAN	0	0.016	0	8.45252e-007	1619.48	1568.87	1554.98
1568.29	1013.04	602	1.#QNAN	0	0.015	0	8.20254e-007	1464.4	1568.29	1554.44
1567.77	1012.64	603	1.#QNAN	0	0.016	0	8.23465e-007	1537.85	1567.77	1553.96
1567.22	1012.23	604	1.#QNAN	0	0.016	0	8.37267e-007	1502.26	1567.22	1553.46
1566.62	1011.79	605	1.#QNAN	0	0.015	0	8.35923e-007	1486.71	1566.62	1552.91
1566.12	1011.39	606	1.#QNAN	0	0.016	0	8.52419e-007	1508.62	1566.12	1552.45
1565.6	1011.01	607	1.#QNAN	0	0.015	0	8.54581e-007	1524.27	1565.6	1551.98
1565.03	1010.59	608	1.#QNAN	0	0.032	0	8.07466e-007	1478.5	1565.03	1551.45
1564.46	1010.16	609	1.#QNAN	0	0.015	0	8.34889e-007	1494.44	1564.46	1550.92
1563.96	1009.77	610	1.#QNAN	0	0.016	0	8.14414e-007	1518.44	1563.96	1550.47
1563.43	1009.37	611	1.#QNAN	0	0.015	0	8.22769e-007	1510.83	1563.43	1549.97
1562.92	1008.97	612	1.#QNAN	0	0.016	0	8.44641e-007	1505.26	1562.92	1549.51
1562.29	1008.54	613	1.#QNAN	0	0.016	0	8.23041e-007	1456.47	1562.29	1548.92
1561.71	1008.13	614	1.#QNAN	0	0.015	0	8.57334e-007	1476.08	1561.71	1548.38
1561.14	1007.72	615	1.#QNAN	0	0.016	0	8.18456e-007	1502.97	1561.14	1547.85
1560.59	1007.34	616	1.#QNAN	0	0.031	0	8.2001e-007	1502.36	1560.59	1547.34
1560.13	1006.98	617	1.#QNAN	0	0.016	0	8.47783e-007	1614.02	1560.13	1546.92
1559.65	1006.62	618	1.#QNAN	0	0.015	0	8.34506e-007	1535.56	1559.65	1546.48
1559.11	1006.24	619	1.#QNAN	0	0.016	0	8.49141e-007	1485.91	1559.11	1545.98
1558.64	1005.87	620	1.#QNAN	0	0.015	0	8.63112e-007	1531.89	1558.64	1545.55
1558.09	1005.49	621	1.#QNAN	0	0.016	0	8.37517e-007	1498.19	1558.09	1545.03
1557.64	1005.16	622	1.#QNAN	0	0.016	0	8.5166e-007	1551.43	1557.64	1544.62
1557.17	1004.8	623	1.#QNAN	0	0.015	0	8.20094e-007	1521.76	1557.17	1544.2
1556.65	1004.43	624	1.#QNAN	0	0.016	1	8.08613e-007	1509.89	1556.65	1543.71
1556.14	1004.06	625	1.#QNAN	0	0.031	0	8.07118e-007	1493.27	1556.14	1543.25
1555.68	1003.7	626	1.#QNAN	0	0.016	0	8.09141e-007	1577.02	1555.68	1542.83
1555.13	1003.32	627	1.#QNAN	0	0.015	0	8.1702e-007	1525.58	1555.13	1542.32
1554.64	1002.96	628	1.#QNAN	0	0.016	0	8.29928e-007	1537.35	1554.64	1541.86
1554.15	1002.59	629	1.#QNAN	0	0.015	0	8.44171e-007	1509.81	1554.15	1541.41
1553.62	1002.21	630	1.#QNAN	0	0.016	0	8.61949e-007	1504.42	1553.62	1540.92
1553.07	1001.84	631	1.#QNAN	0	0.016	0	8.03703e-007	1494.04	1553.07	1540.41
1552.49	1001.46	632	1.#QNAN	0	0.015	0	8.36865e-007	1473.98	1552.49	1539.86
1552	1001.09	633	1.#QNAN	0	0.031	0	8.39167e-007	1533.23	1552	1539.42
1551.53	1000.73	634	1.#QNAN	0	0.016	0	8.48908e-007	1542.4	1551.53	1538.99
1551.03	1000.36	635	1.#QNAN	0	0.016	0	8.54179e-007	1485.82	1551.03	1538.53
1550.6	1000.01	636	1.#QNAN	0	0.015	0	8.66164e-007	1591.87	1550.6	1538.14
1550.09	999.633	637	1.#QNAN	0	0.016	0	8.26428e-007	1515.95	1550.09	1537.65
1549.63	999.281	638	1.#QNAN	0	0.015	0	8.38918e-007	1537.91	1549.63	1537.24
1549.14	998.894	639	1.#QNAN	0	0.016	0	8.14191e-007	1484.68	1549.14	1536.78
1548.65	998.524	640	1.#QNAN	0	0.016	0	8.19146e-007	1510.4	1548.65	1536.33
1548.25	998.197	641	1.#QNAN	0	0.015	0	8.39817e-007	1624.1	1548.25	1535.97
1547.76	997.843	642	1.#QNAN	0	0.031	0	8.03576e-007	1512.95	1547.76	1535.51
1547.37	997.525	643	1.#QNAN	0	0.016	0	8.31958e-007	1586.35	1547.37	1535.16
1546.94	997.189	644	1.#QNAN	0	0.016	0	8.41131e-007	1548.9	1546.94	1534.77
1546.48	996.851	645	1.#QNAN	0	0.015	0	8.70387e-007	1531.67	1546.48	1534.34
1546.07	996.517	646	1.#QNAN	0	0.016	0	8.30025e-007	1559.32	1546.07	1533.98
1545.61	996.175	647	1.#QNAN	0	0.015	0	8.21671e-007	1548.1	1545.61	1533.55
1545.11	995.844	648	1.#QNAN	0	0.016	0	8.83116e-007	1495.57	1545.11	1533.09
1544.71	995.535	649	1.#QNAN	0	0.016	0	8.28188e-007	1549.59	1544.71	1532.73
1544.33	995.216	650	1.#QNAN	0	0.031	0	8.28368e-007	1573.84	1544.33	1532.38
1543.88	994.892	651	1.#QNAN	0	0.015	0	8.54339e-007	1523.64	1543.88	1531.97
1543.48	994.565	652	1.#QNAN	0	0.016	0	8.36026e-007	1524.01	1543.48	1531.61
1543.09	994.257	653	1.#QNAN	0	0.016	0	8.30062e-007	1516.85	1543.09	1531.25
1542.63	993.918	654	1.#QNAN	0	0.015	0	7.96877e-007	1519.18	1542.63	1530.83
1542.14	993.571	655	1.#QNAN	0	0.016	0	8.21631e-007	1511.44	1542.14	1530.38
1541.62	993.233	656	1.#QNAN	0	0.015	0	8.20939e-007	1461.9	1541.62	1529.89
1541.2	992.925	657	1.#QNAN	0	0.016	0	8.23136e-007	1528.15	1541.2	1529.51
1540.78	992.637	658	1.#QNAN	0	0.016	0	8.20563e-007	1512.28	1540.78	1529.12
1540.29	992.287	659	1.#QNAN	0	0.031	0	8.36032e-007	1493.6	1540.29	1528.67
1539.87	991.969	660	1.#QNAN	0	0.015	0	8.54383e-007	1541.76	1539.87	1528.28
1539.41	991.641	661	1.#QNAN	0	0.016	0	8.60244e-007	1521.15	1539.41	1527.86
1538.97	991.308	662	1.#QNAN	0	0.016	0	8.61617e-007	1531.52	1538.97	1527.45
1538.59	990.987	663	1.#QNAN	0	0.015	0	8.74036e-007	1602.91	1538.59	1527.11
1538.24	990.692	664	1.#QNAN	0	0.016	0	8.40129e-007	1614.82	1538.24	1526.79
1537.94	990.41	665	1.#QNAN	0	0.015	0	8.47058e-007	1760.63	1537.94	1526.53
1537.52	990.099	666	1.#QNAN	0	0.016	0	8.5674e-007	1559.68	1537.52	1526.14
1537.09	989.776	667	1.#QNAN	0	0.031	0	8.28105e-007	1576.59	1537.09	1525.75
1536.58	989.43	668	1.#QNAN	0	0.016	0	8.67501e-007	1547.25	1536.58	1525.27
1536.09	989.085	669	1.#QNAN	0	0.016	0	8.64268e-007	1524.02	1536.09	1524.81
1535.64	988.753	670	1.#QNAN	0	0.016	0	8.56709e-007	1523.98	1535.64	1524.39
1535.26	988.456	671	1.#QNAN	0	0.016	0	9.00193e-007	1713.53	1535.26	1524.05
1534.76	988.115	672	1.#QNAN	0	0.015	0	8.45941e-007	1521.99	1534.76	1523.58
1534.41	987.819	673	1.#QNAN	0	0.016	0	8.28247e-007	1613.18	1534.41	1523.26
1533.96	987.498	674	1.#QNAN	0	0.031	0	8.42615e-007	1535.96	1533.96	1522.84
1533.59	987.202	675	1.#QNAN	0	0.016	0	8.37554e-007	1575.29	1533.59	1522.51
1533.18	986.893	676	1.#QNAN	0	0.015	0	8.57661e-007	1530.86	1533.18	1522.14
1532.8	986.604	677	1.#QNAN	0	0.016	0	8.17927e-007	1547.42	1532.8	1521.79
1532.4	986.305	678	1.#QNAN	0	0.015	0	8.52255e-007	1525.44	1532.4	1521.42
1532.01	986.003	679	1.#QNAN	0	0.016	0	8.59528e-007	1585.51	1532.01	1521.07
1531.6	985.701	680	1.#QNAN	0	0.016	0	8.64659e-007	1536.72	1531.6	1520.69
1531.24	985.398	681	1.#QNAN	0	0.015	1	8.48298e-007	1571.13	1531.24	1520.37
1530.8	985.081	682	1.#QNAN	0	0.016	0	8.50711e-007	1510.47	1530.8	1519.97
1530.51	984.793	683	1.#QNAN	0	0.031	0	8.30434e-007	1661.68	1530.51	1519.72
1530.09	984.471	684	1.#QNAN	0	0.016	0	8.77696e-007	1521.09	1530.09	1519.33
1529.69	984.154	685	1.#QNAN	0	0.015	0	8.90814e-007	1500.48	1529.69	1518.96
1529.31	983.845	686	1.#QNAN	0	0.016	0	8.87104e-007	1565.49	1529.31	1518.61
1528.93	983.566	687	1.#QNAN	0	0.015	0	8.66683e-007	1565.49	1528.93	1518.25
1528.55	983.284	688	1.#QNAN	0	0.016	0	8.6237e-007	1576.75	1528.55	1517.91
1528.16	983.015	689	1.#QNAN	0	0.016	0	8.37975e-007	1542.74	1528.16	1517.55
1527.78	982.733	690	1.#QNAN	0	0.015	0	8.46772e-007	1546.93	1527.78	1517.2
1527.35	982.435	691	1.#QNAN	0	0.031	0	8.73475e-007	1519.69	1527.35	1516.8
1526.95	982.135	692	1.#QNAN	0	0.016	0	8.8054e-007	1536.91	1526.95	1516.44
1526.53	981.821	693	1.#QNAN	0	0.016	0	8.66684e-007	1497.81	1526.53	1516.05
1526.1	981.522	694	1.#QNAN	0	0.015	0	8.3139e-007	1511.88	1526.1	1515.64
1525.83	981.27	695	1.#QNAN	0	0.016	0	8.41542e-007	1760.81	1525.83	1515.4
1525.59	981.02	696	1.#QNAN	0	0.015	0	8.44127e-007	1840.98	1525.59	1515.2
1525.31	980.777	697	1.#QNAN	0	0.016	0	8.57127e-007	1594.89	1525.31	1514.94
1524.91	980.494	698	1.#QNAN	0	0.016	0	8.29602e-007	1547.09	1524.91	1514.58
1524.52	980.2	699	1.#QNAN	0	0.016	0	8.6716e-007	1541.6	1524.52	1514.21
1524.22	979.945	700	1.#QNAN	0	0.015	0	8.57499e-007	1609.75	1524.22	1513.94
1523.94	979.684	701	1.#QNAN	0	0.016	0	8.3744e-007	1581.08	1523.94	1513.69
1523.61	979.429	702	1.#QNAN	0	0.016	0	8.82897e-007	1558.3	1523.61	1513.39
1523.3	979.156	703	1.#QNAN	0	0.015	0	8.33579e-007	1589.38	1523.3	1513.11
1522.97	978.879	704	1.#QNAN	0	0.016	0	8.99321e-007	1542.1	1522.97	1512.8
1522.63	978.611	705	1.#QNAN	0	0.015	0	8.58982e-007	1512.7	1522.63	1512.5
1522.28	978.338	706	1.#QNAN	0	0.032	0	8.62748e-007	1519.53	1522.28	1512.18
1521.91	978.061	707	1.#QNAN	0	0.015	0	8.47564e-007	1528.95	1521.91	1511.84
1521.5	977.766	708	1.#QNAN	0	0.016	0	8.44261e-007	1510.24	1521.5	1511.45
1521.11	977.47	709	1.#QNAN	0	0.015	0	8.29615e-007	1531.92	1521.11	1511.09
1520.74	977.188	710	1.#QNAN	0	0.016	0	8.14316e-007	1524.01	1520.74	1510.75
1520.44	976.94	711	1.#QNAN	0	0.016	0	8.68689e-007	1588.41	1520.44	1510.48
1520.14	976.692	712	1.#QNAN	0	0.015	0	8.83432e-007	1545.22	1520.14	1510.2
1519.83	976.439	713	1.#QNAN	0	0.016	0	8.40631e-007	1540.79	1519.83	1509.92
1519.47	976.181	714	1.#QNAN	0	0.031	0	8.26222e-007	1489.54	1519.47	1509.58
1519.13	975.92	715	1.#QNAN	0	0.016	0	8.82666e-007	1506.86	1519.13	1509.28
1518.82	975.683	716	1.#QNAN	0	0.015	0	8.61778e-007	1531.28	1518.82	1508.99
1518.52	975.44	717	1.#QNAN	0	0.016	0	8.4291e-007	1552.15	1518.52	1508.72
1518.25	975.207	718	1.#QNAN	0	0.015	0	8.37421e-007	1542.34	1518.25	1508.49
1518	974.976	719	1.#QNAN	0	0.016	0	8.53703e-007	1584.99	1518	1508.27
1517.73	974.74	720	1.#QNAN	0	0.016	0	8.20485e-007	1545.38	1517.73	1508.03
1517.48	974.519	721	1.#QNAN	0	0.015	0	8.38891e-007	1571.25	1517.48	1507.81
1517.26	974.284	722	1.#QNAN	0	0.031	0	8.80274e-007	1573.02	1517.26	1507.62
1517.07	974.065	723	1.#QNAN	0	0.016	0	8.65001e-007	1586.64	1517.07	1507.46
1516.81	973.82	724	1.#QNAN	0	0.016	0	8.80508e-007	1536.92	1516.81	1507.23
1516.56	973.573	725	1.#QNAN	0	0.015	0	8.7655e-007	1542.21	1516.56	1507
1516.31	973.344	726	1.#QNAN	0	0.016	0	8.62271e-007	1533.24	1516.31	1506.78
1516	973.093	727	1.#QNAN	0	0.015	0	8.46446e-007	1500.67	1516	1506.5
1515.72	972.869	728	1.#QNAN	0	0.016	0	8.51806e-007	1547.36	1515.72	1506.25
1515.47	972.649	729	1.#QNAN	0	0.016	0	8.17125e-007	1542.49	1515.47	1506.03
1515.15	972.411	730	1.#QNAN	0	0.031	0	8.45685e-007	1509.73	1515.15	1505.74
1514.83	972.168	731	1.#QNAN	0	0.015	0	8.55693e-007	1496.93	1514.83	1505.43
1514.48	971.919	732	1.#QNAN	0	0.016	0	8.81361e-007	1477.04	1514.48	1505.12
1514.16	971.69	733	1.#QNAN	0	0.016	0	8.27085e-007	1482.7	1514.16	1504.82
1513.88	971.482	734	1.#QNAN	0	0.015	0	8.47251e-007	1581.23	1513.88	1504.57
1513.55	971.254	735	1.#QNAN	0	0.016	0	8.47731e-007	1487.78	1513.55	1504.26
1513.17	970.995	736	1.#QNAN	0	0.015	0	8.45943e-007	1462.67	1513.17	1503.91
1512.81	970.745	737	1.#QNAN	0	0.016	0	8.59916e-007	1487.43	1512.81	1503.58
1512.4	970.487	738	1.#QNAN	0	0.031	1	8.15975e-007	1463.14	1512.4	1503.18
1512	970.235	739	1.#QNAN	0	0.016	0	8.45188e-007	1454.15	1512	1502.81
1511.66	969.991	740	1.#QNAN	0	0.015	0	8.59249e-007	1467.49	1511.66	1502.49
1511.33	969.755	741	1.#QNAN	0	0.016	0	8.40015e-007	1485.66	1511.33	1502.19
1511.12	969.573	742	1.#QNAN	0	0.016	0	8.26884e-007	1693.31	1511.12	1502
1510.79	969.344	743	1.#QNAN	0	0.015	0	8.49607e-007	1480.83	1510.79	1501.7
1510.46	969.12	744	1.#QNAN	0	0.016	0	8.51371e-007	1476.23	1510.46	1501.4
1510.1	968.886	745	1.#QNAN	0	0.015	0	8.35575e-007	1483.19	1510.1	1501.05
1509.79	968.663	746	1.#QNAN	0	0.016	0	8.75421e-007	1523.9	1509.79	1500.76
1509.42	968.428	747	1.#QNAN	0	0.031	0	8.32524e-007	1495.99	1509.42	1500.42
1509.2	968.236	748	1.#QNAN	0	0.016	0	8.43138e-007	1742.63	1509.2	1500.22
1508.85	968.014	749	1.#QNAN	0	0.015	0	8.50437e-007	1505.16	1508.85	1499.89
1508.46	967.773	750	1.#QNAN	0	0.016	0	8.52416e-007	1497.34	1508.46	1499.52
1508.1	967.544	751	1.#QNAN	0	0.016	0	8.30617e-007	1522.82	1508.1	1499.18
1507.72	967.302	752	1.#QNAN	0	0.015	0	8.50652e-007	1514.78	1507.72	1498.82
1507.35	967.071	753	1.#QNAN	0	0.016	0	8.3772e-007	1495.36	1507.35	1498.47
1507.01	966.845	754	1.#QNAN	0	0.015	0	8.67464e-007	1507.06	1507.01	1498.15
1506.72	966.624	755	1.#QNAN	0	0.032	0	8.3018e-007	1604.99	1506.72	1497.88
1506.32	966.382	756	1.#QNAN	0	0.015	0	8.52514e-007	1506.71	1506.32	1497.51
1506.03	966.176	757	1.#QNAN	0	0.016	0	8.48304e-007	1589.71	1506.03	1497.23
1505.67	965.935	758	1.#QNAN	0	0.015	0	8.7008e-007	1477.91	1505.67	1496.89
1505.31	965.702	759	1.#QNAN	0	0.016	0	8.61912e-007	1477.15	1505.31	1496.56
1504.94	965.469	760	1.#QNAN	0	0.016	0	8.23417e-007	1451.95	1504.94	1496.2
1504.61	965.251	761	1.#QNAN	0	0.015	0	8.68444e-007	1572.06	1504.61	1495.9
1504.26	965.01	762	1.#QNAN	0	0.016	0	8.60911e-007	1551.21	1504.26	1495.56
1503.91	964.791	763	1.#QNAN	0	0.015	0	8.5464e-007	1530.91	1503.91	1495.23
1503.57	964.562	764	1.#QNAN	0	0.016	0	8.69601e-007	1531.5	1503.57	1494.91
1503.23	964.32	765	1.#QNAN	0	0.015	0	8.76428e-007	1504.92	1503.23	1494.59
1502.88	964.085	766	1.#QNAN	0	0.016	0	8.43275e-007	1492.49	1502.88	1494.26
1502.55	963.851	767	1.#QNAN	0	0.015	0	8.31647e-007	1528.65	1502.55	1493.95
1502.24	963.645	768	1.#QNAN	0	0.016	0	8.53277e-007	1499.79	1502.24	1493.67
1502	963.447	769	1.#QNAN	0	0.016	0	8.74947e-007	1720.39	1502	1493.44
1501.74	963.241	770	1.#QNAN	0	0.015	0	8.9601e-007	1559.19	1501.74	1493.2
1501.42	963.023	771	1.#QNAN	0	0.016	0	8.54731e-007	1485.34	1501.42	1492.91
1501.1	962.798	772	1.#QNAN	0	0.031	0	8.3646e-007	1492.06	1501.1	1492.61
1500.81	962.589	773	1.#QNAN	0	0.016	0	8.51834e-007	1508.66	1500.81	1492.34
1500.59	962.404	774	1.#QNAN	0	0.015	0	8.72478e-007	1556.17	1500.59	1492.14
1500.32	962.204	775	1.#QNAN	0	0.016	0	8.61242e-007	1500.41	1500.32	1491.9
1500.09	962.015	776	1.#QNAN	0	0.015	0	8.48126e-007	1525.97	1500.09	1491.69
1499.87	961.816	777	1.#QNAN	0	0.016	0	8.78217e-007	1545.01	1499.87	1491.49
1499.6	961.596	778	1.#QNAN	0	0.016	0	8.60787e-007	1505.14	1499.6	1491.24
1499.33	961.376	779	1.#QNAN	0	0.015	0	8.49158e-007	1487.57	1499.33	1490.99
1499.07	961.169	780	1.#QNAN	0	0.016	0	8.90514e-007	1535.15	1499.07	1490.76
1498.9	960.999	781	1.#QNAN	0	0.031	0	8.57243e-007	1821.64	1498.9	1490.61
1498.67	960.809	782	1.#QNAN	0	0.016	0	8.9453e-007	1545.42	1498.67	1490.4
1498.44	960.62	783	1.#QNAN	0	0.015	0	8.21056e-007	1571.03	1498.44	1490.2
1498.21	960.42	784	1.#QNAN	0	0.016	0	8.53449e-007	1547.73	1498.21	1489.98
1498.12	960.284	785	1.#QNAN	0	0.015	0	8.43237e-007	1884.01	1498.12	1489.92
1497.97	960.124	786	1.#QNAN	0	0.016	0	8.68422e-007	1706.49	1497.97	1489.79
1497.73	959.94	787	1.#QNAN	0	0.016	0	8.42934e-007	1552.53	1497.73	1489.58
1497.59	959.777	788	1.#QNAN	0	0.015	0	8.41381e-007	1611.01	1497.59	1489.45
1497.37	959.58	789	1.#QNAN	0	0.031	0	8.61374e-007	1556.29	1497.37	1489.25
1497.13	959.394	790	1.#QNAN	0	0.016	0	8.37253e-007	1511.33	1497.13	1489.04
1496.91	959.212	791	1.#QNAN	0	0.016	0	8.25273e-007	1526.63	1496.91	1488.85
1496.73	959.04	792	1.#QNAN	0	0.015	0	8.56859e-007	1547.88	1496.73	1488.69
1496.5	958.865	793	1.#QNAN	0	0.016	0	8.45465e-007	1498.14	1496.5	1488.48
1496.27	958.682	794	1.#QNAN	0	0.015	0	8.34027e-007	1510.34	1496.27	1488.27
1496.01	958.472	795	1.#QNAN	0	0.016	1	8.44762e-007	1495.39	1496.01	1488.03
1495.8	958.282	796	1.#QNAN	0	0.016	0	8.15904e-007	1525.5	1495.8	1487.85
1495.56	958.081	797	1.#QNAN	0	0.015	0	8.45468e-007	1499.63	1495.56	1487.62
1495.31	957.892	798	1.#QNAN	0	0.015	0	8.47565e-007	1534.28	1495.31	1487.38
1495.04	957.696	799	1.#QNAN	0	0.016	0	8.53173e-007	1502.35	1495.04	1487.14
