rmse	mae	#iter	time_pred	time_learn	time_learn2	time_learn4	alpha	rmse_mcmc_this	rmse_mcmc_all	rmse_mcmc_all_but5
24956.1	20289.2	0	1.#QNAN	0	0.016	0	2.20715e-012	24956.1	24956.1	4115.63
24331.1	19529.7	1	1.#QNAN	0	0	0	4.16196e-011	24398.3	24331.1	4115.63
24220.8	19393.6	2	1.#QNAN	0	0	0	5.45119e-011	24415.4	24220.8	4115.63
24208.7	19410.8	3	1.#QNAN	0	0.016	0	6.03665e-011	24675.5	24208.7	4115.63
24195.1	19395.3	4	1.#QNAN	0	0	0	6.85519e-011	24437.2	24195.1	32670.1
24174.4	19345.5	5	1.#QNAN	0	0	0	7.51195e-011	24372.6	24174.4	24372.6
24163.3	19358.4	6	1.#QNAN	0	0	0	8.41766e-011	24470.2	24163.3	24276
24126.7	19316.9	7	1.#QNAN	0	0.015	0	9.56533e-011	24275.8	24126.7	24175.5
24099.9	19282.3	8	1.#QNAN	0	0	0	1.04153e-010	24268.6	24099.9	24111.2
24063.1	19247.2	9	1.#QNAN	0	0	0	1.13397e-010	24094.4	24063.1	24057
24008	19178.3	10	1.#QNAN	0	0.016	0	1.32699e-010	23852.6	24008	23969.1
23959.7	19124.7	11	1.#QNAN	0	0	0	1.43777e-010	23866.5	23959.7	23906.9
23918.2	19080.5	12	1.#QNAN	0	0	0	1.60359e-010	23786.1	23918.2	23856.9
23873.2	19030.1	13	1.#QNAN	0	0.015	0	1.7179e-010	23797.4	23873.2	23803.9
23823.2	18978.3	14	1.#QNAN	0	0	0	1.95379e-010	23579.7	23823.2	23746.1
23741.9	18886.7	15	1.#QNAN	0	0	0	2.26495e-010	23065.4	23741.9	23643.2
23619.9	18765	16	1.#QNAN	0	0.016	0	2.75349e-010	22609.5	23619.9	23488.8
23393.9	18558.7	17	1.#QNAN	0	0	0	3.2525e-010	21250.8	23393.9	23197.6
23138.8	18328.2	18	1.#QNAN	0	0	0	3.96007e-010	20828.3	23138.8	22880
22859.2	18069.3	19	1.#QNAN	0	0.016	0	4.6365e-010	20158.4	22859.2	22541.5
22559.4	17794	20	1.#QNAN	0	0	0	5.09496e-010	19487.3	22559.4	22187.2
22265	17533.9	21	1.#QNAN	0	0	0	5.67451e-010	19196	22265	21848
21968.6	17275.2	22	1.#QNAN	0	0.015	0	6.17708e-010	18802.5	21968.6	21514
21689.1	17032.9	23	1.#QNAN	0	0	0	6.54682e-010	18391.9	21689.1	21206.6
21434	16811	24	1.#QNAN	0	0	0	6.88152e-010	18416.5	21434	20934.1
21196.3	16596.8	25	1.#QNAN	0	0.016	0	7.18864e-010	18373.5	21196.3	20685.4
20972.7	16400.4	26	1.#QNAN	0	0	0	7.63862e-010	18223.3	20972.7	20455.9
20769.6	16222.1	27	1.#QNAN	0	0	0	8.08489e-010	18163.7	20769.6	20252.1
20567.4	16044.7	28	1.#QNAN	0	0.015	0	8.452e-010	17703.4	20567.4	20049.8
20387.4	15884.9	29	1.#QNAN	0	0	0	8.43849e-010	17775.4	20387.4	19873.1
20212.1	15727.3	30	1.#QNAN	0	0	0	9.50396e-010	17468.5	20212.1	19702.5
20038.4	15570.2	31	1.#QNAN	0	0.016	0	9.94816e-010	17205.3	20038.4	19533
19871.5	15417.5	32	1.#QNAN	0	0	0	1.05873e-009	17073.8	19871.5	19371.3
19718.6	15275.3	33	1.#QNAN	0	0	0	1.11948e-009	16996.1	19718.6	19225.3
19573.4	15141.1	34	1.#QNAN	0	0.016	0	1.14704e-009	16911.7	19573.4	19087.5
19420.2	14999.5	35	1.#QNAN	0	0	0	1.14804e-009	16402.4	19420.2	18939.4
19277.7	14865.6	36	1.#QNAN	0	0	0	1.2036e-009	16442.2	19277.7	18803.4
19130.2	14731.8	37	1.#QNAN	0	0.015	0	1.28341e-009	16119.4	19130.2	18661.3
19003.3	14615.6	38	1.#QNAN	0	0	0	1.32119e-009	16334.5	19003.3	18542.3
18870.7	14493.7	39	1.#QNAN	0	0	0	1.37658e-009	15904.7	18870.7	18416.1
18743.4	14375.2	40	1.#QNAN	0	0.016	0	1.39909e-009	15737.4	18743.4	18295.2
18625.7	14264.3	41	1.#QNAN	0	0	0	1.46367e-009	15715.6	18625.7	18184.8
18500	14146	42	1.#QNAN	0	0	0	1.57398e-009	15356.5	18500	18065.1
18371.6	14027.1	43	1.#QNAN	0	0.015	0	1.58919e-009	15044.8	18371.6	17942.1
18258.5	13918.9	44	1.#QNAN	0	0	0	1.62581e-009	15269.1	18258.5	17835.8
18147	13811.3	45	1.#QNAN	0	0	0	1.67171e-009	15105.6	18147	17730.6
18033.1	13702.9	46	1.#QNAN	0	0.016	0	1.77687e-009	14689.2	18033.1	17622.1
17926.7	13601.6	47	1.#QNAN	0	0	0	1.74316e-009	14707.8	17926.7	17521.4
17819	13499.2	48	1.#QNAN	0	0	0	1.81131e-009	14518.4	17819	17419
17712.7	13398.3	49	1.#QNAN	0	0	0	2.02613e-009	14315.6	17712.7	17317.7
17606.4	13298	50	1.#QNAN	0	0.016	0	2.07474e-009	14060.1	17606.4	17216
17503.5	13202.1	51	1.#QNAN	0	0	0	2.11654e-009	14027.7	17503.5	17117.7
17398.1	13103.6	52	1.#QNAN	0	0	0	2.15841e-009	13717.3	17398.1	17016.3
17296.2	13009.7	53	1.#QNAN	0	0.015	0	2.29196e-009	13665.4	17296.2	16918.4
17190.1	12912.6	54	1.#QNAN	0	0	0	2.41061e-009	13254.4	17190.1	16815.6
17087.3	12820.1	55	1.#QNAN	0	0	0	2.54931e-009	13112.9	17087.3	16716.2
16981.7	12725.1	56	1.#QNAN	0	0.016	0	2.58585e-009	12837.9	16981.7	16613.6
16872.2	12628.3	57	1.#QNAN	0	0	0	2.79946e-009	12422.5	16872.2	16506.6
16768.4	12535.5	58	1.#QNAN	0	0	0	3.00821e-009	12514.5	16768.4	16405.4
16665	12444.2	59	1.#QNAN	0	0.015	0	3.14625e-009	12285.4	16665	16304.4
16564.9	12355.7	60	1.#QNAN	0	0	0	3.20691e-009	12244.6	16564.9	16206.9
16458.3	12262.3	61	1.#QNAN	0	0	0	3.46152e-009	11666.6	16458.3	16102.2
16353.1	12171.2	62	1.#QNAN	0	0	0	3.59726e-009	11476	16353.1	15998.6
16253.2	12084.4	63	1.#QNAN	0	0.016	0	3.73084e-009	11593.4	16253.2	15900.9
16149.6	11994.9	64	1.#QNAN	0	0	0	3.94248e-009	11249.9	16149.6	15799.2
16047.6	11908.3	65	1.#QNAN	0	0	0	4.07395e-009	11076.4	16047.6	15698.8
15946.9	11822.8	66	1.#QNAN	0	0.016	0	4.12096e-009	10950.6	15946.9	15599.8
15846.5	11738.2	67	1.#QNAN	0	0	0	4.42062e-009	10797.9	15846.5	15501
15740.6	11650.4	68	1.#QNAN	0	0	0	4.42214e-009	10334.1	15740.6	15396.3
15642.3	11568.9	69	1.#QNAN	0	0	0	4.52397e-009	10502.1	15642.3	15299.7
15541.8	11486	70	1.#QNAN	0	0.015	0	4.83602e-009	10164.1	15541.8	15200.5
15441.6	11404	71	1.#QNAN	0	0	0	4.95395e-009	10006.3	15441.6	15101.6
15344.2	11324.3	72	1.#QNAN	0	0	0	5.19422e-009	9964.91	15344.2	15005.4
15243.8	11243.6	73	1.#QNAN	0	0.016	0	5.41364e-009	9628.71	15243.8	14906.2
15144.8	11162.9	74	1.#QNAN	0	0	0	5.59417e-009	9560.8	15144.8	14808.3
15047.8	11084.5	75	1.#QNAN	0	0	0	5.80695e-009	9488.87	15047.8	14712.5
14950.6	11007.3	76	1.#QNAN	0	0.015	0	5.91233e-009	9201.81	14950.6	14616.3
14856	10931.3	77	1.#QNAN	0	0	0	6.42605e-009	9174.67	14856	14522.8
14757.8	10853	78	1.#QNAN	0	0	0	6.3316e-009	8809.73	14757.8	14425.5
14661.9	10776.9	79	1.#QNAN	0	0	0	6.65192e-009	8806.37	14661.9	14330.5
14568.4	10702.3	80	1.#QNAN	0	0.016	0	6.79793e-009	8844.64	14568.4	14238.2
14476.9	10630.3	81	1.#QNAN	0	0	0	6.70799e-009	8655.26	14476.9	14147.9
14384.4	10557.9	82	1.#QNAN	0	0	0	7.09369e-009	8409.32	14384.4	14056.3
14295.1	10487.1	83	1.#QNAN	0	0.016	0	7.1384e-009	8601.47	14295.1	13968.3
14205.8	10416.8	84	1.#QNAN	0	0	0	7.45585e-009	8432.68	14205.8	13880.1
14117.4	10346.8	85	1.#QNAN	0	0	0	7.54201e-009	8311.91	14117.4	13792.8
14028.6	10276.7	86	1.#QNAN	0	0.015	1	7.90186e-009	8166.42	14028.6	13705.2
13940.9	10208.2	87	1.#QNAN	0	0	0	8.08993e-009	8050.8	13940.9	13618.5
13853	10139.7	88	1.#QNAN	0	0	0	8.24713e-009	7816.61	13853	13531.7
13767	10072.8	89	1.#QNAN	0	0	0	8.22896e-009	7787.95	13767	13446.8
13684.6	10008.6	90	1.#QNAN	0	0.016	0	8.40703e-009	7843.38	13684.6	13365.5
13601.5	9944.32	91	1.#QNAN	0	0	0	8.59614e-009	7662.68	13601.5	13283.6
13517.5	9879.64	92	1.#QNAN	0	0	0	9.07992e-009	7525.59	13517.5	13200.7
13436.3	9816.45	93	1.#QNAN	0	0.015	0	8.72994e-009	7527.72	13436.3	13120.6
13355.4	9753.91	94	1.#QNAN	0	0	0	9.09465e-009	7513.13	13355.4	13040.9
13274.1	9690.99	95	1.#QNAN	0	0	0	9.49758e-009	7266.98	13274.1	12960.7
13197.4	9631.3	96	1.#QNAN	0	0.016	0	9.6383e-009	7405.52	13197.4	12885.3
13120.5	9571.81	97	1.#QNAN	0	0	0	1.01768e-008	7250.27	13120.5	12809.6
13042.4	9512.18	98	1.#QNAN	0	0	0	1.01424e-008	7117.6	13042.4	12732.7
12966.7	9453.54	99	1.#QNAN	0	0	0	1.0476e-008	7150.47	12966.7	12658.2
12893	9397	100	1.#QNAN	0	0.016	0	1.04995e-008	7182.59	12893	12585.9
12818.5	9340.42	101	1.#QNAN	0	0	0	1.09587e-008	7023.98	12818.5	12512.6
12745.3	9284.47	102	1.#QNAN	0	0	0	1.0613e-008	6904.42	12745.3	12440.6
12672.5	9229.18	103	1.#QNAN	0	0.015	0	1.11986e-008	6901.69	12672.5	12369.1
12601.5	9175.13	104	1.#QNAN	0	0	0	1.16475e-008	6850.37	12601.5	12299.4
12528.8	9120.31	105	1.#QNAN	0	0	0	1.14704e-008	6683.59	12528.8	12227.8
12455.9	9064.75	106	1.#QNAN	0	0.016	0	1.20536e-008	6511.04	12455.9	12155.9
12385.6	9011.55	107	1.#QNAN	0	0	0	1.19733e-008	6625.31	12385.6	12086.9
12314.8	8957.6	108	1.#QNAN	0	0	0	1.28012e-008	6422.05	12314.8	12017.1
12244.7	8904.41	109	1.#QNAN	0	0	0	1.30704e-008	6406.88	12244.7	11948.2
12175.8	8852.45	110	1.#QNAN	0	0.015	0	1.28393e-008	6368.72	12175.8	11880.4
12107.4	8800.54	111	1.#QNAN	0	0	0	1.32914e-008	6406.76	12107.4	11813.1
12040.8	8750.48	112	1.#QNAN	0	0	0	1.35506e-008	6383.91	12040.8	11747.8
11974.5	8700.76	113	1.#QNAN	0	0.016	0	1.4122e-008	6309.36	11974.5	11682.6
11910.3	8652.13	114	1.#QNAN	0	0	0	1.40641e-008	6442.64	11910.3	11619.7
11846.6	8603.83	115	1.#QNAN	0	0	0	1.41341e-008	6346.28	11846.6	11557.2
11784.1	8556.87	116	1.#QNAN	0	0.016	0	1.41878e-008	6339.24	11784.1	11495.9
11721.5	8509.41	117	1.#QNAN	0	0	0	1.49763e-008	6211.91	11721.5	11434.6
11659.5	8462.77	118	1.#QNAN	0	0	0	1.53733e-008	6225.39	11659.5	11373.8
11597.4	8415.97	119	1.#QNAN	0	0	0	1.48367e-008	6050.52	11597.4	11312.9
11535.5	8369.33	120	1.#QNAN	0	0.015	0	1.53144e-008	6032.64	11535.5	11252.2
11476.3	8324.44	121	1.#QNAN	0	0	0	1.52431e-008	6131.02	11476.3	11194.3
11417.1	8279.44	122	1.#QNAN	0	0	0	1.59466e-008	6092.81	11417.1	11136.3
11359.7	8235.94	123	1.#QNAN	0	0.016	0	1.59867e-008	6159.59	11359.7	11080.2
11300.7	8191.31	124	1.#QNAN	0	0	0	1.61885e-008	5926.39	11300.7	11022.5
11243.9	8148.01	125	1.#QNAN	0	0	0	1.66192e-008	6096.57	11243.9	10967
11187.4	8105.16	126	1.#QNAN	0	0.015	0	1.67804e-008	5951.36	11187.4	10911.7
11131.2	8062.47	127	1.#QNAN	0	0	0	1.68402e-008	5927	11131.2	10856.8
11076.1	8020.97	128	1.#QNAN	0	0	0	1.60457e-008	5941.22	11076.1	10803
11021.8	7980.02	129	1.#QNAN	0	0.016	0	1.66842e-008	5953.54	11021.8	10749.9
10968.5	7939.66	130	1.#QNAN	0	0	0	1.68099e-008	5884.69	10968.5	10697.8
10915.9	7899.77	131	1.#QNAN	0	0	0	1.72758e-008	5922.5	10915.9	10646.5
10863.9	7860.72	132	1.#QNAN	0	0.016	0	1.8023e-008	5878.83	10863.9	10595.8
10812.3	7821.7	133	1.#QNAN	0	0	0	1.80161e-008	5890.49	10812.3	10545.5
10761.2	7783.19	134	1.#QNAN	0	0	0	1.83361e-008	5787.1	10761.2	10495.8
10710.3	7745.28	135	1.#QNAN	0	0	0	1.82312e-008	5718.45	10710.3	10446.2
10660.5	7708.13	136	1.#QNAN	0	0.015	0	1.85166e-008	5711.19	10660.5	10397.5
10611.2	7670.96	137	1.#QNAN	0	0	0	1.83487e-008	5675.98	10611.2	10349.5
10561.7	7633.64	138	1.#QNAN	0	0	0	1.81963e-008	5657.68	10561.7	10301.3
10513	7596.75	139	1.#QNAN	0	0.016	0	1.87997e-008	5655.55	10513	10253.9
10464.8	7560.47	140	1.#QNAN	0	0	0	1.96302e-008	5539.93	10464.8	10206.9
10417.6	7525.08	141	1.#QNAN	0	0	0	1.80873e-008	5608.8	10417.6	10160.9
10370.5	7489.81	142	1.#QNAN	0	0.015	0	1.91805e-008	5563.85	10370.5	10115.1
10325.1	7455.88	143	1.#QNAN	0	0	0	1.8656e-008	5633.35	10325.1	10070.9
10279.6	7421.92	144	1.#QNAN	0	0	0	1.86694e-008	5647.12	10279.6	10026.7
10234.9	7388.53	145	1.#QNAN	0	0	0	1.95596e-008	5602.23	10234.9	9983.32
10191.5	7355.98	146	1.#QNAN	0	0.016	0	1.93247e-008	5790.73	10191.5	9941.21
10147.5	7323.42	147	1.#QNAN	0	0	0	1.98291e-008	5605.63	10147.5	9898.55
10103.8	7291.14	148	1.#QNAN	0	0	0	1.95281e-008	5588.71	10103.8	9856.09
10060.4	7259.16	149	1.#QNAN	0	0.016	0	2.04579e-008	5545.49	10060.4	9813.91
10018	7227.56	150	1.#QNAN	0	0	0	1.99881e-008	5581.74	10018	9772.84
9975.51	7196.24	151	1.#QNAN	0	0	0	2.0672e-008	5523.29	9975.51	9731.66
9934.11	7165.58	152	1.#QNAN	0	0.015	0	2.0317e-008	5550.88	9934.11	9691.54
9893.32	7135.39	153	1.#QNAN	0	0	0	2.0866e-008	5514.57	9893.32	9652
9853.02	7105.5	154	1.#QNAN	0	0	0	2.10743e-008	5548.5	9853.02	9612.94
9813.7	7076.07	155	1.#QNAN	0	0	0	2.0758e-008	5544	9813.7	9574.91
9773.27	7045.88	156	1.#QNAN	0	0	0	2.10326e-008	5474.83	9773.27	9535.7
9734.45	7016.65	157	1.#QNAN	0	0	0	2.118e-008	5507.41	9734.45	9498.11
9696.11	6988	158	1.#QNAN	0	0	0	2.12237e-008	5510.9	9696.11	9460.97
9657.59	6959.12	159	1.#QNAN	0	0.015	0	2.19575e-008	5479.2	9657.59	9423.65
9619.46	6930.52	160	1.#QNAN	0	0	0	2.17564e-008	5411.57	9619.46	9386.73
9581.84	6902.23	161	1.#QNAN	0	0	0	2.20585e-008	5404.52	9581.84	9350.28
9544.54	6874.26	162	1.#QNAN	0	0.016	0	2.23687e-008	5389.97	9544.54	9314.19
9507.17	6846.45	163	1.#QNAN	0	0	0	2.23587e-008	5283.36	9507.17	9277.99
9470.78	6819.29	164	1.#QNAN	0	0	0	2.25119e-008	5325.1	9470.78	9242.77
9435.02	6792.75	165	1.#QNAN	0	0.016	0	2.28928e-008	5322.68	9435.02	9208.19
9399.03	6766.09	166	1.#QNAN	0	0	0	2.15297e-008	5292.91	9399.03	9173.33
9363.38	6739.53	167	1.#QNAN	0	0	0	2.20336e-008	5344.75	9363.38	9138.84
9327.58	6713.05	168	1.#QNAN	0	0	0	2.34177e-008	5248.41	9327.58	9104.16
9292.31	6686.77	169	1.#QNAN	0	0.015	0	2.37371e-008	5214.54	9292.31	9070.04
9258.14	6661.35	170	1.#QNAN	0	0	0	2.26445e-008	5316.73	9258.14	9037
9224.44	6636.26	171	1.#QNAN	0	0	0	2.38398e-008	5374.78	9224.44	9004.44
9190.29	6610.87	172	1.#QNAN	0	0.016	0	2.24743e-008	5243.45	9190.29	8971.38
9157.03	6586.02	173	1.#QNAN	0	0	0	2.28294e-008	5306.33	9157.03	8939.26
9124.64	6561.61	174	1.#QNAN	0	0	0	2.35903e-008	5444.94	9124.64	8907.97
9091.77	6537.08	175	1.#QNAN	0	0.015	0	2.52784e-008	5308.45	9091.77	8876.21
9058.79	6512.64	176	1.#QNAN	0	0	0	2.37637e-008	5252.21	9058.79	8844.33
9026.77	6489	177	1.#QNAN	0	0	0	2.38416e-008	5259.77	9026.77	8813.4
8995.07	6465.49	178	1.#QNAN	0	0	0	2.33842e-008	5344.8	8995.07	8782.82
8963.14	6441.85	179	1.#QNAN	0	0.016	0	2.41365e-008	5288.02	8963.14	8751.96
8931.74	6418.29	180	1.#QNAN	0	0	0	2.47148e-008	5301.95	8931.74	8721.65
8901.23	6395.24	181	1.#QNAN	0	0	0	2.46574e-008	5355.58	8901.23	8692.21
8870.77	6372.38	182	1.#QNAN	0	0.016	0	2.5063e-008	5286.06	8870.77	8662.82
8840.52	6349.67	183	1.#QNAN	0	0	0	2.48319e-008	5277.16	8840.52	8633.64
8810.98	6327.47	184	1.#QNAN	0	0	0	2.52609e-008	5356.53	8810.98	8605.18
8781.47	6305.25	185	1.#QNAN	0	0.015	0	2.4265e-008	5287.79	8781.47	8576.73
8752.77	6283.64	186	1.#QNAN	0	0	0	2.50925e-008	5334.75	8752.77	8549.08
8723.97	6261.61	187	1.#QNAN	0	0	0	2.58224e-008	5274.88	8723.97	8521.33
8694.83	6239.73	188	1.#QNAN	0	0	0	2.49895e-008	5196.97	8694.83	8493.22
8666.1	6218.16	189	1.#QNAN	0	0.016	0	2.60867e-008	5186.64	8666.1	8465.51
8637.99	6197.11	190	1.#QNAN	0	0	0	2.69951e-008	5190.58	8637.99	8438.43
8609.62	6176.09	191	1.#QNAN	0	0	0	2.58836e-008	5150.51	8609.62	8411.09
8581.96	6155.48	192	1.#QNAN	0	0.015	0	2.71593e-008	5195.1	8581.96	8384.46
8554.23	6134.99	193	1.#QNAN	0	0	0	2.59718e-008	5180.16	8554.23	8357.75
8527.43	6115.08	194	1.#QNAN	0	0	0	2.64865e-008	5145.49	8527.43	8331.97
8500.94	6095.24	195	1.#QNAN	0	0.016	0	2.57541e-008	5183.97	8500.94	8306.51
8474.88	6075.91	196	1.#QNAN	0	0	0	2.71147e-008	5226.86	8474.88	8281.48
8448.52	6056.47	197	1.#QNAN	0	0	0	2.57049e-008	5090.16	8448.52	8256.11
8422.74	6037.34	198	1.#QNAN	0	0	0	2.72639e-008	5134.09	8422.74	8231.34
8396.88	6018.17	199	1.#QNAN	0	0.016	0	2.69194e-008	5101.81	8396.88	8206.47
8371.13	5998.84	200	1.#QNAN	0	0	0	2.71821e-008	5106.31	8371.13	8181.72
8346.19	5980.27	201	1.#QNAN	0	0	0	2.78416e-008	5192.35	8346.19	8157.77
8321.09	5961.58	202	1.#QNAN	0	0.015	0	2.81079e-008	5181.51	8321.09	8133.63
8296.63	5943.27	203	1.#QNAN	0	0	0	2.77091e-008	5223.67	8296.63	8110.13
8272.34	5925.08	204	1.#QNAN	0	0	0	2.71496e-008	5186.91	8272.34	8086.81
8248.27	5907.12	205	1.#QNAN	0	0.016	0	2.76571e-008	5159.21	8248.27	8063.72
8224.13	5889.2	206	1.#QNAN	0	0	0	2.78652e-008	5150.77	8224.13	8040.56
8200.63	5871.85	207	1.#QNAN	0	0	0	2.82967e-008	5143.07	8200.63	8018.01
8177.13	5854.32	208	1.#QNAN	0	0	0	2.91917e-008	5074.7	8177.13	7995.48
8153.86	5837.05	209	1.#QNAN	0	0.015	0	2.73897e-008	5026.82	8153.86	7973.15
8131.06	5819.92	210	1.#QNAN	0	0	0	2.78098e-008	5114.92	8131.06	7951.3
8108.36	5802.83	211	1.#QNAN	0	0	0	2.82599e-008	5148.8	8108.36	7929.54
8085.96	5786	212	1.#QNAN	0	0.016	0	2.8268e-008	5128.26	8085.96	7908.09
8063.7	5769.36	213	1.#QNAN	0	0	0	2.80716e-008	5098.61	8063.7	7886.77
8041.73	5752.92	214	1.#QNAN	0	0	0	2.86727e-008	5108.09	8041.73	7865.76
8019.89	5736.7	215	1.#QNAN	0	0.016	0	2.78733e-008	5064.21	8019.89	7844.85
7998.31	5720.7	216	1.#QNAN	0	0	0	2.90691e-008	5039.83	7998.31	7824.19
7976.94	5704.97	217	1.#QNAN	0	0	0	2.90342e-008	5063.91	7976.94	7803.73
7955.83	5689.42	218	1.#QNAN	0	0	0	2.90568e-008	5069.85	7955.83	7783.54
7934.78	5673.79	219	1.#QNAN	0	0.015	0	2.95157e-008	5024.3	7934.78	7763.38
7913.85	5658.25	220	1.#QNAN	0	0	0	2.96992e-008	5044.67	7913.85	7743.37
7893.15	5642.96	221	1.#QNAN	0	0	0	2.92853e-008	5073.09	7893.15	7723.57
7872.42	5627.79	222	1.#QNAN	0	0.016	0	3.16541e-008	5032.88	7872.42	7703.71
7851.49	5612.36	223	1.#QNAN	0	0	0	2.95049e-008	4992.91	7851.49	7683.66
7830.95	5597.17	224	1.#QNAN	0	0	0	2.99274e-008	4962.27	7830.95	7663.97
7810.93	5582.3	225	1.#QNAN	0	0.015	0	2.92776e-008	4997.05	7810.93	7644.82
7791.22	5567.66	226	1.#QNAN	0	0	0	2.93086e-008	5099.79	7791.22	7625.95
7771.49	5553.05	227	1.#QNAN	0	0	0	3.13827e-008	5074.92	7771.49	7607.05
7751.47	5538.3	228	1.#QNAN	0	0.016	0	3.0815e-008	4965.08	7751.47	7587.87
7731.99	5523.81	229	1.#QNAN	0	0	0	3.12868e-008	4995.44	7731.99	7569.23
7712.44	5509.36	230	1.#QNAN	0	0	0	3.10322e-008	5015.17	7712.44	7550.54
7693.04	5495.01	231	1.#QNAN	0	0.016	0	2.96712e-008	4952.43	7693.04	7531.98
7674.08	5481.07	232	1.#QNAN	0	0	0	3.02776e-008	4989.57	7674.08	7513.86
7655.54	5467.39	233	1.#QNAN	0	0	0	3.20006e-008	4995.17	7655.54	7496.16
7636.92	5453.91	234	1.#QNAN	0	0	0	3.14779e-008	4930.88	7636.92	7478.38
7618.42	5440.52	235	1.#QNAN	0	0.015	0	3.13887e-008	4882.73	7618.42	7460.68
7599.92	5427.06	236	1.#QNAN	0	0	0	3.24911e-008	4893.18	7599.92	7442.99
7581.79	5413.83	237	1.#QNAN	0	0	0	3.14736e-008	4956.95	7581.79	7425.67
7563.83	5400.72	238	1.#QNAN	0	0.016	0	3.16169e-008	4949.04	7563.83	7408.53
7546.41	5387.91	239	1.#QNAN	0	0	0	3.25903e-008	4959.31	7546.41	7391.92
7528.82	5374.91	240	1.#QNAN	0	0	0	3.10022e-008	4934.35	7528.82	7375.12
7511.41	5361.94	241	1.#QNAN	0	0.015	0	3.11545e-008	4935.25	7511.41	7358.52
7494.38	5349.4	242	1.#QNAN	0	0	0	3.28073e-008	4957.27	7494.38	7342.27
7477.16	5336.79	243	1.#QNAN	0	0	0	3.16478e-008	4889.86	7477.16	7325.83
7460.1	5324.31	244	1.#QNAN	0	0	0	3.21676e-008	4935.12	7460.1	7309.55
7443.13	5311.83	245	1.#QNAN	0	0	0	3.32263e-008	5002.82	7443.13	7293.37
7426.61	5299.49	246	1.#QNAN	0	0	0	3.14346e-008	5073.26	7426.61	7277.64
7410.05	5287.26	247	1.#QNAN	0	0	0	3.28092e-008	5092.69	7410.05	7261.85
7393.54	5275.17	248	1.#QNAN	0	0.016	0	3.18175e-008	5007.39	7393.54	7246.14
7377.11	5263.05	249	1.#QNAN	0	0	0	3.32182e-008	4957.52	7377.11	7230.48
7361.1	5251.27	250	1.#QNAN	0	0	0	3.2667e-008	4992.57	7361.1	7215.25
7344.76	5239.35	251	1.#QNAN	0	0.015	0	3.34581e-008	4870.13	7344.76	7199.67
7328.35	5227.4	252	1.#QNAN	0	0	0	3.45668e-008	4910.4	7328.35	7184
7312.55	5215.72	253	1.#QNAN	0	0	0	3.42358e-008	4900.88	7312.55	7168.94
7296.79	5204.1	254	1.#QNAN	0	0	0	3.37976e-008	4900.33	7296.79	7153.9
7281.1	5192.41	255	1.#QNAN	0	0.016	0	3.47798e-008	4957.01	7281.1	7138.92
7265.84	5181.16	256	1.#QNAN	0	0	0	3.23701e-008	4925.57	7265.84	7124.38
7250.52	5169.75	257	1.#QNAN	0	0	0	3.38153e-008	4963.62	7250.52	7109.78
7235.4	5158.68	258	1.#QNAN	0	0.015	0	3.46441e-008	4910.9	7235.4	7095.36
7220.27	5147.58	259	1.#QNAN	0	0	0	3.59535e-008	4857.9	7220.27	7080.94
7205.01	5136.28	260	1.#QNAN	0	0	0	3.42386e-008	4877.38	7205.01	7066.39
7190.37	5125.53	261	1.#QNAN	0	0.016	0	3.42616e-008	4876.6	7190.37	7052.45
7175.59	5114.66	262	1.#QNAN	0	0	0	3.5005e-008	4811.38	7175.59	7038.39
7160.98	5103.83	263	1.#QNAN	0	0	0	3.5342e-008	4872.27	7160.98	7024.47
7146.52	5093.26	264	1.#QNAN	0	0	0	3.72817e-008	4917.57	7146.52	7010.71
7132.25	5082.86	265	1.#QNAN	0	0.016	0	3.68518e-008	4912.55	7132.25	6997.12
7117.6	5072.12	266	1.#QNAN	0	0	0	3.57737e-008	4779.42	7117.6	6983.15
7103.3	5061.68	267	1.#QNAN	0	0	0	3.39647e-008	4847.31	7103.3	6969.54
7088.94	5051.05	268	1.#QNAN	0	0.015	0	3.58295e-008	4888.1	7088.94	6955.86
7074.55	5040.44	269	1.#QNAN	0	0	0	3.61548e-008	4816.91	7074.55	6942.16
7060.53	5030.24	270	1.#QNAN	0	0	0	3.44855e-008	4811.89	7060.53	6928.79
7046.61	5020.02	271	1.#QNAN	0	0.016	0	3.55651e-008	4795.86	7046.61	6915.54
7032.89	5010.23	272	1.#QNAN	0	0	0	3.63311e-008	4812.42	7032.89	6902.45
7018.94	4999.92	273	1.#QNAN	0	0	0	3.74117e-008	4761.15	7018.94	6889.16
7005.37	4989.88	274	1.#QNAN	0	0.015	0	3.82457e-008	4761.33	7005.37	6876.23
6991.85	4980.01	275	1.#QNAN	0	0	0	3.68972e-008	4715.17	6991.85	6863.34
6978.29	4969.97	276	1.#QNAN	0	0	0	3.57625e-008	4768.66	6978.29	6850.41
6965.1	4960.28	277	1.#QNAN	0	0	0	3.51824e-008	4820.36	6965.1	6837.86
6951.75	4950.57	278	1.#QNAN	0	0.016	0	3.76447e-008	4743.69	6951.75	6825.15
6938.55	4940.92	279	1.#QNAN	0	0	0	3.81989e-008	4809.87	6938.55	6812.57
6925.65	4931.37	280	1.#QNAN	0	0	0	3.80184e-008	4792.82	6925.65	6800.28
6912.85	4921.91	281	1.#QNAN	0	0.016	0	3.76559e-008	4679.59	6912.85	6788.09
6899.92	4912.42	282	1.#QNAN	0	0	0	3.84076e-008	4677.1	6899.92	6775.76
6886.98	4902.9	283	1.#QNAN	0	0	0	3.76089e-008	4654.84	6886.98	6763.43
6874.34	4893.58	284	1.#QNAN	0	0	0	3.70202e-008	4689.42	6874.34	6751.4
6861.66	4884.18	285	1.#QNAN	0	0.015	0	3.7594e-008	4697.43	6861.66	6739.31
6849.29	4875.01	286	1.#QNAN	0	0	0	3.7443e-008	4727.51	6849.29	6727.52
6836.84	4865.85	287	1.#QNAN	0	0	0	3.70783e-008	4659.8	6836.84	6715.64
6824.51	4856.67	288	1.#QNAN	0	0.016	0	3.94969e-008	4724.78	6824.51	6703.89
6812.26	4847.44	289	1.#QNAN	0	0	0	3.89989e-008	4757.24	6812.26	6692.23
6799.87	4838.24	290	1.#QNAN	0	0	0	3.79333e-008	4712.86	6799.87	6680.42
6787.76	4829.27	291	1.#QNAN	0	0.015	0	3.83421e-008	4685.12	6787.76	6668.88
6775.52	4820.34	292	1.#QNAN	0	0	0	3.83393e-008	4639.1	6775.52	6657.2
6763.63	4811.49	293	1.#QNAN	0	0	0	3.95842e-008	4652.1	6763.63	6645.87
6751.72	4802.82	294	1.#QNAN	0	0	0	3.86467e-008	4761.53	6751.72	6634.53
6739.98	4794.22	295	1.#QNAN	0	0.016	0	3.98449e-008	4674.1	6739.98	6623.35
6728.34	4785.62	296	1.#QNAN	0	0	0	4.04178e-008	4682.62	6728.34	6612.27
6716.61	4777.01	297	1.#QNAN	0	0	0	3.92096e-008	4666.46	6716.61	6601.09
6704.98	4768.56	298	1.#QNAN	0	0.016	1	4.03494e-008	4599.65	6704.98	6590.01
6693.58	4760.14	299	1.#QNAN	0	0	0	3.91874e-008	4696.7	6693.58	6579.15
6682.02	4751.71	300	1.#QNAN	0	0	0	3.96022e-008	4697.36	6682.02	6568.14
6670.6	4743.31	301	1.#QNAN	0	0.015	0	4.10112e-008	4680.73	6670.6	6557.27
6659.14	4734.93	302	1.#QNAN	0	0	0	3.99128e-008	4688.61	6659.14	6546.35
6648	4726.8	303	1.#QNAN	0	0	0	4.0519e-008	4688.55	6648	6535.74
6637.11	4718.84	304	1.#QNAN	0	0.016	0	3.97994e-008	4699.61	6637.11	6525.38
6626	4710.76	305	1.#QNAN	0	0	0	4.11155e-008	4603.13	6626	6514.81
6614.88	4702.69	306	1.#QNAN	0	0	0	4.11198e-008	4591.69	6614.88	6504.22
6604.07	4694.77	307	1.#QNAN	0	0	0	4.10896e-008	4707.18	6604.07	6493.93
6593.32	4686.85	308	1.#QNAN	0	0.015	0	4.02333e-008	4608.56	6593.32	6483.7
6582.47	4678.91	309	1.#QNAN	0	0	0	4.10668e-008	4698.05	6582.47	6473.38
6571.78	4671.1	310	1.#QNAN	0	0	0	4.06645e-008	4664.5	6571.78	6463.19
6561.41	4663.46	311	1.#QNAN	0	0.016	0	4.15519e-008	4714.74	6561.41	6453.34
6551.04	4655.82	312	1.#QNAN	0	0	0	4.01367e-008	4665.53	6551.04	6443.49
6540.57	4648.22	313	1.#QNAN	0	0	0	4.14267e-008	4566.93	6540.57	6433.53
6530.22	4640.77	314	1.#QNAN	0	0.016	0	4.03722e-008	4639.44	6530.22	6423.7
6520.01	4633.32	315	1.#QNAN	0	0	0	4.23212e-008	4677.24	6520.01	6413.99
6509.92	4625.89	316	1.#QNAN	0	0	0	4.20688e-008	4594.4	6509.92	6404.39
6499.87	4618.58	317	1.#QNAN	0	0	0	4.21428e-008	4591.32	6499.87	6394.83
6489.56	4611	318	1.#QNAN	0	0.015	0	4.15364e-008	4586.39	6489.56	6385
6479.48	4603.59	319	1.#QNAN	0	0	0	4.21211e-008	4646.87	6479.48	6375.41
6469.58	4596.24	320	1.#QNAN	0	0	0	4.14861e-008	4615.74	6469.58	6365.99
6459.63	4588.87	321	1.#QNAN	0	0.016	0	4.26586e-008	4570.68	6459.63	6356.51
6449.91	4581.66	322	1.#QNAN	0	0	0	4.33022e-008	4638.28	6449.91	6347.25
6439.85	4574.17	323	1.#QNAN	0	0	0	4.21972e-008	4553.69	6439.85	6337.67
6430.02	4567.03	324	1.#QNAN	0	0.015	0	4.38935e-008	4595.42	6430.02	6328.31
6420.55	4560.02	325	1.#QNAN	0	0	0	4.35637e-008	4675.76	6420.55	6319.32
6410.92	4552.95	326	1.#QNAN	0	0	0	4.39437e-008	4643.09	6410.92	6310.16
6401.36	4545.9	327	1.#QNAN	0	0	0	4.34175e-008	4540.1	6401.36	6301.07
6391.68	4538.86	328	1.#QNAN	0	0.016	0	4.43983e-008	4521.9	6391.68	6291.85
6382.22	4531.91	329	1.#QNAN	0	0	0	4.18328e-008	4583.19	6382.22	6282.85
6372.77	4524.96	330	1.#QNAN	0	0	0	4.18886e-008	4536.81	6372.77	6273.85
6363.28	4518	331	1.#QNAN	0	0.016	0	4.21529e-008	4498.58	6363.28	6264.82
6354.1	4511.29	332	1.#QNAN	0	0	0	4.51111e-008	4583.75	6354.1	6256.09
6344.85	4504.46	333	1.#QNAN	0	0	0	4.54515e-008	4599.56	6344.85	6247.29
6335.77	4497.8	334	1.#QNAN	0	0.015	0	4.52241e-008	4688.09	6335.77	6238.67
6326.57	4491.06	335	1.#QNAN	0	0	0	4.53539e-008	4576.16	6326.57	6229.91
6317.65	4484.46	336	1.#QNAN	0	0	0	4.32203e-008	4622.07	6317.65	6221.44
6308.62	4477.83	337	1.#QNAN	0	0.016	0	4.33287e-008	4590.59	6308.62	6212.85
6299.8	4471.32	338	1.#QNAN	0	0	0	4.49994e-008	4571.99	6299.8	6204.46
6291.13	4464.8	339	1.#QNAN	0	0	0	4.57214e-008	4616.01	6291.13	6196.22
6282.47	4458.2	340	1.#QNAN	0	0.015	0	4.50479e-008	4626.07	6282.47	6187.99
6273.66	4451.56	341	1.#QNAN	0	0	0	4.38713e-008	4498.01	6273.66	6179.61
6264.9	4445.02	342	1.#QNAN	0	0	0	4.47526e-008	4555.83	6264.9	6171.28
6255.95	4438.27	343	1.#QNAN	0	0	0	4.37223e-008	4515.38	6255.95	6162.77
6247.25	4431.7	344	1.#QNAN	0	0.016	0	4.32731e-008	4461.25	6247.25	6154.5
6238.64	4425.31	345	1.#QNAN	0	0	0	4.28427e-008	4521.78	6238.64	6146.33
6230.18	4419.05	346	1.#QNAN	0	0	0	4.44165e-008	4486.01	6230.18	6138.3
6221.83	4412.85	347	1.#QNAN	0	0.016	0	4.50773e-008	4428.92	6221.83	6130.37
6213.51	4406.64	348	1.#QNAN	0	0	0	4.55208e-008	4432.54	6213.51	6122.46
6205.17	4400.45	349	1.#QNAN	0	0	0	4.40419e-008	4454.66	6205.17	6114.54
6196.93	4394.44	350	1.#QNAN	0	0.015	0	4.54403e-008	4486.35	6196.93	6106.72
6188.75	4388.48	351	1.#QNAN	0	0	0	4.54644e-008	4426.94	6188.75	6098.94
6180.61	4382.44	352	1.#QNAN	0	0	0	4.48716e-008	4464.06	6180.61	6091.2
6172.44	4376.44	353	1.#QNAN	0	0	0	4.70819e-008	4440.91	6172.44	6083.43
6164.5	4370.48	354	1.#QNAN	0	0.016	0	4.47816e-008	4475.47	6164.5	6075.89
6156.55	4364.57	355	1.#QNAN	0	0	0	4.46713e-008	4485.35	6156.55	6068.32
6148.74	4358.67	356	1.#QNAN	0	0	0	4.51351e-008	4454.87	6148.74	6060.9
6141.01	4352.76	357	1.#QNAN	0	0.015	0	4.74173e-008	4553.29	6141.01	6053.55
6133.17	4346.77	358	1.#QNAN	0	0	0	4.73002e-008	4550.77	6133.17	6046.09
6125.49	4340.87	359	1.#QNAN	0	0	0	4.61149e-008	4613.58	6125.49	6038.82
6117.86	4334.98	360	1.#QNAN	0	0	0	4.55724e-008	4569.37	6117.86	6031.59
6110.18	4329.15	361	1.#QNAN	0	0.016	0	4.53428e-008	4529	6110.18	6024.29
6102.67	4323.49	362	1.#QNAN	0	0	0	4.58454e-008	4587.46	6102.67	6017.16
6094.92	4317.68	363	1.#QNAN	0	0	0	4.65349e-008	4430.71	6094.92	6009.78
6087.25	4311.88	364	1.#QNAN	0	0.016	0	4.87801e-008	4429.27	6087.25	6002.47
6079.72	4306.12	365	1.#QNAN	0	0	0	4.90696e-008	4474.53	6079.72	5995.31
6072.19	4300.36	366	1.#QNAN	0	0	0	4.7626e-008	4436.89	6072.19	5988.15
6064.48	4294.54	367	1.#QNAN	0	0.015	0	4.7012e-008	4433.29	6064.48	5980.81
6056.98	4288.92	368	1.#QNAN	0	0	0	4.83948e-008	4451.22	6056.98	5973.67
6049.62	4283.47	369	1.#QNAN	0	0	0	4.74833e-008	4485.52	6049.62	5966.68
6042.3	4277.91	370	1.#QNAN	0	0	0	4.84509e-008	4437.19	6042.3	5959.71
6034.88	4272.33	371	1.#QNAN	0	0.016	0	4.70953e-008	4432.4	6034.88	5952.65
6027.24	4266.67	372	1.#QNAN	0	0	0	4.73018e-008	4376.71	6027.24	5945.37
6019.96	4261.25	373	1.#QNAN	0	0	0	4.61786e-008	4408.1	6019.96	5938.44
6012.69	4255.84	374	1.#QNAN	0	0.015	0	4.78276e-008	4428.85	6012.69	5931.52
6005.53	4250.48	375	1.#QNAN	0	0	0	4.58774e-008	4488.68	6005.53	5924.71
5998.26	4244.97	376	1.#QNAN	0	0	0	4.79153e-008	4419.87	5998.26	5917.78
5990.99	4239.47	377	1.#QNAN	0	0.016	0	4.97698e-008	4441.54	5990.99	5910.87
5983.66	4233.96	378	1.#QNAN	0	0	0	4.94861e-008	4424.46	5983.66	5903.89
5976.68	4228.8	379	1.#QNAN	0	0	0	4.82566e-008	4514.89	5976.68	5897.26
5969.66	4223.58	380	1.#QNAN	0	0	0	4.71419e-008	4463.59	5969.66	5890.58
5962.57	4218.38	381	1.#QNAN	0	0.016	0	4.84497e-008	4363.91	5962.57	5883.83
5955.44	4213.13	382	1.#QNAN	0	0	0	4.85781e-008	4314.47	5955.44	5877.04
5948.37	4207.91	383	1.#QNAN	0	0	0	5.01146e-008	4363.41	5948.37	5870.31
5941.35	4202.67	384	1.#QNAN	0	0.015	0	4.96563e-008	4376.63	5941.35	5863.64
5934.47	4197.45	385	1.#QNAN	0	0	0	5.00209e-008	4383.84	5934.47	5857.1
5927.59	4192.28	386	1.#QNAN	0	0	0	5.16203e-008	4394.86	5927.59	5850.56
5920.8	4187.13	387	1.#QNAN	0	0.016	0	5.16474e-008	4368.34	5920.8	5844.09
5913.86	4181.92	388	1.#QNAN	0	0	0	4.86473e-008	4384.68	5913.86	5837.48
5907.23	4176.92	389	1.#QNAN	0	0	0	4.92785e-008	4430.12	5907.23	5831.18
5900.56	4171.9	390	1.#QNAN	0	0.015	0	5.00902e-008	4395.63	5900.56	5824.84
5893.67	4166.8	391	1.#QNAN	0	0	0	5.10168e-008	4340.69	5893.67	5818.26
5886.87	4161.76	392	1.#QNAN	0	0	0	5.07424e-008	4370.31	5886.87	5811.78
5880.23	4156.85	393	1.#QNAN	0	0.016	0	5.19969e-008	4450.9	5880.23	5805.45
5873.55	4151.84	394	1.#QNAN	0	0	0	5.06976e-008	4328.98	5873.55	5799.08
5867	4147.01	395	1.#QNAN	0	0	0	5.02715e-008	4442.31	5867	5792.85
5860.37	4142.01	396	1.#QNAN	0	0	0	4.82854e-008	4394.21	5860.37	5786.53
5853.68	4137.03	397	1.#QNAN	0	0.016	0	5.00404e-008	4362.93	5853.68	5780.14
5847.15	4132.15	398	1.#QNAN	0	0	0	5.19867e-008	4386.34	5847.15	5773.92
5840.61	4127.21	399	1.#QNAN	0	0	0	5.08013e-008	4356.9	5840.61	5767.68
