rmse	mae	#iter	time_pred	time_learn	time_learn2	time_learn4	alpha	rmse_mcmc_this	rmse_mcmc_all	rmse_mcmc_all_but5
27562	21877.4	0	1.#QNAN	0	0.016	0	4.85208e-012	27562	27562	4162.21
26812.8	20927.3	1	1.#QNAN	0	0	0	9.93395e-011	26574.9	26812.8	4162.21
26575.3	20590.6	2	1.#QNAN	0	0	0	1.2655e-010	26527.3	26575.3	4162.21
26388.4	20373.1	3	1.#QNAN	0	0.016	0	1.46607e-010	26251.5	26388.4	4162.21
26262.6	20211.5	4	1.#QNAN	0	0	0	1.57631e-010	26039.1	26262.6	37734.5
26189.9	20122	5	1.#QNAN	0	0	0	1.70401e-010	26082.5	26189.9	26082.5
26101.4	20022.1	6	1.#QNAN	0	0	0	1.90111e-010	25913.7	26101.4	25900.6
26030.7	19953.6	7	1.#QNAN	0	0.015	0	2.15542e-010	25846.6	26030.7	25824.9
25942.2	19858.6	8	1.#QNAN	0	0	0	2.40382e-010	25580.1	25942.2	25700
25866.5	19790.9	9	1.#QNAN	0	0	0	2.55969e-010	25491.2	25866.5	25614.3
25756.9	19687	10	1.#QNAN	0	0.016	0	2.89748e-010	25053.4	25756.9	25474.3
25653.2	19599.9	11	1.#QNAN	0	0	0	3.3978e-010	24908.6	25653.2	25354.8
25522.9	19482.8	12	1.#QNAN	0	0	0	3.53171e-010	24441.9	25522.9	25197
25376.8	19348.3	13	1.#QNAN	0	0.015	0	4.19424e-010	23951.4	25376.8	25023
25254	19237.5	14	1.#QNAN	0	0	0	4.6064e-010	23980.6	25254	24887.5
25099.5	19100.1	15	1.#QNAN	0	0	0	5.07967e-010	23338	25099.5	24709.8
24952.1	18965.3	16	1.#QNAN	0	0	0	5.65909e-010	23257.8	24952.1	24547.3
24776.3	18811.2	17	1.#QNAN	0	0.016	0	5.91253e-010	22540.9	24776.3	24346.2
24614.1	18666.4	18	1.#QNAN	0	0	0	6.4572e-010	22392.7	24614.1	24168.5
24445.4	18518.7	19	1.#QNAN	0	0	0	7.24489e-010	22036.1	24445.4	23985.6
24246.9	18345.8	20	1.#QNAN	0	0.016	0	8.05856e-010	21148.6	24246.9	23767.1
24057.6	18184.6	21	1.#QNAN	0	0	0	8.95987e-010	20988.9	24057.6	23560.4
23862.3	18019.4	22	1.#QNAN	0	0	0	9.48801e-010	20491	23862.3	23349.9
23647.9	17839.1	23	1.#QNAN	0	0.015	0	1.04896e-009	19735.6	23647.9	23117.6
23438.6	17666.8	24	1.#QNAN	0	0	0	1.12318e-009	19446.8	23438.6	22893.3
23224	17489.6	25	1.#QNAN	0	0	0	1.2557e-009	18939.7	23224	22664.3
23001.1	17307.7	26	1.#QNAN	0	0.016	0	1.36537e-009	18290.3	23001.1	22425.9
22772.1	17125.5	27	1.#QNAN	0	0	0	1.50276e-009	17708.8	22772.1	22181.2
22535.7	16939.6	28	1.#QNAN	0	0	0	1.58278e-009	17075.2	22535.7	21929.4
22305.4	16758.3	29	1.#QNAN	0	0	0	1.68455e-009	16779	22305.4	21686
22054.2	16562.3	30	1.#QNAN	0	0.015	0	1.92338e-009	15700.8	22054.2	21419.2
21808.3	16370.3	31	1.#QNAN	0	0	0	2.04346e-009	15408.4	21808.3	21159.7
21560.9	16177.9	32	1.#QNAN	0	0	0	2.22103e-009	14937.6	21560.9	20899.5
21309.4	15986.2	33	1.#QNAN	0	0.016	0	2.46488e-009	14416.4	21309.4	20635.2
21051.6	15789.1	34	1.#QNAN	0	0	0	2.63255e-009	13716.7	21051.6	20364.7
20801.1	15597.8	35	1.#QNAN	0	0	0	2.76195e-009	13448.3	20801.1	20103
20541.9	15400.7	36	1.#QNAN	0	0.016	0	2.94881e-009	12769.8	20541.9	19832.6
20284.6	15207.1	37	1.#QNAN	0	0	0	3.37124e-009	12379.3	20284.6	19564.8
20021.4	15009	38	1.#QNAN	0	0	0	3.8559e-009	11674	20021.4	19290.9
19748.3	14804.6	39	1.#QNAN	0	0.015	0	4.34518e-009	10933.5	19748.3	19006.7
19480.6	14603.4	40	1.#QNAN	0	0	0	4.65581e-009	10730.5	19480.6	18729.1
19212.1	14401.4	41	1.#QNAN	0	0	0	5.29499e-009	10301.2	19212.1	18451.1
18936.9	14194.4	42	1.#QNAN	0	0.016	0	5.98525e-009	9709.68	18936.9	18166.2
18664.4	13989.8	43	1.#QNAN	0	0	0	6.69595e-009	9317.63	18664.4	17884.7
18400	13791.3	44	1.#QNAN	0	0	0	7.35818e-009	9170.18	18400	17612.8
18140.7	13595.7	45	1.#QNAN	0	0.015	0	7.86581e-009	8927.03	18140.7	17346.7
17885.7	13404.7	46	1.#QNAN	0	0	0	8.59167e-009	8753.82	17885.7	17086
17637.8	13217.5	47	1.#QNAN	0	0	0	9.18135e-009	8645.29	17637.8	16833.4
17394.7	13035.5	48	1.#QNAN	0	0.016	0	9.35496e-009	8448.24	17394.7	16586.4
17157.8	12858.1	49	1.#QNAN	0	0	0	9.864e-009	8238.87	17157.8	16346.4
16929.9	12687.9	50	1.#QNAN	0	0	0	1.02194e-008	8151.19	16929.9	16116.7
16706.8	12520.7	51	1.#QNAN	0	0.016	0	1.04763e-008	8070.66	16706.8	15892.4
16491.7	12358.9	52	1.#QNAN	0	0	0	1.15008e-008	8044.61	16491.7	15676.9
16282	12200.9	53	1.#QNAN	0	0	0	1.11737e-008	7952.55	16282	15467.3
16075.6	12046	54	1.#QNAN	0	0.015	0	1.19158e-008	7784.98	16075.6	15261.3
15873.8	11894.4	55	1.#QNAN	0	0	0	1.24398e-008	7803.91	15873.8	15060.4
15676.1	11746.5	56	1.#QNAN	0	0	0	1.28561e-008	7686.32	15676.1	14864.2
15485.7	11604.6	57	1.#QNAN	0	0	0	1.24164e-008	7598.24	15485.7	14675.8
15301.3	11466.3	58	1.#QNAN	0	0.016	0	1.3773e-008	7493.95	15301.3	14494
15121.8	11333	59	1.#QNAN	0	0	0	1.38564e-008	7503.16	15121.8	14317.5
14949.4	11204.8	60	1.#QNAN	0	0	0	1.37257e-008	7480.14	14949.4	14148.6
14781.8	11080.3	61	1.#QNAN	0	0.015	0	1.47491e-008	7493.75	14781.8	13984.9
14618.2	10959.3	62	1.#QNAN	0	0	0	1.49965e-008	7333.82	14618.2	13825.5
14457.8	10840.8	63	1.#QNAN	0	0	0	1.49002e-008	7244.21	14457.8	13669.4
14302.5	10726	64	1.#QNAN	0	0.016	0	1.56368e-008	7273.32	14302.5	13518.8
14151.1	10614.4	65	1.#QNAN	0	0	0	1.60082e-008	7235.19	14151.1	13372.2
14004.2	10505.6	66	1.#QNAN	0	0	0	1.59912e-008	7177.23	14004.2	13230.3
13860.6	10399.4	67	1.#QNAN	0	0	0	1.68471e-008	7119.48	13860.6	13091.9
13721.1	10296	68	1.#QNAN	0	0.016	0	1.71123e-008	7045.15	13721.1	12957.6
13585.9	10195.6	69	1.#QNAN	0	0	0	1.67513e-008	7110.87	13585.9	12828
13451.4	10096	70	1.#QNAN	0	0	0	1.75488e-008	6904.36	13451.4	12698.8
13320.7	9998.2	71	1.#QNAN	0	0.015	0	1.76736e-008	6937.75	13320.7	12573.7
13194.5	9904.37	72	1.#QNAN	0	0	0	1.82893e-008	6993.49	13194.5	12453.2
13070.7	9812.26	73	1.#QNAN	0	0	0	1.76607e-008	6876.36	13070.7	12335.2
12951.5	9723.83	74	1.#QNAN	0	0.016	0	1.80284e-008	6919.21	12951.5	12222
12834.7	9636.31	75	1.#QNAN	0	0	0	1.77373e-008	6797.09	12834.7	12111.1
12721.3	9550.96	76	1.#QNAN	0	0	0	1.84871e-008	6832.54	12721.3	12003.6
12611.3	9468.09	77	1.#QNAN	0	0	0	1.88187e-008	6846.4	12611.3	11899.7
12503.6	9386.46	78	1.#QNAN	0	0.015	0	1.95362e-008	7007.18	12503.6	11798.1
12397.5	9305.8	79	1.#QNAN	0	0	0	1.97627e-008	6814.67	12397.5	11698.1
12294.2	9227.86	80	1.#QNAN	0	0	0	1.96199e-008	6788.51	12294.2	11600.8
12193.2	9151.93	81	1.#QNAN	0	0.016	0	2.01661e-008	6778.68	12193.2	11506
12094.7	9077.62	82	1.#QNAN	0	0	0	1.99693e-008	6729.51	12094.7	11413.5
11997.5	9004.38	83	1.#QNAN	0	0	0	2.06847e-008	6758.14	11997.5	11322.4
11903.5	8933.45	84	1.#QNAN	0	0.016	0	2.0553e-008	6724.51	11903.5	11234.5
11811	8863.71	85	1.#QNAN	0	0	0	2.10629e-008	6648.61	11811	11148
11721	8795.77	86	1.#QNAN	0	0	0	2.10028e-008	6721.16	11721	11064
11633.6	8729.84	87	1.#QNAN	0	0	0	2.21144e-008	6702.82	11633.6	10982.6
11547.3	8665.06	88	1.#QNAN	0	0.015	0	2.29176e-008	6585.28	11547.3	10902.3
11463.3	8601.67	89	1.#QNAN	0	0	0	2.19966e-008	6575.26	11463.3	10824.1
11381.2	8539.73	90	1.#QNAN	0	0	0	2.24374e-008	6655.12	11381.2	10747.9
11300.2	8478.42	91	1.#QNAN	0	0.016	0	2.3549e-008	6589.98	11300.2	10672.7
11221.9	8419.24	92	1.#QNAN	0	0	0	2.27047e-008	6661.93	11221.9	10600.3
11144.5	8360.32	93	1.#QNAN	0	0	0	2.28545e-008	6607.3	11144.5	10528.7
11069.2	8302.61	94	1.#QNAN	0	0.015	0	2.32522e-008	6622.38	11069.2	10459.2
10995.1	8245.97	95	1.#QNAN	0	0	0	2.36512e-008	6586.23	10995.1	10390.9
10923.4	8190.58	96	1.#QNAN	0	0	0	2.34525e-008	6564.38	10923.4	10324.8
10853.2	8136.5	97	1.#QNAN	0	0	0	2.33932e-008	6560.15	10853.2	10260.4
10782.7	8082.18	98	1.#QNAN	0	0.016	0	2.32767e-008	6470.57	10782.7	10195.5
10714.3	8029.44	99	1.#QNAN	0	0	0	2.44363e-008	6461.07	10714.3	10132.6
10647.3	7977.92	100	1.#QNAN	0	0	0	2.42024e-008	6408.1	10647.3	10071
10581.9	7927.44	101	1.#QNAN	0	0.016	0	2.49245e-008	6354.23	10581.9	10011.1
10518.2	7878.41	102	1.#QNAN	0	0	0	2.42173e-008	6399.29	10518.2	9952.74
10455.3	7829.68	103	1.#QNAN	0	0	0	2.49426e-008	6328.81	10455.3	9895.12
10394.2	7782.24	104	1.#QNAN	0	0.015	0	2.60843e-008	6409.05	10394.2	9839.29
10333.2	7735.24	105	1.#QNAN	0	0	0	2.5631e-008	6328.62	10333.2	9783.54
10273.6	7689.38	106	1.#QNAN	0	0	0	2.48658e-008	6329.43	10273.6	9729.03
10216	7644.63	107	1.#QNAN	0	0	0	2.55449e-008	6339.62	10216	9676.57
10159.3	7600.28	108	1.#QNAN	0	0.016	0	2.63758e-008	6418.6	10159.3	9624.96
10103.3	7556.77	109	1.#QNAN	0	0	0	2.49123e-008	6396.76	10103.3	9573.97
10048.7	7514.08	110	1.#QNAN	0	0	0	2.65746e-008	6260.03	10048.7	9524.28
9994.75	7471.47	111	1.#QNAN	0	0.015	0	2.67221e-008	6244.49	9994.75	9475.24
9941.82	7429.4	112	1.#QNAN	0	0	0	2.69535e-008	6242.5	9941.82	9427.13
9890.02	7388.43	113	1.#QNAN	0	0	0	2.70481e-008	6316.25	9890.02	9380.16
9839.29	7348.15	114	1.#QNAN	0	0.016	0	2.69842e-008	6251.12	9839.29	9334.18
9789.14	7308.44	115	1.#QNAN	0	0	0	2.70242e-008	6237.67	9789.14	9288.73
9741.75	7270.48	116	1.#QNAN	0	0	0	2.69379e-008	6421.91	9741.75	9246.07
9694.3	7232.42	117	1.#QNAN	0	0.016	0	2.72295e-008	6268.33	9694.3	9203.25
9647.73	7195.15	118	1.#QNAN	0	0	0	2.6809e-008	6258.91	9647.73	9161.26
9601.82	7158.56	119	1.#QNAN	0	0	0	2.78783e-008	6277.86	9601.82	9119.85
9557.65	7123.07	120	1.#QNAN	0	0	0	2.63754e-008	6362.61	9557.65	9080.17
9513.59	7088.21	121	1.#QNAN	0	0.015	0	2.64305e-008	6272.84	9513.59	9040.51
9470.17	7053.68	122	1.#QNAN	0	0	0	2.83634e-008	6260.69	9470.17	9001.49
9427.59	7019.62	123	1.#QNAN	0	0	0	2.80398e-008	6281.1	9427.59	8963.26
9384.91	6985.37	124	1.#QNAN	0	0.016	0	2.7635e-008	6164.22	9384.91	8924.84
9343.83	6952.24	125	1.#QNAN	0	0	0	2.83127e-008	6172.87	9343.83	8887.97
9303.35	6919.68	126	1.#QNAN	0	0	0	2.83514e-008	6164.58	9303.35	8851.68
9263.5	6887.58	127	1.#QNAN	0	0	0	2.77206e-008	6203.92	9263.5	8815.98
9223.82	6855.47	128	1.#QNAN	0	0.015	0	2.98839e-008	6140.77	9223.82	8780.36
9184.77	6824.01	129	1.#QNAN	0	0	0	2.93962e-008	6149.36	9184.77	8745.33
9146.21	6792.74	130	1.#QNAN	0	0	0	2.8891e-008	6121.63	9146.21	8710.74
9108.52	6761.97	131	1.#QNAN	0	0.016	0	2.97149e-008	6168.06	9108.52	8676.96
9070.83	6731.39	132	1.#QNAN	0	0	0	2.95845e-008	6058.76	9070.83	8643.11
9034.45	6701.56	133	1.#QNAN	0	0	0	3.04287e-008	6162.2	9034.45	8610.57
8998.57	6672.54	134	1.#QNAN	0	0.016	0	2.95343e-008	6055.72	8998.57	8578.43
8963.56	6643.99	135	1.#QNAN	0	0	0	3.11124e-008	6058.56	8963.56	8547.14
8928.59	6615.52	136	1.#QNAN	0	0	0	3.0322e-008	6037.63	8928.59	8515.89
8894.1	6587.58	137	1.#QNAN	0	0	0	3.17527e-008	5933.86	8894.1	8485
8859.51	6559.33	138	1.#QNAN	0	0.015	0	3.17606e-008	5953.5	8859.51	8453.99
8826.49	6532.19	139	1.#QNAN	0	0	0	3.26464e-008	6141.07	8826.49	8424.53
8793.45	6505.04	140	1.#QNAN	0	0	0	3.17877e-008	5991.15	8793.45	8394.98
8761.36	6478.69	141	1.#QNAN	0	0.016	0	3.21076e-008	6091.69	8761.36	8366.38
8729.7	6452.43	142	1.#QNAN	0	0	0	3.22599e-008	6078.4	8729.7	8338.19
8697.87	6426.25	143	1.#QNAN	0	0	0	3.21682e-008	6032.37	8697.87	8309.77
8667.27	6400.81	144	1.#QNAN	0	0	0	3.25662e-008	6065.42	8667.27	8282.53
8636.86	6375.59	145	1.#QNAN	0	0.015	0	3.18124e-008	5960.17	8636.86	8255.41
8606.59	6350.54	146	1.#QNAN	0	0	0	3.28377e-008	5979.07	8606.59	8228.43
8576.82	6325.93	147	1.#QNAN	0	0	0	3.26941e-008	6022.56	8576.82	8201.9
8548.11	6301.96	148	1.#QNAN	0	0.016	0	3.30027e-008	6007.36	8548.11	8176.43
8519.1	6277.67	149	1.#QNAN	0	0	0	3.22284e-008	5912.35	8519.1	8150.59
8491.33	6254.44	150	1.#QNAN	0	0	0	3.25139e-008	6059.99	8491.33	8126.01
8463.94	6231.69	151	1.#QNAN	0	0.016	0	3.28151e-008	5964.39	8463.94	8101.73
8435.69	6208.21	152	1.#QNAN	0	0	0	3.36283e-008	5812.88	8435.69	8076.51
8408.98	6185.51	153	1.#QNAN	0	0	0	3.35206e-008	5962.41	8408.98	8052.84
8382.2	6162.96	154	1.#QNAN	0	0	0	3.31261e-008	5969.25	8382.2	8029.08
8355.97	6140.85	155	1.#QNAN	0	0.015	0	3.49306e-008	5973.91	8355.97	8005.84
8329.9	6118.91	156	1.#QNAN	0	0	0	3.42965e-008	5929.92	8329.9	7982.72
8304.31	6097.25	157	1.#QNAN	0	0	0	3.47718e-008	5958.53	8304.31	7960.06
8279.05	6075.94	158	1.#QNAN	0	0.016	0	3.39303e-008	5863.35	8279.05	7937.66
8253.37	6054.4	159	1.#QNAN	0	0	0	3.4872e-008	5736.27	8253.37	7914.78
8228.47	6033.44	160	1.#QNAN	0	0	0	3.36038e-008	5800.82	8228.47	7892.65
8203.76	6012.57	161	1.#QNAN	0	0.015	1	3.46969e-008	5750.73	8203.76	7870.69
8179.32	5992.02	162	1.#QNAN	0	0	0	3.55827e-008	5760.69	8179.32	7848.97
8155.38	5971.83	163	1.#QNAN	0	0	0	3.59563e-008	5808.97	8155.38	7827.7
8131.69	5951.92	164	1.#QNAN	0	0.016	0	3.53914e-008	5900	8131.69	7806.69
8108.21	5931.91	165	1.#QNAN	0	0	0	3.47903e-008	5787.12	8108.21	7785.86
8084.89	5912.05	166	1.#QNAN	0	0	0	3.54176e-008	5761.82	8084.89	7765.15
8061.87	5892.43	167	1.#QNAN	0	0	0	3.54718e-008	5789.59	8061.87	7744.73
8039.72	5873.53	168	1.#QNAN	0	0.016	0	3.5383e-008	5812.8	8039.72	7725.15
8017.17	5854.37	169	1.#QNAN	0	0	0	3.6038e-008	5735.58	8017.17	7705.12
7995.99	5836.1	170	1.#QNAN	0	0	0	3.65268e-008	5889.54	7995.99	7686.44
7974.26	5817.54	171	1.#QNAN	0	0.015	0	3.52263e-008	5731.12	7974.26	7667.17
7953.2	5799.55	172	1.#QNAN	0	0	0	3.58843e-008	5760.86	7953.2	7648.56
7932.54	5781.87	173	1.#QNAN	0	0	0	3.60156e-008	5859.67	7932.54	7630.3
7912.1	5764.03	174	1.#QNAN	0	0.016	0	3.63246e-008	5788.36	7912.1	7612.25
7891.9	5746.45	175	1.#QNAN	0	0	0	3.54527e-008	5805.67	7891.9	7594.42
7871.55	5728.91	176	1.#QNAN	0	0	0	3.60521e-008	5788.7	7871.55	7576.4
7851.94	5711.76	177	1.#QNAN	0	0.015	0	3.67163e-008	5735.87	7851.94	7559.06
7831.99	5694.55	178	1.#QNAN	0	0	0	3.65165e-008	5658.76	7831.99	7541.37
7812.49	5677.54	179	1.#QNAN	0	0	0	3.69275e-008	5725.78	7812.49	7524.13
7792.84	5660.51	180	1.#QNAN	0	0.016	0	3.90489e-008	5685.57	7792.84	7506.7
7773.96	5644.2	181	1.#QNAN	0	0	0	3.7674e-008	5721.5	7773.96	7490.02
7754.98	5627.74	182	1.#QNAN	0	0	0	3.78985e-008	5687.88	7754.98	7473.21
7736.66	5611.76	183	1.#QNAN	0	0	0	3.81078e-008	5705.54	7736.66	7457.05
7718.48	5596.03	184	1.#QNAN	0	0.016	0	3.82642e-008	5705.5	7718.48	7440.98
7700.37	5580.21	185	1.#QNAN	0	0	0	3.84007e-008	5612.67	7700.37	7424.95
7682.05	5564.28	186	1.#QNAN	0	0	0	3.91429e-008	5623.36	7682.05	7408.72
7664.35	5548.94	187	1.#QNAN	0	0.015	0	3.9668e-008	5626.04	7664.35	7393.07
7646.31	5533.29	188	1.#QNAN	0	0	0	3.86736e-008	5562.24	7646.31	7377.05
7628.78	5518.01	189	1.#QNAN	0	0	0	3.8607e-008	5619.82	7628.78	7361.55
7610.88	5502.72	190	1.#QNAN	0	0	0	3.79993e-008	5513.19	7610.88	7345.62
7593.43	5487.58	191	1.#QNAN	0	0.016	0	3.83301e-008	5552.26	7593.43	7330.15
7576.07	5472.54	192	1.#QNAN	0	0	0	4.00346e-008	5599.57	7576.07	7314.74
7559.09	5457.78	193	1.#QNAN	0	0	0	3.92511e-008	5538.88	7559.09	7299.7
7542.2	5443.22	194	1.#QNAN	0	0.015	0	3.9076e-008	5537.19	7542.2	7284.73
7525.5	5428.78	195	1.#QNAN	0	0	0	4.12812e-008	5574.24	7525.5	7269.93
7509.27	5414.71	196	1.#QNAN	0	0	0	4.15958e-008	5607.39	7509.27	7255.56
7492.75	5400.58	197	1.#QNAN	0	0.016	0	4.13206e-008	5472.53	7492.75	7240.89
7477	5386.79	198	1.#QNAN	0	0	0	4.16901e-008	5603.02	7477	7226.98
7461.62	5373.12	199	1.#QNAN	0	0	0	4.1824e-008	5632.27	7461.62	7213.43
7446.04	5359.38	200	1.#QNAN	0	0.016	0	4.10393e-008	5547.16	7446.04	7199.67
7430.59	5345.89	201	1.#QNAN	0	0	0	4.12838e-008	5524.22	7430.59	7186.01
7415.36	5332.4	202	1.#QNAN	0	0	0	4.11674e-008	5557.66	7415.36	7172.56
7400.17	5318.96	203	1.#QNAN	0	0.015	0	4.20855e-008	5583.52	7400.17	7159.15
7385.24	5305.8	204	1.#QNAN	0	0	0	4.27736e-008	5583.24	7385.24	7145.97
7370.31	5292.66	205	1.#QNAN	0	0	0	4.14991e-008	5561.39	7370.31	7132.77
7355.29	5279.46	206	1.#QNAN	0	0.016	0	4.37127e-008	5502.49	7355.29	7119.47
7340.51	5266.39	207	1.#QNAN	0	0	0	4.42094e-008	5510.24	7340.51	7106.4
7325.44	5253.19	208	1.#QNAN	0	0	0	4.23194e-008	5405.4	7325.44	7092.98
7311.37	5240.54	209	1.#QNAN	0	0	0	4.30196e-008	5563.39	7311.37	7080.58
7297.11	5227.91	210	1.#QNAN	0	0.015	0	4.2559e-008	5499.8	7297.11	7067.96
7282.98	5215.46	211	1.#QNAN	0	0	0	4.15634e-008	5586.57	7282.98	7055.47
7268.67	5202.94	212	1.#QNAN	0	0	0	4.40402e-008	5439.38	7268.67	7042.75
7254.78	5190.63	213	1.#QNAN	0	0.016	0	4.29501e-008	5495.02	7254.78	7030.46
7241.22	5178.46	214	1.#QNAN	0	0	0	4.23049e-008	5523.58	7241.22	7018.47
7227.56	5166.38	215	1.#QNAN	0	0	0	4.2819e-008	5474.67	7227.56	7006.39
7214.07	5154.36	216	1.#QNAN	0	0	0	4.33373e-008	5460.01	7214.07	6994.44
7200.76	5142.53	217	1.#QNAN	0	0.016	0	4.34985e-008	5420.86	7200.76	6982.64
7187.76	5130.82	218	1.#QNAN	0	0	0	4.34369e-008	5489.13	7187.76	6971.15
7174.77	5119.23	219	1.#QNAN	0	0	0	4.31473e-008	5471.56	7174.77	6959.64
7162.06	5107.96	220	1.#QNAN	0	0.015	0	4.45224e-008	5474.16	7162.06	6948.4
7149.76	5096.92	221	1.#QNAN	0	0	0	4.49678e-008	5616.27	7149.76	6937.55
7136.68	5085.41	222	1.#QNAN	0	0	0	4.54236e-008	5370.27	7136.68	6925.91
7124.06	5074.35	223	1.#QNAN	0	0.016	0	4.56772e-008	5420.79	7124.06	6914.72
7110.92	5062.99	224	1.#QNAN	0	0	0	4.49811e-008	5321.95	7110.92	6902.99
7098.39	5052.03	225	1.#QNAN	0	0	0	4.54193e-008	5317.8	7098.39	6891.82
7085.88	5040.99	226	1.#QNAN	0	0	0	4.56476e-008	5359.59	7085.88	6880.68
7073.41	5029.99	227	1.#QNAN	0	0.015	0	4.70149e-008	5325.31	7073.41	6869.56
7061.44	5019.22	228	1.#QNAN	0	0	0	4.45257e-008	5400.63	7061.44	6858.94
7049.67	5008.6	229	1.#QNAN	0	0	0	4.59178e-008	5420.59	7049.67	6848.51
7037.7	4997.9	230	1.#QNAN	0	0.016	0	4.70817e-008	5351.36	7037.7	6837.85
7025.93	4987.29	231	1.#QNAN	0	0	0	4.50006e-008	5390.49	7025.93	6827.38
7014.42	4976.92	232	1.#QNAN	0	0	0	4.72967e-008	5402.51	7014.42	6817.14
7002.61	4966.38	233	1.#QNAN	0	0	0	4.65461e-008	5300.17	7002.61	6806.59
6991.21	4956.18	234	1.#QNAN	0	0.016	0	4.75035e-008	5349.95	6991.21	6796.44
6979.58	4945.8	235	1.#QNAN	0	0	0	4.4748e-008	5264.23	6979.58	6786.04
6968	4935.5	236	1.#QNAN	0	0	0	4.58829e-008	5248.19	6968	6775.68
6956.51	4925.18	237	1.#QNAN	0	0.015	0	4.72151e-008	5276.88	6956.51	6765.41
6945.54	4915.16	238	1.#QNAN	0	0	0	4.67753e-008	5340.45	6945.54	6755.63
6934.43	4905.23	239	1.#QNAN	0	0	0	4.88454e-008	5243.65	6934.43	6745.72
6923.29	4895.47	240	1.#QNAN	0	0.016	0	4.75441e-008	5195.22	6923.29	6735.73
6912.54	4885.9	241	1.#QNAN	0	0	0	4.89303e-008	5295.76	6912.54	6726.12
6901.66	4876.18	242	1.#QNAN	0	0	0	4.85029e-008	5254.36	6901.66	6716.39
6891.05	4866.74	243	1.#QNAN	0	0	0	4.81668e-008	5313.54	6891.05	6706.91
6880.33	4857.25	244	1.#QNAN	0	0.015	0	4.60054e-008	5177.19	6880.33	6697.31
6870.16	4848.07	245	1.#QNAN	0	0	0	4.83553e-008	5358.77	6870.16	6688.25
6859.69	4838.74	246	1.#QNAN	0	0	0	4.95068e-008	5235.93	6859.69	6678.9
6849.26	4829.41	247	1.#QNAN	0	0.016	0	4.71517e-008	5232.61	6849.26	6669.58
6839.24	4820.39	248	1.#QNAN	0	0	0	4.90715e-008	5258.69	6839.24	6660.66
6829.27	4811.45	249	1.#QNAN	0	0	0	4.96875e-008	5254.2	6829.27	6651.78
6818.91	4802.32	250	1.#QNAN	0	0.016	0	4.91348e-008	5160.62	6818.91	6642.49
6808.85	4793.29	251	1.#QNAN	0	0	0	4.96926e-008	5199.51	6808.85	6633.5
6798.87	4784.4	252	1.#QNAN	0	0	0	5.16659e-008	5176.8	6798.87	6624.56
6788.58	4775.26	253	1.#QNAN	0	0	0	5.07566e-008	5122.44	6788.58	6615.31
6778.57	4766.39	254	1.#QNAN	0	0.015	0	5.19613e-008	5195.05	6778.57	6606.34
6768.44	4757.4	255	1.#QNAN	0	0	0	5.09867e-008	5135.89	6768.44	6597.23
6758.53	4748.59	256	1.#QNAN	0	0	0	4.93146e-008	5158.91	6758.53	6588.33
6748.55	4739.73	257	1.#QNAN	0	0.016	0	5.2562e-008	5085.31	6748.55	6579.34
6738.65	4730.96	258	1.#QNAN	0	0	0	5.19901e-008	5101.91	6738.65	6570.45
6729.04	4722.35	259	1.#QNAN	0	0	0	4.99857e-008	5238.65	6729.04	6561.83
6719.73	4713.99	260	1.#QNAN	0	0	0	5.21819e-008	5218.79	6719.73	6553.49
6710.31	4705.58	261	1.#QNAN	0	0.015	0	5.19778e-008	5191.85	6710.31	6545.05
6700.8	4697.17	262	1.#QNAN	0	0	0	5.11298e-008	5267.64	6700.8	6536.51
6691.27	4688.68	263	1.#QNAN	0	0	0	5.04478e-008	5167.59	6691.27	6527.94
6681.97	4680.34	264	1.#QNAN	0	0.016	0	4.96974e-008	5205.97	6681.97	6519.61
6672.93	4672.17	265	1.#QNAN	0	0	0	5.39627e-008	5224.96	6672.93	6511.52
6663.57	4663.76	266	1.#QNAN	0	0	0	5.33384e-008	5109.07	6663.57	6503.1
6654.24	4655.28	267	1.#QNAN	0	0	0	5.27899e-008	5143.97	6654.24	6494.71
6644.99	4646.96	268	1.#QNAN	0	0.016	0	5.15553e-008	5128.99	6644.99	6486.39
6636	4638.92	269	1.#QNAN	0	0	0	5.24344e-008	5164.02	6636	6478.31
6627	4630.86	270	1.#QNAN	0	0	0	5.26901e-008	5132.17	6627	6470.21
6618.13	4622.79	271	1.#QNAN	0	0.015	0	5.27916e-008	5151.9	6618.13	6462.25
6609.49	4614.89	272	1.#QNAN	0	0	0	5.41199e-008	5218.42	6609.49	6454.49
6600.76	4607.01	273	1.#QNAN	0	0	0	5.36718e-008	5148.81	6600.76	6446.66
6591.93	4599.11	274	1.#QNAN	0	0.016	0	5.3313e-008	5062.12	6591.93	6438.69
6583.41	4591.34	275	1.#QNAN	0	0	0	5.38189e-008	5109.97	6583.41	6431.02
6574.78	4583.46	276	1.#QNAN	0	0	0	5.39013e-008	5098.43	6574.78	6423.25
6566.54	4575.93	277	1.#QNAN	0	0	0	5.41512e-008	5122.2	6566.54	6415.85
6558.02	4568.16	278	1.#QNAN	0	0.015	0	5.41377e-008	5046.96	6558.02	6408.18
6549.58	4560.47	279	1.#QNAN	0	0	0	5.65965e-008	5025.38	6549.58	6400.57
6541.26	4552.91	280	1.#QNAN	0	0	0	5.23125e-008	5075.01	6541.26	6393.08
6532.83	4545.28	281	1.#QNAN	0	0.016	0	5.2857e-008	5048.92	6532.83	6385.47
6525	4538.04	282	1.#QNAN	0	0	0	5.40004e-008	5259.45	6525	6378.46
6516.99	4530.74	283	1.#QNAN	0	0	0	5.5633e-008	5100	6516.99	6371.24
6508.85	4523.38	284	1.#QNAN	0	0	0	5.63148e-008	5043.79	6508.85	6363.9
6500.66	4516.01	285	1.#QNAN	0	0.016	0	5.34945e-008	5027.35	6500.66	6356.48
6492.73	4508.84	286	1.#QNAN	0	0	0	5.61502e-008	5179.81	6492.73	6349.33
6484.69	4501.57	287	1.#QNAN	0	0	0	5.45369e-008	5061.87	6484.69	6342.07
6476.85	4494.44	288	1.#QNAN	0	0.015	0	5.65471e-008	5086.74	6476.85	6335
6469.14	4487.48	289	1.#QNAN	0	0	0	5.58899e-008	5087.32	6469.14	6328.05
6461.32	4480.41	290	1.#QNAN	0	0	0	5.64278e-008	5015.82	6461.32	6320.99
6453.59	4473.49	291	1.#QNAN	0	0.016	0	5.70265e-008	5022.56	6453.59	6314.01
6446.16	4466.77	292	1.#QNAN	0	0	0	5.5076e-008	5099.08	6446.16	6307.33
6438.74	4460.12	293	1.#QNAN	0	0	0	5.71619e-008	5132.88	6438.74	6300.67
6431.17	4453.45	294	1.#QNAN	0	0	0	5.92183e-008	5057.34	6431.17	6293.83
6423.39	4446.56	295	1.#QNAN	0	0.015	0	5.96008e-008	4996.05	6423.39	6286.79
6415.82	4439.92	296	1.#QNAN	0	0	0	5.95359e-008	5049.99	6415.82	6279.93
6408.27	4433.3	297	1.#QNAN	0	0	0	5.79434e-008	4997.29	6408.27	6273.1
6400.97	4426.74	298	1.#QNAN	0	0.016	0	5.86928e-008	5106.74	6400.97	6266.51
6393.62	4420.14	299	1.#QNAN	0	0	0	5.87713e-008	4972.27	6393.62	6259.87
6386.39	4413.61	300	1.#QNAN	0	0	0	6.12329e-008	5031.67	6386.39	6253.34
6379	4407.04	301	1.#QNAN	0	0.016	0	6.00395e-008	5000.36	6379	6246.65
6371.62	4400.51	302	1.#QNAN	0	0	0	5.92288e-008	4962.54	6371.62	6239.96
6364.24	4393.97	303	1.#QNAN	0	0	0	5.75743e-008	4942.04	6364.24	6233.25
6356.83	4387.34	304	1.#QNAN	0	0	0	5.85262e-008	4955.38	6356.83	6226.52
6349.56	4380.76	305	1.#QNAN	0	0.015	0	5.95208e-008	5105.63	6349.56	6219.93
6342.46	4374.36	306	1.#QNAN	0	0	0	6.00589e-008	5007.43	6342.46	6213.49
6335.57	4368.11	307	1.#QNAN	0	0	0	5.83297e-008	5054.78	6335.57	6207.26
6328.34	4361.68	308	1.#QNAN	0	0.016	0	6.30868e-008	4949.69	6328.34	6200.68
6321.31	4355.36	309	1.#QNAN	0	0	0	5.8742e-008	4973.56	6321.31	6194.3
6314.21	4349.04	310	1.#QNAN	0	0	0	6.22567e-008	4902.7	6314.21	6187.84
6307.37	4342.81	311	1.#QNAN	0	0	0	5.85207e-008	4994.18	6307.37	6181.64
6300.56	4336.51	312	1.#QNAN	0	0.015	0	6.27724e-008	5046.88	6300.56	6175.47
6293.9	4330.31	313	1.#QNAN	0	0	0	6.06295e-008	5107.91	6293.9	6169.44
6287.03	4324	314	1.#QNAN	0	0	0	5.98286e-008	5015.83	6287.03	6163.22
6280.23	4317.84	315	1.#QNAN	0	0.016	0	6.11366e-008	4981.24	6280.23	6157.04
6273.31	4311.61	316	1.#QNAN	0	0	0	6.18276e-008	4945.1	6273.31	6150.76
6266.65	4305.61	317	1.#QNAN	0	0	0	6.32106e-008	4991.2	6266.65	6144.72
6259.92	4299.49	318	1.#QNAN	0	0.016	0	6.22448e-008	4942.98	6259.92	6138.61
6253.36	4293.64	319	1.#QNAN	0	0	0	6.17342e-008	4975.53	6253.36	6132.66
6247.11	4287.91	320	1.#QNAN	0	0	0	6.0905e-008	5115.05	6247.11	6127.02
6240.78	4282.13	321	1.#QNAN	0	0	0	6.21838e-008	5016.65	6240.78	6121.29
6234.34	4276.27	322	1.#QNAN	0	0.015	0	6.29462e-008	4944.63	6234.34	6115.46
6227.95	4270.46	323	1.#QNAN	0	0	0	6.3306e-008	4979.01	6227.95	6109.67
6221.59	4264.67	324	1.#QNAN	0	0	0	6.46634e-008	4953.93	6221.59	6103.91
6215.33	4258.97	325	1.#QNAN	0	0.016	0	6.36418e-008	4981.66	6215.33	6098.24
6208.89	4253.25	326	1.#QNAN	0	0	0	6.17932e-008	4889.81	6208.89	6092.37
6202.36	4247.4	327	1.#QNAN	0	0	0	6.61255e-008	4898.14	6202.36	6086.43
6195.98	4241.75	328	1.#QNAN	0	0	0	6.43331e-008	4913.19	6195.98	6080.61
6189.58	4236.07	329	1.#QNAN	0	0.015	0	6.48325e-008	4866.04	6189.58	6074.77
6183.13	4230.29	330	1.#QNAN	0	0	0	6.70318e-008	4865.58	6183.13	6068.87
6176.81	4224.67	331	1.#QNAN	0	0	0	6.56553e-008	4885.09	6176.81	6063.1
6170.56	4219.06	332	1.#QNAN	0	0.016	0	6.60373e-008	4876.06	6170.56	6057.4
6164.48	4213.53	333	1.#QNAN	0	0	0	6.46464e-008	4945.96	6164.48	6051.87
6158.36	4208.09	334	1.#QNAN	0	0	0	6.39784e-008	4900.8	6158.36	6046.31
6152.27	4202.61	335	1.#QNAN	0	0.016	0	6.52095e-008	4919.18	6152.27	6040.75
6146.22	4197.2	336	1.#QNAN	0	0	0	6.60634e-008	4850.43	6146.22	6035.24
6140.22	4191.85	337	1.#QNAN	0	0	0	6.53465e-008	4877.12	6140.22	6029.77
6134.19	4186.57	338	1.#QNAN	0	0.015	0	6.5272e-008	4860.44	6134.19	6024.27
6128.17	4181.28	339	1.#QNAN	0	0	0	6.6169e-008	4860.31	6128.17	6018.78
6122.19	4175.95	340	1.#QNAN	0	0	0	6.7353e-008	4877.88	6122.19	6013.32
6116.26	4170.7	341	1.#QNAN	0	0	0	6.6207e-008	4849.1	6116.26	6007.92
6110.44	4165.48	342	1.#QNAN	0	0.016	0	6.99202e-008	4879.38	6110.44	6002.61
6104.52	4160.21	343	1.#QNAN	0	0	0	6.51854e-008	4850.03	6104.52	5997.21
6098.78	4155.07	344	1.#QNAN	0	0	0	6.65357e-008	4843.69	6098.78	5991.98
6092.92	4149.86	345	1.#QNAN	0	0.015	0	6.69343e-008	4839.55	6092.92	5986.63
6086.93	4144.56	346	1.#QNAN	0	0	0	6.81419e-008	4772.78	6086.93	5981.14
6081.09	4139.39	347	1.#QNAN	0	0	0	6.76155e-008	4766.29	6081.09	5975.79
6075.62	4134.48	348	1.#QNAN	0	0.016	0	6.83883e-008	4956.67	6075.62	5970.81
6069.75	4129.32	349	1.#QNAN	0	0	0	6.87877e-008	4745.63	6069.75	5965.43
6064.19	4124.33	350	1.#QNAN	0	0	0	6.84702e-008	4910.3	6064.19	5960.36
6058.33	4119.11	351	1.#QNAN	0	0	0	6.91077e-008	4743.71	6058.33	5954.98
6052.45	4113.88	352	1.#QNAN	0	0.016	0	6.77659e-008	4740.84	6052.45	5949.59
6046.46	4108.59	353	1.#QNAN	0	0	0	6.71127e-008	4710.43	6046.46	5944.08
6040.69	4103.47	354	1.#QNAN	0	0	0	6.90779e-008	4738.03	6040.69	5938.77
6034.7	4098.24	355	1.#QNAN	0	0.015	0	6.6957e-008	4683.26	6034.7	5933.25
6028.84	4093.12	356	1.#QNAN	0	0	0	6.88114e-008	4682.49	6028.84	5927.87
6022.97	4088	357	1.#QNAN	0	0	0	6.93713e-008	4636.37	6022.97	5922.45
6017.52	4083.14	358	1.#QNAN	0	0.016	0	7.0815e-008	4758.15	6017.52	5917.47
6011.94	4078.2	359	1.#QNAN	0	0	0	6.82081e-008	4777.38	6011.94	5912.35
6006.33	4073.3	360	1.#QNAN	0	0	0	7.04521e-008	4712.83	6006.33	5907.19
6000.78	4068.39	361	1.#QNAN	0	0.015	0	7.01849e-008	4767.23	6000.78	5902.1
5995.32	4063.54	362	1.#QNAN	0	0	0	6.90712e-008	4744.7	5995.32	5897.09
5989.76	4058.62	363	1.#QNAN	0	0	0	7.27101e-008	4708.62	5989.76	5891.99
5984.27	4053.82	364	1.#QNAN	0	0	0	7.17458e-008	4691.73	5984.27	5886.93
5978.7	4048.96	365	1.#QNAN	0	0.016	0	7.30467e-008	4643.02	5978.7	5881.8
5972.92	4043.97	366	1.#QNAN	0	0	0	7.11397e-008	4628.12	5972.92	5876.46
5967.31	4039.09	367	1.#QNAN	0	0	0	7.17214e-008	4630.43	5967.31	5871.27
5961.67	4034.19	368	1.#QNAN	0	0.016	0	7.21432e-008	4623	5961.67	5866.07
5956.04	4029.29	369	1.#QNAN	0	0	0	7.0762e-008	4615.05	5956.04	5860.87
5950.67	4024.58	370	1.#QNAN	0	0	0	7.17337e-008	4697.42	5950.67	5855.91
5944.93	4019.61	371	1.#QNAN	0	0.015	0	7.34108e-008	4528.77	5944.93	5850.58
5939.16	4014.68	372	1.#QNAN	0	0	0	7.41278e-008	4529.33	5939.16	5845.23
5933.42	4009.74	373	1.#QNAN	0	0	0	7.31995e-008	4554.22	5933.42	5839.9
5927.76	4004.85	374	1.#QNAN	0	0	0	7.44603e-008	4586.93	5927.76	5834.65
5922.07	3999.94	375	1.#QNAN	0	0.016	1	7.247e-008	4545.2	5922.07	5829.35
5916.47	3995.04	376	1.#QNAN	0	0	0	7.31768e-008	4533.96	5916.47	5824.15
5910.99	3990.26	377	1.#QNAN	0	0	0	7.42045e-008	4518.71	5910.99	5819.06
5905.53	3985.56	378	1.#QNAN	0	0.015	0	7.30243e-008	4520.07	5905.53	5813.99
5900.03	3980.86	379	1.#QNAN	0	0	0	7.40112e-008	4511.51	5900.03	5808.88
5894.65	3976.17	380	1.#QNAN	0	0	0	7.42234e-008	4565.16	5894.65	5803.89
5889.23	3971.5	381	1.#QNAN	0	0	0	7.686e-008	4568.28	5889.23	5798.86
5883.8	3966.87	382	1.#QNAN	0	0.016	0	7.50507e-008	4529.8	5883.8	5793.81
5878.33	3962.26	383	1.#QNAN	0	0	0	7.70839e-008	4477.08	5878.33	5788.72
5872.95	3957.65	384	1.#QNAN	0	0	0	7.36958e-008	4500.32	5872.95	5783.7
5867.6	3953.08	385	1.#QNAN	0	0.016	0	7.40981e-008	4523.45	5867.6	5778.73
5862.47	3948.61	386	1.#QNAN	0	0	0	7.77328e-008	4564.42	5862.47	5773.97
5857.39	3944.2	387	1.#QNAN	0	0	0	7.5121e-008	4628.27	5857.39	5769.25
5852.19	3939.8	388	1.#QNAN	0	0.015	0	7.60548e-008	4580.2	5852.19	5764.41
5847	3935.33	389	1.#QNAN	0	0	0	7.53094e-008	4483.31	5847	5759.59
5841.81	3930.94	390	1.#QNAN	0	0	0	7.82724e-008	4458.51	5841.81	5754.75
5836.55	3926.52	391	1.#QNAN	0	0	0	7.77814e-008	4436.75	5836.55	5749.85
5831.33	3922.13	392	1.#QNAN	0	0.016	0	7.7487e-008	4427.04	5831.33	5744.97
5826.13	3917.69	393	1.#QNAN	0	0	0	7.69103e-008	4543.97	5826.13	5740.12
5820.85	3913.27	394	1.#QNAN	0	0	0	8.09773e-008	4390.66	5820.85	5735.19
5815.67	3908.94	395	1.#QNAN	0	0.015	0	7.83225e-008	4482.54	5815.67	5730.36
5810.4	3904.51	396	1.#QNAN	0	0	0	7.7082e-008	4386.34	5810.4	5725.43
5805.13	3900.12	397	1.#QNAN	0	0	0	8.16595e-008	4360.63	5805.13	5720.49
5800.03	3895.84	398	1.#QNAN	0	0	0	8.15931e-008	4421.09	5800.03	5715.74
5794.99	3891.59	399	1.#QNAN	0	0.016	0	7.83849e-008	4470.22	5794.99	5711.03
5789.85	3887.26	400	1.#QNAN	0	0	0	7.75609e-008	4369.29	5789.85	5706.22
5784.85	3883.03	401	1.#QNAN	0	0	0	8.26608e-008	4518.95	5784.85	5701.55
5779.83	3878.8	402	1.#QNAN	0	0.016	0	8.09677e-008	4499.89	5779.83	5696.86
5774.73	3874.47	403	1.#QNAN	0	0	0	7.96155e-008	4369	5774.73	5692.09
5769.82	3870.32	404	1.#QNAN	0	0	0	8.06805e-008	4475.27	5769.82	5687.51
5764.66	3866.03	405	1.#QNAN	0	0	0	7.85488e-008	4332.83	5764.66	5682.66
5759.66	3861.84	406	1.#QNAN	0	0.015	0	8.25435e-008	4382.02	5759.66	5677.99
5754.49	3857.6	407	1.#QNAN	0	0	0	8.03948e-008	4333	5754.49	5673.13
5749.39	3853.29	408	1.#QNAN	0	0	0	8.0565e-008	4351.26	5749.39	5668.35
5744.33	3849.03	409	1.#QNAN	0	0.016	0	8.06572e-008	4318.08	5744.33	5663.6
5739.23	3844.76	410	1.#QNAN	0	0	0	8.08203e-008	4397.34	5739.23	5658.82
5734.06	3840.49	411	1.#QNAN	0	0	0	8.09011e-008	4252.92	5734.06	5653.96
5729.09	3836.37	412	1.#QNAN	0	0.015	0	7.98138e-008	4308.9	5729.09	5649.3
5724.21	3832.31	413	1.#QNAN	0	0	0	8.05858e-008	4345.41	5724.21	5644.73
5719.17	3828.12	414	1.#QNAN	0	0	0	8.50066e-008	4303.92	5719.17	5639.99
5714.2	3823.99	415	1.#QNAN	0	0	0	8.58734e-008	4268.62	5714.2	5635.31
5709.22	3819.9	416	1.#QNAN	0	0.016	0	8.2037e-008	4257.01	5709.22	5630.63
5704.42	3815.96	417	1.#QNAN	0	0	0	8.22316e-008	4332.73	5704.42	5626.12
5699.51	3811.92	418	1.#QNAN	0	0	0	8.83033e-008	4272.03	5699.51	5621.51
5694.7	3807.89	419	1.#QNAN	0	0.016	0	8.62546e-008	4315.44	5694.7	5617
5690	3803.89	420	1.#QNAN	0	0	0	8.33465e-008	4309.78	5690	5612.59
5685.48	3800.06	421	1.#QNAN	0	0	0	8.43562e-008	4438.02	5685.48	5608.36
5680.74	3796.09	422	1.#QNAN	0	0	0	8.56498e-008	4338.15	5680.74	5603.91
5675.9	3792.02	423	1.#QNAN	0	0.015	0	8.91072e-008	4262.09	5675.9	5599.36
5670.98	3787.97	424	1.#QNAN	0	0	0	8.47554e-008	4219.92	5670.98	5594.72
5666.09	3783.96	425	1.#QNAN	0	0	0	8.6758e-008	4222.23	5666.09	5590.12
5661.46	3780.06	426	1.#QNAN	0	0.016	0	8.69312e-008	4291.19	5661.46	5585.75
5656.68	3776.09	427	1.#QNAN	0	0	0	8.81407e-008	4211.85	5656.68	5581.24
5651.85	3772.07	428	1.#QNAN	0	0	0	8.51738e-008	4185.76	5651.85	5576.69
5647.36	3768.23	429	1.#QNAN	0	0.015	0	8.8158e-008	4414.03	5647.36	5572.48
5642.68	3764.34	430	1.#QNAN	0	0	0	8.56745e-008	4226.26	5642.68	5568.08
5638.01	3760.46	431	1.#QNAN	0	0	0	8.72913e-008	4341.59	5638.01	5563.68
5633.25	3756.45	432	1.#QNAN	0	0	0	8.96288e-008	4225.01	5633.25	5559.2
5628.46	3752.45	433	1.#QNAN	0	0.016	0	8.79202e-008	4198.71	5628.46	5554.69
5623.82	3748.56	434	1.#QNAN	0	0	0	8.76395e-008	4325.19	5623.82	5550.32
5619.33	3744.76	435	1.#QNAN	0	0	0	8.63328e-008	4369.49	5619.33	5546.09
5614.68	3740.88	436	1.#QNAN	0	0.016	0	8.68661e-008	4201.64	5614.68	5541.71
5610.13	3737.06	437	1.#QNAN	0	0	0	9.13957e-008	4336.6	5610.13	5537.42
5605.72	3733.32	438	1.#QNAN	0	0	0	9.19469e-008	4373.77	5605.72	5533.28
5601.37	3729.64	439	1.#QNAN	0	0.015	0	8.50048e-008	4357.32	5601.37	5529.19
5596.87	3725.93	440	1.#QNAN	0	0	0	9.1523e-008	4212.51	5596.87	5524.95
5592.4	3722.16	441	1.#QNAN	0	0	0	8.82036e-008	4218.62	5592.4	5520.74
5587.83	3718.37	442	1.#QNAN	0	0	0	8.97413e-008	4190.61	5587.83	5516.42
5583.27	3714.55	443	1.#QNAN	0	0.016	0	9.11155e-008	4214.81	5583.27	5512.13
5578.9	3710.83	444	1.#QNAN	0	0	0	9.05702e-008	4337.27	5578.9	5508.01
5574.47	3707	445	1.#QNAN	0	0	0	9.31295e-008	4220.58	5574.47	5503.84
5569.89	3703.13	446	1.#QNAN	0	0.015	0	9.13922e-008	4160.74	5569.89	5499.51
5565.26	3699.27	447	1.#QNAN	0	0	0	9.18523e-008	4133.32	5565.26	5495.13
5560.71	3695.46	448	1.#QNAN	0	0	0	9.33735e-008	4172.05	5560.71	5490.83
5556.24	3691.68	449	1.#QNAN	0	0	0	9.06381e-008	4165.06	5556.24	5486.6
5551.76	3687.92	450	1.#QNAN	0	0.016	0	9.07781e-008	4182.52	5551.76	5482.37
5547.32	3684.17	451	1.#QNAN	0	0	0	8.90605e-008	4199.08	5547.32	5478.18
5542.8	3680.36	452	1.#QNAN	0	0	0	9.2798e-008	4158.64	5542.8	5473.91
5538.51	3676.74	453	1.#QNAN	0	0.016	0	9.20653e-008	4285.02	5538.51	5469.86
5534.21	3673.16	454	1.#QNAN	0	0	0	9.47508e-008	4182.76	5534.21	5465.79
5529.69	3669.5	455	1.#QNAN	0	0	0	9.47472e-008	4129.61	5529.69	5461.52
5525.18	3665.8	456	1.#QNAN	0	0	0	9.19537e-008	4113.51	5525.18	5457.24
5520.85	3662.29	457	1.#QNAN	0	0.015	0	9.18761e-008	4209.48	5520.85	5453.14
5516.26	3658.57	458	1.#QNAN	0	0	0	9.52398e-008	4056.99	5516.26	5448.78
5511.86	3654.99	459	1.#QNAN	0	0	0	9.5352e-008	4190.56	5511.86	5444.61
5507.44	3651.42	460	1.#QNAN	0	0.016	0	9.31585e-008	4067.67	5507.44	5440.42
5503.06	3647.86	461	1.#QNAN	0	0	0	9.49623e-008	4070.71	5503.06	5436.26
5498.69	3644.29	462	1.#QNAN	0	0	0	9.74942e-008	4070.18	5498.69	5432.12
5494.31	3640.69	463	1.#QNAN	0	0.015	0	9.20488e-008	4074.78	5494.31	5427.97
5490.01	3637.23	464	1.#QNAN	0	0	0	9.47246e-008	4059.84	5490.01	5423.9
5485.73	3633.81	465	1.#QNAN	0	0	0	9.42686e-008	4089.98	5485.73	5419.83
5481.43	3630.31	466	1.#QNAN	0	0	0	9.58082e-008	4060.47	5481.43	5415.75
5477.2	3626.83	467	1.#QNAN	0	0.016	0	1.00142e-007	4085.94	5477.2	5411.75
5473.06	3623.44	468	1.#QNAN	0	0	0	9.68001e-008	4112.45	5473.06	5407.83
5468.83	3619.96	469	1.#QNAN	0	0	0	1.00274e-007	4073.4	5468.83	5403.82
5464.73	3616.62	470	1.#QNAN	0	0.016	0	9.80817e-008	4221.78	5464.73	5399.93
5460.68	3613.26	471	1.#QNAN	0	0	0	9.70729e-008	4131.78	5460.68	5396.1
5456.51	3609.87	472	1.#QNAN	0	0	0	9.91214e-008	4079.27	5456.51	5392.14
5452.37	3606.47	473	1.#QNAN	0	0.015	0	9.90894e-008	4084.65	5452.37	5388.21
5448.21	3603.08	474	1.#QNAN	0	0	0	9.8774e-008	4080.54	5448.21	5384.26
5444.12	3599.76	475	1.#QNAN	0	0	0	9.99921e-008	4106.61	5444.12	5380.39
5439.99	3596.37	476	1.#QNAN	0	0	0	9.83914e-008	4086.66	5439.99	5376.47
5435.85	3593	477	1.#QNAN	0	0.016	0	1.00012e-007	4072.54	5435.85	5372.53
5431.88	3589.7	478	1.#QNAN	0	0	0	9.83249e-008	4228.43	5431.88	5368.78
5427.65	3586.27	479	1.#QNAN	0	0	0	9.89389e-008	4020.27	5427.65	5364.74
5423.53	3582.88	480	1.#QNAN	0	0.015	0	9.9919e-008	4069.38	5423.53	5360.83
5419.65	3579.67	481	1.#QNAN	0	0	0	1.00923e-007	4237.87	5419.65	5357.16
5415.6	3576.38	482	1.#QNAN	0	0	0	1.02846e-007	4032.48	5415.6	5353.31
5411.49	3573.01	483	1.#QNAN	0	0.016	0	9.96946e-008	4052.78	5411.49	5349.4
5407.49	3569.75	484	1.#QNAN	0	0	0	1.00949e-007	4047.84	5407.49	5345.61
5403.45	3566.44	485	1.#QNAN	0	0	0	1.00271e-007	4018.14	5403.45	5341.76
5399.41	3563.19	486	1.#QNAN	0	0	0	1.01968e-007	4042.75	5399.41	5337.92
5395.37	3559.94	487	1.#QNAN	0	0.016	0	1.03426e-007	4011.01	5395.37	5334.08
5391.35	3556.77	488	1.#QNAN	0	0	0	1.00677e-007	4116.31	5391.35	5330.24
5387.18	3553.48	489	1.#QNAN	0	0	0	1.03111e-007	3948.01	5387.18	5326.26
5383.1	3550.25	490	1.#QNAN	0	0.015	0	1.02791e-007	4092.29	5383.1	5322.37
5379.12	3547	491	1.#QNAN	0	0	0	9.99455e-008	4023.74	5379.12	5318.59
5375.32	3543.82	492	1.#QNAN	0	0	0	1.05816e-007	4072.59	5375.32	5314.99
5371.42	3540.63	493	1.#QNAN	0	0	0	1.0416e-007	4010.83	5371.42	5311.27
5367.43	3537.32	494	1.#QNAN	0	0.016	0	1.01309e-007	3989.27	5367.43	5307.48
5363.59	3534.15	495	1.#QNAN	0	0	0	1.06304e-007	4133.47	5363.59	5303.83
5359.69	3530.96	496	1.#QNAN	0	0	0	1.07332e-007	3993.61	5359.69	5300.12
5355.86	3527.78	497	1.#QNAN	0	0.015	0	1.05589e-007	4146.12	5355.86	5296.48
5351.89	3524.57	498	1.#QNAN	0	0	0	1.05343e-007	3964.86	5351.89	5292.7
5347.88	3521.28	499	1.#QNAN	0	0	0	1.0791e-007	3959.82	5347.88	5288.87
5343.98	3518.07	500	1.#QNAN	0	0.016	0	1.05522e-007	3997.56	5343.98	5285.16
5340.39	3515.03	501	1.#QNAN	0	0	0	1.09853e-007	4221.26	5340.39	5281.75
5336.58	3511.85	502	1.#QNAN	0	0	0	1.05441e-007	4013.79	5336.58	5278.13
5332.79	3508.7	503	1.#QNAN	0	0	0	1.05906e-007	4008.73	5332.79	5274.52
5329.08	3505.65	504	1.#QNAN	0	0.016	0	1.02488e-007	4128.91	5329.08	5271
5325.18	3502.48	505	1.#QNAN	0	0	0	1.10241e-007	3956.69	5325.18	5267.28
5321.33	3499.29	506	1.#QNAN	0	0	0	1.08325e-007	3967.81	5321.33	5263.61
5317.61	3496.2	507	1.#QNAN	0	0.015	0	1.08289e-007	4045.22	5317.61	5260.07
5313.91	3493.19	508	1.#QNAN	0	0	0	1.07966e-007	4010.44	5313.91	5256.55
5310.2	3490.18	509	1.#QNAN	0	0	0	1.05263e-007	3988.94	5310.2	5253.01
5306.46	3487.09	510	1.#QNAN	0	0	0	1.07399e-007	4009.37	5306.46	5249.45
5302.8	3484.07	511	1.#QNAN	0	0	0	1.05592e-007	4003.57	5302.8	5245.98
5299.14	3481.03	512	1.#QNAN	0	0	0	1.07557e-007	4011.71	5299.14	5242.49
5295.48	3478.03	513	1.#QNAN	0	0	0	1.07417e-007	4011.52	5295.48	5239.01
5291.82	3475.03	514	1.#QNAN	0	0.015	0	1.08404e-007	4015.16	5291.82	5235.53
5288.16	3472	515	1.#QNAN	0	0	0	1.08865e-007	4019.37	5288.16	5232.05
5284.58	3468.98	516	1.#QNAN	0	0	0	1.13421e-007	4010.09	5284.58	5228.64
5281.02	3466.01	517	1.#QNAN	0	0.016	0	1.07408e-007	4126.11	5281.02	5225.25
5277.54	3463.05	518	1.#QNAN	0	0	0	1.09269e-007	4042.79	5277.54	5221.95
5273.9	3460.06	519	1.#QNAN	0	0	0	1.07523e-007	3979.96	5273.9	5218.48
5270.36	3457.13	520	1.#QNAN	0	0	0	1.12775e-007	4010.51	5270.36	5215.11
5266.85	3454.25	521	1.#QNAN	0	0.016	0	1.09583e-007	4029.79	5266.85	5211.77
5263.27	3451.29	522	1.#QNAN	0	0	0	1.12637e-007	4008.45	5263.27	5208.36
5259.88	3448.5	523	1.#QNAN	0	0	0	1.11929e-007	4156.28	5259.88	5205.14
5256.36	3445.65	524	1.#QNAN	0	0.015	0	1.14161e-007	3966.31	5256.36	5201.78
5252.93	3442.82	525	1.#QNAN	0	0	0	1.09155e-007	3991.68	5252.93	5198.52
5249.52	3440	526	1.#QNAN	0	0	0	1.12097e-007	4007.82	5249.52	5195.28
5245.99	3437.14	527	1.#QNAN	0	0	0	1.12888e-007	3940.75	5245.99	5191.91
5242.68	3434.38	528	1.#QNAN	0	0.016	0	1.12344e-007	4126.76	5242.68	5188.77
5239.25	3431.55	529	1.#QNAN	0	0	0	1.14595e-007	4025.2	5239.25	5185.51
5235.84	3428.74	530	1.#QNAN	0	0	0	1.14778e-007	3996.56	5235.84	5182.26
5232.47	3425.93	531	1.#QNAN	0	0.015	0	1.13799e-007	4019.67	5232.47	5179.05
5229.01	3423.07	532	1.#QNAN	0	0	0	1.14983e-007	3981.86	5229.01	5175.75
5225.56	3420.22	533	1.#QNAN	0	0	0	1.10225e-007	4011.49	5225.56	5172.47
5222.08	3417.36	534	1.#QNAN	0	0.016	0	1.0898e-007	3933.31	5222.08	5169.15
5218.74	3414.57	535	1.#QNAN	0	0	0	1.16845e-007	3996.62	5218.74	5165.97
5215.41	3411.85	536	1.#QNAN	0	0	0	1.21114e-007	4024.74	5215.41	5162.8
5212.06	3409.08	537	1.#QNAN	0	0	0	1.13506e-007	3963.47	5212.06	5159.61
5208.8	3406.37	538	1.#QNAN	0	0.016	0	1.18362e-007	4098	5208.8	5156.51
5205.45	3403.59	539	1.#QNAN	0	0	0	1.19525e-007	3960.78	5205.45	5153.31
5202.14	3400.86	540	1.#QNAN	0	0	0	1.21581e-007	3952.66	5202.14	5150.16
5198.8	3398.11	541	1.#QNAN	0	0.015	0	1.16826e-007	3946.85	5198.8	5146.97
5195.51	3395.39	542	1.#QNAN	0	0	0	1.1674e-007	4000.3	5195.51	5143.83
5192.19	3392.64	543	1.#QNAN	0	0	0	1.18111e-007	3924.87	5192.19	5140.66
5188.84	3389.89	544	1.#QNAN	0	0.016	0	1.15169e-007	3929.16	5188.84	5137.46
5185.55	3387.22	545	1.#QNAN	0	0	0	1.13058e-007	3933.43	5185.55	5134.32
5182.14	3384.48	546	1.#QNAN	0	0	0	1.19781e-007	3881.31	5182.14	5131.06
5178.72	3381.79	547	1.#QNAN	0	0	0	1.20203e-007	3960.34	5178.72	5127.78
5175.27	3379.05	548	1.#QNAN	0	0.015	0	1.19936e-007	3848.06	5175.27	5124.48
5171.9	3376.34	549	1.#QNAN	0	0	0	1.19304e-007	3875.57	5171.9	5121.25
5168.58	3373.66	550	1.#QNAN	0	0	0	1.22938e-007	3870.73	5168.58	5118.08
5165.32	3371.03	551	1.#QNAN	0	0.016	0	1.20541e-007	3958.1	5165.32	5114.95
5161.99	3368.35	552	1.#QNAN	0	0	0	1.20291e-007	3847.89	5161.99	5111.77
5158.72	3365.72	553	1.#QNAN	0	0	0	1.22349e-007	3876.79	5158.72	5108.64
5155.52	3363.11	554	1.#QNAN	0	0.016	0	1.18838e-007	3934.49	5155.52	5105.59
5152.33	3360.51	555	1.#QNAN	0	0	0	1.22092e-007	3895.87	5152.33	5102.54
5149.22	3357.99	556	1.#QNAN	0	0	0	1.23035e-007	4022.44	5149.22	5099.57
5145.97	3355.37	557	1.#QNAN	0	0	0	1.23185e-007	3860.62	5145.97	5096.47
5142.7	3352.74	558	1.#QNAN	0	0.015	0	1.21252e-007	3847.72	5142.7	5093.33
5139.47	3350.15	559	1.#QNAN	0	0	0	1.2107e-007	3861.28	5139.47	5090.24
5136.27	3347.54	560	1.#QNAN	0	0	0	1.23346e-007	3893.71	5136.27	5087.17
5133.14	3344.98	561	1.#QNAN	0	0.016	0	1.22292e-007	3894.6	5133.14	5084.18
5130.06	3342.5	562	1.#QNAN	0	0	0	1.23736e-007	3904.82	5130.06	5081.23
5126.93	3339.95	563	1.#QNAN	0	0	0	1.23487e-007	3913.87	5126.93	5078.24
5123.83	3337.45	564	1.#QNAN	0	0	0	1.19507e-007	3901.11	5123.83	5075.26
5120.7	3334.97	565	1.#QNAN	0	0.015	0	1.2604e-007	3920.63	5120.7	5072.26
5117.64	3332.51	566	1.#QNAN	0	0	0	1.21284e-007	3931.04	5117.64	5069.34
5114.53	3330.04	567	1.#QNAN	0	0	0	1.22322e-007	3881.04	5114.53	5066.36
5111.34	3327.49	568	1.#QNAN	0	0.016	0	1.2248e-007	3858.18	5111.34	5063.31
5108.18	3324.96	569	1.#QNAN	0	0	0	1.27912e-007	3868.84	5108.18	5060.28
5105.11	3322.48	570	1.#QNAN	0	0	0	1.28695e-007	3969.28	5105.11	5057.34
5102.06	3320.03	571	1.#QNAN	0	0.016	0	1.20746e-007	3916.17	5102.06	5054.43
5098.97	3317.5	572	1.#QNAN	0	0	0	1.29219e-007	3891.76	5098.97	5051.47
5095.88	3314.97	573	1.#QNAN	0	0	0	1.26522e-007	3897.98	5095.88	5048.51
5092.78	3312.44	574	1.#QNAN	0	0	0	1.27971e-007	3881.87	5092.78	5045.54
5089.75	3309.92	575	1.#QNAN	0	0.015	0	1.23924e-007	3908.11	5089.75	5042.64
5086.66	3307.38	576	1.#QNAN	0	0	0	1.23999e-007	3876.44	5086.66	5039.68
5083.65	3304.91	577	1.#QNAN	0	0	0	1.23345e-007	3996.33	5083.65	5036.79
5080.54	3302.37	578	1.#QNAN	0	0.016	0	1.28401e-007	3839.89	5080.54	5033.81
5077.49	3299.87	579	1.#QNAN	0	0	0	1.26103e-007	3867.97	5077.49	5030.89
5074.43	3297.33	580	1.#QNAN	0	0	0	1.25831e-007	3876.73	5074.43	5027.96
5071.42	3294.86	581	1.#QNAN	0	0	0	1.31527e-007	3862.92	5071.42	5025.08
5068.37	3292.38	582	1.#QNAN	0	0.015	0	1.2698e-007	3826.89	5068.37	5022.14
5065.31	3289.89	583	1.#QNAN	0	0	0	1.27777e-007	3842.1	5065.31	5019.22
5062.23	3287.43	584	1.#QNAN	0	0	0	1.30431e-007	3806.67	5062.23	5016.26
5059.18	3284.94	585	1.#QNAN	0	0.016	0	1.30423e-007	3804.62	5059.18	5013.33
5056.13	3282.46	586	1.#QNAN	0	0	0	1.2972e-007	3812.61	5056.13	5010.4
5052.99	3279.92	587	1.#QNAN	0	0	0	1.35952e-007	3781.51	5052.99	5007.39
5049.96	3277.45	588	1.#QNAN	0	0.016	0	1.31584e-007	3868	5049.96	5004.48
5047.02	3275.01	589	1.#QNAN	0	0	0	1.31362e-007	3880.54	5047.02	5001.66
5044.02	3272.58	590	1.#QNAN	0	0	0	1.2962e-007	3874.33	5044.02	4998.79
5040.96	3270.08	591	1.#QNAN	0	0.015	0	1.27671e-007	3779.34	5040.96	4995.84
5037.82	3267.56	592	1.#QNAN	0	0	0	1.29272e-007	3762.11	5037.82	4992.82
5034.85	3265.14	593	1.#QNAN	0	0	0	1.31986e-007	3918.15	5034.85	4989.96
5031.93	3262.74	594	1.#QNAN	0	0	0	1.32493e-007	3940.11	5031.93	4987.16
5028.93	3260.29	595	1.#QNAN	0	0.016	1	1.3104e-007	3773.92	5028.93	4984.28
5026.05	3257.87	596	1.#QNAN	0	0	0	1.3311e-007	3854.54	5026.05	4981.52
5023.13	3255.45	597	1.#QNAN	0	0	0	1.34098e-007	3820.25	5023.13	4978.72
5020.21	3253.01	598	1.#QNAN	0	0.015	0	1.33149e-007	3810.14	5020.21	4975.91
5017.28	3250.61	599	1.#QNAN	0	0	0	1.29722e-007	3794.4	5017.28	4973.09
5014.37	3248.22	600	1.#QNAN	0	0	0	1.33905e-007	3815.68	5014.37	4970.3
5011.52	3245.85	601	1.#QNAN	0	0.016	0	1.37771e-007	3933.08	5011.52	4967.57
5008.64	3243.51	602	1.#QNAN	0	0	0	1.34982e-007	3792.18	5008.64	4964.81
5005.87	3241.21	603	1.#QNAN	0	0	0	1.35887e-007	3884.72	5005.87	4962.14
5003.09	3238.88	604	1.#QNAN	0	0	0	1.37213e-007	3959.31	5003.09	4959.48
5000.29	3236.57	605	1.#QNAN	0	0.016	0	1.34144e-007	3926.75	5000.29	4956.8
4997.49	3234.25	606	1.#QNAN	0	0	0	1.30214e-007	3810.73	4997.49	4954.11
4994.69	3231.95	607	1.#QNAN	0	0	0	1.33162e-007	3908.62	4994.69	4951.42
4991.83	3229.61	608	1.#QNAN	0	0.015	0	1.32956e-007	3753.3	4991.83	4948.66
4988.95	3227.23	609	1.#QNAN	0	0	0	1.35705e-007	3752.62	4988.95	4945.9
4986.12	3224.91	610	1.#QNAN	0	0	0	1.35172e-007	3752.22	4986.12	4943.17
4983.29	3222.58	611	1.#QNAN	0	0	0	1.37414e-007	3782.04	4983.29	4940.46
4980.45	3220.24	612	1.#QNAN	0	0.016	0	1.35406e-007	3817.1	4980.45	4937.73
4977.54	3217.88	613	1.#QNAN	0	0	0	1.36644e-007	3706.99	4977.54	4934.92
4974.76	3215.57	614	1.#QNAN	0	0	0	1.37313e-007	3791.5	4974.76	4932.25
4971.94	3213.25	615	1.#QNAN	0	0.015	0	1.34831e-007	3748.31	4971.94	4929.55
4969.03	3210.91	616	1.#QNAN	0	0	0	1.31902e-007	3681.01	4969.03	4926.74
4966.12	3208.6	617	1.#QNAN	0	0	0	1.36555e-007	3741.11	4966.12	4923.93
4963.09	3206.25	618	1.#QNAN	0	0.016	0	1.35615e-007	3608.08	4963.09	4921
4960.26	3204.02	619	1.#QNAN	0	0	0	1.38139e-007	3813.01	4960.26	4918.28
4957.29	3201.69	620	1.#QNAN	0	0	0	1.35999e-007	3615.6	4957.29	4915.41
4954.45	3199.42	621	1.#QNAN	0	0	0	1.40349e-007	3815.31	4954.45	4912.67
4951.54	3197.12	622	1.#QNAN	0	0.016	0	1.36472e-007	3650.15	4951.54	4909.86
4948.72	3194.85	623	1.#QNAN	0	0	0	1.37277e-007	3781.45	4948.72	4907.14
4945.81	3192.55	624	1.#QNAN	0	0	0	1.34863e-007	3666.85	4945.81	4904.34
4942.93	3190.25	625	1.#QNAN	0	0.015	0	1.42027e-007	3697.47	4942.93	4901.56
4940.02	3187.96	626	1.#QNAN	0	0	0	1.40023e-007	3662.28	4940.02	4898.75
4937.15	3185.69	627	1.#QNAN	0	0	0	1.40559e-007	3694.15	4937.15	4895.98
4934.3	3183.41	628	1.#QNAN	0	0.016	0	1.3672e-007	3671.65	4934.3	4893.23
4931.37	3181.13	629	1.#QNAN	0	0	0	1.40895e-007	3605.69	4931.37	4890.39
4928.45	3178.87	630	1.#QNAN	0	0	0	1.39455e-007	3708.9	4928.45	4887.57
4925.55	3176.58	631	1.#QNAN	0	0.015	0	1.36474e-007	3587.1	4925.55	4884.77
4922.63	3174.3	632	1.#QNAN	0	0	0	1.4481e-007	3588.28	4922.63	4881.95
4919.73	3172.02	633	1.#QNAN	0	0	0	1.37608e-007	3595.37	4919.73	4879.15
4916.8	3169.72	634	1.#QNAN	0	0.016	0	1.42687e-007	3577.02	4916.8	4876.31
4914	3167.53	635	1.#QNAN	0	0	0	1.45955e-007	3740.53	4914	4873.6
4911.09	3165.27	636	1.#QNAN	0	0	0	1.45436e-007	3584.78	4911.09	4870.78
4908.28	3163.02	637	1.#QNAN	0	0	0	1.3876e-007	3653.01	4908.28	4868.07
4905.4	3160.75	638	1.#QNAN	0	0.016	0	1.44669e-007	3603.33	4905.4	4865.29
4902.62	3158.54	639	1.#QNAN	0	0	0	1.46975e-007	3681.16	4902.62	4862.61
4899.69	3156.23	640	1.#QNAN	0	0	0	1.44745e-007	3548.27	4899.69	4859.77
4896.73	3153.92	641	1.#QNAN	0	0.015	0	1.4769e-007	3543.17	4896.73	4856.9
4893.9	3151.68	642	1.#QNAN	0	0	0	1.45453e-007	3728.58	4893.9	4854.17
4890.91	3149.37	643	1.#QNAN	0	0	0	1.47412e-007	3525.94	4890.91	4851.27
4887.99	3147.13	644	1.#QNAN	0	0	0	1.41042e-007	3545.84	4887.99	4848.44
4885.09	3144.86	645	1.#QNAN	0	0	0	1.49095e-007	3552	4885.09	4845.63
4882.18	3142.64	646	1.#QNAN	0	0	0	1.4357e-007	3649.14	4882.18	4842.81
4879.33	3140.43	647	1.#QNAN	0	0	0	1.51447e-007	3591.76	4879.33	4840.04
4876.43	3138.21	648	1.#QNAN	0	0.015	0	1.40686e-007	3536.17	4876.43	4837.24
4873.55	3135.98	649	1.#QNAN	0	0	0	1.49568e-007	3544.72	4873.55	4834.44
4870.68	3133.76	650	1.#QNAN	0	0	0	1.42622e-007	3558.22	4870.68	4831.67
4867.85	3131.59	651	1.#QNAN	0	0.016	0	1.45352e-007	3627.87	4867.85	4828.92
4864.94	3129.36	652	1.#QNAN	0	0	0	1.56243e-007	3543.37	4864.94	4826.1
4862.06	3127.16	653	1.#QNAN	0	0	0	1.51623e-007	3629.83	4862.06	4823.31
4859.18	3124.97	654	1.#QNAN	0	0	0	1.46977e-007	3518.56	4859.18	4820.52
4856.33	3122.8	655	1.#QNAN	0	0.016	0	1.50454e-007	3510.56	4856.33	4817.76
4853.47	3120.63	656	1.#QNAN	0	0	0	1.50728e-007	3517.9	4853.47	4814.99
4850.65	3118.44	657	1.#QNAN	0	0	0	1.45754e-007	3560.85	4850.65	4812.25
4847.83	3116.26	658	1.#QNAN	0	0.015	0	1.46132e-007	3507.98	4847.83	4809.52
4844.99	3114.05	659	1.#QNAN	0	0	0	1.50057e-007	3506.79	4844.99	4806.77
4842.15	3111.85	660	1.#QNAN	0	0	0	1.53874e-007	3485.74	4842.15	4804.02
4839.27	3109.63	661	1.#QNAN	0	0	0	1.48572e-007	3476.13	4839.27	4801.22
4836.45	3107.46	662	1.#QNAN	0	0.016	0	1.49216e-007	3497.33	4836.45	4798.5
4833.71	3105.34	663	1.#QNAN	0	0	0	1.53458e-007	3624.09	4833.71	4795.84
4831.06	3103.22	664	1.#QNAN	0	0	0	1.54642e-007	3570.98	4831.06	4793.28
4828.38	3101.09	665	1.#QNAN	0	0.015	0	1.48284e-007	3546.32	4828.38	4790.69
4825.73	3099	666	1.#QNAN	0	0	0	1.50477e-007	3671.22	4825.73	4788.13
4823.04	3096.89	667	1.#QNAN	0	0	0	1.50069e-007	3542.24	4823.04	4785.52
4820.33	3094.8	668	1.#QNAN	0	0.016	0	1.48917e-007	3644.52	4820.33	4782.89
4817.6	3092.71	669	1.#QNAN	0	0	0	1.45875e-007	3533.32	4817.6	4780.25
4814.83	3090.6	670	1.#QNAN	0	0	0	1.50273e-007	3470.87	4814.83	4777.56
4812.09	3088.48	671	1.#QNAN	0	0	0	1.51401e-007	3638.48	4812.09	4774.9
4809.3	3086.34	672	1.#QNAN	0	0.016	0	1.48952e-007	3472.41	4809.3	4772.2
4806.46	3084.17	673	1.#QNAN	0	0	0	1.52046e-007	3425.49	4806.46	4769.43
4803.73	3082.06	674	1.#QNAN	0	0	0	1.51333e-007	3579.06	4803.73	4766.78
4800.94	3079.94	675	1.#QNAN	0	0.015	0	1.55779e-007	3565.77	4800.94	4764.08
4798.2	3077.78	676	1.#QNAN	0	0	0	1.5256e-007	3503.73	4798.2	4761.43
4795.4	3075.62	677	1.#QNAN	0	0	0	1.53046e-007	3417.02	4795.4	4758.71
4792.76	3073.54	678	1.#QNAN	0	0.016	0	1.53434e-007	3651.79	4792.76	4756.15
4790.05	3071.43	679	1.#QNAN	0	0	0	1.51704e-007	3510.3	4790.05	4753.52
4787.37	3069.32	680	1.#QNAN	0	0	0	1.60282e-007	3512.1	4787.37	4750.92
4784.8	3067.24	681	1.#QNAN	0	0	0	1.53648e-007	3698.84	4784.8	4748.44
4782.19	3065.15	682	1.#QNAN	0	0.015	0	1.58039e-007	3562.26	4782.19	4745.9
4779.48	3062.97	683	1.#QNAN	0	0	0	1.61766e-007	3492.54	4779.48	4743.28
4776.85	3060.85	684	1.#QNAN	0	0	0	1.57277e-007	3505.76	4776.85	4740.73
4774.17	3058.72	685	1.#QNAN	0	0.016	0	1.59933e-007	3605.18	4774.17	4738.13
4771.54	3056.61	686	1.#QNAN	0	0	0	1.62955e-007	3511.07	4771.54	4735.58
4768.92	3054.47	687	1.#QNAN	0	0	0	1.60861e-007	3535.07	4768.92	4733.04
4766.28	3052.32	688	1.#QNAN	0	0	0	1.60127e-007	3503.55	4766.28	4730.48
4763.67	3050.21	689	1.#QNAN	0	0.016	0	1.62066e-007	3516.1	4763.67	4727.96
4761.06	3048.1	690	1.#QNAN	0	0	0	1.60588e-007	3502.33	4761.06	4725.42
4758.49	3046.01	691	1.#QNAN	0	0	0	1.59392e-007	3510.31	4758.49	4722.93
4755.87	3043.91	692	1.#QNAN	0	0.015	0	1.65806e-007	3480.2	4755.87	4720.39
4753.31	3041.85	693	1.#QNAN	0	0	0	1.61254e-007	3616.6	4753.31	4717.91
4750.73	3039.76	694	1.#QNAN	0	0	0	1.57546e-007	3482.85	4750.73	4715.41
4748.22	3037.73	695	1.#QNAN	0	0.016	0	1.59177e-007	3537.49	4748.22	4712.98
4745.67	3035.68	696	1.#QNAN	0	0	0	1.62164e-007	3476.24	4745.67	4710.51
4743.12	3033.63	697	1.#QNAN	0	0	0	1.61184e-007	3484.88	4743.12	4708.04
4740.55	3031.56	698	1.#QNAN	0	0	0	1.64858e-007	3479.04	4740.55	4705.55
4737.96	3029.52	699	1.#QNAN	0	0.015	0	1.64131e-007	3554.31	4737.96	4703.03
4735.28	3027.44	700	1.#QNAN	0	0	0	1.58436e-007	3392.72	4735.28	4700.43
4732.71	3025.4	701	1.#QNAN	0	0	0	1.58927e-007	3429.45	4732.71	4697.94
4730.23	3023.44	702	1.#QNAN	0	0.016	0	1.61209e-007	3622	4730.23	4695.53
4727.72	3021.44	703	1.#QNAN	0	0	0	1.68809e-007	3603.57	4727.72	4693.09
4725.11	3019.4	704	1.#QNAN	0	0	0	1.63162e-007	3433.06	4725.11	4690.56
4722.59	3017.43	705	1.#QNAN	0	0	0	1.60391e-007	3596.62	4722.59	4688.12
4720.03	3015.41	706	1.#QNAN	0	0.016	0	1.6164e-007	3414.22	4720.03	4685.62
4717.41	3013.38	707	1.#QNAN	0	0	0	1.65038e-007	3386.64	4717.41	4683.08
4714.95	3011.44	708	1.#QNAN	0	0	0	1.59481e-007	3514.33	4714.95	4680.69
4712.51	3009.53	709	1.#QNAN	0	0.015	0	1.66832e-007	3612.38	4712.51	4678.32
4710.03	3007.57	710	1.#QNAN	0	0	0	1.65609e-007	3468.91	4710.03	4675.91
4707.6	3005.64	711	1.#QNAN	0	0	0	1.62648e-007	3513.96	4707.6	4673.56
4705.12	3003.67	712	1.#QNAN	0	0.016	0	1.69095e-007	3487.4	4705.12	4671.15
4702.65	3001.72	713	1.#QNAN	0	0	0	1.56568e-007	3463.36	4702.65	4668.75
4700.24	2999.81	714	1.#QNAN	0	0	0	1.64005e-007	3621.48	4700.24	4666.42
4697.78	2997.87	715	1.#QNAN	0	0	0	1.64279e-007	3578.7	4697.78	4664.02
4695.24	2995.88	716	1.#QNAN	0	0.015	0	1.63316e-007	3402.38	4695.24	4661.55
4692.77	2993.94	717	1.#QNAN	0	0	0	1.66269e-007	3434.14	4692.77	4659.15
4690.32	2992.04	718	1.#QNAN	0	0	0	1.66327e-007	3421.88	4690.32	4656.77
4687.82	2990.11	719	1.#QNAN	0	0.016	0	1.64735e-007	3418.12	4687.82	4654.34
4685.36	2988.2	720	1.#QNAN	0	0	0	1.72048e-007	3543.25	4685.36	4651.96
4682.81	2986.27	721	1.#QNAN	0	0	0	1.65117e-007	3453.82	4682.81	4649.47
4680.23	2984.31	722	1.#QNAN	0	0.016	0	1.66544e-007	3389.68	4680.23	4646.96
4677.74	2982.41	723	1.#QNAN	0	0	0	1.72284e-007	3535.08	4677.74	4644.54
4675.32	2980.53	724	1.#QNAN	0	0	0	1.65113e-007	3561.91	4675.32	4642.18
4672.85	2978.65	725	1.#QNAN	0	0	0	1.67344e-007	3518.99	4672.85	4639.79
4670.45	2976.76	726	1.#QNAN	0	0.015	0	1.61505e-007	3437.37	4670.45	4637.45
4667.99	2974.88	727	1.#QNAN	0	0	0	1.65327e-007	3392.83	4667.99	4635.07
4665.51	2973.01	728	1.#QNAN	0	0	0	1.60584e-007	3387	4665.51	4632.66
4663.07	2971.16	729	1.#QNAN	0	0.016	0	1.66058e-007	3379.7	4663.07	4630.28
4660.64	2969.3	730	1.#QNAN	0	0	0	1.67334e-007	3393.17	4660.64	4627.92
4658.24	2967.42	731	1.#QNAN	0	0	0	1.69201e-007	3399.19	4658.24	4625.59
4655.79	2965.56	732	1.#QNAN	0	0	0	1.68687e-007	3484.59	4655.79	4623.21
4653.37	2963.72	733	1.#QNAN	0	0.015	0	1.60845e-007	3534.62	4653.37	4620.85
4650.92	2961.85	734	1.#QNAN	0	0	0	1.66072e-007	3404.47	4650.92	4618.47
4648.51	2960.02	735	1.#QNAN	0	0	0	1.64965e-007	3554.99	4648.51	4616.13
4646.09	2958.17	736	1.#QNAN	0	0.016	0	1.69237e-007	3424.22	4646.09	4613.76
4643.66	2956.32	737	1.#QNAN	0	0	0	1.68543e-007	3551.07	4643.66	4611.4
4641.2	2954.45	738	1.#QNAN	0	0	0	1.6434e-007	3396.57	4641.2	4609
4638.75	2952.59	739	1.#QNAN	0	0.016	0	1.69809e-007	3377.91	4638.75	4606.62
4636.31	2950.74	740	1.#QNAN	0	0	0	1.7403e-007	3345.14	4636.31	4604.25
4633.99	2948.94	741	1.#QNAN	0	0	0	1.69657e-007	3509.44	4633.99	4601.98
4631.49	2947.06	742	1.#QNAN	0	0	0	1.67396e-007	3291.75	4631.49	4599.55
4629.1	2945.22	743	1.#QNAN	0	0.015	0	1.72952e-007	3350.57	4629.1	4597.23
4626.8	2943.44	744	1.#QNAN	0	0	0	1.71238e-007	3531.39	4626.8	4594.98
4624.34	2941.58	745	1.#QNAN	0	0	0	1.7596e-007	3331.29	4624.34	4592.59
4622.1	2939.84	746	1.#QNAN	0	0.016	0	1.66456e-007	3579.3	4622.1	4590.41
4619.79	2938.09	747	1.#QNAN	0	0	0	1.71865e-007	3535.76	4619.79	4588.16
4617.45	2936.3	748	1.#QNAN	0	0	0	1.75516e-007	3393.98	4617.45	4585.89
4615.14	2934.52	749	1.#QNAN	0	0	0	1.7019e-007	3392.27	4615.14	4583.64
4612.84	2932.77	750	1.#QNAN	0	0.015	0	1.76938e-007	3372.25	4612.84	4581.41
4610.59	2931.03	751	1.#QNAN	0	0	0	1.72931e-007	3397.56	4610.59	4579.22
4608.38	2929.33	752	1.#QNAN	0	0	0	1.77644e-007	3568.86	4608.38	4577.08
4606.14	2927.62	753	1.#QNAN	0	0.016	0	1.72122e-007	3520.5	4606.14	4574.9
4603.86	2925.86	754	1.#QNAN	0	0	0	1.793e-007	3410.58	4603.86	4572.68
4601.54	2924.11	755	1.#QNAN	0	0	0	1.72967e-007	3369.03	4601.54	4570.42
4599.26	2922.37	756	1.#QNAN	0	0	0	1.65411e-007	3372.38	4599.26	4568.21
4597.01	2920.64	757	1.#QNAN	0	0.016	0	1.72022e-007	3412.75	4597.01	4566.01
4594.75	2918.9	758	1.#QNAN	0	0	0	1.70675e-007	3381.11	4594.75	4563.81
4592.44	2917.17	759	1.#QNAN	0	0	0	1.80029e-007	3398.67	4592.44	4561.56
4590.11	2915.41	760	1.#QNAN	0	0.015	0	1.8008e-007	3319.53	4590.11	4559.3
4587.74	2913.63	761	1.#QNAN	0	0	0	1.77285e-007	3315.32	4587.74	4556.98
4585.44	2911.89	762	1.#QNAN	0	0	0	1.77972e-007	3469.3	4585.44	4554.74
4583.07	2910.14	763	1.#QNAN	0	0.016	0	1.73872e-007	3279.19	4583.07	4552.43
4580.76	2908.4	764	1.#QNAN	0	0	0	1.7664e-007	3305.73	4580.76	4550.18
4578.35	2906.63	765	1.#QNAN	0	0	0	1.78715e-007	3244.75	4578.35	4547.83
4576.11	2904.93	766	1.#QNAN	0	0	0	1.82422e-007	3450.34	4576.11	4545.65
4573.73	2903.19	767	1.#QNAN	0	0.015	0	1.83719e-007	3236.37	4573.73	4543.32
4571.36	2901.43	768	1.#QNAN	0	0	0	1.8071e-007	3235	4571.36	4541
4568.94	2899.65	769	1.#QNAN	0	0	0	1.82982e-007	3229.51	4568.94	4538.64
4566.58	2897.92	770	1.#QNAN	0	0.016	0	1.90656e-007	3267.81	4566.58	4536.34
4564.22	2896.19	771	1.#QNAN	0	0	0	1.75505e-007	3277.02	4564.22	4534.05
4561.94	2894.49	772	1.#QNAN	0	0	0	1.80463e-007	3295.57	4561.94	4531.82
4559.65	2892.79	773	1.#QNAN	0	0.016	0	1.79972e-007	3405.52	4559.65	4529.58
4557.36	2891.08	774	1.#QNAN	0	0	0	1.84105e-007	3435.84	4557.36	4527.35
4554.97	2889.33	775	1.#QNAN	0	0	0	1.84215e-007	3259.64	4554.97	4525.02
4552.68	2887.62	776	1.#QNAN	0	0	0	1.87001e-007	3377.94	4552.68	4522.78
4550.32	2885.86	777	1.#QNAN	0	0.015	0	1.83361e-007	3260.67	4550.32	4520.48
4547.99	2884.14	778	1.#QNAN	0	0	0	1.85551e-007	3270.69	4547.99	4518.21
4545.76	2882.45	779	1.#QNAN	0	0	0	1.84435e-007	3363.92	4545.76	4516.03
4543.45	2880.74	780	1.#QNAN	0	0.016	0	1.88262e-007	3236.41	4543.45	4513.78
4541.17	2879.02	781	1.#QNAN	0	0	0	1.8239e-007	3272.06	4541.17	4511.56
4538.87	2877.29	782	1.#QNAN	0	0	0	1.83033e-007	3214.56	4538.87	4509.31
4536.7	2875.61	783	1.#QNAN	0	0	0	1.80527e-007	3403.74	4536.7	4507.19
4534.53	2873.96	784	1.#QNAN	0	0	0	1.8309e-007	3291.44	4534.53	4505.08
4532.31	2872.27	785	1.#QNAN	0	0	0	1.83956e-007	3243.49	4532.31	4502.92
4530.21	2870.64	786	1.#QNAN	0	0	0	1.86513e-007	3452.06	4530.21	4500.87
4527.96	2868.95	787	1.#QNAN	0	0.016	0	1.85029e-007	3246.1	4527.96	4498.68
4525.76	2867.24	788	1.#QNAN	0	0	0	1.83741e-007	3262.68	4525.76	4496.52
4523.52	2865.54	789	1.#QNAN	0	0	0	1.79658e-007	3254.34	4523.52	4494.34
4521.27	2863.84	790	1.#QNAN	0	0.016	0	1.92155e-007	3255.86	4521.27	4492.14
4518.96	2862.1	791	1.#QNAN	0	0	0	1.91966e-007	3220.19	4518.96	4489.89
4516.74	2860.41	792	1.#QNAN	0	0	0	1.87982e-007	3387.9	4516.74	4487.72
4514.48	2858.69	793	1.#QNAN	0	0.015	0	1.86827e-007	3218.05	4514.48	4485.51
4512.24	2857	794	1.#QNAN	0	0	0	1.95548e-007	3325.88	4512.24	4483.32
4510.02	2855.29	795	1.#QNAN	0	0	0	1.99414e-007	3265.24	4510.02	4481.16
4507.78	2853.59	796	1.#QNAN	0	0	0	1.8539e-007	3301.92	4507.78	4478.98
4505.63	2851.94	797	1.#QNAN	0	0.016	0	1.85709e-007	3439.79	4505.63	4476.88
4503.39	2850.24	798	1.#QNAN	0	0	0	1.92216e-007	3253.27	4503.39	4474.69
4501.17	2848.58	799	1.#QNAN	0	0	0	1.90435e-007	3323.42	4501.17	4472.53
4498.96	2846.9	800	1.#QNAN	0	0.015	0	1.94084e-007	3292.84	4498.96	4470.36
4496.74	2845.22	801	1.#QNAN	0	0	0	1.92543e-007	3274.82	4496.74	4468.2
4494.59	2843.59	802	1.#QNAN	0	0	0	1.92077e-007	3354.44	4494.59	4466.1
4492.27	2841.9	803	1.#QNAN	0	0.016	0	1.9266e-007	3198.65	4492.27	4463.83
4490.01	2840.25	804	1.#QNAN	0	0	0	1.95367e-007	3224.8	4490.01	4461.62
4487.74	2838.59	805	1.#QNAN	0	0	0	1.9054e-007	3249.21	4487.74	4459.41
4485.51	2836.95	806	1.#QNAN	0	0	0	1.84836e-007	3269.34	4485.51	4457.23
4483.26	2835.31	807	1.#QNAN	0	0.016	0	1.86601e-007	3282.6	4483.26	4455.02
4481.08	2833.7	808	1.#QNAN	0	0	0	1.88864e-007	3364.11	4481.08	4452.89
4478.91	2832.07	809	1.#QNAN	0	0	0	1.92282e-007	3294.28	4478.91	4450.78
4476.7	2830.44	810	1.#QNAN	0	0.015	1	1.9578e-007	3264.94	4476.7	4448.61
4474.55	2828.83	811	1.#QNAN	0	0	0	1.86399e-007	3272.97	4474.55	4446.51
4472.38	2827.2	812	1.#QNAN	0	0	0	1.95355e-007	3273.15	4472.38	4444.39
4470.17	2825.57	813	1.#QNAN	0	0.016	0	1.92396e-007	3257.86	4470.17	4442.23
4468.07	2823.96	814	1.#QNAN	0	0	0	1.88823e-007	3388.41	4468.07	4440.18
4465.96	2822.37	815	1.#QNAN	0	0	0	1.91916e-007	3423.89	4465.96	4438.12
4463.82	2820.74	816	1.#QNAN	0	0	0	1.95076e-007	3276.64	4463.82	4436.03
4461.75	2819.17	817	1.#QNAN	0	0.015	0	1.87975e-007	3475.79	4461.75	4434
4459.64	2817.57	818	1.#QNAN	0	0	0	1.89626e-007	3280.94	4459.64	4431.95
4457.57	2815.99	819	1.#QNAN	0	0	0	1.8567e-007	3284.76	4457.57	4429.93
4455.44	2814.39	820	1.#QNAN	0	0.016	0	1.93773e-007	3260.05	4455.44	4427.85
4453.42	2812.84	821	1.#QNAN	0	0	0	2.05205e-007	3358.26	4453.42	4425.87
4451.32	2811.26	822	1.#QNAN	0	0	0	1.95481e-007	3275.25	4451.32	4423.83
4449.28	2809.69	823	1.#QNAN	0	0	0	1.96658e-007	3371.74	4449.28	4421.84
4447.18	2808.1	824	1.#QNAN	0	0.016	0	1.8534e-007	3279.61	4447.18	4419.78
4445.05	2806.49	825	1.#QNAN	0	0	0	1.92587e-007	3242.82	4445.05	4417.7
4442.97	2804.89	826	1.#QNAN	0	0	0	2.00792e-007	3325.94	4442.97	4415.67
4440.88	2803.27	827	1.#QNAN	0	0.015	0	1.98435e-007	3382.66	4440.88	4413.62
4438.77	2801.66	828	1.#QNAN	0	0	0	1.95952e-007	3374.51	4438.77	4411.57
4436.61	2800.05	829	1.#QNAN	0	0	0	1.96865e-007	3226.13	4436.61	4409.46
4434.45	2798.44	830	1.#QNAN	0	0	0	1.92296e-007	3268.22	4434.45	4407.35
4432.31	2796.85	831	1.#QNAN	0	0	0	1.96131e-007	3253.86	4432.31	4405.25
4430.19	2795.28	832	1.#QNAN	0	0	0	2.03193e-007	3407.16	4430.19	4403.17
4428.05	2793.7	833	1.#QNAN	0	0	0	2.02603e-007	3305.01	4428.05	4401.08
4425.92	2792.13	834	1.#QNAN	0	0.015	0	1.98661e-007	3378.33	4425.92	4398.99
4423.74	2790.52	835	1.#QNAN	0	0	0	1.95339e-007	3210.91	4423.74	4396.86
4421.5	2788.87	836	1.#QNAN	0	0	0	1.95047e-007	3205.7	4421.5	4394.67
4419.27	2787.24	837	1.#QNAN	0	0.016	0	1.94934e-007	3180.92	4419.27	4392.48
4417.09	2785.61	838	1.#QNAN	0	0	0	1.99317e-007	3210.55	4417.09	4390.35
4414.9	2784	839	1.#QNAN	0	0	0	2.07204e-007	3197.79	4414.9	4388.2
4412.73	2782.41	840	1.#QNAN	0	0.016	0	1.9571e-007	3207.79	4412.73	4386.08
4410.69	2780.87	841	1.#QNAN	0	0	0	2.01775e-007	3399.25	4410.69	4384.08
4408.56	2779.28	842	1.#QNAN	0	0	0	2.01692e-007	3247.98	4408.56	4381.99
4406.44	2777.72	843	1.#QNAN	0	0	0	2.00918e-007	3313.44	4406.44	4379.91
4404.31	2776.14	844	1.#QNAN	0	0.015	0	2.05325e-007	3176.79	4404.31	4377.83
4402.19	2774.6	845	1.#QNAN	0	0	0	2.01701e-007	3231.49	4402.19	4375.75
4400.1	2773.07	846	1.#QNAN	0	0	0	2.03123e-007	3287.33	4400.1	4373.71
4398.02	2771.53	847	1.#QNAN	0	0.016	0	2.0589e-007	3205.63	4398.02	4371.68
4395.92	2770	848	1.#QNAN	0	0	0	2.05421e-007	3173.92	4395.92	4369.62
4393.84	2768.46	849	1.#QNAN	0	0	0	2.0188e-007	3209.48	4393.84	4367.58
4391.74	2766.91	850	1.#QNAN	0	0.015	0	2.01574e-007	3196.54	4391.74	4365.53
4389.68	2765.37	851	1.#QNAN	0	0	0	2.01395e-007	3214.04	4389.68	4363.5
4387.63	2763.84	852	1.#QNAN	0	0	0	2.0247e-007	3332.31	4387.63	4361.5
4385.63	2762.34	853	1.#QNAN	0	0	0	2.01602e-007	3249.03	4385.63	4359.55
4383.61	2760.83	854	1.#QNAN	0	0.016	0	2.06346e-007	3238.93	4383.61	4357.57
4381.58	2759.33	855	1.#QNAN	0	0	0	2.04768e-007	3265.83	4381.58	4355.59
4379.63	2757.85	856	1.#QNAN	0	0	0	2.04611e-007	3363.54	4379.63	4353.68
4377.63	2756.38	857	1.#QNAN	0	0.016	0	2.02944e-007	3264.87	4377.63	4351.72
4375.52	2754.85	858	1.#QNAN	0	0	0	2.10218e-007	3149.79	4375.52	4349.65
4373.53	2753.38	859	1.#QNAN	0	0	0	2.01356e-007	3363.96	4373.53	4347.7
4371.47	2751.87	860	1.#QNAN	0	0.015	0	2.06501e-007	3192.51	4371.47	4345.69
4369.4	2750.37	861	1.#QNAN	0	0	0	2.03743e-007	3186.5	4369.4	4343.66
4367.44	2748.92	862	1.#QNAN	0	0	0	2.1422e-007	3318.12	4367.44	4341.74
4365.4	2747.42	863	1.#QNAN	0	0.016	0	2.09074e-007	3189.39	4365.4	4339.74
4363.38	2745.93	864	1.#QNAN	0	0	0	2.11832e-007	3227.33	4363.38	4337.77
4361.4	2744.46	865	1.#QNAN	0	0	0	2.02372e-007	3248.71	4361.4	4335.83
4359.37	2742.97	866	1.#QNAN	0	0	0	2.06875e-007	3217.2	4359.37	4333.84
4357.46	2741.54	867	1.#QNAN	0	0.015	0	2.07489e-007	3389.51	4357.46	4331.97
4355.54	2740.09	868	1.#QNAN	0	0	0	2.08196e-007	3313.94	4355.54	4330.09
4353.54	2738.64	869	1.#QNAN	0	0	0	2.07662e-007	3191.92	4353.54	4328.14
4351.54	2737.18	870	1.#QNAN	0	0.016	0	2.05232e-007	3186.29	4351.54	4326.18
4349.51	2735.7	871	1.#QNAN	0	0	0	2.11996e-007	3171.45	4349.51	4324.19
4347.51	2734.25	872	1.#QNAN	0	0	0	2.1065e-007	3193.31	4347.51	4322.23
4345.54	2732.81	873	1.#QNAN	0	0.016	0	2.07074e-007	3214.45	4345.54	4320.3
4343.62	2731.41	874	1.#QNAN	0	0	0	2.08352e-007	3320.54	4343.62	4318.42
4341.7	2730.01	875	1.#QNAN	0	0	0	2.1326e-007	3374.23	4341.7	4316.54
4339.72	2728.59	876	1.#QNAN	0	0	0	2.1506e-007	3208.25	4339.72	4314.61
4337.71	2727.15	877	1.#QNAN	0	0.015	0	2.13022e-007	3162.99	4337.71	4312.64
4335.72	2725.71	878	1.#QNAN	0	0	0	2.12115e-007	3131.46	4335.72	4310.68
4333.73	2724.27	879	1.#QNAN	0	0	0	2.04708e-007	3161.47	4333.73	4308.73
4331.74	2722.84	880	1.#QNAN	0	0.016	0	2.16093e-007	3165.03	4331.74	4306.78
4329.8	2721.42	881	1.#QNAN	0	0	0	2.12288e-007	3315.74	4329.8	4304.88
4327.96	2720.03	882	1.#QNAN	0	0	0	2.08291e-007	3381.61	4327.96	4303.08
4326.09	2718.61	883	1.#QNAN	0	0	0	2.1037e-007	3293.61	4326.09	4301.25
4324.12	2717.16	884	1.#QNAN	0	0.015	0	2.10065e-007	3177.84	4324.12	4299.31
4322.19	2715.73	885	1.#QNAN	0	0	0	2.03462e-007	3311.28	4322.19	4297.43
4320.25	2714.29	886	1.#QNAN	0	0	0	2.11668e-007	3180.21	4320.25	4295.52
4318.29	2712.86	887	1.#QNAN	0	0.016	0	2.12614e-007	3165.41	4318.29	4293.6
4316.26	2711.39	888	1.#QNAN	0	0	0	2.13325e-007	3080.37	4316.26	4291.61
4314.4	2709.98	889	1.#QNAN	0	0	0	2.11121e-007	3348.56	4314.4	4289.79
4312.52	2708.58	890	1.#QNAN	0	0.016	0	2.16184e-007	3301.29	4312.52	4287.94
4310.69	2707.2	891	1.#QNAN	0	0	0	2.08967e-007	3333	4310.69	4286.15
4308.78	2705.79	892	1.#QNAN	0	0	0	2.17685e-007	3172.3	4308.78	4284.28
4306.88	2704.39	893	1.#QNAN	0	0	0	2.17612e-007	3181.06	4306.88	4282.42
4304.93	2702.96	894	1.#QNAN	0	0.015	0	2.1478e-007	3162.3	4304.93	4280.51
4303.1	2701.59	895	1.#QNAN	0	0	0	2.12415e-007	3373.39	4303.1	4278.72
4301.23	2700.18	896	1.#QNAN	0	0	0	2.10904e-007	3242.4	4301.23	4276.88
4299.38	2698.77	897	1.#QNAN	0	0.016	0	2.02201e-007	3223.83	4299.38	4275.07
4297.51	2697.36	898	1.#QNAN	0	0	0	2.1907e-007	3219.45	4297.51	4273.24
4295.67	2695.97	899	1.#QNAN	0	0	0	2.13241e-007	3316.51	4295.67	4271.44
4293.79	2694.56	900	1.#QNAN	0	0	0	2.11445e-007	3218.47	4293.79	4269.6
4291.99	2693.18	901	1.#QNAN	0	0	0	2.08865e-007	3321.14	4291.99	4267.84
4290.15	2691.77	902	1.#QNAN	0	0	0	2.14858e-007	3275.04	4290.15	4266.04
4288.28	2690.37	903	1.#QNAN	0	0	0	2.20046e-007	3250.24	4288.28	4264.21
4286.48	2688.98	904	1.#QNAN	0	0.016	0	2.28058e-007	3404.89	4286.48	4262.45
4284.64	2687.57	905	1.#QNAN	0	0	0	2.17923e-007	3374.93	4284.64	4260.64
4282.84	2686.16	906	1.#QNAN	0	0	0	2.22866e-007	3410.82	4282.84	4258.88
4281.03	2684.77	907	1.#QNAN	0	0.016	0	2.23578e-007	3395.99	4281.03	4257.11
4279.13	2683.31	908	1.#QNAN	0	0	0	2.09649e-007	3206.51	4279.13	4255.25
4277.32	2681.92	909	1.#QNAN	0	0	0	2.18373e-007	3382.27	4277.32	4253.48
4275.47	2680.53	910	1.#QNAN	0	0.015	0	2.25356e-007	3286.89	4275.47	4251.67
4273.58	2679.12	911	1.#QNAN	0	0	0	2.18031e-007	3187.63	4273.58	4249.82
4271.78	2677.73	912	1.#QNAN	0	0	0	2.1905e-007	3361.45	4271.78	4248.05
4269.89	2676.3	913	1.#QNAN	0	0	0	2.26232e-007	3140.68	4269.89	4246.2
4267.96	2674.86	914	1.#QNAN	0	0.016	0	2.24336e-007	3147.02	4267.96	4244.31
4266.13	2673.46	915	1.#QNAN	0	0	0	2.20063e-007	3172.21	4266.13	4242.51
4264.3	2672.08	916	1.#QNAN	0	0	0	2.22496e-007	3169.34	4264.3	4240.72
4262.49	2670.69	917	1.#QNAN	0	0.015	0	2.20625e-007	3315.5	4262.49	4238.95
4260.63	2669.28	918	1.#QNAN	0	0	0	2.22888e-007	3170.44	4260.63	4237.12
4258.81	2667.88	919	1.#QNAN	0	0	0	2.20341e-007	3349.93	4258.81	4235.35
4256.96	2666.47	920	1.#QNAN	0	0.016	0	2.19023e-007	3158.59	4256.96	4233.53
4255.18	2665.09	921	1.#QNAN	0	0	0	2.1921e-007	3217.83	4255.18	4231.78
4253.46	2663.74	922	1.#QNAN	0	0	0	2.21682e-007	3378.77	4253.46	4230.1
4251.67	2662.37	923	1.#QNAN	0	0	0	2.24992e-007	3191.28	4251.67	4228.36
4249.94	2661.03	924	1.#QNAN	0	0.016	0	2.27818e-007	3305.16	4249.94	4226.66
4248.18	2659.67	925	1.#QNAN	0	0	0	2.27869e-007	3182.8	4248.18	4224.94
4246.4	2658.31	926	1.#QNAN	0	0	0	2.21173e-007	3172.78	4246.4	4223.19
4244.7	2656.99	927	1.#QNAN	0	0.015	0	2.09302e-007	3343.56	4244.7	4221.53
4243.01	2655.67	928	1.#QNAN	0	0	0	2.16606e-007	3362.07	4243.01	4219.87
4241.25	2654.32	929	1.#QNAN	0	0	0	2.22354e-007	3168.96	4241.25	4218.15
4239.47	2652.98	930	1.#QNAN	0	0	0	2.27855e-007	3151.3	4239.47	4216.4
4237.78	2651.66	931	1.#QNAN	0	0	0	2.2377e-007	3313.37	4237.78	4214.75
4236.06	2650.32	932	1.#QNAN	0	0	0	2.11727e-007	3306.39	4236.06	4213.07
4234.29	2648.99	933	1.#QNAN	0	0	0	2.16696e-007	3244.05	4234.29	4211.34
4232.54	2647.63	934	1.#QNAN	0	0.015	0	2.24004e-007	3160.17	4232.54	4209.62
4230.74	2646.28	935	1.#QNAN	0	0	0	2.23829e-007	3107.59	4230.74	4207.86
4229.02	2644.93	936	1.#QNAN	0	0	0	2.24264e-007	3175.39	4229.02	4206.17
4227.31	2643.62	937	1.#QNAN	0	0.016	0	2.22694e-007	3195.81	4227.31	4204.5
4225.62	2642.31	938	1.#QNAN	0	0	0	2.20028e-007	3228.64	4225.62	4202.85
4223.92	2641	939	1.#QNAN	0	0	0	2.22698e-007	3222.04	4223.92	4201.18
4222.23	2639.69	940	1.#QNAN	0	0	0	2.21863e-007	3156.45	4222.23	4199.52
4220.52	2638.37	941	1.#QNAN	0	0.016	0	2.28328e-007	3175.99	4220.52	4197.86
4218.84	2637.07	942	1.#QNAN	0	0	0	2.32226e-007	3188.95	4218.84	4196.2
4217.25	2635.79	943	1.#QNAN	0	0	0	2.2625e-007	3427.88	4217.25	4194.66
4215.57	2634.51	944	1.#QNAN	0	0.015	0	2.18797e-007	3332.88	4215.57	4193.01
4213.89	2633.22	945	1.#QNAN	0	0	0	2.23333e-007	3177.84	4213.89	4191.37
4212.19	2631.91	946	1.#QNAN	0	0	0	2.1517e-007	3169.84	4212.19	4189.7
4210.45	2630.62	947	1.#QNAN	0	0	0	2.22148e-007	3139.43	4210.45	4187.99
4208.74	2629.33	948	1.#QNAN	0	0.016	0	2.23953e-007	3140.06	4208.74	4186.32
4207.03	2628.05	949	1.#QNAN	0	0	0	2.31388e-007	3138.42	4207.03	4184.65
4205.36	2626.8	950	1.#QNAN	0	0	0	2.31117e-007	3153.71	4205.36	4183
4203.65	2625.53	951	1.#QNAN	0	0.015	0	2.31577e-007	3139.66	4203.65	4181.33
4201.93	2624.25	952	1.#QNAN	0	0	0	2.32948e-007	3130.79	4201.93	4179.64
4200.3	2623	953	1.#QNAN	0	0	0	2.20332e-007	3332.86	4200.3	4178.05
4198.63	2621.75	954	1.#QNAN	0	0.016	0	2.38831e-007	3289.2	4198.63	4176.41
4196.9	2620.46	955	1.#QNAN	0	0	0	2.23652e-007	3135.15	4196.9	4174.71
4195.1	2619.17	956	1.#QNAN	0	0	0	2.28019e-007	3054.7	4195.1	4172.95
4193.46	2617.94	957	1.#QNAN	0	0	0	2.31135e-007	3332.13	4193.46	4171.34
4191.73	2616.67	958	1.#QNAN	0	0.016	0	2.32272e-007	3122.85	4191.73	4169.64
4190	2615.38	959	1.#QNAN	0	0	0	2.3324e-007	3123.14	4190	4167.94
4188.31	2614.12	960	1.#QNAN	0	0	0	2.39994e-007	3132.11	4188.31	4166.29
4186.63	2612.88	961	1.#QNAN	0	0.015	0	2.28712e-007	3118.61	4186.63	4164.64
4184.91	2611.62	962	1.#QNAN	0	0	0	2.25721e-007	3081.47	4184.91	4162.95
4183.23	2610.36	963	1.#QNAN	0	0	0	2.36302e-007	3258.73	4183.23	4161.3
4181.52	2609.1	964	1.#QNAN	0	0	0	2.34842e-007	3072.23	4181.52	4159.62
4179.78	2607.82	965	1.#QNAN	0	0.016	0	2.37397e-007	3068.84	4179.78	4157.92
4178.1	2606.55	966	1.#QNAN	0	0	0	2.37826e-007	3149.9	4178.1	4156.26
4176.31	2605.26	967	1.#QNAN	0	0	0	2.25749e-007	3034.77	4176.31	4154.51
4174.55	2603.97	968	1.#QNAN	0	0.015	0	2.28799e-007	3050.84	4174.55	4152.78
4172.73	2602.67	969	1.#QNAN	0	0	0	2.29036e-007	3006.03	4172.73	4150.99
4170.97	2601.37	970	1.#QNAN	0	0	0	2.41077e-007	3035.55	4170.97	4149.26
4169.19	2600.08	971	1.#QNAN	0	0.016	0	2.29548e-007	3033.15	4169.19	4147.51
4167.49	2598.83	972	1.#QNAN	0	0	0	2.32349e-007	3125.39	4167.49	4145.84
4165.8	2597.61	973	1.#QNAN	0	0	0	2.29675e-007	3196.24	4165.8	4144.18
4164.03	2596.33	974	1.#QNAN	0	0	0	2.2683e-007	3026.65	4164.03	4142.44
4162.34	2595.1	975	1.#QNAN	0	0.016	0	2.30465e-007	3206.48	4162.34	4140.78
4160.64	2593.87	976	1.#QNAN	0	0	0	2.30988e-007	3180.29	4160.64	4139.1
4158.9	2592.62	977	1.#QNAN	0	0	0	2.29291e-007	3029.68	4158.9	4137.39
4157.23	2591.4	978	1.#QNAN	0	0.015	0	2.26796e-007	3200.12	4157.23	4135.76
4155.49	2590.14	979	1.#QNAN	0	0	0	2.36998e-007	3015.99	4155.49	4134.04
4153.71	2588.88	980	1.#QNAN	0	0	0	2.30081e-007	2983.59	4153.71	4132.29
4152.05	2587.67	981	1.#QNAN	0	0.016	0	2.3424e-007	3199.9	4152.05	4130.66
4150.3	2586.42	982	1.#QNAN	0	0	0	2.33378e-007	3002.7	4150.3	4128.94
4148.64	2585.19	983	1.#QNAN	0	0	0	2.22689e-007	3086.76	4148.64	4127.3
4146.91	2583.93	984	1.#QNAN	0	0	0	2.28851e-007	3038.07	4146.91	4125.6
4145.18	2582.67	985	1.#QNAN	0	0.015	0	2.32383e-007	3019.31	4145.18	4123.9
4143.46	2581.43	986	1.#QNAN	0	0	0	2.36536e-007	3024.65	4143.46	4122.22
4141.76	2580.18	987	1.#QNAN	0	0	0	2.31933e-007	3059.01	4141.76	4120.55
4140.1	2578.96	988	1.#QNAN	0	0.016	0	2.36349e-007	3213.48	4140.1	4118.92
4138.36	2577.69	989	1.#QNAN	0	0	0	2.30409e-007	3046.63	4138.36	4117.21
4136.72	2576.46	990	1.#QNAN	0	0	0	2.36098e-007	3237.06	4136.72	4115.59
4135.04	2575.22	991	1.#QNAN	0	0.016	0	2.42497e-007	3069.44	4135.04	4113.94
4133.34	2573.97	992	1.#QNAN	0	0	0	2.41201e-007	3073.55	4133.34	4112.28
4131.73	2572.77	993	1.#QNAN	0	0	0	2.31384e-007	3196.03	4131.73	4110.69
4130.1	2571.59	994	1.#QNAN	0	0	0	2.36434e-007	3185.11	4130.1	4109.09
4128.39	2570.35	995	1.#QNAN	0	0.015	0	2.44909e-007	3031.61	4128.39	4107.41
4126.73	2569.14	996	1.#QNAN	0	0	0	2.35207e-007	3179.54	4126.73	4105.77
4125.01	2567.92	997	1.#QNAN	0	0	0	2.39764e-007	2980.31	4125.01	4104.08
4123.3	2566.67	998	1.#QNAN	0	0.016	0	2.49455e-007	2979.26	4123.3	4102.4
4121.68	2565.48	999	1.#QNAN	0	0	0	2.46374e-007	3079.51	4121.68	4100.81
4119.96	2564.23	1000	1.#QNAN	0	0	0	2.35942e-007	3003.12	4119.96	4099.12
4118.29	2563	1001	1.#QNAN	0	0.015	0	2.46447e-007	3024.15	4118.29	4097.48
4116.55	2561.76	1002	1.#QNAN	0	0	0	2.49244e-007	2967.01	4116.55	4095.77
4114.85	2560.52	1003	1.#QNAN	0	0	0	2.37749e-007	3014.49	4114.85	4094.1
4113.18	2559.3	1004	1.#QNAN	0	0	0	2.47052e-007	3044.02	4113.18	4092.45
4111.52	2558.08	1005	1.#QNAN	0	0.016	0	2.48189e-007	3076.17	4111.52	4090.83
4109.85	2556.86	1006	1.#QNAN	0	0	0	2.43571e-007	3014.98	4109.85	4089.19
4108.21	2555.64	1007	1.#QNAN	0	0	0	2.39678e-007	3064.79	4108.21	4087.57
4106.56	2554.44	1008	1.#QNAN	0	0.016	0	2.36504e-007	3060.69	4106.56	4085.95
4104.94	2553.25	1009	1.#QNAN	0	0	0	2.38597e-007	3113.97	4104.94	4084.36
4103.31	2552.06	1010	1.#QNAN	0	0	0	2.44827e-007	3099.19	4103.31	4082.76
4101.63	2550.83	1011	1.#QNAN	0	0.015	0	2.41181e-007	3017.36	4101.63	4081.11
4100.05	2549.65	1012	1.#QNAN	0	0	0	2.37708e-007	3123.24	4100.05	4079.56
4098.47	2548.49	1013	1.#QNAN	0	0	0	2.42883e-007	3174.83	4098.47	4078.01
4096.83	2547.3	1014	1.#QNAN	0	0	0	2.46763e-007	3024.93	4096.83	4076.39
4095.25	2546.12	1015	1.#QNAN	0	0.016	0	2.38989e-007	3221.35	4095.25	4074.84
4093.59	2544.9	1016	1.#QNAN	0	0	0	2.42239e-007	3068.96	4093.59	4073.21
4092.03	2543.74	1017	1.#QNAN	0	0	0	2.43394e-007	3231.16	4092.03	4071.67
4090.49	2542.58	1018	1.#QNAN	0	0.015	0	2.44119e-007	3153.35	4090.49	4070.16
4088.94	2541.43	1019	1.#QNAN	0	0	0	2.54947e-007	3131.65	4088.94	4068.63
4087.36	2540.27	1020	1.#QNAN	0	0	0	2.55256e-007	3059.12	4087.36	4067.08
4085.75	2539.08	1021	1.#QNAN	0	0.016	0	2.47245e-007	3041.24	4085.75	4065.5
4084.24	2537.94	1022	1.#QNAN	0	0	0	2.39775e-007	3222.09	4084.24	4064.02
4082.64	2536.75	1023	1.#QNAN	0	0	0	2.52517e-007	3053.04	4082.64	4062.44
4081.12	2535.61	1024	1.#QNAN	0	0	0	2.46446e-007	3184.86	4081.12	4060.95
4079.55	2534.45	1025	1.#QNAN	0	0.016	1	2.50609e-007	3009.39	4079.55	4059.4
4077.94	2533.26	1026	1.#QNAN	0	0	0	2.51824e-007	3014.04	4077.94	4057.83
4076.38	2532.11	1027	1.#QNAN	0	0	0	2.48752e-007	3037.77	4076.38	4056.29
4074.83	2530.96	1028	1.#QNAN	0	0.015	0	2.49237e-007	3046.98	4074.83	4054.77
4073.36	2529.83	1029	1.#QNAN	0	0	0	2.54493e-007	3250.01	4073.36	4053.32
4071.81	2528.68	1030	1.#QNAN	0	0	0	2.56791e-007	3055.67	4071.81	4051.8
4070.28	2527.54	1031	1.#QNAN	0	0.016	0	2.48487e-007	3035.99	4070.28	4050.3
4068.83	2526.43	1032	1.#QNAN	0	0	0	2.51379e-007	3237.34	4068.83	4048.88
4067.31	2525.29	1033	1.#QNAN	0	0	0	2.4606e-007	3063.39	4067.31	4047.39
4065.76	2524.13	1034	1.#QNAN	0	0.015	0	2.46149e-007	3034.43	4065.76	4045.87
4064.26	2523	1035	1.#QNAN	0	0	0	2.50957e-007	3189.27	4064.26	4044.39
4062.66	2521.83	1036	1.#QNAN	0	0	0	2.50507e-007	2998.07	4062.66	4042.81
4061.07	2520.65	1037	1.#QNAN	0	0	0	2.5477e-007	2993.45	4061.07	4041.24
4059.45	2519.48	1038	1.#QNAN	0	0.016	0	2.46761e-007	2975.41	4059.45	4039.65
4057.93	2518.33	1039	1.#QNAN	0	0	0	2.48616e-007	3166.06	4057.93	4038.16
4056.4	2517.18	1040	1.#QNAN	0	0	0	2.57746e-007	3036.25	4056.4	4036.65
4054.9	2516.04	1041	1.#QNAN	0	0.016	0	2.52347e-007	3038.07	4054.9	4035.18
4053.39	2514.9	1042	1.#QNAN	0	0	0	2.43073e-007	3102.14	4053.39	4033.7
4051.88	2513.78	1043	1.#QNAN	0	0	0	2.51166e-007	3119.96	4051.88	4032.22
4050.37	2512.67	1044	1.#QNAN	0	0.015	0	2.52511e-007	2993.64	4050.37	4030.73
4048.79	2511.52	1045	1.#QNAN	0	0	0	2.52424e-007	2909.36	4048.79	4029.18
4047.28	2510.41	1046	1.#QNAN	0	0	0	2.44996e-007	2966.09	4047.28	4027.69
4045.71	2509.27	1047	1.#QNAN	0	0	0	2.48774e-007	2907.96	4045.71	4026.15
4044.27	2508.2	1048	1.#QNAN	0	0.016	0	2.50713e-007	3137.85	4044.27	4024.73
4042.73	2507.06	1049	1.#QNAN	0	0	0	2.46712e-007	2973.39	4042.73	4023.22
4041.27	2505.97	1050	1.#QNAN	0	0	0	2.61792e-007	3157.52	4041.27	4021.78
4039.71	2504.84	1051	1.#QNAN	0	0.015	0	2.56867e-007	2950.87	4039.71	4020.25
4038.23	2503.72	1052	1.#QNAN	0	0	0	2.46469e-007	3157.23	4038.23	4018.79
4036.62	2502.57	1053	1.#QNAN	0	0	0	2.5095e-007	2927.44	4036.62	4017.21
4035.09	2501.44	1054	1.#QNAN	0	0.016	0	2.47834e-007	3099.93	4035.09	4015.7
4033.53	2500.29	1055	1.#QNAN	0	0	0	2.50604e-007	2994.66	4033.53	4014.17
4032	2499.14	1056	1.#QNAN	0	0	0	2.47543e-007	2997.19	4032	4012.66
4030.46	2498	1057	1.#QNAN	0	0	0	2.47847e-007	2922.36	4030.46	4011.15
4028.97	2496.88	1058	1.#QNAN	0	0.016	0	2.52249e-007	3106.61	4028.97	4009.69
4027.41	2495.75	1059	1.#QNAN	0	0	0	2.46938e-007	2865.6	4027.41	4008.15
4025.84	2494.6	1060	1.#QNAN	0	0	0	2.61009e-007	2850.77	4025.84	4006.61
4024.29	2493.48	1061	1.#QNAN	0	0.015	0	2.56926e-007	2910.84	4024.29	4005.08
4022.83	2492.38	1062	1.#QNAN	0	0	0	2.50842e-007	3120.35	4022.83	4003.64
4021.26	2491.22	1063	1.#QNAN	0	0	0	2.55587e-007	2904.52	4021.26	4002.1
4019.8	2490.13	1064	1.#QNAN	0	0.016	0	2.51844e-007	3127.55	4019.8	4000.67
4018.24	2489	1065	1.#QNAN	0	0	0	2.48455e-007	2920.69	4018.24	3999.13
4016.65	2487.86	1066	1.#QNAN	0	0	0	2.58265e-007	2914.44	4016.65	3997.57
4015.12	2486.74	1067	1.#QNAN	0	0	0	2.50419e-007	2953.54	4015.12	3996.05
4013.54	2485.61	1068	1.#QNAN	0	0.015	0	2.57373e-007	2901.79	4013.54	3994.5
4011.98	2484.48	1069	1.#QNAN	0	0	0	2.54992e-007	2907.48	4011.98	3992.97
4010.52	2483.4	1070	1.#QNAN	0	0	0	2.46471e-007	3109.58	4010.52	3991.53
4009.03	2482.31	1071	1.#QNAN	0	0.016	0	2.54279e-007	2925.59	4009.03	3990.07
4007.54	2481.21	1072	1.#QNAN	0	0	0	2.5281e-007	2964.7	4007.54	3988.6
4006.05	2480.12	1073	1.#QNAN	0	0	0	2.64698e-007	3005.76	4006.05	3987.13
4004.47	2479	1074	1.#QNAN	0	0.016	0	2.48702e-007	2911.4	4004.47	3985.58
4002.97	2477.89	1075	1.#QNAN	0	0	0	2.52797e-007	2972.91	4002.97	3984.1
4001.41	2476.77	1076	1.#QNAN	0	0	0	2.66001e-007	2911.56	4001.41	3982.56
3999.93	2475.67	1077	1.#QNAN	0	0	0	2.58549e-007	3114.38	3999.93	3981.11
3998.38	2474.53	1078	1.#QNAN	0	0.015	0	2.57094e-007	2936.59	3998.38	3979.58
3996.81	2473.4	1079	1.#QNAN	0	0	0	2.56841e-007	2930.6	3996.81	3978.04
3995.3	2472.31	1080	1.#QNAN	0	0	0	2.50173e-007	3080.63	3995.3	3976.55
3993.79	2471.22	1081	1.#QNAN	0	0.016	0	2.46908e-007	3082.33	3993.79	3975.06
3992.22	2470.1	1082	1.#QNAN	0	0	0	2.54953e-007	2865.89	3992.22	3973.51
3990.65	2468.99	1083	1.#QNAN	0	0	0	2.66439e-007	2878.3	3990.65	3971.96
3989.15	2467.89	1084	1.#QNAN	0	0.015	0	2.58974e-007	3056.01	3989.15	3970.49
3987.62	2466.79	1085	1.#QNAN	0	0	0	2.65069e-007	2920.64	3987.62	3968.99
3986.07	2465.69	1086	1.#QNAN	0	0	0	2.56918e-007	2856.59	3986.07	3967.46
3984.57	2464.6	1087	1.#QNAN	0	0	0	2.69019e-007	2910.12	3984.57	3965.98
3983.08	2463.52	1088	1.#QNAN	0	0	0	2.64551e-007	2902	3983.08	3964.51
3981.58	2462.44	1089	1.#QNAN	0	0	0	2.63867e-007	2937.58	3981.58	3963.04
3980.11	2461.35	1090	1.#QNAN	0	0.016	0	2.5787e-007	2998.29	3980.11	3961.59
3978.73	2460.31	1091	1.#QNAN	0	0	0	2.67243e-007	3108.79	3978.73	3960.23
3977.29	2459.27	1092	1.#QNAN	0	0	0	2.61163e-007	2981.31	3977.29	3958.82
3975.78	2458.19	1093	1.#QNAN	0	0	0	2.57483e-007	2921.88	3975.78	3957.34
3974.37	2457.12	1094	1.#QNAN	0	0.015	0	2.55811e-007	3003.62	3974.37	3955.94
3972.86	2456.03	1095	1.#QNAN	0	0	0	2.64329e-007	2906	3972.86	3954.46
3971.44	2455	1096	1.#QNAN	0	0	0	2.72787e-007	3064.32	3971.44	3953.06
3970	2453.92	1097	1.#QNAN	0	0.016	0	2.536e-007	2963.49	3970	3951.64
3968.62	2452.89	1098	1.#QNAN	0	0	0	2.57481e-007	3111.15	3968.62	3950.29
3967.16	2451.82	1099	1.#QNAN	0	0	0	2.66552e-007	2888.99	3967.16	3948.85
3965.7	2450.75	1100	1.#QNAN	0	0.015	0	2.59936e-007	2915.98	3965.7	3947.41
3964.31	2449.73	1101	1.#QNAN	0	0	0	2.65466e-007	3045.77	3964.31	3946.04
3962.94	2448.72	1102	1.#QNAN	0	0	0	2.65278e-007	3036.84	3962.94	3944.7
3961.57	2447.7	1103	1.#QNAN	0	0	0	2.63632e-007	3083.82	3961.57	3943.35
3960.25	2446.71	1104	1.#QNAN	0	0.016	0	2.63861e-007	3140.19	3960.25	3942.06
3958.78	2445.66	1105	1.#QNAN	0	0	0	2.72533e-007	2857.39	3958.78	3940.6
3957.4	2444.65	1106	1.#QNAN	0	0	0	2.5533e-007	3071.43	3957.4	3939.25
3956.01	2443.62	1107	1.#QNAN	0	0.016	0	2.68762e-007	2951.54	3956.01	3937.88
3954.5	2442.56	1108	1.#QNAN	0	0	0	2.70925e-007	2780.15	3954.5	3936.39
3953.02	2441.51	1109	1.#QNAN	0	0	0	2.62279e-007	2806.74	3953.02	3934.94
3951.58	2440.48	1110	1.#QNAN	0	0.015	0	2.66385e-007	2844.71	3951.58	3933.51
3950.13	2439.43	1111	1.#QNAN	0	0	0	2.69468e-007	2831.75	3950.13	3932.09
3948.73	2438.42	1112	1.#QNAN	0	0	0	2.59383e-007	3014.25	3948.73	3930.71
3947.25	2437.39	1113	1.#QNAN	0	0	0	2.55054e-007	2790.76	3947.25	3929.25
3945.78	2436.34	1114	1.#QNAN	0	0.016	0	2.70377e-007	2787.59	3945.78	3927.8
3944.27	2435.3	1115	1.#QNAN	0	0	0	2.6637e-007	2761.02	3944.27	3926.31
3942.82	2434.27	1116	1.#QNAN	0	0	0	2.58127e-007	2835.89	3942.82	3924.89
3941.39	2433.23	1117	1.#QNAN	0	0.015	0	2.70849e-007	2842.52	3941.39	3923.48
3939.95	2432.18	1118	1.#QNAN	0	0	0	2.71149e-007	2875.67	3939.95	3922.06
3938.59	2431.16	1119	1.#QNAN	0	0	0	2.5824e-007	3047.98	3938.59	3920.72
3937.2	2430.14	1120	1.#QNAN	0	0.016	0	2.61881e-007	2895.35	3937.2	3919.36
3935.74	2429.09	1121	1.#QNAN	0	0	0	2.69721e-007	2842.4	3935.74	3917.91
3934.28	2428.05	1122	1.#QNAN	0	0	0	2.68664e-007	2798.94	3934.28	3916.47
3932.91	2427.03	1123	1.#QNAN	0	0	0	2.613e-007	2904.68	3932.91	3915.13
3931.6	2426.03	1124	1.#QNAN	0	0.016	0	2.68934e-007	2994.64	3931.6	3913.84
3930.29	2425.04	1125	1.#QNAN	0	0	0	2.69399e-007	3101.72	3930.29	3912.55
3928.87	2424.02	1126	1.#QNAN	0	0	0	2.6676e-007	2882.31	3928.87	3911.16
3927.46	2423	1127	1.#QNAN	0	0.015	0	2.58348e-007	2865.23	3927.46	3909.77
3926.07	2421.97	1128	1.#QNAN	0	0	0	2.76444e-007	2849.85	3926.07	3908.4
3924.71	2420.97	1129	1.#QNAN	0	0	0	2.65205e-007	2983.64	3924.71	3907.06
3923.27	2419.93	1130	1.#QNAN	0	0	0	2.67834e-007	2821.37	3923.27	3905.64
3921.85	2418.9	1131	1.#QNAN	0	0.016	0	2.70603e-007	2793.22	3921.85	3904.24
3920.48	2417.9	1132	1.#QNAN	0	0	0	2.6904e-007	2986.32	3920.48	3902.89
3918.99	2416.84	1133	1.#QNAN	0	0	0	2.70749e-007	2729.33	3918.99	3901.42
3917.6	2415.84	1134	1.#QNAN	0	0.015	0	2.60143e-007	2970.64	3917.6	3900.06
3916.13	2414.78	1135	1.#QNAN	0	0	0	2.69129e-007	2756.4	3916.13	3898.6
3914.75	2413.77	1136	1.#QNAN	0	0	0	2.70703e-007	2966.01	3914.75	3897.24
3913.27	2412.73	1137	1.#QNAN	0	0.016	0	2.73112e-007	2793.25	3913.27	3895.79
3911.86	2411.7	1138	1.#QNAN	0	0	0	2.65829e-007	2843.98	3911.86	3894.39
3910.49	2410.7	1139	1.#QNAN	0	0	0	2.70415e-007	2897.99	3910.49	3893.05
3909.14	2409.7	1140	1.#QNAN	0	0	0	2.68137e-007	2882.55	3909.14	3891.72
3907.77	2408.72	1141	1.#QNAN	0	0.016	0	2.73156e-007	2912.41	3907.77	3890.37
3906.45	2407.74	1142	1.#QNAN	0	0	0	2.61957e-007	3013.68	3906.45	3889.06
3905.13	2406.76	1143	1.#QNAN	0	0	0	2.701e-007	3016.44	3905.13	3887.77
3903.78	2405.78	1144	1.#QNAN	0	0.015	0	2.71318e-007	2988.32	3903.78	3886.44
3902.34	2404.76	1145	1.#QNAN	0	0	0	2.7561e-007	2776.95	3902.34	3885.02
3900.99	2403.75	1146	1.#QNAN	0	0	0	2.67938e-007	3015.56	3900.99	3883.69
3899.49	2402.7	1147	1.#QNAN	0	0	0	2.7354e-007	2725.92	3899.49	3882.21
3898.03	2401.66	1148	1.#QNAN	0	0.016	0	2.6744e-007	2734.34	3898.03	3880.77
3896.6	2400.64	1149	1.#QNAN	0	0	0	2.70393e-007	2762.57	3896.6	3879.36
3895.13	2399.62	1150	1.#QNAN	0	0	0	2.69719e-007	2710.42	3895.13	3877.91
3893.79	2398.63	1151	1.#QNAN	0	0.015	0	2.69883e-007	2895.03	3893.79	3876.59
3892.38	2397.62	1152	1.#QNAN	0	0	0	2.6348e-007	2762.42	3892.38	3875.2
3890.99	2396.62	1153	1.#QNAN	0	0	0	2.68992e-007	2768.43	3890.99	3873.83
3889.54	2395.6	1154	1.#QNAN	0	0.016	0	2.69283e-007	2709.72	3889.54	3872.41
3888.11	2394.58	1155	1.#QNAN	0	0	0	2.70847e-007	2736.66	3888.11	3870.99
3886.75	2393.59	1156	1.#QNAN	0	0	0	2.8043e-007	2817.98	3886.75	3869.65
3885.44	2392.62	1157	1.#QNAN	0	0	0	2.71896e-007	2972.3	3885.44	3868.36
3884.02	2391.62	1158	1.#QNAN	0	0.016	0	2.70782e-007	2745.78	3884.02	3866.96
3882.6	2390.61	1159	1.#QNAN	0	0	0	2.73395e-007	2772.97	3882.6	3865.56
3881.24	2389.6	1160	1.#QNAN	0	0	0	2.67995e-007	2822.08	3881.24	3864.22
3879.81	2388.59	1161	1.#QNAN	0	0.015	0	2.70099e-007	2756.68	3879.81	3862.81
3878.49	2387.62	1162	1.#QNAN	0	0	0	2.66821e-007	2965.09	3878.49	3861.51
3877.04	2386.61	1163	1.#QNAN	0	0	0	2.71971e-007	2703.83	3877.04	3860.08
3875.63	2385.61	1164	1.#QNAN	0	0.016	0	2.74336e-007	2723.35	3875.63	3858.69
3874.25	2384.62	1165	1.#QNAN	0	0	0	2.8115e-007	2740.53	3874.25	3857.33
3872.87	2383.62	1166	1.#QNAN	0	0	0	2.79246e-007	2769.84	3872.87	3855.97
3871.46	2382.61	1167	1.#QNAN	0	0	0	2.76062e-007	2744.72	3871.46	3854.58
3870.11	2381.63	1168	1.#QNAN	0	0.015	0	2.77079e-007	2800.8	3870.11	3853.26
3868.85	2380.67	1169	1.#QNAN	0	0	0	2.79136e-007	3012.6	3868.85	3852.01
3867.49	2379.68	1170	1.#QNAN	0	0	0	2.79108e-007	2761.5	3867.49	3850.67
3866.16	2378.72	1171	1.#QNAN	0	0.016	0	2.73261e-007	2936.15	3866.16	3849.36
3864.79	2377.72	1172	1.#QNAN	0	0	0	2.79027e-007	2763.74	3864.79	3848.01
3863.45	2376.75	1173	1.#QNAN	0	0	0	2.78544e-007	2831.73	3863.45	3846.69
3862.11	2375.78	1174	1.#QNAN	0	0.016	0	2.77841e-007	2870.01	3862.11	3845.37
3860.76	2374.78	1175	1.#QNAN	0	0	0	2.76317e-007	2810.22	3860.76	3844.04
3859.37	2373.8	1176	1.#QNAN	0	0	0	2.63985e-007	2787.9	3859.37	3842.67
3857.96	2372.82	1177	1.#QNAN	0	0	0	2.7802e-007	2755.39	3857.96	3841.28
3856.54	2371.83	1178	1.#QNAN	0	0.015	0	2.78296e-007	2742.55	3856.54	3839.88
3855.13	2370.84	1179	1.#QNAN	0	0	0	2.67591e-007	2714.59	3855.13	3838.49
3853.75	2369.87	1180	1.#QNAN	0	0	0	2.8339e-007	2736.39	3853.75	3837.13
3852.33	2368.9	1181	1.#QNAN	0	0.016	0	2.82635e-007	2735.47	3852.33	3835.72
3851	2367.94	1182	1.#QNAN	0	0	0	2.71783e-007	2963.15	3851	3834.42
3849.66	2366.98	1183	1.#QNAN	0	0	0	2.72213e-007	2810.74	3849.66	3833.09
3848.31	2366.01	1184	1.#QNAN	0	0.015	0	2.74227e-007	2810.32	3848.31	3831.76
3847.02	2365.07	1185	1.#QNAN	0	0	0	2.78994e-007	2900.1	3847.02	3830.49
3845.76	2364.14	1186	1.#QNAN	0	0	0	2.61686e-007	3006.2	3845.76	3829.25
3844.5	2363.21	1187	1.#QNAN	0	0	0	2.72161e-007	2944.43	3844.5	3828.01
3843.21	2362.26	1188	1.#QNAN	0	0.016	0	2.73287e-007	2836.65	3843.21	3826.74
3841.99	2361.34	1189	1.#QNAN	0	0	0	2.79131e-007	3009.86	3841.99	3825.54
3840.67	2360.38	1190	1.#QNAN	0	0	0	2.75733e-007	2806.55	3840.67	3824.24
3839.33	2359.42	1191	1.#QNAN	0	0.016	0	2.90538e-007	2799.78	3839.33	3822.92
3838.09	2358.5	1192	1.#QNAN	0	0	0	2.84193e-007	3040.42	3838.09	3821.7
3836.82	2357.57	1193	1.#QNAN	0	0	0	2.75236e-007	2963.49	3836.82	3820.45
3835.54	2356.62	1194	1.#QNAN	0	0.015	0	2.85099e-007	2974.01	3835.54	3819.19
3834.32	2355.7	1195	1.#QNAN	0	0	0	2.81181e-007	3019.36	3834.32	3817.98
3833.08	2354.78	1196	1.#QNAN	0	0	0	2.88246e-007	2914.34	3833.08	3816.76
3831.77	2353.83	1197	1.#QNAN	0	0.016	0	2.75745e-007	2770.1	3831.77	3815.47
3830.47	2352.89	1198	1.#QNAN	0	0	0	2.87092e-007	2787.4	3830.47	3814.19
3829.13	2351.92	1199	1.#QNAN	0	0	0	2.79189e-007	2791.72	3829.13	3812.87
