rmse	mae	#iter	time_pred	time_learn	time_learn2	time_learn4	alpha	rmse_mcmc_this	rmse_mcmc_all	rmse_mcmc_all_but5
15094.6	9744.31	0	1.#QNAN	0	0.016	0	4.19428e-012	15094.6	15094.6	4115.63
14806	9677.74	1	1.#QNAN	0	0	0	8.5393e-011	16172.7	14806	4115.63
15009.2	9733.38	2	1.#QNAN	0	0.016	0	1.10999e-010	16066.3	15009.2	4115.63
15135.4	9789.37	3	1.#QNAN	0	0	0	1.25686e-010	16141.9	15135.4	4115.63
15100.1	9707.95	4	1.#QNAN	0	0.015	0	1.34344e-010	15518.6	15100.1	32670.1
15192.9	9780.7	5	1.#QNAN	0	0.016	0	1.5092e-010	16092.1	15192.9	16092.1
15226.6	9801.17	6	1.#QNAN	0	0	0	1.6843e-010	15811.7	15226.6	15771.7
15145.9	9734.45	7	1.#QNAN	0	0.015	0	1.85309e-010	15085	15145.9	15385.7
15168.5	9747.32	8	1.#QNAN	0	0	0	1.93489e-010	15710.1	15168.5	15383.5
15145.9	9726.4	9	1.#QNAN	0	0.016	0	2.26297e-010	15309.5	15145.9	15304
15030.2	9630.07	10	1.#QNAN	0	0.016	0	2.47868e-010	14441.8	15030.2	15078.3
14984.4	9597.28	11	1.#QNAN	0	0	0	2.68429e-010	14882.7	14984.4	14999.7
14931	9562.19	12	1.#QNAN	0	0.015	0	2.90655e-010	14696.5	14931	14919.9
14841.9	9494.97	13	1.#QNAN	0	0	0	3.16765e-010	14134.1	14841.9	14790.7
14781.4	9451.28	14	1.#QNAN	0	0.016	0	3.50343e-010	14238.7	14781.4	14712.1
14703.6	9397.88	15	1.#QNAN	0	0.015	0	3.86155e-010	13927.8	14703.6	14613.4
14600	9330.78	16	1.#QNAN	0	0	0	4.12444e-010	13377.4	14600	14479.1
14509.2	9268.69	17	1.#QNAN	0	0.016	0	4.80717e-010	13364.3	14509.2	14368.6
14416.8	9206.22	18	1.#QNAN	0	0.016	0	5.13672e-010	13183.8	14416.8	14258.6
14299.9	9131.44	19	1.#QNAN	0	0	0	5.41137e-010	12771.3	14299.9	14119.4
14201.5	9068.08	20	1.#QNAN	0	0.015	0	6.14029e-010	12768.8	14201.5	14006.1
14079.8	8988.43	21	1.#QNAN	0	0	0	7.14034e-010	12296.9	14079.8	13867
13963.9	8913.32	22	1.#QNAN	0	0.016	0	7.62328e-010	12199.7	13963.9	13736.1
13844.4	8836.3	23	1.#QNAN	0	0.015	0	8.0043e-010	11853.4	13844.4	13603.1
13738.6	8770.29	24	1.#QNAN	0	0	0	9.27121e-010	11846.3	13738.6	13488.4
13632.3	8702.94	25	1.#QNAN	0	0.016	0	9.78154e-010	11803.7	13632.3	13374.8
13529.1	8640.84	26	1.#QNAN	0	0	0	1.09132e-009	11666.9	13529.1	13265.7
13418.9	8569.75	27	1.#QNAN	0	0.016	0	1.1833e-009	11386.1	13418.9	13149.1
13285.9	8484.83	28	1.#QNAN	0	0.015	0	1.26135e-009	10697.8	13285.9	13006
13169.2	8410.45	29	1.#QNAN	0	0	0	1.41259e-009	11004.3	13169.2	12882.9
13044.9	8334.62	30	1.#QNAN	0	0.016	0	1.53204e-009	10531.2	13044.9	12751.6
12929.3	8263.09	31	1.#QNAN	0	0	0	1.58847e-009	10595.7	12929.3	12631.5
12811.1	8191.67	32	1.#QNAN	0	0.015	0	1.68066e-009	10390.8	12811.1	12509.1
12688.4	8115.79	33	1.#QNAN	0	0.016	0	1.83828e-009	10066.4	12688.4	12381.9
12569.5	8045	34	1.#QNAN	0	0	0	1.91943e-009	9931.31	12569.5	12259.5
12465.9	7983.9	35	1.#QNAN	0	0.016	0	1.99128e-009	10193.9	12465.9	12154.6
12350.9	7913.75	36	1.#QNAN	0	0	0	2.10638e-009	9712.38	12350.9	12037.3
12232.8	7843.82	37	1.#QNAN	0	0.015	0	2.33174e-009	9436	12232.8	11916.7
12122	7778.3	38	1.#QNAN	0	0.016	0	2.44117e-009	9487.72	12122	11804.6
12005.6	7708.9	39	1.#QNAN	0	0	0	2.54398e-009	9050.21	12005.6	11686.1
11900.5	7646.5	40	1.#QNAN	0	0.015	0	2.65319e-009	9294.17	11900.5	11580.8
11791.5	7581.93	41	1.#QNAN	0	0	0	2.79121e-009	9009.98	11791.5	11471.4
11686.8	7520.42	42	1.#QNAN	0	0.016	0	3.01299e-009	8984	11686.8	11367
11580.1	7457.21	43	1.#QNAN	0	0	0	3.1249e-009	8742.89	11580.1	11260.1
11479.2	7396.46	44	1.#QNAN	0	0.016	0	3.31386e-009	8811.9	11479.2	11159.7
11378.7	7337.21	45	1.#QNAN	0	0.015	0	3.48057e-009	8748.97	11378.7	11060.1
11281	7280.88	46	1.#QNAN	0	0	0	3.55388e-009	8657.25	11281	10963.6
11181.2	7222.3	47	1.#QNAN	0	0.016	0	3.67934e-009	8390.09	11181.2	10864.6
11087.9	7166.92	48	1.#QNAN	0	0	0	3.74172e-009	8452.34	11087.9	10772.9
10993.1	7110.99	49	1.#QNAN	0	0.015	0	4.06256e-009	8266.55	10993.1	10679.4
10900.8	7056.4	50	1.#QNAN	0	0.016	0	4.1322e-009	8342.57	10900.8	10588.8
10809.8	7001.29	51	1.#QNAN	0	0	0	4.28049e-009	8256.79	10809.8	10499.7
10721	6946.8	52	1.#QNAN	0	0.016	0	4.47087e-009	8210.15	10721	10412.9
10633.4	6893.22	53	1.#QNAN	0	0	0	4.50271e-009	8155.94	10633.4	10327.2
10542.2	6837.47	54	1.#QNAN	0	0.015	0	4.90307e-009	7824.88	10542.2	10237.7
10454.9	6784.25	55	1.#QNAN	0	0.016	0	5.03023e-009	7956.43	10454.9	10152.3
10370.9	6733.2	56	1.#QNAN	0	0	0	5.23045e-009	7931.01	10370.9	10070.4
10284.4	6680.29	57	1.#QNAN	0	0.015	0	5.35564e-009	7669.62	10284.4	9985.75
10199.8	6629.17	58	1.#QNAN	0	0	0	5.92652e-009	7509.48	10199.8	9903.07
10116.6	6578.36	59	1.#QNAN	0	0.016	0	6.04947e-009	7489.92	10116.6	9821.91
10037	6529.75	60	1.#QNAN	0	0	0	6.24051e-009	7487.8	10037	9744.46
9957.96	6481.6	61	1.#QNAN	0	0.016	0	6.41407e-009	7492.27	9957.96	9667.67
9880.69	6434.69	62	1.#QNAN	0	0.015	0	6.48272e-009	7259.41	9880.69	9592.63
9803.44	6387.42	63	1.#QNAN	0	0	0	6.86918e-009	7210.41	9803.44	9517.59
9728.56	6341.95	64	1.#QNAN	0	0.016	0	7.33102e-009	7190.68	9728.56	9445.14
9655.02	6298.41	65	1.#QNAN	0	0	0	7.27565e-009	7193.57	9655.02	9374.09
9584.72	6256.8	66	1.#QNAN	0	0.015	0	7.1754e-009	7195.63	9584.72	9306.36
9514.88	6215.53	67	1.#QNAN	0	0	0	7.33447e-009	7087.94	9514.88	9239.11
9445.93	6174.98	68	1.#QNAN	0	0.016	0	7.74387e-009	7038.84	9445.93	9172.74
9379.95	6136.45	69	1.#QNAN	0	0.016	0	8.03161e-009	7130.12	9379.95	9109.48
9313.1	6097.1	70	1.#QNAN	0	0	0	8.12453e-009	7045.7	9313.1	9045.17
9247.09	6058.73	71	1.#QNAN	0	0.015	0	8.45381e-009	6925.69	9247.09	8981.78
9182.07	6020.19	72	1.#QNAN	0	0	0	8.65235e-009	6895.75	9182.07	8919.28
9119.97	5984.59	73	1.#QNAN	0	0.016	0	8.5942e-009	6970.86	9119.97	8859.87
9059.1	5949.39	74	1.#QNAN	0	0	0	9.04748e-009	6953.16	9059.1	8801.69
8999.7	5915.37	75	1.#QNAN	0	0.015	0	9.19412e-009	6940.95	8999.7	8745.05
8942.44	5882.72	76	1.#QNAN	0	0.016	0	9.32274e-009	6982.24	8942.44	8690.56
8885.95	5850.45	77	1.#QNAN	0	0	0	9.68054e-009	6786.09	8885.95	8636.75
8829.08	5817.82	78	1.#QNAN	0	0.016	0	9.98813e-009	6755.75	8829.08	8582.53
8776.52	5787.36	79	1.#QNAN	0	0	0	1.0024e-008	6872.58	8776.52	8532.81
8722.87	5756.47	80	1.#QNAN	0	0.015	0	1.02425e-008	6729.7	8722.87	8481.81
8670.9	5726.51	81	1.#QNAN	0	0.016	1	1.01507e-008	6754.65	8670.9	8432.53
8619.25	5696.77	82	1.#QNAN	0	0	0	1.0708e-008	6709.33	8619.25	8383.59
8570.4	5668.93	83	1.#QNAN	0	0.015	0	1.06118e-008	6766.19	8570.4	8337.49
8521.24	5641.58	84	1.#QNAN	0	0	0	1.09101e-008	6711.12	8521.24	8291.05
8471.62	5613.81	85	1.#QNAN	0	0.016	0	1.05693e-008	6642.06	8471.62	8244.1
8424.07	5587.11	86	1.#QNAN	0	0.016	0	1.09722e-008	6685.21	8424.07	8199.16
8377.84	5560.71	87	1.#QNAN	0	0	0	1.13165e-008	6607.33	8377.84	8155.58
8334.22	5535.96	88	1.#QNAN	0	0.015	0	1.11956e-008	6779.09	8334.22	8114.66
8290.96	5511.5	89	1.#QNAN	0	0	0	1.1651e-008	6699.86	8290.96	8074.13
8247.64	5486.2	90	1.#QNAN	0	0.016	0	1.13681e-008	6677.07	8247.64	8033.47
8207.22	5463.29	91	1.#QNAN	0	0	0	1.20489e-008	6742.29	8207.22	7995.79
8167.51	5440.83	92	1.#QNAN	0	0.015	0	1.24506e-008	6796.54	8167.51	7958.83
8127.13	5417.79	93	1.#QNAN	0	0	0	1.18988e-008	6655.69	8127.13	7921.08
8086.51	5394.45	94	1.#QNAN	0	0.016	0	1.238e-008	6565.53	8086.51	7883.03
8048.19	5372.44	95	1.#QNAN	0	0.016	0	1.28042e-008	6639.95	8048.19	7847.34
8009.74	5350.27	96	1.#QNAN	0	0	0	1.24716e-008	6565.85	8009.74	7811.48
7971.97	5328.36	97	1.#QNAN	0	0.015	0	1.3218e-008	6536.68	7971.97	7776.27
7937.09	5307.92	98	1.#QNAN	0	0	0	1.30222e-008	6619.81	7937.09	7743.95
7901.15	5286.72	99	1.#QNAN	0	0.016	0	1.31808e-008	6452.78	7901.15	7710.49
7865.45	5265.39	100	1.#QNAN	0	0	0	1.31455e-008	6416.79	7865.45	7677.26
7830.83	5244.41	101	1.#QNAN	0	0.015	0	1.36618e-008	6468.48	7830.83	7645.09
7796.86	5223.61	102	1.#QNAN	0	0.016	0	1.34413e-008	6426.84	7796.86	7613.53
7763.94	5203.56	103	1.#QNAN	0	0	0	1.39461e-008	6453.64	7763.94	7583
7731.39	5183.59	104	1.#QNAN	0	0.016	0	1.37953e-008	6469.37	7731.39	7552.85
7698.48	5163.22	105	1.#QNAN	0	0	0	1.35795e-008	6387.69	7698.48	7522.32
7667.43	5143.5	106	1.#QNAN	0	0.015	0	1.41954e-008	6395.6	7667.43	7493.6
7636.51	5123.98	107	1.#QNAN	0	0	0	1.47885e-008	6328.65	7636.51	7464.98
7605.58	5104.44	108	1.#QNAN	0	0.016	0	1.46534e-008	6278.68	7605.58	7436.28
7575.8	5085.6	109	1.#QNAN	0	0.015	0	1.45177e-008	6315.08	7575.8	7408.71
7546.49	5066.83	110	1.#QNAN	0	0	0	1.4858e-008	6270.62	7546.49	7381.59
7517.79	5048.22	111	1.#QNAN	0	0.016	0	1.48628e-008	6255.93	7517.79	7355.06
7489.74	5030	112	1.#QNAN	0	0	0	1.45935e-008	6315.26	7489.74	7329.2
7463.17	5012.56	113	1.#QNAN	0	0.016	0	1.47911e-008	6357.73	7463.17	7304.82
7436.88	4995.16	114	1.#QNAN	0	0	0	1.50524e-008	6332.03	7436.88	7280.65
7409.26	4977.24	115	1.#QNAN	0	0.015	0	1.51583e-008	6170	7409.26	7255.1
7384.4	4961.42	116	1.#QNAN	0	0.016	0	1.54734e-008	6439.79	7384.4	7232.39
7359.22	4944.95	117	1.#QNAN	0	0	0	1.52761e-008	6318.5	7359.22	7209.3
7334.41	4928.71	118	1.#QNAN	0	0.015	0	1.52121e-008	6294.42	7334.41	7186.56
7309.58	4912.21	119	1.#QNAN	0	0	0	1.5195e-008	6199.21	7309.58	7163.73
7284.71	4895.81	120	1.#QNAN	0	0.016	0	1.53472e-008	6142.08	7284.71	7140.82
7260.62	4880.1	121	1.#QNAN	0	0	0	1.66064e-008	6228.05	7260.62	7118.69
7237.62	4865.04	122	1.#QNAN	0	0.016	0	1.65404e-008	6244.11	7237.62	7097.66
7213.85	4849.65	123	1.#QNAN	0	0.015	0	1.6206e-008	6105.01	7213.85	7075.75
7191.32	4835.1	124	1.#QNAN	0	0	0	1.68679e-008	6174.06	7191.32	7055.1
7170.02	4821.24	125	1.#QNAN	0	0.016	0	1.7004e-008	6213.46	7170.02	7035.68
7148.61	4807.09	126	1.#QNAN	0	0	0	1.6098e-008	6130.92	7148.61	7016.06
7127.72	4793.15	127	1.#QNAN	0	0.015	0	1.70899e-008	6140.4	7127.72	6997
7106.81	4779.4	128	1.#QNAN	0	0	0	1.67443e-008	6037.79	7106.81	6977.84
7086.16	4765.7	129	1.#QNAN	0	0.016	0	1.67981e-008	6061.02	7086.16	6958.89
7065.85	4752.04	130	1.#QNAN	0	0.016	0	1.68603e-008	6083.32	7065.85	6940.29
7046.2	4739.15	131	1.#QNAN	0	0	0	1.78309e-008	6095.29	7046.2	6922.33
7026.72	4726.14	132	1.#QNAN	0	0.015	0	1.76352e-008	6071.85	7026.72	6904.5
7008.15	4714.06	133	1.#QNAN	0	0	0	1.67548e-008	6077.1	7008.15	6887.56
6989.09	4701.42	134	1.#QNAN	0	0.016	0	1.80062e-008	5929.09	6989.09	6870.08
6970.23	4688.72	135	1.#QNAN	0	0	0	1.76626e-008	5989.45	6970.23	6852.79
6951.92	4676.57	136	1.#QNAN	0	0.015	0	1.81743e-008	5975.3	6951.92	6836.03
6933.21	4664.31	137	1.#QNAN	0	0.016	0	1.80685e-008	5952.76	6933.21	6818.85
6915.45	4652.54	138	1.#QNAN	0	0	0	1.83179e-008	5967.29	6915.45	6802.59
6898.56	4640.93	139	1.#QNAN	0	0.016	0	1.96657e-008	6023.04	6898.56	6787.19
6881.51	4629.2	140	1.#QNAN	0	0	0	1.82866e-008	5975.99	6881.51	6771.61
6864.45	4617.57	141	1.#QNAN	0	0.015	0	1.85414e-008	5932.37	6864.45	6755.99
6847.75	4606	142	1.#QNAN	0	0	0	1.99322e-008	5963.72	6847.75	6740.71
6831.39	4594.81	143	1.#QNAN	0	0.016	0	1.93834e-008	5947.74	6831.39	6725.76
6814.84	4583.26	144	1.#QNAN	0	0.015	0	1.98485e-008	5932.73	6814.84	6710.58
6798.68	4571.83	145	1.#QNAN	0	0	0	1.9448e-008	5941.74	6798.68	6695.78
6783.55	4561.19	146	1.#QNAN	0	0.016	0	1.96283e-008	5984.86	6783.55	6682
6767.45	4549.81	147	1.#QNAN	0	0	0	1.96147e-008	5883.55	6767.45	6667.22
6751.47	4538.67	148	1.#QNAN	0	0.016	0	2.02292e-008	5844.86	6751.47	6652.55
6736.71	4528.18	149	1.#QNAN	0	0	0	2.02565e-008	5948.77	6736.71	6639.09
6721.57	4517.44	150	1.#QNAN	0	0.015	0	2.09248e-008	5867.59	6721.57	6625.2
6707.17	4507.32	151	1.#QNAN	0	0.016	0	2.01717e-008	5919	6707.17	6612.04
6692.06	4496.57	152	1.#QNAN	0	0	0	2.10224e-008	5798.35	6692.06	6598.15
6677.16	4485.74	153	1.#QNAN	0	0.015	0	2.04058e-008	5759.68	6677.16	6584.4
6663.15	4475.76	154	1.#QNAN	0	0	0	2.03805e-008	5858.39	6663.15	6571.59
6648.79	4465.23	155	1.#QNAN	0	0.016	0	2.07755e-008	5762.89	6648.79	6558.37
6634.69	4454.98	156	1.#QNAN	0	0	0	2.09288e-008	5811.74	6634.69	6545.45
6620.69	4444.87	157	1.#QNAN	0	0.016	0	2.08408e-008	5845.67	6620.69	6532.61
6606.81	4434.87	158	1.#QNAN	0	0.015	0	2.10236e-008	5814.2	6606.81	6519.86
6593.13	4425.16	159	1.#QNAN	0	0	0	2.07845e-008	5802.6	6593.13	6507.31
6579.76	4415.28	160	1.#QNAN	0	0.016	0	2.13331e-008	5809.85	6579.76	6495.06
6566.5	4405.72	161	1.#QNAN	0	0	0	2.10069e-008	5812.68	6566.5	6482.89
6554.28	4396.88	162	1.#QNAN	0	0.015	0	2.12071e-008	5931.92	6554.28	6471.78
6541.98	4387.7	163	1.#QNAN	0	0	0	2.08188e-008	5900.36	6541.98	6460.57
6529.72	4378.56	164	1.#QNAN	0	0.016	0	2.12039e-008	5835.05	6529.72	6449.39
6517.5	4369.18	165	1.#QNAN	0	0	0	2.16131e-008	5819.61	6517.5	6438.2
6504.94	4359.83	166	1.#QNAN	0	0	0	2.17083e-008	5730.91	6504.94	6426.64
6492.83	4350.66	167	1.#QNAN	0	0.015	0	2.19641e-008	5741.82	6492.83	6415.52
6480.95	4341.54	168	1.#QNAN	0	0	0	2.18636e-008	5789.42	6480.95	6404.62
6469.55	4332.88	169	1.#QNAN	0	0.016	0	2.12216e-008	5776.99	6469.55	6394.17
6457.89	4324.3	170	1.#QNAN	0	0	0	2.14895e-008	5690.22	6457.89	6383.46
6446.68	4315.94	171	1.#QNAN	0	0.015	0	2.28746e-008	5735.81	6446.68	6373.2
6435.31	4307.34	172	1.#QNAN	0	0	0	2.22705e-008	5671.23	6435.31	6362.74
6423.95	4298.73	173	1.#QNAN	0	0.016	0	2.18276e-008	5681.52	6423.95	6352.3
6412.79	4290.21	174	1.#QNAN	0	0.016	0	2.30654e-008	5672.94	6412.79	6342.05
6401.81	4282.01	175	1.#QNAN	0	0	0	2.23321e-008	5672.26	6401.81	6331.97
6390.28	4273.38	176	1.#QNAN	0	0.015	0	2.22368e-008	5547.08	6390.28	6321.27
6379.42	4265.21	177	1.#QNAN	0	0	0	2.18826e-008	5663.6	6379.42	6311.25
6368.54	4256.69	178	1.#QNAN	0	0.016	0	2.30571e-008	5641.48	6368.54	6301.19
6357.98	4248.89	179	1.#QNAN	0	0	0	2.31014e-008	5646.48	6357.98	6291.47
6348.03	4241.45	180	1.#QNAN	0	0.015	0	2.33325e-008	5691.79	6348.03	6282.35
6338.15	4233.85	181	1.#QNAN	0	0.016	0	2.36935e-008	5677.57	6338.15	6273.31
6328.09	4226.24	182	1.#QNAN	0	0	0	2.29381e-008	5636.28	6328.09	6264.06
6318.11	4218.81	183	1.#QNAN	0	0.016	0	2.44957e-008	5603.29	6318.11	6254.87
6308.17	4211.48	184	1.#QNAN	0	0	0	2.39739e-008	5635.24	6308.17	6245.71
6298.18	4203.98	185	1.#QNAN	0	0.015	0	2.43e-008	5634.96	6298.18	6236.49
6288.43	4196.5	186	1.#QNAN	0	0.016	0	2.45881e-008	5625.44	6288.43	6227.51
6278.89	4189.09	187	1.#QNAN	0	0	0	2.41898e-008	5616.77	6278.89	6218.74
6269.72	4182.11	188	1.#QNAN	0	0.015	0	2.4134e-008	5657.65	6269.72	6210.33
6260.25	4175.25	189	1.#QNAN	0	0	0	2.48097e-008	5575.36	6260.25	6201.6
6250.8	4168.33	190	1.#QNAN	0	0.016	0	2.42857e-008	5557.04	6250.8	6192.89
6242.02	4161.85	191	1.#QNAN	0	0	0	2.42557e-008	5658.49	6242.02	6184.85
6233.45	4155.66	192	1.#QNAN	0	0.016	0	2.42175e-008	5652.88	6233.45	6177.02
6224.7	4149.33	193	1.#QNAN	0	0.015	1	2.45544e-008	5594	6224.7	6168.97
6215.81	4142.63	194	1.#QNAN	0	0	0	2.56893e-008	5544.46	6215.81	6160.78
6207.14	4136.25	195	1.#QNAN	0	0.016	0	2.50175e-008	5530.32	6207.14	6152.81
6198.52	4129.96	196	1.#QNAN	0	0	0	2.41596e-008	5516.67	6198.52	6144.86
6190.13	4123.73	197	1.#QNAN	0	0.015	0	2.52763e-008	5542.62	6190.13	6137.12
6181.84	4117.46	198	1.#QNAN	0	0	0	2.49346e-008	5540.89	6181.84	6129.49
6172.77	4110.78	199	1.#QNAN	0	0.016	0	2.49137e-008	5415.65	6172.77	6121.08
6164.47	4104.55	200	1.#QNAN	0	0.016	0	2.53162e-008	5535.07	6164.47	6113.42
6156.53	4098.45	201	1.#QNAN	0	0	0	2.54807e-008	5575.54	6156.53	6106.12
6148.73	4092.58	202	1.#QNAN	0	0.015	0	2.59304e-008	5567.11	6148.73	6098.98
6140.7	4086.54	203	1.#QNAN	0	0	0	2.69213e-008	5533.88	6140.7	6091.57
6132.63	4080.39	204	1.#QNAN	0	0.016	0	2.54455e-008	5509.39	6132.63	6084.13
6124.39	4074.21	205	1.#QNAN	0	0	0	2.63888e-008	5447.16	6124.39	6076.5
6116.38	4068.14	206	1.#QNAN	0	0.015	0	2.59787e-008	5495.75	6116.38	6069.09
6108.83	4062.51	207	1.#QNAN	0	0.016	0	2.5452e-008	5557.16	6108.83	6062.15
6100.39	4056.38	208	1.#QNAN	0	0	0	2.69253e-008	5366.81	6100.39	6054.28
6092.85	4050.68	209	1.#QNAN	0	0.016	0	2.58311e-008	5554.81	6092.85	6047.33
6085.1	4044.82	210	1.#QNAN	0	0	0	2.68658e-008	5439.93	6085.1	6040.14
6076.98	4038.91	211	1.#QNAN	0	0.015	0	2.61745e-008	5369.49	6076.98	6032.58
6069.45	4033.36	212	1.#QNAN	0	0	0	2.62198e-008	5467.66	6069.45	6025.61
6061.94	4027.96	213	1.#QNAN	0	0.016	0	2.70532e-008	5443.9	6061.94	6018.66
6054.72	4022.53	214	1.#QNAN	0	0.015	0	2.69666e-008	5541.43	6054.72	6012
6047.28	4017.22	215	1.#QNAN	0	0	0	2.62341e-008	5411.42	6047.28	6005.08
6040.39	4012.24	216	1.#QNAN	0	0.016	0	2.64612e-008	5471.32	6040.39	5998.72
6033.18	4006.97	217	1.#QNAN	0	0	0	2.71761e-008	5459.88	6033.18	5992.02
6026.2	4001.95	218	1.#QNAN	0	0.016	0	2.77083e-008	5508.86	6026.2	5985.56
6019.06	3996.9	219	1.#QNAN	0	0	0	2.83802e-008	5423.14	6019.06	5978.91
6012.15	3991.95	220	1.#QNAN	0	0.015	0	2.71744e-008	5412.97	6012.15	5972.49
6004.97	3986.72	221	1.#QNAN	0	0.016	0	2.70905e-008	5394.19	6004.97	5965.8
5997.73	3981.49	222	1.#QNAN	0	0	0	2.84008e-008	5361.59	5997.73	5959.03
5990.85	3976.67	223	1.#QNAN	0	0.015	0	2.81674e-008	5393.23	5990.85	5952.63
5983.97	3971.53	224	1.#QNAN	0	0	0	2.84362e-008	5425.73	5983.97	5946.21
5976.91	3966.44	225	1.#QNAN	0	0.016	0	2.74992e-008	5321.89	5976.91	5939.61
5970.15	3961.56	226	1.#QNAN	0	0	0	2.77724e-008	5396.14	5970.15	5933.31
5963.64	3956.93	227	1.#QNAN	0	0.016	0	2.88789e-008	5400.52	5963.64	5927.25
5957.29	3952.34	228	1.#QNAN	0	0.015	0	2.92946e-008	5424.94	5957.29	5921.36
5950.95	3947.71	229	1.#QNAN	0	0	0	2.78786e-008	5406.87	5950.95	5915.46
5944.44	3942.95	230	1.#QNAN	0	0.016	0	2.88379e-008	5324.5	5944.44	5909.39
5937.93	3938.3	231	1.#QNAN	0	0	0	2.80598e-008	5341.59	5937.93	5903.3
5931.37	3933.57	232	1.#QNAN	0	0.015	0	2.86727e-008	5301.79	5931.37	5897.16
5925.09	3929.03	233	1.#QNAN	0	0.016	0	2.97886e-008	5286.85	5925.09	5891.29
5918.68	3924.36	234	1.#QNAN	0	0	0	2.8921e-008	5289.3	5918.68	5885.28
5912.34	3919.62	235	1.#QNAN	0	0.016	0	2.94619e-008	5328.57	5912.34	5879.35
5906.26	3915.15	236	1.#QNAN	0	0	0	2.81082e-008	5306.11	5906.26	5873.68
5900.04	3910.53	237	1.#QNAN	0	0.015	0	3.06128e-008	5289.73	5900.04	5867.85
5894.01	3905.91	238	1.#QNAN	0	0	0	2.99263e-008	5297.87	5894.01	5862.21
5887.67	3901.15	239	1.#QNAN	0	0.016	0	2.94803e-008	5249.14	5887.67	5856.27
5882.09	3896.88	240	1.#QNAN	0	0.015	0	2.99086e-008	5346.64	5882.09	5851.07
5876.16	3892.55	241	1.#QNAN	0	0	0	2.98668e-008	5257.5	5876.16	5845.52
5870.25	3888.3	242	1.#QNAN	0	0.016	0	2.82622e-008	5232.79	5870.25	5839.98
5864.27	3883.81	243	1.#QNAN	0	0	0	3.11373e-008	5242.18	5864.27	5834.38
5858.52	3879.48	244	1.#QNAN	0	0.016	0	3.07981e-008	5268.74	5858.52	5828.99
5852.67	3875.2	245	1.#QNAN	0	0	0	3.03089e-008	5233.8	5852.67	5823.5
5846.56	3870.73	246	1.#QNAN	0	0.015	0	3.04926e-008	5179.78	5846.56	5817.74
5840.67	3866.35	247	1.#QNAN	0	0.016	0	2.95491e-008	5196	5840.67	5812.19
5834.91	3862.07	248	1.#QNAN	0	0	0	2.89248e-008	5221.2	5834.91	5806.77
5829.12	3857.79	249	1.#QNAN	0	0.015	0	2.98809e-008	5197.96	5829.12	5801.32
5823.58	3853.69	250	1.#QNAN	0	0	0	3.04709e-008	5255.31	5823.58	5796.13
5817.85	3849.48	251	1.#QNAN	0	0.016	0	3.11313e-008	5203.57	5817.85	5790.74
5812.23	3845.31	252	1.#QNAN	0	0	0	3.0483e-008	5201.01	5812.23	5785.44
5806.54	3841.14	253	1.#QNAN	0	0.016	0	3.20324e-008	5153.95	5806.54	5780.07
5800.74	3836.92	254	1.#QNAN	0	0.015	0	3.0595e-008	5119	5800.74	5774.6
5795.14	3832.7	255	1.#QNAN	0	0	0	3.2157e-008	5181.62	5795.14	5769.32
5789.68	3828.63	256	1.#QNAN	0	0.016	0	3.06315e-008	5177.84	5789.68	5764.17
5784.34	3824.57	257	1.#QNAN	0	0	0	3.06505e-008	5183.25	5784.34	5759.12
5779.05	3820.73	258	1.#QNAN	0	0.015	0	3.18516e-008	5169.38	5779.05	5754.14
5773.36	3816.44	259	1.#QNAN	0	0	0	3.19657e-008	5102.1	5773.36	5748.74
5768.1	3812.44	260	1.#QNAN	0	0.016	0	3.30832e-008	5177.8	5768.1	5743.79
5763.03	3808.63	261	1.#QNAN	0	0.016	0	3.22356e-008	5173.48	5763.03	5739
5757.62	3804.61	262	1.#QNAN	0	0	0	3.28278e-008	5095.25	5757.62	5733.86
5752.38	3800.79	263	1.#QNAN	0	0.015	0	3.26704e-008	5117.9	5752.38	5728.91
5747.08	3796.85	264	1.#QNAN	0	0	0	3.33471e-008	5087.42	5747.08	5723.91
5741.67	3792.76	265	1.#QNAN	0	0.016	0	3.32933e-008	5046.96	5741.67	5718.78
5736.56	3788.95	266	1.#QNAN	0	0	0	3.14159e-008	5097.62	5736.56	5713.94
5731.3	3784.89	267	1.#QNAN	0	0.015	0	3.32118e-008	5053.95	5731.3	5708.97
5726.19	3780.99	268	1.#QNAN	0	0.016	0	3.20366e-008	5081.56	5726.19	5704.14
5721.08	3777.12	269	1.#QNAN	0	0	0	3.24021e-008	5104.76	5721.08	5699.29
5716.31	3773.42	270	1.#QNAN	0	0.016	0	3.33701e-008	5160.47	5716.31	5694.8
5711.31	3769.82	271	1.#QNAN	0	0	0	3.1537e-008	5069.46	5711.31	5690.05
5706.5	3766.06	272	1.#QNAN	0	0.015	0	3.25497e-008	5150.04	5706.5	5685.51
5701.33	3762.33	273	1.#QNAN	0	0	0	3.36194e-008	5045.83	5701.33	5680.6
5696.53	3758.72	274	1.#QNAN	0	0.016	0	3.26279e-008	5145.37	5696.53	5676.05
5691.4	3754.98	275	1.#QNAN	0	0	0	3.28946e-008	5059.85	5691.4	5671.18
5686.39	3751.19	276	1.#QNAN	0	0.015	0	3.34912e-008	5060.55	5686.39	5666.43
5681.57	3747.52	277	1.#QNAN	0	0.016	0	3.40846e-008	5110.99	5681.57	5661.87
5676.7	3743.93	278	1.#QNAN	0	0	0	3.32944e-008	5105.06	5676.7	5657.25
5671.67	3740.26	279	1.#QNAN	0	0.016	0	3.33061e-008	5034.15	5671.67	5652.48
5666.89	3736.62	280	1.#QNAN	0	0	0	3.44868e-008	5102.97	5666.89	5647.95
5661.82	3732.84	281	1.#QNAN	0	0.015	0	3.36721e-008	5027.55	5661.82	5643.12
5656.96	3729.06	282	1.#QNAN	0	0.016	0	3.46723e-008	5091.94	5656.96	5638.5
5652.17	3725.41	283	1.#QNAN	0	0	0	3.37679e-008	5051.37	5652.17	5633.94
5647.44	3721.91	284	1.#QNAN	0	0.015	0	3.55616e-008	5070.85	5647.44	5629.43
5642.68	3718.3	285	1.#QNAN	0	0	0	3.51136e-008	5046.42	5642.68	5624.91
5637.79	3714.64	286	1.#QNAN	0	0.016	0	3.50828e-008	5042.24	5637.79	5620.24
5632.89	3710.94	287	1.#QNAN	0	0	0	3.5115e-008	5011.41	5632.89	5615.57
5628.07	3707.47	288	1.#QNAN	0	0.016	0	3.43974e-008	5019.11	5628.07	5610.97
5623.41	3703.98	289	1.#QNAN	0	0.015	0	3.5638e-008	5039.86	5623.41	5606.53
5618.9	3700.43	290	1.#QNAN	0	0	0	3.51521e-008	5074.78	5618.9	5602.23
5614.35	3696.95	291	1.#QNAN	0	0.016	0	3.61801e-008	5019.4	5614.35	5597.89
5609.76	3693.36	292	1.#QNAN	0	0	0	3.57131e-008	5005.67	5609.76	5593.51
5605.22	3689.85	293	1.#QNAN	0	0.015	0	3.56938e-008	5000.81	5605.22	5589.17
5601.02	3686.46	294	1.#QNAN	0	0	0	3.49885e-008	5061.54	5601.02	5585.18
5596.64	3683.1	295	1.#QNAN	0	0.016	0	3.62817e-008	5017.51	5596.64	5581
5592.55	3679.94	296	1.#QNAN	0	0.016	0	3.68486e-008	5062.03	5592.55	5577.13
5588.17	3676.52	297	1.#QNAN	0	0	0	3.68144e-008	5011.08	5588.17	5572.95
5584.1	3673.34	298	1.#QNAN	0	0.015	0	3.61106e-008	5005.69	5584.1	5569.08
5579.86	3669.95	299	1.#QNAN	0	0	0	3.7379e-008	4954.95	5579.86	5565.02
5575.67	3666.66	300	1.#QNAN	0	0.016	0	3.60139e-008	4997.23	5575.67	5561.02
5571.63	3663.52	301	1.#QNAN	0	0	0	3.5833e-008	5010.57	5571.63	5557.18
5567.48	3660.26	302	1.#QNAN	0	0.015	0	3.53549e-008	4944.63	5567.48	5553.22
5563.45	3657.17	303	1.#QNAN	0	0.016	0	3.72126e-008	5002.58	5563.45	5549.38
5559.26	3653.88	304	1.#QNAN	0	0	0	3.73097e-008	4960.38	5559.26	5545.38
5555.18	3650.58	305	1.#QNAN	0	0.016	1	3.60406e-008	4973.23	5555.18	5541.49
5550.99	3647.29	306	1.#QNAN	0	0	0	3.77296e-008	4951.57	5550.99	5537.48
5546.86	3644.18	307	1.#QNAN	0	0.015	0	3.70529e-008	4918.11	5546.86	5533.53
5542.86	3641.07	308	1.#QNAN	0	0	0	3.64897e-008	4947.11	5542.86	5529.71
5538.99	3638.02	309	1.#QNAN	0	0.016	0	3.77706e-008	4980.84	5538.99	5526.03
5535.03	3634.88	310	1.#QNAN	0	0.015	0	3.66869e-008	4953.17	5535.03	5522.25
5531.23	3631.93	311	1.#QNAN	0	0	0	3.76477e-008	4975.96	5531.23	5518.61
5527.2	3628.85	312	1.#QNAN	0	0.016	0	3.68618e-008	4904.85	5527.2	5514.75
5523.28	3625.89	313	1.#QNAN	0	0	0	3.84133e-008	4935.28	5523.28	5511
5519.39	3623.02	314	1.#QNAN	0	0.016	0	3.90413e-008	4943.65	5519.39	5507.28
5515.83	3620.17	315	1.#QNAN	0	0.015	0	3.8794e-008	4998.08	5515.83	5503.88
5512.13	3617.32	316	1.#QNAN	0	0	0	3.68718e-008	4977.75	5512.13	5500.35
5508.4	3614.39	317	1.#QNAN	0	0.016	0	3.76882e-008	4938.47	5508.4	5496.79
5504.54	3611.47	318	1.#QNAN	0	0	0	3.81262e-008	4921.74	5504.54	5493.09
5500.87	3608.57	319	1.#QNAN	0	0.015	0	3.74556e-008	4945.74	5500.87	5489.59
5497.14	3605.69	320	1.#QNAN	0	0	0	3.78489e-008	4950.27	5497.14	5486.03
5493.49	3602.93	321	1.#QNAN	0	0	0	3.88305e-008	4936.43	5493.49	5482.53
5489.69	3600.12	322	1.#QNAN	0	0.016	0	3.80114e-008	4934.54	5489.69	5478.87
5485.88	3597.37	323	1.#QNAN	0	0	0	3.69929e-008	4889.7	5485.88	5475.21
5482.12	3594.64	324	1.#QNAN	0	0.015	0	3.66987e-008	4887.48	5482.12	5471.59
5478.26	3591.89	325	1.#QNAN	0	0.016	0	3.83632e-008	4852.25	5478.26	5467.88
5474.31	3589.06	326	1.#QNAN	0	0	0	3.78308e-008	4853.04	5474.31	5464.08
5470.61	3586.39	327	1.#QNAN	0	0.015	0	3.73412e-008	4926.24	5470.61	5460.53
5466.87	3583.65	328	1.#QNAN	0	0	0	3.74404e-008	4863.3	5466.87	5456.93
5462.83	3580.77	329	1.#QNAN	0	0.016	0	3.80333e-008	4810.65	5462.83	5453.02
5458.97	3577.93	330	1.#QNAN	0	0	0	3.80333e-008	4854.74	5458.97	5449.3
5455.31	3575.21	331	1.#QNAN	0	0.016	0	3.89305e-008	4864.86	5455.31	5445.78
5451.64	3572.51	332	1.#QNAN	0	0	0	3.78281e-008	4872.79	5451.64	5442.25
5447.94	3569.79	333	1.#QNAN	0	0.015	0	3.96064e-008	4858.19	5447.94	5438.68
5444.2	3567.13	334	1.#QNAN	0	0.016	0	3.82039e-008	4839.52	5444.2	5435.07
5440.31	3564.42	335	1.#QNAN	0	0	0	3.95991e-008	4787.74	5440.31	5431.31
5436.72	3561.84	336	1.#QNAN	0	0.015	0	4.04007e-008	4853.34	5436.72	5427.86
5432.79	3559.16	337	1.#QNAN	0	0	0	4.02079e-008	4811.6	5432.79	5424.07
5428.98	3556.6	338	1.#QNAN	0	0.016	0	4.0252e-008	4819.55	5428.98	5420.39
5425.45	3554.19	339	1.#QNAN	0	0.016	0	3.93278e-008	4860.9	5425.45	5416.99
5421.68	3551.62	340	1.#QNAN	0	0	0	3.91208e-008	4814.02	5421.68	5413.35
5417.92	3549.06	341	1.#QNAN	0	0.015	0	4.03025e-008	4844.48	5417.92	5409.72
5414.22	3546.62	342	1.#QNAN	0	0	0	4.04817e-008	4789.9	5414.22	5406.14
5410.45	3544.09	343	1.#QNAN	0	0.016	0	3.95788e-008	4791.25	5410.45	5402.5
5406.9	3541.66	344	1.#QNAN	0	0	0	3.92064e-008	4793.86	5406.9	5399.07
5403.11	3538.96	345	1.#QNAN	0	0.015	0	3.98071e-008	4718.06	5403.11	5395.4
5399.51	3536.49	346	1.#QNAN	0	0.016	0	4.04936e-008	4776.87	5399.51	5391.92
5395.96	3533.95	347	1.#QNAN	0	0	0	4.15702e-008	4781.04	5395.96	5388.49
5392.34	3531.44	348	1.#QNAN	0	0.016	0	4.03858e-008	4753.93	5392.34	5384.99
5388.67	3528.84	349	1.#QNAN	0	0	0	4.0735e-008	4699.17	5388.67	5381.42
5385.28	3526.49	350	1.#QNAN	0	0.015	0	4.0904e-008	4793.59	5385.28	5378.15
5381.64	3523.97	351	1.#QNAN	0	0	0	4.03344e-008	4737.52	5381.64	5374.63
5378.09	3521.47	352	1.#QNAN	0	0.016	0	3.90751e-008	4733.77	5378.09	5371.19
5374.44	3518.96	353	1.#QNAN	0	0	0	4.22217e-008	4680.49	5374.44	5367.65
5370.78	3516.38	354	1.#QNAN	0	0.015	0	3.82545e-008	4676.57	5370.78	5364.09
5367.11	3513.87	355	1.#QNAN	0	0.016	0	4.06281e-008	4690.09	5367.11	5360.53
5363.67	3511.42	356	1.#QNAN	0	0	0	4.25236e-008	4734.4	5363.67	5357.2
5360.26	3509.01	357	1.#QNAN	0	0.016	0	4.16776e-008	4742.21	5360.26	5353.89
5356.77	3506.66	358	1.#QNAN	0	0	0	3.97081e-008	4719.15	5356.77	5350.51
5353.35	3504.25	359	1.#QNAN	0	0.015	0	4.07911e-008	4733.11	5353.35	5347.19
5349.76	3501.72	360	1.#QNAN	0	0.016	0	4.21898e-008	4653.26	5349.76	5343.69
5346.11	3499.1	361	1.#QNAN	0	0	0	4.32075e-008	4710.71	5346.11	5340.14
5342.64	3496.54	362	1.#QNAN	0	0.015	0	4.32876e-008	4723.97	5342.64	5336.76
5339.15	3494	363	1.#QNAN	0	0	0	4.24233e-008	4698.02	5339.15	5333.37
5335.94	3491.72	364	1.#QNAN	0	0.016	0	4.12962e-008	4774.61	5335.94	5330.27
5332.65	3489.34	365	1.#QNAN	0	0	0	4.20107e-008	4751.3	5332.65	5327.07
5329.26	3487.02	366	1.#QNAN	0	0.016	0	4.13479e-008	4693.67	5329.26	5323.78
5326.01	3484.67	367	1.#QNAN	0	0	0	4.32738e-008	4714.28	5326.01	5320.63
5322.77	3482.44	368	1.#QNAN	0	0.015	0	4.2645e-008	4715.41	5322.77	5317.48
5319.47	3480.08	369	1.#QNAN	0	0.016	0	4.38546e-008	4685.17	5319.47	5314.28
5316.2	3477.76	370	1.#QNAN	0	0	0	4.19807e-008	4703.18	5316.2	5311.1
5312.84	3475.4	371	1.#QNAN	0	0.015	0	4.36765e-008	4665.04	5312.84	5307.84
5309.52	3473.05	372	1.#QNAN	0	0	0	4.33025e-008	4651.44	5309.52	5304.61
5306.28	3470.74	373	1.#QNAN	0	0.016	0	4.3693e-008	4669.53	5306.28	5301.47
5303.04	3468.38	374	1.#QNAN	0	0	0	4.37493e-008	4655.67	5303.04	5298.32
5299.91	3466.06	375	1.#QNAN	0	0.016	0	4.41529e-008	4691.63	5299.91	5295.28
5296.57	3463.61	376	1.#QNAN	0	0.015	0	4.50631e-008	4620.05	5296.57	5292.03
5293.51	3461.39	377	1.#QNAN	0	0	0	4.48162e-008	4735.53	5293.51	5289.07
5290.26	3459.03	378	1.#QNAN	0	0.016	0	4.42422e-008	4670.95	5290.26	5285.91
5287.1	3456.81	379	1.#QNAN	0	0	0	4.35479e-008	4641.54	5287.1	5282.83
5284.15	3454.69	380	1.#QNAN	0	0.015	0	4.55392e-008	4688.89	5284.15	5279.97
5281.07	3452.49	381	1.#QNAN	0	0	0	4.45118e-008	4660.33	5281.07	5276.98
5277.99	3450.38	382	1.#QNAN	0	0.016	0	4.38626e-008	4649.51	5277.99	5273.98
5274.97	3448.28	383	1.#QNAN	0	0.016	0	4.563e-008	4662.41	5274.97	5271.05
5271.68	3445.99	384	1.#QNAN	0	0	0	4.41071e-008	4565.98	5271.68	5267.85
5268.65	3443.89	385	1.#QNAN	0	0.015	0	4.52017e-008	4702.49	5268.65	5264.9
5265.62	3441.71	386	1.#QNAN	0	0	0	4.51525e-008	4671.19	5265.62	5261.95
5262.55	3439.6	387	1.#QNAN	0	0.016	0	4.56022e-008	4660.13	5262.55	5258.96
5259.41	3437.39	388	1.#QNAN	0	0	0	4.54765e-008	4601.44	5259.41	5255.91
5256.37	3435.29	389	1.#QNAN	0	0.015	0	4.73555e-008	4612.61	5256.37	5252.94
5253.25	3433.07	390	1.#QNAN	0	0.016	0	4.59431e-008	4568.22	5253.25	5249.9
5250.27	3430.93	391	1.#QNAN	0	0	0	4.48364e-008	4610.78	5250.27	5246.99
5247.25	3428.68	392	1.#QNAN	0	0.016	0	4.56179e-008	4603.63	5247.25	5244.05
5244.15	3426.57	393	1.#QNAN	0	0	0	4.50916e-008	4564.49	5244.15	5241.02
5241.11	3424.46	394	1.#QNAN	0	0.015	0	4.66172e-008	4567.77	5241.11	5238.06
5238.02	3422.23	395	1.#QNAN	0	0	0	4.40247e-008	4560.4	5238.02	5235.03
5234.91	3420.09	396	1.#QNAN	0	0.016	0	4.66748e-008	4578.74	5234.91	5231.99
5231.8	3417.91	397	1.#QNAN	0	0.015	0	4.59194e-008	4549.4	5231.8	5228.95
5228.59	3415.68	398	1.#QNAN	0	0	0	4.58732e-008	4535.45	5228.59	5225.81
5225.3	3413.49	399	1.#QNAN	0	0.016	0	4.76022e-008	4471.48	5225.3	5222.59
5222.32	3411.42	400	1.#QNAN	0	0	0	4.71492e-008	4565.16	5222.32	5219.68
5219.29	3409.3	401	1.#QNAN	0	0.016	0	4.77404e-008	4548.5	5219.29	5216.71
5216.16	3407.15	402	1.#QNAN	0	0	0	4.66989e-008	4506.8	5216.16	5213.66
5213.37	3405.16	403	1.#QNAN	0	0.015	0	4.73669e-008	4602.03	5213.37	5210.93
5210.5	3403.18	404	1.#QNAN	0	0.016	0	4.64228e-008	4545.86	5210.5	5208.13
5207.69	3401.22	405	1.#QNAN	0	0	0	4.69448e-008	4580.15	5207.69	5205.38
5204.9	3399.28	406	1.#QNAN	0	0.015	0	4.70332e-008	4584.96	5204.9	5202.66
5202.1	3397.33	407	1.#QNAN	0	0	0	4.80298e-008	4538.54	5202.1	5199.92
5199.13	3395.38	408	1.#QNAN	0	0.016	0	4.6399e-008	4470.26	5199.13	5197
5196.14	3393.32	409	1.#QNAN	0	0.016	0	4.77908e-008	4490.51	5196.14	5194.07
5193.27	3391.41	410	1.#QNAN	0	0	0	4.72132e-008	4496.77	5193.27	5191.25
5190.32	3389.45	411	1.#QNAN	0	0.015	0	4.84808e-008	4484.17	5190.32	5188.37
5187.37	3387.41	412	1.#QNAN	0	0	0	4.9119e-008	4464.33	5187.37	5185.47
5184.32	3385.3	413	1.#QNAN	0	0.016	0	4.79395e-008	4450.41	5184.32	5182.47
5181.26	3383.19	414	1.#QNAN	0	0.015	0	4.9435e-008	4424.87	5181.26	5179.47
5178.27	3381.07	415	1.#QNAN	0	0	0	4.79554e-008	4457.73	5178.27	5176.52
5175.14	3378.96	416	1.#QNAN	0	0.016	1	5.07385e-008	4419.29	5175.14	5173.45
5172.13	3376.84	417	1.#QNAN	0	0	0	4.86315e-008	4425.98	5172.13	5170.5
5169.19	3374.83	418	1.#QNAN	0	0.016	0	5.01589e-008	4449.66	5169.19	5167.6
5166.27	3372.89	419	1.#QNAN	0	0	0	5.03908e-008	4437.96	5166.27	5164.74
5163.31	3370.92	420	1.#QNAN	0	0.015	0	5.1732e-008	4415.05	5163.31	5161.82
5160.26	3368.77	421	1.#QNAN	0	0.016	0	4.98968e-008	4418.84	5160.26	5158.83
5157.35	3366.81	422	1.#QNAN	0	0	0	4.95497e-008	4449.37	5157.35	5155.97
5154.4	3364.78	423	1.#QNAN	0	0.015	0	4.95692e-008	4428.24	5154.4	5153.06
5151.47	3362.77	424	1.#QNAN	0	0	0	5.07473e-008	4434.75	5151.47	5150.18
5148.58	3360.75	425	1.#QNAN	0	0.016	0	4.84318e-008	4462.44	5148.58	5147.34
5145.59	3358.6	426	1.#QNAN	0	0	0	4.85356e-008	4414.61	5145.59	5144.4
5142.66	3356.53	427	1.#QNAN	0	0.016	0	4.94118e-008	4423.28	5142.66	5141.52
5139.8	3354.55	428	1.#QNAN	0	0	0	4.96242e-008	4461.12	5139.8	5138.71
5136.8	3352.46	429	1.#QNAN	0	0.015	0	4.93986e-008	4386.52	5136.8	5135.76
5133.84	3350.39	430	1.#QNAN	0	0.016	0	5.03544e-008	4383.24	5133.84	5132.85
5131.01	3348.36	431	1.#QNAN	0	0	0	5.07379e-008	4424.35	5131.01	5130.07
5128	3346.3	432	1.#QNAN	0	0.015	0	5.19106e-008	4374.26	5128	5127.11
5125.16	3344.38	433	1.#QNAN	0	0	0	5.142e-008	4412.05	5125.16	5124.33
5122.41	3342.43	434	1.#QNAN	0	0.016	0	5.12072e-008	4473.88	5122.41	5121.62
5119.63	3340.51	435	1.#QNAN	0	0	0	5.10952e-008	4428.63	5119.63	5118.89
5116.7	3338.45	436	1.#QNAN	0	0.016	0	5.03309e-008	4383.53	5116.7	5116.01
5113.8	3336.43	437	1.#QNAN	0	0.015	0	5.10726e-008	4352.6	5113.8	5113.15
5110.79	3334.41	438	1.#QNAN	0	0	0	4.86806e-008	4358.47	5110.79	5110.19
5107.7	3332.3	439	1.#QNAN	0	0.016	0	5.00425e-008	4330.07	5107.7	5107.15
5104.84	3330.41	440	1.#QNAN	0	0	0	5.01867e-008	4369.81	5104.84	5104.33
5101.92	3328.51	441	1.#QNAN	0	0.015	0	5.09938e-008	4366.05	5101.92	5101.46
5099.1	3326.56	442	1.#QNAN	0	0	0	5.2281e-008	4404.64	5099.1	5098.69
5096.22	3324.59	443	1.#QNAN	0	0.016	0	5.09782e-008	4341.78	5096.22	5095.85
5093.3	3322.68	444	1.#QNAN	0	0.016	0	5.24889e-008	4328.83	5093.3	5092.97
5090.47	3320.86	445	1.#QNAN	0	0	0	5.23388e-008	4352.24	5090.47	5090.19
5087.61	3318.95	446	1.#QNAN	0	0.015	0	5.12386e-008	4342.73	5087.61	5087.37
5084.89	3317.16	447	1.#QNAN	0	0	0	4.9143e-008	4376.2	5084.89	5084.7
5082.07	3315.25	448	1.#QNAN	0	0.016	0	5.38658e-008	4333.28	5082.07	5081.92
5079.35	3313.34	449	1.#QNAN	0	0	0	5.20301e-008	4382.84	5079.35	5079.24
5076.55	3311.49	450	1.#QNAN	0	0.015	0	5.38607e-008	4334.83	5076.55	5076.48
5073.82	3309.69	451	1.#QNAN	0	0.016	0	5.24232e-008	4380.52	5073.82	5073.79
5071.04	3307.84	452	1.#QNAN	0	0	0	5.25337e-008	4315.64	5071.04	5071.05
5068.45	3306.06	453	1.#QNAN	0	0.016	0	5.36851e-008	4391.14	5068.45	5068.5
5065.77	3304.21	454	1.#QNAN	0	0	0	5.31087e-008	4373.09	5065.77	5065.86
5063.07	3302.41	455	1.#QNAN	0	0.015	0	5.3234e-008	4353.01	5063.07	5063.21
5060.5	3300.67	456	1.#QNAN	0	0	0	5.21756e-008	4427.13	5060.5	5060.68
5057.89	3298.91	457	1.#QNAN	0	0.016	0	5.32683e-008	4395.1	5057.89	5058.11
5055.25	3297.1	458	1.#QNAN	0	0	0	5.23447e-008	4391.41	5055.25	5055.51
5052.73	3295.29	459	1.#QNAN	0	0.016	0	5.36548e-008	4458.43	5052.73	5053.04
5050.26	3293.5	460	1.#QNAN	0	0.015	0	5.43788e-008	4449.04	5050.26	5050.61
5047.82	3291.84	461	1.#QNAN	0	0	0	5.34347e-008	4453.81	5047.82	5048.21
5045.33	3290.05	462	1.#QNAN	0	0.016	0	5.35897e-008	4416.44	5045.33	5045.76
5042.85	3288.28	463	1.#QNAN	0	0	0	5.31789e-008	4410.12	5042.85	5043.32
5040.14	3286.44	464	1.#QNAN	0	0.015	0	5.55658e-008	4303.49	5040.14	5040.65
5037.57	3284.68	465	1.#QNAN	0	0	0	5.28241e-008	4366.8	5037.57	5038.12
5035.09	3282.99	466	1.#QNAN	0	0.016	0	5.32297e-008	4388.64	5035.09	5035.68
5032.52	3281.18	467	1.#QNAN	0	0.016	0	5.26973e-008	4383.86	5032.52	5033.14
5029.9	3279.48	468	1.#QNAN	0	0	0	5.54825e-008	4356.19	5029.9	5030.56
5027.48	3277.87	469	1.#QNAN	0	0.015	0	5.30174e-008	4399.13	5027.48	5028.17
5024.95	3276.2	470	1.#QNAN	0	0	0	5.25765e-008	4387.65	5024.95	5025.68
5022.35	3274.4	471	1.#QNAN	0	0.016	0	5.23639e-008	4342.82	5022.35	5023.12
5019.68	3272.62	472	1.#QNAN	0	0	0	5.48327e-008	4321.15	5019.68	5020.49
5017.19	3270.9	473	1.#QNAN	0	0.015	0	5.58863e-008	4395.55	5017.19	5018.04
5014.69	3269.15	474	1.#QNAN	0	0.016	0	5.44032e-008	4384.96	5014.69	5015.57
5012.15	3267.44	475	1.#QNAN	0	0	0	5.55243e-008	4354.04	5012.15	5013.07
5009.74	3265.76	476	1.#QNAN	0	0.016	0	5.8151e-008	4382.42	5009.74	5010.69
5007.12	3264.04	477	1.#QNAN	0	0	0	5.57736e-008	4274.3	5007.12	5008.1
5004.47	3262.25	478	1.#QNAN	0	0.015	0	5.27558e-008	4272.39	5004.47	5005.49
5001.69	3260.45	479	1.#QNAN	0	0.016	0	5.64504e-008	4226.99	5001.69	5002.74
4999.09	3258.75	480	1.#QNAN	0	0	0	5.46624e-008	4279.88	4999.09	5000.17
4996.53	3257.1	481	1.#QNAN	0	0.015	0	5.62896e-008	4306.93	4996.53	4997.65
4993.96	3255.39	482	1.#QNAN	0	0	0	5.76422e-008	4306.88	4993.96	4995.11
4991.52	3253.79	483	1.#QNAN	0	0.016	0	5.66929e-008	4338.61	4991.52	4992.7
4989.02	3252.13	484	1.#QNAN	0	0	0	5.5172e-008	4305.75	4989.02	4990.23
4986.58	3250.42	485	1.#QNAN	0	0.016	0	5.43226e-008	4350	4986.58	4987.82
4984.22	3248.78	486	1.#QNAN	0	0.015	0	5.70286e-008	4358.32	4984.22	4985.49
4981.92	3247.18	487	1.#QNAN	0	0	0	5.90311e-008	4379.22	4981.92	4983.22
4979.56	3245.58	488	1.#QNAN	0	0.016	0	5.53038e-008	4356.37	4979.56	4980.89
4977.11	3243.95	489	1.#QNAN	0	0	0	5.58712e-008	4317.89	4977.11	4978.48
4974.73	3242.37	490	1.#QNAN	0	0.015	0	5.74308e-008	4357.91	4974.73	4976.13
4972.3	3240.77	491	1.#QNAN	0	0	0	5.67966e-008	4296.21	4972.3	4973.73
4969.73	3239.07	492	1.#QNAN	0	0.016	0	5.66845e-008	4236.92	4969.73	4971.18
4967.41	3237.57	493	1.#QNAN	0	0.016	0	5.72233e-008	4318.93	4967.41	4968.88
4964.99	3235.97	494	1.#QNAN	0	0	0	5.82048e-008	4296.69	4964.99	4966.49
4962.6	3234.38	495	1.#QNAN	0	0.015	0	5.82395e-008	4296.02	4962.6	4964.14
4960.21	3232.8	496	1.#QNAN	0	0	0	5.75237e-008	4292.62	4960.21	4961.76
4957.97	3231.28	497	1.#QNAN	0	0.016	0	5.64239e-008	4379.56	4957.97	4959.56
4955.56	3229.71	498	1.#QNAN	0	0	0	5.77977e-008	4294.47	4955.56	4957.16
4953.21	3228.13	499	1.#QNAN	0	0.015	0	5.6045e-008	4318.52	4953.21	4954.84
4950.81	3226.53	500	1.#QNAN	0	0.016	0	5.78808e-008	4287.62	4950.81	4952.48
4948.57	3225.03	501	1.#QNAN	0	0	0	5.83844e-008	4352.39	4948.57	4950.26
4946.31	3223.59	502	1.#QNAN	0	0.016	0	5.59499e-008	4332.76	4946.31	4948.02
4943.89	3221.99	503	1.#QNAN	0	0	0	5.77835e-008	4284.14	4943.89	4945.63
4941.56	3220.45	504	1.#QNAN	0	0.015	0	5.96854e-008	4271.74	4941.56	4943.31
4939.17	3218.96	505	1.#QNAN	0	0	0	5.84994e-008	4280.46	4939.17	4940.95
4936.86	3217.46	506	1.#QNAN	0	0.016	0	5.8987e-008	4288.65	4936.86	4938.66
4934.57	3215.94	507	1.#QNAN	0	0.015	0	5.75891e-008	4290.83	4934.57	4936.4
4932.12	3214.39	508	1.#QNAN	0	0	0	5.79299e-008	4224.54	4932.12	4933.98
4929.78	3212.88	509	1.#QNAN	0	0.016	0	6.05021e-008	4289.7	4929.78	4931.66
4927.44	3211.39	510	1.#QNAN	0	0	0	5.91306e-008	4274.56	4927.44	4929.35
4925.1	3209.88	511	1.#QNAN	0	0.016	0	5.75019e-008	4263.57	4925.1	4927.03
4922.91	3208.48	512	1.#QNAN	0	0	0	5.81857e-008	4344.39	4922.91	4924.86
4920.62	3207.02	513	1.#QNAN	0	0.015	0	5.72718e-008	4249.87	4920.62	4922.6
4918.3	3205.53	514	1.#QNAN	0	0	0	5.73762e-008	4271.35	4918.3	4920.3
4915.97	3204.07	515	1.#QNAN	0	0.016	0	6.04295e-008	4254.26	4915.97	4918
4913.82	3202.66	516	1.#QNAN	0	0.015	0	6.08074e-008	4309.73	4913.82	4915.87
4911.54	3201.2	517	1.#QNAN	0	0	0	6.20343e-008	4242.28	4911.54	4913.61
4909.42	3199.82	518	1.#QNAN	0	0.016	0	5.92021e-008	4300.71	4909.42	4911.52
4907.18	3198.42	519	1.#QNAN	0	0	0	6.17821e-008	4233.41	4907.18	4909.31
4905.11	3196.98	520	1.#QNAN	0	0.016	0	6.17189e-008	4290.19	4905.11	4907.26
4903.04	3195.7	521	1.#QNAN	0	0.015	0	5.90003e-008	4274.72	4903.04	4905.21
4900.84	3194.21	522	1.#QNAN	0	0	0	5.94601e-008	4258.92	4900.84	4903.03
4898.77	3192.88	523	1.#QNAN	0	0.016	0	6.15645e-008	4282.33	4898.77	4900.98
4896.66	3191.5	524	1.#QNAN	0	0	0	6.04842e-008	4257.94	4896.66	4898.89
4894.52	3190.13	525	1.#QNAN	0	0.015	1	5.9486e-008	4220.13	4894.52	4896.78
4892.53	3188.85	526	1.#QNAN	0	0	0	5.88585e-008	4288.26	4892.53	4894.8
4890.39	3187.44	527	1.#QNAN	0	0.016	0	6.20785e-008	4222.18	4890.39	4892.68
4888.09	3185.97	528	1.#QNAN	0	0.016	0	6.2366e-008	4157.51	4888.09	4890.4
4885.85	3184.54	529	1.#QNAN	0	0	0	6.27206e-008	4208.47	4885.85	4888.18
4883.62	3183.1	530	1.#QNAN	0	0.015	0	6.35138e-008	4205.32	4883.62	4885.97
4881.31	3181.64	531	1.#QNAN	0	0	0	6.11383e-008	4132.33	4881.31	4883.67
4878.93	3180.13	532	1.#QNAN	0	0.016	0	6.02032e-008	4147.95	4878.93	4881.31
4876.68	3178.78	533	1.#QNAN	0	0	0	6.21503e-008	4149.85	4876.68	4879.08
4874.57	3177.39	534	1.#QNAN	0	0.015	0	6.28789e-008	4227.98	4874.57	4876.98
4872.39	3175.95	535	1.#QNAN	0	0.016	0	6.27983e-008	4165.59	4872.39	4874.82
4870.17	3174.5	536	1.#QNAN	0	0	0	6.33013e-008	4140.05	4870.17	4872.61
4868.05	3173.17	537	1.#QNAN	0	0.016	0	6.18764e-008	4186.11	4868.05	4870.52
4866.04	3171.81	538	1.#QNAN	0	0	0	6.2903e-008	4231.76	4866.04	4868.52
4863.82	3170.33	539	1.#QNAN	0	0.015	0	6.36805e-008	4174.82	4863.82	4866.32
4861.7	3168.91	540	1.#QNAN	0	0	0	6.28721e-008	4172.64	4861.7	4864.22
4859.52	3167.48	541	1.#QNAN	0	0.016	0	6.28424e-008	4155.89	4859.52	4862.06
4857.41	3166.05	542	1.#QNAN	0	0.015	0	6.50271e-008	4196.63	4857.41	4859.96
4855.37	3164.69	543	1.#QNAN	0	0	0	6.19596e-008	4224.46	4855.37	4857.94
4853.31	3163.27	544	1.#QNAN	0	0.016	0	6.43989e-008	4239.58	4853.31	4855.9
4851.17	3161.89	545	1.#QNAN	0	0	0	6.25798e-008	4220.96	4851.17	4853.78
4849.13	3160.46	546	1.#QNAN	0	0.016	0	6.2641e-008	4237.61	4849.13	4851.76
4847.08	3159.06	547	1.#QNAN	0	0	0	6.27625e-008	4207.98	4847.08	4849.73
4844.96	3157.6	548	1.#QNAN	0	0.015	0	6.13974e-008	4164.26	4844.96	4847.62
4842.86	3156.18	549	1.#QNAN	0	0.016	0	6.42193e-008	4207.85	4842.86	4845.55
4840.81	3154.78	550	1.#QNAN	0	0	0	6.50758e-008	4191.65	4840.81	4843.52
4838.72	3153.35	551	1.#QNAN	0	0.015	0	6.58205e-008	4163.49	4838.72	4841.44
4836.59	3151.92	552	1.#QNAN	0	0	0	6.56557e-008	4154.42	4836.59	4839.33
4834.51	3150.53	553	1.#QNAN	0	0.016	0	6.52992e-008	4152.51	4834.51	4837.26
4832.45	3149.13	554	1.#QNAN	0	0	0	6.66873e-008	4196.53	4832.45	4835.22
4830.32	3147.66	555	1.#QNAN	0	0.016	0	6.52395e-008	4141.12	4830.32	4833.1
4828.26	3146.31	556	1.#QNAN	0	0.015	0	6.53795e-008	4152.56	4828.26	4831.06
4826.14	3144.85	557	1.#QNAN	0	0	0	6.72274e-008	4149.47	4826.14	4828.95
4824.05	3143.48	558	1.#QNAN	0	0.016	0	6.45546e-008	4155.78	4824.05	4826.88
4821.95	3142.07	559	1.#QNAN	0	0	0	6.54898e-008	4139.07	4821.95	4824.79
4819.76	3140.65	560	1.#QNAN	0	0.015	0	6.83573e-008	4113.57	4819.76	4822.62
4817.64	3139.28	561	1.#QNAN	0	0.016	0	6.53839e-008	4117.93	4817.64	4820.51
4815.45	3137.84	562	1.#QNAN	0	0	0	6.7514e-008	4098.36	4815.45	4818.33
4813.36	3136.41	563	1.#QNAN	0	0.016	0	6.59014e-008	4149.92	4813.36	4816.25
4811.17	3134.95	564	1.#QNAN	0	0	0	6.52769e-008	4118.81	4811.17	4814.07
4809.1	3133.56	565	1.#QNAN	0	0.015	0	6.58483e-008	4155.57	4809.1	4812.02
4806.89	3132.1	566	1.#QNAN	0	0.016	0	6.74958e-008	4090.55	4806.89	4809.82
4804.76	3130.62	567	1.#QNAN	0	0	0	6.6692e-008	4100.11	4804.76	4807.7
4802.63	3129.14	568	1.#QNAN	0	0.015	0	6.72209e-008	4106.19	4802.63	4805.58
4800.57	3127.71	569	1.#QNAN	0	0	0	6.89755e-008	4126.64	4800.57	4803.54
4798.47	3126.26	570	1.#QNAN	0	0.016	0	6.7582e-008	4146.28	4798.47	4801.46
4796.38	3124.83	571	1.#QNAN	0	0	0	6.74536e-008	4115.55	4796.38	4799.38
4794.17	3123.33	572	1.#QNAN	0	0.016	0	6.85704e-008	4064.09	4794.17	4797.18
4792.04	3121.85	573	1.#QNAN	0	0.015	0	6.90644e-008	4095.78	4792.04	4795.07
4789.97	3120.4	574	1.#QNAN	0	0	0	6.69179e-008	4121.21	4789.97	4793.01
4787.91	3118.96	575	1.#QNAN	0	0.016	0	6.76189e-008	4122.29	4787.91	4790.96
4785.79	3117.53	576	1.#QNAN	0	0	0	6.92018e-008	4046.8	4785.79	4788.85
4783.73	3116.1	577	1.#QNAN	0	0.015	0	6.81892e-008	4117.61	4783.73	4786.81
4781.61	3114.68	578	1.#QNAN	0	0	0	6.78398e-008	4090.48	4781.61	4784.71
4779.58	3113.21	579	1.#QNAN	0	0.016	0	6.42668e-008	4103.98	4779.58	4782.69
4777.53	3111.84	580	1.#QNAN	0	0.016	0	6.8046e-008	4094.86	4777.53	4780.65
4775.44	3110.42	581	1.#QNAN	0	0	0	6.77447e-008	4079.74	4775.44	4778.57
4773.44	3109.05	582	1.#QNAN	0	0.015	0	6.78377e-008	4111.35	4773.44	4776.59
4771.25	3107.57	583	1.#QNAN	0	0	0	6.72806e-008	4034.84	4771.25	4774.4
4769.07	3106.14	584	1.#QNAN	0	0.016	0	6.83643e-008	4017	4769.07	4772.24
4766.94	3104.77	585	1.#QNAN	0	0	0	6.67568e-008	4044.59	4766.94	4770.12
4764.93	3103.39	586	1.#QNAN	0	0.015	0	6.98788e-008	4088.33	4764.93	4768.12
4762.88	3102.07	587	1.#QNAN	0	0.016	0	6.87148e-008	4046.86	4762.88	4766.08
4760.77	3100.67	588	1.#QNAN	0	0	0	7.00195e-008	4028.76	4760.77	4763.98
4758.63	3099.28	589	1.#QNAN	0	0.016	0	7.21419e-008	4005.16	4758.63	4761.84
4756.55	3097.93	590	1.#QNAN	0	0	0	6.89215e-008	4017.33	4756.55	4759.77
4754.4	3096.54	591	1.#QNAN	0	0.015	0	7.18732e-008	4030.25	4754.4	4757.63
4752.24	3095.15	592	1.#QNAN	0	0.016	0	6.92098e-008	3966.2	4752.24	4755.48
4750.08	3093.79	593	1.#QNAN	0	0	0	7.13035e-008	3974.83	4750.08	4753.33
4747.9	3092.38	594	1.#QNAN	0	0.015	0	6.80016e-008	3941.71	4747.9	4751.15
4745.77	3091	595	1.#QNAN	0	0	0	7.15702e-008	3973.23	4745.77	4749.02
4743.66	3089.61	596	1.#QNAN	0	0.016	0	6.94825e-008	4004.78	4743.66	4746.93
4741.5	3088.22	597	1.#QNAN	0	0	0	7.24553e-008	3973.34	4741.5	4744.78
4739.42	3086.87	598	1.#QNAN	0	0.016	0	6.96996e-008	3995.24	4739.42	4742.7
4737.35	3085.52	599	1.#QNAN	0	0.015	0	7.14464e-008	4011.89	4737.35	4740.64
4735.29	3084.21	600	1.#QNAN	0	0	0	7.02243e-008	4023.8	4735.29	4738.58
4733.19	3082.85	601	1.#QNAN	0	0.016	0	7.23814e-008	4022.03	4733.19	4736.49
4731.17	3081.51	602	1.#QNAN	0	0	0	7.21561e-008	4054.69	4731.17	4734.48
4729.2	3080.17	603	1.#QNAN	0	0.015	0	7.09952e-008	4097.25	4729.2	4732.51
4727.27	3078.87	604	1.#QNAN	0	0	0	7.27552e-008	4087.2	4727.27	4730.58
4725.29	3077.54	605	1.#QNAN	0	0.016	0	7.02104e-008	4040.54	4725.29	4728.6
4723.3	3076.17	606	1.#QNAN	0	0.016	0	6.90254e-008	4055.82	4723.3	4726.62
4721.25	3074.83	607	1.#QNAN	0	0	0	7.10119e-008	4007.08	4721.25	4724.58
4719.21	3073.46	608	1.#QNAN	0	0.015	0	7.24407e-008	3997.32	4719.21	4722.55
4717.12	3072.09	609	1.#QNAN	0	0	0	7.26936e-008	3964.5	4717.12	4720.47
4715.14	3070.79	610	1.#QNAN	0	0.016	0	7.09883e-008	3989.54	4715.14	4718.48
4713.1	3069.46	611	1.#QNAN	0	0	0	7.40949e-008	4007.33	4713.1	4716.45
4711	3068.08	612	1.#QNAN	0	0.015	0	7.22682e-008	3982.4	4711	4714.36
4709.09	3066.81	613	1.#QNAN	0	0.016	0	7.29684e-008	4042.43	4709.09	4712.45
4707.1	3065.51	614	1.#QNAN	0	0	0	7.33319e-008	3986.84	4707.1	4710.47
4705.13	3064.2	615	1.#QNAN	0	0.016	0	7.41089e-008	4022.25	4705.13	4708.5
4703.17	3062.85	616	1.#QNAN	0	0	0	7.22552e-008	4043.31	4703.17	4706.55
4701.21	3061.52	617	1.#QNAN	0	0.015	0	7.07917e-008	4055.72	4701.21	4704.6
4699.25	3060.24	618	1.#QNAN	0	0	0	7.49714e-008	4020	4699.25	4702.63
4697.4	3058.98	619	1.#QNAN	0	0.016	0	7.19339e-008	4025.81	4697.4	4700.79
4695.45	3057.7	620	1.#QNAN	0	0.015	0	7.50024e-008	4014.49	4695.45	4698.85
4693.48	3056.41	621	1.#QNAN	0	0	0	7.34723e-008	3968.29	4693.48	4696.88
4691.43	3055.05	622	1.#QNAN	0	0.016	0	7.52431e-008	3929.64	4691.43	4694.83
4689.45	3053.73	623	1.#QNAN	0	0	0	7.64854e-008	4017.65	4689.45	4692.86
4687.38	3052.34	624	1.#QNAN	0	0.016	0	7.55077e-008	3986.12	4687.38	4690.78
4685.35	3051.01	625	1.#QNAN	0	0	0	7.59365e-008	3950.34	4685.35	4688.76
4683.32	3049.63	626	1.#QNAN	0	0.015	0	7.68505e-008	3955.16	4683.32	4686.73
4681.33	3048.26	627	1.#QNAN	0	0.016	0	7.77899e-008	3964.31	4681.33	4684.74
4679.33	3046.92	628	1.#QNAN	0	0	0	7.64106e-008	3934.41	4679.33	4682.74
4677.27	3045.56	629	1.#QNAN	0	0.015	0	8.02716e-008	3914.2	4677.27	4680.68
4675.31	3044.24	630	1.#QNAN	0	0	0	7.90007e-008	3930.4	4675.31	4678.73
4673.32	3042.87	631	1.#QNAN	0	0.016	0	7.56947e-008	3950.62	4673.32	4676.74
4671.31	3041.5	632	1.#QNAN	0	0	0	7.53819e-008	3904.53	4671.31	4674.74
4669.28	3040.1	633	1.#QNAN	0	0.016	0	7.73428e-008	3928.98	4669.28	4672.71
4667.23	3038.76	634	1.#QNAN	0	0	0	7.36519e-008	3940.11	4667.23	4670.66
4665.2	3037.39	635	1.#QNAN	0	0.015	0	7.92408e-008	3941.29	4665.2	4668.63
4663.2	3036.05	636	1.#QNAN	0	0.016	1	7.72261e-008	3920.65	4663.2	4666.64
4661.22	3034.74	637	1.#QNAN	0	0	0	7.99917e-008	3901.89	4661.22	4664.66
4659.33	3033.48	638	1.#QNAN	0	0.015	0	7.82211e-008	3949.25	4659.33	4662.77
4657.5	3032.24	639	1.#QNAN	0	0	0	7.83646e-008	3962.2	4657.5	4660.94
4655.55	3030.92	640	1.#QNAN	0	0.016	0	7.98456e-008	3912.64	4655.55	4658.99
4653.64	3029.64	641	1.#QNAN	0	0.016	0	7.22723e-008	3930.52	4653.64	4657.09
4651.74	3028.34	642	1.#QNAN	0	0	0	7.48204e-008	3927.64	4651.74	4655.2
4649.88	3027.07	643	1.#QNAN	0	0.015	0	7.93482e-008	3945.94	4649.88	4653.34
4648.05	3025.76	644	1.#QNAN	0	0	0	7.96628e-008	3951.06	4648.05	4651.51
4646.2	3024.46	645	1.#QNAN	0	0.016	0	7.5935e-008	3954.42	4646.2	4649.67
4644.4	3023.23	646	1.#QNAN	0	0	0	7.83627e-008	3939.72	4644.4	4647.87
4642.52	3021.89	647	1.#QNAN	0	0.015	0	8.12455e-008	3890.7	4642.52	4645.99
4640.67	3020.6	648	1.#QNAN	0	0	0	7.90838e-008	3920.55	4640.67	4644.15
4638.79	3019.26	649	1.#QNAN	0	0.016	0	8.56544e-008	3906.27	4638.79	4642.27
4636.89	3017.93	650	1.#QNAN	0	0.016	0	7.8943e-008	3880.52	4636.89	4640.37
4634.95	3016.57	651	1.#QNAN	0	0	0	7.9298e-008	3841.65	4634.95	4638.44
4633.13	3015.3	652	1.#QNAN	0	0.015	0	8.1567e-008	3891.94	4633.13	4636.62
4631.27	3013.99	653	1.#QNAN	0	0	0	8.17601e-008	3871.5	4631.27	4634.77
4629.38	3012.64	654	1.#QNAN	0	0.016	0	7.99345e-008	3842.49	4629.38	4632.87
4627.41	3011.28	655	1.#QNAN	0	0	0	8.26288e-008	3803.84	4627.41	4630.91
4625.52	3009.94	656	1.#QNAN	0	0.015	0	8.2656e-008	3857.39	4625.52	4629.02
4623.65	3008.58	657	1.#QNAN	0	0.016	0	8.16942e-008	3861.8	4623.65	4627.15
4621.7	3007.22	658	1.#QNAN	0	0	0	8.07764e-008	3806.14	4621.7	4625.2
4619.78	3005.93	659	1.#QNAN	0	0.016	0	8.33998e-008	3809.24	4619.78	4623.28
4617.8	3004.57	660	1.#QNAN	0	0	0	8.43877e-008	3781.58	4617.8	4621.3
4615.92	3003.25	661	1.#QNAN	0	0.015	0	8.29382e-008	3851.37	4615.92	4619.42
4613.96	3001.9	662	1.#QNAN	0	0	0	8.47319e-008	3796.17	4613.96	4617.47
4611.98	3000.51	663	1.#QNAN	0	0.016	0	8.38349e-008	3796.29	4611.98	4615.49
4610.04	2999.18	664	1.#QNAN	0	0.015	0	8.51534e-008	3778.51	4610.04	4613.55
4608.1	2997.83	665	1.#QNAN	0	0	0	7.94436e-008	3811.64	4608.1	4611.61
4606.18	2996.5	666	1.#QNAN	0	0.016	0	8.28274e-008	3818.73	4606.18	4609.69
4604.25	2995.17	667	1.#QNAN	0	0	0	8.25189e-008	3815.67	4604.25	4607.76
4602.36	2993.89	668	1.#QNAN	0	0.016	0	8.16106e-008	3815.33	4602.36	4605.88
4600.51	2992.61	669	1.#QNAN	0	0	0	8.45804e-008	3801.26	4600.51	4604.03
4598.58	2991.3	670	1.#QNAN	0	0.015	0	8.49839e-008	3791.23	4598.58	4602.09
4596.58	2989.92	671	1.#QNAN	0	0.016	0	8.5024e-008	3759.42	4596.58	4600.1
4594.67	2988.62	672	1.#QNAN	0	0	0	8.38336e-008	3789.22	4594.67	4598.19
4592.78	2987.3	673	1.#QNAN	0	0.015	0	8.63649e-008	3770.61	4592.78	4596.29
4590.88	2986.03	674	1.#QNAN	0	0	0	8.42997e-008	3776.57	4590.88	4594.4
4588.96	2984.74	675	1.#QNAN	0	0.016	0	8.41218e-008	3780.92	4588.96	4592.48
4587.07	2983.44	676	1.#QNAN	0	0.016	0	8.69702e-008	3806.27	4587.07	4590.59
4585.2	2982.14	677	1.#QNAN	0	0	0	8.73696e-008	3808.32	4585.2	4588.72
4583.24	2980.81	678	1.#QNAN	0	0.015	0	8.53302e-008	3752.28	4583.24	4586.76
4581.31	2979.47	679	1.#QNAN	0	0	0	8.40181e-008	3787.37	4581.31	4584.83
4579.47	2978.18	680	1.#QNAN	0	0.016	0	8.43197e-008	3857.28	4579.47	4582.98
4577.52	2976.85	681	1.#QNAN	0	0	0	8.60363e-008	3748.47	4577.52	4581.04
4575.67	2975.58	682	1.#QNAN	0	0.015	0	8.62494e-008	3789.89	4575.67	4579.18
4573.75	2974.31	683	1.#QNAN	0	0.016	0	8.38572e-008	3745.56	4573.75	4577.27
4571.86	2973.02	684	1.#QNAN	0	0	0	8.62808e-008	3762	4571.86	4575.38
4569.96	2971.71	685	1.#QNAN	0	0.016	0	8.49518e-008	3739.37	4569.96	4573.48
4568.17	2970.48	686	1.#QNAN	0	0	0	8.63222e-008	3818.28	4568.17	4571.69
4566.4	2969.27	687	1.#QNAN	0	0.015	0	8.37698e-008	3813.38	4566.4	4569.93
4564.56	2967.99	688	1.#QNAN	0	0	0	8.4161e-008	3758.76	4564.56	4568.08
4562.77	2966.75	689	1.#QNAN	0	0.016	0	8.87988e-008	3803.25	4562.77	4566.3
4560.87	2965.46	690	1.#QNAN	0	0	0	8.48584e-008	3720.33	4560.87	4564.4
4559.05	2964.17	691	1.#QNAN	0	0	0	8.74961e-008	3789.76	4559.05	4562.57
4557.12	2962.85	692	1.#QNAN	0	0.016	0	8.68161e-008	3754.3	4557.12	4560.65
4555.24	2961.54	693	1.#QNAN	0	0	0	8.86487e-008	3766.47	4555.24	4558.77
4553.44	2960.24	694	1.#QNAN	0	0.016	0	8.91306e-008	3822.25	4553.44	4556.96
4551.61	2959.01	695	1.#QNAN	0	0	0	8.79437e-008	3791.79	4551.61	4555.13
4549.71	2957.74	696	1.#QNAN	0	0.015	0	8.93824e-008	3759.39	4549.71	4553.24
4547.84	2956.46	697	1.#QNAN	0	0.016	0	9.00012e-008	3781.59	4547.84	4551.37
4545.94	2955.17	698	1.#QNAN	0	0	0	8.73636e-008	3738.94	4545.94	4549.47
4544.05	2953.88	699	1.#QNAN	0	0.015	0	8.89114e-008	3749.34	4544.05	4547.58
4542.2	2952.6	700	1.#QNAN	0	0	0	9.11328e-008	3746.25	4542.2	4545.73
4540.3	2951.32	701	1.#QNAN	0	0.016	0	9.20011e-008	3699.39	4540.3	4543.83
4538.37	2950.05	702	1.#QNAN	0	0	0	8.92665e-008	3661.29	4538.37	4541.9
4536.51	2948.79	703	1.#QNAN	0	0.016	0	8.995e-008	3726.54	4536.51	4540.05
4534.66	2947.49	704	1.#QNAN	0	0.015	0	8.47839e-008	3728.85	4534.66	4538.19
4532.78	2946.18	705	1.#QNAN	0	0	0	9.35514e-008	3716.42	4532.78	4536.32
4530.9	2944.88	706	1.#QNAN	0	0.016	0	9.07418e-008	3732.97	4530.9	4534.44
4529.08	2943.61	707	1.#QNAN	0	0	0	9.0178e-008	3748.87	4529.08	4532.61
4527.22	2942.34	708	1.#QNAN	0	0.015	0	9.11762e-008	3720.87	4527.22	4530.75
4525.38	2941.12	709	1.#QNAN	0	0	0	9.41223e-008	3729.41	4525.38	4528.92
4523.54	2939.86	710	1.#QNAN	0	0.016	0	9.12123e-008	3738.45	4523.54	4527.07
4521.63	2938.57	711	1.#QNAN	0	0.016	0	8.70939e-008	3674.13	4521.63	4525.16
4519.75	2937.32	712	1.#QNAN	0	0	0	8.87236e-008	3677.17	4519.75	4523.28
4517.93	2936.07	713	1.#QNAN	0	0.015	0	9.18122e-008	3717.96	4517.93	4521.46
4516.06	2934.81	714	1.#QNAN	0	0	0	9.36866e-008	3696.79	4516.06	4519.59
4514.2	2933.51	715	1.#QNAN	0	0.016	0	9.25297e-008	3717.38	4514.2	4517.73
4512.3	2932.17	716	1.#QNAN	0	0	0	9.02517e-008	3689.53	4512.3	4515.83
4510.4	2930.84	717	1.#QNAN	0	0.015	0	9.07105e-008	3689	4510.4	4513.93
4508.47	2929.49	718	1.#QNAN	0	0	0	9.08857e-008	3682.94	4508.47	4512
4506.55	2928.19	719	1.#QNAN	0	0	0	9.59382e-008	3669.04	4506.55	4510.08
4504.67	2926.88	720	1.#QNAN	0	0.016	0	9.61454e-008	3695.79	4504.67	4508.2
4502.73	2925.56	721	1.#QNAN	0	0	0	9.23335e-008	3647.71	4502.73	4506.26
4500.79	2924.22	722	1.#QNAN	0	0.015	0	9.23863e-008	3640.83	4500.79	4504.31
4498.9	2922.94	723	1.#QNAN	0	0	0	9.63943e-008	3657.9	4498.9	4502.43
4496.94	2921.6	724	1.#QNAN	0	0.016	0	9.87912e-008	3639.66	4496.94	4500.46
4494.98	2920.29	725	1.#QNAN	0	0	0	9.50299e-008	3611.85	4494.98	4498.49
4493.02	2918.94	726	1.#QNAN	0	0.015	0	9.67642e-008	3620.65	4493.02	4496.53
4491.11	2917.62	727	1.#QNAN	0	0.016	0	9.5771e-008	3632.46	4491.11	4494.62
4489.26	2916.32	728	1.#QNAN	0	0	0	9.76613e-008	3683.87	4489.26	4492.77
4487.38	2915.05	729	1.#QNAN	0	0.016	0	9.7263e-008	3644.95	4487.38	4490.89
4485.51	2913.73	730	1.#QNAN	0	0	0	9.52963e-008	3665.6	4485.51	4489.02
4483.58	2912.43	731	1.#QNAN	0	0.015	0	9.53493e-008	3590.35	4483.58	4487.09
4481.74	2911.16	732	1.#QNAN	0	0	0	9.9046e-008	3643.18	4481.74	4485.24
4479.91	2909.88	733	1.#QNAN	0	0.016	0	9.84723e-008	3624.05	4479.91	4483.42
4478.02	2908.59	734	1.#QNAN	0	0.015	0	9.3008e-008	3596.76	4478.02	4481.52
4476.14	2907.28	735	1.#QNAN	0	0	0	9.67396e-008	3605.64	4476.14	4479.64
4474.16	2905.97	736	1.#QNAN	0	0.016	0	9.55351e-008	3526.06	4474.16	4477.66
4472.25	2904.7	737	1.#QNAN	0	0	0	9.71427e-008	3579.46	4472.25	4475.75
4470.34	2903.4	738	1.#QNAN	0	0.016	0	9.70448e-008	3569.97	4470.34	4473.84
4468.32	2902.08	739	1.#QNAN	0	0	0	9.79731e-008	3520.1	4468.32	4471.81
4466.28	2900.75	740	1.#QNAN	0	0.015	0	9.73842e-008	3508.09	4466.28	4469.78
4464.33	2899.46	741	1.#QNAN	0	0.016	0	9.83241e-008	3536.89	4464.33	4467.83
4462.42	2898.21	742	1.#QNAN	0	0	0	9.75281e-008	3586.54	4462.42	4465.92
4460.46	2896.93	743	1.#QNAN	0	0.015	0	9.79978e-008	3522.42	4460.46	4463.96
4458.55	2895.7	744	1.#QNAN	0	0	0	1.0048e-007	3547.89	4458.55	4462.04
4456.66	2894.46	745	1.#QNAN	0	0.016	0	9.92144e-008	3561.65	4456.66	4460.15
4454.77	2893.21	746	1.#QNAN	0	0.016	0	1.00066e-007	3549.71	4454.77	4458.26
4452.88	2891.93	747	1.#QNAN	0	0	0	9.84558e-008	3562.01	4452.88	4456.37
4451.01	2890.68	748	1.#QNAN	0	0.015	1	9.46274e-008	3581.14	4451.01	4454.5
4449.07	2889.37	749	1.#QNAN	0	0	0	9.77154e-008	3531.04	4449.07	4452.56
4447.16	2888.07	750	1.#QNAN	0	0.016	0	9.88373e-008	3547.23	4447.16	4450.65
4445.24	2886.81	751	1.#QNAN	0	0	0	9.92273e-008	3552.1	4445.24	4448.72
4443.34	2885.56	752	1.#QNAN	0	0.015	0	9.99861e-008	3560.9	4443.34	4446.82
4441.5	2884.28	753	1.#QNAN	0	0.016	0	1.00176e-007	3592.7	4441.5	4444.97
4439.47	2882.95	754	1.#QNAN	0	0	0	1.01348e-007	3513.75	4439.47	4442.95
4437.55	2881.69	755	1.#QNAN	0	0.016	0	1.02549e-007	3535.04	4437.55	4441.02
4435.69	2880.45	756	1.#QNAN	0	0	0	1.05215e-007	3558.02	4435.69	4439.16
4433.83	2879.18	757	1.#QNAN	0	0.015	0	1.01444e-007	3573.74	4433.83	4437.3
4431.97	2877.88	758	1.#QNAN	0	0	0	1.0732e-007	3584.13	4431.97	4435.43
4430.04	2876.57	759	1.#QNAN	0	0.016	0	1.03381e-007	3535.95	4430.04	4433.5
4428.11	2875.31	760	1.#QNAN	0	0.015	0	1.01368e-007	3494.72	4428.11	4431.56
4426.22	2874.01	761	1.#QNAN	0	0	0	1.0391e-007	3564.51	4426.22	4429.68
4424.44	2872.78	762	1.#QNAN	0	0.016	0	9.8832e-008	3618.1	4424.44	4427.9
4422.64	2871.54	763	1.#QNAN	0	0	0	9.84625e-008	3558.44	4422.64	4426.1
4420.84	2870.31	764	1.#QNAN	0	0.016	0	1.04222e-007	3545.54	4420.84	4424.29
4418.98	2869.08	765	1.#QNAN	0	0	0	1.0084e-007	3532.7	4418.98	4422.43
4417.19	2867.86	766	1.#QNAN	0	0.015	0	1.00653e-007	3518.99	4417.19	4420.63
4415.38	2866.64	767	1.#QNAN	0	0	0	1.00514e-007	3562.81	4415.38	4418.83
4413.63	2865.44	768	1.#QNAN	0	0	0	1.02849e-007	3576	4413.63	4417.07
4411.85	2864.22	769	1.#QNAN	0	0.015	0	1.02611e-007	3550.67	4411.85	4415.29
4410.11	2863.04	770	1.#QNAN	0	0	0	1.02278e-007	3583.6	4410.11	4413.55
4408.26	2861.8	771	1.#QNAN	0	0.016	0	1.03544e-007	3489.41	4408.26	4411.7
4406.45	2860.58	772	1.#QNAN	0	0	0	1.01486e-007	3532.9	4406.45	4409.88
4404.54	2859.32	773	1.#QNAN	0	0.016	0	1.04509e-007	3482.53	4404.54	4407.97
4402.65	2858.04	774	1.#QNAN	0	0	0	1.05209e-007	3492.56	4402.65	4406.07
4400.78	2856.79	775	1.#QNAN	0	0.015	0	1.10756e-007	3510.07	4400.78	4404.2
4398.9	2855.56	776	1.#QNAN	0	0.016	0	1.06292e-007	3501.61	4398.9	4402.31
4397.03	2854.31	777	1.#QNAN	0	0	0	1.07125e-007	3523.5	4397.03	4400.44
4395.15	2853.05	778	1.#QNAN	0	0.015	0	1.04718e-007	3502.01	4395.15	4398.55
4393.25	2851.8	779	1.#QNAN	0	0	0	1.0345e-007	3496.75	4393.25	4396.65
4391.37	2850.56	780	1.#QNAN	0	0.016	0	1.03663e-007	3492.9	4391.37	4394.76
4389.49	2849.33	781	1.#QNAN	0	0	0	1.07809e-007	3467.64	4389.49	4392.88
4387.74	2848.18	782	1.#QNAN	0	0.016	0	1.06588e-007	3546.57	4387.74	4391.13
4385.99	2846.97	783	1.#QNAN	0	0.015	0	1.06925e-007	3554.04	4385.99	4389.37
4384.2	2845.76	784	1.#QNAN	0	0	0	1.08786e-007	3510.31	4384.2	4387.58
4382.41	2844.55	785	1.#QNAN	0	0.016	0	1.0853e-007	3513.89	4382.41	4385.79
4380.55	2843.31	786	1.#QNAN	0	0	0	1.10934e-007	3481.59	4380.55	4383.93
4378.77	2842.09	787	1.#QNAN	0	0.015	0	1.09356e-007	3538.9	4378.77	4382.14
4376.98	2840.85	788	1.#QNAN	0	0	0	1.07197e-007	3521.9	4376.98	4380.35
4375.21	2839.64	789	1.#QNAN	0	0.016	0	1.09042e-007	3531.33	4375.21	4378.58
4373.44	2838.45	790	1.#QNAN	0	0.016	0	1.10189e-007	3495.92	4373.44	4376.81
4371.64	2837.28	791	1.#QNAN	0	0	0	1.10444e-007	3512.87	4371.64	4375.01
4369.81	2836.08	792	1.#QNAN	0	0.015	0	1.10972e-007	3471.44	4369.81	4373.18
4368.08	2834.94	793	1.#QNAN	0	0	0	1.11199e-007	3514.15	4368.08	4371.44
4366.27	2833.74	794	1.#QNAN	0	0.016	0	1.07886e-007	3478.34	4366.27	4369.63
4364.45	2832.51	795	1.#QNAN	0	0	0	1.10342e-007	3454.96	4364.45	4367.8
4362.68	2831.32	796	1.#QNAN	0	0.015	0	1.08808e-007	3495.25	4362.68	4366.04
4360.83	2830.08	797	1.#QNAN	0	0.016	0	1.10337e-007	3475.93	4360.83	4364.18
4359.04	2828.88	798	1.#QNAN	0	0	0	1.04391e-007	3467.68	4359.04	4362.39
4357.29	2827.69	799	1.#QNAN	0	0.016	0	1.10708e-007	3473.66	4357.29	4360.63
