rmse	mae	#iter	time_pred	time_learn	time_learn2	time_learn4	alpha	rmse_mcmc_this	rmse_mcmc_all	rmse_mcmc_all_but5
3378.37	2350.88	0	1.#QNAN	0	0.016	0	3.86797e-009	3378.37	3378.37	4287.87
3162.97	2203.48	1	1.#QNAN	0	0.031	0	6.33805e-008	3089.37	3162.97	4287.87
3059.78	2148.16	2	1.#QNAN	0	0.016	0	8.37191e-008	2901.14	3059.78	4287.87
2990.7	2112.64	3	1.#QNAN	0	0.015	0	9.00366e-008	2825.85	2990.7	4287.87
2926.7	2077.78	4	1.#QNAN	0	0.016	0	9.82724e-008	2700.86	2926.7	37538.7
2874.55	2046.82	5	1.#QNAN	0	0.016	0	1.07642e-007	2641.18	2874.55	2641.18
2824.05	2019.18	6	1.#QNAN	0	0.015	0	1.18943e-007	2553.94	2824.05	2590.12
2778.71	1990.81	7	1.#QNAN	0	0.031	0	1.32678e-007	2498.04	2778.71	2551.49
2724.2	1958.27	8	1.#QNAN	0	0.016	0	1.45769e-007	2337.89	2724.2	2492
2675.06	1926.74	9	1.#QNAN	0	0.016	0	1.61828e-007	2293.6	2675.06	2446.29
2624.73	1895	10	1.#QNAN	0	0.015	0	1.84026e-007	2199.94	2624.73	2398.84
2574.02	1861.6	11	1.#QNAN	0	0.031	0	1.98969e-007	2123.64	2574.02	2351.09
2522.11	1826.94	12	1.#QNAN	0	0.016	0	2.33018e-007	2032.5	2522.11	2301.69
2472.53	1793.63	13	1.#QNAN	0	0.016	0	2.50191e-007	1976.38	2472.53	2256.27
2424.78	1761.39	14	1.#QNAN	0	0.015	0	2.83798e-007	1940.73	2424.78	2213.78
2378	1730.15	15	1.#QNAN	0	0.016	0	3.11295e-007	1875.23	2378	2172.41
2334.96	1700.18	16	1.#QNAN	0	0.031	0	3.32506e-007	1857.25	2334.96	2135.93
2293.4	1670.92	17	1.#QNAN	0	0.016	0	3.40698e-007	1821.08	2293.4	2100.83
2253.86	1642.43	18	1.#QNAN	0	0.015	0	3.8129e-007	1785.52	2253.86	2067.68
2215.05	1614.26	19	1.#QNAN	0	0.016	0	3.84339e-007	1756.63	2215.05	2035.44
2179.45	1588.13	20	1.#QNAN	0	0.015	0	4.08437e-007	1745.99	2179.45	2006.62
2146.76	1563.91	21	1.#QNAN	0	0.016	0	4.19741e-007	1734.77	2146.76	1980.73
2115.25	1539.81	22	1.#QNAN	0	0.016	0	4.4071e-007	1713.09	2115.25	1955.74
2085.07	1516.82	23	1.#QNAN	0	0.015	0	4.56816e-007	1682.81	2085.07	1931.8
2056.92	1494.82	24	1.#QNAN	0	0.031	0	4.73028e-007	1687.42	2056.92	1909.89
2031.93	1475.19	25	1.#QNAN	0	0.016	0	4.61731e-007	1675.25	2031.93	1890.95
2009.24	1457	26	1.#QNAN	0	0.016	0	4.6993e-007	1670.95	2009.24	1874.07
1987.59	1439.55	27	1.#QNAN	0	0.015	0	4.78575e-007	1651.4	1987.59	1857.74
1967.39	1423.09	28	1.#QNAN	0	0.016	0	4.96404e-007	1648.29	1967.39	1842.82
1948.68	1407.78	29	1.#QNAN	0	0.015	0	4.86416e-007	1647.89	1948.68	1829.19
1931.92	1393.55	30	1.#QNAN	0	0.016	0	4.91599e-007	1663.1	1931.92	1817.47
1915.93	1379.96	31	1.#QNAN	0	0.031	0	5.21995e-007	1646.83	1915.93	1806.22
1901.27	1367.44	32	1.#QNAN	0	0.016	0	5.05127e-007	1667.33	1901.27	1796.05
1887.95	1355.25	33	1.#QNAN	0	0.015	0	5.12635e-007	1673.18	1887.95	1787.12
1874.43	1343.33	34	1.#QNAN	0	0.016	0	5.23425e-007	1620.9	1874.43	1777.49
1861.62	1331.73	35	1.#QNAN	0	0.016	0	5.31987e-007	1632.74	1861.62	1768.56
1849.24	1320.37	36	1.#QNAN	0	0.015	0	5.56998e-007	1609.98	1849.24	1759.75
1837.76	1309.71	37	1.#QNAN	0	0.016	0	5.34093e-007	1625.1	1837.76	1751.75
1826.57	1299.35	38	1.#QNAN	0	0.031	0	5.47781e-007	1600.86	1826.57	1743.8
1816.07	1289.47	39	1.#QNAN	0	0.016	0	5.43085e-007	1606.9	1816.07	1736.46
1806.25	1280.24	40	1.#QNAN	0	0.015	1	5.5715e-007	1597.46	1806.25	1729.59
1796.64	1270.95	41	1.#QNAN	0	0.016	0	5.40297e-007	1609.12	1796.64	1722.87
1787.76	1262.63	42	1.#QNAN	0	0.015	0	5.69581e-007	1591.72	1787.76	1716.65
1778.75	1254.23	43	1.#QNAN	0	0.016	0	5.66697e-007	1564.62	1778.75	1710.13
1770.52	1246.21	44	1.#QNAN	0	0.031	0	5.76827e-007	1575.62	1770.52	1704.28
1763.13	1238.91	45	1.#QNAN	0	0.016	0	5.81546e-007	1590	1763.13	1699.16
1755.43	1231.37	46	1.#QNAN	0	0.015	0	5.85665e-007	1548.9	1755.43	1693.48
1748.06	1224.09	47	1.#QNAN	0	0.016	0	5.69636e-007	1556.8	1748.06	1688.04
1741.36	1217.39	48	1.#QNAN	0	0.016	0	5.91037e-007	1566.51	1741.36	1683.23
1734.45	1210.83	49	1.#QNAN	0	0.015	0	5.98122e-007	1551.51	1734.45	1678.05
1727.76	1204.31	50	1.#QNAN	0	0.016	0	6.14963e-007	1545.86	1727.76	1673.01
1721.62	1197.99	51	1.#QNAN	0	0.031	0	6.15265e-007	1578.21	1721.62	1668.52
1715.01	1191.7	52	1.#QNAN	0	0.016	0	6.42595e-007	1523.1	1715.01	1663.35
1709.07	1185.88	53	1.#QNAN	0	0.015	0	6.31215e-007	1554.75	1709.07	1658.92
1703.32	1180.08	54	1.#QNAN	0	0.016	0	6.53724e-007	1561.58	1703.32	1654.6
1697.92	1174.56	55	1.#QNAN	0	0.015	0	6.56853e-007	1559.39	1697.92	1650.53
1693.15	1169.27	56	1.#QNAN	0	0.016	0	6.74876e-007	1578.58	1693.15	1647.07
1688.34	1164.07	57	1.#QNAN	0	0.016	0	6.54734e-007	1561.84	1688.34	1643.51
1683.65	1159.12	58	1.#QNAN	0	0.015	0	6.70381e-007	1551.04	1683.65	1639.98
1679.3	1154.45	59	1.#QNAN	0	0.031	0	6.73479e-007	1558.34	1679.3	1636.79
1674.86	1149.9	60	1.#QNAN	0	0.016	0	6.65693e-007	1548.81	1674.86	1633.46
1670.79	1145.4	61	1.#QNAN	0	0.016	0	6.77692e-007	1561.63	1670.79	1630.48
1667.05	1141.37	62	1.#QNAN	0	0.015	0	6.61744e-007	1598.81	1667.05	1627.86
1663.02	1137.12	63	1.#QNAN	0	0.016	0	6.81464e-007	1551.85	1663.02	1624.78
1659.11	1133.05	64	1.#QNAN	0	0.015	0	6.93292e-007	1560.63	1659.11	1621.73
1655.46	1129.22	65	1.#QNAN	0	0.032	0	6.64885e-007	1555.53	1655.46	1618.93
1651.84	1125.33	66	1.#QNAN	0	0.015	0	6.89522e-007	1551.74	1651.84	1616.14
1648.02	1121.45	67	1.#QNAN	0	0.016	0	6.72237e-007	1518.19	1648.02	1613.05
1644.24	1117.69	68	1.#QNAN	0	0.015	0	7.10463e-007	1513.28	1644.24	1610
1640.54	1114.14	69	1.#QNAN	0	0.016	0	7.09016e-007	1503.25	1640.54	1607
1636.67	1110.53	70	1.#QNAN	0	0.016	0	7.13103e-007	1492.17	1636.67	1603.83
1633.14	1107.07	71	1.#QNAN	0	0.015	0	7.08348e-007	1524.01	1633.14	1600.98
1629.73	1103.73	72	1.#QNAN	0	0.016	0	7.15612e-007	1514.3	1629.73	1598.24
1626.63	1100.57	73	1.#QNAN	0	0.031	0	6.90101e-007	1532.97	1626.63	1595.8
1623.81	1097.63	74	1.#QNAN	0	0.016	0	7.08143e-007	1550.11	1623.81	1593.68
1621.17	1094.85	75	1.#QNAN	0	0.015	0	7.03373e-007	1552.72	1621.17	1591.75
1618.44	1092.02	76	1.#QNAN	0	0.016	0	7.2943e-007	1541.83	1618.44	1589.69
1615.55	1089.27	77	1.#QNAN	0	0.015	0	7.29577e-007	1514.63	1615.55	1587.41
1612.77	1086.61	78	1.#QNAN	0	0.016	0	7.23219e-007	1534.22	1612.77	1585.28
1609.85	1083.84	79	1.#QNAN	0	0.016	0	7.05596e-007	1505.98	1609.85	1582.93
1606.9	1081.14	80	1.#QNAN	0	0.031	0	7.08255e-007	1491.12	1606.9	1580.48
1604.37	1078.68	81	1.#QNAN	0	0.015	0	7.54574e-007	1536.81	1604.37	1578.47
1601.87	1076.24	82	1.#QNAN	0	0.016	0	6.8675e-007	1518.58	1601.87	1576.45
1599.38	1073.85	83	1.#QNAN	0	0.016	0	7.24845e-007	1526.45	1599.38	1574.44
1596.9	1071.53	84	1.#QNAN	0	0.015	0	7.24469e-007	1515.16	1596.9	1572.44
1594.74	1069.23	85	1.#QNAN	0	0.016	0	7.26912e-007	1531.21	1594.74	1570.78
1592.9	1067.13	86	1.#QNAN	0	0.015	0	7.43212e-007	1554.04	1592.9	1569.45
1591.16	1065.06	87	1.#QNAN	0	0.016	0	7.32953e-007	1566.67	1591.16	1568.21
1589.39	1062.97	88	1.#QNAN	0	0.031	0	7.33146e-007	1550.11	1589.39	1566.89
1587.65	1060.98	89	1.#QNAN	0	0.016	0	7.4198e-007	1569.1	1587.65	1565.62
1585.7	1058.88	90	1.#QNAN	0	0.015	0	7.54763e-007	1523.02	1585.7	1564.05
1583.9	1056.86	91	1.#QNAN	0	0.016	0	7.0519e-007	1543.06	1583.9	1562.67
1582.31	1054.99	92	1.#QNAN	0	0.016	0	7.14294e-007	1563.22	1582.31	1561.51
1581.07	1053.32	93	1.#QNAN	0	0.015	0	7.36239e-007	1584.56	1581.07	1560.67
1579.58	1051.5	94	1.#QNAN	0	0.016	0	7.19628e-007	1547.87	1579.58	1559.56
1577.85	1049.65	95	1.#QNAN	0	0.031	0	7.5082e-007	1544.6	1577.85	1558.21
1576.25	1047.82	96	1.#QNAN	0	0.016	1	7.59617e-007	1525.25	1576.25	1556.97
1574.7	1046.01	97	1.#QNAN	0	0.015	0	7.53996e-007	1550.82	1574.7	1555.79
1573.01	1044.2	98	1.#QNAN	0	0.016	0	7.29799e-007	1518.26	1573.01	1554.41
1571.12	1042.4	99	1.#QNAN	0	0.015	0	7.26501e-007	1489.7	1571.12	1552.81
1569.29	1040.7	100	1.#QNAN	0	0.016	0	7.7798e-007	1480.51	1569.29	1551.26
1567.45	1038.97	101	1.#QNAN	0	0.016	0	7.76903e-007	1477.84	1567.45	1549.69
1565.33	1037.2	102	1.#QNAN	0	0.031	0	7.32729e-007	1471.24	1565.33	1547.81
1563.57	1035.65	103	1.#QNAN	0	0.015	0	7.30458e-007	1489.1	1563.57	1546.3
1562.26	1034.24	104	1.#QNAN	0	0.016	0	7.67737e-007	1523.79	1562.26	1545.23
1561.1	1032.96	105	1.#QNAN	0	0.016	0	7.28301e-007	1548.8	1561.1	1544.33
1559.74	1031.5	106	1.#QNAN	0	0.015	0	7.67031e-007	1504.8	1559.74	1543.22
1558.38	1030.07	107	1.#QNAN	0	0.016	0	7.72829e-007	1510.64	1558.38	1542.11
1557.34	1028.76	108	1.#QNAN	0	0.015	0	7.56092e-007	1543.82	1557.34	1541.34
1555.83	1027.26	109	1.#QNAN	0	0.016	0	7.68146e-007	1489.75	1555.83	1540.07
1554.39	1025.75	110	1.#QNAN	0	0.015	0	7.97816e-007	1496.88	1554.39	1538.89
1552.73	1024.24	111	1.#QNAN	0	0.016	0	7.74337e-007	1484.09	1552.73	1537.45
1551.29	1022.77	112	1.#QNAN	0	0.015	0	8.00144e-007	1493.41	1551.29	1536.22
1549.83	1021.35	113	1.#QNAN	0	0.016	0	7.69126e-007	1490.42	1549.83	1534.99
1548.43	1019.95	114	1.#QNAN	0	0.016	0	7.88584e-007	1497.47	1548.43	1533.84
1547.17	1018.54	115	1.#QNAN	0	0.015	0	7.83114e-007	1523.49	1547.17	1532.84
1545.73	1017.06	116	1.#QNAN	0	0.016	0	7.66476e-007	1482.59	1545.73	1531.64
1544.2	1015.58	117	1.#QNAN	0	0.031	0	7.86178e-007	1475.56	1544.2	1530.34
1542.88	1014.22	118	1.#QNAN	0	0.016	0	7.5405e-007	1490.14	1542.88	1529.25
1541.41	1012.82	119	1.#QNAN	0	0.015	0	7.70018e-007	1483.36	1541.41	1527.99
1539.96	1011.42	120	1.#QNAN	0	0.016	0	7.97097e-007	1481.41	1539.96	1526.75
1538.8	1010.09	121	1.#QNAN	0	0.015	0	7.63261e-007	1515.79	1538.8	1525.82
1537.41	1008.76	122	1.#QNAN	0	0.016	0	7.66937e-007	1489.71	1537.41	1524.6
1536.22	1007.51	123	1.#QNAN	0	0.016	0	7.9069e-007	1506.57	1536.22	1523.61
1534.89	1006.21	124	1.#QNAN	0	0.031	0	7.81164e-007	1485.72	1534.89	1522.45
1533.56	1004.94	125	1.#QNAN	0	0.015	0	7.71225e-007	1487.66	1533.56	1521.29
1532.37	1003.73	126	1.#QNAN	0	0.016	0	7.84796e-007	1493.63	1532.37	1520.26
1530.96	1002.54	127	1.#QNAN	0	0.016	0	7.69219e-007	1456.68	1530.96	1518.99
1529.41	1001.23	128	1.#QNAN	0	0.015	0	7.64515e-007	1440.31	1529.41	1517.56
1528.22	1000.06	129	1.#QNAN	0	0.016	0	7.75171e-007	1494.46	1528.22	1516.53
1526.86	998.799	130	1.#QNAN	0	0.015	0	7.63911e-007	1465.88	1526.86	1515.31
1525.84	997.702	131	1.#QNAN	0	0.032	0	8.01203e-007	1509.83	1525.84	1514.46
1524.53	996.519	132	1.#QNAN	0	0.015	0	7.60544e-007	1459.26	1524.53	1513.28
1523.32	995.363	133	1.#QNAN	0	0.016	0	7.57028e-007	1476.77	1523.32	1512.21
1522.1	994.252	134	1.#QNAN	0	0.015	0	7.90678e-007	1458.26	1522.1	1511.12
1520.71	993.008	135	1.#QNAN	0	0.016	0	8.15578e-007	1433.67	1520.71	1509.84
1519.25	991.786	136	1.#QNAN	0	0.016	0	8.15229e-007	1448.75	1519.25	1508.5
1518.06	990.688	137	1.#QNAN	0	0.015	0	7.82949e-007	1479.61	1518.06	1507.43
1516.73	989.595	138	1.#QNAN	0	0.031	0	7.57735e-007	1450.18	1516.73	1506.2
1515.61	988.536	139	1.#QNAN	0	0.016	0	8.08495e-007	1466.2	1515.61	1505.19
1514.32	987.373	140	1.#QNAN	0	0.016	0	8.18966e-007	1449.58	1514.32	1504.03
1513.15	986.348	141	1.#QNAN	0	0.015	0	7.93137e-007	1451.45	1513.15	1502.97
1511.77	985.29	142	1.#QNAN	0	0.016	0	7.79717e-007	1444.39	1511.77	1501.69
1510.42	984.196	143	1.#QNAN	0	0.015	0	7.88824e-007	1433.96	1510.42	1500.43
1509.11	983.186	144	1.#QNAN	0	0.032	0	7.96088e-007	1452.77	1509.11	1499.23
1507.98	982.257	145	1.#QNAN	0	0.015	0	8.05568e-007	1474.58	1507.98	1498.22
1506.73	981.217	146	1.#QNAN	0	0.016	0	8.03583e-007	1450.28	1506.73	1497.09
1505.78	980.254	147	1.#QNAN	0	0.015	0	7.85308e-007	1480.97	1505.78	1496.26
1504.88	979.388	148	1.#QNAN	0	0.016	0	7.96542e-007	1475.61	1504.88	1495.47
1503.96	978.488	149	1.#QNAN	0	0.016	0	7.92196e-007	1469.59	1503.96	1494.64
1502.98	977.538	150	1.#QNAN	0	0.015	0	7.72829e-007	1455.76	1502.98	1493.77
1502.02	976.585	151	1.#QNAN	0	0.016	0	7.87143e-007	1454.05	1502.02	1492.91
1501.11	975.718	152	1.#QNAN	0	0.031	1	8.04306e-007	1460.6	1501.11	1492.11
1499.95	974.804	153	1.#QNAN	0	0.016	0	7.80642e-007	1426.31	1499.95	1491.04
1498.88	973.922	154	1.#QNAN	0	0.015	0	8.30027e-007	1436.43	1498.88	1490.05
1497.79	973.081	155	1.#QNAN	0	0.016	0	8.09374e-007	1421.07	1497.79	1489.06
1496.78	972.194	156	1.#QNAN	0	0.015	0	8.09083e-007	1451.17	1496.78	1488.14
1495.62	971.239	157	1.#QNAN	0	0.016	0	7.96956e-007	1426.3	1495.62	1487.08
1494.57	970.317	158	1.#QNAN	0	0.031	0	8.03999e-007	1455.38	1494.57	1486.14
1493.69	969.564	159	1.#QNAN	0	0.016	0	7.92353e-007	1482.45	1493.69	1485.36
1492.83	968.774	160	1.#QNAN	0	0.015	0	8.1079e-007	1464.75	1492.83	1484.61
1492	967.959	161	1.#QNAN	0	0.016	0	8.18658e-007	1456.8	1492	1483.88
1490.98	967.12	162	1.#QNAN	0	0.016	0	8.23842e-007	1439.43	1490.98	1482.96
1490.18	966.406	163	1.#QNAN	0	0.015	0	8.11388e-007	1475.21	1490.18	1482.27
1489.22	965.576	164	1.#QNAN	0	0.016	0	8.02223e-007	1443.37	1489.22	1481.41
1488.33	964.807	165	1.#QNAN	0	0.015	0	8.15176e-007	1442.76	1488.33	1480.61
1487.36	964.059	166	1.#QNAN	0	0.032	0	8.49235e-007	1440.03	1487.36	1479.74
1486.62	963.328	167	1.#QNAN	0	0.015	0	8.14735e-007	1459.77	1486.62	1479.08
1485.61	962.571	168	1.#QNAN	0	0.016	0	8.08662e-007	1432.53	1485.61	1478.15
1484.82	961.886	169	1.#QNAN	0	0.015	0	8.30439e-007	1457.76	1484.82	1477.44
1483.73	961.157	170	1.#QNAN	0	0.016	0	8.12702e-007	1428.24	1483.73	1476.41
1482.76	960.414	171	1.#QNAN	0	0.016	0	8.21374e-007	1435.94	1482.76	1475.51
1481.65	959.661	172	1.#QNAN	0	0.015	0	7.95544e-007	1414.08	1481.65	1474.47
1480.61	958.891	173	1.#QNAN	0	0.031	0	7.9482e-007	1412.32	1480.61	1473.5
1479.73	958.254	174	1.#QNAN	0	0.016	0	8.20412e-007	1436.35	1479.73	1472.69
1478.89	957.59	175	1.#QNAN	0	0.016	0	8.0805e-007	1434.83	1478.89	1471.93
1478.17	956.977	176	1.#QNAN	0	0.015	0	8.381e-007	1466.03	1478.17	1471.29
1477.28	956.349	177	1.#QNAN	0	0.016	0	8.38996e-007	1449.43	1477.28	1470.47
1476.23	955.644	178	1.#QNAN	0	0.015	0	7.93187e-007	1423.17	1476.23	1469.5
1475.3	954.957	179	1.#QNAN	0	0.016	0	8.03717e-007	1427.13	1475.3	1468.64
1474.26	954.205	180	1.#QNAN	0	0.016	0	8.38928e-007	1414.16	1474.26	1467.67
1473.3	953.504	181	1.#QNAN	0	0.031	0	8.05124e-007	1423.55	1473.3	1466.78
1472.6	952.918	182	1.#QNAN	0	0.015	0	8.21331e-007	1456.5	1472.6	1466.16
1471.89	952.278	183	1.#QNAN	0	0.016	0	8.43179e-007	1460.25	1471.89	1465.52
1471.13	951.623	184	1.#QNAN	0	0.016	0	8.33006e-007	1436.16	1471.13	1464.82
1470.35	951.034	185	1.#QNAN	0	0.015	0	8.21773e-007	1421.19	1470.35	1464.1
1469.44	950.378	186	1.#QNAN	0	0.016	0	7.8534e-007	1407.27	1469.44	1463.24
1468.73	949.788	187	1.#QNAN	0	0.015	0	7.94864e-007	1438.75	1468.73	1462.59
1467.9	949.204	188	1.#QNAN	0	0.016	0	8.23919e-007	1428.04	1467.9	1461.83
1467.13	948.667	189	1.#QNAN	0	0.031	0	8.23271e-007	1433.96	1467.13	1461.12
1466.38	948.111	190	1.#QNAN	0	0.016	0	8.13922e-007	1423.91	1466.38	1460.43
1465.56	947.52	191	1.#QNAN	0	0.015	0	8.26395e-007	1411.15	1465.56	1459.67
1464.86	947.007	192	1.#QNAN	0	0.016	0	8.08603e-007	1431.24	1464.86	1459.04
1464.13	946.491	193	1.#QNAN	0	0.016	0	7.84386e-007	1422.58	1464.13	1458.37
1463.34	945.965	194	1.#QNAN	0	0.015	0	8.21582e-007	1422.74	1463.34	1457.64
1462.6	945.462	195	1.#QNAN	0	0.016	0	7.55715e-007	1437.66	1462.6	1456.95
1461.93	944.984	196	1.#QNAN	0	0.031	0	8.07815e-007	1435.2	1461.93	1456.34
1461.26	944.494	197	1.#QNAN	0	0.016	0	8.09798e-007	1441.72	1461.26	1455.73
1460.57	944.03	198	1.#QNAN	0	0.015	0	8.12755e-007	1449.11	1460.57	1455.1
1459.96	943.521	199	1.#QNAN	0	0.016	0	8.06215e-007	1447	1459.96	1454.56
1459.17	942.961	200	1.#QNAN	0	0.015	0	8.25878e-007	1420.89	1459.17	1453.82
1458.37	942.419	201	1.#QNAN	0	0.016	0	8.08033e-007	1416.19	1458.37	1453.08
1457.68	941.888	202	1.#QNAN	0	0.016	0	8.22793e-007	1438.23	1457.68	1452.45
1456.73	941.28	203	1.#QNAN	0	0.031	0	8.61213e-007	1394.47	1456.73	1451.54
1455.92	940.716	204	1.#QNAN	0	0.015	0	8.25932e-007	1414.97	1455.92	1450.78
1455.2	940.157	205	1.#QNAN	0	0.016	0	8.13396e-007	1414.63	1455.2	1450.11
1454.55	939.687	206	1.#QNAN	0	0.016	0	8.07146e-007	1421.3	1454.55	1449.51
1453.85	939.185	207	1.#QNAN	0	0.015	0	8.14632e-007	1418.14	1453.85	1448.85
1453.24	938.706	208	1.#QNAN	0	0.016	0	8.00649e-007	1424.55	1453.24	1448.29
1452.62	938.243	209	1.#QNAN	0	0.015	1	8.35856e-007	1415.35	1452.62	1447.71
1452.17	937.861	210	1.#QNAN	0	0.032	0	8.42572e-007	1459.63	1452.17	1447.31
1451.65	937.493	211	1.#QNAN	0	0.015	0	8.36855e-007	1438.79	1451.65	1446.83
1451.14	937.112	212	1.#QNAN	0	0.016	0	8.1402e-007	1439.72	1451.14	1446.38
1450.58	936.699	213	1.#QNAN	0	0.015	0	8.51135e-007	1426.67	1450.58	1445.87
1450.15	936.307	214	1.#QNAN	0	0.016	0	8.46409e-007	1447.55	1450.15	1445.49
1449.6	935.914	215	1.#QNAN	0	0.016	0	8.20172e-007	1435.26	1449.6	1445
1449.17	935.56	216	1.#QNAN	0	0.015	0	8.2416e-007	1458.95	1449.17	1444.62
1448.7	935.21	217	1.#QNAN	0	0.016	0	8.20223e-007	1429.68	1448.7	1444.2
1448.2	934.883	218	1.#QNAN	0	0.031	0	8.11114e-007	1442.24	1448.2	1443.75
1447.64	934.496	219	1.#QNAN	0	0.016	0	8.05505e-007	1431.41	1447.64	1443.24
1447.19	934.13	220	1.#QNAN	0	0.015	0	8.38781e-007	1447.52	1447.19	1442.85
1446.74	933.797	221	1.#QNAN	0	0.016	0	8.38614e-007	1433.54	1446.74	1442.45
1446.45	933.466	222	1.#QNAN	0	0.015	0	8.19513e-007	1472.09	1446.45	1442.2
1446.04	933.148	223	1.#QNAN	0	0.016	0	7.89309e-007	1452.33	1446.04	1441.84
1445.5	932.786	224	1.#QNAN	0	0.031	0	8.12832e-007	1425.24	1445.5	1441.34
1445.13	932.509	225	1.#QNAN	0	0.016	0	8.09933e-007	1450.12	1445.13	1441
1444.62	932.176	226	1.#QNAN	0	0.015	0	8.24997e-007	1408.7	1444.62	1440.53
1444.22	931.89	227	1.#QNAN	0	0.016	0	8.33069e-007	1443.53	1444.22	1440.16
1443.87	931.61	228	1.#QNAN	0	0.016	0	8.13934e-007	1442.4	1443.87	1439.83
1443.56	931.323	229	1.#QNAN	0	0.015	0	8.16025e-007	1446.69	1443.56	1439.55
1443.21	931.025	230	1.#QNAN	0	0.016	0	8.22274e-007	1437.45	1443.21	1439.24
1442.88	930.73	231	1.#QNAN	0	0.031	0	8.32734e-007	1451.57	1442.88	1438.95
1442.59	930.444	232	1.#QNAN	0	0.016	0	8.16869e-007	1476.75	1442.59	1438.71
1442.18	930.099	233	1.#QNAN	0	0.015	0	8.31364e-007	1436.2	1442.18	1438.33
1441.75	929.794	234	1.#QNAN	0	0.016	0	7.92111e-007	1433.98	1441.75	1437.94
1441.46	929.5	235	1.#QNAN	0	0.015	0	8.35372e-007	1449.18	1441.46	1437.68
1441.15	929.244	236	1.#QNAN	0	0.016	0	8.39993e-007	1457.06	1441.15	1437.42
1440.76	928.927	237	1.#QNAN	0	0.016	0	8.56337e-007	1429	1440.76	1437.06
1440.49	928.688	238	1.#QNAN	0	0.031	0	8.11703e-007	1458.52	1440.49	1436.82
1440.05	928.445	239	1.#QNAN	0	0.015	0	8.26425e-007	1427.82	1440.05	1436.41
1439.64	928.149	240	1.#QNAN	0	0.016	0	8.39639e-007	1447.31	1439.64	1436.04
1439.27	927.877	241	1.#QNAN	0	0.016	0	8.5767e-007	1451.43	1439.27	1435.7
1438.98	927.627	242	1.#QNAN	0	0.015	0	8.22632e-007	1458.5	1438.98	1435.45
1438.64	927.36	243	1.#QNAN	0	0.016	0	8.41513e-007	1426.59	1438.64	1435.14
1438.37	927.121	244	1.#QNAN	0	0.015	0	8.50676e-007	1468.08	1438.37	1434.9
1438.08	926.879	245	1.#QNAN	0	0.032	0	8.22815e-007	1449.79	1438.08	1434.64
1437.8	926.679	246	1.#QNAN	0	0.015	0	8.40247e-007	1449.04	1437.8	1434.4
1437.54	926.454	247	1.#QNAN	0	0.016	0	8.33991e-007	1462.12	1437.54	1434.18
1437.26	926.223	248	1.#QNAN	0	0.015	0	7.98205e-007	1440.37	1437.26	1433.93
1437	926.011	249	1.#QNAN	0	0.016	0	8.41831e-007	1443.01	1437	1433.7
1436.8	925.788	250	1.#QNAN	0	0.016	0	8.35863e-007	1488.17	1436.8	1433.53
1436.52	925.599	251	1.#QNAN	0	0.015	0	8.2512e-007	1448.9	1436.52	1433.27
1436.23	925.404	252	1.#QNAN	0	0.016	0	8.21616e-007	1449.59	1436.23	1433.01
1436.01	925.169	253	1.#QNAN	0	0.031	0	8.51199e-007	1460.33	1436.01	1432.81
1435.73	924.949	254	1.#QNAN	0	0.016	0	8.26522e-007	1468.13	1435.73	1432.56
1435.47	924.786	255	1.#QNAN	0	0.015	0	8.36549e-007	1442.63	1435.47	1432.32
1435.18	924.586	256	1.#QNAN	0	0.016	0	8.49078e-007	1429.1	1435.18	1432.05
1434.83	924.391	257	1.#QNAN	0	0.015	0	8.4009e-007	1447.83	1434.83	1431.74
1434.55	924.197	258	1.#QNAN	0	0.016	0	8.26026e-007	1471.65	1434.55	1431.48
1434.38	924.024	259	1.#QNAN	0	0.016	0	7.9904e-007	1488.25	1434.38	1431.33
1434.29	923.864	260	1.#QNAN	0	0.031	0	8.20451e-007	1508.3	1434.29	1431.28
1434.19	923.71	261	1.#QNAN	0	0.015	0	8.03484e-007	1510.76	1434.19	1431.2
1434.14	923.553	262	1.#QNAN	0	0.016	0	8.14415e-007	1512.21	1434.14	1431.19
1434.02	923.425	263	1.#QNAN	0	0.016	0	8.16939e-007	1484.3	1434.02	1431.1
1433.95	923.293	264	1.#QNAN	0	0.015	0	8.19015e-007	1486.8	1433.95	1431.06
1433.81	923.139	265	1.#QNAN	0	0.016	1	8.39559e-007	1466.65	1433.81	1430.95
1433.8	922.98	266	1.#QNAN	0	0.015	0	8.23091e-007	1519.18	1433.8	1430.97
1433.74	922.831	267	1.#QNAN	0	0.032	0	8.20441e-007	1501.99	1433.74	1430.93
1433.69	922.659	268	1.#QNAN	0	0.015	0	8.61795e-007	1497.9	1433.69	1430.92
1433.7	922.522	269	1.#QNAN	0	0.016	0	8.44089e-007	1534.34	1433.7	1430.96
1433.67	922.354	270	1.#QNAN	0	0.015	0	8.24188e-007	1516.38	1433.67	1430.96
1433.63	922.186	271	1.#QNAN	0	0.016	0	8.20251e-007	1511.94	1433.63	1430.94
1433.6	922.056	272	1.#QNAN	0	0.016	0	8.20986e-007	1497.05	1433.6	1430.94
1433.6	921.944	273	1.#QNAN	0	0.015	0	8.22925e-007	1510.28	1433.6	1430.97
1433.57	921.859	274	1.#QNAN	0	0.016	0	8.25194e-007	1492.7	1433.57	1430.96
1433.45	921.758	275	1.#QNAN	0	0.031	0	8.00605e-007	1470.18	1433.45	1430.87
1433.36	921.649	276	1.#QNAN	0	0.016	0	8.10865e-007	1479.5	1433.36	1430.8
1433.31	921.55	277	1.#QNAN	0	0.015	0	8.43962e-007	1480.64	1433.31	1430.78
1433.18	921.449	278	1.#QNAN	0	0.016	0	8.27261e-007	1469.11	1433.18	1430.67
1433.18	921.365	279	1.#QNAN	0	0.015	0	8.41244e-007	1508.26	1433.18	1430.7
1433.22	921.271	280	1.#QNAN	0	0.016	0	8.22343e-007	1514.3	1433.22	1430.76
1433.31	921.211	281	1.#QNAN	0	0.016	0	8.30063e-007	1540.06	1433.31	1430.88
1433.37	921.132	282	1.#QNAN	0	0.031	0	8.30152e-007	1544.74	1433.37	1430.97
1433.4	921.017	283	1.#QNAN	0	0.015	0	8.32308e-007	1512.09	1433.4	1431.03
1433.4	920.87	284	1.#QNAN	0	0.016	0	8.02639e-007	1524.81	1433.4	1431.05
1433.3	920.712	285	1.#QNAN	0	0.016	0	8.20507e-007	1505.86	1433.3	1430.97
1433.06	920.484	286	1.#QNAN	0	0.015	0	8.48026e-007	1465.69	1433.06	1430.75
1432.82	920.26	287	1.#QNAN	0	0.032	0	8.19771e-007	1436.71	1432.82	1430.52
1432.63	920.085	288	1.#QNAN	0	0.015	0	8.37335e-007	1447.98	1432.63	1430.35
1432.48	919.931	289	1.#QNAN	0	0.016	0	8.39229e-007	1464.22	1432.48	1430.22
1432.4	919.822	290	1.#QNAN	0	0.015	0	8.30475e-007	1476.6	1432.4	1430.17
1432.28	919.696	291	1.#QNAN	0	0.016	0	8.53752e-007	1467.87	1432.28	1430.07
1432.2	919.595	292	1.#QNAN	0	0.016	0	8.17021e-007	1488.46	1432.2	1430.01
1432.11	919.48	293	1.#QNAN	0	0.015	0	8.39869e-007	1489.86	1432.11	1429.94
1432.05	919.376	294	1.#QNAN	0	0.016	0	8.29075e-007	1494.22	1432.05	1429.89
1431.9	919.244	295	1.#QNAN	0	0.031	0	8.38475e-007	1464.11	1431.9	1429.76
1431.71	919.083	296	1.#QNAN	0	0.016	0	8.67154e-007	1462.37	1431.71	1429.59
1431.49	918.937	297	1.#QNAN	0	0.015	0	8.12431e-007	1450.65	1431.49	1429.38
1431.35	918.8	298	1.#QNAN	0	0.016	0	8.18899e-007	1468.89	1431.35	1429.25
1431.18	918.694	299	1.#QNAN	0	0.015	0	8.1892e-007	1451.07	1431.18	1429.1
1431.02	918.581	300	1.#QNAN	0	0.016	0	8.15877e-007	1445.39	1431.02	1428.96
1430.96	918.489	301	1.#QNAN	0	0.016	0	8.39684e-007	1482.18	1430.96	1428.91
1430.83	918.405	302	1.#QNAN	0	0.015	0	8.05489e-007	1479.77	1430.83	1428.81
1430.72	918.292	303	1.#QNAN	0	0.031	0	8.40964e-007	1469.04	1430.72	1428.71
1430.69	918.204	304	1.#QNAN	0	0.016	0	8.3684e-007	1500.16	1430.69	1428.71
1430.66	918.112	305	1.#QNAN	0	0.016	0	8.47489e-007	1480.02	1430.66	1428.69
1430.61	918.007	306	1.#QNAN	0	0.015	0	8.1778e-007	1478.22	1430.61	1428.66
1430.55	917.9	307	1.#QNAN	0	0.016	0	8.18395e-007	1469.1	1430.55	1428.62
1430.61	917.844	308	1.#QNAN	0	0.015	0	7.93752e-007	1507.88	1430.61	1428.7
1430.59	917.747	309	1.#QNAN	0	0.016	0	8.40208e-007	1482.73	1430.59	1428.7
1430.53	917.64	310	1.#QNAN	0	0.031	0	8.39156e-007	1470.7	1430.53	1428.66
1430.55	917.569	311	1.#QNAN	0	0.016	0	8.54946e-007	1498.33	1430.55	1428.7
1430.48	917.486	312	1.#QNAN	0	0.015	0	8.17726e-007	1470.33	1430.48	1428.65
1430.43	917.381	313	1.#QNAN	0	0.016	0	8.11194e-007	1477.64	1430.43	1428.62
1430.3	917.279	314	1.#QNAN	0	0.016	0	8.1793e-007	1449.79	1430.3	1428.51
1430.29	917.212	315	1.#QNAN	0	0.015	0	8.29615e-007	1480.43	1430.29	1428.52
1430.24	917.122	316	1.#QNAN	0	0.016	0	8.025e-007	1465.13	1430.24	1428.48
1430.14	917.038	317	1.#QNAN	0	0.016	0	8.42571e-007	1452.76	1430.14	1428.4
1430.05	916.953	318	1.#QNAN	0	0.016	0	8.08391e-007	1469.36	1430.05	1428.33
1429.91	916.827	319	1.#QNAN	0	0.015	1	8.46067e-007	1455.99	1429.91	1428.21
1429.84	916.708	320	1.#QNAN	0	0.016	0	8.21776e-007	1467.72	1429.84	1428.15
1429.74	916.619	321	1.#QNAN	0	0.015	0	8.08914e-007	1469.21	1429.74	1428.08
1429.65	916.542	322	1.#QNAN	0	0.016	0	8.35712e-007	1469.59	1429.65	1428
1429.64	916.507	323	1.#QNAN	0	0.016	0	8.14169e-007	1492.72	1429.64	1428
1429.53	916.424	324	1.#QNAN	0	0.031	0	8.41862e-007	1462.24	1429.53	1427.91
1429.49	916.351	325	1.#QNAN	0	0.015	0	8.46127e-007	1490.67	1429.49	1427.89
1429.39	916.25	326	1.#QNAN	0	0.016	0	8.33705e-007	1461.39	1429.39	1427.8
1429.33	916.13	327	1.#QNAN	0	0.016	0	8.26257e-007	1507.36	1429.33	1427.76
1429.21	916.029	328	1.#QNAN	0	0.015	0	8.3906e-007	1471.56	1429.21	1427.65
1429.07	915.913	329	1.#QNAN	0	0.016	0	8.12194e-007	1465.42	1429.07	1427.52
1428.92	915.79	330	1.#QNAN	0	0.015	0	8.22578e-007	1463.08	1428.92	1427.39
1428.77	915.66	331	1.#QNAN	0	0.016	0	8.39744e-007	1464.92	1428.77	1427.26
1428.64	915.516	332	1.#QNAN	0	0.031	0	8.17023e-007	1459.83	1428.64	1427.14
1428.5	915.398	333	1.#QNAN	0	0.016	0	8.10732e-007	1437.67	1428.5	1427.01
1428.42	915.282	334	1.#QNAN	0	0.015	0	8.30545e-007	1475.67	1428.42	1426.95
1428.33	915.138	335	1.#QNAN	0	0.016	0	8.42833e-007	1459.03	1428.33	1426.87
1428.23	915.023	336	1.#QNAN	0	0.016	0	8.4754e-007	1449.84	1428.23	1426.78
1428.2	914.933	337	1.#QNAN	0	0.015	0	8.66227e-007	1480.54	1428.2	1426.77
1428.18	914.842	338	1.#QNAN	0	0.016	0	8.3608e-007	1497.3	1428.18	1426.76
1428.08	914.729	339	1.#QNAN	0	0.031	0	8.45033e-007	1487.53	1428.08	1426.67
1427.97	914.621	340	1.#QNAN	0	0.016	0	8.08867e-007	1450.58	1427.97	1426.57
1427.9	914.51	341	1.#QNAN	0	0.015	0	8.41417e-007	1462.86	1427.9	1426.51
1427.79	914.407	342	1.#QNAN	0	0.016	0	8.40034e-007	1461.23	1427.79	1426.42
1427.63	914.298	343	1.#QNAN	0	0.015	0	8.25364e-007	1440.1	1427.63	1426.27
1427.61	914.228	344	1.#QNAN	0	0.016	0	8.15244e-007	1497.07	1427.61	1426.26
1427.45	914.108	345	1.#QNAN	0	0.016	0	8.61516e-007	1441.54	1427.45	1426.12
1427.38	914.012	346	1.#QNAN	0	0.031	0	8.24633e-007	1474.88	1427.38	1426.06
1427.22	913.9	347	1.#QNAN	0	0.015	0	8.23881e-007	1447.13	1427.22	1425.91
1427.11	913.802	348	1.#QNAN	0	0.016	0	8.69325e-007	1467.87	1427.11	1425.82
1426.96	913.69	349	1.#QNAN	0	0.016	0	8.26023e-007	1447.8	1426.96	1425.68
1426.95	913.611	350	1.#QNAN	0	0.015	0	8.59478e-007	1491.05	1426.95	1425.68
1426.9	913.529	351	1.#QNAN	0	0.016	0	8.64159e-007	1468.9	1426.9	1425.64
1426.75	913.44	352	1.#QNAN	0	0.015	0	8.194e-007	1438.47	1426.75	1425.5
1426.63	913.361	353	1.#QNAN	0	0.016	0	8.47792e-007	1448.3	1426.63	1425.39
1426.45	913.264	354	1.#QNAN	0	0.031	0	8.45902e-007	1423.71	1426.45	1425.22
1426.37	913.206	355	1.#QNAN	0	0.016	0	8.31214e-007	1459.5	1426.37	1425.15
1426.18	913.142	356	1.#QNAN	0	0.015	0	8.5458e-007	1428.73	1426.18	1424.97
1425.97	913.076	357	1.#QNAN	0	0.016	0	8.23086e-007	1422.61	1425.97	1424.77
1425.74	912.992	358	1.#QNAN	0	0.016	0	8.26558e-007	1417.18	1425.74	1424.55
1425.56	912.92	359	1.#QNAN	0	0.015	0	8.51587e-007	1423.95	1425.56	1424.37
1425.33	912.832	360	1.#QNAN	0	0.016	0	8.63493e-007	1414.49	1425.33	1424.15
1425.13	912.755	361	1.#QNAN	0	0.016	0	8.11634e-007	1409.48	1425.13	1423.96
1424.87	912.638	362	1.#QNAN	0	0.016	0	8.70492e-007	1397.32	1424.87	1423.7
1424.57	912.539	363	1.#QNAN	0	0.015	0	8.61122e-007	1395.82	1424.57	1423.4
1424.36	912.469	364	1.#QNAN	0	0.016	0	8.40151e-007	1418.12	1424.36	1423.2
1424.11	912.373	365	1.#QNAN	0	0.015	0	8.76799e-007	1398.06	1424.11	1422.95
1423.86	912.294	366	1.#QNAN	0	0.016	0	8.11243e-007	1415.93	1423.86	1422.71
1423.61	912.217	367	1.#QNAN	0	0.016	0	8.30687e-007	1404.1	1423.61	1422.46
1423.41	912.124	368	1.#QNAN	0	0.031	0	8.40086e-007	1405.78	1423.41	1422.26
1423.23	912.017	369	1.#QNAN	0	0.015	0	8.54493e-007	1420.96	1423.23	1422.1
1423.15	911.95	370	1.#QNAN	0	0.016	0	8.49875e-007	1443.25	1423.15	1422.02
1423.06	911.863	371	1.#QNAN	0	0.016	0	8.27436e-007	1446.44	1423.06	1421.94
1422.95	911.783	372	1.#QNAN	0	0.015	0	8.24672e-007	1441.75	1422.95	1421.84
1422.85	911.715	373	1.#QNAN	0	0.016	0	8.50384e-007	1434.34	1422.85	1421.75
1422.7	911.64	374	1.#QNAN	0	0.015	0	8.27113e-007	1433.49	1422.7	1421.61
1422.66	911.614	375	1.#QNAN	0	0.032	1	8.50291e-007	1460.92	1422.66	1421.58
1422.58	911.59	376	1.#QNAN	0	0.015	0	8.34907e-007	1448.17	1422.58	1421.5
1422.49	911.571	377	1.#QNAN	0	0.016	0	8.44004e-007	1442.31	1422.49	1421.42
1422.49	911.562	378	1.#QNAN	0	0.015	0	8.32164e-007	1483.49	1422.49	1421.43
1422.45	911.532	379	1.#QNAN	0	0.016	0	8.04308e-007	1454.81	1422.45	1421.4
1422.49	911.532	380	1.#QNAN	0	0.016	0	8.34788e-007	1493.91	1422.49	1421.44
1422.44	911.502	381	1.#QNAN	0	0.015	0	8.15134e-007	1449.05	1422.44	1421.4
1422.4	911.485	382	1.#QNAN	0	0.031	0	8.54229e-007	1450.08	1422.4	1421.37
1422.39	911.475	383	1.#QNAN	0	0.016	0	8.48005e-007	1467.74	1422.39	1421.37
1422.33	911.423	384	1.#QNAN	0	0.016	0	8.46729e-007	1458.44	1422.33	1421.31
1422.26	911.391	385	1.#QNAN	0	0.015	0	8.44409e-007	1447.49	1422.26	1421.24
1422.23	911.371	386	1.#QNAN	0	0.016	0	8.51716e-007	1454.61	1422.23	1421.22
1422.26	911.353	387	1.#QNAN	0	0.015	0	8.31368e-007	1480.15	1422.26	1421.26
1422.27	911.335	388	1.#QNAN	0	0.016	0	8.69476e-007	1474.61	1422.27	1421.28
1422.26	911.286	389	1.#QNAN	0	0.016	0	8.21449e-007	1465.5	1422.26	1421.28
1422.26	911.266	390	1.#QNAN	0	0.031	0	8.32588e-007	1469.21	1422.26	1421.28
1422.21	911.254	391	1.#QNAN	0	0.015	0	8.32067e-007	1457.61	1422.21	1421.25
1422.15	911.209	392	1.#QNAN	0	0.016	0	8.76072e-007	1463.49	1422.15	1421.19
1422.16	911.189	393	1.#QNAN	0	0.016	0	8.6018e-007	1492.48	1422.16	1421.22
1422.16	911.154	394	1.#QNAN	0	0.015	0	8.23015e-007	1475.71	1422.16	1421.22
1422.19	911.118	395	1.#QNAN	0	0.016	0	8.4714e-007	1484.11	1422.19	1421.26
1422.24	911.102	396	1.#QNAN	0	0.031	0	8.1963e-007	1507.23	1422.24	1421.32
1422.2	911.05	397	1.#QNAN	0	0.016	0	8.52939e-007	1457.87	1422.2	1421.29
1422.23	911.034	398	1.#QNAN	0	0.015	0	8.41713e-007	1499.64	1422.23	1421.33
1422.28	911.02	399	1.#QNAN	0	0.016	0	8.6566e-007	1494.77	1422.28	1421.39
