rmse	mae	#iter	time_pred	time_learn	time_learn2	time_learn4	alpha	rmse_mcmc_this	rmse_mcmc_all	rmse_mcmc_all_but5
14824.6	11023.1	0	1.#QNAN	0	0.016	0	1.18307e-010	14824.6	14824.6	3999.82
13225	9939.85	1	1.#QNAN	0	0.015	0	2.44284e-009	12672.9	13225	3999.82
12638.7	9495.39	2	1.#QNAN	0	0.016	0	3.77266e-009	11933.9	12638.7	3999.82
12226.1	9186.97	3	1.#QNAN	0	0.015	0	4.19862e-009	11317	12226.1	3999.82
11867.4	8924.14	4	1.#QNAN	0	0.016	0	4.74058e-009	10676.1	11867.4	37739.9
11513.9	8666.84	5	1.#QNAN	0	0.016	0	5.60253e-009	9970.56	11513.9	9970.56
11126.9	8386.38	6	1.#QNAN	0	0.031	0	6.2221e-009	9026.16	11126.9	9430.62
10758.1	8112.56	7	1.#QNAN	0	0.015	0	7.58526e-009	8520.7	10758.1	9064.34
10383.2	7835.32	8	1.#QNAN	0	0.016	0	8.91317e-009	7794.22	10383.2	8686.29
9999.13	7548.86	9	1.#QNAN	0	0.016	0	1.05134e-008	7246.64	9999.13	8314.59
9620.35	7254.06	10	1.#QNAN	0	0.015	0	1.34443e-008	6536.62	9620.35	7950.36
9261.87	6968.85	11	1.#QNAN	0	0.016	0	1.59942e-008	6185.53	9261.87	7626.41
8940.36	6708.39	12	1.#QNAN	0	0.015	0	1.86304e-008	5999.46	8940.36	7355.62
8655.33	6479.14	13	1.#QNAN	0	0.032	0	2.09723e-008	5910.07	8655.33	7132.02
8387.68	6264.5	14	1.#QNAN	0	0.015	0	2.36698e-008	5659.18	8387.68	6923.99
8149.94	6079.11	15	1.#QNAN	0	0.016	0	2.4207e-008	5633.99	8149.94	6748.75
7935.8	5911.98	16	1.#QNAN	0	0.015	0	2.64913e-008	5480.73	7935.8	6594.99
7745.33	5759.47	17	1.#QNAN	0	0.016	0	2.7405e-008	5476.6	7745.33	6465.67
7564.3	5617.35	18	1.#QNAN	0	0.016	0	3.05228e-008	5275.05	7564.3	6341.36
7396.9	5484.86	19	1.#QNAN	0	0.015	0	3.03862e-008	5243.05	7396.9	6226.65
7243.18	5368.01	20	1.#QNAN	0	0.016	0	3.32181e-008	5152.89	7243.18	6124.86
7099.1	5256.75	21	1.#QNAN	0	0.031	0	3.41754e-008	5110.58	7099.1	6028.41
6972.71	5158.93	22	1.#QNAN	0	0.016	0	3.66492e-008	5072.74	6972.71	5946.96
6857.76	5068.8	23	1.#QNAN	0	0.015	0	3.76817e-008	4985.8	6857.76	5874.35
6744.25	4979.64	24	1.#QNAN	0	0.016	0	3.88896e-008	4894.33	6744.25	5799.61
6639.76	4897.35	25	1.#QNAN	0	0.015	0	4.03715e-008	4828.96	6639.76	5731.49
6540.15	4817.99	26	1.#QNAN	0	0.032	0	4.09014e-008	4738.22	6540.15	5665.63
6449.47	4744.98	27	1.#QNAN	0	0.015	0	4.3169e-008	4859.02	6449.47	5607.84
6362.21	4674.57	28	1.#QNAN	0	0.016	0	4.44846e-008	4670.24	6362.21	5550.82
6281.27	4609.01	29	1.#QNAN	0	0.015	0	4.73691e-008	4770.85	6281.27	5499.57
6201.23	4543.8	30	1.#QNAN	0	0.016	0	4.87651e-008	4478.53	6201.23	5445.64
6125.58	4482.98	31	1.#QNAN	0	0.031	0	5.34369e-008	4474.25	6125.58	5395.08
6051.38	4423.27	32	1.#QNAN	0	0.016	0	5.33808e-008	4420.77	6051.38	5344.29
5976.56	4362.3	33	1.#QNAN	0	0.015	0	5.3668e-008	4259.64	5976.56	5291.36
5907.96	4307.56	34	1.#QNAN	0	0.016	0	5.66065e-008	4274.47	5907.96	5243.67
5841.74	4255.05	35	1.#QNAN	0	0.016	0	6.05338e-008	4170.31	5841.74	5196.92
5775.99	4203.39	36	1.#QNAN	0	0.015	0	6.25982e-008	4059.9	5775.99	5149.07
5714.43	4154.9	37	1.#QNAN	0	0.016	0	6.41184e-008	4093.71	5714.43	5105.3
5656.82	4108.68	38	1.#QNAN	0	0.015	0	6.8941e-008	4077.25	5656.82	5064.65
5598.23	4062.8	39	1.#QNAN	0	0.016	0	6.99162e-008	3986.02	5598.23	5022.1
5542.67	4018.62	40	1.#QNAN	0	0.031	0	7.15754e-008	3978.55	5542.67	4981.55
5488.29	3975.91	41	1.#QNAN	0	0.016	0	7.15477e-008	3874.66	5488.29	4941.54
5435.78	3934.63	42	1.#QNAN	0	0.015	0	7.54333e-008	3848.39	5435.78	4902.57
5384.77	3895.16	43	1.#QNAN	0	0.016	0	7.91841e-008	3801.26	5384.77	4864.67
5335.31	3856.45	44	1.#QNAN	0	0.016	0	7.95029e-008	3716.58	5335.31	4827.38
5287.39	3819.29	45	1.#QNAN	0	0.015	0	8.14609e-008	3665.48	5287.39	4790.73
5240.81	3783.19	46	1.#QNAN	0	0.016	0	8.62447e-008	3594.82	5240.81	4755.1
5194.89	3747.26	47	1.#QNAN	0	0.015	0	9.09476e-008	3567.58	5194.89	4720.08
5150.84	3712.62	48	1.#QNAN	0	0.032	0	9.38852e-008	3561.54	5150.84	4686.32
5108.61	3679.54	49	1.#QNAN	0	0.015	1	9.71101e-008	3581.83	5108.61	4654.17
5067.11	3646.86	50	1.#QNAN	0	0.016	0	9.816e-008	3545.71	5067.11	4622.58
5025.74	3614.41	51	1.#QNAN	0	0.015	0	9.91362e-008	3473.37	5025.74	4590.73
4985.74	3583.13	52	1.#QNAN	0	0.016	0	1.05848e-007	3418.34	4985.74	4559.6
4947.14	3553.13	53	1.#QNAN	0	0.016	0	1.09203e-007	3398.21	4947.14	4529.44
4909.57	3523.62	54	1.#QNAN	0	0.015	0	1.05802e-007	3409.66	4909.57	4500.19
4873.06	3495.12	55	1.#QNAN	0	0.016	0	1.16136e-007	3346.73	4873.06	4471.54
4836.49	3466.9	56	1.#QNAN	0	0.031	0	1.19278e-007	3314.81	4836.49	4442.61
4800.93	3439.77	57	1.#QNAN	0	0.016	0	1.19107e-007	3256.17	4800.93	4414.2
4765.58	3412.83	58	1.#QNAN	0	0.015	0	1.22774e-007	3199.88	4765.58	4385.72
4730.96	3386.5	59	1.#QNAN	0	0.016	0	1.22237e-007	3139.11	4730.96	4357.64
4696.89	3360.52	60	1.#QNAN	0	0.015	0	1.27347e-007	3094.97	4696.89	4329.85
4662.52	3334.3	61	1.#QNAN	0	0.016	0	1.30007e-007	2994.52	4662.52	4301.5
4629.1	3308.4	62	1.#QNAN	0	0.016	0	1.40729e-007	2986.47	4629.1	4273.87
4595.64	3282.92	63	1.#QNAN	0	0.031	0	1.46214e-007	2937.04	4595.64	4245.95
4562.6	3257.76	64	1.#QNAN	0	0.015	0	1.46793e-007	2905.16	4562.6	4218.34
4530.8	3233.56	65	1.#QNAN	0	0.016	0	1.53663e-007	2916.93	4530.8	4191.97
4499.83	3209.68	66	1.#QNAN	0	0.016	0	1.46839e-007	2906.34	4499.83	4166.24
4470.12	3186.78	67	1.#QNAN	0	0.015	0	1.54153e-007	2925.16	4470.12	4141.74
4440.82	3164.07	68	1.#QNAN	0	0.016	0	1.6291e-007	2907.18	4440.82	4117.5
4412.71	3142.25	69	1.#QNAN	0	0.015	0	1.66067e-007	2914.6	4412.71	4094.31
4383.61	3119.92	70	1.#QNAN	0	0.032	0	1.65981e-007	2779.76	4383.61	4069.84
4355.42	3098.24	71	1.#QNAN	0	0.015	0	1.6948e-007	2791.62	4355.42	4046.22
4328.3	3077.46	72	1.#QNAN	0	0.016	0	1.8011e-007	2813.21	4328.3	4023.46
4301.56	3056.75	73	1.#QNAN	0	0.015	0	1.85697e-007	2788.99	4301.56	4001.01
4274.1	3035.85	74	1.#QNAN	0	0.016	0	1.87533e-007	2672.12	4274.1	3977.69
4247.74	3016.03	75	1.#QNAN	0	0.016	0	1.90202e-007	2723.45	4247.74	3955.54
4221.7	2996.24	76	1.#QNAN	0	0.015	0	1.98249e-007	2650.11	4221.7	3933.38
4196.12	2976.52	77	1.#QNAN	0	0.016	0	1.97881e-007	2663.18	4196.12	3911.62
4170.98	2957.13	78	1.#QNAN	0	0.031	0	2.05886e-007	2646.26	4170.98	3890.32
4146.68	2938.22	79	1.#QNAN	0	0.016	0	2.07826e-007	2673.77	4146.68	3869.78
4122.8	2919.57	80	1.#QNAN	0	0.015	0	2.21976e-007	2652.62	4122.8	3849.53
4098.61	2900.75	81	1.#QNAN	0	0.016	0	2.19539e-007	2581.35	4098.61	3828.83
4074.91	2882.16	82	1.#QNAN	0	0.015	0	2.33222e-007	2591.66	4074.91	3808.68
4051.97	2864.22	83	1.#QNAN	0	0.016	0	2.31356e-007	2604.3	4051.97	3789.23
4029.39	2846.86	84	1.#QNAN	0	0.016	0	2.36112e-007	2561.06	4029.39	3770.02
4006.87	2829.48	85	1.#QNAN	0	0.015	0	2.4058e-007	2531.04	4006.87	3750.75
3983.87	2811.98	86	1.#QNAN	0	0.016	0	2.36034e-007	2438.22	3983.87	3730.79
3961.69	2794.93	87	1.#QNAN	0	0.031	0	2.42103e-007	2452.94	3961.69	3711.59
3939.42	2777.61	88	1.#QNAN	0	0.016	0	2.53059e-007	2421.99	3939.42	3692.31
3917.88	2761.11	89	1.#QNAN	0	0.015	0	2.50969e-007	2398.25	3917.88	3673.63
3896.61	2744.95	90	1.#QNAN	0	0.016	0	2.6255e-007	2377.18	3896.61	3655.16
3875.48	2728.89	91	1.#QNAN	0	0.015	0	2.66171e-007	2356.74	3875.48	3636.77
3854.79	2713.08	92	1.#QNAN	0	0.016	0	2.74245e-007	2367.33	3854.79	3618.82
3834.27	2697.35	93	1.#QNAN	0	0.016	0	2.74314e-007	2359.26	3834.27	3601.01
3813.79	2681.6	94	1.#QNAN	0	0.015	0	2.86241e-007	2315.76	3813.79	3583.1
3793.99	2666.24	95	1.#QNAN	0	0.031	0	2.7607e-007	2324.84	3793.99	3565.85
3774.37	2651.26	96	1.#QNAN	0	0.016	0	2.92285e-007	2322.91	3774.37	3548.77
3754.84	2636.29	97	1.#QNAN	0	0.016	0	2.93995e-007	2269.97	3754.84	3531.68
3735.61	2621.57	98	1.#QNAN	0	0.015	0	3.03997e-007	2230.94	3735.61	3514.8
3716.64	2607.2	99	1.#QNAN	0	0.016	0	3.05483e-007	2226.77	3716.64	3498.15
3697.9	2592.9	100	1.#QNAN	0	0.015	0	3.2111e-007	2237.31	3697.9	3481.74
3679.43	2578.8	101	1.#QNAN	0	0.016	0	3.04098e-007	2200.92	3679.43	3465.51
3661.06	2565.03	102	1.#QNAN	0	0.031	0	3.0062e-007	2181.27	3661.06	3449.32
3642.94	2551.23	103	1.#QNAN	0	0.016	0	3.32092e-007	2175.62	3642.94	3433.41
3625.26	2537.55	104	1.#QNAN	0	0.015	0	3.23402e-007	2190.77	3625.26	3417.86
3607.68	2524.14	105	1.#QNAN	0	0.016	0	3.08646e-007	2142.22	3607.68	3402.37
3590.39	2511.03	106	1.#QNAN	0	0.016	1	3.33485e-007	2140.86	3590.39	3387.14
3573.64	2498.04	107	1.#QNAN	0	0.015	0	3.45536e-007	2171.22	3573.64	3372.46
3557.22	2485.32	108	1.#QNAN	0	0.016	0	3.42428e-007	2184.97	3557.22	3358.1
3540.7	2472.56	109	1.#QNAN	0	0.015	0	3.67164e-007	2143.86	3540.7	3343.58
3524.47	2459.96	110	1.#QNAN	0	0.016	0	3.49196e-007	2149.93	3524.47	3329.33
3508.77	2447.69	111	1.#QNAN	0	0.015	0	3.56618e-007	2160.93	3508.77	3315.58
3492.8	2435.25	112	1.#QNAN	0	0.016	0	3.65082e-007	2108.65	3492.8	3301.52
3477.02	2422.95	113	1.#QNAN	0	0.015	0	3.77417e-007	2085.79	3477.02	3287.55
3461.41	2410.81	114	1.#QNAN	0	0.016	0	3.75696e-007	2068.03	3461.41	3273.74
3446.21	2398.88	115	1.#QNAN	0	0.016	0	3.72613e-007	2112.03	3446.21	3260.35
3431.19	2387.11	116	1.#QNAN	0	0.015	0	3.77755e-007	2083.96	3431.19	3247.09
3415.85	2375.37	117	1.#QNAN	0	0.016	0	3.72525e-007	2020.19	3415.85	3233.45
3400.95	2363.98	118	1.#QNAN	0	0.015	0	3.95778e-007	2031.54	3400.95	3220.23
3386.11	2352.51	119	1.#QNAN	0	0.032	0	3.82026e-007	2028.18	3386.11	3207.11
3371.38	2341.11	120	1.#QNAN	0	0.015	0	4.05101e-007	2029.99	3371.38	3194.05
3356.82	2329.8	121	1.#QNAN	0	0.016	0	3.96895e-007	2034.32	3356.82	3181.15
3342.58	2318.72	122	1.#QNAN	0	0.015	0	3.95721e-007	2041.19	3342.58	3168.55
3328.44	2307.88	123	1.#QNAN	0	0.016	0	4.10704e-007	2045.77	3328.44	3156.01
3314.32	2297.19	124	1.#QNAN	0	0.016	0	4.20566e-007	1989.99	3314.32	3143.4
3300.39	2286.53	125	1.#QNAN	0	0.015	0	4.28366e-007	1991.35	3300.39	3131.01
3286.65	2276.1	126	1.#QNAN	0	0.016	0	4.18763e-007	1994.54	3286.65	3118.77
3273.09	2265.8	127	1.#QNAN	0	0.031	0	4.27115e-007	1972.93	3273.09	3106.7
3259.92	2255.79	128	1.#QNAN	0	0.016	0	4.29071e-007	1975.65	3259.92	3094.99
3247.07	2245.94	129	1.#QNAN	0	0.015	0	4.41113e-007	1992.02	3247.07	3083.57
3234.13	2236.13	130	1.#QNAN	0	0.016	0	4.40392e-007	1956.14	3234.13	3072.05
3221.45	2226.5	131	1.#QNAN	0	0.015	0	4.5252e-007	1965.55	3221.45	3060.77
3208.64	2216.78	132	1.#QNAN	0	0.016	0	4.47027e-007	1930.95	3208.64	3049.35
3196.04	2207.24	133	1.#QNAN	0	0.016	0	4.54804e-007	1918.23	3196.04	3038.07
3183.59	2197.83	134	1.#QNAN	0	0.015	0	4.62964e-007	1907.49	3183.59	3026.94
3171.07	2188.31	135	1.#QNAN	0	0.031	0	4.56014e-007	1886.92	3171.07	3015.71
3158.69	2178.88	136	1.#QNAN	0	0.016	0	4.64146e-007	1904.53	3158.69	3004.64
3146.68	2169.76	137	1.#QNAN	0	0.016	0	4.47583e-007	1910.28	3146.68	2993.91
3134.79	2160.64	138	1.#QNAN	0	0.015	0	4.51217e-007	1906.85	3134.79	2983.29
3122.87	2151.53	139	1.#QNAN	0	0.016	0	4.71968e-007	1886.67	3122.87	2972.63
3111.08	2142.61	140	1.#QNAN	0	0.015	0	4.7727e-007	1870.34	3111.08	2962.07
3099.59	2133.78	141	1.#QNAN	0	0.016	0	4.86e-007	1901.72	3099.59	2951.81
3088.1	2125.05	142	1.#QNAN	0	0.016	0	4.88262e-007	1860.97	3088.1	2941.52
3076.63	2116.33	143	1.#QNAN	0	0.031	0	4.95859e-007	1832.74	3076.63	2931.22
3065.48	2107.79	144	1.#QNAN	0	0.015	0	4.89535e-007	1873.11	3065.48	2921.24
3054.46	2099.36	145	1.#QNAN	0	0.016	0	4.96245e-007	1857.73	3054.46	2911.35
3043.32	2090.93	146	1.#QNAN	0	0.016	0	4.94508e-007	1820.32	3043.32	2901.3
3032.5	2082.69	147	1.#QNAN	0	0.015	0	4.94092e-007	1844.93	3032.5	2891.62
3021.6	2074.36	148	1.#QNAN	0	0.016	0	5.04179e-007	1816.95	3021.6	2881.82
3010.84	2066.09	149	1.#QNAN	0	0.015	0	4.95116e-007	1823.94	3010.84	2872.14
3000.05	2057.92	150	1.#QNAN	0	0.016	0	5.13766e-007	1802.98	3000.05	2862.41
2989.43	2049.91	151	1.#QNAN	0	0.016	0	5.09679e-007	1797.08	2989.43	2852.83
2978.74	2041.93	152	1.#QNAN	0	0.031	0	5.01822e-007	1774.23	2978.74	2843.17
2968.32	2034.04	153	1.#QNAN	0	0.015	0	5.06336e-007	1804.08	2968.32	2833.79
2958.07	2026.23	154	1.#QNAN	0	0.016	0	5.03841e-007	1836.32	2958.07	2824.58
2947.97	2018.55	155	1.#QNAN	0	0.016	0	5.27848e-007	1819.09	2947.97	2815.52
2937.89	2010.94	156	1.#QNAN	0	0.015	0	5.16483e-007	1792.1	2937.89	2806.44
2928.15	2003.54	157	1.#QNAN	0	0.016	0	5.38266e-007	1815.14	2928.15	2797.69
2918.59	1996.08	158	1.#QNAN	0	0.015	0	5.037e-007	1838.82	2918.59	2789.15
2909.12	1988.78	159	1.#QNAN	0	0.016	0	5.2648e-007	1834.74	2909.12	2780.66
2899.71	1981.48	160	1.#QNAN	0	0.031	0	5.41003e-007	1817.19	2899.71	2772.24
2890.51	1974.34	161	1.#QNAN	0	0.016	0	5.26664e-007	1843.55	2890.51	2763.99
2881.15	1967.07	162	1.#QNAN	0	0.015	0	5.31266e-007	1803.14	2881.15	2755.58
2871.87	1959.85	163	1.#QNAN	0	0.016	1	5.11703e-007	1809.14	2871.87	2747.25
2862.61	1952.75	164	1.#QNAN	0	0.016	0	5.12215e-007	1795.41	2862.61	2738.91
2853.42	1945.64	165	1.#QNAN	0	0.015	0	5.14885e-007	1791.12	2853.42	2730.63
2844.28	1938.64	166	1.#QNAN	0	0.016	0	5.43365e-007	1774.99	2844.28	2722.37
2835.4	1931.83	167	1.#QNAN	0	0.031	0	5.3116e-007	1790.96	2835.4	2714.37
2826.51	1925.05	168	1.#QNAN	0	0.016	0	5.41092e-007	1758.59	2826.51	2706.36
2817.78	1918.38	169	1.#QNAN	0	0.015	0	5.24503e-007	1788.16	2817.78	2698.51
2808.92	1911.68	170	1.#QNAN	0	0.016	0	5.25461e-007	1731.16	2808.92	2690.49
2800.23	1905.06	171	1.#QNAN	0	0.015	0	5.43294e-007	1742.06	2800.23	2682.65
2791.66	1898.48	172	1.#QNAN	0	0.016	0	5.50464e-007	1734.54	2791.66	2674.91
2783.19	1892.06	173	1.#QNAN	0	0.016	0	5.59424e-007	1728.68	2783.19	2667.27
2774.79	1885.73	174	1.#QNAN	0	0.015	0	5.65189e-007	1739.97	2774.79	2659.68
2766.34	1879.37	175	1.#QNAN	0	0.031	0	5.41661e-007	1726.1	2766.34	2652.03
2757.98	1873.12	176	1.#QNAN	0	0.016	0	5.64751e-007	1719.58	2757.98	2644.45
2749.53	1866.89	177	1.#QNAN	0	0.016	0	5.6872e-007	1678.01	2749.53	2636.77
2741.12	1860.72	178	1.#QNAN	0	0.015	0	5.6749e-007	1700.8	2741.12	2629.12
2732.8	1854.52	179	1.#QNAN	0	0.016	0	5.67509e-007	1705.74	2732.8	2621.55
2724.51	1848.46	180	1.#QNAN	0	0.015	0	5.69411e-007	1663.99	2724.51	2614
2716.31	1842.43	181	1.#QNAN	0	0.016	0	5.55462e-007	1670.82	2716.31	2606.53
2708.24	1836.44	182	1.#QNAN	0	0.016	0	5.55644e-007	1676.59	2708.24	2599.18
2700.05	1830.54	183	1.#QNAN	0	0.031	0	5.51273e-007	1642.38	2700.05	2591.68
2691.96	1824.66	184	1.#QNAN	0	0.015	0	5.68334e-007	1641.51	2691.96	2584.28
2684.02	1818.84	185	1.#QNAN	0	0.016	0	5.63807e-007	1649.73	2684.02	2577.01
2676.22	1813.1	186	1.#QNAN	0	0.016	0	5.52863e-007	1644.33	2676.22	2569.89
2668.4	1807.41	187	1.#QNAN	0	0.015	0	5.70423e-007	1631.77	2668.4	2562.74
2660.84	1801.89	188	1.#QNAN	0	0.016	0	5.88576e-007	1639.86	2660.84	2555.84
2653.17	1796.24	189	1.#QNAN	0	0.031	0	5.6404e-007	1621.57	2653.17	2548.84
2645.72	1790.69	190	1.#QNAN	0	0.016	0	5.54262e-007	1639.9	2645.72	2542.06
2638.34	1785.26	191	1.#QNAN	0	0.015	0	5.58233e-007	1629.92	2638.34	2535.34
2631	1779.78	192	1.#QNAN	0	0.016	0	5.76812e-007	1642.41	2631	2528.65
2623.84	1774.44	193	1.#QNAN	0	0.015	0	5.74227e-007	1641.24	2623.84	2522.14
2616.72	1769.12	194	1.#QNAN	0	0.016	0	5.80942e-007	1651.77	2616.72	2515.66
2609.55	1763.76	195	1.#QNAN	0	0.016	0	5.75176e-007	1648.74	2609.55	2509.14
2602.53	1758.54	196	1.#QNAN	0	0.031	0	5.79403e-007	1674.71	2602.53	2502.78
2595.61	1753.44	197	1.#QNAN	0	0.015	0	5.93851e-007	1655.44	2595.61	2496.49
2588.77	1748.46	198	1.#QNAN	0	0.016	0	5.79585e-007	1645.15	2588.77	2490.27
2581.83	1743.38	199	1.#QNAN	0	0.016	0	5.73167e-007	1627.47	2581.83	2483.93
2575.06	1738.43	200	1.#QNAN	0	0.015	0	5.78616e-007	1639.92	2575.06	2477.78
2568.36	1733.51	201	1.#QNAN	0	0.016	0	5.74297e-007	1654.65	2568.36	2471.68
2561.64	1728.64	202	1.#QNAN	0	0.015	0	5.84641e-007	1614.79	2561.64	2465.56
2554.99	1723.79	203	1.#QNAN	0	0.016	0	6.09291e-007	1619.7	2554.99	2459.51
2548.42	1719	204	1.#QNAN	0	0.016	0	5.84318e-007	1627.88	2548.42	2453.51
2541.92	1714.2	205	1.#QNAN	0	0.031	0	5.98044e-007	1649.4	2541.92	2447.61
2535.52	1709.45	206	1.#QNAN	0	0.015	0	5.81099e-007	1663.45	2535.52	2441.81
2529.16	1704.7	207	1.#QNAN	0	0.016	0	6.02647e-007	1647	2529.16	2436.04
2522.82	1700.02	208	1.#QNAN	0	0.016	0	6.13947e-007	1636.02	2522.82	2430.29
2516.47	1695.35	209	1.#QNAN	0	0.015	0	5.83605e-007	1606.72	2516.47	2424.51
2510.17	1690.75	210	1.#QNAN	0	0.016	0	5.98585e-007	1594.21	2510.17	2418.76
2503.88	1686.13	211	1.#QNAN	0	0.015	0	5.76491e-007	1592.05	2503.88	2413.03
2497.68	1681.56	212	1.#QNAN	0	0.016	0	6.07386e-007	1593.63	2497.68	2407.39
2491.64	1677.11	213	1.#QNAN	0	0.016	0	6.07246e-007	1615.91	2491.64	2401.9
2485.69	1672.73	214	1.#QNAN	0	0.031	0	5.8564e-007	1622.43	2485.69	2396.53
2479.82	1668.4	215	1.#QNAN	0	0.015	0	6.00384e-007	1634.25	2479.82	2391.21
2473.97	1664.09	216	1.#QNAN	0	0.016	0	6.11196e-007	1605.95	2473.97	2385.9
2468.06	1659.84	217	1.#QNAN	0	0.016	0	5.9817e-007	1581.82	2468.06	2380.52
2462.27	1655.54	218	1.#QNAN	0	0.015	0	6.08337e-007	1615.54	2462.27	2375.26
2456.45	1651.27	219	1.#QNAN	0	0.016	0	5.94037e-007	1577.31	2456.45	2369.95
2450.69	1647.02	220	1.#QNAN	0	0.015	1	5.86003e-007	1583.74	2450.69	2364.7
2445.05	1642.82	221	1.#QNAN	0	0.032	0	6.06478e-007	1606.27	2445.05	2359.57
2439.45	1638.69	222	1.#QNAN	0	0.015	0	6.25028e-007	1618.37	2439.45	2354.48
2433.83	1634.51	223	1.#QNAN	0	0.016	0	6.08827e-007	1596.98	2433.83	2349.35
2428.3	1630.41	224	1.#QNAN	0	0.015	0	6.01603e-007	1594.39	2428.3	2344.32
2422.89	1626.38	225	1.#QNAN	0	0.016	0	5.94729e-007	1602.75	2422.89	2339.41
2417.58	1622.4	226	1.#QNAN	0	0.016	0	5.98231e-007	1614.31	2417.58	2334.59
2412.38	1618.42	227	1.#QNAN	0	0.015	0	6.34261e-007	1638.45	2412.38	2329.89
2407.08	1614.49	228	1.#QNAN	0	0.016	0	5.77848e-007	1598.21	2407.08	2325.07
2401.87	1610.59	229	1.#QNAN	0	0.031	0	6.52403e-007	1622.37	2401.87	2320.35
2396.78	1606.74	230	1.#QNAN	0	0.016	0	6.1442e-007	1621.55	2396.78	2315.74
2391.62	1602.89	231	1.#QNAN	0	0.015	0	6.28245e-007	1600.4	2391.62	2311.06
2386.55	1599.13	232	1.#QNAN	0	0.016	0	6.15191e-007	1606.7	2386.55	2306.45
2381.55	1595.37	233	1.#QNAN	0	0.015	0	6.13104e-007	1611.67	2381.55	2301.93
2376.43	1591.6	234	1.#QNAN	0	0.016	0	6.1457e-007	1566.72	2376.43	2297.25
2371.36	1587.84	235	1.#QNAN	0	0.016	0	6.05716e-007	1583.8	2371.36	2292.64
2366.45	1584.21	236	1.#QNAN	0	0.015	0	6.142e-007	1603.28	2366.45	2288.19
2361.64	1580.65	237	1.#QNAN	0	0.016	0	5.86496e-007	1607.02	2361.64	2283.82
2356.81	1577.05	238	1.#QNAN	0	0.031	0	6.1784e-007	1609.36	2356.81	2279.43
2351.91	1573.42	239	1.#QNAN	0	0.016	0	6.32532e-007	1633.13	2351.91	2274.98
2347.03	1569.79	240	1.#QNAN	0	0.015	0	6.29226e-007	1642.23	2347.03	2270.55
2342.18	1566.18	241	1.#QNAN	0	0.016	0	6.26634e-007	1609.18	2342.18	2266.15
2337.36	1562.57	242	1.#QNAN	0	0.015	0	5.88351e-007	1614.28	2337.36	2261.75
2332.52	1559.05	243	1.#QNAN	0	0.016	0	6.51966e-007	1597.25	2332.52	2257.33
2327.67	1555.53	244	1.#QNAN	0	0.016	0	6.24544e-007	1574.68	2327.67	2252.9
2322.9	1552.02	245	1.#QNAN	0	0.015	0	6.15646e-007	1585.76	2322.9	2248.54
2318.23	1548.6	246	1.#QNAN	0	0.016	0	6.03353e-007	1574.92	2318.23	2244.3
2313.54	1545.18	247	1.#QNAN	0	0.031	0	6.32158e-007	1575.24	2313.54	2240.02
2308.76	1541.79	248	1.#QNAN	0	0.016	0	6.27893e-007	1543.47	2308.76	2235.62
2303.86	1538.38	249	1.#QNAN	0	0.015	0	6.21032e-007	1546.05	2303.86	2231.11
2299.03	1535	250	1.#QNAN	0	0.016	0	6.21286e-007	1507.19	2299.03	2226.66
2294.26	1531.68	251	1.#QNAN	0	0.015	0	6.06912e-007	1515.58	2294.26	2222.27
2289.62	1528.38	252	1.#QNAN	0	0.016	0	6.21005e-007	1524.08	2289.62	2218.01
2285.09	1525.15	253	1.#QNAN	0	0.016	0	6.30218e-007	1543.67	2285.09	2213.86
2280.59	1521.89	254	1.#QNAN	0	0.015	0	6.10943e-007	1561.27	2280.59	2209.74
2276.16	1518.67	255	1.#QNAN	0	0.031	0	6.12799e-007	1571.58	2276.16	2205.7
2271.52	1515.42	256	1.#QNAN	0	0.016	0	6.1204e-007	1498.17	2271.52	2201.43
2267.05	1512.21	257	1.#QNAN	0	0.016	0	6.2529e-007	1519.56	2267.05	2197.33
2262.41	1508.99	258	1.#QNAN	0	0.015	0	6.42733e-007	1510.6	2262.41	2193.04
2257.79	1505.82	259	1.#QNAN	0	0.016	0	6.48124e-007	1514.21	2257.79	2188.76
2253.22	1502.68	260	1.#QNAN	0	0.015	0	6.18404e-007	1504.28	2253.22	2184.54
2248.69	1499.58	261	1.#QNAN	0	0.016	0	6.27887e-007	1518.69	2248.69	2180.35
2244.29	1496.46	262	1.#QNAN	0	0.016	0	6.62203e-007	1512.31	2244.29	2176.3
2240.11	1493.47	263	1.#QNAN	0	0.015	0	6.43731e-007	1547.74	2240.11	2172.47
2235.89	1490.46	264	1.#QNAN	0	0.031	0	6.11537e-007	1496.23	2235.89	2168.59
2231.75	1487.47	265	1.#QNAN	0	0.016	0	6.28438e-007	1508.01	2231.75	2164.81
2227.58	1484.49	266	1.#QNAN	0	0.016	0	6.42115e-007	1487.74	2227.58	2160.98
2223.41	1481.51	267	1.#QNAN	0	0.015	0	6.37705e-007	1504.99	2223.41	2157.15
2219.34	1478.5	268	1.#QNAN	0	0.016	0	6.14814e-007	1530.69	2219.34	2153.43
2215.3	1475.53	269	1.#QNAN	0	0.015	0	6.37802e-007	1533.56	2215.3	2149.76
2211.35	1472.59	270	1.#QNAN	0	0.016	0	6.36313e-007	1514.03	2211.35	2146.13
2207.28	1469.6	271	1.#QNAN	0	0.016	0	6.25575e-007	1487.52	2207.28	2142.4
2203.39	1466.78	272	1.#QNAN	0	0.031	0	6.418e-007	1519.05	2203.39	2138.84
2199.43	1463.86	273	1.#QNAN	0	0.015	0	6.31274e-007	1490.88	2199.43	2135.22
2195.49	1461.02	274	1.#QNAN	0	0.016	0	6.07048e-007	1483.8	2195.49	2131.6
2191.63	1458.2	275	1.#QNAN	0	0.016	0	6.316e-007	1504.65	2191.63	2128.06
2187.79	1455.37	276	1.#QNAN	0	0.015	0	6.24177e-007	1518.1	2187.79	2124.55
2183.99	1452.58	277	1.#QNAN	0	0.016	0	6.2284e-007	1512.92	2183.99	2121.07
2180.22	1449.81	278	1.#QNAN	0	0.015	1	6.11083e-007	1519.64	2180.22	2117.63
2176.54	1447.08	279	1.#QNAN	0	0.016	0	6.18776e-007	1550.69	2176.54	2114.28
2172.81	1444.28	280	1.#QNAN	0	0.016	0	6.3165e-007	1536.09	2172.81	2110.87
2169.16	1441.55	281	1.#QNAN	0	0.031	0	6.07894e-007	1564.58	2169.16	2107.55
2165.45	1438.78	282	1.#QNAN	0	0.015	0	6.38712e-007	1544.8	2165.45	2104.14
2161.81	1436.06	283	1.#QNAN	0	0.016	0	6.34179e-007	1522.87	2161.81	2100.82
2158.27	1433.4	284	1.#QNAN	0	0.016	0	6.06267e-007	1548.1	2158.27	2097.6
2154.78	1430.78	285	1.#QNAN	0	0.015	0	6.26584e-007	1541.45	2154.78	2094.42
2151.3	1428.18	286	1.#QNAN	0	0.016	0	6.46481e-007	1537.29	2151.3	2091.25
2147.82	1425.57	287	1.#QNAN	0	0.015	0	6.42e-007	1561.89	2147.82	2088.08
2144.38	1422.97	288	1.#QNAN	0	0.032	0	6.16015e-007	1533.06	2144.38	2084.95
2141.04	1420.44	289	1.#QNAN	0	0.015	0	6.37158e-007	1559.64	2141.04	2081.92
2137.64	1417.9	290	1.#QNAN	0	0.016	0	6.28527e-007	1550.76	2137.64	2078.82
2134.26	1415.45	291	1.#QNAN	0	0.015	0	6.23909e-007	1508.91	2134.26	2075.73
2131.01	1412.99	292	1.#QNAN	0	0.016	0	6.32448e-007	1547.84	2131.01	2072.77
2127.74	1410.52	293	1.#QNAN	0	0.016	0	6.31398e-007	1556.11	2127.74	2069.8
2124.48	1408.06	294	1.#QNAN	0	0.015	0	6.1871e-007	1553.08	2124.48	2066.85
2121.36	1405.69	295	1.#QNAN	0	0.031	0	6.10208e-007	1579.79	2121.36	2064.02
2118.18	1403.31	296	1.#QNAN	0	0.016	0	6.32571e-007	1551.94	2118.18	2061.13
2115.01	1400.9	297	1.#QNAN	0	0.016	0	6.50195e-007	1551.6	2115.01	2058.24
2111.84	1398.54	298	1.#QNAN	0	0.015	0	6.48869e-007	1540.33	2111.84	2055.35
2108.7	1396.2	299	1.#QNAN	0	0.016	0	6.20704e-007	1516.45	2108.7	2052.49
2105.68	1393.9	300	1.#QNAN	0	0.015	0	6.39046e-007	1570.73	2105.68	2049.77
2102.61	1391.6	301	1.#QNAN	0	0.016	0	6.26983e-007	1550.79	2102.61	2046.99
2099.61	1389.32	302	1.#QNAN	0	0.016	0	6.66518e-007	1550.02	2099.61	2044.26
2096.61	1387.05	303	1.#QNAN	0	0.031	0	6.54493e-007	1556.88	2096.61	2041.55
2093.59	1384.82	304	1.#QNAN	0	0.015	0	6.37733e-007	1539.36	2093.59	2038.8
2090.56	1382.55	305	1.#QNAN	0	0.016	0	6.46466e-007	1528.29	2090.56	2036.05
2087.45	1380.28	306	1.#QNAN	0	0.016	0	6.32348e-007	1515.39	2087.45	2033.21
2084.44	1378.02	307	1.#QNAN	0	0.015	0	6.37459e-007	1527.7	2084.44	2030.47
2081.51	1375.79	308	1.#QNAN	0	0.016	0	6.3525e-007	1541.32	2081.51	2027.82
2078.61	1373.6	309	1.#QNAN	0	0.015	0	6.55414e-007	1542.77	2078.61	2025.18
2075.68	1371.42	310	1.#QNAN	0	0.016	0	6.56756e-007	1525.67	2075.68	2022.52
2072.71	1369.26	311	1.#QNAN	0	0.016	0	6.72852e-007	1485.22	2072.71	2019.8
2069.69	1367.11	312	1.#QNAN	0	0.031	0	6.78067e-007	1491.56	2069.69	2017.03
2066.76	1365	313	1.#QNAN	0	0.015	0	6.39869e-007	1491.35	2066.76	2014.34
2063.87	1362.91	314	1.#QNAN	0	0.016	0	6.40601e-007	1519	2063.87	2011.7
2060.95	1360.81	315	1.#QNAN	0	0.016	0	6.59315e-007	1506.96	2060.95	2009.03
2058.09	1358.78	316	1.#QNAN	0	0.015	0	6.44429e-007	1522.64	2058.09	2006.41
2055.23	1356.73	317	1.#QNAN	0	0.016	0	6.45922e-007	1507.52	2055.23	2003.8
2052.37	1354.62	318	1.#QNAN	0	0.015	0	6.26597e-007	1510.09	2052.37	2001.17
2049.36	1352.51	319	1.#QNAN	0	0.016	0	6.50227e-007	1446.82	2049.36	1998.38
2046.46	1350.46	320	1.#QNAN	0	0.031	0	6.3512e-007	1481.19	2046.46	1995.72
2043.54	1348.4	321	1.#QNAN	0	0.016	0	6.61193e-007	1465.42	2043.54	1993.03
2040.6	1346.37	322	1.#QNAN	0	0.015	0	6.40151e-007	1454.33	2040.6	1990.3
2037.64	1344.36	323	1.#QNAN	0	0.016	0	6.49396e-007	1434.43	2037.64	1987.57
2034.73	1342.36	324	1.#QNAN	0	0.016	0	6.5076e-007	1432.31	2034.73	1984.87
2031.84	1340.39	325	1.#QNAN	0	0.015	0	6.38048e-007	1431.65	2031.84	1982.19
2029.04	1338.42	326	1.#QNAN	0	0.016	0	6.34069e-007	1506.26	2029.04	1979.62
2026.24	1336.45	327	1.#QNAN	0	0.015	0	6.73193e-007	1486.1	2026.24	1977.03
2023.45	1334.5	328	1.#QNAN	0	0.032	0	6.40852e-007	1479.3	2023.45	1974.46
2020.7	1332.58	329	1.#QNAN	0	0.015	0	6.63317e-007	1476.83	2020.7	1971.92
2017.94	1330.65	330	1.#QNAN	0	0.016	0	6.64459e-007	1464.57	2017.94	1969.38
2015.25	1328.76	331	1.#QNAN	0	0.015	0	6.50995e-007	1472.54	2015.25	1966.91
2012.49	1326.84	332	1.#QNAN	0	0.016	0	6.75101e-007	1459.29	2012.49	1964.36
2009.74	1324.92	333	1.#QNAN	0	0.016	0	6.8523e-007	1448.13	2009.74	1961.83
2006.99	1322.99	334	1.#QNAN	0	0.015	0	6.5719e-007	1430.16	2006.99	1959.29
2004.18	1321.05	335	1.#QNAN	0	0.016	1	6.6123e-007	1434.09	2004.18	1956.68
2001.41	1319.12	336	1.#QNAN	0	0.015	0	6.75548e-007	1442.21	2001.41	1954.13
1998.62	1317.25	337	1.#QNAN	0	0.032	0	6.63116e-007	1419.55	1998.62	1951.53
1995.84	1315.35	338	1.#QNAN	0	0.015	0	6.7345e-007	1420.55	1995.84	1948.96
1993.22	1313.49	339	1.#QNAN	0	0.016	0	6.55381e-007	1470.92	1993.22	1946.54
1990.66	1311.68	340	1.#QNAN	0	0.015	0	6.91482e-007	1472.12	1990.66	1944.18
1988.09	1309.91	341	1.#QNAN	0	0.016	0	6.57865e-007	1470.43	1988.09	1941.81
1985.44	1308.1	342	1.#QNAN	0	0.016	0	6.48721e-007	1463.58	1985.44	1939.36
1982.82	1306.23	343	1.#QNAN	0	0.015	0	6.32941e-007	1446.64	1982.82	1936.94
1980.18	1304.41	344	1.#QNAN	0	0.016	0	6.597e-007	1442.1	1980.18	1934.49
1977.55	1302.56	345	1.#QNAN	0	0.031	0	6.64651e-007	1425.7	1977.55	1932.07
1974.98	1300.73	346	1.#QNAN	0	0.016	0	6.99901e-007	1438.74	1974.98	1929.69
1972.53	1298.94	347	1.#QNAN	0	0.015	0	6.85342e-007	1486.15	1972.53	1927.45
1970.09	1297.18	348	1.#QNAN	0	0.016	0	6.75837e-007	1490.32	1970.09	1925.21
1967.64	1295.44	349	1.#QNAN	0	0.015	0	6.44897e-007	1497.13	1967.64	1922.96
1965.17	1293.71	350	1.#QNAN	0	0.016	0	6.79492e-007	1454.37	1965.17	1920.68
1962.72	1291.97	351	1.#QNAN	0	0.016	0	6.80072e-007	1456.38	1962.72	1918.42
1960.22	1290.25	352	1.#QNAN	0	0.031	0	6.51503e-007	1442.27	1960.22	1916.11
1957.87	1288.55	353	1.#QNAN	0	0.015	0	6.87987e-007	1484.54	1957.87	1913.95
1955.53	1286.89	354	1.#QNAN	0	0.016	0	6.96749e-007	1481.03	1955.53	1911.81
1953.18	1285.21	355	1.#QNAN	0	0.016	0	6.78212e-007	1473.75	1953.18	1909.64
1950.83	1283.56	356	1.#QNAN	0	0.015	0	6.57479e-007	1459.69	1950.83	1907.48
1948.38	1281.89	357	1.#QNAN	0	0.016	0	6.9379e-007	1433.36	1948.38	1905.2
1946.1	1280.32	358	1.#QNAN	0	0.015	0	6.72308e-007	1476.14	1946.1	1903.11
1943.81	1278.72	359	1.#QNAN	0	0.032	0	7.17572e-007	1465.5	1943.81	1900.99
1941.54	1277.14	360	1.#QNAN	0	0.015	0	6.72961e-007	1477.52	1941.54	1898.91
1939.31	1275.56	361	1.#QNAN	0	0.016	0	6.83386e-007	1481.67	1939.31	1896.86
1937.06	1273.97	362	1.#QNAN	0	0.015	0	6.74618e-007	1488.18	1937.06	1894.8
1934.85	1272.4	363	1.#QNAN	0	0.016	0	6.77118e-007	1484.13	1934.85	1892.77
1932.71	1270.81	364	1.#QNAN	0	0.016	0	6.51915e-007	1525.82	1932.71	1890.82
1930.58	1269.27	365	1.#QNAN	0	0.015	0	6.85732e-007	1508.71	1930.58	1888.88
1928.36	1267.72	366	1.#QNAN	0	0.016	0	6.74152e-007	1478.58	1928.36	1886.83
1926.26	1266.21	367	1.#QNAN	0	0.015	0	6.82438e-007	1515.28	1926.26	1884.91
1924.09	1264.66	368	1.#QNAN	0	0.032	0	6.81142e-007	1478.61	1924.09	1882.91
1921.96	1263.14	369	1.#QNAN	0	0.015	0	6.70018e-007	1469.2	1921.96	1880.95
1919.87	1261.69	370	1.#QNAN	0	0.016	0	6.65791e-007	1485.46	1919.87	1879.03
1917.79	1260.28	371	1.#QNAN	0	0.015	0	6.6e-007	1506.25	1917.79	1877.12
1915.64	1258.8	372	1.#QNAN	0	0.016	0	6.77456e-007	1463.47	1915.64	1875.14
1913.54	1257.33	373	1.#QNAN	0	0.016	0	6.76777e-007	1512.95	1913.54	1873.21
1911.51	1255.89	374	1.#QNAN	0	0.015	0	6.92496e-007	1503.26	1911.51	1871.35
1909.53	1254.43	375	1.#QNAN	0	0.016	0	6.8072e-007	1525.21	1909.53	1869.54
1907.58	1253.03	376	1.#QNAN	0	0.015	0	6.80954e-007	1505.89	1907.58	1867.75
1905.62	1251.61	377	1.#QNAN	0	0.032	0	6.84549e-007	1491.07	1905.62	1865.96
1903.6	1250.16	378	1.#QNAN	0	0.015	0	6.54829e-007	1502.56	1903.6	1864.11
1901.66	1248.75	379	1.#QNAN	0	0.016	0	6.85428e-007	1516.11	1901.66	1862.34
1899.69	1247.31	380	1.#QNAN	0	0.015	0	6.71488e-007	1499.97	1899.69	1860.54
1897.84	1245.92	381	1.#QNAN	0	0.016	0	6.58912e-007	1541.75	1897.84	1858.86
1896.01	1244.57	382	1.#QNAN	0	0.016	0	6.89637e-007	1545.87	1896.01	1857.2
1894.19	1243.23	383	1.#QNAN	0	0.015	0	6.63045e-007	1545.46	1894.19	1855.55
1892.4	1241.89	384	1.#QNAN	0	0.016	0	6.87811e-007	1554.3	1892.4	1853.93
1890.66	1240.56	385	1.#QNAN	0	0.031	0	6.86676e-007	1554.94	1890.66	1852.35
1888.88	1239.27	386	1.#QNAN	0	0.016	0	6.9982e-007	1554.25	1888.88	1850.74
1887.08	1237.94	387	1.#QNAN	0	0.015	0	6.79566e-007	1530.3	1887.08	1849.1
1885.28	1236.56	388	1.#QNAN	0	0.016	0	6.90692e-007	1520.29	1885.28	1847.47
1883.53	1235.25	389	1.#QNAN	0	0.015	0	6.83714e-007	1533.9	1883.53	1845.87
1881.67	1233.94	390	1.#QNAN	0	0.016	0	6.89819e-007	1473.61	1881.67	1844.16
1879.88	1232.69	391	1.#QNAN	0	0.016	0	6.64051e-007	1491.7	1879.88	1842.52
1878.08	1231.42	392	1.#QNAN	0	0.015	1	6.54477e-007	1498.51	1878.08	1840.87
1876.23	1230.11	393	1.#QNAN	0	0.016	0	7.01988e-007	1479.68	1876.23	1839.17
1874.4	1228.78	394	1.#QNAN	0	0.031	0	6.54471e-007	1485.3	1874.4	1837.48
1872.55	1227.49	395	1.#QNAN	0	0.016	0	6.6809e-007	1480.45	1872.55	1835.78
1870.73	1226.21	396	1.#QNAN	0	0.015	0	6.94909e-007	1489.21	1870.73	1834.11
1868.99	1224.95	397	1.#QNAN	0	0.016	0	7.05131e-007	1512.32	1868.99	1832.51
1867.2	1223.71	398	1.#QNAN	0	0.015	0	6.85881e-007	1493.48	1867.2	1830.87
1865.35	1222.47	399	1.#QNAN	0	0.016	0	6.72904e-007	1449.72	1865.35	1829.15
