rmse	mae	#iter	time_pred	time_learn	time_learn2	time_learn4	alpha	rmse_mcmc_this	rmse_mcmc_all	rmse_mcmc_all_but5
9905.91	6126.17	0	1.#QNAN	0	0.016	0	7.13766e-011	9905.91	9905.91	4115.63
9662.26	5870.61	1	1.#QNAN	0	0	0	1.36507e-009	9993.48	9662.26	4115.63
9605.54	5823.99	2	1.#QNAN	0	0	0	1.75648e-009	9790.96	9605.54	4115.63
9539	5784.31	3	1.#QNAN	0	0.016	0	2.01199e-009	9488.8	9539	4115.63
9498.24	5769.65	4	1.#QNAN	0	0	0	2.1188e-009	9488.64	9498.24	32670.1
9382.32	5705.65	5	1.#QNAN	0	0	0	2.51844e-009	8947.77	9382.32	8947.77
9231.09	5620.46	6	1.#QNAN	0	0	0	2.95432e-009	8517.27	9231.09	8669.21
9057.28	5524.13	7	1.#QNAN	0	0.015	0	3.56354e-009	8134.46	9057.28	8428.72
8875.03	5421.34	8	1.#QNAN	0	0	0	4.16691e-009	7684.44	8875.03	8204.09
8666.35	5295.89	9	1.#QNAN	0	0	0	5.08575e-009	7179.37	8666.35	7946.01
8427.43	5159.27	10	1.#QNAN	0	0.016	0	6.26749e-009	6617.64	8427.43	7657.89
8216.67	5037.83	11	1.#QNAN	0	0	0	7.17266e-009	6473.86	8216.67	7434.38
8003.41	4915.18	12	1.#QNAN	0	0	0	7.92075e-009	6178.25	8003.41	7216.9
7816.07	4809.12	13	1.#QNAN	0	0.015	0	8.99332e-009	6106.74	7816.07	7040.92
7624.41	4699.94	14	1.#QNAN	0	0	0	1.09095e-008	5781.39	7624.41	6859.88
7437.57	4595.54	15	1.#QNAN	0	0	0	1.13e-008	5691.48	7437.57	6687.99
7267.09	4499.75	16	1.#QNAN	0	0.016	0	1.23028e-008	5579.31	7267.09	6538.4
7101.74	4406.28	17	1.#QNAN	0	0	0	1.30497e-008	5492.51	7101.74	6395.32
6947.43	4318.72	18	1.#QNAN	0	0	0	1.47963e-008	5432.8	6947.43	6264.97
6805.66	4241.52	19	1.#QNAN	0	0.016	0	1.57555e-008	5370.24	6805.66	6149.53
6670.68	4165.46	20	1.#QNAN	0	0	0	1.69522e-008	5275.42	6670.68	6040.29
6541.57	4091.56	21	1.#QNAN	0	0	0	1.81225e-008	5162.59	6541.57	5936.3
6416.31	4015.64	22	1.#QNAN	0	0	0	1.95997e-008	5033.27	6416.31	5834.36
6303.37	3946.65	23	1.#QNAN	0	0.015	0	2.05488e-008	5038.64	6303.37	5745.77
6194.17	3878.91	24	1.#QNAN	0	0	0	2.10705e-008	4889.12	6194.17	5658.25
6093.99	3816.95	25	1.#QNAN	0	0	0	2.26591e-008	4962.48	6093.99	5581.38
5998.02	3757.51	26	1.#QNAN	0	0.016	0	2.39093e-008	4859.42	5998.02	5507.51
5911.19	3703.64	27	1.#QNAN	0	0	0	2.51501e-008	4861.28	5911.19	5442.29
5828.31	3651.41	28	1.#QNAN	0	0	0	2.52894e-008	4821.57	5828.31	5380.05
5750.73	3601.03	29	1.#QNAN	0	0.015	0	2.5473e-008	4779.49	5750.73	5322.22
5677.7	3554.76	30	1.#QNAN	0	0	0	2.59577e-008	4806.6	5677.7	5268.57
5610.54	3512.49	31	1.#QNAN	0	0	0	2.84452e-008	4743.77	5610.54	5219.61
5545.41	3471.14	32	1.#QNAN	0	0	0	2.91826e-008	4656.85	5545.41	5171.78
5484.77	3432.61	33	1.#QNAN	0	0.016	0	3.05401e-008	4689.71	5484.77	5128.12
5426.33	3395.76	34	1.#QNAN	0	0	0	3.01719e-008	4586.88	5426.33	5085.13
5371.2	3360.84	35	1.#QNAN	0	0	0	3.34281e-008	4528.4	5371.2	5044.65
5318.84	3327	36	1.#QNAN	0	0.016	0	3.2716e-008	4536.78	5318.84	5006.41
5267.2	3293.89	37	1.#QNAN	0	0	0	3.50323e-008	4470.08	5267.2	4967.99
5219.1	3262.51	38	1.#QNAN	0	0	0	3.51984e-008	4464.51	5219.1	4932.64
5172.7	3231.75	39	1.#QNAN	0	0.015	0	3.56455e-008	4441.43	5172.7	4898.32
5128.13	3202.69	40	1.#QNAN	0	0	0	3.70795e-008	4371.13	5128.13	4865.04
5085.19	3174.76	41	1.#QNAN	0	0	0	3.68876e-008	4316.48	5085.19	4832.67
5044.59	3148.11	42	1.#QNAN	0	0	0	3.90084e-008	4276.44	5044.59	4801.96
5003.97	3121.63	43	1.#QNAN	0	0.016	0	3.93962e-008	4176.44	5003.97	4770.58
4962.43	3094.9	44	1.#QNAN	0	0	0	4.04636e-008	4100.98	4962.43	4737.73
4922.59	3069.24	45	1.#QNAN	0	0	0	4.32265e-008	4066.45	4922.59	4706.07
4881.64	3043.28	46	1.#QNAN	0	0.015	0	4.40435e-008	3961.71	4881.64	4672.66
4842.47	3018.61	47	1.#QNAN	0	0	0	4.65163e-008	4012.33	4842.47	4641.06
4806.27	2995.78	48	1.#QNAN	0	0	0	4.67473e-008	3978.26	4806.27	4612.05
4770.43	2973.32	49	1.#QNAN	0	0.016	0	5.13301e-008	3924.87	4770.43	4582.97
4735.53	2951.81	50	1.#QNAN	0	0	0	4.93331e-008	3868.44	4735.53	4554.38
4700.73	2930.29	51	1.#QNAN	0	0	0	5.18445e-008	3778.28	4700.73	4525.59
4667.22	2909.43	52	1.#QNAN	0	0	0	5.57633e-008	3802.68	4667.22	4497.78
4634.41	2888.85	53	1.#QNAN	0	0.016	0	5.62917e-008	3741.64	4634.41	4470.39
4602.85	2868.31	54	1.#QNAN	0	0	0	5.64426e-008	3738.95	4602.85	4444.05
4572.79	2848.96	55	1.#QNAN	0	0	0	5.75307e-008	3718.94	4572.79	4419.1
4543.65	2830.29	56	1.#QNAN	0	0.015	0	6.06781e-008	3673.3	4543.65	4394.76
4513.93	2811.4	57	1.#QNAN	0	0	0	6.14845e-008	3575.12	4513.93	4369.42
4484.38	2792.34	58	1.#QNAN	0	0	0	6.35751e-008	3540.3	4484.38	4344.09
4456.05	2774.37	59	1.#QNAN	0	0.016	0	6.5956e-008	3547.78	4456.05	4319.85
4427.43	2756.42	60	1.#QNAN	0	0	0	6.82712e-008	3427.73	4427.43	4295.09
4400.58	2739.38	61	1.#QNAN	0	0	0	6.87102e-008	3485.57	4400.58	4272.1
4373.86	2722.53	62	1.#QNAN	0	0	0	7.23102e-008	3410.66	4373.86	4248.9
4347.58	2705.87	63	1.#QNAN	0	0.015	0	7.38826e-008	3394.88	4347.58	4226.04
4321.47	2689.55	64	1.#QNAN	0	0	0	7.68037e-008	3349.9	4321.47	4203.23
4295.59	2673.07	65	1.#QNAN	0	0	0	7.50169e-008	3289.55	4295.59	4180.49
4270.42	2657.41	66	1.#QNAN	0	0.016	0	7.93537e-008	3275.42	4270.42	4158.28
4245.65	2641.87	67	1.#QNAN	0	0	0	8.39253e-008	3267.48	4245.65	4136.41
4221.36	2626.95	68	1.#QNAN	0	0	0	8.35052e-008	3202.53	4221.36	4114.8
4198.04	2612.84	69	1.#QNAN	0	0.016	0	8.60404e-008	3202.53	4198.04	4094.1
4174.78	2599.16	70	1.#QNAN	0	0	0	8.90734e-008	3145.61	4174.78	4073.22
4151.28	2585.24	71	1.#QNAN	0	0	0	9.00078e-008	3088.28	4151.28	4052.06
4129.41	2572.23	72	1.#QNAN	0	0	0	9.63768e-008	3149	4129.41	4032.51
4107.2	2559.06	73	1.#QNAN	0	0.015	0	9.02675e-008	3114.63	4107.2	4012.52
4085.2	2546.02	74	1.#QNAN	0	0	0	9.70495e-008	3030.89	4085.2	3992.53
4064.04	2533.48	75	1.#QNAN	0	0	0	9.66951e-008	3020.32	4064.04	3973.35
4042.95	2521	76	1.#QNAN	0	0.016	0	9.70139e-008	3011.44	4042.95	3954.15
4021.58	2508.57	77	1.#QNAN	0	0	0	1.01374e-007	2921.08	4021.58	3934.56
4001.1	2496.75	78	1.#QNAN	0	0	0	1.07818e-007	2919.82	4001.1	3915.77
3981.46	2485.36	79	1.#QNAN	0	0.015	0	1.08872e-007	2935.2	3981.46	3897.84
3961.67	2474.02	80	1.#QNAN	0	0	0	1.1965e-007	2874.61	3961.67	3879.63
3941.61	2462.46	81	1.#QNAN	0	0	0	1.19041e-007	2839.47	3941.61	3861.1
3922.25	2451.38	82	1.#QNAN	0	0.016	0	1.1306e-007	2832.49	3922.25	3843.21
3903.04	2440.19	83	1.#QNAN	0	0	0	1.20325e-007	2802.96	3903.04	3825.36
3884.68	2429.54	84	1.#QNAN	0	0	0	1.24449e-007	2824.83	3884.68	3808.41
3866.19	2419.12	85	1.#QNAN	0	0	0	1.26213e-007	2793.25	3866.19	3791.24
3847.96	2408.75	86	1.#QNAN	0	0.016	0	1.26536e-007	2761.05	3847.96	3774.25
3829.52	2398.44	87	1.#QNAN	0	0	0	1.32791e-007	2712.14	3829.52	3756.96
3811.66	2388.52	88	1.#QNAN	0	0	0	1.35897e-007	2725.21	3811.66	3740.27
3793.66	2378.45	89	1.#QNAN	0	0.015	0	1.32615e-007	2679.82	3793.66	3723.36
3776	2368.44	90	1.#QNAN	0	0	0	1.44077e-007	2658.84	3776	3706.77
3758.68	2358.6	91	1.#QNAN	0	0	0	1.4158e-007	2663.35	3758.68	3690.5
3741.23	2348.86	92	1.#QNAN	0	0.016	0	1.48608e-007	2633.49	3741.23	3674.05
3723.71	2338.88	93	1.#QNAN	0	0	0	1.49753e-007	2591.62	3723.71	3657.56
3706.68	2329.25	94	1.#QNAN	0	0	0	1.51899e-007	2591	3706.68	3641.48
3690.01	2319.78	95	1.#QNAN	0	0.015	0	1.54875e-007	2587.92	3690.01	3625.77
3673.59	2310.41	96	1.#QNAN	0	0	0	1.60216e-007	2575.37	3673.59	3610.29
3657.3	2300.96	97	1.#QNAN	0	0	0	1.63404e-007	2539.09	3657.3	3594.89
3640.91	2291.55	98	1.#QNAN	0	0.016	0	1.69248e-007	2510.25	3640.91	3579.36
3624.66	2282.24	99	1.#QNAN	0	0	0	1.68772e-007	2485.04	3624.66	3563.91
3608.3	2272.96	100	1.#QNAN	0	0	0	1.70187e-007	2461.97	3608.3	3548.34
3592.46	2263.84	101	1.#QNAN	0	0.016	0	1.70215e-007	2453.65	3592.46	3533.26
3576.84	2254.84	102	1.#QNAN	0	0	0	1.78741e-007	2434.46	3576.84	3518.42
3561.34	2245.93	103	1.#QNAN	0	0	0	1.84967e-007	2404.59	3561.34	3503.66
3545.72	2236.95	104	1.#QNAN	0	0.015	0	1.89038e-007	2384.12	3545.72	3488.75
3530.47	2228.28	105	1.#QNAN	0	0	0	1.92897e-007	2382.06	3530.47	3474.19
3514.9	2219.44	106	1.#QNAN	0	0	0	1.97505e-007	2308.76	3514.9	3459.26
3500.11	2211	107	1.#QNAN	0	0	0	1.88643e-007	2354.69	3500.11	3445.11
3485.62	2202.73	108	1.#QNAN	0	0.016	0	2.05121e-007	2347.94	3485.62	3431.26
3471.1	2194.35	109	1.#QNAN	0	0	0	2.09746e-007	2330.57	3471.1	3417.37
3456.28	2185.92	110	1.#QNAN	0	0	0	2.09782e-007	2275.46	3456.28	3403.12
3442.01	2177.55	111	1.#QNAN	0	0.015	0	2.16704e-007	2297.9	3442.01	3389.45
3427.82	2169.33	112	1.#QNAN	0	0	0	2.21635e-007	2275.24	3427.82	3375.82
3413.68	2161.24	113	1.#QNAN	0	0	0	2.17979e-007	2245.58	3413.68	3362.23
3399.99	2153.29	114	1.#QNAN	0	0.016	0	2.27943e-007	2265.94	3399.99	3349.08
3386.28	2145.37	115	1.#QNAN	0	0	0	2.33831e-007	2254.52	3386.28	3335.91
3372.55	2137.37	116	1.#QNAN	0	0	0	2.43144e-007	2224.25	3372.55	3322.72
3359	2129.38	117	1.#QNAN	0	0.016	0	2.48177e-007	2212.39	3359	3309.68
3345.53	2121.37	118	1.#QNAN	0	0	0	2.41166e-007	2210.27	3345.53	3296.71
3332.19	2113.5	119	1.#QNAN	0	0	0	2.55468e-007	2192.24	3332.19	3283.88
3318.83	2105.63	120	1.#QNAN	0	0	0	2.47539e-007	2152.49	3318.83	3270.99
3305.63	2097.83	121	1.#QNAN	0	0.015	0	2.5004e-007	2134.66	3305.63	3258.24
3292.69	2090.22	122	1.#QNAN	0	0	0	2.63648e-007	2149.96	3292.69	3245.75
3280.07	2082.75	123	1.#QNAN	0	0	0	2.67161e-007	2141.29	3280.07	3233.58
3267.33	2075.3	124	1.#QNAN	0	0.016	0	2.64217e-007	2116.01	3267.33	3221.23
3254.85	2067.95	125	1.#QNAN	0	0	0	2.65457e-007	2116.4	3254.85	3209.14
3242.33	2060.51	126	1.#QNAN	0	0	0	2.75429e-007	2120.06	3242.33	3197.07
3230.18	2053.33	127	1.#QNAN	0	0.015	0	2.68499e-007	2102.57	3230.18	3185.34
3218.07	2046.15	128	1.#QNAN	0	0	0	2.83433e-007	2117.07	3218.07	3173.65
3205.82	2038.87	129	1.#QNAN	0	0	0	2.85737e-007	2078.13	3205.82	3161.8
3194.01	2031.79	130	1.#QNAN	0	0.016	0	2.8321e-007	2083.43	3194.01	3150.4
3182.23	2024.72	131	1.#QNAN	0	0	0	2.95616e-007	2050.87	3182.23	3138.98
3170.39	2017.6	132	1.#QNAN	0	0	0	2.98249e-007	2050.29	3170.39	3127.53
3158.58	2010.45	133	1.#QNAN	0	0	0	2.95657e-007	2031.68	3158.58	3116.1
3147.01	2003.41	134	1.#QNAN	0	0.016	0	3.13894e-007	2030.84	3147.01	3104.91
3135.48	1996.36	135	1.#QNAN	0	0	0	2.99786e-007	1998.52	3135.48	3093.72
3123.88	1989.33	136	1.#QNAN	0	0	0	3.08238e-007	1968.43	3123.88	3082.46
3112.42	1982.37	137	1.#QNAN	0	0.015	0	3.1112e-007	1982.73	3112.42	3071.33
3100.98	1975.43	138	1.#QNAN	0	0	0	3.30259e-007	1960.13	3100.98	3060.22
3089.69	1968.53	139	1.#QNAN	0	0	0	3.35585e-007	1952.65	3089.69	3049.25
3078.42	1961.64	140	1.#QNAN	0	0.016	0	3.34802e-007	1938.97	3078.42	3038.3
3067.3	1954.87	141	1.#QNAN	0	0	0	3.32906e-007	1942.62	3067.3	3027.5
3056.42	1948.18	142	1.#QNAN	0	0	0	3.22353e-007	1945.17	3056.42	3016.95
3045.61	1941.46	143	1.#QNAN	0	0	0	3.47696e-007	1953.42	3045.61	3006.49
3034.99	1934.83	144	1.#QNAN	0	0.015	0	3.35104e-007	1944.24	3034.99	2996.19
3024.41	1928.31	145	1.#QNAN	0	0	0	3.56643e-007	1924.81	3024.41	2985.93
3013.93	1921.84	146	1.#QNAN	0	0	0	3.47803e-007	1934.3	3013.93	2975.75
3003.47	1915.4	147	1.#QNAN	0	0.016	0	3.62275e-007	1899.51	3003.47	2965.58
2993.06	1908.97	148	1.#QNAN	0	0	0	3.71933e-007	1896.45	2993.06	2955.45
2982.94	1902.69	149	1.#QNAN	0	0	0	3.62899e-007	1926.56	2982.94	2945.61
2972.68	1896.34	150	1.#QNAN	0	0.016	1	3.72456e-007	1879.27	2972.68	2935.62
2962.72	1890.05	151	1.#QNAN	0	0	0	3.70225e-007	1904.56	2962.72	2925.94
2952.78	1883.84	152	1.#QNAN	0	0	0	3.7367e-007	1901.26	2952.78	2916.28
2942.89	1877.65	153	1.#QNAN	0	0	0	3.80653e-007	1872.45	2942.89	2906.63
2933.04	1871.54	154	1.#QNAN	0	0.015	0	3.78582e-007	1866.03	2933.04	2897.02
2923.12	1865.41	155	1.#QNAN	0	0	0	3.88631e-007	1820.08	2923.12	2887.32
2913.47	1859.35	156	1.#QNAN	0	0	0	3.99255e-007	1851.69	2913.47	2877.91
2903.78	1853.29	157	1.#QNAN	0	0.016	0	4.0836e-007	1832.73	2903.78	2868.46
2894.1	1847.25	158	1.#QNAN	0	0	0	4.02656e-007	1822.88	2894.1	2859.02
2884.4	1841.21	159	1.#QNAN	0	0	0	3.86748e-007	1774.51	2884.4	2849.53
2874.7	1835.26	160	1.#QNAN	0	0.015	0	3.85042e-007	1759.55	2874.7	2840.05
2865.2	1829.45	161	1.#QNAN	0	0	0	3.98614e-007	1771.41	2865.2	2830.77
2855.83	1823.69	162	1.#QNAN	0	0	0	3.96644e-007	1774.53	2855.83	2821.61
2846.51	1818	163	1.#QNAN	0	0	0	4.2881e-007	1747.64	2846.51	2812.48
2837.25	1812.31	164	1.#QNAN	0	0.016	0	4.10868e-007	1737.66	2837.25	2803.41
2828.05	1806.64	165	1.#QNAN	0	0	0	4.10185e-007	1740.95	2828.05	2794.42
2818.98	1801.06	166	1.#QNAN	0	0	0	4.17041e-007	1747.17	2818.98	2785.54
2810.03	1795.49	167	1.#QNAN	0	0.016	0	4.19577e-007	1758.94	2810.03	2776.81
2801.21	1790	168	1.#QNAN	0	0	0	4.19751e-007	1750.62	2801.21	2768.19
2792.27	1784.47	169	1.#QNAN	0	0	0	4.39506e-007	1720.05	2792.27	2759.45
2783.35	1778.94	170	1.#QNAN	0	0	0	4.21778e-007	1715.84	2783.35	2750.73
2774.66	1773.54	171	1.#QNAN	0	0.015	0	4.28067e-007	1732.16	2774.66	2742.25
2766.02	1768.16	172	1.#QNAN	0	0	0	4.34868e-007	1726.19	2766.02	2733.81
2757.39	1762.69	173	1.#QNAN	0	0	0	4.37411e-007	1708.57	2757.39	2725.39
2748.99	1757.36	174	1.#QNAN	0	0.016	0	4.361e-007	1711.31	2748.99	2717.19
2740.58	1752.09	175	1.#QNAN	0	0	0	4.42225e-007	1692.67	2740.58	2708.96
2732.19	1746.81	176	1.#QNAN	0	0	0	4.39657e-007	1674.86	2732.19	2700.74
2724.05	1741.66	177	1.#QNAN	0	0.015	0	4.42019e-007	1700.28	2724.05	2692.77
2715.91	1736.57	178	1.#QNAN	0	0	0	4.46286e-007	1660.23	2715.91	2684.79
2707.81	1731.46	179	1.#QNAN	0	0	0	4.49343e-007	1662.61	2707.81	2676.87
2699.84	1726.44	180	1.#QNAN	0	0	0	4.46667e-007	1675.65	2699.84	2669.08
2691.72	1721.34	181	1.#QNAN	0	0.016	0	4.59853e-007	1653.61	2691.72	2661.12
2683.62	1716.32	182	1.#QNAN	0	0	0	4.56244e-007	1617.46	2683.62	2653.17
2675.63	1711.32	183	1.#QNAN	0	0	0	4.66601e-007	1635.22	2675.63	2645.35
2667.73	1706.39	184	1.#QNAN	0	0.016	0	4.64833e-007	1628.02	2667.73	2637.59
2659.8	1701.44	185	1.#QNAN	0	0	0	4.81867e-007	1622.2	2659.8	2629.8
2651.91	1696.58	186	1.#QNAN	0	0	0	4.7616e-007	1619.05	2651.91	2622.06
2644.1	1691.66	187	1.#QNAN	0	0.015	0	4.64502e-007	1593.65	2644.1	2614.38
2636.28	1686.79	188	1.#QNAN	0	0	0	4.83699e-007	1598.21	2636.28	2606.7
2628.7	1682.01	189	1.#QNAN	0	0	0	4.77477e-007	1602.33	2628.7	2599.27
2621.06	1677.22	190	1.#QNAN	0	0	0	4.91946e-007	1591.03	2621.06	2591.76
2613.54	1672.48	191	1.#QNAN	0	0.016	0	4.8623e-007	1599.74	2613.54	2584.39
2606.1	1667.73	192	1.#QNAN	0	0	0	4.8412e-007	1598.78	2606.1	2577.09
2598.68	1662.97	193	1.#QNAN	0	0	0	4.88899e-007	1590.03	2598.68	2569.82
2591.35	1658.26	194	1.#QNAN	0	0.015	0	4.80018e-007	1597.12	2591.35	2562.63
2584.07	1653.59	195	1.#QNAN	0	0	0	5.06735e-007	1617.71	2584.07	2555.51
2576.78	1648.97	196	1.#QNAN	0	0	0	4.85855e-007	1583.87	2576.78	2548.35
2569.64	1644.38	197	1.#QNAN	0	0.016	0	4.93052e-007	1576.87	2569.64	2541.35
2562.34	1639.78	198	1.#QNAN	0	0	0	5.02855e-007	1555.07	2562.34	2534.18
2555.15	1635.32	199	1.#QNAN	0	0	0	5.08724e-007	1568.45	2555.15	2527.11
2548.03	1630.87	200	1.#QNAN	0	0	0	5.19279e-007	1548.42	2548.03	2520.11
2540.91	1626.38	201	1.#QNAN	0	0.016	0	4.98998e-007	1534.52	2540.91	2513.11
2533.69	1621.94	202	1.#QNAN	0	0	0	4.98613e-007	1552.76	2533.69	2506.01
2526.6	1617.54	203	1.#QNAN	0	0	0	4.9221e-007	1545.83	2526.6	2499.03
2519.56	1613.14	204	1.#QNAN	0	0.015	0	5.24557e-007	1544.74	2519.56	2492.1
2512.63	1608.87	205	1.#QNAN	0	0	0	5.06636e-007	1540.85	2512.63	2485.28
2505.73	1604.64	206	1.#QNAN	0	0	0	5.17698e-007	1521.47	2505.73	2478.49
2498.83	1600.41	207	1.#QNAN	0	0	0	5.10171e-007	1517.24	2498.83	2471.7
2492.06	1596.27	208	1.#QNAN	0	0.016	0	5.29003e-007	1556.51	2492.06	2465.04
2485.21	1592.14	209	1.#QNAN	0	0	0	5.31141e-007	1505.79	2485.21	2458.29
2478.39	1588.03	210	1.#QNAN	0	0	0	5.40865e-007	1500.96	2478.39	2451.56
2471.62	1583.96	211	1.#QNAN	0	0.015	0	5.33195e-007	1516.11	2471.62	2444.89
2464.82	1579.88	212	1.#QNAN	0	0	0	5.20034e-007	1506.77	2464.82	2438.2
2458.21	1575.85	213	1.#QNAN	0	0	0	5.31134e-007	1531.32	2458.21	2431.69
2451.64	1571.84	214	1.#QNAN	0	0.016	0	5.15759e-007	1519.54	2451.64	2425.24
2445.09	1567.84	215	1.#QNAN	0	0	0	5.2045e-007	1514.85	2445.09	2418.79
2438.63	1563.84	216	1.#QNAN	0	0	0	5.35679e-007	1527.84	2438.63	2412.45
2432.24	1559.93	217	1.#QNAN	0	0	0	5.24266e-007	1517.12	2432.24	2406.18
2425.89	1556.04	218	1.#QNAN	0	0.016	0	5.41542e-007	1522.74	2425.89	2399.95
2419.56	1552.16	219	1.#QNAN	0	0	0	5.11727e-007	1505.55	2419.56	2393.74
2413.37	1548.4	220	1.#QNAN	0	0	0	5.45584e-007	1526.48	2413.37	2387.68
2407.16	1544.63	221	1.#QNAN	0	0.015	0	5.51392e-007	1492.61	2407.16	2381.58
2401.01	1540.89	222	1.#QNAN	0	0	0	5.5164e-007	1494.67	2401.01	2375.55
2394.99	1537.2	223	1.#QNAN	0	0	0	5.32083e-007	1499.15	2394.99	2369.64
2388.91	1533.5	224	1.#QNAN	0	0.016	0	5.39631e-007	1496.35	2388.91	2363.66
2382.91	1529.86	225	1.#QNAN	0	0	0	5.51429e-007	1470.45	2382.91	2357.75
2376.96	1526.25	226	1.#QNAN	0	0	0	5.33016e-007	1474.96	2376.96	2351.91
2371	1522.64	227	1.#QNAN	0	0.015	0	5.45496e-007	1469.44	2371	2346.05
2365.05	1518.99	228	1.#QNAN	0	0	0	5.46442e-007	1472.3	2365.05	2340.2
2359.22	1515.47	229	1.#QNAN	0	0	0	5.40258e-007	1510.51	2359.22	2334.46
2353.45	1511.94	230	1.#QNAN	0	0.016	0	5.40064e-007	1516.98	2353.45	2328.8
2347.68	1508.42	231	1.#QNAN	0	0	0	5.45293e-007	1487.8	2347.68	2323.13
2341.98	1504.93	232	1.#QNAN	0	0	0	5.58127e-007	1478.06	2341.98	2317.53
2336.39	1501.5	233	1.#QNAN	0	0	0	5.7275e-007	1491.46	2336.39	2312.05
2330.77	1498.04	234	1.#QNAN	0	0.016	0	5.61536e-007	1457.72	2330.77	2306.52
2325.21	1494.68	235	1.#QNAN	0	0	0	5.50969e-007	1477.62	2325.21	2301.06
2319.67	1491.3	236	1.#QNAN	0	0	0	5.69694e-007	1450.28	2319.67	2295.59
2314.2	1487.96	237	1.#QNAN	0	0.015	0	5.44268e-007	1460.29	2314.2	2290.21
2308.75	1484.61	238	1.#QNAN	0	0	0	5.37835e-007	1456.73	2308.75	2284.85
2303.38	1481.3	239	1.#QNAN	0	0	0	5.60285e-007	1450.23	2303.38	2279.57
2298.18	1478.07	240	1.#QNAN	0	0.016	0	5.48704e-007	1476.54	2298.18	2274.46
2292.89	1474.81	241	1.#QNAN	0	0	0	5.46597e-007	1464.44	2292.89	2269.26
2287.59	1471.57	242	1.#QNAN	0	0	0	5.76986e-007	1444.67	2287.59	2264.05
2282.41	1468.36	243	1.#QNAN	0	0	0	5.3989e-007	1448.35	2282.41	2258.96
2277.16	1465.17	244	1.#QNAN	0	0.015	0	5.43164e-007	1430.72	2277.16	2253.79
2271.95	1461.99	245	1.#QNAN	0	0	0	5.61017e-007	1429.34	2271.95	2248.65
2266.85	1458.84	246	1.#QNAN	0	0	0	5.57751e-007	1452.67	2266.85	2243.64
2261.78	1455.72	247	1.#QNAN	0	0.016	0	5.36021e-007	1458.58	2261.78	2238.66
2256.85	1452.6	248	1.#QNAN	0	0	0	5.44791e-007	1437.79	2256.85	2233.81
2251.91	1449.52	249	1.#QNAN	0	0	0	5.5816e-007	1453.85	2251.91	2228.95
2246.96	1446.41	250	1.#QNAN	0	0.016	0	5.65434e-007	1433.9	2246.96	2224.08
2242.07	1443.32	251	1.#QNAN	0	0	0	5.5806e-007	1450.71	2242.07	2219.26
2237.18	1440.26	252	1.#QNAN	0	0	0	5.69692e-007	1439.09	2237.18	2214.46
2232.36	1437.22	253	1.#QNAN	0	0	0	5.48021e-007	1453.56	2232.36	2209.72
2227.59	1434.22	254	1.#QNAN	0	0.015	0	5.65333e-007	1434.94	2227.59	2205.02
2222.92	1431.27	255	1.#QNAN	0	0	0	5.55319e-007	1455.6	2222.92	2200.44
2218.23	1428.28	256	1.#QNAN	0	0	0	5.82916e-007	1435.63	2218.23	2195.83
2213.57	1425.34	257	1.#QNAN	0	0.016	0	5.60252e-007	1443.13	2213.57	2191.26
2209.02	1422.47	258	1.#QNAN	0	0	0	5.81491e-007	1471.34	2209.02	2186.8
2204.42	1419.58	259	1.#QNAN	0	0	0	5.72388e-007	1448.47	2204.42	2182.28
2199.94	1416.73	260	1.#QNAN	0	0.015	0	5.62967e-007	1460.06	2199.94	2177.9
2195.41	1413.9	261	1.#QNAN	0	0	0	5.61208e-007	1435.38	2195.41	2173.44
2190.91	1411.12	262	1.#QNAN	0	0	0	5.7459e-007	1452.63	2190.91	2169.03
2186.41	1408.35	263	1.#QNAN	0	0	0	5.71306e-007	1443.04	2186.41	2164.62
2182.03	1405.57	264	1.#QNAN	0	0.016	0	5.85559e-007	1466.31	2182.03	2160.33
2177.64	1402.81	265	1.#QNAN	0	0	0	5.61702e-007	1462.01	2177.64	2156.04
2173.22	1400.05	266	1.#QNAN	0	0	0	5.69477e-007	1447.26	2173.22	2151.7
2168.87	1397.31	267	1.#QNAN	0	0.016	0	5.7239e-007	1464.48	2168.87	2147.44
2164.62	1394.6	268	1.#QNAN	0	0	0	5.87786e-007	1452.67	2164.62	2143.27
2160.35	1391.92	269	1.#QNAN	0	0	0	5.8401e-007	1458.43	2160.35	2139.08
2156.07	1389.24	270	1.#QNAN	0	0.015	0	5.63404e-007	1446.04	2156.07	2134.88
2151.79	1386.58	271	1.#QNAN	0	0	0	5.59094e-007	1442.98	2151.79	2130.68
2147.67	1383.97	272	1.#QNAN	0	0	0	5.8029e-007	1470.16	2147.67	2126.65
2143.57	1381.38	273	1.#QNAN	0	0.016	0	5.96973e-007	1481.48	2143.57	2122.63
2139.55	1378.84	274	1.#QNAN	0	0	0	5.78765e-007	1479.68	2139.55	2118.69
2135.54	1376.33	275	1.#QNAN	0	0	0	6.09259e-007	1464.31	2135.54	2114.76
2131.59	1373.79	276	1.#QNAN	0	0	0	5.60643e-007	1465.12	2131.59	2110.89
2127.62	1371.28	277	1.#QNAN	0	0.015	0	5.80587e-007	1474.04	2127.62	2107
2123.74	1368.81	278	1.#QNAN	0	0	0	5.59268e-007	1446.71	2123.74	2103.21
2119.92	1366.37	279	1.#QNAN	0	0	0	5.81106e-007	1460.55	2119.92	2099.47
2116.1	1363.94	280	1.#QNAN	0	0.016	0	5.84958e-007	1472.36	2116.1	2095.73
2112.31	1361.49	281	1.#QNAN	0	0	0	5.8214e-007	1474.87	2112.31	2092.04
2108.47	1359.03	282	1.#QNAN	0	0	0	5.91846e-007	1468.98	2108.47	2088.28
2104.67	1356.57	283	1.#QNAN	0	0.016	0	5.82818e-007	1451.1	2104.67	2084.57
2100.95	1354.16	284	1.#QNAN	0	0	0	5.9886e-007	1477.96	2100.95	2080.94
2097.24	1351.76	285	1.#QNAN	0	0	0	6.00803e-007	1458	2097.24	2077.31
2093.52	1349.36	286	1.#QNAN	0	0	0	6.01084e-007	1457.02	2093.52	2073.68
2089.81	1346.99	287	1.#QNAN	0	0.015	0	6.08019e-007	1461.27	2089.81	2070.05
2086.09	1344.61	288	1.#QNAN	0	0	0	6.10939e-007	1441.43	2086.09	2066.41
2082.4	1342.27	289	1.#QNAN	0	0	0	5.73902e-007	1461.7	2082.4	2062.8
2078.7	1339.92	290	1.#QNAN	0	0.016	0	5.98064e-007	1441.24	2078.7	2059.18
2075.01	1337.58	291	1.#QNAN	0	0	0	5.88619e-007	1427.61	2075.01	2055.57
2071.32	1335.25	292	1.#QNAN	0	0	0	5.94388e-007	1423.43	2071.32	2051.97
2067.68	1332.94	293	1.#QNAN	0	0.015	0	5.87311e-007	1424.12	2067.68	2048.39
2064.07	1330.65	294	1.#QNAN	0	0	0	6.20369e-007	1431.81	2064.07	2044.85
2060.42	1328.35	295	1.#QNAN	0	0	0	5.96652e-007	1418.89	2060.42	2041.28
2056.86	1326.08	296	1.#QNAN	0	0.016	0	6.13931e-007	1431.7	2056.86	2037.79
2053.3	1323.82	297	1.#QNAN	0	0	0	6.05645e-007	1414.58	2053.3	2034.3
2049.74	1321.57	298	1.#QNAN	0	0	0	6.0528e-007	1417.5	2049.74	2030.82
2046.18	1319.3	299	1.#QNAN	0	0	0	6.18759e-007	1420.99	2046.18	2027.33
2042.61	1317.04	300	1.#QNAN	0	0.016	0	5.89529e-007	1411.71	2042.61	2023.83
2039.07	1314.82	301	1.#QNAN	0	0	0	5.85778e-007	1424.43	2039.07	2020.36
2035.7	1312.65	302	1.#QNAN	0	0	0	5.87324e-007	1439.91	2035.7	2017.07
2032.28	1310.46	303	1.#QNAN	0	0.015	0	6.18409e-007	1409.5	2032.28	2013.72
2028.88	1308.29	304	1.#QNAN	0	0	0	6.11311e-007	1413.42	2028.88	2010.38
2025.55	1306.17	305	1.#QNAN	0	0	0	6.03703e-007	1424.86	2025.55	2007.12
2022.22	1304.04	306	1.#QNAN	0	0.016	0	5.92568e-007	1408.81	2022.22	2003.85
2018.9	1301.9	307	1.#QNAN	0	0	0	6.14656e-007	1427.61	2018.9	2000.59
2015.63	1299.8	308	1.#QNAN	0	0	0	6.12237e-007	1430.84	2015.63	1997.39
2012.37	1297.76	309	1.#QNAN	0	0	0	6.09128e-007	1429.24	2012.37	1994.19
2009.09	1295.69	310	1.#QNAN	0	0.015	0	6.05887e-007	1429.32	2009.09	1990.97
2005.84	1293.63	311	1.#QNAN	0	0	0	6.3296e-007	1429.54	2005.84	1987.78
2002.59	1291.62	312	1.#QNAN	0	0	0	6.00687e-007	1418.28	2002.59	1984.6
1999.4	1289.58	313	1.#QNAN	0	0.016	0	6.02914e-007	1420.15	1999.4	1981.47
1996.24	1287.58	314	1.#QNAN	0	0	0	5.9889e-007	1411.22	1996.24	1978.37
1993.04	1285.55	315	1.#QNAN	0	0	0	6.14248e-007	1377.22	1993.04	1975.23
1989.93	1283.57	316	1.#QNAN	0	0.016	0	6.33862e-007	1416.71	1989.93	1972.19
1986.81	1281.58	317	1.#QNAN	0	0	0	6.15028e-007	1416.48	1986.81	1969.14
1983.68	1279.59	318	1.#QNAN	0	0	0	6.39151e-007	1401.2	1983.68	1966.07
1980.55	1277.62	319	1.#QNAN	0	0	0	6.18144e-007	1412.95	1980.55	1963.01
1977.41	1275.66	320	1.#QNAN	0	0.015	0	6.33541e-007	1408.01	1977.41	1959.95
1974.34	1273.7	321	1.#QNAN	0	0	0	6.09641e-007	1413.66	1974.34	1956.94
1971.33	1271.77	322	1.#QNAN	0	0	0	6.1578e-007	1430.68	1971.33	1953.99
1968.32	1269.83	323	1.#QNAN	0	0.016	0	5.7656e-007	1409.08	1968.32	1951.04
1965.25	1267.92	324	1.#QNAN	0	0	0	6.03177e-007	1396.88	1965.25	1948.04
1962.3	1266.03	325	1.#QNAN	0	0	0	6.33502e-007	1417.74	1962.3	1945.15
1959.39	1264.16	326	1.#QNAN	0	0	0	6.18878e-007	1420.98	1959.39	1942.3
1956.45	1262.27	327	1.#QNAN	0	0.015	0	6.00249e-007	1407.45	1956.45	1939.43
1953.54	1260.39	328	1.#QNAN	0	0	0	6.14411e-007	1403.79	1953.54	1936.58
1950.62	1258.5	329	1.#QNAN	0	0	0	6.12292e-007	1402.76	1950.62	1933.73
1947.81	1256.66	330	1.#QNAN	0	0.016	0	6.16171e-007	1418.73	1947.81	1930.99
1944.95	1254.8	331	1.#QNAN	0	0	0	6.15061e-007	1405.67	1944.95	1928.2
1942.12	1252.96	332	1.#QNAN	0	0	0	6.19265e-007	1402.69	1942.12	1925.42
1939.27	1251.13	333	1.#QNAN	0	0.016	0	6.21939e-007	1407.37	1939.27	1922.63
1936.47	1249.33	334	1.#QNAN	0	0	0	6.07663e-007	1416.93	1936.47	1919.9
1933.68	1247.53	335	1.#QNAN	0	0	0	6.16213e-007	1411.2	1933.68	1917.17
1930.9	1245.7	336	1.#QNAN	0	0.015	0	6.15953e-007	1426.03	1930.9	1914.45
1928.16	1243.91	337	1.#QNAN	0	0	0	6.15491e-007	1425.75	1928.16	1911.78
1925.34	1242.11	338	1.#QNAN	0	0	0	6.06056e-007	1412.52	1925.34	1909.02
1922.56	1240.32	339	1.#QNAN	0	0	0	6.0125e-007	1449.7	1922.56	1906.3
1919.76	1238.51	340	1.#QNAN	0	0.016	0	6.3142e-007	1428.12	1919.76	1903.57
1917.05	1236.75	341	1.#QNAN	0	0	0	6.26253e-007	1437.6	1917.05	1900.93
1914.34	1235.01	342	1.#QNAN	0	0	0	6.17243e-007	1433.85	1914.34	1898.28
1911.62	1233.26	343	1.#QNAN	0	0.015	0	6.30691e-007	1423	1911.62	1895.62
1908.96	1231.55	344	1.#QNAN	0	0	0	6.15261e-007	1423.39	1908.96	1893.02
1906.29	1229.84	345	1.#QNAN	0	0	0	6.35958e-007	1401.76	1906.29	1890.41
1903.72	1228.16	346	1.#QNAN	0	0	0	6.24991e-007	1442.39	1903.72	1887.9
1901.15	1226.48	347	1.#QNAN	0	0.016	0	6.12412e-007	1429.72	1901.15	1885.39
1898.58	1224.8	348	1.#QNAN	0	0	0	6.31019e-007	1411.15	1898.58	1882.88
1896.05	1223.15	349	1.#QNAN	0	0	0	6.02808e-007	1403.63	1896.05	1880.4
1893.56	1221.51	350	1.#QNAN	0	0.016	0	6.17749e-007	1415.18	1893.56	1877.98
1891.02	1219.86	351	1.#QNAN	0	0	0	6.20874e-007	1398.3	1891.02	1875.5
1888.59	1218.28	352	1.#QNAN	0	0	0	6.25118e-007	1425.93	1888.59	1873.13
1886.1	1216.66	353	1.#QNAN	0	0.015	0	6.31102e-007	1394.29	1886.1	1870.69
1883.64	1215.05	354	1.#QNAN	0	0	0	6.32679e-007	1373.97	1883.64	1868.29
1881.2	1213.47	355	1.#QNAN	0	0	0	6.21111e-007	1392.77	1881.2	1865.91
1878.73	1211.89	356	1.#QNAN	0	0	0	6.19415e-007	1369.49	1878.73	1863.49
1876.31	1210.32	357	1.#QNAN	0	0.016	0	6.13475e-007	1384.6	1876.31	1861.12
1873.89	1208.75	358	1.#QNAN	0	0	0	6.04656e-007	1374.13	1873.89	1858.75
1871.47	1207.18	359	1.#QNAN	0	0	0	5.93921e-007	1391.42	1871.47	1856.38
1869.05	1205.63	360	1.#QNAN	0	0.015	0	6.23149e-007	1367.75	1869.05	1854.01
1866.73	1204.12	361	1.#QNAN	0	0	0	6.05422e-007	1402.1	1866.73	1851.73
1864.33	1202.58	362	1.#QNAN	0	0	0	6.13848e-007	1380.55	1864.33	1849.38
1861.97	1201.07	363	1.#QNAN	0	0.016	1	6.25009e-007	1382.51	1861.97	1847.08
1859.63	1199.56	364	1.#QNAN	0	0	0	6.00085e-007	1392.97	1859.63	1844.79
1857.35	1198.08	365	1.#QNAN	0	0	0	6.12673e-007	1412.39	1857.35	1842.57
1855.01	1196.56	366	1.#QNAN	0	0	0	6.1376e-007	1387.73	1855.01	1840.28
1852.7	1195.06	367	1.#QNAN	0	0.016	0	6.16434e-007	1369.95	1852.7	1838.02
1850.37	1193.56	368	1.#QNAN	0	0	0	6.2535e-007	1368.1	1850.37	1835.74
1848.13	1192.12	369	1.#QNAN	0	0	0	6.47113e-007	1391.94	1848.13	1833.55
1845.87	1190.66	370	1.#QNAN	0	0.015	0	6.35528e-007	1387.84	1845.87	1831.33
1843.6	1189.22	371	1.#QNAN	0	0	0	6.18454e-007	1375.3	1843.6	1829.1
1841.37	1187.79	372	1.#QNAN	0	0	0	6.13691e-007	1381.27	1841.37	1826.92
1839.15	1186.38	373	1.#QNAN	0	0.016	0	6.20589e-007	1386.03	1839.15	1824.76
1836.97	1184.96	374	1.#QNAN	0	0	0	6.07574e-007	1399.16	1836.97	1822.63
1834.82	1183.55	375	1.#QNAN	0	0	0	6.40847e-007	1381.16	1834.82	1820.53
1832.69	1182.16	376	1.#QNAN	0	0	0	6.08044e-007	1378.53	1832.69	1818.46
1830.58	1180.77	377	1.#QNAN	0	0.015	0	5.96767e-007	1401.96	1830.58	1816.41
1828.51	1179.38	378	1.#QNAN	0	0	0	6.27551e-007	1400.54	1828.51	1814.38
1826.41	1178.01	379	1.#QNAN	0	0	0	6.22399e-007	1380.94	1826.41	1812.34
1824.35	1176.66	380	1.#QNAN	0	0.016	0	6.11989e-007	1389.98	1824.35	1810.32
1822.26	1175.32	381	1.#QNAN	0	0	0	6.13863e-007	1386.96	1822.26	1808.28
1820.25	1174	382	1.#QNAN	0	0	0	5.91897e-007	1392.36	1820.25	1806.32
1818.21	1172.66	383	1.#QNAN	0	0	0	6.19338e-007	1389.41	1818.21	1804.32
1816.21	1171.36	384	1.#QNAN	0	0.016	0	6.17935e-007	1392.87	1816.21	1802.38
1814.25	1170.06	385	1.#QNAN	0	0	0	6.34599e-007	1406.95	1814.25	1800.47
1812.25	1168.76	386	1.#QNAN	0	0	0	6.30123e-007	1371.8	1812.25	1798.51
1810.27	1167.46	387	1.#QNAN	0	0.015	0	6.27829e-007	1387.14	1810.27	1796.57
1808.26	1166.15	388	1.#QNAN	0	0	0	6.16363e-007	1369.65	1808.26	1794.61
1806.28	1164.86	389	1.#QNAN	0	0	0	6.31209e-007	1381.41	1806.28	1792.68
1804.33	1163.56	390	1.#QNAN	0	0.016	0	6.12341e-007	1384.45	1804.33	1790.77
1802.39	1162.28	391	1.#QNAN	0	0	0	6.27235e-007	1382.7	1802.39	1788.88
1800.46	1161.01	392	1.#QNAN	0	0	0	6.13112e-007	1385.12	1800.46	1787
1798.58	1159.75	393	1.#QNAN	0	0	0	6.10839e-007	1400.34	1798.58	1785.17
1796.68	1158.5	394	1.#QNAN	0	0.015	0	6.49718e-007	1389.95	1796.68	1783.32
1794.81	1157.29	395	1.#QNAN	0	0	0	6.32943e-007	1392.23	1794.81	1781.49
1793	1156.09	396	1.#QNAN	0	0	0	6.41704e-007	1411.47	1793	1779.73
1791.16	1154.88	397	1.#QNAN	0	0.016	0	6.04711e-007	1386.21	1791.16	1777.93
1789.39	1153.7	398	1.#QNAN	0	0	0	6.31169e-007	1411.53	1789.39	1776.21
1787.56	1152.49	399	1.#QNAN	0	0	0	6.31639e-007	1391.24	1787.56	1774.43
1785.71	1151.3	400	1.#QNAN	0	0.016	0	6.33219e-007	1396.13	1785.71	1772.63
1783.88	1150.12	401	1.#QNAN	0	0	0	6.31359e-007	1370.54	1783.88	1770.84
1782.06	1148.95	402	1.#QNAN	0	0	0	6.41995e-007	1391.29	1782.06	1769.07
1780.3	1147.76	403	1.#QNAN	0	0	0	6.3991e-007	1395.51	1780.3	1767.35
1778.46	1146.57	404	1.#QNAN	0	0.015	0	6.21194e-007	1383.82	1778.46	1765.56
1776.67	1145.39	405	1.#QNAN	0	0	0	6.1797e-007	1390.94	1776.67	1763.82
1774.92	1144.22	406	1.#QNAN	0	0	0	6.40723e-007	1400.26	1774.92	1762.12
1773.15	1143.07	407	1.#QNAN	0	0.016	0	6.51408e-007	1399.79	1773.15	1760.39
1771.39	1141.92	408	1.#QNAN	0	0	0	6.2143e-007	1394.51	1771.39	1758.68
1769.64	1140.78	409	1.#QNAN	0	0	0	6.19003e-007	1389.51	1769.64	1756.97
1767.88	1139.63	410	1.#QNAN	0	0.015	0	6.21773e-007	1377.43	1767.88	1755.26
1766.14	1138.51	411	1.#QNAN	0	0	0	6.42372e-007	1381.21	1766.14	1753.57
1764.43	1137.4	412	1.#QNAN	0	0	0	6.27196e-007	1402.23	1764.43	1751.9
1762.74	1136.31	413	1.#QNAN	0	0	0	6.28904e-007	1396.54	1762.74	1750.25
1761.08	1135.22	414	1.#QNAN	0	0.016	0	6.37612e-007	1406.35	1761.08	1748.62
1759.41	1134.12	415	1.#QNAN	0	0	0	6.39523e-007	1402.43	1759.41	1747
1757.71	1133.01	416	1.#QNAN	0	0	0	6.23244e-007	1379.86	1757.71	1745.34
1756.05	1131.91	417	1.#QNAN	0	0.016	0	6.25454e-007	1405.68	1756.05	1743.73
1754.42	1130.84	418	1.#QNAN	0	0	0	6.46422e-007	1407.7	1754.42	1742.14
1752.79	1129.76	419	1.#QNAN	0	0	0	6.43213e-007	1408.35	1752.79	1740.56
1751.12	1128.67	420	1.#QNAN	0	0.015	0	6.31594e-007	1391.62	1751.12	1738.92
1749.52	1127.62	421	1.#QNAN	0	0	0	6.65868e-007	1413.12	1749.52	1737.37
1747.89	1126.57	422	1.#QNAN	0	0	0	6.42089e-007	1406.4	1747.89	1735.78
1746.27	1125.51	423	1.#QNAN	0	0.016	0	6.36111e-007	1393.87	1746.27	1734.21
1744.71	1124.49	424	1.#QNAN	0	0	0	6.28258e-007	1418.36	1744.71	1732.7
1743.19	1123.5	425	1.#QNAN	0	0	0	6.62301e-007	1418.53	1743.19	1731.22
1741.61	1122.48	426	1.#QNAN	0	0	0	6.4722e-007	1395.83	1741.61	1729.68
1740.11	1121.5	427	1.#QNAN	0	0.015	0	6.29699e-007	1423.04	1740.11	1728.22
1738.57	1120.54	428	1.#QNAN	0	0	0	6.06984e-007	1413.81	1738.57	1726.73
1737.07	1119.58	429	1.#QNAN	0	0	0	6.64881e-007	1406.77	1737.07	1725.27
1735.55	1118.6	430	1.#QNAN	0	0.016	0	6.28571e-007	1396.12	1735.55	1723.79
1734.07	1117.66	431	1.#QNAN	0	0	0	6.32033e-007	1420.38	1734.07	1722.35
1732.55	1116.69	432	1.#QNAN	0	0	0	6.35872e-007	1402.59	1732.55	1720.87
1731.04	1115.74	433	1.#QNAN	0	0.016	0	6.44773e-007	1411.47	1731.04	1719.41
1729.58	1114.8	434	1.#QNAN	0	0	0	6.4295e-007	1418.04	1729.58	1717.99
1728.05	1113.84	435	1.#QNAN	0	0	0	6.4374e-007	1412.98	1728.05	1716.49
1726.57	1112.9	436	1.#QNAN	0	0.015	0	6.43633e-007	1407.77	1726.57	1715.05
1725.08	1111.95	437	1.#QNAN	0	0	0	6.39986e-007	1404.96	1725.08	1713.6
1723.59	1110.99	438	1.#QNAN	0	0	0	6.44684e-007	1396.86	1723.59	1712.15
1722.11	1110.07	439	1.#QNAN	0	0	0	6.33244e-007	1393.79	1722.11	1710.71
1720.59	1109.14	440	1.#QNAN	0	0.016	0	6.32954e-007	1395.22	1720.59	1709.23
1719.1	1108.21	441	1.#QNAN	0	0	0	6.58721e-007	1410.69	1719.1	1707.77
1717.63	1107.31	442	1.#QNAN	0	0	0	6.68744e-007	1412.25	1717.63	1706.35
1716.19	1106.4	443	1.#QNAN	0	0.015	0	6.3483e-007	1412.08	1716.19	1704.95
1714.72	1105.47	444	1.#QNAN	0	0	0	6.44183e-007	1403.03	1714.72	1703.5
1713.28	1104.56	445	1.#QNAN	0	0	0	6.39134e-007	1420.14	1713.28	1702.1
1711.85	1103.64	446	1.#QNAN	0	0.016	0	6.53904e-007	1395.32	1711.85	1700.71
1710.44	1102.74	447	1.#QNAN	0	0	0	6.3283e-007	1407.47	1710.44	1699.34
1709.09	1101.84	448	1.#QNAN	0	0	0	6.29916e-007	1415.07	1709.09	1698.03
1707.69	1100.95	449	1.#QNAN	0	0	0	6.25717e-007	1423.11	1707.69	1696.67
1706.3	1100.03	450	1.#QNAN	0	0.016	0	6.52836e-007	1418	1706.3	1695.32
1704.93	1099.14	451	1.#QNAN	0	0	0	6.24614e-007	1402.52	1704.93	1693.99
1703.6	1098.25	452	1.#QNAN	0	0	0	6.46903e-007	1414.59	1703.6	1692.7
1702.27	1097.38	453	1.#QNAN	0	0.015	0	6.38365e-007	1419.51	1702.27	1691.41
1700.9	1096.51	454	1.#QNAN	0	0	0	6.31855e-007	1415.28	1700.9	1690.09
1699.55	1095.63	455	1.#QNAN	0	0	0	6.3903e-007	1394.61	1699.55	1688.78
1698.27	1094.78	456	1.#QNAN	0	0	0	6.82773e-007	1408.5	1698.27	1687.54
1697.02	1093.94	457	1.#QNAN	0	0.016	0	6.5882e-007	1417.02	1697.02	1686.34
1695.74	1093.1	458	1.#QNAN	0	0	0	6.22737e-007	1410.07	1695.74	1685.09
1694.47	1092.28	459	1.#QNAN	0	0	0	6.52954e-007	1400.9	1694.47	1683.86
1693.19	1091.44	460	1.#QNAN	0	0.015	0	6.66994e-007	1401.98	1693.19	1682.61
1691.94	1090.61	461	1.#QNAN	0	0	0	6.06057e-007	1410.6	1691.94	1681.4
1690.69	1089.78	462	1.#QNAN	0	0	0	6.49566e-007	1404.71	1690.69	1680.19
1689.42	1088.92	463	1.#QNAN	0	0.016	0	6.73371e-007	1396.02	1689.42	1678.95
1688.16	1088.06	464	1.#QNAN	0	0	0	6.29206e-007	1390.32	1688.16	1677.73
1686.92	1087.23	465	1.#QNAN	0	0	0	6.37963e-007	1396.56	1686.92	1676.53
1685.69	1086.4	466	1.#QNAN	0	0	0	6.55204e-007	1408.33	1685.69	1675.33
1684.47	1085.58	467	1.#QNAN	0	0.016	0	6.32394e-007	1413	1684.47	1674.15
1683.29	1084.78	468	1.#QNAN	0	0	0	6.38694e-007	1436.4	1683.29	1673.01
1682.1	1083.97	469	1.#QNAN	0	0	0	6.24851e-007	1415.63	1682.1	1671.85
1680.86	1083.14	470	1.#QNAN	0	0.015	0	6.48433e-007	1387.4	1680.86	1670.65
1679.65	1082.34	471	1.#QNAN	0	0	0	6.23431e-007	1403.56	1679.65	1669.49
1678.42	1081.5	472	1.#QNAN	0	0	0	6.33914e-007	1406.56	1678.42	1668.29
1677.19	1080.69	473	1.#QNAN	0	0.016	0	6.50382e-007	1402.54	1677.19	1667.1
1676	1079.88	474	1.#QNAN	0	0	0	6.46727e-007	1412.25	1676	1665.95
1674.85	1079.09	475	1.#QNAN	0	0	0	6.45416e-007	1416.92	1674.85	1664.83
1673.7	1078.31	476	1.#QNAN	0	0	0	6.5041e-007	1422.41	1673.7	1663.73
1672.54	1077.52	477	1.#QNAN	0	0.015	0	6.3164e-007	1426.98	1672.54	1662.61
1671.41	1076.75	478	1.#QNAN	0	0	0	6.42414e-007	1428.35	1671.41	1661.52
1670.28	1075.98	479	1.#QNAN	0	0	0	6.51125e-007	1415.51	1670.28	1660.42
1669.18	1075.22	480	1.#QNAN	0	0.016	0	6.61117e-007	1440.75	1669.18	1659.36
1668.05	1074.44	481	1.#QNAN	0	0	0	6.55838e-007	1423.43	1668.05	1658.27
1666.94	1073.67	482	1.#QNAN	0	0	0	6.58973e-007	1423.31	1666.94	1657.19
1665.81	1072.91	483	1.#QNAN	0	0	0	6.37481e-007	1407.75	1665.81	1656.1
1664.68	1072.13	484	1.#QNAN	0	0	0	6.36654e-007	1409.45	1664.68	1655.01
1663.54	1071.36	485	1.#QNAN	0	0	0	6.32024e-007	1403.42	1663.54	1653.91
1662.46	1070.6	486	1.#QNAN	0	0	0	6.38246e-007	1422.6	1662.46	1652.86
1661.38	1069.85	487	1.#QNAN	0	0.015	0	6.38074e-007	1427.05	1661.38	1651.82
1660.29	1069.11	488	1.#QNAN	0	0	0	6.35711e-007	1412.39	1660.29	1650.76
1659.19	1068.37	489	1.#QNAN	0	0	0	6.45315e-007	1397.58	1659.19	1649.7
1658.11	1067.62	490	1.#QNAN	0	0.016	0	6.39002e-007	1409.87	1658.11	1648.65
1657.08	1066.9	491	1.#QNAN	0	0	0	6.41732e-007	1427.71	1657.08	1647.66
1655.98	1066.16	492	1.#QNAN	0	0	0	6.36696e-007	1406.82	1655.98	1646.6
1654.95	1065.45	493	1.#QNAN	0	0.015	0	6.62753e-007	1415.31	1654.95	1645.6
1653.89	1064.73	494	1.#QNAN	0	0	0	6.40262e-007	1421.35	1653.89	1644.59
1652.85	1064	495	1.#QNAN	0	0	0	6.41713e-007	1419.63	1652.85	1643.57
1651.8	1063.28	496	1.#QNAN	0	0	0	6.65906e-007	1422.74	1651.8	1642.57
1650.71	1062.55	497	1.#QNAN	0	0.016	0	6.38739e-007	1407.7	1650.71	1641.51
1649.67	1061.85	498	1.#QNAN	0	0	0	6.2521e-007	1415.24	1649.67	1640.5
1648.63	1061.16	499	1.#QNAN	0	0	0	6.20197e-007	1423.7	1648.63	1639.5
1647.59	1060.44	500	1.#QNAN	0	0.016	0	6.47014e-007	1402.26	1647.59	1638.5
1646.57	1059.74	501	1.#QNAN	0	0	0	6.65215e-007	1404.64	1646.57	1637.51
1645.52	1059.04	502	1.#QNAN	0	0	0	6.2722e-007	1408.77	1645.52	1636.5
1644.53	1058.34	503	1.#QNAN	0	0.015	0	6.31708e-007	1421.77	1644.53	1635.53
1643.55	1057.64	504	1.#QNAN	0	0	0	6.35498e-007	1418.13	1643.55	1634.59
1642.54	1056.93	505	1.#QNAN	0	0	0	6.59318e-007	1398.36	1642.54	1633.62
1641.55	1056.25	506	1.#QNAN	0	0	0	6.46411e-007	1409.73	1641.55	1632.66
1640.58	1055.56	507	1.#QNAN	0	0.016	0	6.4727e-007	1425.62	1640.58	1631.72
1639.6	1054.87	508	1.#QNAN	0	0	0	6.32481e-007	1422.87	1639.6	1630.78
1638.64	1054.17	509	1.#QNAN	0	0	0	6.61766e-007	1426.16	1638.64	1629.85
1637.67	1053.48	510	1.#QNAN	0	0.015	0	6.53853e-007	1428.41	1637.67	1628.91
1636.7	1052.81	511	1.#QNAN	0	0	0	6.52936e-007	1435.75	1636.7	1627.98
1635.73	1052.13	512	1.#QNAN	0	0	0	6.73401e-007	1425.96	1635.73	1627.05
1634.77	1051.45	513	1.#QNAN	0	0.016	0	6.4787e-007	1435.95	1634.77	1626.12
1633.79	1050.77	514	1.#QNAN	0	0	0	6.58984e-007	1423.3	1633.79	1625.17
1632.8	1050.08	515	1.#QNAN	0	0	0	6.52135e-007	1420.24	1632.8	1624.21
1631.87	1049.44	516	1.#QNAN	0	0	0	6.70566e-007	1430.91	1631.87	1623.32
1630.91	1048.76	517	1.#QNAN	0	0.016	0	6.50912e-007	1425.94	1630.91	1622.4
1629.98	1048.12	518	1.#QNAN	0	0	0	6.63235e-007	1429.81	1629.98	1621.5
1629.07	1047.48	519	1.#QNAN	0	0	0	6.38132e-007	1449.8	1629.07	1620.62
1628.13	1046.84	520	1.#QNAN	0	0.015	0	6.54655e-007	1430.81	1628.13	1619.72
1627.24	1046.2	521	1.#QNAN	0	0	0	6.54328e-007	1443.11	1627.24	1618.86
1626.36	1045.58	522	1.#QNAN	0	0	0	6.40953e-007	1448.3	1626.36	1618.02
1625.45	1044.92	523	1.#QNAN	0	0.016	0	6.38297e-007	1433.13	1625.45	1617.15
1624.54	1044.27	524	1.#QNAN	0	0	0	6.61971e-007	1431.55	1624.54	1616.27
1623.64	1043.64	525	1.#QNAN	0	0	0	6.57706e-007	1428.37	1623.64	1615.4
1622.75	1043.01	526	1.#QNAN	0	0	0	6.5922e-007	1429.64	1622.75	1614.54
1621.88	1042.39	527	1.#QNAN	0	0.015	0	6.49566e-007	1441.16	1621.88	1613.7
1621	1041.77	528	1.#QNAN	0	0	0	6.46668e-007	1428.24	1621	1612.85
1620.11	1041.16	529	1.#QNAN	0	0	0	6.39624e-007	1434.5	1620.11	1612
1619.23	1040.54	530	1.#QNAN	0	0.016	0	6.6534e-007	1418.46	1619.23	1611.15
1618.38	1039.94	531	1.#QNAN	0	0	0	6.67861e-007	1438.06	1618.38	1610.34
1617.54	1039.33	532	1.#QNAN	0	0	0	6.61509e-007	1433.69	1617.54	1609.52
1616.68	1038.72	533	1.#QNAN	0	0	0	6.57567e-007	1411.22	1616.68	1608.69
1615.84	1038.12	534	1.#QNAN	0	0.016	0	6.49803e-007	1430.03	1615.84	1607.89
1615	1037.52	535	1.#QNAN	0	0	0	6.57355e-007	1431.82	1615	1607.08
1614.14	1036.91	536	1.#QNAN	0	0	0	6.47205e-007	1410.83	1614.14	1606.24
1613.28	1036.3	537	1.#QNAN	0	0.015	0	6.68421e-007	1417.65	1613.28	1605.42
1612.45	1035.71	538	1.#QNAN	0	0	0	6.55966e-007	1427.06	1612.45	1604.62
1611.64	1035.14	539	1.#QNAN	0	0	0	6.4195e-007	1425.11	1611.64	1603.84
1610.87	1034.57	540	1.#QNAN	0	0.016	0	6.24504e-007	1430.36	1610.87	1603.09
1610.07	1034	541	1.#QNAN	0	0	0	6.7574e-007	1421.72	1610.07	1602.33
1609.28	1033.4	542	1.#QNAN	0	0	0	6.44935e-007	1418.03	1609.28	1601.56
1608.48	1032.83	543	1.#QNAN	0	0.015	0	6.37333e-007	1419.25	1608.48	1600.79
1607.72	1032.27	544	1.#QNAN	0	0	0	6.75171e-007	1439.76	1607.72	1600.06
1606.92	1031.71	545	1.#QNAN	0	0	0	6.70134e-007	1417.93	1606.92	1599.3
1606.13	1031.14	546	1.#QNAN	0	0	0	6.82062e-007	1414.86	1606.13	1598.53
1605.31	1030.58	547	1.#QNAN	0	0.016	0	6.48717e-007	1406.07	1605.31	1597.74
1604.53	1030.01	548	1.#QNAN	0	0	0	6.6561e-007	1426.37	1604.53	1596.99
1603.79	1029.47	549	1.#QNAN	0	0	0	6.52288e-007	1438.04	1603.79	1596.27
1603.02	1028.92	550	1.#QNAN	0	0.016	0	6.8581e-007	1426.49	1603.02	1595.53
1602.27	1028.37	551	1.#QNAN	0	0	0	6.65792e-007	1431.95	1602.27	1594.81
1601.5	1027.82	552	1.#QNAN	0	0	0	6.72504e-007	1417.36	1601.5	1594.07
1600.74	1027.27	553	1.#QNAN	0	0.015	0	6.63906e-007	1417.4	1600.74	1593.34
1599.97	1026.71	554	1.#QNAN	0	0	0	6.54545e-007	1418.39	1599.97	1592.6
1599.21	1026.15	555	1.#QNAN	0	0	0	6.48368e-007	1420.88	1599.21	1591.87
1598.45	1025.61	556	1.#QNAN	0	0	0	6.6278e-007	1420.4	1598.45	1591.14
1597.7	1025.07	557	1.#QNAN	0	0.016	0	6.49661e-007	1425.72	1597.7	1590.42
1596.99	1024.52	558	1.#QNAN	0	0	0	6.60439e-007	1437.98	1596.99	1589.74
1596.27	1024	559	1.#QNAN	0	0	0	6.46284e-007	1431.38	1596.27	1589.04
1595.55	1023.46	560	1.#QNAN	0	0.015	0	6.68527e-007	1436.59	1595.55	1588.35
1594.85	1022.93	561	1.#QNAN	0	0	0	6.63959e-007	1437.86	1594.85	1587.67
1594.13	1022.4	562	1.#QNAN	0	0	0	6.57357e-007	1425.93	1594.13	1586.98
1593.45	1021.89	563	1.#QNAN	0	0.016	0	6.1995e-007	1452.51	1593.45	1586.32
1592.75	1021.37	564	1.#QNAN	0	0	0	6.34273e-007	1423.17	1592.75	1585.65
1592.09	1020.87	565	1.#QNAN	0	0	0	6.52688e-007	1438.61	1592.09	1585.02
1591.41	1020.37	566	1.#QNAN	0	0	0	6.551e-007	1426.31	1591.41	1584.36
1590.7	1019.86	567	1.#QNAN	0	0.016	0	6.71187e-007	1406.21	1590.7	1583.68
1590	1019.36	568	1.#QNAN	0	0	0	6.35601e-007	1427.43	1590	1583.01
1589.31	1018.86	569	1.#QNAN	0	0	0	6.40882e-007	1420.22	1589.31	1582.35
1588.62	1018.37	570	1.#QNAN	0	0.015	0	6.46625e-007	1421.12	1588.62	1581.68
1587.93	1017.88	571	1.#QNAN	0	0	0	6.60876e-007	1432.23	1587.93	1581.02
1587.25	1017.39	572	1.#QNAN	0	0	0	6.43328e-007	1425.3	1587.25	1580.36
1586.58	1016.9	573	1.#QNAN	0	0.016	0	6.35955e-007	1435.97	1586.58	1579.71
1585.88	1016.4	574	1.#QNAN	0	0	0	6.77543e-007	1413.02	1585.88	1579.03
1585.2	1015.91	575	1.#QNAN	0	0	0	6.52829e-007	1439.59	1585.2	1578.38
1584.53	1015.42	576	1.#QNAN	0	0	0	6.54176e-007	1424.48	1584.53	1577.74
1583.87	1014.94	577	1.#QNAN	0	0.015	0	6.76875e-007	1447.87	1583.87	1577.09
1583.21	1014.46	578	1.#QNAN	0	0	0	6.34498e-007	1434.57	1583.21	1576.47
1582.53	1013.95	579	1.#QNAN	0	0	0	6.67095e-007	1433.68	1582.53	1575.81
1581.83	1013.45	580	1.#QNAN	0	0.016	1	6.39604e-007	1436.28	1581.83	1575.14
1581.16	1012.95	581	1.#QNAN	0	0	0	6.70092e-007	1448.26	1581.16	1574.49
1580.51	1012.46	582	1.#QNAN	0	0	0	6.67822e-007	1443.38	1580.51	1573.86
1579.9	1011.99	583	1.#QNAN	0	0.016	0	6.60285e-007	1466.45	1579.9	1573.28
1579.24	1011.5	584	1.#QNAN	0	0	0	6.50137e-007	1437.36	1579.24	1572.64
1578.61	1011.03	585	1.#QNAN	0	0	0	6.63438e-007	1450.44	1578.61	1572.04
1577.94	1010.53	586	1.#QNAN	0	0	0	6.40014e-007	1429.11	1577.94	1571.4
1577.34	1010.06	587	1.#QNAN	0	0.015	0	6.398e-007	1457.35	1577.34	1570.82
1576.71	1009.58	588	1.#QNAN	0	0	0	6.62917e-007	1454.28	1576.71	1570.21
1576.08	1009.11	589	1.#QNAN	0	0	0	6.51159e-007	1451.39	1576.08	1569.61
1575.48	1008.63	590	1.#QNAN	0	0.016	0	6.49301e-007	1464.1	1575.48	1569.03
1574.83	1008.15	591	1.#QNAN	0	0	0	6.32329e-007	1443.17	1574.83	1568.41
1574.21	1007.68	592	1.#QNAN	0	0	0	6.41962e-007	1447.59	1574.21	1567.81
1573.62	1007.2	593	1.#QNAN	0	0	0	6.52401e-007	1471.01	1573.62	1567.25
1573.02	1006.73	594	1.#QNAN	0	0	0	6.62308e-007	1458.92	1573.02	1566.68
1572.42	1006.24	595	1.#QNAN	0	0	0	6.3999e-007	1449.81	1572.42	1566.1
1571.82	1005.77	596	1.#QNAN	0	0	0	6.67007e-007	1453.49	1571.82	1565.52
1571.2	1005.29	597	1.#QNAN	0	0.016	0	6.48532e-007	1432.03	1571.2	1564.92
1570.57	1004.82	598	1.#QNAN	0	0	0	6.33524e-007	1424.14	1570.57	1564.32
1569.99	1004.37	599	1.#QNAN	0	0	0	6.64397e-007	1463.49	1569.99	1563.76
1569.4	1003.9	600	1.#QNAN	0	0.016	0	6.80267e-007	1451.02	1569.4	1563.19
1568.8	1003.43	601	1.#QNAN	0	0	0	6.55391e-007	1431.31	1568.8	1562.61
1568.23	1002.99	602	1.#QNAN	0	0	0	6.49882e-007	1458.05	1568.23	1562.06
1567.61	1002.53	603	1.#QNAN	0	0.015	0	6.69659e-007	1427.12	1567.61	1561.46
1567.04	1002.09	604	1.#QNAN	0	0	0	6.69358e-007	1448.9	1567.04	1560.91
1566.44	1001.64	605	1.#QNAN	0	0	0	6.6628e-007	1449.15	1566.44	1560.33
1565.83	1001.18	606	1.#QNAN	0	0	0	6.40125e-007	1429.82	1565.83	1559.74
1565.24	1000.73	607	1.#QNAN	0	0.016	0	6.70736e-007	1449.86	1565.24	1559.18
1564.67	1000.27	608	1.#QNAN	0	0	0	6.70289e-007	1451	1564.67	1558.62
1564.08	999.821	609	1.#QNAN	0	0	0	6.42862e-007	1437.63	1564.08	1558.05
1563.46	999.362	610	1.#QNAN	0	0.015	0	6.40505e-007	1414.91	1563.46	1557.46
1562.9	998.925	611	1.#QNAN	0	0	0	6.41604e-007	1431.59	1562.9	1556.92
1562.32	998.48	612	1.#QNAN	0	0	0	6.6416e-007	1436.19	1562.32	1556.36
1561.73	998.041	613	1.#QNAN	0	0.016	0	6.71168e-007	1425.06	1561.73	1555.78
1561.15	997.587	614	1.#QNAN	0	0	0	6.45982e-007	1434.35	1561.15	1555.23
1560.55	997.131	615	1.#QNAN	0	0	0	6.37122e-007	1422.75	1560.55	1554.65
1560	996.686	616	1.#QNAN	0	0.016	0	6.66252e-007	1444.56	1560	1554.12
1559.41	996.241	617	1.#QNAN	0	0	0	6.74636e-007	1432.98	1559.41	1553.55
1558.82	995.799	618	1.#QNAN	0	0	0	6.59577e-007	1435.71	1558.82	1552.98
1558.25	995.353	619	1.#QNAN	0	0	0	6.51658e-007	1438.54	1558.25	1552.43
1557.69	994.914	620	1.#QNAN	0	0.015	0	6.66293e-007	1434.34	1557.69	1551.89
1557.13	994.486	621	1.#QNAN	0	0	0	6.63249e-007	1435.41	1557.13	1551.36
1556.61	994.073	622	1.#QNAN	0	0	0	6.34459e-007	1434.32	1556.61	1550.85
1556.07	993.629	623	1.#QNAN	0	0.016	0	6.38563e-007	1444.75	1556.07	1550.34
1555.52	993.213	624	1.#QNAN	0	0	0	6.54839e-007	1425.37	1555.52	1549.81
1554.99	992.808	625	1.#QNAN	0	0	0	6.43972e-007	1430.19	1554.99	1549.3
1554.44	992.393	626	1.#QNAN	0	0.015	0	6.5181e-007	1421.13	1554.44	1548.77
1553.89	991.966	627	1.#QNAN	0	0	0	6.42658e-007	1431.36	1553.89	1548.25
1553.34	991.527	628	1.#QNAN	0	0	0	6.56958e-007	1429.16	1553.34	1547.71
1552.8	991.097	629	1.#QNAN	0	0	0	6.63111e-007	1436.72	1552.8	1547.19
1552.26	990.668	630	1.#QNAN	0	0.016	0	6.51118e-007	1430.69	1552.26	1546.68
1551.72	990.232	631	1.#QNAN	0	0	0	6.4879e-007	1435.28	1551.72	1546.16
1551.18	989.799	632	1.#QNAN	0	0	0	6.51521e-007	1423.38	1551.18	1545.64
1550.63	989.369	633	1.#QNAN	0	0.016	0	6.68415e-007	1419.69	1550.63	1545.12
1550.07	988.937	634	1.#QNAN	0	0	0	6.66954e-007	1422.89	1550.07	1544.57
1549.52	988.504	635	1.#QNAN	0	0	0	6.49543e-007	1424.86	1549.52	1544.04
1548.98	988.079	636	1.#QNAN	0	0	0	6.77063e-007	1443.18	1548.98	1543.53
1548.46	987.657	637	1.#QNAN	0	0.015	0	6.46541e-007	1454.43	1548.46	1543.03
1547.97	987.259	638	1.#QNAN	0	0	0	6.71741e-007	1456.98	1547.97	1542.56
1547.45	986.845	639	1.#QNAN	0	0	0	6.66946e-007	1456.44	1547.45	1542.07
1546.95	986.45	640	1.#QNAN	0	0.016	0	6.88508e-007	1447.25	1546.95	1541.58
1546.44	986.048	641	1.#QNAN	0	0	0	6.68895e-007	1444.26	1546.44	1541.09
1545.94	985.64	642	1.#QNAN	0	0	0	6.64676e-007	1459.76	1545.94	1540.62
1545.45	985.25	643	1.#QNAN	0	0.015	0	6.70584e-007	1460.37	1545.45	1540.15
1544.98	984.87	644	1.#QNAN	0	0	0	6.5317e-007	1449.22	1544.98	1539.7
1544.5	984.494	645	1.#QNAN	0	0	0	6.5751e-007	1444.98	1544.5	1539.24
1544.02	984.107	646	1.#QNAN	0	0	0	6.77857e-007	1441.92	1544.02	1538.78
1543.53	983.713	647	1.#QNAN	0	0.016	0	6.78561e-007	1432.81	1543.53	1538.31
1543.06	983.332	648	1.#QNAN	0	0	0	6.77146e-007	1440.72	1543.06	1537.86
1542.6	982.947	649	1.#QNAN	0	0	0	6.84052e-007	1453.14	1542.6	1537.42
1542.1	982.55	650	1.#QNAN	0	0.016	0	6.44382e-007	1421.06	1542.1	1536.93
1541.62	982.163	651	1.#QNAN	0	0	0	6.54337e-007	1437.46	1541.62	1536.47
1541.11	981.765	652	1.#QNAN	0	0	0	6.38542e-007	1421.44	1541.11	1535.99
1540.61	981.365	653	1.#QNAN	0	0.015	0	6.76616e-007	1415.24	1540.61	1535.51
1540.11	980.957	654	1.#QNAN	0	0	0	6.48357e-007	1427.43	1540.11	1535.02
1539.61	980.563	655	1.#QNAN	0	0	0	6.6144e-007	1425.44	1539.61	1534.54
1539.11	980.175	656	1.#QNAN	0	0	0	6.71076e-007	1411.38	1539.11	1534.06
1538.62	979.796	657	1.#QNAN	0	0.016	0	6.61069e-007	1410.91	1538.62	1533.58
1538.11	979.401	658	1.#QNAN	0	0	0	6.65824e-007	1409.07	1538.11	1533.1
1537.63	979.012	659	1.#QNAN	0	0	0	6.73635e-007	1414.62	1537.63	1532.63
1537.15	978.63	660	1.#QNAN	0	0.015	0	6.71791e-007	1407.6	1537.15	1532.18
1536.69	978.26	661	1.#QNAN	0	0	0	6.72457e-007	1429.02	1536.69	1531.74
1536.21	977.888	662	1.#QNAN	0	0	0	6.50894e-007	1410.55	1536.21	1531.28
1535.75	977.515	663	1.#QNAN	0	0	0	6.67254e-007	1410.3	1535.75	1530.83
1535.31	977.165	664	1.#QNAN	0	0.016	0	6.7124e-007	1440.67	1535.31	1530.41
1534.88	976.807	665	1.#QNAN	0	0	0	6.69752e-007	1443.9	1534.88	1530
1534.41	976.44	666	1.#QNAN	0	0	0	6.65414e-007	1412.02	1534.41	1529.55
1533.94	976.069	667	1.#QNAN	0	0.016	0	6.69034e-007	1419.97	1533.94	1529.1
1533.47	975.696	668	1.#QNAN	0	0	0	6.59745e-007	1422.94	1533.47	1528.64
1533.02	975.337	669	1.#QNAN	0	0	0	6.67072e-007	1425.83	1533.02	1528.21
1532.56	974.97	670	1.#QNAN	0	0.015	0	6.68646e-007	1424.82	1532.56	1527.77
1532.09	974.611	671	1.#QNAN	0	0	0	6.51004e-007	1415.64	1532.09	1527.32
1531.61	974.241	672	1.#QNAN	0	0	0	6.56221e-007	1400.51	1531.61	1526.86
1531.18	973.896	673	1.#QNAN	0	0	0	6.8386e-007	1419.86	1531.18	1526.45
1530.75	973.542	674	1.#QNAN	0	0.016	0	6.56511e-007	1423.5	1530.75	1526.03
1530.32	973.198	675	1.#QNAN	0	0	0	6.70888e-007	1436.27	1530.32	1525.62
1529.87	972.842	676	1.#QNAN	0	0	0	6.67781e-007	1402.28	1529.87	1525.19
1529.45	972.504	677	1.#QNAN	0	0.015	0	6.78951e-007	1427.31	1529.45	1524.79
1529.02	972.151	678	1.#QNAN	0	0	0	6.64691e-007	1416	1529.02	1524.38
1528.59	971.805	679	1.#QNAN	0	0	0	6.89659e-007	1405.07	1528.59	1523.96
1528.16	971.475	680	1.#QNAN	0	0.016	0	6.66566e-007	1403.16	1528.16	1523.55
1527.76	971.123	681	1.#QNAN	0	0	0	6.70657e-007	1421.32	1527.76	1523.17
1527.35	970.787	682	1.#QNAN	0	0	0	6.70745e-007	1410.57	1527.35	1522.77
1526.93	970.449	683	1.#QNAN	0	0.016	0	6.85041e-007	1404.49	1526.93	1522.36
1526.51	970.116	684	1.#QNAN	0	0	0	6.7228e-007	1402.7	1526.51	1521.96
1526.1	969.798	685	1.#QNAN	0	0	0	6.94478e-007	1411.47	1526.1	1521.57
1525.66	969.456	686	1.#QNAN	0	0	0	6.83311e-007	1388.44	1525.66	1521.15
1525.24	969.128	687	1.#QNAN	0	0.015	0	6.65915e-007	1393.4	1525.24	1520.74
1524.84	968.807	688	1.#QNAN	0	0	0	6.61902e-007	1402.38	1524.84	1520.35
1524.44	968.488	689	1.#QNAN	0	0	0	6.77208e-007	1403.07	1524.44	1519.97
1524.02	968.156	690	1.#QNAN	0	0.016	0	6.93352e-007	1402.48	1524.02	1519.57
1523.63	967.827	691	1.#QNAN	0	0	0	6.66438e-007	1406.41	1523.63	1519.19
1523.21	967.498	692	1.#QNAN	0	0	0	6.92502e-007	1395.9	1523.21	1518.79
1522.81	967.18	693	1.#QNAN	0	0.015	0	6.60947e-007	1408.21	1522.81	1518.4
1522.44	966.862	694	1.#QNAN	0	0	0	6.76749e-007	1429.06	1522.44	1518.05
1522.05	966.526	695	1.#QNAN	0	0	0	6.7142e-007	1427.21	1522.05	1517.68
1521.64	966.196	696	1.#QNAN	0	0	0	6.90501e-007	1401.63	1521.64	1517.28
1521.25	965.876	697	1.#QNAN	0	0.016	0	6.63784e-007	1417.5	1521.25	1516.9
1520.84	965.556	698	1.#QNAN	0	0	0	6.68151e-007	1415.19	1520.84	1516.51
1520.45	965.243	699	1.#QNAN	0	0	0	6.66521e-007	1414.11	1520.45	1516.14
1520.06	964.922	700	1.#QNAN	0	0.016	0	6.73849e-007	1411.8	1520.06	1515.76
1519.65	964.594	701	1.#QNAN	0	0	0	6.59392e-007	1401.76	1519.65	1515.37
1519.23	964.273	702	1.#QNAN	0	0	0	6.68635e-007	1386.76	1519.23	1514.96
1518.86	963.956	703	1.#QNAN	0	0.015	0	6.58685e-007	1415.7	1518.86	1514.6
1518.48	963.645	704	1.#QNAN	0	0	0	6.70906e-007	1416.67	1518.48	1514.24
1518.09	963.333	705	1.#QNAN	0	0	0	6.45951e-007	1403.89	1518.09	1513.87
1517.7	963.011	706	1.#QNAN	0	0.016	0	6.72206e-007	1394.29	1517.7	1513.49
1517.32	962.694	707	1.#QNAN	0	0	0	6.66953e-007	1407.98	1517.32	1513.12
1516.94	962.383	708	1.#QNAN	0	0	0	6.90599e-007	1402.48	1516.94	1512.76
1516.58	962.086	709	1.#QNAN	0	0	0	6.54686e-007	1400.43	1516.58	1512.41
1516.2	961.776	710	1.#QNAN	0	0.015	0	6.68901e-007	1410.03	1516.2	1512.05
1515.85	961.478	711	1.#QNAN	0	0	0	6.5187e-007	1416.2	1515.85	1511.72
1515.48	961.171	712	1.#QNAN	0	0	0	6.56886e-007	1407.59	1515.48	1511.36
1515.12	960.869	713	1.#QNAN	0	0.016	0	6.36519e-007	1402.67	1515.12	1511.01
1514.75	960.578	714	1.#QNAN	0	0	0	6.807e-007	1410.5	1514.75	1510.66
1514.4	960.277	715	1.#QNAN	0	0	0	6.99061e-007	1421.75	1514.4	1510.32
1514.05	959.989	716	1.#QNAN	0	0.016	0	6.65931e-007	1413.25	1514.05	1509.99
1513.7	959.687	717	1.#QNAN	0	0	0	6.81798e-007	1413.9	1513.7	1509.65
1513.33	959.39	718	1.#QNAN	0	0	0	6.65055e-007	1393.06	1513.33	1509.3
1512.97	959.089	719	1.#QNAN	0	0.015	0	6.7036e-007	1407.22	1512.97	1508.95
1512.6	958.794	720	1.#QNAN	0	0	0	6.74261e-007	1406.59	1512.6	1508.6
1512.23	958.51	721	1.#QNAN	0	0	0	6.7861e-007	1405.63	1512.23	1508.25
1511.88	958.221	722	1.#QNAN	0	0	0	6.77095e-007	1419.76	1511.88	1507.9
1511.5	957.926	723	1.#QNAN	0	0.016	0	6.62953e-007	1403.5	1511.5	1507.55
1511.14	957.634	724	1.#QNAN	0	0	0	6.84828e-007	1412.85	1511.14	1507.2
1510.81	957.35	725	1.#QNAN	0	0	0	6.59438e-007	1428.9	1510.81	1506.88
1510.43	957.052	726	1.#QNAN	0	0.015	0	6.73255e-007	1402.93	1510.43	1506.52
1510.07	956.757	727	1.#QNAN	0	0	0	6.80124e-007	1403.06	1510.07	1506.17
1509.7	956.47	728	1.#QNAN	0	0	0	6.89528e-007	1402.27	1509.7	1505.82
1509.33	956.173	729	1.#QNAN	0	0.016	0	6.60288e-007	1391.98	1509.33	1505.46
1508.99	955.886	730	1.#QNAN	0	0	0	6.5269e-007	1402.05	1508.99	1505.13
1508.62	955.598	731	1.#QNAN	0	0	0	6.59494e-007	1398.97	1508.62	1504.78
1508.27	955.304	732	1.#QNAN	0	0.016	0	6.6474e-007	1405.28	1508.27	1504.45
1507.94	955.032	733	1.#QNAN	0	0	0	6.58489e-007	1427.12	1507.94	1504.13
1507.59	954.748	734	1.#QNAN	0	0	0	6.92844e-007	1411.35	1507.59	1503.79
1507.27	954.475	735	1.#QNAN	0	0.015	0	6.70192e-007	1433.53	1507.27	1503.48
1506.94	954.198	736	1.#QNAN	0	0	0	6.71001e-007	1433.27	1506.94	1503.17
1506.62	953.914	737	1.#QNAN	0	0	0	6.75917e-007	1433.03	1506.62	1502.86
1506.31	953.642	738	1.#QNAN	0	0.016	0	6.92754e-007	1441.99	1506.31	1502.56
1505.99	953.374	739	1.#QNAN	0	0	0	6.79699e-007	1426.96	1505.99	1502.26
1505.66	953.1	740	1.#QNAN	0	0	0	6.83212e-007	1414.76	1505.66	1501.95
1505.31	952.819	741	1.#QNAN	0	0	0	6.75079e-007	1389.4	1505.31	1501.61
1504.96	952.54	742	1.#QNAN	0	0.015	0	6.85696e-007	1404.95	1504.96	1501.27
1504.6	952.252	743	1.#QNAN	0	0	0	6.53519e-007	1404.24	1504.6	1500.92
1504.25	951.972	744	1.#QNAN	0	0	0	6.73368e-007	1403.34	1504.25	1500.59
1503.92	951.688	745	1.#QNAN	0	0.016	0	6.63556e-007	1411.93	1503.92	1500.27
1503.56	951.398	746	1.#QNAN	0	0	0	6.71165e-007	1396.32	1503.56	1499.93
1503.2	951.108	747	1.#QNAN	0	0	0	6.39842e-007	1397.23	1503.2	1499.58
1502.87	950.827	748	1.#QNAN	0	0.016	0	6.92037e-007	1409.95	1502.87	1499.26
1502.54	950.544	749	1.#QNAN	0	0	0	6.6438e-007	1427.23	1502.54	1498.95
1502.19	950.27	750	1.#QNAN	0	0	0	6.67744e-007	1403.07	1502.19	1498.61
1501.86	949.988	751	1.#QNAN	0	0.015	0	6.81291e-007	1405.55	1501.86	1498.29
1501.53	949.709	752	1.#QNAN	0	0	0	6.81763e-007	1420.77	1501.53	1497.97
1501.2	949.429	753	1.#QNAN	0	0	0	6.64802e-007	1418.68	1501.2	1497.65
1500.87	949.161	754	1.#QNAN	0	0.016	0	6.91795e-007	1431.34	1500.87	1497.34
1500.56	948.885	755	1.#QNAN	0	0	0	6.97124e-007	1446.17	1500.56	1497.04
1500.23	948.614	756	1.#QNAN	0	0	0	6.63383e-007	1426.38	1500.23	1496.72
1499.88	948.334	757	1.#QNAN	0	0	0	6.96642e-007	1424.62	1499.88	1496.39
1499.55	948.049	758	1.#QNAN	0	0.015	0	6.957e-007	1420.98	1499.55	1496.07
1499.2	947.746	759	1.#QNAN	0	0	0	6.50556e-007	1414.51	1499.2	1495.73
1498.84	947.458	760	1.#QNAN	0	0	0	6.9561e-007	1409.71	1498.84	1495.38
1498.48	947.175	761	1.#QNAN	0	0.016	0	6.99503e-007	1421.47	1498.48	1495.04
1498.15	946.896	762	1.#QNAN	0	0	0	6.92078e-007	1427.89	1498.15	1494.73
1497.83	946.614	763	1.#QNAN	0	0	0	6.83987e-007	1441.99	1497.83	1494.42
1497.49	946.328	764	1.#QNAN	0	0.016	0	6.87125e-007	1422.11	1497.49	1494.09
1497.15	946.038	765	1.#QNAN	0	0	0	6.97079e-007	1435.16	1497.15	1493.77
1496.81	945.741	766	1.#QNAN	0	0	0	6.68809e-007	1425.72	1496.81	1493.44
1496.49	945.457	767	1.#QNAN	0	0	0	6.90714e-007	1444.71	1496.49	1493.13
1496.18	945.18	768	1.#QNAN	0	0.015	0	6.70175e-007	1453.46	1496.18	1492.84
1495.84	944.895	769	1.#QNAN	0	0	0	6.70583e-007	1434.77	1495.84	1492.51
1495.51	944.616	770	1.#QNAN	0	0	0	6.67656e-007	1436.14	1495.51	1492.2
1495.2	944.35	771	1.#QNAN	0	0.016	0	6.82927e-007	1446.27	1495.2	1491.9
1494.87	944.085	772	1.#QNAN	0	0	0	6.90392e-007	1419.23	1494.87	1491.58
1494.58	943.823	773	1.#QNAN	0	0	0	6.73274e-007	1443.07	1494.58	1491.31
1494.25	943.549	774	1.#QNAN	0	0.015	0	6.83034e-007	1426.38	1494.25	1490.99
1493.95	943.295	775	1.#QNAN	0	0	0	6.7577e-007	1430.83	1493.95	1490.7
1493.64	943.024	776	1.#QNAN	0	0	0	6.83958e-007	1419.56	1493.64	1490.4
1493.34	942.765	777	1.#QNAN	0	0	0	6.59697e-007	1424.46	1493.34	1490.11
1493.03	942.496	778	1.#QNAN	0	0.016	0	6.77177e-007	1415.14	1493.03	1489.81
1492.73	942.231	779	1.#QNAN	0	0	0	7.1224e-007	1426.89	1492.73	1489.53
1492.42	941.961	780	1.#QNAN	0	0	0	6.86105e-007	1425.4	1492.42	1489.23
1492.13	941.696	781	1.#QNAN	0	0.016	0	6.78e-007	1437.27	1492.13	1488.96
1491.84	941.446	782	1.#QNAN	0	0	0	6.90107e-007	1420.7	1491.84	1488.67
1491.54	941.188	783	1.#QNAN	0	0	0	6.96973e-007	1424.54	1491.54	1488.39
1491.25	940.933	784	1.#QNAN	0	0.015	0	6.76775e-007	1432.55	1491.25	1488.11
1490.94	940.665	785	1.#QNAN	0	0	0	6.6661e-007	1425.43	1490.94	1487.81
1490.63	940.396	786	1.#QNAN	0	0	0	6.8954e-007	1423.33	1490.63	1487.51
1490.32	940.146	787	1.#QNAN	0	0	0	6.95894e-007	1410.93	1490.32	1487.21
1490.01	939.887	788	1.#QNAN	0	0.016	0	6.78745e-007	1424.78	1490.01	1486.92
1489.7	939.619	789	1.#QNAN	0	0	0	6.84032e-007	1415.34	1489.7	1486.62
1489.39	939.359	790	1.#QNAN	0	0	0	6.70362e-007	1412.06	1489.39	1486.32
1489.08	939.093	791	1.#QNAN	0	0.015	1	6.90277e-007	1406.93	1489.08	1486.02
1488.77	938.833	792	1.#QNAN	0	0	0	7.04729e-007	1409	1488.77	1485.72
1488.47	938.578	793	1.#QNAN	0	0	0	6.79229e-007	1431.03	1488.47	1485.44
1488.16	938.321	794	1.#QNAN	0	0.016	0	6.95526e-007	1400.92	1488.16	1485.14
1487.85	938.054	795	1.#QNAN	0	0	0	6.83995e-007	1396.29	1487.85	1484.84
1487.56	937.801	796	1.#QNAN	0	0	0	7.04267e-007	1419.09	1487.56	1484.56
1487.28	937.56	797	1.#QNAN	0	0.016	0	6.86001e-007	1421.39	1487.28	1484.29
1486.98	937.318	798	1.#QNAN	0	0	0	6.7214e-007	1414.1	1486.98	1484
1486.67	937.067	799	1.#QNAN	0	0	0	6.77486e-007	1404.15	1486.67	1483.7
