rmse	mae	#iter	time_pred	time_learn	time_learn2	time_learn4	alpha	rmse_mcmc_this	rmse_mcmc_all	rmse_mcmc_all_but5
3454.32	2322	0	1.#QNAN	0	0	0	2.93571e-009	3454.32	3454.32	4162.21
3318.31	2246.77	1	1.#QNAN	0	0.016	0	4.97287e-008	3302.06	3318.31	4162.21
3252.17	2210.66	2	1.#QNAN	0	0	0	6.34033e-008	3165.47	3252.17	4162.21
3193.8	2179.23	3	1.#QNAN	0	0.015	0	6.85057e-008	3059.53	3193.8	4162.21
3133.24	2145.45	4	1.#QNAN	0	0.016	0	7.19825e-008	2928.66	3133.24	37734.5
3079.43	2119.13	5	1.#QNAN	0	0	0	7.85053e-008	2853.44	3079.43	2853.44
3025.67	2089.13	6	1.#QNAN	0	0.015	0	9.029e-008	2758.49	3025.67	2784.43
2972.08	2060.23	7	1.#QNAN	0	0	0	9.93934e-008	2643.99	2972.08	2727.85
2921.15	2032.32	8	1.#QNAN	0	0	0	1.05655e-007	2554.97	2921.15	2677.92
2873.45	2005.8	9	1.#QNAN	0	0.016	0	1.16631e-007	2486.58	2873.45	2635.54
2826.11	1980.01	10	1.#QNAN	0	0	0	1.31721e-007	2412.31	2826.11	2592.53
2778.41	1953.19	11	1.#QNAN	0	0.015	0	1.43589e-007	2315.15	2778.41	2547.5
2728.51	1925.13	12	1.#QNAN	0	0	0	1.5766e-007	2204.65	2728.51	2499.09
2675.16	1895.2	13	1.#QNAN	0	0.016	0	1.79986e-007	2081.83	2675.16	2445.24
2619	1863.05	14	1.#QNAN	0	0.015	0	1.95671e-007	1981.01	2619	2388.43
2567.07	1833.01	15	1.#QNAN	0	0	0	2.14001e-007	1942.7	2567.07	2338.38
2516.38	1802.16	16	1.#QNAN	0	0.016	0	2.30943e-007	1920.32	2516.38	2290.19
2470.35	1773.22	17	1.#QNAN	0	0	0	2.4365e-007	1884.49	2470.35	2248.19
2426.95	1745.52	18	1.#QNAN	0	0.016	0	2.62077e-007	1870.75	2426.95	2209.78
2386.11	1718.26	19	1.#QNAN	0	0	0	2.73671e-007	1819.07	2386.11	2173.94
2346.74	1692.19	20	1.#QNAN	0	0.015	0	3.03645e-007	1775.19	2346.74	2139.53
2309.27	1667.08	21	1.#QNAN	0	0.016	0	3.38064e-007	1744.3	2309.27	2107
2272.29	1641.38	22	1.#QNAN	0	0	0	3.30496e-007	1708.28	2272.29	2075.06
2238	1617.34	23	1.#QNAN	0	0.015	0	3.58602e-007	1705.6	2238	2045.94
2205.27	1593.89	24	1.#QNAN	0	0	0	3.84271e-007	1657.47	2205.27	2018.07
2173.74	1570.44	25	1.#QNAN	0	0.016	0	3.82725e-007	1639.89	2173.74	1991.34
2142.25	1547.43	26	1.#QNAN	0	0	0	4.21307e-007	1576.92	2142.25	1964.27
2112.23	1525.49	27	1.#QNAN	0	0.016	0	4.42435e-007	1555.52	2112.23	1938.71
2084.23	1504.62	28	1.#QNAN	0	0.015	0	4.395e-007	1565.33	2084.23	1915.27
2056.84	1483.87	29	1.#QNAN	0	0	0	4.75645e-007	1526.75	2056.84	1892.15
2030.18	1463.71	30	1.#QNAN	0	0.016	0	4.69414e-007	1501.15	2030.18	1869.64
2005.66	1444.72	31	1.#QNAN	0	0	0	4.91851e-007	1519.63	2005.66	1849.37
1981.53	1426.16	32	1.#QNAN	0	0.015	0	5.03436e-007	1493.35	1981.53	1829.31
1958.44	1408.12	33	1.#QNAN	0	0	0	5.2687e-007	1492.59	1958.44	1810.35
1936.66	1390.62	34	1.#QNAN	0	0.016	0	5.44359e-007	1507.54	1936.66	1792.59
1915.8	1373.62	35	1.#QNAN	0	0.016	0	5.39191e-007	1484.15	1915.8	1775.49
1895.61	1357.21	36	1.#QNAN	0	0	0	5.49273e-007	1476.17	1895.61	1759.11
1876.8	1341.59	37	1.#QNAN	0	0.015	0	5.63409e-007	1479.02	1876.8	1743.98
1859.46	1326.9	38	1.#QNAN	0	0	0	5.74289e-007	1494.93	1859.46	1730.27
1842.64	1312.64	39	1.#QNAN	0	0.016	0	5.9831e-007	1503.68	1842.64	1717.07
1826.37	1298.38	40	1.#QNAN	0	0	0	5.74671e-007	1494.47	1826.37	1704.19
1811.14	1285	41	1.#QNAN	0	0.015	0	6.08958e-007	1495.77	1811.14	1692.29
1796.51	1272.03	42	1.#QNAN	0	0.016	0	6.00488e-007	1474.07	1796.51	1680.65
1781.94	1259.27	43	1.#QNAN	0	0	0	6.10611e-007	1463.59	1781.94	1669.24
1768.4	1247.1	44	1.#QNAN	0	0.016	0	6.13324e-007	1498	1768.4	1658.81
1755.34	1235.27	45	1.#QNAN	0	0	0	6.63531e-007	1519.04	1755.34	1648.85
1743.22	1224.2	46	1.#QNAN	0	0.015	0	6.13784e-007	1478.81	1743.22	1639.61
1731.49	1213.5	47	1.#QNAN	0	0	0	6.2705e-007	1511.11	1731.49	1630.8
1720.13	1203.01	48	1.#QNAN	0	0.016	0	6.40885e-007	1494.27	1720.13	1622.25
1709.72	1193	49	1.#QNAN	0	0.015	0	6.37658e-007	1505.61	1709.72	1614.6
1699.41	1183	50	1.#QNAN	0	0	0	6.33393e-007	1493.14	1699.41	1606.96
1690.18	1173.66	51	1.#QNAN	0	0.016	0	6.32938e-007	1510.99	1690.18	1600.24
1680.93	1164.81	52	1.#QNAN	0	0	0	6.29435e-007	1485.71	1680.93	1593.36
1672.07	1156.29	53	1.#QNAN	0	0.016	0	6.13515e-007	1488.98	1672.07	1586.86
1663.3	1148.01	54	1.#QNAN	0	0	0	6.55458e-007	1488.23	1663.3	1580.42
1655	1139.98	55	1.#QNAN	0	0.015	0	6.49732e-007	1471.65	1655	1574.28
1647.05	1132.32	56	1.#QNAN	0	0.016	0	6.4013e-007	1480.19	1647.05	1568.5
1639.07	1124.94	57	1.#QNAN	0	0	0	6.241e-007	1444.6	1639.07	1562.52
1631.84	1117.84	58	1.#QNAN	0	0.015	0	6.46385e-007	1463.09	1631.84	1557.31
1624.5	1110.95	59	1.#QNAN	0	0	0	6.38206e-007	1457	1624.5	1551.9
1617.14	1104.14	60	1.#QNAN	0	0.016	0	6.2407e-007	1451.64	1617.14	1546.43
1610.96	1097.7	61	1.#QNAN	0	0.016	0	6.68383e-007	1482.48	1610.96	1542.06
1604.29	1091.24	62	1.#QNAN	0	0	0	6.46749e-007	1449.01	1604.29	1537.13
1598.4	1085.36	63	1.#QNAN	0	0.015	0	6.36232e-007	1486.73	1598.4	1532.99
1592.73	1079.84	64	1.#QNAN	0	0	0	6.61719e-007	1508.47	1592.73	1529.06
1587.2	1074.41	65	1.#QNAN	0	0.016	0	6.50545e-007	1484.19	1587.2	1525.2
1582.36	1069.24	66	1.#QNAN	0	0	0	6.48026e-007	1498.44	1582.36	1521.93
1577.49	1064.19	67	1.#QNAN	0	0.015	0	6.30037e-007	1481.54	1577.49	1518.61
1572.54	1059.24	68	1.#QNAN	0	0.016	0	6.54562e-007	1495.4	1572.54	1515.18
1567.83	1054.59	69	1.#QNAN	0	0	0	6.44551e-007	1473.3	1567.83	1511.93
1563.45	1050.14	70	1.#QNAN	0	0.016	0	6.43207e-007	1488.73	1563.45	1508.99
1559.18	1045.93	71	1.#QNAN	0	0	0	6.46375e-007	1469.4	1559.18	1506.06
1555.12	1041.89	72	1.#QNAN	0	0.015	0	6.38741e-007	1486.98	1555.12	1503.31
1551.24	1037.95	73	1.#QNAN	0	0	0	6.83831e-007	1494.53	1551.24	1500.75
1546.99	1033.82	74	1.#QNAN	0	0.016	0	6.50599e-007	1465.61	1546.99	1497.76
1543.03	1029.8	75	1.#QNAN	0	0.015	1	6.49366e-007	1511.04	1543.03	1495.06
1539.73	1026.17	76	1.#QNAN	0	0	0	6.42975e-007	1476.78	1539.73	1492.91
1536.43	1022.65	77	1.#QNAN	0	0.016	0	6.61568e-007	1489.45	1536.43	1490.79
1533.43	1019.23	78	1.#QNAN	0	0	0	6.7564e-007	1473.86	1533.43	1488.83
1530.52	1015.92	79	1.#QNAN	0	0.016	0	6.54956e-007	1495.03	1530.52	1487.01
1527.54	1012.56	80	1.#QNAN	0	0.015	0	6.78858e-007	1464.53	1527.54	1485.03
1524.98	1009.46	81	1.#QNAN	0	0	0	6.56044e-007	1501.75	1524.98	1483.44
1522.12	1006.2	82	1.#QNAN	0	0.016	0	6.84855e-007	1489.94	1522.12	1481.57
1519.35	1003.27	83	1.#QNAN	0	0	0	6.38327e-007	1450.59	1519.35	1479.72
1516.93	1000.52	84	1.#QNAN	0	0.015	0	6.63598e-007	1484.05	1516.93	1478.22
1514.38	997.754	85	1.#QNAN	0	0.016	0	6.82415e-007	1458.5	1514.38	1476.55
1512.11	995.185	86	1.#QNAN	0	0	0	6.34023e-007	1487.76	1512.11	1475.17
1510.04	992.662	87	1.#QNAN	0	0.016	0	6.41609e-007	1501.98	1510.04	1473.88
1507.93	990.151	88	1.#QNAN	0	0	0	6.38628e-007	1516.52	1507.93	1472.54
1506.23	987.889	89	1.#QNAN	0	0.015	0	6.6716e-007	1503.62	1506.23	1471.56
1504.32	985.442	90	1.#QNAN	0	0.016	0	6.63252e-007	1522.21	1504.32	1470.4
1502.71	983.235	91	1.#QNAN	0	0	0	6.60678e-007	1514.32	1502.71	1469.55
1501.05	981.118	92	1.#QNAN	0	0.015	0	6.73066e-007	1505.94	1501.05	1468.61
1499.92	979.253	93	1.#QNAN	0	0	0	6.87311e-007	1570.78	1499.92	1468.25
1498.74	977.341	94	1.#QNAN	0	0.016	0	6.78199e-007	1559.01	1498.74	1467.82
1497.44	975.449	95	1.#QNAN	0	0	0	6.44189e-007	1530.63	1497.44	1467.23
1496.11	973.516	96	1.#QNAN	0	0.016	0	6.56774e-007	1527.38	1496.11	1466.55
1494.84	971.854	97	1.#QNAN	0	0.015	0	6.39168e-007	1512.32	1494.84	1465.92
1493.46	970.126	98	1.#QNAN	0	0	0	6.6102e-007	1506.45	1493.46	1465.15
1492.23	968.408	99	1.#QNAN	0	0.016	0	6.52118e-007	1513.37	1492.23	1464.52
1491.15	966.826	100	1.#QNAN	0	0	0	6.56156e-007	1509.4	1491.15	1464.02
1489.98	965.249	101	1.#QNAN	0	0.015	0	6.61624e-007	1510.33	1489.98	1463.41
1489.03	963.681	102	1.#QNAN	0	0	0	6.47532e-007	1519.83	1489.03	1463.01
1487.57	962.164	103	1.#QNAN	0	0.016	0	6.35087e-007	1461.47	1487.57	1462.04
1486.33	960.719	104	1.#QNAN	0	0.016	0	6.80421e-007	1493.08	1486.33	1461.32
1485.13	959.32	105	1.#QNAN	0	0	0	6.68718e-007	1483.69	1485.13	1460.62
1483.88	957.779	106	1.#QNAN	0	0.015	0	6.4959e-007	1472.69	1483.88	1459.83
1482.51	956.172	107	1.#QNAN	0	0	0	6.76491e-007	1465.85	1482.51	1458.97
1480.86	954.452	108	1.#QNAN	0	0.016	0	6.68078e-007	1429.04	1480.86	1457.76
1479.51	952.928	109	1.#QNAN	0	0	0	6.71063e-007	1449.33	1479.51	1456.82
1478.39	951.515	110	1.#QNAN	0	0.015	0	6.71033e-007	1479.85	1478.39	1456.17
1477.48	950.231	111	1.#QNAN	0	0	0	6.81406e-007	1497.63	1477.48	1455.69
1476.49	948.996	112	1.#QNAN	0	0.016	0	6.62181e-007	1490.07	1476.49	1455.14
1475.35	947.698	113	1.#QNAN	0	0.016	0	6.79252e-007	1472.04	1475.35	1454.42
1474.09	946.347	114	1.#QNAN	0	0	0	6.58694e-007	1456.15	1474.09	1453.58
1472.64	944.967	115	1.#QNAN	0	0.015	0	6.92641e-007	1428.05	1472.64	1452.51
1471.24	943.569	116	1.#QNAN	0	0	0	6.81114e-007	1454.55	1471.24	1451.48
1470.03	942.28	117	1.#QNAN	0	0.016	0	6.62227e-007	1452.73	1470.03	1450.66
1468.82	941.025	118	1.#QNAN	0	0.015	0	6.75306e-007	1432.77	1468.82	1449.82
1467.76	939.79	119	1.#QNAN	0	0	0	6.65606e-007	1462.53	1467.76	1449.11
1466.61	938.531	120	1.#QNAN	0	0.016	0	6.79837e-007	1442.13	1466.61	1448.29
1465.59	937.362	121	1.#QNAN	0	0	0	6.88424e-007	1447.24	1465.59	1447.61
1464.57	936.223	122	1.#QNAN	0	0.016	0	6.70207e-007	1452.21	1464.57	1446.91
1463.4	934.945	123	1.#QNAN	0	0	0	6.62069e-007	1425.5	1463.4	1446.05
1462.48	933.857	124	1.#QNAN	0	0.015	0	6.77908e-007	1443.87	1462.48	1445.44
1461.51	932.66	125	1.#QNAN	0	0.016	0	6.53541e-007	1456.05	1461.51	1444.79
1460.75	931.585	126	1.#QNAN	0	0	0	6.622e-007	1466.44	1460.75	1444.34
1460.04	930.486	127	1.#QNAN	0	0.015	0	6.67397e-007	1480.24	1460.04	1443.95
1459.27	929.415	128	1.#QNAN	0	0	0	6.85145e-007	1457.08	1459.27	1443.47
1458.59	928.461	129	1.#QNAN	0	0.016	0	6.78902e-007	1471.15	1458.59	1443.08
1457.8	927.574	130	1.#QNAN	0	0	0	6.79256e-007	1446.34	1457.8	1442.56
1456.97	926.702	131	1.#QNAN	0	0.016	0	6.77022e-007	1438.84	1456.97	1441.98
1456.3	925.796	132	1.#QNAN	0	0	0	6.96056e-007	1452.91	1456.3	1441.57
1455.6	924.863	133	1.#QNAN	0	0	0	6.71095e-007	1473.3	1455.6	1441.14
1454.96	924.056	134	1.#QNAN	0	0.016	0	6.71625e-007	1448.89	1454.96	1440.73
1454.25	923.201	135	1.#QNAN	0	0	0	6.70006e-007	1437.98	1454.25	1440.25
1453.76	922.404	136	1.#QNAN	0	0.015	0	6.63547e-007	1479.05	1453.76	1439.99
1453.26	921.649	137	1.#QNAN	0	0	0	6.64468e-007	1469.01	1453.26	1439.72
1452.6	920.793	138	1.#QNAN	0	0.016	0	6.78703e-007	1452.26	1452.6	1439.28
1452	920.006	139	1.#QNAN	0	0	0	6.79491e-007	1446.12	1452	1438.9
1451.22	919.091	140	1.#QNAN	0	0	0	6.57398e-007	1480.93	1451.22	1438.33
1450.31	918.069	141	1.#QNAN	0	0.015	0	6.89544e-007	1435.94	1450.31	1437.64
1449.54	917.235	142	1.#QNAN	0	0	0	6.82146e-007	1433.38	1449.54	1437.09
1448.62	916.211	143	1.#QNAN	0	0.016	0	6.95208e-007	1486.08	1448.62	1436.37
1447.83	915.284	144	1.#QNAN	0	0	0	7.15693e-007	1417.47	1447.83	1435.8
1447.09	914.413	145	1.#QNAN	0	0.015	0	6.9082e-007	1434.73	1447.09	1435.26
1446.37	913.569	146	1.#QNAN	0	0	0	6.86846e-007	1423.38	1446.37	1434.74
1445.72	912.768	147	1.#QNAN	0	0.016	0	6.80036e-007	1433.85	1445.72	1434.28
1445.05	911.964	148	1.#QNAN	0	0.016	0	6.69122e-007	1430.23	1445.05	1433.81
1444.25	911.204	149	1.#QNAN	0	0	0	6.958e-007	1413.7	1444.25	1433.18
1443.45	910.399	150	1.#QNAN	0	0.015	0	6.89392e-007	1421.09	1443.45	1432.56
1442.84	909.742	151	1.#QNAN	0	0	0	7.01122e-007	1441.33	1442.84	1432.13
1442.2	909.041	152	1.#QNAN	0	0.016	0	6.65484e-007	1430.79	1442.2	1431.66
1441.51	908.282	153	1.#QNAN	0	0	0	7.18826e-007	1413.41	1441.51	1431.14
1440.99	907.613	154	1.#QNAN	0	0.015	0	6.94025e-007	1448.92	1440.99	1430.79
1440.32	906.907	155	1.#QNAN	0	0.016	0	6.69806e-007	1418.74	1440.32	1430.3
1439.85	906.344	156	1.#QNAN	0	0	0	6.9536e-007	1446.07	1439.85	1429.98
1439.05	905.74	157	1.#QNAN	0	0.016	0	6.84913e-007	1396.98	1439.05	1429.32
1438.42	905.047	158	1.#QNAN	0	0	0	6.72378e-007	1418.25	1438.42	1428.83
1437.72	904.454	159	1.#QNAN	0	0.015	0	6.81146e-007	1420.95	1437.72	1428.26
1437.17	903.855	160	1.#QNAN	0	0	0	7.05451e-007	1435.96	1437.17	1427.86
1436.59	903.245	161	1.#QNAN	0	0.016	0	6.83818e-007	1429.17	1436.59	1427.41
1435.98	902.754	162	1.#QNAN	0	0	0	7.05109e-007	1404	1435.98	1426.92
1435.41	902.179	163	1.#QNAN	0	0	0	7.05876e-007	1455.3	1435.41	1426.48
1434.9	901.548	164	1.#QNAN	0	0.016	0	6.89372e-007	1433.76	1434.9	1426.09
1434.38	901.027	165	1.#QNAN	0	0	0	7.20421e-007	1421.29	1434.38	1425.71
1433.56	900.443	166	1.#QNAN	0	0.016	0	7.00181e-007	1384.95	1433.56	1424.99
1432.87	899.909	167	1.#QNAN	0	0	0	7.12098e-007	1393.88	1432.87	1424.4
1432.33	899.448	168	1.#QNAN	0	0.015	0	7.16845e-007	1411.96	1432.33	1423.97
1431.81	899.009	169	1.#QNAN	0	0	0	6.97068e-007	1428.16	1431.81	1423.56
1431.22	898.475	170	1.#QNAN	0	0.016	0	6.9282e-007	1413.56	1431.22	1423.08
1430.59	897.972	171	1.#QNAN	0	0.015	0	6.99539e-007	1411.73	1430.59	1422.55
1430.01	897.498	172	1.#QNAN	0	0	0	7.25611e-007	1414.43	1430.01	1422.07
1429.46	897.08	173	1.#QNAN	0	0.016	0	6.82582e-007	1417.34	1429.46	1421.62
1428.8	896.574	174	1.#QNAN	0	0	0	7.02278e-007	1387.84	1428.8	1421.05
1428.26	896.067	175	1.#QNAN	0	0.016	0	6.78976e-007	1403.8	1428.26	1420.6
1427.85	895.587	176	1.#QNAN	0	0	0	6.95117e-007	1446.27	1427.85	1420.29
1427.43	895.134	177	1.#QNAN	0	0.015	0	7.07719e-007	1447.92	1427.43	1419.97
1426.94	894.649	178	1.#QNAN	0	0.016	0	7.22297e-007	1443.48	1426.94	1419.56
1426.43	894.171	179	1.#QNAN	0	0	0	6.80755e-007	1426.48	1426.43	1419.13
1425.75	893.672	180	1.#QNAN	0	0.015	0	7.22597e-007	1381.78	1425.75	1418.53
1425.25	893.291	181	1.#QNAN	0	0	0	7.1848e-007	1400.11	1425.25	1418.1
1424.69	892.828	182	1.#QNAN	0	0.016	0	6.92631e-007	1398.18	1424.69	1417.62
1424.26	892.335	183	1.#QNAN	0	0	0	7.03976e-007	1420.28	1424.26	1417.26
1423.67	891.77	184	1.#QNAN	0	0.016	0	7.19814e-007	1389.3	1423.67	1416.75
1423.25	891.286	185	1.#QNAN	0	0.015	0	7.13031e-007	1420.33	1423.25	1416.41
1422.66	890.79	186	1.#QNAN	0	0	0	7.19831e-007	1392.58	1422.66	1415.9
1422.23	890.327	187	1.#QNAN	0	0.016	0	6.95513e-007	1419.33	1422.23	1415.55
1421.75	889.864	188	1.#QNAN	0	0	0	6.98062e-007	1411.75	1421.75	1415.14
1421.3	889.352	189	1.#QNAN	0	0.015	1	7.01311e-007	1407.67	1421.3	1414.76
1420.88	888.866	190	1.#QNAN	0	0	0	7.10026e-007	1413.09	1420.88	1414.42
1420.52	888.437	191	1.#QNAN	0	0.016	0	7.5603e-007	1427.29	1420.52	1414.14
1420.06	888.007	192	1.#QNAN	0	0.016	0	7.40105e-007	1417.27	1420.06	1413.74
1419.57	887.584	193	1.#QNAN	0	0	0	7.29218e-007	1405.05	1419.57	1413.32
1419.13	887.221	194	1.#QNAN	0	0.015	0	7.19323e-007	1408.79	1419.13	1412.94
1418.76	886.944	195	1.#QNAN	0	0	0	7.23749e-007	1413.96	1418.76	1412.64
1418.16	886.545	196	1.#QNAN	0	0.016	0	7.3087e-007	1376.47	1418.16	1412.09
1417.66	886.167	197	1.#QNAN	0	0	0	7.37433e-007	1408.6	1417.66	1411.65
1417.32	885.824	198	1.#QNAN	0	0.015	0	7.1157e-007	1423.56	1417.32	1411.37
1416.85	885.494	199	1.#QNAN	0	0.016	0	6.95026e-007	1405.78	1416.85	1410.96
1416.42	885.156	200	1.#QNAN	0	0	0	7.23254e-007	1408.18	1416.42	1410.59
1415.96	884.847	201	1.#QNAN	0	0.016	0	7.32105e-007	1410.67	1415.96	1410.18
1415.49	884.506	202	1.#QNAN	0	0	0	7.04728e-007	1414.03	1415.49	1409.76
1415.13	884.164	203	1.#QNAN	0	0.015	0	7.07577e-007	1434.57	1415.13	1409.46
1414.8	883.894	204	1.#QNAN	0	0	0	7.31629e-007	1437.12	1414.8	1409.19
1414.49	883.592	205	1.#QNAN	0	0.016	0	7.2574e-007	1440.6	1414.49	1408.94
1414.14	883.311	206	1.#QNAN	0	0.015	0	7.07981e-007	1424.59	1414.14	1408.65
1413.74	883.025	207	1.#QNAN	0	0	0	7.13704e-007	1419.47	1413.74	1408.31
1413.43	882.781	208	1.#QNAN	0	0.016	0	7.28854e-007	1435.29	1413.43	1408.05
1413.2	882.508	209	1.#QNAN	0	0.016	0	7.41813e-007	1447.73	1413.2	1407.87
1412.82	882.213	210	1.#QNAN	0	0	0	7.42373e-007	1417.58	1412.82	1407.54
1412.51	881.918	211	1.#QNAN	0	0.015	0	7.31239e-007	1441.3	1412.51	1407.29
1412.26	881.675	212	1.#QNAN	0	0	0	7.34506e-007	1441.9	1412.26	1407.09
1411.98	881.379	213	1.#QNAN	0	0.016	0	7.14638e-007	1442.95	1411.98	1406.86
1411.66	881.077	214	1.#QNAN	0	0	0	7.35305e-007	1447.96	1411.66	1406.59
1411.41	880.801	215	1.#QNAN	0	0.015	0	7.02525e-007	1441.05	1411.41	1406.4
1411.09	880.513	216	1.#QNAN	0	0	0	7.49132e-007	1426.67	1411.09	1406.13
1410.78	880.247	217	1.#QNAN	0	0.016	0	7.42933e-007	1430.48	1410.78	1405.86
1410.56	880.053	218	1.#QNAN	0	0.016	0	7.17947e-007	1457.02	1410.56	1405.69
1410.12	879.768	219	1.#QNAN	0	0	0	7.44628e-007	1416.33	1410.12	1405.28
1409.89	879.602	220	1.#QNAN	0	0.015	0	7.38154e-007	1445.81	1409.89	1405.1
1409.54	879.371	221	1.#QNAN	0	0	0	7.10693e-007	1429.13	1409.54	1404.79
1409.26	879.12	222	1.#QNAN	0	0.016	0	7.22327e-007	1421.61	1409.26	1404.55
1408.99	878.891	223	1.#QNAN	0	0	0	7.32898e-007	1431.51	1408.99	1404.31
1408.72	878.664	224	1.#QNAN	0	0.015	0	7.72917e-007	1419.85	1408.72	1404.07
1408.47	878.459	225	1.#QNAN	0	0.016	0	7.46274e-007	1428.62	1408.47	1403.86
1408.23	878.252	226	1.#QNAN	0	0	0	7.40791e-007	1425.13	1408.23	1403.65
1407.94	878.055	227	1.#QNAN	0	0.016	0	7.41604e-007	1430.94	1407.94	1403.39
1407.56	877.774	228	1.#QNAN	0	0	0	7.23278e-007	1428.61	1407.56	1403.03
1407.33	877.549	229	1.#QNAN	0	0.015	0	7.40552e-007	1465.16	1407.33	1402.84
1407.16	877.354	230	1.#QNAN	0	0	0	7.31207e-007	1446.7	1407.16	1402.71
1406.93	877.118	231	1.#QNAN	0	0.016	0	7.3942e-007	1431.12	1406.93	1402.52
1406.75	876.945	232	1.#QNAN	0	0.015	0	7.20649e-007	1451.74	1406.75	1402.38
1406.5	876.733	233	1.#QNAN	0	0	0	7.56975e-007	1428.24	1406.5	1402.17
1406.16	876.513	234	1.#QNAN	0	0.016	0	7.2384e-007	1417.57	1406.16	1401.86
1405.92	876.326	235	1.#QNAN	0	0	0	7.13588e-007	1429.6	1405.92	1401.66
1405.63	876.142	236	1.#QNAN	0	0.016	0	7.08666e-007	1406.08	1405.63	1401.4
1405.31	875.899	237	1.#QNAN	0	0	0	7.37793e-007	1403.72	1405.31	1401.11
1405.05	875.637	238	1.#QNAN	0	0.015	0	7.29467e-007	1423.02	1405.05	1400.9
1404.72	875.373	239	1.#QNAN	0	0.016	0	7.52722e-007	1401.03	1404.72	1400.6
1404.36	875.094	240	1.#QNAN	0	0	0	7.58093e-007	1402.16	1404.36	1400.28
1404.05	874.818	241	1.#QNAN	0	0.015	0	7.25076e-007	1417.28	1404.05	1400
1403.84	874.584	242	1.#QNAN	0	0	0	7.35445e-007	1440.54	1403.84	1399.82
1403.49	874.321	243	1.#QNAN	0	0.016	0	7.06216e-007	1404.34	1403.49	1399.51
1403.02	874.018	244	1.#QNAN	0	0	0	7.37975e-007	1382.49	1403.02	1399.06
1402.77	873.797	245	1.#QNAN	0	0.016	0	7.44079e-007	1421.52	1402.77	1398.84
1402.52	873.591	246	1.#QNAN	0	0.015	0	7.70902e-007	1427.49	1402.52	1398.64
1402.31	873.408	247	1.#QNAN	0	0	0	7.46076e-007	1423.15	1402.31	1398.46
1402.06	873.219	248	1.#QNAN	0	0.016	0	7.35378e-007	1415.32	1402.06	1398.25
1401.88	872.995	249	1.#QNAN	0	0	0	7.54652e-007	1433.63	1401.88	1398.11
1401.63	872.735	250	1.#QNAN	0	0.015	0	7.35978e-007	1426.98	1401.63	1397.9
1401.39	872.546	251	1.#QNAN	0	0	0	7.45568e-007	1420.79	1401.39	1397.69
1401.12	872.372	252	1.#QNAN	0	0.016	0	7.72725e-007	1432.31	1401.12	1397.45
1400.82	872.148	253	1.#QNAN	0	0.016	0	7.41036e-007	1440.14	1400.82	1397.19
1400.56	871.948	254	1.#QNAN	0	0	0	7.41359e-007	1419.96	1400.56	1396.96
1400.23	871.686	255	1.#QNAN	0	0.015	0	7.47399e-007	1418.42	1400.23	1396.67
1399.95	871.439	256	1.#QNAN	0	0	0	7.66942e-007	1421.55	1399.95	1396.42
1399.73	871.199	257	1.#QNAN	0	0.016	0	7.86798e-007	1425.56	1399.73	1396.23
1399.39	871.023	258	1.#QNAN	0	0	0	7.67779e-007	1397.12	1399.39	1395.92
1399.22	870.89	259	1.#QNAN	0	0.015	0	7.63377e-007	1428.21	1399.22	1395.78
1398.91	870.697	260	1.#QNAN	0	0.016	0	7.54867e-007	1391.3	1398.91	1395.51
1398.58	870.483	261	1.#QNAN	0	0	0	7.38753e-007	1400.92	1398.58	1395.2
1398.28	870.227	262	1.#QNAN	0	0.016	0	7.67227e-007	1401.85	1398.28	1394.93
1398.05	870.061	263	1.#QNAN	0	0	0	7.56211e-007	1412.64	1398.05	1394.73
1397.72	869.855	264	1.#QNAN	0	0.015	0	7.48262e-007	1393.46	1397.72	1394.43
1397.46	869.654	265	1.#QNAN	0	0	0	7.18575e-007	1416.7	1397.46	1394.19
1397.22	869.494	266	1.#QNAN	0	0.016	0	7.36757e-007	1425.04	1397.22	1393.98
1397.04	869.344	267	1.#QNAN	0	0.015	0	7.39869e-007	1439.35	1397.04	1393.83
1396.87	869.178	268	1.#QNAN	0	0	0	7.42708e-007	1430.94	1396.87	1393.69
1396.61	868.976	269	1.#QNAN	0	0.016	0	7.52147e-007	1396.05	1396.61	1393.47
1396.35	868.824	270	1.#QNAN	0	0	0	7.40398e-007	1394.06	1396.35	1393.23
1396.08	868.618	271	1.#QNAN	0	0.016	0	7.56989e-007	1398.31	1396.08	1392.98
1395.86	868.468	272	1.#QNAN	0	0	0	7.33319e-007	1400.53	1395.86	1392.79
1395.63	868.294	273	1.#QNAN	0	0.015	0	7.58515e-007	1407.93	1395.63	1392.57
1395.4	868.124	274	1.#QNAN	0	0.016	0	7.66026e-007	1414.2	1395.4	1392.36
1395.25	867.997	275	1.#QNAN	0	0	0	7.52183e-007	1441.57	1395.25	1392.23
1394.9	867.803	276	1.#QNAN	0	0.015	0	7.52574e-007	1385.74	1394.9	1391.89
1394.63	867.673	277	1.#QNAN	0	0	0	7.34222e-007	1422.27	1394.63	1391.64
1394.34	867.497	278	1.#QNAN	0	0.016	0	7.45909e-007	1410.96	1394.34	1391.37
1394	867.296	279	1.#QNAN	0	0	0	7.52042e-007	1410.71	1394	1391.04
1393.69	867.137	280	1.#QNAN	0	0.016	0	7.39454e-007	1425.54	1393.69	1390.75
1393.41	866.993	281	1.#QNAN	0	0.015	0	7.65396e-007	1428.01	1393.41	1390.5
1393.21	866.848	282	1.#QNAN	0	0	0	7.55473e-007	1446.33	1393.21	1390.32
1392.91	866.65	283	1.#QNAN	0	0.016	0	7.36353e-007	1409.88	1392.91	1390.04
1392.64	866.502	284	1.#QNAN	0	0	0	7.67193e-007	1411.82	1392.64	1389.79
1392.45	866.381	285	1.#QNAN	0	0.015	0	7.70017e-007	1421.11	1392.45	1389.63
1392.15	866.186	286	1.#QNAN	0	0	0	7.46985e-007	1403.92	1392.15	1389.35
1391.9	866.053	287	1.#QNAN	0	0.016	0	7.68501e-007	1410.54	1391.9	1389.13
1391.66	865.912	288	1.#QNAN	0	0	0	7.56969e-007	1418.35	1391.66	1388.91
1391.41	865.731	289	1.#QNAN	0	0.016	0	7.54749e-007	1401.41	1391.41	1388.69
1391.11	865.561	290	1.#QNAN	0	0.015	0	7.58204e-007	1395.56	1391.11	1388.41
1390.67	865.355	291	1.#QNAN	0	0	0	7.40898e-007	1368.84	1390.67	1387.99
1390.34	865.164	292	1.#QNAN	0	0.016	0	7.43042e-007	1397.03	1390.34	1387.68
1390	864.998	293	1.#QNAN	0	0	0	7.76847e-007	1388.69	1390	1387.36
1389.67	864.796	294	1.#QNAN	0	0.015	0	7.55751e-007	1392.88	1389.67	1387.05
1389.35	864.616	295	1.#QNAN	0	0.016	0	7.44324e-007	1413.22	1389.35	1386.76
1389.09	864.435	296	1.#QNAN	0	0	0	7.45141e-007	1437.3	1389.09	1386.52
1388.84	864.259	297	1.#QNAN	0	0.016	0	7.57703e-007	1423.27	1388.84	1386.29
1388.61	864.139	298	1.#QNAN	0	0	0	7.4483e-007	1416.02	1388.61	1386.08
1388.31	863.979	299	1.#QNAN	0	0.015	0	7.39585e-007	1403.57	1388.31	1385.79
1387.99	863.776	300	1.#QNAN	0	0	0	7.40713e-007	1395.84	1387.99	1385.49
1387.78	863.637	301	1.#QNAN	0	0.016	1	7.56948e-007	1422.74	1387.78	1385.29
1387.56	863.503	302	1.#QNAN	0	0.015	0	7.49532e-007	1408.53	1387.56	1385.09
1387.23	863.306	303	1.#QNAN	0	0	0	7.21195e-007	1382.2	1387.23	1384.77
1387.03	863.15	304	1.#QNAN	0	0.016	0	7.45264e-007	1410.79	1387.03	1384.6
1386.88	863.038	305	1.#QNAN	0	0	0	7.48835e-007	1426.8	1386.88	1384.47
1386.77	862.918	306	1.#QNAN	0	0.016	0	7.29934e-007	1436.05	1386.77	1384.37
1386.66	862.827	307	1.#QNAN	0	0.015	0	7.37623e-007	1424.09	1386.66	1384.28
1386.51	862.727	308	1.#QNAN	0	0	0	7.5324e-007	1417.33	1386.51	1384.15
1386.42	862.638	309	1.#QNAN	0	0.016	0	7.31482e-007	1459.32	1386.42	1384.08
1386.29	862.54	310	1.#QNAN	0	0	0	7.38991e-007	1413.49	1386.29	1383.97
1386.15	862.425	311	1.#QNAN	0	0.015	0	7.81944e-007	1411.38	1386.15	1383.85
1385.98	862.353	312	1.#QNAN	0	0	0	7.42212e-007	1406.66	1385.98	1383.69
1385.81	862.28	313	1.#QNAN	0	0.016	0	7.61441e-007	1409.56	1385.81	1383.55
1385.55	862.172	314	1.#QNAN	0	0.016	0	7.45044e-007	1388.03	1385.55	1383.3
1385.22	862.06	315	1.#QNAN	0	0	0	7.42387e-007	1371.87	1385.22	1382.98
1384.85	861.894	316	1.#QNAN	0	0.015	0	7.66629e-007	1360.36	1384.85	1382.63
1384.54	861.797	317	1.#QNAN	0	0	0	7.42518e-007	1374.76	1384.54	1382.32
1384.31	861.721	318	1.#QNAN	0	0.016	0	7.3557e-007	1392.8	1384.31	1382.1
1384.01	861.6	319	1.#QNAN	0	0	0	7.54539e-007	1373.79	1384.01	1381.82
1383.79	861.519	320	1.#QNAN	0	0.015	0	7.69741e-007	1375.82	1383.79	1381.61
1383.55	861.428	321	1.#QNAN	0	0.016	0	7.62267e-007	1372.88	1383.55	1381.38
1383.3	861.342	322	1.#QNAN	0	0	0	7.82473e-007	1375.09	1383.3	1381.14
1382.98	861.189	323	1.#QNAN	0	0.016	0	7.66823e-007	1354.42	1382.98	1380.84
1382.75	861.078	324	1.#QNAN	0	0	0	7.71192e-007	1375.7	1382.75	1380.61
1382.53	860.994	325	1.#QNAN	0	0.015	0	7.40609e-007	1380.82	1382.53	1380.41
1382.33	860.89	326	1.#QNAN	0	0	0	7.51026e-007	1394.03	1382.33	1380.22
1382.11	860.803	327	1.#QNAN	0	0.016	0	7.63853e-007	1372.62	1382.11	1380.01
1381.91	860.727	328	1.#QNAN	0	0	0	7.66725e-007	1386.82	1381.91	1379.82
1381.66	860.615	329	1.#QNAN	0	0.015	0	7.58966e-007	1373.58	1381.66	1379.58
1381.45	860.53	330	1.#QNAN	0	0.016	0	7.1813e-007	1386.41	1381.45	1379.39
1381.24	860.444	331	1.#QNAN	0	0	0	7.51823e-007	1392.59	1381.24	1379.18
1381.02	860.375	332	1.#QNAN	0	0.016	0	7.49286e-007	1393.53	1381.02	1378.98
1380.86	860.3	333	1.#QNAN	0	0	0	7.38956e-007	1402.41	1380.86	1378.84
1380.63	860.211	334	1.#QNAN	0	0.015	0	7.68489e-007	1388.83	1380.63	1378.62
1380.35	860.091	335	1.#QNAN	0	0.016	0	7.55221e-007	1360.58	1380.35	1378.35
1380.06	859.981	336	1.#QNAN	0	0	0	7.52131e-007	1363.87	1380.06	1378.08
1379.76	859.85	337	1.#QNAN	0	0.015	0	7.58127e-007	1365.33	1379.76	1377.78
1379.45	859.737	338	1.#QNAN	0	0	0	7.14865e-007	1381.06	1379.45	1377.49
1379.11	859.628	339	1.#QNAN	0	0.016	0	7.72575e-007	1365.35	1379.11	1377.15
1378.93	859.555	340	1.#QNAN	0	0	0	7.82538e-007	1391.63	1378.93	1376.99
1378.7	859.488	341	1.#QNAN	0	0.016	0	7.71898e-007	1380.98	1378.7	1376.77
1378.39	859.398	342	1.#QNAN	0	0.015	0	7.25111e-007	1370.8	1378.39	1376.47
1378.12	859.3	343	1.#QNAN	0	0	0	7.57269e-007	1365.99	1378.12	1376.21
1377.88	859.208	344	1.#QNAN	0	0.016	0	7.37433e-007	1376.53	1377.88	1375.98
1377.55	859.112	345	1.#QNAN	0	0	0	7.64716e-007	1370.57	1377.55	1375.66
1377.2	859.011	346	1.#QNAN	0	0.015	0	7.51853e-007	1383.29	1377.2	1375.32
1376.75	858.866	347	1.#QNAN	0	0	0	7.43882e-007	1358.53	1376.75	1374.88
1376.26	858.65	348	1.#QNAN	0	0.016	0	7.49034e-007	1362.59	1376.26	1374.4
1375.77	858.456	349	1.#QNAN	0	0.016	0	7.22439e-007	1347.62	1375.77	1373.92
1375.31	858.256	350	1.#QNAN	0	0	0	7.46472e-007	1352.89	1375.31	1373.47
1374.87	858.071	351	1.#QNAN	0	0.015	0	7.40117e-007	1352.74	1374.87	1373.04
1374.46	857.862	352	1.#QNAN	0	0	0	7.29205e-007	1350.9	1374.46	1372.63
1374.07	857.646	353	1.#QNAN	0	0.016	0	7.40813e-007	1363.14	1374.07	1372.25
1373.7	857.449	354	1.#QNAN	0	0	0	7.73286e-007	1350.57	1373.7	1371.9
1373.37	857.233	355	1.#QNAN	0	0.015	0	7.6443e-007	1337.91	1373.37	1371.57
1373.04	857.053	356	1.#QNAN	0	0.016	0	7.60269e-007	1352.88	1373.04	1371.24
1372.67	856.893	357	1.#QNAN	0	0	0	7.70483e-007	1336.76	1372.67	1370.88
1372.28	856.728	358	1.#QNAN	0	0.016	0	7.68541e-007	1347.98	1372.28	1370.5
1372	856.579	359	1.#QNAN	0	0	0	7.80062e-007	1345.84	1372	1370.23
1371.81	856.448	360	1.#QNAN	0	0.015	0	7.32853e-007	1396.84	1371.81	1370.04
1371.61	856.313	361	1.#QNAN	0	0.016	0	7.62644e-007	1377.99	1371.61	1369.86
1371.36	856.184	362	1.#QNAN	0	0	0	7.54115e-007	1371.77	1371.36	1369.62
1371.11	856.051	363	1.#QNAN	0	0.015	0	7.56988e-007	1379.67	1371.11	1369.38
1370.82	855.93	364	1.#QNAN	0	0	0	7.78144e-007	1362	1370.82	1369.1
1370.6	855.825	365	1.#QNAN	0	0.016	0	7.68159e-007	1363.7	1370.6	1368.89
1370.37	855.711	366	1.#QNAN	0	0.016	0	7.43877e-007	1364.18	1370.37	1368.67
1370.08	855.575	367	1.#QNAN	0	0	0	7.51116e-007	1363.15	1370.08	1368.39
1369.82	855.432	368	1.#QNAN	0	0.015	0	7.62163e-007	1359.61	1369.82	1368.14
1369.49	855.274	369	1.#QNAN	0	0	0	7.7051e-007	1357.85	1369.49	1367.82
1369.23	855.139	370	1.#QNAN	0	0.016	0	7.68106e-007	1361.68	1369.23	1367.56
1368.96	854.998	371	1.#QNAN	0	0.015	0	7.33008e-007	1347.61	1368.96	1367.3
1368.69	854.881	372	1.#QNAN	0	0	0	7.604e-007	1374.11	1368.69	1367.04
1368.38	854.727	373	1.#QNAN	0	0.016	0	7.39194e-007	1333.96	1368.38	1366.73
1368.09	854.589	374	1.#QNAN	0	0	0	7.44823e-007	1343.23	1368.09	1366.45
1367.75	854.431	375	1.#QNAN	0	0.016	0	7.4306e-007	1353.77	1367.75	1366.12
1367.46	854.293	376	1.#QNAN	0	0.015	0	7.40347e-007	1353.24	1367.46	1365.83
1367.23	854.186	377	1.#QNAN	0	0	0	7.47237e-007	1374.55	1367.23	1365.62
1367.04	854.082	378	1.#QNAN	0	0.016	0	7.14508e-007	1383.6	1367.04	1365.43
1366.81	853.948	379	1.#QNAN	0	0	0	7.49408e-007	1378.29	1366.81	1365.21
1366.55	853.811	380	1.#QNAN	0	0.015	0	7.4432e-007	1363.71	1366.55	1364.97
1366.35	853.704	381	1.#QNAN	0	0.016	0	7.42523e-007	1361.69	1366.35	1364.78
1366.15	853.592	382	1.#QNAN	0	0	0	7.71041e-007	1373.44	1366.15	1364.59
1365.96	853.483	383	1.#QNAN	0	0.016	0	7.55218e-007	1377.5	1365.96	1364.41
1365.73	853.362	384	1.#QNAN	0	0	0	7.59306e-007	1352.9	1365.73	1364.18
1365.48	853.266	385	1.#QNAN	0	0.015	0	7.54622e-007	1365.42	1365.48	1363.94
1365.21	853.125	386	1.#QNAN	0	0	0	7.63125e-007	1369.49	1365.21	1363.68
1365.06	853.035	387	1.#QNAN	0	0.016	0	7.61688e-007	1401.32	1365.06	1363.55
1364.9	852.947	388	1.#QNAN	0	0	0	7.37325e-007	1383.35	1364.9	1363.4
1364.71	852.877	389	1.#QNAN	0	0.015	0	7.72633e-007	1386.76	1364.71	1363.22
1364.57	852.781	390	1.#QNAN	0	0.016	0	7.69315e-007	1399.07	1364.57	1363.09
1364.33	852.672	391	1.#QNAN	0	0	0	7.78164e-007	1358.38	1364.33	1362.86
1364.12	852.603	392	1.#QNAN	0	0.016	0	7.58754e-007	1371.4	1364.12	1362.66
1363.93	852.527	393	1.#QNAN	0	0	0	7.3904e-007	1389.62	1363.93	1362.48
1363.72	852.404	394	1.#QNAN	0	0.015	0	7.59368e-007	1360.58	1363.72	1362.29
1363.47	852.287	395	1.#QNAN	0	0	0	7.74307e-007	1342.1	1363.47	1362.04
1363.22	852.181	396	1.#QNAN	0	0.016	0	7.42724e-007	1353.07	1363.22	1361.81
1362.98	852.077	397	1.#QNAN	0	0.015	0	7.53394e-007	1362.46	1362.98	1361.58
1362.65	851.936	398	1.#QNAN	0	0	0	7.77449e-007	1346.55	1362.65	1361.25
1362.37	851.804	399	1.#QNAN	0	0.016	0	7.74305e-007	1351.46	1362.37	1360.98
1362.1	851.68	400	1.#QNAN	0	0	0	7.58832e-007	1341.52	1362.1	1360.72
1361.79	851.595	401	1.#QNAN	0	0.016	0	7.88004e-007	1365.44	1361.79	1360.42
1361.56	851.498	402	1.#QNAN	0	0	0	7.56494e-007	1369.68	1361.56	1360.21
1361.33	851.386	403	1.#QNAN	0	0.015	0	7.45549e-007	1366.1	1361.33	1359.99
1361.01	851.238	404	1.#QNAN	0	0.016	0	7.64444e-007	1348.05	1361.01	1359.67
1360.67	851.092	405	1.#QNAN	0	0	0	7.71412e-007	1374.04	1360.67	1359.34
1360.34	850.96	406	1.#QNAN	0	0.015	0	7.59193e-007	1357.55	1360.34	1359.02
1360.02	850.83	407	1.#QNAN	0	0	0	7.68533e-007	1386.05	1360.02	1358.7
1359.71	850.742	408	1.#QNAN	0	0.016	0	7.92845e-007	1375.62	1359.71	1358.4
1359.41	850.637	409	1.#QNAN	0	0	0	7.74294e-007	1368.6	1359.41	1358.11
1359.16	850.568	410	1.#QNAN	0	0.016	0	7.77533e-007	1389.33	1359.16	1357.86
1358.89	850.466	411	1.#QNAN	0	0.015	1	7.70986e-007	1380.16	1358.89	1357.6
1358.64	850.364	412	1.#QNAN	0	0	0	7.54973e-007	1371.65	1358.64	1357.36
1358.31	850.221	413	1.#QNAN	0	0.016	0	7.46995e-007	1354.06	1358.31	1357.03
1357.96	850.081	414	1.#QNAN	0	0	0	7.67662e-007	1351.41	1357.96	1356.69
1357.68	849.963	415	1.#QNAN	0	0.015	0	7.76405e-007	1373.64	1357.68	1356.41
1357.32	849.851	416	1.#QNAN	0	0	0	7.61982e-007	1371.91	1357.32	1356.06
1356.99	849.706	417	1.#QNAN	0	0.016	0	7.61592e-007	1351.35	1356.99	1355.73
1356.68	849.599	418	1.#QNAN	0	0.016	0	7.59754e-007	1374.49	1356.68	1355.43
1356.29	849.435	419	1.#QNAN	0	0	0	7.75226e-007	1373.23	1356.29	1355.04
1355.91	849.307	420	1.#QNAN	0	0.015	0	7.48737e-007	1340.14	1355.91	1354.66
1355.53	849.155	421	1.#QNAN	0	0	0	7.69419e-007	1348.25	1355.53	1354.28
1355.16	849.028	422	1.#QNAN	0	0.016	0	7.67576e-007	1367.59	1355.16	1353.92
1354.8	848.898	423	1.#QNAN	0	0.015	0	7.86987e-007	1378.13	1354.8	1353.56
1354.44	848.755	424	1.#QNAN	0	0	0	7.5201e-007	1365.83	1354.44	1353.2
1354.16	848.629	425	1.#QNAN	0	0.016	0	7.53517e-007	1383.88	1354.16	1352.92
1353.91	848.516	426	1.#QNAN	0	0	0	7.67152e-007	1374.07	1353.91	1352.68
1353.67	848.408	427	1.#QNAN	0	0.016	0	7.58243e-007	1386.81	1353.67	1352.45
1353.45	848.291	428	1.#QNAN	0	0	0	7.58912e-007	1388.52	1353.45	1352.23
1353.25	848.208	429	1.#QNAN	0	0.015	0	7.54668e-007	1411.14	1353.25	1352.03
1353	848.073	430	1.#QNAN	0	0.016	0	7.55993e-007	1387.88	1353	1351.79
1352.84	848.021	431	1.#QNAN	0	0	0	7.92719e-007	1436.78	1352.84	1351.63
1352.56	847.941	432	1.#QNAN	0	0.015	0	7.70463e-007	1381.9	1352.56	1351.36
1352.31	847.861	433	1.#QNAN	0	0	0	7.47445e-007	1392.3	1352.31	1351.11
1352.04	847.779	434	1.#QNAN	0	0.016	0	7.57987e-007	1370.83	1352.04	1350.85
1351.81	847.71	435	1.#QNAN	0	0	0	7.71984e-007	1388.23	1351.81	1350.63
1351.59	847.651	436	1.#QNAN	0	0.016	0	7.78793e-007	1400.96	1351.59	1350.41
1351.48	847.609	437	1.#QNAN	0	0.015	0	7.55044e-007	1424.02	1351.48	1350.3
1351.39	847.564	438	1.#QNAN	0	0	0	7.57863e-007	1407.21	1351.39	1350.23
1351.26	847.491	439	1.#QNAN	0	0.016	0	7.46725e-007	1364.89	1351.26	1350.1
1351.11	847.443	440	1.#QNAN	0	0	0	7.72076e-007	1381.67	1351.11	1349.96
1350.95	847.366	441	1.#QNAN	0	0.015	0	7.66169e-007	1376.49	1350.95	1349.8
1350.79	847.297	442	1.#QNAN	0	0	0	7.67359e-007	1390.34	1350.79	1349.64
1350.66	847.222	443	1.#QNAN	0	0.016	0	7.70049e-007	1395.27	1350.66	1349.52
1350.57	847.159	444	1.#QNAN	0	0.016	0	7.68992e-007	1401.07	1350.57	1349.44
1350.41	847.062	445	1.#QNAN	0	0	0	7.46707e-007	1379.84	1350.41	1349.28
1350.26	846.991	446	1.#QNAN	0	0.015	0	7.715e-007	1368.76	1350.26	1349.14
1350.11	846.912	447	1.#QNAN	0	0	0	7.79996e-007	1371.87	1350.11	1348.99
1349.95	846.845	448	1.#QNAN	0	0.016	0	7.3617e-007	1375.77	1349.95	1348.83
1349.76	846.776	449	1.#QNAN	0	0	0	7.68321e-007	1380.56	1349.76	1348.66
1349.6	846.698	450	1.#QNAN	0	0.015	0	7.59552e-007	1390.63	1349.6	1348.49
1349.45	846.647	451	1.#QNAN	0	0.016	0	7.72575e-007	1396.41	1349.45	1348.36
1349.32	846.593	452	1.#QNAN	0	0	0	7.58503e-007	1390.81	1349.32	1348.23
1349.19	846.52	453	1.#QNAN	0	0.016	0	8.02104e-007	1367.73	1349.19	1348.1
1349.08	846.473	454	1.#QNAN	0	0	0	7.63559e-007	1400.48	1349.08	1348.01
1348.96	846.419	455	1.#QNAN	0	0.015	0	7.5293e-007	1385.38	1348.96	1347.89
1348.8	846.345	456	1.#QNAN	0	0.016	0	7.50333e-007	1360.25	1348.8	1347.74
1348.64	846.279	457	1.#QNAN	0	0	0	7.64495e-007	1368.54	1348.64	1347.58
1348.46	846.214	458	1.#QNAN	0	0.015	0	8.05655e-007	1360.41	1348.46	1347.4
1348.29	846.145	459	1.#QNAN	0	0	0	7.77104e-007	1366.9	1348.29	1347.25
1348.03	846.046	460	1.#QNAN	0	0.016	0	7.60468e-007	1366.61	1348.03	1346.99
1347.75	845.937	461	1.#QNAN	0	0.016	0	7.32208e-007	1347.88	1347.75	1346.72
1347.48	845.83	462	1.#QNAN	0	0	0	7.57715e-007	1356.86	1347.48	1346.45
1347.3	845.756	463	1.#QNAN	0	0.015	0	7.41979e-007	1370.39	1347.3	1346.27
1347.14	845.678	464	1.#QNAN	0	0	0	7.56333e-007	1378.34	1347.14	1346.12
1346.97	845.585	465	1.#QNAN	0	0.016	0	7.68837e-007	1370.32	1346.97	1345.95
1346.76	845.488	466	1.#QNAN	0	0	0	7.66726e-007	1351.8	1346.76	1345.75
1346.53	845.389	467	1.#QNAN	0	0.015	0	7.86738e-007	1347.55	1346.53	1345.53
1346.31	845.297	468	1.#QNAN	0	0	0	7.74467e-007	1330.7	1346.31	1345.31
1346.14	845.21	469	1.#QNAN	0	0.016	0	7.60547e-007	1358.15	1346.14	1345.15
1345.89	845.122	470	1.#QNAN	0	0.016	0	7.5485e-007	1341.74	1345.89	1344.91
1345.7	845.027	471	1.#QNAN	0	0	0	7.67687e-007	1370.43	1345.7	1344.73
1345.51	844.93	472	1.#QNAN	0	0.015	0	7.57585e-007	1362.29	1345.51	1344.54
1345.34	844.853	473	1.#QNAN	0	0	0	7.49069e-007	1342.97	1345.34	1344.38
1345.21	844.811	474	1.#QNAN	0	0.016	0	7.62818e-007	1348.9	1345.21	1344.26
1345.06	844.74	475	1.#QNAN	0	0	0	7.53638e-007	1353.12	1345.06	1344.11
1344.89	844.66	476	1.#QNAN	0	0.015	0	8.06674e-007	1338.47	1344.89	1343.94
1344.74	844.599	477	1.#QNAN	0	0.016	0	7.40405e-007	1391.2	1344.74	1343.8
1344.6	844.55	478	1.#QNAN	0	0	0	7.60604e-007	1361.6	1344.6	1343.67
1344.52	844.518	479	1.#QNAN	0	0.016	0	7.51642e-007	1390.97	1344.52	1343.6
1344.36	844.481	480	1.#QNAN	0	0	0	7.66238e-007	1362.74	1344.36	1343.44
1344.23	844.42	481	1.#QNAN	0	0.015	0	7.90084e-007	1363.06	1344.23	1343.32
1344.08	844.383	482	1.#QNAN	0	0	0	7.2824e-007	1364.43	1344.08	1343.18
1343.88	844.316	483	1.#QNAN	0	0.016	0	7.58834e-007	1333.78	1343.88	1342.99
1343.7	844.253	484	1.#QNAN	0	0.015	0	7.45314e-007	1348.21	1343.7	1342.81
1343.62	844.214	485	1.#QNAN	0	0	0	7.88794e-007	1389.38	1343.62	1342.73
1343.54	844.178	486	1.#QNAN	0	0.016	0	7.74521e-007	1369.08	1343.54	1342.66
1343.43	844.132	487	1.#QNAN	0	0	0	7.75612e-007	1343.83	1343.43	1342.56
1343.39	844.118	488	1.#QNAN	0	0.016	0	7.35351e-007	1385.96	1343.39	1342.52
1343.37	844.103	489	1.#QNAN	0	0	0	7.92879e-007	1380.9	1343.37	1342.5
1343.28	844.046	490	1.#QNAN	0	0.015	0	7.72059e-007	1357.41	1343.28	1342.43
1343.21	844.009	491	1.#QNAN	0	0.016	0	7.53088e-007	1356.93	1343.21	1342.36
1343.12	843.963	492	1.#QNAN	0	0	0	7.58446e-007	1349.1	1343.12	1342.28
1343	843.897	493	1.#QNAN	0	0.015	0	7.85425e-007	1347.83	1343	1342.16
1342.88	843.856	494	1.#QNAN	0	0	0	7.59762e-007	1356.96	1342.88	1342.05
1342.79	843.828	495	1.#QNAN	0	0.016	0	7.3574e-007	1375.25	1342.79	1341.96
1342.63	843.765	496	1.#QNAN	0	0.016	0	7.61849e-007	1349.08	1342.63	1341.8
1342.56	843.738	497	1.#QNAN	0	0	0	7.88848e-007	1383.8	1342.56	1341.74
1342.5	843.704	498	1.#QNAN	0	0.015	0	7.55742e-007	1387.26	1342.5	1341.69
1342.41	843.677	499	1.#QNAN	0	0	0	7.75118e-007	1370.76	1342.41	1341.61
1342.29	843.623	500	1.#QNAN	0	0.016	0	7.80933e-007	1344.76	1342.29	1341.49
1342.2	843.572	501	1.#QNAN	0	0.015	0	7.61392e-007	1377.9	1342.2	1341.41
1342.13	843.54	502	1.#QNAN	0	0	0	7.61041e-007	1383.38	1342.13	1341.34
1341.95	843.486	503	1.#QNAN	0	0.016	0	7.54697e-007	1351.92	1341.95	1341.17
1341.74	843.422	504	1.#QNAN	0	0	0	7.61185e-007	1394.82	1341.74	1340.97
1341.55	843.339	505	1.#QNAN	0	0.016	0	7.89787e-007	1365.5	1341.55	1340.78
1341.42	843.286	506	1.#QNAN	0	0	0	7.47621e-007	1377.3	1341.42	1340.65
1341.28	843.227	507	1.#QNAN	0	0.015	0	7.86044e-007	1388.73	1341.28	1340.52
1341.2	843.19	508	1.#QNAN	0	0.016	0	7.72444e-007	1371.52	1341.2	1340.44
1341.07	843.149	509	1.#QNAN	0	0	0	7.64517e-007	1367.37	1341.07	1340.32
1340.95	843.093	510	1.#QNAN	0	0.015	0	7.87916e-007	1352.66	1340.95	1340.2
1340.86	843.053	511	1.#QNAN	0	0	0	7.94262e-007	1361.83	1340.86	1340.12
1340.79	842.985	512	1.#QNAN	0	0.016	0	7.53698e-007	1372.58	1340.79	1340.06
1340.65	842.923	513	1.#QNAN	0	0	0	7.853e-007	1373.66	1340.65	1339.92
1340.56	842.89	514	1.#QNAN	0	0.016	0	7.6362e-007	1416.04	1340.56	1339.83
1340.51	842.869	515	1.#QNAN	0	0.015	0	7.75772e-007	1447.95	1340.51	1339.79
1340.38	842.828	516	1.#QNAN	0	0	0	7.54498e-007	1404.09	1340.38	1339.67
1340.33	842.833	517	1.#QNAN	0	0.016	0	7.85033e-007	1480.66	1340.33	1339.62
1340.26	842.825	518	1.#QNAN	0	0	0	7.88321e-007	1465.38	1340.26	1339.56
1340.18	842.797	519	1.#QNAN	0	0.015	0	7.9684e-007	1477.04	1340.18	1339.49
1340.05	842.762	520	1.#QNAN	0	0	0	7.44463e-007	1410.55	1340.05	1339.37
1339.92	842.734	521	1.#QNAN	0	0.016	0	7.89251e-007	1405.67	1339.92	1339.24
1339.86	842.723	522	1.#QNAN	0	0.016	1	7.56607e-007	1407.64	1339.86	1339.18
1339.73	842.7	523	1.#QNAN	0	0	0	7.52997e-007	1374.8	1339.73	1339.06
1339.63	842.686	524	1.#QNAN	0	0.015	0	7.55331e-007	1378.68	1339.63	1338.97
1339.58	842.694	525	1.#QNAN	0	0	0	7.56957e-007	1401.79	1339.58	1338.92
1339.47	842.669	526	1.#QNAN	0	0.016	0	7.71088e-007	1384.38	1339.47	1338.82
1339.33	842.631	527	1.#QNAN	0	0	0	7.49259e-007	1362.83	1339.33	1338.69
1339.19	842.61	528	1.#QNAN	0	0.015	0	7.87289e-007	1370.06	1339.19	1338.55
1339.02	842.577	529	1.#QNAN	0	0.016	0	7.66411e-007	1356.16	1339.02	1338.38
1338.9	842.557	530	1.#QNAN	0	0	0	7.61268e-007	1365.47	1338.9	1338.27
1338.8	842.52	531	1.#QNAN	0	0.016	0	7.70381e-007	1363.47	1338.8	1338.17
1338.78	842.523	532	1.#QNAN	0	0	0	7.53112e-007	1391.86	1338.78	1338.15
1338.77	842.529	533	1.#QNAN	0	0.015	0	7.79627e-007	1417.02	1338.77	1338.15
1338.74	842.524	534	1.#QNAN	0	0.016	0	7.67184e-007	1391.99	1338.74	1338.12
1338.68	842.505	535	1.#QNAN	0	0	0	7.8443e-007	1388.65	1338.68	1338.07
1338.59	842.469	536	1.#QNAN	0	0.015	0	7.64653e-007	1379.32	1338.59	1337.98
1338.5	842.419	537	1.#QNAN	0	0	0	7.603e-007	1380.17	1338.5	1337.89
1338.35	842.34	538	1.#QNAN	0	0.016	0	7.59986e-007	1380.7	1338.35	1337.75
1338.19	842.279	539	1.#QNAN	0	0	0	7.55991e-007	1382.47	1338.19	1337.6
1338.16	842.274	540	1.#QNAN	0	0.016	0	7.48318e-007	1401.95	1338.16	1337.57
1338.14	842.288	541	1.#QNAN	0	0.015	0	7.6438e-007	1405.28	1338.14	1337.55
1338.05	842.256	542	1.#QNAN	0	0	0	7.56618e-007	1392.36	1338.05	1337.47
1337.99	842.239	543	1.#QNAN	0	0.016	0	7.63541e-007	1395.38	1337.99	1337.41
1337.96	842.241	544	1.#QNAN	0	0	0	7.4447e-007	1386.3	1337.96	1337.38
1337.9	842.217	545	1.#QNAN	0	0.015	0	7.75808e-007	1383.29	1337.9	1337.33
1337.83	842.23	546	1.#QNAN	0	0	0	7.59964e-007	1388.9	1337.83	1337.26
1337.69	842.182	547	1.#QNAN	0	0.016	0	7.59104e-007	1348.65	1337.69	1337.12
1337.63	842.177	548	1.#QNAN	0	0	0	7.65588e-007	1393.13	1337.63	1337.07
1337.53	842.155	549	1.#QNAN	0	0.016	0	8.0427e-007	1395.67	1337.53	1336.97
1337.47	842.144	550	1.#QNAN	0	0.015	0	7.70898e-007	1380.73	1337.47	1336.91
1337.46	842.155	551	1.#QNAN	0	0	0	7.92446e-007	1437.58	1337.46	1336.9
1337.39	842.147	552	1.#QNAN	0	0.016	0	7.59294e-007	1395.99	1337.39	1336.83
1337.27	842.123	553	1.#QNAN	0	0	0	7.57942e-007	1386.38	1337.27	1336.71
1337.18	842.117	554	1.#QNAN	0	0.015	0	7.60808e-007	1414.95	1337.18	1336.62
1337.16	842.121	555	1.#QNAN	0	0	0	7.94191e-007	1414.21	1337.16	1336.61
1337.12	842.124	556	1.#QNAN	0	0.016	0	7.67206e-007	1408.12	1337.12	1336.57
1337.06	842.104	557	1.#QNAN	0	0.016	0	7.63872e-007	1389.31	1337.06	1336.52
1336.98	842.092	558	1.#QNAN	0	0	0	7.47967e-007	1409.78	1336.98	1336.44
1336.86	842.054	559	1.#QNAN	0	0.015	0	8.21619e-007	1375.69	1336.86	1336.32
1336.75	842.029	560	1.#QNAN	0	0	0	7.62851e-007	1386.69	1336.75	1336.21
1336.65	842.012	561	1.#QNAN	0	0.016	0	7.84501e-007	1453.33	1336.65	1336.12
1336.58	842.009	562	1.#QNAN	0	0	0	7.54986e-007	1444.6	1336.58	1336.04
1336.47	841.997	563	1.#QNAN	0	0.015	0	7.87104e-007	1400.2	1336.47	1335.94
1336.36	841.953	564	1.#QNAN	0	0.016	0	7.77687e-007	1423.31	1336.36	1335.83
1336.29	841.934	565	1.#QNAN	0	0	0	7.62479e-007	1470.42	1336.29	1335.77
1336.18	841.907	566	1.#QNAN	0	0.016	0	7.4996e-007	1435.48	1336.18	1335.65
1336.08	841.866	567	1.#QNAN	0	0	0	7.74006e-007	1385	1336.08	1335.56
1336.03	841.843	568	1.#QNAN	0	0.015	0	7.5914e-007	1391.07	1336.03	1335.51
1336	841.84	569	1.#QNAN	0	0	0	7.70385e-007	1399.45	1336	1335.48
1335.95	841.843	570	1.#QNAN	0	0.016	0	7.58476e-007	1393.74	1335.95	1335.44
1335.92	841.842	571	1.#QNAN	0	0.015	0	7.4718e-007	1399.21	1335.92	1335.41
1335.92	841.824	572	1.#QNAN	0	0	0	7.58809e-007	1405.25	1335.92	1335.42
1335.91	841.811	573	1.#QNAN	0	0.016	0	7.6719e-007	1410.05	1335.91	1335.42
1335.91	841.805	574	1.#QNAN	0	0	0	7.72939e-007	1400.49	1335.91	1335.41
1335.91	841.813	575	1.#QNAN	0	0.016	0	7.92953e-007	1415	1335.91	1335.42
1335.9	841.796	576	1.#QNAN	0	0	0	7.60464e-007	1401.59	1335.9	1335.4
1335.88	841.788	577	1.#QNAN	0	0.015	0	7.43988e-007	1397.81	1335.88	1335.39
1335.87	841.764	578	1.#QNAN	0	0	0	7.69635e-007	1402.27	1335.87	1335.38
1335.84	841.726	579	1.#QNAN	0	0.016	0	7.73462e-007	1414.07	1335.84	1335.35
1335.85	841.717	580	1.#QNAN	0	0.015	0	7.56779e-007	1428.97	1335.85	1335.37
1335.82	841.661	581	1.#QNAN	0	0	0	7.43858e-007	1398.71	1335.82	1335.35
1335.77	841.606	582	1.#QNAN	0	0.016	0	7.59318e-007	1372.5	1335.77	1335.29
1335.78	841.576	583	1.#QNAN	0	0	0	7.89276e-007	1404.39	1335.78	1335.31
1335.76	841.531	584	1.#QNAN	0	0.016	0	7.85068e-007	1393.31	1335.76	1335.3
1335.66	841.478	585	1.#QNAN	0	0.015	0	7.85738e-007	1338.07	1335.66	1335.19
1335.62	841.456	586	1.#QNAN	0	0	0	7.79284e-007	1389.57	1335.62	1335.15
1335.56	841.413	587	1.#QNAN	0	0.016	0	7.80337e-007	1385.95	1335.56	1335.1
1335.51	841.368	588	1.#QNAN	0	0	0	7.82135e-007	1387.31	1335.51	1335.05
1335.41	841.305	589	1.#QNAN	0	0.015	0	7.64011e-007	1383.87	1335.41	1334.96
1335.33	841.275	590	1.#QNAN	0	0.016	0	7.68104e-007	1384.62	1335.33	1334.88
1335.28	841.253	591	1.#QNAN	0	0	0	7.76801e-007	1379.48	1335.28	1334.83
1335.2	841.22	592	1.#QNAN	0	0.016	0	7.96226e-007	1383.35	1335.2	1334.76
1335.18	841.198	593	1.#QNAN	0	0	0	7.57001e-007	1416	1335.18	1334.74
1335.1	841.157	594	1.#QNAN	0	0.015	0	7.86498e-007	1391.09	1335.1	1334.66
1335.01	841.1	595	1.#QNAN	0	0	0	7.67564e-007	1370.64	1335.01	1334.58
1334.94	841.049	596	1.#QNAN	0	0.016	0	7.79389e-007	1368.98	1334.94	1334.51
1334.88	841.012	597	1.#QNAN	0	0.015	0	7.60828e-007	1370.97	1334.88	1334.45
1334.79	840.97	598	1.#QNAN	0	0	0	7.40671e-007	1364.17	1334.79	1334.37
1334.71	840.923	599	1.#QNAN	0	0.016	0	7.89701e-007	1354.25	1334.71	1334.29
1334.6	840.876	600	1.#QNAN	0	0	0	8.10273e-007	1336.41	1334.6	1334.18
1334.53	840.846	601	1.#QNAN	0	0.016	0	7.70856e-007	1366.62	1334.53	1334.12
1334.46	840.801	602	1.#QNAN	0	0	0	7.76863e-007	1357.35	1334.46	1334.05
1334.44	840.775	603	1.#QNAN	0	0.015	0	7.39195e-007	1386.73	1334.44	1334.03
1334.45	840.776	604	1.#QNAN	0	0.016	0	7.98088e-007	1424.58	1334.45	1334.04
1334.38	840.766	605	1.#QNAN	0	0	0	7.68976e-007	1387.51	1334.38	1333.97
1334.27	840.734	606	1.#QNAN	0	0.015	0	7.40675e-007	1371.74	1334.27	1333.87
1334.24	840.753	607	1.#QNAN	0	0	0	7.77432e-007	1386.67	1334.24	1333.84
1334.18	840.731	608	1.#QNAN	0	0.016	0	7.54501e-007	1368.1	1334.18	1333.78
1334.1	840.693	609	1.#QNAN	0	0	0	7.92101e-007	1361.04	1334.1	1333.71
1334.05	840.656	610	1.#QNAN	0	0.016	0	8.0293e-007	1374.51	1334.05	1333.66
1333.95	840.609	611	1.#QNAN	0	0.015	0	7.85569e-007	1371.82	1333.95	1333.56
1333.9	840.605	612	1.#QNAN	0	0	0	8.07781e-007	1427.96	1333.9	1333.51
1333.82	840.563	613	1.#QNAN	0	0.016	0	7.77268e-007	1384.19	1333.82	1333.44
1333.7	840.523	614	1.#QNAN	0	0	0	7.79633e-007	1392.52	1333.7	1333.32
1333.58	840.472	615	1.#QNAN	0	0.015	0	7.71974e-007	1367.66	1333.58	1333.2
1333.49	840.425	616	1.#QNAN	0	0	0	7.64694e-007	1354.02	1333.49	1333.1
1333.42	840.386	617	1.#QNAN	0	0.016	0	7.65244e-007	1399.74	1333.42	1333.05
1333.36	840.333	618	1.#QNAN	0	0.016	0	7.85652e-007	1418.87	1333.36	1332.99
1333.3	840.306	619	1.#QNAN	0	0	0	7.70714e-007	1405.06	1333.3	1332.93
1333.23	840.27	620	1.#QNAN	0	0.015	0	7.93733e-007	1400.06	1333.23	1332.86
1333.17	840.241	621	1.#QNAN	0	0	0	7.80141e-007	1394.27	1333.17	1332.8
1333.1	840.22	622	1.#QNAN	0	0.016	0	7.88025e-007	1394.56	1333.1	1332.74
1333.01	840.178	623	1.#QNAN	0	0	0	7.96044e-007	1392.14	1333.01	1332.64
1332.93	840.141	624	1.#QNAN	0	0.015	0	7.70405e-007	1367.72	1332.93	1332.57
1332.94	840.15	625	1.#QNAN	0	0	0	7.80919e-007	1409.2	1332.94	1332.58
1332.89	840.136	626	1.#QNAN	0	0.016	0	7.7444e-007	1385.8	1332.89	1332.54
1332.84	840.095	627	1.#QNAN	0	0.016	0	7.59773e-007	1391.39	1332.84	1332.49
1332.76	840.052	628	1.#QNAN	0	0	0	7.62163e-007	1372.82	1332.76	1332.41
1332.69	840.017	629	1.#QNAN	0	0.015	0	7.7319e-007	1391.83	1332.69	1332.35
1332.66	839.991	630	1.#QNAN	0	0	0	7.73605e-007	1392.18	1332.66	1332.32
1332.56	839.965	631	1.#QNAN	0	0.016	0	8.04732e-007	1362.96	1332.56	1332.22
1332.48	839.928	632	1.#QNAN	0	0	0	7.95242e-007	1415.42	1332.48	1332.14
1332.45	839.926	633	1.#QNAN	0	0.015	0	7.86983e-007	1429.77	1332.45	1332.11
1332.4	839.908	634	1.#QNAN	0	0.016	1	7.67142e-007	1442.42	1332.4	1332.07
1332.39	839.884	635	1.#QNAN	0	0	0	7.77543e-007	1422.56	1332.39	1332.06
1332.33	839.861	636	1.#QNAN	0	0.016	0	7.81717e-007	1372.66	1332.33	1332.01
1332.31	839.848	637	1.#QNAN	0	0.015	0	7.69649e-007	1396.58	1332.31	1331.99
1332.18	839.798	638	1.#QNAN	0	0	0	7.68965e-007	1327.27	1332.18	1331.86
1332.1	839.76	639	1.#QNAN	0	0.016	0	7.74383e-007	1380.89	1332.1	1331.79
1332.08	839.757	640	1.#QNAN	0	0	0	7.49471e-007	1407.59	1332.08	1331.77
1331.99	839.704	641	1.#QNAN	0	0.015	0	7.48383e-007	1389.15	1331.99	1331.68
1331.95	839.676	642	1.#QNAN	0	0	0	7.85864e-007	1402.8	1331.95	1331.65
1331.92	839.667	643	1.#QNAN	0	0.016	0	7.89757e-007	1376.82	1331.92	1331.62
1331.9	839.64	644	1.#QNAN	0	0.016	0	7.83635e-007	1385.41	1331.9	1331.6
1331.86	839.629	645	1.#QNAN	0	0	0	7.77884e-007	1362.82	1331.86	1331.56
1331.77	839.604	646	1.#QNAN	0	0.015	0	7.74905e-007	1343.25	1331.77	1331.47
1331.73	839.597	647	1.#QNAN	0	0	0	7.9057e-007	1384.2	1331.73	1331.43
1331.65	839.563	648	1.#QNAN	0	0.016	0	7.80979e-007	1366.7	1331.65	1331.35
1331.56	839.522	649	1.#QNAN	0	0	0	7.48591e-007	1362.17	1331.56	1331.27
1331.46	839.48	650	1.#QNAN	0	0.015	0	8.01861e-007	1370.63	1331.46	1331.17
1331.37	839.438	651	1.#QNAN	0	0.016	0	7.53147e-007	1343.16	1331.37	1331.08
1331.32	839.414	652	1.#QNAN	0	0	0	7.80402e-007	1390.85	1331.32	1331.04
1331.2	839.381	653	1.#QNAN	0	0.016	0	7.53352e-007	1344.84	1331.2	1330.92
1331.16	839.366	654	1.#QNAN	0	0	0	7.61985e-007	1373.63	1331.16	1330.88
1331.13	839.36	655	1.#QNAN	0	0.015	0	7.75747e-007	1387.69	1331.13	1330.85
1331.09	839.349	656	1.#QNAN	0	0.016	0	7.77276e-007	1388.84	1331.09	1330.81
1331.04	839.314	657	1.#QNAN	0	0	0	7.60662e-007	1374.66	1331.04	1330.77
1331.06	839.301	658	1.#QNAN	0	0.015	0	7.70113e-007	1420.24	1331.06	1330.79
1331.05	839.266	659	1.#QNAN	0	0	0	7.68197e-007	1418.97	1331.05	1330.78
1331.06	839.26	660	1.#QNAN	0	0.016	0	7.74756e-007	1430.34	1331.06	1330.8
1331.08	839.276	661	1.#QNAN	0	0	0	7.60668e-007	1512.64	1331.08	1330.82
1331.08	839.29	662	1.#QNAN	0	0.016	0	7.65246e-007	1485.22	1331.08	1330.83
1331.08	839.291	663	1.#QNAN	0	0	0	7.79633e-007	1482.4	1331.08	1330.82
1331.04	839.287	664	1.#QNAN	0	0.015	0	7.7535e-007	1412.76	1331.04	1330.78
1331	839.295	665	1.#QNAN	0	0.016	0	7.76753e-007	1387.15	1331	1330.75
1331.01	839.307	666	1.#QNAN	0	0	0	8.0357e-007	1458.29	1331.01	1330.76
1330.91	839.277	667	1.#QNAN	0	0.015	0	7.38656e-007	1350.49	1330.91	1330.66
1330.87	839.27	668	1.#QNAN	0	0	0	7.62937e-007	1419.02	1330.87	1330.63
1330.85	839.261	669	1.#QNAN	0	0.016	0	7.63243e-007	1447.83	1330.85	1330.61
1330.79	839.235	670	1.#QNAN	0	0	0	7.59575e-007	1431.94	1330.79	1330.55
1330.72	839.189	671	1.#QNAN	0	0.016	0	7.83496e-007	1442.36	1330.72	1330.49
1330.69	839.158	672	1.#QNAN	0	0.015	0	7.69223e-007	1448.64	1330.69	1330.45
1330.65	839.148	673	1.#QNAN	0	0.016	0	7.96563e-007	1429.27	1330.65	1330.42
1330.62	839.127	674	1.#QNAN	0	0.016	0	7.60902e-007	1427.38	1330.62	1330.39
1330.57	839.099	675	1.#QNAN	0	0	0	7.77851e-007	1427.93	1330.57	1330.35
1330.55	839.092	676	1.#QNAN	0	0.015	0	7.81266e-007	1443.98	1330.55	1330.32
1330.53	839.101	677	1.#QNAN	0	0	0	7.82358e-007	1434.7	1330.53	1330.31
1330.47	839.082	678	1.#QNAN	0	0.016	0	7.71628e-007	1427.9	1330.47	1330.25
1330.46	839.07	679	1.#QNAN	0	0	0	7.41896e-007	1535.09	1330.46	1330.25
1330.44	839.052	680	1.#QNAN	0	0.015	0	7.65142e-007	1466.28	1330.44	1330.23
1330.41	839.031	681	1.#QNAN	0	0.016	0	7.84766e-007	1418.83	1330.41	1330.2
1330.43	839.043	682	1.#QNAN	0	0	0	7.92021e-007	1426.34	1330.43	1330.23
1330.39	839.016	683	1.#QNAN	0	0.016	0	7.82235e-007	1388.71	1330.39	1330.18
1330.27	838.962	684	1.#QNAN	0	0	0	7.92585e-007	1357.07	1330.27	1330.06
1330.17	838.922	685	1.#QNAN	0	0.015	0	7.82332e-007	1366.66	1330.17	1329.96
1330.11	838.895	686	1.#QNAN	0	0.016	0	7.64876e-007	1366.51	1330.11	1329.91
1330.08	838.873	687	1.#QNAN	0	0	0	7.89109e-007	1366.33	1330.08	1329.88
1330.01	838.825	688	1.#QNAN	0	0.015	0	7.64962e-007	1351.15	1330.01	1329.81
1329.94	838.786	689	1.#QNAN	0	0	0	7.8547e-007	1368.34	1329.94	1329.74
1329.91	838.756	690	1.#QNAN	0	0.016	0	8.03818e-007	1391.69	1329.91	1329.71
1329.89	838.775	691	1.#QNAN	0	0	0	7.7781e-007	1393.58	1329.89	1329.7
1329.89	838.779	692	1.#QNAN	0	0.016	0	7.70046e-007	1426.79	1329.89	1329.7
1329.92	838.786	693	1.#QNAN	0	0	0	7.65891e-007	1432.81	1329.92	1329.73
1329.93	838.783	694	1.#QNAN	0	0.015	0	7.44959e-007	1400.84	1329.93	1329.74
1329.92	838.783	695	1.#QNAN	0	0.016	0	7.91173e-007	1414.83	1329.92	1329.73
1329.92	838.788	696	1.#QNAN	0	0	0	7.83055e-007	1412.23	1329.92	1329.74
1329.88	838.775	697	1.#QNAN	0	0.015	0	7.4175e-007	1377.35	1329.88	1329.7
1329.84	838.762	698	1.#QNAN	0	0	0	8.2525e-007	1381.78	1329.84	1329.66
1329.79	838.738	699	1.#QNAN	0	0.016	0	7.63437e-007	1386.9	1329.79	1329.62
1329.76	838.708	700	1.#QNAN	0	0	0	7.80479e-007	1366.2	1329.76	1329.58
1329.75	838.685	701	1.#QNAN	0	0.016	0	7.79401e-007	1411.68	1329.75	1329.58
1329.74	838.667	702	1.#QNAN	0	0.015	0	7.65774e-007	1418.29	1329.74	1329.57
1329.73	838.669	703	1.#QNAN	0	0	0	7.60118e-007	1424.99	1329.73	1329.56
1329.7	838.651	704	1.#QNAN	0	0.016	0	7.67666e-007	1401.51	1329.7	1329.53
1329.64	838.617	705	1.#QNAN	0	0	0	7.59019e-007	1377.29	1329.64	1329.47
1329.58	838.599	706	1.#QNAN	0	0.015	0	7.79447e-007	1383.04	1329.58	1329.42
1329.61	838.589	707	1.#QNAN	0	0	0	7.86016e-007	1432.38	1329.61	1329.44
1329.63	838.586	708	1.#QNAN	0	0.016	0	7.80731e-007	1432.15	1329.63	1329.47
1329.65	838.583	709	1.#QNAN	0	0.016	0	7.8386e-007	1443.65	1329.65	1329.49
1329.67	838.576	710	1.#QNAN	0	0	0	7.78004e-007	1467.14	1329.67	1329.51
1329.7	838.589	711	1.#QNAN	0	0.015	0	8.17411e-007	1433.68	1329.7	1329.54
1329.71	838.613	712	1.#QNAN	0	0	0	7.41671e-007	1404.21	1329.71	1329.55
1329.65	838.588	713	1.#QNAN	0	0.016	0	7.79334e-007	1355.12	1329.65	1329.49
1329.59	838.58	714	1.#QNAN	0	0	0	7.46535e-007	1350.21	1329.59	1329.44
1329.56	838.573	715	1.#QNAN	0	0.015	0	7.90207e-007	1429.52	1329.56	1329.4
1329.49	838.542	716	1.#QNAN	0	0.016	0	7.96997e-007	1419.07	1329.49	1329.33
1329.43	838.512	717	1.#QNAN	0	0	0	7.62281e-007	1412.96	1329.43	1329.28
1329.39	838.501	718	1.#QNAN	0	0.016	0	7.44509e-007	1464.23	1329.39	1329.24
1329.38	838.506	719	1.#QNAN	0	0	0	8.0421e-007	1431.86	1329.38	1329.23
1329.41	838.508	720	1.#QNAN	0	0.015	0	7.78456e-007	1475.77	1329.41	1329.26
1329.47	838.55	721	1.#QNAN	0	0	0	7.65098e-007	1478.41	1329.47	1329.33
1329.5	838.569	722	1.#QNAN	0	0.016	0	7.99252e-007	1432.44	1329.5	1329.35
1329.53	838.593	723	1.#QNAN	0	0.015	0	7.72636e-007	1485.74	1329.53	1329.39
1329.54	838.599	724	1.#QNAN	0	0	0	7.60117e-007	1425.19	1329.54	1329.39
1329.63	838.629	725	1.#QNAN	0	0.016	0	7.65245e-007	1510.8	1329.63	1329.48
1329.64	838.631	726	1.#QNAN	0	0	0	7.86341e-007	1459.2	1329.64	1329.5
1329.7	838.648	727	1.#QNAN	0	0.016	0	7.79835e-007	1489.59	1329.7	1329.56
1329.68	838.647	728	1.#QNAN	0	0	0	7.95601e-007	1388.59	1329.68	1329.54
1329.71	838.648	729	1.#QNAN	0	0.015	0	8.029e-007	1423.19	1329.71	1329.57
1329.75	838.667	730	1.#QNAN	0	0	0	7.54668e-007	1431.76	1329.75	1329.62
1329.78	838.68	731	1.#QNAN	0	0.016	0	7.94571e-007	1407.68	1329.78	1329.64
1329.79	838.685	732	1.#QNAN	0	0.015	0	7.85952e-007	1409.85	1329.79	1329.65
1329.75	838.673	733	1.#QNAN	0	0	0	8.00917e-007	1364.63	1329.75	1329.61
1329.69	838.677	734	1.#QNAN	0	0.016	0	7.70299e-007	1357.47	1329.69	1329.56
1329.63	838.661	735	1.#QNAN	0	0	0	7.72171e-007	1354.35	1329.63	1329.5
1329.6	838.639	736	1.#QNAN	0	0.016	0	7.44114e-007	1384.55	1329.6	1329.47
1329.59	838.625	737	1.#QNAN	0	0	0	7.81774e-007	1401.79	1329.59	1329.46
1329.57	838.619	738	1.#QNAN	0	0.015	0	7.57293e-007	1422.29	1329.57	1329.44
1329.57	838.617	739	1.#QNAN	0	0.016	0	7.71732e-007	1409.13	1329.57	1329.44
1329.51	838.597	740	1.#QNAN	0	0	0	7.59009e-007	1365.4	1329.51	1329.38
1329.48	838.581	741	1.#QNAN	0	0.015	1	7.78019e-007	1386.54	1329.48	1329.36
1329.46	838.578	742	1.#QNAN	0	0	0	7.65163e-007	1378.84	1329.46	1329.33
1329.43	838.576	743	1.#QNAN	0	0.016	0	7.73448e-007	1396.61	1329.43	1329.31
1329.42	838.575	744	1.#QNAN	0	0.016	0	7.82937e-007	1395.22	1329.42	1329.3
1329.42	838.57	745	1.#QNAN	0	0	0	7.7227e-007	1408.14	1329.42	1329.3
1329.44	838.596	746	1.#QNAN	0	0.015	0	7.74312e-007	1428.18	1329.44	1329.33
1329.5	838.636	747	1.#QNAN	0	0	0	8.18457e-007	1487.86	1329.5	1329.38
1329.49	838.635	748	1.#QNAN	0	0.016	0	7.62479e-007	1470.92	1329.49	1329.37
1329.5	838.629	749	1.#QNAN	0	0	0	7.89603e-007	1431.68	1329.5	1329.39
1329.5	838.615	750	1.#QNAN	0	0.015	0	7.71746e-007	1437.92	1329.5	1329.39
1329.53	838.643	751	1.#QNAN	0	0.016	0	7.54802e-007	1472.87	1329.53	1329.42
1329.59	838.667	752	1.#QNAN	0	0	0	7.75287e-007	1514.04	1329.59	1329.49
1329.62	838.679	753	1.#QNAN	0	0.016	0	7.77032e-007	1464.16	1329.62	1329.52
1329.63	838.671	754	1.#QNAN	0	0	0	7.70471e-007	1439.76	1329.63	1329.52
1329.66	838.685	755	1.#QNAN	0	0.015	0	7.86103e-007	1443.06	1329.66	1329.56
1329.64	838.676	756	1.#QNAN	0	0.016	0	7.77582e-007	1398.92	1329.64	1329.54
1329.64	838.672	757	1.#QNAN	0	0	0	7.69592e-007	1405.04	1329.64	1329.54
1329.62	838.649	758	1.#QNAN	0	0.015	0	7.9985e-007	1391.57	1329.62	1329.53
1329.64	838.642	759	1.#QNAN	0	0	0	7.94704e-007	1419.75	1329.64	1329.55
1329.66	838.628	760	1.#QNAN	0	0.016	0	7.74101e-007	1424.04	1329.66	1329.57
1329.68	838.635	761	1.#QNAN	0	0	0	7.52362e-007	1469.84	1329.68	1329.6
1329.68	838.636	762	1.#QNAN	0	0.016	0	7.72535e-007	1416.05	1329.68	1329.6
1329.64	838.619	763	1.#QNAN	0	0.015	0	7.94095e-007	1401.84	1329.64	1329.56
1329.58	838.596	764	1.#QNAN	0	0	0	7.96906e-007	1360.71	1329.58	1329.5
1329.59	838.606	765	1.#QNAN	0	0.016	0	7.62385e-007	1439.46	1329.59	1329.51
1329.54	838.576	766	1.#QNAN	0	0	0	7.714e-007	1365.17	1329.54	1329.46
1329.52	838.562	767	1.#QNAN	0	0.015	0	7.66123e-007	1394.38	1329.52	1329.44
1329.5	838.545	768	1.#QNAN	0	0	0	7.44111e-007	1387.86	1329.5	1329.42
1329.47	838.532	769	1.#QNAN	0	0.016	0	7.5494e-007	1395.21	1329.47	1329.39
1329.42	838.513	770	1.#QNAN	0	0.016	0	7.63627e-007	1404.76	1329.42	1329.34
1329.39	838.492	771	1.#QNAN	0	0	0	7.6444e-007	1432.93	1329.39	1329.32
1329.36	838.482	772	1.#QNAN	0	0.015	0	7.58346e-007	1416.96	1329.36	1329.28
1329.31	838.466	773	1.#QNAN	0	0	0	7.62096e-007	1379.7	1329.31	1329.23
1329.22	838.435	774	1.#QNAN	0	0.016	0	7.59983e-007	1395.69	1329.22	1329.15
1329.16	838.426	775	1.#QNAN	0	0	0	7.75089e-007	1378.45	1329.16	1329.09
1329.13	838.398	776	1.#QNAN	0	0.015	0	7.71432e-007	1363.94	1329.13	1329.06
1329.13	838.375	777	1.#QNAN	0	0.016	0	7.83224e-007	1403.4	1329.13	1329.06
1329.15	838.376	778	1.#QNAN	0	0	0	7.64888e-007	1415.21	1329.15	1329.08
1329.14	838.374	779	1.#QNAN	0	0.016	0	7.97598e-007	1399.09	1329.14	1329.07
1329.15	838.394	780	1.#QNAN	0	0	0	7.88715e-007	1413.21	1329.15	1329.08
1329.18	838.421	781	1.#QNAN	0	0.015	0	7.71414e-007	1459.88	1329.18	1329.12
1329.19	838.427	782	1.#QNAN	0	0	0	8.02847e-007	1428.2	1329.19	1329.12
1329.13	838.409	783	1.#QNAN	0	0.016	0	7.60529e-007	1366.45	1329.13	1329.06
1329.09	838.385	784	1.#QNAN	0	0	0	7.53959e-007	1388.09	1329.09	1329.02
1329.04	838.386	785	1.#QNAN	0	0	0	7.80932e-007	1402.25	1329.04	1328.98
1328.99	838.379	786	1.#QNAN	0	0.016	0	7.76769e-007	1403.71	1328.99	1328.92
1328.97	838.392	787	1.#QNAN	0	0	0	7.95976e-007	1431.89	1328.97	1328.91
1328.96	838.398	788	1.#QNAN	0	0.016	0	7.70994e-007	1416.3	1328.96	1328.9
1328.92	838.4	789	1.#QNAN	0	0	0	7.68947e-007	1374.4	1328.92	1328.86
1328.89	838.392	790	1.#QNAN	0	0.015	0	7.7204e-007	1378.1	1328.89	1328.82
1328.82	838.381	791	1.#QNAN	0	0.016	0	7.82866e-007	1359.51	1328.82	1328.76
1328.8	838.374	792	1.#QNAN	0	0	0	7.87455e-007	1393.46	1328.8	1328.74
1328.72	838.351	793	1.#QNAN	0	0.015	0	7.81598e-007	1346.03	1328.72	1328.66
1328.64	838.336	794	1.#QNAN	0	0	0	7.87507e-007	1342.33	1328.64	1328.58
1328.55	838.302	795	1.#QNAN	0	0.016	0	7.79751e-007	1383.92	1328.55	1328.49
1328.47	838.271	796	1.#QNAN	0	0	0	7.7604e-007	1401.69	1328.47	1328.42
1328.42	838.227	797	1.#QNAN	0	0.016	0	7.93008e-007	1380.59	1328.42	1328.36
1328.37	838.195	798	1.#QNAN	0	0	0	7.96151e-007	1407.2	1328.37	1328.31
1328.3	838.178	799	1.#QNAN	0	0.015	0	7.89129e-007	1404.08	1328.3	1328.25
1328.19	838.143	800	1.#QNAN	0	0.016	0	7.76554e-007	1379.22	1328.19	1328.14
1328.11	838.125	801	1.#QNAN	0	0	0	7.66302e-007	1391.77	1328.11	1328.06
1328.02	838.105	802	1.#QNAN	0	0.015	0	7.80923e-007	1391.02	1328.02	1327.97
1328	838.122	803	1.#QNAN	0	0	0	7.80837e-007	1451.23	1328	1327.95
1327.96	838.115	804	1.#QNAN	0	0.016	0	7.59825e-007	1409.55	1327.96	1327.92
1327.95	838.123	805	1.#QNAN	0	0	0	7.80345e-007	1432.12	1327.95	1327.9
1327.93	838.118	806	1.#QNAN	0	0.016	0	7.68427e-007	1421.12	1327.93	1327.88
1327.87	838.108	807	1.#QNAN	0	0.015	0	7.84272e-007	1380.47	1327.87	1327.82
1327.78	838.091	808	1.#QNAN	0	0	0	7.58596e-007	1381.65	1327.78	1327.73
1327.73	838.084	809	1.#QNAN	0	0.016	0	7.79689e-007	1412.52	1327.73	1327.69
1327.66	838.05	810	1.#QNAN	0	0	0	7.95715e-007	1360.52	1327.66	1327.62
1327.6	838.047	811	1.#QNAN	0	0.015	0	8.02491e-007	1374.98	1327.6	1327.55
1327.51	838.017	812	1.#QNAN	0	0	0	7.86356e-007	1359.58	1327.51	1327.47
1327.47	837.991	813	1.#QNAN	0	0.016	0	7.69501e-007	1392.15	1327.47	1327.42
1327.4	837.961	814	1.#QNAN	0	0.016	0	8.22319e-007	1368.02	1327.4	1327.36
1327.34	837.937	815	1.#QNAN	0	0	0	7.80148e-007	1360.55	1327.34	1327.3
1327.28	837.92	816	1.#QNAN	0	0.015	0	8.10419e-007	1379.23	1327.28	1327.24
1327.25	837.915	817	1.#QNAN	0	0	0	7.85086e-007	1406.35	1327.25	1327.21
1327.19	837.896	818	1.#QNAN	0	0.016	0	7.76116e-007	1410.1	1327.19	1327.15
1327.14	837.863	819	1.#QNAN	0	0	0	7.57193e-007	1398.66	1327.14	1327.1
1327.11	837.85	820	1.#QNAN	0	0.015	0	7.98731e-007	1407.07	1327.11	1327.07
1327.06	837.839	821	1.#QNAN	0	0.016	0	7.70968e-007	1410.86	1327.06	1327.03
1327.04	837.829	822	1.#QNAN	0	0	0	8.0269e-007	1412.84	1327.04	1327.01
1327.02	837.816	823	1.#QNAN	0	0.016	0	8.11849e-007	1402.93	1327.02	1326.98
1327.02	837.824	824	1.#QNAN	0	0	0	7.52444e-007	1423.27	1327.02	1326.98
1327	837.838	825	1.#QNAN	0	0.015	0	7.73793e-007	1398.91	1327	1326.96
1326.98	837.842	826	1.#QNAN	0	0.016	0	7.95304e-007	1403.16	1326.98	1326.95
1326.98	837.855	827	1.#QNAN	0	0	0	8.0028e-007	1428.02	1326.98	1326.95
1326.96	837.846	828	1.#QNAN	0	0.015	0	8.22981e-007	1406.84	1326.96	1326.93
1326.96	837.851	829	1.#QNAN	0	0	0	7.96952e-007	1424.07	1326.96	1326.93
1326.89	837.842	830	1.#QNAN	0	0.016	0	7.61525e-007	1366.64	1326.89	1326.86
1326.82	837.806	831	1.#QNAN	0	0	0	7.67929e-007	1341.49	1326.82	1326.8
1326.78	837.784	832	1.#QNAN	0	0.016	0	7.74414e-007	1352.47	1326.78	1326.75
1326.71	837.786	833	1.#QNAN	0	0.015	0	7.45217e-007	1370.02	1326.71	1326.68
1326.67	837.796	834	1.#QNAN	0	0	0	7.79896e-007	1390.68	1326.67	1326.64
1326.62	837.795	835	1.#QNAN	0	0.016	0	7.69592e-007	1388.21	1326.62	1326.6
1326.57	837.795	836	1.#QNAN	0	0	0	7.62022e-007	1365.54	1326.57	1326.55
1326.5	837.776	837	1.#QNAN	0	0.015	0	8.18508e-007	1353.93	1326.5	1326.47
1326.43	837.763	838	1.#QNAN	0	0	0	8.00635e-007	1345.04	1326.43	1326.4
1326.42	837.753	839	1.#QNAN	0	0.016	0	7.78869e-007	1410.92	1326.42	1326.39
1326.42	837.751	840	1.#QNAN	0	0.016	0	8.08943e-007	1394.89	1326.42	1326.39
1326.36	837.736	841	1.#QNAN	0	0	0	7.86486e-007	1369.24	1326.36	1326.34
1326.35	837.732	842	1.#QNAN	0	0.015	0	7.82192e-007	1416.5	1326.35	1326.33
1326.32	837.722	843	1.#QNAN	0	0	0	7.63649e-007	1383.16	1326.32	1326.31
1326.34	837.74	844	1.#QNAN	0	0.016	0	7.85455e-007	1429.03	1326.34	1326.32
1326.34	837.761	845	1.#QNAN	0	0	0	7.92582e-007	1422.87	1326.34	1326.33
1326.37	837.783	846	1.#QNAN	0	0.015	0	7.76699e-007	1433.55	1326.37	1326.36
1326.44	837.797	847	1.#QNAN	0	0.016	0	8.03449e-007	1461.46	1326.44	1326.42
1326.49	837.824	848	1.#QNAN	0	0	0	7.77682e-007	1425.26	1326.49	1326.47
1326.49	837.836	849	1.#QNAN	0	0.016	0	7.62669e-007	1385.52	1326.49	1326.48
1326.48	837.851	850	1.#QNAN	0	0	0	7.9213e-007	1415.62	1326.48	1326.47
1326.5	837.851	851	1.#QNAN	0	0.015	0	8.10372e-007	1431.04	1326.5	1326.5
1326.51	837.868	852	1.#QNAN	0	0	0	7.96236e-007	1427.31	1326.51	1326.51
1326.53	837.872	853	1.#QNAN	0	0.016	1	7.87433e-007	1399.98	1326.53	1326.53
1326.55	837.886	854	1.#QNAN	0	0.015	0	7.80159e-007	1394.06	1326.55	1326.55
1326.55	837.883	855	1.#QNAN	0	0	0	7.66313e-007	1372.13	1326.55	1326.54
1326.51	837.868	856	1.#QNAN	0	0.016	0	7.90726e-007	1345.47	1326.51	1326.5
1326.5	837.871	857	1.#QNAN	0	0	0	7.68048e-007	1388.39	1326.5	1326.5
1326.49	837.881	858	1.#QNAN	0	0.016	0	7.61466e-007	1420.86	1326.49	1326.49
1326.5	837.887	859	1.#QNAN	0	0	0	7.61997e-007	1454.16	1326.5	1326.49
1326.49	837.894	860	1.#QNAN	0	0.015	0	7.87565e-007	1410.21	1326.49	1326.49
1326.49	837.907	861	1.#QNAN	0	0.016	0	7.91983e-007	1403.04	1326.49	1326.49
1326.49	837.899	862	1.#QNAN	0	0	0	7.80877e-007	1394.75	1326.49	1326.5
1326.47	837.906	863	1.#QNAN	0	0.015	0	7.71253e-007	1387.33	1326.47	1326.47
1326.47	837.927	864	1.#QNAN	0	0	0	7.88875e-007	1410.49	1326.47	1326.48
1326.47	837.936	865	1.#QNAN	0	0.016	0	7.79083e-007	1393.29	1326.47	1326.47
1326.47	837.946	866	1.#QNAN	0	0	0	7.92667e-007	1390.83	1326.47	1326.47
1326.48	837.95	867	1.#QNAN	0	0.016	0	8.05177e-007	1382.71	1326.48	1326.49
1326.48	837.952	868	1.#QNAN	0	0.015	0	8.17512e-007	1389.85	1326.48	1326.49
1326.44	837.932	869	1.#QNAN	0	0	0	7.97554e-007	1345.08	1326.44	1326.44
1326.46	837.934	870	1.#QNAN	0	0.016	0	8.07717e-007	1429.98	1326.46	1326.47
1326.45	837.94	871	1.#QNAN	0	0	0	7.8254e-007	1382.92	1326.45	1326.46
1326.45	837.941	872	1.#QNAN	0	0.015	0	7.75875e-007	1391.29	1326.45	1326.46
1326.42	837.936	873	1.#QNAN	0	0	0	8.01807e-007	1373.09	1326.42	1326.43
1326.4	837.939	874	1.#QNAN	0	0.016	0	7.81043e-007	1388.24	1326.4	1326.41
1326.38	837.928	875	1.#QNAN	0	0.016	0	7.82002e-007	1370.07	1326.38	1326.39
1326.39	837.933	876	1.#QNAN	0	0	0	7.73711e-007	1403.33	1326.39	1326.4
1326.39	837.951	877	1.#QNAN	0	0.015	0	7.92005e-007	1403.43	1326.39	1326.4
1326.39	837.958	878	1.#QNAN	0	0	0	7.63931e-007	1389.08	1326.39	1326.4
1326.38	837.968	879	1.#QNAN	0	0.016	0	7.53161e-007	1400.17	1326.38	1326.4
1326.4	837.963	880	1.#QNAN	0	0	0	7.75654e-007	1400.23	1326.4	1326.42
1326.42	837.972	881	1.#QNAN	0	0.015	0	7.87707e-007	1398.11	1326.42	1326.44
1326.41	837.961	882	1.#QNAN	0	0	0	7.79587e-007	1363.75	1326.41	1326.43
1326.43	837.975	883	1.#QNAN	0	0.016	0	7.7744e-007	1382.13	1326.43	1326.45
1326.41	837.972	884	1.#QNAN	0	0.016	0	7.65942e-007	1370.36	1326.41	1326.43
1326.39	837.961	885	1.#QNAN	0	0	0	8.05713e-007	1358.98	1326.39	1326.41
1326.34	837.952	886	1.#QNAN	0	0.015	0	7.75793e-007	1348.74	1326.34	1326.36
1326.34	837.96	887	1.#QNAN	0	0	0	7.71538e-007	1379.53	1326.34	1326.36
1326.33	837.971	888	1.#QNAN	0	0.016	0	7.95728e-007	1358.04	1326.33	1326.35
1326.32	837.969	889	1.#QNAN	0	0	0	7.93039e-007	1394.78	1326.32	1326.34
1326.32	837.975	890	1.#QNAN	0	0.015	0	7.58133e-007	1421.98	1326.32	1326.34
1326.3	837.971	891	1.#QNAN	0	0.016	0	7.90659e-007	1384.44	1326.3	1326.32
1326.27	837.977	892	1.#QNAN	0	0.001	0	7.56962e-007	1375.54	1326.27	1326.29
1326.25	837.972	893	1.#QNAN	0	0.016	0	8.06242e-007	1360.29	1326.25	1326.27
1326.2	837.968	894	1.#QNAN	0	0	0	7.85302e-007	1366.32	1326.2	1326.23
1326.14	837.967	895	1.#QNAN	0	0.015	0	7.52718e-007	1357.64	1326.14	1326.16
1326.08	837.951	896	1.#QNAN	0	0	0	7.95737e-007	1359.36	1326.08	1326.1
1326.04	837.917	897	1.#QNAN	0	0.016	0	7.83182e-007	1354	1326.04	1326.06
1326.01	837.903	898	1.#QNAN	0	0	0	7.82085e-007	1365.53	1326.01	1326.03
1325.95	837.892	899	1.#QNAN	0	0	0	7.82404e-007	1357.25	1325.95	1325.98
1325.93	837.887	900	1.#QNAN	0	0.016	0	7.96112e-007	1379.74	1325.93	1325.96
1325.93	837.89	901	1.#QNAN	0	0	0	7.32809e-007	1401.72	1325.93	1325.96
1325.94	837.896	902	1.#QNAN	0	0.016	0	7.95204e-007	1407	1325.94	1325.97
1325.9	837.873	903	1.#QNAN	0	0	0	7.75381e-007	1372.53	1325.9	1325.93
1325.85	837.854	904	1.#QNAN	0	0.015	0	7.66498e-007	1365	1325.85	1325.88
1325.78	837.823	905	1.#QNAN	0	0	0	7.72705e-007	1340.47	1325.78	1325.81
1325.74	837.816	906	1.#QNAN	0	0.016	0	7.59785e-007	1349.06	1325.74	1325.77
1325.75	837.825	907	1.#QNAN	0	0.015	0	7.73922e-007	1396.53	1325.75	1325.78
1325.75	837.833	908	1.#QNAN	0	0	0	7.85752e-007	1390.44	1325.75	1325.79
1325.76	837.831	909	1.#QNAN	0	0.016	0	8.20646e-007	1397.87	1325.76	1325.79
1325.78	837.838	910	1.#QNAN	0	0	0	7.81568e-007	1426.93	1325.78	1325.81
1325.77	837.825	911	1.#QNAN	0	0.016	0	8.34996e-007	1386.26	1325.77	1325.81
1325.75	837.813	912	1.#QNAN	0	0	0	7.78399e-007	1356.19	1325.75	1325.79
1325.75	837.81	913	1.#QNAN	0	0.015	0	7.84299e-007	1403.71	1325.75	1325.78
1325.76	837.817	914	1.#QNAN	0	0.016	0	7.8749e-007	1424.1	1325.76	1325.81
1325.8	837.826	915	1.#QNAN	0	0	0	7.87017e-007	1427.11	1325.8	1325.84
1325.84	837.842	916	1.#QNAN	0	0.015	0	8.0747e-007	1467.02	1325.84	1325.88
1325.86	837.843	917	1.#QNAN	0	0	0	7.63303e-007	1450.72	1325.86	1325.9
1325.84	837.846	918	1.#QNAN	0	0.016	0	7.89625e-007	1398.19	1325.84	1325.89
1325.87	837.865	919	1.#QNAN	0	0	0	7.50135e-007	1449.1	1325.87	1325.92
1325.87	837.866	920	1.#QNAN	0	0.016	0	7.7976e-007	1418.95	1325.87	1325.91
1325.88	837.87	921	1.#QNAN	0	0.015	0	8.05279e-007	1415.68	1325.88	1325.93
1325.89	837.878	922	1.#QNAN	0	0	0	7.75811e-007	1432.71	1325.89	1325.94
1325.91	837.877	923	1.#QNAN	0	0.016	0	7.4556e-007	1413.02	1325.91	1325.96
1325.9	837.871	924	1.#QNAN	0	0	0	7.79362e-007	1404.82	1325.9	1325.95
1325.88	837.851	925	1.#QNAN	0	0.015	0	7.85389e-007	1396.52	1325.88	1325.93
1325.88	837.84	926	1.#QNAN	0	0.016	0	7.76583e-007	1409.4	1325.88	1325.93
1325.84	837.813	927	1.#QNAN	0	0	0	7.94682e-007	1361.48	1325.84	1325.89
1325.85	837.821	928	1.#QNAN	0	0.016	0	8.08176e-007	1401.69	1325.85	1325.91
1325.85	837.822	929	1.#QNAN	0	0	0	7.81719e-007	1394.78	1325.85	1325.91
1325.83	837.814	930	1.#QNAN	0	0.015	0	7.90181e-007	1417.44	1325.83	1325.89
1325.85	837.821	931	1.#QNAN	0	0	0	8.08503e-007	1447.73	1325.85	1325.91
1325.84	837.831	932	1.#QNAN	0	0.016	0	7.77914e-007	1394.04	1325.84	1325.9
1325.83	837.835	933	1.#QNAN	0	0.015	0	7.73476e-007	1371.42	1325.83	1325.89
1325.8	837.834	934	1.#QNAN	0	0	0	7.96374e-007	1374.32	1325.8	1325.86
1325.78	837.824	935	1.#QNAN	0	0.016	0	7.48767e-007	1371.16	1325.78	1325.84
1325.73	837.809	936	1.#QNAN	0	0	0	7.69012e-007	1349.31	1325.73	1325.79
1325.73	837.813	937	1.#QNAN	0	0.016	0	7.97387e-007	1393.8	1325.73	1325.78
1325.64	837.809	938	1.#QNAN	0	0	0	7.65382e-007	1346.86	1325.64	1325.7
1325.61	837.806	939	1.#QNAN	0	0.015	0	7.66924e-007	1348.34	1325.61	1325.66
1325.57	837.801	940	1.#QNAN	0	0.016	0	7.60428e-007	1379.23	1325.57	1325.63
1325.54	837.787	941	1.#QNAN	0	0	0	7.44588e-007	1359.58	1325.54	1325.6
1325.48	837.767	942	1.#QNAN	0	0.015	0	7.87185e-007	1335.21	1325.48	1325.54
1325.45	837.753	943	1.#QNAN	0	0	0	7.69326e-007	1384.37	1325.45	1325.51
1325.4	837.742	944	1.#QNAN	0	0.016	0	7.84495e-007	1353.51	1325.4	1325.46
1325.31	837.715	945	1.#QNAN	0	0	0	7.74989e-007	1355.76	1325.31	1325.38
1325.32	837.71	946	1.#QNAN	0	0.016	0	7.81623e-007	1401	1325.32	1325.38
1325.3	837.695	947	1.#QNAN	0	0.015	0	7.96919e-007	1383.99	1325.3	1325.36
1325.3	837.69	948	1.#QNAN	0	0	0	7.99121e-007	1375.46	1325.3	1325.36
1325.28	837.678	949	1.#QNAN	0	0.016	0	8.04081e-007	1354.5	1325.28	1325.35
1325.26	837.667	950	1.#QNAN	0	0	0	7.60825e-007	1358.27	1325.26	1325.33
1325.18	837.637	951	1.#QNAN	0	0.015	0	7.73636e-007	1316.42	1325.18	1325.25
1325.14	837.636	952	1.#QNAN	0	0	0	7.66791e-007	1372.51	1325.14	1325.21
1325.15	837.621	953	1.#QNAN	0	0.016	0	7.54395e-007	1375.37	1325.15	1325.21
1325.17	837.637	954	1.#QNAN	0	0.016	0	7.69666e-007	1422.58	1325.17	1325.24
1325.17	837.642	955	1.#QNAN	0	0	0	7.71955e-007	1374.01	1325.17	1325.24
1325.16	837.642	956	1.#QNAN	0	0.015	0	7.92152e-007	1361.14	1325.16	1325.23
1325.17	837.649	957	1.#QNAN	0	0	0	7.60517e-007	1401.57	1325.17	1325.24
1325.16	837.639	958	1.#QNAN	0	0.016	0	7.71811e-007	1357.01	1325.16	1325.23
1325.13	837.629	959	1.#QNAN	0	0	0	8.06848e-007	1352.83	1325.13	1325.2
1325.09	837.614	960	1.#QNAN	0	0.015	0	7.81304e-007	1333.95	1325.09	1325.16
1325.06	837.614	961	1.#QNAN	0	0.016	0	7.91247e-007	1361.28	1325.06	1325.13
1325.04	837.604	962	1.#QNAN	0	0	0	7.54483e-007	1344.7	1325.04	1325.11
1325.02	837.602	963	1.#QNAN	0	0.016	0	7.86317e-007	1344.53	1325.02	1325.09
1324.98	837.588	964	1.#QNAN	0	0	0	7.68203e-007	1331.37	1324.98	1325.05
1324.95	837.579	965	1.#QNAN	0	0.015	1	7.89417e-007	1357.77	1324.95	1325.02
1324.91	837.567	966	1.#QNAN	0	0	0	7.64513e-007	1355.98	1324.91	1324.99
1324.89	837.56	967	1.#QNAN	0	0.016	0	7.83678e-007	1358.25	1324.89	1324.97
1324.87	837.551	968	1.#QNAN	0	0	0	7.83636e-007	1343.91	1324.87	1324.95
1324.81	837.53	969	1.#QNAN	0	0.015	0	7.36723e-007	1313.6	1324.81	1324.89
1324.78	837.516	970	1.#QNAN	0	0.016	0	7.79259e-007	1344.33	1324.78	1324.85
1324.75	837.515	971	1.#QNAN	0	0	0	7.72839e-007	1371.67	1324.75	1324.83
1324.75	837.516	972	1.#QNAN	0	0.016	0	7.7866e-007	1396.21	1324.75	1324.82
1324.72	837.495	973	1.#QNAN	0	0	0	7.48685e-007	1374.21	1324.72	1324.8
1324.72	837.494	974	1.#QNAN	0	0.015	0	7.83445e-007	1399.43	1324.72	1324.79
1324.69	837.478	975	1.#QNAN	0	0	0	7.87372e-007	1370.49	1324.69	1324.77
1324.67	837.482	976	1.#QNAN	0	0.016	0	7.82271e-007	1367.3	1324.67	1324.75
1324.71	837.491	977	1.#QNAN	0	0.015	0	7.66354e-007	1446.82	1324.71	1324.78
1324.7	837.49	978	1.#QNAN	0	0	0	7.7466e-007	1386.92	1324.7	1324.78
1324.7	837.499	979	1.#QNAN	0	0.016	0	8.00942e-007	1366.3	1324.7	1324.77
1324.72	837.523	980	1.#QNAN	0	0	0	7.84659e-007	1402.58	1324.72	1324.79
1324.7	837.506	981	1.#QNAN	0	0.016	0	7.83176e-007	1350.13	1324.7	1324.78
1324.71	837.507	982	1.#QNAN	0	0	0	7.54414e-007	1379.91	1324.71	1324.79
1324.75	837.532	983	1.#QNAN	0	0.015	0	7.57479e-007	1429.1	1324.75	1324.82
1324.79	837.557	984	1.#QNAN	0	0.016	0	8.06552e-007	1433.01	1324.79	1324.87
1324.82	837.569	985	1.#QNAN	0	0	0	7.95302e-007	1417.19	1324.82	1324.9
1324.84	837.588	986	1.#QNAN	0	0.015	0	7.93203e-007	1393.82	1324.84	1324.91
1324.86	837.607	987	1.#QNAN	0	0	0	7.50573e-007	1393.95	1324.86	1324.94
1324.9	837.629	988	1.#QNAN	0	0.016	0	7.59282e-007	1405.3	1324.9	1324.97
1324.94	837.652	989	1.#QNAN	0	0.016	0	7.78127e-007	1403.87	1324.94	1325.02
1324.97	837.672	990	1.#QNAN	0	0	0	7.62843e-007	1406.3	1324.97	1325.05
1324.99	837.694	991	1.#QNAN	0	0.015	0	7.90513e-007	1424.04	1324.99	1325.07
1325.03	837.71	992	1.#QNAN	0	0	0	7.6612e-007	1433.97	1325.03	1325.11
1325.05	837.727	993	1.#QNAN	0	0.016	0	7.65775e-007	1401.03	1325.05	1325.13
1325.02	837.733	994	1.#QNAN	0	0	0	7.80603e-007	1354.07	1325.02	1325.11
1324.99	837.746	995	1.#QNAN	0	0.015	0	7.4971e-007	1370.33	1324.99	1325.08
1324.98	837.759	996	1.#QNAN	0	0.016	0	7.68129e-007	1384.97	1324.98	1325.07
1324.96	837.765	997	1.#QNAN	0	0	0	7.58026e-007	1350.85	1324.96	1325.04
1324.97	837.769	998	1.#QNAN	0	0.016	0	7.54786e-007	1393.39	1324.97	1325.05
1324.97	837.781	999	1.#QNAN	0	0	0	7.56939e-007	1383.47	1324.97	1325.05
1324.96	837.783	1000	1.#QNAN	0	0.015	0	7.71212e-007	1368.23	1324.96	1325.04
1324.96	837.792	1001	1.#QNAN	0	0	0	7.69608e-007	1397.98	1324.96	1325.05
1324.96	837.793	1002	1.#QNAN	0	0.016	0	8.05771e-007	1374.98	1324.96	1325.04
1324.93	837.794	1003	1.#QNAN	0	0	0	8.02407e-007	1353.68	1324.93	1325.02
1324.93	837.795	1004	1.#QNAN	0	0.015	0	7.93373e-007	1361.82	1324.93	1325.01
1324.89	837.782	1005	1.#QNAN	0	0.016	0	7.76438e-007	1338.79	1324.89	1324.98
1324.87	837.767	1006	1.#QNAN	0	0	0	7.98449e-007	1364.09	1324.87	1324.96
1324.86	837.759	1007	1.#QNAN	0	0.016	0	7.91732e-007	1367.28	1324.86	1324.94
1324.81	837.754	1008	1.#QNAN	0	0	0	8.02878e-007	1366.24	1324.81	1324.9
1324.77	837.743	1009	1.#QNAN	0	0.015	0	7.98755e-007	1342.5	1324.77	1324.85
1324.72	837.728	1010	1.#QNAN	0	0	0	7.58494e-007	1334.29	1324.72	1324.81
1324.7	837.727	1011	1.#QNAN	0	0	0	7.74405e-007	1403.85	1324.7	1324.79
1324.69	837.731	1012	1.#QNAN	0	0.015	0	7.85537e-007	1354.03	1324.69	1324.78
1324.65	837.718	1013	1.#QNAN	0	0	0	7.87807e-007	1343.03	1324.65	1324.74
1324.61	837.705	1014	1.#QNAN	0	0.016	0	7.5671e-007	1353.51	1324.61	1324.7
1324.62	837.697	1015	1.#QNAN	0	0	0	7.8653e-007	1389.96	1324.62	1324.71
1324.59	837.687	1016	1.#QNAN	0	0.016	0	7.61739e-007	1357.98	1324.59	1324.68
1324.58	837.67	1017	1.#QNAN	0	0	0	7.8396e-007	1365.84	1324.58	1324.67
1324.55	837.669	1018	1.#QNAN	0	0.015	0	7.5606e-007	1389.85	1324.55	1324.64
1324.53	837.673	1019	1.#QNAN	0	0.016	0	7.63915e-007	1424.56	1324.53	1324.62
1324.49	837.676	1020	1.#QNAN	0	0	0	7.8217e-007	1425.77	1324.49	1324.58
1324.45	837.666	1021	1.#QNAN	0	0.015	0	7.81635e-007	1402.69	1324.45	1324.54
1324.44	837.667	1022	1.#QNAN	0	0	0	7.74899e-007	1370.53	1324.44	1324.53
1324.46	837.676	1023	1.#QNAN	0	0.016	0	7.63276e-007	1444.77	1324.46	1324.55
1324.48	837.678	1024	1.#QNAN	0	0	0	7.74625e-007	1451.91	1324.48	1324.58
1324.53	837.683	1025	1.#QNAN	0	0.016	0	7.87931e-007	1463.7	1324.53	1324.62
1324.57	837.693	1026	1.#QNAN	0	0.015	0	7.85285e-007	1440.58	1324.57	1324.67
1324.64	837.717	1027	1.#QNAN	0	0	0	8.01998e-007	1464.12	1324.64	1324.73
1324.72	837.744	1028	1.#QNAN	0	0.016	0	7.92918e-007	1519.8	1324.72	1324.82
1324.75	837.744	1029	1.#QNAN	0	0	0	7.9906e-007	1398.49	1324.75	1324.84
1324.79	837.757	1030	1.#QNAN	0	0.015	0	7.80572e-007	1425.5	1324.79	1324.88
1324.79	837.759	1031	1.#QNAN	0	0	0	7.87355e-007	1399.41	1324.79	1324.89
1324.79	837.76	1032	1.#QNAN	0	0.016	0	7.63633e-007	1378.12	1324.79	1324.88
1324.79	837.773	1033	1.#QNAN	0	0.016	0	7.91323e-007	1430.37	1324.79	1324.89
1324.79	837.777	1034	1.#QNAN	0	0	0	7.88719e-007	1374.73	1324.79	1324.88
1324.76	837.776	1035	1.#QNAN	0	0.015	0	7.93982e-007	1408.45	1324.76	1324.86
1324.77	837.787	1036	1.#QNAN	0	0	0	8.02435e-007	1398.38	1324.77	1324.87
1324.77	837.792	1037	1.#QNAN	0	0.016	0	7.88909e-007	1406.37	1324.77	1324.87
1324.78	837.79	1038	1.#QNAN	0	0	0	7.68369e-007	1430.06	1324.78	1324.88
1324.79	837.803	1039	1.#QNAN	0	0.015	0	7.84443e-007	1418.99	1324.79	1324.89
1324.8	837.813	1040	1.#QNAN	0	0.016	0	8.00631e-007	1390.11	1324.8	1324.9
1324.8	837.82	1041	1.#QNAN	0	0	0	7.73277e-007	1402.77	1324.8	1324.9
1324.84	837.833	1042	1.#QNAN	0	0.016	0	7.60459e-007	1408.51	1324.84	1324.94
1324.86	837.833	1043	1.#QNAN	0	0	0	7.89212e-007	1406.91	1324.86	1324.96
1324.89	837.85	1044	1.#QNAN	0	0.015	0	8.01208e-007	1396.95	1324.89	1324.99
1324.93	837.871	1045	1.#QNAN	0	0	0	7.95499e-007	1409.41	1324.93	1325.04
1324.99	837.895	1046	1.#QNAN	0	0.016	0	7.66126e-007	1428	1324.99	1325.09
1325	837.893	1047	1.#QNAN	0	0.015	0	7.75993e-007	1418.04	1325	1325.11
1325.03	837.915	1048	1.#QNAN	0	0	0	8.01259e-007	1419.58	1325.03	1325.13
1325.07	837.925	1049	1.#QNAN	0	0.016	0	7.69228e-007	1427.29	1325.07	1325.17
1325.07	837.927	1050	1.#QNAN	0	0	0	7.72576e-007	1398.79	1325.07	1325.18
1325.07	837.913	1051	1.#QNAN	0	0.016	0	7.89716e-007	1389.08	1325.07	1325.17
1325.06	837.915	1052	1.#QNAN	0	0	0	7.52419e-007	1410.77	1325.06	1325.17
1325.05	837.92	1053	1.#QNAN	0	0.015	0	7.52044e-007	1393.83	1325.05	1325.17
1325.07	837.93	1054	1.#QNAN	0	0	0	7.77978e-007	1420.33	1325.07	1325.18
1325.11	837.948	1055	1.#QNAN	0	0.016	0	7.89915e-007	1428.81	1325.11	1325.22
1325.14	837.964	1056	1.#QNAN	0	0.015	0	7.41701e-007	1406.77	1325.14	1325.26
1325.18	837.971	1057	1.#QNAN	0	0	0	7.84877e-007	1417.55	1325.18	1325.29
1325.24	837.994	1058	1.#QNAN	0	0.016	0	7.96681e-007	1454.77	1325.24	1325.36
1325.26	837.994	1059	1.#QNAN	0	0	0	7.95509e-007	1388.05	1325.26	1325.37
1325.29	838.002	1060	1.#QNAN	0	0.016	0	7.65917e-007	1396.7	1325.29	1325.41
1325.3	838.001	1061	1.#QNAN	0	0	0	7.71115e-007	1369.76	1325.3	1325.42
1325.33	838.011	1062	1.#QNAN	0	0.015	0	7.85345e-007	1402.48	1325.33	1325.45
1325.34	838.014	1063	1.#QNAN	0	0.016	0	7.45908e-007	1398.8	1325.34	1325.46
1325.34	838.019	1064	1.#QNAN	0	0	0	7.81553e-007	1384.31	1325.34	1325.46
1325.35	838.019	1065	1.#QNAN	0	0.015	0	7.96825e-007	1375.6	1325.35	1325.47
1325.34	838.019	1066	1.#QNAN	0	0	0	7.75325e-007	1390.02	1325.34	1325.47
1325.33	838.03	1067	1.#QNAN	0	0.016	0	7.77123e-007	1378.02	1325.33	1325.46
1325.31	838.033	1068	1.#QNAN	0	0.016	0	7.56467e-007	1376.97	1325.31	1325.44
1325.31	838.035	1069	1.#QNAN	0	0	0	7.98395e-007	1359.52	1325.31	1325.44
1325.34	838.051	1070	1.#QNAN	0	0.015	0	7.71311e-007	1402.86	1325.34	1325.47
1325.35	838.057	1071	1.#QNAN	0	0	0	7.72848e-007	1375.6	1325.35	1325.47
1325.36	838.06	1072	1.#QNAN	0	0.016	0	7.91095e-007	1382.39	1325.36	1325.48
1325.37	838.067	1073	1.#QNAN	0	0	0	7.81693e-007	1397.33	1325.37	1325.5
1325.39	838.064	1074	1.#QNAN	0	0.015	0	7.79577e-007	1396.01	1325.39	1325.51
1325.38	838.07	1075	1.#QNAN	0	0.016	0	7.66106e-007	1367.51	1325.38	1325.51
1325.39	838.068	1076	1.#QNAN	0	0	0	7.86425e-007	1384.03	1325.39	1325.52
1325.37	838.057	1077	1.#QNAN	0	0.016	1	7.78689e-007	1344.05	1325.37	1325.5
1325.35	838.043	1078	1.#QNAN	0	0	0	7.85576e-007	1356.76	1325.35	1325.48
1325.33	838.038	1079	1.#QNAN	0	0.015	0	7.64327e-007	1376	1325.33	1325.46
1325.32	838.044	1080	1.#QNAN	0	0	0	7.72306e-007	1387.01	1325.32	1325.45
1325.31	838.047	1081	1.#QNAN	0	0.016	0	7.87408e-007	1406.6	1325.31	1325.44
1325.28	838.037	1082	1.#QNAN	0	0.015	0	7.79334e-007	1360.17	1325.28	1325.42
1325.26	838.026	1083	1.#QNAN	0	0	0	7.88948e-007	1376.93	1325.26	1325.4
1325.25	838.014	1084	1.#QNAN	0	0.016	0	7.37941e-007	1373.82	1325.25	1325.38
1325.22	838.002	1085	1.#QNAN	0	0	0	7.93735e-007	1374.7	1325.22	1325.36
1325.22	837.999	1086	1.#QNAN	0	0.016	0	7.93648e-007	1365.03	1325.22	1325.36
1325.25	838.004	1087	1.#QNAN	0	0	0	8.04039e-007	1431.86	1325.25	1325.39
1325.28	838.024	1088	1.#QNAN	0	0.015	0	7.75849e-007	1460.81	1325.28	1325.42
1325.28	838.029	1089	1.#QNAN	0	0.016	0	7.70917e-007	1403.33	1325.28	1325.43
1325.28	838.028	1090	1.#QNAN	0	0	0	7.75136e-007	1408.47	1325.28	1325.42
1325.29	838.037	1091	1.#QNAN	0	0.015	0	7.86822e-007	1389.31	1325.29	1325.44
1325.28	838.018	1092	1.#QNAN	0	0	0	7.86177e-007	1364.44	1325.28	1325.43
1325.28	838.017	1093	1.#QNAN	0	0.016	0	7.87095e-007	1366.54	1325.28	1325.43
1325.27	838.014	1094	1.#QNAN	0	0	0	7.47901e-007	1359.27	1325.27	1325.42
1325.27	838.014	1095	1.#QNAN	0	0.016	0	7.80335e-007	1374.87	1325.27	1325.42
1325.27	838.013	1096	1.#QNAN	0	0.015	0	7.65788e-007	1371.14	1325.27	1325.42
1325.23	838.002	1097	1.#QNAN	0	0	0	7.76092e-007	1342.68	1325.23	1325.38
1325.24	838.003	1098	1.#QNAN	0	0.016	0	7.71967e-007	1397.66	1325.24	1325.39
1325.26	838.014	1099	1.#QNAN	0	0	0	7.68206e-007	1427.95	1325.26	1325.41
1325.3	838.03	1100	1.#QNAN	0	0.015	0	7.90648e-007	1439.84	1325.3	1325.46
1325.31	838.043	1101	1.#QNAN	0	0	0	7.61733e-007	1375.02	1325.31	1325.46
1325.3	838.039	1102	1.#QNAN	0	0.016	0	7.87355e-007	1369.3	1325.3	1325.45
1325.31	838.053	1103	1.#QNAN	0	0.016	0	7.84405e-007	1408.25	1325.31	1325.46
1325.3	838.057	1104	1.#QNAN	0	0	0	7.90508e-007	1364.56	1325.3	1325.45
1325.3	838.058	1105	1.#QNAN	0	0.015	0	8.19856e-007	1365.04	1325.3	1325.46
1325.31	838.052	1106	1.#QNAN	0	0	0	7.68844e-007	1382.2	1325.31	1325.47
1325.33	838.061	1107	1.#QNAN	0	0.016	0	7.63911e-007	1389.72	1325.33	1325.49
1325.34	838.061	1108	1.#QNAN	0	0	0	7.65437e-007	1412.46	1325.34	1325.5
1325.39	838.073	1109	1.#QNAN	0	0.015	0	7.92962e-007	1443.16	1325.39	1325.55
1325.41	838.071	1110	1.#QNAN	0	0.016	0	7.69264e-007	1391.07	1325.41	1325.57
1325.42	838.072	1111	1.#QNAN	0	0	0	7.62058e-007	1375.58	1325.42	1325.58
1325.42	838.066	1112	1.#QNAN	0	0.016	0	7.73575e-007	1384.12	1325.42	1325.58
1325.47	838.082	1113	1.#QNAN	0	0	0	7.62106e-007	1427.99	1325.47	1325.63
1325.49	838.085	1114	1.#QNAN	0	0.015	0	7.9174e-007	1380.91	1325.49	1325.65
1325.52	838.082	1115	1.#QNAN	0	0.016	0	7.42221e-007	1417.23	1325.52	1325.69
1325.52	838.071	1116	1.#QNAN	0	0	0	7.84155e-007	1398.62	1325.52	1325.69
1325.52	838.067	1117	1.#QNAN	0	0.015	0	7.79251e-007	1363.98	1325.52	1325.69
1325.53	838.07	1118	1.#QNAN	0	0	0	7.80041e-007	1381.84	1325.53	1325.69
1325.55	838.071	1119	1.#QNAN	0	0.016	0	7.99237e-007	1398.53	1325.55	1325.71
1325.55	838.065	1120	1.#QNAN	0	0.016	0	7.4308e-007	1398.85	1325.55	1325.72
1325.57	838.07	1121	1.#QNAN	0	0	0	7.53839e-007	1404.68	1325.57	1325.74
1325.61	838.082	1122	1.#QNAN	0	0.015	0	7.95299e-007	1433.93	1325.61	1325.78
1325.65	838.09	1123	1.#QNAN	0	0	0	7.95303e-007	1455.85	1325.65	1325.82
1325.68	838.107	1124	1.#QNAN	0	0.016	0	7.63604e-007	1404.47	1325.68	1325.85
1325.69	838.13	1125	1.#QNAN	0	0	0	7.77687e-007	1381.9	1325.69	1325.85
1325.75	838.15	1126	1.#QNAN	0	0.015	0	7.87864e-007	1456.9	1325.75	1325.92
1325.78	838.16	1127	1.#QNAN	0	0.016	0	7.87462e-007	1408.09	1325.78	1325.94
1325.82	838.176	1128	1.#QNAN	0	0	0	7.73767e-007	1412.09	1325.82	1325.99
1325.81	838.178	1129	1.#QNAN	0	0.016	0	7.7617e-007	1371.7	1325.81	1325.98
1325.84	838.178	1130	1.#QNAN	0	0	0	7.61612e-007	1405.74	1325.84	1326.01
1325.86	838.178	1131	1.#QNAN	0	0.015	0	7.85373e-007	1389.08	1325.86	1326.03
1325.86	838.181	1132	1.#QNAN	0	0	0	7.74212e-007	1389.15	1325.86	1326.03
1325.85	838.181	1133	1.#QNAN	0	0	0	7.75144e-007	1360.96	1325.85	1326.02
1325.84	838.182	1134	1.#QNAN	0	0.015	0	7.65538e-007	1365.48	1325.84	1326.01
1325.88	838.197	1135	1.#QNAN	0	0	0	8.03913e-007	1442.56	1325.88	1326.05
1325.89	838.196	1136	1.#QNAN	0	0.016	0	7.76645e-007	1431.37	1325.89	1326.06
1325.9	838.201	1137	1.#QNAN	0	0	0	7.95067e-007	1402.36	1325.9	1326.07
1325.91	838.201	1138	1.#QNAN	0	0.016	0	7.63916e-007	1374.44	1325.91	1326.08
1325.92	838.218	1139	1.#QNAN	0	0.015	0	7.78498e-007	1384.59	1325.92	1326.09
1325.96	838.24	1140	1.#QNAN	0	0	0	7.40069e-007	1434.54	1325.96	1326.13
1325.98	838.257	1141	1.#QNAN	0	0.016	0	7.57627e-007	1411.32	1325.98	1326.15
1326.02	838.269	1142	1.#QNAN	0	0	0	7.93244e-007	1431.99	1326.02	1326.19
1326.04	838.28	1143	1.#QNAN	0	0.015	0	7.55614e-007	1425.28	1326.04	1326.21
1326.03	838.288	1144	1.#QNAN	0	0	0	7.47172e-007	1449.12	1326.03	1326.21
1326.04	838.299	1145	1.#QNAN	0	0.016	0	7.70194e-007	1426.42	1326.04	1326.21
1326.02	838.294	1146	1.#QNAN	0	0.016	0	7.74231e-007	1388.25	1326.02	1326.2
1325.97	838.297	1147	1.#QNAN	0	0	0	7.73905e-007	1364.27	1325.97	1326.15
1325.95	838.296	1148	1.#QNAN	0	0.015	0	7.85929e-007	1415.33	1325.95	1326.12
1325.94	838.302	1149	1.#QNAN	0	0	0	7.6352e-007	1451.27	1325.94	1326.12
1325.92	838.297	1150	1.#QNAN	0	0.016	0	7.86174e-007	1386.43	1325.92	1326.09
1325.92	838.303	1151	1.#QNAN	0	0	0	7.58833e-007	1390.99	1325.92	1326.09
1325.9	838.294	1152	1.#QNAN	0	0.015	0	7.8334e-007	1367.26	1325.9	1326.08
1325.91	838.297	1153	1.#QNAN	0	0.016	0	7.40809e-007	1377.32	1325.91	1326.09
1325.92	838.287	1154	1.#QNAN	0	0	0	7.66514e-007	1396.11	1325.92	1326.1
1325.93	838.303	1155	1.#QNAN	0	0.016	0	7.44532e-007	1391.17	1325.93	1326.11
1325.93	838.301	1156	1.#QNAN	0	0	0	7.54872e-007	1374.22	1325.93	1326.11
1325.95	838.312	1157	1.#QNAN	0	0.015	0	7.87859e-007	1392.02	1325.95	1326.13
1325.98	838.326	1158	1.#QNAN	0	0.016	0	7.78123e-007	1391.4	1325.98	1326.16
1326	838.335	1159	1.#QNAN	0	0	0	7.7459e-007	1382.37	1326	1326.18
1326	838.349	1160	1.#QNAN	0	0.015	0	7.53144e-007	1361.76	1326	1326.18
1325.98	838.354	1161	1.#QNAN	0	0	0	7.75092e-007	1357.51	1325.98	1326.17
1325.99	838.362	1162	1.#QNAN	0	0.016	0	7.68679e-007	1390.18	1325.99	1326.17
1325.97	838.373	1163	1.#QNAN	0	0	0	7.41332e-007	1356.02	1325.97	1326.15
1325.94	838.374	1164	1.#QNAN	0	0.016	0	7.97966e-007	1340.72	1325.94	1326.12
1325.95	838.394	1165	1.#QNAN	0	0.015	0	8.05443e-007	1382.57	1325.95	1326.13
1325.96	838.408	1166	1.#QNAN	0	0	0	7.94308e-007	1385.55	1325.96	1326.14
1325.97	838.418	1167	1.#QNAN	0	0.016	0	7.78061e-007	1382.6	1325.97	1326.15
1325.97	838.434	1168	1.#QNAN	0	0	0	7.59906e-007	1389.09	1325.97	1326.16
1325.96	838.427	1169	1.#QNAN	0	0.015	0	7.33829e-007	1395.67	1325.96	1326.15
1325.96	838.433	1170	1.#QNAN	0	0	0	7.69564e-007	1366.96	1325.96	1326.14
1325.94	838.431	1171	1.#QNAN	0	0.016	0	7.47912e-007	1367.11	1325.94	1326.12
1325.91	838.416	1172	1.#QNAN	0	0	0	7.75459e-007	1358.19	1325.91	1326.1
1325.88	838.413	1173	1.#QNAN	0	0.016	0	8.04112e-007	1350.87	1325.88	1326.06
1325.89	838.418	1174	1.#QNAN	0	0.015	0	7.61943e-007	1416.29	1325.89	1326.07
1325.88	838.416	1175	1.#QNAN	0	0	0	7.84068e-007	1369.35	1325.88	1326.07
1325.9	838.429	1176	1.#QNAN	0	0.016	0	7.73826e-007	1400.18	1325.9	1326.08
1325.91	838.437	1177	1.#QNAN	0	0	0	7.75007e-007	1413.42	1325.91	1326.1
1325.93	838.447	1178	1.#QNAN	0	0.015	0	7.90931e-007	1414.36	1325.93	1326.12
1325.97	838.467	1179	1.#QNAN	0	0	0	7.84638e-007	1444.24	1325.97	1326.15
1326.02	838.486	1180	1.#QNAN	0	0.016	0	7.7593e-007	1425.4	1326.02	1326.2
1326.04	838.493	1181	1.#QNAN	0	0.016	0	7.78307e-007	1401.06	1326.04	1326.23
1326.06	838.496	1182	1.#QNAN	0	0	0	8.09353e-007	1423.43	1326.06	1326.25
1326.07	838.489	1183	1.#QNAN	0	0.015	0	7.66648e-007	1446.85	1326.07	1326.25
1326.07	838.493	1184	1.#QNAN	0	0	0	7.77273e-007	1391.79	1326.07	1326.25
1326.05	838.494	1185	1.#QNAN	0	0.016	0	7.56594e-007	1402.11	1326.05	1326.23
1326.03	838.499	1186	1.#QNAN	0	0	0	7.46502e-007	1379.98	1326.03	1326.21
1326.01	838.496	1187	1.#QNAN	0	0.015	0	7.7231e-007	1367.11	1326.01	1326.2
1326.02	838.508	1188	1.#QNAN	0	0.016	1	7.9644e-007	1432.18	1326.02	1326.21
1326.02	838.516	1189	1.#QNAN	0	0	0	7.72915e-007	1398.65	1326.02	1326.2
1326.02	838.524	1190	1.#QNAN	0	0.016	0	7.59888e-007	1407.21	1326.02	1326.21
1326.01	838.526	1191	1.#QNAN	0	0	0	7.65893e-007	1396.98	1326.01	1326.2
1326	838.52	1192	1.#QNAN	0	0.015	0	7.73783e-007	1373.85	1326	1326.18
1326.01	838.53	1193	1.#QNAN	0	0	0	7.71706e-007	1410.63	1326.01	1326.2
1326.01	838.531	1194	1.#QNAN	0	0.016	0	7.70743e-007	1397.73	1326.01	1326.2
1326.02	838.541	1195	1.#QNAN	0	0	0	7.64814e-007	1412.75	1326.02	1326.21
1326.05	838.534	1196	1.#QNAN	0	0.015	0	7.78142e-007	1471	1326.05	1326.24
1326.04	838.533	1197	1.#QNAN	0	0.016	0	7.86599e-007	1381.45	1326.04	1326.23
1326.07	838.535	1198	1.#QNAN	0	0	0	8.005e-007	1444.31	1326.07	1326.26
1326.06	838.53	1199	1.#QNAN	0	0.016	0	7.71693e-007	1380.86	1326.06	1326.25
