rmse	mae	#iter	time_pred	time_learn	time_learn2	time_learn4	alpha	rmse_mcmc_this	rmse_mcmc_all	rmse_mcmc_all_but5
23120.4	16416.9	0	1.#QNAN	0	0.016	0	1.64922e-012	23120.4	23120.4	3880.47
20919.1	14632.6	1	1.#QNAN	0	0.031	0	3.11349e-011	20709.3	20919.1	3880.47
20639	14270.9	2	1.#QNAN	0	0.016	0	3.83277e-011	20929	20639	3880.47
20481	14036.3	3	1.#QNAN	0	0.015	0	4.34805e-011	20780.5	20481	3880.47
20300.5	13796.8	4	1.#QNAN	0	0.016	0	4.85409e-011	20166.2	20300.5	37687.6
20146.9	13588.8	5	1.#QNAN	0	0.016	0	5.45484e-011	20007.8	20146.9	20007.8
20009.8	13420.3	6	1.#QNAN	0	0.015	0	5.98544e-011	19865	20009.8	19754.1
19957.9	13339.5	7	1.#QNAN	0	0.031	0	6.4322e-011	20015.1	19957.9	19699.5
19819.3	13190.9	8	1.#QNAN	0	0.016	0	7.05802e-011	19352	19819.3	19494.1
19727.7	13092.1	9	1.#QNAN	0	0.016	0	7.61643e-011	19436.6	19727.7	19392.7
19701	13064.6	10	1.#QNAN	0	0.015	0	8.48071e-011	19896.1	19701	19412.4
19644.4	13004.7	11	1.#QNAN	0	0.015	0	9.70494e-011	19725.8	19644.4	19376
19532.8	12892.4	12	1.#QNAN	0	0.016	0	1.01691e-010	19017.6	19532.8	19251.1
19478.8	12846	13	1.#QNAN	0	0.016	0	1.13755e-010	19229	19478.8	19208.9
19317.2	12706.7	14	1.#QNAN	0	0.015	0	1.26571e-010	17829.4	19317.2	19015.4
19220.4	12624.6	15	1.#QNAN	0	0.016	0	1.34114e-010	18339.4	19220.4	18912.9
19147.4	12560.9	16	1.#QNAN	0	0.031	0	1.53277e-010	18478.5	19147.4	18842.7
19029.1	12459.3	17	1.#QNAN	0	0.016	0	1.70387e-010	17608.5	19029.1	18711.6
18947.1	12394.4	18	1.#QNAN	0	0.015	0	1.84184e-010	18157.9	18947.1	18628.2
18862.7	12330.6	19	1.#QNAN	0	0.016	0	2.12377e-010	17612.9	18862.7	18541
18759.3	12256.3	20	1.#QNAN	0	0.015	0	2.3288e-010	17252.2	18759.3	18431.7
18648.8	12168.9	21	1.#QNAN	0	0.016	0	2.45854e-010	17035.6	18648.8	18317.8
18491.9	12052.1	22	1.#QNAN	0	0.031	0	2.6327e-010	15904.1	18491.9	18144.2
18380.6	11973.1	23	1.#QNAN	0	0.016	0	2.9351e-010	16517.6	18380.6	18027
18277.6	11894.5	24	1.#QNAN	0	0.015	0	3.40279e-010	16442.1	18277.6	17920.5
18151.4	11809.7	25	1.#QNAN	0	0.016	0	3.69784e-010	15770.4	18151.4	17785.9
18010.2	11709.6	26	1.#QNAN	0	0.016	0	3.86159e-010	15157.9	18010.2	17634
17870.2	11614.2	27	1.#QNAN	0	0.015	0	4.47004e-010	14892.6	17870.2	17484.2
17744.9	11528.8	28	1.#QNAN	0	0.016	0	4.86064e-010	15018.2	17744.9	17352.1
17602.1	11431.2	29	1.#QNAN	0	0.015	0	5.82453e-010	14330.2	17602.1	17200.5
17458.5	11334.8	30	1.#QNAN	0	0.032	1	6.63499e-010	14173.7	17458.5	17048.6
17310.6	11235.7	31	1.#QNAN	0	0.015	0	7.58157e-010	13863.1	17310.6	16891.6
17157.4	11134.5	32	1.#QNAN	0	0.016	0	8.83689e-010	13473	17157.4	16729.5
16995.5	11026.6	33	1.#QNAN	0	0.015	0	9.82466e-010	13093.8	16995.5	16557.8
16837	10924	34	1.#QNAN	0	0.016	0	1.17802e-009	12881.1	16837	16390.6
16656.2	10806.2	35	1.#QNAN	0	0.016	0	1.3581e-009	12033.5	16656.2	16198.7
16475.8	10690.3	36	1.#QNAN	0	0.031	0	1.48899e-009	11852.5	16475.8	16008
16297.7	10574.9	37	1.#QNAN	0	0.015	0	1.66313e-009	11559.9	16297.7	15820.3
16113.3	10457.9	38	1.#QNAN	0	0.016	0	1.92777e-009	11128.9	16113.3	15626.4
15926.3	10340.9	39	1.#QNAN	0	0.016	0	2.20932e-009	10886	15926.3	15430
15738.5	10224.4	40	1.#QNAN	0	0.015	0	2.54917e-009	10687.3	15738.5	15233.3
15551.9	10108.6	41	1.#QNAN	0	0.031	0	2.77678e-009	10355.2	15551.9	15038.6
15373.6	9999.6	42	1.#QNAN	0	0.016	0	3.09414e-009	10379.4	15373.6	14853.7
15181.3	9881.22	43	1.#QNAN	0	0.016	0	3.3331e-009	9829.86	15181.3	14653.8
14996.2	9767.78	44	1.#QNAN	0	0.015	0	3.62703e-009	9640.08	14996.2	14462.4
14807.7	9653.44	45	1.#QNAN	0	0.016	0	4.07231e-009	9305.19	14807.7	14267.5
14618.8	9539.01	46	1.#QNAN	0	0.015	0	4.46508e-009	9028.6	14618.8	14072.7
14434.7	9426.97	47	1.#QNAN	0	0.016	0	4.79135e-009	9037.49	14434.7	13883.4
14251.6	9315.42	48	1.#QNAN	0	0.031	0	5.0688e-009	8757.92	14251.6	13695.8
14065.6	9203.96	49	1.#QNAN	0	0.016	0	5.27056e-009	8516.9	14065.6	13505.1
13892.8	9099.14	50	1.#QNAN	0	0.015	0	5.75233e-009	8639.54	13892.8	13329.4
13717.7	8993.58	51	1.#QNAN	0	0.016	0	5.93433e-009	8411.12	13717.7	13151.5
13546.3	8890.84	52	1.#QNAN	0	0.016	0	6.54782e-009	8275.06	13546.3	12977.9
13380	8790.61	53	1.#QNAN	0	0.015	0	6.67034e-009	8188.36	13380	12810.1
13221.4	8694.34	54	1.#QNAN	0	0.016	0	7.15337e-009	8197.41	13221.4	12650.8
13064.2	8598.79	55	1.#QNAN	0	0.031	0	7.33744e-009	8012.15	13064.2	12493.4
12909.9	8505.12	56	1.#QNAN	0	0.016	0	7.43285e-009	7839.19	12909.9	12339.1
12761.4	8413.71	57	1.#QNAN	0	0.015	0	7.59172e-009	7838.2	12761.4	12191.3
12615.9	8323.52	58	1.#QNAN	0	0.016	0	8.09879e-009	7701.13	12615.9	12046.9
12474.9	8237.1	59	1.#QNAN	0	0.015	0	8.48843e-009	7680.24	12474.9	11907.3
12337.7	8152.95	60	1.#QNAN	0	0.016	0	8.90766e-009	7595.76	12337.7	11771.9
12202.3	8070.06	61	1.#QNAN	0	0.031	0	9.06865e-009	7448.15	12202.3	11638.5
12073.6	7990.71	62	1.#QNAN	0	0.016	0	9.21723e-009	7458.09	12073.6	11512.2
11944.6	7911.14	63	1.#QNAN	0	0.015	0	1.002e-008	7302.08	11944.6	11385.7
11821.8	7834.56	64	1.#QNAN	0	0.016	0	1.01061e-008	7372.74	11821.8	11265.8
11701.7	7759.34	65	1.#QNAN	0	0.016	0	1.04095e-008	7303.06	11701.7	11148.9
11586	7687.01	66	1.#QNAN	0	0.015	0	1.04892e-008	7243.32	11586	11036.5
11472.9	7616.92	67	1.#QNAN	0	0.016	0	1.08897e-008	7159.29	11472.9	10926.9
11362.4	7548.2	68	1.#QNAN	0	0.031	0	1.07991e-008	7071.38	11362.4	10820.1
11256.8	7482.01	69	1.#QNAN	0	0.016	0	1.16792e-008	7095.04	11256.8	10718.4
11153.2	7417.06	70	1.#QNAN	0	0.015	0	1.23303e-008	7046.93	11153.2	10618.8
11050.4	7352.26	71	1.#QNAN	0	0.016	0	1.22937e-008	6934.44	11050.4	10519.9
10951.4	7289.77	72	1.#QNAN	0	0.015	0	1.24676e-008	6962.15	10951.4	10425.1
10854.1	7227.85	73	1.#QNAN	0	0.016	0	1.29615e-008	6841.93	10854.1	10332
10759.8	7167.64	74	1.#QNAN	0	0.016	0	1.35466e-008	6851.64	10759.8	10242
10669	7109.76	75	1.#QNAN	0	0.031	0	1.32977e-008	6822.04	10669	10155.6
10578.6	7052.11	76	1.#QNAN	0	0.015	0	1.40395e-008	6736.44	10578.6	10069.6
10491.7	6996.22	77	1.#QNAN	0	0.016	0	1.40982e-008	6749.39	10491.7	9987.16
10405.9	6940.78	78	1.#QNAN	0	0.016	0	1.45884e-008	6629.53	10405.9	9905.8
10322.6	6886.8	79	1.#QNAN	0	0.015	0	1.44074e-008	6614.16	10322.6	9827.01
10241	6833.51	80	1.#QNAN	0	0.016	0	1.42709e-008	6530.55	10241	9750
10161.3	6781.41	81	1.#QNAN	0	0.015	0	1.53956e-008	6548.11	10161.3	9674.78
10084.1	6730.88	82	1.#QNAN	0	0.032	0	1.48821e-008	6530.25	10084.1	9602.17
10008.8	6681.4	83	1.#QNAN	0	0.015	0	1.51718e-008	6542.2	10008.8	9531.41
9935.76	6633.37	84	1.#QNAN	0	0.016	0	1.51832e-008	6512.08	9935.76	9462.97
9862.82	6584.8	85	1.#QNAN	0	0.015	1	1.5957e-008	6432.16	9862.82	9394.56
9793.18	6538.18	86	1.#QNAN	0	0.016	0	1.61608e-008	6470.4	9793.18	9329.47
9722.97	6491.31	87	1.#QNAN	0	0.016	0	1.63203e-008	6319.34	9722.97	9263.68
9654.88	6446.04	88	1.#QNAN	0	0.015	0	1.68455e-008	6304.95	9654.88	9200.01
9587.7	6401.31	89	1.#QNAN	0	0.031	0	1.65219e-008	6264.98	9587.7	9137.25
9520.27	6356.37	90	1.#QNAN	0	0.016	0	1.71411e-008	6136.74	9520.27	9074.11
9456.37	6313.61	91	1.#QNAN	0	0.016	0	1.8238e-008	6232.21	9456.37	9014.59
9392.56	6270.61	92	1.#QNAN	0	0.015	0	1.77166e-008	6110.34	9392.56	8955.06
9330.44	6228.37	93	1.#QNAN	0	0.016	0	1.82389e-008	6116.75	9330.44	8897.26
9270.59	6187.37	94	1.#QNAN	0	0.015	0	1.86572e-008	6179.25	9270.59	8841.72
9211.54	6146.98	95	1.#QNAN	0	0.016	0	1.8589e-008	6123.4	9211.54	8786.95
9153.55	6107.01	96	1.#QNAN	0	0.031	0	1.84903e-008	6102.69	9153.55	8733.2
9096.49	6067.74	97	1.#QNAN	0	0.016	0	1.88649e-008	6044.77	9096.49	8680.34
9040.62	6028.97	98	1.#QNAN	0	0.015	0	1.95953e-008	6058.75	9040.62	8628.66
8985.09	5990.72	99	1.#QNAN	0	0.016	0	1.90291e-008	5963.99	8985.09	8577.24
8931.77	5953.71	100	1.#QNAN	0	0.016	0	1.94168e-008	5975.2	8931.77	8527.97
8879.24	5917.2	101	1.#QNAN	0	0.015	0	2.04154e-008	5937.16	8879.24	8479.47
8827.43	5881.48	102	1.#QNAN	0	0.016	0	2.08196e-008	5906.96	8827.43	8431.67
8776.92	5846.47	103	1.#QNAN	0	0.031	0	2.1316e-008	5937.38	8776.92	8385.14
8727.46	5812.18	104	1.#QNAN	0	0.016	0	2.12777e-008	5910.63	8727.46	8339.63
8678.96	5778.58	105	1.#QNAN	0	0.016	0	2.1278e-008	5876.98	8678.96	8295.04
8631.17	5745.17	106	1.#QNAN	0	0.016	0	2.16107e-008	5825.19	8631.17	8251.08
8583.47	5712.34	107	1.#QNAN	0	0.016	0	2.17694e-008	5750.76	8583.47	8207.18
8538	5680.6	108	1.#QNAN	0	0.015	0	2.18275e-008	5815.46	8538	8165.47
8492.28	5649.13	109	1.#QNAN	0	0.016	0	2.24593e-008	5720.92	8492.28	8123.46
8447.66	5618.32	110	1.#QNAN	0	0.015	0	2.23915e-008	5728.66	8447.66	8082.48
8404.77	5588.54	111	1.#QNAN	0	0.016	0	2.26308e-008	5761.54	8404.77	8043.25
8361.47	5558.5	112	1.#QNAN	0	0.016	0	2.29217e-008	5663.26	8361.47	8003.53
8318.84	5528.95	113	1.#QNAN	0	0.031	0	2.33684e-008	5624.98	8318.84	7964.43
8277.42	5500.11	114	1.#QNAN	0	0.015	0	2.36268e-008	5681.58	8277.42	7926.54
8236.93	5471.82	115	1.#QNAN	0	0.016	0	2.35983e-008	5633.49	8236.93	7889.5
8196.64	5443.91	116	1.#QNAN	0	0.016	0	2.33659e-008	5586.99	8196.64	7852.63
8157.25	5416.42	117	1.#QNAN	0	0.031	0	2.39364e-008	5591.04	8157.25	7816.59
8117.95	5388.92	118	1.#QNAN	0	0.015	0	2.50934e-008	5510.11	8117.95	7780.59
8079.51	5362	119	1.#QNAN	0	0.016	0	2.54765e-008	5530.4	8079.51	7745.43
8041.95	5335.53	120	1.#QNAN	0	0.016	0	2.53568e-008	5515.45	8041.95	7711.13
8005.75	5310.16	121	1.#QNAN	0	0.015	0	2.6146e-008	5547.09	8005.75	7678.15
7968.94	5284.53	122	1.#QNAN	0	0.031	0	2.57134e-008	5443.62	7968.94	7644.51
7932.98	5259.45	123	1.#QNAN	0	0.016	0	2.66873e-008	5460.12	7932.98	7611.68
7897.56	5234.85	124	1.#QNAN	0	0.016	0	2.62382e-008	5412.93	7897.56	7579.34
7862.94	5210.6	125	1.#QNAN	0	0.015	0	2.54294e-008	5431.36	7862.94	7547.76
7829.51	5187.27	126	1.#QNAN	0	0.016	0	2.63469e-008	5463.13	7829.51	7517.34
7796.52	5164.14	127	1.#QNAN	0	0.015	0	2.64833e-008	5409.26	7796.52	7487.33
7763.24	5140.88	128	1.#QNAN	0	0.016	0	2.76135e-008	5357.28	7763.24	7457
7731.2	5118.35	129	1.#QNAN	0	0.031	0	2.7645e-008	5337.65	7731.2	7427.86
7698.78	5095.54	130	1.#QNAN	0	0.016	0	2.81701e-008	5280.53	7698.78	7398.28
7666.99	5073.15	131	1.#QNAN	0	0.015	0	2.8036e-008	5243.38	7666.99	7369.28
7635.03	5050.94	132	1.#QNAN	0	0.016	0	2.78448e-008	5182.69	7635.03	7340.06
7603.99	5029.03	133	1.#QNAN	0	0.016	0	2.85056e-008	5224.29	7603.99	7311.78
7573.21	5007.56	134	1.#QNAN	0	0.015	0	2.81577e-008	5207.87	7573.21	7283.68
7543.38	4986.63	135	1.#QNAN	0	0.016	0	2.9179e-008	5253.42	7543.38	7256.54
7514.04	4966.19	136	1.#QNAN	0	0.031	0	2.96851e-008	5190.38	7514.04	7229.82
7484.59	4945.62	137	1.#QNAN	0	0.016	0	2.94431e-008	5161.32	7484.59	7202.98
7456.31	4926.02	138	1.#QNAN	0	0.015	0	3.01882e-008	5174.62	7456.31	7177.26
7428.24	4906.52	139	1.#QNAN	0	0.016	1	3.03064e-008	5144.17	7428.24	7151.71
7400.13	4886.81	140	1.#QNAN	0	0.015	0	3.00192e-008	5127.57	7400.13	7126.13
7372.35	4867.72	141	1.#QNAN	0	0.016	0	3.04368e-008	5080.2	7372.35	7100.8
7345.76	4849.16	142	1.#QNAN	0	0.031	0	3.05515e-008	5138.24	7345.76	7076.67
7318.47	4830.29	143	1.#QNAN	0	0.016	0	3.01441e-008	5017.06	7318.47	7051.77
7291.25	4811.35	144	1.#QNAN	0	0.015	0	3.15738e-008	4975.38	7291.25	7026.91
7265.11	4793.29	145	1.#QNAN	0	0.016	0	3.17675e-008	5054.38	7265.11	7003.11
7238.79	4775	146	1.#QNAN	0	0.016	0	3.3183e-008	4945.58	7238.79	6979.06
7212.66	4756.85	147	1.#QNAN	0	0.015	0	3.3854e-008	4921.46	7212.66	6955.19
7187.64	4739.43	148	1.#QNAN	0	0.016	0	3.40807e-008	4952.06	7187.64	6932.4
7162.53	4721.99	149	1.#QNAN	0	0.031	0	3.42023e-008	4936.26	7162.53	6909.51
7137.86	4704.64	150	1.#QNAN	0	0.016	0	3.45965e-008	4916.54	7137.86	6887.01
7113.73	4687.81	151	1.#QNAN	0	0.015	0	3.3112e-008	4949.68	7113.73	6865.05
7089.5	4670.87	152	1.#QNAN	0	0.016	0	3.4468e-008	4901.44	7089.5	6842.95
7066.08	4654.54	153	1.#QNAN	0	0.015	0	3.36253e-008	4908.29	7066.08	6821.62
7042.68	4638.28	154	1.#QNAN	0	0.016	0	3.43829e-008	4861.49	7042.68	6800.27
7019.44	4622.04	155	1.#QNAN	0	0.016	0	3.61876e-008	4835.56	7019.44	6779.04
6996.67	4606.13	156	1.#QNAN	0	0.031	0	3.61465e-008	4838.76	6996.67	6758.28
6974.12	4590.38	157	1.#QNAN	0	0.015	0	3.60082e-008	4856.94	6974.12	6737.74
6952.1	4574.94	158	1.#QNAN	0	0.016	0	3.74919e-008	4885.94	6952.1	6717.7
6929.85	4559.42	159	1.#QNAN	0	0.016	0	3.65204e-008	4800.88	6929.85	6697.34
6907.96	4544.08	160	1.#QNAN	0	0.015	0	3.65237e-008	4806.5	6907.96	6677.35
6886.27	4528.79	161	1.#QNAN	0	0.016	0	3.72885e-008	4842.73	6886.27	6657.55
6864.67	4513.68	162	1.#QNAN	0	0.031	0	3.71726e-008	4780.22	6864.67	6637.79
6843.34	4498.85	163	1.#QNAN	0	0.016	0	3.86539e-008	4755.1	6843.34	6618.28
6822.33	4484.31	164	1.#QNAN	0	0.015	0	3.82723e-008	4777.93	6822.33	6599.07
6801	4469.47	165	1.#QNAN	0	0.016	0	3.76101e-008	4646.69	6801	6579.47
6780.52	4455.04	166	1.#QNAN	0	0.015	0	3.81856e-008	4773.06	6780.52	6560.76
6759.94	4440.53	167	1.#QNAN	0	0.016	0	3.79007e-008	4715.12	6759.94	6541.93
6740.34	4426.7	168	1.#QNAN	0	0.016	0	3.98632e-008	4742.9	6740.34	6524.02
6720.16	4412.29	169	1.#QNAN	0	0.031	0	3.91164e-008	4732.99	6720.16	6505.57
6700.17	4398.18	170	1.#QNAN	0	0.015	0	4.00033e-008	4691.02	6700.17	6487.26
6680.35	4384.23	171	1.#QNAN	0	0.016	0	3.91262e-008	4684.33	6680.35	6469.08
6660.38	4370.11	172	1.#QNAN	0	0.016	0	4.01367e-008	4629.08	6660.38	6450.74
6640.78	4356.32	173	1.#QNAN	0	0.015	0	4.06624e-008	4632.37	6640.78	6432.73
6621.7	4342.81	174	1.#QNAN	0	0.016	0	4.26986e-008	4676.87	6621.7	6415.28
6602.74	4329.18	175	1.#QNAN	0	0.031	0	3.95893e-008	4721.16	6602.74	6397.9
6584.09	4316.03	176	1.#QNAN	0	0.016	0	4.14823e-008	4645.58	6584.09	6380.83
6565.17	4302.78	177	1.#QNAN	0	0.015	0	4.20429e-008	4566.25	6565.17	6363.45
6546.26	4289.54	178	1.#QNAN	0	0.016	0	4.12315e-008	4561.34	6546.26	6346.06
6527.81	4276.51	179	1.#QNAN	0	0.015	0	4.33053e-008	4605.68	6527.81	6329.13
6509.66	4263.72	180	1.#QNAN	0	0.016	0	4.21559e-008	4600.23	6509.66	6312.46
6491.4	4250.96	181	1.#QNAN	0	0.016	0	4.30531e-008	4537.46	6491.4	6295.66
6473.64	4238.42	182	1.#QNAN	0	0.031	0	4.26811e-008	4595.11	6473.64	6279.35
6455.77	4225.83	183	1.#QNAN	0	0.015	0	4.39494e-008	4560.62	6455.77	6262.91
6438.23	4213.33	184	1.#QNAN	0	0.016	0	4.53524e-008	4570.08	6438.23	6246.8
6420.58	4200.86	185	1.#QNAN	0	0.016	0	4.52083e-008	4539.58	6420.58	6230.55
6403.35	4188.71	186	1.#QNAN	0	0.015	0	4.49786e-008	4511.6	6403.35	6214.71
6385.79	4176.33	187	1.#QNAN	0	0.016	0	4.51431e-008	4385.65	6385.79	6198.51
6368.77	4164.33	188	1.#QNAN	0	0.015	0	4.73556e-008	4436.63	6368.77	6182.85
6351.48	4152.2	189	1.#QNAN	0	0.032	0	4.51345e-008	4379.88	6351.48	6166.9
6334.77	4140.43	190	1.#QNAN	0	0.015	0	4.70427e-008	4427.97	6334.77	6151.52
6317.82	4128.44	191	1.#QNAN	0	0.016	0	4.46864e-008	4403.92	6317.82	6135.88
6301.3	4116.74	192	1.#QNAN	0	0.015	0	4.77951e-008	4383.97	6301.3	6120.64
6284.76	4104.95	193	1.#QNAN	0	0.016	0	4.6115e-008	4364.23	6284.76	6105.38
6268.42	4093.29	194	1.#QNAN	0	0.016	0	4.75176e-008	4368.73	6268.42	6090.29
6252.6	4082.01	195	1.#QNAN	0	0.015	1	4.84961e-008	4387.86	6252.6	6075.71
6236.79	4070.74	196	1.#QNAN	0	0.016	0	5.16897e-008	4350.07	6236.79	6061.13
6221	4059.52	197	1.#QNAN	0	0.016	0	5.10644e-008	4391.67	6221	6046.56
6205.43	4048.52	198	1.#QNAN	0	0.016	0	4.9774e-008	4402.31	6205.43	6032.18
6189.93	4037.57	199	1.#QNAN	0	0.015	0	5.02132e-008	4372.76	6189.93	6017.86
6174.43	4026.56	200	1.#QNAN	0	0.016	0	5.13107e-008	4337.7	6174.43	6003.54
6159.15	4015.74	201	1.#QNAN	0	0.015	0	5.07936e-008	4321.88	6159.15	5989.43
6143.98	4004.82	202	1.#QNAN	0	0.016	0	5.31879e-008	4342.42	6143.98	5975.4
6128.66	3993.87	203	1.#QNAN	0	0.016	0	5.05706e-008	4266.53	6128.66	5961.22
6113.82	3983.28	204	1.#QNAN	0	0.031	0	5.28242e-008	4319.24	6113.82	5947.51
6098.9	3972.7	205	1.#QNAN	0	0.015	0	5.19944e-008	4325.75	6098.9	5933.7
6084.2	3962.29	206	1.#QNAN	0	0.016	0	5.18365e-008	4333.11	6084.2	5920.12
6069.71	3951.96	207	1.#QNAN	0	0.016	0	5.41595e-008	4331.25	6069.71	5906.75
6055.18	3941.59	208	1.#QNAN	0	0.015	0	5.49905e-008	4288.97	6055.18	5893.31
6040.7	3931.23	209	1.#QNAN	0	0.016	0	5.43038e-008	4299.83	6040.7	5879.9
6026.35	3920.97	210	1.#QNAN	0	0.015	0	5.20287e-008	4315.46	6026.35	5866.62
6012.26	3910.99	211	1.#QNAN	0	0.032	0	5.22365e-008	4288.7	6012.26	5853.58
5998.19	3900.97	212	1.#QNAN	0	0.015	0	5.37346e-008	4258.6	5998.19	5840.57
5984.34	3891.16	213	1.#QNAN	0	0.016	0	5.61184e-008	4241.49	5984.34	5827.75
5970.15	3881.11	214	1.#QNAN	0	0.015	0	5.6434e-008	4198.35	5970.15	5814.59
5956.15	3871.18	215	1.#QNAN	0	0.016	0	5.65738e-008	4151.07	5956.15	5801.6
5942.3	3861.3	216	1.#QNAN	0	0.016	0	5.5331e-008	4165.57	5942.3	5788.73
5928.94	3851.78	217	1.#QNAN	0	0.031	0	5.65438e-008	4184.63	5928.94	5776.37
5915.67	3842.43	218	1.#QNAN	0	0.015	0	5.90473e-008	4198.16	5915.67	5764.09
5902.39	3832.99	219	1.#QNAN	0	0.016	0	5.75709e-008	4198.75	5902.39	5751.81
5889.25	3823.66	220	1.#QNAN	0	0.016	0	5.85767e-008	4190.17	5889.25	5739.65
5876.14	3814.41	221	1.#QNAN	0	0.015	0	6.01439e-008	4102.66	5876.14	5727.5
5863.08	3805.17	222	1.#QNAN	0	0.016	0	5.99656e-008	4099.73	5863.08	5715.38
5850.1	3796.05	223	1.#QNAN	0	0.015	0	6.04084e-008	4088.58	5850.1	5703.32
5837.19	3786.88	224	1.#QNAN	0	0.032	0	5.76068e-008	4064.51	5837.19	5691.33
5824.48	3777.79	225	1.#QNAN	0	0.015	0	5.92214e-008	4118.06	5824.48	5679.53
5811.86	3768.81	226	1.#QNAN	0	0.016	0	6.02071e-008	4094.62	5811.86	5667.81
5799.22	3759.78	227	1.#QNAN	0	0.015	0	6.36858e-008	4091	5799.22	5656.04
5786.65	3750.84	228	1.#QNAN	0	0.016	0	6.15465e-008	4063.34	5786.65	5644.33
5773.98	3741.8	229	1.#QNAN	0	0.016	0	6.38076e-008	4057.21	5773.98	5632.53
5761.45	3733.01	230	1.#QNAN	0	0.015	0	6.33813e-008	4084.73	5761.45	5620.86
5748.98	3724.23	231	1.#QNAN	0	0.031	0	6.47391e-008	4058.84	5748.98	5609.23
5736.99	3715.73	232	1.#QNAN	0	0.016	0	6.36928e-008	4082.19	5736.99	5598.05
5724.87	3707.17	233	1.#QNAN	0	0.016	0	6.36111e-008	4087.5	5724.87	5586.77
5712.64	3698.55	234	1.#QNAN	0	0.015	0	6.46434e-008	4059.11	5712.64	5575.36
5700.67	3690.09	235	1.#QNAN	0	0.016	0	6.41811e-008	4062.35	5700.67	5564.19
5688.81	3681.84	236	1.#QNAN	0	0.015	0	6.52621e-008	4063.02	5688.81	5553.13
5677.05	3673.52	237	1.#QNAN	0	0.032	0	6.68743e-008	4039.96	5677.05	5542.15
5665.38	3665.36	238	1.#QNAN	0	0.015	0	7.02285e-008	4083.34	5665.38	5531.27
5653.78	3657.21	239	1.#QNAN	0	0.016	0	6.77591e-008	4030.46	5653.78	5520.45
5642.54	3649.31	240	1.#QNAN	0	0.015	0	6.90151e-008	4055.44	5642.54	5509.96
5631.17	3641.29	241	1.#QNAN	0	0.016	0	6.85459e-008	4026.21	5631.17	5499.34
5619.79	3633.23	242	1.#QNAN	0	0.016	0	7.1013e-008	4052.39	5619.79	5488.71
5608.3	3625.17	243	1.#QNAN	0	0.031	0	6.658e-008	4023.68	5608.3	5477.96
5596.8	3617.13	244	1.#QNAN	0	0.015	0	7.25122e-008	3973.78	5596.8	5467.2
5585.4	3609.14	245	1.#QNAN	0	0.016	0	7.02932e-008	4022.77	5585.4	5456.51
5574.42	3601.49	246	1.#QNAN	0	0.016	0	7.38326e-008	4039.65	5574.42	5446.25
5563.28	3593.77	247	1.#QNAN	0	0.015	0	7.31316e-008	4059.04	5563.28	5435.82
5552.3	3586.14	248	1.#QNAN	0	0.016	0	7.2881e-008	4016.41	5552.3	5425.55
5541.16	3578.37	249	1.#QNAN	0	0.015	0	7.46527e-008	3959.75	5541.16	5415.11
5530.25	3570.8	250	1.#QNAN	0	0.032	1	7.41409e-008	3943.76	5530.25	5404.89
5519.3	3563.16	251	1.#QNAN	0	0.015	0	7.64996e-008	3905.52	5519.3	5394.61
5508.37	3555.56	252	1.#QNAN	0	0.016	0	7.7055e-008	3926.08	5508.37	5384.36
5497.59	3548.03	253	1.#QNAN	0	0.015	0	7.55505e-008	3904.67	5497.59	5374.24
5486.95	3540.57	254	1.#QNAN	0	0.016	0	8.13353e-008	3923.57	5486.95	5364.26
5476.14	3533	255	1.#QNAN	0	0.016	0	7.88454e-008	3889.15	5476.14	5354.09
5465.39	3525.45	256	1.#QNAN	0	0.015	0	8.26009e-008	3869.6	5465.39	5343.97
5454.71	3517.95	257	1.#QNAN	0	0.031	0	7.74639e-008	3871.34	5454.71	5333.93
5443.97	3510.4	258	1.#QNAN	0	0.016	0	7.54603e-008	3825.58	5443.97	5323.8
5433.25	3502.83	259	1.#QNAN	0	0.016	0	7.97839e-008	3798.61	5433.25	5313.71
5422.69	3495.37	260	1.#QNAN	0	0.015	0	8.13091e-008	3833.5	5422.69	5303.77
5412.27	3487.99	261	1.#QNAN	0	0.016	0	7.66065e-008	3887.4	5412.27	5293.97
5401.85	3480.64	262	1.#QNAN	0	0.015	0	8.11875e-008	3877.49	5401.85	5284.18
5391.67	3473.39	263	1.#QNAN	0	0.016	0	8.27679e-008	3913.99	5391.67	5274.61
5381.58	3466.16	264	1.#QNAN	0	0.016	0	7.83785e-008	3919.26	5381.58	5265.13
5371.65	3459.07	265	1.#QNAN	0	0.031	0	8.25341e-008	3890.6	5371.65	5255.8
5361.66	3451.87	266	1.#QNAN	0	0.015	0	8.3149e-008	3866.26	5361.66	5246.41
5351.97	3444.85	267	1.#QNAN	0	0.016	0	8.7404e-008	3912.58	5351.97	5237.32
5342.28	3437.93	268	1.#QNAN	0	0.016	0	8.4852e-008	3868.31	5342.28	5228.21
5332.77	3431.11	269	1.#QNAN	0	0.015	0	8.29532e-008	3921.67	5332.77	5219.29
5323.16	3424.28	270	1.#QNAN	0	0.016	0	8.82257e-008	3866.42	5323.16	5210.25
5313.65	3417.46	271	1.#QNAN	0	0.031	0	8.92464e-008	3822.6	5313.65	5201.31
5304.14	3410.55	272	1.#QNAN	0	0.016	0	8.44933e-008	3860.56	5304.14	5192.37
5294.78	3403.8	273	1.#QNAN	0	0.015	0	8.78966e-008	3848.98	5294.78	5183.56
5285.27	3396.98	274	1.#QNAN	0	0.016	0	8.97084e-008	3825.7	5285.27	5174.62
5275.69	3390.1	275	1.#QNAN	0	0.015	0	8.5e-008	3815.88	5275.69	5165.6
5266.5	3383.44	276	1.#QNAN	0	0.016	0	8.86585e-008	3829.61	5266.5	5156.94
5257.03	3376.58	277	1.#QNAN	0	0.016	0	9.07119e-008	3818.87	5257.03	5148.03
5247.77	3369.9	278	1.#QNAN	0	0.031	0	9.01174e-008	3808.14	5247.77	5139.31
5238.74	3363.41	279	1.#QNAN	0	0.015	0	9.42904e-008	3804.41	5238.74	5130.8
5229.66	3356.91	280	1.#QNAN	0	0.016	0	9.16836e-008	3801.06	5229.66	5122.26
5220.7	3350.47	281	1.#QNAN	0	0.016	0	9.14521e-008	3783.68	5220.7	5113.83
5211.72	3343.98	282	1.#QNAN	0	0.015	0	9.41402e-008	3793.94	5211.72	5105.39
5202.79	3337.67	283	1.#QNAN	0	0.016	0	9.0467e-008	3767.11	5202.79	5096.99
5194.05	3331.36	284	1.#QNAN	0	0.015	0	9.3939e-008	3784.74	5194.05	5088.78
5185.42	3325.14	285	1.#QNAN	0	0.032	0	9.33029e-008	3824.57	5185.42	5080.69
5176.87	3319	286	1.#QNAN	0	0.015	0	9.34678e-008	3818.27	5176.87	5072.67
5168.27	3312.81	287	1.#QNAN	0	0.016	0	9.23315e-008	3785.68	5168.27	5064.59
5159.84	3306.69	288	1.#QNAN	0	0.015	0	9.46179e-008	3798.79	5159.84	5056.67
5151.45	3300.57	289	1.#QNAN	0	0.016	0	9.55369e-008	3784.5	5151.45	5048.79
5143.13	3294.45	290	1.#QNAN	0	0.016	0	9.33311e-008	3830.43	5143.13	5040.99
5134.63	3288.27	291	1.#QNAN	0	0.015	0	9.60893e-008	3778.99	5134.63	5033.01
5126.29	3282.12	292	1.#QNAN	0	0.031	0	9.51499e-008	3846.5	5126.29	5025.18
5118.01	3276.07	293	1.#QNAN	0	0.016	0	9.6047e-008	3781.03	5118.01	5017.4
5109.76	3270.05	294	1.#QNAN	0	0.016	0	9.74292e-008	3762.85	5109.76	5009.64
5101.42	3263.92	295	1.#QNAN	0	0.015	0	9.80105e-008	3739.79	5101.42	5001.8
5093.24	3257.9	296	1.#QNAN	0	0.016	0	9.93748e-008	3741.79	5093.24	4994.11
5085.16	3251.91	297	1.#QNAN	0	0.015	0	1.02648e-007	3830.2	5085.16	4986.52
5076.94	3245.81	298	1.#QNAN	0	0.016	0	9.73066e-008	3791.7	5076.94	4978.8
5068.82	3239.77	299	1.#QNAN	0	0.031	0	1.02305e-007	3766.43	5068.82	4971.16
5060.78	3233.7	300	1.#QNAN	0	0.016	0	1.04373e-007	3795.4	5060.78	4963.61
5052.87	3227.78	301	1.#QNAN	0	0.015	0	1.01552e-007	3732.11	5052.87	4956.17
5045.02	3222	302	1.#QNAN	0	0.016	0	1.01501e-007	3751.89	5045.02	4948.8
5037.05	3216.1	303	1.#QNAN	0	0.016	0	1.04838e-007	3704.27	5037.05	4941.29
5029.45	3210.53	304	1.#QNAN	0	0.015	0	1.0295e-007	3765.17	5029.45	4934.14
5021.67	3204.76	305	1.#QNAN	0	0.031	0	1.02218e-007	3750.74	5021.67	4926.83
5013.89	3199.02	306	1.#QNAN	0	0.016	1	1.03923e-007	3704.42	5013.89	4919.5
5006.21	3193.27	307	1.#QNAN	0	0.016	0	1.02233e-007	3704.79	5006.21	4912.28
4998.56	3187.65	308	1.#QNAN	0	0.015	0	1.03237e-007	3734.31	4998.56	4905.08
4990.89	3182.03	309	1.#QNAN	0	0.016	0	1.0393e-007	3734.5	4990.89	4897.86
4983.37	3176.45	310	1.#QNAN	0	0.015	0	1.03837e-007	3732.34	4983.37	4890.79
4976.02	3171	311	1.#QNAN	0	0.016	0	1.05825e-007	3744.42	4976.02	4883.89
4968.79	3165.65	312	1.#QNAN	0	0.031	0	1.08149e-007	3778.45	4968.79	4877.1
4961.48	3160.2	313	1.#QNAN	0	0.016	0	1.11994e-007	3745.65	4961.48	4870.22
4954.13	3154.79	314	1.#QNAN	0	0.015	0	1.09047e-007	3682.78	4954.13	4863.32
4946.76	3149.39	315	1.#QNAN	0	0.016	0	1.06628e-007	3697.55	4946.76	4856.38
4939.56	3144.03	316	1.#QNAN	0	0.016	0	1.09356e-007	3716.04	4939.56	4849.61
4932.17	3138.55	317	1.#QNAN	0	0.015	0	1.09222e-007	3689.86	4932.17	4842.65
4924.92	3133.14	318	1.#QNAN	0	0.016	0	1.08035e-007	3670.06	4924.92	4835.83
4917.66	3127.77	319	1.#QNAN	0	0.031	0	1.09376e-007	3636.33	4917.66	4828.99
4910.58	3122.52	320	1.#QNAN	0	0.016	0	1.07686e-007	3665.99	4910.58	4822.32
4903.42	3117.23	321	1.#QNAN	0	0.015	0	1.12015e-007	3651.09	4903.42	4815.58
4896.08	3111.79	322	1.#QNAN	0	0.016	0	1.14369e-007	3610.75	4896.08	4808.65
4888.95	3106.54	323	1.#QNAN	0	0.015	0	1.08934e-007	3647.92	4888.95	4801.92
4881.81	3101.34	324	1.#QNAN	0	0.016	0	1.14139e-007	3595.75	4881.81	4795.18
4874.78	3096.14	325	1.#QNAN	0	0.031	0	1.16862e-007	3609.22	4874.78	4788.55
4867.76	3090.95	326	1.#QNAN	0	0.016	0	1.14251e-007	3608.78	4867.76	4781.91
4860.74	3085.81	327	1.#QNAN	0	0.015	0	1.15228e-007	3600.34	4860.74	4775.29
4853.76	3080.62	328	1.#QNAN	0	0.016	0	1.12958e-007	3605.91	4853.76	4768.69
4846.76	3075.44	329	1.#QNAN	0	0.016	0	1.15751e-007	3586.6	4846.76	4762.09
4839.91	3070.41	330	1.#QNAN	0	0.015	0	1.12754e-007	3568.24	4839.91	4755.61
4832.96	3065.3	331	1.#QNAN	0	0.031	0	1.16997e-007	3572.05	4832.96	4749.05
4826.06	3060.24	332	1.#QNAN	0	0.016	0	1.14701e-007	3547.78	4826.06	4742.54
4819.39	3055.27	333	1.#QNAN	0	0.016	0	1.19924e-007	3620.4	4819.39	4736.25
4812.72	3050.33	334	1.#QNAN	0	0.015	0	1.18689e-007	3673.97	4812.72	4729.97
4806.13	3045.42	335	1.#QNAN	0	0.016	0	1.17423e-007	3651.02	4806.13	4723.76
4799.45	3040.5	336	1.#QNAN	0	0.015	0	1.17036e-007	3619	4799.45	4717.46
4792.94	3035.66	337	1.#QNAN	0	0.016	0	1.1764e-007	3644.29	4792.94	4711.31
4786.5	3030.87	338	1.#QNAN	0	0.031	0	1.23485e-007	3637.76	4786.5	4705.24
4780.08	3026.13	339	1.#QNAN	0	0.016	0	1.21952e-007	3627.6	4780.08	4699.19
4773.58	3021.28	340	1.#QNAN	0	0.015	0	1.23092e-007	3620.33	4773.58	4693.05
4767.08	3016.48	341	1.#QNAN	0	0.016	0	1.19092e-007	3617.9	4767.08	4686.92
4760.7	3011.74	342	1.#QNAN	0	0.016	0	1.21448e-007	3614.25	4760.7	4680.9
4754.35	3006.98	343	1.#QNAN	0	0.015	0	1.21095e-007	3563.05	4754.35	4674.9
4748.09	3002.23	344	1.#QNAN	0	0.016	0	1.21421e-007	3569.04	4748.09	4668.99
4741.93	2997.6	345	1.#QNAN	0	0.031	0	1.22644e-007	3611.25	4741.93	4663.18
4735.72	2992.99	346	1.#QNAN	0	0.016	0	1.2484e-007	3593.99	4735.72	4657.32
4729.58	2988.48	347	1.#QNAN	0	0.015	0	1.23446e-007	3561.47	4729.58	4651.53
4723.48	2983.93	348	1.#QNAN	0	0.016	0	1.23813e-007	3585.39	4723.48	4645.78
4717.32	2979.44	349	1.#QNAN	0	0.015	0	1.28914e-007	3512.81	4717.32	4639.96
4711.08	2974.83	350	1.#QNAN	0	0.032	0	1.25967e-007	3482.75	4711.08	4634.07
4704.97	2970.3	351	1.#QNAN	0	0.015	0	1.20342e-007	3527.09	4704.97	4628.28
4698.73	2965.7	352	1.#QNAN	0	0.016	0	1.33634e-007	3482.42	4698.73	4622.37
4692.59	2961.18	353	1.#QNAN	0	0.015	0	1.28678e-007	3475.42	4692.59	4616.56
4686.5	2956.66	354	1.#QNAN	0	0.016	0	1.28242e-007	3516.17	4686.5	4610.8
4680.42	2952.14	355	1.#QNAN	0	0.016	0	1.29986e-007	3505.58	4680.42	4605.03
4674.42	2947.67	356	1.#QNAN	0	0.015	0	1.26197e-007	3517.64	4674.42	4599.37
4668.53	2943.3	357	1.#QNAN	0	0.031	0	1.33915e-007	3538.31	4668.53	4593.8
4662.68	2938.96	358	1.#QNAN	0	0.016	0	1.34991e-007	3530.2	4662.68	4588.26
4656.8	2934.58	359	1.#QNAN	0	0.016	0	1.25329e-007	3492.56	4656.8	4582.71
4650.99	2930.24	360	1.#QNAN	0	0.015	0	1.30054e-007	3511.08	4650.99	4577.22
4645.3	2925.99	361	1.#QNAN	0	0.016	0	1.33358e-007	3505.42	4645.3	4571.83
4639.57	2921.75	362	1.#QNAN	0	0.015	0	1.38311e-007	3519.83	4639.57	4566.41
4633.86	2917.6	363	1.#QNAN	0	0.016	1	1.32351e-007	3498.22	4633.86	4561.01
4628	2913.3	364	1.#QNAN	0	0.031	0	1.31159e-007	3486.56	4628	4555.46
4622.27	2909.11	365	1.#QNAN	0	0.016	0	1.36942e-007	3499.99	4622.27	4550.03
4616.69	2905.01	366	1.#QNAN	0	0.015	0	1.37756e-007	3552.98	4616.69	4544.75
4611.12	2900.94	367	1.#QNAN	0	0.016	0	1.34252e-007	3533.75	4611.12	4539.47
4605.62	2896.91	368	1.#QNAN	0	0.016	0	1.34652e-007	3556.23	4605.62	4534.26
4600.06	2892.83	369	1.#QNAN	0	0.015	0	1.40759e-007	3527.96	4600.06	4528.99
4594.45	2888.7	370	1.#QNAN	0	0.016	0	1.35307e-007	3545.17	4594.45	4523.66
4588.86	2884.66	371	1.#QNAN	0	0.031	0	1.38715e-007	3511.51	4588.86	4518.37
4583.4	2880.7	372	1.#QNAN	0	0.016	0	1.37907e-007	3505.66	4583.4	4513.19
4577.97	2876.81	373	1.#QNAN	0	0.015	0	1.4073e-007	3567.19	4577.97	4508.07
4572.66	2872.99	374	1.#QNAN	0	0.016	0	1.41764e-007	3561.95	4572.66	4503.05
4567.22	2869.1	375	1.#QNAN	0	0.015	0	1.39409e-007	3551.75	4567.22	4497.9
4561.87	2865.27	376	1.#QNAN	0	0.016	0	1.44875e-007	3562.74	4561.87	4492.84
4556.44	2861.41	377	1.#QNAN	0	0.016	0	1.48366e-007	3539.92	4556.44	4487.69
4551.07	2857.6	378	1.#QNAN	0	0.031	0	1.40946e-007	3530.83	4551.07	4482.6
4545.72	2853.86	379	1.#QNAN	0	0.015	0	1.40541e-007	3517.22	4545.72	4477.53
4540.39	2850.11	380	1.#QNAN	0	0.016	0	1.41165e-007	3513.59	4540.39	4472.48
4535.08	2846.38	381	1.#QNAN	0	0.016	0	1.45629e-007	3532.25	4535.08	4467.45
4529.77	2842.62	382	1.#QNAN	0	0.015	0	1.47315e-007	3487.04	4529.77	4462.4
4524.44	2838.84	383	1.#QNAN	0	0.016	0	1.4574e-007	3493.18	4524.44	4457.34
4519.22	2835.19	384	1.#QNAN	0	0.015	0	1.42474e-007	3506.87	4519.22	4452.39
4513.9	2831.46	385	1.#QNAN	0	0.032	0	1.48351e-007	3489.61	4513.9	4447.34
4508.75	2827.86	386	1.#QNAN	0	0.015	0	1.45581e-007	3510.39	4508.75	4442.46
4503.59	2824.24	387	1.#QNAN	0	0.016	0	1.42997e-007	3513.88	4503.59	4437.56
4498.36	2820.58	388	1.#QNAN	0	0.015	0	1.49689e-007	3481.18	4498.36	4432.6
4493.16	2816.94	389	1.#QNAN	0	0.016	0	1.47748e-007	3484.94	4493.16	4427.66
4487.98	2813.35	390	1.#QNAN	0	0.016	0	1.48908e-007	3496.07	4487.98	4422.73
4482.69	2809.68	391	1.#QNAN	0	0.015	0	1.50117e-007	3472.44	4482.69	4417.69
4477.49	2806.1	392	1.#QNAN	0	0.016	0	1.50663e-007	3475.47	4477.49	4412.74
4472.37	2802.55	393	1.#QNAN	0	0.031	0	1.50825e-007	3491.41	4472.37	4407.87
4467.33	2799.08	394	1.#QNAN	0	0.016	0	1.47968e-007	3531.12	4467.33	4403.08
4462.15	2795.45	395	1.#QNAN	0	0.015	0	1.49668e-007	3515.38	4462.15	4398.16
4457.03	2791.82	396	1.#QNAN	0	0.016	0	1.46056e-007	3522.16	4457.03	4393.28
4451.94	2788.23	397	1.#QNAN	0	0.015	0	1.55524e-007	3507.07	4451.94	4388.45
4446.76	2784.51	398	1.#QNAN	0	0.016	0	1.53849e-007	3495.75	4446.76	4383.52
4441.64	2780.91	399	1.#QNAN	0	0.031	0	1.48281e-007	3489.45	4441.64	4378.64
4436.55	2777.24	400	1.#QNAN	0	0.016	0	1.55934e-007	3481.47	4436.55	4373.79
4431.42	2773.66	401	1.#QNAN	0	0.015	0	1.55138e-007	3470.95	4431.42	4368.9
4426.41	2770.16	402	1.#QNAN	0	0.016	0	1.54309e-007	3462.05	4426.41	4364.13
4421.47	2766.73	403	1.#QNAN	0	0.016	0	1.52389e-007	3492.48	4421.47	4359.42
4416.5	2763.29	404	1.#QNAN	0	0.015	0	1.54364e-007	3467.95	4416.5	4354.69
4411.58	2759.86	405	1.#QNAN	0	0.016	0	1.55965e-007	3467.46	4411.58	4349.99
4406.63	2756.37	406	1.#QNAN	0	0.031	0	1.58753e-007	3444.69	4406.63	4345.27
4401.76	2752.93	407	1.#QNAN	0	0.016	0	1.53742e-007	3474.63	4401.76	4340.63
4396.86	2749.48	408	1.#QNAN	0	0.015	0	1.62926e-007	3478.67	4396.86	4335.94
4391.97	2745.99	409	1.#QNAN	0	0.016	0	1.5534e-007	3544.6	4391.97	4331.27
4387.05	2742.52	410	1.#QNAN	0	0.015	0	1.57222e-007	3479.85	4387.05	4326.57
4382.14	2739.03	411	1.#QNAN	0	0.016	0	1.62076e-007	3509.83	4382.14	4321.87
4377.23	2735.52	412	1.#QNAN	0	0.016	0	1.63494e-007	3626.32	4377.23	4317.19
4372.34	2732.01	413	1.#QNAN	0	0.031	0	1.5883e-007	3619.46	4372.34	4312.52
4367.51	2728.57	414	1.#QNAN	0	0.015	0	1.5056e-007	3621.05	4367.51	4307.91
4362.79	2725.22	415	1.#QNAN	0	0.016	0	1.59303e-007	3622.48	4362.79	4303.4
4358.06	2721.86	416	1.#QNAN	0	0.016	0	1.60887e-007	3567.24	4358.06	4298.89
4353.35	2718.47	417	1.#QNAN	0	0.015	0	1.51178e-007	3538.39	4353.35	4294.39
4348.72	2715.14	418	1.#QNAN	0	0.016	0	1.60966e-007	3566.59	4348.72	4289.97
4344.04	2711.83	419	1.#QNAN	0	0.015	1	1.56879e-007	3557.69	4344.04	4285.51
4339.27	2708.44	420	1.#QNAN	0	0.032	0	1.60973e-007	3492.18	4339.27	4280.95
4334.55	2705.08	421	1.#QNAN	0	0.015	0	1.60911e-007	3500.99	4334.55	4276.43
4329.83	2701.73	422	1.#QNAN	0	0.016	0	1.6336e-007	3580.8	4329.83	4271.92
4325.21	2698.46	423	1.#QNAN	0	0.015	0	1.67379e-007	3542.23	4325.21	4267.5
4320.61	2695.25	424	1.#QNAN	0	0.016	0	1.61308e-007	3495.73	4320.61	4263.12
4316.07	2692.06	425	1.#QNAN	0	0.031	0	1.5638e-007	3437.78	4316.07	4258.77
4311.67	2688.98	426	1.#QNAN	0	0.016	0	1.5558e-007	3420.4	4311.67	4254.58
4307.2	2685.85	427	1.#QNAN	0	0.015	0	1.5799e-007	3415.53	4307.2	4250.31
4302.61	2682.63	428	1.#QNAN	0	0.016	0	1.6247e-007	3367.74	4302.61	4245.92
4298.17	2679.5	429	1.#QNAN	0	0.016	0	1.63455e-007	3353.66	4298.17	4241.69
4293.78	2676.42	430	1.#QNAN	0	0.015	0	1.61512e-007	3388.14	4293.78	4237.49
4289.37	2673.37	431	1.#QNAN	0	0.016	0	1.63897e-007	3396.1	4289.37	4233.29
4285	2670.38	432	1.#QNAN	0	0.031	0	1.56951e-007	3425.79	4285	4229.11
4280.58	2667.33	433	1.#QNAN	0	0.016	0	1.60848e-007	3388.54	4280.58	4224.9
4276.24	2664.31	434	1.#QNAN	0	0.015	0	1.66482e-007	3449.33	4276.24	4220.75
4271.82	2661.21	435	1.#QNAN	0	0.016	0	1.67485e-007	3454.13	4271.82	4216.52
4267.52	2658.26	436	1.#QNAN	0	0.015	0	1.68177e-007	3437.71	4267.52	4212.41
4263.15	2655.23	437	1.#QNAN	0	0.016	0	1.69132e-007	3402.77	4263.15	4208.24
4258.79	2652.19	438	1.#QNAN	0	0.016	0	1.65417e-007	3389.87	4258.79	4204.06
4254.46	2649.21	439	1.#QNAN	0	0.031	0	1.67394e-007	3360.56	4254.46	4199.92
4250.14	2646.25	440	1.#QNAN	0	0.015	0	1.62083e-007	3314.76	4250.14	4195.78
4245.78	2643.26	441	1.#QNAN	0	0.016	0	1.69156e-007	3432.4	4245.78	4191.61
4241.61	2640.4	442	1.#QNAN	0	0.016	0	1.66836e-007	3368.72	4241.61	4187.62
4237.3	2637.44	443	1.#QNAN	0	0.015	0	1.74786e-007	3420.09	4237.3	4183.5
4233.02	2634.49	444	1.#QNAN	0	0.016	0	1.70001e-007	3457.76	4233.02	4179.39
4228.72	2631.48	445	1.#QNAN	0	0.015	0	1.70886e-007	3482.62	4228.72	4175.28
4224.45	2628.49	446	1.#QNAN	0	0.016	0	1.70275e-007	3507.72	4224.45	4171.19
4220.16	2625.55	447	1.#QNAN	0	0.031	0	1.74231e-007	3474.16	4220.16	4167.08
4216.02	2622.7	448	1.#QNAN	0	0.016	0	1.68946e-007	3519.81	4216.02	4163.11
4211.84	2619.79	449	1.#QNAN	0	0.015	0	1.78657e-007	3505.51	4211.84	4159.11
4207.71	2616.93	450	1.#QNAN	0	0.016	0	1.71878e-007	3531.28	4207.71	4155.15
4203.62	2614.03	451	1.#QNAN	0	0.016	0	1.76787e-007	3517.27	4203.62	4151.23
4199.46	2611.09	452	1.#QNAN	0	0.015	0	1.7496e-007	3487.94	4199.46	4147.24
4195.32	2608.19	453	1.#QNAN	0	0.016	0	1.68949e-007	3409.56	4195.32	4143.27
4191.25	2605.39	454	1.#QNAN	0	0.015	0	1.6796e-007	3433.77	4191.25	4139.38
4187.24	2602.6	455	1.#QNAN	0	0.032	0	1.76812e-007	3432.45	4187.24	4135.54
4183.31	2599.85	456	1.#QNAN	0	0.015	0	1.7271e-007	3475.35	4183.31	4131.78
4179.3	2597.04	457	1.#QNAN	0	0.016	0	1.77791e-007	3410.4	4179.3	4127.93
4175.4	2594.36	458	1.#QNAN	0	0.015	0	1.7726e-007	3444.66	4175.4	4124.2
4171.55	2591.66	459	1.#QNAN	0	0.016	0	1.8341e-007	3416.19	4171.55	4120.51
4167.69	2589.01	460	1.#QNAN	0	0.016	0	1.76966e-007	3405.74	4167.69	4116.82
4163.94	2586.37	461	1.#QNAN	0	0.015	0	1.72533e-007	3428.45	4163.94	4113.23
4160.19	2583.75	462	1.#QNAN	0	0.031	0	1.87398e-007	3406.87	4160.19	4109.65
4156.45	2581.12	463	1.#QNAN	0	0.016	0	1.76947e-007	3430.27	4156.45	4106.07
4152.6	2578.46	464	1.#QNAN	0	0.016	0	1.77597e-007	3396.51	4152.6	4102.38
4148.74	2575.77	465	1.#QNAN	0	0.015	0	1.76058e-007	3405.53	4148.74	4098.69
4144.95	2573.1	466	1.#QNAN	0	0.016	0	1.78817e-007	3394.65	4144.95	4095.05
4141.22	2570.5	467	1.#QNAN	0	0.015	0	1.75542e-007	3432.75	4141.22	4091.49
4137.46	2567.86	468	1.#QNAN	0	0.016	0	1.82839e-007	3442.01	4137.46	4087.89
4133.75	2565.22	469	1.#QNAN	0	0.031	0	1.7612e-007	3487.77	4133.75	4084.35
4130	2562.54	470	1.#QNAN	0	0.016	0	1.78185e-007	3479.53	4130	4080.76
4126.27	2559.88	471	1.#QNAN	0	0.015	0	1.88279e-007	3496.82	4126.27	4077.19
4122.61	2557.26	472	1.#QNAN	0	0.016	0	1.87525e-007	3520.68	4122.61	4073.69
4118.97	2554.62	473	1.#QNAN	0	0.016	0	1.7789e-007	3503.68	4118.97	4070.21
4115.35	2552.04	474	1.#QNAN	0	0.015	0	1.73922e-007	3529.43	4115.35	4066.76
4111.8	2549.49	475	1.#QNAN	0	0.016	1	1.75349e-007	3540.44	4111.8	4063.37
4108.19	2546.86	476	1.#QNAN	0	0.031	0	1.80576e-007	3505.02	4108.19	4059.91
4104.55	2544.28	477	1.#QNAN	0	0.016	0	1.80363e-007	3477.35	4104.55	4056.44
4101.02	2541.75	478	1.#QNAN	0	0.015	0	1.782e-007	3525.69	4101.02	4053.07
4097.37	2539.22	479	1.#QNAN	0	0.016	0	1.8514e-007	3479.71	4097.37	4049.58
4093.83	2536.77	480	1.#QNAN	0	0.015	0	1.83008e-007	3510.04	4093.83	4046.2
4090.3	2534.32	481	1.#QNAN	0	0.016	0	1.92493e-007	3542.87	4090.3	4042.82
4086.75	2531.88	482	1.#QNAN	0	0.016	0	1.87808e-007	3562.21	4086.75	4039.43
4083.2	2529.4	483	1.#QNAN	0	0.031	0	1.8942e-007	3575.11	4083.2	4036.04
4079.71	2526.93	484	1.#QNAN	0	0.015	0	1.8852e-007	3564.9	4079.71	4032.7
4076.21	2524.48	485	1.#QNAN	0	0.016	0	1.80593e-007	3567.18	4076.21	4029.36
4072.76	2522.05	486	1.#QNAN	0	0.016	0	1.86645e-007	3499.23	4072.76	4026.06
4069.37	2519.62	487	1.#QNAN	0	0.015	0	1.92514e-007	3530.23	4069.37	4022.81
4065.9	2517.18	488	1.#QNAN	0	0.016	0	1.86937e-007	3563.13	4065.9	4019.5
4062.51	2514.8	489	1.#QNAN	0	0.015	0	1.88242e-007	3536.5	4062.51	4016.26
4059.16	2512.43	490	1.#QNAN	0	0.032	0	1.87243e-007	3517.71	4059.16	4013.05
4055.79	2510.05	491	1.#QNAN	0	0.015	0	1.92849e-007	3525.63	4055.79	4009.83
4052.39	2507.65	492	1.#QNAN	0	0.016	0	1.90283e-007	3504.69	4052.39	4006.58
4049.15	2505.34	493	1.#QNAN	0	0.015	0	2.009e-007	3550.48	4049.15	4003.47
4045.74	2502.9	494	1.#QNAN	0	0.016	0	1.9924e-007	3494.44	4045.74	4000.21
4042.37	2500.46	495	1.#QNAN	0	0.016	0	2.05349e-007	3534.09	4042.37	3996.97
4039.02	2498.05	496	1.#QNAN	0	0.015	0	2.00702e-007	3470.06	4039.02	3993.77
4035.68	2495.63	497	1.#QNAN	0	0.016	0	2.04439e-007	3519.76	4035.68	3990.58
4032.36	2493.21	498	1.#QNAN	0	0.031	0	2.05099e-007	3521.87	4032.36	3987.39
4028.99	2490.76	499	1.#QNAN	0	0.016	0	2.11469e-007	3500.68	4028.99	3984.17
4025.69	2488.34	500	1.#QNAN	0	0.015	0	2.13806e-007	3545.15	4025.69	3981.01
4022.36	2485.92	501	1.#QNAN	0	0.016	0	2.0823e-007	3446.07	4022.36	3977.82
4019.05	2483.5	502	1.#QNAN	0	0.015	0	2.1121e-007	3451.2	4019.05	3974.64
4015.79	2481.11	503	1.#QNAN	0	0.016	0	2.14115e-007	3499.8	4015.79	3971.53
4012.5	2478.67	504	1.#QNAN	0	0.031	0	2.09858e-007	3398.63	4012.5	3968.37
4009.24	2476.27	505	1.#QNAN	0	0.016	0	2.13616e-007	3457.89	4009.24	3965.25
4006	2473.87	506	1.#QNAN	0	0.015	0	2.15403e-007	3513.69	4006	3962.15
4002.73	2471.45	507	1.#QNAN	0	0.016	0	2.26797e-007	3448.07	4002.73	3959.02
3999.43	2468.98	508	1.#QNAN	0	0.016	0	2.16268e-007	3457.27	3999.43	3955.85
3996.19	2466.56	509	1.#QNAN	0	0.015	0	2.20592e-007	3351.28	3996.19	3952.74
3992.85	2464.08	510	1.#QNAN	0	0.016	0	2.25159e-007	3309.18	3992.85	3949.54
3989.61	2461.69	511	1.#QNAN	0	0.031	0	2.20817e-007	3346.94	3989.61	3946.44
3986.38	2459.26	512	1.#QNAN	0	0.016	0	2.19288e-007	3411.41	3986.38	3943.34
3983.13	2456.8	513	1.#QNAN	0	0.015	0	2.32634e-007	3359.7	3983.13	3940.23
3979.94	2454.38	514	1.#QNAN	0	0.016	0	2.26375e-007	3426.44	3979.94	3937.17
3976.78	2452	515	1.#QNAN	0	0.015	0	2.27972e-007	3468.91	3976.78	3934.15
3973.66	2449.65	516	1.#QNAN	0	0.016	0	2.26448e-007	3528.71	3973.66	3931.16
3970.49	2447.24	517	1.#QNAN	0	0.016	0	2.35346e-007	3471.72	3970.49	3928.12
3967.38	2444.84	518	1.#QNAN	0	0.015	0	2.28969e-007	3397.06	3967.38	3925.14
3964.29	2442.48	519	1.#QNAN	0	0.031	0	2.31617e-007	3417.83	3964.29	3922.18
3961.14	2440.07	520	1.#QNAN	0	0.016	0	2.27798e-007	3383.67	3961.14	3919.16
3958.03	2437.72	521	1.#QNAN	0	0.016	0	2.2998e-007	3407.57	3958.03	3916.18
3954.83	2435.26	522	1.#QNAN	0	0.015	0	2.32247e-007	3386.65	3954.83	3913.12
3951.72	2432.89	523	1.#QNAN	0	0.016	0	2.38148e-007	3413.93	3951.72	3910.13
3948.55	2430.46	524	1.#QNAN	0	0.015	0	2.3566e-007	3365.49	3948.55	3907.08
3945.44	2428.07	525	1.#QNAN	0	0.016	0	2.41077e-007	3384.74	3945.44	3904.1
3942.33	2425.7	526	1.#QNAN	0	0.031	0	2.34832e-007	3417.32	3942.33	3901.11
3939.33	2423.44	527	1.#QNAN	0	0.016	0	2.36611e-007	3380.84	3939.33	3898.24
3936.3	2421.14	528	1.#QNAN	0	0.015	0	2.31826e-007	3305.92	3936.3	3895.34
3933.28	2418.82	529	1.#QNAN	0	0.016	0	2.39254e-007	3305.62	3933.28	3892.43
3930.16	2416.44	530	1.#QNAN	0	0.016	0	2.50631e-007	3331.67	3930.16	3889.44
3927.11	2414.11	531	1.#QNAN	0	0.015	1	2.38554e-007	3297.67	3927.11	3886.5
3924.07	2411.76	532	1.#QNAN	0	0.016	0	2.40944e-007	3298.15	3924.07	3883.58
3920.98	2409.42	533	1.#QNAN	0	0.031	0	2.4654e-007	3292.4	3920.98	3880.61
3917.89	2407.08	534	1.#QNAN	0	0.016	0	2.30365e-007	3343.32	3917.89	3877.64
3914.91	2404.79	535	1.#QNAN	0	0.015	0	2.42418e-007	3316.92	3914.91	3874.78
3911.92	2402.48	536	1.#QNAN	0	0.016	0	2.38807e-007	3314.39	3911.92	3871.9
3908.89	2400.13	537	1.#QNAN	0	0.015	0	2.40403e-007	3322.75	3908.89	3868.99
3905.93	2397.84	538	1.#QNAN	0	0.016	0	2.50792e-007	3396.35	3905.93	3866.15
3902.97	2395.55	539	1.#QNAN	0	0.031	0	2.49348e-007	3364.62	3902.97	3863.31
3899.99	2393.26	540	1.#QNAN	0	0.016	0	2.44542e-007	3350.33	3899.99	3860.44
3897.03	2391	541	1.#QNAN	0	0.015	0	2.46892e-007	3291.28	3897.03	3857.6
3894.12	2388.74	542	1.#QNAN	0	0.016	0	2.4586e-007	3318.34	3894.12	3854.81
3891.22	2386.5	543	1.#QNAN	0	0.016	0	2.48631e-007	3292.7	3891.22	3852.03
3888.27	2384.22	544	1.#QNAN	0	0.015	0	2.42368e-007	3240.8	3888.27	3849.19
3885.34	2381.98	545	1.#QNAN	0	0.016	0	2.47603e-007	3263.26	3885.34	3846.38
3882.4	2379.73	546	1.#QNAN	0	0.031	0	2.54583e-007	3218.36	3882.4	3843.55
3879.5	2377.51	547	1.#QNAN	0	0.016	0	2.44514e-007	3222.11	3879.5	3840.76
3876.68	2375.38	548	1.#QNAN	0	0.015	0	2.4792e-007	3222.75	3876.68	3838.06
3873.89	2373.28	549	1.#QNAN	0	0.016	0	2.5269e-007	3194	3873.89	3835.38
3871.13	2371.2	550	1.#QNAN	0	0.015	0	2.52541e-007	3213.64	3871.13	3832.72
3868.34	2369.08	551	1.#QNAN	0	0.016	0	2.54091e-007	3243.06	3868.34	3830.05
3865.51	2366.93	552	1.#QNAN	0	0.016	0	2.40139e-007	3226.68	3865.51	3827.32
3862.63	2364.76	553	1.#QNAN	0	0.031	0	2.56224e-007	3225.01	3862.63	3824.55
3859.77	2362.57	554	1.#QNAN	0	0.015	0	2.53696e-007	3248.66	3859.77	3821.81
3856.95	2360.42	555	1.#QNAN	0	0.016	0	2.47884e-007	3249.1	3856.95	3819.1
3854.15	2358.26	556	1.#QNAN	0	0.016	0	2.47481e-007	3249.4	3854.15	3816.4
3851.31	2356.1	557	1.#QNAN	0	0.015	0	2.51635e-007	3220.22	3851.31	3813.67
3848.53	2353.99	558	1.#QNAN	0	0.016	0	2.57542e-007	3232.27	3848.53	3810.99
3845.76	2351.85	559	1.#QNAN	0	0.015	0	2.56669e-007	3212.64	3845.76	3808.33
3843.03	2349.7	560	1.#QNAN	0	0.032	0	2.45023e-007	3251.82	3843.03	3805.71
3840.37	2347.61	561	1.#QNAN	0	0.015	0	2.56698e-007	3293.53	3840.37	3803.15
3837.67	2345.5	562	1.#QNAN	0	0.016	0	2.54213e-007	3306.54	3837.67	3800.56
3835.01	2343.45	563	1.#QNAN	0	0.015	0	2.51553e-007	3308.56	3835.01	3798
3832.34	2341.36	564	1.#QNAN	0	0.016	0	2.53776e-007	3307.82	3832.34	3795.43
3829.71	2339.29	565	1.#QNAN	0	0.016	0	2.51333e-007	3280.19	3829.71	3792.91
3827.06	2337.21	566	1.#QNAN	0	0.015	0	2.58263e-007	3277.75	3827.06	3790.37
3824.41	2335.13	567	1.#QNAN	0	0.031	0	2.61616e-007	3335.76	3824.41	3787.83
3821.77	2333.01	568	1.#QNAN	0	0.016	0	2.51174e-007	3356.78	3821.77	3785.29
3819.12	2330.9	569	1.#QNAN	0	0.016	0	2.51093e-007	3289.09	3819.12	3782.74
3816.4	2328.77	570	1.#QNAN	0	0.015	0	2.65632e-007	3292.13	3816.4	3780.13
3813.71	2326.65	571	1.#QNAN	0	0.016	0	2.62622e-007	3291.19	3813.71	3777.54
3811.05	2324.56	572	1.#QNAN	0	0.015	0	2.58725e-007	3311	3811.05	3774.98
3808.36	2322.43	573	1.#QNAN	0	0.016	0	2.53986e-007	3278.77	3808.36	3772.38
3805.69	2320.35	574	1.#QNAN	0	0.031	0	2.60118e-007	3276.79	3805.69	3769.82
3803.04	2318.3	575	1.#QNAN	0	0.016	0	2.62361e-007	3272.05	3803.04	3767.26
3800.45	2316.27	576	1.#QNAN	0	0.015	0	2.51605e-007	3243.64	3800.45	3764.78
3797.89	2314.27	577	1.#QNAN	0	0.016	0	2.63734e-007	3228.98	3797.89	3762.31
3795.3	2312.24	578	1.#QNAN	0	0.016	0	2.60214e-007	3251.95	3795.3	3759.83
3792.7	2310.18	579	1.#QNAN	0	0.015	0	2.57226e-007	3252.89	3792.7	3757.32
3790.09	2308.12	580	1.#QNAN	0	0.016	0	2.65792e-007	3234.52	3790.09	3754.82
3787.52	2306.11	581	1.#QNAN	0	0.015	0	2.58605e-007	3260.02	3787.52	3752.35
3784.94	2304.07	582	1.#QNAN	0	0.032	0	2.60622e-007	3269.43	3784.94	3749.86
3782.43	2302.09	583	1.#QNAN	0	0.015	0	2.62126e-007	3304.25	3782.43	3747.46
3779.93	2300.12	584	1.#QNAN	0	0.016	0	2.61431e-007	3284.06	3779.93	3745.05
3777.47	2298.17	585	1.#QNAN	0	0.015	0	2.62665e-007	3260.73	3777.47	3742.69
3774.96	2296.15	586	1.#QNAN	0	0.016	0	2.76143e-007	3241.94	3774.96	3740.28
3772.48	2294.18	587	1.#QNAN	0	0.016	1	2.6033e-007	3242.6	3772.48	3737.91
3769.95	2292.14	588	1.#QNAN	0	0.015	0	2.67483e-007	3206.2	3769.95	3735.47
3767.45	2290.12	589	1.#QNAN	0	0.032	0	2.69188e-007	3215.09	3767.45	3733.07
3764.96	2288.1	590	1.#QNAN	0	0.016	0	2.66702e-007	3228.35	3764.96	3730.68
3762.56	2286.17	591	1.#QNAN	0	0.016	0	2.69848e-007	3254.93	3762.56	3728.38
3760.12	2284.2	592	1.#QNAN	0	0.015	0	2.58206e-007	3247.46	3760.12	3726.04
3757.69	2282.19	593	1.#QNAN	0	0.016	0	2.75346e-007	3229.35	3757.69	3723.7
3755.22	2280.2	594	1.#QNAN	0	0.015	0	2.71011e-007	3220.51	3755.22	3721.33
3752.74	2278.23	595	1.#QNAN	0	0.016	0	2.69063e-007	3212.58	3752.74	3718.95
3750.31	2276.27	596	1.#QNAN	0	0.031	0	2.66342e-007	3241.28	3750.31	3716.61
3747.89	2274.32	597	1.#QNAN	0	0.016	0	2.71189e-007	3270.89	3747.89	3714.28
3745.52	2272.45	598	1.#QNAN	0	0.015	0	2.76297e-007	3253.72	3745.52	3712.01
3743.17	2270.6	599	1.#QNAN	0	0.016	0	2.66348e-007	3233.13	3743.17	3709.76
3740.79	2268.7	600	1.#QNAN	0	0.016	0	2.82688e-007	3211.65	3740.79	3707.47
3738.47	2266.83	601	1.#QNAN	0	0.015	0	2.6929e-007	3253.57	3738.47	3705.24
3736.15	2264.93	602	1.#QNAN	0	0.016	0	2.67544e-007	3270.73	3736.15	3703.02
3733.82	2263.01	603	1.#QNAN	0	0.031	0	2.76413e-007	3249.12	3733.82	3700.79
3731.5	2261.09	604	1.#QNAN	0	0.016	0	2.72248e-007	3233.91	3731.5	3698.56
3729.21	2259.21	605	1.#QNAN	0	0.015	0	2.76304e-007	3259.1	3729.21	3696.37
3726.94	2257.35	606	1.#QNAN	0	0.016	0	2.81875e-007	3268.28	3726.94	3694.19
3724.66	2255.47	607	1.#QNAN	0	0.015	0	2.74936e-007	3281.05	3724.66	3692
3722.35	2253.55	608	1.#QNAN	0	0.016	0	2.71125e-007	3294.25	3722.35	3689.78
3720.03	2251.61	609	1.#QNAN	0	0.016	0	2.7242e-007	3339.24	3720.03	3687.55
3717.75	2249.73	610	1.#QNAN	0	0.031	0	2.6629e-007	3340.94	3717.75	3685.37
3715.54	2247.9	611	1.#QNAN	0	0.015	0	2.75729e-007	3341.15	3715.54	3683.25
3713.29	2246.03	612	1.#QNAN	0	0.016	0	2.75719e-007	3326.45	3713.29	3681.08
3711.03	2244.17	613	1.#QNAN	0	0.016	0	2.72896e-007	3297.53	3711.03	3678.92
3708.8	2242.28	614	1.#QNAN	0	0.015	0	2.73774e-007	3364.57	3708.8	3676.78
3706.57	2240.43	615	1.#QNAN	0	0.016	0	2.72405e-007	3308.99	3706.57	3674.63
3704.33	2238.58	616	1.#QNAN	0	0.015	0	2.71849e-007	3278.05	3704.33	3672.47
3702.13	2236.75	617	1.#QNAN	0	0.032	0	2.80929e-007	3278.35	3702.13	3670.37
3699.96	2234.93	618	1.#QNAN	0	0.015	0	2.70274e-007	3292.91	3699.96	3668.27
3697.77	2233.11	619	1.#QNAN	0	0.016	0	2.73346e-007	3308.16	3697.77	3666.18
3695.63	2231.36	620	1.#QNAN	0	0.015	0	2.75932e-007	3293.14	3695.63	3664.12
3693.47	2229.58	621	1.#QNAN	0	0.016	0	2.87123e-007	3306.78	3693.47	3662.04
3691.34	2227.78	622	1.#QNAN	0	0.016	0	2.86096e-007	3339.49	3691.34	3660
3689.21	2225.97	623	1.#QNAN	0	0.015	0	2.82747e-007	3367.62	3689.21	3657.95
3687.11	2224.21	624	1.#QNAN	0	0.031	0	2.82278e-007	3355.69	3687.11	3655.94
3684.99	2222.39	625	1.#QNAN	0	0.016	0	2.8234e-007	3347.88	3684.99	3653.9
3682.88	2220.6	626	1.#QNAN	0	0.016	0	2.87069e-007	3295.19	3682.88	3651.88
3680.79	2218.83	627	1.#QNAN	0	0.015	0	2.82747e-007	3288.29	3680.79	3649.87
3678.68	2217.06	628	1.#QNAN	0	0.016	0	2.84195e-007	3276.64	3678.68	3647.85
3676.56	2215.26	629	1.#QNAN	0	0.015	0	2.80859e-007	3248.29	3676.56	3645.81
3674.43	2213.47	630	1.#QNAN	0	0.016	0	2.92533e-007	3288.38	3674.43	3643.76
3672.31	2211.66	631	1.#QNAN	0	0.031	0	2.7728e-007	3312.87	3672.31	3641.72
3670.22	2209.91	632	1.#QNAN	0	0.016	0	2.84751e-007	3334.99	3670.22	3639.72
3668.17	2208.19	633	1.#QNAN	0	0.015	0	2.82511e-007	3322.74	3668.17	3637.75
3666.11	2206.44	634	1.#QNAN	0	0.016	0	2.87809e-007	3349.16	3666.11	3635.77
3664.07	2204.7	635	1.#QNAN	0	0.016	0	2.90211e-007	3332.03	3664.07	3633.81
3662	2202.93	636	1.#QNAN	0	0.015	0	2.78946e-007	3296.01	3662	3631.82
3659.98	2201.17	637	1.#QNAN	0	0.016	0	2.8823e-007	3327.48	3659.98	3629.88
3658.02	2199.49	638	1.#QNAN	0	0.016	0	2.87579e-007	3298.07	3658.02	3628
3656.04	2197.85	639	1.#QNAN	0	0.016	0	2.8851e-007	3291.14	3656.04	3626.1
3654.06	2196.2	640	1.#QNAN	0	0.015	0	2.83745e-007	3345.17	3654.06	3624.21
3652.09	2194.56	641	1.#QNAN	0	0.016	0	2.8372e-007	3302.65	3652.09	3622.31
3650.14	2192.95	642	1.#QNAN	0	0.015	0	2.87731e-007	3310.04	3650.14	3620.44
3648.24	2191.35	643	1.#QNAN	0	0.032	1	2.86823e-007	3325.84	3648.24	3618.62
3646.39	2189.8	644	1.#QNAN	0	0.015	0	2.95999e-007	3349.75	3646.39	3616.85
3644.45	2188.2	645	1.#QNAN	0	0.016	0	2.82019e-007	3344.37	3644.45	3614.99
3642.51	2186.57	646	1.#QNAN	0	0.015	0	2.81944e-007	3336.46	3642.51	3613.13
3640.62	2184.98	647	1.#QNAN	0	0.016	0	2.85666e-007	3348.38	3640.62	3611.31
3638.75	2183.41	648	1.#QNAN	0	0.016	0	2.93959e-007	3350.63	3638.75	3609.52
3636.9	2181.85	649	1.#QNAN	0	0.015	0	2.88925e-007	3340.36	3636.9	3607.74
3635	2180.27	650	1.#QNAN	0	0.031	0	3.00075e-007	3322.46	3635	3605.93
3633.11	2178.69	651	1.#QNAN	0	0.016	0	2.99937e-007	3339.87	3633.11	3604.12
3631.23	2177.1	652	1.#QNAN	0	0.016	0	2.83496e-007	3337.27	3631.23	3602.31
3629.34	2175.55	653	1.#QNAN	0	0.015	0	2.93454e-007	3372.54	3629.34	3600.5
3627.42	2173.98	654	1.#QNAN	0	0.016	0	2.88712e-007	3354.56	3627.42	3598.66
3625.54	2172.41	655	1.#QNAN	0	0.015	0	2.87712e-007	3343.84	3625.54	3596.86
3623.65	2170.83	656	1.#QNAN	0	0.032	0	2.96047e-007	3342.89	3623.65	3595.04
3621.76	2169.26	657	1.#QNAN	0	0.015	0	2.87487e-007	3317.94	3621.76	3593.23
3619.96	2167.75	658	1.#QNAN	0	0.016	0	3.02737e-007	3394.29	3619.96	3591.5
3618.15	2166.25	659	1.#QNAN	0	0.015	0	2.81959e-007	3376.07	3618.15	3589.77
3616.38	2164.75	660	1.#QNAN	0	0.016	0	2.95585e-007	3374.8	3616.38	3588.08
3614.58	2163.24	661	1.#QNAN	0	0.016	0	2.90162e-007	3299.91	3614.58	3586.36
3612.79	2161.76	662	1.#QNAN	0	0.015	0	2.92334e-007	3306.11	3612.79	3584.64
3610.93	2160.22	663	1.#QNAN	0	0.015	0	2.88742e-007	3312.05	3610.93	3582.86
3609.14	2158.73	664	1.#QNAN	0	0.032	0	2.9938e-007	3310.37	3609.14	3581.14
3607.35	2157.22	665	1.#QNAN	0	0.015	0	2.92081e-007	3320.22	3607.35	3579.42
3605.59	2155.79	666	1.#QNAN	0	0.016	0	2.8867e-007	3324.45	3605.59	3577.74
3603.84	2154.35	667	1.#QNAN	0	0.015	0	2.91988e-007	3348.4	3603.84	3576.06
3602.04	2152.88	668	1.#QNAN	0	0.016	0	2.98727e-007	3365.83	3602.04	3574.34
3600.22	2151.38	669	1.#QNAN	0	0.016	0	3.05493e-007	3350.88	3600.22	3572.6
3598.45	2149.9	670	1.#QNAN	0	0.015	0	2.90202e-007	3427.21	3598.45	3570.9
3596.71	2148.47	671	1.#QNAN	0	0.016	0	3.01814e-007	3342.84	3596.71	3569.23
3594.97	2147.04	672	1.#QNAN	0	0.031	0	2.925e-007	3333.74	3594.97	3567.56
3593.26	2145.62	673	1.#QNAN	0	0.016	0	3.00958e-007	3376.75	3593.26	3565.92
3591.52	2144.17	674	1.#QNAN	0	0.015	0	3.02807e-007	3358.7	3591.52	3564.25
3589.74	2142.71	675	1.#QNAN	0	0.016	0	3.08862e-007	3382.46	3589.74	3562.55
3587.97	2141.27	676	1.#QNAN	0	0.015	0	2.98385e-007	3337.28	3587.97	3560.86
3586.21	2139.84	677	1.#QNAN	0	0.016	0	3.1389e-007	3390.47	3586.21	3559.16
3584.49	2138.44	678	1.#QNAN	0	0.016	0	2.95059e-007	3380.76	3584.49	3557.52
3582.77	2137.03	679	1.#QNAN	0	0.031	0	2.99766e-007	3318.76	3582.77	3555.87
3581.06	2135.62	680	1.#QNAN	0	0.015	0	3.00784e-007	3311.65	3581.06	3554.23
3579.33	2134.21	681	1.#QNAN	0	0.016	0	2.95183e-007	3340.29	3579.33	3552.56
3577.57	2132.79	682	1.#QNAN	0	0.016	0	2.98123e-007	3304.72	3577.57	3550.87
3575.89	2131.38	683	1.#QNAN	0	0.015	0	3.00636e-007	3333.76	3575.89	3549.26
3574.22	2130.02	684	1.#QNAN	0	0.016	0	2.91078e-007	3309.82	3574.22	3547.67
3572.59	2128.68	685	1.#QNAN	0	0.031	0	2.89172e-007	3304.46	3572.59	3546.1
3570.94	2127.31	686	1.#QNAN	0	0.016	0	3.00958e-007	3289.79	3570.94	3544.52
3569.28	2125.92	687	1.#QNAN	0	0.015	0	3.11306e-007	3283.67	3569.28	3542.93
3567.59	2124.53	688	1.#QNAN	0	0.016	0	2.97648e-007	3261.04	3567.59	3541.31
3565.92	2123.16	689	1.#QNAN	0	0.015	0	3.12811e-007	3310.19	3565.92	3539.71
3564.23	2121.74	690	1.#QNAN	0	0.016	0	2.94375e-007	3270.01	3564.23	3538.09
3562.59	2120.36	691	1.#QNAN	0	0.016	0	3.05225e-007	3317.81	3562.59	3536.52
3560.96	2119.03	692	1.#QNAN	0	0.031	0	2.97262e-007	3358.79	3560.96	3534.96
3559.38	2117.74	693	1.#QNAN	0	0.015	0	3.02579e-007	3365.35	3559.38	3533.44
3557.84	2116.48	694	1.#QNAN	0	0.016	0	3.07244e-007	3384.6	3557.84	3531.97
3556.28	2115.22	695	1.#QNAN	0	0.016	0	3.02818e-007	3328.39	3556.28	3530.48
3554.72	2113.96	696	1.#QNAN	0	0.015	0	3.13463e-007	3331.4	3554.72	3528.98
3553.15	2112.69	697	1.#QNAN	0	0.016	0	2.91388e-007	3358.89	3553.15	3527.48
3551.53	2111.34	698	1.#QNAN	0	0.015	1	2.99076e-007	3285.15	3551.53	3525.93
3549.96	2110.08	699	1.#QNAN	0	0.032	0	3.10443e-007	3319.95	3549.96	3524.42
3548.38	2108.82	700	1.#QNAN	0	0.015	0	2.96774e-007	3317.31	3548.38	3522.91
3546.81	2107.54	701	1.#QNAN	0	0.016	0	3.05096e-007	3287.98	3546.81	3521.41
3545.17	2106.22	702	1.#QNAN	0	0.015	0	3.01949e-007	3282.07	3545.17	3519.84
3543.53	2104.91	703	1.#QNAN	0	0.016	0	2.98323e-007	3248.02	3543.53	3518.26
3541.91	2103.62	704	1.#QNAN	0	0.016	0	2.91648e-007	3241.4	3541.91	3516.7
3540.32	2102.35	705	1.#QNAN	0	0.015	0	3.10935e-007	3301.26	3540.32	3515.19
3538.78	2101.1	706	1.#QNAN	0	0.031	0	3.11365e-007	3278.76	3538.78	3513.71
3537.24	2099.87	707	1.#QNAN	0	0.016	0	3.04116e-007	3295.22	3537.24	3512.23
3535.71	2098.62	708	1.#QNAN	0	0.016	0	3.18268e-007	3272.08	3535.71	3510.76
3534.18	2097.41	709	1.#QNAN	0	0.015	0	3.23481e-007	3294.81	3534.18	3509.3
3532.62	2096.17	710	1.#QNAN	0	0.016	0	3.06565e-007	3288.45	3532.62	3507.8
3531.07	2094.98	711	1.#QNAN	0	0.031	0	3.11083e-007	3281.16	3531.07	3506.31
3529.52	2093.74	712	1.#QNAN	0	0.016	0	3.13316e-007	3302.81	3529.52	3504.83
3527.94	2092.5	713	1.#QNAN	0	0.015	0	3.13355e-007	3264.95	3527.94	3503.3
3526.37	2091.26	714	1.#QNAN	0	0.016	0	3.19991e-007	3388.17	3526.37	3501.8
3524.84	2090.04	715	1.#QNAN	0	0.015	0	3.19357e-007	3411.02	3524.84	3500.34
3523.34	2088.82	716	1.#QNAN	0	0.016	0	3.17172e-007	3410.06	3523.34	3498.89
3521.82	2087.62	717	1.#QNAN	0	0.016	0	3.13099e-007	3330.86	3521.82	3497.44
3520.31	2086.37	718	1.#QNAN	0	0.031	0	3.11808e-007	3315.53	3520.31	3495.99
3518.79	2085.12	719	1.#QNAN	0	0.015	0	3.26342e-007	3352.46	3518.79	3494.53
3517.25	2083.86	720	1.#QNAN	0	0.016	0	3.14519e-007	3380.66	3517.25	3493.05
3515.7	2082.62	721	1.#QNAN	0	0.016	0	3.24244e-007	3432.61	3515.7	3491.57
3514.25	2081.43	722	1.#QNAN	0	0.015	0	3.25178e-007	3432.88	3514.25	3490.17
3512.8	2080.23	723	1.#QNAN	0	0.016	0	3.19752e-007	3436.1	3512.8	3488.78
3511.37	2079.05	724	1.#QNAN	0	0.015	0	3.16938e-007	3464.79	3511.37	3487.41
3509.94	2077.86	725	1.#QNAN	0	0.032	0	3.22393e-007	3489.88	3509.94	3486.05
3508.5	2076.68	726	1.#QNAN	0	0.015	0	3.08898e-007	3438.16	3508.5	3484.68
3507.07	2075.49	727	1.#QNAN	0	0.016	0	3.29872e-007	3440.71	3507.07	3483.31
3505.64	2074.3	728	1.#QNAN	0	0.015	0	3.12826e-007	3398.91	3505.64	3481.94
3504.23	2073.1	729	1.#QNAN	0	0.016	0	3.09994e-007	3432.56	3504.23	3480.59
3502.8	2071.9	730	1.#QNAN	0	0.016	0	3.15136e-007	3429.32	3502.8	3479.22
3501.39	2070.73	731	1.#QNAN	0	0.015	0	3.22056e-007	3445.37	3501.39	3477.87
3500.03	2069.57	732	1.#QNAN	0	0.016	0	3.1882e-007	3485.21	3500.03	3476.57
3498.61	2068.38	733	1.#QNAN	0	0.031	0	3.19053e-007	3460.39	3498.61	3475.22
3497.22	2067.19	734	1.#QNAN	0	0.016	0	3.24859e-007	3491.12	3497.22	3473.88
3495.91	2066.09	735	1.#QNAN	0	0.015	0	3.18633e-007	3488.95	3495.91	3472.63
3494.55	2064.99	736	1.#QNAN	0	0.016	0	3.25866e-007	3443.94	3494.55	3471.33
3493.17	2063.86	737	1.#QNAN	0	0.015	0	3.24979e-007	3465.85	3493.17	3470
3491.78	2062.73	738	1.#QNAN	0	0.016	0	3.21976e-007	3440.3	3491.78	3468.68
3490.43	2061.61	739	1.#QNAN	0	0.031	0	3.14132e-007	3447.62	3490.43	3467.38
3489.09	2060.5	740	1.#QNAN	0	0.016	0	3.18208e-007	3427.21	3489.09	3466.1
3487.73	2059.34	741	1.#QNAN	0	0.015	0	3.15353e-007	3432.49	3487.73	3464.8
3486.35	2058.2	742	1.#QNAN	0	0.016	0	3.26408e-007	3402.8	3486.35	3463.48
3485.02	2057.07	743	1.#QNAN	0	0.016	0	3.03707e-007	3426.01	3485.02	3462.2
3483.69	2055.95	744	1.#QNAN	0	0.015	0	3.14051e-007	3413.28	3483.69	3460.94
3482.34	2054.8	745	1.#QNAN	0	0.016	0	3.14082e-007	3403.73	3482.34	3459.64
3480.96	2053.65	746	1.#QNAN	0	0.031	0	3.25858e-007	3378.49	3480.96	3458.31
3479.67	2052.56	747	1.#QNAN	0	0.016	0	3.21077e-007	3400.83	3479.67	3457.08
3478.35	2051.44	748	1.#QNAN	0	0.015	0	3.31865e-007	3445.79	3478.35	3455.82
3477.05	2050.37	749	1.#QNAN	0	0.016	0	3.26201e-007	3403.53	3477.05	3454.58
3475.81	2049.33	750	1.#QNAN	0	0.015	0	3.27222e-007	3430.09	3475.81	3453.39
3474.53	2048.28	751	1.#QNAN	0	0.016	0	3.23804e-007	3397.27	3474.53	3452.16
3473.27	2047.23	752	1.#QNAN	0	0.016	0	3.30308e-007	3449.42	3473.27	3450.96
3471.99	2046.17	753	1.#QNAN	0	0.031	1	3.1907e-007	3439.09	3471.99	3449.74
3470.77	2045.12	754	1.#QNAN	0	0.015	0	3.17547e-007	3470.57	3470.77	3448.58
3469.56	2044.06	755	1.#QNAN	0	0.016	0	3.08945e-007	3474.79	3469.56	3447.42
3468.36	2043.03	756	1.#QNAN	0	0.016	0	3.21718e-007	3444.69	3468.36	3446.27
3467.13	2041.97	757	1.#QNAN	0	0.015	0	3.12766e-007	3416.21	3467.13	3445.1
3465.9	2040.91	758	1.#QNAN	0	0.016	0	3.24854e-007	3418.75	3465.9	3443.92
3464.68	2039.84	759	1.#QNAN	0	0.031	0	3.15953e-007	3431.65	3464.68	3442.76
3463.5	2038.81	760	1.#QNAN	0	0.016	0	3.21727e-007	3470.32	3463.5	3441.63
3462.33	2037.78	761	1.#QNAN	0	0.015	0	3.1977e-007	3462.66	3462.33	3440.52
3461.15	2036.72	762	1.#QNAN	0	0.016	0	3.31039e-007	3432.1	3461.15	3439.39
3459.99	2035.7	763	1.#QNAN	0	0.015	0	3.28714e-007	3455.14	3459.99	3438.29
3458.84	2034.69	764	1.#QNAN	0	0.016	0	3.17314e-007	3416.57	3458.84	3437.19
3457.66	2033.63	765	1.#QNAN	0	0.016	0	3.28468e-007	3499.45	3457.66	3436.06
3456.49	2032.6	766	1.#QNAN	0	0.015	0	3.36284e-007	3452.63	3456.49	3434.95
3455.32	2031.57	767	1.#QNAN	0	0.031	0	3.11689e-007	3425.15	3455.32	3433.84
3454.18	2030.54	768	1.#QNAN	0	0.016	0	3.34597e-007	3468.14	3454.18	3432.76
3453.07	2029.55	769	1.#QNAN	0	0.016	0	3.38453e-007	3500.91	3453.07	3431.7
3451.93	2028.54	770	1.#QNAN	0	0.015	0	3.18567e-007	3457.7	3451.93	3430.61
3450.84	2027.56	771	1.#QNAN	0	0.016	0	3.25894e-007	3488.33	3450.84	3429.58
3449.76	2026.6	772	1.#QNAN	0	0.015	0	3.21747e-007	3497.03	3449.76	3428.55
3448.67	2025.62	773	1.#QNAN	0	0.016	0	3.26596e-007	3511.28	3448.67	3427.52
3447.59	2024.65	774	1.#QNAN	0	0.031	0	3.34538e-007	3520.22	3447.59	3426.5
3446.49	2023.66	775	1.#QNAN	0	0.016	0	3.23912e-007	3511.36	3446.49	3425.45
3445.37	2022.66	776	1.#QNAN	0	0.015	0	3.26279e-007	3485.43	3445.37	3424.38
3444.28	2021.69	777	1.#QNAN	0	0.016	0	3.36272e-007	3492.44	3444.28	3423.34
3443.15	2020.69	778	1.#QNAN	0	0.016	0	3.35534e-007	3488.98	3443.15	3422.26
3442.05	2019.71	779	1.#QNAN	0	0.031	0	3.37957e-007	3520.93	3442.05	3421.21
3440.96	2018.73	780	1.#QNAN	0	0.015	0	3.21781e-007	3556.82	3440.96	3420.18
3439.92	2017.79	781	1.#QNAN	0	0.016	0	3.2654e-007	3520.77	3439.92	3419.2
3438.86	2016.83	782	1.#QNAN	0	0.016	0	3.26245e-007	3540.06	3438.86	3418.19
3437.76	2015.86	783	1.#QNAN	0	0.015	0	3.31123e-007	3481.4	3437.76	3417.14
3436.66	2014.86	784	1.#QNAN	0	0.016	0	3.26792e-007	3495.7	3436.66	3416.09
3435.6	2013.91	785	1.#QNAN	0	0.015	0	3.29549e-007	3503.17	3435.6	3415.08
3434.52	2012.93	786	1.#QNAN	0	0.032	0	3.33893e-007	3523.86	3434.52	3414.05
3433.45	2011.98	787	1.#QNAN	0	0.015	0	3.29345e-007	3491.54	3433.45	3413.03
3432.38	2011.02	788	1.#QNAN	0	0.016	0	3.3324e-007	3535.01	3432.38	3412.02
3431.33	2010.06	789	1.#QNAN	0	0.015	0	3.30146e-007	3532.37	3431.33	3411.02
3430.27	2009.1	790	1.#QNAN	0	0.016	0	3.36921e-007	3514.43	3430.27	3410.01
3429.2	2008.16	791	1.#QNAN	0	0.016	0	3.27412e-007	3504.22	3429.2	3408.98
3428.14	2007.23	792	1.#QNAN	0	0.031	0	3.39588e-007	3496.37	3428.14	3407.97
3427.1	2006.3	793	1.#QNAN	0	0.015	0	3.41129e-007	3484.12	3427.1	3406.98
3426.07	2005.41	794	1.#QNAN	0	0.016	0	3.49624e-007	3475.85	3426.07	3406
3425.04	2004.49	795	1.#QNAN	0	0.016	0	3.3297e-007	3514.16	3425.04	3405.02
3424.02	2003.58	796	1.#QNAN	0	0.015	0	3.45502e-007	3531.65	3424.02	3404.05
3423.02	2002.68	797	1.#QNAN	0	0.016	0	3.40692e-007	3523.84	3423.02	3403.1
3422	2001.75	798	1.#QNAN	0	0.015	0	3.35616e-007	3496.79	3422	3402.13
3421	2000.86	799	1.#QNAN	0	0.032	0	3.36709e-007	3548.61	3421	3401.18
