rmse	mae	#iter	time_pred	time_learn	time_learn2	time_learn4	alpha	rmse_mcmc_this	rmse_mcmc_all	rmse_mcmc_all_but5
4485.88	3592.82	0	1.#QNAN	0	0	0	1.6653e-009	4485.88	4485.88	3880.47
4177.92	3359.41	1	1.#QNAN	0	0	0	3.29731e-008	4014.69	4177.92	3880.47
4051.66	3258.48	2	1.#QNAN	0	0.016	0	4.14609e-008	3888.37	4051.66	3880.47
3940.54	3168.23	3	1.#QNAN	0	0	0	4.55041e-008	3663.09	3940.54	3880.47
3848.95	3091.77	4	1.#QNAN	0	0	0	4.97986e-008	3526.8	3848.95	37687.6
3761.84	3019.32	5	1.#QNAN	0	0.016	0	5.57503e-008	3375.01	3761.84	3375.01
3691.14	2961.67	6	1.#QNAN	0	0	0	6.20419e-008	3312.89	3691.14	3328.46
3623.3	2907.63	7	1.#QNAN	0	0	0	6.36989e-008	3194.67	3623.3	3274.8
3553.15	2848.7	8	1.#QNAN	0	0.015	0	7.08048e-008	3050.46	3553.15	3209.26
3488.15	2794.5	9	1.#QNAN	0	0	0	7.99809e-008	2955.92	3488.15	3153.39
3419.15	2737.89	10	1.#QNAN	0	0	0	9.13608e-008	2792.01	3419.15	3087.55
3354.87	2684.63	11	1.#QNAN	0	0	0	1.01398e-007	2710.43	3354.87	3029.33
3293.4	2634.16	12	1.#QNAN	0	0.016	0	1.09258e-007	2637.81	3293.4	2974.53
3234.62	2584.39	13	1.#QNAN	0	0	0	1.17029e-007	2542.81	3234.62	2921.88
3180.3	2538.98	14	1.#QNAN	0	0	0	1.253e-007	2489.21	3180.3	2874.37
3123.83	2491.58	15	1.#QNAN	0	0.015	0	1.34015e-007	2353.67	3123.83	2823
3068.17	2445.04	16	1.#QNAN	0	0	0	1.50159e-007	2263.92	3068.17	2772.18
3014.81	2400.07	17	1.#QNAN	0	0	0	1.71125e-007	2215.72	3014.81	2724.09
2960.87	2354.77	18	1.#QNAN	0	0.016	0	1.90554e-007	2097.26	2960.87	2674.44
2904.96	2308.01	19	1.#QNAN	0	0	0	2.06722e-007	1978.71	2904.96	2622.04
2851.4	2262.81	20	1.#QNAN	0	0	0	2.30877e-007	1917.03	2851.4	2572.37
2799.87	2219.19	21	1.#QNAN	0	0	0	2.39863e-007	1863.8	2799.87	2525.04
2750.7	2177.2	22	1.#QNAN	0	0.016	0	2.65389e-007	1840.49	2750.7	2480.46
2703.09	2136.38	23	1.#QNAN	0	0	0	2.83697e-007	1775.69	2703.09	2437.42
2656.38	2096.49	24	1.#QNAN	0	0	0	3.07066e-007	1724.19	2656.38	2395.11
2610.54	2057.33	25	1.#QNAN	0	0.015	0	3.32789e-007	1661.59	2610.54	2353.48
2566.94	2019.95	26	1.#QNAN	0	0	0	3.6016e-007	1643.53	2566.94	2314.29
2524.48	1983.04	27	1.#QNAN	0	0	0	3.63119e-007	1596.67	2524.48	2276.28
2483.06	1947.15	28	1.#QNAN	0	0.016	0	3.77866e-007	1552.01	2483.06	2239.15
2442.97	1912.13	29	1.#QNAN	0	0	0	3.88547e-007	1516.73	2442.97	2203.3
2404.94	1878.83	30	1.#QNAN	0	0	0	4.16121e-007	1506.07	2404.94	2169.7
2368.23	1847.07	31	1.#QNAN	0	0.015	0	4.4255e-007	1488.38	2368.23	2137.33
2333.4	1816.66	32	1.#QNAN	0	0	0	4.42015e-007	1473.96	2333.4	2106.92
2300.06	1787.43	33	1.#QNAN	0	0	0	4.50849e-007	1463.38	2300.06	2078.02
2267.43	1758.56	34	1.#QNAN	0	0.016	0	4.5677e-007	1451.62	2267.43	2049.81
2236.6	1731.43	35	1.#QNAN	0	0	0	4.69838e-007	1443.18	2236.6	2023.33
2206.8	1705.01	36	1.#QNAN	0	0	0	4.80844e-007	1420.9	2206.8	1997.83
2177.68	1679.59	37	1.#QNAN	0	0.016	0	4.97405e-007	1401.49	2177.68	1972.79
2149.42	1654.71	38	1.#QNAN	0	0	0	4.98739e-007	1388	2149.42	1948.63
2122.33	1630.74	39	1.#QNAN	0	0	0	4.98388e-007	1410.91	2122.33	1925.64
2096.55	1607.92	40	1.#QNAN	0	0.015	0	5.04822e-007	1389.39	2096.55	1903.89
2071.55	1585.83	41	1.#QNAN	0	0	0	5.1338e-007	1372.27	2071.55	1882.82
2047.34	1564.39	42	1.#QNAN	0	0	0	4.9755e-007	1347.5	2047.34	1862.42
2024.46	1544	43	1.#QNAN	0	0.016	0	5.10934e-007	1370.92	2024.46	1843.36
2002.14	1524.13	44	1.#QNAN	0	0	0	5.29798e-007	1350.85	2002.14	1824.76
1980.91	1505.1	45	1.#QNAN	0	0	0	5.32988e-007	1366.42	1980.91	1807.25
1960.99	1487.14	46	1.#QNAN	0	0.015	0	5.37265e-007	1371.35	1960.99	1791
1941.16	1469.44	47	1.#QNAN	0	0	0	5.06915e-007	1343.89	1941.16	1774.71
1921.98	1452.19	48	1.#QNAN	0	0	0	5.14575e-007	1344.22	1921.98	1759
1903.71	1435.67	49	1.#QNAN	0	0	0	5.43948e-007	1357.13	1903.71	1744.15
1886.12	1419.67	50	1.#QNAN	0	0.016	0	5.35251e-007	1343.9	1886.12	1729.91
1869.12	1404.29	51	1.#QNAN	0	0	0	5.18885e-007	1339.89	1869.12	1716.18
1852.77	1389.41	52	1.#QNAN	0	0	0	5.35607e-007	1344.4	1852.77	1703.07
1837.33	1375.25	53	1.#QNAN	0	0.016	0	5.48476e-007	1368.09	1837.33	1690.84
1822.3	1361.52	54	1.#QNAN	0	0	0	5.29317e-007	1345.91	1822.3	1678.88
1807.78	1348.22	55	1.#QNAN	0	0	0	5.56644e-007	1349.56	1807.78	1667.4
1793.79	1335.35	56	1.#QNAN	0	0.015	0	5.49105e-007	1344.61	1793.79	1656.39
1780.53	1323.29	57	1.#QNAN	0	0	0	5.62052e-007	1349.96	1780.53	1646.03
1767.68	1311.6	58	1.#QNAN	0	0	0	5.38506e-007	1341.63	1767.68	1636
1755.48	1300.38	59	1.#QNAN	0	0.016	0	5.36748e-007	1350.02	1755.48	1626.56
1743.73	1289.63	60	1.#QNAN	0	0	0	5.3382e-007	1344.51	1743.73	1617.48
1732.3	1279.07	61	1.#QNAN	0	0	0	5.47135e-007	1333.65	1732.3	1608.62
1721.11	1268.83	62	1.#QNAN	0	0.015	0	5.28939e-007	1336.72	1721.11	1599.97
1710.4	1259.01	63	1.#QNAN	0	0	0	5.69203e-007	1351.76	1710.4	1591.77
1700.21	1249.72	64	1.#QNAN	0	0	0	5.54497e-007	1336.15	1700.21	1583.98
1690.45	1240.71	65	1.#QNAN	0	0.016	0	5.3943e-007	1345.67	1690.45	1576.62
1680.96	1232.01	66	1.#QNAN	0	0	0	5.77129e-007	1348.77	1680.96	1569.44
1671.66	1223.38	67	1.#QNAN	0	0	0	5.57788e-007	1343.17	1671.66	1562.42
1662.87	1215.16	68	1.#QNAN	0	0.016	0	5.48781e-007	1355.88	1662.87	1555.87
1654.29	1207.16	69	1.#QNAN	0	0	0	5.38972e-007	1333.86	1654.29	1549.42
1646.1	1199.6	70	1.#QNAN	0	0	0	5.67187e-007	1337.47	1646.1	1543.32
1638.05	1192.14	71	1.#QNAN	0	0	0	5.53393e-007	1319.03	1638.05	1537.26
1630.66	1185.1	72	1.#QNAN	0	0.015	0	5.76021e-007	1356.07	1630.66	1531.88
1623.04	1178.03	73	1.#QNAN	0	0	0	5.50316e-007	1327.41	1623.04	1526.18
1615.79	1171.16	74	1.#QNAN	0	0	0	5.61121e-007	1336.18	1615.79	1520.83
1608.7	1164.59	75	1.#QNAN	0	0.016	0	5.59498e-007	1327.94	1608.7	1515.55
1601.96	1158.3	76	1.#QNAN	0	0	0	5.82742e-007	1335.42	1601.96	1510.61
1595.42	1152.27	77	1.#QNAN	0	0	0	5.50606e-007	1323.25	1595.42	1505.78
1588.97	1146.41	78	1.#QNAN	0	0	0	5.63431e-007	1319.15	1588.97	1501.01
1582.85	1140.93	79	1.#QNAN	0	0.015	0	5.63825e-007	1333.48	1582.85	1496.53
1576.82	1135.34	80	1.#QNAN	0	0	0	5.62503e-007	1332.07	1576.82	1492.14
1570.73	1129.95	81	1.#QNAN	0	0	0	5.84825e-007	1309.86	1570.73	1487.6
1564.88	1124.66	82	1.#QNAN	0	0.016	0	5.60094e-007	1312.13	1564.88	1483.26
1559.22	1119.53	83	1.#QNAN	0	0	0	5.82418e-007	1317.17	1559.22	1479.1
1553.83	1114.44	84	1.#QNAN	0	0	0	5.69116e-007	1328.73	1553.83	1475.19
1548.8	1109.82	85	1.#QNAN	0	0.016	0	5.45702e-007	1334.24	1548.8	1471.58
1543.89	1105.2	86	1.#QNAN	0	0	0	5.5497e-007	1338.78	1543.89	1468.07
1538.93	1100.5	87	1.#QNAN	0	0	0	5.53339e-007	1330.69	1538.93	1464.49
1534.16	1096.09	88	1.#QNAN	0	0	0	5.82356e-007	1320.35	1534.16	1461.04
1529.48	1091.85	89	1.#QNAN	0	0.015	0	5.62975e-007	1306.52	1529.48	1457.63
1524.98	1087.74	90	1.#QNAN	0	0	0	5.8405e-007	1313.17	1524.98	1454.38
1520.84	1083.92	91	1.#QNAN	0	0	0	5.42503e-007	1339.07	1520.84	1451.49
1516.87	1080.17	92	1.#QNAN	0	0.016	1	5.66019e-007	1328.03	1516.87	1448.7
1512.76	1076.5	93	1.#QNAN	0	0	0	5.7523e-007	1310.67	1512.76	1445.73
1508.67	1072.77	94	1.#QNAN	0	0	0	5.72195e-007	1307.87	1508.67	1442.76
1504.94	1069.16	95	1.#QNAN	0	0.015	0	5.83528e-007	1333.37	1504.94	1440.16
1501.16	1065.6	96	1.#QNAN	0	0	0	5.43352e-007	1325.29	1501.16	1437.46
1497.54	1062.27	97	1.#QNAN	0	0	0	5.65477e-007	1325.06	1497.54	1434.91
1493.92	1058.79	98	1.#QNAN	0	0	0	5.63389e-007	1323.92	1493.92	1432.34
1490.46	1055.53	99	1.#QNAN	0	0.016	0	5.75885e-007	1323.06	1490.46	1429.9
1486.97	1052.18	100	1.#QNAN	0	0	0	5.5804e-007	1309.43	1486.97	1427.4
1483.61	1048.91	101	1.#QNAN	0	0	0	5.82071e-007	1314.21	1483.61	1425
1480.51	1045.84	102	1.#QNAN	0	0.016	0	5.76897e-007	1331.75	1480.51	1422.86
1477.44	1042.87	103	1.#QNAN	0	0	0	5.52453e-007	1331.63	1477.44	1420.72
1474.45	1039.89	104	1.#QNAN	0	0	0	5.70716e-007	1335.23	1474.45	1418.68
1471.48	1037.03	105	1.#QNAN	0	0.015	0	5.66197e-007	1328.53	1471.48	1416.6
1468.65	1034.17	106	1.#QNAN	0	0	0	5.76733e-007	1335.19	1468.65	1414.65
1465.85	1031.41	107	1.#QNAN	0	0	0	5.56605e-007	1330.25	1465.85	1412.72
1463.17	1028.76	108	1.#QNAN	0	0	0	5.55878e-007	1342.58	1463.17	1410.91
1460.54	1026.1	109	1.#QNAN	0	0.016	0	5.59914e-007	1343.85	1460.54	1409.13
1457.9	1023.46	110	1.#QNAN	0	0	0	5.67512e-007	1326.58	1457.9	1407.3
1455.24	1020.84	111	1.#QNAN	0	0	0	5.66508e-007	1328.98	1455.24	1405.44
1452.79	1018.36	112	1.#QNAN	0	0.015	0	5.65194e-007	1338.41	1452.79	1403.76
1450.21	1015.91	113	1.#QNAN	0	0	0	5.64428e-007	1318.27	1450.21	1401.94
1447.8	1013.55	114	1.#QNAN	0	0	0	5.84964e-007	1332.78	1447.8	1400.28
1445.53	1011.32	115	1.#QNAN	0	0.016	0	5.79958e-007	1333.5	1445.53	1398.74
1443.29	1009.07	116	1.#QNAN	0	0	0	5.72761e-007	1336.13	1443.29	1397.21
1441.11	1006.94	117	1.#QNAN	0	0	0	5.52239e-007	1328.86	1441.11	1395.73
1439.08	1004.87	118	1.#QNAN	0	0	0	5.53822e-007	1351.99	1439.08	1394.39
1436.94	1002.75	119	1.#QNAN	0	0.016	0	5.86095e-007	1328.82	1436.94	1392.92
1434.84	1000.69	120	1.#QNAN	0	0	0	5.60206e-007	1325.86	1434.84	1391.46
1432.8	998.746	121	1.#QNAN	0	0	0	5.81527e-007	1327.9	1432.8	1390.07
1430.71	996.673	122	1.#QNAN	0	0.015	0	5.70891e-007	1320.1	1430.71	1388.6
1428.69	994.807	123	1.#QNAN	0	0	0	5.8324e-007	1321.76	1428.69	1387.19
1426.79	992.881	124	1.#QNAN	0	0	0	5.80927e-007	1335.68	1426.79	1385.9
1424.92	990.983	125	1.#QNAN	0	0.016	0	5.60185e-007	1346.12	1424.92	1384.63
1423.02	989.161	126	1.#QNAN	0	0	0	5.56423e-007	1320.51	1423.02	1383.31
1421.34	987.514	127	1.#QNAN	0	0	0	5.87224e-007	1344.35	1421.34	1382.2
1419.66	985.777	128	1.#QNAN	0	0	0	5.61031e-007	1347.01	1419.66	1381.09
1417.94	984.105	129	1.#QNAN	0	0	0	5.65241e-007	1329.93	1417.94	1379.9
1416.25	982.416	130	1.#QNAN	0	0	0	5.74952e-007	1335.87	1416.25	1378.75
1414.74	980.899	131	1.#QNAN	0	0	0	5.82717e-007	1348.33	1414.74	1377.76
1413.16	979.309	132	1.#QNAN	0	0.016	0	5.83912e-007	1335.06	1413.16	1376.69
1411.49	977.792	133	1.#QNAN	0	0	0	5.78296e-007	1310.6	1411.49	1375.49
1410.04	976.386	134	1.#QNAN	0	0	0	5.73946e-007	1332.69	1410.04	1374.54
1408.57	974.913	135	1.#QNAN	0	0.016	0	5.86028e-007	1326.23	1408.57	1373.53
1407.21	973.592	136	1.#QNAN	0	0	0	5.71048e-007	1330.37	1407.21	1372.62
1405.86	972.254	137	1.#QNAN	0	0	0	5.87885e-007	1332.03	1405.86	1371.73
1404.41	970.841	138	1.#QNAN	0	0.015	0	5.65571e-007	1319.25	1404.41	1370.71
1403.12	969.575	139	1.#QNAN	0	0	0	5.65221e-007	1335.8	1403.12	1369.85
1401.74	968.327	140	1.#QNAN	0	0	0	5.75003e-007	1328.57	1401.74	1368.88
1400.49	967.124	141	1.#QNAN	0	0	0	5.8025e-007	1333.58	1400.49	1368.05
1399.23	965.973	142	1.#QNAN	0	0.016	0	5.70441e-007	1328.21	1399.23	1367.19
1397.98	964.741	143	1.#QNAN	0	0	0	5.78674e-007	1326.33	1397.98	1366.34
1396.78	963.529	144	1.#QNAN	0	0	0	5.91871e-007	1334.52	1396.78	1365.53
1395.56	962.377	145	1.#QNAN	0	0.015	0	5.97541e-007	1320.68	1395.56	1364.7
1394.4	961.305	146	1.#QNAN	0	0	0	6.02855e-007	1323.97	1394.4	1363.91
1393.21	960.287	147	1.#QNAN	0	0	0	6.05814e-007	1319.25	1393.21	1363.08
1392.07	959.233	148	1.#QNAN	0	0.016	0	5.73832e-007	1327.39	1392.07	1362.31
1390.93	958.213	149	1.#QNAN	0	0	0	5.90935e-007	1327.1	1390.93	1361.53
1389.84	957.165	150	1.#QNAN	0	0	0	6.05069e-007	1333.88	1389.84	1360.8
1388.78	956.144	151	1.#QNAN	0	0	0	5.65836e-007	1329.83	1388.78	1360.08
1387.66	955.118	152	1.#QNAN	0	0.016	0	5.65121e-007	1315.68	1387.66	1359.3
1386.67	954.205	153	1.#QNAN	0	0	0	5.8086e-007	1337.82	1386.67	1358.65
1385.63	953.249	154	1.#QNAN	0	0	0	5.82256e-007	1331.49	1385.63	1357.94
1384.63	952.285	155	1.#QNAN	0	0.015	0	5.86695e-007	1331.04	1384.63	1357.28
1383.57	951.328	156	1.#QNAN	0	0	0	6.03922e-007	1318.91	1383.57	1356.53
1382.56	950.354	157	1.#QNAN	0	0	0	5.96068e-007	1320.55	1382.56	1355.85
1381.49	949.335	158	1.#QNAN	0	0.016	0	5.77118e-007	1309.55	1381.49	1355.1
1380.47	948.364	159	1.#QNAN	0	0	0	5.85589e-007	1306.74	1380.47	1354.38
1379.42	947.408	160	1.#QNAN	0	0	0	5.99468e-007	1305.18	1379.42	1353.63
1378.49	946.523	161	1.#QNAN	0	0.015	0	5.88917e-007	1324.23	1378.49	1352.99
1377.61	945.7	162	1.#QNAN	0	0	0	5.95641e-007	1332.5	1377.61	1352.4
1376.63	944.772	163	1.#QNAN	0	0	0	5.80276e-007	1314.41	1376.63	1351.72
1375.76	943.96	164	1.#QNAN	0	0.016	0	5.81533e-007	1322.32	1375.76	1351.12
1374.86	943.103	165	1.#QNAN	0	0	0	5.84838e-007	1313.23	1374.86	1350.49
1374.04	942.439	166	1.#QNAN	0	0	0	5.85254e-007	1325.64	1374.04	1349.93
1373.15	941.734	167	1.#QNAN	0	0	0	5.60238e-007	1318.89	1373.15	1349.29
1372.21	940.937	168	1.#QNAN	0	0.016	0	5.85893e-007	1314.31	1372.21	1348.6
1371.39	940.24	169	1.#QNAN	0	0	0	5.89264e-007	1343.21	1371.39	1348.03
1370.56	939.465	170	1.#QNAN	0	0	0	5.96512e-007	1355.07	1370.56	1347.46
1369.76	938.749	171	1.#QNAN	0	0.015	0	5.91219e-007	1346.76	1369.76	1346.92
1368.98	938.063	172	1.#QNAN	0	0	0	5.85409e-007	1343.16	1368.98	1346.38
1368.13	937.279	173	1.#QNAN	0	0	0	5.95501e-007	1328.12	1368.13	1345.77
1367.35	936.541	174	1.#QNAN	0	0.016	0	5.71936e-007	1331.8	1367.35	1345.23
1366.63	935.833	175	1.#QNAN	0	0	0	5.84072e-007	1325.24	1366.63	1344.73
1365.94	935.171	176	1.#QNAN	0	0	0	5.94068e-007	1338.12	1365.94	1344.27
1365.25	934.524	177	1.#QNAN	0	0.015	0	5.95526e-007	1332.32	1365.25	1343.82
1364.57	933.9	178	1.#QNAN	0	0	0	5.87496e-007	1345.7	1364.57	1343.37
1363.87	933.202	179	1.#QNAN	0	0	0	5.83049e-007	1325.5	1363.87	1342.9
1363.2	932.556	180	1.#QNAN	0	0.016	0	5.90193e-007	1334.89	1363.2	1342.45
1362.68	931.943	181	1.#QNAN	0	0	0	6.08541e-007	1362.98	1362.68	1342.15
1362.03	931.287	182	1.#QNAN	0	0	0	6.14501e-007	1340.13	1362.03	1341.72
1361.39	930.63	183	1.#QNAN	0	0.016	0	5.92579e-007	1341.07	1361.39	1341.29
1360.81	930.037	184	1.#QNAN	0	0	0	5.79152e-007	1347.29	1360.81	1340.92
1360.19	929.461	185	1.#QNAN	0	0	0	5.84908e-007	1329.96	1360.19	1340.5
1359.53	928.856	186	1.#QNAN	0	0	0	6.15817e-007	1323.14	1359.53	1340.04
1358.93	928.259	187	1.#QNAN	0	0.015	0	5.80688e-007	1353.17	1358.93	1339.65
1358.37	927.671	188	1.#QNAN	0	0	0	5.71253e-007	1362.13	1358.37	1339.29
1357.77	927.09	189	1.#QNAN	0	0	0	5.91137e-007	1336.83	1357.77	1338.89
1357.25	926.576	190	1.#QNAN	0	0.016	0	5.75222e-007	1348.25	1357.25	1338.55
1356.8	926.084	191	1.#QNAN	0	0	0	6.11501e-007	1364.04	1356.8	1338.29
1356.21	925.547	192	1.#QNAN	0	0	0	5.76112e-007	1336.35	1356.21	1337.87
1355.7	925.066	193	1.#QNAN	0	0.015	0	6.16737e-007	1336.71	1355.7	1337.54
1355.21	924.637	194	1.#QNAN	0	0	0	5.75559e-007	1347.21	1355.21	1337.22
1354.65	924.153	195	1.#QNAN	0	0	0	6.04962e-007	1321.07	1354.65	1336.83
1354.11	923.636	196	1.#QNAN	0	0	0	6.04189e-007	1326.64	1354.11	1336.46
1353.57	923.094	197	1.#QNAN	0	0.016	0	6.17997e-007	1324.65	1353.57	1336.1
1353.03	922.572	198	1.#QNAN	0	0	0	5.81763e-007	1325.48	1353.03	1335.73
1352.54	922.069	199	1.#QNAN	0	0	0	5.95542e-007	1333.17	1352.54	1335.41
1352.01	921.567	200	1.#QNAN	0	0.016	0	5.96319e-007	1322.42	1352.01	1335.05
1351.53	921.097	201	1.#QNAN	0	0	0	5.774e-007	1339.63	1351.53	1334.73
1351.12	920.662	202	1.#QNAN	0	0	0	5.89124e-007	1354.51	1351.12	1334.48
1350.68	920.203	203	1.#QNAN	0	0.015	0	5.91771e-007	1344.49	1350.68	1334.21
1350.29	919.759	204	1.#QNAN	0	0	0	6.13304e-007	1355.71	1350.29	1333.98
1349.92	919.318	205	1.#QNAN	0	0	0	5.79539e-007	1364.89	1349.92	1333.76
1349.52	918.888	206	1.#QNAN	0	0	0	6.15518e-007	1360.97	1349.52	1333.52
1349.19	918.503	207	1.#QNAN	0	0.016	0	6.00807e-007	1361.43	1349.19	1333.34
1348.84	918.11	208	1.#QNAN	0	0	0	5.939e-007	1369.04	1348.84	1333.15
1348.48	917.712	209	1.#QNAN	0	0	0	5.92563e-007	1348.44	1348.48	1332.93
1348	917.293	210	1.#QNAN	0	0.015	0	6.16619e-007	1328.68	1348	1332.6
1347.5	916.895	211	1.#QNAN	0	0	0	6.12412e-007	1324.2	1347.5	1332.23
1347.12	916.524	212	1.#QNAN	0	0	0	6.00742e-007	1342.56	1347.12	1331.99
1346.77	916.168	213	1.#QNAN	0	0.016	0	6.07842e-007	1359.16	1346.77	1331.78
1346.4	915.773	214	1.#QNAN	0	0	0	5.92034e-007	1334.55	1346.4	1331.54
1346.02	915.412	215	1.#QNAN	0	0	0	5.81877e-007	1337.28	1346.02	1331.29
1345.63	915.015	216	1.#QNAN	0	0.016	0	5.94138e-007	1333.71	1345.63	1331.04
1345.2	914.592	217	1.#QNAN	0	0	0	6.09378e-007	1324.49	1345.2	1330.75
1344.81	914.24	218	1.#QNAN	0	0	0	6.26798e-007	1323.48	1344.81	1330.49
1344.39	913.861	219	1.#QNAN	0	0	0	6.29305e-007	1319.45	1344.39	1330.2
1344.05	913.467	220	1.#QNAN	0	0.015	0	5.86917e-007	1339.86	1344.05	1329.99
1343.65	913.098	221	1.#QNAN	0	0	0	6.05285e-007	1321.8	1343.65	1329.71
1343.25	912.746	222	1.#QNAN	0	0	0	6.08042e-007	1317.04	1343.25	1329.43
1342.84	912.365	223	1.#QNAN	0	0.016	0	6.06324e-007	1319.93	1342.84	1329.14
1342.44	912.042	224	1.#QNAN	0	0	0	5.94389e-007	1316.1	1342.44	1328.85
1342.05	911.644	225	1.#QNAN	0	0	0	5.8617e-007	1319.08	1342.05	1328.59
1341.6	911.288	226	1.#QNAN	0	0.015	0	5.98612e-007	1307.72	1341.6	1328.26
1341.18	910.947	227	1.#QNAN	0	0	0	5.87211e-007	1308.76	1341.18	1327.95
1340.8	910.611	228	1.#QNAN	0	0	0	6.19057e-007	1317.89	1340.8	1327.69
1340.48	910.273	229	1.#QNAN	0	0	0	6.09159e-007	1333	1340.48	1327.48
1340.14	909.974	230	1.#QNAN	0	0.016	0	5.84275e-007	1328.21	1340.14	1327.26
1339.83	909.673	231	1.#QNAN	0	0	0	5.83004e-007	1341.59	1339.83	1327.06
1339.5	909.348	232	1.#QNAN	0	0	0	5.88803e-007	1324.77	1339.5	1326.84
1339.19	908.983	233	1.#QNAN	0	0.016	0	5.94223e-007	1342.93	1339.19	1326.64
1338.88	908.648	234	1.#QNAN	0	0	0	5.93025e-007	1333.62	1338.88	1326.44
1338.61	908.326	235	1.#QNAN	0	0	0	5.99872e-007	1348.12	1338.61	1326.28
1338.39	908.038	236	1.#QNAN	0	0.015	0	6.10005e-007	1355.17	1338.39	1326.17
1338.1	907.741	237	1.#QNAN	0	0	0	6.07401e-007	1323.18	1338.1	1325.97
1337.92	907.478	238	1.#QNAN	0	0	0	6.35225e-007	1364.38	1337.92	1325.91
1337.77	907.214	239	1.#QNAN	0	0	0	6.18389e-007	1362.03	1337.77	1325.86
1337.54	906.958	240	1.#QNAN	0	0.016	0	5.96195e-007	1348.91	1337.54	1325.72
1337.36	906.698	241	1.#QNAN	0	0	0	6.04026e-007	1359.25	1337.36	1325.64
1337.2	906.472	242	1.#QNAN	0	0	0	5.83972e-007	1360.26	1337.2	1325.57
1336.97	906.226	243	1.#QNAN	0	0.015	0	6.07936e-007	1343.55	1336.97	1325.43
1336.84	906.008	244	1.#QNAN	0	0	0	6.28057e-007	1367.9	1336.84	1325.4
1336.6	905.721	245	1.#QNAN	0	0	0	5.8669e-007	1340.37	1336.6	1325.26
1336.41	905.479	246	1.#QNAN	0	0.016	0	6.1077e-007	1348.63	1336.41	1325.16
1336.14	905.202	247	1.#QNAN	0	0	0	6.06584e-007	1336.25	1336.14	1324.99
1335.94	904.972	248	1.#QNAN	0	0	0	5.66853e-007	1355.97	1335.94	1324.88
1335.71	904.686	249	1.#QNAN	0	0	0	6.19712e-007	1340.02	1335.71	1324.74
1335.46	904.432	250	1.#QNAN	0	0	0	5.90337e-007	1338.11	1335.46	1324.58
1335.25	904.159	251	1.#QNAN	0	0	0	5.88936e-007	1355.81	1335.25	1324.46
1334.99	903.883	252	1.#QNAN	0	0	0	5.95965e-007	1335.65	1334.99	1324.29
1334.74	903.563	253	1.#QNAN	0	0.015	0	6.02005e-007	1330.41	1334.74	1324.13
1334.51	903.291	254	1.#QNAN	0	0	0	6.05993e-007	1336.62	1334.51	1324
1334.28	903.021	255	1.#QNAN	0	0	0	5.9146e-007	1335.74	1334.28	1323.84
1334.06	902.78	256	1.#QNAN	0	0.016	0	6.00388e-007	1333.17	1334.06	1323.71
1333.86	902.534	257	1.#QNAN	0	0	0	5.78638e-007	1344.69	1333.86	1323.59
1333.62	902.288	258	1.#QNAN	0	0	0	6.18983e-007	1329.76	1333.62	1323.43
1333.37	902.044	259	1.#QNAN	0	0.015	0	6.16558e-007	1326.99	1333.37	1323.26
1333.22	901.838	260	1.#QNAN	0	0	0	5.96422e-007	1360.17	1333.22	1323.2
1333.03	901.654	261	1.#QNAN	0	0	0	5.95856e-007	1345.75	1333.03	1323.08
1332.89	901.442	262	1.#QNAN	0	0	0	6.018e-007	1361.19	1332.89	1323.02
1332.72	901.258	263	1.#QNAN	0	0.016	0	6.06442e-007	1368.36	1332.72	1322.94
1332.52	901.017	264	1.#QNAN	0	0	0	6.04728e-007	1342.29	1332.52	1322.82
1332.33	900.81	265	1.#QNAN	0	0	0	6.09512e-007	1346.21	1332.33	1322.71
1332.12	900.573	266	1.#QNAN	0	0.016	0	6.08154e-007	1330.22	1332.12	1322.57
1331.93	900.325	267	1.#QNAN	0	0	0	6.08691e-007	1350.98	1331.93	1322.46
1331.71	900.034	268	1.#QNAN	0	0	0	6.16298e-007	1332.94	1331.71	1322.31
1331.53	899.829	269	1.#QNAN	0	0.015	0	6.03784e-007	1366.19	1331.53	1322.22
1331.32	899.624	270	1.#QNAN	0	0	0	6.02255e-007	1347.21	1331.32	1322.08
1331.14	899.427	271	1.#QNAN	0	0	0	5.89983e-007	1353.99	1331.14	1321.98
1331.04	899.253	272	1.#QNAN	0	0	0	5.99752e-007	1398.24	1331.04	1321.95
1330.89	899.055	273	1.#QNAN	0	0.016	0	6.21776e-007	1360.78	1330.89	1321.87
1330.72	898.853	274	1.#QNAN	0	0	0	5.83542e-007	1348.65	1330.72	1321.77
1330.55	898.63	275	1.#QNAN	0	0	0	5.83001e-007	1349.22	1330.55	1321.68
1330.38	898.422	276	1.#QNAN	0	0.015	0	6.11378e-007	1353.32	1330.38	1321.58
1330.2	898.237	277	1.#QNAN	0	0	0	5.96262e-007	1338.03	1330.2	1321.46
1330.04	898.068	278	1.#QNAN	0	0	0	5.94444e-007	1359.83	1330.04	1321.37
1329.88	897.904	279	1.#QNAN	0	0.016	0	5.89605e-007	1346.91	1329.88	1321.27
1329.71	897.707	280	1.#QNAN	0	0	0	6.06451e-007	1339.11	1329.71	1321.17
1329.46	897.525	281	1.#QNAN	0	0	0	6.03867e-007	1308.85	1329.46	1320.97
1329.21	897.32	282	1.#QNAN	0	0.016	0	5.86042e-007	1316.57	1329.21	1320.79
1329.01	897.168	283	1.#QNAN	0	0	0	6.10954e-007	1327.76	1329.01	1320.65
1328.77	896.969	284	1.#QNAN	0	0	0	5.84413e-007	1321.41	1328.77	1320.47
1328.55	896.781	285	1.#QNAN	0	0	0	6.10381e-007	1316.13	1328.55	1320.31
1328.37	896.629	286	1.#QNAN	0	0.015	0	6.21944e-007	1339.18	1328.37	1320.19
1328.18	896.434	287	1.#QNAN	0	0	0	5.78785e-007	1330.05	1328.18	1320.06
1328.05	896.267	288	1.#QNAN	0	0	0	5.92546e-007	1347.38	1328.05	1320
1327.9	896.081	289	1.#QNAN	0	0.016	0	6.13293e-007	1339.23	1327.9	1319.91
1327.72	895.889	290	1.#QNAN	0	0	0	6.00489e-007	1332.07	1327.72	1319.8
1327.53	895.693	291	1.#QNAN	0	0	0	6.19318e-007	1325.89	1327.53	1319.66
1327.35	895.5	292	1.#QNAN	0	0.015	0	6.15379e-007	1329.5	1327.35	1319.54
1327.17	895.301	293	1.#QNAN	0	0	0	6.14632e-007	1328.55	1327.17	1319.42
1327.04	895.142	294	1.#QNAN	0	0	0	5.92425e-007	1344.68	1327.04	1319.35
1326.87	894.958	295	1.#QNAN	0	0	0	6.02303e-007	1327.36	1326.87	1319.24
1326.71	894.747	296	1.#QNAN	0	0.016	0	5.91519e-007	1327.77	1326.71	1319.13
1326.54	894.612	297	1.#QNAN	0	0	0	6.11741e-007	1323.7	1326.54	1319.01
1326.4	894.465	298	1.#QNAN	0	0	0	6.10515e-007	1331.2	1326.4	1318.93
1326.23	894.328	299	1.#QNAN	0	0.016	0	5.93192e-007	1321.07	1326.23	1318.81
1326.09	894.191	300	1.#QNAN	0	0	0	5.94986e-007	1339.67	1326.09	1318.73
1325.99	894.026	301	1.#QNAN	0	0	0	5.92718e-007	1355.47	1325.99	1318.68
1325.86	893.849	302	1.#QNAN	0	0.015	1	6.04653e-007	1345.28	1325.86	1318.61
1325.72	893.692	303	1.#QNAN	0	0	0	6.18038e-007	1343.54	1325.72	1318.52
1325.51	893.471	304	1.#QNAN	0	0	0	5.96266e-007	1321.64	1325.51	1318.36
1325.36	893.308	305	1.#QNAN	0	0.016	0	6.06768e-007	1339.71	1325.36	1318.26
1325.23	893.13	306	1.#QNAN	0	0	0	6.06676e-007	1347.51	1325.23	1318.19
1325.05	892.973	307	1.#QNAN	0	0	0	5.96099e-007	1322.43	1325.05	1318.06
1324.92	892.835	308	1.#QNAN	0	0	0	5.99826e-007	1339.87	1324.92	1317.98
1324.75	892.649	309	1.#QNAN	0	0.015	0	6.26979e-007	1331.13	1324.75	1317.86
1324.61	892.491	310	1.#QNAN	0	0	0	6.12336e-007	1334.76	1324.61	1317.77
1324.44	892.325	311	1.#QNAN	0	0	0	6.04062e-007	1331.03	1324.44	1317.67
1324.25	892.128	312	1.#QNAN	0	0.016	0	6.11856e-007	1316.61	1324.25	1317.52
1324.04	891.963	313	1.#QNAN	0	0	0	6.33936e-007	1314.24	1324.04	1317.36
1323.83	891.775	314	1.#QNAN	0	0	0	6.15834e-007	1327.44	1323.83	1317.21
1323.62	891.601	315	1.#QNAN	0	0.016	0	6.07768e-007	1315.18	1323.62	1317.05
1323.42	891.412	316	1.#QNAN	0	0	0	6.16399e-007	1313.48	1323.42	1316.89
1323.23	891.236	317	1.#QNAN	0	0	0	5.98064e-007	1323.81	1323.23	1316.75
1323.06	891.1	318	1.#QNAN	0	0	0	6.21831e-007	1326.29	1323.06	1316.63
1322.86	890.926	319	1.#QNAN	0	0.015	0	6.18671e-007	1308.97	1322.86	1316.48
1322.67	890.769	320	1.#QNAN	0	0	0	6.06874e-007	1313.93	1322.67	1316.33
1322.52	890.629	321	1.#QNAN	0	0	0	6.08882e-007	1331.83	1322.52	1316.23
1322.42	890.506	322	1.#QNAN	0	0.016	0	6.19873e-007	1350.4	1322.42	1316.17
1322.28	890.372	323	1.#QNAN	0	0	0	6.11073e-007	1328.74	1322.28	1316.08
1322.12	890.208	324	1.#QNAN	0	0	0	6.00978e-007	1321.19	1322.12	1315.97
1321.89	890.044	325	1.#QNAN	0	0.015	0	6.18068e-007	1300.8	1321.89	1315.78
1321.68	889.842	326	1.#QNAN	0	0	0	6.29175e-007	1307.08	1321.68	1315.61
1321.51	889.707	327	1.#QNAN	0	0	0	6.218e-007	1316.18	1321.51	1315.48
1321.33	889.591	328	1.#QNAN	0	0.016	0	5.98098e-007	1305.71	1321.33	1315.34
1321.15	889.411	329	1.#QNAN	0	0	0	6.06551e-007	1311.92	1321.15	1315.19
1321	889.286	330	1.#QNAN	0	0	0	6.1744e-007	1306.48	1321	1315.08
1320.77	889.125	331	1.#QNAN	0	0	0	6.38531e-007	1291.33	1320.77	1314.89
1320.62	889.036	332	1.#QNAN	0	0.016	0	6.23247e-007	1312.76	1320.62	1314.78
1320.45	888.904	333	1.#QNAN	0	0	0	6.08106e-007	1309.89	1320.45	1314.64
1320.28	888.785	334	1.#QNAN	0	0	0	6.26531e-007	1314.03	1320.28	1314.51
1320.09	888.646	335	1.#QNAN	0	0.015	0	5.93612e-007	1303.15	1320.09	1314.35
1319.9	888.534	336	1.#QNAN	0	0	0	6.13203e-007	1307.66	1319.9	1314.2
1319.75	888.401	337	1.#QNAN	0	0	0	6.28768e-007	1325.92	1319.75	1314.09
1319.59	888.272	338	1.#QNAN	0	0.016	0	6.12919e-007	1318.21	1319.59	1313.96
1319.44	888.123	339	1.#QNAN	0	0	0	6.08225e-007	1323.48	1319.44	1313.85
1319.35	888.042	340	1.#QNAN	0	0	0	6.12544e-007	1335.4	1319.35	1313.8
1319.26	887.934	341	1.#QNAN	0	0.015	0	6.11594e-007	1347.63	1319.26	1313.74
1319.14	887.818	342	1.#QNAN	0	0	0	6.19918e-007	1319.12	1319.14	1313.65
1319.01	887.708	343	1.#QNAN	0	0	0	6.30091e-007	1323.21	1319.01	1313.56
1318.87	887.598	344	1.#QNAN	0	0	0	6.36327e-007	1322.35	1318.87	1313.46
1318.76	887.485	345	1.#QNAN	0	0.016	0	6.10796e-007	1328.87	1318.76	1313.38
1318.66	887.391	346	1.#QNAN	0	0	0	6.03201e-007	1332.11	1318.66	1313.31
1318.59	887.308	347	1.#QNAN	0	0	0	6.10212e-007	1343.89	1318.59	1313.28
1318.5	887.237	348	1.#QNAN	0	0.016	0	5.95222e-007	1335.73	1318.5	1313.23
1318.44	887.203	349	1.#QNAN	0	0	0	6.02868e-007	1352.75	1318.44	1313.2
1318.36	887.118	350	1.#QNAN	0	0	0	6.1094e-007	1337.17	1318.36	1313.15
1318.25	887.042	351	1.#QNAN	0	0.015	0	6.42882e-007	1327.75	1318.25	1313.08
1318.17	886.982	352	1.#QNAN	0	0	0	6.04662e-007	1340.91	1318.17	1313.02
1318.08	886.881	353	1.#QNAN	0	0	0	6.15959e-007	1331.75	1318.08	1312.97
1317.98	886.792	354	1.#QNAN	0	0	0	6.27713e-007	1329.97	1317.98	1312.9
1317.9	886.689	355	1.#QNAN	0	0.016	0	6.14883e-007	1344.96	1317.9	1312.85
1317.86	886.573	356	1.#QNAN	0	0	0	6.17524e-007	1356.95	1317.86	1312.84
1317.82	886.497	357	1.#QNAN	0	0	0	6.2085e-007	1358.79	1317.82	1312.84
1317.76	886.405	358	1.#QNAN	0	0.015	0	6.24172e-007	1343.77	1317.76	1312.8
1317.66	886.327	359	1.#QNAN	0	0	0	6.07528e-007	1340.22	1317.66	1312.74
1317.61	886.254	360	1.#QNAN	0	0	0	6.32247e-007	1344.29	1317.61	1312.72
1317.52	886.168	361	1.#QNAN	0	0.016	0	6.08987e-007	1345.28	1317.52	1312.67
1317.4	886.051	362	1.#QNAN	0	0	0	6.23838e-007	1322.45	1317.4	1312.57
1317.31	885.926	363	1.#QNAN	0	0	0	5.9182e-007	1333.16	1317.31	1312.52
1317.22	885.814	364	1.#QNAN	0	0	0	6.16928e-007	1339.8	1317.22	1312.46
1317.17	885.715	365	1.#QNAN	0	0.016	0	6.21396e-007	1342.7	1317.17	1312.44
1317.08	885.625	366	1.#QNAN	0	0	0	6.37355e-007	1329.81	1317.08	1312.38
1317	885.551	367	1.#QNAN	0	0	0	6.24715e-007	1333.24	1317	1312.33
1316.92	885.459	368	1.#QNAN	0	0.015	0	6.36193e-007	1326.4	1316.92	1312.28
1316.81	885.338	369	1.#QNAN	0	0	0	6.31221e-007	1314.16	1316.81	1312.19
1316.69	885.21	370	1.#QNAN	0	0	0	6.00718e-007	1317.17	1316.69	1312.1
1316.59	885.111	371	1.#QNAN	0	0.016	0	6.07784e-007	1323.45	1316.59	1312.03
1316.53	885.016	372	1.#QNAN	0	0	0	6.42478e-007	1330.12	1316.53	1311.99
1316.46	884.923	373	1.#QNAN	0	0	0	6.27953e-007	1339.79	1316.46	1311.95
1316.39	884.821	374	1.#QNAN	0	0.015	0	6.0581e-007	1338.95	1316.39	1311.91
1316.26	884.707	375	1.#QNAN	0	0	0	6.32766e-007	1310.84	1316.26	1311.8
1316.18	884.615	376	1.#QNAN	0	0	0	6.29221e-007	1332.4	1316.18	1311.75
1316.13	884.529	377	1.#QNAN	0	0	0	6.2154e-007	1337.41	1316.13	1311.72
1316.03	884.448	378	1.#QNAN	0	0.016	0	6.0937e-007	1321.94	1316.03	1311.65
1315.96	884.366	379	1.#QNAN	0	0	0	5.92776e-007	1331.08	1315.96	1311.59
1315.86	884.277	380	1.#QNAN	0	0	0	6.33104e-007	1317.92	1315.86	1311.52
1315.79	884.206	381	1.#QNAN	0	0.016	0	6.16923e-007	1335.38	1315.79	1311.47
1315.72	884.114	382	1.#QNAN	0	0	0	6.03571e-007	1329.28	1315.72	1311.42
1315.67	884.075	383	1.#QNAN	0	0	0	6.28161e-007	1338.75	1315.67	1311.39
1315.62	884	384	1.#QNAN	0	0.015	0	6.39054e-007	1328.71	1315.62	1311.36
1315.57	883.962	385	1.#QNAN	0	0	0	6.0889e-007	1337	1315.57	1311.34
1315.49	883.894	386	1.#QNAN	0	0	0	6.24246e-007	1322.66	1315.49	1311.27
1315.42	883.814	387	1.#QNAN	0	0	0	6.41007e-007	1330.06	1315.42	1311.22
1315.33	883.757	388	1.#QNAN	0	0.016	0	6.09716e-007	1320.66	1315.33	1311.16
1315.23	883.677	389	1.#QNAN	0	0	0	6.33519e-007	1311.63	1315.23	1311.08
1315.14	883.591	390	1.#QNAN	0	0	0	6.27239e-007	1310.49	1315.14	1311.01
1315.08	883.512	391	1.#QNAN	0	0.015	0	6.18339e-007	1327.68	1315.08	1310.97
1314.95	883.425	392	1.#QNAN	0	0	0	6.05634e-007	1309.09	1314.95	1310.86
1314.84	883.36	393	1.#QNAN	0	0	0	6.06895e-007	1310.27	1314.84	1310.77
1314.76	883.288	394	1.#QNAN	0	0.016	0	6.17571e-007	1320.95	1314.76	1310.71
1314.63	883.198	395	1.#QNAN	0	0	0	6.38187e-007	1305.96	1314.63	1310.61
1314.56	883.135	396	1.#QNAN	0	0	0	6.15883e-007	1332.2	1314.56	1310.56
1314.47	883.06	397	1.#QNAN	0	0	0	6.61604e-007	1319.39	1314.47	1310.49
1314.41	882.994	398	1.#QNAN	0	0.016	0	6.3003e-007	1337.83	1314.41	1310.45
1314.37	882.921	399	1.#QNAN	0	0	0	6.07836e-007	1335.59	1314.37	1310.43
1314.28	882.814	400	1.#QNAN	0	0	0	6.21158e-007	1323.11	1314.28	1310.37
1314.22	882.731	401	1.#QNAN	0	0.015	0	6.41865e-007	1334.29	1314.22	1310.32
1314.15	882.651	402	1.#QNAN	0	0	0	6.4985e-007	1331.94	1314.15	1310.28
1314.05	882.57	403	1.#QNAN	0	0	0	6.00714e-007	1316.57	1314.05	1310.2
1314	882.501	404	1.#QNAN	0	0.016	0	6.43331e-007	1335.34	1314	1310.17
1313.92	882.435	405	1.#QNAN	0	0	0	6.15271e-007	1331.96	1313.92	1310.12
1313.84	882.357	406	1.#QNAN	0	0	0	6.28081e-007	1322.25	1313.84	1310.05
1313.77	882.271	407	1.#QNAN	0	0	0	6.26083e-007	1323.61	1313.77	1310
1313.7	882.224	408	1.#QNAN	0	0.015	0	6.1981e-007	1331.46	1313.7	1309.95
1313.62	882.132	409	1.#QNAN	0	0	0	6.32003e-007	1321.57	1313.62	1309.89
1313.56	882.077	410	1.#QNAN	0	0	0	6.34173e-007	1334.28	1313.56	1309.85
1313.44	881.963	411	1.#QNAN	0	0.016	0	6.19823e-007	1313.98	1313.44	1309.75
1313.32	881.865	412	1.#QNAN	0	0	0	6.40631e-007	1312.97	1313.32	1309.65
1313.22	881.781	413	1.#QNAN	0	0	0	6.23485e-007	1316.74	1313.22	1309.57
1313.1	881.667	414	1.#QNAN	0	0.016	0	6.33743e-007	1300.64	1313.1	1309.46
1312.99	881.579	415	1.#QNAN	0	0	0	6.21473e-007	1305.46	1312.99	1309.38
1312.84	881.49	416	1.#QNAN	0	0	0	6.14128e-007	1289.59	1312.84	1309.24
1312.73	881.417	417	1.#QNAN	0	0	0	6.12235e-007	1310.9	1312.73	1309.15
1312.61	881.328	418	1.#QNAN	0	0.015	0	6.1169e-007	1298.51	1312.61	1309.05
1312.52	881.261	419	1.#QNAN	0	0	0	6.2219e-007	1320.25	1312.52	1308.98
1312.44	881.203	420	1.#QNAN	0	0	0	6.14163e-007	1320.13	1312.44	1308.91
1312.34	881.118	421	1.#QNAN	0	0.016	0	6.22625e-007	1309.95	1312.34	1308.84
1312.28	881.077	422	1.#QNAN	0	0	0	6.05356e-007	1325.7	1312.28	1308.8
1312.2	881.011	423	1.#QNAN	0	0	0	6.33607e-007	1318.41	1312.2	1308.74
1312.13	880.927	424	1.#QNAN	0	0.015	0	6.19452e-007	1316.43	1312.13	1308.68
1312.02	880.845	425	1.#QNAN	0	0	0	6.24162e-007	1301.92	1312.02	1308.59
1311.93	880.787	426	1.#QNAN	0	0	0	6.34559e-007	1309.97	1311.93	1308.52
1311.83	880.702	427	1.#QNAN	0	0	0	6.28666e-007	1310.27	1311.83	1308.44
1311.75	880.635	428	1.#QNAN	0	0.016	0	6.31429e-007	1316	1311.75	1308.37
1311.68	880.577	429	1.#QNAN	0	0	0	6.06377e-007	1321.75	1311.68	1308.32
1311.56	880.485	430	1.#QNAN	0	0	0	6.07963e-007	1299.92	1311.56	1308.22
1311.46	880.401	431	1.#QNAN	0	0.016	0	6.13617e-007	1305.93	1311.46	1308.14
1311.36	880.305	432	1.#QNAN	0	0	0	6.2112e-007	1306.56	1311.36	1308.05
1311.25	880.219	433	1.#QNAN	0	0	0	6.51713e-007	1307.15	1311.25	1307.96
1311.13	880.145	434	1.#QNAN	0	0.015	0	6.2796e-007	1302.78	1311.13	1307.86
1310.98	880.04	435	1.#QNAN	0	0	0	6.20946e-007	1286.13	1310.98	1307.72
1310.85	879.952	436	1.#QNAN	0	0	0	6.26488e-007	1302.15	1310.85	1307.61
1310.75	879.866	437	1.#QNAN	0	0	0	6.39298e-007	1309.23	1310.75	1307.52
1310.62	879.768	438	1.#QNAN	0	0	0	6.36665e-007	1298.82	1310.62	1307.42
1310.5	879.679	439	1.#QNAN	0	0	0	6.24772e-007	1299.07	1310.5	1307.32
1310.41	879.595	440	1.#QNAN	0	0	0	6.28131e-007	1310.04	1310.41	1307.24
1310.31	879.509	441	1.#QNAN	0	0.015	0	6.21257e-007	1306.16	1310.31	1307.15
1310.21	879.415	442	1.#QNAN	0	0	0	6.38807e-007	1308.5	1310.21	1307.07
1310.15	879.346	443	1.#QNAN	0	0	0	6.32779e-007	1322.36	1310.15	1307.02
1310.07	879.257	444	1.#QNAN	0	0.016	0	6.21838e-007	1316.09	1310.07	1306.96
1309.95	879.148	445	1.#QNAN	0	0	0	6.07533e-007	1301.65	1309.95	1306.86
1309.88	879.091	446	1.#QNAN	0	0	0	6.34953e-007	1315.93	1309.88	1306.8
1309.77	879.011	447	1.#QNAN	0	0.016	0	6.25932e-007	1306.76	1309.77	1306.71
1309.73	878.945	448	1.#QNAN	0	0	0	6.33299e-007	1332.19	1309.73	1306.68
1309.67	878.884	449	1.#QNAN	0	0	0	6.22792e-007	1322.95	1309.67	1306.64
1309.58	878.821	450	1.#QNAN	0	0	0	6.16615e-007	1308	1309.58	1306.57
1309.51	878.758	451	1.#QNAN	0	0.015	0	6.31693e-007	1323.45	1309.51	1306.51
1309.45	878.72	452	1.#QNAN	0	0	0	6.31009e-007	1322.28	1309.45	1306.47
1309.38	878.655	453	1.#QNAN	0	0	0	6.34089e-007	1315.72	1309.38	1306.41
1309.3	878.574	454	1.#QNAN	0	0.016	0	6.43663e-007	1316.95	1309.3	1306.35
1309.2	878.481	455	1.#QNAN	0	0	0	6.17631e-007	1303.6	1309.2	1306.26
1309.09	878.401	456	1.#QNAN	0	0	0	6.30399e-007	1298.05	1309.09	1306.16
1309.02	878.322	457	1.#QNAN	0	0.015	0	6.3422e-007	1317.51	1309.02	1306.11
1308.99	878.25	458	1.#QNAN	0	0	0	6.32226e-007	1343.72	1308.99	1306.1
1308.97	878.183	459	1.#QNAN	0	0	0	6.25251e-007	1333.79	1308.97	1306.09
1308.91	878.107	460	1.#QNAN	0	0	0	6.18555e-007	1323.94	1308.91	1306.05
1308.84	878.041	461	1.#QNAN	0	0.016	0	6.22235e-007	1314.85	1308.84	1305.99
1308.75	877.955	462	1.#QNAN	0	0	0	6.08166e-007	1311.37	1308.75	1305.91
1308.69	877.859	463	1.#QNAN	0	0	0	6.26706e-007	1318.58	1308.69	1305.86
1308.6	877.777	464	1.#QNAN	0	0.016	0	5.97498e-007	1307.51	1308.6	1305.79
1308.52	877.692	465	1.#QNAN	0	0	0	6.21021e-007	1316.23	1308.52	1305.72
1308.43	877.589	466	1.#QNAN	0	0	0	6.37088e-007	1304.83	1308.43	1305.64
1308.39	877.509	467	1.#QNAN	0	0.015	0	6.28278e-007	1333.1	1308.39	1305.61
1308.36	877.441	468	1.#QNAN	0	0	0	6.16832e-007	1340.01	1308.36	1305.6
1308.3	877.397	469	1.#QNAN	0	0	0	6.16463e-007	1324.85	1308.3	1305.56
1308.25	877.314	470	1.#QNAN	0	0	0	6.31482e-007	1318.54	1308.25	1305.51
1308.2	877.241	471	1.#QNAN	0	0.016	0	6.4895e-007	1327.09	1308.2	1305.48
1308.14	877.174	472	1.#QNAN	0	0	0	6.26608e-007	1331.07	1308.14	1305.44
1308.1	877.122	473	1.#QNAN	0	0	0	6.18737e-007	1329.72	1308.1	1305.41
1308.07	877.071	474	1.#QNAN	0	0.015	0	6.14875e-007	1344.32	1308.07	1305.4
1307.96	876.996	475	1.#QNAN	0	0	0	6.31028e-007	1295.22	1307.96	1305.29
1307.89	876.914	476	1.#QNAN	0	0	0	6.27326e-007	1317.07	1307.89	1305.24
1307.83	876.826	477	1.#QNAN	0	0.016	0	6.23927e-007	1323.54	1307.83	1305.2
1307.83	876.782	478	1.#QNAN	0	0	0	6.12849e-007	1359.55	1307.83	1305.2
1307.78	876.702	479	1.#QNAN	0	0	0	6.45507e-007	1334.33	1307.78	1305.17
1307.73	876.619	480	1.#QNAN	0	0	0	6.38588e-007	1334.32	1307.73	1305.13
1307.7	876.564	481	1.#QNAN	0	0.016	0	6.11372e-007	1338.71	1307.7	1305.12
1307.64	876.502	482	1.#QNAN	0	0	0	6.09938e-007	1328.52	1307.64	1305.07
1307.56	876.409	483	1.#QNAN	0	0.015	0	6.20377e-007	1312.53	1307.56	1305
1307.56	876.356	484	1.#QNAN	0	0	0	6.28429e-007	1352.46	1307.56	1305.01
1307.52	876.299	485	1.#QNAN	0	0	0	6.36124e-007	1332.54	1307.52	1304.98
1307.47	876.223	486	1.#QNAN	0	0	0	6.2821e-007	1337.48	1307.47	1304.95
1307.42	876.162	487	1.#QNAN	0	0.016	0	6.20882e-007	1334.47	1307.42	1304.91
1307.36	876.089	488	1.#QNAN	0	0	0	6.36661e-007	1329.08	1307.36	1304.86
1307.32	876.047	489	1.#QNAN	0	0	0	6.40513e-007	1357.79	1307.32	1304.83
1307.3	875.999	490	1.#QNAN	0	0.015	0	6.40028e-007	1343.69	1307.3	1304.82
1307.27	875.94	491	1.#QNAN	0	0	0	6.35381e-007	1364.02	1307.27	1304.81
1307.26	875.867	492	1.#QNAN	0	0	0	6.31701e-007	1359.29	1307.26	1304.8
1307.24	875.801	493	1.#QNAN	0	0.016	0	6.24809e-007	1351.24	1307.24	1304.8
1307.2	875.732	494	1.#QNAN	0	0	0	6.45754e-007	1334.14	1307.2	1304.77
1307.17	875.662	495	1.#QNAN	0	0	0	6.72523e-007	1343.88	1307.17	1304.74
1307.13	875.6	496	1.#QNAN	0	0	0	6.36256e-007	1344.62	1307.13	1304.72
1307.11	875.549	497	1.#QNAN	0	0.016	0	6.46087e-007	1346.71	1307.11	1304.72
1307.09	875.516	498	1.#QNAN	0	0	0	6.30474e-007	1346.59	1307.09	1304.7
1307.02	875.461	499	1.#QNAN	0	0	0	6.29807e-007	1341.81	1307.02	1304.64
1306.98	875.416	500	1.#QNAN	0	0.015	0	6.28251e-007	1335.21	1306.98	1304.61
1306.9	875.382	501	1.#QNAN	0	0	0	6.37392e-007	1322.6	1306.9	1304.54
1306.85	875.35	502	1.#QNAN	0	0	0	6.32688e-007	1344.34	1306.85	1304.5
1306.78	875.294	503	1.#QNAN	0	0.016	0	6.25574e-007	1328.83	1306.78	1304.44
1306.72	875.243	504	1.#QNAN	0	0	0	6.45436e-007	1323.34	1306.72	1304.39
1306.68	875.203	505	1.#QNAN	0	0	0	6.42813e-007	1334.65	1306.68	1304.36
1306.62	875.159	506	1.#QNAN	0	0	0	6.22683e-007	1321.7	1306.62	1304.3
1306.54	875.085	507	1.#QNAN	0	0.015	0	6.33062e-007	1316.37	1306.54	1304.23
1306.5	875.045	508	1.#QNAN	0	0	0	6.35176e-007	1330.45	1306.5	1304.2
1306.43	874.98	509	1.#QNAN	0	0	0	6.30984e-007	1320.23	1306.43	1304.15
1306.37	874.935	510	1.#QNAN	0	0.016	0	6.40251e-007	1323.66	1306.37	1304.09
1306.31	874.9	511	1.#QNAN	0	0	0	6.43097e-007	1323.99	1306.31	1304.04
1306.23	874.836	512	1.#QNAN	0	0	0	6.55393e-007	1312.72	1306.23	1303.97
1306.15	874.763	513	1.#QNAN	0	0.016	1	6.3346e-007	1309.59	1306.15	1303.89
1306.09	874.713	514	1.#QNAN	0	0	0	6.33513e-007	1319.62	1306.09	1303.85
1306.06	874.661	515	1.#QNAN	0	0	0	6.21827e-007	1338.13	1306.06	1303.83
1306.01	874.615	516	1.#QNAN	0	0	0	6.4108e-007	1334.24	1306.01	1303.78
1305.96	874.562	517	1.#QNAN	0	0.015	0	6.43433e-007	1330.39	1305.96	1303.75
1305.9	874.497	518	1.#QNAN	0	0	0	6.63281e-007	1324.34	1305.9	1303.7
1305.83	874.444	519	1.#QNAN	0	0	0	6.19343e-007	1315.33	1305.83	1303.63
1305.76	874.367	520	1.#QNAN	0	0.016	0	6.30634e-007	1323.35	1305.76	1303.57
1305.69	874.313	521	1.#QNAN	0	0	0	6.25393e-007	1314.64	1305.69	1303.51
1305.63	874.259	522	1.#QNAN	0	0	0	6.45045e-007	1330.75	1305.63	1303.47
1305.6	874.212	523	1.#QNAN	0	0.015	0	6.31738e-007	1340.54	1305.6	1303.44
1305.55	874.14	524	1.#QNAN	0	0	0	6.20915e-007	1329.85	1305.55	1303.4
1305.47	874.072	525	1.#QNAN	0	0	0	6.11827e-007	1326.72	1305.47	1303.33
1305.41	874.012	526	1.#QNAN	0	0.016	0	6.32719e-007	1326.89	1305.41	1303.28
1305.34	873.955	527	1.#QNAN	0	0	0	6.57445e-007	1326.85	1305.34	1303.22
1305.26	873.89	528	1.#QNAN	0	0	0	6.19892e-007	1318.86	1305.26	1303.15
1305.21	873.843	529	1.#QNAN	0	0	0	6.36333e-007	1327.05	1305.21	1303.11
1305.17	873.811	530	1.#QNAN	0	0.016	0	6.41536e-007	1333.88	1305.17	1303.08
1305.12	873.782	531	1.#QNAN	0	0	0	6.26411e-007	1335.39	1305.12	1303.04
1305.09	873.749	532	1.#QNAN	0	0	0	6.41075e-007	1336.99	1305.09	1303.02
1305.06	873.718	533	1.#QNAN	0	0.015	0	6.28688e-007	1348.75	1305.06	1302.99
1304.99	873.665	534	1.#QNAN	0	0	0	6.12849e-007	1332.49	1304.99	1302.93
1304.96	873.624	535	1.#QNAN	0	0	0	6.29491e-007	1344.85	1304.96	1302.92
1304.91	873.562	536	1.#QNAN	0	0.016	0	6.46156e-007	1337.41	1304.91	1302.88
1304.88	873.529	537	1.#QNAN	0	0	0	6.2752e-007	1334.65	1304.88	1302.85
1304.81	873.477	538	1.#QNAN	0	0	0	6.155e-007	1323.6	1304.81	1302.8
1304.77	873.438	539	1.#QNAN	0	0	0	6.37594e-007	1334.92	1304.77	1302.76
1304.67	873.376	540	1.#QNAN	0	0.015	0	6.3756e-007	1313.3	1304.67	1302.67
1304.61	873.342	541	1.#QNAN	0	0	0	6.23907e-007	1332.49	1304.61	1302.62
1304.57	873.296	542	1.#QNAN	0	0	0	6.24869e-007	1336.46	1304.57	1302.59
1304.55	873.267	543	1.#QNAN	0	0.016	0	6.16837e-007	1349.9	1304.55	1302.58
1304.51	873.212	544	1.#QNAN	0	0	0	6.23391e-007	1334.5	1304.51	1302.54
1304.44	873.161	545	1.#QNAN	0	0	0	6.18675e-007	1316.61	1304.44	1302.49
1304.41	873.116	546	1.#QNAN	0	0.016	0	6.11535e-007	1349.01	1304.41	1302.46
1304.37	873.084	547	1.#QNAN	0	0	0	6.20395e-007	1338.46	1304.37	1302.43
1304.34	873.061	548	1.#QNAN	0	0	0	6.45963e-007	1345.37	1304.34	1302.41
1304.31	873.031	549	1.#QNAN	0	0.015	0	6.33657e-007	1341.37	1304.31	1302.39
1304.29	872.987	550	1.#QNAN	0	0	0	6.49336e-007	1343.93	1304.29	1302.37
1304.26	872.96	551	1.#QNAN	0	0	0	6.45458e-007	1340.62	1304.26	1302.35
1304.25	872.928	552	1.#QNAN	0	0.016	0	6.13166e-007	1352.33	1304.25	1302.35
1304.22	872.9	553	1.#QNAN	0	0	0	6.34776e-007	1329.56	1304.22	1302.33
1304.2	872.854	554	1.#QNAN	0	0	0	6.44587e-007	1337.39	1304.2	1302.31
1304.18	872.819	555	1.#QNAN	0	0.015	0	6.14334e-007	1344.57	1304.18	1302.3
1304.13	872.761	556	1.#QNAN	0	0	0	6.286e-007	1325.81	1304.13	1302.26
1304.1	872.738	557	1.#QNAN	0	0	0	6.31888e-007	1339.99	1304.1	1302.24
1304.08	872.707	558	1.#QNAN	0	0	0	6.66444e-007	1336.02	1304.08	1302.22
1304.04	872.673	559	1.#QNAN	0	0.016	0	6.43234e-007	1341.75	1304.04	1302.19
1304	872.633	560	1.#QNAN	0	0	0	6.47257e-007	1335.12	1304	1302.16
1303.99	872.586	561	1.#QNAN	0	0	0	6.41411e-007	1352.2	1303.99	1302.16
1303.95	872.533	562	1.#QNAN	0	0.016	0	6.61286e-007	1333.93	1303.95	1302.13
1303.92	872.476	563	1.#QNAN	0	0	0	6.32248e-007	1339.01	1303.92	1302.1
1303.9	872.439	564	1.#QNAN	0	0	0	6.41205e-007	1347.29	1303.9	1302.08
1303.86	872.41	565	1.#QNAN	0	0.015	0	6.40741e-007	1326.78	1303.86	1302.05
1303.81	872.369	566	1.#QNAN	0	0	0	6.21105e-007	1325.31	1303.81	1302.02
1303.79	872.326	567	1.#QNAN	0	0	0	6.42701e-007	1340.76	1303.79	1302
1303.76	872.289	568	1.#QNAN	0	0.016	0	6.45862e-007	1322.95	1303.76	1301.97
1303.74	872.259	569	1.#QNAN	0	0	0	6.53392e-007	1342.47	1303.74	1301.96
1303.73	872.233	570	1.#QNAN	0	0	0	6.29976e-007	1339.14	1303.73	1301.95
1303.67	872.18	571	1.#QNAN	0	0.015	0	6.33823e-007	1315.75	1303.67	1301.91
1303.62	872.136	572	1.#QNAN	0	0	0	6.38372e-007	1321.11	1303.62	1301.86
1303.6	872.098	573	1.#QNAN	0	0	0	6.36457e-007	1337.7	1303.6	1301.85
1303.56	872.057	574	1.#QNAN	0	0	0	6.36377e-007	1340.45	1303.56	1301.82
1303.52	872.013	575	1.#QNAN	0	0.016	0	6.17703e-007	1325.12	1303.52	1301.79
1303.49	871.96	576	1.#QNAN	0	0	0	6.18239e-007	1331.4	1303.49	1301.76
1303.44	871.899	577	1.#QNAN	0	0	0	6.58231e-007	1320.09	1303.44	1301.72
1303.4	871.852	578	1.#QNAN	0	0.016	0	6.61453e-007	1323.61	1303.4	1301.68
1303.34	871.777	579	1.#QNAN	0	0	0	6.40782e-007	1319.08	1303.34	1301.63
1303.29	871.734	580	1.#QNAN	0	0	0	6.32245e-007	1322.11	1303.29	1301.59
1303.26	871.681	581	1.#QNAN	0	0.015	0	6.36426e-007	1328.2	1303.26	1301.57
1303.21	871.622	582	1.#QNAN	0	0	0	6.22535e-007	1322.45	1303.21	1301.53
1303.17	871.561	583	1.#QNAN	0	0	0	6.36424e-007	1333.56	1303.17	1301.49
1303.14	871.512	584	1.#QNAN	0	0.016	0	6.40256e-007	1334.11	1303.14	1301.47
1303.09	871.464	585	1.#QNAN	0	0	0	6.30553e-007	1317.55	1303.09	1301.42
1303.06	871.423	586	1.#QNAN	0	0	0	6.20394e-007	1331.22	1303.06	1301.4
1303.02	871.375	587	1.#QNAN	0	0	0	6.17766e-007	1317	1303.02	1301.36
1302.94	871.324	588	1.#QNAN	0	0.015	0	6.43576e-007	1300.37	1302.94	1301.3
1302.87	871.259	589	1.#QNAN	0	0	0	6.29678e-007	1308.23	1302.87	1301.23
1302.81	871.213	590	1.#QNAN	0	0	0	6.37018e-007	1319.36	1302.81	1301.18
1302.76	871.169	591	1.#QNAN	0	0.016	0	6.37503e-007	1315	1302.76	1301.13
1302.67	871.109	592	1.#QNAN	0	0	0	6.48981e-007	1298.18	1302.67	1301.05
1302.6	871.036	593	1.#QNAN	0	0	0	6.31206e-007	1300.89	1302.6	1300.99
1302.54	870.978	594	1.#QNAN	0	0.016	0	6.28286e-007	1305.65	1302.54	1300.93
1302.48	870.924	595	1.#QNAN	0	0	0	6.45153e-007	1308.87	1302.48	1300.88
1302.41	870.847	596	1.#QNAN	0	0	0	6.35994e-007	1301	1302.41	1300.81
1302.31	870.79	597	1.#QNAN	0	0.015	0	6.18253e-007	1291.25	1302.31	1300.72
1302.25	870.747	598	1.#QNAN	0	0	0	6.37478e-007	1308.96	1302.25	1300.67
1302.2	870.707	599	1.#QNAN	0	0	0	6.25612e-007	1313.51	1302.2	1300.62
1302.15	870.64	600	1.#QNAN	0	0	0	6.56028e-007	1316.88	1302.15	1300.57
1302.1	870.597	601	1.#QNAN	0	0.016	0	6.45062e-007	1312.13	1302.1	1300.53
1302.06	870.551	602	1.#QNAN	0	0	0	6.31451e-007	1317.33	1302.06	1300.5
1302.01	870.518	603	1.#QNAN	0	0	0	6.4872e-007	1306.6	1302.01	1300.45
1301.95	870.464	604	1.#QNAN	0	0.015	0	6.43586e-007	1308.8	1301.95	1300.4
1301.88	870.407	605	1.#QNAN	0	0	0	6.49587e-007	1301.84	1301.88	1300.34
1301.82	870.351	606	1.#QNAN	0	0	0	6.65972e-007	1304.51	1301.82	1300.28
1301.75	870.31	607	1.#QNAN	0	0	0	6.36359e-007	1309.05	1301.75	1300.22
1301.71	870.267	608	1.#QNAN	0	0.016	0	6.43468e-007	1317.15	1301.71	1300.18
1301.68	870.241	609	1.#QNAN	0	0	0	6.66322e-007	1334.94	1301.68	1300.16
1301.61	870.182	610	1.#QNAN	0	0	0	6.22862e-007	1309.06	1301.61	1300.09
1301.57	870.141	611	1.#QNAN	0	0.016	0	6.4013e-007	1324.39	1301.57	1300.06
1301.5	870.098	612	1.#QNAN	0	0	0	6.39008e-007	1298.62	1301.5	1299.99
1301.43	870.046	613	1.#QNAN	0	0	0	6.51621e-007	1305.57	1301.43	1299.93
1301.37	869.992	614	1.#QNAN	0	0.015	0	6.46552e-007	1311.55	1301.37	1299.88
1301.3	869.931	615	1.#QNAN	0	0	0	6.4335e-007	1301.92	1301.3	1299.82
1301.27	869.895	616	1.#QNAN	0	0	0	6.52485e-007	1329.76	1301.27	1299.8
1301.26	869.863	617	1.#QNAN	0	0.016	0	6.41929e-007	1334.27	1301.26	1299.79
1301.24	869.823	618	1.#QNAN	0	0	0	6.71492e-007	1325.63	1301.24	1299.77
1301.2	869.778	619	1.#QNAN	0	0	0	6.20375e-007	1324.4	1301.2	1299.74
1301.13	869.718	620	1.#QNAN	0	0	0	6.38866e-007	1302.25	1301.13	1299.68
1301.1	869.677	621	1.#QNAN	0	0.015	0	6.46175e-007	1329.57	1301.1	1299.65
1301.05	869.632	622	1.#QNAN	0	0	0	6.42121e-007	1330.4	1301.05	1299.6
1300.98	869.591	623	1.#QNAN	0	0	0	6.16962e-007	1314.08	1300.98	1299.55
1300.89	869.532	624	1.#QNAN	0	0.016	0	6.47814e-007	1297.42	1300.89	1299.46
1300.83	869.486	625	1.#QNAN	0	0	0	6.35175e-007	1320.38	1300.83	1299.41
1300.79	869.438	626	1.#QNAN	0	0	0	6.43753e-007	1325.8	1300.79	1299.37
1300.76	869.401	627	1.#QNAN	0	0.016	0	6.33144e-007	1330.94	1300.76	1299.35
1300.75	869.383	628	1.#QNAN	0	0	0	6.42088e-007	1332.97	1300.75	1299.34
1300.73	869.349	629	1.#QNAN	0	0	0	6.37756e-007	1347.5	1300.73	1299.33
1300.73	869.323	630	1.#QNAN	0	0	0	6.48367e-007	1354.57	1300.73	1299.34
1300.72	869.292	631	1.#QNAN	0	0.015	0	6.44199e-007	1348.06	1300.72	1299.33
1300.71	869.258	632	1.#QNAN	0	0	0	6.36931e-007	1343.48	1300.71	1299.33
1300.68	869.222	633	1.#QNAN	0	0	0	6.47055e-007	1331.16	1300.68	1299.3
1300.65	869.174	634	1.#QNAN	0	0.016	0	6.2305e-007	1326.61	1300.65	1299.27
1300.65	869.155	635	1.#QNAN	0	0	0	6.40862e-007	1343.37	1300.65	1299.28
1300.64	869.131	636	1.#QNAN	0	0	0	6.44641e-007	1344.02	1300.64	1299.28
1300.62	869.09	637	1.#QNAN	0	0	0	6.41788e-007	1333.76	1300.62	1299.26
1300.6	869.065	638	1.#QNAN	0	0.015	0	6.53025e-007	1327.32	1300.6	1299.24
1300.57	869.043	639	1.#QNAN	0	0	0	6.23237e-007	1333.85	1300.57	1299.22
1300.53	869.008	640	1.#QNAN	0	0	0	6.49114e-007	1323.36	1300.53	1299.18
1300.5	868.974	641	1.#QNAN	0	0.016	0	6.31286e-007	1330.79	1300.5	1299.16
1300.48	868.949	642	1.#QNAN	0	0	0	6.38615e-007	1335.25	1300.48	1299.15
1300.46	868.93	643	1.#QNAN	0	0	0	6.16342e-007	1334.2	1300.46	1299.13
1300.41	868.897	644	1.#QNAN	0	0.016	0	6.57325e-007	1321.24	1300.41	1299.09
1300.39	868.868	645	1.#QNAN	0	0	0	6.53557e-007	1330.39	1300.39	1299.07
1300.35	868.834	646	1.#QNAN	0	0	0	6.69831e-007	1323.04	1300.35	1299.04
1300.33	868.798	647	1.#QNAN	0	0	0	6.43443e-007	1331.45	1300.33	1299.02
1300.3	868.765	648	1.#QNAN	0	0	0	6.43142e-007	1334.98	1300.3	1299
1300.3	868.75	649	1.#QNAN	0	0	0	6.47969e-007	1347.9	1300.3	1299
1300.28	868.721	650	1.#QNAN	0	0	0	6.36129e-007	1329.69	1300.28	1298.98
1300.24	868.686	651	1.#QNAN	0	0.016	0	6.4726e-007	1318.81	1300.24	1298.95
1300.22	868.66	652	1.#QNAN	0	0	0	6.44489e-007	1333.2	1300.22	1298.93
1300.18	868.635	653	1.#QNAN	0	0	0	6.12643e-007	1318.1	1300.18	1298.9
1300.15	868.604	654	1.#QNAN	0	0.015	0	6.30266e-007	1325.48	1300.15	1298.87
1300.11	868.578	655	1.#QNAN	0	0	0	6.32576e-007	1320.8	1300.11	1298.83
1300.06	868.561	656	1.#QNAN	0	0	0	6.39198e-007	1322.48	1300.06	1298.79
1300.01	868.542	657	1.#QNAN	0	0.016	0	6.51606e-007	1324.49	1300.01	1298.75
1299.99	868.521	658	1.#QNAN	0	0	0	6.40474e-007	1342.19	1299.99	1298.72
1299.93	868.487	659	1.#QNAN	0	0	0	6.50541e-007	1324.7	1299.93	1298.68
1299.88	868.457	660	1.#QNAN	0	0	0	6.32604e-007	1314.07	1299.88	1298.63
1299.84	868.43	661	1.#QNAN	0	0.016	0	6.48742e-007	1319.13	1299.84	1298.59
1299.8	868.41	662	1.#QNAN	0	0	0	6.58826e-007	1320.38	1299.8	1298.55
1299.73	868.375	663	1.#QNAN	0	0	0	6.34606e-007	1305.8	1299.73	1298.49
1299.68	868.321	664	1.#QNAN	0	0.015	0	6.42646e-007	1321.15	1299.68	1298.44
1299.64	868.286	665	1.#QNAN	0	0	0	6.44293e-007	1321.05	1299.64	1298.41
1299.6	868.243	666	1.#QNAN	0	0	0	6.73897e-007	1318.71	1299.6	1298.37
1299.57	868.22	667	1.#QNAN	0	0.016	0	6.48903e-007	1327.26	1299.57	1298.35
1299.54	868.191	668	1.#QNAN	0	0	0	6.6672e-007	1326.16	1299.54	1298.33
1299.49	868.165	669	1.#QNAN	0	0	0	6.55011e-007	1311.79	1299.49	1298.28
1299.47	868.136	670	1.#QNAN	0	0.015	0	6.6274e-007	1324.73	1299.47	1298.26
1299.4	868.101	671	1.#QNAN	0	0	0	6.33931e-007	1301.82	1299.4	1298.19
1299.34	868.08	672	1.#QNAN	0	0	0	6.33916e-007	1303.91	1299.34	1298.14
1299.31	868.056	673	1.#QNAN	0	0.016	0	6.18478e-007	1324.96	1299.31	1298.12
1299.31	868.023	674	1.#QNAN	0	0	0	6.25032e-007	1343.7	1299.31	1298.12
1299.28	867.997	675	1.#QNAN	0	0	0	6.74271e-007	1344.85	1299.28	1298.1
1299.27	867.976	676	1.#QNAN	0	0	0	6.23448e-007	1339.38	1299.27	1298.09
1299.27	867.956	677	1.#QNAN	0	0.016	0	6.82662e-007	1343.39	1299.27	1298.09
1299.28	867.942	678	1.#QNAN	0	0	0	6.25423e-007	1358.17	1299.28	1298.11
1299.25	867.925	679	1.#QNAN	0	0	0	6.40195e-007	1322.92	1299.25	1298.09
1299.24	867.907	680	1.#QNAN	0	0.015	0	6.37889e-007	1338.98	1299.24	1298.08
1299.23	867.889	681	1.#QNAN	0	0	0	6.50401e-007	1337.4	1299.23	1298.07
1299.23	867.881	682	1.#QNAN	0	0	0	6.52258e-007	1339.25	1299.23	1298.08
1299.21	867.866	683	1.#QNAN	0	0.016	0	6.51299e-007	1327.12	1299.21	1298.06
1299.21	867.852	684	1.#QNAN	0	0	0	6.46085e-007	1339.19	1299.21	1298.06
1299.19	867.833	685	1.#QNAN	0	0	0	6.10887e-007	1329.29	1299.19	1298.04
1299.16	867.812	686	1.#QNAN	0	0	0	6.69517e-007	1324.1	1299.16	1298.02
1299.14	867.787	687	1.#QNAN	0	0	0	6.52949e-007	1334.98	1299.14	1298.01
1299.1	867.759	688	1.#QNAN	0	0	0	6.3774e-007	1311.85	1299.1	1297.97
1299.1	867.736	689	1.#QNAN	0	0	0	6.35771e-007	1341.28	1299.1	1297.98
1299.09	867.734	690	1.#QNAN	0	0.016	0	6.39427e-007	1334.93	1299.09	1297.97
1299.06	867.714	691	1.#QNAN	0	0	0	6.3734e-007	1319.24	1299.06	1297.95
1299.02	867.695	692	1.#QNAN	0	0	0	6.21309e-007	1305.24	1299.02	1297.91
1298.99	867.665	693	1.#QNAN	0	0.016	0	6.16918e-007	1319.66	1298.99	1297.89
1298.97	867.641	694	1.#QNAN	0	0	0	6.48993e-007	1318.9	1298.97	1297.87
1298.96	867.636	695	1.#QNAN	0	0	0	6.45467e-007	1322.13	1298.96	1297.86
1298.95	867.618	696	1.#QNAN	0	0.015	0	6.67955e-007	1336.07	1298.95	1297.85
1298.93	867.606	697	1.#QNAN	0	0	0	6.51266e-007	1322.63	1298.93	1297.84
1298.9	867.581	698	1.#QNAN	0	0	0	6.41554e-007	1312.54	1298.9	1297.81
1298.89	867.563	699	1.#QNAN	0	0	0	6.47004e-007	1327.02	1298.89	1297.81
1298.89	867.562	700	1.#QNAN	0	0.016	0	6.44221e-007	1334.24	1298.89	1297.81
1298.86	867.542	701	1.#QNAN	0	0	0	6.62753e-007	1309.73	1298.86	1297.79
1298.86	867.534	702	1.#QNAN	0	0	0	6.23678e-007	1343.17	1298.86	1297.79
1298.85	867.507	703	1.#QNAN	0	0.015	0	6.32246e-007	1332.53	1298.85	1297.79
1298.81	867.476	704	1.#QNAN	0	0	0	6.361e-007	1308.33	1298.81	1297.76
1298.79	867.441	705	1.#QNAN	0	0	0	6.50973e-007	1314.65	1298.79	1297.74
1298.77	867.431	706	1.#QNAN	0	0.016	0	6.42972e-007	1314.26	1298.77	1297.72
1298.75	867.399	707	1.#QNAN	0	0	0	6.45363e-007	1316.71	1298.75	1297.7
1298.73	867.384	708	1.#QNAN	0	0	0	6.45077e-007	1318.42	1298.73	1297.68
1298.71	867.359	709	1.#QNAN	0	0	0	6.48909e-007	1317.26	1298.71	1297.67
1298.67	867.338	710	1.#QNAN	0	0	0	6.62898e-007	1309.74	1298.67	1297.63
1298.65	867.3	711	1.#QNAN	0	0	0	6.38588e-007	1339.43	1298.65	1297.62
1298.64	867.298	712	1.#QNAN	0	0	0	6.59597e-007	1330.09	1298.64	1297.61
1298.61	867.279	713	1.#QNAN	0	0.015	0	6.43751e-007	1324.13	1298.61	1297.59
1298.57	867.25	714	1.#QNAN	0	0	0	6.53596e-007	1320.84	1298.57	1297.55
1298.55	867.238	715	1.#QNAN	0	0	0	6.3145e-007	1332.95	1298.55	1297.54
1298.55	867.223	716	1.#QNAN	0	0.016	0	6.53291e-007	1335.1	1298.55	1297.54
1298.55	867.215	717	1.#QNAN	0	0	0	6.41776e-007	1341.31	1298.55	1297.54
1298.52	867.187	718	1.#QNAN	0	0	0	6.475e-007	1322.37	1298.52	1297.52
1298.5	867.162	719	1.#QNAN	0	0.015	0	6.30379e-007	1324.04	1298.5	1297.5
1298.51	867.139	720	1.#QNAN	0	0	0	6.46487e-007	1348.08	1298.51	1297.51
1298.51	867.142	721	1.#QNAN	0	0	0	6.31607e-007	1342.14	1298.51	1297.51
1298.5	867.13	722	1.#QNAN	0	0.016	1	6.41194e-007	1330.74	1298.5	1297.5
1298.49	867.119	723	1.#QNAN	0	0	0	6.28018e-007	1325.43	1298.49	1297.5
1298.47	867.104	724	1.#QNAN	0	0	0	6.49478e-007	1323.63	1298.47	1297.48
1298.47	867.095	725	1.#QNAN	0	0	0	6.49805e-007	1340.9	1298.47	1297.48
1298.46	867.074	726	1.#QNAN	0	0.016	0	6.15341e-007	1330.94	1298.46	1297.48
1298.43	867.035	727	1.#QNAN	0	0	0	6.34656e-007	1313.42	1298.43	1297.45
1298.4	867.028	728	1.#QNAN	0	0	0	6.25665e-007	1316.92	1298.4	1297.43
1298.39	867.003	729	1.#QNAN	0	0.015	0	6.38517e-007	1327.56	1298.39	1297.42
1298.39	866.997	730	1.#QNAN	0	0	0	6.32856e-007	1347.63	1298.39	1297.42
1298.35	866.969	731	1.#QNAN	0	0	0	6.37008e-007	1323.19	1298.35	1297.39
1298.33	866.947	732	1.#QNAN	0	0.016	0	6.28008e-007	1322.12	1298.33	1297.37
1298.31	866.924	733	1.#QNAN	0	0	0	6.16198e-007	1325.44	1298.31	1297.35
1298.3	866.903	734	1.#QNAN	0	0	0	6.427e-007	1337.18	1298.3	1297.35
1298.29	866.887	735	1.#QNAN	0	0	0	6.62445e-007	1332.1	1298.29	1297.34
1298.27	866.869	736	1.#QNAN	0	0.015	0	6.24774e-007	1325.4	1298.27	1297.32
1298.25	866.856	737	1.#QNAN	0	0	0	6.52019e-007	1317.5	1298.25	1297.3
1298.25	866.844	738	1.#QNAN	0	0	0	6.46366e-007	1334.49	1298.25	1297.3
1298.22	866.824	739	1.#QNAN	0	0.016	0	6.31013e-007	1321.52	1298.22	1297.28
1298.21	866.805	740	1.#QNAN	0	0	0	6.62838e-007	1323.2	1298.21	1297.26
1298.17	866.789	741	1.#QNAN	0	0	0	6.33013e-007	1311.73	1298.17	1297.23
1298.12	866.749	742	1.#QNAN	0	0.016	0	6.39103e-007	1300.24	1298.12	1297.18
1298.1	866.724	743	1.#QNAN	0	0	0	6.46446e-007	1330.42	1298.1	1297.17
1298.07	866.696	744	1.#QNAN	0	0	0	6.38337e-007	1320.43	1298.07	1297.14
1298.05	866.688	745	1.#QNAN	0	0	0	6.23087e-007	1322.4	1298.05	1297.12
1298.03	866.67	746	1.#QNAN	0	0.015	0	6.31342e-007	1325.11	1298.03	1297.1
1298.02	866.655	747	1.#QNAN	0	0	0	6.34328e-007	1336.93	1298.02	1297.09
1298.02	866.643	748	1.#QNAN	0	0	0	6.54751e-007	1344.2	1298.02	1297.1
1298	866.631	749	1.#QNAN	0	0.016	0	6.62604e-007	1324.3	1298	1297.09
1297.99	866.609	750	1.#QNAN	0	0	0	6.5269e-007	1323.79	1297.99	1297.07
1297.96	866.598	751	1.#QNAN	0	0	0	6.35854e-007	1329.25	1297.96	1297.05
1297.96	866.569	752	1.#QNAN	0	0.015	0	6.49095e-007	1334.35	1297.96	1297.05
1297.94	866.546	753	1.#QNAN	0	0	0	6.60626e-007	1321.55	1297.94	1297.04
1297.95	866.531	754	1.#QNAN	0	0	0	6.37471e-007	1351.77	1297.95	1297.05
1297.96	866.514	755	1.#QNAN	0	0.016	0	6.62152e-007	1351.47	1297.96	1297.07
1297.96	866.494	756	1.#QNAN	0	0	0	6.76723e-007	1337.97	1297.96	1297.07
1297.97	866.485	757	1.#QNAN	0	0	0	6.55918e-007	1348.39	1297.97	1297.08
1297.97	866.474	758	1.#QNAN	0	0	0	6.36169e-007	1345.89	1297.97	1297.08
1297.97	866.447	759	1.#QNAN	0	0.016	0	6.42948e-007	1352.97	1297.97	1297.09
1297.97	866.435	760	1.#QNAN	0	0	0	6.24579e-007	1350.47	1297.97	1297.09
1297.97	866.427	761	1.#QNAN	0	0	0	6.30987e-007	1350.01	1297.97	1297.09
1297.97	866.414	762	1.#QNAN	0	0.015	0	6.70561e-007	1353.23	1297.97	1297.09
1297.96	866.411	763	1.#QNAN	0	0	0	6.37795e-007	1344.34	1297.96	1297.09
1297.96	866.401	764	1.#QNAN	0	0	0	6.52859e-007	1339.01	1297.96	1297.09
1297.95	866.383	765	1.#QNAN	0	0.016	0	6.61789e-007	1344.33	1297.95	1297.08
1297.94	866.371	766	1.#QNAN	0	0	0	6.58795e-007	1327.71	1297.94	1297.07
1297.93	866.359	767	1.#QNAN	0	0	0	6.41078e-007	1333.12	1297.93	1297.07
1297.92	866.342	768	1.#QNAN	0	0	0	6.49219e-007	1333.23	1297.92	1297.06
1297.91	866.319	769	1.#QNAN	0	0	0	6.43522e-007	1333.39	1297.91	1297.05
1297.89	866.304	770	1.#QNAN	0	0	0	6.62881e-007	1329.55	1297.89	1297.04
1297.88	866.299	771	1.#QNAN	0	0	0	6.28363e-007	1338.35	1297.88	1297.03
1297.89	866.296	772	1.#QNAN	0	0.016	0	6.33532e-007	1350.88	1297.89	1297.04
1297.89	866.289	773	1.#QNAN	0	0	0	6.63046e-007	1343.61	1297.89	1297.04
1297.88	866.274	774	1.#QNAN	0	0	0	6.58868e-007	1342.08	1297.88	1297.04
1297.88	866.272	775	1.#QNAN	0	0.016	0	6.45526e-007	1337.16	1297.88	1297.04
1297.86	866.264	776	1.#QNAN	0	0	0	6.32339e-007	1337.64	1297.86	1297.03
1297.83	866.238	777	1.#QNAN	0	0	0	6.67365e-007	1319.29	1297.83	1297
1297.82	866.225	778	1.#QNAN	0	0.015	0	6.39793e-007	1334.38	1297.82	1296.99
1297.79	866.195	779	1.#QNAN	0	0	0	6.34676e-007	1316.43	1297.79	1296.96
1297.76	866.178	780	1.#QNAN	0	0	0	6.67147e-007	1317.98	1297.76	1296.93
1297.74	866.169	781	1.#QNAN	0	0	0	6.47023e-007	1330.04	1297.74	1296.92
1297.71	866.157	782	1.#QNAN	0	0.016	0	6.76073e-007	1319.45	1297.71	1296.89
1297.71	866.132	783	1.#QNAN	0	0	0	6.40698e-007	1338.77	1297.71	1296.89
1297.7	866.127	784	1.#QNAN	0	0	0	6.23407e-007	1337.59	1297.7	1296.88
1297.69	866.117	785	1.#QNAN	0	0.015	0	6.64215e-007	1332.93	1297.69	1296.88
1297.7	866.112	786	1.#QNAN	0	0	0	6.52047e-007	1349.83	1297.7	1296.89
1297.68	866.099	787	1.#QNAN	0	0	0	6.45742e-007	1327.25	1297.68	1296.88
1297.68	866.085	788	1.#QNAN	0	0.016	0	6.56496e-007	1328.85	1297.68	1296.87
1297.64	866.065	789	1.#QNAN	0	0	0	6.27105e-007	1314.85	1297.64	1296.85
1297.61	866.04	790	1.#QNAN	0	0	0	6.64735e-007	1313.26	1297.61	1296.81
1297.57	866.016	791	1.#QNAN	0	0.016	0	6.34264e-007	1319.81	1297.57	1296.78
1297.55	865.985	792	1.#QNAN	0	0	0	6.46291e-007	1326.47	1297.55	1296.76
1297.54	865.969	793	1.#QNAN	0	0	0	6.54562e-007	1338.77	1297.54	1296.76
1297.51	865.95	794	1.#QNAN	0	0	0	6.55284e-007	1317.37	1297.51	1296.73
1297.47	865.931	795	1.#QNAN	0	0.015	0	6.48953e-007	1304.38	1297.47	1296.7
1297.44	865.903	796	1.#QNAN	0	0	0	6.49523e-007	1317.06	1297.44	1296.66
1297.43	865.887	797	1.#QNAN	0	0	0	6.50686e-007	1338.23	1297.43	1296.66
1297.4	865.849	798	1.#QNAN	0	0.016	0	6.54539e-007	1308.52	1297.4	1296.63
1297.38	865.833	799	1.#QNAN	0	0	0	6.47656e-007	1324.1	1297.38	1296.61
