rmse	mae	#iter	time_pred	time_learn	time_learn2	time_learn4	alpha	rmse_mcmc_this	rmse_mcmc_all	rmse_mcmc_all_but5
18542.8	12660.7	0	1.#QNAN	0	0	0	7.68908e-012	18542.8	18542.8	4162.21
17577.4	11846.6	1	1.#QNAN	0	0.016	0	1.49607e-010	17880.5	17577.4	4162.21
17495	11686.2	2	1.#QNAN	0	0	0	1.84437e-010	18036.7	17495	4162.21
17554.5	11644.1	3	1.#QNAN	0	0	0	2.14561e-010	18237.1	17554.5	4162.21
17440.4	11472.1	4	1.#QNAN	0	0.016	0	2.25867e-010	17487.9	17440.4	37734.5
17419.1	11434.3	5	1.#QNAN	0	0	0	2.48998e-010	17710.7	17419.1	17710.7
17262.6	11276.6	6	1.#QNAN	0	0	0	2.79821e-010	16668.2	17262.6	17080.1
17136.7	11152.5	7	1.#QNAN	0	0.015	0	2.9923e-010	16643.6	17136.7	16823.8
17064.3	11086.8	8	1.#QNAN	0	0	0	3.15613e-010	16852.8	17064.3	16760.5
16954.5	10989.7	9	1.#QNAN	0	0	0	3.56317e-010	16352.3	16954.5	16613.7
16835.3	10885.2	10	1.#QNAN	0	0	0	3.94604e-010	16114.5	16835.3	16472.6
16707.3	10775.1	11	1.#QNAN	0	0.016	0	4.18465e-010	15846.8	16707.3	16324.7
16582.6	10677.5	12	1.#QNAN	0	0	0	4.62435e-010	15580.1	16582.6	16182.8
16483.8	10602.8	13	1.#QNAN	0	0	0	4.89882e-010	15786.1	16483.8	16086.7
16320.9	10477.3	14	1.#QNAN	0	0.015	0	5.1638e-010	14704.5	16320.9	15895.2
16183.8	10374.4	15	1.#QNAN	0	0	0	5.87942e-010	14775.2	16183.8	15750.5
16047.2	10276.4	16	1.#QNAN	0	0	0	6.3671e-010	14452.3	16047.2	15604.6
15921.6	10187.9	17	1.#QNAN	0	0.016	0	6.84766e-010	14380.1	15921.6	15477.2
15808.7	10109.3	18	1.#QNAN	0	0	0	7.4265e-010	14351.4	15808.7	15365.9
15679.8	10021	19	1.#QNAN	0	0	0	7.8592e-010	13959.3	15679.8	15234.9
15540.2	9924.17	20	1.#QNAN	0	0	0	8.20226e-010	13543.4	15540.2	15091.3
15419.6	9838.28	21	1.#QNAN	0	0.016	0	8.66407e-010	13600.7	15419.6	14972.2
15292.5	9755.09	22	1.#QNAN	0	0	0	9.68898e-010	13344.3	15292.5	14844.3
15164.2	9672.47	23	1.#QNAN	0	0	0	1.05201e-009	13075.5	15164.2	14715.7
15030.8	9584.84	24	1.#QNAN	0	0.015	0	1.13594e-009	12702.9	15030.8	14581
14887.1	9487.12	25	1.#QNAN	0	0	0	1.16624e-009	12342.6	14887.1	14435.2
14742.3	9389.03	26	1.#QNAN	0	0	0	1.31295e-009	11995.8	14742.3	14287.9
14605.5	9301.1	27	1.#QNAN	0	0.016	0	1.34981e-009	12003.2	14605.5	14150.1
14458.3	9203.68	28	1.#QNAN	0	0	0	1.44978e-009	11542.5	14458.3	14000.1
14314.7	9107.37	29	1.#QNAN	0	0	0	1.6121e-009	11358.2	14314.7	13855.2
14185.1	9021.4	30	1.#QNAN	0	0	0	1.7432e-009	11537.4	14185.1	13727.2
14054.6	8935.76	31	1.#QNAN	0	0.015	0	1.86991e-009	11167.7	14054.6	13596.6
13918.9	8847.9	32	1.#QNAN	0	0	0	1.96094e-009	10905.4	13918.9	13461
13784.3	8759.15	33	1.#QNAN	0	0	0	2.07455e-009	10680.1	13784.3	13326.9
13651.7	8672.62	34	1.#QNAN	0	0.016	0	2.08739e-009	10534.1	13651.7	13194.6
13514.5	8583.83	35	1.#QNAN	0	0	0	2.36212e-009	10127.4	13514.5	13057.6
13380.6	8497.89	36	1.#QNAN	0	0	0	2.58328e-009	10082.3	13380.6	12924.6
13250.8	8415.85	37	1.#QNAN	0	0	0	2.79299e-009	9984.45	13250.8	12795.8
13118.8	8331.35	38	1.#QNAN	0	0	0	2.95079e-009	9586.2	13118.8	12664.7
12984.7	8245.1	39	1.#QNAN	0	0	0	3.15772e-009	9312.67	12984.7	12531.3
12858.2	8165.18	40	1.#QNAN	0	0	0	3.61367e-009	9249.81	12858.2	12406.2
12737.7	8089.4	41	1.#QNAN	0	0.015	0	3.83242e-009	9218.91	12737.7	12287.7
12610	8008.68	42	1.#QNAN	0	0	0	4.35137e-009	8785.57	12610	12160.9
12483.3	7927.93	43	1.#QNAN	0	0	0	4.39301e-009	8627.28	12483.3	12035.2
12360.5	7850.14	44	1.#QNAN	0	0.016	0	4.90645e-009	8545.28	12360.5	11913.9
12234	7769.83	45	1.#QNAN	0	0	0	5.46723e-009	8148.29	12234	11788.5
12107.8	7689.61	46	1.#QNAN	0	0	0	5.88344e-009	7962.88	12107.8	11663.4
11979.8	7608.09	47	1.#QNAN	0	0.015	0	6.23211e-009	7763.56	11979.8	11536.4
11852.8	7527.65	48	1.#QNAN	0	0	0	6.88923e-009	7583.89	11852.8	11410.4
11728.2	7449.41	49	1.#QNAN	0	0	0	7.44693e-009	7431.5	11728.2	11287
11605.7	7374.95	50	1.#QNAN	0	0.016	0	8.14177e-009	7407.33	11605.7	11165.7
11483.7	7299.24	51	1.#QNAN	0	0	0	8.99107e-009	7221.4	11483.7	11045.1
11363.6	7224.48	52	1.#QNAN	0	0	0	9.39487e-009	7162.28	11363.6	10926.5
11243.8	7149.55	53	1.#QNAN	0	0.016	0	9.8442e-009	6905.66	11243.8	10808.1
11125	7075.57	54	1.#QNAN	0	0	0	1.07888e-008	6861.73	11125	10690.7
11007.2	7001.54	55	1.#QNAN	0	0	0	1.17508e-008	6803.71	11007.2	10574.5
10891	6928.39	56	1.#QNAN	0	0.015	0	1.2653e-008	6643.96	10891	10460
10777.3	6857.67	57	1.#QNAN	0	0	0	1.31582e-008	6634.25	10777.3	10348.3
10661.2	6784.44	58	1.#QNAN	0	0	0	1.40324e-008	6401.69	10661.2	10233.8
10549.5	6713.39	59	1.#QNAN	0	0.016	0	1.50722e-008	6442.1	10549.5	10124.1
10440	6643.94	60	1.#QNAN	0	0	0	1.49704e-008	6384.87	10440	10016.8
10330.8	6574.41	61	1.#QNAN	0	0	0	1.62884e-008	6264.69	10330.8	9909.79
10224.3	6506.06	62	1.#QNAN	0	0	0	1.65762e-008	6289.61	10224.3	9805.82
10120.2	6440.81	63	1.#QNAN	0	0.015	0	1.69557e-008	6297.35	10120.2	9704.29
10019.3	6377.76	64	1.#QNAN	0	0	0	1.76837e-008	6307.69	10019.3	9606.07
9918.96	6314.65	65	1.#QNAN	0	0	0	1.7814e-008	6069.87	9918.96	9508.33
9819.05	6252.45	66	1.#QNAN	0	0.016	0	1.92945e-008	5986.79	9819.05	9410.99
9724.61	6193.23	67	1.#QNAN	0	0	0	1.92685e-008	6088.05	9724.61	9319.47
9633.34	6135.32	68	1.#QNAN	0	0	0	1.93428e-008	6105.29	9633.34	9231.28
9542.38	6077.96	69	1.#QNAN	0	0.016	0	1.94146e-008	6061.63	9542.38	9143.49
9452.72	6022.51	70	1.#QNAN	0	0	0	2.01706e-008	6089.77	9452.72	9057.01
9365.5	5967.92	71	1.#QNAN	0	0	0	2.04656e-008	6053.36	9365.5	8973.08
9280.03	5914.58	72	1.#QNAN	0	0.015	0	2.06831e-008	5977.57	9280.03	8890.87
9196.54	5862.91	73	1.#QNAN	0	0	0	2.16341e-008	6014.83	9196.54	8810.82
9115.83	5812.69	74	1.#QNAN	0	0	0	2.11934e-008	5978.38	9115.83	8733.5
9036.37	5762.93	75	1.#QNAN	0	0.016	0	2.12057e-008	5896.59	9036.37	8657.54
8958.98	5714.57	76	1.#QNAN	0	0	0	2.16009e-008	5893	8958.98	8583.67
8884.17	5668.3	77	1.#QNAN	0	0	0	2.30433e-008	5966.85	8884.17	8512.46
8811.27	5623	78	1.#QNAN	0	0.015	0	2.23139e-008	5894.83	8811.27	8443.22
8740.65	5579.01	79	1.#QNAN	0	0	0	2.23837e-008	5919.18	8740.65	8376.28
8671.21	5536.39	80	1.#QNAN	0	0	0	2.22226e-008	5907.56	8671.21	8310.65
8603.91	5494.84	81	1.#QNAN	0	0	0	2.23354e-008	5925	8603.91	8247.13
8538.84	5453.93	82	1.#QNAN	0	0.016	0	2.38253e-008	5851.77	8538.84	8185.87
8475.44	5414.59	83	1.#QNAN	0	0	0	2.37442e-008	5905.34	8475.44	8126.3
8413.82	5375.93	84	1.#QNAN	0	0	0	2.42419e-008	5853.6	8413.82	8068.53
8353.85	5338.12	85	1.#QNAN	0	0.016	0	2.38502e-008	5854.8	8353.85	8012.41
8295.36	5301.1	86	1.#QNAN	0	0	0	2.42744e-008	5863.93	8295.36	7957.75
8236.71	5264.36	87	1.#QNAN	0	0	0	2.49745e-008	5859.28	8236.71	7902.88
8181.03	5229.68	88	1.#QNAN	0	0.015	0	2.48747e-008	5908.67	8181.03	7851.08
8127.37	5196.01	89	1.#QNAN	0	0	0	2.4901e-008	5919.68	8127.37	7801.31
8074.32	5162.71	90	1.#QNAN	0	0	0	2.53167e-008	5771.99	8074.32	7752
8022	5129.73	91	1.#QNAN	0	0	0	2.57763e-008	5732.67	8022	7703.41
7971.41	5098.04	92	1.#QNAN	0	0.016	0	2.62009e-008	5818.71	7971.41	7656.56
7922.09	5067.56	93	1.#QNAN	0	0	0	2.50433e-008	5845.14	7922.09	7611.01
7873.81	5037.2	94	1.#QNAN	0	0	0	2.70836e-008	5772.58	7873.81	7566.45
7826.32	5007.76	95	1.#QNAN	0	0.015	0	2.74159e-008	5845.67	7826.32	7522.65
7779.41	4978.05	96	1.#QNAN	0	0	0	2.75141e-008	5709.12	7779.41	7479.39
7733.34	4948.84	97	1.#QNAN	0	0	0	2.70889e-008	5672.18	7733.34	7436.86
7688.47	4920.45	98	1.#QNAN	0	0.016	0	2.88949e-008	5779.75	7688.47	7395.56
7644.42	4892.72	99	1.#QNAN	0	0	0	2.76354e-008	5735.66	7644.42	7355.05
7601.99	4865.68	100	1.#QNAN	0	0	0	2.77053e-008	5718.69	7601.99	7316.15
7560.2	4839.6	101	1.#QNAN	0	0	0	2.81918e-008	5644.79	7560.2	7277.85
7518.79	4813.57	102	1.#QNAN	0	0.016	0	2.7928e-008	5675.63	7518.79	7239.91
7479.89	4789.32	103	1.#QNAN	0	0	0	2.73071e-008	5815.19	7479.89	7204.52
7441.96	4765.48	104	1.#QNAN	0	0	0	2.76261e-008	5817.12	7441.96	7170.07
7404.54	4741.71	105	1.#QNAN	0	0.015	0	2.83352e-008	5638.22	7404.54	7136.05
7367.66	4718.33	106	1.#QNAN	0	0	0	2.95348e-008	5641.86	7367.66	7102.52
7331.33	4695.21	107	1.#QNAN	0	0	0	2.94522e-008	5618.68	7331.33	7069.48
7296.37	4673.09	108	1.#QNAN	0	0.016	0	2.88257e-008	5603.83	7296.37	7037.81
7261.6	4651.15	109	1.#QNAN	0	0	0	3.00323e-008	5571.76	7261.6	7006.23
7228.57	4629.75	110	1.#QNAN	0	0	0	3.03914e-008	5578.55	7228.57	6976.39
7196.81	4609.43	111	1.#QNAN	0	0	0	2.99081e-008	5639.1	7196.81	6947.82
7165.49	4589.1	112	1.#QNAN	0	0.015	0	2.83938e-008	5604.94	7165.49	6919.62
7134.87	4569.28	113	1.#QNAN	0	0	0	2.93495e-008	5664.9	7134.87	6892.1
7105.12	4549.97	114	1.#QNAN	0	0	0	2.93412e-008	5687.16	7105.12	6865.46
7075.58	4530.38	115	1.#QNAN	0	0.016	0	3.11156e-008	5589.21	7075.58	6838.96
7046.76	4511.45	116	1.#QNAN	0	0	0	3.0629e-008	5631.79	7046.76	6813.18
7018.31	4492.89	117	1.#QNAN	0	0	0	3.04694e-008	5529.6	7018.31	6787.67
6990.56	4474.67	118	1.#QNAN	0	0.016	0	3.09155e-008	5514.16	6990.56	6762.8
6963.25	4456.48	119	1.#QNAN	0	0	0	3.04649e-008	5483.48	6963.25	6738.35
6937.04	4438.82	120	1.#QNAN	0	0	0	3.05902e-008	5478.64	6937.04	6714.94
6911.09	4421.25	121	1.#QNAN	0	0	0	3.17878e-008	5501.42	6911.09	6691.75
6885.21	4403.53	122	1.#QNAN	0	0.015	0	3.22731e-008	5426.28	6885.21	6668.59
6860.84	4386.71	123	1.#QNAN	0	0	0	3.33489e-008	5630.89	6860.84	6646.95
6836.4	4370.11	124	1.#QNAN	0	0	0	3.14346e-008	5485.49	6836.4	6625.17
6812.76	4354.15	125	1.#QNAN	0	0.016	0	3.22258e-008	5577.6	6812.76	6604.19
6788.59	4337.57	126	1.#QNAN	0	0	0	3.28251e-008	5403.46	6788.59	6582.61
6765.71	4321.71	127	1.#QNAN	0	0	0	3.28164e-008	5447.39	6765.71	6562.24
6742.71	4306.12	128	1.#QNAN	0	0.015	1	3.32647e-008	5404.47	6742.71	6541.76
6719.78	4290.27	129	1.#QNAN	0	0	0	3.33899e-008	5371.58	6719.78	6521.3
6697.34	4274.87	130	1.#QNAN	0	0	0	3.44887e-008	5419.62	6697.34	6501.32
6675.52	4259.55	131	1.#QNAN	0	0	0	3.38373e-008	5418.66	6675.52	6481.9
6654.41	4244.77	132	1.#QNAN	0	0.016	0	3.5237e-008	5411.62	6654.41	6463.17
6633.14	4229.94	133	1.#QNAN	0	0	0	3.50172e-008	5328.52	6633.14	6444.21
6612.96	4216.15	134	1.#QNAN	0	0	0	3.52344e-008	5338.73	6612.96	6426.28
6593.08	4202.44	135	1.#QNAN	0	0.016	0	3.41154e-008	5358.11	6593.08	6408.65
6573.23	4188.41	136	1.#QNAN	0	0	0	3.49072e-008	5311.69	6573.23	6391.03
6553.59	4174.59	137	1.#QNAN	0	0	0	3.6093e-008	5294.82	6553.59	6373.57
6534.62	4161.38	138	1.#QNAN	0	0.015	0	3.6018e-008	5367.09	6534.62	6356.78
6515.78	4148.13	139	1.#QNAN	0	0	0	3.69751e-008	5431.88	6515.78	6340.12
6497.15	4135.49	140	1.#QNAN	0	0	0	3.5519e-008	5281.77	6497.15	6323.59
6478.73	4122.68	141	1.#QNAN	0	0	0	3.59253e-008	5320.29	6478.73	6307.24
6460.69	4109.92	142	1.#QNAN	0	0.016	0	3.5088e-008	5340.04	6460.69	6291.24
6442.49	4097.18	143	1.#QNAN	0	0	0	3.6343e-008	5365.19	6442.49	6275.1
6425.32	4085.23	144	1.#QNAN	0	0	0	3.73289e-008	5420.12	6425.32	6259.97
6408.41	4073.62	145	1.#QNAN	0	0.015	0	3.70393e-008	5323.24	6408.41	6245.03
6391.06	4061.47	146	1.#QNAN	0	0	0	3.71732e-008	5281.23	6391.06	6229.63
6374.3	4049.84	147	1.#QNAN	0	0	0	3.72737e-008	5283.73	6374.3	6214.77
6357.25	4037.83	148	1.#QNAN	0	0	0	3.73218e-008	5246.23	6357.25	6199.64
6341.13	4026.81	149	1.#QNAN	0	0.016	0	3.69335e-008	5303.65	6341.13	6185.38
6324.76	4015.46	150	1.#QNAN	0	0	0	4.03122e-008	5232.67	6324.76	6170.86
6309.31	4004.76	151	1.#QNAN	0	0	0	3.82317e-008	5396.23	6309.31	6157.26
6293.42	3993.65	152	1.#QNAN	0	0.016	0	3.78577e-008	5259.75	6293.42	6143.2
6277.55	3982.6	153	1.#QNAN	0	0	0	3.92705e-008	5200.78	6277.55	6129.09
6262.66	3972.26	154	1.#QNAN	0	0	0	3.87895e-008	5317.55	6262.66	6115.95
6248.03	3962.15	155	1.#QNAN	0	0.015	0	3.98703e-008	5353.69	6248.03	6103.06
6233	3951.7	156	1.#QNAN	0	0	0	3.81778e-008	5269.84	6233	6089.73
6218.37	3941.43	157	1.#QNAN	0	0	0	3.94756e-008	5223.18	6218.37	6076.76
6204.49	3931.56	158	1.#QNAN	0	0.016	0	3.7966e-008	5326.23	6204.49	6064.55
6190.21	3921.54	159	1.#QNAN	0	0	0	3.90802e-008	5168.01	6190.21	6051.87
6176.36	3911.82	160	1.#QNAN	0	0	0	4.02877e-008	5203.9	6176.36	6039.61
6163.19	3902.37	161	1.#QNAN	0	0	0	3.91536e-008	5230.34	6163.19	6028.02
6150.1	3893.04	162	1.#QNAN	0	0.015	0	3.96163e-008	5275.89	6150.1	6016.49
6137.34	3883.78	163	1.#QNAN	0	0	0	4.00886e-008	5209.33	6137.34	6005.25
6124.08	3874.27	164	1.#QNAN	0	0	0	4.04494e-008	5135.36	6124.08	5993.49
6111.54	3865.27	165	1.#QNAN	0	0.016	0	4.08522e-008	5220.5	6111.54	5982.46
6098.73	3856.01	166	1.#QNAN	0	0	0	4.00908e-008	5139.49	6098.73	5971.1
6086.48	3847.1	167	1.#QNAN	0	0	0	4.2255e-008	5169.59	6086.48	5960.29
6073.8	3838.15	168	1.#QNAN	0	0.016	0	4.02567e-008	5168.63	6073.8	5949.05
6061.47	3829.12	169	1.#QNAN	0	0	0	4.12895e-008	5125.85	6061.47	5938.12
6049.49	3820.42	170	1.#QNAN	0	0	0	4.18073e-008	5146.71	6049.49	5927.53
6037.63	3811.86	171	1.#QNAN	0	0.015	0	4.30766e-008	5207.37	6037.63	5917.04
6025.79	3803.32	172	1.#QNAN	0	0	0	4.50957e-008	5195.69	6025.79	5906.57
6014.31	3795.09	173	1.#QNAN	0	0	0	4.30368e-008	5217.8	6014.31	5896.42
6002.86	3786.61	174	1.#QNAN	0	0.016	0	4.33652e-008	5135.46	6002.86	5886.28
5991.33	3778.26	175	1.#QNAN	0	0	0	4.14812e-008	5158.91	5991.33	5876.05
5979.68	3769.82	176	1.#QNAN	0	0	0	4.28034e-008	5047.07	5979.68	5865.67
5968.41	3761.67	177	1.#QNAN	0	0	0	4.38555e-008	5059.04	5968.41	5855.64
5956.91	3753.37	178	1.#QNAN	0	0.015	0	4.25414e-008	5110.45	5956.91	5845.38
5945.99	3745.31	179	1.#QNAN	0	0	0	4.42471e-008	5146.5	5945.99	5835.68
5935.19	3737.27	180	1.#QNAN	0	0	0	4.53809e-008	5119.15	5935.19	5826.1
5924.83	3729.37	181	1.#QNAN	0	0.016	0	4.65598e-008	5149.98	5924.83	5816.96
5914.31	3721.47	182	1.#QNAN	0	0	0	4.64592e-008	5059.18	5914.31	5807.62
5903.56	3713.42	183	1.#QNAN	0	0	0	4.5848e-008	4967.97	5903.56	5798
5893.1	3705.73	184	1.#QNAN	0	0.016	0	4.55026e-008	4997.82	5893.1	5788.67
5882.97	3698.33	185	1.#QNAN	0	0	0	4.40751e-008	5025.08	5882.97	5779.67
5873.23	3691.25	186	1.#QNAN	0	0	0	4.69854e-008	5103.14	5873.23	5771.03
5863.26	3683.71	187	1.#QNAN	0	0	0	4.55721e-008	4969.37	5863.26	5762.14
5853.25	3676.32	188	1.#QNAN	0	0.015	0	4.75078e-008	4941.98	5853.25	5753.19
5843.38	3668.9	189	1.#QNAN	0	0	0	4.61787e-008	4933.1	5843.38	5744.36
5833.52	3661.47	190	1.#QNAN	0	0	0	4.49951e-008	4930.03	5833.52	5735.55
5823.74	3654.34	191	1.#QNAN	0	0.016	0	4.62011e-008	4947.68	5823.74	5726.79
5814.14	3647.01	192	1.#QNAN	0	0	0	4.67043e-008	5022.23	5814.14	5718.25
5805.14	3640.08	193	1.#QNAN	0	0	0	4.71854e-008	5082.46	5805.14	5710.27
5795.9	3633.09	194	1.#QNAN	0	0.015	0	4.70224e-008	4927.51	5795.9	5702.01
5786.86	3626.47	195	1.#QNAN	0	0	0	4.71061e-008	4959.52	5786.86	5693.94
5777.77	3619.48	196	1.#QNAN	0	0	0	4.6407e-008	4930.77	5777.77	5685.81
5768.62	3612.59	197	1.#QNAN	0	0	0	4.85369e-008	4982.31	5768.62	5677.63
5759.51	3605.74	198	1.#QNAN	0	0.016	0	4.6692e-008	4893.33	5759.51	5669.45
5750.66	3598.88	199	1.#QNAN	0	0	0	4.78813e-008	4905.76	5750.66	5661.52
5741.81	3592.31	200	1.#QNAN	0	0	0	4.82031e-008	4911.08	5741.81	5653.6
5733.37	3585.84	201	1.#QNAN	0	0.016	0	4.7873e-008	5012.73	5733.37	5646.07
5724.82	3579.4	202	1.#QNAN	0	0	0	4.95032e-008	4918.13	5724.82	5638.41
5716.41	3573	203	1.#QNAN	0	0	0	5.0379e-008	4888.74	5716.41	5630.86
5708.05	3566.71	204	1.#QNAN	0	0.015	0	4.94593e-008	4866.37	5708.05	5623.33
5699.87	3560.59	205	1.#QNAN	0	0	0	4.78977e-008	4850.86	5699.87	5615.98
5691.89	3554.49	206	1.#QNAN	0	0	0	5.10754e-008	4879.63	5691.89	5608.84
5683.89	3548.39	207	1.#QNAN	0	0	0	5.16266e-008	4858.78	5683.89	5601.64
5676.06	3542.32	208	1.#QNAN	0	0.016	0	5.00324e-008	4872.76	5676.06	5594.62
5668.15	3536.25	209	1.#QNAN	0	0	0	5.13286e-008	4856.37	5668.15	5587.52
5660.28	3530.14	210	1.#QNAN	0	0	0	5.04887e-008	4844.26	5660.28	5580.44
5652.49	3524.13	211	1.#QNAN	0	0.015	0	4.92939e-008	4883.06	5652.49	5573.43
5644.77	3518.29	212	1.#QNAN	0	0	0	5.10585e-008	4791.14	5644.77	5566.46
5637.3	3512.53	213	1.#QNAN	0	0	0	4.86857e-008	4839.2	5637.3	5559.75
5630.32	3507.17	214	1.#QNAN	0	0.016	0	4.92586e-008	4993.67	5630.32	5553.52
5623.18	3501.62	215	1.#QNAN	0	0	0	5.05224e-008	4955.58	5623.18	5547.16
5615.53	3495.9	216	1.#QNAN	0	0	0	5.09101e-008	4773.88	5615.53	5540.24
5607.98	3490.1	217	1.#QNAN	0	0	0	5.14239e-008	4789.32	5607.98	5533.41
5600.44	3484.32	218	1.#QNAN	0	0.016	0	5.334e-008	4777.14	5600.44	5526.59
5592.57	3478.53	219	1.#QNAN	0	0	0	5.13862e-008	4702.15	5592.57	5519.42
5584.96	3472.83	220	1.#QNAN	0	0	0	5.15994e-008	4767.27	5584.96	5512.51
5577.53	3467	221	1.#QNAN	0	0.015	0	5.30661e-008	4776.36	5577.53	5505.78
5570.42	3461.68	222	1.#QNAN	0	0	0	5.20932e-008	4802.25	5570.42	5499.35
5563.17	3456.32	223	1.#QNAN	0	0	0	5.20016e-008	4740.03	5563.17	5492.77
5556.18	3451.12	224	1.#QNAN	0	0.016	0	5.11151e-008	4843.81	5556.18	5486.45
5549.47	3445.95	225	1.#QNAN	0	0	0	5.27179e-008	4908.5	5549.47	5480.41
5542.49	3440.58	226	1.#QNAN	0	0	0	5.34153e-008	4712.84	5542.49	5474.07
5535.84	3435.57	227	1.#QNAN	0	0	0	5.48888e-008	4802.13	5535.84	5468.07
5528.98	3430.29	228	1.#QNAN	0	0.015	0	5.42061e-008	4745.06	5528.98	5461.84
5522.31	3425.13	229	1.#QNAN	0	0	0	5.45653e-008	4806.16	5522.31	5455.8
5515.56	3420.11	230	1.#QNAN	0	0	0	5.2987e-008	4688.02	5515.56	5449.66
5508.91	3415.25	231	1.#QNAN	0	0.016	0	5.35131e-008	4721.37	5508.91	5443.62
5502.2	3409.99	232	1.#QNAN	0	0	0	5.31564e-008	4696.24	5502.2	5437.51
5495.59	3404.97	233	1.#QNAN	0	0	0	5.47193e-008	4699.81	5495.59	5431.49
5488.89	3399.8	234	1.#QNAN	0	0.016	0	5.64664e-008	4683.16	5488.89	5425.39
5482.3	3394.75	235	1.#QNAN	0	0	0	5.46004e-008	4667.24	5482.3	5419.38
5476.06	3389.9	236	1.#QNAN	0	0	0	5.23557e-008	4843.53	5476.06	5413.74
5469.48	3384.97	237	1.#QNAN	0	0	0	5.49229e-008	4667.49	5469.48	5407.73
5463.14	3380.32	238	1.#QNAN	0	0.015	0	5.45728e-008	4711.39	5463.14	5401.97
5456.97	3375.56	239	1.#QNAN	0	0	0	5.52039e-008	4788.81	5456.97	5396.38
5450.48	3370.54	240	1.#QNAN	0	0	0	5.9314e-008	4646.53	5450.48	5390.44
5444.43	3365.92	241	1.#QNAN	0	0.016	0	5.64819e-008	4797.97	5444.43	5384.97
5438.14	3361.14	242	1.#QNAN	0	0	0	5.68754e-008	4667.83	5438.14	5379.23
5432.11	3356.54	243	1.#QNAN	0	0	0	5.41554e-008	4708.42	5432.11	5373.73
5426.09	3352.01	244	1.#QNAN	0	0.015	0	5.78352e-008	4693.11	5426.09	5368.26
5419.92	3347.48	245	1.#QNAN	0	0	0	5.68455e-008	4638.58	5419.92	5362.6
5413.88	3342.89	246	1.#QNAN	0	0	0	5.66479e-008	4659.96	5413.88	5357.08
5408.34	3338.67	247	1.#QNAN	0	0	0	5.76721e-008	4813.36	5408.34	5352.07
5402.67	3334.32	248	1.#QNAN	0	0.016	0	5.84858e-008	4688.36	5402.67	5346.9
5396.72	3329.91	249	1.#QNAN	0	0	0	5.67451e-008	4608.38	5396.72	5341.44
5391.3	3325.74	250	1.#QNAN	0	0	0	5.94451e-008	4778.32	5391.3	5336.52
5385.73	3321.57	251	1.#QNAN	0	0.016	0	5.52593e-008	4722.74	5385.73	5331.45
5380.08	3317.26	252	1.#QNAN	0	0	0	5.88087e-008	4701.47	5380.08	5326.28
5374.25	3312.87	253	1.#QNAN	0	0	0	5.94002e-008	4597.15	5374.25	5320.92
5368.53	3308.63	254	1.#QNAN	0	0.015	0	5.77408e-008	4603.79	5368.53	5315.66
5362.79	3304.38	255	1.#QNAN	0	0	0	5.7713e-008	4583.28	5362.79	5310.39
5357.27	3300.32	256	1.#QNAN	0	0	0	5.75165e-008	4669.14	5357.27	5305.33
5351.53	3296.1	257	1.#QNAN	0	0.016	0	6.03445e-008	4550.62	5351.53	5300.03
5346.69	3292.47	258	1.#QNAN	0	0	0	5.7893e-008	4791.78	5346.69	5295.64
5341.36	3288.42	259	1.#QNAN	0	0	0	5.7887e-008	4617.89	5341.36	5290.75
5336.03	3284.42	260	1.#QNAN	0	0	0	5.86375e-008	4591.53	5336.03	5285.86
5330.76	3280.48	261	1.#QNAN	0	0.015	0	5.85075e-008	4607.25	5330.76	5281.02
5325.35	3276.45	262	1.#QNAN	0	0	0	5.91379e-008	4584.44	5325.35	5276.03
5320.35	3272.75	263	1.#QNAN	0	0	0	5.75188e-008	4666.01	5320.35	5271.46
5315.25	3268.95	264	1.#QNAN	0	0.016	0	5.90556e-008	4576.64	5315.25	5266.77
5310.34	3265.28	265	1.#QNAN	0	0	0	5.84467e-008	4705.93	5310.34	5262.27
5305	3261.43	266	1.#QNAN	0	0	0	5.99302e-008	4508.44	5305	5257.31
5299.88	3257.61	267	1.#QNAN	0	0.016	0	6.0452e-008	4523.73	5299.88	5252.58
5294.76	3253.96	268	1.#QNAN	0	0	0	6.16637e-008	4608.64	5294.76	5247.87
5289.59	3250.19	269	1.#QNAN	0	0	0	6.23188e-008	4504.59	5289.59	5243.08
5284.56	3246.51	270	1.#QNAN	0	0.015	0	6.21201e-008	4525.9	5284.56	5238.43
5279.52	3242.68	271	1.#QNAN	0	0	0	6.12834e-008	4567.6	5279.52	5233.78
5274.44	3239.04	272	1.#QNAN	0	0	0	6.16126e-008	4525.44	5274.44	5229.07
5269.16	3235.07	273	1.#QNAN	0	0	0	6.15364e-008	4444	5269.16	5224.16
5264.23	3231.35	274	1.#QNAN	0	0.016	0	6.10716e-008	4516.54	5264.23	5219.6
5259.38	3227.85	275	1.#QNAN	0	0	0	6.21499e-008	4607.2	5259.38	5215.12
5254.34	3224.03	276	1.#QNAN	0	0	0	6.33561e-008	4492.81	5254.34	5210.44
5249.46	3220.44	277	1.#QNAN	0	0.015	0	6.16759e-008	4548.75	5249.46	5205.94
5244.45	3216.85	278	1.#QNAN	0	0	0	6.23389e-008	4459.17	5244.45	5201.28
5239.45	3213.24	279	1.#QNAN	0	0	0	6.41907e-008	4462.46	5239.45	5196.63
5234.59	3209.65	280	1.#QNAN	0	0.016	0	6.13248e-008	4481.84	5234.59	5192.12
5229.73	3206.09	281	1.#QNAN	0	0	0	6.40457e-008	4490.47	5229.73	5187.61
5224.58	3202.21	282	1.#QNAN	0	0	0	6.43092e-008	4422.61	5224.58	5182.81
5219.88	3198.67	283	1.#QNAN	0	0	0	6.24718e-008	4528.38	5219.88	5178.46
5215.27	3195.24	284	1.#QNAN	0	0.016	0	6.33073e-008	4592.36	5215.27	5174.21
5210.63	3191.74	285	1.#QNAN	0	0	0	6.16005e-008	4521.92	5210.63	5169.91
5206.17	3188.3	286	1.#QNAN	0	0	0	6.37084e-008	4627.64	5206.17	5165.8
5201.7	3185.03	287	1.#QNAN	0	0.015	0	6.30335e-008	4548.58	5201.7	5161.66
5197.13	3181.69	288	1.#QNAN	0	0	0	6.44783e-008	4468.19	5197.13	5157.41
5192.41	3178.22	289	1.#QNAN	0	0	0	6.35177e-008	4415.02	5192.41	5153.02
5187.62	3174.8	290	1.#QNAN	0	0.016	0	6.42932e-008	4386.81	5187.62	5148.54
5183.25	3171.53	291	1.#QNAN	0	0	0	6.46232e-008	4476.62	5183.25	5144.46
5179	3168.38	292	1.#QNAN	0	0	0	6.48501e-008	4583.68	5179	5140.53
5174.48	3165.15	293	1.#QNAN	0	0	0	6.29594e-008	4463.26	5174.48	5136.31
5170.09	3161.91	294	1.#QNAN	0	0.015	0	6.35897e-008	4528.45	5170.09	5132.24
5165.31	3158.45	295	1.#QNAN	0	0	0	6.41755e-008	4393.1	5165.31	5127.75
5160.97	3155.22	296	1.#QNAN	0	0	0	6.34571e-008	4520.25	5160.97	5123.72
5156.76	3152.11	297	1.#QNAN	0	0.016	0	6.49863e-008	4555.17	5156.76	5119.81
5152.45	3148.83	298	1.#QNAN	0	0	0	6.67206e-008	4535.37	5152.45	5115.81
5148.17	3145.62	299	1.#QNAN	0	0	0	6.43904e-008	4433.47	5148.17	5111.82
5143.65	3142.35	300	1.#QNAN	0	0.016	0	6.41746e-008	4384.49	5143.65	5107.59
5138.98	3138.96	301	1.#QNAN	0	0	0	6.44693e-008	4355.79	5138.98	5103.21
5134.81	3135.83	302	1.#QNAN	0	0	0	6.55884e-008	4442.51	5134.81	5099.32
5130.45	3132.62	303	1.#QNAN	0	0	0	6.65194e-008	4397.66	5130.45	5095.25
5126.24	3129.49	304	1.#QNAN	0	0.015	0	6.50677e-008	4392.42	5126.24	5091.31
5122.1	3126.32	305	1.#QNAN	0	0	0	6.96111e-008	4497.45	5122.1	5087.45
5117.85	3123.05	306	1.#QNAN	0	0	0	6.50562e-008	4386.3	5117.85	5083.46
5113.56	3119.9	307	1.#QNAN	0	0.016	0	6.48283e-008	4365.72	5113.56	5079.44
5109.46	3116.76	308	1.#QNAN	0	0	0	6.75253e-008	4410.92	5109.46	5075.6
5105.52	3113.8	309	1.#QNAN	0	0	0	6.76179e-008	4491.7	5105.52	5071.93
5101.5	3110.8	310	1.#QNAN	0	0.015	0	6.92126e-008	4395.78	5101.5	5068.16
5097.48	3107.86	311	1.#QNAN	0	0	0	6.88018e-008	4413.29	5097.48	5064.4
5093.28	3104.81	312	1.#QNAN	0	0	0	6.83402e-008	4360.88	5093.28	5060.45
5089.35	3101.94	313	1.#QNAN	0	0	0	6.90188e-008	4411.53	5089.35	5056.76
5085.54	3099.15	314	1.#QNAN	0	0.016	0	7.11595e-008	4484.54	5085.54	5053.21
5081.6	3096.26	315	1.#QNAN	0	0	0	6.79514e-008	4435.79	5081.6	5049.5
5077.73	3093.49	316	1.#QNAN	0	0	0	7.08284e-008	4437.11	5077.73	5045.87
5073.78	3090.5	317	1.#QNAN	0	0.016	0	7.05328e-008	4345.68	5073.78	5042.17
5069.8	3087.53	318	1.#QNAN	0	0	0	6.87505e-008	4330.94	5069.8	5038.43
5065.98	3084.73	319	1.#QNAN	0	0	0	6.80496e-008	4414.05	5065.98	5034.85
5061.99	3081.84	320	1.#QNAN	0	0.015	0	6.89066e-008	4324.63	5061.99	5031.09
5058.09	3078.97	321	1.#QNAN	0	0	0	6.96859e-008	4411.09	5058.09	5027.43
5053.98	3076.01	322	1.#QNAN	0	0	0	6.8514e-008	4277.47	5053.98	5023.56
5050.01	3073.12	323	1.#QNAN	0	0	0	7.02833e-008	4302.37	5050.01	5019.81
5046.12	3070.42	324	1.#QNAN	0	0.016	0	6.94101e-008	4331.48	5046.12	5016.15
5042.41	3067.73	325	1.#QNAN	0	0	0	7.32033e-008	4380.24	5042.41	5012.66
5038.91	3065.04	326	1.#QNAN	0	0	0	7.50156e-008	4468.41	5038.91	5009.39
5035.39	3062.33	327	1.#QNAN	0	0.015	0	7.23336e-008	4486.72	5035.39	5006.1
5031.58	3059.49	328	1.#QNAN	0	0	0	7.08506e-008	4325.3	5031.58	5002.51
5027.67	3056.66	329	1.#QNAN	0	0	0	7.16525e-008	4291.98	5027.67	4998.82
5023.71	3053.89	330	1.#QNAN	0	0	0	7.18999e-008	4269.69	5023.71	4995.08
5020.19	3051.25	331	1.#QNAN	0	0.016	0	7.12086e-008	4449.65	5020.19	4991.77
5016.33	3048.55	332	1.#QNAN	0	0	0	7.32413e-008	4276.51	5016.33	4988.13
5012.89	3045.94	333	1.#QNAN	0	0	0	7.07603e-008	4449.59	5012.89	4984.9
5009.21	3043.28	334	1.#QNAN	0	0.016	0	7.2521e-008	4328.92	5009.21	4981.44
5005.69	3040.78	335	1.#QNAN	0	0	0	7.00023e-008	4365.84	5005.69	4978.13
5002.05	3038.22	336	1.#QNAN	0	0	0	7.23851e-008	4306	5002.05	4974.69
4998.35	3035.63	337	1.#QNAN	0	0.015	0	6.96228e-008	4285.53	4998.35	4971.19
4994.77	3033.08	338	1.#QNAN	0	0	0	7.32973e-008	4294.99	4994.77	4967.81
4991.18	3030.42	339	1.#QNAN	0	0	0	7.05265e-008	4350.27	4991.18	4964.43
4987.34	3027.82	340	1.#QNAN	0	0.016	1	7.1361e-008	4217.9	4987.34	4960.78
4983.72	3025.21	341	1.#QNAN	0	0	0	7.37723e-008	4383.22	4983.72	4957.37
4980.12	3022.69	342	1.#QNAN	0	0	0	7.1247e-008	4260.19	4980.12	4953.96
4976.48	3020.12	343	1.#QNAN	0	0.015	0	7.26051e-008	4252.95	4976.48	4950.52
4972.9	3017.55	344	1.#QNAN	0	0	0	7.37672e-008	4250.41	4972.9	4947.12
4969.58	3015.17	345	1.#QNAN	0	0	0	7.13396e-008	4307.54	4969.58	4943.98
4965.92	3012.61	346	1.#QNAN	0	0	0	7.69073e-008	4233.22	4965.92	4940.52
4962.74	3010.24	347	1.#QNAN	0	0.016	0	7.57882e-008	4409.06	4962.74	4937.52
4959.26	3007.72	348	1.#QNAN	0	0	0	7.39875e-008	4256.78	4959.26	4934.22
4955.65	3005.2	349	1.#QNAN	0	0	0	7.56979e-008	4209.88	4955.65	4930.78
4952.21	3002.75	350	1.#QNAN	0	0.016	0	7.2634e-008	4304.89	4952.21	4927.53
4949.12	3000.49	351	1.#QNAN	0	0	0	7.50025e-008	4388.7	4949.12	4924.61
4945.67	2998.1	352	1.#QNAN	0	0	0	7.45071e-008	4196.65	4945.67	4921.33
4942.01	2995.48	353	1.#QNAN	0	0.015	0	7.62419e-008	4157.4	4942.01	4917.84
4938.73	2993.11	354	1.#QNAN	0	0	0	8.00957e-008	4309.37	4938.73	4914.73
4935.34	2990.67	355	1.#QNAN	0	0	0	7.65186e-008	4197.65	4935.34	4911.51
4932.22	2988.37	356	1.#QNAN	0	0	0	7.63156e-008	4354.36	4932.22	4908.56
4929.08	2986.07	357	1.#QNAN	0	0.016	0	7.51964e-008	4349.82	4929.08	4905.59
4925.78	2983.68	358	1.#QNAN	0	0	0	7.53604e-008	4181.49	4925.78	4902.45
4922.55	2981.3	359	1.#QNAN	0	0	0	8.03017e-008	4188.88	4922.55	4899.37
4919.43	2979.06	360	1.#QNAN	0	0.015	0	8.0669e-008	4316.72	4919.43	4896.42
4915.97	2976.63	361	1.#QNAN	0	0	0	7.73383e-008	4130.14	4915.97	4893.12
4912.77	2974.4	362	1.#QNAN	0	0	0	7.67188e-008	4210.03	4912.77	4890.08
4909.57	2972.18	363	1.#QNAN	0	0.016	0	7.53277e-008	4180.11	4909.57	4887.02
4906.57	2969.99	364	1.#QNAN	0	0	0	7.79188e-008	4309.44	4906.57	4884.17
4903.4	2967.68	365	1.#QNAN	0	0	0	7.55997e-008	4175.84	4903.4	4881.15
4900.12	2965.32	366	1.#QNAN	0	0	0	7.60579e-008	4174.45	4900.12	4878.02
4897.14	2963.12	367	1.#QNAN	0	0.016	0	7.95746e-008	4258.81	4897.14	4875.18
4894.03	2960.84	368	1.#QNAN	0	0	0	7.76911e-008	4175.2	4894.03	4872.21
4891.11	2958.62	369	1.#QNAN	0	0	0	8.09017e-008	4294.9	4891.11	4869.44
4888.03	2956.42	370	1.#QNAN	0	0.015	0	7.59378e-008	4190.92	4888.03	4866.5
4885.09	2954.36	371	1.#QNAN	0	0	0	7.76867e-008	4267.56	4885.09	4863.7
4881.99	2952.09	372	1.#QNAN	0	0	0	8.12621e-008	4167.79	4881.99	4860.74
4878.93	2949.83	373	1.#QNAN	0	0	0	7.98073e-008	4193.13	4878.93	4857.82
4875.75	2947.58	374	1.#QNAN	0	0.016	0	8.06354e-008	4120.79	4875.75	4854.78
4872.7	2945.37	375	1.#QNAN	0	0	0	7.79833e-008	4182.98	4872.7	4851.86
4869.42	2943.02	376	1.#QNAN	0	0	0	7.89129e-008	4119.76	4869.42	4848.72
4866.29	2940.7	377	1.#QNAN	0	0.015	0	7.83427e-008	4163.62	4866.29	4845.73
4863.33	2938.58	378	1.#QNAN	0	0	0	8.17865e-008	4231.13	4863.33	4842.91
4860.25	2936.39	379	1.#QNAN	0	0	0	7.92344e-008	4138.01	4860.25	4839.97
4857.03	2934.07	380	1.#QNAN	0	0.016	0	8.22036e-008	4110.05	4857.03	4836.89
4854.06	2932.02	381	1.#QNAN	0	0	0	7.79038e-008	4207.19	4854.06	4834.06
4850.97	2929.87	382	1.#QNAN	0	0	0	8.13698e-008	4145.69	4850.97	4831.11
4847.75	2927.63	383	1.#QNAN	0	0.016	0	7.82481e-008	4099.41	4847.75	4828.02
4844.74	2925.55	384	1.#QNAN	0	0	0	7.93831e-008	4233.36	4844.74	4825.15
4841.74	2923.44	385	1.#QNAN	0	0	0	7.85328e-008	4149.14	4841.74	4822.29
4838.7	2921.38	386	1.#QNAN	0	0	0	8.24575e-008	4120.89	4838.7	4819.37
4835.7	2919.2	387	1.#QNAN	0	0.015	0	8.28858e-008	4232.16	4835.7	4816.5
4832.86	2917.15	388	1.#QNAN	0	0	0	8.25761e-008	4183.4	4832.86	4813.8
4829.93	2915.12	389	1.#QNAN	0	0	0	8.05517e-008	4138.25	4829.93	4810.99
4826.87	2912.99	390	1.#QNAN	0	0.016	0	8.02908e-008	4109.53	4826.87	4808.05
4823.85	2910.89	391	1.#QNAN	0	0	0	8.43133e-008	4108.32	4823.85	4805.16
4821.06	2908.93	392	1.#QNAN	0	0	0	8.24671e-008	4243.05	4821.06	4802.49
4817.96	2906.73	393	1.#QNAN	0	0	0	8.26529e-008	4079.15	4817.96	4799.51
4815.23	2904.81	394	1.#QNAN	0	0.015	0	7.95162e-008	4253.07	4815.23	4796.9
4812.18	2902.7	395	1.#QNAN	0	0	0	8.098e-008	4074.2	4812.18	4793.97
4809.26	2900.6	396	1.#QNAN	0	0	0	8.18636e-008	4103.64	4809.26	4791.17
4806.45	2898.64	397	1.#QNAN	0	0.016	0	8.3893e-008	4133.03	4806.45	4788.49
4803.59	2896.68	398	1.#QNAN	0	0	0	8.26328e-008	4126.23	4803.59	4785.75
4800.74	2894.61	399	1.#QNAN	0	0	0	8.37809e-008	4129.97	4800.74	4783.02
4797.76	2892.56	400	1.#QNAN	0	0.016	0	8.54245e-008	4088.46	4797.76	4780.16
4795.01	2890.61	401	1.#QNAN	0	0	0	8.50368e-008	4218.33	4795.01	4777.53
4792.36	2888.74	402	1.#QNAN	0	0	0	8.37266e-008	4241.36	4792.36	4775
4789.43	2886.8	403	1.#QNAN	0	0.015	0	8.32594e-008	4065.4	4789.43	4772.19
4786.4	2884.73	404	1.#QNAN	0	0	0	8.2682e-008	4052.87	4786.4	4769.26
4783.52	2882.71	405	1.#QNAN	0	0	0	8.58435e-008	4081.9	4783.52	4766.51
4780.87	2880.89	406	1.#QNAN	0	0.016	0	8.30976e-008	4220.42	4780.87	4763.96
4778.12	2878.99	407	1.#QNAN	0	0	0	8.18934e-008	4179.24	4778.12	4761.33
4775.24	2877.03	408	1.#QNAN	0	0	0	8.49573e-008	4039.71	4775.24	4758.55
4772.5	2875.15	409	1.#QNAN	0	0	0	8.50224e-008	4077.68	4772.5	4755.93
4769.89	2873.24	410	1.#QNAN	0	0.015	0	8.80614e-008	4207.79	4769.89	4753.43
4767.12	2871.32	411	1.#QNAN	0	0	0	8.69696e-008	4063.76	4767.12	4750.76
4764.4	2869.41	412	1.#QNAN	0	0	0	8.34511e-008	4067.01	4764.4	4748.15
4761.68	2867.48	413	1.#QNAN	0	0.016	0	8.61777e-008	4070.65	4761.68	4745.53
4758.88	2865.55	414	1.#QNAN	0	0	0	8.46123e-008	4049.91	4758.88	4742.84
4756.26	2863.66	415	1.#QNAN	0	0	0	8.24682e-008	4110.47	4756.26	4740.33
4753.48	2861.67	416	1.#QNAN	0	0.016	0	8.46992e-008	4067.71	4753.48	4737.66
4750.72	2859.77	417	1.#QNAN	0	0	0	8.42361e-008	4043.76	4750.72	4735
4748.19	2857.96	418	1.#QNAN	0	0	0	8.56165e-008	4187.34	4748.19	4732.57
4745.52	2856.13	419	1.#QNAN	0	0.015	0	8.80089e-008	4043.88	4745.52	4729.99
4742.81	2854.26	420	1.#QNAN	0	0	0	8.45331e-008	4033.79	4742.81	4727.39
4740.11	2852.41	421	1.#QNAN	0	0	0	8.55304e-008	4027.65	4740.11	4724.78
4737.54	2850.52	422	1.#QNAN	0	0	0	8.7147e-008	4163.47	4737.54	4722.31
4734.92	2848.68	423	1.#QNAN	0	0.016	0	8.76804e-008	4037.74	4734.92	4719.78
4732.49	2846.94	424	1.#QNAN	0	0	0	8.66813e-008	4187.91	4732.49	4717.45
4730.04	2845.2	425	1.#QNAN	0	0	0	8.85604e-008	4143.76	4730.04	4715.09
4727.47	2843.44	426	1.#QNAN	0	0.015	0	8.78789e-008	4045.36	4727.47	4712.62
4724.83	2841.58	427	1.#QNAN	0	0	0	9.02671e-008	4015.6	4724.83	4710.06
4722.16	2839.74	428	1.#QNAN	0	0	0	8.70997e-008	4010.35	4722.16	4707.48
4719.55	2837.89	429	1.#QNAN	0	0.016	0	9.04993e-008	4007.21	4719.55	4704.96
4717.11	2836.14	430	1.#QNAN	0	0	0	9.02583e-008	4154.39	4717.11	4702.62
4714.38	2834.19	431	1.#QNAN	0	0	0	8.6291e-008	3997.1	4714.38	4699.98
4711.79	2832.45	432	1.#QNAN	0	0	0	8.5403e-008	3987.77	4711.79	4697.47
4709.22	2830.7	433	1.#QNAN	0	0.016	0	8.87351e-008	3991.37	4709.22	4694.98
4706.7	2828.97	434	1.#QNAN	0	0	0	8.52589e-008	4106.05	4706.7	4692.56
4704	2827.2	435	1.#QNAN	0	0	0	8.79659e-008	3955.22	4704	4689.94
4701.4	2825.48	436	1.#QNAN	0	0.015	0	8.78378e-008	4001.39	4701.4	4687.43
4698.78	2823.8	437	1.#QNAN	0	0	0	8.99884e-008	3988.52	4698.78	4684.9
4696.32	2822.11	438	1.#QNAN	0	0	0	9.04588e-008	4054.31	4696.32	4682.53
4693.91	2820.55	439	1.#QNAN	0	0	0	8.65345e-008	4118.22	4693.91	4680.2
4691.63	2818.95	440	1.#QNAN	0	0.016	0	8.93336e-008	4162.63	4691.63	4678.01
4689.31	2817.29	441	1.#QNAN	0	0	0	8.78627e-008	4137.03	4689.31	4675.77
4686.7	2815.61	442	1.#QNAN	0	0	0	8.86633e-008	3958.55	4686.7	4673.25
4684.36	2814.07	443	1.#QNAN	0	0.015	0	9.01607e-008	4118.52	4684.36	4670.99
4681.78	2812.37	444	1.#QNAN	0	0	0	8.84218e-008	3959.7	4681.78	4668.49
4679.48	2810.76	445	1.#QNAN	0	0	0	8.82414e-008	4138.75	4679.48	4666.27
4676.96	2809.04	446	1.#QNAN	0	0.016	0	9.1066e-008	3953.17	4676.96	4663.82
4674.65	2807.45	447	1.#QNAN	0	0	0	8.94639e-008	4111.46	4674.65	4661.6
4672.09	2805.79	448	1.#QNAN	0	0	0	8.95808e-008	3952.76	4672.09	4659.11
4669.76	2804.17	449	1.#QNAN	0	0	0	8.9942e-008	4114.46	4669.76	4656.86
4667.2	2802.48	450	1.#QNAN	0	0.016	0	9.04812e-008	3920.16	4667.2	4654.38
4664.67	2800.85	451	1.#QNAN	0	0	0	9.38205e-008	3932.95	4664.67	4651.93
4662.24	2799.27	452	1.#QNAN	0	0	0	9.34241e-008	4025.99	4662.24	4649.57
4659.85	2797.66	453	1.#QNAN	0	0.015	0	8.86447e-008	3991.97	4659.85	4647.26
4657.26	2795.98	454	1.#QNAN	0	0	0	9.27406e-008	3910.52	4657.26	4644.74
4654.76	2794.35	455	1.#QNAN	0	0	0	9.35759e-008	4020.19	4654.76	4642.32
4652.29	2792.67	456	1.#QNAN	0	0.016	0	9.06906e-008	3966.94	4652.29	4639.94
4649.71	2791.03	457	1.#QNAN	0	0	0	9.52911e-008	3903.58	4649.71	4637.44
4647.23	2789.4	458	1.#QNAN	0	0	0	9.5848e-008	3916.62	4647.23	4635.03
4644.68	2787.77	459	1.#QNAN	0	0.015	0	9.20242e-008	3919.97	4644.68	4632.55
4642.23	2786.17	460	1.#QNAN	0	0	0	9.2985e-008	3916.25	4642.23	4630.17
4639.87	2784.62	461	1.#QNAN	0	0	0	9.06122e-008	3965.12	4639.87	4627.88
4637.37	2782.99	462	1.#QNAN	0	0	0	9.24269e-008	3901.33	4637.37	4625.45
4634.87	2781.35	463	1.#QNAN	0	0.016	0	9.44823e-008	3903.9	4634.87	4623.02
4632.39	2779.73	464	1.#QNAN	0	0	0	8.97015e-008	3905.51	4632.39	4620.61
4630.08	2778.19	465	1.#QNAN	0	0	0	9.35319e-008	4008.01	4630.08	4618.37
4627.68	2776.65	466	1.#QNAN	0	0.016	0	9.57134e-008	3892.2	4627.68	4616.04
4625.36	2775.13	467	1.#QNAN	0	0	0	9.27566e-008	3949.91	4625.36	4613.78
4622.92	2773.48	468	1.#QNAN	0	0	0	9.3146e-008	3896.58	4622.92	4611.42
4620.46	2771.89	469	1.#QNAN	0	0.015	0	9.25017e-008	3858.78	4620.46	4609.02
4618.01	2770.3	470	1.#QNAN	0	0	0	9.43969e-008	3885.97	4618.01	4606.63
4615.58	2768.72	471	1.#QNAN	0	0	0	9.55135e-008	3851.08	4615.58	4604.27
4613.33	2767.3	472	1.#QNAN	0	0	0	9.14805e-008	4016.21	4613.33	4602.09
4610.92	2765.75	473	1.#QNAN	0	0.016	0	9.36984e-008	3879.72	4610.92	4599.74
4608.48	2764.26	474	1.#QNAN	0	0	0	9.36704e-008	3851.82	4608.48	4597.37
4606.27	2762.81	475	1.#QNAN	0	0	0	9.25644e-008	4010.37	4606.27	4595.23
4604.01	2761.39	476	1.#QNAN	0	0.015	0	9.66605e-008	3926.53	4604.01	4593.02
4601.61	2759.88	477	1.#QNAN	0	0	0	9.65332e-008	3860.4	4601.61	4590.69
4599.28	2758.44	478	1.#QNAN	0	0	0	9.97904e-008	3858.13	4599.28	4588.41
4596.74	2756.94	479	1.#QNAN	0	0.016	0	9.21313e-008	3783.91	4596.74	4585.94
4594.4	2755.46	480	1.#QNAN	0	0	0	9.5383e-008	3846.71	4594.4	4583.65
4591.91	2753.96	481	1.#QNAN	0	0	0	9.69707e-008	3791.13	4591.91	4581.23
4589.67	2752.53	482	1.#QNAN	0	0	0	9.59033e-008	3910.19	4589.67	4579.04
4587.25	2751.07	483	1.#QNAN	0	0.016	0	8.9968e-008	3817.16	4587.25	4576.68
4584.9	2749.57	484	1.#QNAN	0	0	0	9.63996e-008	3846.22	4584.9	4574.39
4582.58	2748.11	485	1.#QNAN	0	0	0	9.20918e-008	3841.38	4582.58	4572.12
4580.27	2746.63	486	1.#QNAN	0	0.015	0	9.15055e-008	3850.37	4580.27	4569.87
4577.9	2745.11	487	1.#QNAN	0	0	0	9.68206e-008	3795.94	4577.9	4567.56
4575.66	2743.67	488	1.#QNAN	0	0	0	9.39722e-008	3947.42	4575.66	4565.37
4573.33	2742.17	489	1.#QNAN	0	0	0	9.3602e-008	3797.87	4573.33	4563.1
4570.99	2740.64	490	1.#QNAN	0	0	0	9.94964e-008	3827.6	4570.99	4560.81
4568.72	2739.19	491	1.#QNAN	0	0	0	9.44538e-008	3845.76	4568.72	4558.61
4566.39	2737.68	492	1.#QNAN	0	0	0	9.86706e-008	3805.37	4566.39	4556.33
4564.11	2736.2	493	1.#QNAN	0	0.015	0	9.86584e-008	3894.89	4564.11	4554.1
4561.87	2734.8	494	1.#QNAN	0	0	0	9.85554e-008	3897.37	4561.87	4551.93
4559.6	2733.37	495	1.#QNAN	0	0	0	9.42698e-008	3806.71	4559.6	4549.71
4557.38	2731.93	496	1.#QNAN	0	0.016	0	9.65267e-008	3932.11	4557.38	4547.55
4554.93	2730.44	497	1.#QNAN	0	0	0	9.7741e-008	3754.95	4554.93	4545.16
4552.71	2729.04	498	1.#QNAN	0	0	0	9.9789e-008	3823.6	4552.71	4542.99
4550.43	2727.58	499	1.#QNAN	0	0.016	0	1.00768e-007	3813.96	4550.43	4540.76
4548.05	2726.09	500	1.#QNAN	0	0	0	9.60991e-008	3763.86	4548.05	4538.43
4545.86	2724.68	501	1.#QNAN	0	0	0	9.68201e-008	3849.93	4545.86	4536.3
4543.51	2723.18	502	1.#QNAN	0	0	0	9.66835e-008	3766.21	4543.51	4534
4541.37	2721.82	503	1.#QNAN	0	0.015	0	9.98052e-008	3923.87	4541.37	4531.91
4539.1	2720.32	504	1.#QNAN	0	0	0	9.94708e-008	3791.96	4539.1	4529.7
4536.96	2718.96	505	1.#QNAN	0	0	0	9.90856e-008	3909.44	4536.96	4527.62
4534.66	2717.51	506	1.#QNAN	0	0.016	0	9.70524e-008	3752.89	4534.66	4525.37
4532.4	2716.06	507	1.#QNAN	0	0	0	9.90584e-008	3762.57	4532.4	4523.16
4530.18	2714.67	508	1.#QNAN	0	0	0	9.74448e-008	3768.59	4530.18	4520.99
4527.87	2713.23	509	1.#QNAN	0	0	0	9.98675e-008	3767.97	4527.87	4518.73
4525.74	2711.84	510	1.#QNAN	0	0	0	1.00145e-007	3855.89	4525.74	4516.65
4523.41	2710.41	511	1.#QNAN	0	0	0	9.73925e-008	3738.02	4523.41	4514.37
4521.32	2709.06	512	1.#QNAN	0	0	0	1.00086e-007	3907.88	4521.32	4512.34
4519.14	2707.73	513	1.#QNAN	0	0.016	0	1.0083e-007	3870.36	4519.14	4510.22
4516.88	2706.32	514	1.#QNAN	0	0	0	1.00449e-007	3742.34	4516.88	4508
4514.59	2704.93	515	1.#QNAN	0	0	0	1.01699e-007	3729.75	4514.59	4505.76
4512.47	2703.59	516	1.#QNAN	0	0.016	0	9.92604e-008	3805.99	4512.47	4503.68
4510.49	2702.32	517	1.#QNAN	0	0	0	1.02301e-007	3927.4	4510.49	4501.75
4508.26	2700.99	518	1.#QNAN	0	0	0	1.01505e-007	3736.65	4508.26	4499.57
4506.08	2699.66	519	1.#QNAN	0	0.015	0	1.00938e-007	3757.63	4506.08	4497.44
4503.93	2698.31	520	1.#QNAN	0	0	0	9.92317e-008	3770.55	4503.93	4495.33
4501.73	2696.95	521	1.#QNAN	0	0	0	1.02269e-007	3722.26	4501.73	4493.17
4499.74	2695.69	522	1.#QNAN	0	0.016	0	1.03365e-007	3912.96	4499.74	4491.23
4497.67	2694.36	523	1.#QNAN	0	0	0	1.04115e-007	3867.48	4497.67	4489.21
4495.45	2692.97	524	1.#QNAN	0	0	0	1.05183e-007	3704.37	4495.45	4487.03
4493.46	2691.68	525	1.#QNAN	0	0.015	0	1.02422e-007	3895.5	4493.46	4485.09
4491.46	2690.37	526	1.#QNAN	0	0	0	1.02734e-007	3874.57	4491.46	4483.13
4489.38	2689.14	527	1.#QNAN	0	0	0	1.03278e-007	3764.04	4489.38	4481.1
4487.05	2687.76	528	1.#QNAN	0	0	0	9.84863e-008	3661.78	4487.05	4478.81
4484.82	2686.44	529	1.#QNAN	0	0.016	0	9.98265e-008	3667.66	4484.82	4476.63
4482.61	2685.1	530	1.#QNAN	0	0	0	1.04214e-007	3688.89	4482.61	4474.45
4480.55	2683.78	531	1.#QNAN	0	0	0	1.0147e-007	3846.9	4480.55	4472.43
4478.57	2682.52	532	1.#QNAN	0	0.016	0	1.07051e-007	3867.54	4478.57	4470.49
4476.36	2681.16	533	1.#QNAN	0	0	0	1.01857e-007	3680.44	4476.36	4468.33
4474.17	2679.83	534	1.#QNAN	0	0	0	1.06503e-007	3689.77	4474.17	4466.18
4471.87	2678.44	535	1.#QNAN	0	0.015	0	1.04334e-007	3644.51	4471.87	4463.92
4469.74	2677.15	536	1.#QNAN	0	0	0	1.02549e-007	3792.61	4469.74	4461.83
4467.51	2675.84	537	1.#QNAN	0	0	0	1.07181e-007	3671.4	4467.51	4459.64
4465.36	2674.54	538	1.#QNAN	0	0	0	1.02895e-007	3684.35	4465.36	4457.54
4463.34	2673.31	539	1.#QNAN	0	0.016	0	1.0365e-007	3830.86	4463.34	4455.55
4461.16	2671.95	540	1.#QNAN	0	0	0	1.04799e-007	3671.84	4461.16	4453.41
4459.12	2670.66	541	1.#QNAN	0	0	0	1.06695e-007	3841.94	4459.12	4451.42
4457.12	2669.47	542	1.#QNAN	0	0.015	0	9.93311e-008	3792.77	4457.12	4449.46
4454.94	2668.18	543	1.#QNAN	0	0	0	1.04484e-007	3640.37	4454.94	4447.32
4452.8	2666.86	544	1.#QNAN	0	0	0	1.02846e-007	3677.78	4452.8	4445.22
4450.66	2665.56	545	1.#QNAN	0	0.016	0	1.0133e-007	3669.31	4450.66	4443.12
4448.59	2664.31	546	1.#QNAN	0	0	0	1.04587e-007	3694.1	4448.59	4441.09
4446.45	2663.05	547	1.#QNAN	0	0	0	1.0643e-007	3665.59	4446.45	4438.99
4444.44	2661.88	548	1.#QNAN	0	0	0	1.05515e-007	3795.62	4444.44	4437.02
4442.31	2660.62	549	1.#QNAN	0	0.016	0	1.03939e-007	3641.73	4442.31	4434.93
4440.17	2659.31	550	1.#QNAN	0	0	0	1.03353e-007	3680.44	4440.17	4432.83
4438.22	2658.14	551	1.#QNAN	0	0	0	1.0564e-007	3801.77	4438.22	4430.92
4436.1	2656.91	552	1.#QNAN	0	0.015	1	1.05887e-007	3641.72	4436.1	4428.83
4433.99	2655.67	553	1.#QNAN	0	0	0	1.04845e-007	3633.41	4433.99	4426.76
4432.1	2654.53	554	1.#QNAN	0	0	0	1.07818e-007	3829.34	4432.1	4424.91
4430.16	2653.38	555	1.#QNAN	0	0.016	0	1.03378e-007	3794.28	4430.16	4423.01
4428.18	2652.21	556	1.#QNAN	0	0	0	1.06013e-007	3723.34	4428.18	4421.07
4426.08	2650.99	557	1.#QNAN	0	0	0	1.07708e-007	3625.13	4426.08	4419
4424.21	2649.83	558	1.#QNAN	0	0	0	1.05716e-007	3831.68	4424.21	4417.16
4422.03	2648.55	559	1.#QNAN	0	0.015	0	1.0571e-007	3574.35	4422.03	4415.01
4420.1	2647.34	560	1.#QNAN	0	0	0	1.03965e-007	3782.44	4420.1	4413.13
4418.01	2646.15	561	1.#QNAN	0	0	0	1.081e-007	3630.53	4418.01	4411.06
4416.04	2644.95	562	1.#QNAN	0	0.016	0	1.10235e-007	3666.62	4416.04	4409.13
4413.99	2643.75	563	1.#QNAN	0	0	0	1.05804e-007	3638.28	4413.99	4407.12
4411.9	2642.52	564	1.#QNAN	0	0	0	1.0469e-007	3612.9	4411.9	4405.06
4409.87	2641.28	565	1.#QNAN	0	0.016	0	1.05892e-007	3639.9	4409.87	4403.05
4407.89	2640.11	566	1.#QNAN	0	0	0	1.06051e-007	3724.33	4407.89	4401.12
4405.93	2638.92	567	1.#QNAN	0	0	0	1.07531e-007	3655.82	4405.93	4399.19
4404	2637.78	568	1.#QNAN	0	0	0	1.1105e-007	3675.71	4404	4397.29
4401.94	2636.57	569	1.#QNAN	0	0.015	0	1.0789e-007	3601.2	4401.94	4395.26
4400.07	2635.44	570	1.#QNAN	0	0	0	1.09175e-007	3767.5	4400.07	4393.43
4398.08	2634.26	571	1.#QNAN	0	0	0	1.10072e-007	3619.97	4398.08	4391.47
4396.17	2633.16	572	1.#QNAN	0	0.016	0	1.08532e-007	3667.13	4396.17	4389.59
4394.23	2632	573	1.#QNAN	0	0	0	1.10498e-007	3625.34	4394.23	4387.68
4392.25	2630.78	574	1.#QNAN	0	0	0	1.09383e-007	3622.29	4392.25	4385.72
4390.3	2629.62	575	1.#QNAN	0	0.015	0	1.0909e-007	3633.42	4390.3	4383.8
4388.43	2628.51	576	1.#QNAN	0	0	0	1.0642e-007	3665.85	4388.43	4381.96
4386.61	2627.44	577	1.#QNAN	0	0	0	1.09729e-007	3701.69	4386.61	4380.17
4384.75	2626.32	578	1.#QNAN	0	0.016	0	1.10868e-007	3634.9	4384.75	4378.34
4382.89	2625.2	579	1.#QNAN	0	0	0	1.13207e-007	3742.88	4382.89	4376.52
4380.92	2624.05	580	1.#QNAN	0	0	0	1.17422e-007	3622.06	4380.92	4374.57
4379.15	2622.98	581	1.#QNAN	0	0	0	1.14806e-007	3774.34	4379.15	4372.83
4377.22	2621.85	582	1.#QNAN	0	0.016	0	1.10177e-007	3591.29	4377.22	4370.92
4375.41	2620.77	583	1.#QNAN	0	0	0	1.1154e-007	3760.07	4375.41	4369.14
4373.6	2619.7	584	1.#QNAN	0	0	0	1.14017e-007	3703.7	4373.6	4367.37
4371.57	2618.55	585	1.#QNAN	0	0.015	0	1.13298e-007	3544.7	4371.57	4365.36
4369.64	2617.43	586	1.#QNAN	0	0	0	1.10698e-007	3586.85	4369.64	4363.46
4367.86	2616.34	587	1.#QNAN	0	0	0	1.1504e-007	3727.54	4367.86	4361.71
4366.02	2615.24	588	1.#QNAN	0	0	0	1.07803e-007	3705.37	4366.02	4359.9
4364.07	2614.06	589	1.#QNAN	0	0.016	0	1.15417e-007	3569.86	4364.07	4357.97
4362.12	2612.93	590	1.#QNAN	0	0	0	1.13736e-007	3568.49	4362.12	4356.04
4360.2	2611.81	591	1.#QNAN	0	0	0	1.13132e-007	3582.29	4360.2	4354.15
4358.41	2610.74	592	1.#QNAN	0	0.015	0	1.1435e-007	3698.97	4358.41	4352.39
4356.64	2609.68	593	1.#QNAN	0	0	0	1.08466e-007	3651.95	4356.64	4350.66
4354.75	2608.56	594	1.#QNAN	0	0	0	1.11258e-007	3591.19	4354.75	4348.79
4352.78	2607.4	595	1.#QNAN	0	0.016	0	1.15563e-007	3550.61	4352.78	4346.84
4350.99	2606.3	596	1.#QNAN	0	0	0	1.13407e-007	3663.74	4350.99	4345.07
4349.18	2605.23	597	1.#QNAN	0	0	0	1.13801e-007	3655.82	4349.18	4343.3
4347.36	2604.15	598	1.#QNAN	0	0	0	1.15274e-007	3696.55	4347.36	4341.51
4345.42	2603.01	599	1.#QNAN	0	0.016	0	1.16624e-007	3547.67	4345.42	4339.59
4343.51	2601.89	600	1.#QNAN	0	0	0	1.13407e-007	3570.42	4343.51	4337.7
4341.61	2600.76	601	1.#QNAN	0	0	0	1.11536e-007	3589.39	4341.61	4335.84
4339.69	2599.64	602	1.#QNAN	0	0.015	0	1.14641e-007	3540.78	4339.69	4333.94
4337.71	2598.49	603	1.#QNAN	0	0	0	1.16355e-007	3508.48	4337.71	4331.98
4335.96	2597.5	604	1.#QNAN	0	0	0	1.13648e-007	3698.46	4335.96	4330.26
4334.16	2596.44	605	1.#QNAN	0	0.016	0	1.14064e-007	3686.33	4334.16	4328.49
4332.33	2595.36	606	1.#QNAN	0	0	0	1.1992e-007	3565.48	4332.33	4326.69
4330.51	2594.3	607	1.#QNAN	0	0	0	1.11731e-007	3560.93	4330.51	4324.88
4328.65	2593.24	608	1.#QNAN	0	0	0	1.17822e-007	3551.06	4328.65	4323.05
4326.76	2592.15	609	1.#QNAN	0	0.015	0	1.1587e-007	3537.21	4326.76	4321.18
4324.9	2591.11	610	1.#QNAN	0	0	0	1.1584e-007	3543.94	4324.9	4319.35
4323.15	2590.06	611	1.#QNAN	0	0	0	1.11609e-007	3676.23	4323.15	4317.62
4321.27	2589.02	612	1.#QNAN	0	0.016	0	1.18115e-007	3540.59	4321.27	4315.76
4319.37	2587.95	613	1.#QNAN	0	0	0	1.14745e-007	3535.45	4319.37	4313.89
4317.49	2586.86	614	1.#QNAN	0	0	0	1.17506e-007	3539.9	4317.49	4312.03
4315.63	2585.81	615	1.#QNAN	0	0.016	0	1.16573e-007	3529.6	4315.63	4310.19
4313.91	2584.81	616	1.#QNAN	0	0	0	1.17573e-007	3702.43	4313.91	4308.49
4312.13	2583.76	617	1.#QNAN	0	0	0	1.17734e-007	3665.8	4312.13	4306.74
4310.39	2582.75	618	1.#QNAN	0	0	0	1.16967e-007	3672.62	4310.39	4305.02
4308.54	2581.7	619	1.#QNAN	0	0.015	0	1.15697e-007	3528.74	4308.54	4303.2
4306.84	2580.72	620	1.#QNAN	0	0	0	1.18362e-007	3680.16	4306.84	4301.53
4305.16	2579.74	621	1.#QNAN	0	0	0	1.17684e-007	3688.58	4305.16	4299.86
4303.36	2578.69	622	1.#QNAN	0	0.016	0	1.17061e-007	3538.74	4303.36	4298.09
4301.58	2577.69	623	1.#QNAN	0	0	0	1.1678e-007	3566.49	4301.58	4296.33
4299.93	2576.7	624	1.#QNAN	0	0	0	1.21187e-007	3699.77	4299.93	4294.71
4298.09	2575.65	625	1.#QNAN	0	0.015	0	1.18793e-007	3507.08	4298.09	4292.89
4296.39	2574.64	626	1.#QNAN	0	0	0	1.19405e-007	3626.39	4296.39	4291.21
4294.53	2573.61	627	1.#QNAN	0	0	0	1.18587e-007	3492.15	4294.53	4289.37
4292.77	2572.59	628	1.#QNAN	0	0.016	0	1.16102e-007	3545.55	4292.77	4287.63
4290.95	2571.56	629	1.#QNAN	0	0	0	1.19768e-007	3515.67	4290.95	4285.83
4289.13	2570.49	630	1.#QNAN	0	0	0	1.19077e-007	3503.4	4289.13	4284.03
4287.31	2569.43	631	1.#QNAN	0	0	0	1.18559e-007	3498.8	4287.31	4282.23
4285.53	2568.4	632	1.#QNAN	0	0.016	0	1.21097e-007	3528.52	4285.53	4280.47
4283.71	2567.39	633	1.#QNAN	0	0	0	1.13764e-007	3506.04	4283.71	4278.68
4281.92	2566.35	634	1.#QNAN	0	0	0	1.16152e-007	3493.37	4281.92	4276.91
4280.22	2565.36	635	1.#QNAN	0	0.015	0	1.22328e-007	3642.21	4280.22	4275.23
4278.49	2564.32	636	1.#QNAN	0	0	0	1.16391e-007	3573.31	4278.49	4273.52
4276.83	2563.36	637	1.#QNAN	0	0	0	1.2075e-007	3632.31	4276.83	4271.89
4275.13	2562.38	638	1.#QNAN	0	0.016	0	1.19795e-007	3632.83	4275.13	4270.22
4273.28	2561.37	639	1.#QNAN	0	0	0	1.17747e-007	3446.21	4273.28	4268.39
4271.49	2560.34	640	1.#QNAN	0	0	0	1.18429e-007	3491.4	4271.49	4266.61
4269.74	2559.3	641	1.#QNAN	0	0.015	0	1.18788e-007	3494.48	4269.74	4264.88
4267.97	2558.3	642	1.#QNAN	0	0	0	1.19548e-007	3477.77	4267.97	4263.13
4266.2	2557.26	643	1.#QNAN	0	0	0	1.20706e-007	3458.72	4266.2	4261.39
4264.56	2556.27	644	1.#QNAN	0	0.016	0	1.23467e-007	3629.28	4264.56	4259.76
4262.8	2555.25	645	1.#QNAN	0	0	0	1.21434e-007	3472.09	4262.8	4258.02
4261.05	2554.24	646	1.#QNAN	0	0	0	1.18977e-007	3468.66	4261.05	4256.29
4259.32	2553.26	647	1.#QNAN	0	0.016	0	1.22669e-007	3474.02	4259.32	4254.57
4257.75	2552.29	648	1.#QNAN	0	0	0	1.22339e-007	3661.68	4257.75	4253.03
4256.03	2551.28	649	1.#QNAN	0	0	0	1.22374e-007	3492.61	4256.03	4251.33
4254.29	2550.27	650	1.#QNAN	0	0	0	1.22707e-007	3466.4	4254.29	4249.6
4252.67	2549.31	651	1.#QNAN	0	0.015	0	1.26781e-007	3619.11	4252.67	4248.01
4250.91	2548.27	652	1.#QNAN	0	0	0	1.23136e-007	3444.08	4250.91	4246.27
4249.31	2547.33	653	1.#QNAN	0	0	0	1.19069e-007	3622.92	4249.31	4244.69
4247.6	2546.34	654	1.#QNAN	0	0.016	0	1.26512e-007	3463.13	4247.6	4243
4245.95	2545.38	655	1.#QNAN	0	0	0	1.24293e-007	3595.04	4245.95	4241.37
4244.32	2544.42	656	1.#QNAN	0	0	0	1.22554e-007	3536.72	4244.32	4239.76
4242.58	2543.45	657	1.#QNAN	0	0.015	0	1.24803e-007	3450.31	4242.58	4238.04
4240.84	2542.47	658	1.#QNAN	0	0	0	1.24013e-007	3441.76	4240.84	4236.32
4239.21	2541.53	659	1.#QNAN	0	0	0	1.23242e-007	3584.33	4239.21	4234.71
4237.6	2540.57	660	1.#QNAN	0	0	0	1.2798e-007	3515.39	4237.6	4233.12
4235.88	2539.56	661	1.#QNAN	0	0.016	0	1.24658e-007	3440.59	4235.88	4231.42
4234.24	2538.58	662	1.#QNAN	0	0	0	1.26015e-007	3579.96	4234.24	4229.79
4232.49	2537.52	663	1.#QNAN	0	0	0	1.24409e-007	3443.63	4232.49	4228.07
4230.83	2536.56	664	1.#QNAN	0	0.016	0	1.22561e-007	3463.21	4230.83	4226.43
4229.2	2535.62	665	1.#QNAN	0	0	0	1.23426e-007	3574.34	4229.2	4224.82
4227.58	2534.66	666	1.#QNAN	0	0	0	1.2405e-007	3563.2	4227.58	4223.22
4226.02	2533.74	667	1.#QNAN	0	0.015	0	1.26292e-007	3599.33	4226.02	4221.68
4224.27	2532.72	668	1.#QNAN	0	0	0	1.26743e-007	3397.97	4224.27	4219.95
4222.62	2531.77	669	1.#QNAN	0	0	0	1.28765e-007	3461.37	4222.62	4218.32
4220.88	2530.79	670	1.#QNAN	0	0	0	1.26134e-007	3400.85	4220.88	4216.59
4219.12	2529.81	671	1.#QNAN	0	0.016	0	1.26137e-007	3412.14	4219.12	4214.85
4217.4	2528.83	672	1.#QNAN	0	0	0	1.24208e-007	3407.23	4217.4	4213.15
4215.67	2527.84	673	1.#QNAN	0	0	0	1.28061e-007	3394.84	4215.67	4211.44
4214.05	2526.88	674	1.#QNAN	0	0.015	0	1.27636e-007	3553.97	4214.05	4209.84
4212.5	2525.94	675	1.#QNAN	0	0	0	1.35054e-007	3597.27	4212.5	4208.3
4210.78	2524.95	676	1.#QNAN	0	0	0	1.24624e-007	3409.78	4210.78	4206.61
4209.17	2523.99	677	1.#QNAN	0	0.016	0	1.30098e-007	3478.97	4209.17	4205.02
4207.6	2523.05	678	1.#QNAN	0	0	0	1.29061e-007	3555.8	4207.6	4203.47
4205.87	2522.04	679	1.#QNAN	0	0	0	1.27952e-007	3382.84	4205.87	4201.75
4204.34	2521.11	680	1.#QNAN	0	0	0	1.2578e-007	3571.69	4204.34	4200.23
4202.74	2520.18	681	1.#QNAN	0	0.016	0	1.30236e-007	3535.12	4202.74	4198.65
4201.04	2519.18	682	1.#QNAN	0	0	0	1.26369e-007	3382.01	4201.04	4196.96
4199.34	2518.18	683	1.#QNAN	0	0	0	1.29332e-007	3386.37	4199.34	4195.28
4197.78	2517.25	684	1.#QNAN	0	0.015	0	1.30172e-007	3555.01	4197.78	4193.74
4196.1	2516.28	685	1.#QNAN	0	0	0	1.29937e-007	3387.47	4196.1	4192.07
4194.42	2515.3	686	1.#QNAN	0	0	0	1.3144e-007	3386.09	4194.42	4190.41
4192.88	2514.37	687	1.#QNAN	0	0.016	0	1.31185e-007	3555.36	4192.88	4188.89
4191.18	2513.39	688	1.#QNAN	0	0	0	1.26076e-007	3382.47	4191.18	4187.21
4189.64	2512.46	689	1.#QNAN	0	0	0	1.30187e-007	3553.2	4189.64	4185.68
4187.97	2511.49	690	1.#QNAN	0	0	0	1.25749e-007	3386.3	4187.97	4184.02
4186.28	2510.48	691	1.#QNAN	0	0.015	0	1.2567e-007	3375.7	4186.28	4182.35
4184.77	2509.58	692	1.#QNAN	0	0	0	1.28995e-007	3575.99	4184.77	4180.86
4183.11	2508.61	693	1.#QNAN	0	0	0	1.33914e-007	3361.37	4183.11	4179.21
4181.52	2507.68	694	1.#QNAN	0	0.016	0	1.32283e-007	3454.82	4181.52	4177.64
4179.87	2506.75	695	1.#QNAN	0	0	0	1.27418e-007	3395.51	4179.87	4176
4178.16	2505.77	696	1.#QNAN	0	0	0	1.30663e-007	3351.15	4178.16	4174.31
4176.54	2504.8	697	1.#QNAN	0	0.016	0	1.29767e-007	3407.98	4176.54	4172.71
4175	2503.87	698	1.#QNAN	0	0	0	1.31631e-007	3515.25	4175	4171.18
4173.32	2502.89	699	1.#QNAN	0	0	0	1.35357e-007	3362.22	4173.32	4169.52
4171.64	2501.91	700	1.#QNAN	0	0	0	1.34737e-007	3375.01	4171.64	4167.85
4169.97	2500.95	701	1.#QNAN	0	0.015	0	1.33706e-007	3359.59	4169.97	4166.19
4168.21	2499.95	702	1.#QNAN	0	0	0	1.35789e-007	3297.71	4168.21	4164.46
4166.52	2498.99	703	1.#QNAN	0	0	0	1.31309e-007	3331.9	4166.52	4162.78
4164.97	2498.07	704	1.#QNAN	0	0.016	0	1.37818e-007	3437.17	4164.97	4161.24
4163.36	2497.15	705	1.#QNAN	0	0	0	1.32372e-007	3361.5	4163.36	4159.65
4161.73	2496.18	706	1.#QNAN	0	0	0	1.33056e-007	3350.05	4161.73	4158.03
4160.09	2495.23	707	1.#QNAN	0	0.015	0	1.33401e-007	3346.82	4160.09	4156.4
4158.58	2494.34	708	1.#QNAN	0	0	0	1.33266e-007	3512.82	4158.58	4154.9
4156.94	2493.38	709	1.#QNAN	0	0	0	1.35178e-007	3359.5	4156.94	4153.28
4155.23	2492.4	710	1.#QNAN	0	0	0	1.373e-007	3312.71	4155.23	4151.59
4153.59	2491.43	711	1.#QNAN	0	0.016	0	1.33995e-007	3332.84	4153.59	4149.96
4151.99	2490.51	712	1.#QNAN	0	0	0	1.34403e-007	3352.23	4151.99	4148.37
4150.37	2489.57	713	1.#QNAN	0	0	0	1.38498e-007	3332.46	4150.37	4146.76
4148.8	2488.63	714	1.#QNAN	0	0.016	0	1.37715e-007	3382.71	4148.8	4145.21
4147.14	2487.69	715	1.#QNAN	0	0	0	1.30989e-007	3332.45	4147.14	4143.56
4145.45	2486.75	716	1.#QNAN	0	0	0	1.33539e-007	3299.36	4145.45	4141.88
4143.85	2485.79	717	1.#QNAN	0	0.015	0	1.39069e-007	3337.85	4143.85	4140.29
4142.18	2484.82	718	1.#QNAN	0	0	0	1.38112e-007	3296.77	4142.18	4138.63
4140.65	2483.92	719	1.#QNAN	0	0	0	1.33488e-007	3357.53	4140.65	4137.12
4139.05	2482.99	720	1.#QNAN	0	0	0	1.33634e-007	3325.24	4139.05	4135.53
4137.38	2482.05	721	1.#QNAN	0	0.016	0	1.32449e-007	3304.6	4137.38	4133.88
4135.89	2481.15	722	1.#QNAN	0	0	0	1.31206e-007	3494.6	4135.89	4132.4
4134.29	2480.23	723	1.#QNAN	0	0	0	1.32377e-007	3319.39	4134.29	4130.81
4132.68	2479.32	724	1.#QNAN	0	0.015	0	1.29961e-007	3325.59	4132.68	4129.21
4131.03	2478.4	725	1.#QNAN	0	0	0	1.40626e-007	3290.48	4131.03	4127.57
4129.41	2477.5	726	1.#QNAN	0	0	0	1.34948e-007	3332.23	4129.41	4125.96
4127.91	2476.62	727	1.#QNAN	0	0.016	0	1.38019e-007	3374.42	4127.91	4124.47
4126.26	2475.68	728	1.#QNAN	0	0	0	1.40535e-007	3288.11	4126.26	4122.83
4124.65	2474.79	729	1.#QNAN	0	0	0	1.34223e-007	3312.01	4124.65	4121.23
4123.07	2473.86	730	1.#QNAN	0	0.016	0	1.37065e-007	3329.02	4123.07	4119.67
4121.47	2472.94	731	1.#QNAN	0	0	0	1.35452e-007	3283.13	4121.47	4118.07
4119.87	2472.04	732	1.#QNAN	0	0	0	1.40154e-007	3309.28	4119.87	4116.48
4118.32	2471.13	733	1.#QNAN	0	0	0	1.36748e-007	3299.51	4118.32	4114.94
4116.71	2470.23	734	1.#QNAN	0	0.015	0	1.37196e-007	3298.6	4116.71	4113.35
4115.06	2469.29	735	1.#QNAN	0	0	0	1.3713e-007	3270.17	4115.06	4111.71
4113.55	2468.4	736	1.#QNAN	0	0	0	1.35863e-007	3343.27	4113.55	4110.21
4111.95	2467.51	737	1.#QNAN	0	0.016	0	1.38365e-007	3312.37	4111.95	4108.62
4110.48	2466.65	738	1.#QNAN	0	0	0	1.35966e-007	3456.84	4110.48	4107.16
4108.98	2465.76	739	1.#QNAN	0	0	0	1.41656e-007	3431.23	4108.98	4105.67
4107.47	2464.87	740	1.#QNAN	0	0.015	0	1.35379e-007	3424.74	4107.47	4104.18
4106.03	2464	741	1.#QNAN	0	0	0	1.38772e-007	3477.2	4106.03	4102.75
4104.47	2463.08	742	1.#QNAN	0	0	0	1.41484e-007	3296.41	4104.47	4101.19
4103.01	2462.18	743	1.#QNAN	0	0	0	1.34267e-007	3463.69	4103.01	4099.74
4101.55	2461.33	744	1.#QNAN	0	0.016	0	1.3953e-007	3373.26	4101.55	4098.29
4100.17	2460.49	745	1.#QNAN	0	0	0	1.39981e-007	3476.32	4100.17	4096.92
4098.75	2459.62	746	1.#QNAN	0	0	0	1.38608e-007	3455.62	4098.75	4095.51
4097.29	2458.76	747	1.#QNAN	0	0.016	0	1.37327e-007	3437.52	4097.29	4094.06
4095.82	2457.91	748	1.#QNAN	0	0	0	1.36733e-007	3428.23	4095.82	4092.61
4094.29	2457.04	749	1.#QNAN	0	0	0	1.39297e-007	3295.89	4094.29	4091.08
4092.79	2456.16	750	1.#QNAN	0	0.015	0	1.34026e-007	3313.31	4092.79	4089.59
4091.22	2455.26	751	1.#QNAN	0	0	0	1.42305e-007	3275.69	4091.22	4088.04
4089.76	2454.39	752	1.#QNAN	0	0	0	1.37223e-007	3436.03	4089.76	4086.59
4088.24	2453.51	753	1.#QNAN	0	0	0	1.47711e-007	3309.53	4088.24	4085.08
4086.68	2452.6	754	1.#QNAN	0	0.016	0	1.42801e-007	3266.69	4086.68	4083.53
4085.14	2451.71	755	1.#QNAN	0	0	0	1.40306e-007	3292.41	4085.14	4082
4083.7	2450.83	756	1.#QNAN	0	0	0	1.40026e-007	3379.69	4083.7	4080.57
4082.26	2449.99	757	1.#QNAN	0	0.015	0	1.43307e-007	3454.56	4082.26	4079.14
4080.77	2449.09	758	1.#QNAN	0	0	0	1.39329e-007	3328.24	4080.77	4077.66
4079.23	2448.21	759	1.#QNAN	0	0	0	1.45022e-007	3266.9	4079.23	4076.13
4077.74	2447.32	760	1.#QNAN	0	0.016	0	1.40324e-007	3309.81	4077.74	4074.65
4076.35	2446.46	761	1.#QNAN	0	0	0	1.38258e-007	3454.44	4076.35	4073.27
4074.87	2445.59	762	1.#QNAN	0	0	0	1.41309e-007	3316.55	4074.87	4071.8
4073.37	2444.71	763	1.#QNAN	0	0.016	1	1.37333e-007	3267.88	4073.37	4070.3
4071.83	2443.84	764	1.#QNAN	0	0	0	1.43793e-007	3268.58	4071.83	4068.78
4070.46	2443.01	765	1.#QNAN	0	0	0	1.4184e-007	3447.09	4070.46	4067.42
4068.97	2442.14	766	1.#QNAN	0	0	0	1.42608e-007	3269.86	4068.97	4065.94
4067.46	2441.26	767	1.#QNAN	0	0.015	0	1.42906e-007	3268.68	4067.46	4064.44
4065.94	2440.36	768	1.#QNAN	0	0	0	1.44369e-007	3259.7	4065.94	4062.93
4064.52	2439.52	769	1.#QNAN	0	0	0	1.41019e-007	3363.22	4064.52	4061.52
4063.14	2438.69	770	1.#QNAN	0	0.016	0	1.45013e-007	3423.88	4063.14	4060.15
4061.62	2437.81	771	1.#QNAN	0	0	0	1.44414e-007	3246.89	4061.62	4058.63
4060.11	2436.93	772	1.#QNAN	0	0	0	1.45031e-007	3246.1	4060.11	4057.13
4058.63	2436.07	773	1.#QNAN	0	0.015	0	1.45306e-007	3301.12	4058.63	4055.67
4057.29	2435.28	774	1.#QNAN	0	0	0	1.4098e-007	3451	4057.29	4054.34
4055.91	2434.44	775	1.#QNAN	0	0	0	1.40591e-007	3373.51	4055.91	4052.97
4054.4	2433.55	776	1.#QNAN	0	0.016	0	1.43966e-007	3252.38	4054.4	4051.46
4052.86	2432.66	777	1.#QNAN	0	0	0	1.43474e-007	3224.85	4052.86	4049.93
4051.39	2431.8	778	1.#QNAN	0	0	0	1.3841e-007	3260.73	4051.39	4048.47
4050.04	2430.99	779	1.#QNAN	0	0	0	1.40342e-007	3454.34	4050.04	4047.13
4048.61	2430.14	780	1.#QNAN	0	0.016	0	1.44935e-007	3294.08	4048.61	4045.72
4047.23	2429.32	781	1.#QNAN	0	0	0	1.42759e-007	3416.63	4047.23	4044.34
4045.75	2428.44	782	1.#QNAN	0	0	0	1.41814e-007	3256.48	4045.75	4042.87
4044.24	2427.53	783	1.#QNAN	0	0.015	0	1.45692e-007	3232.73	4044.24	4041.37
4042.85	2426.68	784	1.#QNAN	0	0	0	1.46035e-007	3396.11	4042.85	4039.99
4041.45	2425.87	785	1.#QNAN	0	0	0	1.45596e-007	3302.51	4041.45	4038.6
4040	2425.04	786	1.#QNAN	0	0.016	0	1.49535e-007	3255.81	4040	4037.17
4038.62	2424.21	787	1.#QNAN	0	0	0	1.47376e-007	3316.16	4038.62	4035.79
4037.16	2423.36	788	1.#QNAN	0	0	0	1.44948e-007	3267.06	4037.16	4034.34
4035.66	2422.51	789	1.#QNAN	0	0	0	1.51957e-007	3218.18	4035.66	4032.86
4034.18	2421.64	790	1.#QNAN	0	0.015	0	1.47389e-007	3219.78	4034.18	4031.38
4032.74	2420.78	791	1.#QNAN	0	0	0	1.45543e-007	3249.02	4032.74	4029.95
4031.29	2419.96	792	1.#QNAN	0	0	0	1.40621e-007	3248.36	4031.29	4028.51
4029.81	2419.14	793	1.#QNAN	0	0.016	0	1.44898e-007	3218.22	4029.81	4027.04
4028.5	2418.34	794	1.#QNAN	0	0	0	1.45331e-007	3411.75	4028.5	4025.74
4027	2417.49	795	1.#QNAN	0	0	0	1.52181e-007	3192.99	4027	4024.24
4025.56	2416.65	796	1.#QNAN	0	0.016	0	1.48006e-007	3210.49	4025.56	4022.81
4024.11	2415.82	797	1.#QNAN	0	0	0	1.41733e-007	3230.25	4024.11	4021.37
4022.77	2415.01	798	1.#QNAN	0	0	0	1.43245e-007	3387.66	4022.77	4020.03
4021.31	2414.17	799	1.#QNAN	0	0	0	1.48895e-007	3213.96	4021.31	4018.59
