rmse	mae	#iter	time_pred	time_learn	time_learn2	time_learn4	alpha	rmse_mcmc_this	rmse_mcmc_all	rmse_mcmc_all_but5
6046.97	4805.9	0	1.#QNAN	0	0.016	0	1.02812e-009	6046.97	6046.97	4162.21
5482.89	4352.86	1	1.#QNAN	0	0.016	0	1.82085e-008	5205.32	5482.89	4162.21
5283.42	4186.84	2	1.#QNAN	0	0	0	2.36922e-008	5016.19	5283.42	4162.21
5167.22	4096.01	3	1.#QNAN	0	0.015	0	2.63434e-008	4907.63	5167.22	4162.21
5052.27	4007.67	4	1.#QNAN	0	0.016	0	2.82693e-008	4680.53	5052.27	37734.5
4954.53	3931.87	5	1.#QNAN	0	0.015	0	3.15592e-008	4528.86	4954.53	4528.86
4857.16	3856.81	6	1.#QNAN	0	0.016	0	3.54092e-008	4330.94	4857.16	4405.47
4757.35	3781.67	7	1.#QNAN	0	0.016	0	3.90115e-008	4117.24	4757.35	4297.47
4669.63	3712.7	8	1.#QNAN	0	0.015	0	4.22837e-008	4031.99	4669.63	4217.59
4575.66	3637.32	9	1.#QNAN	0	0.016	0	4.73304e-008	3812.98	4575.66	4124.95
4481.41	3562.94	10	1.#QNAN	0	0.015	0	5.4003e-008	3614.29	4481.41	4031.34
4376.68	3479.61	11	1.#QNAN	0	0	0	6.24512e-008	3339.82	4376.68	3920.77
4265.02	3391.12	12	1.#QNAN	0	0.016	1	7.12632e-008	3063.6	4265.02	3801.24
4152.69	3300.1	13	1.#QNAN	0	0.016	0	8.9845e-008	2881.99	4152.69	3683
4038.49	3208.54	14	1.#QNAN	0	0.015	0	1.04702e-007	2653.04	4038.49	3563.64
3924.62	3116.02	15	1.#QNAN	0	0.016	0	1.22737e-007	2502.02	3924.62	3446.78
3813.79	3025.67	16	1.#QNAN	0	0.015	0	1.41078e-007	2437.53	3813.79	3336.37
3708.11	2938.41	17	1.#QNAN	0	0.016	0	1.56142e-007	2369.95	3708.11	3234.15
3606.09	2853.46	18	1.#QNAN	0	0.016	0	1.66487e-007	2293.67	3606.09	3137.2
3509.47	2772.04	19	1.#QNAN	0	0.015	0	1.94909e-007	2258.38	3509.47	3047.95
3420.22	2695.96	20	1.#QNAN	0	0.016	0	2.03081e-007	2233.95	3420.22	2967.69
3336.31	2624.01	21	1.#QNAN	0	0	0	2.09893e-007	2228.11	3336.31	2894.13
3257.2	2555.74	22	1.#QNAN	0	0.015	0	2.32087e-007	2206.8	3257.2	2826.36
3181.96	2492.95	23	1.#QNAN	0	0.016	0	2.36573e-007	2167.57	3181.96	2762.74
3112.59	2434.69	24	1.#QNAN	0	0.016	0	2.53037e-007	2092.02	3112.59	2704.97
3047.32	2379.14	25	1.#QNAN	0	0.015	0	2.61823e-007	2121.77	3047.32	2652.02
2986.7	2327.99	26	1.#QNAN	0	0.016	0	2.67388e-007	2046.95	2986.7	2603.46
2930.21	2279.78	27	1.#QNAN	0	0	0	2.67836e-007	2026.87	2930.21	2558.84
2877.86	2234.26	28	1.#QNAN	0	0.015	0	2.78804e-007	2068.57	2877.86	2518.71
2828.45	2191.2	29	1.#QNAN	0	0.016	0	2.92128e-007	2028.94	2828.45	2481.09
2781.65	2150.37	30	1.#QNAN	0	0.016	0	3.05243e-007	1963.29	2781.65	2445.31
2738.5	2112.89	31	1.#QNAN	0	0.015	0	3.05674e-007	1991.16	2738.5	2413.22
2698.51	2078.16	32	1.#QNAN	0	0.016	0	3.11297e-007	1989.32	2698.51	2384.12
2660.23	2044.52	33	1.#QNAN	0	0.015	0	3.07099e-007	1915.59	2660.23	2355.86
2624.61	2013.05	34	1.#QNAN	0	0	0	3.15822e-007	1936.47	2624.61	2330.06
2590.83	1982.96	35	1.#QNAN	0	0.016	0	3.22691e-007	1952.94	2590.83	2305.98
2558.3	1953.89	36	1.#QNAN	0	0.016	0	3.24345e-007	1907.64	2558.3	2282.62
2528.93	1927.69	37	1.#QNAN	0	0.015	0	3.46275e-007	1928.57	2528.93	2262.03
2499.8	1902.11	38	1.#QNAN	0	0.016	0	3.4523e-007	1825.9	2499.8	2240.85
2472.11	1877.66	39	1.#QNAN	0	0.015	0	3.54025e-007	1808.92	2472.11	2220.64
2446.08	1854.78	40	1.#QNAN	0	0.016	0	3.6411e-007	1819.88	2446.08	2201.85
2421.36	1833.17	41	1.#QNAN	0	0	0	3.74963e-007	1810.83	2421.36	2184.13
2397.18	1812.19	42	1.#QNAN	0	0.016	0	3.78631e-007	1779.75	2397.18	2166.67
2374.37	1792.25	43	1.#QNAN	0	0.015	0	3.76846e-007	1794.54	2374.37	2150.39
2352.88	1773.61	44	1.#QNAN	0	0.016	0	3.76206e-007	1787.07	2352.88	2135.21
2332.59	1755.93	45	1.#QNAN	0	0.015	0	3.91733e-007	1794.7	2332.59	2121.06
2313.46	1739.26	46	1.#QNAN	0	0.016	0	3.81114e-007	1786.8	2313.46	2107.71
2294.63	1723.05	47	1.#QNAN	0	0	0	3.98924e-007	1753.25	2294.63	2094.34
2276.71	1707.31	48	1.#QNAN	0	0.016	0	3.88705e-007	1751.29	2276.71	2081.73
2259.91	1692.42	49	1.#QNAN	0	0.015	0	4.10692e-007	1743.89	2259.91	2070
2243.38	1677.85	50	1.#QNAN	0	0.016	0	4.02699e-007	1737.15	2243.38	2058.25
2227.55	1664.03	51	1.#QNAN	0	0.015	0	4.18647e-007	1721.22	2227.55	2046.98
2211.89	1650.44	52	1.#QNAN	0	0.016	0	4.12091e-007	1726.65	2211.89	2035.79
2196.94	1637.09	53	1.#QNAN	0	0.016	0	4.10443e-007	1753.67	2196.94	2025.36
2182.14	1623.85	54	1.#QNAN	0	0	0	4.28742e-007	1717.64	2182.14	2014.82
2168.26	1611.56	55	1.#QNAN	0	0.015	0	4.31319e-007	1718.77	2168.26	2005.02
2154.49	1599.55	56	1.#QNAN	0	0.016	0	4.32931e-007	1679.06	2154.49	1994.99
2140.88	1587.58	57	1.#QNAN	0	0.015	0	4.34947e-007	1652.23	2140.88	1984.94
2127.86	1575.94	58	1.#QNAN	0	0.016	0	4.47016e-007	1677.17	2127.86	1975.46
2114.79	1564.62	59	1.#QNAN	0	0.016	0	4.33205e-007	1625.26	2114.79	1965.62
2102.56	1554.01	60	1.#QNAN	0	0	0	4.60088e-007	1654.04	2102.56	1956.56
2090.6	1543.6	61	1.#QNAN	0	0.015	0	4.40805e-007	1637.71	2090.6	1947.7
2079.06	1533.5	62	1.#QNAN	0	0.016	0	4.51735e-007	1630.7	2079.06	1939.13
2067.54	1523.67	63	1.#QNAN	0	0.015	0	4.64424e-007	1601.95	2067.54	1930.34
2056.4	1514.02	64	1.#QNAN	0	0.016	0	4.58599e-007	1613.55	2056.4	1921.88
2045.77	1504.8	65	1.#QNAN	0	0.016	0	4.63718e-007	1619.07	2045.77	1913.92
2035.47	1495.75	66	1.#QNAN	0	0	0	4.85479e-007	1629.41	2035.47	1906.27
2025.5	1487.05	67	1.#QNAN	0	0.015	0	4.68032e-007	1605.46	2025.5	1898.82
2016.11	1478.65	68	1.#QNAN	0	0.016	0	4.91788e-007	1619.81	2016.11	1891.9
2006.54	1470.28	69	1.#QNAN	0	0.015	0	4.88508e-007	1588.05	2006.54	1884.7
1996.82	1461.91	70	1.#QNAN	0	0.016	0	4.97975e-007	1567.86	1996.82	1877.14
1987.79	1454.09	71	1.#QNAN	0	0.016	0	5.04942e-007	1588.15	1987.79	1870.19
1978.63	1446.19	72	1.#QNAN	0	0.015	0	4.83493e-007	1561.84	1978.63	1863.07
1969.7	1438.73	73	1.#QNAN	0	0	0	4.76465e-007	1567.54	1969.7	1856.02
1960.83	1431.25	74	1.#QNAN	0	0.016	0	5.05607e-007	1542.35	1960.83	1848.95
1952.38	1424.21	75	1.#QNAN	0	0.015	0	4.98442e-007	1556.84	1952.38	1842.29
1943.9	1417.02	76	1.#QNAN	0	0.016	0	5.10884e-007	1553.72	1943.9	1835.58
1935.43	1409.96	77	1.#QNAN	0	0.016	0	5.1469e-007	1522.87	1935.43	1828.81
1927.22	1402.99	78	1.#QNAN	0	0.015	0	5.15347e-007	1536.15	1927.22	1822.32
1919.63	1396.28	79	1.#QNAN	0	0	0	5.15569e-007	1545.86	1919.63	1816.47
1912.18	1389.61	80	1.#QNAN	0	0.016	0	5.21762e-007	1548.63	1912.18	1810.75
1904.92	1383.14	81	1.#QNAN	0	0.015	0	5.27319e-007	1543.63	1904.92	1805.18
1898.04	1376.93	82	1.#QNAN	0	0.016	0	5.42616e-007	1542.61	1898.04	1799.9
1890.97	1370.66	83	1.#QNAN	0	0.016	0	5.31054e-007	1512.08	1890.97	1794.36
1884.12	1364.54	84	1.#QNAN	0	0.015	0	5.48069e-007	1524.56	1884.12	1789.01
1877.26	1358.56	85	1.#QNAN	0	0.016	0	5.61281e-007	1510.81	1877.26	1783.59
1870.69	1352.81	86	1.#QNAN	0	0	0	5.32983e-007	1507.74	1870.69	1778.44
1864.24	1347.04	87	1.#QNAN	0	0.015	1	5.36833e-007	1521.2	1864.24	1773.4
1858.06	1341.59	88	1.#QNAN	0	0.016	0	5.55634e-007	1519.56	1858.06	1768.58
1851.9	1336.19	89	1.#QNAN	0	0.016	0	5.40196e-007	1500.33	1851.9	1763.7
1845.9	1330.93	90	1.#QNAN	0	0.015	0	5.49907e-007	1520.48	1845.9	1759
1839.97	1325.72	91	1.#QNAN	0	0.016	0	5.51402e-007	1520.25	1839.97	1754.32
1834.05	1320.44	92	1.#QNAN	0	0.015	0	5.5563e-007	1500.21	1834.05	1749.68
1828.51	1315.4	93	1.#QNAN	0	0	0	5.60175e-007	1528.9	1828.51	1745.42
1823.12	1310.6	94	1.#QNAN	0	0.016	0	5.68941e-007	1520.83	1823.12	1741.22
1817.76	1305.79	95	1.#QNAN	0	0.016	0	5.69844e-007	1535.98	1817.76	1737.03
1812.4	1301.04	96	1.#QNAN	0	0.015	0	5.73557e-007	1506.37	1812.4	1732.75
1807.13	1296.37	97	1.#QNAN	0	0.016	0	5.95335e-007	1495.55	1807.13	1728.53
1801.72	1291.75	98	1.#QNAN	0	0.015	0	5.6955e-007	1490.22	1801.72	1724.08
1796.64	1287.29	99	1.#QNAN	0	0.016	0	5.62232e-007	1512.44	1796.64	1719.94
1791.57	1282.77	100	1.#QNAN	0	0	0	5.81647e-007	1494.08	1791.57	1715.87
1786.64	1278.37	101	1.#QNAN	0	0.016	0	5.75865e-007	1497.82	1786.64	1711.9
1781.64	1274.05	102	1.#QNAN	0	0.015	0	5.59431e-007	1486.84	1781.64	1707.81
1776.66	1269.72	103	1.#QNAN	0	0.016	0	5.92186e-007	1490.4	1776.66	1703.73
1771.92	1265.51	104	1.#QNAN	0	0.015	0	5.76073e-007	1492.62	1771.92	1699.88
1767.22	1261.42	105	1.#QNAN	0	0.016	0	5.92169e-007	1487.87	1767.22	1696.04
1762.46	1257.2	106	1.#QNAN	0	0.016	0	6.0226e-007	1487.76	1762.46	1692.14
1757.89	1253.08	107	1.#QNAN	0	0	0	5.9647e-007	1477.27	1757.89	1688.41
1753.39	1249.13	108	1.#QNAN	0	0.015	0	5.79131e-007	1463.76	1753.39	1684.72
1748.98	1245.23	109	1.#QNAN	0	0.016	0	6.15898e-007	1474.24	1748.98	1681.11
1744.49	1241.41	110	1.#QNAN	0	0.015	0	5.90508e-007	1449.85	1744.49	1677.37
1740.35	1237.76	111	1.#QNAN	0	0.016	0	5.96194e-007	1485.61	1740.35	1674.02
1736.2	1234.11	112	1.#QNAN	0	0.016	0	6.05298e-007	1470.07	1736.2	1670.63
1732.1	1230.47	113	1.#QNAN	0	0	0	6.21504e-007	1476.37	1732.1	1667.31
1727.91	1226.8	114	1.#QNAN	0	0.015	0	6.14479e-007	1457.15	1727.91	1663.88
1723.87	1223.15	115	1.#QNAN	0	0.016	0	6.13516e-007	1468.9	1723.87	1660.57
1720.14	1219.88	116	1.#QNAN	0	0.015	0	6.12077e-007	1482.26	1720.14	1657.55
1716.36	1216.48	117	1.#QNAN	0	0.016	0	6.18568e-007	1477.9	1716.36	1654.5
1712.59	1213.14	118	1.#QNAN	0	0.016	0	6.13489e-007	1463.3	1712.59	1651.45
1708.76	1209.73	119	1.#QNAN	0	0.015	0	6.19729e-007	1467.84	1708.76	1648.34
1705.23	1206.56	120	1.#QNAN	0	0	0	6.25386e-007	1481.09	1705.23	1645.51
1701.78	1203.34	121	1.#QNAN	0	0.016	0	6.30028e-007	1490.89	1701.78	1642.78
1698.31	1200.12	122	1.#QNAN	0	0.015	0	6.25476e-007	1493.8	1698.31	1640.01
1694.85	1196.98	123	1.#QNAN	0	0.016	0	6.54947e-007	1482.16	1694.85	1637.25
1691.53	1193.98	124	1.#QNAN	0	0.016	0	6.29472e-007	1483.52	1691.53	1634.61
1688.29	1191.04	125	1.#QNAN	0	0.015	0	6.32952e-007	1499.1	1688.29	1632.02
1685.11	1188.21	126	1.#QNAN	0	0	0	6.10214e-007	1485.42	1685.11	1629.46
1681.85	1185.34	127	1.#QNAN	0	0.016	0	6.33842e-007	1481.56	1681.85	1626.81
1678.48	1182.32	128	1.#QNAN	0	0.015	0	6.19552e-007	1465.13	1678.48	1624.05
1675.19	1179.42	129	1.#QNAN	0	0.016	0	6.2061e-007	1469.42	1675.19	1621.37
1672.12	1176.74	130	1.#QNAN	0	0.016	0	6.2454e-007	1472.33	1672.12	1618.91
1668.87	1173.89	131	1.#QNAN	0	0.015	0	6.49375e-007	1447.62	1668.87	1616.24
1665.76	1171.06	132	1.#QNAN	0	0	0	6.23621e-007	1471.19	1665.76	1613.72
1662.72	1168.32	133	1.#QNAN	0	0.016	0	6.38093e-007	1456.88	1662.72	1611.26
1659.6	1165.67	134	1.#QNAN	0	0.015	0	6.34814e-007	1428.59	1659.6	1608.67
1656.6	1163.04	135	1.#QNAN	0	0.016	0	6.4143e-007	1462.3	1656.6	1606.21
1653.52	1160.43	136	1.#QNAN	0	0.016	0	6.52249e-007	1444.61	1653.52	1603.66
1650.6	1157.94	137	1.#QNAN	0	0.015	0	6.45443e-007	1447.24	1650.6	1601.27
1647.58	1155.4	138	1.#QNAN	0	0	0	6.51451e-007	1435.19	1647.58	1598.73
1644.7	1152.92	139	1.#QNAN	0	0	0	6.60657e-007	1436.6	1644.7	1596.36
1641.8	1150.49	140	1.#QNAN	0	0.015	0	6.46885e-007	1445.38	1641.8	1593.94
1639.03	1147.98	141	1.#QNAN	0	0.016	0	6.33968e-007	1452.64	1639.03	1591.68
1636.29	1145.56	142	1.#QNAN	0	0.016	0	6.53547e-007	1459.92	1636.29	1589.41
1633.66	1143.16	143	1.#QNAN	0	0.015	0	6.64278e-007	1488.48	1633.66	1587.28
1630.92	1140.74	144	1.#QNAN	0	0.016	0	6.45881e-007	1459.1	1630.92	1585.04
1628.33	1138.47	145	1.#QNAN	0	0.015	0	6.68591e-007	1477.4	1628.33	1582.91
1625.63	1136.08	146	1.#QNAN	0	0	0	6.75627e-007	1466.32	1625.63	1580.67
1623.05	1133.75	147	1.#QNAN	0	0.016	0	6.5049e-007	1468.95	1623.05	1578.57
1620.58	1131.46	148	1.#QNAN	0	0.016	0	6.66964e-007	1476.24	1620.58	1576.6
1618.21	1129.24	149	1.#QNAN	0	0.015	0	6.81854e-007	1465.46	1618.21	1574.7
1615.84	1127	150	1.#QNAN	0	0.016	0	6.6897e-007	1480.03	1615.84	1572.79
1613.55	1124.85	151	1.#QNAN	0	0.015	0	6.66866e-007	1480	1613.55	1570.96
1611.24	1122.66	152	1.#QNAN	0	0	0	6.9266e-007	1481.81	1611.24	1569.11
1609	1120.6	153	1.#QNAN	0	0.016	0	6.69404e-007	1479.3	1609	1567.33
1606.75	1118.56	154	1.#QNAN	0	0.016	0	6.64307e-007	1469.88	1606.75	1565.52
1604.77	1116.6	155	1.#QNAN	0	0.015	0	6.71161e-007	1513.46	1604.77	1563.99
1602.53	1114.57	156	1.#QNAN	0	0.016	0	6.65531e-007	1474.35	1602.53	1562.18
1600.32	1112.5	157	1.#QNAN	0	0.015	0	6.76211e-007	1461.59	1600.32	1560.37
1598.28	1110.51	158	1.#QNAN	0	0	0	6.55491e-007	1489.01	1598.28	1558.72
1596.14	1108.49	159	1.#QNAN	0	0.016	0	6.78116e-007	1468.62	1596.14	1556.98
1593.89	1106.38	160	1.#QNAN	0	0.016	0	7.0153e-007	1443.48	1593.89	1555.11
1591.66	1104.31	161	1.#QNAN	0	0.015	0	6.98271e-007	1437.21	1591.66	1553.28
1589.43	1102.26	162	1.#QNAN	0	0.016	1	6.92232e-007	1420.75	1589.43	1551.44
1587.3	1100.25	163	1.#QNAN	0	0.015	0	6.91618e-007	1439.06	1587.3	1549.68
1585.3	1098.3	164	1.#QNAN	0	0.016	0	6.82068e-007	1470.2	1585.3	1548.07
1583.28	1096.29	165	1.#QNAN	0	0	0	6.88354e-007	1458.46	1583.28	1546.44
1581.25	1094.37	166	1.#QNAN	0	0.016	0	6.93921e-007	1455.06	1581.25	1544.78
1579.24	1092.46	167	1.#QNAN	0	0.015	0	6.87512e-007	1456.11	1579.24	1543.15
1577.37	1090.65	168	1.#QNAN	0	0.016	0	6.64599e-007	1456.88	1577.37	1541.64
1575.4	1088.74	169	1.#QNAN	0	0.015	0	6.81708e-007	1448.35	1575.4	1540.04
1573.53	1086.88	170	1.#QNAN	0	0.016	0	6.67472e-007	1454.73	1573.53	1538.53
1571.55	1085.01	171	1.#QNAN	0	0.016	0	6.63726e-007	1434.57	1571.55	1536.89
1569.7	1083.17	172	1.#QNAN	0	0	0	6.68063e-007	1444.99	1569.7	1535.39
1568.04	1081.51	173	1.#QNAN	0	0.015	0	6.99393e-007	1478.4	1568.04	1534.08
1566.15	1079.74	174	1.#QNAN	0	0.016	0	6.67372e-007	1425.35	1566.15	1532.53
1564.38	1078.08	175	1.#QNAN	0	0.015	0	6.81666e-007	1465.17	1564.38	1531.09
1562.65	1076.4	176	1.#QNAN	0	0.016	0	6.99965e-007	1455.91	1562.65	1529.68
1560.98	1074.68	177	1.#QNAN	0	0.016	0	7.14842e-007	1460.49	1560.98	1528.32
1559.28	1072.96	178	1.#QNAN	0	0	0	7.08192e-007	1467.69	1559.28	1526.93
1557.48	1071.26	179	1.#QNAN	0	0.015	0	6.95775e-007	1449.03	1557.48	1525.43
1555.8	1069.68	180	1.#QNAN	0	0.016	0	6.94828e-007	1473.42	1555.8	1524.04
1554.03	1068.04	181	1.#QNAN	0	0.015	0	6.79455e-007	1436.41	1554.03	1522.53
1552.27	1066.37	182	1.#QNAN	0	0.016	0	7.09921e-007	1477.25	1552.27	1521.04
1550.54	1064.73	183	1.#QNAN	0	0.016	0	7.01868e-007	1447.52	1550.54	1519.58
1549.02	1063.24	184	1.#QNAN	0	0.015	0	7.23398e-007	1475.49	1549.02	1518.34
1547.45	1061.75	185	1.#QNAN	0	0.016	0	6.98395e-007	1469.77	1547.45	1517.04
1545.8	1060.22	186	1.#QNAN	0	0	0	7.01886e-007	1459.26	1545.8	1515.66
1544.2	1058.69	187	1.#QNAN	0	0.015	0	6.89022e-007	1440.94	1544.2	1514.33
1542.73	1057.23	188	1.#QNAN	0	0.016	0	6.84125e-007	1477.96	1542.73	1513.12
1541.19	1055.73	189	1.#QNAN	0	0.016	0	7.26644e-007	1451	1541.19	1511.85
1539.65	1054.23	190	1.#QNAN	0	0.015	0	7.11147e-007	1449.81	1539.65	1510.57
1538.18	1052.75	191	1.#QNAN	0	0.016	0	6.97857e-007	1448.86	1538.18	1509.35
1536.82	1051.41	192	1.#QNAN	0	0.015	0	7.12773e-007	1470.99	1536.82	1508.26
1535.41	1050.04	193	1.#QNAN	0	0	0	7.14915e-007	1453.49	1535.41	1507.08
1533.95	1048.64	194	1.#QNAN	0	0.016	0	6.92344e-007	1448.88	1533.95	1505.86
1532.49	1047.25	195	1.#QNAN	0	0.016	0	6.97256e-007	1435.42	1532.49	1504.63
1531.17	1045.91	196	1.#QNAN	0	0.015	0	7.21961e-007	1456.27	1531.17	1503.56
1529.8	1044.55	197	1.#QNAN	0	0.016	0	7.28771e-007	1458.35	1529.8	1502.42
1528.46	1043.16	198	1.#QNAN	0	0.015	0	6.93064e-007	1471.73	1528.46	1501.32
1527.09	1041.79	199	1.#QNAN	0	0	0	7.16644e-007	1460.8	1527.09	1500.17
1525.7	1040.46	200	1.#QNAN	0	0.016	0	7.1295e-007	1454.84	1525.7	1499
1524.22	1039.05	201	1.#QNAN	0	0.016	0	7.09494e-007	1449.28	1524.22	1497.74
1522.97	1037.74	202	1.#QNAN	0	0.015	0	6.87142e-007	1498.85	1522.97	1496.71
1521.74	1036.45	203	1.#QNAN	0	0.016	0	7.5058e-007	1488.57	1521.74	1495.69
1520.5	1035.19	204	1.#QNAN	0	0.015	0	7.15012e-007	1495.16	1520.5	1494.67
1519.32	1033.91	205	1.#QNAN	0	0.016	0	7.13179e-007	1502.95	1519.32	1493.71
1518.15	1032.68	206	1.#QNAN	0	0	0	7.16338e-007	1493.74	1518.15	1492.76
1516.85	1031.37	207	1.#QNAN	0	0.016	0	7.27019e-007	1472.46	1516.85	1491.66
1515.69	1030.18	208	1.#QNAN	0	0.015	0	7.17293e-007	1498.75	1515.69	1490.72
1514.41	1028.88	209	1.#QNAN	0	0.016	0	7.36186e-007	1492.17	1514.41	1489.65
1513.18	1027.59	210	1.#QNAN	0	0.015	0	7.33528e-007	1472.7	1513.18	1488.63
1512.05	1026.32	211	1.#QNAN	0	0.016	0	7.41228e-007	1482.13	1512.05	1487.71
1510.82	1025.1	212	1.#QNAN	0	0	0	7.52335e-007	1466.36	1510.82	1486.68
1509.61	1023.85	213	1.#QNAN	0	0.016	0	7.2589e-007	1455.25	1509.61	1485.67
1508.41	1022.65	214	1.#QNAN	0	0.015	0	7.44943e-007	1455.14	1508.41	1484.68
1507.14	1021.44	215	1.#QNAN	0	0.016	0	7.64236e-007	1457.63	1507.14	1483.59
1505.77	1020.22	216	1.#QNAN	0	0.015	0	7.34593e-007	1433.26	1505.77	1482.4
1504.52	1018.99	217	1.#QNAN	0	0.016	0	7.45213e-007	1442.48	1504.52	1481.34
1503.25	1017.78	218	1.#QNAN	0	0	0	7.25893e-007	1440.9	1503.25	1480.24
1502.12	1016.63	219	1.#QNAN	0	0.016	0	7.15915e-007	1456.99	1502.12	1479.3
1501.06	1015.5	220	1.#QNAN	0	0.015	0	7.41614e-007	1471.73	1501.06	1478.41
1500.04	1014.4	221	1.#QNAN	0	0.016	0	7.49373e-007	1487.03	1500.04	1477.57
1498.92	1013.25	222	1.#QNAN	0	0.015	0	7.26066e-007	1471.76	1498.92	1476.64
1497.77	1012.14	223	1.#QNAN	0	0.016	0	7.26892e-007	1442.31	1497.77	1475.66
1496.68	1011.08	224	1.#QNAN	0	0.016	0	7.39462e-007	1456.93	1496.68	1474.74
1495.55	1009.97	225	1.#QNAN	0	0	0	7.06117e-007	1467.49	1495.55	1473.77
1494.48	1008.92	226	1.#QNAN	0	0.015	0	7.68826e-007	1468.13	1494.48	1472.86
1493.31	1007.81	227	1.#QNAN	0	0.016	0	7.32919e-007	1447.01	1493.31	1471.83
1492.33	1006.76	228	1.#QNAN	0	0.015	0	7.35744e-007	1476.62	1492.33	1471
1491.31	1005.72	229	1.#QNAN	0	0.016	0	7.32129e-007	1454.59	1491.31	1470.14
1490.23	1004.63	230	1.#QNAN	0	0.016	0	7.36265e-007	1441.14	1490.23	1469.2
1489.11	1003.57	231	1.#QNAN	0	0.015	0	7.3903e-007	1442.47	1489.11	1468.22
1488.24	1002.62	232	1.#QNAN	0	0	0	7.36587e-007	1478.28	1488.24	1467.49
1487.22	1001.62	233	1.#QNAN	0	0.016	0	7.29836e-007	1446.7	1487.22	1466.6
1486.26	1000.65	234	1.#QNAN	0	0.015	0	7.72682e-007	1466.97	1486.26	1465.78
1485.25	999.638	235	1.#QNAN	0	0.016	0	7.52441e-007	1456.04	1485.25	1464.9
1484.34	998.675	236	1.#QNAN	0	0.016	0	7.51631e-007	1465.3	1484.34	1464.13
1483.45	997.703	237	1.#QNAN	0	0.015	1	7.88794e-007	1496.09	1483.45	1463.37
1482.51	996.778	238	1.#QNAN	0	0.016	0	7.55487e-007	1504.13	1482.51	1462.56
1481.64	995.879	239	1.#QNAN	0	0	0	7.52276e-007	1491.58	1481.64	1461.81
1480.72	994.918	240	1.#QNAN	0	0.015	0	7.24882e-007	1469.38	1480.72	1461.03
1479.86	994.017	241	1.#QNAN	0	0.016	0	7.48049e-007	1501.48	1479.86	1460.3
1479.05	993.154	242	1.#QNAN	0	0.016	0	7.47408e-007	1485.11	1479.05	1459.63
1478.1	992.222	243	1.#QNAN	0	0.015	0	7.4103e-007	1445.98	1478.1	1458.81
1477.21	991.29	244	1.#QNAN	0	0.016	0	7.45195e-007	1447.57	1477.21	1458.06
1476.27	990.341	245	1.#QNAN	0	0	0	7.4053e-007	1441.9	1476.27	1457.25
1475.4	989.416	246	1.#QNAN	0	0.015	0	7.64444e-007	1450.8	1475.4	1456.51
1474.42	988.483	247	1.#QNAN	0	0.016	0	7.7294e-007	1417.78	1474.42	1455.65
1473.43	987.569	248	1.#QNAN	0	0.016	0	7.55824e-007	1413.26	1473.43	1454.78
1472.42	986.656	249	1.#QNAN	0	0.015	0	7.44118e-007	1416.16	1472.42	1453.89
1471.45	985.735	250	1.#QNAN	0	0.016	0	7.47775e-007	1428.09	1471.45	1453.03
1470.56	984.828	251	1.#QNAN	0	0	0	7.63414e-007	1440.43	1470.56	1452.26
1469.62	983.929	252	1.#QNAN	0	0.015	0	7.45541e-007	1423.16	1469.62	1451.43
1468.81	983.134	253	1.#QNAN	0	0.016	0	7.40209e-007	1438.72	1468.81	1450.74
1468.01	982.303	254	1.#QNAN	0	0.016	0	7.59273e-007	1449.54	1468.01	1450.06
1467.06	981.403	255	1.#QNAN	0	0.015	0	7.28291e-007	1409.88	1467.06	1449.22
1466.18	980.547	256	1.#QNAN	0	0.016	0	7.50347e-007	1409.02	1466.18	1448.47
1465.31	979.701	257	1.#QNAN	0	0.015	0	7.73558e-007	1403.47	1465.31	1447.71
1464.46	978.868	258	1.#QNAN	0	0	0	7.478e-007	1404.17	1464.46	1446.98
1463.63	978.083	259	1.#QNAN	0	0.016	0	7.45977e-007	1414.97	1463.63	1446.28
1462.82	977.252	260	1.#QNAN	0	0.016	0	7.35891e-007	1436.1	1462.82	1445.58
1461.96	976.48	261	1.#QNAN	0	0.015	0	7.42882e-007	1415.02	1461.96	1444.84
1461.13	975.659	262	1.#QNAN	0	0.016	0	7.75267e-007	1419.34	1461.13	1444.12
1460.33	974.879	263	1.#QNAN	0	0.015	0	7.48704e-007	1412.8	1460.33	1443.43
1459.6	974.126	264	1.#QNAN	0	0.016	0	7.70903e-007	1439.05	1459.6	1442.82
1458.83	973.344	265	1.#QNAN	0	0.016	0	7.59394e-007	1430.63	1458.83	1442.14
1458.1	972.636	266	1.#QNAN	0	0	0	7.55843e-007	1426.68	1458.1	1441.51
1457.42	971.89	267	1.#QNAN	0	0.015	0	7.31153e-007	1439.23	1457.42	1440.95
1456.67	971.121	268	1.#QNAN	0	0.016	0	7.52229e-007	1421.93	1456.67	1440.29
1455.92	970.389	269	1.#QNAN	0	0.015	0	7.45344e-007	1418.41	1455.92	1439.64
1455.08	969.603	270	1.#QNAN	0	0.016	0	7.78521e-007	1407.84	1455.08	1438.9
1454.39	968.847	271	1.#QNAN	0	0.016	0	7.52302e-007	1425.31	1454.39	1438.32
1453.61	968.074	272	1.#QNAN	0	0	0	7.82364e-007	1422.93	1453.61	1437.64
1452.92	967.34	273	1.#QNAN	0	0.015	0	7.56862e-007	1433.81	1452.92	1437.06
1452.17	966.564	274	1.#QNAN	0	0.016	0	7.6443e-007	1466.49	1452.17	1436.4
1451.41	965.798	275	1.#QNAN	0	0.015	0	7.62787e-007	1444.74	1451.41	1435.74
1450.63	965.024	276	1.#QNAN	0	0.016	0	7.68751e-007	1425.97	1450.63	1435.06
1449.92	964.257	277	1.#QNAN	0	0.016	0	7.46785e-007	1453.86	1449.92	1434.45
1449.17	963.512	278	1.#QNAN	0	0	0	7.61943e-007	1443.07	1449.17	1433.79
1448.46	962.797	279	1.#QNAN	0	0.015	0	7.42382e-007	1452.51	1448.46	1433.17
1447.68	962.051	280	1.#QNAN	0	0.016	0	7.53679e-007	1427.36	1447.68	1432.48
1447.03	961.357	281	1.#QNAN	0	0.015	0	7.6206e-007	1435.07	1447.03	1431.92
1446.38	960.688	282	1.#QNAN	0	0.016	0	7.57122e-007	1415.81	1446.38	1431.36
1445.73	960	283	1.#QNAN	0	0.016	0	7.48536e-007	1432.02	1445.73	1430.81
1445.12	959.363	284	1.#QNAN	0	0.015	0	7.69462e-007	1423.05	1445.12	1430.29
1444.6	958.753	285	1.#QNAN	0	0	0	7.48821e-007	1447.52	1444.6	1429.86
1444.02	958.098	286	1.#QNAN	0	0.016	0	7.75189e-007	1426.72	1444.02	1429.37
1443.51	957.473	287	1.#QNAN	0	0.015	0	7.57694e-007	1468.66	1443.51	1428.96
1443.07	956.918	288	1.#QNAN	0	0.016	0	7.47223e-007	1488.47	1443.07	1428.61
1442.51	956.305	289	1.#QNAN	0	0.016	0	7.22617e-007	1451.88	1442.51	1428.14
1442	955.724	290	1.#QNAN	0	0.015	0	7.10257e-007	1459.89	1442	1427.72
1441.47	955.13	291	1.#QNAN	0	0	0	7.49618e-007	1429.63	1441.47	1427.28
1440.87	954.524	292	1.#QNAN	0	0.016	0	7.50162e-007	1404.85	1440.87	1426.77
1440.27	953.931	293	1.#QNAN	0	0.015	0	7.48301e-007	1411.18	1440.27	1426.25
1439.72	953.377	294	1.#QNAN	0	0.016	0	7.57995e-007	1417.21	1439.72	1425.79
1439.15	952.812	295	1.#QNAN	0	0.016	0	7.41973e-007	1405.89	1439.15	1425.3
1438.66	952.285	296	1.#QNAN	0	0.015	0	7.55217e-007	1416.72	1438.66	1424.89
1438.11	951.692	297	1.#QNAN	0	0	0	7.85299e-007	1407.77	1438.11	1424.42
1437.5	951.078	298	1.#QNAN	0	0.016	0	7.58527e-007	1399.18	1437.5	1423.89
1436.83	950.487	299	1.#QNAN	0	0.015	0	7.51221e-007	1381.56	1436.83	1423.31
1436.23	949.874	300	1.#QNAN	0	0.016	0	7.76351e-007	1385.86	1436.23	1422.78
1435.67	949.313	301	1.#QNAN	0	0.016	0	7.60861e-007	1377.95	1435.67	1422.3
1435.04	948.768	302	1.#QNAN	0	0.015	0	7.73332e-007	1403.59	1435.04	1421.75
1434.51	948.222	303	1.#QNAN	0	0.016	0	7.67622e-007	1400.56	1434.51	1421.31
1433.98	947.686	304	1.#QNAN	0	0.015	0	7.50633e-007	1397.13	1433.98	1420.85
1433.41	947.143	305	1.#QNAN	0	0.016	0	7.79854e-007	1405.25	1433.41	1420.37
1432.91	946.613	306	1.#QNAN	0	0.016	0	7.6395e-007	1413.13	1432.91	1419.94
1432.43	946.08	307	1.#QNAN	0	0	0	7.38752e-007	1409.71	1432.43	1419.53
1431.97	945.552	308	1.#QNAN	0	0.015	0	7.90527e-007	1414.98	1431.97	1419.15
1431.48	945.047	309	1.#QNAN	0	0.016	0	7.48235e-007	1405.61	1431.48	1418.74
1430.99	944.541	310	1.#QNAN	0	0.015	0	7.58994e-007	1413.1	1430.99	1418.32
1430.49	944.005	311	1.#QNAN	0	0.016	0	7.24722e-007	1419.65	1430.49	1417.9
1429.91	943.452	312	1.#QNAN	0	0.016	1	7.48998e-007	1400.14	1429.91	1417.38
1429.37	942.9	313	1.#QNAN	0	0	0	7.57941e-007	1424.82	1429.37	1416.91
1428.87	942.383	314	1.#QNAN	0	0.015	0	7.3905e-007	1419.34	1428.87	1416.47
1428.36	941.876	315	1.#QNAN	0	0.016	0	7.77236e-007	1395.84	1428.36	1416.03
1427.89	941.389	316	1.#QNAN	0	0.015	0	7.4543e-007	1400.63	1427.89	1415.62
1427.43	940.9	317	1.#QNAN	0	0.016	0	7.55655e-007	1416.27	1427.43	1415.22
1427.06	940.462	318	1.#QNAN	0	0.016	0	7.65281e-007	1424.73	1427.06	1414.91
1426.65	940.021	319	1.#QNAN	0	0	0	7.77104e-007	1409.88	1426.65	1414.57
1426.27	939.598	320	1.#QNAN	0	0.015	0	7.36845e-007	1440.69	1426.27	1414.26
1425.86	939.15	321	1.#QNAN	0	0.016	0	7.67927e-007	1432.08	1425.86	1413.91
1425.43	938.694	322	1.#QNAN	0	0.015	0	7.47273e-007	1428.49	1425.43	1413.55
1424.98	938.206	323	1.#QNAN	0	0.016	0	7.42993e-007	1417.19	1424.98	1413.16
1424.46	937.733	324	1.#QNAN	0	0.016	0	7.59728e-007	1402.55	1424.46	1412.7
1423.99	937.266	325	1.#QNAN	0	0.015	0	7.76132e-007	1400.26	1423.99	1412.28
1423.5	936.805	326	1.#QNAN	0	0	0	7.51581e-007	1392.3	1423.5	1411.86
1423.06	936.338	327	1.#QNAN	0	0.016	0	7.53922e-007	1423.79	1423.06	1411.48
1422.61	935.853	328	1.#QNAN	0	0.015	0	7.46059e-007	1459.99	1422.61	1411.09
1422.19	935.415	329	1.#QNAN	0	0.016	0	7.62282e-007	1434.45	1422.19	1410.73
1421.87	935.019	330	1.#QNAN	0	0.016	0	7.66168e-007	1450.49	1421.87	1410.47
1421.42	934.595	331	1.#QNAN	0	0.015	0	7.35736e-007	1428.84	1421.42	1410.08
1421.05	934.182	332	1.#QNAN	0	0	0	7.42923e-007	1416.49	1421.05	1409.78
1420.64	933.717	333	1.#QNAN	0	0	0	7.64474e-007	1409.31	1420.64	1409.43
1420.3	933.311	334	1.#QNAN	0	0.015	0	7.70562e-007	1432.16	1420.3	1409.15
1419.96	932.923	335	1.#QNAN	0	0.016	0	7.35836e-007	1447.71	1419.96	1408.87
1419.58	932.525	336	1.#QNAN	0	0.016	0	7.73127e-007	1447.93	1419.58	1408.55
1419.19	932.097	337	1.#QNAN	0	0.015	0	7.3703e-007	1404.77	1419.19	1408.22
1418.87	931.739	338	1.#QNAN	0	0.016	0	7.58598e-007	1444.88	1418.87	1407.96
1418.5	931.351	339	1.#QNAN	0	0.015	0	7.46288e-007	1438.38	1418.5	1407.65
1418.07	930.943	340	1.#QNAN	0	0	0	7.53783e-007	1393.87	1418.07	1407.28
1417.68	930.54	341	1.#QNAN	0	0.016	0	7.77154e-007	1420.36	1417.68	1406.93
1417.27	930.104	342	1.#QNAN	0	0.016	0	7.62332e-007	1406.44	1417.27	1406.59
1416.83	929.667	343	1.#QNAN	0	0.015	0	7.89953e-007	1413.78	1416.83	1406.2
1416.5	929.243	344	1.#QNAN	0	0.016	0	7.71209e-007	1434.54	1416.5	1405.92
1416.13	928.857	345	1.#QNAN	0	0.015	0	7.57156e-007	1432.13	1416.13	1405.6
1415.76	928.443	346	1.#QNAN	0	0.016	0	7.31213e-007	1426.51	1415.76	1405.29
1415.44	928.029	347	1.#QNAN	0	0	0	7.70405e-007	1459.96	1415.44	1405.02
1415.1	927.614	348	1.#QNAN	0	0.016	0	7.68818e-007	1447.19	1415.1	1404.74
1414.77	927.234	349	1.#QNAN	0	0.015	0	7.56532e-007	1418.35	1414.77	1404.46
1414.42	926.854	350	1.#QNAN	0	0.016	0	7.79443e-007	1432.79	1414.42	1404.17
1414.07	926.441	351	1.#QNAN	0	0.015	0	7.80281e-007	1413.51	1414.07	1403.87
1413.76	926.085	352	1.#QNAN	0	0.016	0	7.85115e-007	1440.05	1413.76	1403.61
1413.45	925.72	353	1.#QNAN	0	0	0	7.26391e-007	1430.64	1413.45	1403.35
1413.04	925.289	354	1.#QNAN	0	0.016	0	7.81176e-007	1408.87	1413.04	1403
1412.64	924.877	355	1.#QNAN	0	0.015	0	7.59264e-007	1415.57	1412.64	1402.64
1412.31	924.491	356	1.#QNAN	0	0.016	0	7.64278e-007	1427.57	1412.31	1402.36
1411.97	924.114	357	1.#QNAN	0	0.015	0	7.29034e-007	1417.68	1411.97	1402.07
1411.61	923.736	358	1.#QNAN	0	0.016	0	7.29861e-007	1427.27	1411.61	1401.75
1411.22	923.325	359	1.#QNAN	0	0.016	0	7.43212e-007	1406.84	1411.22	1401.42
1410.9	923.006	360	1.#QNAN	0	0	0	7.64304e-007	1427.84	1410.9	1401.14
1410.6	922.652	361	1.#QNAN	0	0.015	0	7.60042e-007	1438.95	1410.6	1400.88
1410.25	922.287	362	1.#QNAN	0	0.016	0	7.39341e-007	1414.33	1410.25	1400.58
1409.95	921.945	363	1.#QNAN	0	0.015	0	7.34175e-007	1435.38	1409.95	1400.33
1409.62	921.541	364	1.#QNAN	0	0.016	0	7.62959e-007	1449.29	1409.62	1400.04
1409.36	921.211	365	1.#QNAN	0	0.016	0	7.72372e-007	1468.43	1409.36	1399.83
1409.09	920.837	366	1.#QNAN	0	0.015	0	7.64258e-007	1463	1409.09	1399.61
1408.82	920.502	367	1.#QNAN	0	0	0	7.77357e-007	1460.9	1408.82	1399.39
1408.47	920.107	368	1.#QNAN	0	0.016	0	7.64186e-007	1422.06	1408.47	1399.09
1408.14	919.708	369	1.#QNAN	0	0.015	0	7.719e-007	1430.23	1408.14	1398.8
1407.85	919.323	370	1.#QNAN	0	0.016	0	7.63682e-007	1439.89	1407.85	1398.56
1407.51	918.949	371	1.#QNAN	0	0.016	0	7.58906e-007	1416.92	1407.51	1398.26
1407.17	918.577	372	1.#QNAN	0	0.015	0	7.63883e-007	1430.84	1407.17	1397.97
1406.81	918.209	373	1.#QNAN	0	0	0	7.62312e-007	1423.59	1406.81	1397.65
1406.43	917.822	374	1.#QNAN	0	0.016	0	7.4756e-007	1432.66	1406.43	1397.32
1406.12	917.49	375	1.#QNAN	0	0.015	0	7.64779e-007	1432.2	1406.12	1397.06
1405.8	917.131	376	1.#QNAN	0	0.016	0	7.49267e-007	1429.96	1405.8	1396.79
1405.48	916.809	377	1.#QNAN	0	0.016	0	7.51285e-007	1432.54	1405.48	1396.51
1405.2	916.513	378	1.#QNAN	0	0.015	0	7.79712e-007	1408.31	1405.2	1396.27
1404.95	916.225	379	1.#QNAN	0	0	0	7.70085e-007	1434.09	1404.95	1396.07
1404.77	915.991	380	1.#QNAN	0	0.016	0	7.78019e-007	1436.08	1404.77	1395.93
1404.53	915.767	381	1.#QNAN	0	0.015	0	7.5047e-007	1433.86	1404.53	1395.74
1404.18	915.462	382	1.#QNAN	0	0.016	0	7.43359e-007	1430.12	1404.18	1395.43
1403.96	915.207	383	1.#QNAN	0	0.016	0	7.38916e-007	1443.66	1403.96	1395.26
1403.68	914.945	384	1.#QNAN	0	0.015	0	7.52303e-007	1412.52	1403.68	1395.02
1403.44	914.674	385	1.#QNAN	0	0.016	0	7.6542e-007	1433.59	1403.44	1394.83
1403.22	914.41	386	1.#QNAN	0	0	0	7.69034e-007	1434.05	1403.22	1394.66
1403	914.14	387	1.#QNAN	0	0.015	0	7.77463e-007	1424.89	1403	1394.48
1402.79	913.867	388	1.#QNAN	0	0.016	1	7.38067e-007	1439.09	1402.79	1394.32
1402.56	913.599	389	1.#QNAN	0	0.016	0	7.78797e-007	1462.19	1402.56	1394.13
1402.34	913.289	390	1.#QNAN	0	0.015	0	7.49143e-007	1456.88	1402.34	1393.96
1402.18	913.019	391	1.#QNAN	0	0.016	0	7.67041e-007	1474.47	1402.18	1393.85
1401.97	912.773	392	1.#QNAN	0	0	0	7.92777e-007	1446.56	1401.97	1393.67
1401.73	912.491	393	1.#QNAN	0	0.015	0	7.69054e-007	1446.21	1401.73	1393.48
1401.5	912.239	394	1.#QNAN	0	0.016	0	7.80825e-007	1448.6	1401.5	1393.29
1401.24	911.943	395	1.#QNAN	0	0.016	0	7.60127e-007	1455.77	1401.24	1393.07
1400.95	911.652	396	1.#QNAN	0	0.015	0	7.55131e-007	1451.08	1400.95	1392.83
1400.68	911.365	397	1.#QNAN	0	0.016	0	7.7059e-007	1462.08	1400.68	1392.6
1400.4	911.108	398	1.#QNAN	0	0.015	0	7.46326e-007	1424.56	1400.4	1392.36
1400.11	910.837	399	1.#QNAN	0	0	0	7.75793e-007	1440.99	1400.11	1392.11
1399.82	910.598	400	1.#QNAN	0	0.016	0	7.53543e-007	1418	1399.82	1391.86
1399.5	910.344	401	1.#QNAN	0	0.016	0	7.62396e-007	1405.78	1399.5	1391.58
1399.22	910.093	402	1.#QNAN	0	0.015	0	7.80797e-007	1416.51	1399.22	1391.34
1398.95	909.824	403	1.#QNAN	0	0.016	0	7.65432e-007	1436.65	1398.95	1391.11
1398.61	909.521	404	1.#QNAN	0	0.015	0	7.80507e-007	1420.8	1398.61	1390.81
1398.35	909.268	405	1.#QNAN	0	0.016	0	7.73145e-007	1426.28	1398.35	1390.59
1398.12	908.995	406	1.#QNAN	0	0	0	7.70936e-007	1411.32	1398.12	1390.39
1397.91	908.741	407	1.#QNAN	0	0.016	0	8.10713e-007	1423.94	1397.91	1390.23
1397.66	908.474	408	1.#QNAN	0	0.015	0	7.64829e-007	1438.69	1397.66	1390.02
1397.44	908.249	409	1.#QNAN	0	0.016	0	7.75151e-007	1420.12	1397.44	1389.83
1397.22	908.037	410	1.#QNAN	0	0.015	0	7.67701e-007	1449.72	1397.22	1389.64
1396.95	907.853	411	1.#QNAN	0	0.016	0	7.61291e-007	1451.51	1396.95	1389.41
1396.75	907.642	412	1.#QNAN	0	0	0	7.60161e-007	1466.14	1396.75	1389.23
1396.54	907.46	413	1.#QNAN	0	0	0	7.6285e-007	1441	1396.54	1389.06
1396.35	907.222	414	1.#QNAN	0	0.015	0	7.74696e-007	1430.12	1396.35	1388.9
1396.18	907.004	415	1.#QNAN	0	0.016	0	7.97535e-007	1439.86	1396.18	1388.77
1396.01	906.79	416	1.#QNAN	0	0.016	0	7.44927e-007	1439.67	1396.01	1388.63
1395.85	906.579	417	1.#QNAN	0	0	0	8.03876e-007	1451.15	1395.85	1388.51
1395.67	906.349	418	1.#QNAN	0	0.015	0	7.79155e-007	1452.27	1395.67	1388.36
1395.52	906.13	419	1.#QNAN	0	0.016	0	7.50744e-007	1459.16	1395.52	1388.24
1395.34	905.899	420	1.#QNAN	0	0.015	0	7.62196e-007	1450.65	1395.34	1388.1
1395.18	905.705	421	1.#QNAN	0	0.016	0	7.47451e-007	1464.26	1395.18	1387.98
1395.01	905.498	422	1.#QNAN	0	0.016	0	8.06269e-007	1467.28	1395.01	1387.84
1394.82	905.277	423	1.#QNAN	0	0	0	7.74575e-007	1470.27	1394.82	1387.69
1394.65	905.046	424	1.#QNAN	0	0.015	0	7.77237e-007	1469.92	1394.65	1387.55
1394.44	904.844	425	1.#QNAN	0	0.016	0	7.63438e-007	1457.11	1394.44	1387.38
1394.27	904.629	426	1.#QNAN	0	0.015	0	8.12569e-007	1453.33	1394.27	1387.25
1394.11	904.407	427	1.#QNAN	0	0.016	0	7.9298e-007	1452.74	1394.11	1387.12
1393.96	904.231	428	1.#QNAN	0	0.016	0	7.68061e-007	1462.78	1393.96	1387
1393.79	904.023	429	1.#QNAN	0	0.015	0	7.85584e-007	1446.8	1393.79	1386.87
1393.69	903.847	430	1.#QNAN	0	0	0	7.76716e-007	1461.84	1393.69	1386.8
1393.58	903.676	431	1.#QNAN	0	0.016	0	8.12231e-007	1497.61	1393.58	1386.73
1393.41	903.454	432	1.#QNAN	0	0.015	0	7.76244e-007	1430.02	1393.41	1386.59
1393.28	903.254	433	1.#QNAN	0	0.016	0	7.5761e-007	1461.85	1393.28	1386.49
1393.1	903.065	434	1.#QNAN	0	0.016	0	7.55305e-007	1433.89	1393.1	1386.35
1392.94	902.874	435	1.#QNAN	0	0.015	0	7.9263e-007	1446.75	1392.94	1386.22
1392.83	902.711	436	1.#QNAN	0	0	0	7.57521e-007	1499.45	1392.83	1386.14
1392.61	902.494	437	1.#QNAN	0	0.016	0	7.55811e-007	1430.31	1392.61	1385.96
1392.44	902.298	438	1.#QNAN	0	0.015	0	7.71617e-007	1441.89	1392.44	1385.81
1392.28	902.132	439	1.#QNAN	0	0.016	0	7.66445e-007	1454.82	1392.28	1385.68
1392.09	901.945	440	1.#QNAN	0	0.016	0	7.82292e-007	1428.65	1392.09	1385.53
1391.92	901.769	441	1.#QNAN	0	0.015	0	7.54602e-007	1445.88	1391.92	1385.39
1391.72	901.548	442	1.#QNAN	0	0.016	0	7.58433e-007	1438.63	1391.72	1385.21
1391.56	901.362	443	1.#QNAN	0	0	0	7.73834e-007	1432.13	1391.56	1385.09
1391.41	901.171	444	1.#QNAN	0	0.015	0	7.89551e-007	1439.6	1391.41	1384.97
1391.28	900.985	445	1.#QNAN	0	0.016	0	7.88806e-007	1444.09	1391.28	1384.87
1391.18	900.833	446	1.#QNAN	0	0.016	0	7.62197e-007	1463.82	1391.18	1384.8
1391.05	900.679	447	1.#QNAN	0	0.015	0	7.91937e-007	1448.85	1391.05	1384.7
1390.98	900.516	448	1.#QNAN	0	0.016	0	7.53406e-007	1478.39	1390.98	1384.67
1390.87	900.377	449	1.#QNAN	0	0	0	7.70282e-007	1451.48	1390.87	1384.59
1390.73	900.221	450	1.#QNAN	0	0.015	0	7.77458e-007	1457.81	1390.73	1384.48
1390.65	900.066	451	1.#QNAN	0	0.016	0	7.51573e-007	1471.1	1390.65	1384.43
1390.51	899.857	452	1.#QNAN	0	0.016	0	7.69537e-007	1446.43	1390.51	1384.32
1390.41	899.686	453	1.#QNAN	0	0.015	0	7.81819e-007	1473.84	1390.41	1384.25
1390.31	899.518	454	1.#QNAN	0	0.016	0	7.66923e-007	1448.1	1390.31	1384.18
1390.19	899.36	455	1.#QNAN	0	0.015	0	7.68478e-007	1436.64	1390.19	1384.09
1390.02	899.179	456	1.#QNAN	0	0	0	7.81531e-007	1431.74	1390.02	1383.94
1389.88	898.96	457	1.#QNAN	0	0.016	0	7.80897e-007	1451.28	1389.88	1383.83
1389.74	898.786	458	1.#QNAN	0	0.016	0	7.72906e-007	1451.39	1389.74	1383.72
1389.59	898.613	459	1.#QNAN	0	0.015	0	7.7833e-007	1461.58	1389.59	1383.59
1389.47	898.419	460	1.#QNAN	0	0.016	0	7.8281e-007	1448.12	1389.47	1383.5
1389.25	898.189	461	1.#QNAN	0	0.015	1	7.71011e-007	1415.45	1389.25	1383.31
1389.09	897.997	462	1.#QNAN	0	0.016	0	7.53942e-007	1426.51	1389.09	1383.18
1388.99	897.826	463	1.#QNAN	0	0	0	7.72139e-007	1460.39	1388.99	1383.1
1388.87	897.656	464	1.#QNAN	0	0.016	0	7.78747e-007	1453.84	1388.87	1383.02
1388.76	897.49	465	1.#QNAN	0	0.015	0	7.55277e-007	1497.46	1388.76	1382.93
1388.7	897.337	466	1.#QNAN	0	0.016	0	7.88329e-007	1504.21	1388.7	1382.9
1388.62	897.182	467	1.#QNAN	0	0.015	0	7.47554e-007	1471.37	1388.62	1382.85
1388.54	897.044	468	1.#QNAN	0	0.016	0	7.75354e-007	1479.8	1388.54	1382.8
1388.54	896.936	469	1.#QNAN	0	0.016	0	7.92047e-007	1512.09	1388.54	1382.82
1388.48	896.788	470	1.#QNAN	0	0.015	0	7.72141e-007	1477.07	1388.48	1382.79
1388.37	896.603	471	1.#QNAN	0	0.016	0	7.7995e-007	1466.44	1388.37	1382.72
1388.23	896.423	472	1.#QNAN	0	0	0	7.77288e-007	1456.86	1388.23	1382.6
1388.11	896.269	473	1.#QNAN	0	0.015	0	7.63309e-007	1452.7	1388.11	1382.5
1387.97	896.116	474	1.#QNAN	0	0.016	0	7.62072e-007	1431.36	1387.97	1382.38
1387.9	895.962	475	1.#QNAN	0	0.016	0	7.64975e-007	1476	1387.9	1382.34
1387.78	895.807	476	1.#QNAN	0	0.015	0	7.96275e-007	1440.97	1387.78	1382.24
1387.6	895.638	477	1.#QNAN	0	0.016	0	7.87802e-007	1447.92	1387.6	1382.08
1387.45	895.493	478	1.#QNAN	0	0.015	0	7.68382e-007	1476.6	1387.45	1381.95
1387.25	895.342	479	1.#QNAN	0	0	0	7.72325e-007	1467.54	1387.25	1381.77
1387.15	895.23	480	1.#QNAN	0	0.016	0	7.66226e-007	1481.53	1387.15	1381.69
1387.02	895.112	481	1.#QNAN	0	0.016	0	7.79871e-007	1475.89	1387.02	1381.58
1386.91	895.019	482	1.#QNAN	0	0.015	0	7.74365e-007	1504.36	1386.91	1381.5
1386.84	894.92	483	1.#QNAN	0	0.016	0	7.77441e-007	1493.79	1386.84	1381.45
1386.67	894.782	484	1.#QNAN	0	0.015	0	7.5419e-007	1441.92	1386.67	1381.3
1386.59	894.661	485	1.#QNAN	0	0.016	0	7.6395e-007	1472.91	1386.59	1381.24
1386.52	894.545	486	1.#QNAN	0	0	0	7.74109e-007	1464.11	1386.52	1381.18
1386.44	894.412	487	1.#QNAN	0	0.016	0	7.55486e-007	1458.31	1386.44	1381.12
1386.36	894.277	488	1.#QNAN	0	0.015	0	7.72436e-007	1486.45	1386.36	1381.06
1386.24	894.13	489	1.#QNAN	0	0.016	0	7.63492e-007	1452.92	1386.24	1380.97
1386.15	893.991	490	1.#QNAN	0	0.015	0	7.83696e-007	1478.4	1386.15	1380.89
1386.02	893.84	491	1.#QNAN	0	0.016	0	7.80724e-007	1444.88	1386.02	1380.78
1385.83	893.656	492	1.#QNAN	0	0.016	0	7.73976e-007	1426.11	1385.83	1380.61
1385.7	893.513	493	1.#QNAN	0	0	0	7.28527e-007	1445.87	1385.7	1380.5
1385.58	893.371	494	1.#QNAN	0	0.015	0	7.73879e-007	1439.6	1385.58	1380.4
1385.47	893.246	495	1.#QNAN	0	0.016	0	7.79189e-007	1452.95	1385.47	1380.31
1385.32	893.086	496	1.#QNAN	0	0.015	0	7.71529e-007	1443.63	1385.32	1380.19
1385.22	892.966	497	1.#QNAN	0	0.016	0	7.66203e-007	1458.58	1385.22	1380.11
1385.13	892.828	498	1.#QNAN	0	0.016	0	7.67403e-007	1453.12	1385.13	1380.04
1385.06	892.688	499	1.#QNAN	0	0	0	7.78978e-007	1481.69	1385.06	1380
1384.96	892.551	500	1.#QNAN	0	0.015	0	7.78686e-007	1472.89	1384.96	1379.92
1384.88	892.402	501	1.#QNAN	0	0.016	0	7.72567e-007	1467.42	1384.88	1379.85
1384.77	892.267	502	1.#QNAN	0	0.015	0	7.69643e-007	1458.19	1384.77	1379.77
1384.7	892.141	503	1.#QNAN	0	0.016	0	8.07624e-007	1467.89	1384.7	1379.72
1384.6	891.986	504	1.#QNAN	0	0.016	0	7.76772e-007	1461.27	1384.6	1379.64
1384.52	891.865	505	1.#QNAN	0	0	0	7.89446e-007	1478.55	1384.52	1379.59
1384.41	891.724	506	1.#QNAN	0	0.015	0	7.59747e-007	1468.88	1384.41	1379.5
1384.33	891.596	507	1.#QNAN	0	0.016	0	7.81205e-007	1501.8	1384.33	1379.44
1384.25	891.443	508	1.#QNAN	0	0.015	0	7.88147e-007	1516.35	1384.25	1379.38
1384.24	891.32	509	1.#QNAN	0	0.016	0	7.57713e-007	1511.54	1384.24	1379.4
1384.26	891.208	510	1.#QNAN	0	0.016	0	7.95643e-007	1539.9	1384.26	1379.44
1384.28	891.123	511	1.#QNAN	0	0.015	0	7.76343e-007	1531.73	1384.28	1379.49
1384.28	891.007	512	1.#QNAN	0	0	0	7.72726e-007	1529.38	1384.28	1379.51
1384.2	890.849	513	1.#QNAN	0	0.016	0	7.67313e-007	1501.27	1384.2	1379.45
1384.15	890.716	514	1.#QNAN	0	0.015	0	7.8388e-007	1480.54	1384.15	1379.43
1384.06	890.559	515	1.#QNAN	0	0.016	0	7.60704e-007	1496.34	1384.06	1379.36
1384	890.423	516	1.#QNAN	0	0.016	0	7.47687e-007	1504.66	1384	1379.33
1383.95	890.285	517	1.#QNAN	0	0.015	0	7.90565e-007	1501.42	1383.95	1379.3
1383.89	890.122	518	1.#QNAN	0	0	0	7.58429e-007	1462.05	1383.89	1379.25
1383.86	889.995	519	1.#QNAN	0	0.016	0	7.81338e-007	1482.3	1383.86	1379.24
1383.81	889.848	520	1.#QNAN	0	0.015	0	7.56542e-007	1478.19	1383.81	1379.22
1383.72	889.697	521	1.#QNAN	0	0.017	0	7.63341e-007	1453.72	1383.72	1379.14
1383.64	889.544	522	1.#QNAN	0	0.016	0	7.55622e-007	1453.79	1383.64	1379.08
1383.53	889.369	523	1.#QNAN	0	0.015	0	7.72376e-007	1450.65	1383.53	1378.99
1383.45	889.234	524	1.#QNAN	0	0	0	7.8869e-007	1429.33	1383.45	1378.93
1383.3	889.08	525	1.#QNAN	0	0.016	0	7.99116e-007	1421.25	1383.3	1378.8
1383.16	888.901	526	1.#QNAN	0	0.015	0	7.8611e-007	1439.51	1383.16	1378.67
1383.04	888.766	527	1.#QNAN	0	0.016	0	7.69105e-007	1478.97	1383.04	1378.58
1382.99	888.65	528	1.#QNAN	0	0.016	0	7.86108e-007	1484.06	1382.99	1378.54
1382.93	888.513	529	1.#QNAN	0	0.015	0	7.63566e-007	1484.73	1382.93	1378.5
1382.87	888.386	530	1.#QNAN	0	0.016	0	7.81936e-007	1513.83	1382.87	1378.46
1382.81	888.256	531	1.#QNAN	0	0	0	8.01315e-007	1499.13	1382.81	1378.43
1382.78	888.15	532	1.#QNAN	0	0.015	0	7.30249e-007	1517.92	1382.78	1378.41
1382.75	888.067	533	1.#QNAN	0	0.016	0	7.95774e-007	1524.24	1382.75	1378.4
1382.69	887.941	534	1.#QNAN	0	0.016	0	7.61558e-007	1499.92	1382.69	1378.36
1382.64	887.824	535	1.#QNAN	0	0.015	0	7.74635e-007	1480.74	1382.64	1378.33
1382.61	887.722	536	1.#QNAN	0	0.016	1	7.80274e-007	1480.1	1382.61	1378.32
1382.59	887.602	537	1.#QNAN	0	0	0	7.61911e-007	1470.01	1382.59	1378.32
1382.53	887.489	538	1.#QNAN	0	0.015	0	7.91634e-007	1456.25	1382.53	1378.27
1382.46	887.36	539	1.#QNAN	0	0.016	0	7.87157e-007	1454.41	1382.46	1378.22
1382.38	887.235	540	1.#QNAN	0	0.016	0	7.76444e-007	1453.34	1382.38	1378.16
1382.36	887.118	541	1.#QNAN	0	0.015	0	7.67153e-007	1497.95	1382.36	1378.17
1382.34	886.999	542	1.#QNAN	0	0.016	0	7.63173e-007	1506.47	1382.34	1378.17
1382.32	886.881	543	1.#QNAN	0	0	0	7.68277e-007	1475.18	1382.32	1378.17
1382.32	886.767	544	1.#QNAN	0	0.015	0	7.5307e-007	1483.25	1382.32	1378.18
1382.33	886.666	545	1.#QNAN	0	0.016	0	8.00371e-007	1496.24	1382.33	1378.21
1382.34	886.574	546	1.#QNAN	0	0.016	0	7.82123e-007	1488.4	1382.34	1378.24
1382.34	886.489	547	1.#QNAN	0	0.015	0	7.58331e-007	1482.64	1382.34	1378.26
1382.33	886.387	548	1.#QNAN	0	0.016	0	7.86809e-007	1465.61	1382.33	1378.26
1382.33	886.281	549	1.#QNAN	0	0.015	0	7.93109e-007	1486.84	1382.33	1378.28
1382.33	886.178	550	1.#QNAN	0	0	0	7.58747e-007	1501.8	1382.33	1378.3
1382.38	886.096	551	1.#QNAN	0	0.016	0	7.7426e-007	1507.71	1382.38	1378.36
1382.4	886.032	552	1.#QNAN	0	0.016	0	7.65092e-007	1495.09	1382.4	1378.4
1382.42	885.935	553	1.#QNAN	0	0.015	0	7.90942e-007	1503.61	1382.42	1378.43
1382.42	885.814	554	1.#QNAN	0	0.016	0	7.55471e-007	1501.67	1382.42	1378.45
1382.45	885.718	555	1.#QNAN	0	0.015	0	7.85108e-007	1510.37	1382.45	1378.5
1382.46	885.636	556	1.#QNAN	0	0.016	0	7.96098e-007	1504.58	1382.46	1378.53
1382.5	885.561	557	1.#QNAN	0	0	0	7.82711e-007	1525.13	1382.5	1378.58
1382.56	885.478	558	1.#QNAN	0	0.016	0	7.78001e-007	1545.87	1382.56	1378.66
1382.58	885.385	559	1.#QNAN	0	0.015	0	7.83395e-007	1518.77	1382.58	1378.7
1382.59	885.292	560	1.#QNAN	0	0.016	0	8.09731e-007	1491.51	1382.59	1378.72
1382.58	885.2	561	1.#QNAN	0	0.015	0	7.60764e-007	1503.22	1382.58	1378.73
1382.57	885.094	562	1.#QNAN	0	0.016	0	7.62369e-007	1492.13	1382.57	1378.73
1382.55	884.994	563	1.#QNAN	0	0	0	7.38501e-007	1499.66	1382.55	1378.73
1382.52	884.894	564	1.#QNAN	0	0.016	0	7.69744e-007	1495.91	1382.52	1378.71
1382.54	884.82	565	1.#QNAN	0	0.015	0	7.72701e-007	1526.93	1382.54	1378.75
1382.58	884.75	566	1.#QNAN	0	0.016	0	7.84896e-007	1529.15	1382.58	1378.81
1382.6	884.672	567	1.#QNAN	0	0.015	0	7.80116e-007	1531.1	1382.6	1378.84
1382.68	884.626	568	1.#QNAN	0	0.016	0	7.82471e-007	1582.04	1382.68	1378.95
1382.76	884.588	569	1.#QNAN	0	0.016	0	7.76641e-007	1571.12	1382.76	1379.04
1382.8	884.509	570	1.#QNAN	0	0.015	0	7.66508e-007	1544.39	1382.8	1379.1
1382.9	884.455	571	1.#QNAN	0	0	0	7.81193e-007	1577.04	1382.9	1379.21
1382.98	884.41	572	1.#QNAN	0	0.016	0	7.43643e-007	1549.96	1382.98	1379.31
1383.06	884.358	573	1.#QNAN	0	0.015	0	7.7295e-007	1562.39	1383.06	1379.41
1383.1	884.28	574	1.#QNAN	0	0.016	0	7.69009e-007	1526.87	1383.1	1379.46
1383.13	884.213	575	1.#QNAN	0	0.016	0	7.7878e-007	1519.06	1383.13	1379.51
1383.17	884.14	576	1.#QNAN	0	0.015	0	7.76378e-007	1531.37	1383.17	1379.56
1383.22	884.07	577	1.#QNAN	0	0.016	0	7.69782e-007	1542.06	1383.22	1379.63
1383.25	883.991	578	1.#QNAN	0	0	0	7.74421e-007	1507.44	1383.25	1379.67
1383.29	883.923	579	1.#QNAN	0	0.015	0	7.83769e-007	1525.61	1383.29	1379.72
1383.36	883.86	580	1.#QNAN	0	0.016	0	7.73553e-007	1547.62	1383.36	1379.81
1383.41	883.8	581	1.#QNAN	0	0.016	0	7.84965e-007	1530.97	1383.41	1379.88
1383.46	883.743	582	1.#QNAN	0	0.015	0	7.6151e-007	1524.95	1383.46	1379.94
1383.48	883.693	583	1.#QNAN	0	0.016	0	7.91415e-007	1506.47	1383.48	1379.98
1383.52	883.633	584	1.#QNAN	0	0	0	7.54351e-007	1503.36	1383.52	1380.02
1383.52	883.559	585	1.#QNAN	0	0.015	0	7.5103e-007	1475.33	1383.52	1380.04
1383.59	883.515	586	1.#QNAN	0	0.016	0	7.74694e-007	1533.01	1383.59	1380.12
1383.62	883.461	587	1.#QNAN	0	0.016	0	7.77729e-007	1488.27	1383.62	1380.16
1383.64	883.392	588	1.#QNAN	0	0.015	0	7.8566e-007	1484.02	1383.64	1380.2
1383.63	883.303	589	1.#QNAN	0	0.016	0	7.89481e-007	1462.12	1383.63	1380.2
1383.68	883.257	590	1.#QNAN	0	0.015	0	7.61069e-007	1519.28	1383.68	1380.26
1383.7	883.211	591	1.#QNAN	0	0	0	7.75479e-007	1485.1	1383.7	1380.3
1383.72	883.156	592	1.#QNAN	0	0.016	0	7.97007e-007	1497.77	1383.72	1380.33
1383.71	883.1	593	1.#QNAN	0	0.016	0	7.81853e-007	1456.9	1383.71	1380.33
1383.72	883.033	594	1.#QNAN	0	0.015	0	7.76711e-007	1478.17	1383.72	1380.35
1383.73	882.966	595	1.#QNAN	0	0.016	0	7.76394e-007	1467.43	1383.73	1380.38
1383.77	882.909	596	1.#QNAN	0	0.015	0	8.00407e-007	1490.96	1383.77	1380.43
1383.78	882.878	597	1.#QNAN	0	0	0	7.91492e-007	1477.22	1383.78	1380.45
1383.86	882.867	598	1.#QNAN	0	0.016	0	7.64192e-007	1585.07	1383.86	1380.55
1383.91	882.824	599	1.#QNAN	0	0.016	0	7.84708e-007	1546.64	1383.91	1380.61
1383.98	882.785	600	1.#QNAN	0	0.015	0	7.91417e-007	1554.05	1383.98	1380.69
1384.03	882.769	601	1.#QNAN	0	0.016	0	7.80426e-007	1511	1384.03	1380.76
1384.07	882.729	602	1.#QNAN	0	0.015	0	7.76462e-007	1501.75	1384.07	1380.8
1384.1	882.686	603	1.#QNAN	0	0.016	0	7.75241e-007	1495.97	1384.1	1380.84
1384.11	882.627	604	1.#QNAN	0	0	0	7.72951e-007	1479.52	1384.11	1380.87
1384.14	882.581	605	1.#QNAN	0	0.016	0	7.78025e-007	1514.33	1384.14	1380.91
1384.14	882.516	606	1.#QNAN	0	0.015	0	7.73021e-007	1499.83	1384.14	1380.93
1384.16	882.447	607	1.#QNAN	0	0.016	0	7.75423e-007	1507.93	1384.16	1380.96
1384.19	882.393	608	1.#QNAN	0	0.015	0	7.36621e-007	1520.56	1384.19	1381
1384.26	882.356	609	1.#QNAN	0	0.016	0	7.84816e-007	1553.1	1384.26	1381.09
1384.32	882.3	610	1.#QNAN	0	0	0	7.50991e-007	1571.37	1384.32	1381.16
1384.36	882.243	611	1.#QNAN	0	0.016	0	7.4602e-007	1511.39	1384.36	1381.21
1384.38	882.204	612	1.#QNAN	0	0.015	1	7.88397e-007	1525.86	1384.38	1381.24
1384.39	882.156	613	1.#QNAN	0	0.016	0	7.61258e-007	1501.82	1384.39	1381.27
1384.39	882.104	614	1.#QNAN	0	0.015	0	7.87116e-007	1495.46	1384.39	1381.27
1384.33	882.022	615	1.#QNAN	0	0.016	0	7.86503e-007	1509.67	1384.33	1381.23
1384.32	881.969	616	1.#QNAN	0	0	0	7.87744e-007	1494.73	1384.32	1381.23
1384.3	881.912	617	1.#QNAN	0	0.016	0	7.56379e-007	1480	1384.3	1381.22
1384.29	881.87	618	1.#QNAN	0	0.015	0	7.94545e-007	1498.3	1384.29	1381.22
1384.22	881.791	619	1.#QNAN	0	0.016	0	7.65691e-007	1464.84	1384.22	1381.16
1384.16	881.711	620	1.#QNAN	0	0.015	0	8.05255e-007	1477.95	1384.16	1381.11
1384.13	881.646	621	1.#QNAN	0	0.016	0	8.09479e-007	1491	1384.13	1381.1
1384.09	881.575	622	1.#QNAN	0	0.016	0	8.07534e-007	1494.4	1384.09	1381.07
1384.07	881.491	623	1.#QNAN	0	0	0	7.87046e-007	1494.78	1384.07	1381.06
1384.02	881.429	624	1.#QNAN	0	0.015	0	7.66403e-007	1484.46	1384.02	1381.02
1383.94	881.336	625	1.#QNAN	0	0.016	0	7.97228e-007	1455.17	1383.94	1380.95
1383.92	881.275	626	1.#QNAN	0	0.015	0	7.87655e-007	1491.33	1383.92	1380.94
1383.86	881.202	627	1.#QNAN	0	0.016	0	7.66651e-007	1486.59	1383.86	1380.9
1383.83	881.14	628	1.#QNAN	0	0.016	0	7.60629e-007	1452.8	1383.83	1380.87
1383.79	881.066	629	1.#QNAN	0	0.015	0	7.8082e-007	1461.04	1383.79	1380.84
1383.77	881.025	630	1.#QNAN	0	0.016	0	7.9263e-007	1483.74	1383.77	1380.83
1383.69	880.932	631	1.#QNAN	0	0	0	7.38221e-007	1453.34	1383.69	1380.77
1383.65	880.856	632	1.#QNAN	0	0.015	0	7.85589e-007	1454.76	1383.65	1380.74
1383.6	880.751	633	1.#QNAN	0	0.016	0	7.92531e-007	1460.74	1383.6	1380.69
1383.57	880.673	634	1.#QNAN	0	0.016	0	7.81859e-007	1484.36	1383.57	1380.68
1383.53	880.595	635	1.#QNAN	0	0.015	0	7.74043e-007	1483.57	1383.53	1380.65
1383.52	880.529	636	1.#QNAN	0	0.016	0	7.79169e-007	1489.96	1383.52	1380.65
1383.5	880.474	637	1.#QNAN	0	0.015	0	7.85927e-007	1495.99	1383.5	1380.65
1383.47	880.405	638	1.#QNAN	0	0	0	7.93885e-007	1481.12	1383.47	1380.63
1383.49	880.349	639	1.#QNAN	0	0.016	0	7.76852e-007	1516.08	1383.49	1380.66
1383.51	880.292	640	1.#QNAN	0	0.016	0	7.90721e-007	1508.81	1383.51	1380.69
1383.48	880.215	641	1.#QNAN	0	0.015	0	7.41628e-007	1484.57	1383.48	1380.67
1383.43	880.128	642	1.#QNAN	0	0.016	0	7.71086e-007	1444.99	1383.43	1380.62
1383.36	880.048	643	1.#QNAN	0	0.015	0	7.81451e-007	1424.43	1383.36	1380.56
1383.29	879.935	644	1.#QNAN	0	0	0	7.70018e-007	1433.96	1383.29	1380.5
1383.25	879.845	645	1.#QNAN	0	0.016	0	7.94872e-007	1482.98	1383.25	1380.48
1383.23	879.771	646	1.#QNAN	0	0.016	0	7.78433e-007	1469.05	1383.23	1380.46
1383.21	879.717	647	1.#QNAN	0	0.015	0	7.73024e-007	1483.38	1383.21	1380.46
1383.25	879.684	648	1.#QNAN	0	0.016	0	7.69081e-007	1497.35	1383.25	1380.51
1383.25	879.611	649	1.#QNAN	0	0.015	0	7.59267e-007	1487.06	1383.25	1380.52
1383.26	879.536	650	1.#QNAN	0	0.016	0	7.87313e-007	1480.05	1383.26	1380.54
1383.27	879.477	651	1.#QNAN	0	0	0	7.70026e-007	1493	1383.27	1380.56
1383.24	879.39	652	1.#QNAN	0	0.016	0	8.01612e-007	1454.97	1383.24	1380.54
1383.24	879.343	653	1.#QNAN	0	0.015	0	7.58458e-007	1469.82	1383.24	1380.55
1383.24	879.258	654	1.#QNAN	0	0.016	0	7.73262e-007	1479.19	1383.24	1380.56
1383.26	879.186	655	1.#QNAN	0	0.015	0	7.85775e-007	1494.1	1383.26	1380.6
1383.27	879.123	656	1.#QNAN	0	0.016	0	7.70387e-007	1486.41	1383.27	1380.61
1383.31	879.058	657	1.#QNAN	0	0	0	7.56673e-007	1496.63	1383.31	1380.66
1383.36	879.013	658	1.#QNAN	0	0.016	0	7.73778e-007	1533.48	1383.36	1380.73
1383.39	878.948	659	1.#QNAN	0	0.015	0	7.98732e-007	1505.68	1383.39	1380.76
1383.36	878.87	660	1.#QNAN	0	0.016	0	7.69555e-007	1480.66	1383.36	1380.75
1383.35	878.79	661	1.#QNAN	0	0.015	0	7.50759e-007	1495.63	1383.35	1380.74
1383.35	878.725	662	1.#QNAN	0	0.016	0	8.02733e-007	1512.5	1383.35	1380.75
1383.33	878.68	663	1.#QNAN	0	0	0	7.8962e-007	1487.08	1383.33	1380.74
1383.35	878.637	664	1.#QNAN	0	0.016	0	7.93857e-007	1528.48	1383.35	1380.77
1383.35	878.591	665	1.#QNAN	0	0.015	0	7.75042e-007	1541.08	1383.35	1380.78
1383.35	878.549	666	1.#QNAN	0	0.016	0	7.69109e-007	1517.68	1383.35	1380.79
1383.34	878.484	667	1.#QNAN	0	0.015	0	7.86883e-007	1507.76	1383.34	1380.78
1383.31	878.411	668	1.#QNAN	0	0.016	0	7.50243e-007	1463.6	1383.31	1380.76
1383.24	878.318	669	1.#QNAN	0	0.016	0	7.82994e-007	1446.94	1383.24	1380.7
1383.19	878.241	670	1.#QNAN	0	0	0	7.83313e-007	1482.45	1383.19	1380.66
1383.19	878.156	671	1.#QNAN	0	0.015	0	7.78665e-007	1487.62	1383.19	1380.67
1383.16	878.068	672	1.#QNAN	0	0.016	0	7.90065e-007	1462.93	1383.16	1380.64
1383.16	877.981	673	1.#QNAN	0	0.015	0	7.66056e-007	1503.2	1383.16	1380.65
1383.19	877.92	674	1.#QNAN	0	0.016	0	7.94632e-007	1543.24	1383.19	1380.69
1383.22	877.862	675	1.#QNAN	0	0.016	0	7.93272e-007	1529.36	1383.22	1380.72
1383.25	877.804	676	1.#QNAN	0	0	0	7.99766e-007	1525.76	1383.25	1380.76
1383.25	877.74	677	1.#QNAN	0	0.015	0	7.39315e-007	1485.32	1383.25	1380.77
1383.22	877.644	678	1.#QNAN	0	0.016	0	7.99253e-007	1475.01	1383.22	1380.74
1383.18	877.556	679	1.#QNAN	0	0.015	0	7.73429e-007	1468.79	1383.18	1380.71
1383.14	877.49	680	1.#QNAN	0	0.016	0	7.80312e-007	1480.48	1383.14	1380.67
1383.08	877.41	681	1.#QNAN	0	0.016	0	7.76301e-007	1465.57	1383.08	1380.62
1383.11	877.366	682	1.#QNAN	0	0	0	7.72417e-007	1512.3	1383.11	1380.66
1383.09	877.297	683	1.#QNAN	0	0.015	0	7.56937e-007	1467.22	1383.09	1380.65
1383.09	877.25	684	1.#QNAN	0	0.016	0	7.9525e-007	1487.31	1383.09	1380.66
1383.1	877.185	685	1.#QNAN	0	0.015	0	7.90274e-007	1483.31	1383.1	1380.67
1383.09	877.112	686	1.#QNAN	0	0.016	0	7.87068e-007	1473.03	1383.09	1380.67
1383.1	877.059	687	1.#QNAN	0	0.016	1	7.92778e-007	1490.02	1383.1	1380.69
1383.1	876.986	688	1.#QNAN	0	0	0	7.60668e-007	1482.74	1383.1	1380.7
1383.09	876.912	689	1.#QNAN	0	0.015	0	7.78567e-007	1477.63	1383.09	1380.7
1383.05	876.824	690	1.#QNAN	0	0.016	0	7.93495e-007	1447.07	1383.05	1380.66
1383.02	876.757	691	1.#QNAN	0	0.015	0	7.90783e-007	1454.95	1383.02	1380.64
1383.01	876.683	692	1.#QNAN	0	0.016	0	7.80057e-007	1485.98	1383.01	1380.64
1383.02	876.619	693	1.#QNAN	0	0.016	0	7.92727e-007	1472.59	1383.02	1380.66
1383.03	876.564	694	1.#QNAN	0	0.015	0	7.6203e-007	1509.7	1383.03	1380.68
1383.08	876.528	695	1.#QNAN	0	0	0	7.77068e-007	1561.98	1383.08	1380.74
1383.13	876.497	696	1.#QNAN	0	0.016	0	7.75831e-007	1544.5	1383.13	1380.8
1383.16	876.443	697	1.#QNAN	0	0.015	0	7.76029e-007	1540.29	1383.16	1380.84
1383.23	876.417	698	1.#QNAN	0	0.016	0	7.56633e-007	1555.72	1383.23	1380.92
1383.28	876.383	699	1.#QNAN	0	0.016	0	7.93498e-007	1531.9	1383.28	1380.97
1383.29	876.309	700	1.#QNAN	0	0.015	0	7.78321e-007	1501.66	1383.29	1380.99
1383.28	876.238	701	1.#QNAN	0	0	0	7.77061e-007	1488.85	1383.28	1380.99
1383.28	876.165	702	1.#QNAN	0	0.016	0	8.08697e-007	1510.55	1383.28	1381
1383.31	876.095	703	1.#QNAN	0	0.015	0	7.92491e-007	1548.05	1383.31	1381.03
1383.33	876.036	704	1.#QNAN	0	0.016	0	7.74614e-007	1500.74	1383.33	1381.06
1383.36	875.964	705	1.#QNAN	0	0.016	0	7.77706e-007	1529.84	1383.36	1381.1
1383.39	875.898	706	1.#QNAN	0	0.015	0	7.90593e-007	1545.95	1383.39	1381.14
1383.4	875.837	707	1.#QNAN	0	0.016	0	7.73581e-007	1530.71	1383.4	1381.16
1383.43	875.793	708	1.#QNAN	0	0.015	0	7.60851e-007	1560.52	1383.43	1381.19
1383.44	875.747	709	1.#QNAN	0	0	0	7.81293e-007	1519.55	1383.44	1381.22
1383.51	875.719	710	1.#QNAN	0	0.016	0	7.87125e-007	1560.3	1383.51	1381.29
1383.54	875.682	711	1.#QNAN	0	0.016	0	7.80957e-007	1514.65	1383.54	1381.33
1383.55	875.612	712	1.#QNAN	0	0.015	0	8.22936e-007	1479.94	1383.55	1381.34
1383.54	875.552	713	1.#QNAN	0	0.016	0	7.6671e-007	1479.86	1383.54	1381.33
1383.51	875.493	714	1.#QNAN	0	0.015	0	7.78139e-007	1445.75	1383.51	1381.31
1383.44	875.402	715	1.#QNAN	0	0.016	0	7.95536e-007	1423.37	1383.44	1381.25
1383.39	875.321	716	1.#QNAN	0	0	0	7.98932e-007	1423.82	1383.39	1381.21
1383.35	875.246	717	1.#QNAN	0	0.016	0	7.83869e-007	1451.19	1383.35	1381.18
1383.33	875.18	718	1.#QNAN	0	0.015	0	7.69793e-007	1451.19	1383.33	1381.17
1383.35	875.128	719	1.#QNAN	0	0.016	0	7.79952e-007	1481.28	1383.35	1381.19
1383.36	875.08	720	1.#QNAN	0	0.015	0	7.77504e-007	1511.28	1383.36	1381.21
1383.39	875.03	721	1.#QNAN	0	0.016	0	7.90903e-007	1543.7	1383.39	1381.25
1383.38	874.959	722	1.#QNAN	0	0.016	0	7.69356e-007	1464.74	1383.38	1381.25
1383.37	874.882	723	1.#QNAN	0	0	0	7.91422e-007	1482.15	1383.37	1381.24
1383.34	874.807	724	1.#QNAN	0	0.015	0	8.23763e-007	1465.52	1383.34	1381.22
1383.33	874.72	725	1.#QNAN	0	0.016	0	8.07133e-007	1474.19	1383.33	1381.22
1383.37	874.662	726	1.#QNAN	0	0.015	0	7.70623e-007	1508.88	1383.37	1381.27
1383.39	874.593	727	1.#QNAN	0	0.016	0	7.73443e-007	1503.54	1383.39	1381.29
1383.36	874.501	728	1.#QNAN	0	0.016	0	7.86345e-007	1453.22	1383.36	1381.27
1383.33	874.439	729	1.#QNAN	0	0	0	7.77292e-007	1451.7	1383.33	1381.25
1383.31	874.37	730	1.#QNAN	0	0.015	0	7.71345e-007	1463.08	1383.31	1381.23
1383.3	874.306	731	1.#QNAN	0	0.016	0	7.8337e-007	1478.74	1383.3	1381.22
1383.29	874.252	732	1.#QNAN	0	0.015	0	7.9053e-007	1465.99	1383.29	1381.23
1383.27	874.189	733	1.#QNAN	0	0.016	0	7.80821e-007	1470.3	1383.27	1381.21
1383.24	874.126	734	1.#QNAN	0	0.016	0	7.72839e-007	1447.5	1383.24	1381.19
1383.21	874.065	735	1.#QNAN	0	0.015	0	7.90873e-007	1425.52	1383.21	1381.16
1383.18	873.984	736	1.#QNAN	0	0	0	8.05916e-007	1433.33	1383.18	1381.14
1383.19	873.919	737	1.#QNAN	0	0.016	0	8.02706e-007	1451.95	1383.19	1381.15
1383.19	873.863	738	1.#QNAN	0	0.015	0	7.64623e-007	1452.3	1383.19	1381.16
1383.18	873.807	739	1.#QNAN	0	0.016	0	7.60621e-007	1462.41	1383.18	1381.16
1383.16	873.745	740	1.#QNAN	0	0.016	0	7.49877e-007	1442.64	1383.16	1381.15
1383.17	873.7	741	1.#QNAN	0	0.015	0	7.77756e-007	1463.25	1383.17	1381.16
1383.1	873.605	742	1.#QNAN	0	0.016	0	7.99744e-007	1396.99	1383.1	1381.1
1383.04	873.531	743	1.#QNAN	0	0.015	0	7.92558e-007	1412.94	1383.04	1381.04
1383	873.456	744	1.#QNAN	0	0	0	7.74228e-007	1426.15	1383	1381.01
1382.97	873.386	745	1.#QNAN	0	0.016	0	8.00314e-007	1424.99	1382.97	1380.98
1382.94	873.322	746	1.#QNAN	0	0.016	0	7.49012e-007	1416	1382.94	1380.95
1382.84	873.249	747	1.#QNAN	0	0.015	0	7.75394e-007	1390.78	1382.84	1380.86
1382.76	873.17	748	1.#QNAN	0	0.016	0	7.59461e-007	1401.88	1382.76	1380.78
1382.66	873.094	749	1.#QNAN	0	0.015	0	7.48566e-007	1375.51	1382.66	1380.69
1382.57	873.004	750	1.#QNAN	0	0	0	8.06217e-007	1380.54	1382.57	1380.6
1382.48	872.925	751	1.#QNAN	0	0.016	0	7.6647e-007	1380.9	1382.48	1380.52
1382.42	872.863	752	1.#QNAN	0	0.016	0	7.76321e-007	1398.58	1382.42	1380.46
1382.36	872.784	753	1.#QNAN	0	0.015	0	7.9247e-007	1432.66	1382.36	1380.41
1382.29	872.709	754	1.#QNAN	0	0.016	0	7.79726e-007	1397.89	1382.29	1380.34
1382.21	872.623	755	1.#QNAN	0	0.015	0	7.7211e-007	1380.61	1382.21	1380.27
1382.16	872.557	756	1.#QNAN	0	0	0	7.93742e-007	1413.29	1382.16	1380.22
1382.11	872.503	757	1.#QNAN	0	0.016	0	7.87331e-007	1418.2	1382.11	1380.17
1382.03	872.419	758	1.#QNAN	0	0.016	0	7.94305e-007	1421.3	1382.03	1380.11
1381.98	872.344	759	1.#QNAN	0	0.015	0	7.71535e-007	1400.24	1381.98	1380.06
1381.97	872.298	760	1.#QNAN	0	0.016	0	7.88748e-007	1424.21	1381.97	1380.05
1381.94	872.227	761	1.#QNAN	0	0.015	0	7.62597e-007	1435.8	1381.94	1380.02
1381.86	872.14	762	1.#QNAN	0	0	0	7.67094e-007	1442.4	1381.86	1379.96
1381.84	872.073	763	1.#QNAN	0	0.016	1	7.97434e-007	1468.34	1381.84	1379.94
1381.79	872.018	764	1.#QNAN	0	0.016	0	7.96021e-007	1434.88	1381.79	1379.9
1381.73	871.926	765	1.#QNAN	0	0.015	0	7.69733e-007	1435.9	1381.73	1379.85
1381.68	871.855	766	1.#QNAN	0	0.016	0	8.05489e-007	1428.76	1381.68	1379.8
1381.66	871.787	767	1.#QNAN	0	0.015	0	7.85733e-007	1429.49	1381.66	1379.79
1381.62	871.717	768	1.#QNAN	0	0.016	0	8.12097e-007	1420.48	1381.62	1379.75
1381.61	871.67	769	1.#QNAN	0	0	0	7.56013e-007	1439.35	1381.61	1379.74
1381.63	871.628	770	1.#QNAN	0	0.016	0	7.84704e-007	1459.08	1381.63	1379.77
1381.64	871.585	771	1.#QNAN	0	0.015	0	7.58412e-007	1450.82	1381.64	1379.78
1381.6	871.517	772	1.#QNAN	0	0.016	0	7.7194e-007	1445.45	1381.6	1379.75
1381.6	871.464	773	1.#QNAN	0	0.015	0	7.73817e-007	1455.56	1381.6	1379.76
1381.65	871.431	774	1.#QNAN	0	0.016	0	7.95904e-007	1494.19	1381.65	1379.81
1381.69	871.388	775	1.#QNAN	0	0.016	0	7.86236e-007	1493.41	1381.69	1379.85
1381.71	871.353	776	1.#QNAN	0	0	0	7.97857e-007	1453.44	1381.71	1379.88
1381.7	871.294	777	1.#QNAN	0	0.015	0	7.66878e-007	1427.85	1381.7	1379.87
1381.68	871.235	778	1.#QNAN	0	0.016	0	7.8244e-007	1435.01	1381.68	1379.86
1381.7	871.203	779	1.#QNAN	0	0.015	0	7.83471e-007	1472.38	1381.7	1379.88
1381.72	871.16	780	1.#QNAN	0	0.016	0	7.80883e-007	1473.56	1381.72	1379.91
1381.76	871.108	781	1.#QNAN	0	0.016	0	8.0023e-007	1498.38	1381.76	1379.95
1381.74	871.045	782	1.#QNAN	0	0.015	0	7.94817e-007	1444.67	1381.74	1379.94
1381.71	870.982	783	1.#QNAN	0	0	0	7.95167e-007	1448.2	1381.71	1379.92
1381.67	870.918	784	1.#QNAN	0	0.016	0	7.9679e-007	1417.99	1381.67	1379.88
1381.64	870.858	785	1.#QNAN	0	0.015	0	7.77818e-007	1426.94	1381.64	1379.86
1381.6	870.807	786	1.#QNAN	0	0.016	0	7.88059e-007	1433.59	1381.6	1379.83
1381.6	870.765	787	1.#QNAN	0	0.016	0	7.78247e-007	1445.98	1381.6	1379.83
1381.57	870.707	788	1.#QNAN	0	0.015	0	7.65143e-007	1421.94	1381.57	1379.81
1381.5	870.644	789	1.#QNAN	0	0.016	0	7.7815e-007	1406.9	1381.5	1379.75
1381.47	870.605	790	1.#QNAN	0	0	0	7.87381e-007	1443.58	1381.47	1379.71
1381.42	870.551	791	1.#QNAN	0	0.015	0	7.52332e-007	1424.05	1381.42	1379.68
1381.41	870.499	792	1.#QNAN	0	0.016	0	7.89348e-007	1454.7	1381.41	1379.67
1381.36	870.442	793	1.#QNAN	0	0.016	0	7.76365e-007	1412.7	1381.36	1379.62
1381.32	870.386	794	1.#QNAN	0	0.015	0	7.80962e-007	1431.3	1381.32	1379.59
1381.24	870.316	795	1.#QNAN	0	0.016	0	7.80931e-007	1405.53	1381.24	1379.52
1381.22	870.275	796	1.#QNAN	0	0.015	0	7.60035e-007	1425.48	1381.22	1379.5
1381.18	870.224	797	1.#QNAN	0	0	0	7.84128e-007	1412.24	1381.18	1379.47
1381.15	870.17	798	1.#QNAN	0	0.016	0	7.70867e-007	1433.18	1381.15	1379.44
1381.1	870.123	799	1.#QNAN	0	0.016	0	7.76818e-007	1418.22	1381.1	1379.4
1381.08	870.075	800	1.#QNAN	0	0.015	0	7.86619e-007	1439.53	1381.08	1379.38
1381.02	870.017	801	1.#QNAN	0	0.016	0	7.63572e-007	1413.93	1381.02	1379.32
1380.99	869.962	802	1.#QNAN	0	0.015	0	8.09117e-007	1441.4	1380.99	1379.3
1380.94	869.904	803	1.#QNAN	0	0	0	7.83476e-007	1422.63	1380.94	1379.26
1380.92	869.838	804	1.#QNAN	0	0.016	0	7.84453e-007	1456.94	1380.92	1379.24
1380.89	869.783	805	1.#QNAN	0	0.016	0	8.06594e-007	1443.99	1380.89	1379.21
1380.84	869.733	806	1.#QNAN	0	0.015	0	7.7483e-007	1423.63	1380.84	1379.17
1380.82	869.674	807	1.#QNAN	0	0.016	0	7.73349e-007	1435.09	1380.82	1379.16
1380.84	869.622	808	1.#QNAN	0	0.015	0	7.68182e-007	1477.89	1380.84	1379.18
1380.84	869.567	809	1.#QNAN	0	0.016	0	7.82077e-007	1459.84	1380.84	1379.19
1380.83	869.529	810	1.#QNAN	0	0	0	8.02983e-007	1450.13	1380.83	1379.18
1380.85	869.501	811	1.#QNAN	0	0.016	0	7.62138e-007	1483.6	1380.85	1379.21
1380.83	869.443	812	1.#QNAN	0	0.015	0	7.70429e-007	1435.41	1380.83	1379.2
1380.82	869.388	813	1.#QNAN	0	0.016	0	7.84125e-007	1443.52	1380.82	1379.19
1380.81	869.358	814	1.#QNAN	0	0.015	0	7.93076e-007	1466.83	1380.81	1379.19
1380.8	869.321	815	1.#QNAN	0	0.016	0	7.90097e-007	1461.57	1380.8	1379.18
1380.76	869.27	816	1.#QNAN	0	0	0	7.72541e-007	1427.33	1380.76	1379.14
1380.71	869.238	817	1.#QNAN	0	0.016	0	7.46474e-007	1420.81	1380.71	1379.1
1380.71	869.218	818	1.#QNAN	0	0.015	0	7.52848e-007	1458.46	1380.71	1379.1
1380.73	869.193	819	1.#QNAN	0	0.016	0	7.76972e-007	1466.62	1380.73	1379.12
1380.75	869.152	820	1.#QNAN	0	0.015	0	8.19726e-007	1473.36	1380.75	1379.15
1380.77	869.103	821	1.#QNAN	0	0.016	0	8.22366e-007	1465.3	1380.77	1379.17
1380.78	869.056	822	1.#QNAN	0	0	0	8.14447e-007	1478.2	1380.78	1379.19
1380.86	869.029	823	1.#QNAN	0	0.016	0	8.01439e-007	1544.07	1380.86	1379.27
1380.92	869.015	824	1.#QNAN	0	0.015	0	7.91369e-007	1503.98	1380.92	1379.33
1380.95	868.997	825	1.#QNAN	0	0.016	0	7.70445e-007	1478.23	1380.95	1379.37
1380.98	868.978	826	1.#QNAN	0	0.015	0	7.93171e-007	1464.9	1380.98	1379.4
1381	868.954	827	1.#QNAN	0	0.016	0	7.85864e-007	1473.57	1381	1379.43
1381.01	868.922	828	1.#QNAN	0	0.016	0	7.8291e-007	1442.57	1381.01	1379.44
1381.04	868.91	829	1.#QNAN	0	0	0	7.938e-007	1466.86	1381.04	1379.48
1381.03	868.891	830	1.#QNAN	0	0.015	0	7.56149e-007	1436.26	1381.03	1379.47
1381.06	868.865	831	1.#QNAN	0	0.016	0	7.72299e-007	1455.89	1381.06	1379.5
1381.09	868.842	832	1.#QNAN	0	0.015	0	7.65245e-007	1498.64	1381.09	1379.54
1381.13	868.814	833	1.#QNAN	0	0.016	0	7.77392e-007	1489.33	1381.13	1379.58
1381.18	868.794	834	1.#QNAN	0	0.016	0	7.83668e-007	1502.34	1381.18	1379.64
1381.21	868.768	835	1.#QNAN	0	0.015	0	7.79503e-007	1480.04	1381.21	1379.68
1381.23	868.735	836	1.#QNAN	0	0	0	7.93051e-007	1467.95	1381.23	1379.7
1381.27	868.709	837	1.#QNAN	0	0.016	0	7.85819e-007	1475.49	1381.27	1379.74
1381.27	868.669	838	1.#QNAN	0	0.015	0	7.91122e-007	1457.22	1381.27	1379.74
1381.28	868.639	839	1.#QNAN	0	0.016	1	7.7944e-007	1464.03	1381.28	1379.76
1381.29	868.616	840	1.#QNAN	0	0.016	0	7.56058e-007	1484.26	1381.29	1379.77
1381.3	868.582	841	1.#QNAN	0	0.015	0	7.76478e-007	1488.52	1381.3	1379.79
1381.34	868.554	842	1.#QNAN	0	0	0	7.78525e-007	1492.25	1381.34	1379.83
1381.36	868.526	843	1.#QNAN	0	0.016	0	7.92736e-007	1494.82	1381.36	1379.86
1381.41	868.504	844	1.#QNAN	0	0.015	0	7.84682e-007	1514.55	1381.41	1379.91
1381.48	868.488	845	1.#QNAN	0	0.016	0	7.77418e-007	1517.72	1381.48	1379.98
1381.51	868.466	846	1.#QNAN	0	0.016	0	7.69091e-007	1498.05	1381.51	1380.02
1381.53	868.442	847	1.#QNAN	0	0.015	0	8.08325e-007	1485.18	1381.53	1380.05
1381.55	868.425	848	1.#QNAN	0	0.016	0	7.71165e-007	1467.08	1381.55	1380.06
1381.56	868.399	849	1.#QNAN	0	0	0	7.65132e-007	1475.05	1381.56	1380.08
1381.56	868.364	850	1.#QNAN	0	0.015	0	7.8875e-007	1460.02	1381.56	1380.08
1381.56	868.319	851	1.#QNAN	0	0.016	0	7.95069e-007	1471.21	1381.56	1380.08
1381.58	868.299	852	1.#QNAN	0	0.016	0	7.77706e-007	1524.67	1381.58	1380.11
1381.61	868.274	853	1.#QNAN	0	0.015	0	7.61828e-007	1525.25	1381.61	1380.14
1381.62	868.257	854	1.#QNAN	0	0.016	0	7.74421e-007	1480.65	1381.62	1380.16
1381.61	868.232	855	1.#QNAN	0	0.015	0	7.77868e-007	1482.47	1381.61	1380.15
1381.63	868.209	856	1.#QNAN	0	0	0	7.67934e-007	1503.23	1381.63	1380.18
1381.66	868.18	857	1.#QNAN	0	0.016	0	7.89607e-007	1516.07	1381.66	1380.21
1381.68	868.163	858	1.#QNAN	0	0.016	0	7.81048e-007	1527.01	1381.68	1380.24
1381.68	868.112	859	1.#QNAN	0	0.015	0	7.67747e-007	1497.03	1381.68	1380.24
1381.7	868.077	860	1.#QNAN	0	0.016	0	7.4448e-007	1510.68	1381.7	1380.27
1381.75	868.053	861	1.#QNAN	0	0.015	0	7.96541e-007	1513.18	1381.75	1380.32
1381.8	868.031	862	1.#QNAN	0	0.016	0	7.97956e-007	1509.73	1381.8	1380.37
1381.87	868.022	863	1.#QNAN	0	0	0	7.90705e-007	1532.03	1381.87	1380.44
1381.92	868.001	864	1.#QNAN	0	0.016	0	7.88263e-007	1515.72	1381.92	1380.49
1381.94	867.982	865	1.#QNAN	0	0.015	0	7.73774e-007	1480	1381.94	1380.52
1381.94	867.953	866	1.#QNAN	0	0.016	0	7.91593e-007	1455.66	1381.94	1380.53
1381.94	867.937	867	1.#QNAN	0	0.015	0	7.7913e-007	1453.92	1381.94	1380.53
1381.96	867.911	868	1.#QNAN	0	0.016	0	7.95964e-007	1464.61	1381.96	1380.55
1381.98	867.896	869	1.#QNAN	0	0.016	0	7.79339e-007	1482.83	1381.98	1380.57
1381.98	867.886	870	1.#QNAN	0	0	0	7.95842e-007	1473.91	1381.98	1380.58
1382	867.877	871	1.#QNAN	0	0.015	0	7.77087e-007	1469.76	1382	1380.6
1382	867.85	872	1.#QNAN	0	0.016	0	8.15859e-007	1472.75	1382	1380.61
1382.01	867.822	873	1.#QNAN	0	0.015	0	7.62433e-007	1474.67	1382.01	1380.63
1382.03	867.794	874	1.#QNAN	0	0.016	0	8.1066e-007	1470.23	1382.03	1380.64
1382.03	867.759	875	1.#QNAN	0	0.016	0	8.16103e-007	1470.03	1382.03	1380.65
1382.05	867.732	876	1.#QNAN	0	0	0	7.90723e-007	1487.55	1382.05	1380.67
1382.08	867.709	877	1.#QNAN	0	0.015	0	8.00877e-007	1499.33	1382.08	1380.71
1382.11	867.683	878	1.#QNAN	0	0.016	0	7.78599e-007	1506.46	1382.11	1380.75
1382.17	867.656	879	1.#QNAN	0	0.015	0	8.03458e-007	1511.14	1382.17	1380.81
1382.17	867.618	880	1.#QNAN	0	0.016	0	8.07298e-007	1492.47	1382.17	1380.82
1382.19	867.579	881	1.#QNAN	0	0.016	0	7.68787e-007	1510.86	1382.19	1380.83
1382.19	867.54	882	1.#QNAN	0	0.015	0	8.14701e-007	1479.49	1382.19	1380.85
1382.23	867.52	883	1.#QNAN	0	0.016	0	7.79879e-007	1514.75	1382.23	1380.89
1382.25	867.483	884	1.#QNAN	0	0	0	7.96386e-007	1486.44	1382.25	1380.92
1382.28	867.444	885	1.#QNAN	0	0.015	0	7.92552e-007	1498.86	1382.28	1380.95
1382.33	867.417	886	1.#QNAN	0	0.016	0	7.68049e-007	1523.25	1382.33	1381
1382.38	867.398	887	1.#QNAN	0	0.016	0	7.91513e-007	1510.72	1382.38	1381.06
1382.41	867.369	888	1.#QNAN	0	0.015	0	7.81002e-007	1497.39	1382.41	1381.09
1382.44	867.339	889	1.#QNAN	0	0.016	0	7.75838e-007	1490.19	1382.44	1381.13
1382.47	867.322	890	1.#QNAN	0	0.015	0	8.00236e-007	1492.77	1382.47	1381.16
1382.5	867.301	891	1.#QNAN	0	0.016	0	7.73786e-007	1509.5	1382.5	1381.19
1382.5	867.271	892	1.#QNAN	0	0	0	7.76585e-007	1506.13	1382.5	1381.2
1382.55	867.26	893	1.#QNAN	0	0.016	0	7.83184e-007	1496.79	1382.55	1381.25
1382.55	867.231	894	1.#QNAN	0	0.015	0	7.58226e-007	1480.22	1382.55	1381.25
1382.57	867.217	895	1.#QNAN	0	0.016	0	8.13897e-007	1507.53	1382.57	1381.28
1382.61	867.205	896	1.#QNAN	0	0.015	0	8.07465e-007	1532.35	1382.61	1381.32
1382.66	867.196	897	1.#QNAN	0	0.016	0	8.08572e-007	1525.82	1382.66	1381.38
1382.69	867.178	898	1.#QNAN	0	0	0	7.82506e-007	1509.98	1382.69	1381.4
1382.7	867.158	899	1.#QNAN	0	0.016	0	8.0393e-007	1504.64	1382.7	1381.42
1382.71	867.138	900	1.#QNAN	0	0.015	0	7.82495e-007	1488.44	1382.71	1381.44
1382.72	867.11	901	1.#QNAN	0	0.016	0	7.63404e-007	1478.16	1382.72	1381.45
1382.71	867.072	902	1.#QNAN	0	0.015	0	7.53833e-007	1490.8	1382.71	1381.45
1382.71	867.046	903	1.#QNAN	0	0.016	0	7.76162e-007	1482.99	1382.71	1381.44
1382.72	867.031	904	1.#QNAN	0	0.016	0	7.82057e-007	1506.2	1382.72	1381.46
1382.74	867.016	905	1.#QNAN	0	0	0	7.84362e-007	1479.92	1382.74	1381.48
1382.74	866.985	906	1.#QNAN	0	0.015	0	7.61793e-007	1472.57	1382.74	1381.49
1382.75	866.959	907	1.#QNAN	0	0.016	0	7.47131e-007	1484.35	1382.75	1381.5
1382.74	866.919	908	1.#QNAN	0	0.015	0	7.80845e-007	1463.21	1382.74	1381.5
1382.76	866.896	909	1.#QNAN	0	0.016	0	7.77585e-007	1502.35	1382.76	1381.51
1382.76	866.871	910	1.#QNAN	0	0.016	0	7.9029e-007	1473.51	1382.76	1381.52
1382.75	866.841	911	1.#QNAN	0	0	0	7.9957e-007	1478.46	1382.75	1381.51
1382.72	866.804	912	1.#QNAN	0	0.015	0	7.90042e-007	1455.33	1382.72	1381.49
1382.71	866.762	913	1.#QNAN	0	0.016	0	7.92281e-007	1489.81	1382.71	1381.47
1382.69	866.72	914	1.#QNAN	0	0.015	1	7.73876e-007	1462.73	1382.69	1381.47
1382.68	866.683	915	1.#QNAN	0	0.016	0	7.79561e-007	1469.06	1382.68	1381.45
1382.67	866.651	916	1.#QNAN	0	0.016	0	7.96994e-007	1453.69	1382.67	1381.45
1382.66	866.601	917	1.#QNAN	0	0	0	8.01685e-007	1475.69	1382.66	1381.44
1382.67	866.581	918	1.#QNAN	0	0.015	0	7.46779e-007	1475.74	1382.67	1381.46
1382.7	866.554	919	1.#QNAN	0	0.016	0	7.75422e-007	1475.73	1382.7	1381.48
1382.72	866.533	920	1.#QNAN	0	0.015	0	7.5366e-007	1490.8	1382.72	1381.51
1382.73	866.504	921	1.#QNAN	0	0.016	0	7.95063e-007	1480.1	1382.73	1381.52
1382.73	866.48	922	1.#QNAN	0	0.016	0	7.8641e-007	1491.62	1382.73	1381.53
1382.74	866.459	923	1.#QNAN	0	0.015	0	8.02406e-007	1514.74	1382.74	1381.54
1382.72	866.411	924	1.#QNAN	0	0	0	8.09503e-007	1468.72	1382.72	1381.53
1382.72	866.366	925	1.#QNAN	0	0.016	0	7.94242e-007	1506.94	1382.72	1381.54
1382.71	866.321	926	1.#QNAN	0	0.015	0	7.88386e-007	1502.42	1382.71	1381.53
1382.69	866.301	927	1.#QNAN	0	0.016	0	7.71995e-007	1513.65	1382.69	1381.51
1382.68	866.26	928	1.#QNAN	0	0.016	0	7.82499e-007	1504.37	1382.68	1381.5
1382.66	866.205	929	1.#QNAN	0	0.015	0	7.78279e-007	1467.91	1382.66	1381.48
1382.65	866.167	930	1.#QNAN	0	0	0	8.08157e-007	1471.47	1382.65	1381.48
1382.64	866.136	931	1.#QNAN	0	0.016	0	7.85747e-007	1492.58	1382.64	1381.48
1382.66	866.115	932	1.#QNAN	0	0.015	0	7.97444e-007	1516.13	1382.66	1381.5
1382.68	866.109	933	1.#QNAN	0	0.016	0	8.07786e-007	1509.09	1382.68	1381.52
1382.66	866.089	934	1.#QNAN	0	0.016	0	8.03229e-007	1494.37	1382.66	1381.51
1382.66	866.073	935	1.#QNAN	0	0.015	0	7.85845e-007	1504.41	1382.66	1381.51
1382.65	866.056	936	1.#QNAN	0	0.016	0	7.92474e-007	1510.64	1382.65	1381.5
1382.62	866.014	937	1.#QNAN	0	0	0	7.86805e-007	1505.95	1382.62	1381.47
1382.6	865.984	938	1.#QNAN	0	0.015	0	7.82592e-007	1543.82	1382.6	1381.46
1382.57	865.969	939	1.#QNAN	0	0.016	0	7.97468e-007	1490.63	1382.57	1381.43
1382.55	865.944	940	1.#QNAN	0	0.016	0	7.72156e-007	1505.48	1382.55	1381.41
1382.56	865.938	941	1.#QNAN	0	0.015	0	8.04012e-007	1562.22	1382.56	1381.43
1382.57	865.916	942	1.#QNAN	0	0.016	0	7.87086e-007	1522.94	1382.57	1381.44
1382.56	865.893	943	1.#QNAN	0	0.015	0	7.79348e-007	1505.67	1382.56	1381.44
1382.55	865.86	944	1.#QNAN	0	0	0	8.0659e-007	1510.94	1382.55	1381.43
1382.58	865.845	945	1.#QNAN	0	0.016	0	8.04146e-007	1567.41	1382.58	1381.46
1382.61	865.834	946	1.#QNAN	0	0.016	0	7.77523e-007	1575.9	1382.61	1381.5
1382.63	865.824	947	1.#QNAN	0	0.015	0	7.93967e-007	1542.86	1382.63	1381.51
1382.65	865.823	948	1.#QNAN	0	0.016	0	7.96831e-007	1526.97	1382.65	1381.54
1382.69	865.833	949	1.#QNAN	0	0.015	0	7.63565e-007	1566	1382.69	1381.59
1382.74	865.837	950	1.#QNAN	0	0.016	0	7.6392e-007	1545.61	1382.74	1381.64
1382.79	865.83	951	1.#QNAN	0	0	0	7.90651e-007	1564.51	1382.79	1381.69
1382.81	865.815	952	1.#QNAN	0	0.016	0	7.94496e-007	1523.82	1382.81	1381.72
1382.82	865.806	953	1.#QNAN	0	0.015	0	7.92784e-007	1511.57	1382.82	1381.73
1382.81	865.775	954	1.#QNAN	0	0.016	0	7.71559e-007	1471.73	1382.81	1381.72
1382.77	865.723	955	1.#QNAN	0	0.015	0	8.14098e-007	1438	1382.77	1381.68
1382.72	865.693	956	1.#QNAN	0	0.016	0	8.04697e-007	1426.02	1382.72	1381.63
1382.7	865.666	957	1.#QNAN	0	0.016	0	7.74689e-007	1482.29	1382.7	1381.63
1382.68	865.633	958	1.#QNAN	0	0	0	8.02515e-007	1489.65	1382.68	1381.6
1382.63	865.588	959	1.#QNAN	0	0.015	0	7.38916e-007	1438.46	1382.63	1381.56
1382.64	865.567	960	1.#QNAN	0	0.016	0	7.93656e-007	1483.43	1382.64	1381.57
1382.65	865.54	961	1.#QNAN	0	0.015	0	7.86661e-007	1481.99	1382.65	1381.59
1382.65	865.513	962	1.#QNAN	0	0.016	0	8.16685e-007	1459.96	1382.65	1381.59
1382.68	865.494	963	1.#QNAN	0	0.016	0	7.43742e-007	1510.85	1382.68	1381.62
1382.7	865.471	964	1.#QNAN	0	0.015	0	7.81256e-007	1506.2	1382.7	1381.64
1382.71	865.459	965	1.#QNAN	0	0	0	7.88864e-007	1501.81	1382.71	1381.66
1382.73	865.451	966	1.#QNAN	0	0.016	0	7.83919e-007	1509.86	1382.73	1381.68
1382.77	865.445	967	1.#QNAN	0	0.015	0	7.65324e-007	1531.12	1382.77	1381.72
1382.78	865.413	968	1.#QNAN	0	0.016	0	7.94806e-007	1463.07	1382.78	1381.73
1382.75	865.384	969	1.#QNAN	0	0.016	0	7.7019e-007	1433.61	1382.75	1381.71
1382.74	865.367	970	1.#QNAN	0	0.015	0	7.78501e-007	1461.71	1382.74	1381.7
1382.73	865.339	971	1.#QNAN	0	0	0	7.86455e-007	1445.75	1382.73	1381.69
1382.7	865.317	972	1.#QNAN	0	0	0	7.6413e-007	1446.9	1382.7	1381.66
1382.67	865.296	973	1.#QNAN	0	0.015	0	7.95919e-007	1451.52	1382.67	1381.64
1382.68	865.282	974	1.#QNAN	0	0.016	0	7.94644e-007	1476	1382.68	1381.65
1382.67	865.277	975	1.#QNAN	0	0.016	0	7.95031e-007	1452.81	1382.67	1381.65
1382.66	865.272	976	1.#QNAN	0	0.015	0	8.17227e-007	1467.6	1382.66	1381.63
1382.66	865.249	977	1.#QNAN	0	0.016	0	8.25497e-007	1470.82	1382.66	1381.64
1382.66	865.23	978	1.#QNAN	0	0	0	7.97981e-007	1460.35	1382.66	1381.64
1382.69	865.241	979	1.#QNAN	0	0.015	0	8.06234e-007	1491.13	1382.69	1381.67
1382.7	865.239	980	1.#QNAN	0	0.016	0	7.93922e-007	1480.92	1382.7	1381.68
1382.73	865.238	981	1.#QNAN	0	0.016	0	7.57526e-007	1495.09	1382.73	1381.72
1382.75	865.223	982	1.#QNAN	0	0.015	0	8.24218e-007	1469.23	1382.75	1381.74
1382.76	865.211	983	1.#QNAN	0	0.016	0	8.02894e-007	1470.64	1382.76	1381.76
1382.79	865.207	984	1.#QNAN	0	0.015	0	8.03188e-007	1503.51	1382.79	1381.78
1382.81	865.191	985	1.#QNAN	0	0	0	8.03061e-007	1506.34	1382.81	1381.81
1382.8	865.171	986	1.#QNAN	0	0.016	0	7.7217e-007	1467.53	1382.8	1381.8
1382.78	865.137	987	1.#QNAN	0	0.016	0	8.10714e-007	1443.24	1382.78	1381.78
1382.78	865.123	988	1.#QNAN	0	0.015	0	7.98843e-007	1486.37	1382.78	1381.79
1382.76	865.114	989	1.#QNAN	0	0.016	1	7.81226e-007	1475.92	1382.76	1381.77
1382.72	865.088	990	1.#QNAN	0	0.015	0	7.85221e-007	1459.76	1382.72	1381.73
1382.69	865.062	991	1.#QNAN	0	0	0	7.84105e-007	1451.09	1382.69	1381.7
1382.65	865.044	992	1.#QNAN	0	0.016	0	7.9622e-007	1451.45	1382.65	1381.66
1382.62	865.009	993	1.#QNAN	0	0.016	0	7.74046e-007	1442.26	1382.62	1381.64
1382.61	864.986	994	1.#QNAN	0	0.015	0	7.92025e-007	1471.73	1382.61	1381.63
1382.6	864.961	995	1.#QNAN	0	0.016	0	8.04694e-007	1467.61	1382.6	1381.61
1382.58	864.937	996	1.#QNAN	0	0.015	0	8.20294e-007	1458.75	1382.58	1381.6
1382.6	864.922	997	1.#QNAN	0	0.016	0	7.98586e-007	1489.9	1382.6	1381.62
1382.62	864.899	998	1.#QNAN	0	0	0	7.78622e-007	1495.81	1382.62	1381.64
1382.61	864.873	999	1.#QNAN	0	0.016	0	7.87985e-007	1475.29	1382.61	1381.64
1382.62	864.855	1000	1.#QNAN	0	0.015	0	8.11905e-007	1509.99	1382.62	1381.65
1382.64	864.842	1001	1.#QNAN	0	0.016	0	7.99513e-007	1522.06	1382.64	1381.67
1382.68	864.851	1002	1.#QNAN	0	0.015	0	7.87309e-007	1532.08	1382.68	1381.71
1382.69	864.838	1003	1.#QNAN	0	0.016	0	7.91581e-007	1477.73	1382.69	1381.72
1382.68	864.82	1004	1.#QNAN	0	0.016	0	7.86898e-007	1474.7	1382.68	1381.71
1382.69	864.809	1005	1.#QNAN	0	0	0	7.75419e-007	1496.91	1382.69	1381.73
1382.7	864.788	1006	1.#QNAN	0	0.015	0	7.89396e-007	1485.54	1382.7	1381.74
1382.73	864.777	1007	1.#QNAN	0	0.016	0	8.19657e-007	1515.09	1382.73	1381.78
1382.73	864.762	1008	1.#QNAN	0	0.015	0	7.98623e-007	1495.48	1382.73	1381.78
1382.71	864.741	1009	1.#QNAN	0	0.016	0	7.7676e-007	1454.34	1382.71	1381.75
1382.67	864.713	1010	1.#QNAN	0	0.016	0	7.75811e-007	1436.3	1382.67	1381.72
1382.64	864.701	1011	1.#QNAN	0	0	0	7.8778e-007	1446.36	1382.64	1381.69
1382.64	864.691	1012	1.#QNAN	0	0.015	0	7.77755e-007	1464.38	1382.64	1381.69
1382.65	864.679	1013	1.#QNAN	0	0.016	0	8.10011e-007	1487.86	1382.65	1381.71
1382.68	864.67	1014	1.#QNAN	0	0.015	0	7.84742e-007	1514.58	1382.68	1381.74
1382.69	864.652	1015	1.#QNAN	0	0.016	0	7.88343e-007	1496.39	1382.69	1381.75
1382.68	864.635	1016	1.#QNAN	0	0.016	0	7.95198e-007	1474.05	1382.68	1381.74
1382.66	864.616	1017	1.#QNAN	0	0.015	0	8.02647e-007	1459.68	1382.66	1381.73
1382.67	864.604	1018	1.#QNAN	0	0	0	7.83077e-007	1487.65	1382.67	1381.74
1382.67	864.587	1019	1.#QNAN	0	0.016	0	7.93622e-007	1478.11	1382.67	1381.74
1382.66	864.564	1020	1.#QNAN	0	0.015	0	7.85411e-007	1457.46	1382.66	1381.73
1382.67	864.557	1021	1.#QNAN	0	0.016	0	7.62478e-007	1503.29	1382.67	1381.74
1382.68	864.539	1022	1.#QNAN	0	0.016	0	8.17883e-007	1480.74	1382.68	1381.75
1382.66	864.512	1023	1.#QNAN	0	0.015	0	7.81293e-007	1472.26	1382.66	1381.74
1382.66	864.488	1024	1.#QNAN	0	0.016	0	7.52399e-007	1461.58	1382.66	1381.73
1382.65	864.473	1025	1.#QNAN	0	0	0	7.94558e-007	1475.5	1382.65	1381.73
1382.62	864.444	1026	1.#QNAN	0	0.015	0	7.73498e-007	1453.94	1382.62	1381.71
1382.63	864.422	1027	1.#QNAN	0	0.016	0	8.12287e-007	1474.47	1382.63	1381.71
1382.61	864.386	1028	1.#QNAN	0	0.016	0	7.96816e-007	1443.58	1382.61	1381.7
1382.61	864.382	1029	1.#QNAN	0	0.015	0	7.84737e-007	1488.17	1382.61	1381.7
1382.63	864.368	1030	1.#QNAN	0	0.016	0	7.94523e-007	1493.96	1382.63	1381.72
1382.65	864.346	1031	1.#QNAN	0	0	0	8.19695e-007	1491.08	1382.65	1381.74
1382.7	864.349	1032	1.#QNAN	0	0.015	0	7.93383e-007	1517.89	1382.7	1381.79
1382.72	864.329	1033	1.#QNAN	0	0.016	0	7.9652e-007	1504.09	1382.72	1381.81
1382.75	864.317	1034	1.#QNAN	0	0.016	0	7.94536e-007	1513.98	1382.75	1381.85
1382.79	864.307	1035	1.#QNAN	0	0.015	0	8.01507e-007	1540.92	1382.79	1381.89
1382.82	864.295	1036	1.#QNAN	0	0.016	0	7.82445e-007	1525.23	1382.82	1381.92
1382.85	864.278	1037	1.#QNAN	0	0	0	8.24349e-007	1508.55	1382.85	1381.95
1382.86	864.258	1038	1.#QNAN	0	0.015	0	7.80237e-007	1509.64	1382.86	1381.97
1382.87	864.237	1039	1.#QNAN	0	0.016	0	7.93593e-007	1485.74	1382.87	1381.98
1382.87	864.235	1040	1.#QNAN	0	0.016	0	7.87945e-007	1487.02	1382.87	1381.98
1382.88	864.222	1041	1.#QNAN	0	0.015	0	8.00226e-007	1500.69	1382.88	1382
1382.88	864.206	1042	1.#QNAN	0	0.016	0	7.75008e-007	1481.98	1382.88	1382
1382.88	864.193	1043	1.#QNAN	0	0.015	0	7.97851e-007	1481.44	1382.88	1382
1382.88	864.191	1044	1.#QNAN	0	0	0	8.01325e-007	1478.91	1382.88	1382.01
1382.89	864.192	1045	1.#QNAN	0	0.016	0	7.87282e-007	1487.7	1382.89	1382.02
1382.89	864.186	1046	1.#QNAN	0	0.016	0	8.03996e-007	1480.84	1382.89	1382.02
1382.9	864.181	1047	1.#QNAN	0	0.015	0	7.916e-007	1493.28	1382.9	1382.03
1382.89	864.167	1048	1.#QNAN	0	0.016	0	8.08689e-007	1480.9	1382.89	1382.02
1382.89	864.149	1049	1.#QNAN	0	0.015	0	7.96025e-007	1499.7	1382.89	1382.03
1382.86	864.119	1050	1.#QNAN	0	0	0	7.96286e-007	1474.2	1382.86	1382
1382.88	864.1	1051	1.#QNAN	0	0	0	8.16471e-007	1512.52	1382.88	1382.02
1382.9	864.086	1052	1.#QNAN	0	0.016	0	8.25849e-007	1504.58	1382.9	1382.04
1382.9	864.056	1053	1.#QNAN	0	0.015	0	8.05838e-007	1471.61	1382.9	1382.04
1382.94	864.057	1054	1.#QNAN	0	0.016	0	7.93846e-007	1524.24	1382.94	1382.08
1382.94	864.038	1055	1.#QNAN	0	0.015	0	8.20926e-007	1496.91	1382.94	1382.09
1382.93	864.018	1056	1.#QNAN	0	0.016	0	8.02558e-007	1448.03	1382.93	1382.08
1382.97	864.021	1057	1.#QNAN	0	0	0	8.06202e-007	1532.67	1382.97	1382.12
1382.97	864.004	1058	1.#QNAN	0	0.016	0	7.81011e-007	1471.84	1382.97	1382.13
1382.98	863.988	1059	1.#QNAN	0	0.015	0	8.07234e-007	1467.46	1382.98	1382.13
1382.97	863.963	1060	1.#QNAN	0	0.016	0	7.91872e-007	1470.47	1382.97	1382.13
1382.97	863.948	1061	1.#QNAN	0	0.015	0	7.82055e-007	1485.64	1382.97	1382.13
1382.97	863.94	1062	1.#QNAN	0	0.016	0	7.76782e-007	1478.4	1382.97	1382.13
1382.98	863.946	1063	1.#QNAN	0	0.016	0	8.01288e-007	1469.2	1382.98	1382.14
1382.97	863.931	1064	1.#QNAN	0	0	0	8.00111e-007	1447.1	1382.97	1382.13
1382.99	863.924	1065	1.#QNAN	0	0.015	1	8.00097e-007	1501.89	1382.99	1382.15
1383.03	863.931	1066	1.#QNAN	0	0.016	0	8.09827e-007	1525.55	1383.03	1382.2
1383.05	863.927	1067	1.#QNAN	0	0.015	0	8.17905e-007	1493.69	1383.05	1382.23
1383.08	863.925	1068	1.#QNAN	0	0.016	0	8.09836e-007	1486.56	1383.08	1382.25
1383.1	863.913	1069	1.#QNAN	0	0.016	0	8.04185e-007	1474.12	1383.1	1382.28
1383.11	863.903	1070	1.#QNAN	0	0	0	8.09352e-007	1474.88	1383.11	1382.29
1383.11	863.886	1071	1.#QNAN	0	0.015	0	8.23804e-007	1464.52	1383.11	1382.29
1383.07	863.845	1072	1.#QNAN	0	0.016	0	8.1276e-007	1452.16	1383.07	1382.25
1383.07	863.82	1073	1.#QNAN	0	0.015	0	7.87921e-007	1471.76	1383.07	1382.26
1383.05	863.806	1074	1.#QNAN	0	0.016	0	8.23321e-007	1457.77	1383.05	1382.24
1383.04	863.781	1075	1.#QNAN	0	0.016	0	8.17514e-007	1461.17	1383.04	1382.23
1383.01	863.749	1076	1.#QNAN	0	0.015	0	7.92521e-007	1467.64	1383.01	1382.2
1383.01	863.723	1077	1.#QNAN	0	0	0	8.06367e-007	1469.83	1383.01	1382.2
1383.01	863.708	1078	1.#QNAN	0	0.016	0	7.94716e-007	1461.14	1383.01	1382.21
1383.01	863.697	1079	1.#QNAN	0	0.015	0	8.05507e-007	1464.56	1383.01	1382.21
1383.02	863.689	1080	1.#QNAN	0	0.016	0	7.9885e-007	1477.91	1383.02	1382.21
1383.04	863.673	1081	1.#QNAN	0	0.016	0	8.22573e-007	1490.29	1383.04	1382.24
1383.06	863.652	1082	1.#QNAN	0	0.015	0	8.14592e-007	1490.92	1383.06	1382.26
1383.06	863.633	1083	1.#QNAN	0	0.016	0	8.04049e-007	1473.73	1383.06	1382.26
1383.07	863.615	1084	1.#QNAN	0	0.015	0	7.89443e-007	1483.07	1383.07	1382.27
1383.07	863.604	1085	1.#QNAN	0	0	0	8.11606e-007	1475.21	1383.07	1382.27
1383.06	863.575	1086	1.#QNAN	0	0.016	0	7.88643e-007	1463.49	1383.06	1382.27
1383.06	863.558	1087	1.#QNAN	0	0.016	0	7.99344e-007	1475.51	1383.06	1382.27
1383.06	863.555	1088	1.#QNAN	0	0.015	0	8.11148e-007	1476.63	1383.06	1382.27
1383.06	863.539	1089	1.#QNAN	0	0.016	0	8.54307e-007	1470.86	1383.06	1382.27
1383.08	863.532	1090	1.#QNAN	0	0.015	0	8.1909e-007	1512.87	1383.08	1382.29
1383.12	863.52	1091	1.#QNAN	0	0.016	0	8.0137e-007	1532.7	1383.12	1382.33
1383.12	863.502	1092	1.#QNAN	0	0	0	8.40076e-007	1481.07	1383.12	1382.34
1383.13	863.481	1093	1.#QNAN	0	0.016	0	8.2251e-007	1500.98	1383.13	1382.35
1383.14	863.472	1094	1.#QNAN	0	0.015	0	7.83153e-007	1503.13	1383.14	1382.36
1383.14	863.454	1095	1.#QNAN	0	0.016	0	7.92832e-007	1495.64	1383.14	1382.35
1383.14	863.448	1096	1.#QNAN	0	0.015	0	7.80356e-007	1506.31	1383.14	1382.36
1383.18	863.442	1097	1.#QNAN	0	0.016	0	8.00246e-007	1552.67	1383.18	1382.41
1383.2	863.417	1098	1.#QNAN	0	0	0	8.26765e-007	1547.18	1383.2	1382.42
1383.23	863.403	1099	1.#QNAN	0	0.016	0	8.00159e-007	1546.97	1383.23	1382.46
1383.25	863.385	1100	1.#QNAN	0	0.015	0	7.80041e-007	1534.36	1383.25	1382.48
1383.28	863.377	1101	1.#QNAN	0	0.016	0	8.14568e-007	1506.1	1383.28	1382.51
1383.28	863.35	1102	1.#QNAN	0	0.015	0	8.03421e-007	1483.71	1383.28	1382.51
1383.32	863.345	1103	1.#QNAN	0	0.016	0	7.84552e-007	1507.03	1383.32	1382.55
1383.36	863.338	1104	1.#QNAN	0	0.016	0	8.63867e-007	1525.67	1383.36	1382.59
1383.39	863.339	1105	1.#QNAN	0	0	0	8.31923e-007	1491.52	1383.39	1382.63
1383.38	863.321	1106	1.#QNAN	0	0.015	0	7.83881e-007	1461.72	1383.38	1382.62
1383.39	863.303	1107	1.#QNAN	0	0.016	0	8.19237e-007	1491.12	1383.39	1382.63
1383.38	863.282	1108	1.#QNAN	0	0.015	0	8.35154e-007	1470.54	1383.38	1382.63
1383.39	863.266	1109	1.#QNAN	0	0.016	0	8.16826e-007	1484.92	1383.39	1382.63
1383.36	863.248	1110	1.#QNAN	0	0.016	0	8.08161e-007	1487.91	1383.36	1382.61
1383.33	863.214	1111	1.#QNAN	0	0	0	8.12307e-007	1480.28	1383.33	1382.57
1383.31	863.202	1112	1.#QNAN	0	0.015	0	8.1432e-007	1497.69	1383.31	1382.56
1383.28	863.178	1113	1.#QNAN	0	0.016	0	8.08494e-007	1459.97	1383.28	1382.53
1383.26	863.159	1114	1.#QNAN	0	0.015	0	7.85346e-007	1445.74	1383.26	1382.51
1383.25	863.134	1115	1.#QNAN	0	0.016	0	7.99128e-007	1464.02	1383.25	1382.51
1383.23	863.104	1116	1.#QNAN	0	0.016	0	8.24589e-007	1451.98	1383.23	1382.49
1383.22	863.087	1117	1.#QNAN	0	0	0	8.06397e-007	1454.36	1383.22	1382.47
1383.22	863.075	1118	1.#QNAN	0	0.015	0	8.08945e-007	1473.72	1383.22	1382.48
1383.21	863.055	1119	1.#QNAN	0	0.016	0	8.10907e-007	1478.48	1383.21	1382.47
1383.18	863.028	1120	1.#QNAN	0	0.015	0	7.95474e-007	1450.62	1383.18	1382.44
1383.16	863	1121	1.#QNAN	0	0.016	0	8.05627e-007	1438.87	1383.16	1382.42
1383.18	862.991	1122	1.#QNAN	0	0.016	0	8.01437e-007	1482.69	1383.18	1382.44
1383.21	862.989	1123	1.#QNAN	0	0.015	0	8.14939e-007	1502.68	1383.21	1382.47
1383.19	862.973	1124	1.#QNAN	0	0	0	8.1493e-007	1446.82	1383.19	1382.46
1383.2	862.958	1125	1.#QNAN	0	0.016	0	8.08233e-007	1462.12	1383.2	1382.47
1383.2	862.942	1126	1.#QNAN	0	0.015	0	8.1815e-007	1479.93	1383.2	1382.47
1383.2	862.919	1127	1.#QNAN	0	0.016	0	7.99985e-007	1473.57	1383.2	1382.47
1383.19	862.898	1128	1.#QNAN	0	0.016	0	7.81035e-007	1471.32	1383.19	1382.46
1383.17	862.866	1129	1.#QNAN	0	0.015	0	7.79058e-007	1469.95	1383.17	1382.45
1383.15	862.837	1130	1.#QNAN	0	0	0	8.02447e-007	1451.81	1383.15	1382.43
1383.14	862.794	1131	1.#QNAN	0	0.016	0	8.17634e-007	1468.45	1383.14	1382.42
1383.13	862.76	1132	1.#QNAN	0	0.015	0	7.7781e-007	1471.95	1383.13	1382.41
1383.12	862.738	1133	1.#QNAN	0	0.016	0	7.8936e-007	1464.56	1383.12	1382.41
1383.13	862.72	1134	1.#QNAN	0	0.016	0	8.09228e-007	1488.55	1383.13	1382.42
1383.13	862.681	1135	1.#QNAN	0	0.015	0	8.13756e-007	1467.52	1383.13	1382.42
1383.12	862.654	1136	1.#QNAN	0	0	0	7.88249e-007	1475.3	1383.12	1382.41
1383.12	862.62	1137	1.#QNAN	0	0.016	0	8.32286e-007	1487.88	1383.12	1382.41
1383.14	862.591	1138	1.#QNAN	0	0.015	0	8.27042e-007	1519.9	1383.14	1382.44
1383.15	862.567	1139	1.#QNAN	0	0.016	0	7.9275e-007	1509.6	1383.15	1382.44
1383.14	862.549	1140	1.#QNAN	0	0.016	1	8.13774e-007	1484.16	1383.14	1382.44
1383.16	862.543	1141	1.#QNAN	0	0.015	0	8.14988e-007	1518.79	1383.16	1382.46
1383.15	862.526	1142	1.#QNAN	0	0.016	0	8.30556e-007	1509.35	1383.15	1382.45
1383.14	862.503	1143	1.#QNAN	0	0	0	8.29297e-007	1491.11	1383.14	1382.44
1383.14	862.5	1144	1.#QNAN	0	0.015	0	8.14452e-007	1492.19	1383.14	1382.44
1383.12	862.481	1145	1.#QNAN	0	0.016	0	8.11698e-007	1478.83	1383.12	1382.43
1383.12	862.484	1146	1.#QNAN	0	0.016	0	8.27349e-007	1494.26	1383.12	1382.42
1383.1	862.467	1147	1.#QNAN	0	0.015	0	8.16126e-007	1450.99	1383.1	1382.4
1383.05	862.442	1148	1.#QNAN	0	0.016	0	7.92996e-007	1416.4	1383.05	1382.35
1383.01	862.408	1149	1.#QNAN	0	0	0	8.17671e-007	1464.6	1383.01	1382.32
1382.98	862.387	1150	1.#QNAN	0	0.015	0	8.16037e-007	1447.32	1382.98	1382.29
1382.96	862.376	1151	1.#QNAN	0	0.016	0	8.26134e-007	1491.94	1382.96	1382.27
1382.94	862.36	1152	1.#QNAN	0	0.016	0	7.93218e-007	1450.32	1382.94	1382.25
1382.9	862.338	1153	1.#QNAN	0	0.015	0	7.84191e-007	1457.96	1382.9	1382.22
1382.84	862.305	1154	1.#QNAN	0	0.016	0	7.97871e-007	1408.06	1382.84	1382.15
1382.8	862.276	1155	1.#QNAN	0	0.015	0	8.09013e-007	1436.8	1382.8	1382.12
1382.77	862.247	1156	1.#QNAN	0	0.016	0	7.81514e-007	1419.62	1382.77	1382.08
1382.74	862.231	1157	1.#QNAN	0	0	0	7.8438e-007	1428.03	1382.74	1382.06
1382.71	862.211	1158	1.#QNAN	0	0.016	0	7.97463e-007	1431.29	1382.71	1382.03
1382.69	862.187	1159	1.#QNAN	0	0.015	0	7.92684e-007	1456.11	1382.69	1382.01
1382.66	862.164	1160	1.#QNAN	0	0.016	0	8.09434e-007	1439.38	1382.66	1381.98
1382.65	862.148	1161	1.#QNAN	0	0.015	0	7.89915e-007	1466.78	1382.65	1381.97
1382.62	862.12	1162	1.#QNAN	0	0.016	0	7.79832e-007	1450.47	1382.62	1381.95
1382.58	862.099	1163	1.#QNAN	0	0.016	0	7.73327e-007	1422.05	1382.58	1381.9
1382.55	862.079	1164	1.#QNAN	0	0	0	7.94873e-007	1435.05	1382.55	1381.88
1382.48	862.047	1165	1.#QNAN	0	0.015	0	8.08321e-007	1387.66	1382.48	1381.81
1382.44	862.017	1166	1.#QNAN	0	0.016	0	7.7665e-007	1404.55	1382.44	1381.77
1382.37	861.973	1167	1.#QNAN	0	0.016	0	7.91915e-007	1389.92	1382.37	1381.71
1382.33	861.936	1168	1.#QNAN	0	0.016	0	7.8955e-007	1417.64	1382.33	1381.67
1382.29	861.905	1169	1.#QNAN	0	0.015	0	8.00755e-007	1422.6	1382.29	1381.63
1382.25	861.885	1170	1.#QNAN	0	0.016	0	8.19667e-007	1407.96	1382.25	1381.59
1382.19	861.846	1171	1.#QNAN	0	0.015	0	8.31361e-007	1393.93	1382.19	1381.53
1382.13	861.824	1172	1.#QNAN	0	0.016	0	8.29965e-007	1416.77	1382.13	1381.47
1382.07	861.799	1173	1.#QNAN	0	0	0	7.94337e-007	1439.9	1382.07	1381.41
1382.04	861.784	1174	1.#QNAN	0	0.016	0	8.16698e-007	1441.74	1382.04	1381.38
1382	861.765	1175	1.#QNAN	0	0.015	0	7.91083e-007	1444.34	1382	1381.35
1381.97	861.742	1176	1.#QNAN	0	0.016	0	8.43355e-007	1481.79	1381.97	1381.32
1381.95	861.728	1177	1.#QNAN	0	0.015	0	8.06347e-007	1515.59	1381.95	1381.3
1381.91	861.697	1178	1.#QNAN	0	0.016	0	8.20782e-007	1456.38	1381.91	1381.27
1381.88	861.657	1179	1.#QNAN	0	0.016	0	7.90023e-007	1487.54	1381.88	1381.24
1381.85	861.613	1180	1.#QNAN	0	0	0	8.31023e-007	1440.72	1381.85	1381.21
1381.81	861.567	1181	1.#QNAN	0	0.015	0	7.83689e-007	1453.57	1381.81	1381.17
1381.77	861.526	1182	1.#QNAN	0	0.016	0	7.83412e-007	1450.28	1381.77	1381.13
1381.75	861.496	1183	1.#QNAN	0	0.015	0	8.06267e-007	1440.39	1381.75	1381.11
1381.71	861.469	1184	1.#QNAN	0	0.016	0	7.94372e-007	1444.18	1381.71	1381.07
1381.71	861.454	1185	1.#QNAN	0	0.016	0	7.92377e-007	1483.49	1381.71	1381.07
1381.7	861.442	1186	1.#QNAN	0	0.015	0	8.17327e-007	1466.76	1381.7	1381.07
1381.7	861.439	1187	1.#QNAN	0	0.016	0	8.05496e-007	1478.9	1381.7	1381.07
1381.68	861.418	1188	1.#QNAN	0	0	0	7.87072e-007	1448.18	1381.68	1381.05
1381.63	861.388	1189	1.#QNAN	0	0.015	0	7.69156e-007	1433.83	1381.63	1381
1381.58	861.355	1190	1.#QNAN	0	0.016	0	7.99816e-007	1426.36	1381.58	1380.95
1381.58	861.346	1191	1.#QNAN	0	0.016	0	7.92565e-007	1483.26	1381.58	1380.94
1381.55	861.337	1192	1.#QNAN	0	0.015	0	8.23941e-007	1451.55	1381.55	1380.92
1381.53	861.319	1193	1.#QNAN	0	0.016	0	8.06753e-007	1450.44	1381.53	1380.9
1381.52	861.308	1194	1.#QNAN	0	0.015	0	7.83987e-007	1468.17	1381.52	1380.89
1381.52	861.293	1195	1.#QNAN	0	0	0	7.79125e-007	1498.89	1381.52	1380.89
1381.51	861.268	1196	1.#QNAN	0	0.016	0	8.27653e-007	1460.02	1381.51	1380.88
1381.51	861.248	1197	1.#QNAN	0	0.016	0	7.97975e-007	1484.82	1381.51	1380.88
1381.5	861.218	1198	1.#QNAN	0	0.015	0	8.10339e-007	1470.36	1381.5	1380.87
1381.5	861.192	1199	1.#QNAN	0	0.016	0	8.15579e-007	1477.56	1381.5	1380.87
