rmse	mae	#iter	time_pred	time_learn	time_learn2	time_learn4	alpha	rmse_mcmc_this	rmse_mcmc_all	rmse_mcmc_all_but5
20782.1	13941.1	0	1.#QNAN	0	0	0	3.40152e-012	20782.1	20782.1	3999.82
19574.1	13125.2	1	1.#QNAN	0	0.016	0	6.44535e-011	19789.3	19574.1	3999.82
19419.3	12935.4	2	1.#QNAN	0	0	0	8.31623e-011	19861.1	19419.3	3999.82
19444.1	12940.5	3	1.#QNAN	0	0	0	8.70522e-011	20197.4	19444.1	3999.82
19352.5	12816.4	4	1.#QNAN	0	0.016	1	9.99538e-011	19451	19352.5	37739.9
19343.6	12757.9	5	1.#QNAN	0	0	0	1.09638e-010	19732.3	19343.6	19732.3
19202.2	12640.7	6	1.#QNAN	0	0	0	1.2073e-010	18987.5	19202.2	19183.1
19117.6	12544.8	7	1.#QNAN	0	0	0	1.33037e-010	19071.1	19117.6	19023.2
19076.2	12526.5	8	1.#QNAN	0	0.015	0	1.47284e-010	19222.8	19076.2	18974.1
19016.5	12470.8	9	1.#QNAN	0	0	0	1.57715e-010	19019.2	19016.5	18890.8
18938.1	12398.1	10	1.#QNAN	0	0	0	1.89473e-010	18522.5	18938.1	18778.5
18843.2	12330.8	11	1.#QNAN	0	0.016	0	2.01317e-010	18372.2	18843.2	18651.1
18740.6	12247.3	12	1.#QNAN	0	0	0	2.21054e-010	18007.7	18740.6	18513.3
18622	12152.9	13	1.#QNAN	0	0	0	2.55542e-010	17629.5	18622	18357.7
18535.3	12090.1	14	1.#QNAN	0	0	0	2.76215e-010	17787.6	18535.3	18260.1
18442.9	12013.9	15	1.#QNAN	0	0.015	0	3.02077e-010	17613.2	18442.9	18160.2
18318.1	11921.4	16	1.#QNAN	0	0	0	3.36094e-010	16940.5	18318.1	18015.3
18208.1	11842.6	17	1.#QNAN	0	0	0	3.81268e-010	16996.2	18208.1	17890.7
18105.8	11769.2	18	1.#QNAN	0	0.016	0	3.86216e-010	16851.1	18105.8	17780.1
17993	11692.5	19	1.#QNAN	0	0	0	4.39946e-010	16589.3	17993	17656.9
17855	11590.3	20	1.#QNAN	0	0	0	4.8051e-010	15761.4	17855	17504.4
17720.6	11491.4	21	1.#QNAN	0	0.016	0	5.24239e-010	15710.6	17720.6	17359
17578.5	11394.2	22	1.#QNAN	0	0	0	5.98189e-010	15229.9	17578.5	17203.5
17452.7	11307.3	23	1.#QNAN	0	0	0	6.53551e-010	15276.1	17452.7	17070.4
17331.5	11227	24	1.#QNAN	0	0	0	7.37737e-010	15203.6	17331.5	16944
17223	11155.7	25	1.#QNAN	0	0.015	0	8.06708e-010	15242	17223	16833.2
17073.5	11051.8	26	1.#QNAN	0	0	0	8.3119e-010	14112	17073.5	16673.9
16943.6	10964.8	27	1.#QNAN	0	0	0	9.29153e-010	14302.7	16943.6	16538.9
16790.4	10862.5	28	1.#QNAN	0	0.016	0	1.02231e-009	13486.6	16790.4	16376.5
16651	10770	29	1.#QNAN	0	0	0	1.10427e-009	13547	16651	16231.4
16509.2	10673	30	1.#QNAN	0	0	0	1.22851e-009	13333.6	16509.2	16084.2
16365.2	10577	31	1.#QNAN	0	0.015	0	1.30988e-009	13024.2	16365.2	15934.5
16225.6	10483.9	32	1.#QNAN	0	0	0	1.35429e-009	12960.1	16225.6	15791.1
16079.2	10386.5	33	1.#QNAN	0	0	0	1.53302e-009	12575.8	16079.2	15640.4
15931.3	10288.3	34	1.#QNAN	0	0	0	1.67927e-009	12371.7	15931.3	15489.1
15790.5	10194.5	35	1.#QNAN	0	0.016	0	1.75291e-009	12215.7	15790.5	15345.5
15646.4	10101.1	36	1.#QNAN	0	0	0	1.98309e-009	11937.9	15646.4	15198.4
15495.7	10002.4	37	1.#QNAN	0	0	0	2.09191e-009	11526.5	15495.7	15044.2
15351.1	9908.35	38	1.#QNAN	0	0.016	0	2.21842e-009	11495	15351.1	14897.1
15202.4	9811.36	39	1.#QNAN	0	0	0	2.50702e-009	11059.3	15202.4	14745.8
15052.3	9714.57	40	1.#QNAN	0	0	0	2.61952e-009	10764.7	15052.3	14592.9
14907.2	9622.52	41	1.#QNAN	0	0.015	0	2.87601e-009	10755.4	14907.2	14446.1
14768.6	9533.92	42	1.#QNAN	0	0	0	3.07744e-009	10596.5	14768.6	14306.2
14627.8	9444.04	43	1.#QNAN	0	0	0	3.29568e-009	10352.8	14627.8	14164.4
14490.7	9357.71	44	1.#QNAN	0	0	0	3.38182e-009	10232.7	14490.7	14026.6
14351.3	9270.23	45	1.#QNAN	0	0	0	3.74244e-009	9913.5	14351.3	13886.3
14209.8	9181.73	46	1.#QNAN	0	0	0	4.16138e-009	9560.3	14209.8	13743.9
14074.8	9097.06	47	1.#QNAN	0	0	0	4.36363e-009	9576.29	14074.8	13608.8
13938.9	9011.52	48	1.#QNAN	0	0.015	0	4.51151e-009	9287.8	13938.9	13472.4
13806.6	8928.92	49	1.#QNAN	0	0	0	4.93566e-009	9203.48	13806.6	13340.3
13673.6	8845.58	50	1.#QNAN	0	0	0	5.27001e-009	8891.92	13673.6	13207.3
13540.2	8761.97	51	1.#QNAN	0	0.016	0	5.58264e-009	8752.82	13540.2	13073.7
13404.4	8678.25	52	1.#QNAN	0	0	0	6.2749e-009	8413.91	13404.4	12937.6
13270.4	8595.74	53	1.#QNAN	0	0	0	6.91014e-009	8296.08	13270.4	12803.5
13133	8510.73	54	1.#QNAN	0	0	0	7.60907e-009	7917.2	13133	12665.5
12995.7	8426.06	55	1.#QNAN	0	0.016	0	8.15462e-009	7681.31	12995.7	12527.8
12865.2	8345	56	1.#QNAN	0	0	0	8.48426e-009	7810.23	12865.2	12397.6
12732.1	8262.93	57	1.#QNAN	0	0	0	9.4007e-009	7446.16	12732.1	12264.6
12601.9	8183.43	58	1.#QNAN	0	0.015	0	9.87782e-009	7353.18	12601.9	12134.5
12468.8	8102.55	59	1.#QNAN	0	0	0	1.01356e-008	7133.19	12468.8	12001.4
12338.6	8022.77	60	1.#QNAN	0	0	0	1.11855e-008	7089.3	12338.6	11871.6
12211.4	7945.42	61	1.#QNAN	0	0.016	0	1.16883e-008	6969.61	12211.4	11745.1
12085.4	7868.22	62	1.#QNAN	0	0	0	1.29536e-008	6848.2	12085.4	11619.7
11959.3	7791.34	63	1.#QNAN	0	0	0	1.29733e-008	6723.81	11959.3	11494.2
11838.9	7717.29	64	1.#QNAN	0	0	0	1.39336e-008	6753.74	11838.9	11374.9
11719.3	7644.86	65	1.#QNAN	0	0.015	0	1.40675e-008	6610.73	11719.3	11256.4
11601.4	7573.55	66	1.#QNAN	0	0	0	1.50501e-008	6562.59	11601.4	11139.9
11486.5	7503.75	67	1.#QNAN	0	0	0	1.55956e-008	6490.66	11486.5	11026.4
11370.5	7433.12	68	1.#QNAN	0	0.016	0	1.55367e-008	6356.07	11370.5	10911.9
11257.4	7363.84	69	1.#QNAN	0	0	0	1.71344e-008	6307.89	11257.4	10800.3
11147.1	7296.08	70	1.#QNAN	0	0	0	1.71893e-008	6176.01	11147.1	10691.7
11040.1	7229.89	71	1.#QNAN	0	0	0	1.77838e-008	6200.8	11040.1	10586.6
10936	7165.44	72	1.#QNAN	0	0	0	1.84267e-008	6240.83	10936	10484.7
10832	7100.99	73	1.#QNAN	0	0	0	1.85877e-008	6095.25	10832	10382.9
10729.7	7037.92	74	1.#QNAN	0	0	0	1.84361e-008	6072.29	10729.7	10282.7
10632.8	6976.73	75	1.#QNAN	0	0.015	0	1.96462e-008	6169.49	10632.8	10188.3
10535.6	6916.33	76	1.#QNAN	0	0	0	1.92186e-008	6026	10535.6	10093.4
10441.3	6857.31	77	1.#QNAN	0	0	0	2.04015e-008	6026.79	10441.3	10001.7
10348.1	6798.63	78	1.#QNAN	0	0.016	0	2.02238e-008	5944.6	10348.1	9911.1
10257.9	6741.96	79	1.#QNAN	0	0	0	2.09829e-008	5983.72	10257.9	9823.67
10169.7	6686.29	80	1.#QNAN	0	0	0	2.08145e-008	5939.53	10169.7	9738.2
10083.4	6631.94	81	1.#QNAN	0	0.015	0	2.20712e-008	5898.34	10083.4	9654.77
9998.86	6577.98	82	1.#QNAN	0	0	0	2.21141e-008	5875.69	9998.86	9573.13
9914.51	6524.53	83	1.#QNAN	0	0	0	2.22598e-008	5722.33	9914.51	9491.56
9832.04	6472.12	84	1.#QNAN	0	0.016	0	2.22951e-008	5744.37	9832.04	9411.99
9752	6420.98	85	1.#QNAN	0	0	0	2.30814e-008	5733.85	9752	9334.88
9674.97	6371.8	86	1.#QNAN	0	0	0	2.162e-008	5740.3	9674.97	9260.87
9599.46	6323.3	87	1.#QNAN	0	0	0	2.31823e-008	5749.84	9599.46	9188.47
9525.36	6275.63	88	1.#QNAN	0	0.016	0	2.35913e-008	5755.09	9525.36	9117.49
9452.91	6229.51	89	1.#QNAN	0	0	0	2.36608e-008	5637.28	9452.91	9048.18
9381.41	6183.99	90	1.#QNAN	0	0	0	2.26485e-008	5617.89	9381.41	8979.78
9311.79	6139.36	91	1.#QNAN	0	0.015	0	2.30419e-008	5620.31	9311.79	8913.32
9244.4	6096.18	92	1.#QNAN	0	0	0	2.34146e-008	5678.71	9244.4	8849.17
9176.66	6053.12	93	1.#QNAN	0	0	0	2.43892e-008	5555.36	9176.66	8784.56
9111.88	6011.92	94	1.#QNAN	0	0.016	0	2.4946e-008	5645.21	9111.88	8722.99
9047.22	5970.81	95	1.#QNAN	0	0	0	2.42736e-008	5502.07	9047.22	8661.52
8984.24	5930.86	96	1.#QNAN	0	0	0	2.48971e-008	5534.37	8984.24	8601.74
8923.18	5891.69	97	1.#QNAN	0	0	0	2.55332e-008	5571.93	8923.18	8543.87
8864.38	5853.49	98	1.#QNAN	0	0.015	0	2.50099e-008	5607.76	8864.38	8488.38
8805.43	5815.09	99	1.#QNAN	0	0	0	2.5443e-008	5565.39	8805.43	8432.68
8747.21	5777.26	100	1.#QNAN	0	0	0	2.51005e-008	5474.15	8747.21	8377.67
8690.14	5740.39	101	1.#QNAN	0	0.016	0	2.59082e-008	5413.75	8690.14	8323.8
8635.13	5704.57	102	1.#QNAN	0	0	0	2.62358e-008	5487.92	8635.13	8272.01
8581.79	5669.73	103	1.#QNAN	0	0	0	2.67492e-008	5476.46	8581.79	8221.88
8530.18	5636.12	104	1.#QNAN	0	0.016	0	2.64396e-008	5545.78	8530.18	8173.54
8478.13	5602.31	105	1.#QNAN	0	0	0	2.63157e-008	5381.11	8478.13	8124.63
8427.31	5569.04	106	1.#QNAN	0	0	0	2.65656e-008	5472.3	8427.31	8077.01
8377.98	5537.02	107	1.#QNAN	0	0.015	0	2.66132e-008	5427.15	8377.98	8030.82
8329.68	5505.55	108	1.#QNAN	0	0	0	2.72719e-008	5448.09	8329.68	7985.7
8282.12	5474.61	109	1.#QNAN	0	0	0	2.76784e-008	5429.6	8282.12	7941.27
8234.65	5443.84	110	1.#QNAN	0	0.016	0	2.71036e-008	5387.1	8234.65	7896.9
8189.51	5414.18	111	1.#QNAN	0	0	0	2.70326e-008	5488.65	8189.51	7854.92
8144.72	5384.88	112	1.#QNAN	0	0	0	2.83949e-008	5366.32	8144.72	7813.22
8100.53	5355.93	113	1.#QNAN	0	0	0	2.82135e-008	5395.57	8100.53	7772.09
8057.03	5327.4	114	1.#QNAN	0	0.015	0	2.84612e-008	5335.51	8057.03	7731.59
8014	5299.13	115	1.#QNAN	0	0	0	2.75829e-008	5329.35	8014	7691.57
7971.9	5271.62	116	1.#QNAN	0	0	0	2.94397e-008	5278.81	7971.9	7652.43
7930.34	5244.24	117	1.#QNAN	0	0.016	0	2.82554e-008	5249.1	7930.34	7613.79
7889.47	5217.57	118	1.#QNAN	0	0	0	2.97898e-008	5212.64	7889.47	7575.78
7850.11	5191.69	119	1.#QNAN	0	0	0	2.96921e-008	5307.65	7850.11	7539.35
7811.58	5166.06	120	1.#QNAN	0	0.016	0	3.04816e-008	5275.76	7811.58	7503.67
7773.5	5140.64	121	1.#QNAN	0	0	0	3.03973e-008	5216.83	7773.5	7468.42
7735.65	5115.54	122	1.#QNAN	0	0	0	3.10513e-008	5181.92	7735.65	7433.38
7697.99	5090.56	123	1.#QNAN	0	0.015	0	3.1168e-008	5127.24	7697.99	7398.48
7661.23	5065.98	124	1.#QNAN	0	0	0	2.99118e-008	5198.88	7661.23	7364.5
7625.28	5041.88	125	1.#QNAN	0	0	0	3.18585e-008	5180.55	7625.28	7331.28
7590.47	5018.54	126	1.#QNAN	0	0	0	3.17284e-008	5234.73	7590.47	7299.2
7555.93	4995.55	127	1.#QNAN	0	0.016	0	3.21818e-008	5172.19	7555.93	7267.38
7521.38	4972.54	128	1.#QNAN	0	0	0	3.11916e-008	5126.82	7521.38	7235.49
7488.15	4950.38	129	1.#QNAN	0	0	0	3.16428e-008	5097.69	7488.15	7204.85
7455.01	4928.2	130	1.#QNAN	0	0.015	0	3.17591e-008	5149.12	7455.01	7174.33
7422.58	4906.27	131	1.#QNAN	0	0	0	3.2219e-008	5107.79	7422.58	7144.47
7391.05	4885.22	132	1.#QNAN	0	0	0	3.23781e-008	5114.57	7391.05	7115.5
7359.83	4864.16	133	1.#QNAN	0	0	0	3.23216e-008	5100.76	7359.83	7086.81
7329.95	4843.79	134	1.#QNAN	0	0	0	3.30832e-008	5136.76	7329.95	7059.47
7299.88	4823.65	135	1.#QNAN	0	0	0	3.32466e-008	5041.63	7299.88	7031.87
7269.86	4803.39	136	1.#QNAN	0	0	0	3.30861e-008	5062.78	7269.86	7004.28
7239.93	4783.03	137	1.#QNAN	0	0.016	0	3.25185e-008	5014.02	7239.93	6976.76
7211.34	4763.28	138	1.#QNAN	0	0	0	3.35882e-008	5055.08	7211.34	6950.58
7182.15	4743.55	139	1.#QNAN	0	0	0	3.46217e-008	4998.66	7182.15	6923.77
7154.17	4724.31	140	1.#QNAN	0	0.015	0	3.39884e-008	5025.67	7154.17	6898.13
7126.28	4705.35	141	1.#QNAN	0	0	0	3.25125e-008	5035.46	7126.28	6872.58
7098.23	4686.32	142	1.#QNAN	0	0	0	3.34312e-008	4929.86	7098.23	6846.8
7071.51	4667.96	143	1.#QNAN	0	0	0	3.57541e-008	5022.03	7071.51	6822.35
7044.91	4649.65	144	1.#QNAN	0	0.016	0	3.41279e-008	4977.53	7044.91	6798
7018.52	4631.52	145	1.#QNAN	0	0	0	3.48187e-008	4938.93	7018.52	6773.83
6992.81	4613.58	146	1.#QNAN	0	0	0	3.36092e-008	4952.69	6992.81	6750.31
6967.83	4596.33	147	1.#QNAN	0	0.015	0	3.47607e-008	4994.92	6967.83	6727.52
6942.19	4578.89	148	1.#QNAN	0	0	0	3.51754e-008	4875	6942.19	6704
6917.36	4561.89	149	1.#QNAN	0	0	0	3.65681e-008	4888.25	6917.36	6681.28
6892.83	4545.05	150	1.#QNAN	0	0.016	0	3.60436e-008	4887.22	6892.83	6658.85
6868.57	4528.6	151	1.#QNAN	0	0	0	3.48612e-008	4890.16	6868.57	6636.65
6845.33	4512.63	152	1.#QNAN	0	0	0	3.59001e-008	4956.14	6845.33	6615.49
6822.44	4496.84	153	1.#QNAN	0	0.016	0	3.67861e-008	4927.3	6822.44	6594.63
6799.59	4481.28	154	1.#QNAN	0	0	0	3.58657e-008	4866.48	6799.59	6573.77
6777.01	4465.84	155	1.#QNAN	0	0	0	3.62391e-008	4850.92	6777.01	6553.16
6754.76	4450.62	156	1.#QNAN	0	0.015	0	3.58931e-008	4812.81	6754.76	6532.84
6733.48	4435.75	157	1.#QNAN	0	0	0	3.70204e-008	4937.02	6733.48	6513.53
6712.17	4421.02	158	1.#QNAN	0	0	0	3.65491e-008	4854.28	6712.17	6494.12
6690.97	4406.4	159	1.#QNAN	0	0.016	0	3.75425e-008	4833.31	6690.97	6474.81
6669.53	4391.66	160	1.#QNAN	0	0	0	3.77639e-008	4784.25	6669.53	6455.24
6649.02	4377.39	161	1.#QNAN	0	0	0	3.86662e-008	4857.78	6649.02	6436.6
6628.39	4363.02	162	1.#QNAN	0	0.015	0	3.73094e-008	4800.45	6628.39	6417.81
6608.18	4349.22	163	1.#QNAN	0	0	0	3.76187e-008	4783.32	6608.18	6399.4
6588.08	4335.15	164	1.#QNAN	0	0	0	3.78967e-008	4779.56	6588.08	6381.09
6567.99	4321.19	165	1.#QNAN	0	0.016	0	3.89263e-008	4762.87	6567.99	6362.75
6548.11	4307.49	166	1.#QNAN	0	0	0	3.95515e-008	4747.1	6548.11	6344.61
6528.67	4294.05	167	1.#QNAN	0	0	0	3.88474e-008	4759.01	6528.67	6326.89
6510.11	4281.08	168	1.#QNAN	0	0.016	0	3.87021e-008	4795.85	6510.11	6310.04
6491.46	4268.11	169	1.#QNAN	0	0	0	3.96596e-008	4750.06	6491.46	6293.07
6473.09	4255.36	170	1.#QNAN	0	0	0	3.94105e-008	4795.21	6473.09	6276.4
6454.65	4242.52	171	1.#QNAN	0	0	0	4.12938e-008	4720.73	6454.65	6259.61
6436.68	4230.17	172	1.#QNAN	0	0	0	3.9618e-008	4701.24	6436.68	6243.25
6419.04	4217.86	173	1.#QNAN	0	0	0	3.85306e-008	4713.39	6419.04	6227.19
6401.81	4205.78	174	1.#QNAN	0	0	0	3.92644e-008	4764.8	6401.81	6211.57
6384.39	4193.63	175	1.#QNAN	0	0.016	0	4.05179e-008	4690.33	6384.39	6195.71
6367.12	4181.56	176	1.#QNAN	0	0	0	4.10897e-008	4698.03	6367.12	6180
6349.85	4169.45	177	1.#QNAN	0	0	0	4.05245e-008	4677.79	6349.85	6164.28
6332.7	4157.34	178	1.#QNAN	0	0.015	0	4.11961e-008	4661.54	6332.7	6148.65
6315.6	4145.45	179	1.#QNAN	0	0	0	4.1588e-008	4664.01	6315.6	6133.05
6298.72	4133.51	180	1.#QNAN	0	0	0	4.09146e-008	4647.85	6298.72	6117.67
6282.75	4122.14	181	1.#QNAN	0	0.016	0	4.26152e-008	4696.26	6282.75	6103.16
6266.81	4110.79	182	1.#QNAN	0	0	0	4.07177e-008	4656.88	6266.81	6088.66
6250.62	4099.52	183	1.#QNAN	0	0	0	4.18655e-008	4627.15	6250.62	6073.92
6234.36	4088.16	184	1.#QNAN	0	0.016	0	4.27493e-008	4609.12	6234.36	6059.07
6219.22	4077.56	185	1.#QNAN	0	0	0	4.08538e-008	4697.08	6219.22	6045.33
6203.96	4066.89	186	1.#QNAN	0	0	0	4.21556e-008	4639.77	6203.96	6031.44
6188.55	4056.12	187	1.#QNAN	0	0.015	0	4.27054e-008	4598.41	6188.55	6017.4
6173.47	4045.5	188	1.#QNAN	0	0	0	4.29186e-008	4656.07	6173.47	6003.67
6158.57	4034.93	189	1.#QNAN	0	0	0	4.29008e-008	4624.21	6158.57	5990.13
6143.8	4024.46	190	1.#QNAN	0	0	0	4.34403e-008	4607.87	6143.8	5976.68
6129.02	4014.05	191	1.#QNAN	0	0.016	0	4.33764e-008	4592.31	6129.02	5963.22
6114.31	4003.59	192	1.#QNAN	0	0	0	4.29439e-008	4571.63	6114.31	5949.81
6099.95	3993.37	193	1.#QNAN	0	0	0	4.30945e-008	4582.08	6099.95	5936.74
6085.66	3983.14	194	1.#QNAN	0	0.015	0	4.50877e-008	4568.78	6085.66	5923.71
6071.24	3972.93	195	1.#QNAN	0	0	0	4.50816e-008	4520.26	6071.24	5910.54
6057.3	3963.06	196	1.#QNAN	0	0	0	4.22832e-008	4584.95	6057.3	5897.85
6043.4	3953.21	197	1.#QNAN	0	0.016	0	4.4332e-008	4563.97	6043.4	5885.2
6029.48	3943.38	198	1.#QNAN	0	0	0	4.44119e-008	4534.75	6029.48	5872.49
6016.34	3934.02	199	1.#QNAN	0	0	0	4.41314e-008	4584.08	6016.34	5860.56
6002.64	3924.37	200	1.#QNAN	0	0.016	0	4.52075e-008	4533.38	6002.64	5848.07
5989.24	3915.04	201	1.#QNAN	0	0	0	4.30304e-008	4555.21	5989.24	5835.86
5975.95	3905.9	202	1.#QNAN	0	0	0	4.56686e-008	4524.14	5975.95	5823.75
5962.8	3896.64	203	1.#QNAN	0	0.015	0	4.54847e-008	4557.14	5962.8	5811.77
5949.46	3887.23	204	1.#QNAN	0	0	0	4.64611e-008	4519.95	5949.46	5799.59
5936.69	3878.14	205	1.#QNAN	0	0	0	4.56515e-008	4543.68	5936.69	5787.97
5923.64	3869.06	206	1.#QNAN	0	0	0	4.4293e-008	4468.2	5923.64	5776.04
5910.83	3860.13	207	1.#QNAN	0	0.016	0	4.50319e-008	4503.64	5910.83	5764.38
5898.54	3851.44	208	1.#QNAN	0	0	0	4.64055e-008	4510.63	5898.54	5753.19
5886.1	3842.72	209	1.#QNAN	0	0	0	4.66669e-008	4506.06	5886.1	5741.84
5873.62	3833.96	210	1.#QNAN	0	0.015	0	4.48529e-008	4462.94	5873.62	5730.44
5861.61	3825.73	211	1.#QNAN	0	0	0	4.51412e-008	4501.03	5861.61	5719.49
5849.92	3817.61	212	1.#QNAN	0	0	0	4.67227e-008	4551.08	5849.92	5708.88
5837.72	3809.17	213	1.#QNAN	0	0	0	4.6652e-008	4426.94	5837.72	5697.71
5825.99	3801.02	214	1.#QNAN	0	0.016	0	4.64475e-008	4500.27	5825.99	5687.03
5814.45	3793.08	215	1.#QNAN	0	0	0	4.66763e-008	4505.1	5814.45	5676.51
5802.19	3784.56	216	1.#QNAN	0	0	0	4.70525e-008	4418.34	5802.19	5665.28
5790.94	3776.75	217	1.#QNAN	0	0.016	1	4.82773e-008	4503.61	5790.94	5655.06
5779.84	3769.01	218	1.#QNAN	0	0	0	4.761e-008	4457.74	5779.84	5644.95
5768.82	3761.33	219	1.#QNAN	0	0	0	4.622e-008	4456.66	5768.82	5634.91
5757.24	3753.32	220	1.#QNAN	0	0.015	0	4.67188e-008	4400.71	5757.24	5624.32
5746.16	3745.58	221	1.#QNAN	0	0	0	4.76861e-008	4385.89	5746.16	5614.2
5735.47	3738.14	222	1.#QNAN	0	0	0	4.63689e-008	4460.86	5735.47	5604.46
5724.24	3730.33	223	1.#QNAN	0	0.016	0	4.84566e-008	4403.81	5724.24	5594.19
5713.05	3722.49	224	1.#QNAN	0	0	0	4.70054e-008	4358.65	5713.05	5583.94
5702.56	3715.19	225	1.#QNAN	0	0	0	4.8111e-008	4434.47	5702.56	5574.38
5691.87	3707.7	226	1.#QNAN	0	0.015	0	4.93256e-008	4388.79	5691.87	5564.63
5681.55	3700.48	227	1.#QNAN	0	0	0	4.83405e-008	4416.11	5681.55	5555.21
5670.99	3693.1	228	1.#QNAN	0	0	0	4.8142e-008	4361.27	5670.99	5545.55
5660.85	3686.02	229	1.#QNAN	0	0	0	4.82314e-008	4410.67	5660.85	5536.29
5650.65	3678.93	230	1.#QNAN	0	0.016	0	4.99423e-008	4365.01	5650.65	5526.97
5640.66	3671.84	231	1.#QNAN	0	0	0	4.8825e-008	4385.37	5640.66	5517.85
5630.49	3664.6	232	1.#QNAN	0	0	0	4.93212e-008	4374.28	5630.49	5508.56
5620.8	3657.72	233	1.#QNAN	0	0.016	0	4.84122e-008	4414.61	5620.8	5499.73
5611.18	3650.88	234	1.#QNAN	0	0	0	5.01437e-008	4387.12	5611.18	5490.97
5601.48	3643.95	235	1.#QNAN	0	0	0	5.10021e-008	4366.02	5601.48	5482.1
5591.83	3637.19	236	1.#QNAN	0	0	0	5.01886e-008	4375.47	5591.83	5473.28
5582.28	3630.45	237	1.#QNAN	0	0.015	0	4.90844e-008	4351.18	5582.28	5464.54
5572.89	3623.78	238	1.#QNAN	0	0	0	5.10345e-008	4379.64	5572.89	5455.98
5563.86	3617.28	239	1.#QNAN	0	0	0	5.19675e-008	4405.19	5563.86	5447.76
5554.78	3610.83	240	1.#QNAN	0	0.016	0	5.07008e-008	4365.43	5554.78	5439.47
5545.64	3604.34	241	1.#QNAN	0	0	0	5.14915e-008	4345.21	5545.64	5431.14
5536.59	3597.92	242	1.#QNAN	0	0	0	5.05565e-008	4343.12	5536.59	5422.87
5527.56	3591.61	243	1.#QNAN	0	0.015	0	5.14808e-008	4347.19	5527.56	5414.61
5518.58	3585.28	244	1.#QNAN	0	0	0	5.07653e-008	4318.68	5518.58	5406.4
5509.71	3578.99	245	1.#QNAN	0	0	0	5.15824e-008	4321.61	5509.71	5398.29
5500.99	3572.81	246	1.#QNAN	0	0	0	4.98901e-008	4334.51	5500.99	5390.3
5492.05	3566.46	247	1.#QNAN	0	0.016	0	5.16295e-008	4305.25	5492.05	5382.13
5483.54	3560.5	248	1.#QNAN	0	0	0	5.10164e-008	4339.75	5483.54	5374.36
5475.02	3554.49	249	1.#QNAN	0	0	0	5.22614e-008	4288.56	5475.02	5366.58
5466.42	3548.33	250	1.#QNAN	0	0.016	0	5.0414e-008	4284.11	5466.42	5358.71
5457.59	3542.16	251	1.#QNAN	0	0	0	5.14624e-008	4228.09	5457.59	5350.6
5449.13	3536.13	252	1.#QNAN	0	0	0	5.06613e-008	4310.8	5449.13	5342.85
5440.62	3530.12	253	1.#QNAN	0	0.015	0	5.18152e-008	4254.3	5440.62	5335.06
5432.28	3524.18	254	1.#QNAN	0	0	0	5.10742e-008	4268.78	5432.28	5327.42
5424.25	3518.5	255	1.#QNAN	0	0	0	5.39409e-008	4304.64	5424.25	5320.08
5416.09	3512.68	256	1.#QNAN	0	0.016	0	5.17976e-008	4277.69	5416.09	5312.61
5407.91	3506.98	257	1.#QNAN	0	0	0	5.40311e-008	4265.85	5407.91	5305.11
5399.88	3501.27	258	1.#QNAN	0	0	0	5.28369e-008	4228.59	5399.88	5297.76
5392.06	3495.69	259	1.#QNAN	0	0	0	5.436e-008	4285.89	5392.06	5290.6
5384.26	3490.11	260	1.#QNAN	0	0.015	0	5.18264e-008	4257.82	5384.26	5283.46
5376.38	3484.59	261	1.#QNAN	0	0	0	5.26514e-008	4229.42	5376.38	5276.22
5368.48	3478.99	262	1.#QNAN	0	0	0	5.39815e-008	4227.51	5368.48	5268.98
5360.6	3473.41	263	1.#QNAN	0	0.016	0	5.40525e-008	4183.56	5360.6	5261.73
5353.1	3468.17	264	1.#QNAN	0	0	0	5.45225e-008	4254.16	5353.1	5254.86
5345.45	3462.8	265	1.#QNAN	0	0	0	5.47127e-008	4242.08	5345.45	5247.86
5337.68	3457.39	266	1.#QNAN	0	0.016	0	5.56226e-008	4187.02	5337.68	5240.71
5330.12	3452.02	267	1.#QNAN	0	0	0	5.44824e-008	4259.54	5330.12	5233.77
5322.7	3446.77	268	1.#QNAN	0	0	0	5.63764e-008	4227.22	5322.7	5226.97
5315.39	3441.67	269	1.#QNAN	0	0	0	5.51168e-008	4254.13	5315.39	5220.28
5307.71	3436.44	270	1.#QNAN	0	0.015	0	5.63213e-008	4148.35	5307.71	5213.22
5300.51	3431.41	271	1.#QNAN	0	0	0	5.45752e-008	4235.43	5300.51	5206.62
5293.11	3426.23	272	1.#QNAN	0	0	0	5.51339e-008	4183.93	5293.11	5199.83
5285.85	3421.1	273	1.#QNAN	0	0.016	0	5.5917e-008	4191.25	5285.85	5193.15
5278.55	3415.99	274	1.#QNAN	0	0	0	5.63914e-008	4190.68	5278.55	5186.44
5271.23	3410.89	275	1.#QNAN	0	0	0	5.66169e-008	4199.8	5271.23	5179.71
5264.06	3405.82	276	1.#QNAN	0	0	0	5.37655e-008	4200.85	5264.06	5173.12
5256.96	3400.94	277	1.#QNAN	0	0.015	0	5.64897e-008	4197.71	5256.96	5166.6
5249.74	3395.94	278	1.#QNAN	0	0	0	5.70695e-008	4162.32	5249.74	5159.95
5242.56	3391.02	279	1.#QNAN	0	0	0	5.47614e-008	4156.12	5242.56	5153.34
5235.43	3386.02	280	1.#QNAN	0	0.016	0	5.50991e-008	4135.52	5235.43	5146.76
5228.7	3381.31	281	1.#QNAN	0	0	0	5.57883e-008	4224.29	5228.7	5140.58
5221.93	3376.57	282	1.#QNAN	0	0	0	5.55173e-008	4241.1	5221.93	5134.37
5214.91	3371.66	283	1.#QNAN	0	0.016	0	5.71435e-008	4152.38	5214.91	5127.89
5208.14	3366.86	284	1.#QNAN	0	0	0	5.60608e-008	4198.26	5208.14	5121.67
5201.5	3362.2	285	1.#QNAN	0	0	0	5.77686e-008	4156.87	5201.5	5115.56
5194.78	3357.51	286	1.#QNAN	0	0	0	5.64314e-008	4143.06	5194.78	5109.37
5188.36	3353	287	1.#QNAN	0	0	0	5.53857e-008	4182.58	5188.36	5103.48
5181.65	3348.22	288	1.#QNAN	0	0	0	5.82756e-008	4159.12	5181.65	5097.29
5175.19	3343.69	289	1.#QNAN	0	0	0	5.75602e-008	4154.67	5175.19	5091.35
5168.58	3339.01	290	1.#QNAN	0	0.016	0	5.78018e-008	4129.68	5168.58	5085.25
5162.29	3334.55	291	1.#QNAN	0	0	0	5.87206e-008	4191.51	5162.29	5079.47
5155.95	3330.09	292	1.#QNAN	0	0	0	5.57286e-008	4169.59	5155.95	5073.64
5149.74	3325.66	293	1.#QNAN	0	0.015	0	5.81187e-008	4151.25	5149.74	5067.93
5143.32	3321.09	294	1.#QNAN	0	0	0	5.92122e-008	4119.41	5143.32	5062.01
5137.04	3316.66	295	1.#QNAN	0	0	0	5.84223e-008	4127.36	5137.04	5056.23
5130.75	3312.16	296	1.#QNAN	0	0	0	5.83436e-008	4145.46	5130.75	5050.43
5124.55	3307.78	297	1.#QNAN	0	0.016	0	6.01047e-008	4136.92	5124.55	5044.72
5118.13	3303.28	298	1.#QNAN	0	0	0	6.1091e-008	4088.32	5118.13	5038.78
5111.92	3298.85	299	1.#QNAN	0	0	0	5.83484e-008	4124.33	5111.92	5033.06
5105.6	3294.37	300	1.#QNAN	0	0.016	0	5.92602e-008	4070.07	5105.6	5027.21
5099.41	3289.99	301	1.#QNAN	0	0	0	5.94987e-008	4145.6	5099.41	5021.48
5093.34	3285.62	302	1.#QNAN	0	0	0	5.88414e-008	4122.54	5093.34	5015.89
5087.47	3281.38	303	1.#QNAN	0	0.015	0	6.15418e-008	4129.54	5087.47	5010.47
5081.44	3277.06	304	1.#QNAN	0	0	0	6.11329e-008	4107.24	5081.44	5004.9
5075.7	3273.01	305	1.#QNAN	0	0	0	5.8315e-008	4120.08	5075.7	4999.62
5069.9	3268.86	306	1.#QNAN	0	0	0	5.91639e-008	4121.82	5069.9	4994.27
5064.13	3264.75	307	1.#QNAN	0	0.016	0	5.98073e-008	4126.75	5064.13	4988.95
5058.28	3260.51	308	1.#QNAN	0	0	0	6.08582e-008	4090.91	5058.28	4983.54
5052.65	3256.48	309	1.#QNAN	0	0	0	6.03967e-008	4153.2	5052.65	4978.35
5046.92	3252.35	310	1.#QNAN	0	0.015	0	5.96583e-008	4083.49	5046.92	4973.05
5041.26	3248.26	311	1.#QNAN	0	0	0	6.02397e-008	4110.86	5041.26	4967.82
5035.84	3244.36	312	1.#QNAN	0	0	0	6.16929e-008	4130.86	5035.84	4962.83
5030.27	3240.3	313	1.#QNAN	0	0.016	0	6.24687e-008	4136.43	5030.27	4957.69
5024.85	3236.38	314	1.#QNAN	0	0	0	6.19476e-008	4123.52	5024.85	4952.69
5019.33	3232.47	315	1.#QNAN	0	0	0	6.20385e-008	4077.74	5019.33	4947.58
5013.93	3228.6	316	1.#QNAN	0	0.016	0	6.24938e-008	4071.94	5013.93	4942.6
5008.63	3224.76	317	1.#QNAN	0	0	0	6.0686e-008	4124.99	5008.63	4937.71
5003.24	3220.95	318	1.#QNAN	0	0	0	6.28831e-008	4085.47	5003.24	4932.73
4997.62	3216.97	319	1.#QNAN	0	0	0	6.16784e-008	4016.7	4997.62	4927.52
4992.2	3213.04	320	1.#QNAN	0	0.015	0	6.27111e-008	4083.52	4992.2	4922.5
4986.86	3209.2	321	1.#QNAN	0	0	0	6.21867e-008	4047.83	4986.86	4917.57
4981.42	3205.33	322	1.#QNAN	0	0	0	6.50426e-008	4042.58	4981.42	4912.53
4975.97	3201.46	323	1.#QNAN	0	0.016	0	6.38214e-008	4024.74	4975.97	4907.47
4970.65	3197.66	324	1.#QNAN	0	0	0	6.25479e-008	4047.72	4970.65	4902.54
4965.37	3193.87	325	1.#QNAN	0	0	0	6.45804e-008	4021.02	4965.37	4897.65
4960.24	3190.2	326	1.#QNAN	0	0.015	0	6.2792e-008	4071.08	4960.24	4892.91
4954.97	3186.53	327	1.#QNAN	0	0	0	6.51877e-008	4027.32	4954.97	4888.02
4949.75	3182.83	328	1.#QNAN	0	0	0	6.34702e-008	4044.27	4949.75	4883.18
4944.7	3179.33	329	1.#QNAN	0	0	0	6.38069e-008	4052.79	4944.7	4878.52
4939.68	3175.74	330	1.#QNAN	0	0.016	0	6.49496e-008	4050.11	4939.68	4873.87
4934.62	3172.11	331	1.#QNAN	0	0	0	6.31622e-008	4039.92	4934.62	4869.18
4929.61	3168.61	332	1.#QNAN	0	0	0	6.49883e-008	4049.18	4929.61	4864.54
4924.6	3165.03	333	1.#QNAN	0	0.016	0	6.54306e-008	4052.79	4924.6	4859.91
4919.57	3161.48	334	1.#QNAN	0	0	0	6.64038e-008	4041.46	4919.57	4855.24
4914.65	3157.97	335	1.#QNAN	0	0	0	6.44269e-008	4046.39	4914.65	4850.68
4909.66	3154.47	336	1.#QNAN	0	0.015	0	6.3973e-008	4005.23	4909.66	4846.05
4904.77	3150.99	337	1.#QNAN	0	0	0	6.58232e-008	4005.28	4904.77	4841.51
4899.85	3147.48	338	1.#QNAN	0	0	0	6.78297e-008	4047.98	4899.85	4836.95
4894.94	3143.94	339	1.#QNAN	0	0	0	6.61534e-008	3995.39	4894.94	4832.38
4890.3	3140.59	340	1.#QNAN	0	0.016	0	6.62931e-008	4074.41	4890.3	4828.09
4885.45	3137.1	341	1.#QNAN	0	0	0	6.84876e-008	3980.22	4885.45	4823.58
4880.75	3133.77	342	1.#QNAN	0	0	0	6.51568e-008	4003.49	4880.75	4819.21
4876.12	3130.53	343	1.#QNAN	0	0.015	0	6.68414e-008	4026.15	4876.12	4814.93
4871.48	3127.24	344	1.#QNAN	0	0	0	6.50737e-008	4000.44	4871.48	4810.62
4866.84	3123.87	345	1.#QNAN	0	0	0	6.73631e-008	4018.1	4866.84	4806.32
4862.15	3120.54	346	1.#QNAN	0	0.016	0	6.85578e-008	3979.12	4862.15	4801.95
4857.53	3117.23	347	1.#QNAN	0	0	0	6.66017e-008	4004.55	4857.53	4797.66
4853.01	3113.95	348	1.#QNAN	0	0	0	6.51968e-008	4039.57	4853.01	4793.46
4848.3	3110.58	349	1.#QNAN	0	0	0	6.83062e-008	3970.05	4848.3	4789.08
4843.73	3107.32	350	1.#QNAN	0	0.016	0	6.89035e-008	3988.58	4843.73	4784.83
4839.21	3104.09	351	1.#QNAN	0	0	0	6.68976e-008	3979.81	4839.21	4780.62
4834.76	3100.89	352	1.#QNAN	0	0	0	6.8443e-008	4011.59	4834.76	4776.5
4830.34	3097.78	353	1.#QNAN	0	0.015	0	7.00191e-008	4008.5	4830.34	4772.39
4825.81	3094.63	354	1.#QNAN	0	0	0	6.70907e-008	3967.2	4825.81	4768.18
4821.34	3091.47	355	1.#QNAN	0	0	0	6.95533e-008	3953.61	4821.34	4764.01
4816.82	3088.23	356	1.#QNAN	0	0	0	7.07383e-008	3968.33	4816.82	4759.79
4812.41	3085.11	357	1.#QNAN	0	0.016	0	7.17415e-008	3980.6	4812.41	4755.69
4808.08	3082.06	358	1.#QNAN	0	0	0	7.0453e-008	4000.36	4808.08	4751.66
4803.65	3078.88	359	1.#QNAN	0	0	0	6.82346e-008	3934.41	4803.65	4747.53
4799.3	3075.8	360	1.#QNAN	0	0.015	0	6.94923e-008	3962.31	4799.3	4743.48
4794.96	3072.79	361	1.#QNAN	0	0	0	6.75396e-008	3935.96	4794.96	4739.43
4790.67	3069.75	362	1.#QNAN	0	0	0	6.92003e-008	3974.35	4790.67	4735.44
4786.24	3066.6	363	1.#QNAN	0	0.016	0	7.18731e-008	3908.55	4786.24	4731.3
4781.97	3063.57	364	1.#QNAN	0	0	0	6.87606e-008	3934.56	4781.97	4727.32
4777.66	3060.51	365	1.#QNAN	0	0	0	6.5984e-008	3897.56	4777.66	4723.3
4773.3	3057.43	366	1.#QNAN	0	0.016	0	6.95005e-008	3917.02	4773.3	4719.23
4769.12	3054.37	367	1.#QNAN	0	0	0	6.91173e-008	3912.35	4769.12	4715.32
4764.87	3051.39	368	1.#QNAN	0	0	0	6.89452e-008	3895.11	4764.87	4711.36
4760.87	3048.52	369	1.#QNAN	0	0	0	6.88916e-008	3934.45	4760.87	4707.63
4756.82	3045.57	370	1.#QNAN	0	0.015	0	6.85033e-008	3919.88	4756.82	4703.85
4752.62	3042.57	371	1.#QNAN	0	0	0	7.20405e-008	3882.17	4752.62	4699.92
4748.59	3039.66	372	1.#QNAN	0	0	0	7.50697e-008	3915.21	4748.59	4696.17
4744.56	3036.75	373	1.#QNAN	0	0.016	0	7.17931e-008	3903.61	4744.56	4692.4
4740.59	3033.89	374	1.#QNAN	0	0	0	6.62182e-008	3933.07	4740.59	4688.7
4736.48	3030.98	375	1.#QNAN	0	0	0	7.17108e-008	3880.89	4736.48	4684.86
4732.42	3028.04	376	1.#QNAN	0	0	0	7.09879e-008	3899.02	4732.42	4681.06
4728.26	3025.07	377	1.#QNAN	0	0.015	0	7.15042e-008	3889.06	4728.26	4677.17
4724.17	3022.1	378	1.#QNAN	0	0	0	7.09675e-008	3879.63	4724.17	4673.34
4720.28	3019.32	379	1.#QNAN	0	0	0	7.17114e-008	3916.58	4720.28	4669.71
4716.46	3016.6	380	1.#QNAN	0	0.016	0	7.20795e-008	3883.66	4716.46	4666.14
4712.61	3013.91	381	1.#QNAN	0	0	0	7.42575e-008	3882.01	4712.61	4662.55
4708.65	3011.08	382	1.#QNAN	0	0	0	7.18239e-008	3876.37	4708.65	4658.85
4704.74	3008.25	383	1.#QNAN	0	0.016	0	6.93449e-008	3871.25	4704.74	4655.18
4700.93	3005.5	384	1.#QNAN	0	0	0	7.23769e-008	3877.15	4700.93	4651.62
4697.15	3002.86	385	1.#QNAN	0	0	0	7.23339e-008	3880.63	4697.15	4648.09
4693.32	3000.1	386	1.#QNAN	0	0	0	7.10336e-008	3866.94	4693.32	4644.51
4689.67	2997.55	387	1.#QNAN	0	0.015	0	7.36494e-008	3896.14	4689.67	4641.1
4685.9	2994.94	388	1.#QNAN	0	0	0	7.29672e-008	3892.12	4685.9	4637.57
4682.02	2992.21	389	1.#QNAN	0	0	0	7.23643e-008	3851.71	4682.02	4633.93
4678.3	2989.6	390	1.#QNAN	0	0.016	0	7.21693e-008	3882.87	4678.3	4630.45
4674.45	2986.92	391	1.#QNAN	0	0	0	7.3156e-008	3836.91	4674.45	4626.84
4670.87	2984.35	392	1.#QNAN	0	0	0	7.18402e-008	3910.77	4670.87	4623.49
4667.22	2981.72	393	1.#QNAN	0	0	0	7.06395e-008	3868.18	4667.22	4620.07
4663.72	2979.17	394	1.#QNAN	0	0.015	0	7.25008e-008	3936.97	4663.72	4616.8
4660.06	2976.57	395	1.#QNAN	0	0	0	7.54179e-008	3856.01	4660.06	4613.37
4656.48	2974.07	396	1.#QNAN	0	0	0	7.43961e-008	3865.39	4656.48	4610.02
4652.89	2971.53	397	1.#QNAN	0	0.016	0	7.28333e-008	3896.99	4652.89	4606.66
4649.26	2968.96	398	1.#QNAN	0	0	0	7.58541e-008	3845.82	4649.26	4603.26
4645.72	2966.52	399	1.#QNAN	0	0	0	7.53108e-008	3835.2	4645.72	4599.94
4642.2	2964.04	400	1.#QNAN	0	0.016	0	7.08223e-008	3863.6	4642.2	4596.64
4638.5	2961.44	401	1.#QNAN	0	0	0	7.1307e-008	3799.13	4638.5	4593.16
4634.9	2958.9	402	1.#QNAN	0	0	0	7.54283e-008	3841.92	4634.9	4589.78
4631.34	2956.39	403	1.#QNAN	0	0	0	7.40473e-008	3834.06	4631.34	4586.43
4627.75	2953.84	404	1.#QNAN	0	0.015	0	7.32352e-008	3832.98	4627.75	4583.06
4624.16	2951.31	405	1.#QNAN	0	0	0	7.48849e-008	3818.21	4624.16	4579.69
4620.6	2948.76	406	1.#QNAN	0	0	0	7.83677e-008	3839.39	4620.6	4576.35
4617.08	2946.27	407	1.#QNAN	0	0.016	0	7.59379e-008	3825.43	4617.08	4573.05
4613.62	2943.81	408	1.#QNAN	0	0	0	7.11571e-008	3828.92	4613.62	4569.79
4610.17	2941.45	409	1.#QNAN	0	0	0	7.3192e-008	3871.78	4610.17	4566.55
4606.67	2938.89	410	1.#QNAN	0	0.015	0	7.5122e-008	3818.76	4606.67	4563.26
4603.29	2936.49	411	1.#QNAN	0	0	0	7.62671e-008	3861.55	4603.29	4560.1
4599.86	2934.05	412	1.#QNAN	0	0	0	7.68194e-008	3821.6	4599.86	4556.88
4596.39	2931.62	413	1.#QNAN	0	0	0	7.82221e-008	3831.63	4596.39	4553.61
4592.84	2929.08	414	1.#QNAN	0	0.016	0	7.74631e-008	3826.82	4592.84	4550.28
4589.41	2926.6	415	1.#QNAN	0	0	0	7.52954e-008	3841.18	4589.41	4547.05
4586.06	2924.21	416	1.#QNAN	0	0	0	7.36786e-008	3860.53	4586.06	4543.9
4582.61	2921.75	417	1.#QNAN	0	0.016	0	7.57293e-008	3807.8	4582.61	4540.65
4579.26	2919.3	418	1.#QNAN	0	0	0	7.54918e-008	3837.45	4579.26	4537.51
4575.8	2916.81	419	1.#QNAN	0	0	0	7.44773e-008	3807.78	4575.8	4534.25
4572.29	2914.36	420	1.#QNAN	0	0.015	0	7.80798e-008	3752.18	4572.29	4530.93
4568.86	2911.89	421	1.#QNAN	0	0	0	7.75641e-008	3812.68	4568.86	4527.71
4565.33	2909.38	422	1.#QNAN	0	0	0	7.70032e-008	3751.73	4565.33	4524.38
4561.98	2907	423	1.#QNAN	0	0.016	0	7.73351e-008	3805.39	4561.98	4521.23
4558.62	2904.61	424	1.#QNAN	0	0	0	7.55809e-008	3788.61	4558.62	4518.07
4555.32	2902.25	425	1.#QNAN	0	0	0	7.6399e-008	3820.91	4555.32	4514.96
4551.93	2899.81	426	1.#QNAN	0	0	0	7.88128e-008	3769.06	4551.93	4511.77
4548.55	2897.37	427	1.#QNAN	0	0.015	0	7.55579e-008	3734.68	4548.55	4508.58
4545.31	2895.01	428	1.#QNAN	0	0	0	7.77212e-008	3832.86	4545.31	4505.53
4542.06	2892.68	429	1.#QNAN	0	0	0	7.94577e-008	3818.05	4542.06	4502.47
4538.87	2890.37	430	1.#QNAN	0	0.016	1	7.80171e-008	3793.18	4538.87	4499.47
4535.6	2888.04	431	1.#QNAN	0	0	0	7.69946e-008	3777.13	4535.6	4496.39
4532.36	2885.67	432	1.#QNAN	0	0	0	7.82693e-008	3758.1	4532.36	4493.33
4529.07	2883.24	433	1.#QNAN	0	0.016	0	8.12338e-008	3735.43	4529.07	4490.22
4525.87	2880.98	434	1.#QNAN	0	0	0	8.21746e-008	3778.72	4525.87	4487.21
4522.66	2878.72	435	1.#QNAN	0	0	0	8.1109e-008	3771.07	4522.66	4484.18
4519.7	2876.59	436	1.#QNAN	0	0	0	8.0418e-008	3845.49	4519.7	4481.4
4516.52	2874.32	437	1.#QNAN	0	0.015	0	7.7223e-008	3780.54	4516.52	4478.4
4513.39	2872.1	438	1.#QNAN	0	0	0	8.00798e-008	3771.53	4513.39	4475.45
4510.28	2869.89	439	1.#QNAN	0	0	0	7.47294e-008	3784.9	4510.28	4472.51
4507.22	2867.7	440	1.#QNAN	0	0.016	0	8.03506e-008	3797.46	4507.22	4469.63
4504.09	2865.46	441	1.#QNAN	0	0	0	7.95529e-008	3742.22	4504.09	4466.67
4501.05	2863.35	442	1.#QNAN	0	0	0	8.00703e-008	3800	4501.05	4463.82
4497.95	2861.09	443	1.#QNAN	0	0.015	0	8.03684e-008	3759.78	4497.95	4460.88
4494.78	2858.83	444	1.#QNAN	0	0	0	7.85771e-008	3720.81	4494.78	4457.88
4491.78	2856.71	445	1.#QNAN	0	0	0	8.18833e-008	3788.41	4491.78	4455.05
4488.87	2854.59	446	1.#QNAN	0	0	0	8.21098e-008	3784.63	4488.87	4452.32
4485.9	2852.52	447	1.#QNAN	0	0.016	0	8.20526e-008	3780.71	4485.9	4449.51
4483	2850.43	448	1.#QNAN	0	0	0	8.09937e-008	3772.32	4483	4446.77
4480.04	2848.36	449	1.#QNAN	0	0	0	8.11144e-008	3779.81	4480.04	4443.98
4477.08	2846.25	450	1.#QNAN	0	0.016	0	8.39216e-008	3753.97	4477.08	4441.18
4474.19	2844.23	451	1.#QNAN	0	0	0	8.12366e-008	3809.83	4474.19	4438.46
4471.35	2842.21	452	1.#QNAN	0	0	0	7.93693e-008	3812.71	4471.35	4435.79
4468.57	2840.18	453	1.#QNAN	0	0.015	0	8.33082e-008	3815.55	4468.57	4433.16
4465.71	2838.18	454	1.#QNAN	0	0	0	8.14625e-008	3805.6	4465.71	4430.46
4462.93	2836.18	455	1.#QNAN	0	0	0	8.24736e-008	3806.55	4462.93	4427.84
4460.11	2834.19	456	1.#QNAN	0	0	0	8.41687e-008	3799.27	4460.11	4425.18
4457.17	2832.12	457	1.#QNAN	0	0.016	0	8.53071e-008	3748.4	4457.17	4422.39
4454.29	2830.15	458	1.#QNAN	0	0	0	8.45512e-008	3764.35	4454.29	4419.67
4451.48	2828.19	459	1.#QNAN	0	0	0	8.00374e-008	3776.77	4451.48	4417.01
4448.84	2826.33	460	1.#QNAN	0	0.015	0	8.27268e-008	3829.04	4448.84	4414.53
4446.03	2824.38	461	1.#QNAN	0	0	0	8.13297e-008	3762.67	4446.03	4411.87
4443.34	2822.48	462	1.#QNAN	0	0	0	8.48755e-008	3791.47	4443.34	4409.33
4440.57	2820.54	463	1.#QNAN	0	0.016	0	8.75044e-008	3753.18	4440.57	4406.71
4437.86	2818.59	464	1.#QNAN	0	0	0	8.28308e-008	3797.44	4437.86	4404.16
4435.14	2816.7	465	1.#QNAN	0	0	0	8.19984e-008	3775.85	4435.14	4401.58
4432.47	2814.8	466	1.#QNAN	0	0	0	8.34068e-008	3769.75	4432.47	4399.06
4429.76	2812.88	467	1.#QNAN	0	0.016	0	8.60887e-008	3764.34	4429.76	4396.49
4427.11	2811.09	468	1.#QNAN	0	0	0	8.59923e-008	3775.27	4427.11	4393.99
4424.38	2809.17	469	1.#QNAN	0	0	0	8.66397e-008	3752.21	4424.38	4391.41
4421.68	2807.26	470	1.#QNAN	0	0.015	0	8.36769e-008	3756.16	4421.68	4388.85
4419.03	2805.38	471	1.#QNAN	0	0	0	8.84844e-008	3801.75	4419.03	4386.34
4416.39	2803.52	472	1.#QNAN	0	0	0	8.66133e-008	3753.62	4416.39	4383.84
4413.76	2801.66	473	1.#QNAN	0	0.016	0	8.70923e-008	3786.36	4413.76	4381.36
4411.15	2799.83	474	1.#QNAN	0	0	0	8.52324e-008	3755.04	4411.15	4378.89
4408.47	2797.95	475	1.#QNAN	0	0	0	8.62272e-008	3775.69	4408.47	4376.36
4405.82	2796.07	476	1.#QNAN	0	0	0	8.71274e-008	3761.14	4405.82	4373.85
4403.23	2794.27	477	1.#QNAN	0	0.015	0	8.3541e-008	3775.55	4403.23	4371.4
4400.52	2792.35	478	1.#QNAN	0	0	0	8.47328e-008	3720.02	4400.52	4368.83
4397.95	2790.59	479	1.#QNAN	0	0	0	8.905e-008	3750.16	4397.95	4366.4
4395.3	2788.72	480	1.#QNAN	0	0.016	0	8.37108e-008	3750.63	4395.3	4363.89
4392.71	2786.88	481	1.#QNAN	0	0	0	8.58169e-008	3773.32	4392.71	4361.44
4390.08	2785.05	482	1.#QNAN	0	0	0	8.76077e-008	3744.36	4390.08	4358.94
4387.48	2783.22	483	1.#QNAN	0	0.016	0	8.69176e-008	3759.46	4387.48	4356.48
4384.91	2781.44	484	1.#QNAN	0	0	0	8.30291e-008	3751.85	4384.91	4354.04
4382.33	2779.55	485	1.#QNAN	0	0	0	8.61818e-008	3745.48	4382.33	4351.6
4379.73	2777.7	486	1.#QNAN	0	0	0	8.72426e-008	3745.57	4379.73	4349.13
4377.19	2775.92	487	1.#QNAN	0	0.015	0	8.56034e-008	3733.11	4377.19	4346.72
4374.6	2774.09	488	1.#QNAN	0	0	0	8.55171e-008	3700.22	4374.6	4344.26
4372.04	2772.26	489	1.#QNAN	0	0	0	8.75171e-008	3719.56	4372.04	4341.83
4369.46	2770.46	490	1.#QNAN	0	0.016	0	8.79854e-008	3720.39	4369.46	4339.38
4366.94	2768.68	491	1.#QNAN	0	0	0	8.95417e-008	3729.95	4366.94	4336.99
4364.36	2766.86	492	1.#QNAN	0	0	0	8.57835e-008	3709.25	4364.36	4334.54
4361.81	2765.08	493	1.#QNAN	0	0	0	8.78401e-008	3736.98	4361.81	4332.13
4359.32	2763.32	494	1.#QNAN	0	0.015	0	8.96279e-008	3733.65	4359.32	4329.76
4356.88	2761.59	495	1.#QNAN	0	0	0	8.76351e-008	3722.28	4356.88	4327.44
4354.48	2759.9	496	1.#QNAN	0	0	0	8.70182e-008	3731.45	4354.48	4325.17
4352.03	2758.18	497	1.#QNAN	0	0.016	0	8.66186e-008	3731.63	4352.03	4322.85
4349.55	2756.44	498	1.#QNAN	0	0	0	8.84159e-008	3721.02	4349.55	4320.5
4346.99	2754.68	499	1.#QNAN	0	0	0	8.4089e-008	3671.96	4346.99	4318.06
4344.49	2752.89	500	1.#QNAN	0	0.016	0	8.75168e-008	3723.21	4344.49	4315.69
4342.03	2751.17	501	1.#QNAN	0	0	0	8.67103e-008	3697.61	4342.03	4313.35
4339.58	2749.45	502	1.#QNAN	0	0	0	9.09566e-008	3690.55	4339.58	4311.02
4337.14	2747.72	503	1.#QNAN	0	0	0	9.27034e-008	3715.88	4337.14	4308.7
4334.69	2746.03	504	1.#QNAN	0	0.015	0	8.89237e-008	3694.32	4334.69	4306.38
4332.22	2744.33	505	1.#QNAN	0	0	0	8.8788e-008	3703.93	4332.22	4304.03
4329.74	2742.61	506	1.#QNAN	0	0	0	9.13597e-008	3693.71	4329.74	4301.68
4327.28	2740.9	507	1.#QNAN	0	0.016	0	8.87281e-008	3688.34	4327.28	4299.34
4324.86	2739.17	508	1.#QNAN	0	0	0	9.06534e-008	3688.12	4324.86	4297.04
4322.39	2737.44	509	1.#QNAN	0	0	0	8.93047e-008	3662.13	4322.39	4294.68
4319.97	2735.77	510	1.#QNAN	0	0.015	0	9.1814e-008	3668.52	4319.97	4292.39
4317.57	2734.08	511	1.#QNAN	0	0	0	9.20701e-008	3684.72	4317.57	4290.1
4315.19	2732.42	512	1.#QNAN	0	0	0	9.05969e-008	3682.74	4315.19	4287.84
4312.88	2730.84	513	1.#QNAN	0	0	0	9.53159e-008	3687.44	4312.88	4285.64
4310.61	2729.23	514	1.#QNAN	0	0.016	0	9.36247e-008	3713.23	4310.61	4283.48
4308.35	2727.66	515	1.#QNAN	0	0	0	9.16406e-008	3686.8	4308.35	4281.34
4305.97	2726.01	516	1.#QNAN	0	0	0	9.22341e-008	3640.88	4305.97	4279.07
4303.6	2724.35	517	1.#QNAN	0	0.016	0	9.03946e-008	3661.49	4303.6	4276.81
4301.27	2722.71	518	1.#QNAN	0	0	0	9.21692e-008	3645.45	4301.27	4274.6
4298.93	2721.07	519	1.#QNAN	0	0	0	9.4396e-008	3659.36	4298.93	4272.37
4296.65	2719.44	520	1.#QNAN	0	0.015	0	8.91501e-008	3645.11	4296.65	4270.2
4294.26	2717.78	521	1.#QNAN	0	0	0	9.24018e-008	3603.8	4294.26	4267.92
4291.99	2716.16	522	1.#QNAN	0	0	0	9.07562e-008	3660.57	4291.99	4265.76
4289.64	2714.51	523	1.#QNAN	0	0	0	9.10334e-008	3646.54	4289.64	4263.52
4287.37	2712.93	524	1.#QNAN	0	0.016	0	9.26762e-008	3661.09	4287.37	4261.36
4285.09	2711.34	525	1.#QNAN	0	0	0	9.21202e-008	3646	4285.09	4259.19
4282.8	2709.69	526	1.#QNAN	0	0	0	9.51633e-008	3664.07	4282.8	4257.01
4280.56	2708.14	527	1.#QNAN	0	0.015	0	9.32387e-008	3628.75	4280.56	4254.88
4278.34	2706.56	528	1.#QNAN	0	0	0	9.05038e-008	3668.12	4278.34	4252.76
4276.09	2705	529	1.#QNAN	0	0	0	9.3744e-008	3639.3	4276.09	4250.62
4273.7	2703.35	530	1.#QNAN	0	0.016	0	9.28479e-008	3585.4	4273.7	4248.33
4271.54	2701.84	531	1.#QNAN	0	0	0	9.36343e-008	3659.63	4271.54	4246.27
4269.41	2700.38	532	1.#QNAN	0	0	0	9.42125e-008	3675.26	4269.41	4244.25
4267.21	2698.87	533	1.#QNAN	0	0.016	0	9.17448e-008	3656.38	4267.21	4242.14
4264.97	2697.33	534	1.#QNAN	0	0	0	9.09515e-008	3611.98	4264.97	4240.01
4262.69	2695.72	535	1.#QNAN	0	0	0	9.30311e-008	3594.23	4262.69	4237.83
4260.49	2694.2	536	1.#QNAN	0	0	0	9.39764e-008	3652.9	4260.49	4235.73
4258.3	2692.73	537	1.#QNAN	0	0.015	0	9.48316e-008	3623.36	4258.3	4233.63
4256.13	2691.22	538	1.#QNAN	0	0	0	9.68077e-008	3630.36	4256.13	4231.57
4253.98	2689.71	539	1.#QNAN	0	0	0	9.19714e-008	3645.47	4253.98	4229.51
4251.85	2688.24	540	1.#QNAN	0	0.016	0	9.61121e-008	3648.33	4251.85	4227.48
4249.68	2686.78	541	1.#QNAN	0	0	0	9.20438e-008	3626.98	4249.68	4225.4
4247.52	2685.31	542	1.#QNAN	0	0	0	9.52033e-008	3617.36	4247.52	4223.35
4245.36	2683.82	543	1.#QNAN	0	0.015	0	9.49981e-008	3631.67	4245.36	4221.29
4243.22	2682.35	544	1.#QNAN	0	0	0	9.44877e-008	3614.41	4243.22	4219.24
4241.08	2680.89	545	1.#QNAN	0	0	0	9.82795e-008	3613.1	4241.08	4217.2
4238.88	2679.42	546	1.#QNAN	0	0	0	9.39384e-008	3580.73	4238.88	4215.09
4236.71	2677.96	547	1.#QNAN	0	0.016	0	9.47798e-008	3601.81	4236.71	4213.02
4234.6	2676.55	548	1.#QNAN	0	0	0	9.53316e-008	3626.24	4234.6	4211
4232.4	2675.03	549	1.#QNAN	0	0	0	9.67784e-008	3556.46	4232.4	4208.89
4230.24	2673.55	550	1.#QNAN	0	0.016	0	9.56466e-008	3605.08	4230.24	4206.83
4228.04	2672.08	551	1.#QNAN	0	0	0	9.60461e-008	3566.42	4228.04	4204.73
4225.93	2670.66	552	1.#QNAN	0	0	0	9.54562e-008	3624.42	4225.93	4202.71
4223.74	2669.21	553	1.#QNAN	0	0.015	0	9.50954e-008	3562.54	4223.74	4200.62
4221.64	2667.8	554	1.#QNAN	0	0	0	1.0064e-007	3588.81	4221.64	4198.61
4219.45	2666.31	555	1.#QNAN	0	0	0	9.20355e-008	3547.17	4219.45	4196.51
4217.34	2664.86	556	1.#QNAN	0	0	0	9.64919e-008	3598.17	4217.34	4194.49
4215.28	2663.46	557	1.#QNAN	0	0.016	0	9.47263e-008	3584.7	4215.28	4192.52
4213.16	2662.04	558	1.#QNAN	0	0	0	9.76596e-008	3598.18	4213.16	4190.49
4211.1	2660.63	559	1.#QNAN	0	0	0	9.74669e-008	3601.88	4211.1	4188.52
4209.02	2659.22	560	1.#QNAN	0	0.015	0	9.71912e-008	3594.1	4209.02	4186.53
4206.96	2657.82	561	1.#QNAN	0	0	0	9.76694e-008	3618.24	4206.96	4184.56
4204.94	2656.36	562	1.#QNAN	0	0	0	9.33475e-008	3611.45	4204.94	4182.63
4202.87	2654.93	563	1.#QNAN	0	0	0	9.79009e-008	3599.25	4202.87	4180.65
4200.75	2653.5	564	1.#QNAN	0	0.016	0	9.69282e-008	3560.69	4200.75	4178.62
4198.65	2652.05	565	1.#QNAN	0	0	0	9.77639e-008	3584.48	4198.65	4176.61
4196.65	2650.71	566	1.#QNAN	0	0	0	9.59923e-008	3634.1	4196.65	4174.7
4194.67	2649.32	567	1.#QNAN	0	0.016	0	9.75139e-008	3624.53	4194.67	4172.8
4192.63	2647.91	568	1.#QNAN	0	0	0	1.0198e-007	3598.3	4192.63	4170.85
4190.65	2646.52	569	1.#QNAN	0	0	0	1.01194e-007	3589.16	4190.65	4168.95
4188.66	2645.17	570	1.#QNAN	0	0.015	0	1.00332e-007	3614.44	4188.66	4167.05
4186.7	2643.79	571	1.#QNAN	0	0	0	9.69459e-008	3610.48	4186.7	4165.18
4184.7	2642.41	572	1.#QNAN	0	0	0	9.95964e-008	3602.87	4184.7	4163.27
4182.65	2640.97	573	1.#QNAN	0	0	0	1.01093e-007	3562.98	4182.65	4161.3
4180.69	2639.61	574	1.#QNAN	0	0.016	0	9.95486e-008	3598.95	4180.69	4159.43
4178.71	2638.28	575	1.#QNAN	0	0	0	9.87271e-008	3609.76	4178.71	4157.54
4176.86	2637	576	1.#QNAN	0	0	0	9.95024e-008	3627.94	4176.86	4155.76
4174.87	2635.67	577	1.#QNAN	0	0.015	0	1.0026e-007	3575.68	4174.87	4153.86
4172.89	2634.32	578	1.#QNAN	0	0	0	1.00234e-007	3570.22	4172.89	4151.96
4170.92	2632.95	579	1.#QNAN	0	0	0	1.01965e-007	3594.51	4170.92	4150.08
4168.99	2631.59	580	1.#QNAN	0	0.016	0	9.96874e-008	3583.91	4168.99	4148.24
4167.1	2630.33	581	1.#QNAN	0	0	0	1.00488e-007	3614.04	4167.1	4146.43
4165.17	2629.01	582	1.#QNAN	0	0	0	9.88191e-008	3561.01	4165.17	4144.57
4163.27	2627.69	583	1.#QNAN	0	0	0	1.00227e-007	3583.14	4163.27	4142.76
4161.42	2626.37	584	1.#QNAN	0	0.016	0	1.00675e-007	3631.52	4161.42	4140.99
4159.51	2625.06	585	1.#QNAN	0	0	0	9.62165e-008	3583.99	4159.51	4139.16
4157.63	2623.77	586	1.#QNAN	0	0	0	1.02707e-007	3581.67	4157.63	4137.37
4155.76	2622.45	587	1.#QNAN	0	0.015	0	1.0112e-007	3592.67	4155.76	4135.57
4153.92	2621.16	588	1.#QNAN	0	0	0	1.01177e-007	3588.87	4153.92	4133.8
4152.08	2619.9	589	1.#QNAN	0	0	0	9.96324e-008	3601.86	4152.08	4132.05
4150.22	2618.59	590	1.#QNAN	0	0.016	0	9.96613e-008	3600.46	4150.22	4130.27
4148.28	2617.23	591	1.#QNAN	0	0	0	9.97455e-008	3553.18	4148.28	4128.41
4146.49	2615.97	592	1.#QNAN	0	0	0	1.02543e-007	3632.73	4146.49	4126.7
4144.67	2614.7	593	1.#QNAN	0	0	0	1.01148e-007	3585.55	4144.67	4124.95
4142.74	2613.4	594	1.#QNAN	0	0.015	0	9.77227e-008	3532.09	4142.74	4123.09
4140.83	2612.07	595	1.#QNAN	0	0	0	1.00084e-007	3571.42	4140.83	4121.27
4138.97	2610.78	596	1.#QNAN	0	0	0	9.94979e-008	3564.05	4138.97	4119.48
4137.13	2609.53	597	1.#QNAN	0	0.016	0	1.02701e-007	3574.89	4137.13	4117.72
4135.37	2608.28	598	1.#QNAN	0	0	0	1.03996e-007	3643.38	4135.37	4116.03
4133.51	2607.01	599	1.#QNAN	0	0	0	9.96013e-008	3579.33	4133.51	4114.25
4131.68	2605.78	600	1.#QNAN	0	0	0	1.01567e-007	3562	4131.68	4112.49
4129.82	2604.52	601	1.#QNAN	0	0.016	0	1.03969e-007	3534.7	4129.82	4110.69
4127.99	2603.25	602	1.#QNAN	0	0	0	1.00918e-007	3592.17	4127.99	4108.94
4126.14	2601.98	603	1.#QNAN	0	0	0	1.02692e-007	3545.44	4126.14	4107.17
4124.32	2600.69	604	1.#QNAN	0	0.015	0	1.01776e-007	3569.29	4124.32	4105.43
4122.48	2599.44	605	1.#QNAN	0	0	0	1.05025e-007	3554.1	4122.48	4103.66
4120.72	2598.21	606	1.#QNAN	0	0	0	1.0466e-007	3604.43	4120.72	4101.97
4118.94	2597	607	1.#QNAN	0	0.016	0	1.04626e-007	3576.65	4118.94	4100.27
4117.14	2595.79	608	1.#QNAN	0	0	0	1.05288e-007	3576.46	4117.14	4098.54
4115.3	2594.53	609	1.#QNAN	0	0	0	1.0837e-007	3523.62	4115.3	4096.77
4113.45	2593.27	610	1.#QNAN	0	0	0	1.00585e-007	3521.84	4113.45	4094.99
4111.65	2592.02	611	1.#QNAN	0	0.015	0	1.04681e-007	3529.31	4111.65	4093.26
4109.93	2590.84	612	1.#QNAN	0	0	0	1.00591e-007	3612.28	4109.93	4091.61
4108.18	2589.64	613	1.#QNAN	0	0	0	1.05797e-007	3555.9	4108.18	4089.93
4106.4	2588.4	614	1.#QNAN	0	0.016	0	1.07425e-007	3554.34	4106.4	4088.22
4104.64	2587.17	615	1.#QNAN	0	0	0	1.07012e-007	3561.65	4104.64	4086.53
4102.91	2585.97	616	1.#QNAN	0	0	0	1.02636e-007	3581.57	4102.91	4084.87
4101.22	2584.8	617	1.#QNAN	0	0.016	0	1.0306e-007	3603.5	4101.22	4083.25
4099.47	2583.59	618	1.#QNAN	0	0	0	1.01668e-007	3556.51	4099.47	4081.57
4097.77	2582.43	619	1.#QNAN	0	0	0	1.08624e-007	3574.15	4097.77	4079.94
4096.08	2581.26	620	1.#QNAN	0	0	0	1.03886e-007	3578.62	4096.08	4078.31
4094.36	2580.09	621	1.#QNAN	0	0.015	0	1.06686e-007	3568.64	4094.36	4076.66
4092.69	2578.96	622	1.#QNAN	0	0	0	1.0649e-007	3563.84	4092.69	4075.06
4091.01	2577.83	623	1.#QNAN	0	0	0	1.05712e-007	3556.6	4091.01	4073.44
4089.32	2576.68	624	1.#QNAN	0	0.016	0	1.07462e-007	3571.79	4089.32	4071.82
4087.64	2575.51	625	1.#QNAN	0	0	0	1.07021e-007	3575.69	4087.64	4070.21
4085.96	2574.37	626	1.#QNAN	0	0	0	1.03818e-007	3580.06	4085.96	4068.6
4084.33	2573.23	627	1.#QNAN	0	0	0	1.07633e-007	3590.87	4084.33	4067.03
4082.63	2572.05	628	1.#QNAN	0	0.015	0	1.04472e-007	3560.15	4082.63	4065.4
4080.91	2570.9	629	1.#QNAN	0	0	0	1.08129e-007	3518.6	4080.91	4063.74
4079.22	2569.74	630	1.#QNAN	0	0	0	1.05719e-007	3560.07	4079.22	4062.12
4077.57	2568.61	631	1.#QNAN	0	0.016	0	1.05316e-007	3576.57	4077.57	4060.53
4075.91	2567.48	632	1.#QNAN	0	0	0	1.05386e-007	3565.04	4075.91	4058.94
4074.23	2566.31	633	1.#QNAN	0	0	0	1.04773e-007	3543.75	4074.23	4057.32
4072.5	2565.13	634	1.#QNAN	0	0.016	0	1.0918e-007	3528.47	4072.5	4055.65
4070.79	2563.97	635	1.#QNAN	0	0	0	1.06125e-007	3536.81	4070.79	4054.01
4069.08	2562.82	636	1.#QNAN	0	0	0	1.01658e-007	3496.22	4069.08	4052.37
4067.41	2561.67	637	1.#QNAN	0	0	0	1.07508e-007	3562.27	4067.41	4050.76
4065.8	2560.59	638	1.#QNAN	0	0.015	0	1.08642e-007	3562.84	4065.8	4049.21
4064.17	2559.45	639	1.#QNAN	0	0	0	1.05061e-007	3549.21	4064.17	4047.65
4062.5	2558.33	640	1.#QNAN	0	0	0	1.06632e-007	3543.32	4062.5	4046.04
4060.87	2557.25	641	1.#QNAN	0	0.016	0	1.05337e-007	3535.41	4060.87	4044.47
4059.22	2556.13	642	1.#QNAN	0	0	0	1.10403e-007	3535.03	4059.22	4042.88
4057.58	2555.04	643	1.#QNAN	0	0	0	1.08311e-007	3527.94	4057.58	4041.3
4055.95	2553.93	644	1.#QNAN	0	0	0	1.0925e-007	3542.21	4055.95	4039.73
4054.33	2552.84	645	1.#QNAN	0	0.015	1	1.0716e-007	3541.87	4054.33	4038.18
4052.71	2551.73	646	1.#QNAN	0	0	0	1.10819e-007	3549.46	4052.71	4036.61
4051.1	2550.63	647	1.#QNAN	0	0	0	1.05423e-007	3568.96	4051.1	4035.07
4049.53	2549.57	648	1.#QNAN	0	0.016	0	1.05944e-007	3535.53	4049.53	4033.56
4047.99	2548.52	649	1.#QNAN	0	0	0	1.02558e-007	3590.31	4047.99	4032.08
4046.44	2547.5	650	1.#QNAN	0	0	0	1.07828e-007	3565.28	4046.44	4030.59
4044.82	2546.4	651	1.#QNAN	0	0.016	0	1.08827e-007	3543.66	4044.82	4029.03
4043.26	2545.31	652	1.#QNAN	0	0	0	1.07594e-007	3572.12	4043.26	4027.53
4041.63	2544.24	653	1.#QNAN	0	0	0	1.12606e-007	3511.78	4041.63	4025.97
4040.09	2543.21	654	1.#QNAN	0	0	0	1.06017e-007	3560.14	4040.09	4024.49
4038.57	2542.18	655	1.#QNAN	0	0.015	0	1.05836e-007	3582.2	4038.57	4023.03
4036.95	2541.1	656	1.#QNAN	0	0	0	1.08871e-007	3494.51	4036.95	4021.46
4035.35	2540.01	657	1.#QNAN	0	0	0	1.10133e-007	3492.44	4035.35	4019.92
4033.77	2538.94	658	1.#QNAN	0	0.016	0	1.0997e-007	3532.15	4033.77	4018.4
4032.24	2537.92	659	1.#QNAN	0	0	0	1.06157e-007	3558.59	4032.24	4016.93
4030.68	2536.86	660	1.#QNAN	0	0	0	1.10363e-007	3529.39	4030.68	4015.43
4029.15	2535.81	661	1.#QNAN	0	0.015	0	1.07628e-007	3522.9	4029.15	4013.96
4027.55	2534.76	662	1.#QNAN	0	0	0	1.09974e-007	3482.93	4027.55	4012.42
4026.04	2533.72	663	1.#QNAN	0	0	0	1.08088e-007	3521.96	4026.04	4010.96
4024.52	2532.71	664	1.#QNAN	0	0	0	1.0846e-007	3530.26	4024.52	4009.49
4023.01	2531.7	665	1.#QNAN	0	0.016	0	1.08629e-007	3506.67	4023.01	4008.04
4021.54	2530.71	666	1.#QNAN	0	0	0	1.07984e-007	3539.9	4021.54	4006.62
4020.02	2529.67	667	1.#QNAN	0	0	0	1.08148e-007	3516.69	4020.02	4005.17
4018.53	2528.66	668	1.#QNAN	0	0.016	0	1.10123e-007	3497.36	4018.53	4003.73
4017.03	2527.61	669	1.#QNAN	0	0	0	1.09662e-007	3524.64	4017.03	4002.28
4015.56	2526.59	670	1.#QNAN	0	0	0	1.10733e-007	3544.17	4015.56	4000.87
4014.04	2525.58	671	1.#QNAN	0	0.015	0	1.10648e-007	3542.1	4014.04	3999.41
4012.52	2524.59	672	1.#QNAN	0	0	0	1.09494e-007	3492.08	4012.52	3997.94
4011.02	2523.59	673	1.#QNAN	0	0	0	1.12662e-007	3500.04	4011.02	3996.49
4009.5	2522.57	674	1.#QNAN	0	0.016	0	1.09258e-007	3504.9	4009.5	3995.03
4008	2521.59	675	1.#QNAN	0	0	0	1.10968e-007	3493.1	4008	3993.58
4006.55	2520.63	676	1.#QNAN	0	0	0	1.08906e-007	3522.07	4006.55	3992.19
4005.07	2519.64	677	1.#QNAN	0	0.015	0	1.06453e-007	3485.63	4005.07	3990.76
4003.64	2518.66	678	1.#QNAN	0	0	0	1.08482e-007	3520.14	4003.64	3989.38
4002.14	2517.63	679	1.#QNAN	0	0	0	1.09312e-007	3461.72	4002.14	3987.93
4000.65	2516.64	680	1.#QNAN	0	0	0	1.09232e-007	3467.94	4000.65	3986.49
3999.19	2515.64	681	1.#QNAN	0	0.016	0	1.13671e-007	3531.52	3999.19	3985.09
3997.64	2514.62	682	1.#QNAN	0	0	0	1.10444e-007	3415.81	3997.64	3983.59
3996.09	2513.6	683	1.#QNAN	0	0	0	1.09252e-007	3442.54	3996.09	3982.09
3994.59	2512.6	684	1.#QNAN	0	0.016	0	1.05729e-007	3463.3	3994.59	3980.64
3993.18	2511.63	685	1.#QNAN	0	0	0	1.13049e-007	3490.98	3993.18	3979.28
3991.76	2510.69	686	1.#QNAN	0	0	0	1.13849e-007	3472.73	3991.76	3977.91
3990.26	2509.7	687	1.#QNAN	0	0.015	0	1.16754e-007	3441.71	3990.26	3976.45
3988.9	2508.81	688	1.#QNAN	0	0	0	1.05955e-007	3502.75	3988.9	3975.14
3987.48	2507.86	689	1.#QNAN	0	0	0	1.08052e-007	3470.06	3987.48	3973.77
3986.06	2506.92	690	1.#QNAN	0	0.016	0	1.09099e-007	3452.8	3986.06	3972.41
3984.69	2506.01	691	1.#QNAN	0	0	0	1.10205e-007	3499.67	3984.69	3971.07
3983.3	2505.11	692	1.#QNAN	0	0	0	1.15986e-007	3504.74	3983.3	3969.74
3981.86	2504.13	693	1.#QNAN	0	0	0	1.12659e-007	3446.95	3981.86	3968.35
3980.5	2503.24	694	1.#QNAN	0	0.015	0	1.10089e-007	3499.19	3980.5	3967.04
3979.13	2502.31	695	1.#QNAN	0	0	0	1.17007e-007	3494.2	3979.13	3965.71
3977.75	2501.36	696	1.#QNAN	0	0	0	1.08479e-007	3509.25	3977.75	3964.38
3976.33	2500.41	697	1.#QNAN	0	0.016	0	1.13753e-007	3476.76	3976.33	3963.01
3974.99	2499.49	698	1.#QNAN	0	0	0	1.10914e-007	3499.72	3974.99	3961.72
3973.66	2498.6	699	1.#QNAN	0	0	0	1.11496e-007	3505.08	3973.66	3960.43
3972.29	2497.67	700	1.#QNAN	0	0	0	1.15734e-007	3478.97	3972.29	3959.11
3970.97	2496.76	701	1.#QNAN	0	0.016	0	1.15424e-007	3550.93	3970.97	3957.84
3969.6	2495.82	702	1.#QNAN	0	0	0	1.07448e-007	3477.62	3969.6	3956.51
3968.25	2494.91	703	1.#QNAN	0	0	0	1.14089e-007	3482.68	3968.25	3955.2
3966.88	2494.01	704	1.#QNAN	0	0.015	0	1.165e-007	3473.06	3966.88	3953.88
3965.47	2493.06	705	1.#QNAN	0	0	0	1.19477e-007	3459.13	3965.47	3952.52
3964.16	2492.12	706	1.#QNAN	0	0	0	1.14115e-007	3497.66	3964.16	3951.25
3962.87	2491.21	707	1.#QNAN	0	0.016	0	1.15101e-007	3502.87	3962.87	3950.01
3961.52	2490.29	708	1.#QNAN	0	0	0	1.12256e-007	3478.13	3961.52	3948.7
3960.16	2489.39	709	1.#QNAN	0	0	0	1.15503e-007	3474.78	3960.16	3947.39
3958.83	2488.48	710	1.#QNAN	0	0.015	0	1.17475e-007	3491.21	3958.83	3946.1
3957.55	2487.59	711	1.#QNAN	0	0	0	1.15992e-007	3508.44	3957.55	3944.86
3956.22	2486.69	712	1.#QNAN	0	0	0	1.14014e-007	3498.89	3956.22	3943.57
3954.84	2485.78	713	1.#QNAN	0	0	0	1.13235e-007	3456.58	3954.84	3942.24
3953.49	2484.9	714	1.#QNAN	0	0.016	0	1.12368e-007	3469.62	3953.49	3940.94
3952.13	2483.97	715	1.#QNAN	0	0	0	1.14232e-007	3477.78	3952.13	3939.62
3950.79	2483.02	716	1.#QNAN	0	0	0	1.17071e-007	3486.78	3950.79	3938.32
3949.42	2482.1	717	1.#QNAN	0	0.016	0	1.14592e-007	3441.71	3949.42	3937
3948.1	2481.19	718	1.#QNAN	0	0	0	1.12439e-007	3478.1	3948.1	3935.72
3946.79	2480.29	719	1.#QNAN	0	0	0	1.13785e-007	3504.03	3946.79	3934.46
3945.44	2479.33	720	1.#QNAN	0	0.015	0	1.15252e-007	3475.03	3945.44	3933.15
3944.07	2478.41	721	1.#QNAN	0	0	0	1.17333e-007	3431.91	3944.07	3931.82
3942.7	2477.51	722	1.#QNAN	0	0	0	1.14636e-007	3452.28	3942.7	3930.5
3941.33	2476.58	723	1.#QNAN	0	0.016	0	1.14455e-007	3411.1	3941.33	3929.17
3939.92	2475.66	724	1.#QNAN	0	0	0	1.11665e-007	3399.43	3939.92	3927.81
3938.64	2474.8	725	1.#QNAN	0	0	0	1.12761e-007	3488.17	3938.64	3926.57
3937.35	2473.93	726	1.#QNAN	0	0	0	1.15155e-007	3465.47	3937.35	3925.32
3936	2473.03	727	1.#QNAN	0	0.015	0	1.18022e-007	3419.81	3936	3924.01
3934.72	2472.12	728	1.#QNAN	0	0	0	1.19749e-007	3495.97	3934.72	3922.78
3933.38	2471.24	729	1.#QNAN	0	0	0	1.19404e-007	3428.75	3933.38	3921.48
3932.07	2470.39	730	1.#QNAN	0	0.016	0	1.15358e-007	3483.45	3932.07	3920.22
3930.74	2469.48	731	1.#QNAN	0	0	0	1.1905e-007	3423.88	3930.74	3918.92
3929.4	2468.6	732	1.#QNAN	0	0	0	1.20357e-007	3440.97	3929.4	3917.63
3928.04	2467.69	733	1.#QNAN	0	0.016	0	1.21541e-007	3418.98	3928.04	3916.31
3926.67	2466.77	734	1.#QNAN	0	0	0	1.15997e-007	3417.81	3926.67	3914.98
3925.32	2465.87	735	1.#QNAN	0	0	0	1.18722e-007	3403.1	3925.32	3913.67
3924.04	2465.01	736	1.#QNAN	0	0.015	0	1.21721e-007	3458.92	3924.04	3912.43
3922.69	2464.13	737	1.#QNAN	0	0	0	1.17883e-007	3412.02	3922.69	3911.12
3921.32	2463.21	738	1.#QNAN	0	0	0	1.17817e-007	3401.54	3921.32	3909.79
3920	2462.35	739	1.#QNAN	0	0	0	1.14607e-007	3424.87	3920	3908.52
3918.68	2461.45	740	1.#QNAN	0	0.016	0	1.17557e-007	3423.97	3918.68	3907.24
3917.38	2460.58	741	1.#QNAN	0	0	0	1.15743e-007	3442.92	3917.38	3905.98
3916.06	2459.71	742	1.#QNAN	0	0	0	1.19157e-007	3431.2	3916.06	3904.7
3914.7	2458.8	743	1.#QNAN	0	0.015	0	1.20263e-007	3404.23	3914.7	3903.38
3913.32	2457.88	744	1.#QNAN	0	0	0	1.17611e-007	3386.8	3913.32	3902.03
3912.02	2457.04	745	1.#QNAN	0	0	0	1.16112e-007	3454.67	3912.02	3900.78
3910.65	2456.15	746	1.#QNAN	0	0	0	1.14626e-007	3375.21	3910.65	3899.45
3909.31	2455.29	747	1.#QNAN	0	0.016	0	1.16635e-007	3404.6	3909.31	3898.15
3908.02	2454.39	748	1.#QNAN	0	0	0	1.20426e-007	3443.34	3908.02	3896.9
3906.71	2453.54	749	1.#QNAN	0	0	0	1.17716e-007	3391.06	3906.71	3895.62
3905.41	2452.65	750	1.#QNAN	0	0.016	0	1.23367e-007	3425.22	3905.41	3894.37
3904.1	2451.8	751	1.#QNAN	0	0	0	1.19141e-007	3395.95	3904.1	3893.1
3902.79	2450.94	752	1.#QNAN	0	0	0	1.19634e-007	3361.87	3902.79	3891.82
3901.42	2450.03	753	1.#QNAN	0	0.015	0	1.19177e-007	3361.69	3901.42	3890.5
3900.16	2449.17	754	1.#QNAN	0	0	0	1.21411e-007	3431.98	3900.16	3889.27
3898.9	2448.32	755	1.#QNAN	0	0	0	1.19433e-007	3441.83	3898.9	3888.05
3897.63	2447.48	756	1.#QNAN	0	0	0	1.2068e-007	3410.55	3897.63	3886.82
3896.35	2446.66	757	1.#QNAN	0	0.016	0	1.19898e-007	3421.75	3896.35	3885.58
3895.06	2445.83	758	1.#QNAN	0	0	0	1.23644e-007	3406.15	3895.06	3884.33
3893.74	2444.94	759	1.#QNAN	0	0	0	1.21259e-007	3374.46	3893.74	3883.04
3892.43	2444.1	760	1.#QNAN	0	0.015	0	1.21081e-007	3375.61	3892.43	3881.77
3891.14	2443.26	761	1.#QNAN	0	0	0	1.15534e-007	3387.09	3891.14	3880.52
3889.84	2442.41	762	1.#QNAN	0	0	0	1.2385e-007	3386.81	3889.84	3879.25
3888.52	2441.57	763	1.#QNAN	0	0.016	0	1.25011e-007	3344.36	3888.52	3877.97
3887.2	2440.72	764	1.#QNAN	0	0	0	1.19267e-007	3354.45	3887.2	3876.69
3885.95	2439.89	765	1.#QNAN	0	0	0	1.23794e-007	3388.99	3885.95	3875.48
3884.68	2439.05	766	1.#QNAN	0	0	0	1.17385e-007	3387.68	3884.68	3874.24
3883.38	2438.17	767	1.#QNAN	0	0.016	0	1.20871e-007	3364.64	3883.38	3872.98
3882.13	2437.34	768	1.#QNAN	0	0	0	1.16946e-007	3396.43	3882.13	3871.77
3880.87	2436.5	769	1.#QNAN	0	0	0	1.21026e-007	3366.92	3880.87	3870.54
3879.67	2435.72	770	1.#QNAN	0	0.015	0	1.2712e-007	3424.21	3879.67	3869.38
3878.45	2434.92	771	1.#QNAN	0	0	0	1.24e-007	3383.27	3878.45	3868.19
3877.19	2434.11	772	1.#QNAN	0	0	0	1.22082e-007	3366.64	3877.19	3866.97
3875.92	2433.26	773	1.#QNAN	0	0.016	0	1.22752e-007	3347.19	3875.92	3865.73
3874.68	2432.43	774	1.#QNAN	0	0	0	1.21316e-007	3388.84	3874.68	3864.53
3873.4	2431.57	775	1.#QNAN	0	0	0	1.20663e-007	3355.34	3873.4	3863.29
3872.17	2430.75	776	1.#QNAN	0	0	0	1.30854e-007	3386.14	3872.17	3862.09
3870.95	2429.96	777	1.#QNAN	0	0.015	0	1.26083e-007	3386.47	3870.95	3860.91
3869.7	2429.15	778	1.#QNAN	0	0	0	1.226e-007	3372.79	3869.7	3859.69
3868.46	2428.32	779	1.#QNAN	0	0	0	1.14518e-007	3352.37	3868.46	3858.48
3867.25	2427.52	780	1.#QNAN	0	0.016	0	1.24512e-007	3409.87	3867.25	3857.32
3866.01	2426.7	781	1.#QNAN	0	0	0	1.25254e-007	3379.55	3866.01	3856.11
3864.79	2425.87	782	1.#QNAN	0	0	0	1.24142e-007	3376.71	3864.79	3854.93
3863.56	2425.04	783	1.#QNAN	0	0	0	1.26764e-007	3388.17	3863.56	3853.73
3862.32	2424.2	784	1.#QNAN	0	0.016	0	1.22459e-007	3372.94	3862.32	3852.52
3861.16	2423.42	785	1.#QNAN	0	0	0	1.25123e-007	3427.37	3861.16	3851.4
3859.92	2422.58	786	1.#QNAN	0	0	0	1.22748e-007	3342.92	3859.92	3850.2
3858.8	2421.8	787	1.#QNAN	0	0.015	0	1.25484e-007	3424.9	3858.8	3849.1
3857.57	2420.97	788	1.#QNAN	0	0	0	1.2292e-007	3351.25	3857.57	3847.91
3856.37	2420.15	789	1.#QNAN	0	0	0	1.22712e-007	3356.71	3856.37	3846.74
3855.21	2419.41	790	1.#QNAN	0	0.016	0	1.27886e-007	3403.89	3855.21	3845.62
3854.05	2418.65	791	1.#QNAN	0	0	0	1.27549e-007	3385.31	3854.05	3844.49
3852.85	2417.86	792	1.#QNAN	0	0	0	1.25194e-007	3392.14	3852.85	3843.33
3851.66	2417.07	793	1.#QNAN	0	0	0	1.2374e-007	3365.32	3851.66	3842.17
3850.48	2416.28	794	1.#QNAN	0	0.015	0	1.28087e-007	3374.34	3850.48	3841.03
3849.25	2415.47	795	1.#QNAN	0	0	0	1.22868e-007	3372.5	3849.25	3839.83
3848.07	2414.68	796	1.#QNAN	0	0	0	1.24342e-007	3387.45	3848.07	3838.69
3846.88	2413.87	797	1.#QNAN	0	0.016	0	1.24281e-007	3384.5	3846.88	3837.53
3845.73	2413.06	798	1.#QNAN	0	0	0	1.25372e-007	3417.72	3845.73	3836.41
3844.58	2412.3	799	1.#QNAN	0	0	0	1.2481e-007	3394.25	3844.58	3835.3
3843.37	2411.5	800	1.#QNAN	0	0.016	0	1.25942e-007	3352.48	3843.37	3834.12
3842.17	2410.71	801	1.#QNAN	0	0	0	1.32739e-007	3347.96	3842.17	3832.95
3841	2409.92	802	1.#QNAN	0	0	0	1.24504e-007	3390.39	3841	3831.82
3839.83	2409.15	803	1.#QNAN	0	0	0	1.24559e-007	3383.85	3839.83	3830.68
3838.66	2408.37	804	1.#QNAN	0	0.015	0	1.26054e-007	3368.21	3838.66	3829.54
3837.51	2407.62	805	1.#QNAN	0	0	0	1.28111e-007	3354.92	3837.51	3828.42
3836.37	2406.87	806	1.#QNAN	0	0	0	1.2682e-007	3393.91	3836.37	3827.31
3835.23	2406.11	807	1.#QNAN	0	0.016	0	1.30037e-007	3373.75	3835.23	3826.2
3834.1	2405.37	808	1.#QNAN	0	0	0	1.25894e-007	3364.68	3834.1	3825.1
3832.93	2404.59	809	1.#QNAN	0	0	0	1.28141e-007	3337.21	3832.93	3823.96
3831.78	2403.83	810	1.#QNAN	0	0	0	1.27264e-007	3354.74	3831.78	3822.84
3830.65	2403.06	811	1.#QNAN	0	0.015	0	1.28626e-007	3380.03	3830.65	3821.74
3829.5	2402.3	812	1.#QNAN	0	0	0	1.27689e-007	3358.28	3829.5	3820.62
3828.34	2401.52	813	1.#QNAN	0	0	0	1.25941e-007	3357.3	3828.34	3819.5
3827.24	2400.76	814	1.#QNAN	0	0.016	0	1.28176e-007	3375.41	3827.24	3818.42
3826.13	2400.02	815	1.#QNAN	0	0	0	1.28814e-007	3384.94	3826.13	3817.35
3825.03	2399.3	816	1.#QNAN	0	0	0	1.29265e-007	3401.08	3825.03	3816.28
3823.86	2398.53	817	1.#QNAN	0	0.016	0	1.23999e-007	3362.01	3823.86	3815.14
3822.73	2397.77	818	1.#QNAN	0	0	0	1.2779e-007	3361.34	3822.73	3814.04
3821.62	2397.01	819	1.#QNAN	0	0	0	1.3056e-007	3380.03	3821.62	3812.95
3820.5	2396.26	820	1.#QNAN	0	0.015	0	1.26762e-007	3379.68	3820.5	3811.87
3819.41	2395.5	821	1.#QNAN	0	0	0	1.30446e-007	3376.29	3819.41	3810.8
3818.35	2394.75	822	1.#QNAN	0	0	0	1.27659e-007	3423.02	3818.35	3809.77
3817.22	2394.02	823	1.#QNAN	0	0	0	1.26624e-007	3341.83	3817.22	3808.67
3816.17	2393.28	824	1.#QNAN	0	0.016	0	1.29886e-007	3429.99	3816.17	3807.64
3815.05	2392.53	825	1.#QNAN	0	0	0	1.31226e-007	3381	3815.05	3806.56
3813.94	2391.78	826	1.#QNAN	0	0	0	1.29281e-007	3344.54	3813.94	3805.48
3812.81	2391.01	827	1.#QNAN	0	0.015	0	1.28331e-007	3367.38	3812.81	3804.38
3811.73	2390.29	828	1.#QNAN	0	0	0	1.32534e-007	3370.89	3811.73	3803.33
3810.62	2389.53	829	1.#QNAN	0	0	0	1.31304e-007	3360.56	3810.62	3802.24
3809.54	2388.79	830	1.#QNAN	0	0.016	0	1.30814e-007	3376.29	3809.54	3801.18
3808.44	2388.04	831	1.#QNAN	0	0	0	1.31956e-007	3376.85	3808.44	3800.12
3807.35	2387.33	832	1.#QNAN	0	0	0	1.32912e-007	3342.27	3807.35	3799.05
3806.29	2386.61	833	1.#QNAN	0	0.016	0	1.28784e-007	3378.63	3806.29	3798.02
3805.19	2385.86	834	1.#QNAN	0	0	0	1.3306e-007	3385.2	3805.19	3796.95
3804.2	2385.17	835	1.#QNAN	0	0	0	1.32101e-007	3460.03	3804.2	3795.98
3803.09	2384.4	836	1.#QNAN	0	0	0	1.34421e-007	3350.78	3803.09	3794.9
3802	2383.66	837	1.#QNAN	0	0.015	0	1.32934e-007	3375.45	3802	3793.84
3800.91	2382.92	838	1.#QNAN	0	0	0	1.35804e-007	3370.06	3800.91	3792.78
3799.83	2382.2	839	1.#QNAN	0	0	0	1.27676e-007	3377.34	3799.83	3791.73
3798.79	2381.48	840	1.#QNAN	0	0.016	0	1.31651e-007	3386.3	3798.79	3790.71
3797.69	2380.74	841	1.#QNAN	0	0	0	1.2677e-007	3362.56	3797.69	3789.64
3796.59	2379.97	842	1.#QNAN	0	0	0	1.32946e-007	3360.27	3796.59	3788.57
3795.52	2379.23	843	1.#QNAN	0	0.015	0	1.33297e-007	3349.27	3795.52	3787.52
3794.43	2378.49	844	1.#QNAN	0	0	0	1.32001e-007	3359.44	3794.43	3786.46
3793.33	2377.74	845	1.#QNAN	0	0	0	1.30592e-007	3326.31	3793.33	3785.39
3792.26	2376.99	846	1.#QNAN	0	0.016	0	1.29714e-007	3364.02	3792.26	3784.34
3791.19	2376.28	847	1.#QNAN	0	0	0	1.33619e-007	3340.77	3791.19	3783.3
3790.11	2375.52	848	1.#QNAN	0	0	0	1.35277e-007	3354.52	3790.11	3782.24
3789.07	2374.81	849	1.#QNAN	0	0	0	1.34417e-007	3389.24	3789.07	3781.23
3788.01	2374.07	850	1.#QNAN	0	0.016	0	1.32727e-007	3378.39	3788.01	3780.2
3786.92	2373.32	851	1.#QNAN	0	0	0	1.32728e-007	3343	3786.92	3779.14
3785.83	2372.56	852	1.#QNAN	0	0	0	1.29228e-007	3343.32	3785.83	3778.07
3784.77	2371.82	853	1.#QNAN	0	0.015	0	1.36188e-007	3378.84	3784.77	3777.05
3783.67	2371.03	854	1.#QNAN	0	0	0	1.31172e-007	3342.69	3783.67	3775.97
3782.62	2370.31	855	1.#QNAN	0	0	0	1.31006e-007	3362.14	3782.62	3774.95
3781.52	2369.51	856	1.#QNAN	0	0.016	1	1.33772e-007	3333.9	3781.52	3773.87
3780.45	2368.78	857	1.#QNAN	0	0	0	1.33831e-007	3363.11	3780.45	3772.84
3779.37	2368.02	858	1.#QNAN	0	0	0	1.31739e-007	3347.19	3779.37	3771.78
3778.3	2367.25	859	1.#QNAN	0	0	0	1.30335e-007	3345.71	3778.3	3770.74
3777.24	2366.5	860	1.#QNAN	0	0.015	0	1.31687e-007	3355.47	3777.24	3769.7
3776.14	2365.71	861	1.#QNAN	0	0	0	1.34758e-007	3342.07	3776.14	3768.63
3775.1	2364.96	862	1.#QNAN	0	0	0	1.3523e-007	3373.13	3775.1	3767.61
3774.06	2364.21	863	1.#QNAN	0	0.016	0	1.34184e-007	3360.38	3774.06	3766.6
3772.97	2363.47	864	1.#QNAN	0	0	0	1.35859e-007	3329.79	3772.97	3765.54
3771.92	2362.74	865	1.#QNAN	0	0	0	1.34086e-007	3341.03	3771.92	3764.51
3770.94	2362.06	866	1.#QNAN	0	0	0	1.34467e-007	3375	3770.94	3763.55
3769.92	2361.34	867	1.#QNAN	0	0.016	0	1.33922e-007	3385.75	3769.92	3762.56
3768.91	2360.62	868	1.#QNAN	0	0	0	1.31076e-007	3382.93	3768.91	3761.58
3767.87	2359.88	869	1.#QNAN	0	0	0	1.40255e-007	3339.49	3767.87	3760.56
3766.83	2359.16	870	1.#QNAN	0	0.015	0	1.39038e-007	3381.52	3766.83	3759.55
3765.82	2358.46	871	1.#QNAN	0	0	0	1.34474e-007	3370.35	3765.82	3758.56
3764.79	2357.74	872	1.#QNAN	0	0	0	1.40194e-007	3358.88	3764.79	3757.56
3763.78	2357.03	873	1.#QNAN	0	0.016	0	1.35726e-007	3358.57	3763.78	3756.57
3762.74	2356.3	874	1.#QNAN	0	0	0	1.37601e-007	3309.29	3762.74	3755.55
3761.71	2355.55	875	1.#QNAN	0	0	0	1.34184e-007	3343.42	3761.71	3754.55
3760.7	2354.82	876	1.#QNAN	0	0.015	0	1.33642e-007	3327.14	3760.7	3753.56
3759.69	2354.11	877	1.#QNAN	0	0	0	1.35724e-007	3369.1	3759.69	3752.58
3758.65	2353.38	878	1.#QNAN	0	0	0	1.34532e-007	3344.87	3758.65	3751.56
3757.66	2352.67	879	1.#QNAN	0	0	0	1.32683e-007	3337.05	3757.66	3750.59
3756.68	2351.98	880	1.#QNAN	0	0.016	0	1.37118e-007	3390.93	3756.68	3749.63
3755.68	2351.28	881	1.#QNAN	0	0	0	1.39767e-007	3348.47	3755.68	3748.66
3754.69	2350.58	882	1.#QNAN	0	0	0	1.32479e-007	3338	3754.69	3747.69
3753.7	2349.87	883	1.#QNAN	0	0.016	0	1.39256e-007	3368.73	3753.7	3746.72
3752.69	2349.17	884	1.#QNAN	0	0	0	1.35795e-007	3320.02	3752.69	3745.74
3751.67	2348.45	885	1.#QNAN	0	0	0	1.42111e-007	3331.28	3751.67	3744.74
3750.67	2347.74	886	1.#QNAN	0	0.015	0	1.36134e-007	3336.55	3750.67	3743.77
3749.67	2347.02	887	1.#QNAN	0	0	0	1.38712e-007	3342.68	3749.67	3742.79
3748.68	2346.31	888	1.#QNAN	0	0	0	1.38296e-007	3336.65	3748.68	3741.82
3747.72	2345.64	889	1.#QNAN	0	0.016	0	1.36098e-007	3366.43	3747.72	3740.89
3746.73	2344.94	890	1.#QNAN	0	0	0	1.35765e-007	3334.53	3746.73	3739.93
3745.73	2344.23	891	1.#QNAN	0	0	0	1.37927e-007	3318.24	3745.73	3738.95
3744.71	2343.5	892	1.#QNAN	0	0.015	0	1.43757e-007	3307.89	3744.71	3737.95
3743.74	2342.8	893	1.#QNAN	0	0	0	1.37319e-007	3369.66	3743.74	3737.01
3742.74	2342.09	894	1.#QNAN	0	0	0	1.3864e-007	3327.88	3742.74	3736.03
3741.72	2341.36	895	1.#QNAN	0	0.016	0	1.43565e-007	3320.73	3741.72	3735.03
3740.69	2340.62	896	1.#QNAN	0	0	0	1.40673e-007	3308.08	3740.69	3734.03
3739.67	2339.89	897	1.#QNAN	0	0	0	1.40916e-007	3286.05	3739.67	3733.03
3738.66	2339.16	898	1.#QNAN	0	0	0	1.36147e-007	3305.2	3738.66	3732.04
3737.67	2338.47	899	1.#QNAN	0	0.016	0	1.41593e-007	3317.81	3737.67	3731.07
3736.67	2337.77	900	1.#QNAN	0	0	0	1.39007e-007	3294.46	3736.67	3730.09
3735.66	2337.06	901	1.#QNAN	0	0	0	1.3703e-007	3301.84	3735.66	3729.11
3734.64	2336.34	902	1.#QNAN	0	0.015	0	1.41369e-007	3297.51	3734.64	3728.12
3733.65	2335.62	903	1.#QNAN	0	0	0	1.34505e-007	3317.9	3733.65	3727.15
3732.65	2334.87	904	1.#QNAN	0	0	0	1.40636e-007	3329.94	3732.65	3726.17
3731.65	2334.16	905	1.#QNAN	0	0.016	0	1.39788e-007	3298.19	3731.65	3725.19
3730.63	2333.44	906	1.#QNAN	0	0	0	1.42162e-007	3281.18	3730.63	3724.2
3729.66	2332.78	907	1.#QNAN	0	0	0	1.40545e-007	3318.66	3729.66	3723.25
3728.65	2332.08	908	1.#QNAN	0	0.015	0	1.40156e-007	3301.09	3728.65	3722.27
3727.73	2331.42	909	1.#QNAN	0	0	0	1.40515e-007	3353.03	3727.73	3721.37
3726.75	2330.71	910	1.#QNAN	0	0	0	1.41594e-007	3311.27	3726.75	3720.4
3725.75	2329.99	911	1.#QNAN	0	0	0	1.35627e-007	3287.64	3725.75	3719.42
3724.79	2329.3	912	1.#QNAN	0	0.016	0	1.41003e-007	3323.31	3724.79	3718.49
3723.81	2328.63	913	1.#QNAN	0	0	0	1.40687e-007	3299.13	3723.81	3717.54
3722.84	2327.92	914	1.#QNAN	0	0	0	1.44588e-007	3309.58	3722.84	3716.58
3721.85	2327.22	915	1.#QNAN	0	0.016	0	1.48839e-007	3293.89	3721.85	3715.61
3720.86	2326.51	916	1.#QNAN	0	0	0	1.37826e-007	3294.86	3720.86	3714.65
3719.88	2325.83	917	1.#QNAN	0	0	0	1.35712e-007	3293.14	3719.88	3713.69
3718.89	2325.13	918	1.#QNAN	0	0.015	0	1.42846e-007	3318	3718.89	3712.73
3717.9	2324.43	919	1.#QNAN	0	0	0	1.38914e-007	3299.39	3717.9	3711.75
3716.98	2323.77	920	1.#QNAN	0	0	0	1.43752e-007	3340.59	3716.98	3710.85
3716.03	2323.11	921	1.#QNAN	0	0	0	1.41298e-007	3318.84	3716.03	3709.93
3715.08	2322.43	922	1.#QNAN	0	0.016	0	1.43682e-007	3314.43	3715.08	3708.99
3714.16	2321.79	923	1.#QNAN	0	0	0	1.46053e-007	3332.98	3714.16	3708.1
3713.25	2321.14	924	1.#QNAN	0	0	0	1.44657e-007	3347	3713.25	3707.21
3712.33	2320.5	925	1.#QNAN	0	0.015	0	1.42261e-007	3321.86	3712.33	3706.31
3711.43	2319.89	926	1.#QNAN	0	0	0	1.44053e-007	3309.84	3711.43	3705.43
3710.51	2319.26	927	1.#QNAN	0	0	0	1.44438e-007	3326.64	3710.51	3704.53
3709.57	2318.6	928	1.#QNAN	0	0	0	1.40105e-007	3302.03	3709.57	3703.61
3708.63	2317.94	929	1.#QNAN	0	0.016	0	1.40422e-007	3299.66	3708.63	3702.68
3707.72	2317.31	930	1.#QNAN	0	0	0	1.40181e-007	3332.17	3707.72	3701.79
3706.8	2316.67	931	1.#QNAN	0	0	0	1.44255e-007	3330.23	3706.8	3700.89
3705.87	2316.01	932	1.#QNAN	0	0.016	0	1.43945e-007	3314.42	3705.87	3699.98
3704.95	2315.36	933	1.#QNAN	0	0	0	1.45391e-007	3327.96	3704.95	3699.09
3704.06	2314.7	934	1.#QNAN	0	0	0	1.45877e-007	3331.39	3704.06	3698.21
3703.16	2314.08	935	1.#QNAN	0	0.015	0	1.48447e-007	3339.95	3703.16	3697.33
3702.22	2313.39	936	1.#QNAN	0	0	0	1.42389e-007	3291.32	3702.22	3696.41
3701.28	2312.72	937	1.#QNAN	0	0	0	1.41437e-007	3284.63	3701.28	3695.49
3700.36	2312.06	938	1.#QNAN	0	0	0	1.43334e-007	3294.78	3700.36	3694.59
3699.39	2311.38	939	1.#QNAN	0	0.016	0	1.443e-007	3250.59	3699.39	3693.64
3698.49	2310.72	940	1.#QNAN	0	0	0	1.44409e-007	3318.19	3698.49	3692.76
3697.58	2310.08	941	1.#QNAN	0	0	0	1.42389e-007	3300.18	3697.58	3691.86
3696.68	2309.44	942	1.#QNAN	0	0.016	0	1.44933e-007	3320.66	3696.68	3690.99
3695.76	2308.79	943	1.#QNAN	0	0	0	1.39209e-007	3299.22	3695.76	3690.09
3694.86	2308.15	944	1.#QNAN	0	0	0	1.44515e-007	3332.22	3694.86	3689.2
3693.96	2307.49	945	1.#QNAN	0	0.015	0	1.43643e-007	3304.98	3693.96	3688.32
3693.06	2306.85	946	1.#QNAN	0	0	0	1.4456e-007	3320.1	3693.06	3687.44
3692.17	2306.22	947	1.#QNAN	0	0	0	1.4658e-007	3314.44	3692.17	3686.57
3691.26	2305.57	948	1.#QNAN	0	0	0	1.4538e-007	3309.83	3691.26	3685.68
3690.35	2304.94	949	1.#QNAN	0	0.016	0	1.43329e-007	3300.75	3690.35	3684.79
3689.44	2304.29	950	1.#QNAN	0	0	0	1.46416e-007	3333.31	3689.44	3683.9
3688.53	2303.64	951	1.#QNAN	0	0	0	1.41356e-007	3278.66	3688.53	3683.01
3687.66	2303.01	952	1.#QNAN	0	0.015	0	1.42597e-007	3314.64	3687.66	3682.15
3686.75	2302.37	953	1.#QNAN	0	0	0	1.45094e-007	3286.14	3686.75	3681.26
3685.87	2301.76	954	1.#QNAN	0	0	0	1.47603e-007	3297.58	3685.87	3680.4
3684.96	2301.12	955	1.#QNAN	0	0.016	0	1.4582e-007	3284.12	3684.96	3679.51
3684.06	2300.49	956	1.#QNAN	0	0	0	1.46021e-007	3288.97	3684.06	3678.63
3683.17	2299.86	957	1.#QNAN	0	0	0	1.46513e-007	3295.2	3683.17	3677.76
3682.28	2299.24	958	1.#QNAN	0	0.016	0	1.46708e-007	3307.55	3682.28	3676.88
3681.39	2298.62	959	1.#QNAN	0	0	0	1.44501e-007	3292.39	3681.39	3676.01
3680.49	2297.97	960	1.#QNAN	0	0	0	1.46784e-007	3263.63	3680.49	3675.13
3679.57	2297.34	961	1.#QNAN	0	0	0	1.4334e-007	3249.74	3679.57	3674.23
3678.66	2296.71	962	1.#QNAN	0	0.015	0	1.4243e-007	3279.58	3678.66	3673.34
3677.75	2296.05	963	1.#QNAN	0	0	0	1.47019e-007	3249.18	3677.75	3672.44
3676.86	2295.4	964	1.#QNAN	0	0	0	1.44982e-007	3295.7	3676.86	3671.57
3675.97	2294.76	965	1.#QNAN	0	0.016	0	1.46863e-007	3287.28	3675.97	3670.7
3675.1	2294.15	966	1.#QNAN	0	0	0	1.48129e-007	3293.77	3675.1	3669.85
3674.19	2293.49	967	1.#QNAN	0	0	0	1.45952e-007	3254.36	3674.19	3668.95
3673.29	2292.89	968	1.#QNAN	0	0.015	0	1.50047e-007	3270.62	3673.29	3668.08
3672.37	2292.23	969	1.#QNAN	0	0	0	1.4589e-007	3259.4	3672.37	3667.18
3671.47	2291.58	970	1.#QNAN	0	0	0	1.50132e-007	3268.32	3671.47	3666.29
3670.59	2290.94	971	1.#QNAN	0	0	0	1.45005e-007	3263.14	3670.59	3665.42
3669.68	2290.32	972	1.#QNAN	0	0.016	0	1.48202e-007	3261.9	3669.68	3664.54
3668.78	2289.68	973	1.#QNAN	0	0	0	1.48728e-007	3243.82	3668.78	3663.65
3667.86	2289.04	974	1.#QNAN	0	0	0	1.54075e-007	3246.44	3667.86	3662.75
3666.96	2288.41	975	1.#QNAN	0	0.016	0	1.48131e-007	3244.55	3666.96	3661.87
3666.05	2287.77	976	1.#QNAN	0	0	0	1.577e-007	3223.83	3666.05	3660.97
3665.16	2287.14	977	1.#QNAN	0	0	0	1.52531e-007	3262.27	3665.16	3660.1
3664.29	2286.53	978	1.#QNAN	0	0.015	0	1.49556e-007	3264.71	3664.29	3659.25
3663.42	2285.88	979	1.#QNAN	0	0	0	1.52049e-007	3263.31	3663.42	3658.4
3662.55	2285.28	980	1.#QNAN	0	0	0	1.51071e-007	3279.21	3662.55	3657.54
3661.71	2284.67	981	1.#QNAN	0	0	0	1.41994e-007	3298.68	3661.71	3656.72
3660.85	2284.08	982	1.#QNAN	0	0.016	0	1.5028e-007	3265.73	3660.85	3655.88
3660.01	2283.47	983	1.#QNAN	0	0	0	1.50773e-007	3282.84	3660.01	3655.05
3659.16	2282.87	984	1.#QNAN	0	0	0	1.49531e-007	3311.33	3659.16	3654.23
3658.31	2282.27	985	1.#QNAN	0	0.015	0	1.48777e-007	3258.03	3658.31	3653.39
3657.43	2281.66	986	1.#QNAN	0	0	0	1.51851e-007	3249.22	3657.43	3652.53
3656.57	2281.08	987	1.#QNAN	0	0	0	1.44648e-007	3232.95	3656.57	3651.68
3655.7	2280.48	988	1.#QNAN	0	0	0	1.46477e-007	3232.86	3655.7	3650.83
3654.82	2279.88	989	1.#QNAN	0	0.016	0	1.48725e-007	3245.94	3654.82	3649.96
3653.97	2279.29	990	1.#QNAN	0	0	0	1.55649e-007	3252.15	3653.97	3649.13
3653.13	2278.72	991	1.#QNAN	0	0	0	1.49736e-007	3281.02	3653.13	3648.3
3652.29	2278.11	992	1.#QNAN	0	0.016	0	1.50406e-007	3260.78	3652.29	3647.48
3651.47	2277.53	993	1.#QNAN	0	0	0	1.52105e-007	3278.22	3651.47	3646.67
3650.61	2276.94	994	1.#QNAN	0	0	0	1.48805e-007	3268.51	3650.61	3645.83
3649.72	2276.32	995	1.#QNAN	0	0.015	0	1.46408e-007	3235.84	3649.72	3644.96
3648.88	2275.73	996	1.#QNAN	0	0	0	1.51839e-007	3281.32	3648.88	3644.14
3648.04	2275.14	997	1.#QNAN	0	0	0	1.51134e-007	3248.75	3648.04	3643.3
3647.19	2274.55	998	1.#QNAN	0	0	0	1.51318e-007	3252.23	3647.19	3642.47
3646.35	2273.98	999	1.#QNAN	0	0.016	0	1.5408e-007	3242.52	3646.35	3641.64
3645.5	2273.37	1000	1.#QNAN	0	0	0	1.52234e-007	3261.01	3645.5	3640.81
3644.67	2272.81	1001	1.#QNAN	0	0	0	1.52156e-007	3254.33	3644.67	3640
3643.82	2272.22	1002	1.#QNAN	0	0.015	0	1.52379e-007	3248.68	3643.82	3639.17
3642.97	2271.62	1003	1.#QNAN	0	0	0	1.53752e-007	3243.9	3642.97	3638.33
3642.15	2271.05	1004	1.#QNAN	0	0	0	1.48044e-007	3250.55	3642.15	3637.52
3641.31	2270.48	1005	1.#QNAN	0	0.016	0	1.49781e-007	3243.67	3641.31	3636.7
3640.47	2269.9	1006	1.#QNAN	0	0	0	1.49423e-007	3274.3	3640.47	3635.88
3639.65	2269.34	1007	1.#QNAN	0	0	0	1.4871e-007	3231.71	3639.65	3635.07
3638.83	2268.76	1008	1.#QNAN	0	0.016	0	1.52583e-007	3240.01	3638.83	3634.27
3638.01	2268.21	1009	1.#QNAN	0	0	0	1.46026e-007	3265.36	3638.01	3633.46
3637.2	2267.67	1010	1.#QNAN	0	0	0	1.45297e-007	3260.35	3637.2	3632.67
3636.37	2267.11	1011	1.#QNAN	0	0	0	1.53796e-007	3233.09	3636.37	3631.85
3635.53	2266.52	1012	1.#QNAN	0	0.015	0	1.5281e-007	3226	3635.53	3631.03
3634.69	2265.94	1013	1.#QNAN	0	0	0	1.49977e-007	3229.69	3634.69	3630.2
3633.85	2265.35	1014	1.#QNAN	0	0	0	1.55146e-007	3216.85	3633.85	3629.38
3633.03	2264.81	1015	1.#QNAN	0	0.016	0	1.5057e-007	3234.86	3633.03	3628.57
3632.19	2264.23	1016	1.#QNAN	0	0	0	1.50838e-007	3232.32	3632.19	3627.75
3631.35	2263.67	1017	1.#QNAN	0	0	0	1.51399e-007	3225.46	3631.35	3626.92
3630.5	2263.08	1018	1.#QNAN	0	0.015	0	1.55908e-007	3195.54	3630.5	3626.08
3629.67	2262.49	1019	1.#QNAN	0	0	0	1.49152e-007	3238.21	3629.67	3625.27
3628.84	2261.93	1020	1.#QNAN	0	0	0	1.4932e-007	3239.53	3628.84	3624.45
3628.01	2261.37	1021	1.#QNAN	0	0	0	1.55868e-007	3223.59	3628.01	3623.64
3627.19	2260.79	1022	1.#QNAN	0	0.016	0	1.58906e-007	3244.56	3627.19	3622.83
3626.37	2260.24	1023	1.#QNAN	0	0	0	1.52016e-007	3226.07	3626.37	3622.02
3625.53	2259.68	1024	1.#QNAN	0	0	0	1.54061e-007	3223.46	3625.53	3621.2
3624.7	2259.11	1025	1.#QNAN	0	0.016	0	1.5165e-007	3216.63	3624.7	3620.39
3623.86	2258.53	1026	1.#QNAN	0	0	0	1.54576e-007	3199.5	3623.86	3619.56
3623.03	2257.94	1027	1.#QNAN	0	0	0	1.51614e-007	3231.85	3623.03	3618.75
3622.21	2257.37	1028	1.#QNAN	0	0.015	0	1.52641e-007	3211.24	3622.21	3617.94
3621.36	2256.8	1029	1.#QNAN	0	0	0	1.54856e-007	3197.2	3621.36	3617.1
3620.53	2256.24	1030	1.#QNAN	0	0	0	1.59022e-007	3219.76	3620.53	3616.29
3619.68	2255.66	1031	1.#QNAN	0	0	0	1.58893e-007	3196.68	3619.68	3615.46
3618.82	2255.05	1032	1.#QNAN	0	0.016	0	1.55527e-007	3168.48	3618.82	3614.61
3617.99	2254.47	1033	1.#QNAN	0	0	0	1.51513e-007	3207.07	3617.99	3613.8
3617.16	2253.92	1034	1.#QNAN	0	0	0	1.56938e-007	3189.19	3617.16	3612.98
3616.34	2253.35	1035	1.#QNAN	0	0.015	0	1.55106e-007	3209.19	3616.34	3612.17
3615.49	2252.8	1036	1.#QNAN	0	0	0	1.52027e-007	3177.08	3615.49	3611.34
3614.67	2252.23	1037	1.#QNAN	0	0	0	1.59208e-007	3206.74	3614.67	3610.53
3613.83	2251.66	1038	1.#QNAN	0	0.016	0	1.60446e-007	3189.28	3613.83	3609.71
3612.99	2251.09	1039	1.#QNAN	0	0	0	1.59905e-007	3199.1	3612.99	3608.88
3612.18	2250.55	1040	1.#QNAN	0	0	0	1.54712e-007	3207.54	3612.18	3608.09
3611.39	2250.02	1041	1.#QNAN	0	0	0	1.55275e-007	3246.67	3611.39	3607.31
3610.57	2249.46	1042	1.#QNAN	0	0.016	0	1.5777e-007	3201.31	3610.57	3606.5
3609.76	2248.91	1043	1.#QNAN	0	0	0	1.57718e-007	3206.1	3609.76	3605.71
3608.91	2248.33	1044	1.#QNAN	0	0	0	1.56509e-007	3177.23	3608.91	3604.87
3608.09	2247.78	1045	1.#QNAN	0	0.015	0	1.52632e-007	3187.43	3608.09	3604.07
3607.28	2247.22	1046	1.#QNAN	0	0	0	1.54659e-007	3200.34	3607.28	3603.27
3606.49	2246.68	1047	1.#QNAN	0	0	0	1.57385e-007	3217.21	3606.49	3602.5
3605.7	2246.13	1048	1.#QNAN	0	0.016	0	1.53951e-007	3216.28	3605.7	3601.71
3604.91	2245.59	1049	1.#QNAN	0	0	0	1.55522e-007	3203.05	3604.91	3600.94
3604.09	2245.04	1050	1.#QNAN	0	0	0	1.58737e-007	3153.27	3604.09	3600.13
3603.27	2244.49	1051	1.#QNAN	0	0	0	1.52991e-007	3159.62	3603.27	3599.32
3602.45	2243.96	1052	1.#QNAN	0	0.015	0	1.62121e-007	3150.63	3602.45	3598.52
3601.65	2243.41	1053	1.#QNAN	0	0	0	1.62898e-007	3173.97	3601.65	3597.73
3600.85	2242.86	1054	1.#QNAN	0	0	0	1.61571e-007	3190.63	3600.85	3596.94
3600.07	2242.32	1055	1.#QNAN	0	0.016	0	1.57409e-007	3213.59	3600.07	3596.17
3599.27	2241.77	1056	1.#QNAN	0	0	0	1.54195e-007	3204.9	3599.27	3595.39
3598.46	2241.23	1057	1.#QNAN	0	0	0	1.58399e-007	3166.21	3598.46	3594.59
3597.66	2240.69	1058	1.#QNAN	0	0	0	1.60506e-007	3179.01	3597.66	3593.8
3596.87	2240.17	1059	1.#QNAN	0	0.016	0	1.54234e-007	3196.39	3596.87	3593.03
3596.05	2239.62	1060	1.#QNAN	0	0	0	1.55979e-007	3139.74	3596.05	3592.22
3595.25	2239.08	1061	1.#QNAN	0	0	0	1.59572e-007	3166.41	3595.25	3591.43
3594.41	2238.51	1062	1.#QNAN	0	0.015	1	1.55546e-007	3132.18	3594.41	3590.6
3593.61	2237.98	1063	1.#QNAN	0	0	0	1.52123e-007	3151.56	3593.61	3589.82
3592.84	2237.44	1064	1.#QNAN	0	0	0	1.52529e-007	3206.28	3592.84	3589.06
3592.03	2236.9	1065	1.#QNAN	0	0.016	0	1.61387e-007	3146.56	3592.03	3588.27
3591.21	2236.36	1066	1.#QNAN	0	0	0	1.65213e-007	3133.36	3591.21	3587.46
3590.42	2235.82	1067	1.#QNAN	0	0	0	1.5798e-007	3158.27	3590.42	3586.68
3589.6	2235.29	1068	1.#QNAN	0	0	0	1.59717e-007	3132.26	3589.6	3585.87
3588.75	2234.71	1069	1.#QNAN	0	0.015	0	1.56546e-007	3098.88	3588.75	3585.04
3587.94	2234.18	1070	1.#QNAN	0	0	0	1.63269e-007	3133.57	3587.94	3584.24
3587.12	2233.63	1071	1.#QNAN	0	0	0	1.61247e-007	3134.31	3587.12	3583.43
3586.33	2233.1	1072	1.#QNAN	0	0.016	0	1.64099e-007	3149.55	3586.33	3582.66
3585.54	2232.58	1073	1.#QNAN	0	0	0	1.57056e-007	3131.52	3585.54	3581.88
3584.7	2232.03	1074	1.#QNAN	0	0	0	1.55158e-007	3110.5	3584.7	3581.05
3583.89	2231.49	1075	1.#QNAN	0	0.016	0	1.55866e-007	3131.84	3583.89	3580.26
3583.08	2230.97	1076	1.#QNAN	0	0	0	1.61718e-007	3118.32	3583.08	3579.46
3582.28	2230.43	1077	1.#QNAN	0	0	0	1.63931e-007	3133.81	3582.28	3578.67
3581.48	2229.9	1078	1.#QNAN	0	0	0	1.63184e-007	3128	3581.48	3577.88
3580.69	2229.38	1079	1.#QNAN	0	0.015	0	1.62182e-007	3136.71	3580.69	3577.11
3579.89	2228.82	1080	1.#QNAN	0	0	0	1.618e-007	3148.63	3579.89	3576.32
3579.09	2228.28	1081	1.#QNAN	0	0	0	1.61528e-007	3110.26	3579.09	3575.53
3578.28	2227.73	1082	1.#QNAN	0	0.016	0	1.59356e-007	3096.75	3578.28	3574.73
3577.48	2227.2	1083	1.#QNAN	0	0	0	1.6497e-007	3103.34	3577.48	3573.94
3576.69	2226.67	1084	1.#QNAN	0	0	0	1.6282e-007	3113.46	3576.69	3573.17
3575.87	2226.14	1085	1.#QNAN	0	0.015	0	1.58299e-007	3104.38	3575.87	3572.36
3575.08	2225.63	1086	1.#QNAN	0	0	0	1.57435e-007	3107.36	3575.08	3571.58
3574.29	2225.11	1087	1.#QNAN	0	0	0	1.58926e-007	3119.39	3574.29	3570.8
3573.49	2224.6	1088	1.#QNAN	0	0	0	1.64828e-007	3105.34	3573.49	3570.01
3572.7	2224.08	1089	1.#QNAN	0	0.016	0	1.60973e-007	3124.5	3572.7	3569.24
3571.9	2223.54	1090	1.#QNAN	0	0	0	1.60126e-007	3099.54	3571.9	3568.45
3571.14	2223.04	1091	1.#QNAN	0	0	0	1.56418e-007	3141.57	3571.14	3567.7
3570.34	2222.51	1092	1.#QNAN	0	0.016	0	1.63166e-007	3105.48	3570.34	3566.92
3569.54	2221.98	1093	1.#QNAN	0	0	0	1.58032e-007	3099.35	3569.54	3566.12
3568.75	2221.46	1094	1.#QNAN	0	0	0	1.56579e-007	3113.62	3568.75	3565.34
3567.98	2220.95	1095	1.#QNAN	0	0.015	0	1.58374e-007	3132.19	3567.98	3564.59
3567.21	2220.42	1096	1.#QNAN	0	0	0	1.58338e-007	3144.36	3567.21	3563.82
3566.43	2219.9	1097	1.#QNAN	0	0	0	1.62244e-007	3134.82	3566.43	3563.06
3565.65	2219.39	1098	1.#QNAN	0	0	0	1.58606e-007	3118.65	3565.65	3562.29
3564.86	2218.86	1099	1.#QNAN	0	0.016	0	1.62119e-007	3088.41	3564.86	3561.51
3564.09	2218.35	1100	1.#QNAN	0	0	0	1.59021e-007	3126.51	3564.09	3560.76
3563.31	2217.82	1101	1.#QNAN	0	0	0	1.54526e-007	3109	3563.31	3559.99
3562.53	2217.3	1102	1.#QNAN	0	0.015	0	1.65533e-007	3103.39	3562.53	3559.22
3561.75	2216.76	1103	1.#QNAN	0	0	0	1.66263e-007	3110.27	3561.75	3558.45
3560.99	2216.24	1104	1.#QNAN	0	0	0	1.63551e-007	3129.97	3560.99	3557.7
3560.23	2215.72	1105	1.#QNAN	0	0.016	0	1.59671e-007	3114.73	3560.23	3556.95
3559.46	2215.21	1106	1.#QNAN	0	0	0	1.60046e-007	3106.64	3559.46	3556.19
3558.71	2214.7	1107	1.#QNAN	0	0	0	1.59737e-007	3113.89	3558.71	3555.45
3557.94	2214.18	1108	1.#QNAN	0	0	0	1.6811e-007	3123.77	3557.94	3554.69
3557.18	2213.67	1109	1.#QNAN	0	0.016	0	1.57896e-007	3106.39	3557.18	3553.94
3556.41	2213.15	1110	1.#QNAN	0	0	0	1.66403e-007	3104.96	3556.41	3553.19
3555.63	2212.63	1111	1.#QNAN	0	0	0	1.57041e-007	3101.5	3555.63	3552.41
3554.9	2212.15	1112	1.#QNAN	0	0.015	0	1.67377e-007	3128.73	3554.9	3551.69
3554.14	2211.64	1113	1.#QNAN	0	0	0	1.58482e-007	3100.65	3554.14	3550.94
3553.39	2211.13	1114	1.#QNAN	0	0	0	1.61266e-007	3150.79	3553.39	3550.21
3552.64	2210.62	1115	1.#QNAN	0	0.016	0	1.56759e-007	3109.87	3552.64	3549.47
3551.92	2210.13	1116	1.#QNAN	0	0	0	1.6381e-007	3159.56	3551.92	3548.76
3551.18	2209.63	1117	1.#QNAN	0	0	0	1.65151e-007	3116.6	3551.18	3548.03
3550.43	2209.13	1118	1.#QNAN	0	0	0	1.63853e-007	3099.57	3550.43	3547.29
3549.68	2208.61	1119	1.#QNAN	0	0.015	0	1.59666e-007	3131.4	3549.68	3546.55
3548.93	2208.11	1120	1.#QNAN	0	0	0	1.62102e-007	3128.59	3548.93	3545.81
3548.21	2207.62	1121	1.#QNAN	0	0	0	1.61139e-007	3145.37	3548.21	3545.1
3547.46	2207.11	1122	1.#QNAN	0	0.016	0	1.67728e-007	3134.03	3547.46	3544.37
3546.71	2206.61	1123	1.#QNAN	0	0	0	1.61367e-007	3112.2	3546.71	3543.62
3545.96	2206.1	1124	1.#QNAN	0	0	0	1.61352e-007	3100.7	3545.96	3542.88
3545.2	2205.59	1125	1.#QNAN	0	0.016	0	1.65618e-007	3125.42	3545.2	3542.13
3544.47	2205.09	1126	1.#QNAN	0	0	0	1.67639e-007	3150.27	3544.47	3541.42
3543.75	2204.6	1127	1.#QNAN	0	0	0	1.66252e-007	3112.56	3543.75	3540.7
3543	2204.09	1128	1.#QNAN	0	0	0	1.68489e-007	3116.12	3543	3539.97
3542.27	2203.6	1129	1.#QNAN	0	0.015	0	1.66085e-007	3121.96	3542.27	3539.25
3541.49	2203.09	1130	1.#QNAN	0	0	0	1.62847e-007	3075.56	3541.49	3538.48
3540.76	2202.6	1131	1.#QNAN	0	0	0	1.64555e-007	3121.74	3540.76	3537.76
3540.03	2202.09	1132	1.#QNAN	0	0.016	0	1.66926e-007	3101.3	3540.03	3537.03
3539.29	2201.6	1133	1.#QNAN	0	0	0	1.62073e-007	3107.66	3539.29	3536.31
3538.58	2201.11	1134	1.#QNAN	0	0	0	1.70681e-007	3114.58	3538.58	3535.6
3537.85	2200.62	1135	1.#QNAN	0	0	0	1.62641e-007	3102.18	3537.85	3534.89
3537.12	2200.13	1136	1.#QNAN	0	0.015	0	1.69257e-007	3110.01	3537.12	3534.16
3536.36	2199.63	1137	1.#QNAN	0	0	0	1.71606e-007	3071.1	3536.36	3533.42
3535.64	2199.14	1138	1.#QNAN	0	0	0	1.69422e-007	3094.97	3535.64	3532.7
3534.9	2198.63	1139	1.#QNAN	0	0.016	0	1.71104e-007	3110.92	3534.9	3531.97
3534.17	2198.14	1140	1.#QNAN	0	0	0	1.63399e-007	3110.61	3534.17	3531.26
3533.43	2197.65	1141	1.#QNAN	0	0	0	1.70096e-007	3098.61	3533.43	3530.52
3532.71	2197.16	1142	1.#QNAN	0	0.016	0	1.69576e-007	3111.71	3532.71	3529.81
3531.95	2196.66	1143	1.#QNAN	0	0	0	1.66709e-007	3078.25	3531.95	3529.06
3531.2	2196.17	1144	1.#QNAN	0	0	0	1.6507e-007	3078.86	3531.2	3528.33
3530.46	2195.66	1145	1.#QNAN	0	0	0	1.657e-007	3096.55	3530.46	3527.6
3529.75	2195.17	1146	1.#QNAN	0	0.015	0	1.6618e-007	3108.81	3529.75	3526.89
3529	2194.68	1147	1.#QNAN	0	0	0	1.63574e-007	3102.03	3529	3526.16
3528.29	2194.2	1148	1.#QNAN	0	0	0	1.66804e-007	3109.5	3528.29	3525.45
3527.57	2193.71	1149	1.#QNAN	0	0.016	0	1.66663e-007	3102.19	3527.57	3524.74
3526.84	2193.21	1150	1.#QNAN	0	0	0	1.74063e-007	3096.58	3526.84	3524.02
3526.09	2192.7	1151	1.#QNAN	0	0	0	1.6973e-007	3081.65	3526.09	3523.28
3525.35	2192.21	1152	1.#QNAN	0	0.015	0	1.63915e-007	3082.5	3525.35	3522.55
3524.62	2191.71	1153	1.#QNAN	0	0	0	1.66775e-007	3091.9	3524.62	3521.83
3523.88	2191.2	1154	1.#QNAN	0	0	0	1.68734e-007	3084.51	3523.88	3521.1
3523.15	2190.7	1155	1.#QNAN	0	0.016	0	1.72525e-007	3110.23	3523.15	3520.39
3522.42	2190.21	1156	1.#QNAN	0	0	0	1.63185e-007	3092.7	3522.42	3519.67
3521.69	2189.7	1157	1.#QNAN	0	0	0	1.69963e-007	3103.64	3521.69	3518.95
3520.95	2189.21	1158	1.#QNAN	0	0	0	1.67331e-007	3072.29	3520.95	3518.22
3520.23	2188.7	1159	1.#QNAN	0	0.016	0	1.69937e-007	3117.84	3520.23	3517.51
3519.5	2188.2	1160	1.#QNAN	0	0	0	1.65638e-007	3101.48	3519.5	3516.79
3518.79	2187.7	1161	1.#QNAN	0	0	0	1.72395e-007	3112.75	3518.79	3516.08
3518.07	2187.24	1162	1.#QNAN	0	0.015	0	1.66371e-007	3104.52	3518.07	3515.38
3517.38	2186.74	1163	1.#QNAN	0	0	0	1.70589e-007	3121.27	3517.38	3514.7
3516.65	2186.24	1164	1.#QNAN	0	0	0	1.63241e-007	3092.88	3516.65	3513.98
3515.94	2185.76	1165	1.#QNAN	0	0.016	0	1.64514e-007	3091.22	3515.94	3513.28
3515.25	2185.29	1166	1.#QNAN	0	0	0	1.70615e-007	3117.14	3515.25	3512.59
3514.54	2184.79	1167	1.#QNAN	0	0	0	1.68175e-007	3103.78	3514.54	3511.9
3513.82	2184.29	1168	1.#QNAN	0	0	0	1.65736e-007	3093.99	3513.82	3511.19
3513.12	2183.81	1169	1.#QNAN	0	0.015	0	1.6641e-007	3075.97	3513.12	3510.49
3512.44	2183.34	1170	1.#QNAN	0	0	0	1.71056e-007	3107.42	3512.44	3509.82
3511.74	2182.87	1171	1.#QNAN	0	0	0	1.66184e-007	3084.41	3511.74	3509.13
3511.02	2182.38	1172	1.#QNAN	0	0.016	0	1.69614e-007	3083.01	3511.02	3508.43
3510.31	2181.91	1173	1.#QNAN	0	0	0	1.66447e-007	3082.93	3510.31	3507.72
3509.62	2181.44	1174	1.#QNAN	0	0	0	1.64107e-007	3101.66	3509.62	3507.05
3508.94	2180.97	1175	1.#QNAN	0	0.016	0	1.7069e-007	3098.84	3508.94	3506.38
3508.24	2180.48	1176	1.#QNAN	0	0	0	1.71329e-007	3054.95	3508.24	3505.68
3507.57	2180.04	1177	1.#QNAN	0	0	0	1.69083e-007	3102.03	3507.57	3505.02
3506.9	2179.58	1178	1.#QNAN	0	0.015	0	1.70831e-007	3126.52	3506.9	3504.36
3506.23	2179.12	1179	1.#QNAN	0	0	0	1.65651e-007	3090.72	3506.23	3503.69
3505.53	2178.65	1180	1.#QNAN	0	0	0	1.70894e-007	3091.43	3505.53	3503.01
3504.81	2178.15	1181	1.#QNAN	0	0	0	1.69885e-007	3048.84	3504.81	3502.3
3504.14	2177.69	1182	1.#QNAN	0	0.016	0	1.70751e-007	3091.91	3504.14	3501.63
3503.42	2177.2	1183	1.#QNAN	0	0	0	1.67798e-007	3056.18	3503.42	3500.92
3502.72	2176.71	1184	1.#QNAN	0	0	0	1.69164e-007	3072.49	3502.72	3500.23
3502.01	2176.23	1185	1.#QNAN	0	0.015	0	1.62348e-007	3058.35	3502.01	3499.53
3501.33	2175.77	1186	1.#QNAN	0	0	0	1.83323e-007	3079.17	3501.33	3498.86
3500.64	2175.32	1187	1.#QNAN	0	0	0	1.76019e-007	3053.79	3500.64	3498.17
3499.96	2174.87	1188	1.#QNAN	0	0.016	0	1.72128e-007	3080.31	3499.96	3497.51
3499.28	2174.42	1189	1.#QNAN	0	0	0	1.72539e-007	3062.59	3499.28	3496.83
3498.58	2173.97	1190	1.#QNAN	0	0	0	1.69455e-007	3066.56	3498.58	3496.14
3497.91	2173.52	1191	1.#QNAN	0	0.016	0	1.75193e-007	3089.32	3497.91	3495.48
3497.23	2173.08	1192	1.#QNAN	0	0	0	1.68861e-007	3069.69	3497.23	3494.81
3496.53	2172.6	1193	1.#QNAN	0	0	0	1.68826e-007	3040.59	3496.53	3494.12
3495.84	2172.15	1194	1.#QNAN	0	0	0	1.68332e-007	3056.28	3495.84	3493.43
3495.14	2171.71	1195	1.#QNAN	0	0.015	0	1.76706e-007	3032.32	3495.14	3492.74
3494.42	2171.25	1196	1.#QNAN	0	0	0	1.74906e-007	3031.35	3494.42	3492.03
3493.71	2170.8	1197	1.#QNAN	0	0	0	1.75269e-007	3033.22	3493.71	3491.33
3493.02	2170.35	1198	1.#QNAN	0	0.016	0	1.7148e-007	3041.33	3493.02	3490.65
3492.32	2169.9	1199	1.#QNAN	0	0	0	1.7419e-007	3040.96	3492.32	3489.96
