rmse	mae	#iter	time_pred	time_learn	time_learn2	time_learn4	alpha	rmse_mcmc_this	rmse_mcmc_all	rmse_mcmc_all_but5
9561.85	7225.19	0	1.#QNAN	0	0.016	0	2.99483e-010	9561.85	9561.85	4115.63
9438.86	7192.36	1	1.#QNAN	0	0	0	6.17769e-009	9679.1	9438.86	4115.63
9124.87	6998.11	2	1.#QNAN	0	0.016	0	6.71819e-009	8651.47	9124.87	4115.63
8866.65	6812.41	3	1.#QNAN	0	0	0	8.90292e-009	8241.8	8866.65	4115.63
8572.28	6585.49	4	1.#QNAN	0	0.015	0	1.05861e-008	7512.74	8572.28	32670.1
8248.83	6338.3	5	1.#QNAN	0	0.016	0	1.23265e-008	6797.04	8248.83	6797.04
7955.38	6107.28	6	1.#QNAN	0	0	0	1.53447e-008	6383.96	7955.38	6545.09
7668.64	5881.83	7	1.#QNAN	0	0.015	0	1.79876e-008	5931.34	7668.64	6302.99
7387.34	5657.44	8	1.#QNAN	0	0	0	2.2343e-008	5489.78	7387.34	6066.04
7123.63	5446.42	9	1.#QNAN	0	0.016	0	2.48093e-008	5142.78	7123.63	5850.39
6891.1	5257.92	10	1.#QNAN	0	0	0	2.95586e-008	4977.72	6891.1	5679.88
6673.59	5080.57	11	1.#QNAN	0	0.016	0	3.33515e-008	4775.84	6673.59	5520.59
6477.3	4918.24	12	1.#QNAN	0	0	0	3.51907e-008	4642.52	6477.3	5382.93
6297.21	4768.03	13	1.#QNAN	0	0.015	0	3.84061e-008	4464.27	6297.21	5257.16
6125.82	4626.59	14	1.#QNAN	0	0.016	0	3.91537e-008	4338.86	6125.82	5135.76
5967.42	4498.33	15	1.#QNAN	0	0	0	4.46809e-008	4196.29	5967.42	5023.97
5826.18	4384.44	16	1.#QNAN	0	0.015	0	4.89075e-008	4176.57	5826.18	4928.72
5690.67	4274.66	17	1.#QNAN	0	0	0	4.97282e-008	4034.62	5690.67	4834.75
5564.54	4170.46	18	1.#QNAN	0	0.016	0	5.4602e-008	3990.03	5564.54	4748.12
5444.34	4071.89	19	1.#QNAN	0	0.016	0	5.63366e-008	3870.66	5444.34	4664.71
5334.34	3981.26	20	1.#QNAN	0	0	0	6.12935e-008	3852.51	5334.34	4590
5233.23	3896.81	21	1.#QNAN	0	0.015	0	6.12527e-008	3810.64	5233.23	4522.2
5134.5	3816.1	22	1.#QNAN	0	0.016	1	6.37644e-008	3695.46	5134.5	4453.83
5042.99	3739.66	23	1.#QNAN	0	0	0	6.75892e-008	3629.1	5042.99	4390.85
4955.66	3667.77	24	1.#QNAN	0	0.015	0	7.27675e-008	3591.26	4955.66	4330.9
4874.9	3601.7	25	1.#QNAN	0	0.016	0	7.70475e-008	3536.68	4874.9	4275.94
4801.07	3542.21	26	1.#QNAN	0	0	0	8.00529e-008	3546.07	4801.07	4226.61
4729.74	3485.04	27	1.#QNAN	0	0.016	0	7.93121e-008	3474.53	4729.74	4177.92
4662.6	3431.9	28	1.#QNAN	0	0	0	7.9213e-008	3440.7	4662.6	4132.35
4600.78	3382.4	29	1.#QNAN	0	0.015	0	7.92289e-008	3442.6	4600.78	4091.16
4542.18	3335.39	30	1.#QNAN	0	0.016	0	8.37144e-008	3398.66	4542.18	4051.77
4485.61	3290.44	31	1.#QNAN	0	0	0	8.82868e-008	3322.88	4485.61	4012.91
4431.79	3248.18	32	1.#QNAN	0	0.015	0	8.89935e-008	3296.88	4431.79	3975.94
4381.84	3208.08	33	1.#QNAN	0	0	0	9.07393e-008	3254.64	4381.84	3941.48
4333.48	3168.96	34	1.#QNAN	0	0.016	0	9.50699e-008	3220.17	4333.48	3907.66
4287.83	3132.93	35	1.#QNAN	0	0.016	0	9.61083e-008	3175.33	4287.83	3875.34
4244.35	3098.8	36	1.#QNAN	0	0	0	9.71597e-008	3143.15	4244.35	3844.42
4202.6	3064.8	37	1.#QNAN	0	0.015	0	9.98653e-008	3118.81	4202.6	3814.88
4161.53	3031.94	38	1.#QNAN	0	0	0	1.04802e-007	3094.77	4161.53	3785.3
4121.22	3000.18	39	1.#QNAN	0	0.016	0	1.09166e-007	3001.95	4121.22	3755.54
4082.84	2970.29	40	1.#QNAN	0	0.015	0	1.09904e-007	2959.61	4082.84	3727.11
4046.7	2942.29	41	1.#QNAN	0	0	0	1.15425e-007	2962.85	4046.7	3700.47
4012.18	2914.87	42	1.#QNAN	0	0.016	0	1.22582e-007	2935.84	4012.18	3675.06
3977.94	2888.34	43	1.#QNAN	0	0	0	1.20037e-007	2900.19	3977.94	3649.53
3945.47	2862.67	44	1.#QNAN	0	0.016	0	1.24347e-007	2902.44	3945.47	3625.39
3913.23	2837.46	45	1.#QNAN	0	0	0	1.27544e-007	2863.4	3913.23	3600.94
3881.47	2812.68	46	1.#QNAN	0	0.015	0	1.28257e-007	2813.06	3881.47	3576.56
3851.14	2788.75	47	1.#QNAN	0	0	0	1.30537e-007	2825.72	3851.14	3553.5
3821.19	2765.1	48	1.#QNAN	0	0.016	0	1.36848e-007	2748.71	3821.19	3530.29
3793	2742.88	49	1.#QNAN	0	0.015	0	1.3965e-007	2755.39	3793	3508.63
3765.42	2720.74	50	1.#QNAN	0	0	0	1.402e-007	2740.03	3765.42	3487.31
3738.69	2699.23	51	1.#QNAN	0	0.016	0	1.45312e-007	2720.94	3738.69	3466.5
3712.55	2678.62	52	1.#QNAN	0	0	0	1.48073e-007	2685.25	3712.55	3445.88
3686.68	2658.25	53	1.#QNAN	0	0.016	0	1.52299e-007	2651.68	3686.68	3425.34
3662.07	2638.62	54	1.#QNAN	0	0.015	0	1.53287e-007	2660.76	3662.07	3405.88
3637.31	2619.13	55	1.#QNAN	0	0	0	1.58109e-007	2591.23	3637.31	3385.98
3613.26	2599.99	56	1.#QNAN	0	0.016	0	1.67768e-007	2585.94	3613.26	3366.59
3589.79	2581.21	57	1.#QNAN	0	0	0	1.68217e-007	2570.54	3589.79	3347.72
3566.15	2562.64	58	1.#QNAN	0	0.015	0	1.71592e-007	2489.83	3566.15	3328.32
3543.98	2545.09	59	1.#QNAN	0	0	0	1.6885e-007	2526.02	3543.98	3310.36
3522.02	2527.81	60	1.#QNAN	0	0.016	0	1.81991e-007	2481.68	3522.02	3292.36
3500.84	2510.86	61	1.#QNAN	0	0.016	0	1.79248e-007	2492.89	3500.84	3275.12
3479.98	2494.29	62	1.#QNAN	0	0	0	1.90106e-007	2462.32	3479.98	3257.97
3459.39	2477.64	63	1.#QNAN	0	0.015	0	1.92403e-007	2456.38	3459.39	3241.06
3438.76	2461.13	64	1.#QNAN	0	0.016	0	1.99073e-007	2407.3	3438.76	3224
3419.01	2445.32	65	1.#QNAN	0	0	0	1.97702e-007	2418.17	3419.01	3207.67
3399.14	2429.52	66	1.#QNAN	0	0.016	0	2.07004e-007	2378.72	3399.14	3191.12
3379.63	2413.83	67	1.#QNAN	0	0.015	0	2.01771e-007	2361.75	3379.63	3174.89
3360.53	2398.67	68	1.#QNAN	0	0	0	2.10697e-007	2358.06	3360.53	3158.96
3342.08	2383.95	69	1.#QNAN	0	0.016	0	2.1876e-007	2363.91	3342.08	3143.57
3323.4	2369.18	70	1.#QNAN	0	0	0	2.17561e-007	2305.44	3323.4	3127.76
3305.08	2354.69	71	1.#QNAN	0	0.015	0	2.14056e-007	2281.68	3305.08	3112.17
3286.86	2340.4	72	1.#QNAN	0	0	0	2.21345e-007	2255.47	3286.86	3096.63
3268.87	2326.28	73	1.#QNAN	0	0	0	2.32959e-007	2244.31	3268.87	3081.29
3251.46	2312.59	74	1.#QNAN	0	0.016	0	2.31534e-007	2253.53	3251.46	3066.38
3234.09	2298.98	75	1.#QNAN	0	0	0	2.33152e-007	2230.9	3234.09	3051.54
3217.1	2285.53	76	1.#QNAN	0	0.015	0	2.40065e-007	2235.98	3217.1	3037.05
3200.39	2272.2	77	1.#QNAN	0	0	0	2.5038e-007	2212.84	3200.39	3022.74
3183.89	2259.13	78	1.#QNAN	0	0.016	0	2.44588e-007	2193.95	3183.89	3008.53
3167.52	2246.2	79	1.#QNAN	0	0	0	2.66256e-007	2173.19	3167.52	2994.37
3151.51	2233.44	80	1.#QNAN	0	0.015	0	2.63767e-007	2166.36	3151.51	2980.56
3135.78	2220.92	81	1.#QNAN	0	0.016	0	2.57313e-007	2162.29	3135.78	2966.91
3120.29	2208.61	82	1.#QNAN	0	0	0	2.7411e-007	2140.73	3120.29	2953.44
3104.86	2196.45	83	1.#QNAN	0	0.016	0	2.71484e-007	2113.12	3104.86	2940
3089.72	2184.53	84	1.#QNAN	0	0	0	2.78417e-007	2114.37	3089.72	2926.81
3074.75	2172.83	85	1.#QNAN	0	0.015	0	2.89576e-007	2094.52	3074.75	2913.75
3059.93	2161.21	86	1.#QNAN	0	0.016	0	2.8583e-007	2087.11	3059.93	2900.74
3045.46	2149.97	87	1.#QNAN	0	0	0	2.88199e-007	2079.87	3045.46	2888.08
3031.02	2138.9	88	1.#QNAN	0	0.015	0	2.89287e-007	2052.22	3031.02	2875.39
3016.72	2128.01	89	1.#QNAN	0	0	0	2.9875e-007	2061.4	3016.72	2862.77
3002.58	2117.11	90	1.#QNAN	0	0.016	0	2.95571e-007	2028.85	3002.58	2850.28
2988.65	2106.42	91	1.#QNAN	0	0	0	3.01652e-007	2014.88	2988.65	2837.95
2975.05	2095.97	92	1.#QNAN	0	0.016	0	3.13959e-007	2004.46	2975.05	2825.93
2961.74	2085.81	93	1.#QNAN	0	0.015	0	3.14251e-007	2006.1	2961.74	2814.2
2948.53	2075.67	94	1.#QNAN	0	0	0	3.18976e-007	1979.22	2948.53	2802.48
2935.33	2065.63	95	1.#QNAN	0	0.016	0	3.22649e-007	1969.79	2935.33	2790.77
2922.26	2055.64	96	1.#QNAN	0	0	0	3.22561e-007	1964.27	2922.26	2779.18
2909.4	2045.75	97	1.#QNAN	0	0.015	0	3.15577e-007	1940.82	2909.4	2767.72
2896.6	2035.99	98	1.#QNAN	0	0	0	3.2062e-007	1927.08	2896.6	2756.34
2884.12	2026.44	99	1.#QNAN	0	0.016	0	3.34603e-007	1938.96	2884.12	2745.23
2871.66	2016.98	100	1.#QNAN	0	0	0	3.45996e-007	1922.28	2871.66	2734.14
2859.44	2007.69	101	1.#QNAN	0	0.016	0	3.45675e-007	1902.19	2859.44	2723.22
2847.16	1998.51	102	1.#QNAN	0	0.015	0	3.41826e-007	1883.71	2847.16	2712.2
2835.33	1989.48	103	1.#QNAN	0	0	0	3.47109e-007	1894.55	2835.33	2701.57
2823.6	1980.55	104	1.#QNAN	0	0.016	0	3.41886e-007	1890.35	2823.6	2691.08
2811.89	1971.64	105	1.#QNAN	0	0	0	3.50028e-007	1862.35	2811.89	2680.55
2800.4	1962.96	106	1.#QNAN	0	0.015	0	3.48583e-007	1872.31	2800.4	2670.2
2788.93	1954.19	107	1.#QNAN	0	0.016	0	3.48555e-007	1849.14	2788.93	2659.84
2777.78	1945.71	108	1.#QNAN	0	0	0	3.54691e-007	1868.97	2777.78	2649.81
2766.87	1937.3	109	1.#QNAN	0	0.016	0	3.61808e-007	1861.88	2766.87	2640.01
2756	1928.97	110	1.#QNAN	0	0	0	3.65768e-007	1851.28	2756	2630.24
2745.15	1920.62	111	1.#QNAN	0	0.015	0	3.63949e-007	1845.89	2745.15	2620.45
2734.5	1912.5	112	1.#QNAN	0	0	0	3.84053e-007	1838.57	2734.5	2610.83
2724.01	1904.45	113	1.#QNAN	0	0.016	0	3.63668e-007	1830.66	2724.01	2601.31
2713.65	1896.42	114	1.#QNAN	0	0.015	0	3.77337e-007	1826.02	2713.65	2591.93
2703.35	1888.41	115	1.#QNAN	0	0	0	3.83846e-007	1827.95	2703.35	2582.6
2693.21	1880.71	116	1.#QNAN	0	0.016	0	3.93434e-007	1803.67	2693.21	2573.4
2683.07	1872.94	117	1.#QNAN	0	0	0	3.87149e-007	1792.67	2683.07	2564.22
2673.05	1865.27	118	1.#QNAN	0	0.016	0	3.95703e-007	1776.06	2673.05	2555.14
2663.05	1857.68	119	1.#QNAN	0	0	0	3.99501e-007	1753.13	2663.05	2546.03
2653.14	1850.25	120	1.#QNAN	0	0.015	0	4.0492e-007	1766.71	2653.14	2537.04
2643.3	1842.83	121	1.#QNAN	0	0.016	0	4.01304e-007	1756.1	2643.3	2528.1
2633.71	1835.56	122	1.#QNAN	0	0	0	3.98383e-007	1754.03	2633.71	2519.39
2624.08	1828.26	123	1.#QNAN	0	0.015	0	4.20244e-007	1734.63	2624.08	2510.65
2614.41	1820.99	124	1.#QNAN	0	0	0	4.05995e-007	1719.33	2614.41	2501.85
2604.88	1813.82	125	1.#QNAN	0	0.016	0	4.12621e-007	1732.61	2604.88	2493.19
2595.43	1806.74	126	1.#QNAN	0	0	0	4.19221e-007	1708.3	2595.43	2484.6
2586.09	1799.77	127	1.#QNAN	0	0.016	0	4.11065e-007	1724.37	2586.09	2476.11
2576.83	1792.94	128	1.#QNAN	0	0.015	1	4.30605e-007	1701.54	2576.83	2467.69
2567.63	1786.11	129	1.#QNAN	0	0	0	4.23558e-007	1688.94	2567.63	2459.28
2558.56	1779.45	130	1.#QNAN	0	0.016	0	4.2469e-007	1682.44	2558.56	2450.98
2549.59	1772.86	131	1.#QNAN	0	0	0	4.23314e-007	1687.17	2549.59	2442.79
2540.75	1766.33	132	1.#QNAN	0	0.015	0	4.18729e-007	1674.51	2540.75	2434.69
2532.01	1759.92	133	1.#QNAN	0	0	0	4.46325e-007	1667.14	2532.01	2426.7
2523.39	1753.6	134	1.#QNAN	0	0.016	0	4.42796e-007	1683.66	2523.39	2418.84
2514.83	1747.25	135	1.#QNAN	0	0.016	0	4.42065e-007	1650.34	2514.83	2411
2506.27	1740.92	136	1.#QNAN	0	0	0	4.35419e-007	1653.18	2506.27	2403.13
2497.83	1734.71	137	1.#QNAN	0	0.015	0	4.51364e-007	1650.47	2497.83	2395.4
2489.58	1728.56	138	1.#QNAN	0	0	0	4.46362e-007	1669.02	2489.58	2387.88
2481.45	1722.51	139	1.#QNAN	0	0.016	0	4.50337e-007	1655.61	2481.45	2380.46
2473.19	1716.47	140	1.#QNAN	0	0	0	4.7715e-007	1626.75	2473.19	2372.91
2465.09	1710.46	141	1.#QNAN	0	0.015	0	4.43694e-007	1624.42	2465.09	2365.5
2456.97	1704.44	142	1.#QNAN	0	0.016	0	4.59246e-007	1615.57	2456.97	2358.06
2449.02	1698.63	143	1.#QNAN	0	0	0	4.48403e-007	1618.12	2449.02	2350.8
2441.19	1692.87	144	1.#QNAN	0	0.016	0	4.53366e-007	1614.52	2441.19	2343.63
2433.3	1687.14	145	1.#QNAN	0	0	0	4.64173e-007	1592.39	2433.3	2336.37
2425.47	1681.44	146	1.#QNAN	0	0.015	0	4.74205e-007	1588	2425.47	2329.16
2417.82	1675.83	147	1.#QNAN	0	0	0	4.38921e-007	1596.76	2417.82	2322.12
2410.1	1670.24	148	1.#QNAN	0	0.016	0	4.69957e-007	1581.99	2410.1	2314.99
2402.38	1664.62	149	1.#QNAN	0	0	0	4.85748e-007	1566.35	2402.38	2307.87
2394.79	1659.08	150	1.#QNAN	0	0.015	0	4.67606e-007	1569.7	2394.79	2300.88
2387.2	1653.58	151	1.#QNAN	0	0.016	0	4.66463e-007	1557.79	2387.2	2293.89
2379.64	1648.08	152	1.#QNAN	0	0	0	4.75703e-007	1553.38	2379.64	2286.92
2372.33	1642.75	153	1.#QNAN	0	0.016	0	4.76829e-007	1573.8	2372.33	2280.2
2365.05	1637.42	154	1.#QNAN	0	0	0	4.87779e-007	1557.86	2365.05	2273.51
2357.77	1632.08	155	1.#QNAN	0	0.015	0	4.83428e-007	1549.4	2357.77	2266.8
2350.71	1626.89	156	1.#QNAN	0	0	0	4.92855e-007	1570.52	2350.71	2260.31
2343.78	1621.76	157	1.#QNAN	0	0.016	0	4.89997e-007	1569.89	2343.78	2253.95
2336.95	1616.72	158	1.#QNAN	0	0.015	0	5.04516e-007	1570.74	2336.95	2247.69
2330.1	1611.78	159	1.#QNAN	0	0	0	4.92251e-007	1561.17	2330.1	2241.38
2323.26	1606.79	160	1.#QNAN	0	0.016	0	4.91866e-007	1552.28	2323.26	2235.08
2316.61	1601.84	161	1.#QNAN	0	0	0	4.74898e-007	1557.89	2316.61	2228.96
2309.98	1596.96	162	1.#QNAN	0	0.016	0	4.94494e-007	1565.26	2309.98	2222.87
2303.42	1592.11	163	1.#QNAN	0	0.015	0	4.84012e-007	1534.62	2303.42	2216.81
2296.86	1587.23	164	1.#QNAN	0	0	0	4.98971e-007	1539.07	2296.86	2210.75
2290.31	1582.38	165	1.#QNAN	0	0.016	0	4.76785e-007	1538.07	2290.31	2204.72
2284	1577.73	166	1.#QNAN	0	0	0	4.89329e-007	1548.66	2284	2198.91
2277.74	1573.12	167	1.#QNAN	0	0.015	0	4.90753e-007	1545.38	2277.74	2193.15
2271.6	1568.6	168	1.#QNAN	0	0	0	4.81105e-007	1559.22	2271.6	2187.51
2265.52	1564.07	169	1.#QNAN	0	0.016	0	4.9726e-007	1562.9	2265.52	2181.92
2259.39	1559.59	170	1.#QNAN	0	0.016	0	4.76929e-007	1544.08	2259.39	2176.28
2253.34	1555.12	171	1.#QNAN	0	0	0	4.93921e-007	1544.82	2253.34	2170.73
2247.22	1550.63	172	1.#QNAN	0	0.015	0	5.16228e-007	1529.81	2247.22	2165.1
2241.21	1546.29	173	1.#QNAN	0	0	0	4.92319e-007	1531.82	2241.21	2159.56
2235.34	1541.93	174	1.#QNAN	0	0.016	0	5.02834e-007	1534.34	2235.34	2154.16
2229.43	1537.64	175	1.#QNAN	0	0	0	5.06107e-007	1518.39	2229.43	2148.72
2223.56	1533.29	176	1.#QNAN	0	0.015	0	5.20912e-007	1505.65	2223.56	2143.3
2217.66	1528.96	177	1.#QNAN	0	0.016	0	5.19494e-007	1500.95	2217.66	2137.85
2211.66	1524.58	178	1.#QNAN	0	0	0	5.2068e-007	1483.05	2211.66	2132.28
2205.85	1520.38	179	1.#QNAN	0	0.016	0	5.18945e-007	1505.32	2205.85	2126.9
2200.01	1516.11	180	1.#QNAN	0	0	0	5.08842e-007	1499.05	2200.01	2121.48
2194.4	1511.98	181	1.#QNAN	0	0.015	0	5.09642e-007	1532.81	2194.4	2116.3
2188.64	1507.79	182	1.#QNAN	0	0.016	0	5.05374e-007	1503.31	2188.64	2110.96
2182.83	1503.62	183	1.#QNAN	0	0	0	5.17865e-007	1492.3	2182.83	2105.57
2177.16	1499.51	184	1.#QNAN	0	0.015	0	5.1623e-007	1497.57	2177.16	2100.3
2171.5	1495.45	185	1.#QNAN	0	0	0	5.23701e-007	1498.84	2171.5	2095.06
2166.01	1491.47	186	1.#QNAN	0	0.016	0	5.22113e-007	1499.6	2166.01	2089.97
2160.58	1487.52	187	1.#QNAN	0	0	0	5.15056e-007	1511.64	2160.58	2084.97
2155.25	1483.63	188	1.#QNAN	0	0.016	0	5.31958e-007	1516.04	2155.25	2080.04
2149.91	1479.75	189	1.#QNAN	0	0.015	0	5.11312e-007	1503.23	2149.91	2075.11
2144.51	1475.84	190	1.#QNAN	0	0	0	5.19096e-007	1482.51	2144.51	2070.1
2139.36	1472.13	191	1.#QNAN	0	0.016	0	5.23943e-007	1515.19	2139.36	2065.36
2134.04	1468.34	192	1.#QNAN	0	0	0	4.99519e-007	1471.8	2134.04	2060.42
2128.86	1464.62	193	1.#QNAN	0	0.015	0	5.22451e-007	1495.99	2128.86	2055.61
2123.77	1460.94	194	1.#QNAN	0	0.016	0	5.04993e-007	1489.9	2123.77	2050.92
2118.71	1457.31	195	1.#QNAN	0	0	0	5.19813e-007	1484.47	2118.71	2046.25
2113.7	1453.67	196	1.#QNAN	0	0.016	0	5.20642e-007	1497.43	2113.7	2041.62
2108.72	1450.07	197	1.#QNAN	0	0	0	5.31973e-007	1471.67	2108.72	2037.02
2103.72	1446.45	198	1.#QNAN	0	0.015	0	5.17491e-007	1471.67	2103.72	2032.41
2098.88	1442.92	199	1.#QNAN	0	0	0	5.34148e-007	1490.99	2098.88	2027.95
2094.01	1439.32	200	1.#QNAN	0	0.016	0	5.24458e-007	1488.21	2094.01	2023.46
2089.27	1435.86	201	1.#QNAN	0	0.015	0	5.06799e-007	1492.92	2089.27	2019.11
2084.55	1432.39	202	1.#QNAN	0	0	0	5.25515e-007	1495.65	2084.55	2014.76
2079.91	1428.97	203	1.#QNAN	0	0.016	0	5.23715e-007	1489.52	2079.91	2010.48
2075.2	1425.48	204	1.#QNAN	0	0	0	5.42737e-007	1478.04	2075.2	2006.15
2070.63	1422.12	205	1.#QNAN	0	0.016	0	5.21771e-007	1486.73	2070.63	2001.96
2066.05	1418.76	206	1.#QNAN	0	0	0	5.34481e-007	1493.28	2066.05	1997.75
2061.61	1415.47	207	1.#QNAN	0	0.015	0	5.41975e-007	1490.68	2061.61	1993.67
2057.14	1412.18	208	1.#QNAN	0	0.016	0	5.44621e-007	1504.77	2057.14	1989.58
2052.72	1408.93	209	1.#QNAN	0	0	0	5.28151e-007	1480.99	2052.72	1985.52
2048.4	1405.75	210	1.#QNAN	0	0.015	0	5.21423e-007	1501.62	2048.4	1981.55
2044.23	1402.6	211	1.#QNAN	0	0	0	5.14635e-007	1510.77	2044.23	1977.73
2040	1399.47	212	1.#QNAN	0	0.016	0	5.34242e-007	1480.21	2040	1973.85
2035.82	1396.35	213	1.#QNAN	0	0	0	5.29214e-007	1487.78	2035.82	1970
2031.67	1393.26	214	1.#QNAN	0	0.016	0	5.29546e-007	1494.98	2031.67	1966.2
2027.55	1390.18	215	1.#QNAN	0	0.015	0	5.25758e-007	1498.49	2027.55	1962.43
2023.43	1387.09	216	1.#QNAN	0	0	0	5.43123e-007	1486.56	2023.43	1958.65
2019.34	1384.09	217	1.#QNAN	0	0.016	0	5.33996e-007	1483.58	2019.34	1954.9
2015.26	1381.08	218	1.#QNAN	0	0	0	5.47774e-007	1475.44	2015.26	1951.15
2011.29	1378.11	219	1.#QNAN	0	0.015	0	5.39772e-007	1498.79	2011.29	1947.51
2007.3	1375.16	220	1.#QNAN	0	0	0	5.47585e-007	1501.38	2007.3	1943.85
2003.26	1372.22	221	1.#QNAN	0	0.016	0	5.32959e-007	1484.44	2003.26	1940.13
1999.38	1369.29	222	1.#QNAN	0	0.016	0	5.37206e-007	1504.28	1999.38	1936.57
1995.57	1366.42	223	1.#QNAN	0	0	0	5.38616e-007	1496.05	1995.57	1933.07
1991.73	1363.55	224	1.#QNAN	0	0.015	0	5.32337e-007	1495.38	1991.73	1929.55
1987.95	1360.68	225	1.#QNAN	0	0	0	5.53861e-007	1507.45	1987.95	1926.07
1984.21	1357.88	226	1.#QNAN	0	0.016	0	5.42996e-007	1504.8	1984.21	1922.64
1980.52	1355.09	227	1.#QNAN	0	0	0	5.37864e-007	1498.12	1980.52	1919.25
1976.83	1352.32	228	1.#QNAN	0	0.015	0	5.41775e-007	1488.24	1976.83	1915.86
1973.16	1349.6	229	1.#QNAN	0	0.016	0	5.42411e-007	1485.39	1973.16	1912.49
1969.51	1346.84	230	1.#QNAN	0	0	0	5.44949e-007	1487.65	1969.51	1909.13
1965.88	1344.12	231	1.#QNAN	0	0.016	0	5.36284e-007	1479.51	1965.88	1905.79
1962.23	1341.37	232	1.#QNAN	0	0	0	5.41832e-007	1470.88	1962.23	1902.43
1958.64	1338.69	233	1.#QNAN	0	0.015	0	5.35554e-007	1491.42	1958.64	1899.12
1955.1	1336.05	234	1.#QNAN	0	0	0	5.24956e-007	1486.86	1955.1	1895.87
1951.49	1333.37	235	1.#QNAN	0	0.016	0	5.1788e-007	1462.04	1951.49	1892.52
1947.93	1330.72	236	1.#QNAN	0	0.015	0	5.44822e-007	1468.87	1947.93	1889.24
1944.48	1328.12	237	1.#QNAN	0	0	0	5.37272e-007	1484.16	1944.48	1886.06
1941.02	1325.52	238	1.#QNAN	0	0.016	0	5.72704e-007	1467.2	1941.02	1882.89
1937.62	1322.94	239	1.#QNAN	0	0	0	5.53009e-007	1458.4	1937.62	1879.77
1934.25	1320.35	240	1.#QNAN	0	0.016	1	5.55522e-007	1464.31	1934.25	1876.68
1930.87	1317.75	241	1.#QNAN	0	0	0	5.47504e-007	1474.21	1930.87	1873.58
1927.58	1315.2	242	1.#QNAN	0	0.015	0	5.44975e-007	1472.91	1927.58	1870.56
1924.22	1312.65	243	1.#QNAN	0	0.016	0	5.4906e-007	1463.97	1924.22	1867.48
1920.87	1310.07	244	1.#QNAN	0	0	0	5.66146e-007	1442.62	1920.87	1864.4
1917.6	1307.56	245	1.#QNAN	0	0.015	0	5.24156e-007	1458.86	1917.6	1861.41
1914.43	1305.13	246	1.#QNAN	0	0	0	5.74658e-007	1464.74	1914.43	1858.5
1911.26	1302.68	247	1.#QNAN	0	0.016	0	5.5404e-007	1472.17	1911.26	1855.59
1908.07	1300.19	248	1.#QNAN	0	0	0	5.44238e-007	1449.31	1908.07	1852.67
1904.92	1297.71	249	1.#QNAN	0	0.016	0	5.70218e-007	1463.81	1904.92	1849.79
1901.83	1295.33	250	1.#QNAN	0	0.015	0	5.55101e-007	1481.24	1901.83	1846.97
1898.79	1292.98	251	1.#QNAN	0	0	0	5.46265e-007	1486.51	1898.79	1844.19
1895.71	1290.61	252	1.#QNAN	0	0.016	0	5.77176e-007	1457.6	1895.71	1841.37
1892.77	1288.31	253	1.#QNAN	0	0	0	5.62411e-007	1483.94	1892.77	1838.69
1889.8	1285.99	254	1.#QNAN	0	0.015	0	5.53935e-007	1479.28	1889.8	1835.98
1886.86	1283.68	255	1.#QNAN	0	0	0	5.67311e-007	1473.27	1886.86	1833.29
1884	1281.43	256	1.#QNAN	0	0.016	0	5.68738e-007	1481.89	1884	1830.68
1881.09	1279.16	257	1.#QNAN	0	0	0	5.54809e-007	1466.44	1881.09	1828.02
1878.18	1276.89	258	1.#QNAN	0	0.016	0	5.60618e-007	1458.97	1878.18	1825.36
1875.36	1274.66	259	1.#QNAN	0	0.015	0	5.55692e-007	1477.91	1875.36	1822.78
1872.52	1272.43	260	1.#QNAN	0	0	0	5.86277e-007	1463.24	1872.52	1820.18
1869.73	1270.23	261	1.#QNAN	0	0.016	0	5.80344e-007	1484.51	1869.73	1817.64
1866.85	1268.03	262	1.#QNAN	0	0	0	5.62406e-007	1447.83	1866.85	1814.99
1864.01	1265.81	263	1.#QNAN	0	0.015	0	5.60709e-007	1453.1	1864.01	1812.39
1861.24	1263.62	264	1.#QNAN	0	0	0	5.62627e-007	1461.34	1861.24	1809.85
1858.52	1261.49	265	1.#QNAN	0	0.016	0	5.64901e-007	1466.1	1858.52	1807.36
1855.75	1259.33	266	1.#QNAN	0	0.016	0	5.66442e-007	1452.83	1855.75	1804.82
1853.06	1257.17	267	1.#QNAN	0	0	0	5.66112e-007	1471.73	1853.06	1802.36
1850.46	1255.05	268	1.#QNAN	0	0.015	0	5.68095e-007	1491.6	1850.46	1799.99
1847.86	1252.94	269	1.#QNAN	0	0	0	5.75717e-007	1486.27	1847.86	1797.61
1845.27	1250.86	270	1.#QNAN	0	0.016	0	5.61643e-007	1481.83	1845.27	1795.24
1842.75	1248.83	271	1.#QNAN	0	0	0	5.72216e-007	1492.28	1842.75	1792.95
1840.12	1246.72	272	1.#QNAN	0	0.015	0	5.6849e-007	1469.36	1840.12	1790.55
1837.59	1244.69	273	1.#QNAN	0	0.016	0	5.92043e-007	1476.18	1837.59	1788.23
1835.05	1242.69	274	1.#QNAN	0	0	0	5.75111e-007	1471.85	1835.05	1785.9
1832.58	1240.7	275	1.#QNAN	0	0.016	0	5.83916e-007	1492.37	1832.58	1783.64
1830.15	1238.77	276	1.#QNAN	0	0	0	5.85153e-007	1493.57	1830.15	1781.43
1827.7	1236.83	277	1.#QNAN	0	0.015	0	5.70091e-007	1483.72	1827.7	1779.19
1825.24	1234.84	278	1.#QNAN	0	0	0	5.78922e-007	1480.52	1825.24	1776.95
1822.84	1232.9	279	1.#QNAN	0	0.016	0	5.78829e-007	1479.16	1822.84	1774.75
1820.46	1230.97	280	1.#QNAN	0	0.015	0	5.98629e-007	1488.12	1820.46	1772.58
1818.07	1229.05	281	1.#QNAN	0	0	0	5.50876e-007	1489.15	1818.07	1770.39
1815.68	1227.13	282	1.#QNAN	0	0.016	0	5.86415e-007	1477.41	1815.68	1768.21
1813.29	1225.23	283	1.#QNAN	0	0	0	5.92334e-007	1468.37	1813.29	1766.03
1810.97	1223.35	284	1.#QNAN	0	0.016	0	5.88162e-007	1486.07	1810.97	1763.92
1808.71	1221.51	285	1.#QNAN	0	0	0	6.11001e-007	1492.32	1808.71	1761.86
1806.47	1219.69	286	1.#QNAN	0	0.015	0	5.84128e-007	1503.78	1806.47	1759.83
1804.23	1217.86	287	1.#QNAN	0	0.016	0	5.74175e-007	1486.46	1804.23	1757.79
1802.05	1216.06	288	1.#QNAN	0	0	0	5.93957e-007	1502.1	1802.05	1755.81
1799.79	1214.23	289	1.#QNAN	0	0.015	0	5.94875e-007	1476.46	1799.79	1753.76
1797.56	1212.48	290	1.#QNAN	0	0	0	6.17875e-007	1481.43	1797.56	1751.72
1795.3	1210.68	291	1.#QNAN	0	0.016	0	5.83073e-007	1480.59	1795.3	1749.65
1793.14	1208.9	292	1.#QNAN	0	0	0	5.96702e-007	1496.9	1793.14	1747.7
1790.91	1207.11	293	1.#QNAN	0	0.016	0	6.0701e-007	1461.64	1790.91	1745.65
1788.74	1205.38	294	1.#QNAN	0	0.015	0	5.8232e-007	1478.9	1788.74	1743.68
1786.59	1203.6	295	1.#QNAN	0	0	0	5.84665e-007	1484.7	1786.59	1741.72
1784.53	1201.84	296	1.#QNAN	0	0.016	0	5.80406e-007	1511.97	1784.53	1739.85
1782.53	1200.14	297	1.#QNAN	0	0	0	5.91005e-007	1533.28	1782.53	1738.05
1780.51	1198.44	298	1.#QNAN	0	0.015	0	5.98998e-007	1530.85	1780.51	1736.22
1778.52	1196.78	299	1.#QNAN	0	0.016	0	5.9348e-007	1524.69	1778.52	1734.41
1776.43	1195.07	300	1.#QNAN	0	0	0	5.97476e-007	1500.03	1776.43	1732.51
1774.39	1193.35	301	1.#QNAN	0	0.016	0	5.88555e-007	1494.22	1774.39	1730.66
1772.29	1191.62	302	1.#QNAN	0	0	0	5.87392e-007	1479.52	1772.29	1728.74
1770.3	1189.96	303	1.#QNAN	0	0.015	0	5.89585e-007	1505.87	1770.3	1726.93
1768.29	1188.37	304	1.#QNAN	0	0	0	5.71103e-007	1483.07	1768.29	1725.11
1766.28	1186.72	305	1.#QNAN	0	0	0	5.89913e-007	1476.79	1766.28	1723.28
1764.27	1185.11	306	1.#QNAN	0	0.015	0	6.08845e-007	1477.49	1764.27	1721.45
1762.28	1183.46	307	1.#QNAN	0	0	0	6.05616e-007	1492.89	1762.28	1719.64
1760.28	1181.81	308	1.#QNAN	0	0.016	0	6.06369e-007	1481.74	1760.28	1717.82
1758.33	1180.19	309	1.#QNAN	0	0	0	5.91529e-007	1503.81	1758.33	1716.06
1756.39	1178.59	310	1.#QNAN	0	0.016	0	6.15517e-007	1510.2	1756.39	1714.29
1754.51	1176.98	311	1.#QNAN	0	0	0	6.10268e-007	1502.17	1754.51	1712.59
1752.61	1175.36	312	1.#QNAN	0	0.015	0	6.1025e-007	1498.25	1752.61	1710.87
1750.76	1173.78	313	1.#QNAN	0	0.016	0	6.21445e-007	1511.68	1750.76	1709.19
1748.89	1172.22	314	1.#QNAN	0	0	0	5.90701e-007	1494.55	1748.89	1707.5
1747.12	1170.67	315	1.#QNAN	0	0.015	0	5.90073e-007	1516.93	1747.12	1705.91
1745.34	1169.15	316	1.#QNAN	0	0	0	6.18682e-007	1515.62	1745.34	1704.3
1743.55	1167.66	317	1.#QNAN	0	0.016	0	6.1056e-007	1497.11	1743.55	1702.67
1741.77	1166.16	318	1.#QNAN	0	0.016	0	6.07442e-007	1519.68	1741.77	1701.05
1740.05	1164.69	319	1.#QNAN	0	0	0	6.04263e-007	1523.76	1740.05	1699.5
1738.29	1163.18	320	1.#QNAN	0	0.015	0	5.98374e-007	1485.42	1738.29	1697.91
1736.52	1161.74	321	1.#QNAN	0	0	0	6.10141e-007	1470.09	1736.52	1696.3
1734.82	1160.25	322	1.#QNAN	0	0.016	0	6.14461e-007	1501.34	1734.82	1694.76
1733.1	1158.8	323	1.#QNAN	0	0	0	6.07445e-007	1483.59	1733.1	1693.19
1731.42	1157.36	324	1.#QNAN	0	0.015	0	5.96769e-007	1499.7	1731.42	1691.67
1729.77	1155.94	325	1.#QNAN	0	0.016	0	6.07251e-007	1523.5	1729.77	1690.18
1728.12	1154.54	326	1.#QNAN	0	0	0	6.17661e-007	1505.05	1728.12	1688.7
1726.48	1153.19	327	1.#QNAN	0	0.016	0	6.15762e-007	1509.91	1726.48	1687.22
1724.92	1151.85	328	1.#QNAN	0	0	0	6.00398e-007	1530.17	1724.92	1685.82
1723.28	1150.5	329	1.#QNAN	0	0.015	0	5.98225e-007	1510.84	1723.28	1684.33
1721.66	1149.18	330	1.#QNAN	0	0	0	6.02347e-007	1523.45	1721.66	1682.87
1720.01	1147.82	331	1.#QNAN	0	0.016	0	6.24689e-007	1489.81	1720.01	1681.37
1718.4	1146.49	332	1.#QNAN	0	0.015	0	6.16422e-007	1495.79	1718.4	1679.91
1716.8	1145.2	333	1.#QNAN	0	0	0	6.14776e-007	1481.8	1716.8	1678.46
1715.18	1143.9	334	1.#QNAN	0	0.016	0	6.16281e-007	1486.9	1715.18	1676.99
1713.57	1142.6	335	1.#QNAN	0	0	0	6.2815e-007	1497.99	1713.57	1675.52
1711.98	1141.26	336	1.#QNAN	0	0.016	0	6.02123e-007	1501.84	1711.98	1674.09
1710.36	1139.95	337	1.#QNAN	0	0	0	5.99224e-007	1499.16	1710.36	1672.62
1708.76	1138.64	338	1.#QNAN	0	0.015	0	6.19262e-007	1494.08	1708.76	1671.17
1707.21	1137.35	339	1.#QNAN	0	0.016	0	6.06285e-007	1508.21	1707.21	1669.75
1705.64	1136.08	340	1.#QNAN	0	0	0	6.31226e-007	1499.74	1705.64	1668.34
1704.06	1134.81	341	1.#QNAN	0	0.015	0	6.23595e-007	1494.33	1704.06	1666.9
1702.51	1133.5	342	1.#QNAN	0	0	0	6.03037e-007	1497.72	1702.51	1665.49
1701	1132.29	343	1.#QNAN	0	0.016	0	6.15399e-007	1505.33	1701	1664.12
1699.51	1131.06	344	1.#QNAN	0	0.016	0	6.1611e-007	1493.71	1699.51	1662.78
1698.04	1129.8	345	1.#QNAN	0	0	0	6.24945e-007	1506.65	1698.04	1661.45
1696.59	1128.58	346	1.#QNAN	0	0.015	0	6.18984e-007	1512.65	1696.59	1660.13
1695.11	1127.38	347	1.#QNAN	0	0	0	6.22637e-007	1470.62	1695.11	1658.78
1693.74	1126.22	348	1.#QNAN	0	0.016	0	6.19945e-007	1516.15	1693.74	1657.56
1692.36	1125.11	349	1.#QNAN	0	0	0	6.18562e-007	1506.91	1692.36	1656.31
1690.96	1123.97	350	1.#QNAN	0	0.015	0	6.0441e-007	1510.45	1690.96	1655.05
1689.59	1122.86	351	1.#QNAN	0	0.016	1	6.23402e-007	1512.88	1689.59	1653.82
1688.24	1121.73	352	1.#QNAN	0	0	0	6.07471e-007	1507.04	1688.24	1652.6
1686.88	1120.62	353	1.#QNAN	0	0.016	0	6.05615e-007	1507.04	1686.88	1651.37
1685.54	1119.51	354	1.#QNAN	0	0.015	0	6.0791e-007	1528.03	1685.54	1650.17
1684.23	1118.41	355	1.#QNAN	0	0	0	6.16687e-007	1527.76	1684.23	1649
1682.89	1117.29	356	1.#QNAN	0	0.016	0	6.18098e-007	1500.78	1682.89	1647.79
1681.57	1116.21	357	1.#QNAN	0	0	0	6.31249e-007	1521.91	1681.57	1646.6
1680.23	1115.11	358	1.#QNAN	0	0.015	0	6.38144e-007	1473.36	1680.23	1645.4
1678.97	1114.06	359	1.#QNAN	0	0	0	6.16965e-007	1498.6	1678.97	1644.28
1677.67	1113.02	360	1.#QNAN	0	0.016	0	6.00255e-007	1484.61	1677.67	1643.11
1676.43	1111.99	361	1.#QNAN	0	0.016	0	6.25342e-007	1509.83	1676.43	1642
1675.14	1110.91	362	1.#QNAN	0	0	0	6.14977e-007	1484.23	1675.14	1640.83
1673.86	1109.84	363	1.#QNAN	0	0.015	0	6.37259e-007	1490.86	1673.86	1639.69
1672.62	1108.8	364	1.#QNAN	0	0	0	5.96302e-007	1514.08	1672.62	1638.58
1671.37	1107.77	365	1.#QNAN	0	0.016	0	6.14391e-007	1504.48	1671.37	1637.46
1670.11	1106.73	366	1.#QNAN	0	0	0	6.11271e-007	1494.54	1670.11	1636.33
1668.85	1105.69	367	1.#QNAN	0	0.015	0	6.14707e-007	1513.23	1668.85	1635.19
1667.65	1104.69	368	1.#QNAN	0	0.016	0	6.09196e-007	1502.39	1667.65	1634.11
1666.42	1103.71	369	1.#QNAN	0	0	0	6.17216e-007	1503.65	1666.42	1633.01
1665.22	1102.71	370	1.#QNAN	0	0.016	0	6.24453e-007	1507.67	1665.22	1631.92
1664.05	1101.71	371	1.#QNAN	0	0	0	5.97778e-007	1532.48	1664.05	1630.88
1662.9	1100.74	372	1.#QNAN	0	0.015	0	6.21368e-007	1516.81	1662.9	1629.85
1661.72	1099.79	373	1.#QNAN	0	0	0	5.9947e-007	1507.34	1661.72	1628.79
1660.51	1098.82	374	1.#QNAN	0	0.016	0	6.34878e-007	1496.91	1660.51	1627.69
1659.35	1097.88	375	1.#QNAN	0	0.015	0	6.10616e-007	1505.89	1659.35	1626.66
1658.14	1096.95	376	1.#QNAN	0	0	0	6.13511e-007	1475.09	1658.14	1625.57
1656.94	1095.96	377	1.#QNAN	0	0.016	0	6.37151e-007	1467.72	1656.94	1624.49
1655.76	1094.97	378	1.#QNAN	0	0	0	6.23718e-007	1486.68	1655.76	1623.43
1654.69	1094.05	379	1.#QNAN	0	0.016	0	6.29646e-007	1514.84	1654.69	1622.48
1653.58	1093.13	380	1.#QNAN	0	0	0	6.24878e-007	1510.93	1653.58	1621.5
1652.41	1092.15	381	1.#QNAN	0	0.015	0	6.19263e-007	1503.2	1652.41	1620.45
1651.32	1091.21	382	1.#QNAN	0	0	0	6.21642e-007	1513.06	1651.32	1619.48
1650.24	1090.33	383	1.#QNAN	0	0.016	0	6.33609e-007	1506.33	1650.24	1618.51
1649.19	1089.41	384	1.#QNAN	0	0.015	0	6.20106e-007	1510.38	1649.19	1617.58
1648.14	1088.5	385	1.#QNAN	0	0	0	6.13668e-007	1521.65	1648.14	1616.65
1647.08	1087.57	386	1.#QNAN	0	0.016	0	6.06455e-007	1524.52	1647.08	1615.72
1646.01	1086.63	387	1.#QNAN	0	0	0	6.00642e-007	1490.64	1646.01	1614.77
1644.98	1085.72	388	1.#QNAN	0	0.016	0	5.99562e-007	1511.73	1644.98	1613.85
1643.91	1084.8	389	1.#QNAN	0	0	0	6.02992e-007	1505.76	1643.91	1612.89
1642.83	1083.87	390	1.#QNAN	0	0.015	0	6.05951e-007	1486.97	1642.83	1611.93
1641.78	1082.98	391	1.#QNAN	0	0.016	0	6.2599e-007	1501.42	1641.78	1610.99
1640.71	1082.07	392	1.#QNAN	0	0	0	6.01016e-007	1490.25	1640.71	1610.03
1639.69	1081.2	393	1.#QNAN	0	0.015	0	6.32077e-007	1502.14	1639.69	1609.13
1638.65	1080.29	394	1.#QNAN	0	0	0	6.36818e-007	1482.1	1638.65	1608.19
1637.66	1079.44	395	1.#QNAN	0	0.016	0	6.27998e-007	1508.69	1637.66	1607.31
1636.62	1078.57	396	1.#QNAN	0	0	0	5.99338e-007	1497.24	1636.62	1606.38
1635.57	1077.73	397	1.#QNAN	0	0.016	0	6.00434e-007	1487.24	1635.57	1605.44
1634.55	1076.89	398	1.#QNAN	0	0.015	0	6.08255e-007	1485.65	1634.55	1604.52
1633.51	1076.03	399	1.#QNAN	0	0	0	6.06704e-007	1468.44	1633.51	1603.58
1632.47	1075.18	400	1.#QNAN	0	0.016	0	6.04606e-007	1454.35	1632.47	1602.65
1631.44	1074.34	401	1.#QNAN	0	0	0	5.88523e-007	1460.17	1631.44	1601.71
1630.44	1073.53	402	1.#QNAN	0	0.015	0	6.22143e-007	1457.01	1630.44	1600.82
1629.46	1072.72	403	1.#QNAN	0	0.016	0	6.11947e-007	1475.13	1629.46	1599.94
1628.47	1071.93	404	1.#QNAN	0	0	0	6.37533e-007	1479.93	1628.47	1599.06
1627.48	1071.11	405	1.#QNAN	0	0.016	0	6.31666e-007	1457.48	1627.48	1598.17
1626.45	1070.32	406	1.#QNAN	0	0	0	6.0895e-007	1457.16	1626.45	1597.24
1625.47	1069.51	407	1.#QNAN	0	0.015	0	6.01597e-007	1473.38	1625.47	1596.36
1624.49	1068.7	408	1.#QNAN	0	0	0	6.28697e-007	1467.06	1624.49	1595.48
1623.5	1067.92	409	1.#QNAN	0	0.016	0	6.36816e-007	1461.14	1623.5	1594.6
1622.53	1067.13	410	1.#QNAN	0	0.015	0	6.2279e-007	1486.91	1622.53	1593.73
1621.52	1066.31	411	1.#QNAN	0	0	0	6.14925e-007	1445.06	1621.52	1592.82
1620.56	1065.52	412	1.#QNAN	0	0.016	0	6.17693e-007	1481.65	1620.56	1591.96
1619.61	1064.71	413	1.#QNAN	0	0	0	6.09378e-007	1476.63	1619.61	1591.11
1618.63	1063.88	414	1.#QNAN	0	0.016	0	6.2331e-007	1465.19	1618.63	1590.23
1617.74	1063.1	415	1.#QNAN	0	0	0	6.14776e-007	1497.53	1617.74	1589.44
1616.8	1062.37	416	1.#QNAN	0	0.015	0	6.25709e-007	1478.06	1616.8	1588.6
1615.81	1061.59	417	1.#QNAN	0	0.016	0	6.1249e-007	1462.46	1615.81	1587.7
1614.88	1060.81	418	1.#QNAN	0	0	0	6.00993e-007	1472.6	1614.88	1586.87
1613.95	1060.02	419	1.#QNAN	0	0.015	0	6.51389e-007	1471.82	1613.95	1586.04
1613.07	1059.27	420	1.#QNAN	0	0	0	6.17866e-007	1492.55	1613.07	1585.26
1612.13	1058.44	421	1.#QNAN	0	0.016	0	6.33171e-007	1478.59	1612.13	1584.42
1611.18	1057.63	422	1.#QNAN	0	0.016	0	5.9613e-007	1485.26	1611.18	1583.57
1610.25	1056.8	423	1.#QNAN	0	0	0	6.20346e-007	1480.03	1610.25	1582.74
1609.3	1055.99	424	1.#QNAN	0	0.015	0	6.2894e-007	1470.37	1609.3	1581.88
1608.44	1055.22	425	1.#QNAN	0	0	0	6.16362e-007	1499.06	1608.44	1581.12
1607.55	1054.46	426	1.#QNAN	0	0.016	0	6.04851e-007	1476.24	1607.55	1580.33
1606.74	1053.72	427	1.#QNAN	0	0	0	6.08725e-007	1483.9	1606.74	1579.61
1605.9	1052.98	428	1.#QNAN	0	0.015	0	6.17292e-007	1469.54	1605.9	1578.87
1605.11	1052.27	429	1.#QNAN	0	0	0	6.10335e-007	1502.91	1605.11	1578.17
1604.32	1051.59	430	1.#QNAN	0	0.016	0	6.19636e-007	1488.18	1604.32	1577.47
1603.53	1050.9	431	1.#QNAN	0	0.016	0	6.17207e-007	1481.03	1603.53	1576.76
1602.71	1050.17	432	1.#QNAN	0	0	0	6.17618e-007	1470.07	1602.71	1576.04
1601.93	1049.48	433	1.#QNAN	0	0.015	0	6.10774e-007	1486.72	1601.93	1575.35
1601.13	1048.77	434	1.#QNAN	0	0	0	6.30291e-007	1489.11	1601.13	1574.64
1600.34	1048.08	435	1.#QNAN	0	0.016	0	6.22654e-007	1499.48	1600.34	1573.93
1599.57	1047.37	436	1.#QNAN	0	0.015	0	6.18111e-007	1503.51	1599.57	1573.26
1598.78	1046.67	437	1.#QNAN	0	0	0	6.20074e-007	1496.36	1598.78	1572.55
1597.98	1045.98	438	1.#QNAN	0	0.016	0	6.27216e-007	1481.66	1597.98	1571.83
1597.13	1045.27	439	1.#QNAN	0	0	0	6.41608e-007	1458.29	1597.13	1571.07
1596.35	1044.59	440	1.#QNAN	0	0.016	0	6.25536e-007	1484.4	1596.35	1570.38
1595.57	1043.92	441	1.#QNAN	0	0	0	6.20591e-007	1472.46	1595.57	1569.69
1594.78	1043.26	442	1.#QNAN	0	0.015	0	6.15762e-007	1460.98	1594.78	1568.98
1593.96	1042.57	443	1.#QNAN	0	0	0	6.1922e-007	1455.21	1593.96	1568.24
1593.14	1041.9	444	1.#QNAN	0	0.016	0	6.28836e-007	1462.82	1593.14	1567.51
1592.36	1041.25	445	1.#QNAN	0	0.015	0	6.16086e-007	1467.51	1592.36	1566.81
1591.54	1040.55	446	1.#QNAN	0	0	0	6.15462e-007	1452.66	1591.54	1566.07
1590.76	1039.9	447	1.#QNAN	0	0.016	0	6.03846e-007	1466.58	1590.76	1565.37
1589.98	1039.25	448	1.#QNAN	0	0	0	6.20775e-007	1468.75	1589.98	1564.68
1589.16	1038.58	449	1.#QNAN	0	0.016	0	6.30891e-007	1444.67	1589.16	1563.93
1588.31	1037.91	450	1.#QNAN	0	0	0	6.22609e-007	1429.91	1588.31	1563.16
1587.53	1037.32	451	1.#QNAN	0	0.015	0	6.05941e-007	1464.7	1587.53	1562.46
1586.73	1036.68	452	1.#QNAN	0	0.016	0	6.29392e-007	1451.6	1586.73	1561.73
1586.01	1036.06	453	1.#QNAN	0	0	0	6.10873e-007	1475.85	1586.01	1561.09
1585.29	1035.44	454	1.#QNAN	0	0.015	0	6.38775e-007	1479.12	1585.29	1560.46
1584.52	1034.81	455	1.#QNAN	0	0	0	6.13909e-007	1450.05	1584.52	1559.76
1583.8	1034.19	456	1.#QNAN	0	0.016	0	6.2142e-007	1496.63	1583.8	1559.11
1583.03	1033.58	457	1.#QNAN	0	0	0	5.99599e-007	1466.61	1583.03	1558.42
1582.3	1032.96	458	1.#QNAN	0	0.016	0	6.23555e-007	1477.56	1582.3	1557.76
1581.57	1032.37	459	1.#QNAN	0	0.015	0	6.37284e-007	1460.56	1581.57	1557.11
1580.83	1031.74	460	1.#QNAN	0	0	0	6.24533e-007	1455.11	1580.83	1556.45
1580.14	1031.12	461	1.#QNAN	0	0.016	0	6.18728e-007	1456.11	1580.14	1555.83
1579.42	1030.51	462	1.#QNAN	0	0	0	6.18532e-007	1473.34	1579.42	1555.19
1578.67	1029.89	463	1.#QNAN	0	0.015	1	6.16852e-007	1449.53	1578.67	1554.51
1577.96	1029.28	464	1.#QNAN	0	0	0	6.203e-007	1463.38	1577.96	1553.89
1577.27	1028.67	465	1.#QNAN	0	0.016	0	6.36058e-007	1458.72	1577.27	1553.27
1576.58	1028.09	466	1.#QNAN	0	0.016	0	6.19246e-007	1441.26	1576.58	1552.66
1575.9	1027.53	467	1.#QNAN	0	0	0	6.32299e-007	1455.62	1575.9	1552.05
1575.24	1026.92	468	1.#QNAN	0	0.015	0	6.09331e-007	1486.64	1575.24	1551.48
1574.58	1026.35	469	1.#QNAN	0	0	0	6.31438e-007	1459.04	1574.58	1550.89
1573.87	1025.76	470	1.#QNAN	0	0.016	0	6.23449e-007	1438.49	1573.87	1550.25
1573.12	1025.15	471	1.#QNAN	0	0	0	6.06731e-007	1429.44	1573.12	1549.57
1572.41	1024.57	472	1.#QNAN	0	0.015	0	6.16793e-007	1464.62	1572.41	1548.94
1571.67	1023.98	473	1.#QNAN	0	0.016	0	6.32048e-007	1456.53	1571.67	1548.27
1570.97	1023.39	474	1.#QNAN	0	0	0	6.38499e-007	1465.23	1570.97	1547.65
1570.24	1022.79	475	1.#QNAN	0	0.016	0	6.26791e-007	1478.14	1570.24	1546.99
1569.53	1022.18	476	1.#QNAN	0	0	0	6.21495e-007	1466.59	1569.53	1546.36
1568.88	1021.62	477	1.#QNAN	0	0.015	0	6.29444e-007	1474.32	1568.88	1545.78
1568.21	1021.04	478	1.#QNAN	0	0	0	6.16408e-007	1471.15	1568.21	1545.19
1567.58	1020.48	479	1.#QNAN	0	0.016	0	6.21871e-007	1486.75	1567.58	1544.63
1566.97	1019.93	480	1.#QNAN	0	0.015	0	6.28432e-007	1502.34	1566.97	1544.1
1566.31	1019.36	481	1.#QNAN	0	0	0	6.44983e-007	1469.46	1566.31	1543.51
1565.71	1018.82	482	1.#QNAN	0	0.016	0	6.14859e-007	1483.38	1565.71	1542.99
1565.09	1018.3	483	1.#QNAN	0	0	0	6.25159e-007	1479.63	1565.09	1542.44
1564.5	1017.75	484	1.#QNAN	0	0.016	0	6.10742e-007	1484.36	1564.5	1541.92
1563.91	1017.23	485	1.#QNAN	0	0	0	6.25254e-007	1477	1563.91	1541.41
1563.35	1016.74	486	1.#QNAN	0	0.015	0	6.3386e-007	1492.6	1563.35	1540.92
1562.78	1016.22	487	1.#QNAN	0	0.016	0	6.25366e-007	1485.68	1562.78	1540.42
1562.22	1015.75	488	1.#QNAN	0	0	0	6.2145e-007	1493.77	1562.22	1539.93
1561.63	1015.23	489	1.#QNAN	0	0.015	0	6.45968e-007	1491.92	1561.63	1539.4
1561.06	1014.74	490	1.#QNAN	0	0	0	6.38766e-007	1490.47	1561.06	1538.9
1560.52	1014.22	491	1.#QNAN	0	0.016	0	6.16233e-007	1510.59	1560.52	1538.44
1559.95	1013.72	492	1.#QNAN	0	0	0	6.30283e-007	1489.22	1559.95	1537.93
1559.41	1013.22	493	1.#QNAN	0	0.016	0	6.42381e-007	1514.73	1559.41	1537.46
1558.86	1012.73	494	1.#QNAN	0	0.015	0	6.29359e-007	1488.34	1558.86	1536.97
1558.3	1012.23	495	1.#QNAN	0	0	0	6.32851e-007	1465.53	1558.3	1536.48
1557.73	1011.74	496	1.#QNAN	0	0.016	0	6.2385e-007	1466.01	1557.73	1535.98
1557.18	1011.28	497	1.#QNAN	0	0	0	6.2851e-007	1477.66	1557.18	1535.49
1556.59	1010.78	498	1.#QNAN	0	0.015	0	6.57221e-007	1463.18	1556.59	1534.97
1556	1010.26	499	1.#QNAN	0	0	0	6.10062e-007	1457.53	1556	1534.45
1555.39	1009.76	500	1.#QNAN	0	0.016	0	6.32779e-007	1436.41	1555.39	1533.9
1554.83	1009.26	501	1.#QNAN	0	0.016	0	6.5412e-007	1473.01	1554.83	1533.41
1554.31	1008.81	502	1.#QNAN	0	0	0	6.39884e-007	1487.21	1554.31	1532.95
1553.73	1008.35	503	1.#QNAN	0	0.015	0	6.22544e-007	1463.11	1553.73	1532.44
1553.19	1007.89	504	1.#QNAN	0	0	0	6.05459e-007	1483.92	1553.19	1531.96
1552.64	1007.41	505	1.#QNAN	0	0.016	0	6.27915e-007	1489.34	1552.64	1531.47
1552.08	1006.94	506	1.#QNAN	0	0	0	6.25258e-007	1466.12	1552.08	1530.98
1551.55	1006.49	507	1.#QNAN	0	0.015	0	6.34932e-007	1481.54	1551.55	1530.51
1550.98	1006	508	1.#QNAN	0	0.016	0	6.37143e-007	1475.09	1550.98	1530
1550.36	1005.54	509	1.#QNAN	0	0	0	6.34427e-007	1457.94	1550.36	1529.44
1549.79	1005.07	510	1.#QNAN	0	0.016	0	6.04623e-007	1469.59	1549.79	1528.93
1549.17	1004.58	511	1.#QNAN	0	0	0	6.30119e-007	1450.8	1549.17	1528.38
1548.59	1004.12	512	1.#QNAN	0	0.015	0	6.31869e-007	1448.01	1548.59	1527.86
1548.03	1003.66	513	1.#QNAN	0	0	0	6.04452e-007	1456.2	1548.03	1527.36
1547.44	1003.19	514	1.#QNAN	0	0.016	0	6.15238e-007	1464.94	1547.44	1526.84
1546.89	1002.72	515	1.#QNAN	0	0.015	0	6.13739e-007	1475.59	1546.89	1526.35
1546.33	1002.23	516	1.#QNAN	0	0	0	6.36692e-007	1472.07	1546.33	1525.85
1545.79	1001.76	517	1.#QNAN	0	0.016	0	6.1586e-007	1467.53	1545.79	1525.37
1545.28	1001.29	518	1.#QNAN	0	0	0	6.23695e-007	1475.94	1545.28	1524.92
1544.76	1000.83	519	1.#QNAN	0	0.016	0	6.34995e-007	1469.74	1544.76	1524.46
1544.24	1000.38	520	1.#QNAN	0	0.015	0	6.19883e-007	1464.81	1544.24	1524
1543.71	999.915	521	1.#QNAN	0	0	0	6.3984e-007	1464.08	1543.71	1523.54
1543.23	999.466	522	1.#QNAN	0	0.016	0	6.12016e-007	1472.28	1543.23	1523.12
1542.76	999.028	523	1.#QNAN	0	0	0	6.27373e-007	1458.54	1542.76	1522.7
1542.29	998.595	524	1.#QNAN	0	0.015	0	6.25976e-007	1484.94	1542.29	1522.29
1541.88	998.178	525	1.#QNAN	0	0	0	6.27645e-007	1499.54	1541.88	1521.94
1541.39	997.744	526	1.#QNAN	0	0.016	0	6.32105e-007	1469.79	1541.39	1521.51
1540.91	997.304	527	1.#QNAN	0	0.016	0	6.23676e-007	1467.24	1540.91	1521.08
1540.41	996.878	528	1.#QNAN	0	0	0	6.51395e-007	1453.01	1540.41	1520.65
1539.91	996.412	529	1.#QNAN	0	0.015	0	6.33741e-007	1460.43	1539.91	1520.21
1539.37	995.927	530	1.#QNAN	0	0	0	6.13119e-007	1469.17	1539.37	1519.72
1538.85	995.475	531	1.#QNAN	0	0.016	0	6.25877e-007	1451.23	1538.85	1519.26
1538.4	995.066	532	1.#QNAN	0	0.015	0	6.3559e-007	1493.54	1538.4	1518.87
1538	994.655	533	1.#QNAN	0	0	0	6.39264e-007	1523.74	1538	1518.53
1537.58	994.228	534	1.#QNAN	0	0.016	0	6.44522e-007	1513.63	1537.58	1518.16
1537.12	993.811	535	1.#QNAN	0	0	0	6.07094e-007	1475	1537.12	1517.76
1536.62	993.369	536	1.#QNAN	0	0.016	0	6.28544e-007	1452.36	1536.62	1517.32
1536.17	992.958	537	1.#QNAN	0	0	0	6.4233e-007	1469.69	1536.17	1516.92
1535.71	992.518	538	1.#QNAN	0	0.015	0	6.39579e-007	1472.49	1535.71	1516.51
1535.3	992.092	539	1.#QNAN	0	0	0	6.37625e-007	1512.23	1535.3	1516.16
1534.85	991.624	540	1.#QNAN	0	0.016	0	6.28217e-007	1480.75	1534.85	1515.76
1534.39	991.179	541	1.#QNAN	0	0.015	0	6.08853e-007	1485.38	1534.39	1515.36
1533.99	990.752	542	1.#QNAN	0	0	0	6.11676e-007	1491.28	1533.99	1515.01
1533.57	990.349	543	1.#QNAN	0	0.016	0	6.58839e-007	1477.02	1533.57	1514.64
1533.15	989.934	544	1.#QNAN	0	0	0	6.31331e-007	1488.32	1533.15	1514.28
1532.73	989.524	545	1.#QNAN	0	0.016	0	6.27038e-007	1480.96	1532.73	1513.91
1532.27	989.076	546	1.#QNAN	0	0.015	0	6.3396e-007	1457.08	1532.27	1513.5
1531.87	988.643	547	1.#QNAN	0	0	0	6.50198e-007	1487.93	1531.87	1513.15
1531.5	988.247	548	1.#QNAN	0	0.016	0	6.35669e-007	1500.02	1531.5	1512.84
1531.13	987.86	549	1.#QNAN	0	0	0	6.34673e-007	1506.3	1531.13	1512.52
1530.76	987.464	550	1.#QNAN	0	0.015	0	6.12697e-007	1497.69	1530.76	1512.21
1530.39	987.057	551	1.#QNAN	0	0	0	6.36713e-007	1495.39	1530.39	1511.89
1530.04	986.667	552	1.#QNAN	0	0.016	0	6.46632e-007	1507.4	1530.04	1511.59
1529.73	986.248	553	1.#QNAN	0	0.016	0	6.23752e-007	1549.51	1529.73	1511.33
1529.36	985.84	554	1.#QNAN	0	0	0	6.36698e-007	1508.8	1529.36	1511.02
1529.02	985.454	555	1.#QNAN	0	0.015	0	6.27234e-007	1501.53	1529.02	1510.73
1528.68	985.057	556	1.#QNAN	0	0.016	0	6.36835e-007	1514.11	1528.68	1510.44
1528.34	984.676	557	1.#QNAN	0	0	0	6.4039e-007	1520.42	1528.34	1510.16
1527.96	984.253	558	1.#QNAN	0	0.015	0	6.22296e-007	1507.75	1527.96	1509.83
1527.61	983.858	559	1.#QNAN	0	0	0	6.00939e-007	1519.54	1527.61	1509.53
1527.27	983.451	560	1.#QNAN	0	0.016	0	6.36014e-007	1524.19	1527.27	1509.24
1526.9	983.081	561	1.#QNAN	0	0	0	6.20627e-007	1506.24	1526.9	1508.92
1526.52	982.686	562	1.#QNAN	0	0	0	6.52523e-007	1508.92	1526.52	1508.6
1526.18	982.305	563	1.#QNAN	0	0.015	0	6.28772e-007	1534.84	1526.18	1508.31
1525.83	981.897	564	1.#QNAN	0	0	0	5.92719e-007	1535.25	1525.83	1508.01
1525.42	981.486	565	1.#QNAN	0	0.016	0	6.40354e-007	1502.18	1525.42	1507.65
1525.05	981.1	566	1.#QNAN	0	0	0	6.54242e-007	1500.29	1525.05	1507.34
1524.7	980.715	567	1.#QNAN	0	0.015	0	6.38889e-007	1497.85	1524.7	1507.03
1524.34	980.34	568	1.#QNAN	0	0.016	0	6.37247e-007	1508.95	1524.34	1506.72
1523.95	979.955	569	1.#QNAN	0	0	0	6.3046e-007	1478.29	1523.95	1506.38
1523.55	979.577	570	1.#QNAN	0	0.016	0	6.58956e-007	1481.14	1523.55	1506.03
1523.19	979.209	571	1.#QNAN	0	0	0	6.37447e-007	1489.03	1523.19	1505.72
1522.82	978.829	572	1.#QNAN	0	0.015	0	6.2462e-007	1471.8	1522.82	1505.4
1522.46	978.462	573	1.#QNAN	0	0.016	1	6.55273e-007	1511.09	1522.46	1505.09
1522.11	978.089	574	1.#QNAN	0	0	0	6.42227e-007	1510.4	1522.11	1504.78
1521.75	977.696	575	1.#QNAN	0	0.015	0	6.31017e-007	1494.24	1521.75	1504.47
1521.41	977.329	576	1.#QNAN	0	0	0	6.1097e-007	1506.65	1521.41	1504.18
1521.09	976.966	577	1.#QNAN	0	0.016	0	6.37355e-007	1532.26	1521.09	1503.91
1520.74	976.591	578	1.#QNAN	0	0	0	6.36947e-007	1483.88	1520.74	1503.6
1520.41	976.253	579	1.#QNAN	0	0.016	0	6.42856e-007	1495.87	1520.41	1503.32
1520.07	975.926	580	1.#QNAN	0	0.015	0	6.46812e-007	1502.55	1520.07	1503.03
1519.75	975.593	581	1.#QNAN	0	0	0	6.30788e-007	1500.8	1519.75	1502.76
1519.43	975.245	582	1.#QNAN	0	0.016	0	6.45594e-007	1500.34	1519.43	1502.48
1519.11	974.9	583	1.#QNAN	0	0	0	6.41096e-007	1503.1	1519.11	1502.22
1518.85	974.584	584	1.#QNAN	0	0.015	0	6.27944e-007	1542.24	1518.85	1501.99
1518.52	974.25	585	1.#QNAN	0	0	0	6.57802e-007	1495.15	1518.52	1501.71
1518.24	973.94	586	1.#QNAN	0	0.016	0	6.49932e-007	1531.91	1518.24	1501.48
1517.95	973.609	587	1.#QNAN	0	0.016	0	6.52426e-007	1531.31	1517.95	1501.24
1517.64	973.283	588	1.#QNAN	0	0	0	6.43739e-007	1500.7	1517.64	1500.97
1517.29	972.927	589	1.#QNAN	0	0.015	0	6.49331e-007	1480.57	1517.29	1500.66
1516.94	972.584	590	1.#QNAN	0	0	0	6.37213e-007	1476.52	1516.94	1500.36
1516.63	972.229	591	1.#QNAN	0	0.016	0	6.27101e-007	1497.28	1516.63	1500.09
1516.35	971.889	592	1.#QNAN	0	0	0	6.22224e-007	1523.61	1516.35	1499.86
1516.08	971.585	593	1.#QNAN	0	0.015	0	6.43343e-007	1530.64	1516.08	1499.63
1515.82	971.271	594	1.#QNAN	0	0.016	0	6.08355e-007	1555.46	1515.82	1499.41
1515.58	970.95	595	1.#QNAN	0	0	0	6.35688e-007	1565.36	1515.58	1499.21
1515.32	970.619	596	1.#QNAN	0	0.016	0	6.31071e-007	1548.65	1515.32	1499
1515.07	970.316	597	1.#QNAN	0	0	0	6.37563e-007	1527.94	1515.07	1498.79
1514.84	970.016	598	1.#QNAN	0	0.015	0	6.56961e-007	1544.51	1514.84	1498.6
1514.6	969.712	599	1.#QNAN	0	0	0	6.44064e-007	1524.71	1514.6	1498.41
1514.38	969.419	600	1.#QNAN	0	0.016	0	6.33803e-007	1557.56	1514.38	1498.23
1514.17	969.126	601	1.#QNAN	0	0.015	0	6.38053e-007	1549.16	1514.17	1498.07
1513.96	968.827	602	1.#QNAN	0	0	0	6.34571e-007	1554.17	1513.96	1497.9
1513.71	968.517	603	1.#QNAN	0	0.016	0	6.94978e-007	1526.58	1513.71	1497.69
1513.46	968.22	604	1.#QNAN	0	0	0	6.35575e-007	1526.05	1513.46	1497.48
1513.25	967.931	605	1.#QNAN	0	0.016	0	6.68696e-007	1557.9	1513.25	1497.32
1513.04	967.643	606	1.#QNAN	0	0	0	6.41534e-007	1554.81	1513.04	1497.15
1512.77	967.327	607	1.#QNAN	0	0.015	0	6.14999e-007	1514.93	1512.77	1496.93
1512.52	967.035	608	1.#QNAN	0	0	0	6.26926e-007	1513.95	1512.52	1496.72
1512.29	966.734	609	1.#QNAN	0	0.016	0	6.26371e-007	1542.46	1512.29	1496.53
1512.12	966.438	610	1.#QNAN	0	0.015	0	6.40952e-007	1596.55	1512.12	1496.4
1511.92	966.151	611	1.#QNAN	0	0	0	6.51137e-007	1568.86	1511.92	1496.24
1511.73	965.881	612	1.#QNAN	0	0.016	0	6.37994e-007	1580.74	1511.73	1496.1
1511.49	965.58	613	1.#QNAN	0	0	0	6.35145e-007	1536.05	1511.49	1495.9
1511.25	965.274	614	1.#QNAN	0	0.016	0	6.23227e-007	1530.13	1511.25	1495.7
1510.99	964.939	615	1.#QNAN	0	0	0	6.45441e-007	1527.86	1510.99	1495.49
1510.77	964.621	616	1.#QNAN	0	0.015	0	6.56777e-007	1546.39	1510.77	1495.32
1510.55	964.298	617	1.#QNAN	0	0.016	0	6.40087e-007	1543.7	1510.55	1495.14
1510.37	964.007	618	1.#QNAN	0	0	0	6.31666e-007	1571.51	1510.37	1495
1510.18	963.706	619	1.#QNAN	0	0.015	0	6.65986e-007	1582.99	1510.18	1494.86
1510	963.414	620	1.#QNAN	0	0	0	6.16256e-007	1552.58	1510	1494.71
1509.83	963.129	621	1.#QNAN	0	0.016	0	6.22666e-007	1583.98	1509.83	1494.59
1509.65	962.842	622	1.#QNAN	0	0.016	0	6.55059e-007	1570.84	1509.65	1494.45
1509.48	962.565	623	1.#QNAN	0	0	0	6.49173e-007	1574.03	1509.48	1494.32
1509.32	962.286	624	1.#QNAN	0	0.015	0	6.48225e-007	1579.2	1509.32	1494.19
1509.14	962.003	625	1.#QNAN	0	0	0	6.32494e-007	1582.21	1509.14	1494.06
1508.95	961.726	626	1.#QNAN	0	0.016	0	6.61296e-007	1562.4	1508.95	1493.9
1508.73	961.444	627	1.#QNAN	0	0	0	6.43382e-007	1529.14	1508.73	1493.72
1508.51	961.168	628	1.#QNAN	0	0.015	0	6.20249e-007	1527.23	1508.51	1493.53
1508.31	960.911	629	1.#QNAN	0	0.016	0	6.42704e-007	1554.74	1508.31	1493.38
1508.15	960.657	630	1.#QNAN	0	0	0	6.43983e-007	1569.06	1508.15	1493.26
1507.95	960.393	631	1.#QNAN	0	0.016	0	6.40646e-007	1516.64	1507.95	1493.09
1507.78	960.137	632	1.#QNAN	0	0	0	6.54205e-007	1546.2	1507.78	1492.96
1507.58	959.869	633	1.#QNAN	0	0.015	0	6.32873e-007	1539.67	1507.58	1492.8
1507.4	959.609	634	1.#QNAN	0	0	0	6.26055e-007	1553.56	1507.4	1492.65
1507.25	959.355	635	1.#QNAN	0	0.016	0	6.43607e-007	1576.12	1507.25	1492.54
1507.1	959.122	636	1.#QNAN	0	0.015	0	6.45596e-007	1576.18	1507.1	1492.42
1506.86	958.845	637	1.#QNAN	0	0	0	6.38774e-007	1507.35	1506.86	1492.22
1506.62	958.558	638	1.#QNAN	0	0.016	0	6.35806e-007	1509.12	1506.62	1492.02
1506.42	958.294	639	1.#QNAN	0	0	0	6.60282e-007	1533.47	1506.42	1491.86
1506.23	958.04	640	1.#QNAN	0	0.016	0	6.3788e-007	1527.96	1506.23	1491.69
1506.05	957.78	641	1.#QNAN	0	0.015	0	6.43491e-007	1541.26	1506.05	1491.56
1505.83	957.519	642	1.#QNAN	0	0	0	6.35895e-007	1519.2	1505.83	1491.37
1505.63	957.252	643	1.#QNAN	0	0.016	0	6.41027e-007	1521.95	1505.63	1491.21
1505.46	957.022	644	1.#QNAN	0	0	0	6.26749e-007	1529.42	1505.46	1491.08
1505.23	956.757	645	1.#QNAN	0	0.016	0	6.27695e-007	1489.48	1505.23	1490.89
1505.07	956.512	646	1.#QNAN	0	0	0	6.32417e-007	1541.89	1505.07	1490.76
1504.91	956.255	647	1.#QNAN	0	0.016	0	6.31503e-007	1530.26	1504.91	1490.63
1504.78	956.013	648	1.#QNAN	0	0	0	6.28347e-007	1562.55	1504.78	1490.54
1504.6	955.747	649	1.#QNAN	0	0.016	0	6.22309e-007	1526.38	1504.6	1490.39
1504.47	955.513	650	1.#QNAN	0	0.015	0	6.43967e-007	1570.51	1504.47	1490.31
1504.3	955.251	651	1.#QNAN	0	0	0	6.4557e-007	1547.39	1504.3	1490.17
1504.19	955.023	652	1.#QNAN	0	0.016	0	6.35826e-007	1577.58	1504.19	1490.1
1504.02	954.774	653	1.#QNAN	0	0	0	6.47575e-007	1539.08	1504.02	1489.96
1503.82	954.519	654	1.#QNAN	0	0.015	0	6.48163e-007	1495.18	1503.82	1489.79
1503.64	954.289	655	1.#QNAN	0	0	0	6.30248e-007	1518.44	1503.64	1489.64
1503.44	954.064	656	1.#QNAN	0	0.016	0	6.45601e-007	1504.44	1503.44	1489.48
1503.26	953.824	657	1.#QNAN	0	0.016	0	6.29091e-007	1515.19	1503.26	1489.33
1503.1	953.587	658	1.#QNAN	0	0	0	6.50339e-007	1535.14	1503.1	1489.2
1502.97	953.367	659	1.#QNAN	0	0.015	0	6.41026e-007	1556.33	1502.97	1489.1
1502.79	953.132	660	1.#QNAN	0	0	0	6.47255e-007	1506.98	1502.79	1488.95
1502.58	952.889	661	1.#QNAN	0	0.016	0	6.18075e-007	1488.61	1502.58	1488.78
1502.38	952.638	662	1.#QNAN	0	0	0	6.48744e-007	1499.26	1502.38	1488.61
1502.18	952.401	663	1.#QNAN	0	0.015	0	6.46036e-007	1491.23	1502.18	1488.44
1502	952.163	664	1.#QNAN	0	0.016	0	6.41155e-007	1512.52	1502	1488.29
1501.8	951.901	665	1.#QNAN	0	0	0	6.58369e-007	1519.84	1501.8	1488.12
1501.66	951.656	666	1.#QNAN	0	0.016	0	6.30229e-007	1552.04	1501.66	1488.01
1501.51	951.439	667	1.#QNAN	0	0	0	6.41188e-007	1540.92	1501.51	1487.89
1501.33	951.196	668	1.#QNAN	0	0.015	0	6.41743e-007	1518.73	1501.33	1487.75
1501.15	950.976	669	1.#QNAN	0	0	0	6.35545e-007	1522.43	1501.15	1487.6
1501	950.748	670	1.#QNAN	0	0.016	0	6.67225e-007	1537.94	1501	1487.48
1500.82	950.518	671	1.#QNAN	0	0	0	6.24065e-007	1503.71	1500.82	1487.33
1500.61	950.274	672	1.#QNAN	0	0.015	0	6.33169e-007	1482.98	1500.61	1487.15
1500.46	950.045	673	1.#QNAN	0	0.016	0	6.56365e-007	1534.73	1500.46	1487.04
1500.28	949.807	674	1.#QNAN	0	0	0	6.66513e-007	1496.59	1500.28	1486.89
1500.09	949.559	675	1.#QNAN	0	0.016	0	6.34659e-007	1514.8	1500.09	1486.73
1499.87	949.303	676	1.#QNAN	0	0	0	6.42831e-007	1502.49	1499.87	1486.54
1499.69	949.05	677	1.#QNAN	0	0.015	0	6.53453e-007	1526.97	1499.69	1486.4
1499.54	948.806	678	1.#QNAN	0	0.016	0	6.32708e-007	1556.15	1499.54	1486.27
1499.37	948.577	679	1.#QNAN	0	0	0	6.50398e-007	1529.45	1499.37	1486.14
1499.18	948.335	680	1.#QNAN	0	0.015	0	6.56396e-007	1506.14	1499.18	1485.98
1498.99	948.109	681	1.#QNAN	0	0	0	6.76497e-007	1513.53	1498.99	1485.82
1498.81	947.891	682	1.#QNAN	0	0.016	0	6.53621e-007	1509.55	1498.81	1485.67
1498.6	947.635	683	1.#QNAN	0	0.016	0	6.40047e-007	1487.1	1498.6	1485.49
1498.39	947.397	684	1.#QNAN	0	0	0	6.34364e-007	1501.02	1498.39	1485.31
1498.18	947.15	685	1.#QNAN	0	0.015	1	6.44514e-007	1487.78	1498.18	1485.14
1497.98	946.908	686	1.#QNAN	0	0	0	6.42207e-007	1487.83	1497.98	1484.96
1497.83	946.683	687	1.#QNAN	0	0.016	0	6.61864e-007	1527.5	1497.83	1484.85
1497.66	946.442	688	1.#QNAN	0	0	0	6.45038e-007	1515.92	1497.66	1484.7
1497.47	946.201	689	1.#QNAN	0	0.015	0	6.61733e-007	1503.95	1497.47	1484.55
1497.32	945.961	690	1.#QNAN	0	0.016	0	6.31603e-007	1527.61	1497.32	1484.43
1497.17	945.743	691	1.#QNAN	0	0	0	6.4453e-007	1515.82	1497.17	1484.3
1497	945.512	692	1.#QNAN	0	0.016	0	6.70135e-007	1529.31	1497	1484.17
1496.78	945.264	693	1.#QNAN	0	0	0	6.11596e-007	1495.09	1496.78	1483.98
1496.63	945.04	694	1.#QNAN	0	0.015	0	6.61523e-007	1545.2	1496.63	1483.86
1496.47	944.823	695	1.#QNAN	0	0	0	6.28583e-007	1529.41	1496.47	1483.73
1496.31	944.59	696	1.#QNAN	0	0.016	0	6.39539e-007	1536.58	1496.31	1483.59
1496.15	944.36	697	1.#QNAN	0	0.015	0	6.59212e-007	1520.8	1496.15	1483.46
1495.97	944.115	698	1.#QNAN	0	0	0	6.58147e-007	1529.27	1495.97	1483.32
1495.82	943.888	699	1.#QNAN	0	0.016	0	6.36882e-007	1535.3	1495.82	1483.19
1495.71	943.65	700	1.#QNAN	0	0	0	6.44183e-007	1574.57	1495.71	1483.12
1495.56	943.409	701	1.#QNAN	0	0.016	0	6.64452e-007	1536.62	1495.56	1482.99
1495.36	943.157	702	1.#QNAN	0	0	0	6.84208e-007	1506.89	1495.36	1482.82
1495.16	942.899	703	1.#QNAN	0	0.015	0	6.26047e-007	1504.13	1495.16	1482.66
1495	942.646	704	1.#QNAN	0	0.016	0	6.30796e-007	1528.93	1495	1482.53
1494.83	942.43	705	1.#QNAN	0	0	0	6.57153e-007	1518.82	1494.83	1482.38
1494.68	942.218	706	1.#QNAN	0	0.015	0	6.33486e-007	1524.66	1494.68	1482.26
1494.52	942	707	1.#QNAN	0	0	0	6.63114e-007	1527.85	1494.52	1482.13
1494.35	941.766	708	1.#QNAN	0	0.016	0	6.78268e-007	1513.08	1494.35	1481.98
1494.18	941.515	709	1.#QNAN	0	0	0	6.44266e-007	1539.78	1494.18	1481.85
1494.05	941.3	710	1.#QNAN	0	0.016	0	6.4033e-007	1541.73	1494.05	1481.75
1493.92	941.113	711	1.#QNAN	0	0	0	6.56159e-007	1532.31	1493.92	1481.65
1493.77	940.887	712	1.#QNAN	0	0.015	0	6.56902e-007	1517.08	1493.77	1481.52
1493.61	940.671	713	1.#QNAN	0	0.016	0	6.55673e-007	1513.27	1493.61	1481.4
1493.46	940.449	714	1.#QNAN	0	0	0	6.66844e-007	1518.76	1493.46	1481.28
1493.36	940.246	715	1.#QNAN	0	0.015	0	6.47127e-007	1578.51	1493.36	1481.21
1493.2	940.035	716	1.#QNAN	0	0	0	6.21731e-007	1513.97	1493.2	1481.07
1493.03	939.812	717	1.#QNAN	0	0.016	0	6.72954e-007	1511.11	1493.03	1480.93
1492.86	939.589	718	1.#QNAN	0	0	0	6.23313e-007	1512.27	1492.86	1480.79
1492.66	939.381	719	1.#QNAN	0	0.016	0	6.38931e-007	1467.25	1492.66	1480.62
1492.45	939.167	720	1.#QNAN	0	0.015	0	6.50669e-007	1475.04	1492.45	1480.43
1492.27	938.976	721	1.#QNAN	0	0	0	6.46264e-007	1490.16	1492.27	1480.28
1492.07	938.766	722	1.#QNAN	0	0.016	0	6.3657e-007	1477.6	1492.07	1480.1
1491.94	938.566	723	1.#QNAN	0	0	0	6.20939e-007	1522.55	1491.94	1480
1491.79	938.352	724	1.#QNAN	0	0.015	0	6.74318e-007	1518.49	1491.79	1479.88
1491.66	938.126	725	1.#QNAN	0	0.016	0	6.70398e-007	1545.99	1491.66	1479.78
1491.52	937.932	726	1.#QNAN	0	0	0	6.42273e-007	1529.16	1491.52	1479.67
1491.4	937.746	727	1.#QNAN	0	0.016	0	6.44275e-007	1519.6	1491.4	1479.57
1491.26	937.547	728	1.#QNAN	0	0	0	6.48724e-007	1518.21	1491.26	1479.46
1491.13	937.331	729	1.#QNAN	0	0.015	0	6.43516e-007	1532.19	1491.13	1479.36
1490.97	937.12	730	1.#QNAN	0	0	0	6.61369e-007	1507.87	1490.97	1479.23
1490.83	936.922	731	1.#QNAN	0	0.016	0	6.26777e-007	1520.34	1490.83	1479.11
1490.66	936.706	732	1.#QNAN	0	0.015	0	6.48912e-007	1519.57	1490.66	1478.97
1490.5	936.508	733	1.#QNAN	0	0	0	6.31004e-007	1503.09	1490.5	1478.83
1490.32	936.302	734	1.#QNAN	0	0.016	0	6.47312e-007	1497.1	1490.32	1478.68
1490.18	936.095	735	1.#QNAN	0	0	0	6.31614e-007	1527.57	1490.18	1478.56
1489.99	935.875	736	1.#QNAN	0	0.016	0	6.50518e-007	1493.29	1489.99	1478.4
1489.83	935.677	737	1.#QNAN	0	0.015	0	6.23468e-007	1502.03	1489.83	1478.27
1489.66	935.457	738	1.#QNAN	0	0	0	6.46421e-007	1496.74	1489.66	1478.12
1489.55	935.265	739	1.#QNAN	0	0.016	0	6.15063e-007	1541.27	1489.55	1478.03
1489.41	935.069	740	1.#QNAN	0	0	0	6.44437e-007	1535.87	1489.41	1477.92
1489.27	934.878	741	1.#QNAN	0	0.015	0	6.47892e-007	1512.02	1489.27	1477.8
1489.16	934.685	742	1.#QNAN	0	0	0	6.7808e-007	1530.75	1489.16	1477.71
1489.02	934.497	743	1.#QNAN	0	0.016	0	6.20405e-007	1508.46	1489.02	1477.6
1488.87	934.297	744	1.#QNAN	0	0.016	0	6.46569e-007	1499.67	1488.87	1477.47
1488.69	934.083	745	1.#QNAN	0	0	0	6.57581e-007	1483.71	1488.69	1477.32
1488.52	933.871	746	1.#QNAN	0	0.015	0	6.3155e-007	1488.77	1488.52	1477.18
1488.35	933.655	747	1.#QNAN	0	0	0	6.49889e-007	1492.4	1488.35	1477.03
1488.19	933.459	748	1.#QNAN	0	0.016	0	6.44408e-007	1511.91	1488.19	1476.89
1488.05	933.245	749	1.#QNAN	0	0	0	6.48264e-007	1524.26	1488.05	1476.78
1487.92	933.036	750	1.#QNAN	0	0.015	0	6.45053e-007	1523.35	1487.92	1476.67
1487.78	932.82	751	1.#QNAN	0	0.016	0	6.55436e-007	1523.16	1487.78	1476.56
1487.64	932.596	752	1.#QNAN	0	0	0	6.32068e-007	1518.28	1487.64	1476.44
1487.51	932.398	753	1.#QNAN	0	0.016	0	6.38838e-007	1527.82	1487.51	1476.34
1487.39	932.195	754	1.#QNAN	0	0	0	6.71952e-007	1536.53	1487.39	1476.25
1487.28	932	755	1.#QNAN	0	0.015	0	6.63817e-007	1525.22	1487.28	1476.15
1487.15	931.808	756	1.#QNAN	0	0	0	6.29754e-007	1528.28	1487.15	1476.05
1487.02	931.635	757	1.#QNAN	0	0.016	0	6.59465e-007	1512.95	1487.02	1475.95
1486.92	931.44	758	1.#QNAN	0	0.015	0	6.4289e-007	1529.2	1486.92	1475.86
1486.79	931.249	759	1.#QNAN	0	0	0	6.25666e-007	1522.13	1486.79	1475.76
1486.64	931.058	760	1.#QNAN	0	0.016	0	6.29665e-007	1510.07	1486.64	1475.64
1486.48	930.851	761	1.#QNAN	0	0	0	6.30783e-007	1491.15	1486.48	1475.5
1486.34	930.654	762	1.#QNAN	0	0.016	0	6.44021e-007	1511.45	1486.34	1475.39
1486.19	930.459	763	1.#QNAN	0	0	0	6.3875e-007	1501.21	1486.19	1475.25
1486.07	930.273	764	1.#QNAN	0	0.015	0	6.43827e-007	1539.8	1486.07	1475.16
1485.94	930.098	765	1.#QNAN	0	0.016	0	6.36189e-007	1520.76	1485.94	1475.05
1485.87	929.925	766	1.#QNAN	0	0	0	6.51401e-007	1562.64	1485.87	1475
1485.77	929.736	767	1.#QNAN	0	0.015	0	6.41163e-007	1539.55	1485.77	1474.92
1485.68	929.562	768	1.#QNAN	0	0	0	6.2952e-007	1562.07	1485.68	1474.87
1485.57	929.373	769	1.#QNAN	0	0.016	0	6.37564e-007	1532.69	1485.57	1474.78
1485.45	929.179	770	1.#QNAN	0	0	0	6.35327e-007	1541.28	1485.45	1474.68
1485.37	929.008	771	1.#QNAN	0	0.016	0	6.35979e-007	1565.53	1485.37	1474.62
1485.25	928.836	772	1.#QNAN	0	0.015	0	6.45565e-007	1535.07	1485.25	1474.52
1485.13	928.667	773	1.#QNAN	0	0	0	6.29116e-007	1523.4	1485.13	1474.43
1485.06	928.503	774	1.#QNAN	0	0.016	0	6.6293e-007	1558.27	1485.06	1474.37
1484.95	928.333	775	1.#QNAN	0	0	0	6.31555e-007	1535.83	1484.95	1474.29
1484.82	928.162	776	1.#QNAN	0	0.015	0	6.62518e-007	1529.03	1484.82	1474.18
1484.68	927.979	777	1.#QNAN	0	0	0	6.50982e-007	1516.74	1484.68	1474.07
1484.58	927.803	778	1.#QNAN	0	0.016	0	6.60237e-007	1538.78	1484.58	1473.99
1484.48	927.621	779	1.#QNAN	0	0.016	0	6.22824e-007	1541.76	1484.48	1473.9
1484.38	927.453	780	1.#QNAN	0	0	0	6.56968e-007	1532.64	1484.38	1473.83
1484.26	927.271	781	1.#QNAN	0	0.015	0	6.46951e-007	1546.23	1484.26	1473.74
1484.17	927.105	782	1.#QNAN	0	0	0	6.36869e-007	1548.24	1484.17	1473.66
1484.11	926.959	783	1.#QNAN	0	0.016	0	6.30444e-007	1575.17	1484.11	1473.62
1483.97	926.775	784	1.#QNAN	0	0	0	6.56656e-007	1518.12	1483.97	1473.51
1483.89	926.598	785	1.#QNAN	0	0.015	0	6.58929e-007	1554.55	1483.89	1473.45
1483.8	926.423	786	1.#QNAN	0	0.016	0	6.32104e-007	1558.61	1483.8	1473.39
1483.7	926.249	787	1.#QNAN	0	0	0	6.45441e-007	1552.48	1483.7	1473.31
1483.53	926.054	788	1.#QNAN	0	0.016	0	6.38525e-007	1484.81	1483.53	1473.16
1483.43	925.887	789	1.#QNAN	0	0	0	6.59316e-007	1532.39	1483.43	1473.08
1483.33	925.722	790	1.#QNAN	0	0.015	0	6.58383e-007	1518.02	1483.33	1473
1483.25	925.56	791	1.#QNAN	0	0	0	6.57623e-007	1545.97	1483.25	1472.94
1483.14	925.379	792	1.#QNAN	0	0.016	0	6.22287e-007	1525.63	1483.14	1472.85
1483.02	925.204	793	1.#QNAN	0	0.015	0	6.38461e-007	1519.26	1483.02	1472.76
1482.9	925.031	794	1.#QNAN	0	0	0	6.41762e-007	1522.2	1482.9	1472.65
1482.81	924.845	795	1.#QNAN	0	0.016	0	6.3006e-007	1556.57	1482.81	1472.58
1482.71	924.687	796	1.#QNAN	0	0	0	6.56789e-007	1530.98	1482.71	1472.5
1482.63	924.539	797	1.#QNAN	0	0	0	6.51212e-007	1559.65	1482.63	1472.45
1482.56	924.386	798	1.#QNAN	0	0.015	1	6.42619e-007	1553.29	1482.56	1472.4
1482.48	924.241	799	1.#QNAN	0	0	0	6.36415e-007	1533.27	1482.48	1472.34
1482.38	924.084	800	1.#QNAN	0	0.016	0	6.4987e-007	1510.35	1482.38	1472.26
1482.28	923.925	801	1.#QNAN	0	0	0	6.36097e-007	1516.04	1482.28	1472.17
1482.14	923.748	802	1.#QNAN	0	0.015	0	6.64777e-007	1485.53	1482.14	1472.05
1482.03	923.577	803	1.#QNAN	0	0.016	0	6.28786e-007	1519.54	1482.03	1471.96
1481.94	923.403	804	1.#QNAN	0	0	0	6.51399e-007	1538.47	1481.94	1471.9
1481.88	923.238	805	1.#QNAN	0	0.016	0	6.3748e-007	1546.57	1481.88	1471.86
1481.78	923.072	806	1.#QNAN	0	0	0	6.47655e-007	1519.17	1481.78	1471.78
1481.71	922.92	807	1.#QNAN	0	0.015	0	6.33209e-007	1550.21	1481.71	1471.73
1481.63	922.764	808	1.#QNAN	0	0	0	6.45829e-007	1533.22	1481.63	1471.67
1481.56	922.62	809	1.#QNAN	0	0.016	0	6.48555e-007	1545.38	1481.56	1471.62
1481.49	922.478	810	1.#QNAN	0	0	0	6.48445e-007	1547.03	1481.49	1471.57
1481.44	922.34	811	1.#QNAN	0	0.015	0	6.32452e-007	1557.56	1481.44	1471.54
1481.38	922.197	812	1.#QNAN	0	0.016	0	6.51801e-007	1561.13	1481.38	1471.51
1481.31	922.055	813	1.#QNAN	0	0	0	6.39429e-007	1544.02	1481.31	1471.45
1481.23	921.901	814	1.#QNAN	0	0.016	0	6.20263e-007	1535.15	1481.23	1471.39
1481.13	921.764	815	1.#QNAN	0	0	0	6.20513e-007	1501.94	1481.13	1471.3
1481	921.598	816	1.#QNAN	0	0.015	0	6.50913e-007	1496.28	1481	1471.2
1480.92	921.44	817	1.#QNAN	0	0	0	6.50768e-007	1533.05	1480.92	1471.13
1480.83	921.277	818	1.#QNAN	0	0.016	0	6.35688e-007	1528.28	1480.83	1471.07
1480.78	921.137	819	1.#QNAN	0	0.015	0	6.38666e-007	1568.39	1480.78	1471.04
1480.68	920.979	820	1.#QNAN	0	0	0	6.1999e-007	1519.79	1480.68	1470.96
1480.59	920.837	821	1.#QNAN	0	0.016	0	6.44481e-007	1530.8	1480.59	1470.89
1480.52	920.68	822	1.#QNAN	0	0	0	6.59429e-007	1542.47	1480.52	1470.84
1480.47	920.538	823	1.#QNAN	0	0.016	0	6.49316e-007	1558.11	1480.47	1470.81
1480.42	920.397	824	1.#QNAN	0	0	0	6.48219e-007	1547.8	1480.42	1470.77
1480.38	920.24	825	1.#QNAN	0	0.015	0	6.22354e-007	1580.46	1480.38	1470.75
1480.34	920.078	826	1.#QNAN	0	0.016	0	6.46994e-007	1583.38	1480.34	1470.73
1480.29	919.937	827	1.#QNAN	0	0	0	6.61271e-007	1559.48	1480.29	1470.71
1480.26	919.803	828	1.#QNAN	0	0.015	0	6.52203e-007	1564.52	1480.26	1470.69
1480.22	919.672	829	1.#QNAN	0	0	0	6.43079e-007	1567.43	1480.22	1470.67
1480.18	919.518	830	1.#QNAN	0	0.016	0	6.62715e-007	1568.85	1480.18	1470.65
1480.13	919.389	831	1.#QNAN	0	0	0	6.36727e-007	1565.11	1480.13	1470.62
1480.09	919.256	832	1.#QNAN	0	0.016	0	6.44826e-007	1556.79	1480.09	1470.6
1480.06	919.129	833	1.#QNAN	0	0.015	0	6.52243e-007	1569.92	1480.06	1470.59
1480.04	918.994	834	1.#QNAN	0	0	0	6.23696e-007	1584.49	1480.04	1470.59
1480	918.86	835	1.#QNAN	0	0.016	0	6.50873e-007	1565.61	1480	1470.57
1479.97	918.726	836	1.#QNAN	0	0	0	6.47615e-007	1561.9	1479.97	1470.55
1479.95	918.599	837	1.#QNAN	0	0.015	0	6.40245e-007	1589.23	1479.95	1470.56
1479.91	918.452	838	1.#QNAN	0	0	0	6.47139e-007	1557.28	1479.91	1470.54
1479.86	918.32	839	1.#QNAN	0	0.016	0	6.39126e-007	1536.27	1479.86	1470.51
1479.82	918.194	840	1.#QNAN	0	0.016	0	6.50999e-007	1561.88	1479.82	1470.49
1479.84	918.082	841	1.#QNAN	0	0	0	6.24222e-007	1605.8	1479.84	1470.52
1479.81	917.951	842	1.#QNAN	0	0.015	0	6.52053e-007	1564.37	1479.81	1470.51
1479.78	917.825	843	1.#QNAN	0	0	0	6.18199e-007	1579.3	1479.78	1470.5
1479.77	917.709	844	1.#QNAN	0	0	0	6.75442e-007	1587.99	1479.77	1470.51
1479.75	917.574	845	1.#QNAN	0	0.015	0	6.54771e-007	1584.52	1479.75	1470.5
1479.76	917.448	846	1.#QNAN	0	0	0	6.46969e-007	1623.04	1479.76	1470.54
1479.73	917.319	847	1.#QNAN	0	0.016	0	6.53135e-007	1573.27	1479.73	1470.53
1479.69	917.195	848	1.#QNAN	0	0	0	6.28886e-007	1551.35	1479.69	1470.5
1479.65	917.07	849	1.#QNAN	0	0.016	0	6.15685e-007	1560.38	1479.65	1470.49
1479.57	916.93	850	1.#QNAN	0	0.015	0	6.39469e-007	1533.83	1479.57	1470.42
1479.49	916.802	851	1.#QNAN	0	0	0	6.04033e-007	1512.27	1479.49	1470.36
1479.43	916.664	852	1.#QNAN	0	0.016	0	6.21777e-007	1540.81	1479.43	1470.32
1479.39	916.543	853	1.#QNAN	0	0	0	6.32274e-007	1564.92	1479.39	1470.29
1479.33	916.406	854	1.#QNAN	0	0	0	6.27196e-007	1526.4	1479.33	1470.25
1479.25	916.266	855	1.#QNAN	0	0.016	0	6.38025e-007	1515.97	1479.25	1470.19
1479.2	916.122	856	1.#QNAN	0	0	0	6.26953e-007	1545.75	1479.2	1470.16
1479.16	916.001	857	1.#QNAN	0	0.016	0	6.49182e-007	1546.96	1479.16	1470.14
1479.14	915.89	858	1.#QNAN	0	0.015	0	6.36098e-007	1567.15	1479.14	1470.14
1479.11	915.763	859	1.#QNAN	0	0	0	6.50337e-007	1556.54	1479.11	1470.13
1479.09	915.653	860	1.#QNAN	0	0.016	0	6.61094e-007	1560.96	1479.09	1470.12
1479.03	915.528	861	1.#QNAN	0	0	0	6.48837e-007	1522.24	1479.03	1470.08
1478.99	915.412	862	1.#QNAN	0	0.015	0	6.28873e-007	1561.23	1478.99	1470.06
1478.96	915.289	863	1.#QNAN	0	0	0	6.59218e-007	1552.53	1478.96	1470.04
1478.9	915.164	864	1.#QNAN	0	0.016	0	6.47955e-007	1545.49	1478.9	1470.01
1478.85	915.03	865	1.#QNAN	0	0.016	0	6.69008e-007	1544.67	1478.85	1469.97
1478.8	914.92	866	1.#QNAN	0	0	0	6.42928e-007	1539.68	1478.8	1469.94
1478.76	914.809	867	1.#QNAN	0	0.015	0	6.37179e-007	1551.97	1478.76	1469.92
1478.73	914.691	868	1.#QNAN	0	0	0	6.26239e-007	1558.32	1478.73	1469.9
1478.7	914.573	869	1.#QNAN	0	0.016	0	6.52617e-007	1568.69	1478.7	1469.89
1478.66	914.455	870	1.#QNAN	0	0	0	6.30465e-007	1559.01	1478.66	1469.87
1478.65	914.344	871	1.#QNAN	0	0.015	0	6.53287e-007	1571.45	1478.65	1469.87
1478.64	914.223	872	1.#QNAN	0	0.016	0	6.5556e-007	1577.69	1478.64	1469.88
1478.62	914.112	873	1.#QNAN	0	0	0	6.4404e-007	1558.13	1478.62	1469.87
1478.59	913.998	874	1.#QNAN	0	0.016	0	6.47169e-007	1551.65	1478.59	1469.86
1478.56	913.873	875	1.#QNAN	0	0	0	6.53744e-007	1568.71	1478.56	1469.84
1478.54	913.761	876	1.#QNAN	0	0.015	0	6.34788e-007	1569.37	1478.54	1469.85
1478.54	913.648	877	1.#QNAN	0	0.016	0	6.58017e-007	1592.41	1478.54	1469.86
1478.5	913.526	878	1.#QNAN	0	0	0	6.37499e-007	1558.58	1478.5	1469.84
1478.47	913.411	879	1.#QNAN	0	0.015	0	6.4101e-007	1563.27	1478.47	1469.82
1478.44	913.297	880	1.#QNAN	0	0	0	6.51623e-007	1565.71	1478.44	1469.81
1478.45	913.181	881	1.#QNAN	0	0.016	0	6.40373e-007	1607.27	1478.45	1469.84
1478.47	913.077	882	1.#QNAN	0	0	0	6.64098e-007	1608.41	1478.47	1469.87
1478.49	912.964	883	1.#QNAN	0	0.016	0	6.47484e-007	1620.59	1478.49	1469.91
1478.48	912.864	884	1.#QNAN	0	0.015	0	6.61884e-007	1567.89	1478.48	1469.91
1478.47	912.767	885	1.#QNAN	0	0	0	6.40749e-007	1569.4	1478.47	1469.92
1478.46	912.671	886	1.#QNAN	0	0.016	0	6.4347e-007	1556.4	1478.46	1469.93
1478.48	912.562	887	1.#QNAN	0	0	0	6.67421e-007	1602.34	1478.48	1469.96
1478.48	912.455	888	1.#QNAN	0	0.015	0	6.3713e-007	1574.45	1478.48	1469.98
1478.46	912.346	889	1.#QNAN	0	0	0	6.28716e-007	1561.79	1478.46	1469.98
1478.47	912.246	890	1.#QNAN	0	0.016	0	6.49019e-007	1581.49	1478.47	1470
1478.47	912.142	891	1.#QNAN	0	0.016	0	6.57061e-007	1587.89	1478.47	1470.02
1478.47	912.04	892	1.#QNAN	0	0	0	6.52548e-007	1579.98	1478.47	1470.04
1478.49	911.939	893	1.#QNAN	0	0.015	0	6.50472e-007	1580.92	1478.49	1470.07
1478.49	911.837	894	1.#QNAN	0	0	0	6.50486e-007	1579.66	1478.49	1470.09
1478.51	911.742	895	1.#QNAN	0	0.016	0	6.3616e-007	1600.16	1478.51	1470.12
1478.51	911.636	896	1.#QNAN	0	0	0	6.35451e-007	1575.01	1478.51	1470.14
1478.5	911.53	897	1.#QNAN	0	0.015	0	6.2859e-007	1576.65	1478.5	1470.15
1478.47	911.424	898	1.#QNAN	0	0.016	0	6.40687e-007	1543.15	1478.47	1470.13
1478.44	911.318	899	1.#QNAN	0	0	0	6.68993e-007	1537.32	1478.44	1470.11
1478.38	911.207	900	1.#QNAN	0	0.016	0	6.56921e-007	1507.01	1478.38	1470.07
1478.38	911.115	901	1.#QNAN	0	0	0	6.71043e-007	1573.61	1478.38	1470.09
1478.35	911.011	902	1.#QNAN	0	0.015	0	6.27751e-007	1548.21	1478.35	1470.08
1478.36	910.916	903	1.#QNAN	0	0.016	0	6.29199e-007	1580.99	1478.36	1470.1
1478.39	910.821	904	1.#QNAN	0	0	0	6.49504e-007	1599.55	1478.39	1470.15
1478.41	910.719	905	1.#QNAN	0	0.015	0	6.43194e-007	1585.18	1478.41	1470.18
1478.42	910.602	906	1.#QNAN	0	0	0	6.48036e-007	1579.8	1478.42	1470.21
1478.45	910.521	907	1.#QNAN	0	0.016	0	6.4186e-007	1602.97	1478.45	1470.25
1478.52	910.429	908	1.#QNAN	0	0	0	6.46987e-007	1650.69	1478.52	1470.33
1478.53	910.335	909	1.#QNAN	0	0.016	1	6.56303e-007	1602.05	1478.53	1470.37
1478.56	910.247	910	1.#QNAN	0	0.015	0	6.25386e-007	1619.89	1478.56	1470.4
1478.58	910.159	911	1.#QNAN	0	0	0	6.4598e-007	1596.93	1478.58	1470.44
1478.63	910.072	912	1.#QNAN	0	0.016	0	6.53958e-007	1649.34	1478.63	1470.51
1478.65	909.987	913	1.#QNAN	0	0	0	6.46014e-007	1592.28	1478.65	1470.54
1478.67	909.901	914	1.#QNAN	0	0.015	0	6.65891e-007	1581.14	1478.67	1470.57
1478.7	909.816	915	1.#QNAN	0	0	0	6.54627e-007	1605.55	1478.7	1470.62
1478.7	909.702	916	1.#QNAN	0	0.016	0	6.57006e-007	1597.51	1478.7	1470.64
1478.72	909.613	917	1.#QNAN	0	0.016	0	6.5065e-007	1577.18	1478.72	1470.67
1478.71	909.498	918	1.#QNAN	0	0	0	6.33752e-007	1565.93	1478.71	1470.67
1478.71	909.397	919	1.#QNAN	0	0.015	0	6.43382e-007	1582.12	1478.71	1470.69
1478.69	909.3	920	1.#QNAN	0	0	0	6.31927e-007	1567.34	1478.69	1470.69
1478.67	909.204	921	1.#QNAN	0	0.016	0	6.63863e-007	1563.63	1478.67	1470.68
1478.64	909.101	922	1.#QNAN	0	0	0	6.34422e-007	1533.82	1478.64	1470.66
1478.59	909.002	923	1.#QNAN	0	0.015	0	6.61588e-007	1529.35	1478.59	1470.63
1478.56	908.923	924	1.#QNAN	0	0.016	0	6.39576e-007	1539.43	1478.56	1470.61
1478.54	908.837	925	1.#QNAN	0	0	0	6.52221e-007	1565.41	1478.54	1470.61
1478.53	908.744	926	1.#QNAN	0	0.016	0	6.46158e-007	1576.18	1478.53	1470.61
1478.51	908.645	927	1.#QNAN	0	0	0	6.16211e-007	1543.03	1478.51	1470.6
1478.48	908.557	928	1.#QNAN	0	0.015	0	6.53557e-007	1548.32	1478.48	1470.59
1478.45	908.453	929	1.#QNAN	0	0	0	6.56017e-007	1541	1478.45	1470.57
1478.44	908.373	930	1.#QNAN	0	0.016	0	6.21982e-007	1556.45	1478.44	1470.58
1478.42	908.296	931	1.#QNAN	0	0	0	6.17809e-007	1554.31	1478.42	1470.58
1478.39	908.206	932	1.#QNAN	0	0	0	6.44976e-007	1549.05	1478.39	1470.55
1478.39	908.113	933	1.#QNAN	0	0.016	0	6.55955e-007	1602.25	1478.39	1470.57
1478.38	908.034	934	1.#QNAN	0	0	0	6.40265e-007	1600.31	1478.38	1470.57
1478.34	907.938	935	1.#QNAN	0	0.016	0	6.57145e-007	1555.64	1478.34	1470.54
1478.29	907.832	936	1.#QNAN	0	0	0	6.31034e-007	1552.28	1478.29	1470.51
1478.23	907.724	937	1.#QNAN	0	0.015	0	6.5161e-007	1538.75	1478.23	1470.46
1478.17	907.632	938	1.#QNAN	0	0.016	0	6.50207e-007	1532.56	1478.17	1470.42
1478.11	907.531	939	1.#QNAN	0	0	0	6.49104e-007	1532.58	1478.11	1470.38
1478.07	907.427	940	1.#QNAN	0	0.015	0	6.44744e-007	1532.14	1478.07	1470.35
1478.02	907.327	941	1.#QNAN	0	0	0	6.76697e-007	1530.17	1478.02	1470.31
1477.98	907.224	942	1.#QNAN	0	0.016	0	6.49328e-007	1537.55	1477.98	1470.28
1477.91	907.116	943	1.#QNAN	0	0.016	0	6.66854e-007	1518.6	1477.91	1470.23
1477.87	907.015	944	1.#QNAN	0	0	0	6.4973e-007	1547.24	1477.87	1470.2
1477.83	906.932	945	1.#QNAN	0	0.015	0	6.43066e-007	1546.49	1477.83	1470.17
1477.78	906.841	946	1.#QNAN	0	0	0	6.37894e-007	1526.01	1477.78	1470.13
1477.75	906.738	947	1.#QNAN	0	0.016	0	6.45953e-007	1543.59	1477.75	1470.11
1477.72	906.661	948	1.#QNAN	0	0.015	0	6.68129e-007	1554.36	1477.72	1470.1
1477.7	906.579	949	1.#QNAN	0	0	0	6.376e-007	1561.71	1477.7	1470.09
1477.66	906.477	950	1.#QNAN	0	0.016	0	6.3614e-007	1551.04	1477.66	1470.07
1477.61	906.373	951	1.#QNAN	0	0	0	6.71466e-007	1537.21	1477.61	1470.03
1477.54	906.266	952	1.#QNAN	0	0.016	0	6.38084e-007	1515.73	1477.54	1469.97
1477.49	906.17	953	1.#QNAN	0	0	0	6.4919e-007	1522.65	1477.49	1469.93
1477.47	906.083	954	1.#QNAN	0	0.015	0	6.50517e-007	1556.13	1477.47	1469.93
1477.46	905.973	955	1.#QNAN	0	0.016	0	6.28562e-007	1557.91	1477.46	1469.93
1477.42	905.867	956	1.#QNAN	0	0	0	6.36895e-007	1544.65	1477.42	1469.91
1477.41	905.787	957	1.#QNAN	0	0.015	0	6.25381e-007	1552.26	1477.41	1469.91
1477.39	905.692	958	1.#QNAN	0	0	0	6.40322e-007	1544.89	1477.39	1469.9
1477.37	905.594	959	1.#QNAN	0	0.016	0	6.49794e-007	1547.31	1477.37	1469.89
1477.33	905.485	960	1.#QNAN	0	0	0	6.38334e-007	1539.74	1477.33	1469.86
1477.3	905.378	961	1.#QNAN	0	0.016	0	6.25619e-007	1550.43	1477.3	1469.85
1477.28	905.283	962	1.#QNAN	0	0.015	0	6.5697e-007	1552.1	1477.28	1469.83
1477.23	905.182	963	1.#QNAN	0	0	0	6.40123e-007	1530.25	1477.23	1469.8
1477.2	905.079	964	1.#QNAN	0	0.016	0	6.34091e-007	1554.55	1477.2	1469.79
1477.17	904.975	965	1.#QNAN	0	0	0	6.33679e-007	1558.78	1477.17	1469.77
1477.12	904.887	966	1.#QNAN	0	0.015	0	6.56027e-007	1518.73	1477.12	1469.73
1477.08	904.8	967	1.#QNAN	0	0.016	0	6.52705e-007	1541.62	1477.08	1469.7
1477.03	904.684	968	1.#QNAN	0	0	0	6.63817e-007	1534.82	1477.03	1469.66
1476.97	904.58	969	1.#QNAN	0	0.016	0	6.35423e-007	1525.3	1476.97	1469.62
1476.9	904.47	970	1.#QNAN	0	0	0	6.53429e-007	1499.12	1476.9	1469.56
1476.84	904.374	971	1.#QNAN	0	0.015	0	6.34302e-007	1509.9	1476.84	1469.51
1476.77	904.273	972	1.#QNAN	0	0	0	6.54145e-007	1502.6	1476.77	1469.45
1476.71	904.175	973	1.#QNAN	0	0.016	0	6.36398e-007	1512.84	1476.71	1469.41
1476.68	904.079	974	1.#QNAN	0	0.015	0	6.58368e-007	1543.27	1476.68	1469.38
1476.62	903.982	975	1.#QNAN	0	0	0	6.63253e-007	1522.45	1476.62	1469.34
1476.57	903.879	976	1.#QNAN	0	0.016	0	6.63634e-007	1530.26	1476.57	1469.3
1476.53	903.787	977	1.#QNAN	0	0	0	6.35202e-007	1545.96	1476.53	1469.27
1476.47	903.685	978	1.#QNAN	0	0.016	0	6.4918e-007	1520.22	1476.47	1469.23
1476.46	903.599	979	1.#QNAN	0	0.015	0	6.57005e-007	1563.53	1476.46	1469.22
1476.41	903.5	980	1.#QNAN	0	0	0	6.39359e-007	1518.93	1476.41	1469.19
1476.37	903.409	981	1.#QNAN	0	0.016	0	6.63266e-007	1523.77	1476.37	1469.17
1476.36	903.32	982	1.#QNAN	0	0	0	6.7058e-007	1548.37	1476.36	1469.17
1476.32	903.229	983	1.#QNAN	0	0.015	0	6.43545e-007	1524.41	1476.32	1469.13
1476.27	903.127	984	1.#QNAN	0	0.016	0	6.37265e-007	1521.36	1476.27	1469.1
1476.21	903.027	985	1.#QNAN	0	0	0	6.3416e-007	1514.82	1476.21	1469.05
1476.1	902.92	986	1.#QNAN	0	0.016	0	6.24899e-007	1462.97	1476.1	1468.96
1476.04	902.815	987	1.#QNAN	0	0	0	6.56092e-007	1492.75	1476.04	1468.9
1475.99	902.731	988	1.#QNAN	0	0.015	0	6.45223e-007	1514.44	1475.99	1468.87
1475.93	902.636	989	1.#QNAN	0	0	0	6.68375e-007	1503.18	1475.93	1468.82
1475.89	902.548	990	1.#QNAN	0	0.016	0	6.55942e-007	1526.91	1475.89	1468.8
1475.88	902.477	991	1.#QNAN	0	0.015	0	6.40581e-007	1544.86	1475.88	1468.79
1475.86	902.404	992	1.#QNAN	0	0	0	6.61332e-007	1548.05	1475.86	1468.79
1475.84	902.325	993	1.#QNAN	0	0.016	0	6.58907e-007	1556.06	1475.84	1468.79
1475.82	902.256	994	1.#QNAN	0	0	0	6.28203e-007	1539.55	1475.82	1468.77
1475.77	902.186	995	1.#QNAN	0	0.016	0	6.618e-007	1505.45	1475.77	1468.74
1475.74	902.103	996	1.#QNAN	0	0.015	0	6.48041e-007	1521.41	1475.74	1468.71
1475.72	902.033	997	1.#QNAN	0	0	0	6.63703e-007	1549.2	1475.72	1468.71
1475.73	901.965	998	1.#QNAN	0	0.016	0	6.36373e-007	1583.41	1475.73	1468.73
1475.71	901.885	999	1.#QNAN	0	0	0	6.57858e-007	1533.82	1475.71	1468.72
1475.69	901.808	1000	1.#QNAN	0	0.015	0	6.48374e-007	1549.06	1475.69	1468.71
1475.65	901.729	1001	1.#QNAN	0	0	0	6.21327e-007	1540.27	1475.65	1468.69
1475.61	901.644	1002	1.#QNAN	0	0.016	0	6.33539e-007	1519.67	1475.61	1468.65
1475.55	901.561	1003	1.#QNAN	0	0.016	0	6.3028e-007	1503.04	1475.55	1468.61
1475.49	901.48	1004	1.#QNAN	0	0	0	6.28213e-007	1506.94	1475.49	1468.56
1475.44	901.407	1005	1.#QNAN	0	0.015	0	6.39999e-007	1520.69	1475.44	1468.52
1475.4	901.326	1006	1.#QNAN	0	0	0	6.32197e-007	1522.96	1475.4	1468.5
1475.37	901.258	1007	1.#QNAN	0	0.016	0	6.37663e-007	1536.12	1475.37	1468.48
1475.32	901.172	1008	1.#QNAN	0	0	0	6.65216e-007	1512.69	1475.32	1468.43
1475.31	901.112	1009	1.#QNAN	0	0.015	0	6.45396e-007	1548.1	1475.31	1468.44
1475.28	901.052	1010	1.#QNAN	0	0.016	0	6.32688e-007	1527.61	1475.28	1468.42
1475.24	900.994	1011	1.#QNAN	0	0	0	6.24834e-007	1507.25	1475.24	1468.39
1475.24	900.939	1012	1.#QNAN	0	0.016	0	6.33205e-007	1564	1475.24	1468.4
1475.23	900.871	1013	1.#QNAN	0	0	0	6.47684e-007	1568.06	1475.23	1468.4
1475.2	900.805	1014	1.#QNAN	0	0.015	0	6.49761e-007	1531.53	1475.2	1468.38
1475.23	900.748	1015	1.#QNAN	0	0	0	6.59175e-007	1603.06	1475.23	1468.42
1475.24	900.677	1016	1.#QNAN	0	0.016	0	6.49479e-007	1585.29	1475.24	1468.44
1475.23	900.618	1017	1.#QNAN	0	0	0	6.29618e-007	1559.89	1475.23	1468.44
1475.22	900.549	1018	1.#QNAN	0	0.015	0	6.51294e-007	1554.5	1475.22	1468.44
1475.23	900.483	1019	1.#QNAN	0	0.016	1	6.49016e-007	1565.87	1475.23	1468.46
1475.19	900.401	1020	1.#QNAN	0	0	0	6.55263e-007	1524.44	1475.19	1468.43
1475.13	900.329	1021	1.#QNAN	0	0.016	0	6.51979e-007	1496.05	1475.13	1468.38
1475.09	900.248	1022	1.#QNAN	0	0	0	6.47967e-007	1521.04	1475.09	1468.35
1475.05	900.173	1023	1.#QNAN	0	0.015	0	6.485e-007	1516.88	1475.05	1468.32
1474.99	900.099	1024	1.#QNAN	0	0	0	6.42334e-007	1498.44	1474.99	1468.27
1474.92	900.019	1025	1.#QNAN	0	0.016	0	6.38353e-007	1481.08	1474.92	1468.21
1474.88	899.928	1026	1.#QNAN	0	0.015	0	6.64129e-007	1528.73	1474.88	1468.18
1474.85	899.849	1027	1.#QNAN	0	0	0	6.20281e-007	1526.13	1474.85	1468.16
1474.82	899.774	1028	1.#QNAN	0	0.016	0	6.40833e-007	1534.53	1474.82	1468.14
1474.76	899.686	1029	1.#QNAN	0	0	0	6.32714e-007	1490.43	1474.76	1468.09
1474.69	899.609	1030	1.#QNAN	0	0.016	0	6.24621e-007	1482.01	1474.69	1468.02
1474.62	899.544	1031	1.#QNAN	0	0.015	0	6.493e-007	1479.54	1474.62	1467.97
1474.55	899.467	1032	1.#QNAN	0	0	0	6.35828e-007	1480.74	1474.55	1467.91
1474.49	899.396	1033	1.#QNAN	0	0.016	0	6.63437e-007	1489.04	1474.49	1467.85
1474.45	899.315	1034	1.#QNAN	0	0	0	6.21927e-007	1522.24	1474.45	1467.82
1474.41	899.248	1035	1.#QNAN	0	0.015	0	6.4513e-007	1518.49	1474.41	1467.8
1474.39	899.183	1036	1.#QNAN	0	0	0	6.4259e-007	1538.28	1474.39	1467.78
1474.38	899.124	1037	1.#QNAN	0	0.016	0	6.44978e-007	1551	1474.38	1467.79
1474.36	899.061	1038	1.#QNAN	0	0.016	0	6.39061e-007	1543.56	1474.36	1467.78
1474.34	899.005	1039	1.#QNAN	0	0	0	6.38767e-007	1523.25	1474.34	1467.76
1474.31	898.938	1040	1.#QNAN	0	0.015	0	6.59047e-007	1526.55	1474.31	1467.75
1474.31	898.871	1041	1.#QNAN	0	0	0	6.50854e-007	1548.17	1474.31	1467.75
1474.29	898.799	1042	1.#QNAN	0	0.016	0	6.52012e-007	1540.66	1474.29	1467.74
1474.26	898.73	1043	1.#QNAN	0	0	0	6.64591e-007	1528.66	1474.26	1467.73
1474.24	898.652	1044	1.#QNAN	0	0.015	0	6.28022e-007	1537.68	1474.24	1467.72
1474.21	898.565	1045	1.#QNAN	0	0	0	6.43509e-007	1519.58	1474.21	1467.7
1474.18	898.497	1046	1.#QNAN	0	0	0	6.58413e-007	1527.93	1474.18	1467.68
1474.18	898.435	1047	1.#QNAN	0	0.016	0	6.61641e-007	1550.25	1474.18	1467.69
1474.16	898.366	1048	1.#QNAN	0	0	0	6.3906e-007	1566.48	1474.16	1467.68
1474.09	898.281	1049	1.#QNAN	0	0.015	0	6.38544e-007	1490.36	1474.09	1467.62
1474.06	898.218	1050	1.#QNAN	0	0	0	6.54694e-007	1522.49	1474.06	1467.6
1474.04	898.162	1051	1.#QNAN	0	0.016	0	6.7522e-007	1541.26	1474.04	1467.59
1474.02	898.105	1052	1.#QNAN	0	0	0	6.39536e-007	1528.8	1474.02	1467.58
1474	898.036	1053	1.#QNAN	0	0.015	0	6.27895e-007	1546.35	1474	1467.56
1473.98	897.974	1054	1.#QNAN	0	0.016	0	6.58212e-007	1528.79	1473.98	1467.55
1473.96	897.925	1055	1.#QNAN	0	0	0	6.5862e-007	1542.7	1473.96	1467.55
1473.92	897.845	1056	1.#QNAN	0	0.016	0	6.30517e-007	1498.02	1473.92	1467.52
1473.88	897.782	1057	1.#QNAN	0	0	0	6.5762e-007	1514.21	1473.88	1467.49
1473.84	897.717	1058	1.#QNAN	0	0.015	0	6.48516e-007	1509.4	1473.84	1467.46
1473.81	897.647	1059	1.#QNAN	0	0	0	6.49045e-007	1498.74	1473.81	1467.43
1473.77	897.57	1060	1.#QNAN	0	0.016	0	6.41465e-007	1501.43	1473.77	1467.4
1473.71	897.487	1061	1.#QNAN	0	0.015	0	6.63998e-007	1487.47	1473.71	1467.36
1473.72	897.429	1062	1.#QNAN	0	0	0	6.36269e-007	1550.72	1473.72	1467.38
1473.7	897.362	1063	1.#QNAN	0	0.016	0	6.4504e-007	1521.13	1473.7	1467.37
1473.71	897.304	1064	1.#QNAN	0	0	0	6.52245e-007	1562.51	1473.71	1467.38
1473.7	897.238	1065	1.#QNAN	0	0.016	0	6.5088e-007	1538.79	1473.7	1467.39
1473.68	897.182	1066	1.#QNAN	0	0.015	0	6.59168e-007	1523.27	1473.68	1467.38
1473.67	897.12	1067	1.#QNAN	0	0	0	6.39465e-007	1527.5	1473.67	1467.37
1473.64	897.065	1068	1.#QNAN	0	0.016	0	6.38189e-007	1504.43	1473.64	1467.35
1473.64	897.014	1069	1.#QNAN	0	0	0	6.3047e-007	1544.41	1473.64	1467.36
1473.6	896.948	1070	1.#QNAN	0	0.015	0	6.33924e-007	1506.43	1473.6	1467.34
1473.57	896.884	1071	1.#QNAN	0	0	0	6.21448e-007	1506.14	1473.57	1467.32
1473.56	896.828	1072	1.#QNAN	0	0.016	0	6.65916e-007	1522.31	1473.56	1467.31
1473.52	896.759	1073	1.#QNAN	0	0.016	0	6.42548e-007	1498.44	1473.52	1467.28
1473.5	896.695	1074	1.#QNAN	0	0	0	6.26529e-007	1513.87	1473.5	1467.27
1473.49	896.643	1075	1.#QNAN	0	0.015	0	6.22913e-007	1538.63	1473.49	1467.27
1473.46	896.573	1076	1.#QNAN	0	0	0	6.22416e-007	1515.29	1473.46	1467.25
1473.42	896.498	1077	1.#QNAN	0	0.016	0	6.61556e-007	1493.46	1473.42	1467.22
1473.36	896.418	1078	1.#QNAN	0	0	0	6.34116e-007	1475.3	1473.36	1467.17
1473.34	896.356	1079	1.#QNAN	0	0.015	0	6.54779e-007	1544.38	1473.34	1467.17
1473.32	896.291	1080	1.#QNAN	0	0.016	0	6.13146e-007	1516.8	1473.32	1467.15
1473.27	896.227	1081	1.#QNAN	0	0	0	6.35839e-007	1498.78	1473.27	1467.11
1473.23	896.171	1082	1.#QNAN	0	0.016	0	6.24464e-007	1486.53	1473.23	1467.08
1473.22	896.105	1083	1.#QNAN	0	0	0	6.52124e-007	1534.52	1473.22	1467.08
1473.2	896.035	1084	1.#QNAN	0	0.015	0	6.43599e-007	1535.25	1473.2	1467.07
1473.2	895.981	1085	1.#QNAN	0	0.016	0	6.47913e-007	1545.88	1473.2	1467.08
1473.19	895.906	1086	1.#QNAN	0	0	0	6.32101e-007	1545.72	1473.19	1467.08
1473.21	895.845	1087	1.#QNAN	0	0.015	0	6.51548e-007	1575.69	1473.21	1467.1
1473.24	895.791	1088	1.#QNAN	0	0	0	6.65327e-007	1596.65	1473.24	1467.15
1473.27	895.74	1089	1.#QNAN	0	0.016	0	6.50067e-007	1589.77	1473.27	1467.19
1473.26	895.677	1090	1.#QNAN	0	0.016	0	6.18863e-007	1539.28	1473.26	1467.19
1473.23	895.616	1091	1.#QNAN	0	0	0	6.38477e-007	1521.23	1473.23	1467.17
1473.2	895.542	1092	1.#QNAN	0	0.015	0	6.38629e-007	1515.87	1473.2	1467.15
1473.17	895.462	1093	1.#QNAN	0	0	0	6.25689e-007	1519.25	1473.17	1467.13
1473.14	895.403	1094	1.#QNAN	0	0.016	0	6.46403e-007	1511.07	1473.14	1467.11
1473.13	895.347	1095	1.#QNAN	0	0	0	6.50806e-007	1530.11	1473.13	1467.1
1473.09	895.278	1096	1.#QNAN	0	0.015	0	6.33755e-007	1505.32	1473.09	1467.07
1473.06	895.22	1097	1.#QNAN	0	0.016	0	6.43838e-007	1522.34	1473.06	1467.06
1473.04	895.147	1098	1.#QNAN	0	0	0	6.31632e-007	1525.02	1473.04	1467.04
1473.01	895.075	1099	1.#QNAN	0	0.016	0	6.50561e-007	1536.71	1473.01	1467.02
1472.98	895.006	1100	1.#QNAN	0	0	0	6.42226e-007	1524.27	1472.98	1467
1472.96	894.934	1101	1.#QNAN	0	0.015	0	6.47763e-007	1539.34	1472.96	1466.99
1472.95	894.872	1102	1.#QNAN	0	0.016	0	6.63849e-007	1543.83	1472.95	1466.99
1472.95	894.808	1103	1.#QNAN	0	0	0	6.33824e-007	1557.18	1472.95	1466.99
1472.96	894.748	1104	1.#QNAN	0	0.015	0	6.54583e-007	1565.76	1472.96	1467.01
1472.96	894.683	1105	1.#QNAN	0	0	0	6.40382e-007	1559.63	1472.96	1467.02
1472.93	894.613	1106	1.#QNAN	0	0.016	0	6.47317e-007	1537.51	1472.93	1467
1472.94	894.548	1107	1.#QNAN	0	0	0	6.33214e-007	1574.8	1472.94	1467.02
1472.92	894.481	1108	1.#QNAN	0	0.016	0	6.45332e-007	1534.48	1472.92	1467.01
1472.91	894.41	1109	1.#QNAN	0	0	0	6.58739e-007	1540.25	1472.91	1467.01
1472.89	894.35	1110	1.#QNAN	0	0.015	0	6.44695e-007	1540.22	1472.89	1467
1472.87	894.286	1111	1.#QNAN	0	0.016	0	6.31964e-007	1520.75	1472.87	1466.98
1472.84	894.208	1112	1.#QNAN	0	0	0	6.29424e-007	1541.88	1472.84	1466.97
1472.8	894.143	1113	1.#QNAN	0	0.015	0	6.38818e-007	1510.7	1472.8	1466.94
1472.77	894.077	1114	1.#QNAN	0	0	0	6.59595e-007	1517.73	1472.77	1466.91
1472.75	894.022	1115	1.#QNAN	0	0.016	0	6.61587e-007	1523.42	1472.75	1466.9
1472.74	893.954	1116	1.#QNAN	0	0	0	6.43746e-007	1538.8	1472.74	1466.9
1472.71	893.886	1117	1.#QNAN	0	0	0	6.47113e-007	1524.82	1472.71	1466.88
1472.7	893.815	1118	1.#QNAN	0	0.015	0	6.39397e-007	1548.03	1472.7	1466.87
1472.67	893.755	1119	1.#QNAN	0	0	0	6.35085e-007	1533.15	1472.67	1466.86
1472.66	893.684	1120	1.#QNAN	0	0.016	0	6.61704e-007	1546.17	1472.66	1466.85
1472.63	893.622	1121	1.#QNAN	0	0	0	6.32552e-007	1541.21	1472.63	1466.84
1472.59	893.555	1122	1.#QNAN	0	0.015	0	6.75762e-007	1501.46	1472.59	1466.8
1472.57	893.492	1123	1.#QNAN	0	0	0	6.44542e-007	1525.37	1472.57	1466.79
1472.54	893.435	1124	1.#QNAN	0	0.016	0	6.56822e-007	1537.56	1472.54	1466.77
1472.51	893.366	1125	1.#QNAN	0	0.016	0	6.29201e-007	1528.54	1472.51	1466.75
1472.48	893.293	1126	1.#QNAN	0	0	0	6.51035e-007	1538.1	1472.48	1466.73
1472.47	893.22	1127	1.#QNAN	0	0.015	0	6.41657e-007	1557.23	1472.47	1466.73
1472.46	893.148	1128	1.#QNAN	0	0	0	6.59719e-007	1568.79	1472.46	1466.72
1472.44	893.073	1129	1.#QNAN	0	0.016	0	6.67997e-007	1541.46	1472.44	1466.71
1472.4	892.993	1130	1.#QNAN	0	0	0	6.60513e-007	1521.15	1472.4	1466.69
1472.39	892.924	1131	1.#QNAN	0	0.015	1	6.50442e-007	1544.18	1472.39	1466.68
1472.41	892.865	1132	1.#QNAN	0	0.016	0	6.72539e-007	1576.31	1472.41	1466.7
1472.38	892.797	1133	1.#QNAN	0	0	0	6.4603e-007	1539.56	1472.38	1466.69
1472.39	892.735	1134	1.#QNAN	0	0.016	0	6.3723e-007	1560.19	1472.39	1466.7
1472.4	892.687	1135	1.#QNAN	0	0	0	6.47666e-007	1580.07	1472.4	1466.73
1472.42	892.638	1136	1.#QNAN	0	0.015	0	6.38521e-007	1571.57	1472.42	1466.75
1472.43	892.584	1137	1.#QNAN	0	0	0	6.58142e-007	1566.92	1472.43	1466.77
1472.46	892.532	1138	1.#QNAN	0	0.016	0	6.21674e-007	1591.59	1472.46	1466.81
1472.48	892.483	1139	1.#QNAN	0	0.015	0	6.43445e-007	1581.26	1472.48	1466.84
1472.51	892.441	1140	1.#QNAN	0	0	0	6.66266e-007	1590.32	1472.51	1466.88
1472.52	892.396	1141	1.#QNAN	0	0.016	0	6.29118e-007	1552.63	1472.52	1466.89
1472.51	892.353	1142	1.#QNAN	0	0	0	6.54699e-007	1532.92	1472.51	1466.9
1472.48	892.296	1143	1.#QNAN	0	0.016	0	6.37214e-007	1501.88	1472.48	1466.88
1472.46	892.244	1144	1.#QNAN	0	0	0	6.53314e-007	1520.34	1472.46	1466.86
1472.45	892.196	1145	1.#QNAN	0	0.015	0	6.63315e-007	1525.96	1472.45	1466.86
1472.42	892.15	1146	1.#QNAN	0	0.016	0	6.44888e-007	1502.97	1472.42	1466.84
1472.41	892.099	1147	1.#QNAN	0	0	0	6.35148e-007	1538.43	1472.41	1466.84
1472.39	892.045	1148	1.#QNAN	0	0.015	0	6.50314e-007	1524.65	1472.39	1466.82
1472.38	891.988	1149	1.#QNAN	0	0	0	6.50938e-007	1529.97	1472.38	1466.82
1472.38	891.929	1150	1.#QNAN	0	0.016	0	6.27363e-007	1545.44	1472.38	1466.82
1472.37	891.868	1151	1.#QNAN	0	0.016	0	6.55582e-007	1541.07	1472.37	1466.83
1472.38	891.81	1152	1.#QNAN	0	0	0	6.52293e-007	1551.03	1472.38	1466.84
1472.38	891.754	1153	1.#QNAN	0	0.015	0	6.30285e-007	1554.21	1472.38	1466.86
1472.35	891.678	1154	1.#QNAN	0	0	0	6.2131e-007	1508.88	1472.35	1466.83
1472.33	891.621	1155	1.#QNAN	0	0.016	0	6.60143e-007	1505.53	1472.33	1466.81
1472.31	891.563	1156	1.#QNAN	0	0	0	6.22201e-007	1527.02	1472.31	1466.81
1472.27	891.506	1157	1.#QNAN	0	0.015	0	6.55587e-007	1481.62	1472.27	1466.77
1472.24	891.453	1158	1.#QNAN	0	0.016	0	6.39919e-007	1504.52	1472.24	1466.75
1472.22	891.404	1159	1.#QNAN	0	0	0	6.49737e-007	1515.4	1472.22	1466.74
1472.19	891.342	1160	1.#QNAN	0	0.016	0	6.37482e-007	1513.12	1472.19	1466.72
1472.18	891.291	1161	1.#QNAN	0	0	0	6.62392e-007	1543.04	1472.18	1466.72
1472.17	891.238	1162	1.#QNAN	0	0.015	0	6.55848e-007	1532.95	1472.17	1466.71
1472.15	891.192	1163	1.#QNAN	0	0	0	6.37293e-007	1536.87	1472.15	1466.71
1472.14	891.135	1164	1.#QNAN	0	0.016	0	6.59247e-007	1533.18	1472.14	1466.7
1472.13	891.092	1165	1.#QNAN	0	0	0	6.29766e-007	1520.22	1472.13	1466.7
1472.14	891.05	1166	1.#QNAN	0	0.015	0	6.44789e-007	1555.99	1472.14	1466.71
1472.11	890.998	1167	1.#QNAN	0	0.016	0	6.32053e-007	1518.68	1472.11	1466.7
1472.1	890.944	1168	1.#QNAN	0	0	0	6.30319e-007	1538.58	1472.1	1466.69
1472.07	890.881	1169	1.#QNAN	0	0.016	0	6.39364e-007	1513.4	1472.07	1466.67
1472.04	890.821	1170	1.#QNAN	0	0	0	6.48787e-007	1522.96	1472.04	1466.65
1472.04	890.759	1171	1.#QNAN	0	0.015	0	6.46742e-007	1538.46	1472.04	1466.65
1472.04	890.696	1172	1.#QNAN	0	0.016	0	6.52058e-007	1560.97	1472.04	1466.67
1472.07	890.65	1173	1.#QNAN	0	0	0	6.46474e-007	1587.94	1472.07	1466.7
1472.07	890.6	1174	1.#QNAN	0	0.015	0	6.33561e-007	1545.82	1472.07	1466.71
1472.06	890.539	1175	1.#QNAN	0	0	0	6.32812e-007	1538.29	1472.06	1466.7
1472.08	890.49	1176	1.#QNAN	0	0.016	0	6.6135e-007	1576.18	1472.08	1466.73
1472.06	890.431	1177	1.#QNAN	0	0	0	6.31631e-007	1537.11	1472.06	1466.73
1472.06	890.369	1178	1.#QNAN	0	0.016	0	6.33574e-007	1545.95	1472.06	1466.73
1472.06	890.311	1179	1.#QNAN	0	0.015	0	6.32138e-007	1546.63	1472.06	1466.74
1472.06	890.265	1180	1.#QNAN	0	0	0	6.18246e-007	1554.43	1472.06	1466.75
1472.05	890.223	1181	1.#QNAN	0	0.016	0	6.43415e-007	1515.36	1472.05	1466.74
1472.03	890.168	1182	1.#QNAN	0	0	0	6.52191e-007	1528.95	1472.03	1466.74
1472.02	890.107	1183	1.#QNAN	0	0.015	0	6.40752e-007	1527.73	1472.02	1466.73
1472.02	890.053	1184	1.#QNAN	0	0	0	6.41531e-007	1567.57	1472.02	1466.74
1472.02	889.995	1185	1.#QNAN	0	0.016	0	6.29258e-007	1548.76	1472.02	1466.74
1471.99	889.927	1186	1.#QNAN	0	0.016	0	6.43106e-007	1515.59	1471.99	1466.72
1471.98	889.871	1187	1.#QNAN	0	0	0	6.35629e-007	1546.55	1471.98	1466.72
1471.98	889.818	1188	1.#QNAN	0	0.015	0	6.57907e-007	1541.68	1471.98	1466.73
1471.97	889.75	1189	1.#QNAN	0	0	0	6.59781e-007	1543.26	1471.97	1466.73
1471.98	889.69	1190	1.#QNAN	0	0.016	0	6.56432e-007	1570.82	1471.98	1466.75
1471.98	889.632	1191	1.#QNAN	0	0.015	0	6.78261e-007	1553.97	1471.98	1466.75
1471.97	889.577	1192	1.#QNAN	0	0	0	6.27455e-007	1542.62	1471.97	1466.75
1471.97	889.526	1193	1.#QNAN	0	0.016	0	6.38289e-007	1546.7	1471.97	1466.76
1471.96	889.461	1194	1.#QNAN	0	0	0	6.68292e-007	1533.04	1471.96	1466.76
1471.98	889.409	1195	1.#QNAN	0	0.016	0	6.47044e-007	1568.26	1471.98	1466.78
1471.96	889.36	1196	1.#QNAN	0	0	0	6.42288e-007	1533.37	1471.96	1466.77
1471.92	889.308	1197	1.#QNAN	0	0.015	0	6.48805e-007	1500.88	1471.92	1466.74
1471.9	889.263	1198	1.#QNAN	0	0.016	0	6.33043e-007	1524.21	1471.9	1466.73
1471.88	889.216	1199	1.#QNAN	0	0	0	6.37507e-007	1507.4	1471.88	1466.71
