rmse	mae	#iter	time_pred	time_learn	time_learn2	time_learn4	alpha	rmse_mcmc_this	rmse_mcmc_all	rmse_mcmc_all_but5
6396.17	5069.51	0	1.#QNAN	0	0.016	0	9.04085e-010	6396.17	6396.17	4115.63
5864.26	4634.43	1	1.#QNAN	0	0.015	0	1.78869e-008	5574.56	5864.26	4115.63
5645.4	4463.91	2	1.#QNAN	0	0.016	0	2.41966e-008	5335.52	5645.4	4115.63
5492.09	4345	3	1.#QNAN	0	0.015	0	2.5734e-008	5126.17	5492.09	4115.63
5364.27	4241.7	4	1.#QNAN	0	0.032	0	2.86332e-008	4910.05	5364.27	32670.1
5251.59	4153.64	5	1.#QNAN	0	0.015	0	3.13597e-008	4758.91	5251.59	4758.91
5137.57	4062.68	6	1.#QNAN	0	0.016	0	3.4276e-008	4514.12	5137.57	4609.21
5026.29	3975.53	7	1.#QNAN	0	0.015	0	3.7652e-008	4330.01	5026.29	4499.94
4915.34	3888.71	8	1.#QNAN	0	0.032	0	4.35489e-008	4091.94	4915.34	4387.79
4787.49	3786.9	9	1.#QNAN	0	0.015	0	4.93513e-008	3731.74	4787.49	4245.22
4650.71	3677.2	10	1.#QNAN	0	0.016	0	6.10126e-008	3428.38	4650.71	4092.02
4503.86	3557.85	11	1.#QNAN	0	0.015	0	7.4415e-008	3081.17	4503.86	3927.23
4350.7	3431.78	12	1.#QNAN	0	0.016	0	9.43543e-008	2813.42	4350.7	3758.51
4199.6	3306.67	13	1.#QNAN	0	0.016	0	1.1249e-007	2652.67	4199.6	3598.67
4052.6	3181.97	14	1.#QNAN	0	0.031	0	1.32531e-007	2567.68	4052.6	3449.82
3918.09	3066.83	15	1.#QNAN	0	0.015	0	1.51164e-007	2511.12	3918.09	3321.19
3797.11	2962.57	16	1.#QNAN	0	0.016	0	1.55336e-007	2428.88	3797.11	3211.75
3683.42	2863.84	17	1.#QNAN	0	0.016	0	1.70587e-007	2428.06	3683.42	3112.19
3582.33	2775.64	18	1.#QNAN	0	0.015	0	1.81233e-007	2405.64	3582.33	3028.73
3493.05	2695.58	19	1.#QNAN	0	0.016	0	1.8579e-007	2410.55	3493.05	2958.76
3410.05	2621.27	20	1.#QNAN	0	0.015	0	1.95772e-007	2378.95	3410.05	2895.01
3336.3	2554.18	21	1.#QNAN	0	0.016	0	2.01128e-007	2388.03	3336.3	2840.77
3268.03	2492.58	22	1.#QNAN	0	0.016	0	2.12039e-007	2308.21	3268.03	2791.24
3204.81	2435.23	23	1.#QNAN	0	0.031	0	2.19772e-007	2334.73	3204.81	2746.64
3146.01	2381.95	24	1.#QNAN	0	0.015	0	2.27056e-007	2296.81	3146.01	2705.57
3091.17	2331.6	25	1.#QNAN	0	0.016	0	2.30596e-007	2292.52	3091.17	2667.88
3040.1	2285.26	26	1.#QNAN	0	0.016	0	2.36151e-007	2260.08	3040.1	2633.12
2992.09	2242.5	27	1.#QNAN	0	0.015	0	2.48865e-007	2208	2992.09	2600.49
2947.13	2201.8	28	1.#QNAN	0	0.016	0	2.54967e-007	2197.28	2947.13	2570.27
2904.15	2163.36	29	1.#QNAN	0	0.015	0	2.50391e-007	2170.96	2904.15	2541.26
2863.95	2127.08	30	1.#QNAN	0	0.016	0	2.58354e-007	2184.75	2863.95	2514.54
2827.2	2093.83	31	1.#QNAN	0	0.031	0	2.65518e-007	2164.97	2827.2	2490.46
2792.73	2062.51	32	1.#QNAN	0	0.016	0	2.77148e-007	2184.23	2792.73	2468.41
2758.83	2032.37	33	1.#QNAN	0	0.015	0	2.68744e-007	2105.88	2758.83	2445.87
2727.19	2004.1	34	1.#QNAN	0	0.016	0	2.8014e-007	2101.58	2727.19	2425
2698.12	1977.44	35	1.#QNAN	0	0.016	0	2.90449e-007	2129.41	2698.12	2406.47
2670.41	1952.15	36	1.#QNAN	0	0.015	0	2.98041e-007	2092.93	2670.41	2388.62
2643.26	1927.17	37	1.#QNAN	0	0.016	0	3.13986e-007	2068	2643.26	2370.89
2617.65	1903.61	38	1.#QNAN	0	0.015	0	3.02615e-007	2079.81	2617.65	2354.25
2592.67	1881.07	39	1.#QNAN	0	0.032	0	3.16511e-007	2039.54	2592.67	2337.74
2569.41	1860.16	40	1.#QNAN	0	0.015	0	3.26282e-007	2040.32	2569.41	2322.48
2547.33	1840.44	41	1.#QNAN	0	0.016	0	3.37126e-007	2030.49	2547.33	2308
2526.44	1821.75	42	1.#QNAN	0	0.015	0	3.31795e-007	2039.63	2526.44	2294.61
2505.41	1803.15	43	1.#QNAN	0	0.016	0	3.37975e-007	1999.41	2505.41	2280.66
2485.23	1785.35	44	1.#QNAN	0	0.016	0	3.44597e-007	1970.85	2485.23	2266.97
2465.82	1768.51	45	1.#QNAN	0	0.015	0	3.51877e-007	1975.27	2465.82	2253.73
2447.84	1752.52	46	1.#QNAN	0	0.016	0	3.70908e-007	2004.65	2447.84	2241.72
2430.61	1736.86	47	1.#QNAN	0	0.031	0	3.66307e-007	1981.05	2430.61	2230.1
2413.86	1721.66	48	1.#QNAN	0	0.016	0	3.60729e-007	2012.41	2413.86	2218.88
2397.69	1707.22	49	1.#QNAN	0	0.015	0	3.80796e-007	1991.95	2397.69	2208.04
2381.5	1692.93	50	1.#QNAN	0	0.016	0	4.01841e-007	1953.69	2381.5	2196.95
2366.16	1679.31	51	1.#QNAN	0	0.015	0	4.1391e-007	1939.14	2366.16	2186.49
2351.38	1666.55	52	1.#QNAN	0	0.016	1	4.08867e-007	1913.18	2351.38	2176.34
2337.26	1654.06	53	1.#QNAN	0	0.016	0	4.0779e-007	1882.62	2337.26	2166.57
2324.07	1642.27	54	1.#QNAN	0	0.015	0	4.08512e-007	1930.89	2324.07	2157.67
2311.31	1631.13	55	1.#QNAN	0	0.031	0	4.10571e-007	1940.57	2311.31	2149.07
2298.81	1619.9	56	1.#QNAN	0	0.016	0	4.23415e-007	1922.51	2298.81	2140.61
2286.98	1609.29	57	1.#QNAN	0	0.016	0	4.34855e-007	1902.65	2286.98	2132.55
2275.5	1598.88	58	1.#QNAN	0	0.015	0	4.26479e-007	1871.75	2275.5	2124.72
2263.82	1588.35	59	1.#QNAN	0	0.016	0	4.27087e-007	1833.63	2263.82	2116.47
2252.34	1577.83	60	1.#QNAN	0	0.015	0	4.48678e-007	1838.55	2252.34	2108.37
2241.37	1567.75	61	1.#QNAN	0	0.016	0	4.4909e-007	1826.15	2241.37	2100.52
2230.25	1557.72	62	1.#QNAN	0	0.031	0	4.4622e-007	1781.42	2230.25	2092.39
2219.84	1548.33	63	1.#QNAN	0	0.016	0	4.55365e-007	1804.48	2219.84	2084.82
2209.81	1539.31	64	1.#QNAN	0	0.015	0	4.63434e-007	1804.49	2209.81	2077.54
2199.68	1530.33	65	1.#QNAN	0	0.016	0	4.67614e-007	1789.37	2199.68	2070.14
2189.63	1521.24	66	1.#QNAN	0	0.016	0	4.97478e-007	1770.16	2189.63	2062.76
2179.89	1512.5	67	1.#QNAN	0	0.015	0	4.74673e-007	1768.4	2179.89	2055.55
2170.33	1503.8	68	1.#QNAN	0	0.016	0	4.79299e-007	1787.21	2170.33	2048.53
2161.64	1495.85	69	1.#QNAN	0	0.015	0	4.79529e-007	1795.3	2161.64	2042.25
2153.06	1487.99	70	1.#QNAN	0	0.016	0	5.00235e-007	1795.63	2153.06	2036.05
2144.77	1480.45	71	1.#QNAN	0	0.031	0	5.06773e-007	1813.53	2144.77	2030.1
2136.46	1472.87	72	1.#QNAN	0	0.016	0	5.06295e-007	1790.86	2136.46	2023.99
2128.1	1465.44	73	1.#QNAN	0	0.015	0	5.17973e-007	1742.25	2128.1	2017.62
2119.66	1458.12	74	1.#QNAN	0	0.016	0	5.38084e-007	1764.35	2119.66	2011.26
2111.07	1451.05	75	1.#QNAN	0	0.016	0	5.24615e-007	1696.02	2111.07	2004.49
2103.51	1444.32	76	1.#QNAN	0	0.015	0	5.24304e-007	1767.66	2103.51	1998.74
2095.54	1437.53	77	1.#QNAN	0	0.016	0	5.41451e-007	1717.52	2095.54	1992.45
2087.77	1430.63	78	1.#QNAN	0	0.015	0	5.50085e-007	1722.68	2087.77	1986.37
2079.6	1423.65	79	1.#QNAN	0	0.032	0	5.41389e-007	1658.11	2079.6	1979.79
2071.9	1416.76	80	1.#QNAN	0	0.015	0	5.63478e-007	1710.5	2071.9	1973.71
2064.45	1410.27	81	1.#QNAN	0	0.016	0	5.49896e-007	1691.18	2064.45	1967.76
2057.13	1403.96	82	1.#QNAN	0	0.015	0	5.46961e-007	1686.93	2057.13	1961.92
2049.93	1397.78	83	1.#QNAN	0	0.016	0	5.641e-007	1667.23	2049.93	1956.09
2043.03	1391.82	84	1.#QNAN	0	0.016	0	5.84196e-007	1695.59	2043.03	1950.58
2036.03	1385.91	85	1.#QNAN	0	0.015	0	5.58581e-007	1670.39	2036.03	1944.84
2028.5	1379.75	86	1.#QNAN	0	0.016	0	5.5068e-007	1624.01	2028.5	1938.52
2021.2	1373.8	87	1.#QNAN	0	0.015	0	5.83673e-007	1608.5	2021.2	1932.41
2013.64	1367.76	88	1.#QNAN	0	0.032	0	6.01185e-007	1585.75	2013.64	1925.9
2006.38	1361.77	89	1.#QNAN	0	0.015	0	6.01842e-007	1588.7	2006.38	1919.75
1999.23	1356.15	90	1.#QNAN	0	0.016	0	5.90062e-007	1586.11	1999.23	1913.62
1992.15	1350.61	91	1.#QNAN	0	0.015	0	5.93154e-007	1564.89	1992.15	1907.54
1985.34	1345.04	92	1.#QNAN	0	0.016	0	5.96066e-007	1601.04	1985.34	1901.77
1978.89	1339.75	93	1.#QNAN	0	0.016	0	5.94446e-007	1605.08	1978.89	1896.38
1972.6	1334.35	94	1.#QNAN	0	0.015	0	6.13942e-007	1638.85	1972.6	1891.13
1966.36	1329.16	95	1.#QNAN	0	0.016	0	5.9502e-007	1618.28	1966.36	1885.86
1959.79	1323.96	96	1.#QNAN	0	0.031	0	6.22925e-007	1557.7	1959.79	1880.2
1953.4	1318.65	97	1.#QNAN	0	0.016	0	6.26446e-007	1589.92	1953.4	1874.69
1947.67	1313.68	98	1.#QNAN	0	0.015	0	6.09768e-007	1636.02	1947.67	1869.95
1941.99	1308.85	99	1.#QNAN	0	0.016	0	6.0787e-007	1617.05	1941.99	1865.24
1936.08	1304.04	100	1.#QNAN	0	0.015	0	6.33217e-007	1588.77	1936.08	1860.23
1929.92	1299.14	101	1.#QNAN	0	0.016	0	6.37223e-007	1535.06	1929.92	1854.9
1923.87	1294.34	102	1.#QNAN	0	0.016	0	6.28297e-007	1538.26	1923.87	1849.67
1918.26	1289.62	103	1.#QNAN	0	0.031	0	6.24042e-007	1591.19	1918.26	1844.9
1912.61	1285.05	104	1.#QNAN	0	0.015	0	6.52414e-007	1568.29	1912.61	1840.09
1907.24	1280.78	105	1.#QNAN	0	0.016	0	6.29344e-007	1571.42	1907.24	1835.51
1901.6	1276.48	106	1.#QNAN	0	0.016	0	6.37157e-007	1541.21	1901.6	1830.7
1896.09	1272.33	107	1.#QNAN	0	0.015	0	6.53423e-007	1531.56	1896.09	1826
1890.3	1268.08	108	1.#QNAN	0	0.016	0	6.0886e-007	1473.93	1890.3	1820.94
1884.98	1263.87	109	1.#QNAN	0	0.015	1	6.52865e-007	1507.95	1884.98	1816.37
1879.95	1259.79	110	1.#QNAN	0	0.032	0	6.31399e-007	1543.09	1879.95	1812.09
1875.14	1255.82	111	1.#QNAN	0	0.015	0	6.58882e-007	1546.35	1875.14	1808
1870.09	1251.71	112	1.#QNAN	0	0.016	0	6.5464e-007	1528.92	1870.09	1803.66
1865.51	1247.85	113	1.#QNAN	0	0.015	0	6.53392e-007	1603.05	1865.51	1799.83
1860.82	1244.04	114	1.#QNAN	0	0.016	0	6.39613e-007	1564.53	1860.82	1795.85
1856.22	1240.16	115	1.#QNAN	0	0.016	0	6.58797e-007	1579.55	1856.22	1791.97
1851.88	1236.47	116	1.#QNAN	0	0.015	0	6.57661e-007	1592.07	1851.88	1788.32
1847.24	1232.69	117	1.#QNAN	0	0.016	0	6.78665e-007	1533.69	1847.24	1784.36
1843.3	1229.13	118	1.#QNAN	0	0.031	0	6.71382e-007	1649.16	1843.3	1781.16
1839.24	1225.56	119	1.#QNAN	0	0.016	0	6.39413e-007	1593.69	1839.24	1777.8
1835.11	1221.95	120	1.#QNAN	0	0.015	0	6.62998e-007	1564.82	1835.11	1774.36
1830.94	1218.42	121	1.#QNAN	0	0.016	0	6.54682e-007	1546.88	1830.94	1770.83
1826.86	1215	122	1.#QNAN	0	0.015	0	6.8461e-007	1564.78	1826.86	1767.36
1822.51	1211.48	123	1.#QNAN	0	0.016	0	6.6488e-007	1524	1822.51	1763.58
1818.38	1208.01	124	1.#QNAN	0	0.016	0	6.75299e-007	1526.37	1818.38	1760.01
1814.43	1204.71	125	1.#QNAN	0	0.031	0	6.80868e-007	1545.21	1814.43	1756.64
1810.88	1201.6	126	1.#QNAN	0	0.015	0	6.48872e-007	1584.48	1810.88	1753.67
1807	1198.33	127	1.#QNAN	0	0.016	0	6.62219e-007	1537.82	1807	1750.35
1803.13	1195.2	128	1.#QNAN	0	0.016	0	6.87692e-007	1540.38	1803.13	1747
1799.26	1191.96	129	1.#QNAN	0	0.015	0	6.75245e-007	1541.01	1799.26	1743.64
1795.6	1188.93	130	1.#QNAN	0	0.016	0	6.66391e-007	1571.36	1795.6	1740.48
1791.74	1185.77	131	1.#QNAN	0	0.015	0	6.71096e-007	1503.11	1791.74	1737.09
1788.07	1182.57	132	1.#QNAN	0	0.016	0	6.9905e-007	1541.87	1788.07	1733.9
1784.53	1179.48	133	1.#QNAN	0	0.016	0	6.91562e-007	1531.78	1784.53	1730.82
1781.08	1176.49	134	1.#QNAN	0	0.031	0	7.01876e-007	1541.36	1781.08	1727.81
1777.85	1173.63	135	1.#QNAN	0	0.015	0	6.85442e-007	1564.1	1777.85	1725.05
1774.25	1170.59	136	1.#QNAN	0	0.016	0	6.75135e-007	1485.8	1774.25	1721.9
1770.57	1167.58	137	1.#QNAN	0	0.016	0	6.80698e-007	1492.11	1770.57	1718.68
1767.09	1164.72	138	1.#QNAN	0	0.015	0	6.87568e-007	1501.57	1767.09	1715.66
1763.58	1161.83	139	1.#QNAN	0	0.016	0	6.97012e-007	1474.8	1763.58	1712.6
1760.13	1158.98	140	1.#QNAN	0	0.015	0	6.6944e-007	1503.36	1760.13	1709.62
1756.68	1156.16	141	1.#QNAN	0	0.016	0	6.72256e-007	1497.33	1756.68	1706.62
1753.49	1153.49	142	1.#QNAN	0	0.031	0	7.14886e-007	1511.22	1753.49	1703.87
1750.17	1150.8	143	1.#QNAN	0	0.016	0	7.10617e-007	1483.85	1750.17	1700.96
1746.85	1148.2	144	1.#QNAN	0	0.015	0	6.80546e-007	1476.99	1746.85	1698.06
1743.47	1145.62	145	1.#QNAN	0	0.016	0	6.74259e-007	1465.86	1743.47	1695.09
1740.1	1143.06	146	1.#QNAN	0	0.016	0	6.90863e-007	1449.4	1740.1	1692.12
1736.63	1140.53	147	1.#QNAN	0	0.015	0	7.02738e-007	1436.14	1736.63	1689.04
1733.76	1138.23	148	1.#QNAN	0	0.016	0	6.93013e-007	1515.58	1733.76	1686.56
1730.82	1135.93	149	1.#QNAN	0	0.015	0	6.93854e-007	1527.9	1730.82	1684.04
1727.87	1133.59	150	1.#QNAN	0	0.032	0	6.95404e-007	1509.3	1727.87	1681.52
1724.91	1131.26	151	1.#QNAN	0	0.015	0	6.9557e-007	1496.15	1724.91	1678.96
1721.93	1128.95	152	1.#QNAN	0	0.016	0	7.15603e-007	1494.87	1721.93	1676.34
1718.89	1126.79	153	1.#QNAN	0	0.015	0	6.99346e-007	1479.9	1718.89	1673.67
1715.99	1124.65	154	1.#QNAN	0	0.016	0	6.79328e-007	1468.74	1715.99	1671.13
1712.92	1122.43	155	1.#QNAN	0	0.016	0	6.80326e-007	1463.08	1712.92	1668.39
1710.17	1120.39	156	1.#QNAN	0	0.015	0	6.88429e-007	1513.68	1710.17	1666.01
1707.07	1118.25	157	1.#QNAN	0	0.016	0	7.17323e-007	1440.13	1707.07	1663.24
1704.23	1116.17	158	1.#QNAN	0	0.015	0	7.32876e-007	1467.31	1704.23	1660.75
1701.47	1114.03	159	1.#QNAN	0	0.032	0	7.29893e-007	1498.38	1701.47	1658.34
1698.64	1111.89	160	1.#QNAN	0	0.015	0	7.06749e-007	1460.3	1698.64	1655.84
1695.84	1109.87	161	1.#QNAN	0	0.016	0	7.01249e-007	1470.13	1695.84	1653.37
1693.3	1107.93	162	1.#QNAN	0	0.015	0	6.92608e-007	1490.62	1693.3	1651.16
1690.98	1105.95	163	1.#QNAN	0	0.016	0	6.86211e-007	1532.59	1690.98	1649.17
1688.61	1103.97	164	1.#QNAN	0	0.016	0	7.0235e-007	1528.37	1688.61	1647.1
1686.36	1102.06	165	1.#QNAN	0	0.015	0	7.12954e-007	1543.36	1686.36	1645.17
1684.18	1100.2	166	1.#QNAN	0	0.016	1	7.1826e-007	1547.02	1684.18	1643.31
1681.96	1098.44	167	1.#QNAN	0	0.031	0	6.86008e-007	1530.73	1681.96	1641.4
1679.89	1096.78	168	1.#QNAN	0	0.016	0	7.00306e-007	1562.06	1679.89	1639.65
1677.51	1095.01	169	1.#QNAN	0	0.015	0	6.86728e-007	1496.73	1677.51	1637.58
1675.14	1093.35	170	1.#QNAN	0	0.016	0	6.98322e-007	1505.3	1675.14	1635.51
1672.87	1091.69	171	1.#QNAN	0	0.015	0	7.04212e-007	1498.39	1672.87	1633.54
1670.62	1090.02	172	1.#QNAN	0	0.016	0	7.19987e-007	1498.85	1670.62	1631.59
1668.52	1088.38	173	1.#QNAN	0	0.016	0	6.92824e-007	1507.24	1668.52	1629.78
1666.41	1086.66	174	1.#QNAN	0	0.031	0	7.04796e-007	1500.53	1666.41	1627.96
1664.25	1085	175	1.#QNAN	0	0.015	0	7.1216e-007	1476.16	1664.25	1626.08
1661.98	1083.34	176	1.#QNAN	0	0.016	0	7.05536e-007	1455.06	1661.98	1624.07
1659.87	1081.68	177	1.#QNAN	0	0.016	0	7.14288e-007	1481.7	1659.87	1622.22
1657.74	1079.98	178	1.#QNAN	0	0.015	0	6.95604e-007	1474.87	1657.74	1620.37
1655.77	1078.4	179	1.#QNAN	0	0.016	0	6.92215e-007	1502.73	1655.77	1618.67
1653.89	1076.77	180	1.#QNAN	0	0.015	0	7.14514e-007	1538.17	1653.89	1617.05
1651.97	1075.16	181	1.#QNAN	0	0.032	0	7.27625e-007	1541.2	1651.97	1615.4
1650.04	1073.59	182	1.#QNAN	0	0.015	0	7.08126e-007	1509.31	1650.04	1613.73
1647.92	1071.97	183	1.#QNAN	0	0.016	0	7.03684e-007	1449.57	1647.92	1611.88
1645.84	1070.33	184	1.#QNAN	0	0.015	0	7.20472e-007	1450.97	1645.84	1610.04
1643.72	1068.74	185	1.#QNAN	0	0.016	0	7.2049e-007	1459.3	1643.72	1608.15
1641.6	1067.12	186	1.#QNAN	0	0.016	0	7.14876e-007	1429.36	1641.6	1606.27
1639.65	1065.45	187	1.#QNAN	0	0.015	0	7.10075e-007	1476.76	1639.65	1604.57
1637.6	1063.75	188	1.#QNAN	0	0.016	0	7.31903e-007	1465.02	1637.6	1602.77
1635.83	1062.18	189	1.#QNAN	0	0.031	0	7.23278e-007	1508.06	1635.83	1601.24
1633.76	1060.59	190	1.#QNAN	0	0.016	0	7.32034e-007	1445.35	1633.76	1599.39
1631.76	1058.95	191	1.#QNAN	0	0.015	0	7.09579e-007	1442.4	1631.76	1597.63
1629.82	1057.35	192	1.#QNAN	0	0.016	0	7.22646e-007	1430.93	1629.82	1595.9
1627.84	1055.78	193	1.#QNAN	0	0.015	0	7.26263e-007	1443.33	1627.84	1594.14
1625.84	1054.17	194	1.#QNAN	0	0.016	0	7.27723e-007	1452.21	1625.84	1592.36
1623.9	1052.65	195	1.#QNAN	0	0.016	0	7.00033e-007	1450.54	1623.9	1590.64
1622.22	1051.17	196	1.#QNAN	0	0.015	0	7.19586e-007	1498.56	1622.22	1589.17
1620.53	1049.72	197	1.#QNAN	0	0.016	0	6.94635e-007	1508.18	1620.53	1587.69
1618.86	1048.3	198	1.#QNAN	0	0.031	0	7.21607e-007	1489.63	1618.86	1586.23
1617.27	1046.9	199	1.#QNAN	0	0.016	0	7.35676e-007	1490.09	1617.27	1584.85
1615.64	1045.46	200	1.#QNAN	0	0.015	0	7.08387e-007	1500.05	1615.64	1583.44
1613.64	1043.99	201	1.#QNAN	0	0.016	0	7.42488e-007	1419.92	1613.64	1581.64
1612.02	1042.62	202	1.#QNAN	0	0.015	0	7.40932e-007	1479.33	1612.02	1580.23
1610.45	1041.18	203	1.#QNAN	0	0.016	0	7.08468e-007	1493.55	1610.45	1578.85
1608.83	1039.8	204	1.#QNAN	0	0.016	0	7.16889e-007	1486.54	1608.83	1577.44
1607.37	1038.44	205	1.#QNAN	0	0.031	0	7.17392e-007	1521.67	1607.37	1576.18
1605.74	1037.08	206	1.#QNAN	0	0.015	0	7.06753e-007	1469.25	1605.74	1574.74
1603.98	1035.75	207	1.#QNAN	0	0.016	0	7.17384e-007	1439.5	1603.98	1573.16
1602.3	1034.42	208	1.#QNAN	0	0.016	0	7.03363e-007	1474.23	1602.3	1571.65
1600.82	1033.24	209	1.#QNAN	0	0.015	0	7.13147e-007	1535.3	1600.82	1570.36
1599.48	1032.07	210	1.#QNAN	0	0.016	0	7.18986e-007	1550.55	1599.48	1569.21
1597.98	1030.83	211	1.#QNAN	0	0.015	0	7.09541e-007	1494.69	1597.98	1567.89
1596.49	1029.65	212	1.#QNAN	0	0.016	0	7.1246e-007	1500.52	1596.49	1566.57
1595.06	1028.39	213	1.#QNAN	0	0.031	0	7.09662e-007	1513.14	1595.06	1565.33
1593.69	1027.22	214	1.#QNAN	0	0.016	0	7.05159e-007	1506.03	1593.69	1564.12
1592.49	1026.06	215	1.#QNAN	0	0.015	0	7.31267e-007	1557.31	1592.49	1563.11
1591.14	1024.9	216	1.#QNAN	0	0.016	0	7.34972e-007	1517.06	1591.14	1561.93
1589.79	1023.76	217	1.#QNAN	0	0.016	0	7.0779e-007	1517.33	1589.79	1560.75
1588.47	1022.61	218	1.#QNAN	0	0.015	0	7.28383e-007	1517.94	1588.47	1559.6
1587.23	1021.56	219	1.#QNAN	0	0.016	0	7.47244e-007	1514.16	1587.23	1558.54
1585.97	1020.49	220	1.#QNAN	0	0.015	0	7.02659e-007	1503.92	1585.97	1557.45
1584.73	1019.41	221	1.#QNAN	0	0.016	0	7.39876e-007	1514.89	1584.73	1556.39
1583.28	1018.36	222	1.#QNAN	0	0.015	1	7.05709e-007	1448.3	1583.28	1555.09
1581.9	1017.17	223	1.#QNAN	0	0.016	0	7.23659e-007	1475.82	1581.9	1553.87
1580.53	1016.05	224	1.#QNAN	0	0.015	0	7.31681e-007	1490.53	1580.53	1552.66
1579.34	1015	225	1.#QNAN	0	0.016	0	7.31814e-007	1516.36	1579.34	1551.64
1578.23	1014.05	226	1.#QNAN	0	0.016	0	7.24292e-007	1536.6	1578.23	1550.7
1577.05	1013.03	227	1.#QNAN	0	0.015	0	7.36251e-007	1512.07	1577.05	1549.68
1575.68	1011.96	228	1.#QNAN	0	0.031	0	7.1737e-007	1439.62	1575.68	1548.47
1574.35	1010.91	229	1.#QNAN	0	0.016	0	7.29326e-007	1460.14	1574.35	1547.3
1573.22	1009.93	230	1.#QNAN	0	0.016	0	7.23866e-007	1508.95	1573.22	1546.34
1572.07	1008.94	231	1.#QNAN	0	0.015	0	7.19506e-007	1494.51	1572.07	1545.36
1570.99	1007.95	232	1.#QNAN	0	0.016	0	6.93124e-007	1524.01	1570.99	1544.43
1569.95	1006.98	233	1.#QNAN	0	0.015	0	7.18465e-007	1537.57	1569.95	1543.56
1568.78	1005.94	234	1.#QNAN	0	0.016	0	7.13022e-007	1481.33	1568.78	1542.54
1567.64	1004.9	235	1.#QNAN	0	0.031	0	7.13225e-007	1492.36	1567.64	1541.55
1566.77	1003.94	236	1.#QNAN	0	0.016	0	7.63405e-007	1547.69	1566.77	1540.83
1565.8	1002.93	237	1.#QNAN	0	0.015	0	7.35213e-007	1523.04	1565.8	1540.01
1564.9	1001.96	238	1.#QNAN	0	0.016	0	7.29277e-007	1551.29	1564.9	1539.28
1563.95	1000.89	239	1.#QNAN	0	0.016	0	7.52066e-007	1531.9	1563.95	1538.49
1563.03	999.907	240	1.#QNAN	0	0.015	0	7.42446e-007	1534.3	1563.03	1537.72
1562.13	998.937	241	1.#QNAN	0	0.016	0	7.15869e-007	1543.44	1562.13	1536.98
1561.21	997.876	242	1.#QNAN	0	0.015	0	7.43728e-007	1539.42	1561.21	1536.22
1560.46	996.928	243	1.#QNAN	0	0.032	0	7.23007e-007	1581.46	1560.46	1535.63
1559.65	995.998	244	1.#QNAN	0	0.015	0	7.18759e-007	1545.55	1559.65	1534.97
1558.79	995.082	245	1.#QNAN	0	0.016	0	7.12368e-007	1554.18	1558.79	1534.26
1557.9	994.185	246	1.#QNAN	0	0.015	0	7.35951e-007	1526.17	1557.9	1533.51
1557.09	993.263	247	1.#QNAN	0	0.016	0	7.75965e-007	1562.94	1557.09	1532.84
1556.32	992.373	248	1.#QNAN	0	0.016	0	7.45552e-007	1573.47	1556.32	1532.22
1555.5	991.521	249	1.#QNAN	0	0.015	0	7.31601e-007	1565.25	1555.5	1531.54
1554.66	990.607	250	1.#QNAN	0	0.016	0	7.66931e-007	1562.37	1554.66	1530.84
1553.66	989.709	251	1.#QNAN	0	0.031	0	7.17372e-007	1510.56	1553.66	1529.97
1552.71	988.861	252	1.#QNAN	0	0.016	0	7.44632e-007	1528.16	1552.71	1529.15
1551.69	987.96	253	1.#QNAN	0	0.015	0	6.82339e-007	1528.71	1551.69	1528.25
1550.62	987.052	254	1.#QNAN	0	0.016	0	7.12582e-007	1501.43	1550.62	1527.31
1549.78	986.183	255	1.#QNAN	0	0.015	0	7.23059e-007	1581.59	1549.78	1526.59
1548.74	985.306	256	1.#QNAN	0	0.016	0	7.40689e-007	1511.01	1548.74	1525.68
1548.02	984.525	257	1.#QNAN	0	0.016	0	7.33406e-007	1554.71	1548.02	1525.09
1547.34	983.703	258	1.#QNAN	0	0.015	0	7.24672e-007	1573.41	1547.34	1524.53
1546.47	982.886	259	1.#QNAN	0	0.016	0	7.39429e-007	1528.08	1546.47	1523.79
1545.72	982.072	260	1.#QNAN	0	0.031	0	7.42779e-007	1559.11	1545.72	1523.17
1545	981.268	261	1.#QNAN	0	0.016	0	7.39368e-007	1567.67	1545	1522.58
1544.26	980.433	262	1.#QNAN	0	0.015	0	7.12039e-007	1564.13	1544.26	1521.96
1543.47	979.602	263	1.#QNAN	0	0.016	0	7.32143e-007	1527.24	1543.47	1521.3
1542.7	978.815	264	1.#QNAN	0	0.015	0	7.22412e-007	1536.74	1542.7	1520.65
1541.71	978.028	265	1.#QNAN	0	0.016	0	7.38279e-007	1457.74	1541.71	1519.77
1540.65	977.262	266	1.#QNAN	0	0.016	0	7.28685e-007	1467.77	1540.65	1518.83
1539.7	976.445	267	1.#QNAN	0	0.015	0	7.18176e-007	1482.13	1539.7	1517.99
1538.93	975.72	268	1.#QNAN	0	0.031	0	7.37375e-007	1513.18	1538.93	1517.34
1538.22	974.95	269	1.#QNAN	0	0.016	0	7.20543e-007	1539.73	1538.22	1516.74
1537.48	974.113	270	1.#QNAN	0	0.016	0	7.50733e-007	1546.76	1537.48	1516.12
1536.67	973.296	271	1.#QNAN	0	0.015	0	7.16869e-007	1528.66	1536.67	1515.42
1535.87	972.507	272	1.#QNAN	0	0.016	0	7.33682e-007	1525.91	1535.87	1514.73
1535.19	971.763	273	1.#QNAN	0	0.015	0	7.34289e-007	1549.63	1535.19	1514.17
1534.52	970.958	274	1.#QNAN	0	0.016	0	7.19769e-007	1538.19	1534.52	1513.61
1533.77	970.158	275	1.#QNAN	0	0.016	0	7.26317e-007	1556.14	1533.77	1512.97
1532.96	969.361	276	1.#QNAN	0	0.031	0	7.29399e-007	1524.51	1532.96	1512.27
1532.24	968.604	277	1.#QNAN	0	0.015	0	7.38982e-007	1539.55	1532.24	1511.66
1531.46	967.789	278	1.#QNAN	0	0.016	0	7.4067e-007	1526.63	1531.46	1510.98
1530.65	967.051	279	1.#QNAN	0	0.016	1	7.01589e-007	1516.44	1530.65	1510.27
1529.69	966.167	280	1.#QNAN	0	0.015	0	7.13429e-007	1481.33	1529.69	1509.4
1528.84	965.4	281	1.#QNAN	0	0.016	0	7.06743e-007	1479.83	1528.84	1508.66
1528.08	964.597	282	1.#QNAN	0	0.015	0	7.36863e-007	1530.55	1528.08	1508
1527.4	963.865	283	1.#QNAN	0	0.016	0	7.41104e-007	1546.91	1527.4	1507.41
1526.7	963.095	284	1.#QNAN	0	0.016	0	7.41652e-007	1510.89	1526.7	1506.81
1526.19	962.433	285	1.#QNAN	0	0.031	0	7.2802e-007	1565.01	1526.19	1506.4
1525.44	961.722	286	1.#QNAN	0	0.015	0	7.33072e-007	1498.92	1525.44	1505.73
1524.75	961.013	287	1.#QNAN	0	0.016	0	7.09347e-007	1516.93	1524.75	1505.14
1524.08	960.341	288	1.#QNAN	0	0.016	0	7.15961e-007	1520.35	1524.08	1504.57
1523.46	959.659	289	1.#QNAN	0	0.015	0	7.25227e-007	1524.77	1523.46	1504.04
1522.99	959.003	290	1.#QNAN	0	0.016	0	7.2576e-007	1564.85	1522.99	1503.66
1522.38	958.347	291	1.#QNAN	0	0.015	0	7.25592e-007	1504.86	1522.38	1503.17
1521.84	957.648	292	1.#QNAN	0	0.016	0	7.20614e-007	1544.05	1521.84	1502.72
1521.22	956.979	293	1.#QNAN	0	0.031	0	7.0777e-007	1503.16	1521.22	1502.21
1520.66	956.351	294	1.#QNAN	0	0.016	0	7.31966e-007	1528.79	1520.66	1501.74
1520.06	955.677	295	1.#QNAN	0	0.015	0	7.15855e-007	1521.28	1520.06	1501.23
1519.46	955.037	296	1.#QNAN	0	0.016	0	7.2507e-007	1524.09	1519.46	1500.72
1518.81	954.394	297	1.#QNAN	0	0.016	0	7.44927e-007	1510.84	1518.81	1500.17
1518.41	953.793	298	1.#QNAN	0	0.015	0	6.98954e-007	1582.67	1518.41	1499.86
1518.01	953.19	299	1.#QNAN	0	0.016	0	7.30842e-007	1586.22	1518.01	1499.55
1517.68	952.55	300	1.#QNAN	0	0.015	0	6.93756e-007	1607.54	1517.68	1499.31
1517.24	951.94	301	1.#QNAN	0	0.032	0	7.10884e-007	1547.58	1517.24	1498.96
1516.84	951.351	302	1.#QNAN	0	0.015	0	7.06848e-007	1565.51	1516.84	1498.65
1516.57	950.793	303	1.#QNAN	0	0.016	0	7.0262e-007	1616.98	1516.57	1498.47
1516.23	950.241	304	1.#QNAN	0	0.015	0	7.45395e-007	1592.57	1516.23	1498.23
1515.92	949.719	305	1.#QNAN	0	0.016	0	7.18423e-007	1591.97	1515.92	1498
1515.65	949.157	306	1.#QNAN	0	0.016	0	7.37119e-007	1597.87	1515.65	1497.82
1515.31	948.539	307	1.#QNAN	0	0.015	0	7.1116e-007	1571.7	1515.31	1497.58
1514.96	947.957	308	1.#QNAN	0	0.016	0	7.48038e-007	1562.02	1514.96	1497.3
1514.57	947.415	309	1.#QNAN	0	0.031	0	7.17535e-007	1554.52	1514.57	1497
1514.27	946.891	310	1.#QNAN	0	0.016	0	7.43762e-007	1561.84	1514.27	1496.79
1513.91	946.401	311	1.#QNAN	0	0.015	0	7.52859e-007	1545.52	1513.91	1496.52
1513.39	945.859	312	1.#QNAN	0	0.016	0	7.16125e-007	1488.8	1513.39	1496.07
1512.92	945.368	313	1.#QNAN	0	0.015	0	7.36068e-007	1512.2	1512.92	1495.69
1512.59	944.934	314	1.#QNAN	0	0.016	0	7.12475e-007	1560.01	1512.59	1495.43
1512.2	944.442	315	1.#QNAN	0	0.016	0	6.98548e-007	1525.31	1512.2	1495.13
1511.89	943.968	316	1.#QNAN	0	0.015	0	7.21875e-007	1564.38	1511.89	1494.89
1511.41	943.47	317	1.#QNAN	0	0.016	0	7.03287e-007	1501.09	1511.41	1494.49
1510.93	942.983	318	1.#QNAN	0	0.016	0	7.14975e-007	1489.02	1510.93	1494.08
1510.3	942.439	319	1.#QNAN	0	0.016	0	7.07215e-007	1443.33	1510.3	1493.52
1509.61	941.843	320	1.#QNAN	0	0.015	0	7.09272e-007	1439	1509.61	1492.91
1509.09	941.32	321	1.#QNAN	0	0.016	0	6.92987e-007	1507.96	1509.09	1492.47
1508.58	940.802	322	1.#QNAN	0	0.015	0	7.25749e-007	1515.01	1508.58	1492.03
1507.96	940.229	323	1.#QNAN	0	0.016	0	7.00506e-007	1464.5	1507.96	1491.48
1507.44	939.661	324	1.#QNAN	0	0.016	0	7.26534e-007	1509.77	1507.44	1491.04
1506.99	939.14	325	1.#QNAN	0	0.015	0	7.29292e-007	1508.83	1506.99	1490.66
1506.65	938.633	326	1.#QNAN	0	0.031	0	7.26147e-007	1560.59	1506.65	1490.39
1506.26	938.167	327	1.#QNAN	0	0.016	0	7.26096e-007	1528.75	1506.26	1490.07
1505.71	937.671	328	1.#QNAN	0	0.016	0	7.12149e-007	1495.96	1505.71	1489.6
1505.13	937.102	329	1.#QNAN	0	0.015	0	7.19846e-007	1470.24	1505.13	1489.08
1504.59	936.584	330	1.#QNAN	0	0.016	0	7.07728e-007	1486.34	1504.59	1488.62
1504.17	936.087	331	1.#QNAN	0	0.015	0	7.46893e-007	1505.66	1504.17	1488.27
1503.9	935.634	332	1.#QNAN	0	0.016	0	7.21206e-007	1545.16	1503.9	1488.06
1503.6	935.213	333	1.#QNAN	0	0.016	0	7.08066e-007	1536.05	1503.6	1487.83
1503.14	934.781	334	1.#QNAN	0	0.031	0	7.25435e-007	1487.77	1503.14	1487.45
1502.7	934.3	335	1.#QNAN	0	0.015	0	7.32436e-007	1488.92	1502.7	1487.07
1502.24	933.787	336	1.#QNAN	0	0.016	1	7.40263e-007	1494.68	1502.24	1486.69
1501.85	933.333	337	1.#QNAN	0	0.016	0	7.19512e-007	1507.54	1501.85	1486.37
1501.56	932.889	338	1.#QNAN	0	0.015	0	7.71321e-007	1540.37	1501.56	1486.15
1501.19	932.47	339	1.#QNAN	0	0.016	0	7.30145e-007	1515.55	1501.19	1485.85
1500.83	932.05	340	1.#QNAN	0	0.015	0	7.2842e-007	1536.15	1500.83	1485.56
1500.51	931.636	341	1.#QNAN	0	0.032	0	7.16739e-007	1528.23	1500.51	1485.31
1499.99	931.156	342	1.#QNAN	0	0.015	0	7.11379e-007	1452.52	1499.99	1484.85
1499.57	930.694	343	1.#QNAN	0	0.016	0	7.35104e-007	1503.75	1499.57	1484.51
1499.36	930.277	344	1.#QNAN	0	0.015	0	7.30636e-007	1565.72	1499.36	1484.36
1499.01	929.879	345	1.#QNAN	0	0.016	0	7.23876e-007	1518.43	1499.01	1484.08
1498.68	929.456	346	1.#QNAN	0	0.016	0	7.12198e-007	1519.38	1498.68	1483.81
1498.43	929.025	347	1.#QNAN	0	0.015	0	7.19208e-007	1556.88	1498.43	1483.63
1498.13	928.588	348	1.#QNAN	0	0.016	0	7.2633e-007	1508.61	1498.13	1483.39
1497.77	928.212	349	1.#QNAN	0	0.031	0	7.29686e-007	1502.62	1497.77	1483.09
1497.43	927.869	350	1.#QNAN	0	0.016	0	7.09872e-007	1529.16	1497.43	1482.81
1497.02	927.511	351	1.#QNAN	0	0.015	0	7.54835e-007	1493.47	1497.02	1482.46
1496.56	927.096	352	1.#QNAN	0	0.016	0	7.09694e-007	1487.36	1496.56	1482.05
1496.05	926.669	353	1.#QNAN	0	0.015	0	7.13261e-007	1450.38	1496.05	1481.59
1495.57	926.254	354	1.#QNAN	0	0.016	0	7.24563e-007	1460.95	1495.57	1481.17
1495.1	925.877	355	1.#QNAN	0	0.016	0	7.32845e-007	1475.36	1495.1	1480.75
1494.55	925.478	356	1.#QNAN	0	0.015	0	7.1143e-007	1429.38	1494.55	1480.27
1494.18	925.075	357	1.#QNAN	0	0.031	0	7.09313e-007	1490.94	1494.18	1479.95
1493.81	924.638	358	1.#QNAN	0	0.016	0	7.36966e-007	1482.68	1493.81	1479.64
1493.47	924.217	359	1.#QNAN	0	0.016	0	7.28829e-007	1504.29	1493.47	1479.36
1493.17	923.807	360	1.#QNAN	0	0.015	0	7.3046e-007	1514.78	1493.17	1479.12
1492.81	923.396	361	1.#QNAN	0	0.016	0	7.45107e-007	1486.58	1492.81	1478.83
1492.38	923.037	362	1.#QNAN	0	0.015	0	7.08534e-007	1457.65	1492.38	1478.44
1491.78	922.559	363	1.#QNAN	0	0.016	0	7.17637e-007	1412.55	1491.78	1477.9
1491.4	922.15	364	1.#QNAN	0	0.016	0	7.15664e-007	1487.86	1491.4	1477.57
1490.97	921.739	365	1.#QNAN	0	0.015	0	6.85316e-007	1472.94	1490.97	1477.18
1490.58	921.311	366	1.#QNAN	0	0.015	0	7.67515e-007	1496.33	1490.58	1476.86
1490.28	920.918	367	1.#QNAN	0	0.016	0	7.49981e-007	1520.02	1490.28	1476.61
1490.04	920.567	368	1.#QNAN	0	0.016	0	7.04973e-007	1554.81	1490.04	1476.42
1489.81	920.208	369	1.#QNAN	0	0.015	0	7.17483e-007	1560.98	1489.81	1476.24
1489.58	919.848	370	1.#QNAN	0	0.016	0	7.15969e-007	1550.34	1489.58	1476.07
1489.28	919.475	371	1.#QNAN	0	0.015	0	7.10295e-007	1527.22	1489.28	1475.82
1488.92	919.086	372	1.#QNAN	0	0.016	0	7.55422e-007	1498.94	1488.92	1475.51
1488.57	918.714	373	1.#QNAN	0	0.016	0	7.20753e-007	1495.22	1488.57	1475.21
1488.22	918.341	374	1.#QNAN	0	0.015	0	6.92035e-007	1502.09	1488.22	1474.92
1487.96	918.007	375	1.#QNAN	0	0.015	0	7.29296e-007	1539.53	1487.96	1474.7
1487.6	917.599	376	1.#QNAN	0	0.016	0	7.3497e-007	1485.48	1487.6	1474.4
1487.2	917.223	377	1.#QNAN	0	0.016	0	7.53178e-007	1465.54	1487.2	1474.04
1486.83	916.849	378	1.#QNAN	0	0.015	0	7.46297e-007	1479.16	1486.83	1473.71
1486.43	916.466	379	1.#QNAN	0	0.016	0	7.4069e-007	1466.74	1486.43	1473.37
1486.16	916.105	380	1.#QNAN	0	0.015	0	7.20183e-007	1515.43	1486.16	1473.15
1485.83	915.761	381	1.#QNAN	0	0.016	0	7.17721e-007	1489.96	1485.83	1472.86
1485.45	915.366	382	1.#QNAN	0	0.031	0	7.13027e-007	1475.95	1485.45	1472.52
1484.94	914.96	383	1.#QNAN	0	0.016	0	7.14701e-007	1423.13	1484.94	1472.06
1484.44	914.534	384	1.#QNAN	0	0.015	0	7.26699e-007	1419.23	1484.44	1471.6
1484.06	914.178	385	1.#QNAN	0	0.016	0	7.27019e-007	1458.65	1484.06	1471.27
1483.63	913.785	386	1.#QNAN	0	0.016	0	7.5612e-007	1441.39	1483.63	1470.89
1483.18	913.372	387	1.#QNAN	0	0.015	0	7.38584e-007	1428.19	1483.18	1470.47
1482.68	912.994	388	1.#QNAN	0	0.016	0	7.44495e-007	1414.67	1482.68	1470.02
1482.14	912.622	389	1.#QNAN	0	0.015	0	7.33122e-007	1394.91	1482.14	1469.53
1481.7	912.281	390	1.#QNAN	0	0.016	0	7.29206e-007	1421.33	1481.7	1469.13
1481.34	911.959	391	1.#QNAN	0	0.031	0	7.30625e-007	1462.58	1481.34	1468.81
1481.04	911.641	392	1.#QNAN	0	0.016	0	6.99496e-007	1492.15	1481.04	1468.56
1480.78	911.307	393	1.#QNAN	0	0.015	1	7.33223e-007	1496.71	1480.78	1468.35
1480.41	910.932	394	1.#QNAN	0	0.016	0	7.11403e-007	1499.7	1480.41	1468.02
1480.1	910.598	395	1.#QNAN	0	0.016	0	7.08197e-007	1470.8	1480.1	1467.76
1479.85	910.28	396	1.#QNAN	0	0.015	0	7.20669e-007	1507.3	1479.85	1467.56
1479.64	910.005	397	1.#QNAN	0	0.031	0	7.34196e-007	1506.27	1479.64	1467.4
1479.29	909.711	398	1.#QNAN	0	0.016	0	7.11462e-007	1461.16	1479.29	1467.09
1478.89	909.406	399	1.#QNAN	0	0.016	0	7.08425e-007	1426.91	1478.89	1466.73
1478.54	909.085	400	1.#QNAN	0	0.015	0	6.85005e-007	1446.09	1478.54	1466.43
1478.19	908.729	401	1.#QNAN	0	0.016	0	7.14375e-007	1453.94	1478.19	1466.12
1477.84	908.416	402	1.#QNAN	0	0.015	0	7.28046e-007	1438.23	1477.84	1465.81
1477.5	908.079	403	1.#QNAN	0	0.016	0	7.2969e-007	1462.14	1477.5	1465.51
1477.21	907.75	404	1.#QNAN	0	0.031	0	7.13322e-007	1482.83	1477.21	1465.27
1476.79	907.388	405	1.#QNAN	0	0.016	0	7.32014e-007	1421.4	1476.79	1464.89
1476.46	907.049	406	1.#QNAN	0	0.015	0	7.25113e-007	1469.82	1476.46	1464.6
1476.21	906.759	407	1.#QNAN	0	0.016	0	7.15466e-007	1479.99	1476.21	1464.38
1475.89	906.42	408	1.#QNAN	0	0.016	0	7.47361e-007	1475.3	1475.89	1464.1
1475.58	906.082	409	1.#QNAN	0	0.015	0	7.27459e-007	1488.67	1475.58	1463.83
1475.22	905.739	410	1.#QNAN	0	0.016	0	7.44567e-007	1450.65	1475.22	1463.51
1474.89	905.382	411	1.#QNAN	0	0.031	0	7.2319e-007	1470.83	1474.89	1463.22
1474.54	905.046	412	1.#QNAN	0	0.016	0	7.45216e-007	1450.4	1474.54	1462.9
1474.08	904.678	413	1.#QNAN	0	0.015	0	7.05411e-007	1412.26	1474.08	1462.49
1473.77	904.353	414	1.#QNAN	0	0.016	0	6.99421e-007	1471.18	1473.77	1462.21
1473.5	904.06	415	1.#QNAN	0	0.015	0	7.09032e-007	1490.28	1473.5	1461.98
1473.1	903.765	416	1.#QNAN	0	0.016	0	7.3795e-007	1429.54	1473.1	1461.63
1472.58	903.417	417	1.#QNAN	0	0.016	0	7.19073e-007	1392.8	1472.58	1461.14
1472.13	903.069	418	1.#QNAN	0	0.031	0	7.37939e-007	1407.47	1472.13	1460.73
1471.65	902.749	419	1.#QNAN	0	0.015	0	7.25039e-007	1413.11	1471.65	1460.29
1471.2	902.397	420	1.#QNAN	0	0.016	0	7.2665e-007	1415.64	1471.2	1459.88
1470.86	902.108	421	1.#QNAN	0	0.016	0	7.4207e-007	1456.47	1470.86	1459.58
1470.45	901.807	422	1.#QNAN	0	0.015	0	7.18264e-007	1411.3	1470.45	1459.2
1470.03	901.502	423	1.#QNAN	0	0.016	0	7.25965e-007	1408.57	1470.03	1458.81
1469.69	901.256	424	1.#QNAN	0	0.015	0	7.34002e-007	1441.48	1469.69	1458.51
1469.37	901.003	425	1.#QNAN	0	0.016	0	7.0823e-007	1458.17	1469.37	1458.23
1468.98	900.732	426	1.#QNAN	0	0.031	0	7.29331e-007	1445.17	1468.98	1457.88
1468.65	900.486	427	1.#QNAN	0	0.016	0	7.29947e-007	1442.68	1468.65	1457.58
1468.38	900.316	428	1.#QNAN	0	0.015	0	7.45199e-007	1491.95	1468.38	1457.34
1468.02	900.073	429	1.#QNAN	0	0.016	0	7.1118e-007	1453.34	1468.02	1457.02
1467.61	899.852	430	1.#QNAN	0	0.016	0	7.21827e-007	1427.27	1467.61	1456.65
1467.3	899.653	431	1.#QNAN	0	0.015	0	7.10443e-007	1446.95	1467.3	1456.37
1466.98	899.475	432	1.#QNAN	0	0.016	0	7.49038e-007	1429.1	1466.98	1456.08
1466.78	899.281	433	1.#QNAN	0	0.015	0	7.06047e-007	1479.63	1466.78	1455.92
1466.53	899.08	434	1.#QNAN	0	0.016	0	7.17538e-007	1471.7	1466.53	1455.71
1466.16	898.882	435	1.#QNAN	0	0.031	0	7.18479e-007	1409.93	1466.16	1455.37
1465.64	898.612	436	1.#QNAN	0	0.016	0	7.22508e-007	1361.12	1465.64	1454.88
1465.18	898.387	437	1.#QNAN	0	0.015	0	7.34191e-007	1384.93	1465.18	1454.46
1464.72	898.178	438	1.#QNAN	0	0.016	0	7.38054e-007	1393.21	1464.72	1454.02
1464.35	897.954	439	1.#QNAN	0	0.016	0	7.37133e-007	1418.3	1464.35	1453.69
1464	897.726	440	1.#QNAN	0	0.015	0	7.45571e-007	1412	1464	1453.37
1463.63	897.486	441	1.#QNAN	0	0.016	0	7.18158e-007	1415.52	1463.63	1453.03
1463.28	897.254	442	1.#QNAN	0	0.031	0	7.22302e-007	1422.58	1463.28	1452.72
1462.98	897.036	443	1.#QNAN	0	0.016	0	7.53005e-007	1450.6	1462.98	1452.45
1462.67	896.791	444	1.#QNAN	0	0.015	0	7.37241e-007	1446.3	1462.67	1452.16
1462.38	896.586	445	1.#QNAN	0	0.016	0	7.53941e-007	1445.32	1462.38	1451.91
1462.07	896.377	446	1.#QNAN	0	0.015	0	7.27685e-007	1428.01	1462.07	1451.63
1461.78	896.198	447	1.#QNAN	0	0.016	0	7.37391e-007	1438.08	1461.78	1451.37
1461.58	896.046	448	1.#QNAN	0	0.016	0	7.22242e-007	1485.82	1461.58	1451.21
1461.26	895.833	449	1.#QNAN	0	0.015	0	7.30823e-007	1427.68	1461.26	1450.91
1461	895.641	450	1.#QNAN	0	0.016	1	7.31593e-007	1452.69	1461	1450.69
1460.73	895.428	451	1.#QNAN	0	0.031	0	7.47842e-007	1435.39	1460.73	1450.45
1460.54	895.196	452	1.#QNAN	0	0.016	0	7.21922e-007	1484.02	1460.54	1450.29
1460.21	894.948	453	1.#QNAN	0	0.015	0	7.24913e-007	1421.86	1460.21	1450
1460.04	894.74	454	1.#QNAN	0	0.016	0	7.41325e-007	1488.56	1460.04	1449.87
1459.87	894.575	455	1.#QNAN	0	0.015	0	7.20311e-007	1482.56	1459.87	1449.73
1459.64	894.369	456	1.#QNAN	0	0.016	0	7.31758e-007	1454.25	1459.64	1449.53
1459.28	894.137	457	1.#QNAN	0	0.016	0	7.5985e-007	1400.18	1459.28	1449.2
1458.99	893.917	458	1.#QNAN	0	0.031	0	7.50533e-007	1431.6	1458.99	1448.95
1458.74	893.736	459	1.#QNAN	0	0.015	0	7.38894e-007	1454.44	1458.74	1448.73
1458.39	893.49	460	1.#QNAN	0	0.016	0	7.14094e-007	1399.39	1458.39	1448.42
1458.11	893.239	461	1.#QNAN	0	0.016	0	7.11238e-007	1422.12	1458.11	1448.17
1457.83	892.986	462	1.#QNAN	0	0.015	0	7.22395e-007	1434.14	1457.83	1447.92
1457.59	892.76	463	1.#QNAN	0	0.016	0	7.29885e-007	1447.29	1457.59	1447.72
1457.39	892.516	464	1.#QNAN	0	0.015	0	7.35628e-007	1470.11	1457.39	1447.55
1457.22	892.32	465	1.#QNAN	0	0.032	0	7.3719e-007	1485.2	1457.22	1447.41
1457.03	892.065	466	1.#QNAN	0	0.015	0	7.36926e-007	1487.53	1457.03	1447.25
1456.85	891.823	467	1.#QNAN	0	0.016	0	7.41468e-007	1488.05	1456.85	1447.11
1456.61	891.583	468	1.#QNAN	0	0.015	0	7.41353e-007	1479.07	1456.61	1446.91
1456.36	891.338	469	1.#QNAN	0	0.016	0	7.61911e-007	1463.94	1456.36	1446.69
1456.08	891.075	470	1.#QNAN	0	0.016	0	7.31983e-007	1464.9	1456.08	1446.44
1455.91	890.861	471	1.#QNAN	0	0.015	0	7.19721e-007	1494.34	1455.91	1446.3
1455.65	890.618	472	1.#QNAN	0	0.016	0	7.17122e-007	1459.13	1455.65	1446.08
1455.41	890.396	473	1.#QNAN	0	0.031	0	7.41645e-007	1461.6	1455.41	1445.87
1455.26	890.172	474	1.#QNAN	0	0.016	0	7.34892e-007	1490.63	1455.26	1445.75
1455.12	889.961	475	1.#QNAN	0	0.015	0	7.2044e-007	1524.29	1455.12	1445.64
1454.95	889.749	476	1.#QNAN	0	0.016	0	7.23985e-007	1498.66	1454.95	1445.5
1454.77	889.547	477	1.#QNAN	0	0.015	0	7.39131e-007	1493.09	1454.77	1445.35
1454.56	889.315	478	1.#QNAN	0	0.016	0	7.09199e-007	1488.26	1454.56	1445.17
1454.36	889.104	479	1.#QNAN	0	0.016	0	7.15753e-007	1478.84	1454.36	1445
1454.17	888.898	480	1.#QNAN	0	0.031	0	7.20315e-007	1503.42	1454.17	1444.84
1453.95	888.678	481	1.#QNAN	0	0.015	0	7.38362e-007	1499.82	1453.95	1444.65
1453.78	888.485	482	1.#QNAN	0	0.016	0	7.49723e-007	1525.07	1453.78	1444.51
1453.61	888.306	483	1.#QNAN	0	0.016	0	7.60258e-007	1547.96	1453.61	1444.38
1453.47	888.112	484	1.#QNAN	0	0.015	0	7.19795e-007	1567.07	1453.47	1444.27
1453.26	887.895	485	1.#QNAN	0	0.016	0	7.27442e-007	1507.13	1453.26	1444.09
1453.02	887.71	486	1.#QNAN	0	0.015	0	7.16522e-007	1495.54	1453.02	1443.88
1452.81	887.539	487	1.#QNAN	0	0.016	0	7.25769e-007	1502.28	1452.81	1443.69
1452.59	887.343	488	1.#QNAN	0	0.016	0	7.51885e-007	1490.32	1452.59	1443.5
1452.45	887.157	489	1.#QNAN	0	0.031	0	7.34382e-007	1532.5	1452.45	1443.39
1452.32	886.985	490	1.#QNAN	0	0.015	0	7.60033e-007	1519.62	1452.32	1443.28
1452.16	886.782	491	1.#QNAN	0	0.016	0	7.66612e-007	1525.16	1452.16	1443.15
1452.09	886.62	492	1.#QNAN	0	0.016	0	7.24996e-007	1552.3	1452.09	1443.11
1452.01	886.436	493	1.#QNAN	0	0.015	0	7.44437e-007	1558.05	1452.01	1443.06
1451.84	886.234	494	1.#QNAN	0	0.016	0	7.0428e-007	1503	1451.84	1442.92
1451.64	886.03	495	1.#QNAN	0	0.015	0	7.21342e-007	1486.91	1451.64	1442.74
1451.46	885.823	496	1.#QNAN	0	0.016	0	7.13584e-007	1495.73	1451.46	1442.59
1451.19	885.599	497	1.#QNAN	0	0.031	0	7.20726e-007	1459.35	1451.19	1442.34
1450.97	885.391	498	1.#QNAN	0	0.016	0	7.30237e-007	1495.19	1450.97	1442.15
1450.8	885.218	499	1.#QNAN	0	0.015	0	7.32549e-007	1490.39	1450.8	1442
1450.66	885.026	500	1.#QNAN	0	0.016	0	7.33311e-007	1501.67	1450.66	1441.89
1450.51	884.831	501	1.#QNAN	0	0.016	0	7.25773e-007	1520.67	1450.51	1441.77
1450.29	884.599	502	1.#QNAN	0	0.015	0	7.47695e-007	1451.08	1450.29	1441.57
1450.09	884.416	503	1.#QNAN	0	0.016	0	7.03067e-007	1456.03	1450.09	1441.39
1449.86	884.236	504	1.#QNAN	0	0.015	0	7.35154e-007	1446.29	1449.86	1441.19
1449.63	884.053	505	1.#QNAN	0	0.016	0	7.28682e-007	1445.12	1449.63	1440.99
1449.39	883.887	506	1.#QNAN	0	0.031	1	7.09948e-007	1427.2	1449.39	1440.77
1449.23	883.719	507	1.#QNAN	0	0.016	0	7.293e-007	1475.44	1449.23	1440.64
1449.1	883.556	508	1.#QNAN	0	0.015	0	7.32486e-007	1484.76	1449.1	1440.53
1448.93	883.359	509	1.#QNAN	0	0.016	0	7.14283e-007	1465.2	1448.93	1440.38
1448.78	883.154	510	1.#QNAN	0	0.016	0	7.30098e-007	1487.42	1448.78	1440.26
1448.58	882.929	511	1.#QNAN	0	0.015	0	7.17584e-007	1482.9	1448.58	1440.08
1448.36	882.706	512	1.#QNAN	0	0.016	0	7.43755e-007	1448.79	1448.36	1439.89
1448.19	882.495	513	1.#QNAN	0	0.015	0	7.4778e-007	1486.35	1448.19	1439.74
1447.96	882.272	514	1.#QNAN	0	0.032	0	7.37104e-007	1442.81	1447.96	1439.54
1447.75	882.065	515	1.#QNAN	0	0.015	0	7.2814e-007	1446.55	1447.75	1439.35
1447.52	881.849	516	1.#QNAN	0	0.016	0	7.33215e-007	1426.28	1447.52	1439.14
1447.29	881.652	517	1.#QNAN	0	0.015	0	7.28017e-007	1437.26	1447.29	1438.94
1447.11	881.491	518	1.#QNAN	0	0.016	0	7.05571e-007	1443.52	1447.11	1438.79
1446.89	881.33	519	1.#QNAN	0	0.016	0	7.18508e-007	1448.41	1446.89	1438.59
1446.71	881.193	520	1.#QNAN	0	0.015	0	7.19874e-007	1464.38	1446.71	1438.44
1446.63	881.058	521	1.#QNAN	0	0.031	0	7.46961e-007	1513.99	1446.63	1438.39
1446.56	880.949	522	1.#QNAN	0	0.016	0	7.29055e-007	1523.57	1446.56	1438.34
1446.43	880.777	523	1.#QNAN	0	0.016	0	7.3883e-007	1482.26	1446.43	1438.23
1446.31	880.646	524	1.#QNAN	0	0.015	0	7.48705e-007	1489.34	1446.31	1438.13
1446.17	880.518	525	1.#QNAN	0	0.016	0	7.44785e-007	1471.49	1446.17	1438.02
1446.08	880.405	526	1.#QNAN	0	0.015	0	7.22797e-007	1493.08	1446.08	1437.95
1446	880.271	527	1.#QNAN	0	0.032	0	7.26164e-007	1506.84	1446	1437.9
1445.91	880.149	528	1.#QNAN	0	0.015	0	7.52935e-007	1511.6	1445.91	1437.83
1445.82	880.013	529	1.#QNAN	0	0.016	0	7.51861e-007	1492.37	1445.82	1437.77
1445.68	879.873	530	1.#QNAN	0	0.015	0	7.62321e-007	1492.32	1445.68	1437.65
1445.6	879.74	531	1.#QNAN	0	0.016	0	7.36407e-007	1536.29	1445.6	1437.59
1445.46	879.598	532	1.#QNAN	0	0.016	0	7.39352e-007	1489.21	1445.46	1437.47
1445.19	879.468	533	1.#QNAN	0	0.015	0	7.14257e-007	1424.33	1445.19	1437.23
1445.01	879.329	534	1.#QNAN	0	0.016	0	7.14476e-007	1457.56	1445.01	1437.07
1444.79	879.165	535	1.#QNAN	0	0.031	0	7.20079e-007	1423.68	1444.79	1436.87
1444.51	878.982	536	1.#QNAN	0	0.016	0	7.11305e-007	1412.53	1444.51	1436.62
1444.3	878.818	537	1.#QNAN	0	0.015	0	7.12818e-007	1450.47	1444.3	1436.43
1444.08	878.666	538	1.#QNAN	0	0.016	0	7.25491e-007	1437.59	1444.08	1436.23
1443.85	878.493	539	1.#QNAN	0	0.015	0	7.21482e-007	1453.48	1443.85	1436.02
1443.64	878.337	540	1.#QNAN	0	0.016	0	7.31277e-007	1472.02	1443.64	1435.83
1443.49	878.221	541	1.#QNAN	0	0.016	0	7.2392e-007	1486.93	1443.49	1435.7
1443.31	878.079	542	1.#QNAN	0	0.031	0	7.43129e-007	1466.07	1443.31	1435.55
1443.12	877.921	543	1.#QNAN	0	0.015	0	7.07875e-007	1455.69	1443.12	1435.38
1442.93	877.791	544	1.#QNAN	0	0.016	0	7.40255e-007	1505.01	1442.93	1435.21
1442.8	877.643	545	1.#QNAN	0	0.016	0	7.51317e-007	1493.66	1442.8	1435.1
1442.64	877.516	546	1.#QNAN	0	0.015	0	7.67382e-007	1474.36	1442.64	1434.97
1442.44	877.372	547	1.#QNAN	0	0.016	0	7.42485e-007	1443.67	1442.44	1434.78
1442.29	877.232	548	1.#QNAN	0	0.015	0	7.24875e-007	1457.88	1442.29	1434.65
1442.12	877.075	549	1.#QNAN	0	0.016	0	7.48345e-007	1468.13	1442.12	1434.5
1441.94	876.927	550	1.#QNAN	0	0.031	0	7.51138e-007	1448.62	1441.94	1434.34
1441.8	876.805	551	1.#QNAN	0	0.016	0	7.34798e-007	1482.11	1441.8	1434.22
1441.57	876.648	552	1.#QNAN	0	0.015	0	7.27752e-007	1442.67	1441.57	1434.01
1441.34	876.493	553	1.#QNAN	0	0.016	0	7.37392e-007	1433.6	1441.34	1433.8
1441.13	876.314	554	1.#QNAN	0	0.016	0	7.26947e-007	1442.09	1441.13	1433.61
1440.94	876.145	555	1.#QNAN	0	0.015	0	7.35155e-007	1446.51	1440.94	1433.44
1440.81	875.996	556	1.#QNAN	0	0.016	0	7.60999e-007	1488.27	1440.81	1433.33
1440.66	875.84	557	1.#QNAN	0	0.015	0	7.51462e-007	1464.18	1440.66	1433.21
1440.48	875.675	558	1.#QNAN	0	0.032	0	7.60082e-007	1443.85	1440.48	1433.04
1440.26	875.5	559	1.#QNAN	0	0.015	0	7.67839e-007	1426.33	1440.26	1432.84
1440.03	875.335	560	1.#QNAN	0	0.016	0	7.37646e-007	1416.55	1440.03	1432.63
1439.83	875.174	561	1.#QNAN	0	0.015	0	7.36051e-007	1433.06	1439.83	1432.45
1439.63	875.017	562	1.#QNAN	0	0.016	0	7.46404e-007	1426.46	1439.63	1432.27
1439.44	874.88	563	1.#QNAN	0	0.016	1	7.38399e-007	1432.28	1439.44	1432.09
1439.21	874.716	564	1.#QNAN	0	0.015	0	7.49374e-007	1418.93	1439.21	1431.88
1439.05	874.596	565	1.#QNAN	0	0.016	0	7.45259e-007	1465.01	1439.05	1431.75
1438.9	874.469	566	1.#QNAN	0	0.031	0	7.33092e-007	1477.23	1438.9	1431.61
1438.75	874.314	567	1.#QNAN	0	0.016	0	7.4649e-007	1489.92	1438.75	1431.48
1438.6	874.163	568	1.#QNAN	0	0.015	0	7.51071e-007	1518.64	1438.6	1431.35
1438.45	874.013	569	1.#QNAN	0	0.016	0	7.47043e-007	1548.5	1438.45	1431.21
1438.26	873.867	570	1.#QNAN	0	0.015	0	7.32458e-007	1517.93	1438.26	1431.04
1438.07	873.716	571	1.#QNAN	0	0.016	0	7.47565e-007	1519.32	1438.07	1430.88
1437.92	873.533	572	1.#QNAN	0	0.016	0	7.17433e-007	1548.54	1437.92	1430.74
1437.8	873.377	573	1.#QNAN	0	0.015	0	7.34757e-007	1551.15	1437.8	1430.64
1437.68	873.246	574	1.#QNAN	0	0.016	0	7.66761e-007	1547.95	1437.68	1430.54
1437.54	873.102	575	1.#QNAN	0	0.031	0	7.24771e-007	1513.18	1437.54	1430.42
1437.38	872.956	576	1.#QNAN	0	0.016	0	7.36804e-007	1525.79	1437.38	1430.28
1437.23	872.837	577	1.#QNAN	0	0.015	0	7.54906e-007	1536.21	1437.23	1430.15
1437.07	872.691	578	1.#QNAN	0	0.016	0	7.44799e-007	1511.87	1437.07	1430
1436.87	872.523	579	1.#QNAN	0	0.015	0	7.52305e-007	1499.48	1436.87	1429.82
1436.71	872.378	580	1.#QNAN	0	0.016	0	7.2849e-007	1502.99	1436.71	1429.68
1436.58	872.236	581	1.#QNAN	0	0.016	0	7.49755e-007	1496.16	1436.58	1429.58
1436.49	872.087	582	1.#QNAN	0	0.015	0	7.50091e-007	1514.5	1436.49	1429.51
1436.35	871.929	583	1.#QNAN	0	0.031	0	7.76419e-007	1507.78	1436.35	1429.38
1436.11	871.768	584	1.#QNAN	0	0.016	0	7.2757e-007	1403.59	1436.11	1429.16
1435.89	871.619	585	1.#QNAN	0	0.016	0	7.41801e-007	1417.57	1435.89	1428.96
1435.69	871.459	586	1.#QNAN	0	0.015	0	7.61032e-007	1409.67	1435.69	1428.78
1435.51	871.308	587	1.#QNAN	0	0.016	0	7.62905e-007	1412.8	1435.51	1428.61
1435.35	871.158	588	1.#QNAN	0	0.015	0	7.31474e-007	1442.34	1435.35	1428.47
1435.17	871.011	589	1.#QNAN	0	0.016	0	7.38574e-007	1420.9	1435.17	1428.31
1435.01	870.873	590	1.#QNAN	0	0.016	0	7.54966e-007	1438.04	1435.01	1428.17
1434.86	870.736	591	1.#QNAN	0	0.031	0	7.32976e-007	1455.73	1434.86	1428.04
1434.7	870.58	592	1.#QNAN	0	0.015	0	7.43426e-007	1451.08	1434.7	1427.89
1434.56	870.437	593	1.#QNAN	0	0.016	0	7.47784e-007	1469.62	1434.56	1427.77
1434.42	870.307	594	1.#QNAN	0	0.016	0	7.25827e-007	1488.74	1434.42	1427.65
1434.27	870.158	595	1.#QNAN	0	0.015	0	7.16395e-007	1477.83	1434.27	1427.51
1434.12	870.007	596	1.#QNAN	0	0.016	0	7.59301e-007	1461.04	1434.12	1427.38
1433.98	869.875	597	1.#QNAN	0	0.015	0	7.32928e-007	1459.77	1433.98	1427.26
1433.86	869.748	598	1.#QNAN	0	0.016	0	7.57497e-007	1462.6	1433.86	1427.15
1433.76	869.606	599	1.#QNAN	0	0.031	0	7.32902e-007	1490.52	1433.76	1427.07
1433.65	869.482	600	1.#QNAN	0	0.016	0	7.24449e-007	1455.41	1433.65	1426.97
1433.57	869.357	601	1.#QNAN	0	0.015	0	7.45408e-007	1487.91	1433.57	1426.91
1433.41	869.222	602	1.#QNAN	0	0.016	0	7.53606e-007	1431.45	1433.41	1426.77
1433.3	869.108	603	1.#QNAN	0	0.016	0	7.58102e-007	1478.51	1433.3	1426.67
1433.19	868.989	604	1.#QNAN	0	0.015	0	7.60333e-007	1472.71	1433.19	1426.58
1433.09	868.871	605	1.#QNAN	0	0.016	0	7.29009e-007	1465.83	1433.09	1426.5
1432.99	868.753	606	1.#QNAN	0	0.015	0	7.75334e-007	1458.22	1432.99	1426.41
1432.92	868.658	607	1.#QNAN	0	0.032	0	7.52247e-007	1499.02	1432.92	1426.37
1432.86	868.539	608	1.#QNAN	0	0.015	0	7.46443e-007	1504.88	1432.86	1426.32
1432.74	868.388	609	1.#QNAN	0	0.016	0	7.20082e-007	1457.56	1432.74	1426.21
1432.59	868.235	610	1.#QNAN	0	0.015	0	7.49383e-007	1445.92	1432.59	1426.08
1432.43	868.073	611	1.#QNAN	0	0.016	0	7.47687e-007	1465.08	1432.43	1425.94
1432.24	867.924	612	1.#QNAN	0	0.016	0	7.19006e-007	1436.71	1432.24	1425.77
1432.08	867.771	613	1.#QNAN	0	0.015	0	7.5235e-007	1440.95	1432.08	1425.62
1431.92	867.625	614	1.#QNAN	0	0.016	0	7.34671e-007	1424.77	1431.92	1425.47
1431.8	867.511	615	1.#QNAN	0	0.031	0	7.7954e-007	1460.95	1431.8	1425.38
1431.73	867.397	616	1.#QNAN	0	0.016	0	7.73575e-007	1483.59	1431.73	1425.32
1431.62	867.265	617	1.#QNAN	0	0.015	0	7.51496e-007	1462.19	1431.62	1425.22
1431.55	867.155	618	1.#QNAN	0	0.016	0	7.16098e-007	1472.1	1431.55	1425.17
1431.43	867.044	619	1.#QNAN	0	0.015	0	7.64533e-007	1451.44	1431.43	1425.06
1431.39	866.933	620	1.#QNAN	0	0.016	0	7.08256e-007	1513.87	1431.39	1425.05
1431.36	866.833	621	1.#QNAN	0	0.016	1	7.20303e-007	1489.01	1431.36	1425.03
1431.23	866.724	622	1.#QNAN	0	0.015	0	7.37906e-007	1446.7	1431.23	1424.92
1431.13	866.594	623	1.#QNAN	0	0.031	0	7.248e-007	1444.94	1431.13	1424.83
1431.06	866.501	624	1.#QNAN	0	0.016	0	7.6303e-007	1474.12	1431.06	1424.78
1430.9	866.355	625	1.#QNAN	0	0.016	0	7.20098e-007	1434.96	1430.9	1424.64
1430.74	866.201	626	1.#QNAN	0	0.015	0	7.3211e-007	1443.97	1430.74	1424.49
1430.63	866.092	627	1.#QNAN	0	0.016	0	7.54638e-007	1468.08	1430.63	1424.4
1430.53	865.995	628	1.#QNAN	0	0.015	0	7.57046e-007	1469.75	1430.53	1424.32
1430.42	865.894	629	1.#QNAN	0	0.016	0	7.62804e-007	1463.79	1430.42	1424.22
1430.31	865.772	630	1.#QNAN	0	0.016	0	7.38045e-007	1476.1	1430.31	1424.12
1430.22	865.681	631	1.#QNAN	0	0.015	0	7.31713e-007	1494.37	1430.22	1424.05
1430.1	865.598	632	1.#QNAN	0	0.031	0	6.96509e-007	1490.24	1430.1	1423.95
1430.01	865.496	633	1.#QNAN	0	0.016	0	7.42499e-007	1507.12	1430.01	1423.87
1429.9	865.391	634	1.#QNAN	0	0.016	0	7.8747e-007	1461.51	1429.9	1423.78
1429.82	865.302	635	1.#QNAN	0	0.015	0	7.62571e-007	1488.56	1429.82	1423.71
1429.7	865.198	636	1.#QNAN	0	0.016	0	7.45766e-007	1451.53	1429.7	1423.6
1429.63	865.09	637	1.#QNAN	0	0.015	0	7.3923e-007	1484.02	1429.63	1423.54
1429.52	864.971	638	1.#QNAN	0	0.016	0	7.4337e-007	1459.9	1429.52	1423.45
1429.42	864.867	639	1.#QNAN	0	0.016	0	7.15648e-007	1459.28	1429.42	1423.36
1429.25	864.744	640	1.#QNAN	0	0.031	0	7.15243e-007	1433.67	1429.25	1423.21
1429.16	864.63	641	1.#QNAN	0	0.015	0	7.40801e-007	1489.55	1429.16	1423.12
1429.05	864.526	642	1.#QNAN	0	0.016	0	7.53109e-007	1476	1429.05	1423.03
1428.93	864.417	643	1.#QNAN	0	0.016	0	7.49313e-007	1445.17	1428.93	1422.92
1428.81	864.306	644	1.#QNAN	0	0.015	0	7.44453e-007	1450.05	1428.81	1422.83
1428.63	864.174	645	1.#QNAN	0	0.016	0	7.69475e-007	1402.63	1428.63	1422.66
1428.42	864.048	646	1.#QNAN	0	0.015	0	7.46475e-007	1375.32	1428.42	1422.46
1428.31	863.945	647	1.#QNAN	0	0.016	0	7.66654e-007	1428.15	1428.31	1422.36
1428.16	863.81	648	1.#QNAN	0	0.016	0	7.30488e-007	1442.12	1428.16	1422.23
1428.02	863.679	649	1.#QNAN	0	0.031	0	7.46718e-007	1426.79	1428.02	1422.1
1427.87	863.568	650	1.#QNAN	0	0.015	0	7.10781e-007	1431.7	1427.87	1421.97
1427.76	863.459	651	1.#QNAN	0	0.016	0	7.50774e-007	1464.54	1427.76	1421.87
1427.7	863.361	652	1.#QNAN	0	0.016	0	7.42873e-007	1502.87	1427.7	1421.83
1427.61	863.245	653	1.#QNAN	0	0.015	0	7.40668e-007	1480.3	1427.61	1421.74
1427.6	863.129	654	1.#QNAN	0	0.016	0	7.79567e-007	1527.92	1427.6	1421.75
1427.55	863.014	655	1.#QNAN	0	0.015	0	7.40032e-007	1532.64	1427.55	1421.72
1427.55	862.926	656	1.#QNAN	0	0.016	0	7.29651e-007	1521.54	1427.55	1421.73
1427.44	862.8	657	1.#QNAN	0	0.016	0	7.62315e-007	1473.14	1427.44	1421.63
1427.36	862.695	658	1.#QNAN	0	0.031	0	7.45154e-007	1482.57	1427.36	1421.57
1427.28	862.605	659	1.#QNAN	0	0.015	0	7.6173e-007	1482.86	1427.28	1421.51
1427.24	862.523	660	1.#QNAN	0	0.016	0	7.47602e-007	1498.83	1427.24	1421.48
1427.15	862.443	661	1.#QNAN	0	0.016	0	7.48898e-007	1469.83	1427.15	1421.4
1427.03	862.351	662	1.#QNAN	0	0.015	0	7.43247e-007	1459.02	1427.03	1421.3
1426.98	862.272	663	1.#QNAN	0	0.016	0	7.89468e-007	1496.64	1426.98	1421.26
1426.89	862.172	664	1.#QNAN	0	0.015	0	7.42207e-007	1469.55	1426.89	1421.19
1426.79	862.069	665	1.#QNAN	0	0.016	0	7.52782e-007	1462.46	1426.79	1421.1
1426.65	861.946	666	1.#QNAN	0	0.031	0	7.50593e-007	1441.76	1426.65	1420.97
1426.47	861.81	667	1.#QNAN	0	0.016	0	7.17337e-007	1412.33	1426.47	1420.8
1426.38	861.703	668	1.#QNAN	0	0.015	0	7.54885e-007	1482.71	1426.38	1420.73
1426.24	861.587	669	1.#QNAN	0	0.016	0	7.27327e-007	1452.47	1426.24	1420.6
1426.21	861.514	670	1.#QNAN	0	0.016	0	7.48115e-007	1508.31	1426.21	1420.58
1426.14	861.432	671	1.#QNAN	0	0.015	0	7.76194e-007	1470.15	1426.14	1420.53
1426.03	861.325	672	1.#QNAN	0	0.016	0	7.19196e-007	1472.86	1426.03	1420.43
1425.88	861.233	673	1.#QNAN	0	0.015	0	7.72352e-007	1443.76	1425.88	1420.3
1425.78	861.12	674	1.#QNAN	0	0.032	0	7.60894e-007	1468.23	1425.78	1420.2
1425.67	861.008	675	1.#QNAN	0	0.015	0	7.47172e-007	1467.53	1425.67	1420.11
1425.6	860.909	676	1.#QNAN	0	0.016	0	7.39577e-007	1482.69	1425.6	1420.05
1425.48	860.801	677	1.#QNAN	0	0.015	0	7.20883e-007	1468.24	1425.48	1419.95
1425.36	860.716	678	1.#QNAN	0	0.016	1	7.54157e-007	1452.72	1425.36	1419.84
1425.32	860.624	679	1.#QNAN	0	0.016	0	7.38461e-007	1503.74	1425.32	1419.81
1425.29	860.531	680	1.#QNAN	0	0.015	0	7.31985e-007	1522.68	1425.29	1419.8
1425.28	860.461	681	1.#QNAN	0	0.016	0	7.72602e-007	1535.82	1425.28	1419.81
1425.24	860.383	682	1.#QNAN	0	0.015	0	7.80898e-007	1518.32	1425.24	1419.77
1425.21	860.31	683	1.#QNAN	0	0.032	0	7.56838e-007	1526.67	1425.21	1419.76
1425.17	860.208	684	1.#QNAN	0	0.015	0	7.26602e-007	1543.1	1425.17	1419.73
1425.18	860.137	685	1.#QNAN	0	0.016	0	7.59512e-007	1555.54	1425.18	1419.75
1425.21	860.059	686	1.#QNAN	0	0.015	0	7.49858e-007	1576.05	1425.21	1419.8
1425.22	859.976	687	1.#QNAN	0	0.016	0	7.34293e-007	1557.33	1425.22	1419.82
1425.17	859.892	688	1.#QNAN	0	0.016	0	7.47235e-007	1527.25	1425.17	1419.78
1425.11	859.8	689	1.#QNAN	0	0.015	0	7.32879e-007	1517.62	1425.11	1419.74
1425.05	859.693	690	1.#QNAN	0	0.016	0	7.58977e-007	1523.24	1425.05	1419.69
1425.01	859.593	691	1.#QNAN	0	0.031	0	7.49406e-007	1522.6	1425.01	1419.66
1425	859.49	692	1.#QNAN	0	0.016	0	7.51604e-007	1552.59	1425	1419.67
1424.98	859.379	693	1.#QNAN	0	0.015	0	7.61901e-007	1537.65	1424.98	1419.66
1424.99	859.304	694	1.#QNAN	0	0.016	0	7.40822e-007	1544.4	1424.99	1419.69
1425.02	859.217	695	1.#QNAN	0	0.015	0	7.69686e-007	1564.52	1425.02	1419.73
1425.02	859.145	696	1.#QNAN	0	0.016	0	7.51507e-007	1546.37	1425.02	1419.74
1425.02	859.055	697	1.#QNAN	0	0.031	0	7.5095e-007	1567.13	1425.02	1419.75
1425.08	858.975	698	1.#QNAN	0	0.016	0	7.56469e-007	1600.69	1425.08	1419.82
1425.11	858.9	699	1.#QNAN	0	0.015	0	7.60665e-007	1590.06	1425.11	1419.86
1425.09	858.832	700	1.#QNAN	0	0.016	0	7.80874e-007	1569.22	1425.09	1419.86
1425.12	858.777	701	1.#QNAN	0	0.016	0	7.6086e-007	1612.65	1425.12	1419.9
1425.14	858.71	702	1.#QNAN	0	0.015	0	7.5175e-007	1605.18	1425.14	1419.93
1425.14	858.651	703	1.#QNAN	0	0.016	0	7.39595e-007	1547.29	1425.14	1419.95
1425.14	858.58	704	1.#QNAN	0	0.031	0	7.75055e-007	1566.52	1425.14	1419.96
1425.15	858.523	705	1.#QNAN	0	0.016	0	7.44345e-007	1543.72	1425.15	1419.98
1425.17	858.46	706	1.#QNAN	0	0.015	0	7.42497e-007	1557.64	1425.17	1420.01
1425.18	858.424	707	1.#QNAN	0	0.016	0	7.3507e-007	1539.33	1425.18	1420.03
1425.14	858.354	708	1.#QNAN	0	0.015	0	7.82158e-007	1507.66	1425.14	1420
1425.1	858.294	709	1.#QNAN	0	0.016	0	7.41089e-007	1511.74	1425.1	1419.97
1425.06	858.228	710	1.#QNAN	0	0.016	0	7.76445e-007	1515.9	1425.06	1419.94
1425.11	858.17	711	1.#QNAN	0	0.015	0	7.30529e-007	1547.82	1425.11	1420
1425.13	858.113	712	1.#QNAN	0	0.031	0	7.70541e-007	1541.51	1425.13	1420.04
1425.13	858.045	713	1.#QNAN	0	0.016	0	7.42519e-007	1541.67	1425.13	1420.05
1425.13	857.99	714	1.#QNAN	0	0.016	0	7.76512e-007	1567.73	1425.13	1420.06
1425.18	857.951	715	1.#QNAN	0	0.015	0	7.53585e-007	1589.36	1425.18	1420.11
1425.2	857.907	716	1.#QNAN	0	0.016	0	7.61926e-007	1572.35	1425.2	1420.15
1425.23	857.866	717	1.#QNAN	0	0.015	0	7.94965e-007	1570.69	1425.23	1420.19
1425.28	857.85	718	1.#QNAN	0	0.016	0	7.69754e-007	1605.97	1425.28	1420.25
1425.33	857.816	719	1.#QNAN	0	0.031	0	7.77263e-007	1582.78	1425.33	1420.31
1425.42	857.782	720	1.#QNAN	0	0.016	0	7.71615e-007	1588.86	1425.42	1420.41
1425.5	857.754	721	1.#QNAN	0	0.015	0	7.46403e-007	1577.01	1425.5	1420.5
1425.53	857.715	722	1.#QNAN	0	0.016	0	7.41536e-007	1543.64	1425.53	1420.54
1425.58	857.672	723	1.#QNAN	0	0.016	0	7.60974e-007	1548.57	1425.58	1420.6
1425.61	857.623	724	1.#QNAN	0	0.015	0	7.77336e-007	1532.7	1425.61	1420.65
1425.64	857.561	725	1.#QNAN	0	0.016	0	7.46295e-007	1560.68	1425.64	1420.69
1425.63	857.494	726	1.#QNAN	0	0.015	0	7.60546e-007	1519.43	1425.63	1420.69
1425.63	857.439	727	1.#QNAN	0	0.016	0	7.42079e-007	1577.97	1425.63	1420.71
1425.63	857.351	728	1.#QNAN	0	0.031	0	7.49595e-007	1562.19	1425.63	1420.71
1425.67	857.281	729	1.#QNAN	0	0.016	0	7.76543e-007	1562.69	1425.67	1420.77
1425.71	857.195	730	1.#QNAN	0	0.015	0	7.44226e-007	1579.22	1425.71	1420.82
1425.73	857.11	731	1.#QNAN	0	0.016	0	7.32258e-007	1559.14	1425.73	1420.85
1425.77	857.045	732	1.#QNAN	0	0.016	0	7.43084e-007	1569.39	1425.77	1420.9
1425.81	856.97	733	1.#QNAN	0	0.015	0	7.36233e-007	1546.36	1425.81	1420.95
1425.89	856.929	734	1.#QNAN	0	0.016	0	7.3402e-007	1580.29	1425.89	1421.04
1425.95	856.874	735	1.#QNAN	0	0.015	1	7.70386e-007	1556.71	1425.95	1421.11
1425.95	856.815	736	1.#QNAN	0	0.016	0	7.60533e-007	1541.42	1425.95	1421.13
1425.93	856.732	737	1.#QNAN	0	0.031	0	7.62627e-007	1508.96	1425.93	1421.11
1425.93	856.674	738	1.#QNAN	0	0.016	0	7.67716e-007	1521.93	1425.93	1421.12
1425.89	856.603	739	1.#QNAN	0	0.015	0	7.8322e-007	1494.06	1425.89	1421.09
1425.87	856.556	740	1.#QNAN	0	0.016	0	7.79491e-007	1532.69	1425.87	1421.09
1425.87	856.508	741	1.#QNAN	0	0.016	0	7.62505e-007	1541.28	1425.87	1421.1
1425.89	856.451	742	1.#QNAN	0	0.015	0	7.43904e-007	1566.19	1425.89	1421.13
1425.85	856.372	743	1.#QNAN	0	0.031	0	7.50696e-007	1522.23	1425.85	1421.1
1425.85	856.31	744	1.#QNAN	0	0.016	0	7.55832e-007	1546.82	1425.85	1421.11
1425.84	856.244	745	1.#QNAN	0	0.016	0	7.54122e-007	1528.44	1425.84	1421.1
1425.86	856.2	746	1.#QNAN	0	0.015	0	7.2965e-007	1559.98	1425.86	1421.14
1425.88	856.145	747	1.#QNAN	0	0.016	0	7.67117e-007	1562.89	1425.88	1421.17
1425.87	856.062	748	1.#QNAN	0	0.015	0	7.38058e-007	1543.24	1425.87	1421.17
1425.89	856.004	749	1.#QNAN	0	0.016	0	7.68958e-007	1582.58	1425.89	1421.2
1425.98	855.962	750	1.#QNAN	0	0.031	0	7.27488e-007	1615.07	1425.98	1421.3
1426.07	855.938	751	1.#QNAN	0	0.016	0	7.55197e-007	1584.69	1426.07	1421.4
1426.12	855.892	752	1.#QNAN	0	0.015	0	7.48532e-007	1569.26	1426.12	1421.47
1426.2	855.863	753	1.#QNAN	0	0.016	0	7.48958e-007	1595.89	1426.2	1421.55
1426.24	855.836	754	1.#QNAN	0	0.016	0	7.70349e-007	1591.27	1426.24	1421.6
1426.23	855.803	755	1.#QNAN	0	0.015	0	7.87049e-007	1563.58	1426.23	1421.6
1426.25	855.761	756	1.#QNAN	0	0.016	0	7.49288e-007	1558.4	1426.25	1421.63
1426.27	855.712	757	1.#QNAN	0	0.015	0	7.81369e-007	1571.54	1426.27	1421.66
1426.31	855.649	758	1.#QNAN	0	0.032	0	7.4445e-007	1583.1	1426.31	1421.71
1426.34	855.594	759	1.#QNAN	0	0.015	0	7.89567e-007	1619.16	1426.34	1421.75
1426.41	855.555	760	1.#QNAN	0	0.016	0	7.51705e-007	1624.34	1426.41	1421.83
1426.43	855.514	761	1.#QNAN	0	0.015	0	7.62023e-007	1596.51	1426.43	1421.86
1426.51	855.495	762	1.#QNAN	0	0.016	0	7.31972e-007	1651.94	1426.51	1421.95
1426.54	855.455	763	1.#QNAN	0	0.016	0	7.60393e-007	1585.69	1426.54	1422
1426.67	855.44	764	1.#QNAN	0	0.015	0	7.46664e-007	1701.77	1426.67	1422.13
1426.76	855.408	765	1.#QNAN	0	0.016	0	7.65928e-007	1653.06	1426.76	1422.24
1426.88	855.389	766	1.#QNAN	0	0.031	0	7.64822e-007	1631.17	1426.88	1422.36
1427.01	855.366	767	1.#QNAN	0	0.016	0	7.67395e-007	1626.25	1427.01	1422.5
1427.15	855.353	768	1.#QNAN	0	0.015	0	7.51181e-007	1652.58	1427.15	1422.66
1427.23	855.321	769	1.#QNAN	0	0.016	0	7.35628e-007	1591.16	1427.23	1422.75
1427.33	855.296	770	1.#QNAN	0	0.015	0	7.68928e-007	1605.35	1427.33	1422.86
1427.44	855.263	771	1.#QNAN	0	0.016	0	7.376e-007	1583.4	1427.44	1422.98
1427.54	855.224	772	1.#QNAN	0	0.016	0	7.41857e-007	1633.93	1427.54	1423.09
1427.65	855.212	773	1.#QNAN	0	0.015	0	7.72831e-007	1606.46	1427.65	1423.21
1427.71	855.194	774	1.#QNAN	0	0.031	0	7.34384e-007	1571.92	1427.71	1423.28
1427.77	855.166	775	1.#QNAN	0	0.016	0	7.86869e-007	1579.49	1427.77	1423.35
1427.83	855.131	776	1.#QNAN	0	0.016	0	7.48901e-007	1634.02	1427.83	1423.42
1427.87	855.102	777	1.#QNAN	0	0.015	0	7.47278e-007	1634.74	1427.87	1423.47
1427.9	855.082	778	1.#QNAN	0	0.016	0	7.53154e-007	1610.16	1427.9	1423.51
1427.92	855.054	779	1.#QNAN	0	0.015	0	7.73717e-007	1637.44	1427.92	1423.55
1427.99	855.036	780	1.#QNAN	0	0.016	0	7.73164e-007	1649.21	1427.99	1423.62
1428.03	855.013	781	1.#QNAN	0	0.016	0	7.65832e-007	1614.26	1428.03	1423.67
1428.09	855.003	782	1.#QNAN	0	0.031	0	7.395e-007	1636.85	1428.09	1423.75
1428.15	854.972	783	1.#QNAN	0	0.015	0	7.48819e-007	1623.51	1428.15	1423.82
1428.23	854.944	784	1.#QNAN	0	0.016	0	7.5933e-007	1633.75	1428.23	1423.91
1428.27	854.915	785	1.#QNAN	0	0.016	0	7.81975e-007	1601.89	1428.27	1423.96
1428.25	854.863	786	1.#QNAN	0	0.016	0	7.37976e-007	1575.97	1428.25	1423.94
1428.23	854.829	787	1.#QNAN	0	0.016	0	7.59785e-007	1563.15	1428.23	1423.94
1428.24	854.788	788	1.#QNAN	0	0.015	0	7.70654e-007	1550.97	1428.24	1423.96
1428.22	854.723	789	1.#QNAN	0	0.016	0	7.4158e-007	1554.06	1428.22	1423.94
1428.21	854.678	790	1.#QNAN	0	0.016	0	7.30682e-007	1558.56	1428.21	1423.94
1428.21	854.648	791	1.#QNAN	0	0.031	1	7.38978e-007	1556.52	1428.21	1423.96
1428.23	854.614	792	1.#QNAN	0	0.015	0	7.39475e-007	1578.38	1428.23	1423.98
1428.27	854.6	793	1.#QNAN	0	0.016	0	7.17041e-007	1608.11	1428.27	1424.03
1428.27	854.57	794	1.#QNAN	0	0.016	0	7.64694e-007	1557.99	1428.27	1424.04
1428.28	854.516	795	1.#QNAN	0	0.015	0	7.46293e-007	1583.3	1428.28	1424.06
1428.26	854.444	796	1.#QNAN	0	0.016	0	7.59133e-007	1508.06	1428.26	1424.04
1428.27	854.39	797	1.#QNAN	0	0.015	0	7.24787e-007	1541.41	1428.27	1424.07
1428.29	854.338	798	1.#QNAN	0	0.016	0	7.25085e-007	1557.5	1428.29	1424.09
1428.36	854.312	799	1.#QNAN	0	0.031	0	7.43269e-007	1607.56	1428.36	1424.18
