rmse	mae	#iter	time_pred	time_learn	time_learn2	time_learn4	alpha	rmse_mcmc_this	rmse_mcmc_all	rmse_mcmc_all_but5
2516.53	1864.65	0	1.#QNAN	0	0.016	0	1.12448e-008	2516.53	2516.53	4115.63
2381.01	1755.51	1	1.#QNAN	0	0.016	0	1.6151e-007	2338.99	2381.01	4115.63
2331.89	1717.01	2	1.#QNAN	0	0.015	0	1.91705e-007	2264.77	2331.89	4115.63
2271.28	1671.94	3	1.#QNAN	0	0.016	0	2.12985e-007	2116	2271.28	4115.63
2206.1	1620.12	4	1.#QNAN	0	0.015	0	2.43626e-007	1982.53	2206.1	32670.1
2138.27	1564.27	5	1.#QNAN	0	0.016	0	2.75196e-007	1864.7	2138.27	1864.7
2073.24	1511.86	6	1.#QNAN	0	0	0	2.98981e-007	1757.57	2073.24	1800.9
2014.32	1462.7	7	1.#QNAN	0	0.016	0	3.45217e-007	1701.38	2014.32	1760.17
1963.35	1420.53	8	1.#QNAN	0	0.015	0	3.54922e-007	1658.47	1963.35	1727.01
1919.31	1383.04	9	1.#QNAN	0	0.016	0	3.85022e-007	1641.74	1919.31	1702.82
1881.47	1351.21	10	1.#QNAN	0	0.015	0	4.01681e-007	1616.67	1881.47	1682.71
1846.33	1321.15	11	1.#QNAN	0	0.016	0	4.04105e-007	1583.94	1846.33	1663.2
1814.72	1293.11	12	1.#QNAN	0	0.016	0	3.94046e-007	1564.48	1814.72	1645.33
1787.75	1269.43	13	1.#QNAN	0	0.015	1	4.5729e-007	1580.33	1787.75	1632.74
1765.98	1249.58	14	1.#QNAN	0	0.016	0	4.39865e-007	1595.65	1765.98	1624.56
1745.89	1231.2	15	1.#QNAN	0	0	0	4.28592e-007	1569.79	1745.89	1615.67
1729.45	1216.53	16	1.#QNAN	0	0.015	0	4.42654e-007	1582.24	1729.45	1609.61
1713.13	1201.59	17	1.#QNAN	0	0.016	0	4.53956e-007	1556.27	1713.13	1602.06
1699.07	1188.82	18	1.#QNAN	0	0.016	0	4.51796e-007	1550.45	1699.07	1595.67
1686.64	1177.07	19	1.#QNAN	0	0.015	0	4.62614e-007	1560.08	1686.64	1590.37
1674.94	1165.87	20	1.#QNAN	0	0.016	0	4.61094e-007	1552.04	1674.94	1584.98
1663.81	1155.96	21	1.#QNAN	0	0.015	0	4.61052e-007	1532.11	1663.81	1579.06
1654.35	1146.62	22	1.#QNAN	0	0.016	0	4.78745e-007	1546.51	1654.35	1574.7
1644.33	1137.56	23	1.#QNAN	0	0.016	0	4.86676e-007	1504.26	1644.33	1568.64
1635.57	1129.12	24	1.#QNAN	0	0.015	0	5.04958e-007	1512.59	1635.57	1563.71
1627.51	1121.47	25	1.#QNAN	0	0	0	4.94898e-007	1498.23	1627.51	1558.93
1620.67	1114.69	26	1.#QNAN	0	0.016	0	4.85082e-007	1507.65	1620.67	1555.32
1615.18	1108.87	27	1.#QNAN	0	0.015	0	4.84769e-007	1541.71	1615.18	1553.2
1609.03	1103.05	28	1.#QNAN	0	0.016	0	4.86815e-007	1505.9	1609.03	1549.77
1602.88	1097.18	29	1.#QNAN	0	0.016	0	5.06019e-007	1487.78	1602.88	1546
1597.4	1091.76	30	1.#QNAN	0	0.015	0	4.91322e-007	1498.05	1597.4	1542.69
1591.93	1085.97	31	1.#QNAN	0	0.016	0	5.09592e-007	1497.93	1591.93	1539.51
1587.4	1080.8	32	1.#QNAN	0	0.015	0	5.18762e-007	1506.72	1587.4	1537.02
1583.48	1076.36	33	1.#QNAN	0	0	0	5.05623e-007	1511.25	1583.48	1534.82
1579.16	1071.66	34	1.#QNAN	0	0.016	0	5.23319e-007	1494.19	1579.16	1532.15
1575.14	1067.14	35	1.#QNAN	0	0.016	0	5.20103e-007	1501.79	1575.14	1529.7
1571	1062.36	36	1.#QNAN	0	0.015	0	5.4497e-007	1483.61	1571	1527
1567.78	1058.34	37	1.#QNAN	0	0.016	0	5.49536e-007	1516.48	1567.78	1525.22
1564.32	1054.23	38	1.#QNAN	0	0.015	0	5.17232e-007	1498.14	1564.32	1523.02
1561.34	1050.45	39	1.#QNAN	0	0.016	0	5.43446e-007	1520.68	1561.34	1521.27
1558.06	1046.49	40	1.#QNAN	0	0.016	0	5.51993e-007	1492.84	1558.06	1519.02
1555.5	1042.81	41	1.#QNAN	0	0.015	0	5.73295e-007	1535.93	1555.5	1517.55
1552.72	1038.89	42	1.#QNAN	0	0.016	0	5.61762e-007	1518.49	1552.72	1515.74
1549.74	1035.44	43	1.#QNAN	0	0	0	5.61864e-007	1497.47	1549.74	1513.62
1547.11	1031.97	44	1.#QNAN	0	0.015	0	5.76106e-007	1517.64	1547.11	1512
1544.16	1028.21	45	1.#QNAN	0	0.016	0	5.75105e-007	1497.16	1544.16	1509.96
1541.4	1024.43	46	1.#QNAN	0	0.016	0	5.93697e-007	1512.43	1541.4	1508.12
1538.8	1020.97	47	1.#QNAN	0	0.015	0	5.86077e-007	1512.81	1538.8	1506.43
1536.45	1017.37	48	1.#QNAN	0	0.016	0	5.84326e-007	1530.02	1536.45	1504.99
1534.08	1013.77	49	1.#QNAN	0	0.015	0	6.09972e-007	1523.14	1534.08	1503.43
1532.18	1010.68	50	1.#QNAN	0	0.016	0	5.91984e-007	1518.6	1532.18	1502.33
1530.29	1007.59	51	1.#QNAN	0	0.016	0	5.81582e-007	1507.96	1530.29	1501.17
1528.5	1004.42	52	1.#QNAN	0	0.015	0	5.85492e-007	1526.32	1528.5	1500.08
1526.53	1001.35	53	1.#QNAN	0	0.016	0	5.83998e-007	1519.62	1526.53	1498.77
1525.48	998.644	54	1.#QNAN	0	0	0	5.99656e-007	1569.21	1525.48	1498.44
1524.45	996.224	55	1.#QNAN	0	0.015	0	6.28383e-007	1569.5	1524.45	1498.08
1523.62	993.549	56	1.#QNAN	0	0.016	0	5.99307e-007	1596.87	1523.62	1498
1522.27	991.03	57	1.#QNAN	0	0.016	0	6.2028e-007	1545.83	1522.27	1497.31
1520.92	988.711	58	1.#QNAN	0	0.015	0	6.23597e-007	1549.7	1520.92	1496.61
1519.25	986.176	59	1.#QNAN	0	0.016	0	6.22026e-007	1529.41	1519.25	1495.59
1518.24	983.956	60	1.#QNAN	0	0.015	0	6.13216e-007	1559.95	1518.24	1495.27
1517.12	981.49	61	1.#QNAN	0	0.016	0	6.22372e-007	1548.36	1517.12	1494.75
1515.4	979.009	62	1.#QNAN	0	0.016	0	6.01602e-007	1514.08	1515.4	1493.59
1514.07	976.99	63	1.#QNAN	0	0	0	6.01634e-007	1515.64	1514.07	1492.77
1512.37	974.783	64	1.#QNAN	0	0.015	0	6.35394e-007	1490.06	1512.37	1491.54
1511.1	972.892	65	1.#QNAN	0	0.016	0	6.56947e-007	1504.8	1511.1	1490.73
1510.02	970.904	66	1.#QNAN	0	0.015	0	6.4556e-007	1530.63	1510.02	1490.12
1508.93	969.033	67	1.#QNAN	0	0.016	0	6.25778e-007	1519.24	1508.93	1489.49
1507.8	967.234	68	1.#QNAN	0	0.016	0	6.28786e-007	1515.89	1507.8	1488.79
1506.55	965.372	69	1.#QNAN	0	0.015	0	6.30269e-007	1499.24	1506.55	1487.93
1505.32	963.69	70	1.#QNAN	0	0.016	0	6.41185e-007	1492.68	1505.32	1487.04
1504.2	962.036	71	1.#QNAN	0	0	0	6.13314e-007	1496.41	1504.2	1486.28
1503.11	960.314	72	1.#QNAN	0	0.015	0	6.48824e-007	1500.83	1503.11	1485.56
1502.18	958.647	73	1.#QNAN	0	0.016	0	6.22608e-007	1511.03	1502.18	1484.99
1501.43	957.084	74	1.#QNAN	0	0.016	0	6.33288e-007	1523.59	1501.43	1484.62
1500.47	955.476	75	1.#QNAN	0	0.015	0	6.184e-007	1500.88	1500.47	1484
1499.61	953.77	76	1.#QNAN	0	0.016	0	6.48829e-007	1508.41	1499.61	1483.47
1498.76	952.161	77	1.#QNAN	0	0.015	0	6.35178e-007	1508.66	1498.76	1482.98
1497.92	950.537	78	1.#QNAN	0	0.016	0	6.35466e-007	1517.05	1497.92	1482.49
1497.28	949.051	79	1.#QNAN	0	0.016	0	6.35196e-007	1532.71	1497.28	1482.2
1496.47	947.407	80	1.#QNAN	0	0.015	0	6.34712e-007	1520.79	1496.47	1481.72
1495.47	945.915	81	1.#QNAN	0	0	0	6.32692e-007	1499.97	1495.47	1480.98
1494.62	944.525	82	1.#QNAN	0	0.016	0	6.43701e-007	1497.28	1494.62	1480.4
1493.02	942.888	83	1.#QNAN	0	0.015	0	6.5327e-007	1436.2	1493.02	1479.01
1491.95	941.54	84	1.#QNAN	0	0.016	0	6.39846e-007	1463.94	1491.95	1478.16
1490.66	940.22	85	1.#QNAN	0	0.016	0	6.40132e-007	1443.61	1490.66	1477.05
1489.59	938.903	86	1.#QNAN	0	0.015	1	6.57367e-007	1455.26	1489.59	1476.2
1488.56	937.567	87	1.#QNAN	0	0.016	0	6.39236e-007	1456.59	1488.56	1475.37
1487.78	936.364	88	1.#QNAN	0	0.015	0	6.41323e-007	1484.94	1487.78	1474.81
1487.18	935.303	89	1.#QNAN	0	0.016	0	6.53373e-007	1495.64	1487.18	1474.41
1486.34	934.117	90	1.#QNAN	0	0.016	0	6.32496e-007	1469.81	1486.34	1473.76
1485.44	932.866	91	1.#QNAN	0	0	0	6.52674e-007	1472.73	1485.44	1473.05
1484.5	931.633	92	1.#QNAN	0	0.015	0	6.60971e-007	1458.23	1484.5	1472.28
1483.65	930.555	93	1.#QNAN	0	0.016	0	6.3798e-007	1459.98	1483.65	1471.62
1482.87	929.307	94	1.#QNAN	0	0.015	0	6.40159e-007	1478.3	1482.87	1471.01
1482.11	928.148	95	1.#QNAN	0	0.016	0	6.36378e-007	1471.22	1482.11	1470.41
1481.7	927.224	96	1.#QNAN	0	0.016	0	6.50012e-007	1509.56	1481.7	1470.17
1481.18	926.25	97	1.#QNAN	0	0.015	0	6.46964e-007	1490.1	1481.18	1469.81
1480.84	925.209	98	1.#QNAN	0	0.016	0	6.3999e-007	1509.98	1480.84	1469.65
1480.32	924.23	99	1.#QNAN	0	0.015	0	6.56385e-007	1487.11	1480.32	1469.29
1479.81	923.275	100	1.#QNAN	0	0.016	0	6.4796e-007	1491.03	1479.81	1468.95
1479.45	922.356	101	1.#QNAN	0	0.016	0	6.6125e-007	1510.59	1479.45	1468.76
1478.96	921.386	102	1.#QNAN	0	0.015	0	6.62841e-007	1503.84	1478.96	1468.43
1478.48	920.367	103	1.#QNAN	0	0.016	0	6.71699e-007	1501.08	1478.48	1468.12
1478.08	919.444	104	1.#QNAN	0	0	0	6.46489e-007	1504.45	1478.08	1467.87
1477.59	918.486	105	1.#QNAN	0	0.015	0	6.59396e-007	1499.25	1477.59	1467.51
1477.03	917.581	106	1.#QNAN	0	0.016	0	6.49946e-007	1476.74	1477.03	1467.09
1476.6	916.59	107	1.#QNAN	0	0.016	0	6.5848e-007	1495.22	1476.6	1466.79
1475.88	915.587	108	1.#QNAN	0	0.015	0	6.55355e-007	1468.57	1475.88	1466.18
1474.95	914.516	109	1.#QNAN	0	0.016	0	6.81097e-007	1442.17	1474.95	1465.35
1474.16	913.54	110	1.#QNAN	0	0.015	0	6.54472e-007	1454.58	1474.16	1464.67
1473.52	912.696	111	1.#QNAN	0	0.016	0	6.69765e-007	1470.67	1473.52	1464.15
1472.69	911.84	112	1.#QNAN	0	0.016	0	6.45405e-007	1441.89	1472.69	1463.44
1471.84	910.856	113	1.#QNAN	0	0	0	6.59589e-007	1437.6	1471.84	1462.68
1471.11	909.945	114	1.#QNAN	0	0.015	0	6.56885e-007	1448.42	1471.11	1462.04
1470.26	908.935	115	1.#QNAN	0	0.016	0	6.42599e-007	1453.16	1470.26	1461.29
1469.41	908.012	116	1.#QNAN	0	0.015	0	6.90852e-007	1452.05	1469.41	1460.53
1468.71	907.182	117	1.#QNAN	0	0.016	0	6.77403e-007	1455.03	1468.71	1459.91
1467.89	906.321	118	1.#QNAN	0	0.016	0	6.37323e-007	1453.9	1467.89	1459.17
1467.45	905.508	119	1.#QNAN	0	0.015	0	6.57711e-007	1479.34	1467.45	1458.82
1466.94	904.74	120	1.#QNAN	0	0.016	0	6.35028e-007	1472.32	1466.94	1458.42
1466.34	903.904	121	1.#QNAN	0	0.015	0	6.30502e-007	1456.38	1466.34	1457.9
1465.83	903.061	122	1.#QNAN	0	0.016	0	6.41104e-007	1477.08	1465.83	1457.49
1465.47	902.286	123	1.#QNAN	0	0	0	6.58867e-007	1497.99	1465.47	1457.24
1465.02	901.573	124	1.#QNAN	0	0.016	0	6.64463e-007	1486.71	1465.02	1456.88
1464.61	900.87	125	1.#QNAN	0	0.015	0	6.45961e-007	1499.26	1464.61	1456.58
1464.15	900.135	126	1.#QNAN	0	0.016	0	6.31207e-007	1477.92	1464.15	1456.22
1463.86	899.555	127	1.#QNAN	0	0.015	0	6.65174e-007	1499.05	1463.86	1456.03
1463.59	898.912	128	1.#QNAN	0	0.016	0	6.62289e-007	1493.97	1463.59	1455.85
1463.32	898.316	129	1.#QNAN	0	0.016	0	6.73525e-007	1490.65	1463.32	1455.68
1463.21	897.788	130	1.#QNAN	0	0.015	0	6.28165e-007	1515.14	1463.21	1455.65
1463.15	897.272	131	1.#QNAN	0	0.016	0	6.47353e-007	1520.73	1463.15	1455.7
1463.18	896.703	132	1.#QNAN	0	0.015	0	6.62607e-007	1540.11	1463.18	1455.82
1463.23	896.128	133	1.#QNAN	0	0	0	6.72852e-007	1543.81	1463.23	1455.98
1463.09	895.529	134	1.#QNAN	0	0.016	0	6.91726e-007	1513.95	1463.09	1455.93
1463.03	894.9	135	1.#QNAN	0	0.016	0	6.34879e-007	1524.81	1463.03	1455.96
1462.78	894.319	136	1.#QNAN	0	0.015	0	6.44373e-007	1485.44	1462.78	1455.79
1462.66	893.679	137	1.#QNAN	0	0.016	0	6.5149e-007	1512.27	1462.66	1455.75
1462.58	893.144	138	1.#QNAN	0	0.015	0	6.40453e-007	1517.68	1462.58	1455.75
1462.48	892.643	139	1.#QNAN	0	0.016	0	6.518e-007	1516.28	1462.48	1455.73
1462.33	892.094	140	1.#QNAN	0	0.016	0	6.44384e-007	1504.18	1462.33	1455.66
1462.13	891.593	141	1.#QNAN	0	0.015	0	6.57018e-007	1501.17	1462.13	1455.54
1461.86	891.091	142	1.#QNAN	0	0.016	0	6.41727e-007	1488.62	1461.86	1455.33
1461.78	890.611	143	1.#QNAN	0	0.015	0	6.81658e-007	1517.58	1461.78	1455.34
1461.86	890.158	144	1.#QNAN	0	0	0	6.76121e-007	1534.63	1461.86	1455.5
1461.77	889.744	145	1.#QNAN	0	0.016	0	6.676e-007	1506.81	1461.77	1455.5
1461.81	889.296	146	1.#QNAN	0	0.016	0	6.40077e-007	1526.48	1461.81	1455.63
1461.93	888.855	147	1.#QNAN	0	0.015	0	6.6479e-007	1541.11	1461.93	1455.84
1461.79	888.416	148	1.#QNAN	0	0.016	0	6.57341e-007	1491.65	1461.79	1455.77
1461.69	887.985	149	1.#QNAN	0	0.015	0	6.44828e-007	1501.33	1461.69	1455.75
1461.55	887.584	150	1.#QNAN	0	0.016	0	6.62651e-007	1486.54	1461.55	1455.67
1461.3	887.165	151	1.#QNAN	0	0.016	0	6.61891e-007	1474.55	1461.3	1455.5
1461.04	886.651	152	1.#QNAN	0	0.015	0	6.11949e-007	1467.08	1461.04	1455.3
1460.75	886.133	153	1.#QNAN	0	0.016	0	6.5338e-007	1467.04	1460.75	1455.08
1460.54	885.695	154	1.#QNAN	0	0	0	6.62572e-007	1484.6	1460.54	1454.93
1460.37	885.22	155	1.#QNAN	0	0.015	0	6.63068e-007	1483.34	1460.37	1454.83
1460.34	884.767	156	1.#QNAN	0	0.016	0	6.6322e-007	1505.72	1460.34	1454.87
1460.25	884.389	157	1.#QNAN	0	0.016	1	6.24831e-007	1498.07	1460.25	1454.85
1460.11	884.007	158	1.#QNAN	0	0.015	0	6.64597e-007	1497.93	1460.11	1454.78
1459.89	883.626	159	1.#QNAN	0	0.016	0	6.69722e-007	1471.5	1459.89	1454.62
1459.68	883.236	160	1.#QNAN	0	0.015	0	6.70377e-007	1475.27	1459.68	1454.47
1459.57	882.926	161	1.#QNAN	0	0.016	0	6.37196e-007	1488.94	1459.57	1454.42
1459.31	882.582	162	1.#QNAN	0	0.016	0	6.60696e-007	1461.91	1459.31	1454.21
1458.95	882.166	163	1.#QNAN	0	0	0	6.69845e-007	1450.82	1458.95	1453.9
1458.8	881.758	164	1.#QNAN	0	0.031	0	6.52627e-007	1489.39	1458.8	1453.79
1458.74	881.352	165	1.#QNAN	0	0	0	6.47886e-007	1498.94	1458.74	1453.8
1458.67	880.964	166	1.#QNAN	0	0.015	0	6.62304e-007	1500.14	1458.67	1453.77
1458.51	880.621	167	1.#QNAN	0	0.016	0	6.50309e-007	1474.53	1458.51	1453.66
1458.49	880.277	168	1.#QNAN	0	0.016	0	6.60157e-007	1504.33	1458.49	1453.69
1458.25	879.902	169	1.#QNAN	0	0.015	0	6.53997e-007	1465.66	1458.25	1453.49
1458.23	879.571	170	1.#QNAN	0	0.016	0	6.64137e-007	1503.86	1458.23	1453.53
1458.09	879.217	171	1.#QNAN	0	0.015	0	6.59221e-007	1481.87	1458.09	1453.43
1458	878.908	172	1.#QNAN	0	0.016	0	6.38813e-007	1490.44	1458	1453.4
1457.96	878.605	173	1.#QNAN	0	0.016	0	6.56903e-007	1501.39	1457.96	1453.4
1458.08	878.405	174	1.#QNAN	0	0	0	6.60376e-007	1522.32	1458.08	1453.57
1458.11	878.084	175	1.#QNAN	0	0.015	0	6.62632e-007	1517.67	1458.11	1453.65
1458.17	877.781	176	1.#QNAN	0	0.016	0	6.63149e-007	1515.28	1458.17	1453.75
1458.07	877.434	177	1.#QNAN	0	0.015	0	6.45334e-007	1483.38	1458.07	1453.68
1457.99	877.06	178	1.#QNAN	0	0.016	0	6.5367e-007	1486.51	1457.99	1453.63
1457.93	876.722	179	1.#QNAN	0	0.016	0	6.57168e-007	1493.55	1457.93	1453.62
1458.02	876.501	180	1.#QNAN	0	0.015	0	6.77225e-007	1529.06	1458.02	1453.76
1458.01	876.268	181	1.#QNAN	0	0.016	0	6.69698e-007	1498.9	1458.01	1453.79
1458	875.93	182	1.#QNAN	0	0.015	0	6.75535e-007	1497.56	1458	1453.83
1457.94	875.574	183	1.#QNAN	0	0	0	6.4213e-007	1504.21	1457.94	1453.81
1457.93	875.31	184	1.#QNAN	0	0.016	0	6.53348e-007	1504.16	1457.93	1453.84
1457.83	874.956	185	1.#QNAN	0	0.016	0	6.672e-007	1486.98	1457.83	1453.78
1457.86	874.679	186	1.#QNAN	0	0.015	0	6.69879e-007	1503.06	1457.86	1453.86
1457.73	874.385	187	1.#QNAN	0	0.016	0	6.51397e-007	1478.07	1457.73	1453.77
1457.59	874.096	188	1.#QNAN	0	0.015	0	6.51276e-007	1471.6	1457.59	1453.66
1457.41	873.787	189	1.#QNAN	0	0.016	0	6.51687e-007	1465.9	1457.41	1453.52
1457.23	873.444	190	1.#QNAN	0	0.016	0	6.41637e-007	1468.29	1457.23	1453.37
1457.12	873.118	191	1.#QNAN	0	0.015	0	6.52622e-007	1487.96	1457.12	1453.3
1457.07	872.865	192	1.#QNAN	0	0.016	0	6.38433e-007	1503.63	1457.07	1453.28
1457.21	872.591	193	1.#QNAN	0	0.015	0	6.42469e-007	1540.59	1457.21	1453.46
1457.17	872.268	194	1.#QNAN	0	0.016	0	6.36277e-007	1501.31	1457.17	1453.46
1457.21	872.006	195	1.#QNAN	0	0.016	0	6.75618e-007	1512.88	1457.21	1453.54
1457.19	871.7	196	1.#QNAN	0	0	0	6.80589e-007	1501.15	1457.19	1453.56
1457.14	871.41	197	1.#QNAN	0	0.015	0	6.85953e-007	1489.4	1457.14	1453.54
1457.17	871.166	198	1.#QNAN	0	0.016	0	6.71659e-007	1514.79	1457.17	1453.61
1457.27	870.937	199	1.#QNAN	0	0.015	0	6.55113e-007	1521.57	1457.27	1453.75
1457.26	870.654	200	1.#QNAN	0	0.016	0	6.77431e-007	1501.91	1457.26	1453.77
1457.32	870.405	201	1.#QNAN	0	0.016	0	6.69534e-007	1515.71	1457.32	1453.87
1457.48	870.172	202	1.#QNAN	0	0.015	0	6.6747e-007	1534.35	1457.48	1454.06
1457.55	869.978	203	1.#QNAN	0	0.016	0	6.50955e-007	1513.83	1457.55	1454.18
1457.42	869.683	204	1.#QNAN	0	0.015	0	6.57962e-007	1466.27	1457.42	1454.07
1457.4	869.538	205	1.#QNAN	0	0.016	0	6.34713e-007	1494.41	1457.4	1454.08
1457.39	869.32	206	1.#QNAN	0	0	0	6.64099e-007	1489.3	1457.39	1454.1
1457.34	869.141	207	1.#QNAN	0	0.016	0	6.47009e-007	1481.91	1457.34	1454.08
1457.31	868.948	208	1.#QNAN	0	0.015	0	6.5577e-007	1482.21	1457.31	1454.08
1457.4	868.718	209	1.#QNAN	0	0.016	0	6.5568e-007	1509.65	1457.4	1454.21
1457.56	868.519	210	1.#QNAN	0	0.015	0	6.64444e-007	1534.19	1457.56	1454.41
1457.7	868.365	211	1.#QNAN	0	0.016	0	6.48779e-007	1533.01	1457.7	1454.58
1457.69	868.125	212	1.#QNAN	0	0.016	0	6.50279e-007	1501.11	1457.69	1454.6
1457.78	867.914	213	1.#QNAN	0	0.015	0	6.65427e-007	1517.13	1457.78	1454.73
1458.06	867.728	214	1.#QNAN	0	0.016	0	6.91102e-007	1559.25	1458.06	1455.05
1458.21	867.56	215	1.#QNAN	0	0	0	6.6259e-007	1530.37	1458.21	1455.23
1458.38	867.388	216	1.#QNAN	0	0.015	0	6.53014e-007	1533.57	1458.38	1455.44
1458.39	867.212	217	1.#QNAN	0	0.016	0	6.46135e-007	1497	1458.39	1455.47
1458.38	866.974	218	1.#QNAN	0	0.016	0	6.62376e-007	1497.16	1458.38	1455.49
1458.22	866.659	219	1.#QNAN	0	0.015	0	6.41299e-007	1463.24	1458.22	1455.36
1458.27	866.473	220	1.#QNAN	0	0.016	0	6.64953e-007	1508.35	1458.27	1455.44
1458.28	866.259	221	1.#QNAN	0	0.015	0	6.72881e-007	1498.13	1458.28	1455.47
1458.04	866.044	222	1.#QNAN	0	0.016	0	6.62775e-007	1445.15	1458.04	1455.25
1457.85	865.799	223	1.#QNAN	0	0.016	0	6.61018e-007	1451.65	1457.85	1455.08
1457.74	865.597	224	1.#QNAN	0	0.015	0	6.50683e-007	1462.49	1457.74	1454.99
1457.69	865.425	225	1.#QNAN	0	0	0	6.56075e-007	1479.66	1457.69	1454.97
1457.55	865.164	226	1.#QNAN	0	0.016	0	6.64821e-007	1462.32	1457.55	1454.85
1457.37	864.887	227	1.#QNAN	0	0.015	0	6.72556e-007	1452.18	1457.37	1454.69
1457.21	864.641	228	1.#QNAN	0	0.016	1	6.77837e-007	1451.49	1457.21	1454.56
1457.13	864.43	229	1.#QNAN	0	0.016	0	6.44458e-007	1475.17	1457.13	1454.5
1457.08	864.221	230	1.#QNAN	0	0.015	0	6.70577e-007	1479.88	1457.08	1454.47
1457	864.035	231	1.#QNAN	0	0.016	0	6.39635e-007	1474.34	1457	1454.4
1456.9	863.884	232	1.#QNAN	0	0.015	0	6.71216e-007	1462.7	1456.9	1454.32
1456.72	863.655	233	1.#QNAN	0	0.016	0	6.35604e-007	1444.82	1456.72	1454.16
1456.72	863.474	234	1.#QNAN	0	0.016	0	6.73805e-007	1492.59	1456.72	1454.19
1456.71	863.281	235	1.#QNAN	0	0	0	6.58633e-007	1489.52	1456.71	1454.2
1456.59	863.062	236	1.#QNAN	0	0.015	0	6.61378e-007	1459.97	1456.59	1454.09
1456.48	862.902	237	1.#QNAN	0	0.016	0	6.33729e-007	1467.64	1456.48	1453.99
1456.36	862.714	238	1.#QNAN	0	0.015	0	6.65861e-007	1466.25	1456.36	1453.89
1456.22	862.471	239	1.#QNAN	0	0.016	0	6.66486e-007	1464.07	1456.22	1453.77
1456.1	862.263	240	1.#QNAN	0	0.016	0	6.54459e-007	1468.27	1456.1	1453.67
1456.1	862.053	241	1.#QNAN	0	0.015	0	6.42049e-007	1496.46	1456.1	1453.69
1456.1	861.861	242	1.#QNAN	0	0.016	0	6.57265e-007	1503.28	1456.1	1453.72
1455.99	861.586	243	1.#QNAN	0	0.015	0	6.66348e-007	1477.56	1455.99	1453.63
1455.98	861.381	244	1.#QNAN	0	0	0	6.83761e-007	1496.75	1455.98	1453.64
1455.96	861.156	245	1.#QNAN	0	0.016	0	6.71211e-007	1502.7	1455.96	1453.64
1455.9	860.912	246	1.#QNAN	0	0.016	0	6.85586e-007	1480.78	1455.9	1453.6
1455.89	860.751	247	1.#QNAN	0	0.015	0	6.72136e-007	1503.69	1455.89	1453.62
1455.82	860.585	248	1.#QNAN	0	0.016	0	6.82094e-007	1499.23	1455.82	1453.56
1455.61	860.417	249	1.#QNAN	0	0.015	0	6.63784e-007	1471.09	1455.61	1453.36
1455.42	860.238	250	1.#QNAN	0	0.016	0	6.88845e-007	1502.51	1455.42	1453.19
1455.13	859.998	251	1.#QNAN	0	0.016	0	6.52466e-007	1458.21	1455.13	1452.91
1454.96	859.758	252	1.#QNAN	0	0.015	0	6.97755e-007	1481.56	1454.96	1452.76
1454.8	859.499	253	1.#QNAN	0	0	0	6.6702e-007	1487.27	1454.8	1452.61
1454.58	859.212	254	1.#QNAN	0	0.016	0	7.14543e-007	1462.41	1454.58	1452.4
1454.41	858.972	255	1.#QNAN	0	0.015	0	7.01958e-007	1470.22	1454.41	1452.24
1454.32	858.794	256	1.#QNAN	0	0.016	0	7.03819e-007	1496.88	1454.32	1452.16
1454.19	858.657	257	1.#QNAN	0	0.016	0	6.9576e-007	1507.16	1454.19	1452.05
1454.01	858.474	258	1.#QNAN	0	0.015	0	7.11108e-007	1472.79	1454.01	1451.88
1453.94	858.323	259	1.#QNAN	0	0.016	0	6.89269e-007	1489.13	1453.94	1451.82
1453.87	858.086	260	1.#QNAN	0	0.015	0	6.85178e-007	1502.98	1453.87	1451.77
1453.87	857.915	261	1.#QNAN	0	0	0	6.8151e-007	1517.16	1453.87	1451.78
1453.8	857.724	262	1.#QNAN	0	0.016	0	6.86964e-007	1501.77	1453.8	1451.73
1453.67	857.539	263	1.#QNAN	0	0.016	0	6.86127e-007	1477.61	1453.67	1451.6
1453.58	857.37	264	1.#QNAN	0	0.015	0	6.94007e-007	1489.39	1453.58	1451.53
1453.47	857.142	265	1.#QNAN	0	0.016	0	7.1678e-007	1496.33	1453.47	1451.44
1453.25	856.922	266	1.#QNAN	0	0.015	0	6.87715e-007	1483.07	1453.25	1451.24
1453.1	856.687	267	1.#QNAN	0	0.016	0	6.9285e-007	1494.54	1453.1	1451.1
1452.97	856.48	268	1.#QNAN	0	0.016	0	7.13678e-007	1487.84	1452.97	1450.98
1452.78	856.266	269	1.#QNAN	0	0.015	0	7.20146e-007	1478.26	1452.78	1450.81
1452.66	856.073	270	1.#QNAN	0	0.016	0	7.24377e-007	1488.75	1452.66	1450.7
1452.43	855.822	271	1.#QNAN	0	0	0	6.85018e-007	1459.33	1452.43	1450.48
1452.18	855.611	272	1.#QNAN	0	0.015	0	6.96567e-007	1471.87	1452.18	1450.24
1451.87	855.362	273	1.#QNAN	0	0.016	0	7.11452e-007	1457.37	1451.87	1449.94
1451.59	855.165	274	1.#QNAN	0	0.016	0	7.11168e-007	1458.63	1451.59	1449.67
1451.37	854.915	275	1.#QNAN	0	0.015	0	7.17364e-007	1472.64	1451.37	1449.46
1451.21	854.77	276	1.#QNAN	0	0.016	0	7.02867e-007	1477.71	1451.21	1449.31
1450.93	854.569	277	1.#QNAN	0	0.015	0	7.11945e-007	1444.87	1450.93	1449.04
1450.71	854.426	278	1.#QNAN	0	0.016	0	7.00977e-007	1455.6	1450.71	1448.83
1450.54	854.24	279	1.#QNAN	0	0.016	0	6.88462e-007	1470.17	1450.54	1448.67
1450.3	854.015	280	1.#QNAN	0	0	0	6.87192e-007	1454.53	1450.3	1448.44
1450.01	853.771	281	1.#QNAN	0	0.015	0	7.52189e-007	1439.61	1450.01	1448.16
1449.85	853.587	282	1.#QNAN	0	0.016	0	6.84441e-007	1475.46	1449.85	1448.01
1449.81	853.437	283	1.#QNAN	0	0.015	0	7.18665e-007	1517.21	1449.81	1447.97
1449.72	853.256	284	1.#QNAN	0	0.016	0	7.19042e-007	1496.19	1449.72	1447.9
1449.53	853.099	285	1.#QNAN	0	0.016	0	7.05491e-007	1463.62	1449.53	1447.72
1449.37	852.934	286	1.#QNAN	0	0.015	0	6.76449e-007	1469.07	1449.37	1447.56
1449.05	852.733	287	1.#QNAN	0	0.016	0	7.28699e-007	1426.6	1449.05	1447.25
1448.86	852.56	288	1.#QNAN	0	0.015	0	6.80471e-007	1467.83	1448.86	1447.07
1448.69	852.366	289	1.#QNAN	0	0.016	0	7.11124e-007	1463.13	1448.69	1446.91
1448.49	852.214	290	1.#QNAN	0	0	0	6.98713e-007	1457.37	1448.49	1446.72
1448.39	852.041	291	1.#QNAN	0	0.016	0	7.09356e-007	1469.12	1448.39	1446.63
1448.26	851.841	292	1.#QNAN	0	0.015	0	7.10447e-007	1474.65	1448.26	1446.51
1448.13	851.687	293	1.#QNAN	0	0.016	0	6.98777e-007	1477.97	1448.13	1446.39
1448.07	851.515	294	1.#QNAN	0	0.015	0	7.04652e-007	1497.57	1448.07	1446.35
1448.05	851.364	295	1.#QNAN	0	0.016	0	7.2095e-007	1517.42	1448.05	1446.35
1448.06	851.186	296	1.#QNAN	0	0.016	0	7.09196e-007	1549.89	1448.06	1446.36
1447.96	851.048	297	1.#QNAN	0	0.015	0	7.049e-007	1519.31	1447.96	1446.28
1447.89	850.916	298	1.#QNAN	0	0.016	0	7.22922e-007	1514.08	1447.89	1446.22
1447.78	850.727	299	1.#QNAN	0	0.015	1	6.89009e-007	1491.24	1447.78	1446.12
1447.59	850.548	300	1.#QNAN	0	0.016	0	6.9682e-007	1464.37	1447.59	1445.95
1447.53	850.42	301	1.#QNAN	0	0	0	7.14343e-007	1502.91	1447.53	1445.9
1447.51	850.232	302	1.#QNAN	0	0.016	0	7.20069e-007	1521.3	1447.51	1445.89
1447.49	850.106	303	1.#QNAN	0	0.015	0	7.28169e-007	1538.21	1447.49	1445.9
1447.43	849.963	304	1.#QNAN	0	0.016	0	7.12187e-007	1520.83	1447.43	1445.85
1447.4	849.791	305	1.#QNAN	0	0.015	0	7.18377e-007	1516.3	1447.4	1445.82
1447.41	849.669	306	1.#QNAN	0	0.016	0	7.2253e-007	1520.98	1447.41	1445.85
1447.37	849.501	307	1.#QNAN	0	0.016	0	7.06029e-007	1505.02	1447.37	1445.82
1447.29	849.367	308	1.#QNAN	0	0.015	0	7.34089e-007	1494.75	1447.29	1445.75
1447.1	849.235	309	1.#QNAN	0	0.016	0	7.30688e-007	1464.61	1447.1	1445.57
1447.06	849.116	310	1.#QNAN	0	0.015	0	7.27585e-007	1508.69	1447.06	1445.54
1447.04	849.002	311	1.#QNAN	0	0.016	0	7.21107e-007	1511.86	1447.04	1445.53
1447.12	848.848	312	1.#QNAN	0	0.016	0	7.43792e-007	1558.7	1447.12	1445.62
1447.11	848.709	313	1.#QNAN	0	0	0	7.18255e-007	1548.82	1447.11	1445.62
1447.09	848.57	314	1.#QNAN	0	0.015	0	7.10442e-007	1531.22	1447.09	1445.63
1446.97	848.432	315	1.#QNAN	0	0.016	0	7.45411e-007	1469.01	1446.97	1445.51
1446.84	848.291	316	1.#QNAN	0	0.015	0	7.44081e-007	1477.79	1446.84	1445.39
1446.87	848.161	317	1.#QNAN	0	0.016	0	7.27007e-007	1536.85	1446.87	1445.44
1446.77	848.031	318	1.#QNAN	0	0.016	0	7.26693e-007	1491.2	1446.77	1445.34
1446.63	847.88	319	1.#QNAN	0	0.015	0	6.99758e-007	1471.45	1446.63	1445.21
1446.52	847.718	320	1.#QNAN	0	0.016	0	7.01738e-007	1487.52	1446.52	1445.11
1446.39	847.567	321	1.#QNAN	0	0	0	7.08591e-007	1476.54	1446.39	1444.99
1446.28	847.463	322	1.#QNAN	0	0.015	0	7.17059e-007	1500.33	1446.28	1444.88
1446.13	847.328	323	1.#QNAN	0	0.016	0	7.23864e-007	1471.37	1446.13	1444.74
1445.93	847.165	324	1.#QNAN	0	0.016	0	7.04443e-007	1461.47	1445.93	1444.55
1445.75	847.034	325	1.#QNAN	0	0.015	0	6.84086e-007	1470.77	1445.75	1444.38
1445.75	846.913	326	1.#QNAN	0	0.016	0	6.95917e-007	1526.54	1445.75	1444.39
1445.63	846.78	327	1.#QNAN	0	0.015	0	7.26285e-007	1497.96	1445.63	1444.28
1445.67	846.723	328	1.#QNAN	0	0.016	0	7.04577e-007	1552.13	1445.67	1444.32
1445.68	846.602	329	1.#QNAN	0	0.016	0	7.16878e-007	1553.34	1445.68	1444.34
1445.5	846.494	330	1.#QNAN	0	0.015	0	7.21236e-007	1513.76	1445.5	1444.17
1445.37	846.394	331	1.#QNAN	0	0	0	7.29589e-007	1518.37	1445.37	1444.05
1445.31	846.291	332	1.#QNAN	0	0.016	0	7.30958e-007	1521.3	1445.31	1444
1445.24	846.19	333	1.#QNAN	0	0.015	0	6.88389e-007	1539.96	1445.24	1443.94
1445.1	846.074	334	1.#QNAN	0	0.016	0	7.07552e-007	1526.49	1445.1	1443.81
1444.96	845.953	335	1.#QNAN	0	0.016	0	6.83033e-007	1500.83	1444.96	1443.67
1444.85	845.856	336	1.#QNAN	0	0.015	0	6.91051e-007	1508.35	1444.85	1443.57
1444.73	845.758	337	1.#QNAN	0	0.016	0	7.39259e-007	1491.97	1444.73	1443.46
1444.77	845.708	338	1.#QNAN	0	0.015	0	7.35919e-007	1567.76	1444.77	1443.51
1444.75	845.622	339	1.#QNAN	0	0	0	7.49914e-007	1549.41	1444.75	1443.5
1444.71	845.524	340	1.#QNAN	0	0.016	0	6.97753e-007	1517.88	1444.71	1443.47
1444.6	845.395	341	1.#QNAN	0	0.016	0	7.22399e-007	1484.92	1444.6	1443.36
1444.53	845.263	342	1.#QNAN	0	0.015	0	7.15131e-007	1517.28	1444.53	1443.3
1444.38	845.126	343	1.#QNAN	0	0.016	0	7.4011e-007	1490.05	1444.38	1443.16
1444.19	845.014	344	1.#QNAN	0	0.015	0	7.01893e-007	1466.66	1444.19	1442.98
1443.97	844.863	345	1.#QNAN	0	0.016	0	7.06364e-007	1455.98	1443.97	1442.77
1443.71	844.683	346	1.#QNAN	0	0.016	0	7.1918e-007	1436.65	1443.71	1442.5
1443.64	844.544	347	1.#QNAN	0	0.015	0	7.09419e-007	1522.89	1443.64	1442.44
1443.67	844.455	348	1.#QNAN	0	0	0	7.05124e-007	1546.49	1443.67	1442.49
1443.68	844.36	349	1.#QNAN	0	0.016	0	6.90855e-007	1551.23	1443.68	1442.5
1443.66	844.257	350	1.#QNAN	0	0.015	0	7.09736e-007	1535.59	1443.66	1442.5
1443.66	844.214	351	1.#QNAN	0	0.016	0	7.03929e-007	1518.25	1443.66	1442.5
1443.59	844.145	352	1.#QNAN	0	0.016	0	7.24044e-007	1506.61	1443.59	1442.44
1443.55	844.127	353	1.#QNAN	0	0.015	0	7.08266e-007	1513.46	1443.55	1442.4
1443.55	844.06	354	1.#QNAN	0	0.016	0	7.30255e-007	1501.06	1443.55	1442.41
1443.5	843.965	355	1.#QNAN	0	0.015	0	6.86948e-007	1483.53	1443.5	1442.37
1443.4	843.866	356	1.#QNAN	0	0.016	0	6.93216e-007	1467.26	1443.4	1442.28
1443.36	843.802	357	1.#QNAN	0	0.016	0	6.87958e-007	1500.3	1443.36	1442.24
1443.32	843.732	358	1.#QNAN	0	0.015	0	7.11772e-007	1478.13	1443.32	1442.21
1443.44	843.693	359	1.#QNAN	0	0	0	7.30609e-007	1550.39	1443.44	1442.34
1443.39	843.643	360	1.#QNAN	0	0.016	0	7.00567e-007	1491.6	1443.39	1442.3
1443.32	843.551	361	1.#QNAN	0	0.015	0	7.27395e-007	1478.14	1443.32	1442.23
1443.13	843.458	362	1.#QNAN	0	0.016	0	6.90794e-007	1442.65	1443.13	1442.05
1442.97	843.378	363	1.#QNAN	0	0.016	0	6.77536e-007	1461.42	1442.97	1441.9
1442.77	843.269	364	1.#QNAN	0	0.015	0	7.03556e-007	1429.62	1442.77	1441.71
1442.58	843.154	365	1.#QNAN	0	0.016	0	7.21524e-007	1432.4	1442.58	1441.52
1442.47	843.057	366	1.#QNAN	0	0.015	0	7.13877e-007	1459.66	1442.47	1441.42
1442.44	842.996	367	1.#QNAN	0	0	0	7.38942e-007	1494.43	1442.44	1441.39
1442.41	842.946	368	1.#QNAN	0	0.016	0	7.06757e-007	1483.39	1442.41	1441.36
1442.33	842.874	369	1.#QNAN	0	0.016	0	7.11067e-007	1465.96	1442.33	1441.29
1442.37	842.84	370	1.#QNAN	0	0.015	0	7.2669e-007	1527.48	1442.37	1441.34
1442.41	842.792	371	1.#QNAN	0	0.016	1	7.06548e-007	1535.51	1442.41	1441.39
1442.37	842.713	372	1.#QNAN	0	0.015	0	7.08967e-007	1493	1442.37	1441.35
1442.38	842.665	373	1.#QNAN	0	0.016	0	7.13621e-007	1518.97	1442.38	1441.37
1442.46	842.626	374	1.#QNAN	0	0.016	0	7.24221e-007	1556.43	1442.46	1441.46
1442.38	842.563	375	1.#QNAN	0	0.015	0	7.28267e-007	1506.09	1442.38	1441.39
1442.29	842.521	376	1.#QNAN	0	0.016	0	7.40994e-007	1499.6	1442.29	1441.31
1442.24	842.408	377	1.#QNAN	0	0	0	7.24477e-007	1498.11	1442.24	1441.26
1442.18	842.361	378	1.#QNAN	0	0.015	0	7.12716e-007	1480.17	1442.18	1441.2
1442.24	842.31	379	1.#QNAN	0	0.016	0	7.12601e-007	1523.26	1442.24	1441.27
1442.18	842.214	380	1.#QNAN	0	0.016	0	6.79826e-007	1483.74	1442.18	1441.21
1442.21	842.151	381	1.#QNAN	0	0.015	0	6.89969e-007	1523.88	1442.21	1441.25
1442.21	842.054	382	1.#QNAN	0	0.016	0	7.22603e-007	1510.84	1442.21	1441.26
1442.23	841.973	383	1.#QNAN	0	0.015	0	7.23011e-007	1514	1442.23	1441.29
1442.15	841.866	384	1.#QNAN	0	0.016	0	6.98014e-007	1465.88	1442.15	1441.21
1442.17	841.79	385	1.#QNAN	0	0.016	0	7.08987e-007	1501.32	1442.17	1441.24
1442.31	841.77	386	1.#QNAN	0	0	0	7.39529e-007	1549.47	1442.31	1441.39
1442.34	841.721	387	1.#QNAN	0	0.015	0	7.20947e-007	1513.52	1442.34	1441.41
1442.33	841.638	388	1.#QNAN	0	0.016	0	7.20076e-007	1484.2	1442.33	1441.42
1442.29	841.614	389	1.#QNAN	0	0.015	0	7.24889e-007	1481.14	1442.29	1441.38
1442.31	841.559	390	1.#QNAN	0	0.016	0	6.9161e-007	1516.14	1442.31	1441.41
1442.26	841.468	391	1.#QNAN	0	0.016	0	6.88924e-007	1491.9	1442.26	1441.37
1442.28	841.368	392	1.#QNAN	0	0.015	0	7.37754e-007	1508.11	1442.28	1441.39
1442.28	841.275	393	1.#QNAN	0	0.016	0	7.11072e-007	1487	1442.28	1441.39
1442.27	841.213	394	1.#QNAN	0	0.015	0	7.22585e-007	1491.76	1442.27	1441.39
1442.29	841.151	395	1.#QNAN	0	0.016	0	6.96464e-007	1505.89	1442.29	1441.41
1442.33	841.129	396	1.#QNAN	0	0.016	0	7.20148e-007	1515.67	1442.33	1441.46
1442.37	841.094	397	1.#QNAN	0	0	0	6.91056e-007	1510.87	1442.37	1441.51
1442.44	841.043	398	1.#QNAN	0	0.015	0	6.81972e-007	1528.15	1442.44	1441.58
1442.42	840.988	399	1.#QNAN	0	0.016	0	7.02056e-007	1485.62	1442.42	1441.57
1442.41	840.929	400	1.#QNAN	0	0.015	0	7.27954e-007	1482.36	1442.41	1441.55
1442.31	840.872	401	1.#QNAN	0	0.016	0	6.97571e-007	1455.55	1442.31	1441.46
1442.31	840.806	402	1.#QNAN	0	0.016	0	7.16261e-007	1498.17	1442.31	1441.47
1442.18	840.727	403	1.#QNAN	0	0.015	0	7.05365e-007	1443.72	1442.18	1441.34
1442.08	840.669	404	1.#QNAN	0	0.016	0	7.00207e-007	1454.88	1442.08	1441.25
1442.02	840.591	405	1.#QNAN	0	0.015	0	7.17711e-007	1457.8	1442.02	1441.19
1441.98	840.549	406	1.#QNAN	0	0	0	6.9961e-007	1470.71	1441.98	1441.16
1441.83	840.463	407	1.#QNAN	0	0.016	0	6.90323e-007	1437.79	1441.83	1441.02
1441.72	840.394	408	1.#QNAN	0	0.016	0	7.0273e-007	1436.25	1441.72	1440.91
1441.68	840.328	409	1.#QNAN	0	0.015	0	7.21469e-007	1466.74	1441.68	1440.86
1441.6	840.206	410	1.#QNAN	0	0.016	0	7.32524e-007	1455.82	1441.6	1440.79
1441.62	840.129	411	1.#QNAN	0	0.015	0	7.0861e-007	1505.39	1441.62	1440.82
1441.59	840.021	412	1.#QNAN	0	0.016	0	7.16446e-007	1502.78	1441.59	1440.8
1441.58	839.927	413	1.#QNAN	0	0.016	0	7.09618e-007	1485.09	1441.58	1440.79
1441.55	839.874	414	1.#QNAN	0	0.015	0	7.02092e-007	1468.24	1441.55	1440.77
1441.47	839.821	415	1.#QNAN	0	0.016	0	7.05798e-007	1451.71	1441.47	1440.68
1441.32	839.736	416	1.#QNAN	0	0	0	6.99355e-007	1436.65	1441.32	1440.54
1441.24	839.69	417	1.#QNAN	0	0.015	0	7.14187e-007	1455.88	1441.24	1440.46
1441.21	839.619	418	1.#QNAN	0	0.016	0	6.97377e-007	1477.63	1441.21	1440.43
1441.13	839.567	419	1.#QNAN	0	0.016	0	6.90032e-007	1457.74	1441.13	1440.36
1441.08	839.514	420	1.#QNAN	0	0.015	0	7.19667e-007	1466.48	1441.08	1440.31
1441.02	839.485	421	1.#QNAN	0	0.016	0	6.96763e-007	1457.9	1441.02	1440.25
1441.05	839.42	422	1.#QNAN	0	0.015	0	7.18883e-007	1508.3	1441.05	1440.3
1441.09	839.38	423	1.#QNAN	0	0.016	0	6.88235e-007	1493.2	1441.09	1440.34
1441.11	839.317	424	1.#QNAN	0	0.016	0	6.94648e-007	1492.01	1441.11	1440.37
1441.19	839.253	425	1.#QNAN	0	0.015	0	7.14138e-007	1518.18	1441.19	1440.45
1441.23	839.216	426	1.#QNAN	0	0	0	7.11647e-007	1499.36	1441.23	1440.49
1441.25	839.172	427	1.#QNAN	0	0.016	0	7.29251e-007	1495.31	1441.25	1440.53
1441.26	839.12	428	1.#QNAN	0	0.015	0	7.0941e-007	1485.01	1441.26	1440.54
1441.25	839.024	429	1.#QNAN	0	0.016	0	7.13822e-007	1487.2	1441.25	1440.53
1441.25	838.972	430	1.#QNAN	0	0.016	0	7.19455e-007	1492.64	1441.25	1440.54
1441.28	838.942	431	1.#QNAN	0	0.015	0	7.09254e-007	1497.26	1441.28	1440.57
1441.24	838.904	432	1.#QNAN	0	0.016	0	7.02108e-007	1469.45	1441.24	1440.54
1441.08	838.837	433	1.#QNAN	0	0.015	0	7.23139e-007	1414.75	1441.08	1440.38
1441.07	838.74	434	1.#QNAN	0	0.016	0	7.2443e-007	1471.39	1441.07	1440.37
1440.99	838.7	435	1.#QNAN	0	0.016	0	7.34865e-007	1443.41	1440.99	1440.3
1440.98	838.664	436	1.#QNAN	0	0.015	0	7.04349e-007	1465.19	1440.98	1440.29
1440.98	838.62	437	1.#QNAN	0	0.016	0	7.33338e-007	1481.17	1440.98	1440.3
1441.02	838.534	438	1.#QNAN	0	0	0	7.07465e-007	1499.31	1441.02	1440.34
1441.08	838.447	439	1.#QNAN	0	0.015	0	6.83242e-007	1516.06	1441.08	1440.41
1441.07	838.395	440	1.#QNAN	0	0.016	0	6.99945e-007	1472.77	1441.07	1440.4
1441.13	838.361	441	1.#QNAN	0	0.016	0	7.28761e-007	1515.23	1441.13	1440.47
1441.12	838.312	442	1.#QNAN	0	0.015	1	7.21428e-007	1473.37	1441.12	1440.45
1441.15	838.269	443	1.#QNAN	0	0.016	0	6.89321e-007	1499.75	1441.15	1440.5
1441.2	838.231	444	1.#QNAN	0	0.015	0	7.35166e-007	1511.44	1441.2	1440.54
1441.2	838.171	445	1.#QNAN	0	0.016	0	6.96074e-007	1492.34	1441.2	1440.55
1441.24	838.104	446	1.#QNAN	0	0.016	0	7.19471e-007	1515.67	1441.24	1440.59
1441.4	838.067	447	1.#QNAN	0	0.015	0	6.92129e-007	1562.02	1441.4	1440.75
1441.53	838.005	448	1.#QNAN	0	0.016	0	6.93745e-007	1559.39	1441.53	1440.89
1441.59	837.941	449	1.#QNAN	0	0.015	0	7.09353e-007	1521.32	1441.59	1440.96
1441.62	837.879	450	1.#QNAN	0	0	0	7.08271e-007	1506.29	1441.62	1440.99
1441.75	837.83	451	1.#QNAN	0	0.016	0	7.46473e-007	1546.06	1441.75	1441.12
1441.72	837.756	452	1.#QNAN	0	0.016	0	7.24972e-007	1473.57	1441.72	1441.1
1441.71	837.669	453	1.#QNAN	0	0.015	0	7.05485e-007	1498.7	1441.71	1441.1
1441.71	837.619	454	1.#QNAN	0	0.016	0	7.15087e-007	1482.51	1441.71	1441.1
1441.77	837.567	455	1.#QNAN	0	0.015	0	6.98766e-007	1515.96	1441.77	1441.16
1441.78	837.497	456	1.#QNAN	0	0.016	0	6.99233e-007	1494.14	1441.78	1441.18
1441.84	837.456	457	1.#QNAN	0	0.016	0	7.09524e-007	1513.85	1441.84	1441.24
1441.95	837.435	458	1.#QNAN	0	0.015	0	6.99449e-007	1531.53	1441.95	1441.36
1442	837.389	459	1.#QNAN	0	0	0	7.24157e-007	1506.84	1442	1441.41
1442.16	837.362	460	1.#QNAN	0	0.016	0	7.19579e-007	1559.01	1442.16	1441.58
1442.26	837.318	461	1.#QNAN	0	0.015	0	7.43228e-007	1536.81	1442.26	1441.68
1442.35	837.317	462	1.#QNAN	0	0.016	0	7.06107e-007	1525.26	1442.35	1441.78
1442.43	837.275	463	1.#QNAN	0	0.016	0	7.06998e-007	1532.64	1442.43	1441.86
1442.49	837.285	464	1.#QNAN	0	0.015	0	6.99879e-007	1517.63	1442.49	1441.93
1442.59	837.284	465	1.#QNAN	0	0.016	0	7.14222e-007	1539.94	1442.59	1442.03
1442.63	837.255	466	1.#QNAN	0	0.015	0	6.82385e-007	1506.22	1442.63	1442.08
1442.59	837.229	467	1.#QNAN	0	0.016	0	7.12428e-007	1471.38	1442.59	1442.05
1442.54	837.214	468	1.#QNAN	0	0.015	0	7.27062e-007	1464.66	1442.54	1442
1442.52	837.188	469	1.#QNAN	0	0.016	0	7.08555e-007	1477.81	1442.52	1441.98
1442.55	837.18	470	1.#QNAN	0	0.015	0	7.02995e-007	1505.64	1442.55	1442.02
1442.57	837.157	471	1.#QNAN	0	0.016	0	7.01302e-007	1494.08	1442.57	1442.04
1442.64	837.124	472	1.#QNAN	0	0.016	0	6.88385e-007	1519.08	1442.64	1442.11
1442.68	837.056	473	1.#QNAN	0	0.015	0	7.1933e-007	1513.72	1442.68	1442.16
1442.74	837.046	474	1.#QNAN	0	0.016	0	6.77323e-007	1526.08	1442.74	1442.22
1442.77	837.025	475	1.#QNAN	0	0.015	0	7.03841e-007	1500.72	1442.77	1442.26
1442.9	837.018	476	1.#QNAN	0	0.016	0	7.03884e-007	1550.8	1442.9	1442.39
1443.01	837.029	477	1.#QNAN	0	0	0	7.04374e-007	1551.88	1443.01	1442.5
1443.12	837.032	478	1.#QNAN	0	0.016	0	7.07131e-007	1546.12	1443.12	1442.61
1443.17	837.03	479	1.#QNAN	0	0.015	0	7.04498e-007	1516.96	1443.17	1442.67
1443.26	837.031	480	1.#QNAN	0	0.016	0	6.89639e-007	1543.67	1443.26	1442.77
1443.28	837.021	481	1.#QNAN	0	0.015	0	6.99821e-007	1495.85	1443.28	1442.79
1443.13	836.994	482	1.#QNAN	0	0.016	0	6.99399e-007	1418.08	1443.13	1442.64
1443.09	836.988	483	1.#QNAN	0	0.016	0	7.38576e-007	1476.5	1443.09	1442.6
1443.06	836.986	484	1.#QNAN	0	0.015	0	7.19564e-007	1472.5	1443.06	1442.57
1443.04	836.995	485	1.#QNAN	0	0.016	0	7.20917e-007	1485.74	1443.04	1442.55
1443.1	836.979	486	1.#QNAN	0	0	0	6.91133e-007	1512.76	1443.1	1442.61
1443.19	837.006	487	1.#QNAN	0	0.015	0	7.04294e-007	1540.19	1443.19	1442.71
1443.24	836.984	488	1.#QNAN	0	0.016	0	6.96064e-007	1502.67	1443.24	1442.76
1443.29	836.993	489	1.#QNAN	0	0.016	0	7.08151e-007	1503.49	1443.29	1442.82
1443.29	836.969	490	1.#QNAN	0	0.015	0	7.11704e-007	1486.93	1443.29	1442.82
1443.3	836.947	491	1.#QNAN	0	0.016	0	7.21991e-007	1498.71	1443.3	1442.83
1443.39	836.932	492	1.#QNAN	0	0.015	0	7.03249e-007	1534.85	1443.39	1442.92
1443.37	836.92	493	1.#QNAN	0	0.016	0	7.12525e-007	1491.93	1443.37	1442.9
1443.34	836.906	494	1.#QNAN	0	0.016	0	7.06353e-007	1489.29	1443.34	1442.88
1443.37	836.888	495	1.#QNAN	0	0	0	6.93239e-007	1507.24	1443.37	1442.91
1443.33	836.857	496	1.#QNAN	0	0.015	0	6.95242e-007	1490.58	1443.33	1442.87
1443.31	836.804	497	1.#QNAN	0	0.016	0	6.98975e-007	1492.44	1443.31	1442.86
1443.38	836.795	498	1.#QNAN	0	0.015	0	6.86972e-007	1530.11	1443.38	1442.93
1443.42	836.76	499	1.#QNAN	0	0.016	0	7.06811e-007	1514.52	1443.42	1442.97
1443.42	836.716	500	1.#QNAN	0	0.016	0	6.88987e-007	1491.93	1443.42	1442.97
1443.41	836.701	501	1.#QNAN	0	0.015	0	7.07563e-007	1489.38	1443.41	1442.97
1443.42	836.678	502	1.#QNAN	0	0.016	0	7.29288e-007	1499.06	1443.42	1442.98
1443.45	836.688	503	1.#QNAN	0	0	0	7.18504e-007	1504.88	1443.45	1443.02
1443.38	836.657	504	1.#QNAN	0	0.015	0	7.07683e-007	1459.01	1443.38	1442.95
1443.31	836.64	505	1.#QNAN	0	0.016	0	7.2129e-007	1457.41	1443.31	1442.88
1443.25	836.609	506	1.#QNAN	0	0.016	0	7.33335e-007	1458.34	1443.25	1442.82
1443.22	836.576	507	1.#QNAN	0	0.015	0	6.80353e-007	1475.15	1443.22	1442.8
1443.15	836.529	508	1.#QNAN	0	0.016	0	6.96811e-007	1449.79	1443.15	1442.72
1443.07	836.499	509	1.#QNAN	0	0.015	0	6.89367e-007	1447.92	1443.07	1442.65
1442.98	836.454	510	1.#QNAN	0	0.016	0	6.85662e-007	1445.92	1442.98	1442.56
1442.88	836.426	511	1.#QNAN	0	0	0	6.86854e-007	1431.16	1442.88	1442.45
1442.71	836.385	512	1.#QNAN	0	0.016	1	6.97878e-007	1402.16	1442.71	1442.29
1442.6	836.368	513	1.#QNAN	0	0.015	0	7.04233e-007	1424.66	1442.6	1442.18
1442.56	836.325	514	1.#QNAN	0	0.016	0	7.04937e-007	1457.79	1442.56	1442.14
1442.49	836.285	515	1.#QNAN	0	0.015	0	7.23376e-007	1469.75	1442.49	1442.08
1442.44	836.243	516	1.#QNAN	0	0.016	0	7.27692e-007	1469.67	1442.44	1442.03
1442.4	836.248	517	1.#QNAN	0	0.016	0	7.18418e-007	1500.84	1442.4	1441.99
1442.33	836.222	518	1.#QNAN	0	0	0	7.00441e-007	1492.04	1442.33	1441.92
1442.29	836.224	519	1.#QNAN	0	0.015	0	7.28154e-007	1493.5	1442.29	1441.88
1442.31	836.225	520	1.#QNAN	0	0.016	0	7.37899e-007	1519.83	1442.31	1441.9
1442.29	836.228	521	1.#QNAN	0	0.015	0	7.16849e-007	1502.48	1442.29	1441.89
1442.25	836.24	522	1.#QNAN	0	0.016	0	6.92321e-007	1483.77	1442.25	1441.85
1442.22	836.223	523	1.#QNAN	0	0.016	0	7.17151e-007	1481.53	1442.22	1441.82
1442.32	836.239	524	1.#QNAN	0	0.015	0	7.3126e-007	1540.1	1442.32	1441.92
1442.36	836.223	525	1.#QNAN	0	0	0	7.11682e-007	1505.7	1442.36	1441.97
1442.51	836.229	526	1.#QNAN	0	0.016	0	7.20503e-007	1565.79	1442.51	1442.12
1442.54	836.221	527	1.#QNAN	0	0.015	0	7.3587e-007	1496.06	1442.54	1442.15
1442.5	836.197	528	1.#QNAN	0	0.016	0	7.25511e-007	1487.53	1442.5	1442.12
1442.52	836.168	529	1.#QNAN	0	0.016	0	7.02812e-007	1503.75	1442.52	1442.13
1442.55	836.163	530	1.#QNAN	0	0.015	0	7.1049e-007	1507.92	1442.55	1442.17
1442.5	836.124	531	1.#QNAN	0	0.016	0	7.29731e-007	1462.56	1442.5	1442.12
1442.47	836.082	532	1.#QNAN	0	0	0	7.28027e-007	1477.87	1442.47	1442.1
1442.46	836.075	533	1.#QNAN	0	0.015	0	7.40859e-007	1485.18	1442.46	1442.09
1442.52	836.075	534	1.#QNAN	0	0.016	0	6.9408e-007	1519.8	1442.52	1442.15
1442.57	836.039	535	1.#QNAN	0	0.016	0	7.22697e-007	1519.87	1442.57	1442.21
1442.6	836.008	536	1.#QNAN	0	0.015	0	7.14103e-007	1499.24	1442.6	1442.23
1442.66	835.991	537	1.#QNAN	0	0.016	0	6.86986e-007	1521.52	1442.66	1442.3
1442.76	835.98	538	1.#QNAN	0	0.015	0	7.12872e-007	1531.22	1442.76	1442.4
1442.83	835.937	539	1.#QNAN	0	0	0	7.06923e-007	1518.49	1442.83	1442.48
1442.95	835.922	540	1.#QNAN	0	0.016	0	7.12859e-007	1544.69	1442.95	1442.6
1443.04	835.902	541	1.#QNAN	0	0.016	0	7.20665e-007	1547.41	1443.04	1442.69
1443.12	835.865	542	1.#QNAN	0	0.015	0	7.12058e-007	1530.92	1443.12	1442.77
1443.08	835.822	543	1.#QNAN	0	0.016	0	7.03328e-007	1475.55	1443.08	1442.73
1443.01	835.753	544	1.#QNAN	0	0.015	0	7.15589e-007	1463.66	1443.01	1442.67
1442.99	835.71	545	1.#QNAN	0	0.016	0	7.23906e-007	1478.37	1442.99	1442.65
1442.91	835.67	546	1.#QNAN	0	0	0	7.34068e-007	1441.13	1442.91	1442.57
1442.87	835.653	547	1.#QNAN	0	0.016	0	7.10692e-007	1466.08	1442.87	1442.53
1442.78	835.592	548	1.#QNAN	0	0.015	0	7.06499e-007	1428.42	1442.78	1442.44
1442.75	835.552	549	1.#QNAN	0	0.016	0	7.25516e-007	1465.95	1442.75	1442.41
1442.82	835.526	550	1.#QNAN	0	0.015	0	7.34838e-007	1520.44	1442.82	1442.48
1442.84	835.459	551	1.#QNAN	0	0.016	0	6.95014e-007	1501.97	1442.84	1442.51
1442.88	835.367	552	1.#QNAN	0	0.016	0	7.17827e-007	1508.92	1442.88	1442.55
1442.93	835.32	553	1.#QNAN	0	0	0	7.14111e-007	1526.4	1442.93	1442.6
1442.97	835.29	554	1.#QNAN	0	0.015	0	7.33451e-007	1503.29	1442.97	1442.65
1443.05	835.249	555	1.#QNAN	0	0.016	0	7.14831e-007	1525.46	1443.05	1442.72
1443.13	835.202	556	1.#QNAN	0	0.015	0	7.33928e-007	1533.1	1443.13	1442.81
1443.17	835.168	557	1.#QNAN	0	0.016	0	7.28681e-007	1518.13	1443.17	1442.86
1443.31	835.125	558	1.#QNAN	0	0.016	0	7.21299e-007	1573.42	1443.31	1443
1443.46	835.11	559	1.#QNAN	0	0.015	0	7.43191e-007	1591.87	1443.46	1443.15
1443.58	835.09	560	1.#QNAN	0	0	0	7.56332e-007	1579.11	1443.58	1443.27
1443.75	835.097	561	1.#QNAN	0	0.016	0	7.26553e-007	1602.86	1443.75	1443.45
1443.79	835.075	562	1.#QNAN	0	0.015	0	7.10255e-007	1526.2	1443.79	1443.49
1443.89	835.054	563	1.#QNAN	0	0.016	0	7.27451e-007	1554.32	1443.89	1443.59
1443.96	835.036	564	1.#QNAN	0	0.016	0	7.23125e-007	1542.39	1443.96	1443.66
1444.02	834.972	565	1.#QNAN	0	0.015	0	7.34601e-007	1567.33	1444.02	1443.73
1444.17	834.969	566	1.#QNAN	0	0.016	0	7.37487e-007	1602.01	1444.17	1443.88
1444.36	834.948	567	1.#QNAN	0	0	0	7.30294e-007	1627.58	1444.36	1444.07
1444.54	834.929	568	1.#QNAN	0	0.015	0	7.22603e-007	1600.05	1444.54	1444.25
1444.71	834.905	569	1.#QNAN	0	0.016	0	7.27174e-007	1606.43	1444.71	1444.43
1444.85	834.888	570	1.#QNAN	0	0.016	0	7.02763e-007	1589.41	1444.85	1444.58
1444.92	834.854	571	1.#QNAN	0	0.015	0	7.20974e-007	1541.24	1444.92	1444.64
1445.06	834.831	572	1.#QNAN	0	0.016	0	7.39455e-007	1591.26	1445.06	1444.79
1445.1	834.778	573	1.#QNAN	0	0.015	0	7.249e-007	1527.49	1445.1	1444.84
1445.15	834.736	574	1.#QNAN	0	0	0	7.33915e-007	1536.43	1445.15	1444.89
1445.19	834.707	575	1.#QNAN	0	0.016	0	6.74403e-007	1542.76	1445.19	1444.92
1445.18	834.658	576	1.#QNAN	0	0.016	0	7.43799e-007	1506.18	1445.18	1444.92
1445.17	834.607	577	1.#QNAN	0	0.015	0	7.19899e-007	1507.47	1445.17	1444.92
1445.17	834.558	578	1.#QNAN	0	0.016	0	7.27482e-007	1501.79	1445.17	1444.91
1445.15	834.51	579	1.#QNAN	0	0.015	0	7.36228e-007	1507.39	1445.15	1444.89
1445.18	834.474	580	1.#QNAN	0	0.016	0	7.37091e-007	1525.1	1445.18	1444.93
1445.23	834.434	581	1.#QNAN	0	0	0	7.19455e-007	1540.77	1445.23	1444.98
1445.25	834.352	582	1.#QNAN	0	0.016	0	7.40733e-007	1533.51	1445.25	1445
1445.24	834.317	583	1.#QNAN	0	0.015	0	7.1639e-007	1493.47	1445.24	1445
1445.24	834.286	584	1.#QNAN	0	0.016	0	7.17334e-007	1497.34	1445.24	1445
1445.24	834.238	585	1.#QNAN	0	0.015	0	7.31855e-007	1508.03	1445.24	1445
1445.21	834.183	586	1.#QNAN	0	0.016	1	7.4337e-007	1473.44	1445.21	1444.97
1445.16	834.132	587	1.#QNAN	0	0	0	7.35545e-007	1464.11	1445.16	1444.93
1445.1	834.074	588	1.#QNAN	0	0.016	0	7.50579e-007	1466.41	1445.1	1444.87
1445.07	834.02	589	1.#QNAN	0	0.015	0	7.1664e-007	1490.24	1445.07	1444.83
1444.98	833.982	590	1.#QNAN	0	0.016	0	7.16967e-007	1469.68	1444.98	1444.75
1444.86	833.915	591	1.#QNAN	0	0.015	0	7.42192e-007	1449.22	1444.86	1444.63
1444.73	833.856	592	1.#QNAN	0	0.016	0	7.3628e-007	1455.37	1444.73	1444.5
1444.72	833.803	593	1.#QNAN	0	0.016	0	7.0087e-007	1506.55	1444.72	1444.49
1444.68	833.73	594	1.#QNAN	0	0	0	7.23989e-007	1486.76	1444.68	1444.45
1444.71	833.673	595	1.#QNAN	0	0.015	0	7.28884e-007	1512.98	1444.71	1444.48
1444.74	833.648	596	1.#QNAN	0	0.016	0	7.40937e-007	1524.84	1444.74	1444.51
1444.8	833.6	597	1.#QNAN	0	0.015	0	7.32497e-007	1549.95	1444.8	1444.57
1444.77	833.567	598	1.#QNAN	0	0.016	0	7.24097e-007	1492.61	1444.77	1444.55
1444.79	833.53	599	1.#QNAN	0	0.016	0	7.28258e-007	1511.07	1444.79	1444.57
1444.79	833.469	600	1.#QNAN	0	0.015	0	7.33833e-007	1499.94	1444.79	1444.58
1444.85	833.445	601	1.#QNAN	0	0	0	7.5714e-007	1531.33	1444.85	1444.63
1444.98	833.427	602	1.#QNAN	0	0.016	0	7.21766e-007	1591.36	1444.98	1444.76
1445.07	833.409	603	1.#QNAN	0	0.015	0	7.3732e-007	1551.96	1445.07	1444.85
1445.08	833.347	604	1.#QNAN	0	0.016	0	7.45217e-007	1517.29	1445.08	1444.87
1445.08	833.289	605	1.#QNAN	0	0.016	0	7.34384e-007	1500.63	1445.08	1444.87
1444.97	833.213	606	1.#QNAN	0	0.015	0	7.17481e-007	1436.89	1444.97	1444.76
1444.89	833.142	607	1.#QNAN	0	0.016	0	7.62447e-007	1459.4	1444.89	1444.68
1444.88	833.075	608	1.#QNAN	0	0	0	7.09791e-007	1503.52	1444.88	1444.67
1444.87	833.031	609	1.#QNAN	0	0.015	0	7.27032e-007	1498.48	1444.87	1444.66
1444.87	833.006	610	1.#QNAN	0	0.016	0	7.25996e-007	1505.07	1444.87	1444.66
1444.85	832.966	611	1.#QNAN	0	0.016	0	7.33766e-007	1491.91	1444.85	1444.65
1444.83	832.931	612	1.#QNAN	0	0.015	0	7.35116e-007	1502.22	1444.83	1444.63
1444.82	832.893	613	1.#QNAN	0	0.016	0	7.37686e-007	1490.79	1444.82	1444.61
1444.78	832.839	614	1.#QNAN	0	0.015	0	7.21081e-007	1478.09	1444.78	1444.58
1444.77	832.818	615	1.#QNAN	0	0	0	7.4918e-007	1508.56	1444.77	1444.57
1444.75	832.804	616	1.#QNAN	0	0.016	0	7.34138e-007	1494.61	1444.75	1444.55
1444.72	832.763	617	1.#QNAN	0	0.016	0	7.54508e-007	1482.68	1444.72	1444.52
1444.67	832.741	618	1.#QNAN	0	0.015	0	7.38662e-007	1459.67	1444.67	1444.47
1444.61	832.691	619	1.#QNAN	0	0.016	0	7.29402e-007	1473.61	1444.61	1444.42
1444.56	832.649	620	1.#QNAN	0	0.015	0	6.9124e-007	1475.27	1444.56	1444.36
1444.52	832.597	621	1.#QNAN	0	0.016	0	7.5434e-007	1497.22	1444.52	1444.32
1444.47	832.578	622	1.#QNAN	0	0	0	7.61209e-007	1483.85	1444.47	1444.27
1444.37	832.555	623	1.#QNAN	0	0.016	0	7.5805e-007	1472.75	1444.37	1444.18
1444.25	832.513	624	1.#QNAN	0	0.015	0	7.23431e-007	1441.78	1444.25	1444.06
1444.13	832.486	625	1.#QNAN	0	0.016	0	7.34132e-007	1444.89	1444.13	1443.93
1444.06	832.468	626	1.#QNAN	0	0.015	0	7.32729e-007	1491.17	1444.06	1443.86
1443.96	832.414	627	1.#QNAN	0	0.016	0	7.31626e-007	1466.95	1443.96	1443.77
1443.93	832.368	628	1.#QNAN	0	0.016	0	7.36751e-007	1498.83	1443.93	1443.74
1443.9	832.355	629	1.#QNAN	0	0	0	7.48665e-007	1506.64	1443.9	1443.71
1443.82	832.296	630	1.#QNAN	0	0.015	0	7.49541e-007	1462.9	1443.82	1443.63
1443.69	832.236	631	1.#QNAN	0	0.016	0	7.35786e-007	1461.69	1443.69	1443.5
1443.62	832.189	632	1.#QNAN	0	0.015	0	7.46974e-007	1495.24	1443.62	1443.43
1443.52	832.139	633	1.#QNAN	0	0.016	0	7.50839e-007	1457.35	1443.52	1443.33
1443.41	832.088	634	1.#QNAN	0	0.016	0	7.4748e-007	1467.68	1443.41	1443.22
1443.32	832.056	635	1.#QNAN	0	0.015	0	7.27658e-007	1486.54	1443.32	1443.13
1443.23	832.02	636	1.#QNAN	0	0	0	7.42465e-007	1475.54	1443.23	1443.04
1443.16	831.974	637	1.#QNAN	0	0.016	0	7.38683e-007	1505.24	1443.16	1442.98
1443.1	831.943	638	1.#QNAN	0	0.015	0	7.12023e-007	1495.8	1443.1	1442.91
1443.02	831.906	639	1.#QNAN	0	0.016	0	7.31658e-007	1491.33	1443.02	1442.83
1442.98	831.895	640	1.#QNAN	0	0.016	0	7.36937e-007	1495.44	1442.98	1442.8
1442.96	831.846	641	1.#QNAN	0	0.015	0	7.21017e-007	1497.69	1442.96	1442.77
1442.94	831.805	642	1.#QNAN	0	0.016	0	7.4197e-007	1502.17	1442.94	1442.76
1442.93	831.748	643	1.#QNAN	0	0	0	7.56729e-007	1507.49	1442.93	1442.75
1442.92	831.708	644	1.#QNAN	0	0.015	0	7.17147e-007	1509.71	1442.92	1442.74
1442.87	831.674	645	1.#QNAN	0	0.016	0	7.52397e-007	1474.51	1442.87	1442.69
1442.76	831.6	646	1.#QNAN	0	0.016	0	7.39355e-007	1442.17	1442.76	1442.57
1442.72	831.54	647	1.#QNAN	0	0.015	0	7.16973e-007	1504.88	1442.72	1442.54
1442.7	831.479	648	1.#QNAN	0	0.016	0	7.30543e-007	1514.54	1442.7	1442.52
1442.69	831.395	649	1.#QNAN	0	0.015	0	7.34153e-007	1516.92	1442.69	1442.5
1442.7	831.319	650	1.#QNAN	0	0	0	7.29153e-007	1532.58	1442.7	1442.51
1442.68	831.262	651	1.#QNAN	0	0.016	0	7.0537e-007	1516.09	1442.68	1442.5
1442.69	831.213	652	1.#QNAN	0	0.016	0	7.31189e-007	1530.07	1442.69	1442.5
1442.69	831.183	653	1.#QNAN	0	0.015	0	7.27573e-007	1527.12	1442.69	1442.51
1442.63	831.119	654	1.#QNAN	0	0.016	0	7.45887e-007	1483.5	1442.63	1442.45
1442.57	831.051	655	1.#QNAN	0	0.015	0	7.43705e-007	1474.24	1442.57	1442.39
1442.56	831	656	1.#QNAN	0	0.016	0	7.2876e-007	1510.59	1442.56	1442.38
1442.55	830.959	657	1.#QNAN	0	0	0	7.34758e-007	1495	1442.55	1442.37
1442.56	830.913	658	1.#QNAN	0	0.016	0	7.4066e-007	1505.45	1442.56	1442.38
1442.53	830.872	659	1.#QNAN	0	0.015	0	7.50116e-007	1504.66	1442.53	1442.35
1442.47	830.814	660	1.#QNAN	0	0.016	0	7.14865e-007	1496.84	1442.47	1442.3
1442.38	830.744	661	1.#QNAN	0	0.015	1	7.34206e-007	1452.94	1442.38	1442.2
1442.24	830.665	662	1.#QNAN	0	0.016	0	7.40338e-007	1413.78	1442.24	1442.06
1442.1	830.58	663	1.#QNAN	0	0	0	7.42588e-007	1430.18	1442.1	1441.92
1442.04	830.53	664	1.#QNAN	0	0.016	0	7.17108e-007	1474.59	1442.04	1441.86
1441.99	830.474	665	1.#QNAN	0	0.015	0	7.55649e-007	1473.58	1441.99	1441.81
1441.99	830.436	666	1.#QNAN	0	0.016	0	7.64757e-007	1510.99	1441.99	1441.81
1442.01	830.415	667	1.#QNAN	0	0.015	0	7.348e-007	1532.44	1442.01	1441.83
1442.03	830.397	668	1.#QNAN	0	0.016	0	7.20204e-007	1530.46	1442.03	1441.85
1442.07	830.369	669	1.#QNAN	0	0.016	0	7.20628e-007	1531.76	1442.07	1441.89
1442.07	830.356	670	1.#QNAN	0	0	0	7.21056e-007	1510.86	1442.07	1441.9
1442.07	830.361	671	1.#QNAN	0	0.015	0	7.26612e-007	1502.81	1442.07	1441.9
1442.03	830.338	672	1.#QNAN	0	0.016	0	7.59104e-007	1494.28	1442.03	1441.85
1441.93	830.306	673	1.#QNAN	0	0.015	0	7.31198e-007	1507.1	1441.93	1441.75
1441.88	830.278	674	1.#QNAN	0	0.016	0	7.43796e-007	1504.49	1441.88	1441.71
1441.85	830.235	675	1.#QNAN	0	0.016	0	7.45658e-007	1495.75	1441.85	1441.68
1441.85	830.188	676	1.#QNAN	0	0.015	0	7.19724e-007	1524.37	1441.85	1441.68
1441.85	830.167	677	1.#QNAN	0	0.016	0	7.13306e-007	1503.57	1441.85	1441.68
1441.76	830.115	678	1.#QNAN	0	0	0	7.44089e-007	1448.98	1441.76	1441.58
1441.67	830.08	679	1.#QNAN	0	0.015	0	7.291e-007	1483.25	1441.67	1441.49
1441.59	830.043	680	1.#QNAN	0	0.016	0	7.31549e-007	1467.76	1441.59	1441.41
1441.6	830.004	681	1.#QNAN	0	0.016	0	7.50682e-007	1529.81	1441.6	1441.43
1441.63	829.981	682	1.#QNAN	0	0.015	0	7.42876e-007	1544.12	1441.63	1441.46
1441.62	829.931	683	1.#QNAN	0	0.016	0	7.30991e-007	1548.71	1441.62	1441.44
1441.62	829.889	684	1.#QNAN	0	0.015	0	7.1195e-007	1534.63	1441.62	1441.45
1441.65	829.876	685	1.#QNAN	0	0.016	0	7.3542e-007	1542.64	1441.65	1441.47
1441.73	829.856	686	1.#QNAN	0	0	0	7.49207e-007	1575.37	1441.73	1441.56
1441.75	829.829	687	1.#QNAN	0	0.016	0	7.2404e-007	1531.6	1441.75	1441.58
1441.81	829.822	688	1.#QNAN	0	0.015	0	7.28438e-007	1560.87	1441.81	1441.64
1441.89	829.813	689	1.#QNAN	0	0.016	0	7.44835e-007	1572.93	1441.89	1441.72
1441.97	829.816	690	1.#QNAN	0	0.015	0	7.17663e-007	1569.57	1441.97	1441.8
1442.06	829.814	691	1.#QNAN	0	0.016	0	7.32052e-007	1568.56	1442.06	1441.89
1442.17	829.807	692	1.#QNAN	0	0	0	7.23849e-007	1606.69	1442.17	1442.01
1442.27	829.815	693	1.#QNAN	0	0.016	0	7.56979e-007	1595.05	1442.27	1442.11
1442.32	829.803	694	1.#QNAN	0	0.015	0	7.44158e-007	1559.71	1442.32	1442.16
1442.3	829.77	695	1.#QNAN	0	0.016	0	7.22532e-007	1515.98	1442.3	1442.14
1442.26	829.748	696	1.#QNAN	0	0.015	0	7.60111e-007	1493.82	1442.26	1442.1
1442.18	829.717	697	1.#QNAN	0	0.016	0	7.82157e-007	1472.08	1442.18	1442.02
1442.08	829.685	698	1.#QNAN	0	0.016	0	7.36667e-007	1442.84	1442.08	1441.92
1442.01	829.664	699	1.#QNAN	0	0	0	7.45441e-007	1471.3	1442.01	1441.85
1441.9	829.617	700	1.#QNAN	0	0.015	0	7.52817e-007	1445.35	1441.9	1441.75
1441.81	829.574	701	1.#QNAN	0	0.016	0	7.28313e-007	1473.75	1441.81	1441.65
1441.67	829.524	702	1.#QNAN	0	0.015	0	7.17067e-007	1436.53	1441.67	1441.51
1441.53	829.48	703	1.#QNAN	0	0.016	0	7.43678e-007	1452.17	1441.53	1441.37
1441.4	829.418	704	1.#QNAN	0	0.016	0	7.30724e-007	1452.32	1441.4	1441.24
1441.3	829.361	705	1.#QNAN	0	0.015	0	7.35733e-007	1456.08	1441.3	1441.14
1441.18	829.304	706	1.#QNAN	0	0	0	7.71347e-007	1432.77	1441.18	1441.02
1441.05	829.278	707	1.#QNAN	0	0.016	0	7.07687e-007	1425.18	1441.05	1440.89
1440.93	829.225	708	1.#QNAN	0	0.015	0	7.20779e-007	1422.84	1440.93	1440.77
1440.82	829.203	709	1.#QNAN	0	0.017	0	7.45543e-007	1435.82	1440.82	1440.66
1440.7	829.164	710	1.#QNAN	0	0.016	0	7.32746e-007	1446.71	1440.7	1440.54
1440.59	829.102	711	1.#QNAN	0	0.015	0	7.27439e-007	1459.1	1440.59	1440.43
1440.49	829.052	712	1.#QNAN	0	0.016	0	7.05712e-007	1429.49	1440.49	1440.33
1440.43	829.033	713	1.#QNAN	0	0	0	7.41745e-007	1456.48	1440.43	1440.27
1440.35	829.008	714	1.#QNAN	0	0.015	0	7.16893e-007	1460.29	1440.35	1440.19
1440.22	828.977	715	1.#QNAN	0	0.016	0	7.42082e-007	1419.55	1440.22	1440.06
1440.1	828.926	716	1.#QNAN	0	0.016	0	7.60155e-007	1418.82	1440.1	1439.93
1440.09	828.897	717	1.#QNAN	0	0.015	0	7.54021e-007	1523.06	1440.09	1439.93
1439.97	828.83	718	1.#QNAN	0	0.016	0	7.31028e-007	1436.73	1439.97	1439.81
1439.85	828.776	719	1.#QNAN	0	0.015	0	7.54176e-007	1426.04	1439.85	1439.69
1439.75	828.724	720	1.#QNAN	0	0	0	7.45153e-007	1460.13	1439.75	1439.59
1439.67	828.699	721	1.#QNAN	0	0.016	0	7.41225e-007	1460.74	1439.67	1439.51
1439.54	828.666	722	1.#QNAN	0	0.016	0	7.12279e-007	1422.44	1439.54	1439.38
1439.4	828.622	723	1.#QNAN	0	0.015	0	7.54244e-007	1434.2	1439.4	1439.24
1439.28	828.572	724	1.#QNAN	0	0.016	0	7.20747e-007	1458.05	1439.28	1439.12
1439.13	828.515	725	1.#QNAN	0	0.015	0	7.63781e-007	1410.38	1439.13	1438.97
1439.01	828.481	726	1.#QNAN	0	0.016	0	7.28075e-007	1425.62	1439.01	1438.85
1438.9	828.463	727	1.#QNAN	0	0	0	7.65979e-007	1436.11	1438.9	1438.74
1438.78	828.417	728	1.#QNAN	0	0.016	0	7.26761e-007	1429.4	1438.78	1438.62
1438.62	828.373	729	1.#QNAN	0	0.015	0	7.33676e-007	1387.3	1438.62	1438.46
1438.54	828.324	730	1.#QNAN	0	0.016	0	7.62996e-007	1465.76	1438.54	1438.37
1438.39	828.283	731	1.#QNAN	0	0.015	0	7.52145e-007	1425.84	1438.39	1438.23
1438.3	828.225	732	1.#QNAN	0	0.016	0	7.47291e-007	1442.78	1438.3	1438.13
1438.24	828.216	733	1.#QNAN	0	0	0	7.22624e-007	1453.79	1438.24	1438.07
1438.21	828.2	734	1.#QNAN	0	0.016	0	7.28816e-007	1502	1438.21	1438.05
1438.23	828.187	735	1.#QNAN	0	0.015	0	7.35498e-007	1544.83	1438.23	1438.07
1438.19	828.148	736	1.#QNAN	0	0.016	1	7.05628e-007	1483.19	1438.19	1438.02
1438.12	828.117	737	1.#QNAN	0	0.015	0	7.22562e-007	1472.44	1438.12	1437.95
1438.02	828.074	738	1.#QNAN	0	0.016	0	7.62843e-007	1438.57	1438.02	1437.85
1437.96	828.047	739	1.#QNAN	0	0.016	0	7.12971e-007	1475.86	1437.96	1437.8
1437.89	828.017	740	1.#QNAN	0	0	0	7.35344e-007	1476.27	1437.89	1437.73
1437.84	827.98	741	1.#QNAN	0	0.015	0	7.34955e-007	1485.86	1437.84	1437.68
1437.81	827.946	742	1.#QNAN	0	0.016	0	7.50105e-007	1486.81	1437.81	1437.64
1437.71	827.9	743	1.#QNAN	0	0.015	0	7.56757e-007	1433.97	1437.71	1437.55
1437.61	827.842	744	1.#QNAN	0	0.016	0	7.43435e-007	1440.05	1437.61	1437.44
1437.57	827.814	745	1.#QNAN	0	0.016	0	7.62459e-007	1487.67	1437.57	1437.41
1437.51	827.773	746	1.#QNAN	0	0	0	7.55161e-007	1468.71	1437.51	1437.35
1437.46	827.746	747	1.#QNAN	0	0.015	0	7.36563e-007	1484.78	1437.46	1437.3
1437.49	827.728	748	1.#QNAN	0	0.016	0	7.3341e-007	1561.55	1437.49	1437.32
1437.55	827.698	749	1.#QNAN	0	0.015	0	7.4642e-007	1589.78	1437.55	1437.39
1437.61	827.676	750	1.#QNAN	0	0.016	0	7.30162e-007	1560.74	1437.61	1437.45
1437.66	827.664	751	1.#QNAN	0	0.016	0	7.31314e-007	1572.44	1437.66	1437.5
1437.7	827.643	752	1.#QNAN	0	0.015	0	7.42869e-007	1547.61	1437.7	1437.54
1437.74	827.618	753	1.#QNAN	0	0	0	7.43822e-007	1533.57	1437.74	1437.58
1437.72	827.605	754	1.#QNAN	0	0.016	0	7.52808e-007	1501.56	1437.72	1437.56
1437.7	827.588	755	1.#QNAN	0	0.015	0	7.31152e-007	1517.88	1437.7	1437.54
1437.69	827.564	756	1.#QNAN	0	0.016	0	7.40935e-007	1540.88	1437.69	1437.54
1437.72	827.552	757	1.#QNAN	0	0.016	0	7.3844e-007	1575.06	1437.72	1437.57
1437.67	827.528	758	1.#QNAN	0	0.015	0	7.34551e-007	1512.06	1437.67	1437.51
1437.66	827.491	759	1.#QNAN	0	0.016	0	7.18051e-007	1530.08	1437.66	1437.51
1437.66	827.485	760	1.#QNAN	0	0	0	7.3757e-007	1535.11	1437.66	1437.5
1437.62	827.456	761	1.#QNAN	0	0.015	0	7.3447e-007	1497.28	1437.62	1437.47
1437.6	827.426	762	1.#QNAN	0	0.016	0	7.11007e-007	1526.31	1437.6	1437.45
1437.52	827.381	763	1.#QNAN	0	0.016	0	7.23041e-007	1490.4	1437.52	1437.37
1437.41	827.353	764	1.#QNAN	0	0.015	0	7.35865e-007	1426.3	1437.41	1437.25
1437.25	827.307	765	1.#QNAN	0	0.016	0	7.14207e-007	1404.91	1437.25	1437.1
1437.09	827.266	766	1.#QNAN	0	0.015	0	7.31064e-007	1395.15	1437.09	1436.93
1436.99	827.208	767	1.#QNAN	0	0	0	7.28275e-007	1444.16	1436.99	1436.83
1436.9	827.162	768	1.#QNAN	0	0.016	0	7.29833e-007	1443.56	1436.9	1436.74
1436.78	827.105	769	1.#QNAN	0	0.016	0	7.48197e-007	1418.93	1436.78	1436.62
1436.71	827.062	770	1.#QNAN	0	0.015	0	7.19723e-007	1465.84	1436.71	1436.55
1436.64	827.037	771	1.#QNAN	0	0.016	0	7.24381e-007	1459.97	1436.64	1436.48
1436.61	827.032	772	1.#QNAN	0	0.015	0	7.40902e-007	1480.94	1436.61	1436.45
1436.61	827.018	773	1.#QNAN	0	0.016	0	7.34978e-007	1516.71	1436.61	1436.45
1436.64	827.006	774	1.#QNAN	0	0	0	7.35642e-007	1539.36	1436.64	1436.48
1436.63	826.984	775	1.#QNAN	0	0.016	0	7.48537e-007	1503.87	1436.63	1436.48
1436.62	826.977	776	1.#QNAN	0	0.015	0	7.55194e-007	1516.69	1436.62	1436.47
1436.57	826.954	777	1.#QNAN	0	0.016	0	7.49885e-007	1487.43	1436.57	1436.41
1436.55	826.932	778	1.#QNAN	0	0.015	0	7.34552e-007	1504.27	1436.55	1436.39
1436.5	826.915	779	1.#QNAN	0	0.016	0	7.33941e-007	1480.83	1436.5	1436.35
1436.44	826.886	780	1.#QNAN	0	0.016	0	7.39182e-007	1446.3	1436.44	1436.29
1436.4	826.85	781	1.#QNAN	0	0	0	7.46543e-007	1474.86	1436.4	1436.24
1436.38	826.814	782	1.#QNAN	0	0.015	0	7.0119e-007	1498.46	1436.38	1436.23
1436.38	826.807	783	1.#QNAN	0	0.016	0	7.14221e-007	1500.6	1436.38	1436.23
1436.34	826.784	784	1.#QNAN	0	0.015	0	7.30327e-007	1492.36	1436.34	1436.19
1436.34	826.774	785	1.#QNAN	0	0.016	0	7.02975e-007	1516.15	1436.34	1436.19
1436.27	826.755	786	1.#QNAN	0	0.016	0	7.29268e-007	1458.64	1436.27	1436.12
1436.26	826.734	787	1.#QNAN	0	0	0	7.48484e-007	1494.02	1436.26	1436.11
1436.24	826.697	788	1.#QNAN	0	0.015	0	7.28547e-007	1506.92	1436.24	1436.09
1436.23	826.661	789	1.#QNAN	0	0.016	0	7.19426e-007	1502.25	1436.23	1436.09
1436.21	826.643	790	1.#QNAN	0	0.015	0	7.42585e-007	1498.35	1436.21	1436.06
1436.23	826.632	791	1.#QNAN	0	0.016	0	7.4343e-007	1514.87	1436.23	1436.08
1436.27	826.63	792	1.#QNAN	0	0.016	0	7.2537e-007	1531.5	1436.27	1436.12
1436.32	826.616	793	1.#QNAN	0	0.015	0	7.13495e-007	1525.31	1436.32	1436.18
1436.29	826.589	794	1.#QNAN	0	0.016	0	7.11102e-007	1464.42	1436.29	1436.14
1436.29	826.575	795	1.#QNAN	0	0	0	7.4275e-007	1501.88	1436.29	1436.15
1436.32	826.552	796	1.#QNAN	0	0.015	0	7.60979e-007	1539.87	1436.32	1436.18
1436.3	826.537	797	1.#QNAN	0	0.016	0	7.48972e-007	1490.99	1436.3	1436.16
1436.3	826.515	798	1.#QNAN	0	0.016	0	7.24851e-007	1493.82	1436.3	1436.16
1436.26	826.505	799	1.#QNAN	0	0.015	0	7.69456e-007	1466.33	1436.26	1436.12
