rmse	mae	#iter	time_pred	time_learn	time_learn2	time_learn4	alpha	rmse_mcmc_this	rmse_mcmc_all	rmse_mcmc_all_but5
10917	6593.01	0	1.#QNAN	0	0.016	0	1.19163e-010	10917	10917	3880.47
10095.5	5949.46	1	1.#QNAN	0	0.016	0	2.48482e-009	9814.58	10095.5	3880.47
9830.13	5738.1	2	1.#QNAN	0	0.015	0	3.02787e-009	9586.37	9830.13	3880.47
9635.78	5625.41	3	1.#QNAN	0	0	0	3.29415e-009	9254.86	9635.78	3880.47
9473.32	5526.71	4	1.#QNAN	0	0.016	0	3.64876e-009	8974.06	9473.32	37687.6
9337.04	5454.82	5	1.#QNAN	0	0.015	0	4.13292e-009	8786.56	9337.04	8786.56
9239.83	5409.77	6	1.#QNAN	0	0.016	0	4.33532e-009	8825.06	9239.83	8751.97
9100.29	5338.09	7	1.#QNAN	0	0.016	0	4.79474e-009	8267.38	9100.29	8546.74
8949.66	5250.76	8	1.#QNAN	0	0.015	0	5.39348e-009	7914.41	8949.66	8358.57
8825.15	5189.74	9	1.#QNAN	0	0.016	0	5.76254e-009	7827.13	8825.15	8232.92
8683.26	5110.93	10	1.#QNAN	0	0.015	0	6.41028e-009	7428.96	8683.26	8082.12
8537.58	5032.28	11	1.#QNAN	0	0	0	7.62061e-009	7146.29	8537.58	7928.91
8389.47	4953.06	12	1.#QNAN	0	0.016	0	8.77982e-009	6860.75	8389.47	7773.47
8230.89	4863.29	13	1.#QNAN	0	0.016	0	9.83937e-009	6483.96	8230.89	7604.83
8074.18	4775.08	14	1.#QNAN	0	0.015	0	1.16046e-008	6302.58	8074.18	7443.39
7912.6	4684.9	15	1.#QNAN	0	0.016	0	1.3473e-008	5927.98	7912.6	7276.37
7756.57	4599.55	16	1.#QNAN	0	0.015	0	1.55469e-008	5814.97	7756.57	7118.99
7586.03	4505.47	17	1.#QNAN	0	0.016	0	1.77072e-008	5316.3	7586.03	6943.16
7423.76	4417.51	18	1.#QNAN	0	0.016	0	1.90506e-008	5115.44	7423.76	6779.63
7258.42	4327.74	19	1.#QNAN	0	0	0	2.17903e-008	4856.98	7258.42	6612.86
7098.67	4242.72	20	1.#QNAN	0	0.015	0	2.5573e-008	4678.21	7098.67	6453.88
6941.57	4161.8	21	1.#QNAN	0	0.016	0	2.79891e-008	4422.12	6941.57	6298.48
6790.44	4084.01	22	1.#QNAN	0	0.015	0	3.12665e-008	4366.25	6790.44	6151.69
6644.39	4008.47	23	1.#QNAN	0	0.016	0	3.59184e-008	4167.74	6644.39	6010.63
6499.21	3932.61	24	1.#QNAN	0	0.016	0	3.64711e-008	3989.58	6499.21	5870.74
6360.54	3861.44	25	1.#QNAN	0	0.015	0	3.87163e-008	3922.89	6360.54	5738.78
6226.11	3791.88	26	1.#QNAN	0	0.016	0	4.42506e-008	3803.63	6226.11	5611.58
6097.5	3724.78	27	1.#QNAN	0	0.015	0	4.47988e-008	3736.65	6097.5	5491.16
5973.53	3660.45	28	1.#QNAN	0	0.016	0	5.00296e-008	3643.06	5973.53	5375.79
5855.77	3599.29	29	1.#QNAN	0	0	0	5.1429e-008	3609.05	5855.77	5267.37
5741.53	3540.08	30	1.#QNAN	0	0.016	0	5.63387e-008	3538.49	5741.53	5162.73
5633.15	3483.49	31	1.#QNAN	0	0.015	0	5.8317e-008	3471.51	5633.15	5064.27
5530.48	3429.73	32	1.#QNAN	0	0.016	0	5.86389e-008	3493.67	5530.48	4972.24
5430.44	3377.83	33	1.#QNAN	0	0.015	0	6.29533e-008	3373.83	5430.44	4882.56
5336.38	3328.96	34	1.#QNAN	0	0.016	0	6.41479e-008	3406.37	5336.38	4799.39
5246.04	3281.71	35	1.#QNAN	0	0.016	0	6.82108e-008	3359.43	5246.04	4719.95
5158.84	3235.5	36	1.#QNAN	0	0	0	7.3223e-008	3303.16	5158.84	4643.48
5075.49	3190.83	37	1.#QNAN	0	0.015	1	7.05981e-008	3258.32	5075.49	4570.92
4997.88	3148.37	38	1.#QNAN	0	0.016	0	7.67518e-008	3229.45	4997.88	4504.15
4922.57	3107.2	39	1.#QNAN	0	0.015	0	7.76868e-008	3203.3	4922.57	4439.62
4850.05	3066.71	40	1.#QNAN	0	0.016	0	8.31444e-008	3174.43	4850.05	4377.55
4781.41	3028.5	41	1.#QNAN	0	0.016	0	8.82554e-008	3178.11	4781.41	4319.34
4717.21	2992.82	42	1.#QNAN	0	0.015	0	8.98458e-008	3151.28	4717.21	4265.43
4654.73	2958.53	43	1.#QNAN	0	0	0	9.08759e-008	3099.31	4654.73	4212.94
4594.81	2925.27	44	1.#QNAN	0	0.016	0	9.33339e-008	3075.05	4594.81	4162.87
4536.76	2893.32	45	1.#QNAN	0	0.015	0	9.75353e-008	3028.83	4536.76	4114.37
4480.34	2862.3	46	1.#QNAN	0	0.016	0	1.00326e-007	2996	4480.34	4067.26
4426.31	2832.41	47	1.#QNAN	0	0.016	0	1.02181e-007	2959.45	4426.31	4022.13
4374.59	2804.12	48	1.#QNAN	0	0.015	0	1.05384e-007	2962.56	4374.59	3979.32
4324.54	2775.94	49	1.#QNAN	0	0.016	0	1.04714e-007	2906.24	4324.54	3937.83
4277.03	2749.25	50	1.#QNAN	0	0	0	1.06778e-007	2941.46	4277.03	3898.79
4230.79	2723.07	51	1.#QNAN	0	0.015	0	1.13679e-007	2879.98	4230.79	3860.7
4185.82	2697.76	52	1.#QNAN	0	0.016	0	1.20475e-007	2863.5	4185.82	3823.77
4143.22	2673.38	53	1.#QNAN	0	0.016	0	1.22175e-007	2850.64	4143.22	3788.96
4101.62	2650.13	54	1.#QNAN	0	0.015	0	1.26913e-007	2838.57	4101.62	3754.94
4060.53	2626.6	55	1.#QNAN	0	0.016	0	1.26459e-007	2787.24	4060.53	3721.26
4021.15	2604.25	56	1.#QNAN	0	0	0	1.26607e-007	2800.6	4021.15	3689.13
3982.98	2581.76	57	1.#QNAN	0	0.015	0	1.28687e-007	2755.48	3982.98	3657.97
3946.24	2560.4	58	1.#QNAN	0	0.016	0	1.36723e-007	2731.93	3946.24	3628.09
3910.52	2539.36	59	1.#QNAN	0	0.016	0	1.45666e-007	2721.54	3910.52	3598.97
3876.06	2519.11	60	1.#QNAN	0	0.015	0	1.47201e-007	2700.87	3876.06	3570.96
3842.36	2499.18	61	1.#QNAN	0	0.016	0	1.50067e-007	2657.09	3842.36	3543.49
3810.39	2480.29	62	1.#QNAN	0	0	0	1.50311e-007	2692.38	3810.39	3517.74
3779.54	2461.91	63	1.#QNAN	0	0	0	1.54582e-007	2684.12	3779.54	3492.97
3749.51	2443.82	64	1.#QNAN	0	0.015	0	1.54701e-007	2644.71	3749.51	3468.71
3720.42	2426.45	65	1.#QNAN	0	0.016	0	1.59725e-007	2613.31	3720.42	3445.16
3692.01	2409.12	66	1.#QNAN	0	0.015	0	1.66458e-007	2619.07	3692.01	3422.28
3664.38	2392.42	67	1.#QNAN	0	0	0	1.67129e-007	2602.37	3664.38	3400.01
3637.25	2376.11	68	1.#QNAN	0	0.016	0	1.72056e-007	2572.56	3637.25	3378.09
3611.12	2360	69	1.#QNAN	0	0.016	0	1.77038e-007	2558.46	3611.12	3357.03
3585.37	2344.26	70	1.#QNAN	0	0.015	0	1.83253e-007	2524.12	3585.37	3336.16
3560.57	2328.89	71	1.#QNAN	0	0.016	0	1.86757e-007	2530.97	3560.57	3316.13
3536.26	2313.71	72	1.#QNAN	0	0.015	0	1.75729e-007	2493.39	3536.26	3296.43
3512.78	2299.02	73	1.#QNAN	0	0	0	1.90614e-007	2515.48	3512.78	3277.51
3489.79	2284.7	74	1.#QNAN	0	0.016	0	1.86645e-007	2486.52	3489.79	3258.92
3467.19	2270.64	75	1.#QNAN	0	0.016	0	1.99394e-007	2460.31	3467.19	3240.59
3445.18	2257.08	76	1.#QNAN	0	0.015	0	2.00019e-007	2440.11	3445.18	3222.68
3423.96	2243.84	77	1.#QNAN	0	0.016	0	2.06783e-007	2429.9	3423.96	3205.47
3403.03	2230.67	78	1.#QNAN	0	0.015	0	2.07609e-007	2421.09	3403.03	3188.47
3382.67	2217.76	79	1.#QNAN	0	0.016	0	1.99378e-007	2418.99	3382.67	3171.96
3362.58	2204.94	80	1.#QNAN	0	0	0	2.12907e-007	2393.04	3362.58	3155.59
3342.94	2192.35	81	1.#QNAN	0	0.016	0	2.1878e-007	2383.25	3342.94	3139.57
3323.33	2179.71	82	1.#QNAN	0	0.015	0	2.13597e-007	2353.64	3323.33	3123.51
3304.74	2167.7	83	1.#QNAN	0	0.016	0	2.16249e-007	2378.65	3304.74	3108.39
3285.94	2155.46	84	1.#QNAN	0	0.015	0	2.18946e-007	2326.83	3285.94	3092.93
3267.9	2143.83	85	1.#QNAN	0	0.016	0	2.28061e-007	2344.96	3267.9	3078.19
3250.42	2132.46	86	1.#QNAN	0	0.016	0	2.31438e-007	2345.25	3250.42	3063.93
3233.4	2121.26	87	1.#QNAN	0	0	0	2.33458e-007	2318.81	3233.4	3049.99
3216.75	2110.41	88	1.#QNAN	0	0.015	0	2.35959e-007	2310.67	3216.75	3036.38
3200.58	2099.8	89	1.#QNAN	0	0.016	0	2.31293e-007	2318.88	3200.58	3023.17
3184.51	2089.19	90	1.#QNAN	0	0.015	0	2.43439e-007	2295.58	3184.51	3009.98
3168.93	2078.95	91	1.#QNAN	0	0.016	0	2.4429e-007	2297.45	3168.93	2997.21
3153.62	2068.74	92	1.#QNAN	0	0.016	0	2.5348e-007	2274.12	3153.62	2984.64
3139.04	2059.01	93	1.#QNAN	0	0.015	0	2.56208e-007	2307.54	3139.04	2972.78
3124.38	2049.16	94	1.#QNAN	0	0.016	0	2.51698e-007	2272.55	3124.38	2960.77
3109.82	2039.18	95	1.#QNAN	0	0	0	2.55881e-007	2278.17	3109.82	2948.81
3095.44	2029.39	96	1.#QNAN	0	0.015	0	2.58132e-007	2251.14	3095.44	2936.94
3081.49	2019.97	97	1.#QNAN	0	0.016	0	2.71103e-007	2252.19	3081.49	2925.5
3067.65	2010.47	98	1.#QNAN	0	0.016	0	2.66035e-007	2231.36	3067.65	2914.07
3054.16	2001.28	99	1.#QNAN	0	0.015	0	2.65492e-007	2238.76	3054.16	2902.98
3040.66	1992.08	100	1.#QNAN	0	0.016	0	2.84478e-007	2198.2	3040.66	2891.75
3027.46	1983.08	101	1.#QNAN	0	0	0	2.72967e-007	2188.95	3027.46	2880.79
3014.39	1974.15	102	1.#QNAN	0	0.015	0	2.87587e-007	2193.15	3014.39	2869.92
3001.66	1965.45	103	1.#QNAN	0	0.016	0	2.78883e-007	2184.51	3001.66	2859.35
2989.02	1956.79	104	1.#QNAN	0	0.016	0	2.83579e-007	2157.32	2989.02	2848.79
2976.66	1948.32	105	1.#QNAN	0	0.015	0	2.88205e-007	2175.66	2976.66	2838.51
2964.35	1939.88	106	1.#QNAN	0	0.016	0	2.98838e-007	2151.44	2964.35	2828.23
2952.25	1931.53	107	1.#QNAN	0	0.015	0	3.01444e-007	2124.55	2952.25	2818.05
2940.69	1923.53	108	1.#QNAN	0	0	0	3.00882e-007	2148.48	2940.69	2808.4
2929.16	1915.65	109	1.#QNAN	0	0.016	0	2.9645e-007	2135.89	2929.16	2798.72
2917.66	1907.74	110	1.#QNAN	0	0.016	1	2.95758e-007	2118.6	2917.66	2789.08
2905.96	1899.68	111	1.#QNAN	0	0.015	0	3.03323e-007	2096.92	2905.96	2779.2
2894.52	1891.86	112	1.#QNAN	0	0.016	0	3.1645e-007	2080.36	2894.52	2769.51
2883.15	1883.99	113	1.#QNAN	0	0.015	0	3.01232e-007	2056.28	2883.15	2759.84
2871.8	1876.14	114	1.#QNAN	0	0.016	0	3.19974e-007	2033.51	2871.8	2750.14
2860.82	1868.54	115	1.#QNAN	0	0	0	3.20611e-007	2051.81	2860.82	2740.82
2849.96	1861.06	116	1.#QNAN	0	0.016	0	3.25925e-007	2022	2849.96	2731.53
2839.15	1853.61	117	1.#QNAN	0	0.015	0	3.21905e-007	1998.53	2839.15	2722.24
2828.32	1846.3	118	1.#QNAN	0	0.016	0	3.42339e-007	1975.07	2828.32	2712.91
2817.82	1839.04	119	1.#QNAN	0	0.015	0	3.41219e-007	2005.45	2817.82	2703.92
2807.26	1831.78	120	1.#QNAN	0	0.016	0	3.38718e-007	1966.95	2807.26	2694.8
2797.17	1824.78	121	1.#QNAN	0	0	0	3.33067e-007	1997.1	2797.17	2686.15
2787.25	1818	122	1.#QNAN	0	0.016	0	3.40957e-007	1972.46	2787.25	2677.58
2777.4	1811.22	123	1.#QNAN	0	0.015	0	3.4749e-007	1972.44	2777.4	2669.08
2767.55	1804.43	124	1.#QNAN	0	0.016	0	3.50857e-007	1947.93	2767.55	2660.56
2758.01	1797.73	125	1.#QNAN	0	0.015	0	3.58203e-007	1970.66	2758.01	2652.35
2748.39	1791.02	126	1.#QNAN	0	0.016	0	3.63192e-007	1942.45	2748.39	2644.03
2738.84	1784.34	127	1.#QNAN	0	0.016	0	3.62197e-007	1935.48	2738.84	2635.75
2729.49	1777.82	128	1.#QNAN	0	0.015	0	3.6597e-007	1944.59	2729.49	2627.65
2720.27	1771.24	129	1.#QNAN	0	0	0	3.77479e-007	1912.88	2720.27	2619.62
2711.28	1764.82	130	1.#QNAN	0	0.016	0	3.69732e-007	1944.75	2711.28	2611.85
2702.38	1758.53	131	1.#QNAN	0	0.015	0	3.70205e-007	1925.25	2702.38	2604.13
2693.81	1752.39	132	1.#QNAN	0	0.016	0	3.74771e-007	1933.6	2693.81	2596.69
2685.02	1746.25	133	1.#QNAN	0	0.016	0	3.7846e-007	1879.01	2685.02	2589
2676.43	1740.16	134	1.#QNAN	0	0.015	0	3.71877e-007	1898.45	2676.43	2581.51
2668	1734.23	135	1.#QNAN	0	0.016	0	3.81329e-007	1883.99	2668	2574.14
2659.6	1728.24	136	1.#QNAN	0	0	0	3.86627e-007	1889.95	2659.6	2566.82
2651.38	1722.43	137	1.#QNAN	0	0	0	3.90246e-007	1871.29	2651.38	2559.62
2643.23	1716.78	138	1.#QNAN	0	0.016	0	3.94114e-007	1863.55	2643.23	2552.46
2635.05	1711.16	139	1.#QNAN	0	0.016	0	4.04419e-007	1843.71	2635.05	2545.26
2627	1705.54	140	1.#QNAN	0	0.015	0	3.99176e-007	1853.4	2627	2538.19
2619	1699.89	141	1.#QNAN	0	0.016	0	3.85797e-007	1836.68	2619	2531.12
2611.17	1694.46	142	1.#QNAN	0	0.015	0	3.97831e-007	1843.53	2611.17	2524.23
2603.23	1688.94	143	1.#QNAN	0	0.016	0	4.11782e-007	1802.95	2603.23	2517.19
2595.25	1683.38	144	1.#QNAN	0	0	0	4.06534e-007	1778.13	2595.25	2510.1
2587.46	1677.97	145	1.#QNAN	0	0.016	0	4.03017e-007	1788.11	2587.46	2503.19
2579.81	1672.58	146	1.#QNAN	0	0.015	0	4.18869e-007	1814.37	2579.81	2496.43
2572	1667.12	147	1.#QNAN	0	0.016	0	4.15471e-007	1757.18	2572	2489.44
2564.34	1661.84	148	1.#QNAN	0	0.015	0	4.03696e-007	1752.88	2564.34	2482.6
2556.8	1656.66	149	1.#QNAN	0	0.016	0	4.25953e-007	1748.25	2556.8	2475.84
2549.34	1651.5	150	1.#QNAN	0	0	0	4.15251e-007	1749.41	2549.34	2469.18
2541.95	1646.42	151	1.#QNAN	0	0.016	0	4.23809e-007	1745.36	2541.95	2462.57
2534.58	1641.22	152	1.#QNAN	0	0.015	0	4.17955e-007	1736.79	2534.58	2455.97
2527.19	1636.11	153	1.#QNAN	0	0.016	0	4.4909e-007	1715.67	2527.19	2449.32
2520.06	1631.17	154	1.#QNAN	0	0.015	0	4.14184e-007	1731.98	2520.06	2442.93
2512.97	1626.28	155	1.#QNAN	0	0.016	0	4.42718e-007	1727.24	2512.97	2436.56
2505.78	1621.31	156	1.#QNAN	0	0	0	4.35151e-007	1690.2	2505.78	2430.08
2498.71	1616.46	157	1.#QNAN	0	0.016	0	4.35865e-007	1714.28	2498.71	2423.71
2491.6	1611.62	158	1.#QNAN	0	0.015	0	4.38949e-007	1687.08	2491.6	2417.28
2484.74	1606.9	159	1.#QNAN	0	0.016	0	4.38785e-007	1702.84	2484.74	2411.1
2477.8	1602.1	160	1.#QNAN	0	0.015	0	4.50644e-007	1682.23	2477.8	2404.84
2470.91	1597.36	161	1.#QNAN	0	0.016	0	4.47518e-007	1675.86	2470.91	2398.61
2464.09	1592.63	162	1.#QNAN	0	0.016	0	4.46807e-007	1668.14	2464.09	2392.44
2457.34	1588.02	163	1.#QNAN	0	0	0	4.66448e-007	1664.34	2457.34	2386.32
2450.75	1583.54	164	1.#QNAN	0	0.015	0	4.54792e-007	1676.34	2450.75	2380.36
2444.23	1579.16	165	1.#QNAN	0	0.016	0	4.54812e-007	1658.29	2444.23	2374.45
2437.82	1574.8	166	1.#QNAN	0	0.015	0	4.75059e-007	1661.31	2437.82	2368.64
2431.51	1570.48	167	1.#QNAN	0	0.016	0	4.68595e-007	1672.07	2431.51	2362.92
2425.04	1566.11	168	1.#QNAN	0	0.016	0	4.73531e-007	1637.97	2425.04	2357.01
2418.81	1561.85	169	1.#QNAN	0	0.015	0	4.80609e-007	1652.73	2418.81	2351.37
2412.56	1557.61	170	1.#QNAN	0	0.016	0	4.69386e-007	1637.82	2412.56	2345.68
2406.34	1553.4	171	1.#QNAN	0	0	0	4.59838e-007	1627.63	2406.34	2340
2400.13	1549.25	172	1.#QNAN	0	0.015	0	4.58629e-007	1617.49	2400.13	2334.34
2394.11	1545.22	173	1.#QNAN	0	0.016	0	4.55257e-007	1637.76	2394.11	2328.85
2388.03	1541.17	174	1.#QNAN	0	0.016	0	4.63972e-007	1625.19	2388.03	2323.32
2381.93	1537.14	175	1.#QNAN	0	0.015	0	4.69997e-007	1615.57	2381.93	2317.76
2375.99	1533.2	176	1.#QNAN	0	0.016	0	4.81305e-007	1620.24	2375.99	2312.33
2370.19	1529.37	177	1.#QNAN	0	0	0	4.82794e-007	1621.84	2370.19	2307.04
2364.26	1525.5	178	1.#QNAN	0	0	0	4.93282e-007	1605.99	2364.26	2301.6
2358.42	1521.62	179	1.#QNAN	0	0.016	0	4.94132e-007	1600.29	2358.42	2296.25
2352.61	1517.79	180	1.#QNAN	0	0.016	0	4.85835e-007	1609.27	2352.61	2290.92
2346.82	1514	181	1.#QNAN	0	0.015	0	4.98894e-007	1584.1	2346.82	2285.61
2341.08	1510.19	182	1.#QNAN	0	0.016	0	5.1124e-007	1593.14	2341.08	2280.35
2335.33	1506.38	183	1.#QNAN	0	0.015	0	5.07262e-007	1572.9	2335.33	2275.07
2329.7	1502.64	184	1.#QNAN	0	0	0	5.1508e-007	1573.45	2329.7	2269.89
2324.19	1499.01	185	1.#QNAN	0	0.016	1	4.96705e-007	1598.59	2324.19	2264.83
2318.73	1495.39	186	1.#QNAN	0	0.016	0	5.11239e-007	1592.57	2318.73	2259.82
2313.25	1491.79	187	1.#QNAN	0	0.015	0	5.09732e-007	1564.65	2313.25	2254.76
2307.77	1488.25	188	1.#QNAN	0	0.016	0	4.97273e-007	1577.8	2307.77	2249.71
2302.29	1484.75	189	1.#QNAN	0	0.015	0	5.1993e-007	1550.09	2302.29	2244.65
2296.84	1481.14	190	1.#QNAN	0	0.016	0	4.99078e-007	1554.25	2296.84	2239.62
2291.47	1477.6	191	1.#QNAN	0	0	0	5.22433e-007	1551.09	2291.47	2234.67
2286.12	1474.09	192	1.#QNAN	0	0.016	0	5.17003e-007	1556.2	2286.12	2229.73
2280.79	1470.67	193	1.#QNAN	0	0.015	0	5.19803e-007	1553.02	2280.79	2224.81
2275.64	1467.27	194	1.#QNAN	0	0.016	0	5.22213e-007	1564.86	2275.64	2220.07
2270.34	1463.83	195	1.#QNAN	0	0.015	0	5.08423e-007	1539	2270.34	2215.18
2265.21	1460.45	196	1.#QNAN	0	0.016	0	5.11453e-007	1545.82	2265.21	2210.44
2260.12	1457.09	197	1.#QNAN	0	0.016	0	5.23889e-007	1547.85	2260.12	2205.75
2255.18	1453.79	198	1.#QNAN	0	0	0	5.61855e-007	1562.11	2255.18	2201.19
2250.19	1450.49	199	1.#QNAN	0	0.015	0	5.28935e-007	1549.53	2250.19	2196.58
2245.11	1447.16	200	1.#QNAN	0	0.016	0	5.26088e-007	1522.45	2245.11	2191.88
2240.1	1443.88	201	1.#QNAN	0	0.015	0	5.22837e-007	1518.52	2240.1	2187.22
2235.11	1440.6	202	1.#QNAN	0	0.016	0	5.4326e-007	1515.01	2235.11	2182.59
2230.1	1437.34	203	1.#QNAN	0	0.016	0	5.17876e-007	1502.16	2230.1	2177.94
2225.18	1434.09	204	1.#QNAN	0	0.015	0	5.43848e-007	1508.03	2225.18	2173.37
2220.32	1430.85	205	1.#QNAN	0	0	0	5.22694e-007	1506.97	2220.32	2168.87
2215.56	1427.7	206	1.#QNAN	0	0.016	0	5.41102e-007	1520.43	2215.56	2164.47
2210.82	1424.54	207	1.#QNAN	0	0.015	0	5.40765e-007	1511.41	2210.82	2160.09
2206.01	1421.39	208	1.#QNAN	0	0.016	0	5.48647e-007	1494.51	2206.01	2155.61
2201.24	1418.26	209	1.#QNAN	0	0.016	0	5.28998e-007	1502.41	2201.24	2151.2
2196.5	1415.13	210	1.#QNAN	0	0.015	0	5.4526e-007	1498.61	2196.5	2146.79
2191.76	1412	211	1.#QNAN	0	0.016	0	5.52461e-007	1482.3	2191.76	2142.38
2187.11	1408.95	212	1.#QNAN	0	0	0	5.53282e-007	1479.42	2187.11	2138.05
2182.6	1405.99	213	1.#QNAN	0	0.015	0	5.6435e-007	1500.62	2182.6	2133.86
2178.18	1403.07	214	1.#QNAN	0	0.016	0	5.68325e-007	1514.58	2178.18	2129.76
2173.64	1400.04	215	1.#QNAN	0	0.016	0	5.58446e-007	1483.07	2173.64	2125.53
2169.23	1397.14	216	1.#QNAN	0	0.015	0	5.875e-007	1502.01	2169.23	2121.44
2164.88	1394.23	217	1.#QNAN	0	0.016	0	5.80164e-007	1498.46	2164.88	2117.39
2160.53	1391.32	218	1.#QNAN	0	0	0	5.6433e-007	1495.19	2160.53	2113.35
2156.21	1388.41	219	1.#QNAN	0	0.015	0	5.6735e-007	1489.82	2156.21	2109.33
2151.86	1385.54	220	1.#QNAN	0	0.016	0	5.79171e-007	1483.87	2151.86	2105.3
2147.55	1382.66	221	1.#QNAN	0	0.016	0	5.69878e-007	1482.06	2147.55	2101.29
2143.16	1379.76	222	1.#QNAN	0	0.015	0	5.81787e-007	1459.14	2143.16	2097.19
2138.98	1376.96	223	1.#QNAN	0	0.016	0	5.8371e-007	1471.19	2138.98	2093.3
2134.92	1374.27	224	1.#QNAN	0	0.015	0	5.88687e-007	1494.56	2134.92	2089.51
2130.73	1371.52	225	1.#QNAN	0	0	0	5.72838e-007	1451.44	2130.73	2085.59
2126.63	1368.78	226	1.#QNAN	0	0.016	0	5.75383e-007	1470.42	2126.63	2081.76
2122.52	1366.06	227	1.#QNAN	0	0.016	0	5.82209e-007	1458.36	2122.52	2077.91
2118.52	1363.43	228	1.#QNAN	0	0.015	0	6.04773e-007	1477.58	2118.52	2074.18
2114.49	1360.8	229	1.#QNAN	0	0.016	0	6.10181e-007	1466.21	2114.49	2070.42
2110.53	1358.19	230	1.#QNAN	0	0.015	0	5.9305e-007	1480.69	2110.53	2066.74
2106.62	1355.65	231	1.#QNAN	0	0	0	6.03874e-007	1467.82	2106.62	2063.09
2102.66	1353.07	232	1.#QNAN	0	0.016	0	5.95218e-007	1474.18	2102.66	2059.38
2098.83	1350.57	233	1.#QNAN	0	0.016	0	6.11623e-007	1480.46	2098.83	2055.81
2094.84	1348.02	234	1.#QNAN	0	0.015	0	6.36715e-007	1445.24	2094.84	2052.07
2091.03	1345.53	235	1.#QNAN	0	0.016	0	6.01561e-007	1476.48	2091.03	2048.52
2087.07	1342.95	236	1.#QNAN	0	0.015	0	5.98406e-007	1435.65	2087.07	2044.81
2083.17	1340.4	237	1.#QNAN	0	0.016	0	6.218e-007	1451.48	2083.17	2041.16
2079.32	1337.86	238	1.#QNAN	0	0	0	6.11454e-007	1463.48	2079.32	2037.58
2075.5	1335.33	239	1.#QNAN	0	0.016	0	6.08861e-007	1472.64	2075.5	2034.01
2071.75	1332.84	240	1.#QNAN	0	0.015	0	6.10774e-007	1464.66	2071.75	2030.5
2068.01	1330.35	241	1.#QNAN	0	0.016	0	6.11662e-007	1454.06	2068.01	2027
2064.3	1327.81	242	1.#QNAN	0	0.015	0	6.21367e-007	1452.41	2064.3	2023.55
2060.51	1325.27	243	1.#QNAN	0	0.016	0	6.10919e-007	1422.88	2060.51	2020
2056.9	1322.8	244	1.#QNAN	0	0.016	0	6.1525e-007	1461.1	2056.9	2016.62
2053.26	1320.37	245	1.#QNAN	0	0	0	6.0226e-007	1445.96	2053.26	2013.21
2049.62	1317.95	246	1.#QNAN	0	0.015	0	6.2052e-007	1455.07	2049.62	2009.81
2046.02	1315.51	247	1.#QNAN	0	0.016	0	6.24608e-007	1440.84	2046.02	2006.43
2042.35	1313.05	248	1.#QNAN	0	0.015	0	6.32966e-007	1438.91	2042.35	2002.99
2038.74	1310.64	249	1.#QNAN	0	0.016	0	6.27572e-007	1430.93	2038.74	1999.6
2035.17	1308.21	250	1.#QNAN	0	0.016	0	6.22031e-007	1462.12	2035.17	1996.26
2031.67	1305.81	251	1.#QNAN	0	0.015	0	6.22439e-007	1455.23	2031.67	1992.99
2028.16	1303.42	252	1.#QNAN	0	0	0	6.23395e-007	1446.9	2028.16	1989.7
2024.71	1301.05	253	1.#QNAN	0	0.016	0	6.30388e-007	1454.39	2024.71	1986.47
2021.25	1298.7	254	1.#QNAN	0	0.015	0	6.27169e-007	1449.79	2021.25	1983.23
2017.83	1296.35	255	1.#QNAN	0	0.016	0	6.08159e-007	1433.47	2017.83	1980.02
2014.38	1294.03	256	1.#QNAN	0	0.016	0	6.25399e-007	1427.82	2014.38	1976.78
2010.91	1291.73	257	1.#QNAN	0	0.015	0	6.31706e-007	1420.2	2010.91	1973.51
2007.41	1289.4	258	1.#QNAN	0	0.016	0	6.31265e-007	1406.51	2007.41	1970.21
2004	1287.1	259	1.#QNAN	0	0	0	6.36437e-007	1409.86	2004	1967.01
2000.63	1284.84	260	1.#QNAN	0	0.015	1	6.65562e-007	1412.66	2000.63	1963.83
1997.23	1282.55	261	1.#QNAN	0	0.016	0	6.26952e-007	1397.41	1997.23	1960.63
1993.85	1280.27	262	1.#QNAN	0	0.016	0	6.28953e-007	1394.48	1993.85	1957.44
1990.55	1278.02	263	1.#QNAN	0	0.015	0	6.40968e-007	1429.98	1990.55	1954.33
1987.26	1275.79	264	1.#QNAN	0	0.016	0	6.41944e-007	1401.26	1987.26	1951.22
1983.96	1273.57	265	1.#QNAN	0	0.015	0	6.54642e-007	1397.71	1983.96	1948.12
1980.62	1271.37	266	1.#QNAN	0	0	0	6.55701e-007	1373.24	1980.62	1944.97
1977.32	1269.17	267	1.#QNAN	0	0.016	0	6.27284e-007	1387.78	1977.32	1941.85
1974.12	1267	268	1.#QNAN	0	0.016	0	6.24999e-007	1402.46	1974.12	1938.84
1970.93	1264.83	269	1.#QNAN	0	0.015	0	6.28013e-007	1398.66	1970.93	1935.84
1967.77	1262.68	270	1.#QNAN	0	0.016	0	6.30494e-007	1399.47	1967.77	1932.85
1964.61	1260.55	271	1.#QNAN	0	0.015	0	6.4517e-007	1402.73	1964.61	1929.88
1961.44	1258.39	272	1.#QNAN	0	0.016	0	6.32868e-007	1384.91	1961.44	1926.89
1958.33	1256.26	273	1.#QNAN	0	0	0	6.41895e-007	1404.53	1958.33	1923.95
1955.25	1254.16	274	1.#QNAN	0	0.016	0	6.42753e-007	1390.34	1955.25	1921.05
1952.15	1252.04	275	1.#QNAN	0	0.015	0	6.59713e-007	1371.19	1952.15	1918.12
1949.11	1249.97	276	1.#QNAN	0	0.016	0	6.31759e-007	1396.58	1949.11	1915.24
1946.06	1247.93	277	1.#QNAN	0	0.015	0	6.53292e-007	1388.93	1946.06	1912.36
1943	1245.89	278	1.#QNAN	0	0.016	0	6.59887e-007	1387.82	1943	1909.45
1940.08	1243.87	279	1.#QNAN	0	0.016	0	6.83032e-007	1415.39	1940.08	1906.69
1937.06	1241.79	280	1.#QNAN	0	0	0	6.53591e-007	1369.58	1937.06	1903.83
1934.11	1239.76	281	1.#QNAN	0	0.015	0	6.84719e-007	1368.76	1934.11	1901.04
1931.13	1237.69	282	1.#QNAN	0	0.016	0	6.57204e-007	1372.07	1931.13	1898.22
1928.22	1235.67	283	1.#QNAN	0	0.015	0	6.71666e-007	1371.66	1928.22	1895.46
1925.35	1233.67	284	1.#QNAN	0	0.016	0	6.24864e-007	1379.05	1925.35	1892.74
1922.45	1231.64	285	1.#QNAN	0	0.016	0	6.63318e-007	1379.27	1922.45	1890.01
1919.6	1229.66	286	1.#QNAN	0	0.015	0	6.59552e-007	1377.25	1919.6	1887.31
1916.81	1227.7	287	1.#QNAN	0	0	0	6.54088e-007	1396.37	1916.81	1884.67
1913.94	1225.72	288	1.#QNAN	0	0.016	0	6.45426e-007	1395.72	1913.94	1881.96
1911.19	1223.83	289	1.#QNAN	0	0.015	0	6.4697e-007	1398.58	1911.19	1879.35
1908.43	1221.91	290	1.#QNAN	0	0.016	0	6.79062e-007	1397.41	1908.43	1876.75
1905.66	1219.99	291	1.#QNAN	0	0.016	0	6.49012e-007	1381.68	1905.66	1874.13
1902.95	1218.1	292	1.#QNAN	0	0.015	0	6.76992e-007	1373.81	1902.95	1871.57
1900.29	1216.21	293	1.#QNAN	0	0.016	0	6.73539e-007	1384.06	1900.29	1869.06
1897.68	1214.35	294	1.#QNAN	0	0	0	6.68581e-007	1389.16	1897.68	1866.6
1895.09	1212.51	295	1.#QNAN	0	0.015	0	6.55569e-007	1383.22	1895.09	1864.17
1892.55	1210.69	296	1.#QNAN	0	0.016	0	6.65637e-007	1393.93	1892.55	1861.77
1890.02	1208.93	297	1.#QNAN	0	0.016	0	6.67441e-007	1397.44	1890.02	1859.38
1887.44	1207.18	298	1.#QNAN	0	0.015	0	6.6931e-007	1378.5	1887.44	1856.95
1884.89	1205.41	299	1.#QNAN	0	0.016	0	6.8706e-007	1384.67	1884.89	1854.54
1882.29	1203.64	300	1.#QNAN	0	0.015	0	6.66468e-007	1367.18	1882.29	1852.08
1879.68	1201.86	301	1.#QNAN	0	0	0	6.6423e-007	1376.25	1879.68	1849.61
1877.15	1200.13	302	1.#QNAN	0	0.016	0	6.47413e-007	1379.84	1877.15	1847.22
1874.64	1198.39	303	1.#QNAN	0	0.016	0	6.64463e-007	1374.94	1874.64	1844.85
1872.12	1196.68	304	1.#QNAN	0	0.015	0	6.73634e-007	1367.21	1872.12	1842.46
1869.67	1194.98	305	1.#QNAN	0	0.016	0	6.95041e-007	1400.38	1869.67	1840.16
1867.25	1193.28	306	1.#QNAN	0	0.015	0	6.72453e-007	1397.45	1867.25	1837.86
1864.86	1191.62	307	1.#QNAN	0	0	0	6.86023e-007	1407.47	1864.86	1835.61
1862.39	1189.89	308	1.#QNAN	0	0.016	0	6.99948e-007	1390.57	1862.39	1833.27
1859.95	1188.15	309	1.#QNAN	0	0.016	0	6.74803e-007	1388.26	1859.95	1830.97
1857.47	1186.42	310	1.#QNAN	0	0.015	0	6.73269e-007	1384.6	1857.47	1828.62
1855.01	1184.7	311	1.#QNAN	0	0.016	0	6.83947e-007	1378.36	1855.01	1826.28
1852.61	1183.01	312	1.#QNAN	0	0.015	0	6.70574e-007	1385.36	1852.61	1824.01
1850.22	1181.31	313	1.#QNAN	0	0.016	0	6.85439e-007	1387.29	1850.22	1821.74
1847.86	1179.66	314	1.#QNAN	0	0	0	6.79465e-007	1385.26	1847.86	1819.51
1845.5	1178.04	315	1.#QNAN	0	0.016	0	6.64197e-007	1381.84	1845.5	1817.28
1843.12	1176.38	316	1.#QNAN	0	0.015	0	6.69013e-007	1374.03	1843.12	1815.03
1840.77	1174.75	317	1.#QNAN	0	0.016	0	6.88477e-007	1373.04	1840.77	1812.79
1838.41	1173.12	318	1.#QNAN	0	0.015	0	6.96608e-007	1367.26	1838.41	1810.56
1836.09	1171.5	319	1.#QNAN	0	0.016	0	6.70296e-007	1357.63	1836.09	1808.36
1833.7	1169.88	320	1.#QNAN	0	0	0	6.96984e-007	1365.66	1833.7	1806.09
1831.38	1168.26	321	1.#QNAN	0	0.016	0	6.9499e-007	1364.88	1831.38	1803.89
1828.99	1166.63	322	1.#QNAN	0	0.015	0	6.88291e-007	1344.98	1828.99	1801.62
1826.66	1165.03	323	1.#QNAN	0	0.016	0	6.61915e-007	1346.88	1826.66	1799.4
1824.28	1163.41	324	1.#QNAN	0	0.015	0	7.18337e-007	1362.9	1824.28	1797.14
1821.95	1161.83	325	1.#QNAN	0	0.016	0	7.24644e-007	1371.19	1821.95	1794.91
1819.65	1160.28	326	1.#QNAN	0	0.016	0	6.59065e-007	1397.74	1819.65	1792.72
1817.4	1158.73	327	1.#QNAN	0	0.015	0	6.94084e-007	1393.16	1817.4	1790.57
1815.16	1157.17	328	1.#QNAN	0	0.016	0	6.81773e-007	1387.86	1815.16	1788.44
1812.97	1155.67	329	1.#QNAN	0	0	0	6.77909e-007	1397.27	1812.97	1786.35
1810.82	1154.19	330	1.#QNAN	0	0.015	0	7.02873e-007	1408.43	1810.82	1784.32
1808.62	1152.66	331	1.#QNAN	0	0.016	0	6.85931e-007	1363.46	1808.62	1782.23
1806.41	1151.15	332	1.#QNAN	0	0.016	0	7.05574e-007	1376.52	1806.41	1780.13
1804.27	1149.65	333	1.#QNAN	0	0.015	0	6.90173e-007	1368.27	1804.27	1778.09
1802.18	1148.22	334	1.#QNAN	0	0.016	1	6.90025e-007	1385.55	1802.18	1776.11
1800.11	1146.76	335	1.#QNAN	0	0	0	6.82375e-007	1363.32	1800.11	1774.15
1798.09	1145.32	336	1.#QNAN	0	0.015	0	6.78696e-007	1385.52	1798.09	1772.24
1796.12	1143.9	337	1.#QNAN	0	0.016	0	6.82094e-007	1377.54	1796.12	1770.38
1794.1	1142.47	338	1.#QNAN	0	0.016	0	6.96465e-007	1365.03	1794.1	1768.46
1792.14	1141.09	339	1.#QNAN	0	0.015	0	6.93226e-007	1378.4	1792.14	1766.61
1790.18	1139.71	340	1.#QNAN	0	0.016	0	6.76133e-007	1377.33	1790.18	1764.75
1788.16	1138.31	341	1.#QNAN	0	0.015	0	6.54552e-007	1354.39	1788.16	1762.84
1786.19	1136.9	342	1.#QNAN	0	0	0	6.89635e-007	1377.86	1786.19	1760.97
1784.21	1135.5	343	1.#QNAN	0	0.016	0	6.80951e-007	1349.86	1784.21	1759.09
1782.25	1134.11	344	1.#QNAN	0	0.016	0	6.95886e-007	1359	1782.25	1757.22
1780.28	1132.73	345	1.#QNAN	0	0.015	0	7.25518e-007	1346.32	1780.28	1755.35
1778.36	1131.4	346	1.#QNAN	0	0.016	0	7.006e-007	1359.47	1778.36	1753.53
1776.46	1130.05	347	1.#QNAN	0	0.015	0	6.75223e-007	1366.37	1776.46	1751.74
1774.5	1128.66	348	1.#QNAN	0	0.016	0	7.00087e-007	1348.67	1774.5	1749.87
1772.54	1127.27	349	1.#QNAN	0	0	0	7.08804e-007	1337.65	1772.54	1748.03
1770.62	1125.89	350	1.#QNAN	0	0.016	0	6.86677e-007	1381.64	1770.62	1746.21
1768.77	1124.54	351	1.#QNAN	0	0.015	0	6.81954e-007	1359.36	1768.77	1744.45
1766.92	1123.21	352	1.#QNAN	0	0.016	0	6.95839e-007	1348.83	1766.92	1742.7
1765.05	1121.86	353	1.#QNAN	0	0.015	0	7.15201e-007	1341.12	1765.05	1740.93
1763.24	1120.56	354	1.#QNAN	0	0.016	0	6.89542e-007	1366.48	1763.24	1739.24
1761.4	1119.24	355	1.#QNAN	0	0.016	0	6.8142e-007	1351.34	1761.4	1737.5
1759.59	1117.94	356	1.#QNAN	0	0	0	6.95977e-007	1350.2	1759.59	1735.79
1757.79	1116.66	357	1.#QNAN	0	0.015	0	7.05561e-007	1346.72	1757.79	1734.08
1755.98	1115.36	358	1.#QNAN	0	0.016	0	7.17121e-007	1342.09	1755.98	1732.38
1754.22	1114.07	359	1.#QNAN	0	0.015	0	6.76021e-007	1359.58	1754.22	1730.72
1752.44	1112.82	360	1.#QNAN	0	0.016	0	6.96699e-007	1327.07	1752.44	1729.04
1750.67	1111.57	361	1.#QNAN	0	0.016	0	7.08679e-007	1343.08	1750.67	1727.37
1748.92	1110.33	362	1.#QNAN	0	0	0	6.79352e-007	1344	1748.92	1725.71
1747.18	1109.11	363	1.#QNAN	0	0.015	0	6.79434e-007	1333.7	1747.18	1724.06
1745.33	1107.84	364	1.#QNAN	0	0.016	0	6.82996e-007	1337.18	1745.33	1722.3
1743.57	1106.6	365	1.#QNAN	0	0.015	0	7.01368e-007	1367.07	1743.57	1720.64
1741.83	1105.36	366	1.#QNAN	0	0.016	0	6.77503e-007	1349.7	1741.83	1718.99
1740.09	1104.17	367	1.#QNAN	0	0.016	0	6.9781e-007	1354.94	1740.09	1717.33
1738.36	1102.95	368	1.#QNAN	0	0	0	6.73605e-007	1335.72	1738.36	1715.7
1736.62	1101.71	369	1.#QNAN	0	0	0	6.96702e-007	1337.02	1736.62	1714.04
1734.84	1100.5	370	1.#QNAN	0	0.016	0	6.7918e-007	1327.56	1734.84	1712.35
1733.11	1099.31	371	1.#QNAN	0	0.015	0	7.22818e-007	1322.32	1733.11	1710.69
1731.34	1098.11	372	1.#QNAN	0	0.016	0	6.92483e-007	1354.21	1731.34	1709.01
1729.63	1096.93	373	1.#QNAN	0	0.016	0	7.03688e-007	1319.2	1729.63	1707.38
1727.97	1095.78	374	1.#QNAN	0	0.015	0	7.09086e-007	1321.49	1727.97	1705.8
1726.33	1094.65	375	1.#QNAN	0	0.016	0	7.11974e-007	1341.91	1726.33	1704.24
1724.69	1093.53	376	1.#QNAN	0	0	0	6.90928e-007	1324.22	1724.69	1702.68
1723.11	1092.43	377	1.#QNAN	0	0.015	0	6.86784e-007	1333.09	1723.11	1701.18
1721.51	1091.34	378	1.#QNAN	0	0.016	0	6.86742e-007	1330.84	1721.51	1699.66
1719.93	1090.24	379	1.#QNAN	0	0.016	0	7.01026e-007	1327.51	1719.93	1698.16
1718.34	1089.13	380	1.#QNAN	0	0.015	0	6.73575e-007	1334.16	1718.34	1696.65
1716.78	1088.04	381	1.#QNAN	0	0.016	0	7.176e-007	1336.5	1716.78	1695.17
1715.21	1086.95	382	1.#QNAN	0	0.015	0	6.95945e-007	1335.17	1715.21	1693.69
1713.63	1085.86	383	1.#QNAN	0	0	0	6.73065e-007	1332.02	1713.63	1692.18
1712.08	1084.77	384	1.#QNAN	0	0.016	0	6.99171e-007	1338.38	1712.08	1690.7
1710.55	1083.72	385	1.#QNAN	0	0.016	0	7.17597e-007	1349.86	1710.55	1689.24
1709.02	1082.64	386	1.#QNAN	0	0.015	0	6.86263e-007	1359.8	1709.02	1687.8
1707.49	1081.56	387	1.#QNAN	0	0.016	0	7.01264e-007	1329.17	1707.49	1686.34
1705.98	1080.47	388	1.#QNAN	0	0.015	0	6.83869e-007	1337.95	1705.98	1684.91
1704.45	1079.39	389	1.#QNAN	0	0.016	0	7.04466e-007	1334.17	1704.45	1683.46
1702.95	1078.34	390	1.#QNAN	0	0	0	7.34923e-007	1321.81	1702.95	1682.03
1701.44	1077.31	391	1.#QNAN	0	0.016	0	7.31489e-007	1332.06	1701.44	1680.59
1699.95	1076.26	392	1.#QNAN	0	0.015	0	7.14769e-007	1347.56	1699.95	1679.16
1698.43	1075.23	393	1.#QNAN	0	0.016	0	7.42821e-007	1332.97	1698.43	1677.72
1696.93	1074.21	394	1.#QNAN	0	0.015	0	7.35314e-007	1327.19	1696.93	1676.28
1695.44	1073.2	395	1.#QNAN	0	0.016	0	7.01994e-007	1327.7	1695.44	1674.87
1693.94	1072.17	396	1.#QNAN	0	0.016	0	7.15719e-007	1314.44	1693.94	1673.44
1692.49	1071.16	397	1.#QNAN	0	0.015	0	7.03634e-007	1331.93	1692.49	1672.05
1690.95	1070.11	398	1.#QNAN	0	0	0	6.93392e-007	1299.32	1690.95	1670.59
1689.45	1069.07	399	1.#QNAN	0	0.016	0	7.01772e-007	1311.55	1689.45	1669.15
1687.95	1068.02	400	1.#QNAN	0	0.015	0	7.14396e-007	1308.12	1687.95	1667.71
1686.44	1066.98	401	1.#QNAN	0	0.016	0	7.1123e-007	1304.12	1686.44	1666.27
1685.01	1065.97	402	1.#QNAN	0	0.016	0	7.04688e-007	1325.15	1685.01	1664.91
1683.56	1064.93	403	1.#QNAN	0	0.015	0	7.041e-007	1315	1683.56	1663.53
1682.08	1063.91	404	1.#QNAN	0	0	0	7.04181e-007	1293.48	1682.08	1662.11
1680.58	1062.9	405	1.#QNAN	0	0.016	0	6.85527e-007	1285.41	1680.58	1660.67
1679.07	1061.88	406	1.#QNAN	0	0.015	0	6.87622e-007	1296.9	1679.07	1659.22
1677.64	1060.89	407	1.#QNAN	0	0.016	0	7.04723e-007	1296.62	1677.64	1657.86
1676.18	1059.89	408	1.#QNAN	0	0.016	0	7.14917e-007	1296.98	1676.18	1656.47
1674.71	1058.87	409	1.#QNAN	0	0.015	1	6.838e-007	1287.59	1674.71	1655.06
1673.29	1057.9	410	1.#QNAN	0	0	0	6.84733e-007	1313.19	1673.29	1653.71
1671.88	1056.93	411	1.#QNAN	0	0.016	0	6.79299e-007	1289.2	1671.88	1652.36
1670.5	1055.98	412	1.#QNAN	0	0.015	0	7.14478e-007	1330.59	1670.5	1651.04
1669.12	1055.02	413	1.#QNAN	0	0.016	0	7.00515e-007	1315.63	1669.12	1649.73
1667.73	1054.05	414	1.#QNAN	0	0.016	0	7.03634e-007	1336.97	1667.73	1648.4
1666.3	1053.08	415	1.#QNAN	0	0.015	0	6.94594e-007	1314.08	1666.3	1647.04
1664.94	1052.12	416	1.#QNAN	0	0.016	0	6.93667e-007	1315.85	1664.94	1645.74
1663.57	1051.18	417	1.#QNAN	0	0	0	7.24856e-007	1305.9	1663.57	1644.43
1662.21	1050.24	418	1.#QNAN	0	0.015	0	7.1021e-007	1295.11	1662.21	1643.14
1660.86	1049.32	419	1.#QNAN	0	0.016	0	7.02176e-007	1300.68	1660.86	1641.85
1659.53	1048.4	420	1.#QNAN	0	0.016	0	6.78431e-007	1301.35	1659.53	1640.59
1658.22	1047.49	421	1.#QNAN	0	0.015	0	6.92015e-007	1313.03	1658.22	1639.33
1656.92	1046.58	422	1.#QNAN	0	0.016	0	7.10978e-007	1306.12	1656.92	1638.1
1655.62	1045.7	423	1.#QNAN	0	0.015	0	7.04857e-007	1301.43	1655.62	1636.85
1654.33	1044.83	424	1.#QNAN	0	0	0	7.1791e-007	1303.44	1654.33	1635.62
1653.07	1043.98	425	1.#QNAN	0	0.016	0	7.24676e-007	1312.96	1653.07	1634.42
1651.75	1043.11	426	1.#QNAN	0	0.016	0	6.96601e-007	1289.11	1651.75	1633.16
1650.44	1042.23	427	1.#QNAN	0	0.015	0	7.21151e-007	1287.19	1650.44	1631.91
1649.12	1041.31	428	1.#QNAN	0	0.016	0	6.64474e-007	1304.26	1649.12	1630.65
1647.87	1040.42	429	1.#QNAN	0	0.015	0	7.06386e-007	1366.32	1647.87	1629.46
1646.6	1039.54	430	1.#QNAN	0	0.016	0	7.40976e-007	1322.86	1646.6	1628.25
1645.31	1038.63	431	1.#QNAN	0	0	0	6.78489e-007	1308.93	1645.31	1627.02
1644.06	1037.77	432	1.#QNAN	0	0.016	0	7.05275e-007	1378.59	1644.06	1625.84
1642.82	1036.89	433	1.#QNAN	0	0.015	0	7.06546e-007	1335.91	1642.82	1624.65
1641.57	1036.04	434	1.#QNAN	0	0.016	0	6.57798e-007	1322.85	1641.57	1623.47
1640.34	1035.17	435	1.#QNAN	0	0.015	0	7.10343e-007	1354.3	1640.34	1622.29
1639.06	1034.28	436	1.#QNAN	0	0.016	0	6.98665e-007	1302.37	1639.06	1621.07
1637.82	1033.43	437	1.#QNAN	0	0	0	6.87709e-007	1331.41	1637.82	1619.89
1636.58	1032.59	438	1.#QNAN	0	0.016	0	6.93414e-007	1352.48	1636.58	1618.72
1635.31	1031.74	439	1.#QNAN	0	0.015	0	6.94846e-007	1295.66	1635.31	1617.51
1634.04	1030.88	440	1.#QNAN	0	0.016	0	6.9274e-007	1299.2	1634.04	1616.3
1632.79	1030.01	441	1.#QNAN	0	0.015	0	6.93019e-007	1303.8	1632.79	1615.11
1631.53	1029.15	442	1.#QNAN	0	0.016	0	7.1399e-007	1309.45	1631.53	1613.91
1630.34	1028.33	443	1.#QNAN	0	0	0	7.03379e-007	1310.22	1630.34	1612.77
1629.13	1027.5	444	1.#QNAN	0	0.016	0	6.99531e-007	1324.14	1629.13	1611.61
1627.9	1026.66	445	1.#QNAN	0	0.015	0	7.09647e-007	1337.1	1627.9	1610.45
1626.75	1025.86	446	1.#QNAN	0	0.016	0	7.12626e-007	1382.43	1626.75	1609.35
1625.53	1025	447	1.#QNAN	0	0.015	0	7.2353e-007	1350.87	1625.53	1608.19
1624.34	1024.18	448	1.#QNAN	0	0.016	0	6.9606e-007	1344.23	1624.34	1607.06
1623.15	1023.34	449	1.#QNAN	0	0.016	0	6.99909e-007	1341.29	1623.15	1605.92
1621.94	1022.53	450	1.#QNAN	0	0	0	7.04671e-007	1313.04	1621.94	1604.77
1620.79	1021.73	451	1.#QNAN	0	0.015	0	6.97416e-007	1332.19	1620.79	1603.67
1619.66	1020.96	452	1.#QNAN	0	0.016	0	7.37461e-007	1357.08	1619.66	1602.6
1618.51	1020.17	453	1.#QNAN	0	0.015	0	7.39858e-007	1333.69	1618.51	1601.5
1617.35	1019.39	454	1.#QNAN	0	0.016	0	6.93167e-007	1317.41	1617.35	1600.39
1616.17	1018.6	455	1.#QNAN	0	0.016	0	7.20353e-007	1320.86	1616.17	1599.26
1615.03	1017.81	456	1.#QNAN	0	0.015	0	7.54541e-007	1321.81	1615.03	1598.17
1613.91	1017.05	457	1.#QNAN	0	0	0	7.09309e-007	1355.99	1613.91	1597.1
1612.8	1016.29	458	1.#QNAN	0	0.016	0	7.20442e-007	1345.35	1612.8	1596.04
1611.72	1015.55	459	1.#QNAN	0	0.015	0	7.08642e-007	1359.06	1611.72	1595.01
1610.59	1014.81	460	1.#QNAN	0	0.016	0	7.37868e-007	1324.4	1610.59	1593.93
1609.52	1014.07	461	1.#QNAN	0	0.016	0	6.96255e-007	1325.74	1609.52	1592.91
1608.43	1013.33	462	1.#QNAN	0	0.015	0	7.24657e-007	1352.18	1608.43	1591.87
1607.37	1012.59	463	1.#QNAN	0	0.016	0	7.15995e-007	1309.81	1607.37	1590.86
1606.31	1011.88	464	1.#QNAN	0	0	0	7.01437e-007	1333.49	1606.31	1589.85
1605.26	1011.18	465	1.#QNAN	0	0.015	0	7.55628e-007	1366.69	1605.26	1588.86
1604.24	1010.46	466	1.#QNAN	0	0.016	0	7.10001e-007	1298.21	1604.24	1587.88
1603.19	1009.71	467	1.#QNAN	0	0.016	0	6.9481e-007	1295.13	1603.19	1586.89
1602.15	1008.97	468	1.#QNAN	0	0.015	0	7.2701e-007	1317.76	1602.15	1585.9
1601.11	1008.25	469	1.#QNAN	0	0.016	0	6.79405e-007	1326.6	1601.11	1584.9
1600.08	1007.52	470	1.#QNAN	0	0	0	7.27519e-007	1326.35	1600.08	1583.93
1599.06	1006.83	471	1.#QNAN	0	0.015	0	7.23519e-007	1309.47	1599.06	1582.96
1597.99	1006.1	472	1.#QNAN	0	0.016	0	7.35767e-007	1310.94	1597.99	1581.95
1596.97	1005.4	473	1.#QNAN	0	0.016	0	6.96083e-007	1312.24	1596.97	1580.98
1595.96	1004.71	474	1.#QNAN	0	0.015	0	6.84272e-007	1298.15	1595.96	1580.01
1594.96	1004.04	475	1.#QNAN	0	0.016	0	6.8542e-007	1302.23	1594.96	1579.06
1593.93	1003.38	476	1.#QNAN	0	0.015	0	7.14578e-007	1280.67	1593.93	1578.09
1592.96	1002.73	477	1.#QNAN	0	0.016	0	7.20665e-007	1336.95	1592.96	1577.17
1591.97	1002.07	478	1.#QNAN	0	0.016	0	7.03988e-007	1305.08	1591.97	1576.22
1590.98	1001.41	479	1.#QNAN	0	0	0	7.29087e-007	1308.94	1590.98	1575.28
1589.97	1000.74	480	1.#QNAN	0	0.015	0	7.32618e-007	1313.37	1589.97	1574.32
1589	1000.07	481	1.#QNAN	0	0.016	0	7.45489e-007	1307.94	1589	1573.4
1587.97	999.404	482	1.#QNAN	0	0.015	0	7.01684e-007	1270.84	1587.97	1572.42
1586.99	998.738	483	1.#QNAN	0	0.016	0	7.16789e-007	1288.53	1586.99	1571.49
1585.98	998.054	484	1.#QNAN	0	0.016	0	7.27123e-007	1281.48	1585.98	1570.54
1584.98	997.376	485	1.#QNAN	0	0.015	1	6.93167e-007	1291.52	1584.98	1569.58
1583.99	996.734	486	1.#QNAN	0	0.016	0	7.35554e-007	1278.66	1583.99	1568.65
1583.02	996.09	487	1.#QNAN	0	0	0	7.25092e-007	1288.37	1583.02	1567.72
1582.07	995.452	488	1.#QNAN	0	0.015	0	6.96818e-007	1288.4	1582.07	1566.81
1581.09	994.808	489	1.#QNAN	0	0.016	0	7.08553e-007	1276.21	1581.09	1565.89
1580.13	994.153	490	1.#QNAN	0	0.016	0	7.00669e-007	1277.6	1580.13	1564.98
1579.13	993.498	491	1.#QNAN	0	0.015	0	7.42855e-007	1266.81	1579.13	1564.03
1578.16	992.866	492	1.#QNAN	0	0.016	0	6.86324e-007	1278.17	1578.16	1563.1
1577.19	992.226	493	1.#QNAN	0	0.015	0	7.04712e-007	1281.37	1577.19	1562.18
1576.23	991.579	494	1.#QNAN	0	0	0	7.0382e-007	1296.88	1576.23	1561.26
1575.25	990.928	495	1.#QNAN	0	0.016	0	6.93315e-007	1279.36	1575.25	1560.33
1574.3	990.279	496	1.#QNAN	0	0.016	0	7.28683e-007	1287.38	1574.3	1559.42
1573.37	989.639	497	1.#QNAN	0	0.015	0	7.08432e-007	1301.73	1573.37	1558.54
1572.46	989.02	498	1.#QNAN	0	0.016	0	7.13717e-007	1289.91	1572.46	1557.67
1571.54	988.406	499	1.#QNAN	0	0.015	0	7.14627e-007	1294.05	1571.54	1556.8
1570.62	987.803	500	1.#QNAN	0	0.016	0	6.9929e-007	1295.07	1570.62	1555.92
1569.7	987.174	501	1.#QNAN	0	0	0	7.25375e-007	1304.1	1569.7	1555.05
1568.8	986.57	502	1.#QNAN	0	0	0	6.93553e-007	1283.11	1568.8	1554.19
1567.91	985.957	503	1.#QNAN	0	0.015	0	7.35459e-007	1287.6	1567.91	1553.34
1567.03	985.368	504	1.#QNAN	0	0.016	0	7.2084e-007	1285	1567.03	1552.51
1566.16	984.804	505	1.#QNAN	0	0.015	0	7.20371e-007	1290.14	1566.16	1551.67
1565.28	984.227	506	1.#QNAN	0	0.016	0	7.26504e-007	1297.19	1565.28	1550.83
1564.42	983.644	507	1.#QNAN	0	0.016	0	7.16795e-007	1308.41	1564.42	1550.02
1563.55	983.064	508	1.#QNAN	0	0	0	7.10394e-007	1292.69	1563.55	1549.19
1562.69	982.471	509	1.#QNAN	0	0.015	0	7.26754e-007	1286.39	1562.69	1548.36
1561.84	981.893	510	1.#QNAN	0	0.016	0	7.05899e-007	1301.03	1561.84	1547.56
1560.99	981.322	511	1.#QNAN	0	0.015	0	7.18508e-007	1294.35	1560.99	1546.75
1560.13	980.745	512	1.#QNAN	0	0.016	0	7.05988e-007	1292.26	1560.13	1545.93
1559.3	980.21	513	1.#QNAN	0	0.016	0	7.15925e-007	1294.9	1559.3	1545.14
1558.46	979.676	514	1.#QNAN	0	0.015	0	7.12939e-007	1303.55	1558.46	1544.34
1557.65	979.117	515	1.#QNAN	0	0	0	7.0285e-007	1307.4	1557.65	1543.57
1556.84	978.554	516	1.#QNAN	0	0.016	0	6.90165e-007	1300.33	1556.84	1542.8
1556.01	978.001	517	1.#QNAN	0	0.015	0	7.04714e-007	1296.16	1556.01	1542.01
1555.17	977.426	518	1.#QNAN	0	0.016	0	7.13233e-007	1292.16	1555.17	1541.21
1554.29	976.838	519	1.#QNAN	0	0.016	0	7.2136e-007	1284.95	1554.29	1540.37
1553.42	976.272	520	1.#QNAN	0	0.015	0	7.22223e-007	1297.82	1553.42	1539.54
1552.59	975.711	521	1.#QNAN	0	0	0	7.06143e-007	1300.32	1552.59	1538.75
1551.76	975.173	522	1.#QNAN	0	0.016	0	7.32034e-007	1297.78	1551.76	1537.96
1550.9	974.614	523	1.#QNAN	0	0.015	0	7.31424e-007	1269.58	1550.9	1537.14
1550.04	974.059	524	1.#QNAN	0	0.016	0	7.22607e-007	1278.17	1550.04	1536.32
1549.17	973.486	525	1.#QNAN	0	0.016	0	7.03097e-007	1286.04	1549.17	1535.48
1548.34	972.954	526	1.#QNAN	0	0.015	0	6.87461e-007	1295.86	1548.34	1534.68
1547.5	972.394	527	1.#QNAN	0	0.016	0	7.36678e-007	1306.09	1547.5	1533.89
1546.72	971.855	528	1.#QNAN	0	0	0	7.11342e-007	1307.24	1546.72	1533.15
1545.94	971.33	529	1.#QNAN	0	0.015	0	7.16625e-007	1303.41	1545.94	1532.4
1545.09	970.77	530	1.#QNAN	0	0.016	0	7.19304e-007	1275.1	1545.09	1531.59
1544.26	970.217	531	1.#QNAN	0	0.016	0	7.10351e-007	1285.97	1544.26	1530.81
1543.42	969.671	532	1.#QNAN	0	0.015	0	7.37106e-007	1281.72	1543.42	1530
1542.6	969.156	533	1.#QNAN	0	0.016	0	7.37577e-007	1282.81	1542.6	1529.22
1541.79	968.647	534	1.#QNAN	0	0.015	0	7.10015e-007	1285.37	1541.79	1528.45
1540.97	968.123	535	1.#QNAN	0	0	0	7.29081e-007	1300.39	1540.97	1527.67
1540.15	967.611	536	1.#QNAN	0	0.016	0	7.37174e-007	1283.94	1540.15	1526.89
1539.33	967.107	537	1.#QNAN	0	0.016	0	7.09945e-007	1265.52	1539.33	1526.11
1538.54	966.593	538	1.#QNAN	0	0.015	0	7.26029e-007	1278.1	1538.54	1525.35
1537.73	966.074	539	1.#QNAN	0	0.016	0	7.1227e-007	1264.58	1537.73	1524.58
1536.93	965.555	540	1.#QNAN	0	0.015	0	6.98811e-007	1261.32	1536.93	1523.82
1536.11	965.032	541	1.#QNAN	0	0.016	0	6.93806e-007	1257.27	1536.11	1523.03
1535.3	964.485	542	1.#QNAN	0	0	0	7.32369e-007	1276.39	1535.3	1522.25
1534.53	963.978	543	1.#QNAN	0	0.016	0	7.28344e-007	1280.79	1534.53	1521.52
1533.73	963.459	544	1.#QNAN	0	0.015	0	7.30806e-007	1265.13	1533.73	1520.76
1532.94	962.916	545	1.#QNAN	0	0.016	0	7.25932e-007	1277.36	1532.94	1520
1532.17	962.404	546	1.#QNAN	0	0.015	0	7.21924e-007	1294.59	1532.17	1519.27
1531.4	961.895	547	1.#QNAN	0	0.016	0	7.49746e-007	1280.32	1531.4	1518.54
1530.64	961.389	548	1.#QNAN	0	0.016	0	7.06044e-007	1284.48	1530.64	1517.82
1529.87	960.888	549	1.#QNAN	0	0	0	7.28325e-007	1275.03	1529.87	1517.08
1529.13	960.396	550	1.#QNAN	0	0.015	0	7.03311e-007	1292.76	1529.13	1516.38
1528.37	959.899	551	1.#QNAN	0	0.016	0	6.8032e-007	1297.37	1528.37	1515.66
1527.64	959.418	552	1.#QNAN	0	0.015	0	7.23409e-007	1305.44	1527.64	1514.97
1526.91	958.917	553	1.#QNAN	0	0.016	0	7.25853e-007	1299.07	1526.91	1514.27
1526.16	958.414	554	1.#QNAN	0	0.016	0	7.34206e-007	1310.55	1526.16	1513.57
1525.42	957.916	555	1.#QNAN	0	0	0	7.06305e-007	1311.17	1525.42	1512.86
1524.66	957.415	556	1.#QNAN	0	0	0	7.20407e-007	1290.09	1524.66	1512.14
1523.92	956.932	557	1.#QNAN	0	0.016	0	7.22338e-007	1291.27	1523.92	1511.43
1523.17	956.428	558	1.#QNAN	0	0.015	0	7.38367e-007	1285.04	1523.17	1510.72
1522.43	955.939	559	1.#QNAN	0	0.016	0	7.3512e-007	1312.39	1522.43	1510.02
1521.7	955.449	560	1.#QNAN	0	0.016	1	7.37358e-007	1292.5	1521.7	1509.31
1520.97	954.968	561	1.#QNAN	0	0.015	0	7.1333e-007	1320.49	1520.97	1508.62
1520.24	954.478	562	1.#QNAN	0	0	0	7.26956e-007	1302.61	1520.24	1507.93
1519.52	954.013	563	1.#QNAN	0	0.016	0	7.21838e-007	1297.74	1519.52	1507.24
1518.78	953.523	564	1.#QNAN	0	0.015	0	7.16051e-007	1292.76	1518.78	1506.53
1518.02	953.025	565	1.#QNAN	0	0.016	0	7.0416e-007	1283.89	1518.02	1505.8
1517.29	952.542	566	1.#QNAN	0	0.016	0	7.36996e-007	1299.15	1517.29	1505.1
1516.58	952.077	567	1.#QNAN	0	0.015	0	7.03824e-007	1309.31	1516.58	1504.43
1515.86	951.606	568	1.#QNAN	0	0.016	0	7.19369e-007	1307.53	1515.86	1503.74
1515.15	951.126	569	1.#QNAN	0	0	0	7.25648e-007	1307.89	1515.15	1503.06
1514.46	950.677	570	1.#QNAN	0	0.015	0	7.15729e-007	1306.9	1514.46	1502.41
1513.74	950.224	571	1.#QNAN	0	0.016	0	7.29184e-007	1306.54	1513.74	1501.71
1513.07	949.791	572	1.#QNAN	0	0.016	0	6.85428e-007	1333.94	1513.07	1501.08
1512.39	949.36	573	1.#QNAN	0	0.015	0	7.14402e-007	1299.97	1512.39	1500.42
1511.71	948.923	574	1.#QNAN	0	0.016	0	7.31545e-007	1341.02	1511.71	1499.78
1511.01	948.473	575	1.#QNAN	0	0	0	7.26601e-007	1288.1	1511.01	1499.11
1510.31	948.005	576	1.#QNAN	0	0	0	7.03893e-007	1328.53	1510.31	1498.44
1509.64	947.569	577	1.#QNAN	0	0.016	0	7.10742e-007	1313.28	1509.64	1497.81
1508.97	947.136	578	1.#QNAN	0	0.016	0	7.12422e-007	1303.07	1508.97	1497.16
1508.3	946.704	579	1.#QNAN	0	0.015	0	7.15334e-007	1306.88	1508.3	1496.53
1507.61	946.251	580	1.#QNAN	0	0.016	0	7.32415e-007	1296.41	1507.61	1495.87
1506.93	945.833	581	1.#QNAN	0	0.015	0	7.38798e-007	1288.39	1506.93	1495.22
1506.23	945.373	582	1.#QNAN	0	0	0	7.34354e-007	1283.05	1506.23	1494.55
1505.53	944.908	583	1.#QNAN	0	0.016	0	7.14624e-007	1274.82	1505.53	1493.88
1504.84	944.468	584	1.#QNAN	0	0.016	0	7.32616e-007	1274.43	1504.84	1493.22
1504.16	944.038	585	1.#QNAN	0	0.015	0	7.29661e-007	1283.88	1504.16	1492.57
1503.5	943.613	586	1.#QNAN	0	0.016	0	6.96277e-007	1278.01	1503.5	1491.93
1502.85	943.2	587	1.#QNAN	0	0.015	0	7.58864e-007	1291.88	1502.85	1491.31
1502.2	942.781	588	1.#QNAN	0	0.016	0	7.3037e-007	1294.17	1502.2	1490.69
1501.55	942.346	589	1.#QNAN	0	0.016	0	7.13174e-007	1285.67	1501.55	1490.07
1500.91	941.936	590	1.#QNAN	0	0	0	7.14189e-007	1287.08	1500.91	1489.46
1500.26	941.496	591	1.#QNAN	0	0.015	0	7.1482e-007	1292.9	1500.26	1488.84
1499.6	941.088	592	1.#QNAN	0	0.016	0	7.19691e-007	1287.22	1499.6	1488.21
1498.96	940.674	593	1.#QNAN	0	0.015	0	7.13824e-007	1292.53	1498.96	1487.6
1498.28	940.251	594	1.#QNAN	0	0.016	0	7.33266e-007	1271.02	1498.28	1486.96
1497.65	939.836	595	1.#QNAN	0	0.016	0	7.37749e-007	1296.28	1497.65	1486.35
1497.03	939.419	596	1.#QNAN	0	0.015	0	7.34004e-007	1313.87	1497.03	1485.76
1496.43	939.005	597	1.#QNAN	0	0	0	7.07211e-007	1331.46	1496.43	1485.19
1495.81	938.599	598	1.#QNAN	0	0.016	0	6.90607e-007	1304.27	1495.81	1484.61
1495.18	938.164	599	1.#QNAN	0	0.015	0	7.11025e-007	1290.82	1495.18	1484
1494.57	937.752	600	1.#QNAN	0	0.016	0	7.16963e-007	1296.75	1494.57	1483.42
1493.96	937.342	601	1.#QNAN	0	0.016	0	7.19069e-007	1288.11	1493.96	1482.84
1493.36	936.939	602	1.#QNAN	0	0.015	0	7.40994e-007	1312.06	1493.36	1482.28
1492.81	936.575	603	1.#QNAN	0	0.016	0	6.96775e-007	1345.47	1492.81	1481.76
1492.24	936.205	604	1.#QNAN	0	0	0	7.1177e-007	1314.88	1492.24	1481.21
1491.68	935.818	605	1.#QNAN	0	0.015	0	7.23824e-007	1316.46	1491.68	1480.68
1491.1	935.436	606	1.#QNAN	0	0.016	0	7.11871e-007	1299.34	1491.1	1480.13
1490.52	935.051	607	1.#QNAN	0	0.016	0	7.02482e-007	1296.26	1490.52	1479.58
1489.95	934.659	608	1.#QNAN	0	0.015	0	7.2629e-007	1316.65	1489.95	1479.04
1489.42	934.277	609	1.#QNAN	0	0.016	0	7.09902e-007	1354.31	1489.42	1478.53
1488.86	933.883	610	1.#QNAN	0	0	0	7.36295e-007	1331.52	1488.86	1478
1488.33	933.51	611	1.#QNAN	0	0.015	0	7.24041e-007	1323.63	1488.33	1477.5
1487.77	933.124	612	1.#QNAN	0	0.016	0	7.17603e-007	1308.87	1487.77	1476.97
1487.21	932.741	613	1.#QNAN	0	0.016	0	7.3094e-007	1310.5	1487.21	1476.43
1486.66	932.358	614	1.#QNAN	0	0.015	0	7.00001e-007	1303.6	1486.66	1475.91
1486.12	931.983	615	1.#QNAN	0	0.016	0	7.06618e-007	1319.83	1486.12	1475.39
1485.57	931.612	616	1.#QNAN	0	0.015	0	7.49592e-007	1311.3	1485.57	1474.88
1485.02	931.26	617	1.#QNAN	0	0	0	7.31841e-007	1320.27	1485.02	1474.36
1484.49	930.913	618	1.#QNAN	0	0.016	0	7.27806e-007	1316.86	1484.49	1473.86
1483.97	930.561	619	1.#QNAN	0	0.016	0	7.3674e-007	1305.97	1483.97	1473.36
1483.47	930.212	620	1.#QNAN	0	0.015	0	7.17022e-007	1317.69	1483.47	1472.89
1482.95	929.856	621	1.#QNAN	0	0.016	0	7.30291e-007	1327.21	1482.95	1472.39
1482.4	929.499	622	1.#QNAN	0	0.015	0	7.13357e-007	1295.94	1482.4	1471.86
1481.86	929.144	623	1.#QNAN	0	0	0	7.26482e-007	1301.67	1481.86	1471.35
1481.33	928.781	624	1.#QNAN	0	0.016	0	7.1249e-007	1310.52	1481.33	1470.85
1480.84	928.444	625	1.#QNAN	0	0.016	0	7.25148e-007	1325.62	1480.84	1470.39
1480.34	928.126	626	1.#QNAN	0	0.015	0	7.22827e-007	1326.55	1480.34	1469.92
1479.81	927.79	627	1.#QNAN	0	0.016	0	7.15465e-007	1308.85	1479.81	1469.41
1479.27	927.447	628	1.#QNAN	0	0.015	0	7.29221e-007	1288.62	1479.27	1468.89
1478.75	927.102	629	1.#QNAN	0	0.016	0	7.11613e-007	1319.35	1478.75	1468.39
1478.23	926.76	630	1.#QNAN	0	0.016	0	6.95255e-007	1304.35	1478.23	1467.9
1477.73	926.429	631	1.#QNAN	0	0.015	0	7.06517e-007	1317.31	1477.73	1467.43
1477.21	926.108	632	1.#QNAN	0	0.016	0	7.22943e-007	1303.31	1477.21	1466.94
1476.72	925.774	633	1.#QNAN	0	0	0	7.06088e-007	1301.01	1476.72	1466.46
1476.22	925.437	634	1.#QNAN	0	0.015	0	7.48861e-007	1298.13	1476.22	1465.99
1475.74	925.099	635	1.#QNAN	0	0.016	1	7.13964e-007	1326.75	1475.74	1465.54
1475.24	924.742	636	1.#QNAN	0	0.016	0	7.24179e-007	1304.38	1475.24	1465.07
1474.75	924.396	637	1.#QNAN	0	0.015	0	7.21356e-007	1326.55	1474.75	1464.6
1474.25	924.034	638	1.#QNAN	0	0.016	0	6.89898e-007	1312.12	1474.25	1464.13
1473.74	923.681	639	1.#QNAN	0	0.015	0	7.33416e-007	1319.05	1473.74	1463.63
1473.22	923.328	640	1.#QNAN	0	0	0	7.50236e-007	1325.6	1473.22	1463.14
1472.71	922.967	641	1.#QNAN	0	0.016	0	7.01369e-007	1339.48	1472.71	1462.65
1472.2	922.621	642	1.#QNAN	0	0.016	0	7.06995e-007	1327.97	1472.2	1462.16
1471.7	922.271	643	1.#QNAN	0	0.015	0	7.23734e-007	1328.03	1471.7	1461.69
1471.21	921.91	644	1.#QNAN	0	0.016	0	7.11347e-007	1339.35	1471.21	1461.22
1470.73	921.558	645	1.#QNAN	0	0.015	0	7.04082e-007	1345.64	1470.73	1460.77
1470.24	921.202	646	1.#QNAN	0	0.016	0	7.07248e-007	1317.7	1470.24	1460.3
1469.78	920.862	647	1.#QNAN	0	0	0	7.27389e-007	1351.53	1469.78	1459.87
1469.28	920.517	648	1.#QNAN	0	0.016	0	7.26619e-007	1301.2	1469.28	1459.39
1468.78	920.182	649	1.#QNAN	0	0.015	0	7.20043e-007	1298.8	1468.78	1458.92
1468.29	919.837	650	1.#QNAN	0	0.016	0	7.30558e-007	1289.34	1468.29	1458.45
1467.82	919.498	651	1.#QNAN	0	0.015	0	7.1673e-007	1321.73	1467.82	1458
1467.35	919.153	652	1.#QNAN	0	0.016	0	7.20414e-007	1315.33	1467.35	1457.56
1466.9	918.834	653	1.#QNAN	0	0.016	0	7.20052e-007	1341.22	1466.9	1457.14
1466.47	918.523	654	1.#QNAN	0	0	0	6.99809e-007	1322.98	1466.47	1456.72
1466.01	918.18	655	1.#QNAN	0	0.015	0	7.20998e-007	1322.68	1466.01	1456.29
1465.56	917.853	656	1.#QNAN	0	0.016	0	7.1474e-007	1337.85	1465.56	1455.86
1465.09	917.526	657	1.#QNAN	0	0.015	0	7.31087e-007	1342.59	1465.09	1455.42
1464.63	917.205	658	1.#QNAN	0	0.016	0	7.23699e-007	1345.59	1464.63	1454.98
1464.19	916.889	659	1.#QNAN	0	0.016	0	7.1045e-007	1367.16	1464.19	1454.56
1463.72	916.56	660	1.#QNAN	0	0	0	6.86399e-007	1306.85	1463.72	1454.11
1463.29	916.255	661	1.#QNAN	0	0.015	0	7.00904e-007	1327.59	1463.29	1453.7
1462.84	915.954	662	1.#QNAN	0	0.016	0	7.2742e-007	1327.04	1462.84	1453.28
1462.42	915.641	663	1.#QNAN	0	0.015	0	7.21868e-007	1343.09	1462.42	1452.88
1461.98	915.317	664	1.#QNAN	0	0.016	0	7.31993e-007	1336.06	1461.98	1452.47
1461.55	914.995	665	1.#QNAN	0	0.016	0	7.25658e-007	1344.08	1461.55	1452.07
1461.13	914.676	666	1.#QNAN	0	0.015	0	7.30243e-007	1344.62	1461.13	1451.68
1460.73	914.385	667	1.#QNAN	0	0	0	7.03841e-007	1354.6	1460.73	1451.29
1460.31	914.096	668	1.#QNAN	0	0.016	0	7.16441e-007	1335.95	1460.31	1450.9
1459.88	913.793	669	1.#QNAN	0	0.015	0	7.23082e-007	1351.5	1459.88	1450.5
1459.46	913.481	670	1.#QNAN	0	0.016	0	7.10672e-007	1344.04	1459.46	1450.1
1459.04	913.18	671	1.#QNAN	0	0.016	0	7.36513e-007	1333.87	1459.04	1449.7
1458.59	912.865	672	1.#QNAN	0	0.015	0	7.09964e-007	1302.33	1458.59	1449.27
1458.14	912.556	673	1.#QNAN	0	0.016	0	7.21141e-007	1307.15	1458.14	1448.85
1457.69	912.261	674	1.#QNAN	0	0	0	7.35973e-007	1315.28	1457.69	1448.43
1457.24	911.942	675	1.#QNAN	0	0.015	0	7.11665e-007	1302.76	1457.24	1448
1456.82	911.641	676	1.#QNAN	0	0.016	0	7.33364e-007	1315.26	1456.82	1447.6
1456.36	911.323	677	1.#QNAN	0	0.016	0	7.30128e-007	1295.66	1456.36	1447.16
1455.92	911.013	678	1.#QNAN	0	0.015	0	7.33983e-007	1288.36	1455.92	1446.74
1455.49	910.722	679	1.#QNAN	0	0.016	0	7.17692e-007	1305.35	1455.49	1446.34
1455.07	910.429	680	1.#QNAN	0	0.015	0	7.16012e-007	1325.68	1455.07	1445.94
1454.64	910.135	681	1.#QNAN	0	0	0	7.11174e-007	1311.82	1454.64	1445.53
1454.24	909.844	682	1.#QNAN	0	0.016	0	7.34864e-007	1354.5	1454.24	1445.15
1453.85	909.559	683	1.#QNAN	0	0.016	0	7.36466e-007	1352.73	1453.85	1444.78
1453.46	909.29	684	1.#QNAN	0	0.015	0	7.22426e-007	1346	1453.46	1444.41
1453.08	909.013	685	1.#QNAN	0	0.016	0	6.8596e-007	1354.04	1453.08	1444.05
1452.69	908.727	686	1.#QNAN	0	0.015	0	7.07122e-007	1342.09	1452.69	1443.69
1452.3	908.438	687	1.#QNAN	0	0.016	0	7.27848e-007	1363.98	1452.3	1443.32
1451.89	908.159	688	1.#QNAN	0	0.016	0	6.99269e-007	1326.94	1451.89	1442.94
1451.49	907.881	689	1.#QNAN	0	0	0	7.12458e-007	1337.62	1451.49	1442.57
1451.08	907.605	690	1.#QNAN	0	0.015	0	7.37771e-007	1321.92	1451.08	1442.18
1450.71	907.354	691	1.#QNAN	0	0.016	0	7.37541e-007	1329.86	1450.71	1441.83
1450.33	907.092	692	1.#QNAN	0	0.015	0	7.1011e-007	1336.54	1450.33	1441.47
1449.94	906.823	693	1.#QNAN	0	0.016	0	7.32887e-007	1332.66	1449.94	1441.1
1449.55	906.564	694	1.#QNAN	0	0.016	0	7.22665e-007	1340.95	1449.55	1440.74
1449.18	906.309	695	1.#QNAN	0	0.015	0	7.18723e-007	1338.78	1449.18	1440.38
1448.75	906.05	696	1.#QNAN	0	0	0	7.34883e-007	1298	1448.75	1439.97
1448.34	905.786	697	1.#QNAN	0	0.016	0	7.0519e-007	1323.42	1448.34	1439.58
1447.95	905.526	698	1.#QNAN	0	0.015	0	7.03559e-007	1341.54	1447.95	1439.21
1447.56	905.28	699	1.#QNAN	0	0.016	0	7.18381e-007	1312.52	1447.56	1438.84
1447.15	905.025	700	1.#QNAN	0	0.016	0	7.13415e-007	1316.72	1447.15	1438.46
1446.76	904.766	701	1.#QNAN	0	0.015	0	7.2655e-007	1306.17	1446.76	1438.09
1446.35	904.505	702	1.#QNAN	0	0.016	0	7.26319e-007	1285.34	1446.35	1437.7
1445.95	904.259	703	1.#QNAN	0	0	0	7.12176e-007	1286.27	1445.95	1437.32
1445.55	904.015	704	1.#QNAN	0	0.015	0	7.01595e-007	1288.42	1445.55	1436.95
1445.16	903.766	705	1.#QNAN	0	0.016	0	7.23419e-007	1295.07	1445.16	1436.57
1444.77	903.531	706	1.#QNAN	0	0.016	0	7.50922e-007	1289.59	1444.77	1436.2
1444.4	903.282	707	1.#QNAN	0	0.015	0	7.29197e-007	1288.9	1444.4	1435.85
1444.04	903.041	708	1.#QNAN	0	0.016	0	7.44403e-007	1312.77	1444.04	1435.52
1443.65	902.78	709	1.#QNAN	0	0.015	1	7.07115e-007	1277.75	1443.65	1435.14
1443.26	902.543	710	1.#QNAN	0	0	0	7.05048e-007	1288.91	1443.26	1434.77
1442.89	902.297	711	1.#QNAN	0	0.016	0	7.37444e-007	1307.53	1442.89	1434.42
1442.52	902.055	712	1.#QNAN	0	0.016	0	7.52671e-007	1311.01	1442.52	1434.07
1442.14	901.809	713	1.#QNAN	0	0.015	0	7.17792e-007	1330.29	1442.14	1433.71
1441.75	901.545	714	1.#QNAN	0	0.016	0	7.08988e-007	1317.93	1441.75	1433.34
1441.32	901.275	715	1.#QNAN	0	0.015	0	7.14931e-007	1301.55	1441.32	1432.93
1440.92	901.01	716	1.#QNAN	0	0.016	0	7.27631e-007	1304.17	1440.92	1432.55
1440.52	900.761	717	1.#QNAN	0	0	0	7.3477e-007	1307	1440.52	1432.17
1440.14	900.515	718	1.#QNAN	0	0.016	0	7.35685e-007	1310.65	1440.14	1431.81
1439.72	900.245	719	1.#QNAN	0	0.015	0	7.24537e-007	1315.18	1439.72	1431.41
1439.3	899.989	720	1.#QNAN	0	0.016	0	7.07693e-007	1299.41	1439.3	1431.01
1438.87	899.709	721	1.#QNAN	0	0.015	0	7.00593e-007	1286.13	1438.87	1430.6
1438.46	899.46	722	1.#QNAN	0	0.016	0	7.26476e-007	1296.75	1438.46	1430.21
1438.06	899.212	723	1.#QNAN	0	0	0	7.22484e-007	1275.25	1438.06	1429.83
1437.64	898.963	724	1.#QNAN	0	0.016	0	7.01961e-007	1264.99	1437.64	1429.43
1437.22	898.711	725	1.#QNAN	0	0.015	0	7.36639e-007	1274.37	1437.22	1429.03
1436.84	898.47	726	1.#QNAN	0	0.016	0	7.17263e-007	1293.79	1436.84	1428.67
1436.47	898.204	727	1.#QNAN	0	0.015	0	7.12017e-007	1328.08	1436.47	1428.32
1436.07	897.938	728	1.#QNAN	0	0.016	0	7.02882e-007	1308.39	1436.07	1427.95
1435.67	897.682	729	1.#QNAN	0	0	0	7.30665e-007	1299.63	1435.67	1427.57
1435.31	897.425	730	1.#QNAN	0	0	0	7.21267e-007	1336.26	1435.31	1427.23
1434.95	897.189	731	1.#QNAN	0	0.015	0	7.37662e-007	1311.17	1434.95	1426.89
1434.57	896.942	732	1.#QNAN	0	0.016	0	7.58635e-007	1296.74	1434.57	1426.53
1434.22	896.7	733	1.#QNAN	0	0.015	0	7.16398e-007	1316.45	1434.22	1426.2
1433.88	896.456	734	1.#QNAN	0	0.016	0	7.14913e-007	1342.75	1433.88	1425.88
1433.5	896.198	735	1.#QNAN	0	0.016	0	7.34302e-007	1302.61	1433.5	1425.52
1433.13	895.944	736	1.#QNAN	0	0	0	7.13386e-007	1307.95	1433.13	1425.17
1432.78	895.696	737	1.#QNAN	0	0.015	0	7.38816e-007	1332.66	1432.78	1424.84
1432.4	895.445	738	1.#QNAN	0	0.016	0	7.46747e-007	1316.88	1432.4	1424.48
1432.08	895.213	739	1.#QNAN	0	0.015	0	7.39973e-007	1338.9	1432.08	1424.17
1431.73	894.981	740	1.#QNAN	0	0.016	0	7.30132e-007	1315.73	1431.73	1423.84
1431.37	894.729	741	1.#QNAN	0	0.016	0	7.4412e-007	1368.13	1431.37	1423.5
1431.01	894.469	742	1.#QNAN	0	0.015	0	7.44262e-007	1372.25	1431.01	1423.15
1430.66	894.227	743	1.#QNAN	0	0	0	7.13035e-007	1332.79	1430.66	1422.82
1430.35	894.007	744	1.#QNAN	0	0.016	0	7.17108e-007	1390.02	1430.35	1422.53
1430.03	893.77	745	1.#QNAN	0	0.015	0	7.18759e-007	1377.41	1430.03	1422.22
1429.72	893.538	746	1.#QNAN	0	0.016	0	7.47505e-007	1386.18	1429.72	1421.93
1429.39	893.293	747	1.#QNAN	0	0.016	0	7.20671e-007	1375.16	1429.39	1421.62
1429.1	893.069	748	1.#QNAN	0	0.015	0	7.43342e-007	1406.44	1429.1	1421.34
1428.78	892.837	749	1.#QNAN	0	0.016	0	7.31172e-007	1380.89	1428.78	1421.04
1428.46	892.607	750	1.#QNAN	0	0	0	7.43351e-007	1361.7	1428.46	1420.73
1428.14	892.384	751	1.#QNAN	0	0.015	0	7.28619e-007	1350.53	1428.14	1420.44
1427.83	892.168	752	1.#QNAN	0	0.016	0	7.15035e-007	1354.7	1427.83	1420.13
1427.51	891.949	753	1.#QNAN	0	0.016	0	7.47515e-007	1358.79	1427.51	1419.84
1427.18	891.716	754	1.#QNAN	0	0.015	0	7.59998e-007	1347.77	1427.18	1419.52
1426.87	891.498	755	1.#QNAN	0	0.016	0	7.29614e-007	1328.35	1426.87	1419.22
1426.54	891.277	756	1.#QNAN	0	0	0	7.14069e-007	1322.14	1426.54	1418.92
1426.24	891.066	757	1.#QNAN	0	0.015	0	7.06095e-007	1347.32	1426.24	1418.62
1425.92	890.853	758	1.#QNAN	0	0.016	0	7.39088e-007	1333.64	1425.92	1418.33
1425.58	890.62	759	1.#QNAN	0	0.016	0	7.25676e-007	1288.96	1425.58	1418
1425.26	890.387	760	1.#QNAN	0	0.015	0	7.18675e-007	1324.59	1425.26	1417.69
1424.92	890.16	761	1.#QNAN	0	0.016	0	7.38704e-007	1294.85	1424.92	1417.38
1424.62	889.942	762	1.#QNAN	0	0.015	0	7.05899e-007	1319.44	1424.62	1417.1
1424.33	889.72	763	1.#QNAN	0	0	0	7.52301e-007	1341.11	1424.33	1416.82
1424	889.491	764	1.#QNAN	0	0.016	0	7.29772e-007	1319.6	1424	1416.5
1423.67	889.261	765	1.#QNAN	0	0.016	0	7.34113e-007	1297.12	1423.67	1416.19
1423.38	889.055	766	1.#QNAN	0	0.015	0	7.50761e-007	1305.67	1423.38	1415.92
1423.1	888.85	767	1.#QNAN	0	0.016	0	7.43107e-007	1333.63	1423.1	1415.66
1422.83	888.629	768	1.#QNAN	0	0.015	0	7.16017e-007	1342.73	1422.83	1415.4
1422.55	888.418	769	1.#QNAN	0	0.016	0	7.21105e-007	1336.3	1422.55	1415.14
1422.28	888.218	770	1.#QNAN	0	0	0	7.45434e-007	1350.04	1422.28	1414.89
1421.99	888.001	771	1.#QNAN	0	0.016	0	6.99978e-007	1324.41	1421.99	1414.61
1421.7	887.78	772	1.#QNAN	0	0.015	0	7.33074e-007	1342.64	1421.7	1414.34
1421.41	887.555	773	1.#QNAN	0	0.016	0	7.14043e-007	1329.4	1421.41	1414.06
1421.12	887.345	774	1.#QNAN	0	0.015	0	7.00919e-007	1339.48	1421.12	1413.79
1420.84	887.136	775	1.#QNAN	0	0.016	0	7.26713e-007	1337.94	1420.84	1413.52
1420.54	886.916	776	1.#QNAN	0	0	0	7.30021e-007	1331.45	1420.54	1413.24
1420.26	886.712	777	1.#QNAN	0	0.016	0	7.24926e-007	1349.86	1420.26	1412.98
1419.96	886.501	778	1.#QNAN	0	0.015	0	7.14009e-007	1330.37	1419.96	1412.69
1419.7	886.304	779	1.#QNAN	0	0.016	0	7.12181e-007	1336.06	1419.7	1412.45
1419.43	886.1	780	1.#QNAN	0	0.015	0	7.25301e-007	1343.6	1419.43	1412.19
1419.14	885.895	781	1.#QNAN	0	0.016	0	7.24586e-007	1335.33	1419.14	1411.92
1418.82	885.684	782	1.#QNAN	0	0.016	0	7.26196e-007	1301.91	1418.82	1411.61
1418.53	885.475	783	1.#QNAN	0	0	0	7.64519e-007	1319.84	1418.53	1411.34
1418.24	885.247	784	1.#QNAN	0	0.015	0	7.11087e-007	1364.46	1418.24	1411.07
1417.97	885.023	785	1.#QNAN	0	0.016	1	7.04093e-007	1347.11	1417.97	1410.81
1417.66	884.79	786	1.#QNAN	0	0.015	0	7.04743e-007	1325.71	1417.66	1410.52
1417.36	884.555	787	1.#QNAN	0	0.016	0	7.29642e-007	1337.56	1417.36	1410.24
1417.07	884.343	788	1.#QNAN	0	0.016	0	7.41679e-007	1347.33	1417.07	1409.96
1416.75	884.126	789	1.#QNAN	0	0.015	0	7.09524e-007	1324.99	1416.75	1409.66
1416.44	883.91	790	1.#QNAN	0	0	0	7.43952e-007	1326.84	1416.44	1409.36
1416.14	883.693	791	1.#QNAN	0	0.016	0	7.3143e-007	1346.39	1416.14	1409.07
1415.83	883.464	792	1.#QNAN	0	0.015	0	7.26402e-007	1373.75	1415.83	1408.78
1415.52	883.23	793	1.#QNAN	0	0.016	0	7.36155e-007	1351.8	1415.52	1408.48
1415.2	882.986	794	1.#QNAN	0	0.016	0	7.26962e-007	1352.49	1415.2	1408.18
1414.87	882.75	795	1.#QNAN	0	0.015	0	7.36476e-007	1367.96	1414.87	1407.87
1414.57	882.529	796	1.#QNAN	0	0.016	0	7.2408e-007	1335.65	1414.57	1407.58
1414.28	882.326	797	1.#QNAN	0	0	0	7.31588e-007	1359.02	1414.28	1407.31
1413.99	882.133	798	1.#QNAN	0	0.015	0	7.19096e-007	1402.26	1413.99	1407.04
1413.72	881.941	799	1.#QNAN	0	0.016	0	7.64235e-007	1368.94	1413.72	1406.78
