rmse	mae	#iter	time_pred	time_learn	time_learn2	time_learn4	alpha	rmse_mcmc_this	rmse_mcmc_all	rmse_mcmc_all_but5
11288.6	8688.44	0	1.#QNAN	0	0.016	0	2.31042e-010	11288.6	11288.6	4115.63
10582.5	8133.77	1	1.#QNAN	0	0	0	4.81283e-009	10329.1	10582.5	4115.63
10173.7	7827.72	2	1.#QNAN	0	0.016	0	6.12059e-009	9542.67	10173.7	4115.63
9916.45	7637.33	3	1.#QNAN	0	0	0	6.87729e-009	9344.01	9916.45	4115.63
9624.81	7422.59	4	1.#QNAN	0	0.015	0	7.33707e-009	8611.83	9624.81	32670.1
9285.5	7154.81	5	1.#QNAN	0	0.016	0	9.07025e-009	7784.03	9285.5	7784.03
8931.02	6883.41	6	1.#QNAN	0	0	0	1.13983e-008	7118.08	8931.02	7378.72
8575.55	6599.76	7	1.#QNAN	0	0.015	0	1.45493e-008	6626.4	8575.55	7042.68
8233.36	6322.26	8	1.#QNAN	0	0	0	1.65315e-008	6230.24	8233.36	6756.9
7925.88	6073.83	9	1.#QNAN	0	0.016	0	1.94922e-008	5888.05	7925.88	6524.26
7642.37	5842.45	10	1.#QNAN	0	0	0	2.10837e-008	5653.47	7642.37	6317.69
7391.82	5628.61	11	1.#QNAN	0	0.016	0	2.34878e-008	5441.61	7391.82	6144.76
7161.08	5431.2	12	1.#QNAN	0	0.015	0	2.54267e-008	5294.23	7161.08	5988.21
6949.72	5252.77	13	1.#QNAN	0	0	0	2.88465e-008	5118.79	6949.72	5845.4
6762.67	5097.66	14	1.#QNAN	0	0.016	0	3.01532e-008	4943.19	6762.67	5720.91
6593.06	4959.55	15	1.#QNAN	0	0.015	0	3.14084e-008	4884.42	6593.06	5609.91
6439.34	4835.16	16	1.#QNAN	0	0	0	3.36251e-008	4770.52	6439.34	5509.19
6291.35	4715.45	17	1.#QNAN	0	0.016	0	3.60145e-008	4467.87	6291.35	5405.2
6160.62	4607.83	18	1.#QNAN	0	0.016	0	3.97065e-008	4430.99	6160.62	5315.87
6036.29	4503.55	19	1.#QNAN	0	0	0	4.08801e-008	4340.17	6036.29	5228.2
5924.33	4409.52	20	1.#QNAN	0	0.015	0	4.29322e-008	4357.42	5924.33	5153.2
5817.1	4320.55	21	1.#QNAN	0	0	0	4.41729e-008	4171.72	5817.1	5077.29
5718.46	4239.34	22	1.#QNAN	0	0.016	0	4.98276e-008	4189.12	5718.46	5009.24
5628.45	4164	23	1.#QNAN	0	0.015	0	5.14292e-008	4118.21	5628.45	4946.65
5538.49	4089.9	24	1.#QNAN	0	0	0	5.3226e-008	3977.21	5538.49	4882.65
5454.84	4020.36	25	1.#QNAN	0	0.016	0	5.7612e-008	3906.97	5454.84	4821.99
5374.87	3954.23	26	1.#QNAN	0	0	0	6.07135e-008	3804.24	5374.87	4763.64
5295.88	3890.09	27	1.#QNAN	0	0.016	0	6.24891e-008	3669.22	5295.88	4703.93
5219.51	3828.61	28	1.#QNAN	0	0.015	0	6.75288e-008	3576.18	5219.51	4645.19
5146.83	3770.35	29	1.#QNAN	0	0	0	7.50587e-008	3505.06	5146.83	4588.67
5076.17	3713.43	30	1.#QNAN	0	0.016	0	7.95082e-008	3436.73	5076.17	4533.49
5009.81	3660.31	31	1.#QNAN	0	0	0	8.18548e-008	3483.12	5009.81	4482.39
4945.34	3607.62	32	1.#QNAN	0	0.015	0	8.52931e-008	3366.64	4945.34	4431.99
4881.24	3556.86	33	1.#QNAN	0	0.016	0	9.23486e-008	3238.24	4881.24	4381.27
4819.16	3508.11	34	1.#QNAN	0	0	0	9.88445e-008	3175.29	4819.16	4331.78
4761.85	3462.84	35	1.#QNAN	0	0.016	0	1.02098e-007	3153.11	4761.85	4286
4705.84	3418.94	36	1.#QNAN	0	0	0	1.04938e-007	3115.28	4705.84	4240.72
4650.91	3375.81	37	1.#QNAN	0	0.015	0	1.13274e-007	3010.91	4650.91	4196.02
4597.35	3334.18	38	1.#QNAN	0	0	0	1.19429e-007	2928.29	4597.35	4151.53
4546.2	3293.95	39	1.#QNAN	0	0.016	0	1.2306e-007	2942.08	4546.2	4109.64
4496.24	3254.27	40	1.#QNAN	0	0	0	1.33627e-007	2882.34	4496.24	4068.67
4446.36	3215.51	41	1.#QNAN	0	0.015	0	1.36749e-007	2785.32	4446.36	4027.02
4398.22	3178.14	42	1.#QNAN	0	0.016	0	1.4652e-007	2776.86	4398.22	3986.89
4350.03	3141.13	43	1.#QNAN	0	0	0	1.50149e-007	2686.72	4350.03	3946.37
4304.34	3106.02	44	1.#QNAN	0	0.016	1	1.62172e-007	2660.96	4304.34	3908.08
4259.35	3071	45	1.#QNAN	0	0	0	1.64303e-007	2617.06	4259.35	3870.46
4216.25	3037.08	46	1.#QNAN	0	0.015	0	1.70808e-007	2615.92	4216.25	3834.44
4173.88	3003.82	47	1.#QNAN	0	0	0	1.79624e-007	2568.45	4173.88	3798.69
4133.43	2972.1	48	1.#QNAN	0	0.016	0	1.91221e-007	2550.67	4133.43	3764.6
4092.48	2940.29	49	1.#QNAN	0	0.015	0	1.9234e-007	2444.55	4092.48	3729.63
4052.66	2909.39	50	1.#QNAN	0	0	0	1.92281e-007	2427.2	4052.66	3695.78
4014.55	2879.76	51	1.#QNAN	0	0.016	0	2.02494e-007	2423.54	4014.55	3663.3
3976.42	2850.48	52	1.#QNAN	0	0	0	2.05533e-007	2338.31	3976.42	3630.32
3939.77	2822.13	53	1.#QNAN	0	0.016	0	2.12168e-007	2358.73	3939.77	3598.84
3903.37	2793.98	54	1.#QNAN	0	0	0	2.2973e-007	2299.08	3903.37	3567.54
3868.23	2766.72	55	1.#QNAN	0	0.015	0	2.31829e-007	2291.21	3868.23	3537.48
3833.54	2739.76	56	1.#QNAN	0	0.016	0	2.42168e-007	2252.71	3833.54	3507.66
3799.78	2713.79	57	1.#QNAN	0	0	0	2.42605e-007	2237.06	3799.78	3478.54
3766.6	2688.06	58	1.#QNAN	0	0.015	0	2.46412e-007	2222.49	3766.6	3450.04
3734.94	2663.33	59	1.#QNAN	0	0	0	2.54512e-007	2227.17	3734.94	3422.9
3704.16	2639.14	60	1.#QNAN	0	0.016	0	2.60321e-007	2228.71	3704.16	3396.61
3674.13	2615.58	61	1.#QNAN	0	0	0	2.70469e-007	2198.35	3674.13	3370.82
3644.54	2592.64	62	1.#QNAN	0	0.016	0	2.80168e-007	2152.89	3644.54	3345.3
3615.59	2569.92	63	1.#QNAN	0	0.015	0	2.77575e-007	2165.99	3615.59	3320.52
3587.31	2547.77	64	1.#QNAN	0	0	0	2.77274e-007	2143.94	3587.31	3296.25
3559.14	2526.03	65	1.#QNAN	0	0.016	0	2.86963e-007	2088.75	3559.14	3271.87
3531.63	2504.81	66	1.#QNAN	0	0	0	2.95317e-007	2078.99	3531.63	3248.02
3504.47	2483.95	67	1.#QNAN	0	0.015	0	3.00015e-007	2062.26	3504.47	3224.5
3477.51	2463.42	68	1.#QNAN	0	0	0	3.06285e-007	2015.08	3477.51	3201.02
3451.45	2443.44	69	1.#QNAN	0	0.016	0	3.18479e-007	2022.93	3451.45	3178.42
3425.72	2423.7	70	1.#QNAN	0	0.016	0	3.34451e-007	1993.27	3425.72	3156.07
3400.65	2404.54	71	1.#QNAN	0	0	0	3.35413e-007	1980.06	3400.65	3134.35
3376.22	2385.92	72	1.#QNAN	0	0.015	0	3.41482e-007	1983.11	3376.22	3113.15
3352.68	2367.94	73	1.#QNAN	0	0	0	3.47726e-007	2003.63	3352.68	3092.81
3329.4	2350.21	74	1.#QNAN	0	0.016	0	3.44226e-007	1972.05	3329.4	3072.64
3306.13	2332.63	75	1.#QNAN	0	0.015	0	3.53449e-007	1923.47	3306.13	3052.42
3282.89	2315.19	76	1.#QNAN	0	0	0	3.5978e-007	1898.31	3282.89	3032.17
3260.26	2298.22	77	1.#QNAN	0	0.016	0	3.63305e-007	1877.21	3260.26	3012.38
3238.32	2281.62	78	1.#QNAN	0	0	0	3.68536e-007	1872.57	3238.32	2993.17
3216.36	2264.98	79	1.#QNAN	0	0.016	0	3.76246e-007	1860.46	3216.36	2973.93
3194.63	2248.67	80	1.#QNAN	0	0	0	3.74891e-007	1812.94	3194.63	2954.83
3173.36	2232.61	81	1.#QNAN	0	0	0	3.92698e-007	1809.31	3173.36	2936.12
3152.31	2216.85	82	1.#QNAN	0	0.016	0	3.95437e-007	1789.33	3152.31	2917.58
3131.56	2201.4	83	1.#QNAN	0	0	0	4.07026e-007	1763.92	3131.56	2899.26
3111.43	2186.32	84	1.#QNAN	0	0.015	0	3.92657e-007	1781.07	3111.43	2881.62
3091.74	2171.51	85	1.#QNAN	0	0	0	4.0968e-007	1762.81	3091.74	2864.34
3072.31	2156.97	86	1.#QNAN	0	0.016	0	4.05281e-007	1759.67	3072.31	2847.21
3053.28	2142.69	87	1.#QNAN	0	0.016	0	4.20543e-007	1771.44	3053.28	2830.53
3034.73	2128.7	88	1.#QNAN	0	0	0	4.17626e-007	1764.6	3034.73	2814.23
3016.42	2114.89	89	1.#QNAN	0	0.015	0	4.36772e-007	1743.25	3016.42	2798.11
2998.12	2101.35	90	1.#QNAN	0	0	0	4.28768e-007	1703.08	2998.12	2781.93
2980.37	2087.97	91	1.#QNAN	0	0.016	0	4.48665e-007	1735.73	2980.37	2766.38
2962.85	2074.85	92	1.#QNAN	0	0	0	4.41516e-007	1717.31	2962.85	2751.03
2945.51	2062.01	93	1.#QNAN	0	0.015	0	4.4179e-007	1698.71	2945.51	2735.79
2928.7	2049.54	94	1.#QNAN	0	0.016	0	4.51627e-007	1698.63	2928.7	2721.06
2912.19	2037.12	95	1.#QNAN	0	0	0	4.62784e-007	1701.48	2912.19	2706.61
2895.94	2024.93	96	1.#QNAN	0	0.016	0	4.54243e-007	1709.46	2895.94	2692.35
2879.91	2012.92	97	1.#QNAN	0	0	0	4.74983e-007	1691.19	2879.91	2678.3
2864.11	2001.17	98	1.#QNAN	0	0.015	0	4.70539e-007	1683.88	2864.11	2664.44
2848.97	1989.72	99	1.#QNAN	0	0	0	4.64616e-007	1695.57	2848.97	2651.21
2833.81	1978.26	100	1.#QNAN	0	0.016	0	4.70723e-007	1705.22	2833.81	2637.98
2818.83	1966.88	101	1.#QNAN	0	0.015	0	4.67944e-007	1685.91	2818.83	2624.89
2804.05	1955.88	102	1.#QNAN	0	0	0	4.73369e-007	1652.51	2804.05	2611.93
2789.34	1944.95	103	1.#QNAN	0	0.016	0	4.7897e-007	1614.18	2789.34	2598.96
2774.95	1934.27	104	1.#QNAN	0	0	0	5.13142e-007	1617.2	2774.95	2586.3
2760.73	1923.74	105	1.#QNAN	0	0.016	0	4.94042e-007	1628.06	2760.73	2573.81
2746.74	1913.46	106	1.#QNAN	0	0	0	5.02679e-007	1597.22	2746.74	2561.5
2733.1	1903.27	107	1.#QNAN	0	0.015	0	5.08281e-007	1612.09	2733.1	2549.5
2719.36	1892.88	108	1.#QNAN	0	0.016	0	5.15044e-007	1602.5	2719.36	2537.38
2706.25	1882.94	109	1.#QNAN	0	0	0	4.96604e-007	1642.81	2706.25	2525.91
2692.98	1873.06	110	1.#QNAN	0	0.015	0	5.16388e-007	1582.98	2692.98	2514.18
2679.95	1863.33	111	1.#QNAN	0	0	0	5.08765e-007	1583.75	2679.95	2502.69
2666.64	1853.61	112	1.#QNAN	0	0.016	0	5.22675e-007	1514.03	2666.64	2490.86
2653.7	1844.04	113	1.#QNAN	0	0	0	5.30012e-007	1536.98	2653.7	2479.41
2641.12	1834.68	114	1.#QNAN	0	0.016	0	5.27148e-007	1560.83	2641.12	2468.25
2628.64	1825.42	115	1.#QNAN	0	0	0	5.3153e-007	1550.9	2628.64	2457.17
2616.28	1816.27	116	1.#QNAN	0	0.015	0	5.35876e-007	1530.35	2616.28	2446.18
2604.28	1807.25	117	1.#QNAN	0	0.016	0	5.42928e-007	1578.16	2604.28	2435.6
2592.57	1798.43	118	1.#QNAN	0	0	0	5.41418e-007	1581.76	2592.57	2425.31
2580.78	1789.76	119	1.#QNAN	0	0.015	0	5.27705e-007	1550.9	2580.78	2414.91
2569.14	1781.13	120	1.#QNAN	0	0	0	5.47389e-007	1541.87	2569.14	2404.6
2557.82	1772.7	121	1.#QNAN	0	0.016	0	5.42185e-007	1541.54	2557.82	2394.62
2546.42	1764.33	122	1.#QNAN	0	0.016	0	5.62766e-007	1526.16	2546.42	2384.53
2535.6	1756.1	123	1.#QNAN	0	0	0	5.77661e-007	1569.25	2535.6	2375.02
2524.64	1747.8	124	1.#QNAN	0	0.015	0	5.59322e-007	1558.13	2524.64	2365.35
2513.88	1739.59	125	1.#QNAN	0	0	0	5.605e-007	1572.79	2513.88	2355.88
2503.47	1731.65	126	1.#QNAN	0	0.016	0	5.56759e-007	1582.51	2503.47	2346.75
2492.9	1723.8	127	1.#QNAN	0	0	0	5.59246e-007	1524.09	2492.9	2337.41
2482.6	1716.04	128	1.#QNAN	0	0.015	0	5.68957e-007	1569.1	2482.6	2328.37
2472.47	1708.45	129	1.#QNAN	0	0.016	0	5.63727e-007	1556.43	2472.47	2319.45
2462.25	1700.77	130	1.#QNAN	0	0	0	5.70134e-007	1522.43	2462.25	2310.42
2452.12	1693.31	131	1.#QNAN	0	0.016	0	5.73508e-007	1499.69	2452.12	2301.46
2442.3	1685.96	132	1.#QNAN	0	0	0	5.86825e-007	1532.88	2442.3	2292.82
2432.7	1678.79	133	1.#QNAN	0	0.015	0	5.81291e-007	1528.31	2432.7	2284.35
2423.16	1671.69	134	1.#QNAN	0	0	0	5.61896e-007	1535.4	2423.16	2275.98
2414	1664.69	135	1.#QNAN	0	0.016	0	5.76846e-007	1577.14	2414	2267.95
2404.57	1657.69	136	1.#QNAN	0	0.015	0	5.88236e-007	1501.6	2404.57	2259.62
2395.52	1650.8	137	1.#QNAN	0	0	0	5.99946e-007	1536.05	2395.52	2251.66
2386.56	1643.92	138	1.#QNAN	0	0.016	0	5.95475e-007	1527.7	2386.56	2243.79
2377.86	1637.27	139	1.#QNAN	0	0	0	6.0248e-007	1550.34	2377.86	2236.16
2368.96	1630.64	140	1.#QNAN	0	0.016	0	5.89648e-007	1486.62	2368.96	2228.29
2360.17	1624.06	141	1.#QNAN	0	0	0	5.98364e-007	1502.75	2360.17	2220.52
2351.65	1617.56	142	1.#QNAN	0	0.015	0	6.21566e-007	1541.64	2351.65	2213.04
2342.92	1611.04	143	1.#QNAN	0	0.016	0	6.00685e-007	1507.07	2342.92	2205.3
2334.46	1604.66	144	1.#QNAN	0	0	0	5.87681e-007	1550.78	2334.46	2197.84
2326.06	1598.29	145	1.#QNAN	0	0.015	0	6.15204e-007	1532.51	2326.06	2190.42
2317.67	1592.02	146	1.#QNAN	0	0	0	6.19817e-007	1525.49	2317.67	2183
2309.56	1585.92	147	1.#QNAN	0	0.016	0	6.14642e-007	1541.31	2309.56	2175.83
2301.81	1579.94	148	1.#QNAN	0	0	0	6.16381e-007	1590.9	2301.81	2169.03
2293.98	1573.99	149	1.#QNAN	0	0.016	0	6.30489e-007	1587.54	2293.98	2162.15
2286.23	1568.13	150	1.#QNAN	0	0.015	0	5.95997e-007	1549.09	2286.23	2155.31
2278.56	1562.37	151	1.#QNAN	0	0	0	6.1871e-007	1565.05	2278.56	2148.55
2271.25	1556.78	152	1.#QNAN	0	0.016	0	6.09888e-007	1597.99	2271.25	2142.15
2263.82	1551.1	153	1.#QNAN	0	0	0	6.24669e-007	1569.82	2263.82	2135.63
2256.45	1545.49	154	1.#QNAN	0	0.015	0	6.24999e-007	1563.56	2256.45	2129.18
2249.23	1539.95	155	1.#QNAN	0	0	0	6.22861e-007	1575.53	2249.23	2122.86
2241.97	1534.44	156	1.#QNAN	0	0.016	1	6.37252e-007	1542.64	2241.97	2116.47
2235.05	1529.12	157	1.#QNAN	0	0.016	0	6.4043e-007	1572.64	2235.05	2110.41
2228.25	1523.88	158	1.#QNAN	0	0	0	6.27935e-007	1590.89	2228.25	2104.46
2221.23	1518.53	159	1.#QNAN	0	0.015	0	6.21149e-007	1533.54	2221.23	2098.29
2214.26	1513.28	160	1.#QNAN	0	0	0	6.5506e-007	1513.78	2214.26	2092.15
2207.54	1508.11	161	1.#QNAN	0	0.016	0	6.41708e-007	1541.1	2207.54	2086.28
2200.88	1502.97	162	1.#QNAN	0	0	0	6.17418e-007	1548.82	2200.88	2080.45
2194.17	1497.87	163	1.#QNAN	0	0.015	0	5.98825e-007	1516.37	2194.17	2074.59
2187.61	1492.87	164	1.#QNAN	0	0.016	0	6.49635e-007	1535.01	2187.61	2068.86
2181.24	1488.01	165	1.#QNAN	0	0	0	6.33581e-007	1541.57	2181.24	2063.29
2174.83	1483.14	166	1.#QNAN	0	0.016	0	6.12063e-007	1522.77	2174.83	2057.67
2168.7	1478.41	167	1.#QNAN	0	0	0	6.34148e-007	1549.82	2168.7	2052.35
2162.75	1473.74	168	1.#QNAN	0	0.015	0	6.35713e-007	1568.57	2162.75	2047.21
2156.6	1469.1	169	1.#QNAN	0	0	0	6.34222e-007	1517.81	2156.6	2041.84
2150.75	1464.52	170	1.#QNAN	0	0.016	0	6.49009e-007	1549.24	2150.75	2036.76
2144.81	1459.98	171	1.#QNAN	0	0.015	0	6.2436e-007	1530.72	2144.81	2031.59
2139.03	1455.48	172	1.#QNAN	0	0	0	6.29235e-007	1528.36	2139.03	2026.58
2133.26	1451.12	173	1.#QNAN	0	0.016	0	6.30655e-007	1521.22	2133.26	2021.55
2127.55	1446.78	174	1.#QNAN	0	0	0	6.29734e-007	1538.22	2127.55	2016.59
2121.8	1442.47	175	1.#QNAN	0	0.016	0	6.34731e-007	1507.32	2121.8	2011.58
2116.2	1438.22	176	1.#QNAN	0	0	0	6.22603e-007	1515.5	2116.2	2006.7
2110.63	1434.02	177	1.#QNAN	0	0.015	0	6.67919e-007	1513.27	2110.63	2001.85
2105.29	1429.8	178	1.#QNAN	0	0.016	0	6.32058e-007	1545.49	2105.29	1997.24
2099.82	1425.64	179	1.#QNAN	0	0	0	6.48059e-007	1504.03	2099.82	1992.48
2094.48	1421.59	180	1.#QNAN	0	0.015	0	6.63011e-007	1501.57	2094.48	1987.85
2089.11	1417.55	181	1.#QNAN	0	0	0	6.51032e-007	1487.72	2089.11	1983.2
2083.7	1413.44	182	1.#QNAN	0	0.016	0	6.18763e-007	1492.98	2083.7	1978.49
2078.53	1409.52	183	1.#QNAN	0	0.016	0	6.60605e-007	1510.36	2078.53	1974
2073.37	1405.57	184	1.#QNAN	0	0	0	6.69279e-007	1496.72	2073.37	1969.52
2068.15	1401.58	185	1.#QNAN	0	0.015	0	6.62063e-007	1478.14	2068.15	1964.96
2063.08	1397.73	186	1.#QNAN	0	0	0	6.48768e-007	1491.9	2063.08	1960.55
2058.19	1393.97	187	1.#QNAN	0	0.016	0	6.21267e-007	1498.69	2058.19	1956.31
2053.13	1390.13	188	1.#QNAN	0	0	0	6.47367e-007	1463.58	2053.13	1951.9
2048.25	1386.36	189	1.#QNAN	0	0.015	0	6.64809e-007	1505.21	2048.25	1947.67
2043.44	1382.65	190	1.#QNAN	0	0.016	0	6.78161e-007	1502.11	2043.44	1943.52
2038.37	1378.86	191	1.#QNAN	0	0	0	6.35017e-007	1447.63	2038.37	1939.1
2033.42	1375.15	192	1.#QNAN	0	0.016	0	6.53363e-007	1458.2	2033.42	1934.76
2028.54	1371.51	193	1.#QNAN	0	0	0	6.38747e-007	1456.79	2028.54	1930.49
2023.63	1367.82	194	1.#QNAN	0	0.015	0	6.5842e-007	1481.73	2023.63	1926.18
2019.05	1364.25	195	1.#QNAN	0	0	0	6.60945e-007	1523.4	2019.05	1922.22
2014.47	1360.66	196	1.#QNAN	0	0.016	0	6.56362e-007	1512.01	2014.47	1918.24
2009.88	1357.08	197	1.#QNAN	0	0.015	0	6.47045e-007	1493.2	2009.88	1914.26
2005.19	1353.53	198	1.#QNAN	0	0	0	6.41689e-007	1446.71	2005.19	1910.17
2000.6	1350.12	199	1.#QNAN	0	0.016	0	6.45291e-007	1470.73	2000.6	1906.17
1996.23	1346.8	200	1.#QNAN	0	0	0	6.45674e-007	1473.81	1996.23	1902.36
1991.72	1343.38	201	1.#QNAN	0	0.016	0	6.56965e-007	1438.5	1991.72	1898.41
1987.27	1339.95	202	1.#QNAN	0	0	0	6.41635e-007	1451.79	1987.27	1894.52
1982.86	1336.7	203	1.#QNAN	0	0.015	0	6.55515e-007	1453.86	1982.86	1890.67
1978.38	1333.38	204	1.#QNAN	0	0.016	0	6.45214e-007	1431.75	1978.38	1886.75
1974.31	1330.28	205	1.#QNAN	0	0	0	6.41444e-007	1493.2	1974.31	1883.23
1969.98	1327.09	206	1.#QNAN	0	0.015	0	6.50448e-007	1457.65	1969.98	1879.43
1965.88	1323.94	207	1.#QNAN	0	0	0	6.39576e-007	1488.82	1965.88	1875.88
1961.77	1320.74	208	1.#QNAN	0	0.016	0	6.44126e-007	1479.17	1961.77	1872.33
1957.67	1317.64	209	1.#QNAN	0	0	0	6.5624e-007	1470.47	1957.67	1868.77
1953.68	1314.66	210	1.#QNAN	0	0.016	0	6.66706e-007	1482.53	1953.68	1865.3
1949.74	1311.69	211	1.#QNAN	0	0.015	0	6.43577e-007	1490.79	1949.74	1861.89
1946.05	1308.81	212	1.#QNAN	0	0	0	6.60166e-007	1512.02	1946.05	1858.72
1942.24	1305.93	213	1.#QNAN	0	0.016	0	6.48343e-007	1485.56	1942.24	1855.44
1938.47	1303.04	214	1.#QNAN	0	0	0	6.64367e-007	1481.38	1938.47	1852.19
1934.85	1300.21	215	1.#QNAN	0	0.015	0	6.50966e-007	1519.36	1934.85	1849.09
1931.17	1297.35	216	1.#QNAN	0	0	0	6.33909e-007	1494.43	1931.17	1845.92
1927.31	1294.43	217	1.#QNAN	0	0.016	0	6.30279e-007	1442.39	1927.31	1842.58
1923.57	1291.6	218	1.#QNAN	0	0.016	0	6.34814e-007	1470.41	1923.57	1839.33
1919.83	1288.82	219	1.#QNAN	0	0	0	6.8294e-007	1455.41	1919.83	1836.09
1916.17	1286.03	220	1.#QNAN	0	0.015	0	6.60797e-007	1440.71	1916.17	1832.91
1912.64	1283.35	221	1.#QNAN	0	0	0	6.52507e-007	1446.68	1912.64	1829.87
1908.97	1280.62	222	1.#QNAN	0	0.016	0	6.48168e-007	1420.05	1908.97	1826.67
1905.17	1277.91	223	1.#QNAN	0	0	0	6.62362e-007	1408.14	1905.17	1823.34
1901.45	1275.26	224	1.#QNAN	0	0.015	0	6.86322e-007	1430.73	1901.45	1820.06
1898	1272.68	225	1.#QNAN	0	0.016	0	6.59163e-007	1444.49	1898	1817.07
1894.6	1270.11	226	1.#QNAN	0	0	0	6.43641e-007	1479.65	1894.6	1814.12
1891.26	1267.6	227	1.#QNAN	0	0.016	0	6.40548e-007	1521.62	1891.26	1811.24
1887.99	1265.09	228	1.#QNAN	0	0	0	6.67568e-007	1514.05	1887.99	1808.42
1884.9	1262.61	229	1.#QNAN	0	0.015	0	6.29703e-007	1544.16	1884.9	1805.8
1881.81	1260.18	230	1.#QNAN	0	0	0	6.39543e-007	1538.75	1881.81	1803.16
1878.78	1257.79	231	1.#QNAN	0	0.016	0	6.57873e-007	1544.57	1878.78	1800.56
1875.59	1255.37	232	1.#QNAN	0	0.015	0	6.64375e-007	1493.48	1875.59	1797.83
1872.35	1252.93	233	1.#QNAN	0	0	0	6.62942e-007	1485.86	1872.35	1795.04
1869.1	1250.53	234	1.#QNAN	0	0.016	0	6.86018e-007	1453.84	1869.1	1792.21
1865.94	1248.15	235	1.#QNAN	0	0	0	6.4687e-007	1445.71	1865.94	1789.47
1863	1245.86	236	1.#QNAN	0	0.016	0	6.61454e-007	1492.05	1863	1786.95
1860.07	1243.6	237	1.#QNAN	0	0	0	6.51665e-007	1488.11	1860.07	1784.45
1857.12	1241.3	238	1.#QNAN	0	0.015	0	6.57361e-007	1518.12	1857.12	1781.92
1854.13	1238.99	239	1.#QNAN	0	0.016	0	6.64558e-007	1482.71	1854.13	1779.36
1851.15	1236.72	240	1.#QNAN	0	0	0	6.56632e-007	1462.2	1851.15	1776.8
1848.35	1234.51	241	1.#QNAN	0	0.015	0	6.63552e-007	1486.71	1848.35	1774.41
1845.58	1232.32	242	1.#QNAN	0	0	0	6.4881e-007	1475.16	1845.58	1772.04
1842.77	1230.13	243	1.#QNAN	0	0.016	0	6.53364e-007	1478.74	1842.77	1769.62
1840.1	1227.96	244	1.#QNAN	0	0.016	0	6.55291e-007	1508.07	1840.1	1767.35
1837.46	1225.8	245	1.#QNAN	0	0	0	6.4906e-007	1509.71	1837.46	1765.12
1834.88	1223.68	246	1.#QNAN	0	0.015	0	6.37912e-007	1497.06	1834.88	1762.93
1832.36	1221.61	247	1.#QNAN	0	0	0	6.39058e-007	1518.62	1832.36	1760.81
1829.88	1219.54	248	1.#QNAN	0	0.016	0	6.64384e-007	1529.25	1829.88	1758.72
1827.26	1217.48	249	1.#QNAN	0	0	0	6.52736e-007	1488.84	1827.26	1756.49
1824.72	1215.45	250	1.#QNAN	0	0.015	0	6.6479e-007	1485.57	1824.72	1754.33
1822.09	1213.46	251	1.#QNAN	0	0.016	0	6.31393e-007	1455.97	1822.09	1752.06
1819.7	1211.49	252	1.#QNAN	0	0	0	6.40798e-007	1520.25	1819.7	1750.05
1817.2	1209.5	253	1.#QNAN	0	0.016	0	6.64967e-007	1482.62	1817.2	1747.91
1814.63	1207.56	254	1.#QNAN	0	0	0	6.85708e-007	1464.71	1814.63	1745.7
1812.33	1205.65	255	1.#QNAN	0	0.015	0	6.38682e-007	1525.8	1812.33	1743.78
1809.81	1203.69	256	1.#QNAN	0	0	0	6.43659e-007	1460.01	1809.81	1741.62
1807.24	1201.75	257	1.#QNAN	0	0.016	0	6.41566e-007	1446.7	1807.24	1739.42
1804.79	1199.83	258	1.#QNAN	0	0.015	0	6.70592e-007	1462.04	1804.79	1737.33
1802.41	1197.94	259	1.#QNAN	0	0	0	6.53338e-007	1474.25	1802.41	1735.3
1800.12	1196.09	260	1.#QNAN	0	0.016	0	6.70429e-007	1485.56	1800.12	1733.37
1797.95	1194.27	261	1.#QNAN	0	0	0	6.48157e-007	1505.95	1797.95	1731.56
1795.84	1192.51	262	1.#QNAN	0	0.016	0	6.5542e-007	1517.14	1795.84	1729.8
1793.6	1190.67	263	1.#QNAN	0	0	0	6.53964e-007	1487.17	1793.6	1727.9
1791.34	1188.86	264	1.#QNAN	0	0.015	0	6.6298e-007	1465.95	1791.34	1725.99
1789.25	1187.11	265	1.#QNAN	0	0.016	0	6.54496e-007	1518.52	1789.25	1724.25
1787.2	1185.36	266	1.#QNAN	0	0	0	6.32319e-007	1515.52	1787.2	1722.55
1785.03	1183.68	267	1.#QNAN	0	0.015	0	6.44983e-007	1483.94	1785.03	1720.72
1782.84	1181.97	268	1.#QNAN	0	0	0	6.58372e-007	1473.78	1782.84	1718.87
1780.61	1180.24	269	1.#QNAN	0	0.016	1	6.68137e-007	1442.4	1780.61	1716.96
1778.44	1178.52	270	1.#QNAN	0	0	0	6.52908e-007	1477.27	1778.44	1715.12
1776.26	1176.88	271	1.#QNAN	0	0.016	0	6.76677e-007	1446.32	1776.26	1713.26
1774.11	1175.2	272	1.#QNAN	0	0.015	0	6.46071e-007	1463	1774.11	1711.43
1772.16	1173.58	273	1.#QNAN	0	0	0	6.52262e-007	1500.38	1772.16	1709.8
1770.21	1171.97	274	1.#QNAN	0	0.016	0	6.78392e-007	1491.41	1770.21	1708.16
1768.14	1170.31	275	1.#QNAN	0	0	0	6.61115e-007	1462.25	1768.14	1706.42
1766.29	1168.72	276	1.#QNAN	0	0.015	0	6.76259e-007	1519.11	1766.29	1704.88
1764.3	1167.12	277	1.#QNAN	0	0.016	0	6.45787e-007	1475.39	1764.3	1703.21
1762.31	1165.5	278	1.#QNAN	0	0	0	6.63218e-007	1476.39	1762.31	1701.52
1760.47	1163.94	279	1.#QNAN	0	0.016	0	6.60926e-007	1508.78	1760.47	1700
1758.62	1162.39	280	1.#QNAN	0	0	0	6.7231e-007	1503	1758.62	1698.44
1756.71	1160.78	281	1.#QNAN	0	0.015	0	6.66831e-007	1484.83	1756.71	1696.83
1754.88	1159.27	282	1.#QNAN	0	0.016	0	6.61875e-007	1504.3	1754.88	1695.31
1753.04	1157.7	283	1.#QNAN	0	0	0	6.71831e-007	1496.24	1753.04	1693.77
1751.19	1156.13	284	1.#QNAN	0	0.015	0	6.49909e-007	1479.08	1751.19	1692.22
1749.35	1154.57	285	1.#QNAN	0	0	0	6.62459e-007	1481.54	1749.35	1690.67
1747.56	1153.06	286	1.#QNAN	0	0.016	0	6.69191e-007	1494.33	1747.56	1689.17
1745.68	1151.53	287	1.#QNAN	0	0.016	0	6.9221e-007	1467.37	1745.68	1687.57
1743.92	1150.03	288	1.#QNAN	0	0	0	6.57417e-007	1522.42	1743.92	1686.1
1742.23	1148.59	289	1.#QNAN	0	0.015	0	6.5222e-007	1520.62	1742.23	1684.7
1740.47	1147.12	290	1.#QNAN	0	0	0	6.98421e-007	1493.8	1740.47	1683.24
1738.73	1145.66	291	1.#QNAN	0	0.016	0	6.7251e-007	1490.08	1738.73	1681.77
1737.1	1144.23	292	1.#QNAN	0	0	0	6.4798e-007	1527.21	1737.1	1680.42
1735.43	1142.77	293	1.#QNAN	0	0.015	0	6.86379e-007	1500.59	1735.43	1679.04
1733.92	1141.36	294	1.#QNAN	0	0.016	0	6.59712e-007	1554.82	1733.92	1677.82
1732.3	1139.91	295	1.#QNAN	0	0	0	6.28769e-007	1514.27	1732.3	1676.48
1730.7	1138.46	296	1.#QNAN	0	0.016	0	6.71241e-007	1526.93	1730.7	1675.18
1729.02	1137	297	1.#QNAN	0	0	0	6.86548e-007	1485.86	1729.02	1673.76
1727.49	1135.61	298	1.#QNAN	0	0.015	0	6.42152e-007	1520.63	1727.49	1672.51
1725.83	1134.23	299	1.#QNAN	0	0.016	0	6.5846e-007	1491.33	1725.83	1671.12
1724.27	1132.83	300	1.#QNAN	0	0	0	6.49758e-007	1494.12	1724.27	1669.81
1722.64	1131.43	301	1.#QNAN	0	0.015	0	6.68142e-007	1480.48	1722.64	1668.45
1721.05	1130.06	302	1.#QNAN	0	0	0	6.7458e-007	1480.8	1721.05	1667.11
1719.46	1128.72	303	1.#QNAN	0	0.016	0	6.63142e-007	1491.27	1719.46	1665.79
1717.88	1127.33	304	1.#QNAN	0	0	0	6.65067e-007	1498.86	1717.88	1664.47
1716.35	1125.94	305	1.#QNAN	0	0	0	6.57111e-007	1493.56	1716.35	1663.2
1714.78	1124.61	306	1.#QNAN	0	0.015	0	6.60874e-007	1478.34	1714.78	1661.87
1713.18	1123.28	307	1.#QNAN	0	0	0	6.72884e-007	1480.14	1713.18	1660.53
1711.58	1121.89	308	1.#QNAN	0	0.016	0	6.60345e-007	1461.68	1711.58	1659.19
1710.08	1120.59	309	1.#QNAN	0	0	0	6.74049e-007	1484.13	1710.08	1657.93
1708.65	1119.31	310	1.#QNAN	0	0.015	0	6.66168e-007	1507.52	1708.65	1656.74
1707.2	1118.05	311	1.#QNAN	0	0.016	0	6.67224e-007	1496.22	1707.2	1655.53
1705.7	1116.79	312	1.#QNAN	0	0	0	6.7951e-007	1469.06	1705.7	1654.27
1704.21	1115.54	313	1.#QNAN	0	0.016	0	6.65148e-007	1467.25	1704.21	1653.01
1702.83	1114.33	314	1.#QNAN	0	0	0	6.52975e-007	1489.89	1702.83	1651.87
1701.24	1113.09	315	1.#QNAN	0	0.015	0	6.78109e-007	1435.91	1701.24	1650.51
1699.77	1111.89	316	1.#QNAN	0	0	0	6.63555e-007	1462.02	1699.77	1649.27
1698.4	1110.71	317	1.#QNAN	0	0.016	0	6.70558e-007	1490.46	1698.4	1648.12
1697.03	1109.5	318	1.#QNAN	0	0.015	0	6.60753e-007	1513.6	1697.03	1646.98
1695.64	1108.32	319	1.#QNAN	0	0	0	6.51978e-007	1487.31	1695.64	1645.82
1694.31	1107.17	320	1.#QNAN	0	0.016	0	6.6999e-007	1498.45	1694.31	1644.72
1692.94	1106.01	321	1.#QNAN	0	0	0	7.0051e-007	1490.63	1692.94	1643.57
1691.64	1104.88	322	1.#QNAN	0	0.016	0	6.62074e-007	1509.36	1691.64	1642.5
1690.3	1103.74	323	1.#QNAN	0	0	0	6.5351e-007	1490.91	1690.3	1641.38
1688.95	1102.6	324	1.#QNAN	0	0.015	0	6.61998e-007	1484.1	1688.95	1640.26
1687.56	1101.46	325	1.#QNAN	0	0	0	6.36179e-007	1458.49	1687.56	1639.09
1686.19	1100.3	326	1.#QNAN	0	0.016	0	6.61733e-007	1482.63	1686.19	1637.94
1684.85	1099.18	327	1.#QNAN	0	0.015	0	6.5957e-007	1486.52	1684.85	1636.81
1683.34	1098.06	328	1.#QNAN	0	0	0	6.76301e-007	1425.76	1683.34	1635.51
1681.98	1096.96	329	1.#QNAN	0	0.016	0	6.57417e-007	1447.15	1681.98	1634.37
1680.6	1095.89	330	1.#QNAN	0	0	0	6.71224e-007	1445.59	1680.6	1633.19
1679.34	1094.8	331	1.#QNAN	0	0.016	0	6.67713e-007	1490.72	1679.34	1632.14
1678.04	1093.71	332	1.#QNAN	0	0	0	6.81029e-007	1483.21	1678.04	1631.06
1676.76	1092.64	333	1.#QNAN	0	0.015	0	6.75768e-007	1489.18	1676.76	1629.99
1675.46	1091.56	334	1.#QNAN	0	0.016	0	6.65493e-007	1466.25	1675.46	1628.9
1674.2	1090.49	335	1.#QNAN	0	0	0	6.65839e-007	1484.59	1674.2	1627.85
1672.91	1089.38	336	1.#QNAN	0	0.015	0	6.64895e-007	1458.39	1672.91	1626.76
1671.7	1088.32	337	1.#QNAN	0	0	0	6.96583e-007	1501.4	1671.7	1625.76
1670.5	1087.29	338	1.#QNAN	0	0.016	0	6.74867e-007	1473.84	1670.5	1624.76
1669.23	1086.26	339	1.#QNAN	0	0	0	6.41477e-007	1454.41	1669.23	1623.69
1667.94	1085.23	340	1.#QNAN	0	0.016	0	6.70769e-007	1447.73	1667.94	1622.6
1666.74	1084.24	341	1.#QNAN	0	0.015	0	6.65343e-007	1486.59	1666.74	1621.6
1665.6	1083.28	342	1.#QNAN	0	0	0	6.72387e-007	1487.42	1665.6	1620.66
1664.42	1082.27	343	1.#QNAN	0	0.016	0	6.55455e-007	1478.04	1664.42	1619.67
1663.28	1081.37	344	1.#QNAN	0	0	0	6.4781e-007	1471.23	1663.28	1618.72
1662.11	1080.42	345	1.#QNAN	0	0.015	0	6.60118e-007	1468.21	1662.11	1617.73
1660.94	1079.47	346	1.#QNAN	0	0.016	0	6.7467e-007	1471.11	1660.94	1616.75
1659.86	1078.53	347	1.#QNAN	0	0	0	6.60501e-007	1504.37	1659.86	1615.86
1658.77	1077.59	348	1.#QNAN	0	0.016	0	6.42147e-007	1513.36	1658.77	1614.96
1657.69	1076.69	349	1.#QNAN	0	0	0	6.62654e-007	1515.21	1657.69	1614.07
1656.47	1075.78	350	1.#QNAN	0	0.015	0	6.71548e-007	1518.41	1656.47	1613.04
1655.3	1074.87	351	1.#QNAN	0	0	0	6.83936e-007	1479.26	1655.3	1612.04
1654.06	1073.96	352	1.#QNAN	0	0.016	0	6.6463e-007	1464.7	1654.06	1610.99
1652.93	1073.02	353	1.#QNAN	0	0.015	0	6.44271e-007	1494.06	1652.93	1610.04
1651.84	1072.07	354	1.#QNAN	0	0	0	6.53862e-007	1491.48	1651.84	1609.12
1650.75	1071.16	355	1.#QNAN	0	0.016	0	6.67781e-007	1510.24	1650.75	1608.22
1649.58	1070.21	356	1.#QNAN	0	0	0	6.73918e-007	1478.58	1649.58	1607.23
1648.5	1069.31	357	1.#QNAN	0	0.016	0	6.57219e-007	1502.4	1648.5	1606.33
1647.43	1068.4	358	1.#QNAN	0	0	0	6.37401e-007	1475.71	1647.43	1605.44
1646.33	1067.48	359	1.#QNAN	0	0.015	0	6.74357e-007	1478.57	1646.33	1604.51
1645.27	1066.59	360	1.#QNAN	0	0.016	0	6.69791e-007	1479.3	1645.27	1603.62
1644.23	1065.7	361	1.#QNAN	0	0	0	6.8323e-007	1492.46	1644.23	1602.75
1643.16	1064.8	362	1.#QNAN	0	0.015	0	6.82133e-007	1468.31	1643.16	1601.86
1642.16	1063.97	363	1.#QNAN	0	0	0	6.60682e-007	1489.13	1642.16	1601.01
1641.13	1063.15	364	1.#QNAN	0	0.016	0	6.64075e-007	1498.68	1641.13	1600.16
1640.02	1062.28	365	1.#QNAN	0	0.016	0	6.65885e-007	1462.4	1640.02	1599.2
1638.93	1061.45	366	1.#QNAN	0	0	0	6.75856e-007	1455.75	1638.93	1598.27
1637.85	1060.64	367	1.#QNAN	0	0.015	0	6.70822e-007	1438.26	1637.85	1597.35
1636.67	1059.79	368	1.#QNAN	0	0	0	6.83679e-007	1409.69	1636.67	1596.34
1635.43	1058.95	369	1.#QNAN	0	0.016	0	6.62687e-007	1392.68	1635.43	1595.24
1634.24	1058.14	370	1.#QNAN	0	0.015	0	6.7374e-007	1404.03	1634.24	1594.21
1633.09	1057.32	371	1.#QNAN	0	0	0	6.71783e-007	1415.66	1633.09	1593.21
1631.93	1056.51	372	1.#QNAN	0	0.016	0	6.61876e-007	1422.52	1631.93	1592.2
1630.84	1055.7	373	1.#QNAN	0	0	0	6.8224e-007	1437	1630.84	1591.27
1629.78	1054.9	374	1.#QNAN	0	0.016	0	6.65972e-007	1449.24	1629.78	1590.37
1628.65	1054.11	375	1.#QNAN	0	0.015	0	6.66991e-007	1417.19	1628.65	1589.39
1627.56	1053.29	376	1.#QNAN	0	0	0	6.8427e-007	1446.52	1627.56	1588.46
1626.37	1052.45	377	1.#QNAN	0	0.016	0	6.75432e-007	1411.85	1626.37	1587.42
1625.29	1051.63	378	1.#QNAN	0	0	0	6.89849e-007	1422.04	1625.29	1586.49
1624.27	1050.86	379	1.#QNAN	0	0.015	1	6.63322e-007	1459.14	1624.27	1585.63
1623.18	1050.07	380	1.#QNAN	0	0.016	0	6.58819e-007	1444.82	1623.18	1584.68
1622.15	1049.31	381	1.#QNAN	0	0	0	6.59759e-007	1451.24	1622.15	1583.81
1621.11	1048.53	382	1.#QNAN	0	0.016	0	6.82616e-007	1455.85	1621.11	1582.91
1620.01	1047.74	383	1.#QNAN	0	0	0	6.60207e-007	1440.85	1620.01	1581.97
1618.86	1046.98	384	1.#QNAN	0	0.015	0	6.62836e-007	1410.15	1618.86	1580.96
1617.85	1046.21	385	1.#QNAN	0	0	0	6.70851e-007	1454.6	1617.85	1580.1
1616.8	1045.42	386	1.#QNAN	0	0.016	0	6.68796e-007	1450.81	1616.8	1579.2
1615.72	1044.64	387	1.#QNAN	0	0.015	0	6.73836e-007	1414.87	1615.72	1578.26
1614.64	1043.87	388	1.#QNAN	0	0	0	6.83791e-007	1424.44	1614.64	1577.33
1613.7	1043.17	389	1.#QNAN	0	0.016	0	6.47671e-007	1441.06	1613.7	1576.52
1612.76	1042.44	390	1.#QNAN	0	0	0	6.55661e-007	1456.77	1612.76	1575.73
1611.9	1041.7	391	1.#QNAN	0	0.016	0	6.72332e-007	1492.06	1611.9	1575.02
1610.97	1040.97	392	1.#QNAN	0	0.015	0	6.74449e-007	1487.89	1610.97	1574.23
1610.06	1040.23	393	1.#QNAN	0	0	0	6.7432e-007	1476.06	1610.06	1573.47
1609.25	1039.54	394	1.#QNAN	0	0.016	0	6.74851e-007	1516.04	1609.25	1572.8
1608.38	1038.81	395	1.#QNAN	0	0	0	6.70301e-007	1496.88	1608.38	1572.07
1607.55	1038.08	396	1.#QNAN	0	0.015	0	6.78682e-007	1486.94	1607.55	1571.38
1606.69	1037.39	397	1.#QNAN	0	0	0	6.65032e-007	1480.74	1606.69	1570.66
1605.9	1036.66	398	1.#QNAN	0	0.016	0	6.66935e-007	1499.03	1605.9	1570.02
1605.01	1035.95	399	1.#QNAN	0	0.016	0	6.61154e-007	1449.02	1605.01	1569.27
1604.15	1035.25	400	1.#QNAN	0	0	0	6.81015e-007	1458.75	1604.15	1568.55
1603.38	1034.57	401	1.#QNAN	0	0.015	0	6.80356e-007	1501.9	1603.38	1567.92
1602.52	1033.88	402	1.#QNAN	0	0	0	6.90166e-007	1459.07	1602.52	1567.2
1601.65	1033.17	403	1.#QNAN	0	0.016	0	6.65298e-007	1462.35	1601.65	1566.46
1600.82	1032.49	404	1.#QNAN	0	0.015	0	6.48438e-007	1465.04	1600.82	1565.76
1600.03	1031.82	405	1.#QNAN	0	0	0	6.56333e-007	1467.42	1600.03	1565.11
1599.27	1031.13	406	1.#QNAN	0	0.016	0	6.51738e-007	1486.96	1599.27	1564.49
1598.39	1030.44	407	1.#QNAN	0	0	0	6.80321e-007	1427.61	1598.39	1563.74
1597.65	1029.84	408	1.#QNAN	0	0.016	0	6.50758e-007	1476.09	1597.65	1563.14
1596.84	1029.2	409	1.#QNAN	0	0	0	6.81665e-007	1448.73	1596.84	1562.45
1596.04	1028.56	410	1.#QNAN	0	0.015	0	6.60378e-007	1469.45	1596.04	1561.78
1595.22	1027.89	411	1.#QNAN	0	0.016	0	6.59657e-007	1436.21	1595.22	1561.08
1594.49	1027.22	412	1.#QNAN	0	0	0	6.5757e-007	1494.36	1594.49	1560.48
1593.67	1026.55	413	1.#QNAN	0	0.015	0	6.66714e-007	1453.37	1593.67	1559.79
1592.85	1025.89	414	1.#QNAN	0	0	0	6.76638e-007	1455.69	1592.85	1559.1
1592.17	1025.29	415	1.#QNAN	0	0.016	0	6.79073e-007	1500.35	1592.17	1558.55
1591.46	1024.67	416	1.#QNAN	0	0	0	6.6878e-007	1487.68	1591.46	1557.97
1590.74	1024.04	417	1.#QNAN	0	0.016	0	6.8124e-007	1482.45	1590.74	1557.38
1589.98	1023.38	418	1.#QNAN	0	0.015	0	6.93007e-007	1446.18	1589.98	1556.74
1589.2	1022.76	419	1.#QNAN	0	0	0	6.64692e-007	1450.86	1589.2	1556.09
1588.46	1022.13	420	1.#QNAN	0	0.016	0	6.74042e-007	1444.54	1588.46	1555.47
1587.79	1021.54	421	1.#QNAN	0	0	0	7.19361e-007	1483.56	1587.79	1554.92
1586.95	1020.93	422	1.#QNAN	0	0.015	0	6.82425e-007	1413.45	1586.95	1554.2
1586.26	1020.35	423	1.#QNAN	0	0	0	6.72081e-007	1471.84	1586.26	1553.64
1585.57	1019.74	424	1.#QNAN	0	0.016	0	6.71997e-007	1465.36	1585.57	1553.07
1585	1019.16	425	1.#QNAN	0	0.016	0	6.73268e-007	1540.9	1585	1552.62
1584.38	1018.57	426	1.#QNAN	0	0	0	6.75051e-007	1511.68	1584.38	1552.12
1583.78	1017.99	427	1.#QNAN	0	0.015	0	6.65308e-007	1507	1583.78	1551.64
1583.25	1017.43	428	1.#QNAN	0	0	0	6.62523e-007	1533.84	1583.25	1551.23
1582.66	1016.88	429	1.#QNAN	0	0.016	0	6.74064e-007	1501.28	1582.66	1550.75
1581.97	1016.28	430	1.#QNAN	0	0	0	6.57131e-007	1469.34	1581.97	1550.18
1581.4	1015.71	431	1.#QNAN	0	0.015	0	6.72449e-007	1521.06	1581.4	1549.73
1580.87	1015.17	432	1.#QNAN	0	0.016	0	6.77746e-007	1532.18	1580.87	1549.32
1580.26	1014.61	433	1.#QNAN	0	0	0	6.86043e-007	1497.14	1580.26	1548.82
1579.62	1014.05	434	1.#QNAN	0	0.016	0	6.72309e-007	1475.01	1579.62	1548.29
1579	1013.5	435	1.#QNAN	0	0	0	6.7684e-007	1485.82	1579	1547.79
1578.48	1012.98	436	1.#QNAN	0	0.015	0	6.7908e-007	1533.67	1578.48	1547.38
1577.93	1012.46	437	1.#QNAN	0	0	0	6.68071e-007	1507.34	1577.93	1546.95
1577.26	1011.91	438	1.#QNAN	0	0.016	0	6.79573e-007	1486.24	1577.26	1546.39
1576.67	1011.36	439	1.#QNAN	0	0.015	0	6.73353e-007	1484.18	1576.67	1545.9
1576.07	1010.85	440	1.#QNAN	0	0	0	6.85277e-007	1499.51	1576.07	1545.42
1575.45	1010.33	441	1.#QNAN	0	0.016	0	6.82011e-007	1484.4	1575.45	1544.9
1574.82	1009.82	442	1.#QNAN	0	0	0	6.88339e-007	1477.02	1574.82	1544.38
1574.35	1009.32	443	1.#QNAN	0	0.016	0	6.72828e-007	1557.16	1574.35	1544.02
1573.91	1008.83	444	1.#QNAN	0	0	0	6.76729e-007	1566.8	1573.91	1543.68
1573.35	1008.33	445	1.#QNAN	0	0.015	0	6.68796e-007	1501.25	1573.35	1543.23
1572.74	1007.84	446	1.#QNAN	0	0.016	0	7.09683e-007	1469.49	1572.74	1542.72
1572.1	1007.31	447	1.#QNAN	0	0	0	6.60623e-007	1483.08	1572.1	1542.18
1571.44	1006.79	448	1.#QNAN	0	0.015	0	6.89944e-007	1472.1	1571.44	1541.62
1570.83	1006.26	449	1.#QNAN	0	0	0	6.66011e-007	1471.48	1570.83	1541.11
1570.27	1005.75	450	1.#QNAN	0	0.016	0	6.88761e-007	1489.09	1570.27	1540.65
1569.58	1005.21	451	1.#QNAN	0	0.016	0	6.82648e-007	1430.29	1569.58	1540.06
1568.96	1004.69	452	1.#QNAN	0	0	0	6.73266e-007	1461.38	1568.96	1539.54
1568.34	1004.16	453	1.#QNAN	0	0.015	0	6.56862e-007	1461.66	1568.34	1539.02
1567.67	1003.62	454	1.#QNAN	0	0	0	6.92172e-007	1447.45	1567.67	1538.45
1566.99	1003.11	455	1.#QNAN	0	0.016	0	6.8391e-007	1433.34	1566.99	1537.87
1566.36	1002.6	456	1.#QNAN	0	0	0	6.66493e-007	1468.25	1566.36	1537.34
1565.61	1002.08	457	1.#QNAN	0	0.015	0	6.95577e-007	1403.25	1565.61	1536.69
1564.98	1001.56	458	1.#QNAN	0	0	0	6.8053e-007	1449.81	1564.98	1536.15
1564.37	1001.04	459	1.#QNAN	0	0.016	0	6.79753e-007	1457.52	1564.37	1535.65
1563.79	1000.53	460	1.#QNAN	0	0.016	0	6.60461e-007	1460.72	1563.79	1535.16
1563.22	1000.04	461	1.#QNAN	0	0	0	6.65296e-007	1477.88	1563.22	1534.7
1562.59	999.54	462	1.#QNAN	0	0.015	0	6.97724e-007	1434.14	1562.59	1534.16
1562.02	999.063	463	1.#QNAN	0	0	0	6.80243e-007	1476.01	1562.02	1533.7
1561.39	998.569	464	1.#QNAN	0	0.016	0	6.69577e-007	1437.15	1561.39	1533.16
1560.84	998.115	465	1.#QNAN	0	0	0	7.01642e-007	1470.05	1560.84	1532.71
1560.3	997.602	466	1.#QNAN	0	0.015	0	6.80632e-007	1486.12	1560.3	1532.26
1559.75	997.108	467	1.#QNAN	0	0.016	0	6.99811e-007	1471.61	1559.75	1531.81
1559.21	996.654	468	1.#QNAN	0	0	0	6.81331e-007	1486.29	1559.21	1531.37
1558.7	996.196	469	1.#QNAN	0	0.016	0	6.88393e-007	1491.75	1558.7	1530.95
1558.18	995.726	470	1.#QNAN	0	0	0	7.02472e-007	1489.4	1558.18	1530.52
1557.6	995.259	471	1.#QNAN	0	0.015	0	6.61655e-007	1465.98	1557.6	1530.03
1557.02	994.756	472	1.#QNAN	0	0	0	6.81294e-007	1463.75	1557.02	1529.55
1556.59	994.309	473	1.#QNAN	0	0.016	0	6.45218e-007	1524.51	1556.59	1529.21
1556.13	993.848	474	1.#QNAN	0	0.015	0	6.65114e-007	1521.09	1556.13	1528.85
1555.61	993.383	475	1.#QNAN	0	0	0	6.76561e-007	1489.83	1555.61	1528.43
1555.14	992.94	476	1.#QNAN	0	0.016	0	6.75826e-007	1500.09	1555.14	1528.05
1554.57	992.45	477	1.#QNAN	0	0	0	6.8608e-007	1463.05	1554.57	1527.58
1554.06	991.991	478	1.#QNAN	0	0.016	0	6.65214e-007	1497.28	1554.06	1527.15
1553.55	991.519	479	1.#QNAN	0	0	0	6.47185e-007	1500.25	1553.55	1526.74
1553.06	991.076	480	1.#QNAN	0	0.015	0	6.74242e-007	1500.66	1553.06	1526.34
1552.59	990.652	481	1.#QNAN	0	0.016	0	6.80553e-007	1502.59	1552.59	1525.95
1552.04	990.194	482	1.#QNAN	0	0	0	6.56289e-007	1467.01	1552.04	1525.48
1551.5	989.752	483	1.#QNAN	0	0.015	0	6.83159e-007	1485.96	1551.5	1525.03
1551.02	989.32	484	1.#QNAN	0	0	0	6.68936e-007	1500.8	1551.02	1524.63
1550.46	988.872	485	1.#QNAN	0	0.016	0	6.81958e-007	1462.54	1550.46	1524.16
1549.96	988.436	486	1.#QNAN	0	0	0	6.69904e-007	1477.9	1549.96	1523.74
1549.45	988.001	487	1.#QNAN	0	0.016	0	6.76224e-007	1474.04	1549.45	1523.32
1548.91	987.58	488	1.#QNAN	0	0.015	0	6.81259e-007	1464.13	1548.91	1522.86
1548.3	987.121	489	1.#QNAN	0	0	0	6.80916e-007	1441.72	1548.3	1522.34
1547.71	986.682	490	1.#QNAN	0	0.016	1	6.58356e-007	1436.96	1547.71	1521.83
1547.13	986.22	491	1.#QNAN	0	0	0	6.9214e-007	1432.26	1547.13	1521.33
1546.67	985.797	492	1.#QNAN	0	0.015	0	6.53061e-007	1485.02	1546.67	1520.96
1546.14	985.338	493	1.#QNAN	0	0	0	6.8787e-007	1461.17	1546.14	1520.51
1545.58	984.899	494	1.#QNAN	0	0.016	0	6.929e-007	1451.46	1545.58	1520.04
1545.1	984.491	495	1.#QNAN	0	0.016	0	6.49642e-007	1488.11	1545.1	1519.64
1544.63	984.086	496	1.#QNAN	0	0	0	6.72033e-007	1471.64	1544.63	1519.25
1544.09	983.649	497	1.#QNAN	0	0.015	0	6.85317e-007	1426.71	1544.09	1518.78
1543.64	983.251	498	1.#QNAN	0	0	0	7.01031e-007	1468.88	1543.64	1518.42
1543.17	982.83	499	1.#QNAN	0	0.016	0	6.69102e-007	1451.58	1543.17	1518.03
1542.76	982.427	500	1.#QNAN	0	0	0	6.8368e-007	1483.81	1542.76	1517.71
1542.31	982.038	501	1.#QNAN	0	0.015	0	6.7807e-007	1448.74	1542.31	1517.33
1541.83	981.605	502	1.#QNAN	0	0.016	0	6.72518e-007	1442.11	1541.83	1516.93
1541.38	981.191	503	1.#QNAN	0	0	0	6.79078e-007	1456.98	1541.38	1516.57
1540.82	980.786	504	1.#QNAN	0	0.016	0	6.73109e-007	1414.67	1540.82	1516.08
1540.24	980.358	505	1.#QNAN	0	0	0	6.78141e-007	1392.19	1540.24	1515.59
1539.7	979.95	506	1.#QNAN	0	0.015	0	6.97359e-007	1417.82	1539.7	1515.12
1539.27	979.564	507	1.#QNAN	0	0	0	6.72582e-007	1469.41	1539.27	1514.77
1538.74	979.128	508	1.#QNAN	0	0.016	0	6.81698e-007	1425.62	1538.74	1514.31
1538.29	978.711	509	1.#QNAN	0	0.015	0	6.80641e-007	1471.58	1538.29	1513.94
1537.87	978.321	510	1.#QNAN	0	0	0	7.00953e-007	1479.17	1537.87	1513.59
1537.4	977.917	511	1.#QNAN	0	0.016	0	6.59223e-007	1458.53	1537.4	1513.19
1536.99	977.535	512	1.#QNAN	0	0	0	6.72894e-007	1513.46	1536.99	1512.86
1536.51	977.123	513	1.#QNAN	0	0.016	0	6.70432e-007	1478.45	1536.51	1512.46
1536.07	976.717	514	1.#QNAN	0	0	0	6.86581e-007	1470.56	1536.07	1512.09
1535.63	976.304	515	1.#QNAN	0	0.015	0	6.70969e-007	1464.75	1535.63	1511.72
1535.23	975.901	516	1.#QNAN	0	0.016	0	6.90941e-007	1483.01	1535.23	1511.39
1534.79	975.499	517	1.#QNAN	0	0	0	6.79361e-007	1470.9	1534.79	1511.03
1534.3	975.099	518	1.#QNAN	0	0.015	0	6.7752e-007	1437.76	1534.3	1510.61
1533.85	974.705	519	1.#QNAN	0	0	0	6.83866e-007	1461.1	1533.85	1510.22
1533.41	974.298	520	1.#QNAN	0	0.016	0	6.97644e-007	1473.79	1533.41	1509.86
1532.98	973.933	521	1.#QNAN	0	0	0	6.62802e-007	1492.28	1532.98	1509.49
1532.58	973.584	522	1.#QNAN	0	0.016	0	6.87814e-007	1483.13	1532.58	1509.17
1532.17	973.211	523	1.#QNAN	0	0.015	0	6.51026e-007	1466.58	1532.17	1508.83
1531.81	972.824	524	1.#QNAN	0	0	0	6.84056e-007	1495.6	1531.81	1508.54
1531.4	972.474	525	1.#QNAN	0	0.016	0	6.67747e-007	1468.51	1531.4	1508.19
1531.01	972.117	526	1.#QNAN	0	0	0	6.88282e-007	1489.05	1531.01	1507.88
1530.67	971.751	527	1.#QNAN	0	0.015	0	6.73548e-007	1483.37	1530.67	1507.61
1530.37	971.387	528	1.#QNAN	0	0.016	0	6.88451e-007	1521.72	1530.37	1507.38
1529.99	971.034	529	1.#QNAN	0	0	0	6.70814e-007	1480.52	1529.99	1507.08
1529.58	970.638	530	1.#QNAN	0	0.016	0	6.85245e-007	1466.74	1529.58	1506.73
1529.14	970.278	531	1.#QNAN	0	0	0	6.78792e-007	1455.06	1529.14	1506.37
1528.77	969.902	532	1.#QNAN	0	0.015	0	6.54841e-007	1497.59	1528.77	1506.07
1528.42	969.55	533	1.#QNAN	0	0	0	6.6327e-007	1502.35	1528.42	1505.79
1528.05	969.185	534	1.#QNAN	0	0.016	0	6.92625e-007	1496.69	1528.05	1505.48
1527.71	968.832	535	1.#QNAN	0	0.015	0	7.02464e-007	1506.39	1527.71	1505.21
1527.39	968.478	536	1.#QNAN	0	0	0	6.78313e-007	1505.69	1527.39	1504.96
1527	968.133	537	1.#QNAN	0	0.016	0	6.77992e-007	1484.93	1527	1504.64
1526.64	967.771	538	1.#QNAN	0	0	0	6.80114e-007	1498.79	1526.64	1504.34
1526.28	967.434	539	1.#QNAN	0	0.016	0	6.76647e-007	1493.14	1526.28	1504.05
1525.87	967.1	540	1.#QNAN	0	0	0	7.04228e-007	1463.92	1525.87	1503.71
1525.55	966.778	541	1.#QNAN	0	0.015	0	6.92183e-007	1499	1525.55	1503.45
1525.24	966.442	542	1.#QNAN	0	0.016	0	6.85806e-007	1502.38	1525.24	1503.2
1524.9	966.101	543	1.#QNAN	0	0	0	6.87824e-007	1492	1524.9	1502.93
1524.49	965.757	544	1.#QNAN	0	0.015	0	6.7292e-007	1453.37	1524.49	1502.58
1524.09	965.411	545	1.#QNAN	0	0	0	6.94272e-007	1459.93	1524.09	1502.24
1523.72	965.056	546	1.#QNAN	0	0.016	0	6.61394e-007	1476.11	1523.72	1501.94
1523.31	964.695	547	1.#QNAN	0	0	0	6.65734e-007	1445.33	1523.31	1501.59
1522.94	964.364	548	1.#QNAN	0	0.016	0	6.6508e-007	1460.92	1522.94	1501.28
1522.53	964.006	549	1.#QNAN	0	0.015	0	6.89906e-007	1452.08	1522.53	1500.94
1522.21	963.676	550	1.#QNAN	0	0	0	6.88812e-007	1495.65	1522.21	1500.68
1521.88	963.339	551	1.#QNAN	0	0.016	0	6.90914e-007	1485.78	1521.88	1500.41
1521.61	963.014	552	1.#QNAN	0	0	0	6.81777e-007	1520.98	1521.61	1500.21
1521.27	962.677	553	1.#QNAN	0	0.015	0	6.89842e-007	1476.53	1521.27	1499.93
1520.96	962.356	554	1.#QNAN	0	0	0	6.78815e-007	1503.94	1520.96	1499.68
1520.62	962.027	555	1.#QNAN	0	0.016	0	7.00895e-007	1474.89	1520.62	1499.41
1520.3	961.692	556	1.#QNAN	0	0.016	0	7.11947e-007	1475.88	1520.3	1499.14
1519.97	961.386	557	1.#QNAN	0	0	0	6.81695e-007	1486.8	1519.97	1498.88
1519.6	961.071	558	1.#QNAN	0	0.015	0	6.72765e-007	1467.67	1519.6	1498.56
1519.24	960.783	559	1.#QNAN	0	0	0	6.76128e-007	1500.13	1519.24	1498.27
1518.87	960.48	560	1.#QNAN	0	0.016	0	6.80838e-007	1477.69	1518.87	1497.95
1518.5	960.168	561	1.#QNAN	0	0.015	0	6.84481e-007	1475.19	1518.5	1497.64
1518.16	959.836	562	1.#QNAN	0	0	0	6.99953e-007	1472.63	1518.16	1497.36
1517.82	959.527	563	1.#QNAN	0	0.016	0	6.93897e-007	1476.16	1517.82	1497.08
1517.51	959.194	564	1.#QNAN	0	0	0	6.80257e-007	1497.94	1517.51	1496.83
1517.23	958.888	565	1.#QNAN	0	0.016	0	6.7762e-007	1534.82	1517.23	1496.61
1516.91	958.565	566	1.#QNAN	0	0.015	0	6.91704e-007	1506.93	1516.91	1496.35
1516.64	958.257	567	1.#QNAN	0	0	0	6.91815e-007	1520.83	1516.64	1496.14
1516.42	957.964	568	1.#QNAN	0	0.016	0	6.97296e-007	1542.93	1516.42	1495.98
1516.17	957.641	569	1.#QNAN	0	0	0	7.15215e-007	1530.24	1516.17	1495.79
1515.95	957.342	570	1.#QNAN	0	0.015	0	6.99791e-007	1552.55	1515.95	1495.63
1515.76	957.044	571	1.#QNAN	0	0	0	6.87408e-007	1540.56	1515.76	1495.49
1515.56	956.745	572	1.#QNAN	0	0.016	0	6.85905e-007	1540.63	1515.56	1495.35
1515.35	956.457	573	1.#QNAN	0	0.016	0	6.62456e-007	1532.61	1515.35	1495.2
1515.04	956.168	574	1.#QNAN	0	0	0	6.84218e-007	1466.94	1515.04	1494.94
1514.72	955.864	575	1.#QNAN	0	0.015	0	6.85718e-007	1465.97	1514.72	1494.68
1514.36	955.558	576	1.#QNAN	0	0	0	6.91624e-007	1457.64	1514.36	1494.38
1514	955.253	577	1.#QNAN	0	0.016	0	6.96732e-007	1461.98	1514	1494.07
1513.64	954.947	578	1.#QNAN	0	0.015	0	6.88041e-007	1463.48	1513.64	1493.77
1513.3	954.646	579	1.#QNAN	0	0	0	7.052e-007	1460.23	1513.3	1493.48
1512.99	954.361	580	1.#QNAN	0	0.016	0	6.94078e-007	1478.86	1512.99	1493.22
1512.65	954.043	581	1.#QNAN	0	0	0	6.77953e-007	1468.09	1512.65	1492.94
1512.41	953.76	582	1.#QNAN	0	0.016	0	7.09525e-007	1502.86	1512.41	1492.74
1512.14	953.473	583	1.#QNAN	0	0.015	0	7.08014e-007	1501.74	1512.14	1492.54
1511.91	953.207	584	1.#QNAN	0	0	0	7.04163e-007	1521.84	1511.91	1492.36
1511.65	952.932	585	1.#QNAN	0	0.016	0	6.89989e-007	1508.79	1511.65	1492.16
1511.38	952.654	586	1.#QNAN	0	0	0	6.75113e-007	1498.6	1511.38	1491.95
1511.08	952.377	587	1.#QNAN	0	0.015	0	6.95949e-007	1479.19	1511.08	1491.69
1510.76	952.081	588	1.#QNAN	0	0	0	6.97048e-007	1473.55	1510.76	1491.43
1510.52	951.812	589	1.#QNAN	0	0.016	0	6.81347e-007	1512.11	1510.52	1491.24
1510.25	951.52	590	1.#QNAN	0	0.016	0	6.76435e-007	1499.36	1510.25	1491.03
1510.09	951.277	591	1.#QNAN	0	0	0	6.98063e-007	1556.05	1510.09	1490.92
1509.92	950.994	592	1.#QNAN	0	0.015	0	6.93685e-007	1555.9	1509.92	1490.81
1509.69	950.714	593	1.#QNAN	0	0	0	6.95878e-007	1509.57	1509.69	1490.63
1509.46	950.451	594	1.#QNAN	0	0.016	0	7.13593e-007	1501.72	1509.46	1490.45
1509.25	950.184	595	1.#QNAN	0	0	0	6.51032e-007	1519.15	1509.25	1490.29
1509.02	949.915	596	1.#QNAN	0	0.015	0	6.9957e-007	1514.59	1509.02	1490.12
1508.82	949.66	597	1.#QNAN	0	0.016	0	6.64077e-007	1518.34	1508.82	1489.97
1508.64	949.413	598	1.#QNAN	0	0	0	6.88194e-007	1524.32	1508.64	1489.85
1508.43	949.159	599	1.#QNAN	0	0.016	0	6.70694e-007	1511.67	1508.43	1489.7
1508.22	948.893	600	1.#QNAN	0	0	0	6.83681e-007	1513.24	1508.22	1489.53
1507.94	948.614	601	1.#QNAN	0	0.015	1	6.69541e-007	1478.33	1507.94	1489.31
1507.71	948.371	602	1.#QNAN	0	0.016	0	7.01712e-007	1498.64	1507.71	1489.13
1507.44	948.097	603	1.#QNAN	0	0	0	7.11657e-007	1472.46	1507.44	1488.91
1507.23	947.835	604	1.#QNAN	0	0.015	0	6.98896e-007	1510.69	1507.23	1488.75
1506.95	947.594	605	1.#QNAN	0	0	0	6.87215e-007	1467.08	1506.95	1488.51
1506.69	947.342	606	1.#QNAN	0	0.016	0	6.97353e-007	1488.52	1506.69	1488.31
1506.45	947.075	607	1.#QNAN	0	0	0	6.96862e-007	1494.13	1506.45	1488.12
1506.16	946.814	608	1.#QNAN	0	0.016	0	6.62937e-007	1470.74	1506.16	1487.88
1505.88	946.552	609	1.#QNAN	0	0	0	6.89762e-007	1480.38	1505.88	1487.65
1505.6	946.269	610	1.#QNAN	0	0.015	0	6.78218e-007	1472.1	1505.6	1487.42
1505.39	946.022	611	1.#QNAN	0	0.016	0	7.12986e-007	1517.43	1505.39	1487.25
1505.16	945.783	612	1.#QNAN	0	0	0	6.99313e-007	1498.79	1505.16	1487.08
1504.86	945.505	613	1.#QNAN	0	0.015	0	6.97103e-007	1455.02	1504.86	1486.81
1504.55	945.236	614	1.#QNAN	0	0	0	6.76698e-007	1455.53	1504.55	1486.56
1504.24	944.967	615	1.#QNAN	0	0.016	0	7.16583e-007	1466.28	1504.24	1486.29
1504.04	944.734	616	1.#QNAN	0	0	0	6.73684e-007	1518.51	1504.04	1486.13
1503.79	944.475	617	1.#QNAN	0	0.016	0	6.93571e-007	1511.15	1503.79	1485.93
1503.6	944.234	618	1.#QNAN	0	0.015	0	6.83907e-007	1535.95	1503.6	1485.79
1503.35	943.981	619	1.#QNAN	0	0	0	7.06987e-007	1488.67	1503.35	1485.59
1503.07	943.743	620	1.#QNAN	0	0.016	0	6.9444e-007	1471.29	1503.07	1485.35
1502.79	943.485	621	1.#QNAN	0	0	0	6.7598e-007	1476.05	1502.79	1485.12
1502.52	943.239	622	1.#QNAN	0	0.015	0	6.92127e-007	1473.91	1502.52	1484.9
1502.23	942.984	623	1.#QNAN	0	0.016	0	7.09642e-007	1464.87	1502.23	1484.65
1501.91	942.736	624	1.#QNAN	0	0	0	7.09039e-007	1443.25	1501.91	1484.37
1501.59	942.506	625	1.#QNAN	0	0.016	0	6.92874e-007	1454.81	1501.59	1484.1
1501.32	942.272	626	1.#QNAN	0	0	0	6.76413e-007	1460.94	1501.32	1483.87
1501.12	942.071	627	1.#QNAN	0	0.015	0	6.82586e-007	1504.47	1501.12	1483.71
1500.93	941.861	628	1.#QNAN	0	0	0	6.99466e-007	1522.84	1500.93	1483.57
1500.69	941.632	629	1.#QNAN	0	0.016	0	6.96863e-007	1491.32	1500.69	1483.38
1500.47	941.409	630	1.#QNAN	0	0.015	0	6.9343e-007	1511.46	1500.47	1483.2
1500.21	941.193	631	1.#QNAN	0	0	0	7.04663e-007	1481.54	1500.21	1482.99
1499.91	940.956	632	1.#QNAN	0	0.016	0	6.89944e-007	1464.26	1499.91	1482.73
1499.66	940.728	633	1.#QNAN	0	0	0	7.09533e-007	1481.56	1499.66	1482.52
1499.42	940.527	634	1.#QNAN	0	0.016	0	6.80137e-007	1481.1	1499.42	1482.32
1499.18	940.291	635	1.#QNAN	0	0	0	6.81775e-007	1484.4	1499.18	1482.13
1499.01	940.074	636	1.#QNAN	0	0.015	0	6.88656e-007	1525.34	1499.01	1482.01
1498.74	939.822	637	1.#QNAN	0	0.016	0	6.67025e-007	1465.34	1498.74	1481.78
1498.53	939.613	638	1.#QNAN	0	0	0	6.95813e-007	1495.27	1498.53	1481.61
1498.33	939.401	639	1.#QNAN	0	0.015	0	6.88244e-007	1497.64	1498.33	1481.46
1498.12	939.189	640	1.#QNAN	0	0	0	6.90606e-007	1491.68	1498.12	1481.29
1497.93	938.976	641	1.#QNAN	0	0.016	0	6.79118e-007	1499.33	1497.93	1481.15
1497.74	938.759	642	1.#QNAN	0	0.016	0	6.922e-007	1505.2	1497.74	1481
1497.52	938.537	643	1.#QNAN	0	0	0	6.8604e-007	1487.13	1497.52	1480.82
1497.33	938.322	644	1.#QNAN	0	0.015	0	7.02311e-007	1514.32	1497.33	1480.67
1497.15	938.118	645	1.#QNAN	0	0	0	7.17236e-007	1515.48	1497.15	1480.53
1497.01	937.922	646	1.#QNAN	0	0.016	0	6.91683e-007	1539.13	1497.01	1480.43
1496.82	937.703	647	1.#QNAN	0	0	0	7.00098e-007	1506.62	1496.82	1480.29
1496.67	937.489	648	1.#QNAN	0	0.015	0	7.16237e-007	1535.83	1496.67	1480.18
1496.47	937.259	649	1.#QNAN	0	0.016	0	6.9618e-007	1501.33	1496.47	1480.02
1496.24	937.015	650	1.#QNAN	0	0	0	7.11445e-007	1495.54	1496.24	1479.84
1496.06	936.794	651	1.#QNAN	0	0.016	0	6.82098e-007	1513.73	1496.06	1479.69
1495.84	936.569	652	1.#QNAN	0	0	0	7.00585e-007	1501.21	1495.84	1479.51
1495.59	936.328	653	1.#QNAN	0	0.015	0	6.93371e-007	1475.46	1495.59	1479.31
1495.36	936.102	654	1.#QNAN	0	0	0	7.08345e-007	1493.47	1495.36	1479.12
1495.13	935.864	655	1.#QNAN	0	0.016	0	6.98619e-007	1488.38	1495.13	1478.92
1494.91	935.643	656	1.#QNAN	0	0.015	0	6.86419e-007	1497.69	1494.91	1478.74
1494.67	935.426	657	1.#QNAN	0	0	0	7.09521e-007	1495.31	1494.67	1478.54
1494.42	935.216	658	1.#QNAN	0	0.016	0	7.05982e-007	1476.26	1494.42	1478.33
1494.18	935.004	659	1.#QNAN	0	0	0	6.80316e-007	1476.15	1494.18	1478.13
1493.91	934.785	660	1.#QNAN	0	0.016	0	6.80024e-007	1440.54	1493.91	1477.9
1493.6	934.548	661	1.#QNAN	0	0.015	0	6.97916e-007	1428.25	1493.6	1477.63
1493.37	934.312	662	1.#QNAN	0	0	0	6.70967e-007	1477.34	1493.37	1477.43
1493.19	934.122	663	1.#QNAN	0	0.016	0	7.13576e-007	1512.45	1493.19	1477.3
1493.02	933.919	664	1.#QNAN	0	0	0	6.81603e-007	1504.74	1493.02	1477.17
1492.86	933.728	665	1.#QNAN	0	0.015	0	6.96008e-007	1508.25	1492.86	1477.04
1492.6	933.529	666	1.#QNAN	0	0	0	6.91055e-007	1456.39	1492.6	1476.83
1492.37	933.295	667	1.#QNAN	0	0.016	0	6.96563e-007	1471.26	1492.37	1476.63
1492.19	933.12	668	1.#QNAN	0	0.016	0	6.67745e-007	1499.41	1492.19	1476.49
1492.02	932.939	669	1.#QNAN	0	0	0	6.64282e-007	1502.68	1492.02	1476.36
1491.8	932.743	670	1.#QNAN	0	0.015	0	6.86121e-007	1472.08	1491.8	1476.17
1491.58	932.572	671	1.#QNAN	0	0	0	7.08046e-007	1466.37	1491.58	1475.99
1491.37	932.38	672	1.#QNAN	0	0.016	0	7.11052e-007	1470.06	1491.37	1475.82
1491.16	932.17	673	1.#QNAN	0	0	0	6.83377e-007	1460.44	1491.16	1475.64
1490.96	931.963	674	1.#QNAN	0	0.015	0	6.87599e-007	1482.21	1490.96	1475.48
1490.73	931.769	675	1.#QNAN	0	0.016	0	6.79504e-007	1470.06	1490.73	1475.29
1490.55	931.595	676	1.#QNAN	0	0	0	6.78148e-007	1504.87	1490.55	1475.15
1490.4	931.424	677	1.#QNAN	0	0.016	0	6.94099e-007	1504.4	1490.4	1475.03
1490.19	931.27	678	1.#QNAN	0	0	0	6.73912e-007	1468.41	1490.19	1474.86
1489.96	931.111	679	1.#QNAN	0	0.015	0	7.00615e-007	1466.04	1489.96	1474.67
1489.77	930.94	680	1.#QNAN	0	0	0	6.92e-007	1469.91	1489.77	1474.51
1489.59	930.763	681	1.#QNAN	0	0.016	0	6.98487e-007	1488.31	1489.59	1474.37
1489.36	930.58	682	1.#QNAN	0	0.015	0	6.77601e-007	1452.37	1489.36	1474.18
1489.14	930.396	683	1.#QNAN	0	0	0	6.95914e-007	1471	1489.14	1474
1488.92	930.21	684	1.#QNAN	0	0.016	0	6.95107e-007	1481.26	1488.92	1473.81
1488.69	930.016	685	1.#QNAN	0	0	0	6.89512e-007	1451.12	1488.69	1473.61
1488.41	929.823	686	1.#QNAN	0	0.016	0	7.00966e-007	1417.85	1488.41	1473.37
1488.15	929.612	687	1.#QNAN	0	0.015	0	7.11745e-007	1442.3	1488.15	1473.14
1487.9	929.421	688	1.#QNAN	0	0	0	6.90613e-007	1451.41	1487.9	1472.93
1487.67	929.23	689	1.#QNAN	0	0.016	0	7.03059e-007	1453.09	1487.67	1472.73
1487.42	929.034	690	1.#QNAN	0	0	0	7.22511e-007	1448.12	1487.42	1472.52
1487.18	928.816	691	1.#QNAN	0	0.015	0	6.84638e-007	1474.11	1487.18	1472.32
1486.96	928.612	692	1.#QNAN	0	0	0	6.80487e-007	1455.55	1486.96	1472.12
1486.67	928.403	693	1.#QNAN	0	0.016	0	7.11937e-007	1416.52	1486.67	1471.87
1486.41	928.193	694	1.#QNAN	0	0.016	0	6.92523e-007	1421.69	1486.41	1471.64
1486.19	928.013	695	1.#QNAN	0	0	0	6.77271e-007	1448.67	1486.19	1471.46
1485.9	927.809	696	1.#QNAN	0	0.015	0	7.03656e-007	1421.14	1485.9	1471.21
1485.62	927.599	697	1.#QNAN	0	0	0	6.66008e-007	1408.4	1485.62	1470.96
1485.34	927.407	698	1.#QNAN	0	0.016	0	7.19128e-007	1410.19	1485.34	1470.72
1485.06	927.214	699	1.#QNAN	0	0	0	6.90222e-007	1422.77	1485.06	1470.47
1484.83	927.028	700	1.#QNAN	0	0.015	0	7.0704e-007	1450.07	1484.83	1470.27
1484.53	926.827	701	1.#QNAN	0	0.016	0	7.05512e-007	1401.04	1484.53	1470.01
1484.28	926.641	702	1.#QNAN	0	0	0	6.80789e-007	1422.84	1484.28	1469.79
1484.03	926.452	703	1.#QNAN	0	0.016	0	6.83142e-007	1430.95	1484.03	1469.58
1483.76	926.262	704	1.#QNAN	0	0	0	6.88465e-007	1413.27	1483.76	1469.34
1483.52	926.067	705	1.#QNAN	0	0.015	0	6.77244e-007	1438.98	1483.52	1469.13
1483.33	925.904	706	1.#QNAN	0	0	0	7.05961e-007	1460.31	1483.33	1468.98
1483.14	925.724	707	1.#QNAN	0	0.016	0	6.92895e-007	1470.53	1483.14	1468.82
1482.97	925.557	708	1.#QNAN	0	0.015	0	7.00626e-007	1474.28	1482.97	1468.69
1482.83	925.396	709	1.#QNAN	0	0	0	6.83671e-007	1483.08	1482.83	1468.58
1482.73	925.251	710	1.#QNAN	0	0.016	0	6.96838e-007	1518.64	1482.73	1468.51
1482.54	925.069	711	1.#QNAN	0	0	0	7.08225e-007	1459.97	1482.54	1468.36
1482.36	924.899	712	1.#QNAN	0	0.016	1	7.07724e-007	1459.51	1482.36	1468.21
1482.19	924.735	713	1.#QNAN	0	0	0	6.93994e-007	1473.94	1482.19	1468.07
1482.02	924.554	714	1.#QNAN	0	0.015	0	6.79265e-007	1465.39	1482.02	1467.93
1481.89	924.375	715	1.#QNAN	0	0.016	0	6.66148e-007	1502.75	1481.89	1467.84
1481.76	924.222	716	1.#QNAN	0	0	0	6.70352e-007	1486.98	1481.76	1467.74
1481.62	924.054	717	1.#QNAN	0	0.015	0	6.84399e-007	1485.6	1481.62	1467.64
1481.55	923.897	718	1.#QNAN	0	0	0	6.85635e-007	1524.64	1481.55	1467.59
1481.44	923.728	719	1.#QNAN	0	0.016	0	6.94007e-007	1507.69	1481.44	1467.52
1481.27	923.553	720	1.#QNAN	0	0	0	6.70299e-007	1486.54	1481.27	1467.39
1481.14	923.396	721	1.#QNAN	0	0.016	0	6.53773e-007	1487.73	1481.14	1467.29
1481.03	923.242	722	1.#QNAN	0	0.015	0	7.03412e-007	1518.58	1481.03	1467.21
1480.87	923.066	723	1.#QNAN	0	0	0	6.93801e-007	1481.15	1480.87	1467.07
1480.74	922.904	724	1.#QNAN	0	0.016	0	6.62174e-007	1503.34	1480.74	1466.98
1480.59	922.729	725	1.#QNAN	0	0	0	6.78474e-007	1509.34	1480.59	1466.86
1480.51	922.588	726	1.#QNAN	0	0.015	0	6.67929e-007	1534.69	1480.51	1466.81
1480.36	922.433	727	1.#QNAN	0	0	0	7.02241e-007	1513.93	1480.36	1466.7
1480.2	922.278	728	1.#QNAN	0	0	0	6.78634e-007	1490.49	1480.2	1466.56
1480.07	922.1	729	1.#QNAN	0	0.016	0	7.01332e-007	1504.71	1480.07	1466.46
1479.89	921.92	730	1.#QNAN	0	0	0	6.63471e-007	1457.77	1479.89	1466.32
1479.71	921.74	731	1.#QNAN	0	0.015	0	6.83448e-007	1463.94	1479.71	1466.17
1479.51	921.57	732	1.#QNAN	0	0	0	6.97985e-007	1447.88	1479.51	1466.01
1479.37	921.406	733	1.#QNAN	0	0.016	0	7.01002e-007	1476.62	1479.37	1465.89
1479.17	921.23	734	1.#QNAN	0	0.015	0	6.5602e-007	1450.9	1479.17	1465.73
1478.99	921.048	735	1.#QNAN	0	0	0	6.70813e-007	1448.64	1478.99	1465.58
1478.76	920.864	736	1.#QNAN	0	0.016	0	6.67721e-007	1419.98	1478.76	1465.38
1478.57	920.68	737	1.#QNAN	0	0	0	6.70166e-007	1444.15	1478.57	1465.22
1478.37	920.512	738	1.#QNAN	0	0.016	0	6.6768e-007	1431.33	1478.37	1465.05
1478.17	920.352	739	1.#QNAN	0	0	0	6.92032e-007	1432.15	1478.17	1464.88
1477.96	920.182	740	1.#QNAN	0	0.015	0	6.66919e-007	1428.19	1477.96	1464.7
1477.73	920.022	741	1.#QNAN	0	0.016	0	6.82437e-007	1412.06	1477.73	1464.5
1477.52	919.875	742	1.#QNAN	0	0	0	6.75144e-007	1429.19	1477.52	1464.32
1477.38	919.721	743	1.#QNAN	0	0.015	0	6.75561e-007	1484.63	1477.38	1464.21
1477.22	919.55	744	1.#QNAN	0	0	0	6.88223e-007	1455.79	1477.22	1464.08
1477.06	919.399	745	1.#QNAN	0	0.016	0	6.90882e-007	1443.93	1477.06	1463.95
1476.87	919.24	746	1.#QNAN	0	0.016	0	6.8497e-007	1428.72	1476.87	1463.79
1476.66	919.064	747	1.#QNAN	0	0	0	6.60221e-007	1409.39	1476.66	1463.6
1476.48	918.903	748	1.#QNAN	0	0.015	0	6.82736e-007	1437.87	1476.48	1463.45
1476.29	918.76	749	1.#QNAN	0	0	0	6.8439e-007	1422.06	1476.29	1463.3
1476.09	918.612	750	1.#QNAN	0	0.016	0	6.80619e-007	1413.36	1476.09	1463.12
1475.85	918.455	751	1.#QNAN	0	0.015	0	6.69694e-007	1387.07	1475.85	1462.91
1475.65	918.302	752	1.#QNAN	0	0	0	6.88184e-007	1429.65	1475.65	1462.75
1475.42	918.15	753	1.#QNAN	0	0.016	0	6.77104e-007	1392.89	1475.42	1462.54
1475.22	918.001	754	1.#QNAN	0	0	0	6.80863e-007	1411.54	1475.22	1462.37
1475.06	917.869	755	1.#QNAN	0	0.016	0	6.87262e-007	1440.51	1475.06	1462.24
1474.88	917.722	756	1.#QNAN	0	0.015	0	6.81189e-007	1431.41	1474.88	1462.08
1474.75	917.599	757	1.#QNAN	0	0	0	6.9096e-007	1470.85	1474.75	1461.98
1474.53	917.449	758	1.#QNAN	0	0.016	0	6.92696e-007	1403.04	1474.53	1461.79
1474.35	917.32	759	1.#QNAN	0	0	0	6.71878e-007	1427.77	1474.35	1461.64
1474.2	917.198	760	1.#QNAN	0	0.015	0	6.72578e-007	1465.76	1474.2	1461.52
1474.06	917.074	761	1.#QNAN	0	0	0	6.94245e-007	1459.67	1474.06	1461.4
1473.88	916.939	762	1.#QNAN	0	0.016	0	6.82127e-007	1431.57	1473.88	1461.25
1473.76	916.824	763	1.#QNAN	0	0.016	0	6.93122e-007	1471.47	1473.76	1461.15
1473.61	916.708	764	1.#QNAN	0	0	0	6.82978e-007	1457.51	1473.61	1461.03
1473.46	916.6	765	1.#QNAN	0	0.015	0	6.77024e-007	1462.93	1473.46	1460.9
1473.31	916.488	766	1.#QNAN	0	0	0	6.85183e-007	1462.23	1473.31	1460.78
1473.16	916.355	767	1.#QNAN	0	0.016	0	6.7783e-007	1456.47	1473.16	1460.66
1473.03	916.247	768	1.#QNAN	0	0.015	0	6.87087e-007	1461.31	1473.03	1460.55
1472.91	916.143	769	1.#QNAN	0	0	0	6.83689e-007	1470.01	1472.91	1460.46
1472.79	916.029	770	1.#QNAN	0	0.016	0	6.90033e-007	1482.16	1472.79	1460.37
1472.63	915.889	771	1.#QNAN	0	0	0	6.73912e-007	1441.27	1472.63	1460.23
1472.52	915.776	772	1.#QNAN	0	0.016	0	6.93451e-007	1472.29	1472.52	1460.14
1472.37	915.654	773	1.#QNAN	0	0.015	0	6.91674e-007	1454.49	1472.37	1460.02
1472.21	915.524	774	1.#QNAN	0	0	0	6.89311e-007	1446.65	1472.21	1459.89
1472.06	915.393	775	1.#QNAN	0	0.016	0	6.8785e-007	1464.96	1472.06	1459.77
1471.97	915.271	776	1.#QNAN	0	0	0	6.92706e-007	1495.32	1471.97	1459.7
1471.8	915.152	777	1.#QNAN	0	0.015	0	6.96381e-007	1428.24	1471.8	1459.55
1471.68	915.026	778	1.#QNAN	0	0	0	7.06912e-007	1473.76	1471.68	1459.46
1471.54	914.916	779	1.#QNAN	0	0.016	0	6.95023e-007	1454.61	1471.54	1459.34
1471.46	914.815	780	1.#QNAN	0	0.016	0	7.03539e-007	1495.13	1471.46	1459.29
1471.36	914.708	781	1.#QNAN	0	0	0	6.86455e-007	1490.2	1471.36	1459.21
1471.21	914.578	782	1.#QNAN	0	0.015	0	6.82009e-007	1443.73	1471.21	1459.09
1471.1	914.455	783	1.#QNAN	0	0	0	6.86832e-007	1475.61	1471.1	1459
1470.97	914.326	784	1.#QNAN	0	0.016	0	6.86134e-007	1476.08	1470.97	1458.9
1470.84	914.202	785	1.#QNAN	0	0	0	6.83274e-007	1471.22	1470.84	1458.8
1470.74	914.065	786	1.#QNAN	0	0.015	0	6.751e-007	1509.72	1470.74	1458.72
1470.61	913.924	787	1.#QNAN	0	0.016	0	6.88084e-007	1474.4	1470.61	1458.62
1470.49	913.798	788	1.#QNAN	0	0	0	7.05591e-007	1477.51	1470.49	1458.52
1470.36	913.654	789	1.#QNAN	0	0.016	0	6.88694e-007	1460.19	1470.36	1458.42
1470.28	913.522	790	1.#QNAN	0	0	0	6.77698e-007	1498.25	1470.28	1458.36
1470.16	913.385	791	1.#QNAN	0	0.015	0	6.74093e-007	1475.99	1470.16	1458.27
1470.12	913.275	792	1.#QNAN	0	0	0	6.80163e-007	1541.6	1470.12	1458.25
1470.03	913.145	793	1.#QNAN	0	0.016	0	6.81099e-007	1495.56	1470.03	1458.19
1469.88	913.01	794	1.#QNAN	0	0.015	0	7.02038e-007	1457.27	1469.88	1458.07
1469.74	912.867	795	1.#QNAN	0	0	0	6.80807e-007	1451.42	1469.74	1457.95
1469.57	912.724	796	1.#QNAN	0	0.016	0	7.0552e-007	1437.45	1469.57	1457.8
1469.46	912.606	797	1.#QNAN	0	0	0	6.80312e-007	1479.64	1469.46	1457.71
1469.32	912.469	798	1.#QNAN	0	0.016	0	6.7816e-007	1462.01	1469.32	1457.6
1469.21	912.349	799	1.#QNAN	0	0	0	7.03484e-007	1491.62	1469.21	1457.51
