rmse	mae	#iter	time_pred	time_learn	time_learn2	time_learn4	alpha	rmse_mcmc_this	rmse_mcmc_all	rmse_mcmc_all_but5
24143.1	18493.4	0	1.#QNAN	0	0.016	0	2.45083e-011	24143.1	24143.1	3880.47
23317.9	17693.6	1	1.#QNAN	0	0.015	0	4.8566e-010	23404.5	23317.9	3880.47
22990.7	17342	2	1.#QNAN	0	0.016	0	6.12635e-010	22777.5	22990.7	3880.47
22775.5	17108.2	3	1.#QNAN	0	0.015	0	6.74906e-010	22413	22775.5	3880.47
22568.6	16893.8	4	1.#QNAN	0	0.016	0	7.91716e-010	21975.8	22568.6	37687.6
22340.2	16683.2	5	1.#QNAN	0	0.016	0	8.65075e-010	21414.4	22340.2	21414.4
22047.7	16427.4	6	1.#QNAN	0	0.031	0	9.78776e-010	20576.2	22047.7	20903.6
21717.7	16160.1	7	1.#QNAN	0	0.015	0	1.09442e-009	19700.8	21717.7	20426.6
21225.9	15746.4	8	1.#QNAN	0	0.016	0	1.31638e-009	17722.4	21225.9	19689.2
20709.6	15332.7	9	1.#QNAN	0	0.016	0	1.65713e-009	16469.9	20709.6	18993.2
20112.7	14855.3	10	1.#QNAN	0	0.031	0	2.00697e-009	14722.1	20112.7	18216.4
19553.4	14401.3	11	1.#QNAN	0	0.015	0	2.5834e-009	14178.3	19553.4	17567.8
18974.6	13938.2	12	1.#QNAN	0	0.016	0	3.00978e-009	12935.9	18974.6	16910.7
18418.5	13492.8	13	1.#QNAN	0	0.016	0	3.75222e-009	12116.8	18418.5	16308.9
17882.8	13062.2	14	1.#QNAN	0	0.031	0	4.12452e-009	11452.9	17882.8	15750.7
17380.4	12657.4	15	1.#QNAN	0	0.015	0	4.83466e-009	10904.7	17380.4	15245.3
16903.3	12273.7	16	1.#QNAN	0	0.016	0	5.28574e-009	10343.4	16903.3	14776.7
16435.6	11892.4	17	1.#QNAN	0	0.016	0	5.42689e-009	9718.18	16435.6	14322.2
16012.8	11549	18	1.#QNAN	0	0.015	0	6.04047e-009	9609.57	16012.8	13926.9
15622.7	11232.8	19	1.#QNAN	0	0.016	0	6.42477e-009	9434.64	15622.7	13571.2
15262.7	10942.9	20	1.#QNAN	0	0.031	0	6.56191e-009	9279.79	15262.7	13250
14914.3	10668.4	21	1.#QNAN	0	0.016	0	6.93687e-009	8905.56	14914.3	12939.8
14588.7	10408.8	22	1.#QNAN	0	0.015	0	7.46387e-009	8749.44	14588.7	12654.7
14293.5	10174.9	23	1.#QNAN	0	0.016	0	7.57018e-009	8790.94	14293.5	12404.2
14016.4	9958.37	24	1.#QNAN	0	0.015	0	8.33193e-009	8655.49	14016.4	12171.9
13755.1	9755.35	25	1.#QNAN	0	0.016	0	8.26994e-009	8515.11	13755.1	11954.9
13511.7	9566.45	26	1.#QNAN	0	0.016	0	8.32375e-009	8440.94	13511.7	11755.7
13279.7	9387.78	27	1.#QNAN	0	0.031	0	8.59634e-009	8311.93	13279.7	11566.8
13064.1	9223.14	28	1.#QNAN	0	0.015	0	9.22156e-009	8228.03	13064.1	11393.4
12858.7	9065.65	29	1.#QNAN	0	0.016	0	9.45975e-009	8094.79	12858.7	11229
12667.7	8920.61	30	1.#QNAN	0	0.016	0	9.43672e-009	8128.74	12667.7	11078.7
12486.7	8785.15	31	1.#QNAN	0	0.015	0	9.60104e-009	7999.13	12486.7	10937.2
12317.3	8657.77	32	1.#QNAN	0	0.016	0	1.00769e-008	7956.25	12317.3	10805.6
12149.6	8534.05	33	1.#QNAN	0	0.015	0	9.97671e-009	7773.63	12149.6	10673.8
11984.1	8411.67	34	1.#QNAN	0	0.032	0	1.0694e-008	7531.72	11984.1	10542.2
11832.2	8298.57	35	1.#QNAN	0	0.015	0	1.11797e-008	7641.62	11832.2	10423.4
11683.4	8189.68	36	1.#QNAN	0	0.016	0	1.07387e-008	7390.89	11683.4	10306.4
11544.3	8086.48	37	1.#QNAN	0	0.015	0	1.15454e-008	7420.8	11544.3	10198.3
11411.8	7989.24	38	1.#QNAN	0	0.016	0	1.18144e-008	7364.17	11411.8	10095.5
11282	7894.9	39	1.#QNAN	0	0.016	0	1.20174e-008	7220.11	11282	9993.91
11163.3	7807.82	40	1.#QNAN	0	0.015	0	1.25009e-008	7300.73	11163.3	9902.95
11048.6	7723.21	41	1.#QNAN	0	0.031	0	1.33493e-008	7208.27	11048.6	9814.49
10934.4	7639.24	42	1.#QNAN	0	0.016	0	1.33938e-008	7052.67	10934.4	9725.38
10824.8	7559.63	43	1.#QNAN	0	0.016	0	1.32549e-008	7088.42	10824.8	9640.43
10718.3	7482.94	44	1.#QNAN	0	0.015	0	1.39701e-008	6935.1	10718.3	9557.34
10617.2	7409.11	45	1.#QNAN	0	0.016	0	1.36963e-008	6902.41	10617.2	9478.9
10519.7	7337.43	46	1.#QNAN	0	0.015	0	1.40526e-008	6869.04	10519.7	9403.23
10424	7268.87	47	1.#QNAN	0	0.016	0	1.44369e-008	6805.98	10424	9328.48
10325.7	7198.84	48	1.#QNAN	0	0.031	0	1.55514e-008	6531.44	10325.7	9250.24
10235.2	7133.73	49	1.#QNAN	0	0.016	1	1.59054e-008	6619.6	10235.2	9179.26
10143.9	7068.46	50	1.#QNAN	0	0.015	0	1.5405e-008	6419.06	10143.9	9106.69
10055	7004.13	51	1.#QNAN	0	0.016	0	1.62448e-008	6346.27	10055	9035.66
9971.29	6944.38	52	1.#QNAN	0	0.016	0	1.61835e-008	6417.35	9971.29	8969.64
9889.85	6886.61	53	1.#QNAN	0	0.015	0	1.67867e-008	6374.84	9889.85	8905.31
9808.86	6828.99	54	1.#QNAN	0	0.016	0	1.74805e-008	6185.16	9808.86	8840.65
9730.01	6773.21	55	1.#QNAN	0	0.031	0	1.7522e-008	6153.36	9730.01	8777.54
9651.91	6717.93	56	1.#QNAN	0	0.016	0	1.79236e-008	6016.33	9651.91	8714.59
9576.77	6664.57	57	1.#QNAN	0	0.015	0	1.91852e-008	6008.62	9576.77	8654.25
9502.89	6613.08	58	1.#QNAN	0	0.016	0	1.96371e-008	5927.04	9502.89	8594.73
9432.12	6563.84	59	1.#QNAN	0	0.015	0	1.85599e-008	5936.76	9432.12	8537.75
9360.68	6513.86	60	1.#QNAN	0	0.016	0	2.01504e-008	5815.56	9360.68	8479.71
9291.78	6465.91	61	1.#QNAN	0	0.016	0	2.10303e-008	5830.86	9291.78	8423.93
9224.2	6418.5	62	1.#QNAN	0	0.031	0	2.14028e-008	5770.23	9224.2	8369.04
9155.64	6370.87	63	1.#QNAN	0	0.015	0	2.25941e-008	5596.27	9155.64	8312.77
9087.58	6323.27	64	1.#QNAN	0	0.016	0	2.24394e-008	5481.03	9087.58	8256.63
9022.13	6278.02	65	1.#QNAN	0	0.016	0	2.36686e-008	5533.75	9022.13	8202.89
8957.7	6233.01	66	1.#QNAN	0	0.015	0	2.35906e-008	5477.57	8957.7	8149.85
8892.1	6187.35	67	1.#QNAN	0	0.016	0	2.45742e-008	5280.83	8892.1	8095.2
8829.78	6144.23	68	1.#QNAN	0	0.015	0	2.43928e-008	5289.98	8829.78	8043.56
8766.79	6101.21	69	1.#QNAN	0	0.032	0	2.6213e-008	5150.49	8766.79	7990.86
8705.07	6059.25	70	1.#QNAN	0	0.015	0	2.7388e-008	5073.71	8705.07	7939.15
8645.62	6018.52	71	1.#QNAN	0	0.016	0	2.70128e-008	5099.44	8645.62	7889.53
8586.11	5978.2	72	1.#QNAN	0	0.015	0	2.89765e-008	4997.5	8586.11	7839.52
8526.23	5937.42	73	1.#QNAN	0	0.016	0	3.01044e-008	4895	8526.23	7788.87
8469.54	5898.79	74	1.#QNAN	0	0.031	0	3.18914e-008	4930.21	8469.54	7741.13
8412.28	5859.99	75	1.#QNAN	0	0.016	0	3.12907e-008	4794.98	8412.28	7692.51
8354.96	5821.03	76	1.#QNAN	0	0.015	0	3.40294e-008	4654.59	8354.96	7643.36
8298.48	5783.04	77	1.#QNAN	0	0.016	0	3.44064e-008	4563.27	8298.48	7594.89
8242.78	5745.37	78	1.#QNAN	0	0.016	0	3.57104e-008	4498.28	8242.78	7546.99
8188.78	5709.05	79	1.#QNAN	0	0.015	0	3.79387e-008	4579.67	8188.78	7500.75
8134.84	5672.4	80	1.#QNAN	0	0.016	0	3.72046e-008	4437.28	8134.84	7454.22
8082.47	5637.19	81	1.#QNAN	0	0.031	0	3.85018e-008	4415.67	8082.47	7409.18
8031.22	5602.53	82	1.#QNAN	0	0.016	0	3.95704e-008	4369.14	8031.22	7365.04
7980.81	5568.6	83	1.#QNAN	0	0.015	0	4.19501e-008	4383.54	7980.81	7321.69
7930.31	5534.63	84	1.#QNAN	0	0.016	0	4.41405e-008	4261.77	7930.31	7277.98
7880.78	5501.14	85	1.#QNAN	0	0.015	0	4.41421e-008	4229.2	7880.78	7235.16
7830.18	5467.3	86	1.#QNAN	0	0.016	0	4.48599e-008	4069.84	7830.18	7191.07
7780.15	5433.66	87	1.#QNAN	0	0.031	0	4.97443e-008	4018.59	7780.15	7147.46
7731.77	5401.15	88	1.#QNAN	0	0.016	0	5.06715e-008	4016.47	7731.77	7105.34
7684.2	5369.56	89	1.#QNAN	0	0.015	0	5.21953e-008	3998.19	7684.2	7063.95
7636.83	5337.76	90	1.#QNAN	0	0.016	0	5.33939e-008	3979.44	7636.83	7022.61
7589.65	5305.9	91	1.#QNAN	0	0.016	0	5.52107e-008	3857.35	7589.65	6981.25
7543.46	5274.76	92	1.#QNAN	0	0.015	0	5.60568e-008	3884.36	7543.46	6940.82
7496.77	5243.23	93	1.#QNAN	0	0.016	0	5.83e-008	3765.35	7496.77	6899.77
7451.46	5212.74	94	1.#QNAN	0	0.031	0	6.08114e-008	3789.62	7451.46	6859.98
7406.22	5182.29	95	1.#QNAN	0	0.016	0	6.38969e-008	3689.6	7406.22	6820.16
7360.62	5151.68	96	1.#QNAN	0	0.015	0	6.73901e-008	3586.66	7360.62	6779.87
7316.04	5121.83	97	1.#QNAN	0	0.016	0	6.5606e-008	3645.82	7316.04	6740.54
7272	5092.13	98	1.#QNAN	0	0.015	0	6.97147e-008	3613.56	7272	6701.58
7228.57	5062.74	99	1.#QNAN	0	0.016	0	7.37802e-008	3558.92	7228.57	6663.19
7186.13	5033.98	100	1.#QNAN	0	0.016	0	7.41705e-008	3595.09	7186.13	6625.71
7143.17	5005.19	101	1.#QNAN	0	0.031	0	8.13945e-008	3474.07	7143.17	6587.64
7100.73	4976.63	102	1.#QNAN	0	0.015	0	7.94892e-008	3382.02	7100.73	6549.94
7058.98	4948.32	103	1.#QNAN	0	0.016	0	7.97138e-008	3389.52	7058.98	6512.85
7017.64	4920.58	104	1.#QNAN	0	0.016	0	8.38546e-008	3325.46	7017.64	6476.08
6976.53	4892.99	105	1.#QNAN	0	0.015	1	8.49081e-008	3283.44	6976.53	6439.4
6935.86	4865.56	106	1.#QNAN	0	0.016	0	8.92033e-008	3259.73	6935.86	6403.11
6895.28	4838.37	107	1.#QNAN	0	0.031	0	9.03373e-008	3181.73	6895.28	6366.84
6855.63	4811.65	108	1.#QNAN	0	0.016	0	9.32825e-008	3218.33	6855.63	6331.4
6816	4784.85	109	1.#QNAN	0	0.015	0	9.97021e-008	3121.48	6816	6295.94
6776.87	4758.49	110	1.#QNAN	0	0.016	0	9.58813e-008	3102.75	6776.87	6260.93
6738.94	4732.82	111	1.#QNAN	0	0.015	0	9.91505e-008	3100.94	6738.94	6227.01
6701.29	4707.3	112	1.#QNAN	0	0.016	0	1.01749e-007	3098.48	6701.29	6193.28
6663.62	4681.92	113	1.#QNAN	0	0.016	0	1.04143e-007	3083.15	6663.62	6159.5
6626.99	4656.99	114	1.#QNAN	0	0.031	0	1.11527e-007	3131.29	6626.99	6126.7
6590.4	4632.23	115	1.#QNAN	0	0.015	0	1.09696e-007	3038.04	6590.4	6093.89
6554.1	4607.71	116	1.#QNAN	0	0.016	0	1.10032e-007	2994.53	6554.1	6061.31
6518.19	4583.42	117	1.#QNAN	0	0.016	0	1.15691e-007	2960.92	6518.19	6029.09
6482.53	4559.43	118	1.#QNAN	0	0.015	0	1.25031e-007	2909.66	6482.53	5997.04
6447.22	4535.67	119	1.#QNAN	0	0.016	0	1.25253e-007	2831.73	6447.22	5965.25
6412.42	4512.13	120	1.#QNAN	0	0.015	0	1.29497e-007	2855.24	6412.42	5933.92
6377.57	4488.85	121	1.#QNAN	0	0.032	0	1.30654e-007	2756.01	6377.57	5902.49
6342.9	4465.65	122	1.#QNAN	0	0.015	0	1.3452e-007	2718.02	6342.9	5871.15
6309.01	4442.78	123	1.#QNAN	0	0.016	0	1.38873e-007	2721.66	6309.01	5840.56
6274.7	4419.69	124	1.#QNAN	0	0.015	0	1.40231e-007	2665.05	6274.7	5809.5
6241.17	4397.02	125	1.#QNAN	0	0.016	0	1.50186e-007	2626.6	6241.17	5779.16
6208.13	4374.58	126	1.#QNAN	0	0.016	0	1.49657e-007	2650.34	6208.13	5749.26
6175.26	4352.39	127	1.#QNAN	0	0.031	0	1.58184e-007	2622.29	6175.26	5719.53
6142.72	4330.32	128	1.#QNAN	0	0.015	0	1.61396e-007	2572.62	6142.72	5690.07
6110.31	4308.51	129	1.#QNAN	0	0.016	0	1.62039e-007	2515.76	6110.31	5660.64
6078.25	4286.92	130	1.#QNAN	0	0.016	0	1.65215e-007	2470.48	6078.25	5631.54
6046.61	4265.66	131	1.#QNAN	0	0.015	0	1.68005e-007	2505.48	6046.61	5602.84
6015.52	4244.57	132	1.#QNAN	0	0.016	0	1.67377e-007	2523.33	6015.52	5574.67
5984.6	4223.66	133	1.#QNAN	0	0.031	0	1.78429e-007	2486.53	5984.6	5546.63
5954.26	4203.08	134	1.#QNAN	0	0.016	0	1.79176e-007	2499.3	5954.26	5519.14
5924.19	4182.81	135	1.#QNAN	0	0.015	0	1.85468e-007	2450.86	5924.19	5491.87
5894.44	4162.74	136	1.#QNAN	0	0.016	0	1.83915e-007	2433.1	5894.44	5464.88
5864.92	4142.71	137	1.#QNAN	0	0.015	0	1.99914e-007	2462.45	5864.92	5438.11
5835.68	4122.94	138	1.#QNAN	0	0.016	0	1.93064e-007	2405.56	5835.68	5411.57
5806.45	4103.14	139	1.#QNAN	0	0.031	0	2.06214e-007	2378.91	5806.45	5385.02
5777.6	4083.62	140	1.#QNAN	0	0.016	0	2.11911e-007	2363.48	5777.6	5358.8
5748.86	4064.25	141	1.#QNAN	0	0.015	0	2.15296e-007	2309.53	5748.86	5332.65
5720.44	4045.02	142	1.#QNAN	0	0.016	0	2.19117e-007	2306.99	5720.44	5306.75
5692.31	4025.98	143	1.#QNAN	0	0.016	0	2.19843e-007	2290.71	5692.31	5281.14
5664.51	4007.06	144	1.#QNAN	0	0.015	0	2.19015e-007	2264.5	5664.51	5255.82
5636.82	3988.3	145	1.#QNAN	0	0.016	0	2.22733e-007	2234.77	5636.82	5230.56
5609.33	3969.7	146	1.#QNAN	0	0.031	0	2.35816e-007	2253.9	5609.33	5205.51
5582.32	3951.32	147	1.#QNAN	0	0.016	0	2.40537e-007	2272.61	5582.32	5180.91
5555.58	3933.1	148	1.#QNAN	0	0.015	0	2.39028e-007	2237.65	5555.58	5156.55
5529.03	3914.96	149	1.#QNAN	0	0.016	0	2.47625e-007	2197.34	5529.03	5132.34
5502.43	3896.82	150	1.#QNAN	0	0.015	0	2.44391e-007	2195.47	5502.43	5108.1
5476.37	3879.07	151	1.#QNAN	0	0.016	0	2.58884e-007	2160.1	5476.37	5084.34
5450.41	3861.34	152	1.#QNAN	0	0.031	0	2.5816e-007	2134.18	5450.41	5060.65
5424.59	3843.8	153	1.#QNAN	0	0.016	0	2.64261e-007	2147.58	5424.59	5037.08
5399.06	3826.41	154	1.#QNAN	0	0.015	0	2.74269e-007	2128.01	5399.06	5013.79
5373.69	3809.18	155	1.#QNAN	0	0.016	0	2.87643e-007	2068.4	5373.69	4990.59
5348.63	3792.25	156	1.#QNAN	0	0.016	0	2.74941e-007	2044.35	5348.63	4967.68
5323.88	3775.43	157	1.#QNAN	0	0.015	0	2.73795e-007	2087.85	5323.88	4945.08
5299.26	3758.69	158	1.#QNAN	0	0.016	0	2.88061e-007	2055.02	5299.26	4922.57
5274.97	3742.23	159	1.#QNAN	0	0.015	0	2.796e-007	2052.67	5274.97	4900.37
5250.89	3725.82	160	1.#QNAN	0	0.016	1	2.86809e-007	2069.7	5250.89	4878.39
5227.09	3709.63	161	1.#QNAN	0	0.015	0	2.92387e-007	2039.21	5227.09	4856.64
5203.38	3693.48	162	1.#QNAN	0	0.016	0	2.95349e-007	2030.57	5203.38	4834.98
5179.97	3677.55	163	1.#QNAN	0	0.015	0	2.96322e-007	2019.96	5179.97	4813.59
5156.76	3661.72	164	1.#QNAN	0	0.016	0	2.96817e-007	2006.15	5156.76	4792.39
5133.72	3646.15	165	1.#QNAN	0	0.016	0	3.03912e-007	1970.93	5133.72	4771.32
5110.97	3630.66	166	1.#QNAN	0	0.031	0	3.11256e-007	1974.63	5110.97	4750.5
5088.45	3615.36	167	1.#QNAN	0	0.015	0	3.17963e-007	1975.76	5088.45	4729.92
5066.26	3600.22	168	1.#QNAN	0	0.016	0	3.07678e-007	1975.25	5066.26	4709.62
5044.31	3585.18	169	1.#QNAN	0	0.016	0	3.16637e-007	1954.43	5044.31	4689.56
5022.37	3570.26	170	1.#QNAN	0	0.015	0	3.27153e-007	1953.51	5022.37	4669.49
5000.6	3555.43	171	1.#QNAN	0	0.016	0	3.3063e-007	1937.8	5000.6	4649.56
4978.89	3540.66	172	1.#QNAN	0	0.015	0	3.28183e-007	1894.46	4978.89	4629.68
4957.34	3525.97	173	1.#QNAN	0	0.032	0	3.44384e-007	1919.49	4957.34	4609.95
4936.09	3511.39	174	1.#QNAN	0	0.015	0	3.43051e-007	1929.76	4936.09	4590.48
4914.92	3496.93	175	1.#QNAN	0	0.016	0	3.52171e-007	1891.6	4914.92	4571.09
4893.9	3482.51	176	1.#QNAN	0	0.015	0	3.50247e-007	1881.95	4893.9	4551.84
4873.2	3468.3	177	1.#QNAN	0	0.016	0	3.47047e-007	1890.54	4873.2	4532.89
4852.68	3454.24	178	1.#QNAN	0	0.016	0	3.56111e-007	1881.71	4852.68	4514.1
4832.15	3440.11	179	1.#QNAN	0	0.031	0	3.57152e-007	1853.71	4832.15	4495.28
4811.87	3426.17	180	1.#QNAN	0	0.015	0	3.74715e-007	1846.43	4811.87	4476.69
4791.7	3412.31	181	1.#QNAN	0	0.016	0	3.73181e-007	1842.39	4791.7	4458.19
4771.69	3398.58	182	1.#QNAN	0	0.016	0	3.67515e-007	1832.12	4771.69	4439.84
4751.76	3384.93	183	1.#QNAN	0	0.015	0	3.88432e-007	1843.19	4751.76	4421.55
4732.22	3371.43	184	1.#QNAN	0	0.016	0	3.87381e-007	1855.02	4732.22	4403.64
4712.74	3358.08	185	1.#QNAN	0	0.015	0	3.96567e-007	1860.83	4712.74	4385.77
4693.53	3344.86	186	1.#QNAN	0	0.032	0	4.00651e-007	1843.27	4693.53	4368.16
4674.49	3331.75	187	1.#QNAN	0	0.015	0	4.06835e-007	1834.67	4674.49	4350.71
4655.57	3318.7	188	1.#QNAN	0	0.016	0	3.94071e-007	1792.09	4655.57	4333.34
4636.78	3305.76	189	1.#QNAN	0	0.015	0	3.78363e-007	1804.01	4636.78	4316.11
4618.11	3292.86	190	1.#QNAN	0	0.016	0	3.88864e-007	1786.59	4618.11	4298.98
4599.76	3280.12	191	1.#QNAN	0	0.016	0	3.79267e-007	1791.87	4599.76	4282.17
4581.51	3267.49	192	1.#QNAN	0	0.015	0	4.25741e-007	1781.16	4581.51	4265.44
4563.37	3254.89	193	1.#QNAN	0	0.031	0	4.07725e-007	1793.48	4563.37	4248.82
4545.41	3242.48	194	1.#QNAN	0	0.016	0	4.17405e-007	1774.92	4545.41	4232.34
4527.66	3230.21	195	1.#QNAN	0	0.016	0	3.93921e-007	1803.67	4527.66	4216.09
4510.05	3218.03	196	1.#QNAN	0	0.015	0	4.14009e-007	1780.53	4510.05	4199.96
4492.57	3205.87	197	1.#QNAN	0	0.016	0	4.17885e-007	1784.78	4492.57	4183.93
4475.22	3193.85	198	1.#QNAN	0	0.015	0	4.07535e-007	1767.88	4475.22	4168.03
4457.93	3181.82	199	1.#QNAN	0	0.016	0	4.14618e-007	1767.47	4457.93	4152.18
4440.72	3169.88	200	1.#QNAN	0	0.015	0	4.39162e-007	1734.79	4440.72	4136.4
4423.63	3158	201	1.#QNAN	0	0.016	0	4.47201e-007	1759.83	4423.63	4120.73
4406.69	3146.23	202	1.#QNAN	0	0.015	0	4.33141e-007	1756.5	4406.69	4105.2
4389.96	3134.61	203	1.#QNAN	0	0.016	0	4.34259e-007	1752.08	4389.96	4089.86
4373.38	3123.09	204	1.#QNAN	0	0.016	0	4.32569e-007	1714.83	4373.38	4074.64
4356.92	3111.67	205	1.#QNAN	0	0.015	0	4.48382e-007	1739.42	4356.92	4059.54
4340.58	3100.28	206	1.#QNAN	0	0.031	0	4.51945e-007	1734.08	4340.58	4044.56
4324.39	3088.99	207	1.#QNAN	0	0.016	0	4.30246e-007	1736.13	4324.39	4029.71
4308.25	3077.77	208	1.#QNAN	0	0.016	0	4.49447e-007	1691.22	4308.25	4014.9
4292.24	3066.65	209	1.#QNAN	0	0.015	0	4.57057e-007	1696.22	4292.24	4000.23
4276.32	3055.6	210	1.#QNAN	0	0.016	0	4.56974e-007	1687.92	4276.32	3985.64
4260.62	3044.6	211	1.#QNAN	0	0.015	0	4.76886e-007	1700.54	4260.62	3971.24
4244.99	3033.64	212	1.#QNAN	0	0.016	0	4.54949e-007	1707.17	4244.99	3956.91
4229.58	3022.81	213	1.#QNAN	0	0.031	0	4.59288e-007	1706.62	4229.58	3942.79
4214.22	3012.01	214	1.#QNAN	0	0.016	0	4.63007e-007	1700.9	4214.22	3928.71
4199.05	3001.37	215	1.#QNAN	0	0.015	0	4.90793e-007	1710.48	4199.05	3914.81
4183.94	2990.75	216	1.#QNAN	0	0.016	1	4.55868e-007	1690.2	4183.94	3900.95
4169	2980.26	217	1.#QNAN	0	0.016	0	4.76021e-007	1693.05	4169	3887.26
4154.08	2969.82	218	1.#QNAN	0	0.015	0	4.75362e-007	1691.06	4154.08	3873.59
4139.4	2959.53	219	1.#QNAN	0	0.031	0	5.0945e-007	1682.81	4139.4	3860.15
4124.81	2949.3	220	1.#QNAN	0	0.016	0	4.78418e-007	1683.83	4124.81	3846.77
4110.38	2939.18	221	1.#QNAN	0	0.016	0	4.89462e-007	1694.93	4110.38	3833.53
4096.02	2929.08	222	1.#QNAN	0	0.015	0	4.9403e-007	1696.31	4096.02	3820.36
4081.75	2919.09	223	1.#QNAN	0	0.016	0	4.67264e-007	1690.73	4081.75	3807.27
4067.63	2909.19	224	1.#QNAN	0	0.015	0	4.83569e-007	1681.67	4067.63	3794.32
4053.67	2899.35	225	1.#QNAN	0	0.016	0	4.80316e-007	1684.88	4053.67	3781.52
4039.78	2889.58	226	1.#QNAN	0	0.031	0	4.83731e-007	1711.12	4039.78	3768.78
4026.09	2879.95	227	1.#QNAN	0	0.016	0	4.7874e-007	1701.57	4026.09	3756.25
4012.44	2870.39	228	1.#QNAN	0	0.015	0	4.86502e-007	1686.09	4012.44	3743.73
3998.83	2860.86	229	1.#QNAN	0	0.016	0	4.9279e-007	1691.51	3998.83	3731.26
3985.42	2851.41	230	1.#QNAN	0	0.016	0	4.99373e-007	1677.32	3985.42	3718.98
3972.07	2842.03	231	1.#QNAN	0	0.015	0	4.89903e-007	1683.22	3972.07	3706.77
3958.83	2832.72	232	1.#QNAN	0	0.016	0	4.83893e-007	1690.56	3958.83	3694.66
3945.66	2823.46	233	1.#QNAN	0	0.031	0	4.87518e-007	1683.96	3945.66	3682.59
3932.61	2814.27	234	1.#QNAN	0	0.016	0	4.84679e-007	1669.12	3932.61	3670.64
3919.65	2805.17	235	1.#QNAN	0	0.015	0	5.04995e-007	1687.23	3919.65	3658.77
3906.84	2796.16	236	1.#QNAN	0	0.016	0	4.89896e-007	1669.26	3906.84	3647.05
3894.16	2787.26	237	1.#QNAN	0	0.016	0	4.87846e-007	1654.22	3894.16	3635.44
3881.47	2778.35	238	1.#QNAN	0	0.031	0	5.08866e-007	1642.84	3881.47	3623.83
3868.84	2769.48	239	1.#QNAN	0	0.015	0	5.04278e-007	1643.39	3868.84	3612.26
3856.33	2760.69	240	1.#QNAN	0	0.016	0	4.94679e-007	1632.92	3856.33	3600.81
3843.88	2751.95	241	1.#QNAN	0	0.016	0	4.81203e-007	1620.83	3843.88	3589.41
3831.55	2743.32	242	1.#QNAN	0	0.015	0	4.85943e-007	1624.3	3831.55	3578.13
3819.35	2734.74	243	1.#QNAN	0	0.016	0	4.93429e-007	1617.52	3819.35	3566.96
3807.24	2726.25	244	1.#QNAN	0	0.031	0	4.974e-007	1619.56	3807.24	3555.87
3795.25	2717.82	245	1.#QNAN	0	0.016	0	4.99566e-007	1620.98	3795.25	3544.9
3783.39	2709.46	246	1.#QNAN	0	0.015	0	5.08174e-007	1623.57	3783.39	3534.06
3771.49	2701.11	247	1.#QNAN	0	0.016	0	5.02671e-007	1618.56	3771.49	3523.19
3759.7	2692.83	248	1.#QNAN	0	0.015	0	5.04971e-007	1595.41	3759.7	3512.4
3748.04	2684.6	249	1.#QNAN	0	0.016	0	4.9827e-007	1601.92	3748.04	3501.73
3736.43	2676.43	250	1.#QNAN	0	0.016	0	4.9456e-007	1605.02	3736.43	3491.12
3724.95	2668.3	251	1.#QNAN	0	0.031	0	5.0353e-007	1610.81	3724.95	3480.62
3713.53	2660.26	252	1.#QNAN	0	0.015	0	5.17213e-007	1624.67	3713.53	3470.17
3702.2	2652.3	253	1.#QNAN	0	0.016	0	5.01753e-007	1633.47	3702.2	3459.81
3690.93	2644.4	254	1.#QNAN	0	0.016	0	5.21001e-007	1594.97	3690.93	3449.48
3679.8	2636.6	255	1.#QNAN	0	0.015	0	5.09714e-007	1596.85	3679.8	3439.3
3668.75	2628.86	256	1.#QNAN	0	0.016	0	5.22509e-007	1623.83	3668.75	3429.19
3657.75	2621.17	257	1.#QNAN	0	0.015	0	4.99841e-007	1620.9	3657.75	3419.14
3646.85	2613.54	258	1.#QNAN	0	0.032	0	5.10263e-007	1619.13	3646.85	3409.16
3636.01	2606	259	1.#QNAN	0	0.015	0	5.08151e-007	1609.36	3636.01	3399.24
3625.22	2598.47	260	1.#QNAN	0	0.016	0	5.1479e-007	1581.96	3625.22	3389.37
3614.56	2590.95	261	1.#QNAN	0	0.015	0	5.14429e-007	1592.39	3614.56	3379.62
3603.88	2583.46	262	1.#QNAN	0	0.016	0	5.35423e-007	1578.71	3603.88	3369.85
3593.24	2576.04	263	1.#QNAN	0	0.016	0	4.8989e-007	1613.05	3593.24	3360.11
3582.76	2568.69	264	1.#QNAN	0	0.015	0	5.20687e-007	1580.71	3582.76	3350.51
3572.28	2561.34	265	1.#QNAN	0	0.031	0	5.18935e-007	1565.26	3572.28	3340.92
3561.83	2554.03	266	1.#QNAN	0	0.016	0	5.1608e-007	1581.14	3561.83	3331.36
3551.5	2546.8	267	1.#QNAN	0	0.016	0	5.1658e-007	1589.77	3551.5	3321.9
3541.28	2539.64	268	1.#QNAN	0	0.015	0	5.06382e-007	1562.71	3541.28	3312.55
3531.13	2532.53	269	1.#QNAN	0	0.016	0	5.27158e-007	1572.08	3531.13	3303.25
3521.05	2525.49	270	1.#QNAN	0	0.015	1	5.04214e-007	1573.79	3521.05	3294.03
3511.05	2518.48	271	1.#QNAN	0	0.016	0	5.08323e-007	1581.81	3511.05	3284.88
3501.09	2511.5	272	1.#QNAN	0	0.031	0	5.09423e-007	1576.88	3501.09	3275.76
3491.15	2504.54	273	1.#QNAN	0	0.016	0	5.22278e-007	1571.53	3491.15	3266.66
3481.29	2497.6	274	1.#QNAN	0	0.015	0	5.50252e-007	1593.35	3481.29	3257.62
3471.56	2490.75	275	1.#QNAN	0	0.016	0	5.27027e-007	1601.37	3471.56	3248.72
3461.87	2483.93	276	1.#QNAN	0	0.016	0	5.22937e-007	1581.59	3461.87	3239.85
3452.28	2477.16	277	1.#QNAN	0	0.015	0	5.12647e-007	1605.67	3452.28	3231.09
3442.78	2470.44	278	1.#QNAN	0	0.031	0	5.13695e-007	1594.21	3442.78	3222.41
3433.31	2463.78	279	1.#QNAN	0	0.016	0	5.32032e-007	1590.55	3433.31	3213.75
3423.87	2457.12	280	1.#QNAN	0	0.016	0	5.49257e-007	1574.08	3423.87	3205.13
3414.55	2450.52	281	1.#QNAN	0	0.015	0	5.38294e-007	1593.15	3414.55	3196.61
3405.26	2443.94	282	1.#QNAN	0	0.016	0	5.27812e-007	1578.7	3405.26	3188.12
3396.01	2437.38	283	1.#QNAN	0	0.015	0	5.21748e-007	1594.8	3396.01	3179.65
3386.85	2430.89	284	1.#QNAN	0	0.016	0	5.44673e-007	1623.6	3386.85	3171.28
3377.74	2424.44	285	1.#QNAN	0	0.016	0	5.32614e-007	1574.31	3377.74	3162.96
3368.66	2418.03	286	1.#QNAN	0	0.031	0	5.28672e-007	1586.71	3368.66	3154.65
3359.64	2411.64	287	1.#QNAN	0	0.015	0	5.52358e-007	1553.05	3359.64	3146.41
3350.73	2405.33	288	1.#QNAN	0	0.016	0	5.25247e-007	1574.02	3350.73	3138.27
3341.86	2399.06	289	1.#QNAN	0	0.016	0	5.3265e-007	1571.29	3341.86	3130.18
3333.11	2392.84	290	1.#QNAN	0	0.015	0	5.21758e-007	1549.83	3333.11	3122.19
3324.37	2386.65	291	1.#QNAN	0	0.016	0	5.36639e-007	1540.53	3324.37	3114.22
3315.7	2380.52	292	1.#QNAN	0	0.031	0	5.14689e-007	1560.13	3315.7	3106.32
3307.07	2374.38	293	1.#QNAN	0	0.016	0	5.58567e-007	1560.62	3307.07	3098.45
3298.53	2368.31	294	1.#QNAN	0	0.015	0	5.39418e-007	1573.15	3298.53	3090.68
3289.98	2362.24	295	1.#QNAN	0	0.016	0	5.41541e-007	1548.01	3289.98	3082.89
3281.53	2356.25	296	1.#QNAN	0	0.015	0	5.50619e-007	1560.37	3281.53	3075.18
3273.23	2350.31	297	1.#QNAN	0	0.016	0	5.49794e-007	1576.5	3273.23	3067.62
3264.92	2344.38	298	1.#QNAN	0	0.016	0	5.43463e-007	1557.76	3264.92	3060.05
3256.67	2338.48	299	1.#QNAN	0	0.015	0	5.36271e-007	1579.18	3256.67	3052.53
3248.48	2332.64	300	1.#QNAN	0	0.031	0	5.49976e-007	1570.53	3248.48	3045.06
3240.37	2326.82	301	1.#QNAN	0	0.016	0	5.63295e-007	1594.68	3240.37	3037.68
3232.28	2321.03	302	1.#QNAN	0	0.016	0	5.62657e-007	1597.36	3232.28	3030.3
3224.19	2315.25	303	1.#QNAN	0	0.015	0	5.62356e-007	1609.51	3224.19	3022.93
3216.22	2309.53	304	1.#QNAN	0	0.016	0	5.47559e-007	1588.94	3216.22	3015.66
3208.27	2303.85	305	1.#QNAN	0	0.031	0	5.55442e-007	1625.48	3208.27	3008.42
3200.43	2298.23	306	1.#QNAN	0	0.016	0	5.36867e-007	1608.37	3200.43	3001.28
3192.65	2292.64	307	1.#QNAN	0	0.015	0	5.43943e-007	1597.47	3192.65	2994.21
3184.89	2287.12	308	1.#QNAN	0	0.016	0	5.66233e-007	1589.54	3184.89	2987.14
3177.14	2281.59	309	1.#QNAN	0	0.015	0	5.39499e-007	1579.61	3177.14	2980.08
3169.42	2276.11	310	1.#QNAN	0	0.016	0	5.57335e-007	1573.72	3169.42	2973.07
3161.74	2270.67	311	1.#QNAN	0	0.016	0	5.636e-007	1575.2	3161.74	2966.07
3154.07	2265.22	312	1.#QNAN	0	0.015	0	5.72578e-007	1558.49	3154.07	2959.09
3146.49	2259.82	313	1.#QNAN	0	0.031	0	5.55129e-007	1571.15	3146.49	2952.19
3139.03	2254.51	314	1.#QNAN	0	0.016	0	5.66856e-007	1583.67	3139.03	2945.39
3131.53	2249.2	315	1.#QNAN	0	0.016	0	5.39914e-007	1590.12	3131.53	2938.57
3124.16	2243.94	316	1.#QNAN	0	0.015	0	5.54523e-007	1589.04	3124.16	2931.88
3116.78	2238.65	317	1.#QNAN	0	0.016	0	5.78759e-007	1588.06	3116.78	2925.17
3109.48	2233.42	318	1.#QNAN	0	0.015	0	5.73618e-007	1597.94	3109.48	2918.54
3102.17	2228.19	319	1.#QNAN	0	0.016	0	5.46369e-007	1590.59	3102.17	2911.9
3094.97	2223.03	320	1.#QNAN	0	0.031	0	5.70757e-007	1602.54	3094.97	2905.36
3087.79	2217.91	321	1.#QNAN	0	0.016	0	5.48096e-007	1578.68	3087.79	2898.83
3080.7	2212.83	322	1.#QNAN	0	0.015	0	5.46737e-007	1575.51	3080.7	2892.39
3073.65	2207.78	323	1.#QNAN	0	0.016	0	5.91854e-007	1594.81	3073.65	2885.98
3066.6	2202.75	324	1.#QNAN	0	0.016	0	5.34747e-007	1597.57	3066.6	2879.56
3059.59	2197.75	325	1.#QNAN	0	0.015	0	5.35211e-007	1591.54	3059.59	2873.17
3052.57	2192.77	326	1.#QNAN	0	0.016	1	5.71613e-007	1566.68	3052.57	2866.77
3045.59	2187.8	327	1.#QNAN	0	0.015	0	5.53873e-007	1585.86	3045.59	2860.42
3038.61	2182.85	328	1.#QNAN	0	0.032	0	5.46045e-007	1564.01	3038.61	2854.06
3031.65	2177.91	329	1.#QNAN	0	0.015	0	5.83997e-007	1559.3	3031.65	2847.72
3024.82	2173.02	330	1.#QNAN	0	0.016	0	5.66431e-007	1562.4	3024.82	2841.51
3018.03	2168.18	331	1.#QNAN	0	0.015	0	5.4878e-007	1569.17	3018.03	2835.33
3011.23	2163.33	332	1.#QNAN	0	0.016	0	5.34482e-007	1565.16	3011.23	2829.15
3004.49	2158.51	333	1.#QNAN	0	0.016	0	5.52129e-007	1554.69	3004.49	2823.02
2997.78	2153.75	334	1.#QNAN	0	0.015	0	5.70262e-007	1543.14	2997.78	2816.91
2991.07	2148.93	335	1.#QNAN	0	0.031	0	5.64267e-007	1566.11	2991.07	2810.8
2984.42	2144.22	336	1.#QNAN	0	0.016	0	5.60229e-007	1560.57	2984.42	2804.75
2977.84	2139.55	337	1.#QNAN	0	0.016	0	5.65709e-007	1568.65	2977.84	2798.76
2971.3	2134.91	338	1.#QNAN	0	0.015	0	5.80718e-007	1581.51	2971.3	2792.82
2964.85	2130.32	339	1.#QNAN	0	0.016	0	5.51451e-007	1581.29	2964.85	2786.95
2958.36	2125.74	340	1.#QNAN	0	0.015	0	5.75908e-007	1558.91	2958.36	2781.04
2952	2121.26	341	1.#QNAN	0	0.016	0	5.6469e-007	1561.05	2952	2775.25
2945.64	2116.79	342	1.#QNAN	0	0.031	0	5.40076e-007	1577.1	2945.64	2769.48
2939.31	2112.3	343	1.#QNAN	0	0.016	0	5.5831e-007	1554.92	2939.31	2763.71
2933.01	2107.83	344	1.#QNAN	0	0.015	0	5.6817e-007	1575.39	2933.01	2757.99
2926.75	2103.43	345	1.#QNAN	0	0.016	0	5.63473e-007	1544.25	2926.75	2752.29
2920.55	2099.04	346	1.#QNAN	0	0.016	0	5.69447e-007	1572.73	2920.55	2746.66
2914.37	2094.7	347	1.#QNAN	0	0.015	0	5.61485e-007	1554.2	2914.37	2741.05
2908.22	2090.35	348	1.#QNAN	0	0.016	0	5.56486e-007	1554.08	2908.22	2735.46
2902.12	2086.06	349	1.#QNAN	0	0.031	0	5.66141e-007	1536.52	2902.12	2729.91
2896.11	2081.86	350	1.#QNAN	0	0.016	0	5.64225e-007	1555.6	2896.11	2724.45
2890.08	2077.65	351	1.#QNAN	0	0.015	0	5.80109e-007	1541.65	2890.08	2718.98
2884.13	2073.47	352	1.#QNAN	0	0.016	0	5.59529e-007	1512.89	2884.13	2713.59
2878.22	2069.31	353	1.#QNAN	0	0.015	0	5.77086e-007	1534.63	2878.22	2708.23
2872.34	2065.19	354	1.#QNAN	0	0.016	0	5.90501e-007	1536.03	2872.34	2702.91
2866.49	2061.07	355	1.#QNAN	0	0.031	0	5.724e-007	1517.81	2866.49	2697.61
2860.69	2056.98	356	1.#QNAN	0	0.016	0	5.41963e-007	1514.25	2860.69	2692.36
2854.93	2052.95	357	1.#QNAN	0	0.015	0	5.83381e-007	1546.51	2854.93	2687.16
2849.2	2048.9	358	1.#QNAN	0	0.016	0	5.67746e-007	1517.75	2849.2	2681.97
2843.56	2044.94	359	1.#QNAN	0	0.016	0	5.66373e-007	1548.11	2843.56	2676.88
2837.97	2041	360	1.#QNAN	0	0.015	0	5.67026e-007	1517.26	2837.97	2671.83
2832.47	2037.13	361	1.#QNAN	0	0.016	0	5.57517e-007	1553.76	2832.47	2666.85
2826.83	2033.2	362	1.#QNAN	0	0.031	0	5.63941e-007	1516.45	2826.83	2661.75
2821.27	2029.33	363	1.#QNAN	0	0.016	0	5.42322e-007	1527.41	2821.27	2656.71
2815.77	2025.51	364	1.#QNAN	0	0.015	0	5.72573e-007	1543.66	2815.77	2651.73
2810.28	2021.66	365	1.#QNAN	0	0.016	0	5.75383e-007	1542.11	2810.28	2646.76
2804.83	2017.85	366	1.#QNAN	0	0.015	0	5.72946e-007	1547.8	2804.83	2641.83
2799.42	2014.06	367	1.#QNAN	0	0.016	0	5.6795e-007	1530.86	2799.42	2636.94
2794.02	2010.27	368	1.#QNAN	0	0.016	0	5.59998e-007	1523.42	2794.02	2632.07
2788.68	2006.52	369	1.#QNAN	0	0.031	0	5.95362e-007	1529.59	2788.68	2627.25
2783.43	2002.82	370	1.#QNAN	0	0.015	0	5.83736e-007	1532.72	2783.43	2622.5
2778.14	1999.12	371	1.#QNAN	0	0.016	0	5.72467e-007	1523.75	2778.14	2617.72
2772.89	1995.47	372	1.#QNAN	0	0.016	0	5.55271e-007	1536.28	2772.89	2612.98
2767.67	1991.83	373	1.#QNAN	0	0.015	0	5.83868e-007	1524.2	2767.67	2608.26
2762.48	1988.2	374	1.#QNAN	0	0.016	0	5.80925e-007	1517.73	2762.48	2603.57
2757.35	1984.62	375	1.#QNAN	0	0.015	0	5.78423e-007	1541.91	2757.35	2598.94
2752.22	1981.06	376	1.#QNAN	0	0.032	0	5.7267e-007	1512.64	2752.22	2594.29
2747.1	1977.5	377	1.#QNAN	0	0.015	0	5.72867e-007	1543.29	2747.1	2589.67
2742.02	1973.96	378	1.#QNAN	0	0.016	0	5.5323e-007	1511.03	2742.02	2585.07
2736.99	1970.45	379	1.#QNAN	0	0.015	0	5.73418e-007	1527.83	2736.99	2580.53
2731.97	1966.96	380	1.#QNAN	0	0.016	0	5.79581e-007	1505.81	2731.97	2576
2726.98	1963.49	381	1.#QNAN	0	0.016	0	5.72005e-007	1502.28	2726.98	2571.48
2722.02	1960.01	382	1.#QNAN	0	0.031	1	5.60909e-007	1532.77	2722.02	2567.02
2717.08	1956.56	383	1.#QNAN	0	0.015	0	5.95277e-007	1530.05	2717.08	2562.56
2712.17	1953.14	384	1.#QNAN	0	0.016	0	5.86572e-007	1533.08	2712.17	2558.12
2707.3	1949.75	385	1.#QNAN	0	0.016	0	5.68497e-007	1519.3	2707.3	2553.72
2702.45	1946.37	386	1.#QNAN	0	0.015	0	5.92879e-007	1521.84	2702.45	2549.34
2697.57	1943	387	1.#QNAN	0	0.016	0	5.6465e-007	1498	2697.57	2544.93
2692.71	1939.6	388	1.#QNAN	0	0.015	0	5.60009e-007	1522.61	2692.71	2540.55
2687.92	1936.25	389	1.#QNAN	0	0.016	0	5.74236e-007	1560.36	2687.92	2536.22
2683.22	1932.97	390	1.#QNAN	0	0.031	0	5.67676e-007	1562.79	2683.22	2531.99
2678.54	1929.68	391	1.#QNAN	0	0.016	0	5.64399e-007	1565.8	2678.54	2527.77
2673.88	1926.4	392	1.#QNAN	0	0.015	0	5.58851e-007	1561.58	2673.88	2523.58
2669.29	1923.18	393	1.#QNAN	0	0.016	0	5.60387e-007	1564.4	2669.29	2519.45
2664.71	1919.95	394	1.#QNAN	0	0.016	0	6.01581e-007	1557.08	2664.71	2515.33
2660.15	1916.73	395	1.#QNAN	0	0.015	0	5.66512e-007	1554.33	2660.15	2511.22
2655.59	1913.54	396	1.#QNAN	0	0.016	0	6.01679e-007	1561.59	2655.59	2507.13
2651.1	1910.39	397	1.#QNAN	0	0.031	0	5.74849e-007	1545.67	2651.1	2503.09
2646.63	1907.25	398	1.#QNAN	0	0.016	0	5.51783e-007	1545.04	2646.63	2499.08
2642.19	1904.12	399	1.#QNAN	0	0.015	0	5.84175e-007	1546.84	2642.19	2495.1
