rmse	mae	#iter	time_pred	time_learn	time_learn2	time_learn4	alpha	rmse_mcmc_this	rmse_mcmc_all	rmse_mcmc_all_but5
6829.78	5428.38	0	1.#QNAN	0	0.016	0	7.39754e-010	6829.78	6829.78	4162.21
6301.71	4985.47	1	1.#QNAN	0	0.016	0	1.43023e-008	5956.93	6301.71	4162.21
6019.3	4767.18	2	1.#QNAN	0	0	0	1.78273e-008	5538.01	6019.3	4162.21
5847.85	4637.18	3	1.#QNAN	0	0.015	0	2.06089e-008	5429.95	5847.85	4162.21
5701.67	4525.85	4	1.#QNAN	0	0	0	2.20732e-008	5205.69	5701.67	37734.5
5576.84	4429.18	5	1.#QNAN	0	0.016	0	2.40924e-008	5017.66	5576.84	5017.66
5452.24	4330.61	6	1.#QNAN	0	0.015	0	2.7914e-008	4790.04	5452.24	4880.21
5335.5	4239.8	7	1.#QNAN	0	0	0	3.11704e-008	4577.93	5335.5	4766.52
5225.2	4151.71	8	1.#QNAN	0	0.016	0	3.27883e-008	4421.65	5225.2	4669.85
5118.45	4067.48	9	1.#QNAN	0	0.016	0	3.79736e-008	4229.85	5118.45	4573.36
5018.27	3989.15	10	1.#QNAN	0	0	0	4.18842e-008	4091.67	5018.27	4486.16
4914.79	3909.09	11	1.#QNAN	0	0.015	0	4.53685e-008	3872.36	4914.79	4390.1
4817.44	3831.5	12	1.#QNAN	0	0	0	5.07738e-008	3733.35	4817.44	4301.54
4720.72	3755.08	13	1.#QNAN	0	0.016	0	5.46826e-008	3570.47	4720.72	4213.6
4621.38	3676.09	14	1.#QNAN	0	0.015	0	6.18485e-008	3359.89	4621.38	4119.77
4521.19	3595.27	15	1.#QNAN	0	0	0	7.16902e-008	3170.24	4521.19	4024.3
4410.13	3505.9	16	1.#QNAN	0	0.016	0	8.22048e-008	2895.45	4410.13	3912.67
4296.39	3414.13	17	1.#QNAN	0	0	0	1.02678e-007	2745.3	4296.39	3798.41
4185.69	3323.99	18	1.#QNAN	0	0.016	0	1.15969e-007	2677.79	4185.69	3689.72
4073.81	3233.66	19	1.#QNAN	0	0.015	0	1.2893e-007	2505.21	4073.81	3579.63
3964.56	3145.09	20	1.#QNAN	0	0	0	1.51173e-007	2472.64	3964.56	3473.64
3859.6	3059.12	21	1.#QNAN	0	0.016	0	1.66095e-007	2402.79	3859.6	3374.12
3760.57	2976.87	22	1.#QNAN	0	0	0	1.78537e-007	2387.28	3760.57	3281.88
3667.97	2899.78	23	1.#QNAN	0	0.015	0	1.87904e-007	2337.29	3667.97	3197.34
3581.34	2826.66	24	1.#QNAN	0	0.016	0	2.08109e-007	2328.42	3581.34	3120.13
3500.12	2758.49	25	1.#QNAN	0	0	0	2.13778e-007	2283.75	3500.12	3048.92
3426.36	2696.49	26	1.#QNAN	0	0.016	0	2.20005e-007	2277.65	3426.36	2986.15
3358.53	2639.11	27	1.#QNAN	0	0	0	2.22039e-007	2216	3358.53	2929.68
3294.12	2584.81	28	1.#QNAN	0	0.015	0	2.34837e-007	2172.37	3294.12	2876.02
3233.36	2533.54	29	1.#QNAN	0	0	0	2.39017e-007	2131.59	3233.36	2826.12
3177.02	2485.53	30	1.#QNAN	0	0.016	1	2.41739e-007	2157.88	3177.02	2780.85
3123.68	2439.69	31	1.#QNAN	0	0.015	0	2.48686e-007	2111.49	3123.68	2738.2
3074.2	2396.51	32	1.#QNAN	0	0	0	2.65554e-007	2158.55	3074.2	2699.5
3026.72	2354.96	33	1.#QNAN	0	0.016	0	2.69033e-007	2109.68	3026.72	2662.43
2981.27	2314.9	34	1.#QNAN	0	0	0	2.88143e-007	2101.31	2981.27	2627.15
2938.5	2276.96	35	1.#QNAN	0	0.016	0	2.79592e-007	2092.79	2938.5	2594.17
2898.66	2241.7	36	1.#QNAN	0	0	0	2.82579e-007	2125.04	2898.66	2564.16
2860.58	2208.05	37	1.#QNAN	0	0.015	0	2.89597e-007	2073.49	2860.58	2535.34
2824.05	2175.95	38	1.#QNAN	0	0.016	0	3.08066e-007	2036.18	2824.05	2507.69
2789.19	2145.78	39	1.#QNAN	0	0	0	2.98096e-007	1972.88	2789.19	2480.95
2756.37	2118	40	1.#QNAN	0	0.015	0	3.22943e-007	1951.55	2756.37	2456.09
2725.62	2091.82	41	1.#QNAN	0	0	0	3.26964e-007	1949.05	2725.62	2433.1
2695.9	2066.07	42	1.#QNAN	0	0.016	0	3.37819e-007	1904.65	2695.9	2410.78
2667.5	2041.55	43	1.#QNAN	0	0	0	3.32506e-007	1895.83	2667.5	2389.35
2640.13	2017.63	44	1.#QNAN	0	0.016	0	3.37503e-007	1879.96	2640.13	2368.86
2613.6	1994.27	45	1.#QNAN	0	0.015	0	3.46063e-007	1870.92	2613.6	2348.88
2588.05	1971.74	46	1.#QNAN	0	0	0	3.58778e-007	1847.19	2588.05	2329.74
2563.27	1949.91	47	1.#QNAN	0	0.016	0	3.59788e-007	1835.62	2563.27	2310.97
2539.01	1928.87	48	1.#QNAN	0	0	0	3.6749e-007	1809.5	2539.01	2292.55
2515.83	1908.64	49	1.#QNAN	0	0.015	0	3.93405e-007	1828.75	2515.83	2275.07
2492.93	1888.73	50	1.#QNAN	0	0	0	3.9127e-007	1770.24	2492.93	2257.52
2472.04	1870.28	51	1.#QNAN	0	0.016	0	4.05269e-007	1854.89	2472.04	2242.09
2451.28	1852.12	52	1.#QNAN	0	0.016	0	3.9638e-007	1791.88	2451.28	2226.48
2430.93	1834.53	53	1.#QNAN	0	0	0	3.82838e-007	1752.84	2430.93	2210.87
2411.36	1817.48	54	1.#QNAN	0	0.015	0	4.06424e-007	1735.22	2411.36	2195.92
2392.42	1801.01	55	1.#QNAN	0	0	0	4.0919e-007	1749.72	2392.42	2181.54
2374.39	1785.34	56	1.#QNAN	0	0.016	0	4.10044e-007	1756.52	2374.39	2167.96
2357.18	1770.37	57	1.#QNAN	0	0	0	4.35022e-007	1752.52	2357.18	2155.09
2340.33	1755.69	58	1.#QNAN	0	0.015	0	4.31151e-007	1731.5	2340.33	2142.41
2323.75	1741.41	59	1.#QNAN	0	0.016	0	4.36148e-007	1697.41	2323.75	2129.82
2307.43	1727.56	60	1.#QNAN	0	0	0	4.49138e-007	1690.25	2307.43	2117.35
2291.5	1714.02	61	1.#QNAN	0	0.016	0	4.58685e-007	1675.85	2291.5	2105.14
2275.94	1700.81	62	1.#QNAN	0	0	0	4.40465e-007	1677.84	2275.94	2093.14
2261.13	1688.29	63	1.#QNAN	0	0.015	0	4.71323e-007	1696.67	2261.13	2081.81
2246.3	1675.54	64	1.#QNAN	0	0	0	4.49825e-007	1652.7	2246.3	2070.39
2232.09	1663.31	65	1.#QNAN	0	0.016	0	4.94054e-007	1624.13	2232.09	2059.35
2218.15	1651.31	66	1.#QNAN	0	0.015	0	4.7334e-007	1651.14	2218.15	2048.48
2204.32	1639.47	67	1.#QNAN	0	0	0	4.72815e-007	1635.76	2204.32	2037.58
2191.04	1628.05	68	1.#QNAN	0	0.016	0	4.93457e-007	1603.5	2191.04	2027.15
2178.36	1617.1	69	1.#QNAN	0	0	0	4.97458e-007	1612.61	2178.36	2017.22
2165.91	1606.52	70	1.#QNAN	0	0.016	0	4.90894e-007	1609.54	2165.91	2007.46
2153.64	1595.99	71	1.#QNAN	0	0	0	5.00366e-007	1620.3	2153.64	1997.87
2141.77	1585.72	72	1.#QNAN	0	0.015	0	5.20073e-007	1632.36	2141.77	1988.66
2130.15	1575.61	73	1.#QNAN	0	0.016	0	5.14998e-007	1629.1	2130.15	1979.66
2118.67	1565.74	74	1.#QNAN	0	0	0	5.23636e-007	1603.08	2118.67	1970.66
2107.29	1556.01	75	1.#QNAN	0	0.015	0	5.17733e-007	1569.92	2107.29	1961.67
2096.46	1546.52	76	1.#QNAN	0	0	0	5.14014e-007	1594.66	2096.46	1953.22
2085.5	1537.29	77	1.#QNAN	0	0.016	0	5.11591e-007	1567.56	2085.5	1944.42
2075.23	1528.38	78	1.#QNAN	0	0	0	5.34276e-007	1588.78	2075.23	1936.37
2064.95	1519.57	79	1.#QNAN	0	0.016	0	5.39519e-007	1568.3	2064.95	1928.19
2055.26	1511.14	80	1.#QNAN	0	0.015	0	5.27234e-007	1604.28	2055.26	1920.57
2045.46	1502.76	81	1.#QNAN	0	0	0	5.56924e-007	1573.91	2045.46	1912.79
2036.1	1494.64	82	1.#QNAN	0	0.016	0	5.44189e-007	1580.02	2036.1	1905.4
2026.62	1486.46	83	1.#QNAN	0	0	0	5.32868e-007	1557.65	2026.62	1897.81
2017.1	1478.36	84	1.#QNAN	0	0.015	0	5.5696e-007	1529.1	2017.1	1890.12
2008.27	1470.76	85	1.#QNAN	0	0	0	5.66517e-007	1553.64	2008.27	1883.12
1999.49	1463.19	86	1.#QNAN	0	0.016	0	5.58745e-007	1552.5	1999.49	1876.12
1990.81	1455.86	87	1.#QNAN	0	0.016	0	5.62845e-007	1533.06	1990.81	1869.18
1982.11	1448.56	88	1.#QNAN	0	0	0	5.64599e-007	1532.95	1982.11	1862.15
1973.61	1441.3	89	1.#QNAN	0	0.015	0	6.0919e-007	1511.87	1973.61	1855.3
1965.4	1434.22	90	1.#QNAN	0	0	0	5.78144e-007	1510.09	1965.4	1848.68
1957.52	1427.32	91	1.#QNAN	0	0.016	0	5.83464e-007	1532.23	1957.52	1842.41
1949.48	1420.59	92	1.#QNAN	0	0.015	0	6.05775e-007	1490.5	1949.48	1835.9
1941.66	1414	93	1.#QNAN	0	0	0	5.90157e-007	1479.85	1941.66	1829.57
1934.23	1407.56	94	1.#QNAN	0	0.016	0	6.08746e-007	1499.02	1934.23	1823.59
1926.65	1401.08	95	1.#QNAN	0	0	0	6.12925e-007	1468.52	1926.65	1817.43
1919.28	1395	96	1.#QNAN	0	0.016	0	5.92508e-007	1502.39	1919.28	1811.43
1912.04	1388.81	97	1.#QNAN	0	0	0	5.93362e-007	1486.87	1912.04	1805.57
1904.77	1382.71	98	1.#QNAN	0	0.015	0	5.88556e-007	1506.44	1904.77	1799.63
1897.83	1376.97	99	1.#QNAN	0	0.016	0	6.13605e-007	1516.7	1897.83	1794.01
1890.81	1371.13	100	1.#QNAN	0	0	0	6.1023e-007	1501.22	1890.81	1788.27
1883.7	1365.14	101	1.#QNAN	0	0.015	0	6.12101e-007	1492.76	1883.7	1782.42
1876.99	1359.4	102	1.#QNAN	0	0	0	6.06311e-007	1499.89	1876.99	1776.99
1870.37	1353.67	103	1.#QNAN	0	0.016	0	6.01039e-007	1478.31	1870.37	1771.61
1864.04	1348.19	104	1.#QNAN	0	0	0	6.27192e-007	1496.58	1864.04	1766.49
1857.77	1342.81	105	1.#QNAN	0	0.016	0	6.08487e-007	1489.65	1857.77	1761.43
1851.67	1337.47	106	1.#QNAN	0	0	0	6.0018e-007	1496.56	1851.67	1756.52
1845.71	1332.21	107	1.#QNAN	0	0.015	0	6.04781e-007	1499.35	1845.71	1751.77
1839.89	1327.04	108	1.#QNAN	0	0.016	0	6.2284e-007	1496.53	1839.89	1747.15
1834.23	1322.06	109	1.#QNAN	0	0	0	6.31957e-007	1494.79	1834.23	1742.65
1828.79	1317.31	110	1.#QNAN	0	0.015	0	6.06677e-007	1501.5	1828.79	1738.3
1823.11	1312.38	111	1.#QNAN	0	0	0	6.1151e-007	1474.45	1823.11	1733.68
1817.45	1307.52	112	1.#QNAN	0	0.016	0	6.30322e-007	1464.7	1817.45	1729.11
1812.09	1302.96	113	1.#QNAN	0	0	0	6.11289e-007	1486.08	1812.09	1724.78
1806.76	1298.3	114	1.#QNAN	0	0.016	0	6.33379e-007	1472.15	1806.76	1720.49
1801.62	1293.86	115	1.#QNAN	0	0.015	0	6.14001e-007	1492.2	1801.62	1716.35
1796.51	1289.31	116	1.#QNAN	0	0	0	6.45623e-007	1496.4	1796.51	1712.22
1791.49	1284.89	117	1.#QNAN	0	0.016	0	6.32221e-007	1485.37	1791.49	1708.19
1786.55	1280.49	118	1.#QNAN	0	0	0	6.23415e-007	1485.35	1786.55	1704.23
1781.64	1276.16	119	1.#QNAN	0	0.015	0	6.24105e-007	1480.1	1781.64	1700.26
1776.95	1272.02	120	1.#QNAN	0	0	0	6.23131e-007	1474.74	1776.95	1696.49
1772.22	1267.91	121	1.#QNAN	0	0.016	0	6.46362e-007	1477.46	1772.22	1692.65
1767.64	1263.91	122	1.#QNAN	0	0.016	0	6.44047e-007	1487.46	1767.64	1688.99
1763.5	1260.23	123	1.#QNAN	0	0	0	6.60392e-007	1525.21	1763.5	1685.77
1759.31	1256.54	124	1.#QNAN	0	0.015	0	6.04614e-007	1514.42	1759.31	1682.48
1755.27	1253.05	125	1.#QNAN	0	0	0	6.21356e-007	1513.78	1755.27	1679.3
1751.09	1249.5	126	1.#QNAN	0	0.016	0	6.43187e-007	1499.35	1751.09	1675.97
1746.94	1245.95	127	1.#QNAN	0	0	0	6.31177e-007	1492.25	1746.94	1672.63
1742.69	1242.33	128	1.#QNAN	0	0.015	0	6.72117e-007	1472.2	1742.69	1669.19
1738.43	1238.76	129	1.#QNAN	0	0.016	0	6.61844e-007	1461.87	1738.43	1665.68
1734.31	1235.29	130	1.#QNAN	0	0	0	6.62161e-007	1451.24	1734.31	1662.35
1730.12	1231.79	131	1.#QNAN	0	0.016	0	6.32787e-007	1444.78	1730.12	1658.9
1726.15	1228.44	132	1.#QNAN	0	0	0	6.5035e-007	1472.04	1726.15	1655.7
1722.3	1225.12	133	1.#QNAN	0	0.015	0	6.49876e-007	1468.49	1722.3	1652.6
1718.41	1221.79	134	1.#QNAN	0	0	0	6.71744e-007	1456.99	1718.41	1649.45
1714.76	1218.65	135	1.#QNAN	0	0.016	0	6.72026e-007	1497.87	1714.76	1646.54
1711.11	1215.5	136	1.#QNAN	0	0	0	6.51499e-007	1486.15	1711.11	1643.59
1707.49	1212.32	137	1.#QNAN	0	0.015	0	6.60513e-007	1475.27	1707.49	1640.69
1703.95	1209.21	138	1.#QNAN	0	0.016	0	6.78873e-007	1479.96	1703.95	1637.85
1700.52	1206.11	139	1.#QNAN	0	0	0	6.61319e-007	1512.62	1700.52	1635.1
1697.22	1203.11	140	1.#QNAN	0	0.016	0	6.57678e-007	1517.52	1697.22	1632.49
1693.92	1200.28	141	1.#QNAN	0	0	0	6.44313e-007	1495.1	1693.92	1629.83
1690.81	1197.47	142	1.#QNAN	0	0.015	1	6.71021e-007	1513.99	1690.81	1627.37
1687.63	1194.58	143	1.#QNAN	0	0	0	6.72929e-007	1507.79	1687.63	1624.83
1684.51	1191.81	144	1.#QNAN	0	0.016	0	6.60861e-007	1506.69	1684.51	1622.33
1681.34	1189.01	145	1.#QNAN	0	0.015	0	6.77799e-007	1483.44	1681.34	1619.78
1678.23	1186.21	146	1.#QNAN	0	0	0	6.74218e-007	1510.89	1678.23	1617.26
1675.26	1183.42	147	1.#QNAN	0	0.016	0	6.81137e-007	1498.94	1675.26	1614.89
1672.38	1180.78	148	1.#QNAN	0	0	0	6.85619e-007	1513.65	1672.38	1612.63
1669.38	1178.12	149	1.#QNAN	0	0.016	0	6.92065e-007	1466.22	1669.38	1610.21
1666.44	1175.49	150	1.#QNAN	0	0	0	6.89438e-007	1484.11	1666.44	1607.86
1663.65	1172.98	151	1.#QNAN	0	0.015	0	6.98075e-007	1530.6	1663.65	1605.63
1660.74	1170.37	152	1.#QNAN	0	0.016	0	6.86872e-007	1484.5	1660.74	1603.26
1658.12	1167.93	153	1.#QNAN	0	0	0	6.82592e-007	1525.03	1658.12	1601.2
1655.32	1165.42	154	1.#QNAN	0	0.015	0	6.906e-007	1477.43	1655.32	1598.94
1652.48	1162.87	155	1.#QNAN	0	0	0	6.8865e-007	1460.72	1652.48	1596.64
1649.87	1160.51	156	1.#QNAN	0	0.016	0	6.73917e-007	1498.46	1649.87	1594.56
1647.37	1158.24	157	1.#QNAN	0	0	0	6.69506e-007	1533.42	1647.37	1592.58
1644.9	1155.96	158	1.#QNAN	0	0.016	0	6.7514e-007	1526.17	1644.9	1590.65
1642.61	1153.78	159	1.#QNAN	0	0.015	0	6.61479e-007	1541.68	1642.61	1588.88
1640.21	1151.58	160	1.#QNAN	0	0	0	6.71581e-007	1527.76	1640.21	1586.98
1637.74	1149.35	161	1.#QNAN	0	0.016	0	6.89857e-007	1504.07	1637.74	1585.01
1635.33	1147.22	162	1.#QNAN	0	0	0	6.7938e-007	1481.43	1635.33	1583.08
1632.84	1145.03	163	1.#QNAN	0	0.015	0	6.85082e-007	1464.48	1632.84	1581.06
1630.59	1143.02	164	1.#QNAN	0	0	0	6.81282e-007	1500.85	1630.59	1579.27
1628.37	1141.08	165	1.#QNAN	0	0.016	0	6.89023e-007	1486.6	1628.37	1577.52
1626	1139.02	166	1.#QNAN	0	0.016	0	6.80727e-007	1454.16	1626	1575.59
1623.83	1137.09	167	1.#QNAN	0	0	0	6.83872e-007	1476	1623.83	1573.86
1621.73	1135.21	168	1.#QNAN	0	0.015	0	7.04938e-007	1494.22	1621.73	1572.19
1619.47	1133.26	169	1.#QNAN	0	0	0	7.09616e-007	1455.87	1619.47	1570.38
1617.47	1131.4	170	1.#QNAN	0	0.016	0	7.0254e-007	1504.54	1617.47	1568.82
1615.39	1129.54	171	1.#QNAN	0	0	0	6.84727e-007	1478.67	1615.39	1567.16
1613.19	1127.62	172	1.#QNAN	0	0.015	0	6.93754e-007	1463.6	1613.19	1565.37
1611.11	1125.77	173	1.#QNAN	0	0	0	6.91373e-007	1473.1	1611.11	1563.7
1609.08	1123.92	174	1.#QNAN	0	0.016	0	7.12392e-007	1482.1	1609.08	1562.09
1607	1122.07	175	1.#QNAN	0	0.016	0	7.0433e-007	1462.95	1607	1560.41
1604.91	1120.19	176	1.#QNAN	0	0	0	6.80268e-007	1462.95	1604.91	1558.73
1602.85	1118.33	177	1.#QNAN	0	0.015	0	6.63369e-007	1443.41	1602.85	1557.07
1600.89	1116.57	178	1.#QNAN	0	0	0	6.88537e-007	1448.84	1600.89	1555.5
1599.08	1114.96	179	1.#QNAN	0	0.016	0	6.81423e-007	1472.66	1599.08	1554.06
1597.21	1113.25	180	1.#QNAN	0	0	0	7.04865e-007	1458.23	1597.21	1552.56
1595.42	1111.57	181	1.#QNAN	0	0.015	0	6.97184e-007	1466.17	1595.42	1551.14
1593.63	1109.88	182	1.#QNAN	0	0.016	0	7.03551e-007	1468.65	1593.63	1549.72
1591.94	1108.22	183	1.#QNAN	0	0	0	7.06681e-007	1482.99	1591.94	1548.39
1590.3	1106.57	184	1.#QNAN	0	0.016	0	7.15136e-007	1492.76	1590.3	1547.12
1588.58	1104.92	185	1.#QNAN	0	0	0	7.16532e-007	1474.65	1588.58	1545.75
1586.82	1103.28	186	1.#QNAN	0	0.015	0	6.66484e-007	1469.28	1586.82	1544.34
1585.06	1101.66	187	1.#QNAN	0	0.016	0	6.86654e-007	1465.14	1585.06	1542.93
1583.31	1099.97	188	1.#QNAN	0	0	0	7.06306e-007	1457.28	1583.31	1541.52
1581.57	1098.29	189	1.#QNAN	0	0.015	0	7.29076e-007	1452.18	1581.57	1540.11
1579.81	1096.65	190	1.#QNAN	0	0	0	7.21619e-007	1473.1	1579.81	1538.69
1578.11	1094.97	191	1.#QNAN	0	0.016	0	6.9929e-007	1465.86	1578.11	1537.33
1576.38	1093.32	192	1.#QNAN	0	0	0	7.15736e-007	1444.89	1576.38	1535.94
1574.76	1091.69	193	1.#QNAN	0	0.016	0	7.13202e-007	1455.83	1574.76	1534.64
1573.08	1090.02	194	1.#QNAN	0	0	0	6.93702e-007	1443.56	1573.08	1533.3
1571.46	1088.43	195	1.#QNAN	0	0.015	0	6.9687e-007	1459.61	1571.46	1532
1569.94	1086.92	196	1.#QNAN	0	0.016	0	7.1183e-007	1474.8	1569.94	1530.8
1568.36	1085.44	197	1.#QNAN	0	0	0	7.13227e-007	1445.02	1568.36	1529.53
1566.83	1083.96	198	1.#QNAN	0	0.015	0	7.06022e-007	1442.67	1566.83	1528.31
1565.24	1082.47	199	1.#QNAN	0	0	0	7.13317e-007	1432.05	1565.24	1527.02
1563.74	1080.98	200	1.#QNAN	0	0.016	0	7.44466e-007	1457.3	1563.74	1525.83
1562.15	1079.43	201	1.#QNAN	0	0	0	7.41316e-007	1439.42	1562.15	1524.54
1560.76	1078.02	202	1.#QNAN	0	0.016	0	7.0287e-007	1480.21	1560.76	1523.47
1559.38	1076.6	203	1.#QNAN	0	0.015	0	6.90557e-007	1480.8	1559.38	1522.4
1557.93	1075.16	204	1.#QNAN	0	0	0	7.07346e-007	1458.61	1557.93	1521.25
1556.57	1073.78	205	1.#QNAN	0	0.016	0	7.19735e-007	1474.18	1556.57	1520.19
1555.31	1072.44	206	1.#QNAN	0	0	0	7.08934e-007	1492.56	1555.31	1519.23
1554.05	1071.08	207	1.#QNAN	0	0.015	0	7.32192e-007	1480.23	1554.05	1518.27
1552.7	1069.72	208	1.#QNAN	0	0	0	6.8997e-007	1462.73	1552.7	1517.22
1551.38	1068.37	209	1.#QNAN	0	0	0	7.23603e-007	1455.23	1551.38	1516.18
1550.13	1067.05	210	1.#QNAN	0	0.016	0	7.34525e-007	1473.2	1550.13	1515.21
1548.86	1065.79	211	1.#QNAN	0	0	0	7.10901e-007	1461.16	1548.86	1514.21
1547.63	1064.43	212	1.#QNAN	0	0.015	0	7.10584e-007	1488.19	1547.63	1513.26
1546.34	1063.12	213	1.#QNAN	0	0	0	7.11665e-007	1454.21	1546.34	1512.25
1545.08	1061.78	214	1.#QNAN	0	0.016	0	7.07809e-007	1462.27	1545.08	1511.27
1543.91	1060.54	215	1.#QNAN	0	0	0	7.20535e-007	1478.02	1543.91	1510.37
1542.73	1059.25	216	1.#QNAN	0	0.015	0	7.1299e-007	1483.08	1542.73	1509.46
1541.54	1057.94	217	1.#QNAN	0	0.016	0	7.2697e-007	1481.23	1541.54	1508.54
1540.46	1056.72	218	1.#QNAN	0	0	0	7.15383e-007	1505.52	1540.46	1507.72
1539.28	1055.5	219	1.#QNAN	0	0.016	0	6.94314e-007	1466.96	1539.28	1506.79
1538.04	1054.22	220	1.#QNAN	0	0	0	6.84275e-007	1460.92	1538.04	1505.81
1536.86	1052.97	221	1.#QNAN	0	0.015	0	7.23775e-007	1463.41	1536.86	1504.88
1535.72	1051.79	222	1.#QNAN	0	0.016	0	7.05345e-007	1464.65	1535.72	1503.99
1534.73	1050.65	223	1.#QNAN	0	0	0	6.93372e-007	1495.67	1534.73	1503.25
1533.8	1049.54	224	1.#QNAN	0	0.015	0	7.43603e-007	1515.16	1533.8	1502.56
1532.83	1048.4	225	1.#QNAN	0	0	0	7.28978e-007	1510.98	1532.83	1501.83
1531.82	1047.23	226	1.#QNAN	0	0.016	0	7.13574e-007	1489.33	1531.82	1501.05
1530.94	1046.16	227	1.#QNAN	0	0	0	7.24034e-007	1511.52	1530.94	1500.4
1529.99	1045.04	228	1.#QNAN	0	0.016	0	6.90152e-007	1507.24	1529.99	1499.68
1529.07	1043.96	229	1.#QNAN	0	0.015	0	7.43838e-007	1500.47	1529.07	1498.99
1528.03	1042.86	230	1.#QNAN	0	0	0	7.0412e-007	1470.31	1528.03	1498.17
1526.95	1041.71	231	1.#QNAN	0	0.016	0	7.17922e-007	1457.56	1526.95	1497.3
1525.99	1040.66	232	1.#QNAN	0	0	0	7.08915e-007	1481.76	1525.99	1496.56
1525.05	1039.57	233	1.#QNAN	0	0.015	0	7.37403e-007	1482.93	1525.05	1495.84
1524.17	1038.53	234	1.#QNAN	0	0.016	0	7.46226e-007	1515.41	1524.17	1495.17
1523.18	1037.47	235	1.#QNAN	0	0	0	7.27262e-007	1469.92	1523.18	1494.4
1522.33	1036.43	236	1.#QNAN	0	0.016	0	7.2107e-007	1508.24	1522.33	1493.78
1521.47	1035.44	237	1.#QNAN	0	0	0	7.20587e-007	1512.53	1521.47	1493.12
1520.6	1034.46	238	1.#QNAN	0	0.015	0	7.15103e-007	1493.76	1520.6	1492.46
1519.63	1033.38	239	1.#QNAN	0	0	0	7.16121e-007	1483.38	1519.63	1491.7
1518.66	1032.4	240	1.#QNAN	0	0.016	0	7.19661e-007	1473.21	1518.66	1490.91
1517.79	1031.41	241	1.#QNAN	0	0.015	0	7.11271e-007	1504.46	1517.79	1490.24
1516.82	1030.38	242	1.#QNAN	0	0	0	7.40204e-007	1465.7	1516.82	1489.47
1515.93	1029.39	243	1.#QNAN	0	0.016	0	7.25995e-007	1506.53	1515.93	1488.77
1515.05	1028.38	244	1.#QNAN	0	0	0	7.44206e-007	1494.82	1515.05	1488.08
1514.15	1027.38	245	1.#QNAN	0	0.016	0	7.35519e-007	1481.87	1514.15	1487.37
1513.23	1026.37	246	1.#QNAN	0	0.015	0	7.00789e-007	1475.4	1513.23	1486.64
1512.32	1025.4	247	1.#QNAN	0	0	0	7.03323e-007	1459.31	1512.32	1485.91
1511.48	1024.46	248	1.#QNAN	0	0.016	0	7.19542e-007	1483.87	1511.48	1485.25
1510.55	1023.44	249	1.#QNAN	0	0	0	7.39024e-007	1480.22	1510.55	1484.51
1509.74	1022.49	250	1.#QNAN	0	0.015	0	7.2691e-007	1488.48	1509.74	1483.88
1508.92	1021.56	251	1.#QNAN	0	0	0	7.35353e-007	1473.56	1508.92	1483.24
1508.19	1020.66	252	1.#QNAN	0	0.016	0	7.10652e-007	1487.02	1508.19	1482.69
1507.42	1019.77	253	1.#QNAN	0	0.016	1	7.14894e-007	1472.82	1507.42	1482.08
1506.71	1018.92	254	1.#QNAN	0	0	0	6.99371e-007	1500.14	1506.71	1481.54
1505.99	1018.08	255	1.#QNAN	0	0.015	0	6.96852e-007	1465.49	1505.99	1480.98
1505.23	1017.23	256	1.#QNAN	0	0	0	7.23164e-007	1481.52	1505.23	1480.38
1504.56	1016.43	257	1.#QNAN	0	0.016	0	7.2586e-007	1505.91	1504.56	1479.87
1503.92	1015.66	258	1.#QNAN	0	0	0	7.2671e-007	1499.11	1503.92	1479.39
1503.3	1014.91	259	1.#QNAN	0	0.015	0	7.13111e-007	1511.34	1503.3	1478.92
1502.69	1014.14	260	1.#QNAN	0	0	0	7.23448e-007	1532.35	1502.69	1478.47
1501.98	1013.36	261	1.#QNAN	0	0.016	0	7.3626e-007	1474.94	1501.98	1477.92
1501.22	1012.51	262	1.#QNAN	0	0.016	0	7.29367e-007	1463.43	1501.22	1477.31
1500.46	1011.69	263	1.#QNAN	0	0	0	7.38728e-007	1457.95	1500.46	1476.7
1499.74	1010.92	264	1.#QNAN	0	0.015	0	7.41846e-007	1481.97	1499.74	1476.14
1499.05	1010.15	265	1.#QNAN	0	0.016	0	7.43729e-007	1477.89	1499.05	1475.6
1498.29	1009.32	266	1.#QNAN	0	0	0	7.13892e-007	1457.98	1498.29	1474.99
1497.64	1008.54	267	1.#QNAN	0	0.015	0	7.4782e-007	1481.75	1497.64	1474.5
1496.98	1007.78	268	1.#QNAN	0	0	0	7.30634e-007	1478.1	1496.98	1473.99
1496.34	1006.97	269	1.#QNAN	0	0.016	0	7.45771e-007	1491.16	1496.34	1473.5
1495.67	1006.22	270	1.#QNAN	0	0	0	7.62476e-007	1477.05	1495.67	1472.98
1495.03	1005.47	271	1.#QNAN	0	0.016	0	7.3835e-007	1489.92	1495.03	1472.49
1494.37	1004.7	272	1.#QNAN	0	0	0	7.4216e-007	1481.17	1494.37	1471.98
1493.77	1003.97	273	1.#QNAN	0	0.015	0	7.5891e-007	1485.39	1493.77	1471.53
1493.19	1003.22	274	1.#QNAN	0	0.016	0	7.60261e-007	1502.67	1493.19	1471.1
1492.51	1002.45	275	1.#QNAN	0	0	0	7.20293e-007	1459.42	1492.51	1470.56
1491.88	1001.7	276	1.#QNAN	0	0.015	0	7.627e-007	1471.82	1491.88	1470.07
1491.31	1000.96	277	1.#QNAN	0	0	0	7.35246e-007	1486.43	1491.31	1469.63
1490.73	1000.22	278	1.#QNAN	0	0.016	0	7.47209e-007	1500.9	1490.73	1469.19
1490.17	999.601	279	1.#QNAN	0	0.016	0	7.24754e-007	1502.99	1490.17	1468.77
1489.61	998.896	280	1.#QNAN	0	0	0	7.24071e-007	1489.79	1489.61	1468.34
1489.05	998.234	281	1.#QNAN	0	0.015	0	7.3689e-007	1477.83	1489.05	1467.92
1488.48	997.582	282	1.#QNAN	0	0	0	7.26535e-007	1487.19	1488.48	1467.49
1487.85	996.873	283	1.#QNAN	0	0.016	0	7.34717e-007	1463.08	1487.85	1466.99
1487.25	996.206	284	1.#QNAN	0	0	0	7.35264e-007	1482.28	1487.25	1466.51
1486.61	995.542	285	1.#QNAN	0	0.015	0	7.2185e-007	1449.94	1486.61	1466
1486.12	994.946	286	1.#QNAN	0	0.016	0	7.30013e-007	1482.53	1486.12	1465.63
1485.5	994.283	287	1.#QNAN	0	0	0	7.07327e-007	1448.58	1485.5	1465.14
1484.88	993.649	288	1.#QNAN	0	0.016	0	7.2046e-007	1460.64	1484.88	1464.65
1484.45	993.095	289	1.#QNAN	0	0	0	7.18316e-007	1503.75	1484.45	1464.35
1483.93	992.477	290	1.#QNAN	0	0.015	0	7.463e-007	1498.82	1483.93	1463.95
1483.5	991.914	291	1.#QNAN	0	0	0	7.34897e-007	1506.04	1483.5	1463.64
1483.08	991.363	292	1.#QNAN	0	0.016	0	7.26525e-007	1515.14	1483.08	1463.35
1482.59	990.766	293	1.#QNAN	0	0.015	0	7.37467e-007	1491.78	1482.59	1462.98
1482.16	990.216	294	1.#QNAN	0	0	0	7.43908e-007	1490.3	1482.16	1462.66
1481.74	989.624	295	1.#QNAN	0	0.016	0	7.28208e-007	1494.63	1481.74	1462.36
1481.37	989.056	296	1.#QNAN	0	0	0	7.29864e-007	1504.69	1481.37	1462.11
1480.91	988.429	297	1.#QNAN	0	0.016	0	7.42257e-007	1484.6	1480.91	1461.78
1480.52	987.9	298	1.#QNAN	0	0	0	7.72232e-007	1496.21	1480.52	1461.5
1480.04	987.319	299	1.#QNAN	0	0.015	0	7.37251e-007	1483.48	1480.04	1461.13
1479.58	986.672	300	1.#QNAN	0	0.016	0	7.5088e-007	1473.44	1479.58	1460.78
1479.21	986.133	301	1.#QNAN	0	0	0	7.33454e-007	1518.71	1479.21	1460.52
1478.82	985.518	302	1.#QNAN	0	0.015	0	6.96412e-007	1493.09	1478.82	1460.24
1478.49	984.966	303	1.#QNAN	0	0	0	7.32287e-007	1510.98	1478.49	1460.03
1478.15	984.414	304	1.#QNAN	0	0.016	0	7.29632e-007	1505.34	1478.15	1459.8
1477.91	983.956	305	1.#QNAN	0	0	0	7.46585e-007	1537.77	1477.91	1459.66
1477.63	983.459	306	1.#QNAN	0	0.016	0	7.16736e-007	1518.35	1477.63	1459.49
1477.28	982.919	307	1.#QNAN	0	0	0	7.40381e-007	1502.15	1477.28	1459.25
1476.92	982.358	308	1.#QNAN	0	0	0	7.37043e-007	1495.17	1476.92	1458.99
1476.61	981.857	309	1.#QNAN	0	0.016	0	7.25948e-007	1495.78	1476.61	1458.78
1476.24	981.31	310	1.#QNAN	0	0	0	7.26398e-007	1496.96	1476.24	1458.5
1475.92	980.82	311	1.#QNAN	0	0.015	0	7.50771e-007	1506.94	1475.92	1458.28
1475.53	980.291	312	1.#QNAN	0	0	0	7.40356e-007	1491.81	1475.53	1457.99
1475.16	979.785	313	1.#QNAN	0	0.016	0	7.28671e-007	1479.57	1475.16	1457.71
1474.91	979.323	314	1.#QNAN	0	0	0	7.3594e-007	1526.3	1474.91	1457.56
1474.61	978.821	315	1.#QNAN	0	0.016	0	7.38152e-007	1507.88	1474.61	1457.35
1474.33	978.357	316	1.#QNAN	0	0.015	0	7.55065e-007	1522	1474.33	1457.17
1474.09	977.889	317	1.#QNAN	0	0	0	7.41421e-007	1535.38	1474.09	1457.03
1473.93	977.467	318	1.#QNAN	0	0.016	0	7.43712e-007	1561.61	1473.93	1456.96
1473.73	977	319	1.#QNAN	0	0	0	7.75981e-007	1540.21	1473.73	1456.86
1473.52	976.536	320	1.#QNAN	0	0.015	0	7.52634e-007	1543.25	1473.52	1456.74
1473.24	976.104	321	1.#QNAN	0	0	0	7.39787e-007	1518.76	1473.24	1456.56
1473	975.644	322	1.#QNAN	0	0.016	0	7.41998e-007	1532.57	1473	1456.41
1472.76	975.222	323	1.#QNAN	0	0.016	0	7.50793e-007	1573.81	1472.76	1456.26
1472.51	974.789	324	1.#QNAN	0	0	0	7.30931e-007	1531.36	1472.51	1456.1
1472.23	974.357	325	1.#QNAN	0	0.015	0	7.5751e-007	1523.18	1472.23	1455.91
1471.95	973.91	326	1.#QNAN	0	0	0	7.37956e-007	1516.91	1471.95	1455.72
1471.65	973.446	327	1.#QNAN	0	0.016	0	7.45816e-007	1514.27	1471.65	1455.51
1471.33	973.013	328	1.#QNAN	0	0	0	7.62765e-007	1501.69	1471.33	1455.28
1471.02	972.577	329	1.#QNAN	0	0.015	0	7.36448e-007	1515.7	1471.02	1455.06
1470.72	972.14	330	1.#QNAN	0	0.016	0	7.6651e-007	1523.33	1470.72	1454.84
1470.36	971.656	331	1.#QNAN	0	0	0	7.65908e-007	1497.46	1470.36	1454.57
1470.03	971.214	332	1.#QNAN	0	0.016	0	7.37734e-007	1500.99	1470.03	1454.32
1469.65	970.729	333	1.#QNAN	0	0	0	7.24612e-007	1483.02	1469.65	1454.03
1469.24	970.21	334	1.#QNAN	0	0.015	0	7.85198e-007	1482.3	1469.24	1453.71
1468.93	969.779	335	1.#QNAN	0	0	0	7.38615e-007	1520.9	1468.93	1453.48
1468.58	969.326	336	1.#QNAN	0	0.016	0	7.67308e-007	1515.46	1468.58	1453.21
1468.26	968.896	337	1.#QNAN	0	0.015	0	7.65543e-007	1512.63	1468.26	1452.98
1467.92	968.442	338	1.#QNAN	0	0	0	7.51387e-007	1517.23	1467.92	1452.72
1467.61	968.011	339	1.#QNAN	0	0.016	0	7.31398e-007	1529.58	1467.61	1452.49
1467.32	967.557	340	1.#QNAN	0	0	0	7.43451e-007	1533.7	1467.32	1452.28
1466.96	967.118	341	1.#QNAN	0	0.016	0	7.83476e-007	1513.13	1466.96	1452
1466.65	966.681	342	1.#QNAN	0	0.015	0	7.54587e-007	1516.93	1466.65	1451.77
1466.29	966.221	343	1.#QNAN	0	0	0	7.51991e-007	1516.67	1466.29	1451.49
1465.95	965.769	344	1.#QNAN	0	0.016	0	7.44815e-007	1497.95	1465.95	1451.22
1465.63	965.326	345	1.#QNAN	0	0	0	7.71528e-007	1502.59	1465.63	1450.98
1465.32	964.925	346	1.#QNAN	0	0.015	0	7.52132e-007	1500.36	1465.32	1450.75
1465.01	964.506	347	1.#QNAN	0	0	0	7.73625e-007	1516.49	1465.01	1450.52
1464.79	964.134	348	1.#QNAN	0	0.016	0	7.78021e-007	1531.16	1464.79	1450.37
1464.5	963.699	349	1.#QNAN	0	0.016	0	7.46654e-007	1501.52	1464.5	1450.15
1464.22	963.246	350	1.#QNAN	0	0	0	7.62423e-007	1521.94	1464.22	1449.95
1464.07	962.866	351	1.#QNAN	0	0.015	0	7.59892e-007	1558.99	1464.07	1449.87
1463.93	962.501	352	1.#QNAN	0	0	0	7.5434e-007	1587.75	1463.93	1449.81
1463.76	962.116	353	1.#QNAN	0	0.016	0	7.33949e-007	1549.68	1463.76	1449.71
1463.59	961.783	354	1.#QNAN	0	0.015	0	7.53155e-007	1549.45	1463.59	1449.61
1463.4	961.419	355	1.#QNAN	0	0	0	7.8159e-007	1544.15	1463.4	1449.5
1463.23	961.086	356	1.#QNAN	0	0.016	0	7.66918e-007	1535.58	1463.23	1449.39
1463.02	960.727	357	1.#QNAN	0	0	0	7.47523e-007	1533.55	1463.02	1449.25
1462.84	960.385	358	1.#QNAN	0	0.016	0	7.31184e-007	1547.04	1462.84	1449.15
1462.71	960.043	359	1.#QNAN	0	0	0	7.68627e-007	1571.14	1462.71	1449.09
1462.58	959.718	360	1.#QNAN	0	0.015	0	7.64689e-007	1581.33	1462.58	1449.03
1462.34	959.33	361	1.#QNAN	0	0.016	0	7.68363e-007	1527.79	1462.34	1448.86
1462.13	958.959	362	1.#QNAN	0	0	0	7.64325e-007	1538.05	1462.13	1448.71
1461.97	958.614	363	1.#QNAN	0	0.015	0	7.2743e-007	1567.18	1461.97	1448.62
1461.84	958.3	364	1.#QNAN	0	0	0	7.36214e-007	1572.5	1461.84	1448.55
1461.67	957.95	365	1.#QNAN	0	0.016	0	7.46657e-007	1565.09	1461.67	1448.45
1461.51	957.65	366	1.#QNAN	0	0.016	1	7.61543e-007	1575.83	1461.51	1448.35
1461.41	957.364	367	1.#QNAN	0	0	0	7.71887e-007	1591.55	1461.41	1448.32
1461.33	957.089	368	1.#QNAN	0	0.015	0	7.71251e-007	1596.37	1461.33	1448.3
1461.25	956.807	369	1.#QNAN	0	0	0	7.56574e-007	1587.73	1461.25	1448.29
1461.13	956.514	370	1.#QNAN	0	0.016	0	7.59604e-007	1568.96	1461.13	1448.22
1461.03	956.237	371	1.#QNAN	0	0	0	7.57034e-007	1583.16	1461.03	1448.19
1460.92	955.951	372	1.#QNAN	0	0.015	0	7.88504e-007	1567.14	1460.92	1448.14
1460.85	955.694	373	1.#QNAN	0	0.016	0	7.55128e-007	1584.26	1460.85	1448.13
1460.71	955.417	374	1.#QNAN	0	0	0	7.6232e-007	1565.24	1460.71	1448.05
1460.58	955.159	375	1.#QNAN	0	0.016	0	7.68831e-007	1560.2	1460.58	1447.99
1460.47	954.909	376	1.#QNAN	0	0	0	7.69792e-007	1572.08	1460.47	1447.94
1460.35	954.624	377	1.#QNAN	0	0.015	0	7.94666e-007	1566.11	1460.35	1447.87
1460.22	954.343	378	1.#QNAN	0	0	0	7.4816e-007	1556.1	1460.22	1447.8
1460.04	954.045	379	1.#QNAN	0	0.016	0	7.56003e-007	1525.31	1460.04	1447.67
1459.91	953.807	380	1.#QNAN	0	0.015	0	7.64291e-007	1579.18	1459.91	1447.61
1459.81	953.561	381	1.#QNAN	0	0	0	7.75235e-007	1576.91	1459.81	1447.56
1459.71	953.301	382	1.#QNAN	0	0.016	0	7.48339e-007	1588.7	1459.71	1447.51
1459.56	953.033	383	1.#QNAN	0	0	0	7.7321e-007	1555.68	1459.56	1447.42
1459.4	952.753	384	1.#QNAN	0	0.016	0	7.39714e-007	1545.38	1459.4	1447.31
1459.28	952.494	385	1.#QNAN	0	0	0	7.76759e-007	1552.61	1459.28	1447.25
1459.2	952.255	386	1.#QNAN	0	0.015	0	7.55081e-007	1566.22	1459.2	1447.22
1459.11	951.994	387	1.#QNAN	0	0.016	0	7.6089e-007	1573.41	1459.11	1447.19
1459.04	951.768	388	1.#QNAN	0	0	0	7.7181e-007	1561.48	1459.04	1447.18
1458.97	951.538	389	1.#QNAN	0	0.015	0	7.18272e-007	1546.94	1458.97	1447.16
1458.84	951.285	390	1.#QNAN	0	0	0	7.64749e-007	1532.44	1458.84	1447.08
1458.69	951.008	391	1.#QNAN	0	0.016	0	7.53468e-007	1541.28	1458.69	1446.99
1458.63	950.761	392	1.#QNAN	0	0	0	7.34768e-007	1581.93	1458.63	1446.98
1458.52	950.512	393	1.#QNAN	0	0.016	0	7.30393e-007	1543.87	1458.52	1446.93
1458.44	950.242	394	1.#QNAN	0	0.015	0	7.62646e-007	1559.33	1458.44	1446.91
1458.41	950.029	395	1.#QNAN	0	0	0	7.67928e-007	1566.8	1458.41	1446.93
1458.42	949.848	396	1.#QNAN	0	0.016	0	7.31118e-007	1577.96	1458.42	1446.99
1458.35	949.635	397	1.#QNAN	0	0	0	7.39749e-007	1547.81	1458.35	1446.97
1458.21	949.382	398	1.#QNAN	0	0.015	0	7.5916e-007	1516.07	1458.21	1446.88
1458.07	949.152	399	1.#QNAN	0	0	0	7.53358e-007	1522.53	1458.07	1446.79
