rmse	mae	#iter	time_pred	time_learn	time_learn2	time_learn4	alpha	rmse_mcmc_this	rmse_mcmc_all	rmse_mcmc_all_but5
26078.6	20350.5	0	1.#QNAN	0	0.016	0	1.00637e-011	26078.6	26078.6	3880.47
25553.2	19739.7	1	1.#QNAN	0	0	0	2.1038e-010	25779.7	25553.2	3880.47
25478.1	19591.2	2	1.#QNAN	0	0.015	0	2.54199e-010	25595.7	25478.1	3880.47
25453.2	19553.9	3	1.#QNAN	0	0.016	0	2.75987e-010	25628	25453.2	3880.47
25329.8	19432.1	4	1.#QNAN	0	0.015	0	3.09719e-010	25063	25329.8	37687.6
25157.2	19247.5	5	1.#QNAN	0	0.016	0	3.63712e-010	24520.9	25157.2	24520.9
25017.6	19097.3	6	1.#QNAN	0	0.016	0	3.96859e-010	24410.9	25017.6	24384.8
24915.6	18996	7	1.#QNAN	0	0.015	0	4.34643e-010	24385.9	24915.6	24346.1
24732.3	18810.9	8	1.#QNAN	0	0.016	0	4.87942e-010	23556.7	24732.3	24099.1
24530.3	18619.8	9	1.#QNAN	0	0	0	5.37812e-010	23105.4	24530.3	23851.5
24282.8	18384	10	1.#QNAN	0	0	0	6.17769e-010	22306.7	24282.8	23538.5
24013.8	18137.9	11	1.#QNAN	0	0.016	0	7.38598e-010	21634.5	24013.8	23213.2
23725.2	17875.1	12	1.#QNAN	0	0.016	1	9.00228e-010	20947.2	23725.2	22874.8
23390.2	17577.2	13	1.#QNAN	0	0.015	0	1.064e-009	19830.4	23390.2	22479.7
22989	17234.3	14	1.#QNAN	0	0.016	0	1.27154e-009	18525.3	22989	22001.6
22549.5	16858.1	15	1.#QNAN	0	0.015	0	1.48456e-009	17349.4	22549.5	21486.5
22111.7	16483.2	16	1.#QNAN	0	0	0	1.89712e-009	16657.2	22111.7	20989.1
21638.2	16087.1	17	1.#QNAN	0	0.016	0	2.10427e-009	15407.6	21638.2	20453.9
21196.1	15715.9	18	1.#QNAN	0	0.016	0	2.33311e-009	15030.7	21196.1	19970.9
20764.4	15352.8	19	1.#QNAN	0	0.015	0	2.52693e-009	14481.6	20764.4	19508.3
20365.1	15010.5	20	1.#QNAN	0	0.016	0	2.85376e-009	14232.5	20365.1	19091.9
19976.6	14679.5	21	1.#QNAN	0	0.015	0	2.97629e-009	13724.1	19976.6	18692.5
19587.3	14349.3	22	1.#QNAN	0	0.016	0	3.06485e-009	13051.3	19587.3	18293.5
19223.2	14041.9	23	1.#QNAN	0	0	0	3.20491e-009	12882.2	19223.2	17927.4
18881.1	13758	24	1.#QNAN	0	0.016	0	3.35323e-009	12729.2	18881.1	17589.5
18555.1	13488.7	25	1.#QNAN	0	0.015	0	3.52676e-009	12414.5	18555.1	17271.1
18254	13239.2	26	1.#QNAN	0	0.016	0	3.73544e-009	12348.8	18254	16981.6
17958.5	12998.5	27	1.#QNAN	0	0.015	0	4.01583e-009	11959.7	17958.5	16697.9
17689.7	12777.4	28	1.#QNAN	0	0.016	0	4.15925e-009	11999.8	17689.7	16445.2
17433.7	12571	29	1.#QNAN	0	0.016	0	4.18753e-009	11857.2	17433.7	16205.6
17184.6	12368.7	30	1.#QNAN	0	0	0	4.18293e-009	11545.6	17184.6	15973.4
16947.6	12179	31	1.#QNAN	0	0.015	0	4.42421e-009	11355	16947.6	15754
16717.2	11994	32	1.#QNAN	0	0.016	0	4.56936e-009	11120.1	16717.2	15540.8
16501.6	11820.7	33	1.#QNAN	0	0.015	0	4.77314e-009	11116.9	16501.6	15343.7
16296.3	11658.4	34	1.#QNAN	0	0.016	0	5.12378e-009	11054.5	16296.3	15157.2
16095.5	11501.5	35	1.#QNAN	0	0.016	0	4.96743e-009	10746.6	16095.5	14974.4
15907.9	11353.6	36	1.#QNAN	0	0	0	5.40763e-009	10821	15907.9	14805.6
15727.9	11212.5	37	1.#QNAN	0	0.015	0	5.31546e-009	10673.1	15727.9	14644.4
15554.8	11078.5	38	1.#QNAN	0	0.016	0	5.60708e-009	10476.3	15554.8	14489.5
15386.3	10947.7	39	1.#QNAN	0	0.015	0	5.83063e-009	10339	15386.3	14338.9
15225.4	10822.8	40	1.#QNAN	0	0.016	0	6.04997e-009	10305	15225.4	14195.4
15065	10699.9	41	1.#QNAN	0	0.016	0	6.28366e-009	9997.97	15065	14051.6
14910.1	10580.2	42	1.#QNAN	0	0.015	0	6.37197e-009	9840.83	14910.1	13912.9
14757	10463	43	1.#QNAN	0	0.016	0	6.59633e-009	9652.13	14757	13775.5
14606.4	10348.5	44	1.#QNAN	0	0.015	0	6.75317e-009	9392.94	14606.4	13639.8
14462.7	10239.4	45	1.#QNAN	0	0	0	6.9748e-009	9394.88	14462.7	13510.9
14324.2	10134.4	46	1.#QNAN	0	0.016	0	7.55004e-009	9316.53	14324.2	13386.8
14185.4	10029.6	47	1.#QNAN	0	0.016	0	7.51299e-009	9025.63	14185.4	13261.6
14049.2	9927.23	48	1.#QNAN	0	0.015	0	7.9575e-009	8879.47	14049.2	13138.5
13915.1	9827.77	49	1.#QNAN	0	0.016	0	8.11726e-009	8656.95	13915.1	13017.1
13785.9	9731.42	50	1.#QNAN	0	0.015	0	8.5896e-009	8653.72	13785.9	12900.3
13660.5	9637.48	51	1.#QNAN	0	0.016	0	8.91322e-009	8626.16	13660.5	12787.2
13535.9	9545.1	52	1.#QNAN	0	0	0	9.28759e-009	8350.14	13535.9	12674.3
13412.6	9453.81	53	1.#QNAN	0	0.016	0	9.81895e-009	8145.23	13412.6	12562.2
13293.5	9365.47	54	1.#QNAN	0	0.015	0	1.02034e-008	8106.59	13293.5	12454
13174.8	9278	55	1.#QNAN	0	0.016	0	1.05809e-008	7832.82	13174.8	12345.8
13059.1	9193.41	56	1.#QNAN	0	0.015	0	1.0621e-008	7801.54	13059.1	12240.4
12945.8	9111.66	57	1.#QNAN	0	0.016	0	1.1423e-008	7666.17	12945.8	12137.2
12833.2	9030.81	58	1.#QNAN	0	0.016	0	1.19111e-008	7525.82	12833.2	12034.3
12726.3	8954.44	59	1.#QNAN	0	0.015	0	1.21578e-008	7591.51	12726.3	11937.1
12618.6	8877.22	60	1.#QNAN	0	0	0	1.32809e-008	7397.16	12618.6	11838.7
12512.2	8801.45	61	1.#QNAN	0	0.016	0	1.31757e-008	7209.34	12512.2	11741.4
12407.6	8726.78	62	1.#QNAN	0	0.015	0	1.35623e-008	7046.29	12407.6	11645.4
12306.3	8654.45	63	1.#QNAN	0	0.016	0	1.39628e-008	7034.42	12306.3	11552.7
12205.4	8583	64	1.#QNAN	0	0.016	0	1.43634e-008	6963.33	12205.4	11460.1
12106.6	8513.25	65	1.#QNAN	0	0.015	0	1.46539e-008	6877.62	12106.6	11369.6
12011.4	8446.1	66	1.#QNAN	0	0	0	1.55696e-008	6830.82	12011.4	11282.6
11918.2	8379.93	67	1.#QNAN	0	0.016	0	1.5609e-008	6711.05	11918.2	11197.2
11826.3	8315.18	68	1.#QNAN	0	0.015	0	1.6635e-008	6586.33	11826.3	11112.9
11734.1	8250.61	69	1.#QNAN	0	0.016	0	1.69499e-008	6395.88	11734.1	11028.2
11644.6	8187.71	70	1.#QNAN	0	0.016	0	1.80115e-008	6355.53	11644.6	10946.1
11556.8	8126.13	71	1.#QNAN	0	0.015	0	1.87074e-008	6285.01	11556.8	10865.4
11471.1	8065.91	72	1.#QNAN	0	0	0	1.91228e-008	6248.86	11471.1	10786.7
11385.7	8006.13	73	1.#QNAN	0	0.016	0	1.98515e-008	6130.7	11385.7	10708.2
11303.5	7948.27	74	1.#QNAN	0	0.015	0	1.97922e-008	6108.11	11303.5	10632.6
11221.1	7890.21	75	1.#QNAN	0	0.016	0	2.07666e-008	5946.88	11221.1	10556.8
11138.5	7831.54	76	1.#QNAN	0	0.016	0	2.14988e-008	5790.56	11138.5	10480.5
11058	7774.49	77	1.#QNAN	0	0.015	0	2.20289e-008	5747.51	11058	10406.2
10978.3	7717.87	78	1.#QNAN	0	0.016	0	2.28713e-008	5646.84	10978.3	10332.7
10901.3	7663.29	79	1.#QNAN	0	0	0	2.29335e-008	5606.05	10901.3	10261.6
10826.2	7610.21	80	1.#QNAN	0	0.015	0	2.27731e-008	5549.98	10826.2	10192.2
10751.4	7557.7	81	1.#QNAN	0	0.016	0	2.46411e-008	5460.03	10751.4	10123
10675.6	7504.3	82	1.#QNAN	0	0.016	0	2.5688e-008	5266.57	10675.6	10052.6
10601.4	7452.32	83	1.#QNAN	0	0.015	0	2.63464e-008	5271.79	10601.4	9983.93
10528.5	7401.34	84	1.#QNAN	0	0.016	0	2.73772e-008	5224.81	10528.5	9916.36
10455.7	7350.43	85	1.#QNAN	0	0	0	2.82876e-008	5150.15	10455.7	9848.9
10383.9	7300.04	86	1.#QNAN	0	0.015	0	2.91262e-008	5048.06	10383.9	9782.21
10313.5	7250.74	87	1.#QNAN	0	0.016	1	3.04646e-008	5043.44	10313.5	9716.84
10244.3	7202.24	88	1.#QNAN	0	0.016	0	3.08656e-008	5003.98	10244.3	9652.64
10176	7154.6	89	1.#QNAN	0	0.015	0	3.19091e-008	4902.35	10176	9589.17
10107.1	7106.92	90	1.#QNAN	0	0.016	0	3.19025e-008	4822.6	10107.1	9525.13
10040	7060.09	91	1.#QNAN	0	0.015	0	3.2568e-008	4798.46	10040	9462.82
9973.77	7013.93	92	1.#QNAN	0	0	0	3.37482e-008	4757.54	9973.77	9401.34
9908.32	6968.59	93	1.#QNAN	0	0.016	0	3.51168e-008	4673.76	9908.32	9340.53
9844.73	6924.48	94	1.#QNAN	0	0.016	0	3.48564e-008	4712.8	9844.73	9281.53
9781.58	6880.37	95	1.#QNAN	0	0.015	0	3.71447e-008	4618.25	9781.58	9222.83
9719.72	6837.21	96	1.#QNAN	0	0.016	0	3.81336e-008	4619.1	9719.72	9165.32
9657.07	6793.68	97	1.#QNAN	0	0.015	0	3.71749e-008	4466.58	9657.07	9106.96
9596.25	6751.27	98	1.#QNAN	0	0.016	0	3.99007e-008	4469.66	9596.25	9050.39
9535.83	6709.28	99	1.#QNAN	0	0.016	0	4.17891e-008	4393.36	9535.83	8994.12
9476.61	6668.24	100	1.#QNAN	0	0	0	4.35786e-008	4344.85	9476.61	8938.95
9418.26	6627.72	101	1.#QNAN	0	0.015	0	4.17738e-008	4343.26	9418.26	8884.64
9360.06	6587.51	102	1.#QNAN	0	0.016	0	4.36294e-008	4238.68	9360.06	8830.4
9302.78	6547.94	103	1.#QNAN	0	0.015	0	4.57248e-008	4227.02	9302.78	8777.04
9245.66	6508.51	104	1.#QNAN	0	0.016	0	4.77279e-008	4128.05	9245.66	8723.76
9189.99	6470.46	105	1.#QNAN	0	0.016	0	4.88458e-008	4160.46	9189.99	8671.88
9134.61	6432.35	106	1.#QNAN	0	0.015	0	5.07255e-008	4123.05	9134.61	8620.26
9079.91	6394.55	107	1.#QNAN	0	0	0	4.94639e-008	4071.15	9079.91	8569.26
9025.5	6357.01	108	1.#QNAN	0	0.016	0	5.25717e-008	4002.89	9025.5	8518.49
8972.01	6320.3	109	1.#QNAN	0	0.015	0	5.3225e-008	3978.33	8972.01	8468.58
8919.42	6283.97	110	1.#QNAN	0	0.016	0	5.5489e-008	3966.51	8919.42	8419.56
8866.63	6247.66	111	1.#QNAN	0	0.016	0	5.61751e-008	3848.45	8866.63	8370.22
8815.74	6212.59	112	1.#QNAN	0	0.015	0	5.89967e-008	3907.44	8815.74	8322.8
8765.88	6178.31	113	1.#QNAN	0	0.016	0	5.94401e-008	3908.63	8765.88	8276.32
8715.4	6143.98	114	1.#QNAN	0	0	0	6.1284e-008	3758.09	8715.4	8229.14
8665.7	6110.02	115	1.#QNAN	0	0.015	0	6.09447e-008	3746.58	8665.7	8182.68
8616.96	6076.68	116	1.#QNAN	0	0.016	0	6.15073e-008	3770.68	8616.96	8137.16
8568.5	6043.33	117	1.#QNAN	0	0.016	0	6.35577e-008	3726.73	8568.5	8091.87
8521.05	6010.85	118	1.#QNAN	0	0.015	0	6.4488e-008	3729.33	8521.05	8047.56
8473.44	5978.23	119	1.#QNAN	0	0.016	0	6.52848e-008	3638.16	8473.44	8003.05
8426.08	5945.85	120	1.#QNAN	0	0.015	0	6.9056e-008	3594.56	8426.08	7958.73
8379.17	5913.79	121	1.#QNAN	0	0	0	6.60294e-008	3582.66	8379.17	7914.89
8333.43	5882.42	122	1.#QNAN	0	0.016	0	6.82946e-008	3574.11	8333.43	7872.15
8288.17	5851.48	123	1.#QNAN	0	0.016	0	7.38009e-008	3542.83	8288.17	7829.84
8243.13	5820.66	124	1.#QNAN	0	0.015	0	7.30923e-008	3504.42	8243.13	7787.72
8198.34	5790.05	125	1.#QNAN	0	0.016	0	7.65058e-008	3466.31	8198.34	7745.82
8154.64	5760.13	126	1.#QNAN	0	0.015	0	7.38015e-008	3484.08	8154.64	7705
8110.75	5730.09	127	1.#QNAN	0	0.016	0	7.73153e-008	3422.59	8110.75	7663.96
8068.09	5700.61	128	1.#QNAN	0	0	0	7.73076e-008	3457.27	8068.09	7624.11
8025.33	5671.25	129	1.#QNAN	0	0.016	0	7.81507e-008	3394.23	8025.33	7584.15
7983.14	5642.35	130	1.#QNAN	0	0.015	0	8.34043e-008	3387.23	7983.14	7544.7
7941.75	5613.97	131	1.#QNAN	0	0.016	0	8.33659e-008	3407.05	7941.75	7506.03
7900.7	5585.73	132	1.#QNAN	0	0.015	0	8.48253e-008	3387.23	7900.7	7467.65
7860.05	5557.89	133	1.#QNAN	0	0.016	0	8.72805e-008	3333.47	7860.05	7429.65
7819.81	5530.21	134	1.#QNAN	0	0.016	0	8.86888e-008	3315.18	7819.81	7392.07
7780.02	5502.75	135	1.#QNAN	0	0	0	9.0908e-008	3302.9	7780.02	7354.86
7740.45	5475.57	136	1.#QNAN	0	0.015	0	9.0301e-008	3259.58	7740.45	7317.87
7701.31	5448.64	137	1.#QNAN	0	0.016	0	9.11159e-008	3245.22	7701.31	7281.29
7662.37	5421.84	138	1.#QNAN	0	0.015	0	9.45577e-008	3220.8	7662.37	7244.87
7624.35	5395.5	139	1.#QNAN	0	0.016	0	9.86769e-008	3218.84	7624.35	7209.33
7586.5	5369.24	140	1.#QNAN	0	0.016	0	9.57833e-008	3203.75	7586.5	7173.94
7549.06	5343.26	141	1.#QNAN	0	0	0	9.62318e-008	3191.52	7549.06	7138.94
7512.01	5317.57	142	1.#QNAN	0	0.015	0	9.92142e-008	3165.94	7512.01	7104.27
7475.31	5292.13	143	1.#QNAN	0	0.016	0	9.9439e-008	3179.34	7475.31	7069.96
7439.17	5267.07	144	1.#QNAN	0	0.015	0	1.02582e-007	3175.57	7439.17	7036.16
7403.17	5242.07	145	1.#QNAN	0	0.016	0	1.04386e-007	3125.26	7403.17	7002.52
7367.55	5217.48	146	1.#QNAN	0	0.016	0	1.06018e-007	3113.18	7367.55	6969.24
7331.8	5192.76	147	1.#QNAN	0	0.015	0	1.06276e-007	3064.68	7331.8	6935.82
7296.86	5168.47	148	1.#QNAN	0	0	0	1.07327e-007	3067.88	7296.86	6903.18
7262.26	5144.36	149	1.#QNAN	0	0.016	0	1.10057e-007	3060.38	7262.26	6870.87
7227.73	5120.4	150	1.#QNAN	0	0.015	0	1.11365e-007	3019.33	7227.73	6838.59
7194.13	5096.91	151	1.#QNAN	0	0.016	0	1.13862e-007	3078.54	7194.13	6807.22
7160.49	5073.5	152	1.#QNAN	0	0.016	0	1.11918e-007	3023.58	7160.49	6775.79
7127.16	5050.29	153	1.#QNAN	0	0.015	0	1.13852e-007	2992.42	7127.16	6744.65
7094.65	5027.5	154	1.#QNAN	0	0.016	0	1.14385e-007	3037.39	7094.65	6714.29
7061.96	5004.87	155	1.#QNAN	0	0	0	1.19773e-007	2975.17	7061.96	6683.74
7029.96	4982.62	156	1.#QNAN	0	0.015	0	1.18866e-007	2977.3	7029.96	6653.86
6998.13	4960.45	157	1.#QNAN	0	0.016	0	1.22053e-007	2948.79	6998.13	6624.14
6966.48	4938.34	158	1.#QNAN	0	0.016	0	1.23088e-007	2940.16	6966.48	6594.55
6935.23	4916.56	159	1.#QNAN	0	0.015	0	1.26083e-007	2969.06	6935.23	6565.38
6904.26	4894.98	160	1.#QNAN	0	0.016	0	1.26185e-007	2922.16	6904.26	6536.44
6873.65	4873.75	161	1.#QNAN	0	0	0	1.2847e-007	2915.83	6873.65	6507.85
6843.16	4852.46	162	1.#QNAN	0	0.015	1	1.31759e-007	2896.28	6843.16	6479.35
6812.86	4831.47	163	1.#QNAN	0	0.016	0	1.27737e-007	2895.28	6812.86	6451.03
6783.1	4810.82	164	1.#QNAN	0	0.016	0	1.36941e-007	2914.03	6783.1	6423.23
6753.62	4790.35	165	1.#QNAN	0	0.015	0	1.29652e-007	2889.96	6753.62	6395.72
6724.42	4770.11	166	1.#QNAN	0	0.016	0	1.31957e-007	2870.79	6724.42	6368.45
6695.49	4750.08	167	1.#QNAN	0	0.015	0	1.34139e-007	2840.03	6695.49	6341.42
6666.7	4730.18	168	1.#QNAN	0	0	0	1.37931e-007	2848.26	6666.7	6314.53
6638.27	4710.41	169	1.#QNAN	0	0.016	0	1.36866e-007	2874.13	6638.27	6287.99
6609.92	4690.7	170	1.#QNAN	0	0.016	0	1.39135e-007	2841.27	6609.92	6261.52
6581.84	4671.24	171	1.#QNAN	0	0.015	0	1.40102e-007	2831.01	6581.84	6235.32
6554.35	4652.1	172	1.#QNAN	0	0.016	0	1.40585e-007	2853.81	6554.35	6209.69
6527	4633.06	173	1.#QNAN	0	0.015	0	1.39946e-007	2801.36	6527	6184.16
6499.93	4614.23	174	1.#QNAN	0	0	0	1.48217e-007	2812.88	6499.93	6158.93
6473.05	4595.55	175	1.#QNAN	0	0.016	0	1.47158e-007	2796.51	6473.05	6133.85
6446.65	4577.18	176	1.#QNAN	0	0.016	0	1.50802e-007	2810.39	6446.65	6109.24
6420.32	4558.84	177	1.#QNAN	0	0.015	0	1.519e-007	2813.9	6420.32	6084.71
6394.36	4540.68	178	1.#QNAN	0	0.016	0	1.43444e-007	2801.41	6394.36	6060.52
6368.58	4522.8	179	1.#QNAN	0	0.015	0	1.53395e-007	2800.91	6368.58	6036.5
6343.1	4505.07	180	1.#QNAN	0	0	0	1.43437e-007	2787.19	6343.1	6012.78
6317.94	4487.51	181	1.#QNAN	0	0.016	0	1.44282e-007	2779.45	6317.94	5989.33
6293.09	4470.12	182	1.#QNAN	0	0.016	0	1.45684e-007	2775.31	6293.09	5966.19
6268.28	4452.86	183	1.#QNAN	0	0.015	0	1.47777e-007	2765.05	6268.28	5943.09
6243.75	4435.76	184	1.#QNAN	0	0.016	0	1.56181e-007	2745.65	6243.75	5920.26
6219.53	4418.86	185	1.#QNAN	0	0.015	0	1.48398e-007	2766.05	6219.53	5897.7
6195.52	4402.04	186	1.#QNAN	0	0.016	0	1.48588e-007	2761.2	6195.52	5875.34
6171.95	4385.53	187	1.#QNAN	0	0	0	1.54687e-007	2762.65	6171.95	5853.41
6148.42	4369.11	188	1.#QNAN	0	0.016	0	1.54719e-007	2735.3	6148.42	5831.5
6125.27	4352.88	189	1.#QNAN	0	0.015	0	1.54964e-007	2741.99	6125.27	5809.96
6102.22	4336.86	190	1.#QNAN	0	0.016	0	1.55867e-007	2748.71	6102.22	5788.51
6079.6	4321	191	1.#QNAN	0	0.015	0	1.5588e-007	2785.42	6079.6	5767.48
6057.06	4305.17	192	1.#QNAN	0	0.016	0	1.57492e-007	2754.22	6057.06	5746.53
6034.66	4289.42	193	1.#QNAN	0	0.016	0	1.53418e-007	2713.4	6034.66	5725.69
6012.4	4273.86	194	1.#QNAN	0	0	0	1.58072e-007	2726.81	6012.4	5704.98
5990.28	4258.34	195	1.#QNAN	0	0.015	0	1.62028e-007	2720.46	5990.28	5684.39
5968.44	4243.05	196	1.#QNAN	0	0.016	0	1.59756e-007	2718.54	5968.44	5664.1
5946.7	4227.79	197	1.#QNAN	0	0.015	0	1.65715e-007	2698.1	5946.7	5643.87
5925.18	4212.7	198	1.#QNAN	0	0.016	0	1.65626e-007	2688.16	5925.18	5623.86
5903.85	4197.72	199	1.#QNAN	0	0.016	0	1.64766e-007	2672.62	5903.85	5604.02
5882.97	4182.95	200	1.#QNAN	0	0	0	1.6043e-007	2702.41	5882.97	5584.63
5862.02	4168.19	201	1.#QNAN	0	0.015	0	1.6084e-007	2695.32	5862.02	5565.16
5841.21	4153.54	202	1.#QNAN	0	0.016	0	1.63867e-007	2696.8	5841.21	5545.82
5820.63	4138.97	203	1.#QNAN	0	0.015	0	1.63673e-007	2662.74	5820.63	5526.69
5800.25	4124.57	204	1.#QNAN	0	0.016	0	1.67819e-007	2670.73	5800.25	5507.76
5779.91	4110.24	205	1.#QNAN	0	0.016	0	1.64629e-007	2667.81	5779.91	5488.85
5759.72	4095.99	206	1.#QNAN	0	0.015	0	1.704e-007	2681.68	5759.72	5470.11
5739.92	4081.89	207	1.#QNAN	0	0	0	1.73631e-007	2671.6	5739.92	5451.71
5720.11	4067.94	208	1.#QNAN	0	0.016	0	1.82256e-007	2660.33	5720.11	5433.32
5700.59	4054.21	209	1.#QNAN	0	0.015	0	1.74468e-007	2704.49	5700.59	5415.2
5681.24	4040.61	210	1.#QNAN	0	0.016	0	1.66186e-007	2657.68	5681.24	5397.23
5662.1	4027.13	211	1.#QNAN	0	0.016	0	1.78193e-007	2651.4	5662.1	5379.45
5643.11	4013.77	212	1.#QNAN	0	0.015	0	1.66177e-007	2642.84	5643.11	5361.81
5624.27	4000.51	213	1.#QNAN	0	0.016	0	1.65412e-007	2648.79	5624.27	5344.32
5605.45	3987.28	214	1.#QNAN	0	0	0	1.72767e-007	2610.89	5605.45	5326.84
5586.84	3974.21	215	1.#QNAN	0	0.015	0	1.71388e-007	2611.67	5586.84	5309.56
5568.49	3961.25	216	1.#QNAN	0	0.016	0	1.73141e-007	2634.87	5568.49	5292.54
5550.25	3948.43	217	1.#QNAN	0	0.016	0	1.77998e-007	2620.14	5550.25	5275.61
5532.23	3935.72	218	1.#QNAN	0	0.015	0	1.78298e-007	2627.75	5532.23	5258.89
5514.39	3923.16	219	1.#QNAN	0	0.016	0	1.73376e-007	2640.61	5514.39	5242.33
5496.6	3910.67	220	1.#QNAN	0	0.015	0	1.73036e-007	2596.88	5496.6	5225.81
5479.04	3898.38	221	1.#QNAN	0	0	0	1.73957e-007	2612.17	5479.04	5209.51
5461.47	3886.07	222	1.#QNAN	0	0.016	0	1.77474e-007	2579.45	5461.47	5193.2
5444.04	3873.89	223	1.#QNAN	0	0.016	0	1.76378e-007	2574.52	5444.04	5177.01
5426.73	3861.79	224	1.#QNAN	0	0.015	0	1.80369e-007	2585.47	5426.73	5160.95
5409.66	3849.82	225	1.#QNAN	0	0.016	0	1.79457e-007	2603	5409.66	5145.12
5392.53	3837.84	226	1.#QNAN	0	0.015	0	1.78839e-007	2586.64	5392.53	5129.22
5375.76	3826.11	227	1.#QNAN	0	0	0	1.83072e-007	2587.48	5375.76	5113.65
5358.98	3814.42	228	1.#QNAN	0	0.016	0	1.82796e-007	2561.2	5358.98	5098.06
5342.38	3802.82	229	1.#QNAN	0	0.016	0	1.80685e-007	2563.02	5342.38	5082.65
5325.89	3791.32	230	1.#QNAN	0	0.015	0	1.76895e-007	2580.82	5325.89	5067.33
5309.62	3779.94	231	1.#QNAN	0	0.016	0	1.76339e-007	2567.13	5309.62	5052.22
5293.41	3768.64	232	1.#QNAN	0	0.015	0	1.81969e-007	2568.33	5293.41	5037.18
5277.38	3757.39	233	1.#QNAN	0	0	0	1.79949e-007	2579.58	5277.38	5022.31
5261.6	3746.37	234	1.#QNAN	0	0.016	0	1.81465e-007	2592.76	5261.6	5007.67
5245.74	3735.33	235	1.#QNAN	0	0.016	0	1.8421e-007	2556.52	5245.74	4992.94
5230.14	3724.41	236	1.#QNAN	0	0.016	0	1.84618e-007	2567.2	5230.14	4978.47
5214.56	3713.49	237	1.#QNAN	0	0.016	1	1.89175e-007	2559.97	5214.56	4964
5198.97	3702.59	238	1.#QNAN	0	0.015	0	1.85481e-007	2552.93	5198.97	4949.53
5183.59	3691.82	239	1.#QNAN	0	0.016	0	1.94432e-007	2557.76	5183.59	4935.27
5168.41	3681.1	240	1.#QNAN	0	0	0	1.93853e-007	2558.36	5168.41	4921.19
5153.3	3670.47	241	1.#QNAN	0	0.016	0	1.93949e-007	2553.69	5153.3	4907.19
5138.29	3659.89	242	1.#QNAN	0	0.015	0	1.95638e-007	2583.46	5138.29	4893.29
5123.48	3649.46	243	1.#QNAN	0	0.016	0	1.92934e-007	2574.31	5123.48	4879.58
5108.66	3639.01	244	1.#QNAN	0	0.015	0	1.91916e-007	2560.13	5108.66	4865.87
5094.04	3628.75	245	1.#QNAN	0	0.016	0	1.87758e-007	2564.66	5094.04	4852.34
5079.61	3618.57	246	1.#QNAN	0	0.016	0	1.90767e-007	2562.87	5079.61	4838.99
5065.27	3608.44	247	1.#QNAN	0	0	0	1.95976e-007	2567.41	5065.27	4825.72
5050.94	3598.33	248	1.#QNAN	0	0.015	0	1.94925e-007	2553.05	5050.94	4812.46
5036.74	3588.32	249	1.#QNAN	0	0.016	0	1.92372e-007	2530.08	5036.74	4799.32
5022.64	3578.37	250	1.#QNAN	0	0.015	0	1.95894e-007	2550.07	5022.64	4786.27
5008.7	3568.55	251	1.#QNAN	0	0.016	0	1.97574e-007	2552.11	5008.7	4773.39
4994.9	3558.78	252	1.#QNAN	0	0.016	0	1.89411e-007	2537.31	4994.9	4760.61
4981.14	3549.06	253	1.#QNAN	0	0.015	0	1.88873e-007	2548.6	4981.14	4747.88
4967.4	3539.39	254	1.#QNAN	0	0	0	1.98877e-007	2553.2	4967.4	4735.18
4953.83	3529.78	255	1.#QNAN	0	0.016	0	1.96372e-007	2553.93	4953.83	4722.63
4940.4	3520.27	256	1.#QNAN	0	0.015	0	2.03528e-007	2568.13	4940.4	4710.22
4927.13	3510.84	257	1.#QNAN	0	0.016	0	1.9973e-007	2579.12	4927.13	4697.97
4914	3501.58	258	1.#QNAN	0	0.016	0	1.93008e-007	2588.84	4914	4685.84
4900.84	3492.3	259	1.#QNAN	0	0.015	0	1.93847e-007	2548.25	4900.84	4673.69
4887.81	3483.08	260	1.#QNAN	0	0	0	1.94692e-007	2551.94	4887.81	4661.65
4874.97	3473.93	261	1.#QNAN	0	0.016	0	2.03616e-007	2538.55	4874.97	4649.78
4862.01	3464.74	262	1.#QNAN	0	0.015	0	1.99967e-007	2525.81	4862.01	4637.81
4849.32	3455.7	263	1.#QNAN	0	0.016	0	1.98532e-007	2511.68	4849.32	4626.07
4836.72	3446.71	264	1.#QNAN	0	0.016	0	1.95957e-007	2543.31	4836.72	4614.44
4824.2	3437.8	265	1.#QNAN	0	0.015	0	1.99687e-007	2499	4824.2	4602.86
4811.73	3428.87	266	1.#QNAN	0	0.016	0	2.03746e-007	2492.31	4811.73	4591.34
4799.37	3420.11	267	1.#QNAN	0	0	0	1.98668e-007	2508.35	4799.37	4579.93
4787.16	3411.43	268	1.#QNAN	0	0.015	0	2.01247e-007	2530.41	4787.16	4568.66
4775.11	3402.84	269	1.#QNAN	0	0.016	0	2.00707e-007	2528.38	4775.11	4557.54
4763.13	3394.31	270	1.#QNAN	0	0.016	0	1.96574e-007	2523.39	4763.13	4546.49
4751.24	3385.88	271	1.#QNAN	0	0.015	0	2.00462e-007	2537.33	4751.24	4535.5
4739.34	3377.43	272	1.#QNAN	0	0.016	0	1.95673e-007	2525.69	4739.34	4524.53
4727.53	3369.04	273	1.#QNAN	0	0	0	1.92188e-007	2514.27	4727.53	4513.63
4715.86	3360.78	274	1.#QNAN	0	0.015	0	2.06e-007	2497.44	4715.86	4502.85
4704.25	3352.56	275	1.#QNAN	0	0.016	0	2.09837e-007	2508.49	4704.25	4492.13
4692.7	3344.35	276	1.#QNAN	0	0.016	0	1.96845e-007	2494.34	4692.7	4481.46
4681.25	3336.25	277	1.#QNAN	0	0.015	0	2.06339e-007	2520.96	4681.25	4470.89
4669.84	3328.17	278	1.#QNAN	0	0.016	0	2.05795e-007	2504.26	4669.84	4460.35
4658.42	3320.07	279	1.#QNAN	0	0.015	0	2.01348e-007	2464.09	4658.42	4449.79
4647.14	3312.12	280	1.#QNAN	0	0	0	2.04186e-007	2464.91	4647.14	4439.36
4635.91	3304.17	281	1.#QNAN	0	0.016	0	2.03301e-007	2486.89	4635.91	4428.99
4624.85	3296.34	282	1.#QNAN	0	0.016	0	2.05801e-007	2495.46	4624.85	4418.78
4613.91	3288.63	283	1.#QNAN	0	0.015	0	2.15341e-007	2499.39	4613.91	4408.7
4603.13	3281.01	284	1.#QNAN	0	0.016	0	2.00967e-007	2511.23	4603.13	4398.76
4592.42	3273.44	285	1.#QNAN	0	0.015	0	2.01624e-007	2525.9	4592.42	4388.88
4581.66	3265.86	286	1.#QNAN	0	0.016	0	2.15591e-007	2501.54	4581.66	4378.95
4570.96	3258.31	287	1.#QNAN	0	0	0	2.01589e-007	2512.6	4570.96	4369.09
4560.39	3250.81	288	1.#QNAN	0	0.016	0	2.06451e-007	2531.98	4560.39	4359.34
4549.85	3243.33	289	1.#QNAN	0	0.015	0	2.07869e-007	2503.57	4549.85	4349.62
4539.59	3236.04	290	1.#QNAN	0	0.016	0	2.17344e-007	2546.03	4539.59	4340.17
4529.23	3228.69	291	1.#QNAN	0	0.015	0	2.13612e-007	2532.34	4529.23	4330.62
4518.88	3221.33	292	1.#QNAN	0	0.016	0	2.13683e-007	2524.62	4518.88	4321.07
4508.82	3214.16	293	1.#QNAN	0	0	0	2.11716e-007	2543.18	4508.82	4311.81
4498.77	3206.99	294	1.#QNAN	0	0.016	0	2.05126e-007	2529.19	4498.77	4302.57
4488.81	3199.84	295	1.#QNAN	0	0.015	0	2.04328e-007	2544.28	4488.81	4293.4
4478.79	3192.66	296	1.#QNAN	0	0.016	0	2.19069e-007	2536.5	4478.79	4284.18
4468.8	3185.52	297	1.#QNAN	0	0.015	0	2.19476e-007	2475.98	4468.8	4274.98
4458.93	3178.45	298	1.#QNAN	0	0.016	0	2.2033e-007	2520.56	4458.93	4265.88
4449.23	3171.56	299	1.#QNAN	0	0.016	0	2.15139e-007	2514.87	4449.23	4256.96
4439.48	3164.6	300	1.#QNAN	0	0.015	0	2.1278e-007	2503.58	4439.48	4247.98
4429.79	3157.69	301	1.#QNAN	0	0	0	2.13726e-007	2499.38	4429.79	4239.05
4420.16	3150.87	302	1.#QNAN	0	0.016	0	2.19944e-007	2503.92	4420.16	4230.19
4410.61	3144.04	303	1.#QNAN	0	0.015	0	2.21539e-007	2503.87	4410.61	4221.41
4401.11	3137.25	304	1.#QNAN	0	0.016	0	2.15521e-007	2473.69	4401.11	4212.67
4391.75	3130.59	305	1.#QNAN	0	0.016	0	2.25029e-007	2501.21	4391.75	4204.05
4382.41	3123.92	306	1.#QNAN	0	0.015	0	2.2301e-007	2476.1	4382.41	4195.46
4373.27	3117.41	307	1.#QNAN	0	0	0	2.16197e-007	2500.29	4373.27	4187.06
4364.07	3110.84	308	1.#QNAN	0	0.016	0	2.24467e-007	2503.77	4364.07	4178.59
4354.95	3104.33	309	1.#QNAN	0	0.015	0	2.20249e-007	2492.89	4354.95	4170.21
4345.93	3097.85	310	1.#QNAN	0	0.016	0	2.23873e-007	2520.27	4345.93	4161.92
4336.97	3091.41	311	1.#QNAN	0	0.016	0	2.26378e-007	2463.03	4336.97	4153.67
4327.84	3084.85	312	1.#QNAN	0	0.015	1	2.23783e-007	2449.49	4327.84	4145.27
4318.94	3078.47	313	1.#QNAN	0	0.016	0	2.19784e-007	2478.67	4318.94	4137.09
4310.14	3072.14	314	1.#QNAN	0	0	0	2.15544e-007	2467.25	4310.14	4128.99
4301.36	3065.8	315	1.#QNAN	0	0.015	0	2.19118e-007	2473.3	4301.36	4120.92
4292.64	3059.53	316	1.#QNAN	0	0.016	0	2.14827e-007	2471.06	4292.64	4112.9
4283.96	3053.31	317	1.#QNAN	0	0.016	0	2.16225e-007	2451.18	4283.96	4104.92
4275.32	3047.07	318	1.#QNAN	0	0.015	0	2.21537e-007	2459.01	4275.32	4096.98
4266.79	3040.98	319	1.#QNAN	0	0.016	0	2.18039e-007	2472.77	4266.79	4089.14
4258.28	3034.94	320	1.#QNAN	0	0.015	0	2.24067e-007	2449.93	4258.28	4081.31
4249.84	3028.94	321	1.#QNAN	0	0	0	2.31742e-007	2458.29	4249.84	4073.56
4241.45	3022.95	322	1.#QNAN	0	0.016	0	2.29295e-007	2457.38	4241.45	4065.85
4233.16	3017.03	323	1.#QNAN	0	0.016	0	2.24423e-007	2461.48	4233.16	4058.24
4224.9	3011.15	324	1.#QNAN	0	0.015	0	2.28477e-007	2478.08	4224.9	4050.66
4216.7	3005.31	325	1.#QNAN	0	0.016	0	2.28398e-007	2452.3	4216.7	4043.14
4208.63	2999.59	326	1.#QNAN	0	0.015	0	2.25693e-007	2480.07	4208.63	4035.74
4200.57	2993.84	327	1.#QNAN	0	0.016	0	2.21918e-007	2461.9	4200.57	4028.35
4192.6	2988.14	328	1.#QNAN	0	0	0	2.24677e-007	2465.14	4192.6	4021.05
4184.65	2982.5	329	1.#QNAN	0	0.016	0	2.27869e-007	2465.38	4184.65	4013.75
4176.75	2976.86	330	1.#QNAN	0	0.015	0	2.25851e-007	2453.96	4176.75	4006.5
4168.89	2971.24	331	1.#QNAN	0	0.016	0	2.29109e-007	2463.74	4168.89	3999.3
4161.05	2965.61	332	1.#QNAN	0	0.015	0	2.24288e-007	2458.29	4161.05	3992.12
4153.27	2960.04	333	1.#QNAN	0	0.016	0	2.21112e-007	2449.95	4153.27	3984.98
4145.52	2954.46	334	1.#QNAN	0	0.016	0	2.2633e-007	2431.93	4145.52	3977.88
4137.91	2948.99	335	1.#QNAN	0	0	0	2.28137e-007	2459.39	4137.91	3970.9
4130.26	2943.5	336	1.#QNAN	0	0.015	0	2.29755e-007	2431.07	4130.26	3963.89
4122.64	2937.99	337	1.#QNAN	0	0.016	0	2.25191e-007	2442.57	4122.64	3956.9
4115.07	2932.56	338	1.#QNAN	0	0.015	0	2.27881e-007	2417.15	4115.07	3949.95
4107.65	2927.21	339	1.#QNAN	0	0.016	0	2.33733e-007	2439.9	4107.65	3943.16
4100.21	2921.82	340	1.#QNAN	0	0.016	0	2.34412e-007	2419.1	4100.21	3936.34
4092.78	2916.45	341	1.#QNAN	0	0.015	0	2.25484e-007	2435.18	4092.78	3929.53
4085.39	2911.09	342	1.#QNAN	0	0.016	0	2.24903e-007	2429.14	4085.39	3922.76
4078.04	2905.76	343	1.#QNAN	0	0	0	2.21164e-007	2410.62	4078.04	3916
4070.7	2900.48	344	1.#QNAN	0	0.015	0	2.32766e-007	2429.49	4070.7	3909.28
4063.34	2895.17	345	1.#QNAN	0	0.016	0	2.24706e-007	2425.24	4063.34	3902.53
4056.07	2889.9	346	1.#QNAN	0	0.016	0	2.29898e-007	2415.33	4056.07	3895.85
4048.86	2884.68	347	1.#QNAN	0	0.015	0	2.31127e-007	2425.94	4048.86	3889.23
4041.74	2879.53	348	1.#QNAN	0	0.016	0	2.26911e-007	2419.49	4041.74	3882.7
4034.63	2874.41	349	1.#QNAN	0	0.015	0	2.26907e-007	2440.78	4034.63	3876.18
4027.57	2869.27	350	1.#QNAN	0	0	0	2.39193e-007	2437.9	4027.57	3869.71
4020.62	2864.2	351	1.#QNAN	0	0.016	0	2.23034e-007	2439.33	4020.62	3863.35
4013.72	2859.18	352	1.#QNAN	0	0.016	0	2.34053e-007	2440.43	4013.72	3857.03
4006.8	2854.14	353	1.#QNAN	0	0.015	0	2.29444e-007	2442.05	4006.8	3850.7
3999.91	2849.14	354	1.#QNAN	0	0.016	0	2.3004e-007	2420.05	3999.91	3844.39
3993.08	2844.17	355	1.#QNAN	0	0.015	0	2.31312e-007	2422.99	3993.08	3838.13
3986.3	2839.23	356	1.#QNAN	0	0.016	0	2.34638e-007	2414.9	3986.3	3831.93
3979.5	2834.26	357	1.#QNAN	0	0	0	2.30099e-007	2413.91	3979.5	3825.69
3972.7	2829.28	358	1.#QNAN	0	0.016	0	2.25906e-007	2416.4	3972.7	3819.47
3965.97	2824.34	359	1.#QNAN	0	0.015	0	2.32584e-007	2420.42	3965.97	3813.3
3959.29	2819.47	360	1.#QNAN	0	0.016	0	2.30996e-007	2414.85	3959.29	3807.18
3952.67	2814.62	361	1.#QNAN	0	0.015	0	2.29451e-007	2416.62	3952.67	3801.12
3946.1	2809.8	362	1.#QNAN	0	0.016	0	2.28504e-007	2396.5	3946.1	3795.09
3939.58	2805.02	363	1.#QNAN	0	0.016	0	2.33756e-007	2390.4	3939.58	3789.12
3933.11	2800.29	364	1.#QNAN	0	0	0	2.35275e-007	2409.13	3933.11	3783.19
3926.67	2795.58	365	1.#QNAN	0	0.015	0	2.38941e-007	2410.75	3926.67	3777.3
3920.21	2790.86	366	1.#QNAN	0	0.016	0	2.27566e-007	2383.69	3920.21	3771.38
3913.78	2786.14	367	1.#QNAN	0	0.015	0	2.46239e-007	2365.82	3913.78	3765.48
3907.35	2781.42	368	1.#QNAN	0	0.016	0	2.39851e-007	2378.72	3907.35	3759.59
3900.98	2776.77	369	1.#QNAN	0	0.016	0	2.31429e-007	2381.08	3900.98	3753.75
3894.67	2772.18	370	1.#QNAN	0	0	0	2.33458e-007	2366.52	3894.67	3747.96
3888.32	2767.53	371	1.#QNAN	0	0.015	0	2.36369e-007	2364.77	3888.32	3742.15
3882.06	2762.98	372	1.#QNAN	0	0.016	0	2.37443e-007	2379.83	3882.06	3736.41
3875.79	2758.4	373	1.#QNAN	0	0.015	0	2.33887e-007	2354.75	3875.79	3730.66
3869.61	2753.91	374	1.#QNAN	0	0.016	0	2.46155e-007	2371.57	3869.61	3724.99
3863.41	2749.35	375	1.#QNAN	0	0.016	0	2.42632e-007	2362.12	3863.41	3719.31
3857.27	2744.86	376	1.#QNAN	0	0.015	0	2.29251e-007	2388.5	3857.27	3713.68
3851.12	2740.35	377	1.#QNAN	0	0	0	2.44583e-007	2353.98	3851.12	3708.05
3845.14	2735.97	378	1.#QNAN	0	0.016	0	2.45558e-007	2397.37	3845.14	3702.58
3839.11	2731.51	379	1.#QNAN	0	0.015	0	2.42986e-007	2356.82	3839.11	3697.05
3833.19	2727.17	380	1.#QNAN	0	0.016	0	2.37993e-007	2395.63	3833.19	3691.63
3827.21	2722.78	381	1.#QNAN	0	0.016	0	2.37516e-007	2380.97	3827.21	3686.15
3821.28	2718.43	382	1.#QNAN	0	0.015	0	2.29735e-007	2373.68	3821.28	3680.72
3815.38	2714.1	383	1.#QNAN	0	0.016	0	2.40227e-007	2363.59	3815.38	3675.32
3809.49	2709.77	384	1.#QNAN	0	0	0	2.36653e-007	2378.14	3809.49	3669.93
3803.72	2705.55	385	1.#QNAN	0	0.015	0	2.43588e-007	2397.28	3803.72	3664.65
3798.02	2701.33	386	1.#QNAN	0	0.016	0	2.34527e-007	2386.72	3798.02	3659.44
3792.26	2697.08	387	1.#QNAN	0	0.016	1	2.44048e-007	2363.89	3792.26	3654.17
3786.6	2692.9	388	1.#QNAN	0	0.015	0	2.32729e-007	2393.63	3786.6	3648.99
3780.92	2688.71	389	1.#QNAN	0	0.016	0	2.38944e-007	2362.24	3780.92	3643.79
3775.27	2684.56	390	1.#QNAN	0	0	0	2.44743e-007	2354.26	3775.27	3638.63
3769.64	2680.42	391	1.#QNAN	0	0.015	0	2.43137e-007	2375.69	3769.64	3633.47
3764.1	2676.32	392	1.#QNAN	0	0.016	0	2.42925e-007	2397.12	3764.1	3628.42
3758.55	2672.2	393	1.#QNAN	0	0.016	0	2.57342e-007	2369.56	3758.55	3623.33
3753.02	2668.12	394	1.#QNAN	0	0.015	0	2.39698e-007	2370.31	3753.02	3618.27
3747.51	2664.07	395	1.#QNAN	0	0.016	0	2.41165e-007	2350.77	3747.51	3613.22
3742	2659.99	396	1.#QNAN	0	0.015	0	2.39681e-007	2360.76	3742	3608.19
3736.54	2655.94	397	1.#QNAN	0	0	0	2.59233e-007	2366.82	3736.54	3603.19
3731.16	2651.92	398	1.#QNAN	0	0.016	0	2.4828e-007	2358.03	3731.16	3598.26
3725.83	2647.95	399	1.#QNAN	0	0.016	0	2.46942e-007	2366.39	3725.83	3593.4
3720.48	2643.97	400	1.#QNAN	0	0.015	0	2.45111e-007	2367.56	3720.48	3588.5
3715.1	2639.95	401	1.#QNAN	0	0.016	0	2.53375e-007	2343.45	3715.1	3583.57
3709.78	2635.98	402	1.#QNAN	0	0.015	0	2.5483e-007	2328.38	3709.78	3578.71
3704.61	2632.15	403	1.#QNAN	0	0.016	0	2.49315e-007	2359.99	3704.61	3573.98
3699.52	2628.36	404	1.#QNAN	0	0.016	0	2.43874e-007	2373.94	3699.52	3569.33
3694.26	2624.45	405	1.#QNAN	0	0	0	2.44466e-007	2334.36	3694.26	3564.51
3689.02	2620.57	406	1.#QNAN	0	0.015	0	2.46504e-007	2343.32	3689.02	3559.73
3683.9	2616.74	407	1.#QNAN	0	0.016	0	2.35174e-007	2349.96	3683.9	3555.04
3678.88	2613.01	408	1.#QNAN	0	0.015	0	2.43345e-007	2372.57	3678.88	3550.46
3673.9	2609.31	409	1.#QNAN	0	0.016	0	2.48625e-007	2356.21	3673.9	3545.91
3668.93	2605.58	410	1.#QNAN	0	0.016	0	2.39511e-007	2362.37	3668.93	3541.37
3664	2601.91	411	1.#QNAN	0	0	0	2.5268e-007	2362.77	3664	3536.86
3659.11	2598.24	412	1.#QNAN	0	0.015	0	2.49222e-007	2340.57	3659.11	3532.38
3654.22	2594.62	413	1.#QNAN	0	0.016	0	2.50582e-007	2346.51	3654.22	3527.91
3649.3	2590.95	414	1.#QNAN	0	0.015	0	2.46917e-007	2333.99	3649.3	3523.42
3644.38	2587.3	415	1.#QNAN	0	0.016	0	2.4543e-007	2318.72	3644.38	3518.91
3639.46	2583.64	416	1.#QNAN	0	0.016	0	2.50575e-007	2310.4	3639.46	3514.4
3634.61	2580	417	1.#QNAN	0	0.015	0	2.48819e-007	2338.27	3634.61	3509.97
3629.83	2576.41	418	1.#QNAN	0	0	0	2.5242e-007	2345.16	3629.83	3505.61
3625.04	2572.82	419	1.#QNAN	0	0.016	0	2.44386e-007	2331.77	3625.04	3501.23
3620.37	2569.32	420	1.#QNAN	0	0.015	0	2.51774e-007	2346.77	3620.37	3496.95
3615.67	2565.8	421	1.#QNAN	0	0.016	0	2.64191e-007	2349.57	3615.67	3492.67
3611.01	2562.3	422	1.#QNAN	0	0.016	0	2.51383e-007	2356.45	3611.01	3488.42
3606.36	2558.79	423	1.#QNAN	0	0.015	0	2.46754e-007	2335.46	3606.36	3484.17
3601.69	2555.25	424	1.#QNAN	0	0	0	2.47433e-007	2328.28	3601.69	3479.9
3597.13	2551.79	425	1.#QNAN	0	0.016	0	2.56492e-007	2345.17	3597.13	3475.73
3592.54	2548.33	426	1.#QNAN	0	0.015	0	2.56113e-007	2337.57	3592.54	3471.54
3587.95	2544.83	427	1.#QNAN	0	0.016	0	2.52573e-007	2340.77	3587.95	3467.35
3583.39	2541.39	428	1.#QNAN	0	0.016	0	2.55511e-007	2343.1	3583.39	3463.17
3578.83	2537.93	429	1.#QNAN	0	0.015	0	2.48961e-007	2322.67	3578.83	3458.98
3574.25	2534.48	430	1.#QNAN	0	0.016	0	2.52714e-007	2318.97	3574.25	3454.79
3569.72	2531.08	431	1.#QNAN	0	0	0	2.53921e-007	2309.61	3569.72	3450.63
3565.14	2527.59	432	1.#QNAN	0	0.015	0	2.48121e-007	2314.56	3565.14	3446.43
3560.63	2524.17	433	1.#QNAN	0	0.016	0	2.54307e-007	2336.83	3560.63	3442.31
3556.09	2520.72	434	1.#QNAN	0	0.016	0	2.50619e-007	2315.63	3556.09	3438.15
3551.56	2517.31	435	1.#QNAN	0	0.015	0	2.62572e-007	2300.22	3551.56	3433.99
3547.1	2513.95	436	1.#QNAN	0	0.016	0	2.52322e-007	2310.36	3547.1	3429.9
3542.69	2510.57	437	1.#QNAN	0	0	0	2.54901e-007	2337.4	3542.69	3425.87
3538.21	2507.15	438	1.#QNAN	0	0.015	0	2.59659e-007	2312.87	3538.21	3421.77
3533.76	2503.74	439	1.#QNAN	0	0.016	0	2.52505e-007	2303.81	3533.76	3417.69
3529.43	2500.42	440	1.#QNAN	0	0.016	0	2.52581e-007	2319.6	3529.43	3413.72
3525.11	2497.14	441	1.#QNAN	0	0.015	0	2.59369e-007	2337.31	3525.11	3409.78
3520.78	2493.85	442	1.#QNAN	0	0.016	0	2.52651e-007	2331.04	3520.78	3405.81
3516.46	2490.55	443	1.#QNAN	0	0.015	0	2.68428e-007	2324.23	3516.46	3401.85
3512.16	2487.27	444	1.#QNAN	0	0	0	2.55949e-007	2320.2	3512.16	3397.92
3507.88	2484.01	445	1.#QNAN	0	0.016	0	2.60621e-007	2315.08	3507.88	3394.01
3503.64	2480.76	446	1.#QNAN	0	0.016	0	2.51904e-007	2328.77	3503.64	3390.13
3499.42	2477.53	447	1.#QNAN	0	0.015	0	2.63822e-007	2321.74	3499.42	3386.27
3495.21	2474.3	448	1.#QNAN	0	0.016	0	2.63002e-007	2321.26	3495.21	3382.43
3491	2471.06	449	1.#QNAN	0	0.015	0	2.58387e-007	2333.32	3491	3378.59
3486.83	2467.83	450	1.#QNAN	0	0.016	0	2.61484e-007	2326.55	3486.83	3374.78
3482.71	2464.68	451	1.#QNAN	0	0.016	0	2.61442e-007	2329.68	3482.71	3371.02
3478.59	2461.53	452	1.#QNAN	0	0	0	2.5347e-007	2326.74	3478.59	3367.25
3474.48	2458.34	453	1.#QNAN	0	0.015	0	2.54637e-007	2322.27	3474.48	3363.49
3470.47	2455.25	454	1.#QNAN	0	0.016	0	2.5926e-007	2344.1	3470.47	3359.83
3466.39	2452.12	455	1.#QNAN	0	0.015	0	2.60515e-007	2305.28	3466.39	3356.1
3462.46	2449.09	456	1.#QNAN	0	0.016	0	2.70904e-007	2370.74	3462.46	3352.53
3458.5	2446.04	457	1.#QNAN	0	0.016	0	2.55416e-007	2333.6	3458.5	3348.91
3454.46	2442.95	458	1.#QNAN	0	0	0	2.64883e-007	2316.85	3454.46	3345.22
3450.52	2439.91	459	1.#QNAN	0	0.015	0	2.68168e-007	2313.89	3450.52	3341.61
3446.58	2436.87	460	1.#QNAN	0	0.016	0	2.59383e-007	2326.83	3446.58	3338
3442.56	2433.76	461	1.#QNAN	0	0.015	0	2.57508e-007	2306.09	3442.56	3334.33
3438.68	2430.78	462	1.#QNAN	0	0.016	1	2.61958e-007	2322.25	3438.68	3330.78
3434.72	2427.72	463	1.#QNAN	0	0.016	0	2.5788e-007	2315.41	3434.72	3327.15
3430.84	2424.7	464	1.#QNAN	0	0.015	0	2.61447e-007	2316.74	3430.84	3323.6
3427.02	2421.74	465	1.#QNAN	0	0	0	2.59111e-007	2335.84	3427.02	3320.12
3423.17	2418.77	466	1.#QNAN	0	0.016	0	2.60815e-007	2319.12	3423.17	3316.59
3419.32	2415.78	467	1.#QNAN	0	0.015	0	2.64405e-007	2316.27	3419.32	3313.07
3415.56	2412.84	468	1.#QNAN	0	0.016	0	2.56069e-007	2325.2	3415.56	3309.63
3411.78	2409.91	469	1.#QNAN	0	0.016	0	2.61256e-007	2315.97	3411.78	3306.18
3407.98	2406.93	470	1.#QNAN	0	0.015	0	2.59299e-007	2307.75	3407.98	3302.7
3404.19	2403.94	471	1.#QNAN	0	0.016	0	2.64212e-007	2304.49	3404.19	3299.24
3400.43	2401	472	1.#QNAN	0	0	0	2.62768e-007	2305.11	3400.43	3295.79
3396.73	2398.11	473	1.#QNAN	0	0.015	0	2.74769e-007	2310.1	3396.73	3292.42
3392.95	2395.16	474	1.#QNAN	0	0.016	0	2.67079e-007	2290.26	3392.95	3288.96
3389.2	2392.23	475	1.#QNAN	0	0.016	0	2.65267e-007	2287.19	3389.2	3285.52
3385.5	2389.32	476	1.#QNAN	0	0.015	0	2.69742e-007	2288.62	3385.5	3282.14
3381.83	2386.45	477	1.#QNAN	0	0.016	0	2.67083e-007	2300.17	3381.83	3278.78
3378.15	2383.56	478	1.#QNAN	0	0.015	0	2.78127e-007	2291.05	3378.15	3275.42
3374.49	2380.69	479	1.#QNAN	0	0.016	0	2.71241e-007	2295.37	3374.49	3272.07
3370.89	2377.88	480	1.#QNAN	0	0	0	2.67785e-007	2313.85	3370.89	3268.79
3367.24	2375.03	481	1.#QNAN	0	0.016	0	2.67356e-007	2310.53	3367.24	3265.45
3363.66	2372.22	482	1.#QNAN	0	0.015	0	2.80059e-007	2314.17	3363.66	3262.17
3360.09	2369.42	483	1.#QNAN	0	0.016	0	2.68709e-007	2304.94	3360.09	3258.91
3356.53	2366.65	484	1.#QNAN	0	0.015	0	2.75213e-007	2309.33	3356.53	3255.65
3352.92	2363.83	485	1.#QNAN	0	0.016	0	2.69255e-007	2285	3352.92	3252.35
3349.32	2361.02	486	1.#QNAN	0	0.016	0	2.65255e-007	2294.1	3349.32	3249.05
3345.72	2358.2	487	1.#QNAN	0	0.015	0	2.68563e-007	2287.13	3345.72	3245.75
3342.17	2355.43	488	1.#QNAN	0	0	0	2.74571e-007	2286.78	3342.17	3242.5
3338.65	2352.7	489	1.#QNAN	0	0.016	0	2.72042e-007	2285.51	3338.65	3239.29
3335.14	2349.96	490	1.#QNAN	0	0.015	0	2.72414e-007	2295.05	3335.14	3236.07
3331.67	2347.25	491	1.#QNAN	0	0.016	0	2.66133e-007	2299.12	3331.67	3232.89
3328.2	2344.54	492	1.#QNAN	0	0.016	0	2.66594e-007	2306.45	3328.2	3229.72
3324.73	2341.82	493	1.#QNAN	0	0.015	0	2.69679e-007	2300.43	3324.73	3226.54
3321.3	2339.14	494	1.#QNAN	0	0	0	2.7012e-007	2304.37	3321.3	3223.41
3317.84	2336.43	495	1.#QNAN	0	0.016	0	2.6819e-007	2286.55	3317.84	3220.24
3314.44	2333.79	496	1.#QNAN	0	0.015	0	2.67486e-007	2304.13	3314.44	3217.13
3311.06	2331.15	497	1.#QNAN	0	0.016	0	2.71905e-007	2303.81	3311.06	3214.04
3307.68	2328.52	498	1.#QNAN	0	0.016	0	2.73001e-007	2301.32	3307.68	3210.94
3304.35	2325.92	499	1.#QNAN	0	0.015	0	2.65993e-007	2322.88	3304.35	3207.9
3301.06	2323.33	500	1.#QNAN	0	0.016	0	2.715e-007	2302.78	3301.06	3204.89
3297.74	2320.73	501	1.#QNAN	0	0	0	2.74906e-007	2297.59	3297.74	3201.86
3294.4	2318.11	502	1.#QNAN	0	0.015	0	2.64139e-007	2279.1	3294.4	3198.81
3291.09	2315.5	503	1.#QNAN	0	0.016	0	2.69885e-007	2297.56	3291.09	3195.79
3287.81	2312.91	504	1.#QNAN	0	0.016	0	2.63926e-007	2301.47	3287.81	3192.79
3284.54	2310.35	505	1.#QNAN	0	0.015	0	2.74236e-007	2295.5	3284.54	3189.8
3281.31	2307.83	506	1.#QNAN	0	0.016	0	2.6544e-007	2291.69	3281.31	3186.84
3278.04	2305.27	507	1.#QNAN	0	0.015	0	2.70909e-007	2278.59	3278.04	3183.85
3274.8	2302.73	508	1.#QNAN	0	0	0	2.80763e-007	2283.25	3274.8	3180.88
3271.55	2300.21	509	1.#QNAN	0	0.016	0	2.77488e-007	2254.58	3271.55	3177.9
3268.35	2297.7	510	1.#QNAN	0	0.016	0	2.77227e-007	2286.81	3268.35	3174.97
3265.12	2295.17	511	1.#QNAN	0	0.015	0	2.72918e-007	2276.18	3265.12	3172.02
3261.91	2292.66	512	1.#QNAN	0	0.016	0	2.7332e-007	2274.19	3261.91	3169.08
3258.77	2290.21	513	1.#QNAN	0	0.015	0	2.82634e-007	2272.62	3258.77	3166.21
3255.65	2287.76	514	1.#QNAN	0	0.016	0	2.78596e-007	2298.24	3255.65	3163.36
3252.53	2285.32	515	1.#QNAN	0	0	0	2.74415e-007	2300.61	3252.53	3160.52
3249.44	2282.88	516	1.#QNAN	0	0.016	0	2.63422e-007	2282.14	3249.44	3157.69
3246.36	2280.44	517	1.#QNAN	0	0.015	0	2.71904e-007	2299.39	3246.36	3154.88
3243.32	2278.05	518	1.#QNAN	0	0.016	0	2.80718e-007	2310.94	3243.32	3152.11
3240.27	2275.64	519	1.#QNAN	0	0.015	0	2.6765e-007	2300.98	3240.27	3149.33
3237.26	2273.25	520	1.#QNAN	0	0.016	0	2.74837e-007	2311.64	3237.26	3146.58
3234.2	2270.83	521	1.#QNAN	0	0.016	0	2.81136e-007	2284.53	3234.2	3143.78
3231.2	2268.45	522	1.#QNAN	0	0	0	2.73698e-007	2308.77	3231.2	3141.05
3228.22	2266.07	523	1.#QNAN	0	0.015	0	2.75158e-007	2289.73	3228.22	3138.32
3225.22	2263.69	524	1.#QNAN	0	0.016	0	2.6668e-007	2309.88	3225.22	3135.58
3222.26	2261.35	525	1.#QNAN	0	0.015	0	2.75762e-007	2294.74	3222.26	3132.88
3219.27	2258.99	526	1.#QNAN	0	0.016	0	2.73567e-007	2295.65	3219.27	3130.15
3216.28	2256.6	527	1.#QNAN	0	0.016	0	2.83834e-007	2297.15	3216.28	3127.41
3213.33	2254.26	528	1.#QNAN	0	0	0	2.76362e-007	2289.52	3213.33	3124.72
3210.43	2251.94	529	1.#QNAN	0	0.015	0	2.89778e-007	2323.06	3210.43	3122.07
3207.5	2249.61	530	1.#QNAN	0	0.016	0	2.88794e-007	2325.85	3207.5	3119.39
3204.58	2247.29	531	1.#QNAN	0	0.015	0	2.80586e-007	2305.78	3204.58	3116.73
3201.66	2244.97	532	1.#QNAN	0	0.016	0	2.74789e-007	2305.19	3201.66	3114.06
3198.75	2242.65	533	1.#QNAN	0	0.016	0	2.77654e-007	2285.06	3198.75	3111.4
3195.88	2240.36	534	1.#QNAN	0	0	0	2.70405e-007	2306.96	3195.88	3108.79
3193.05	2238.11	535	1.#QNAN	0	0.015	0	2.77003e-007	2304.81	3193.05	3106.21
3190.18	2235.82	536	1.#QNAN	0	0.016	0	2.68229e-007	2276.98	3190.18	3103.58
3187.33	2233.55	537	1.#QNAN	0	0.015	1	2.76893e-007	2272.33	3187.33	3100.96
3184.48	2231.26	538	1.#QNAN	0	0.016	0	2.84178e-007	2276.53	3184.48	3098.37
3181.67	2229	539	1.#QNAN	0	0.016	0	2.76516e-007	2291.69	3181.67	3095.79
3178.83	2226.75	540	1.#QNAN	0	0.015	0	2.82806e-007	2277.58	3178.83	3093.19
3175.97	2224.45	541	1.#QNAN	0	0	0	2.81579e-007	2254.41	3175.97	3090.57
3173.17	2222.19	542	1.#QNAN	0	0.016	0	2.82592e-007	2278.46	3173.17	3088.01
3170.39	2219.96	543	1.#QNAN	0	0.015	0	2.75525e-007	2266.69	3170.39	3085.47
3167.63	2217.72	544	1.#QNAN	0	0.016	0	2.81003e-007	2287.22	3167.63	3082.95
3164.89	2215.54	545	1.#QNAN	0	0.016	0	2.83672e-007	2266.98	3164.89	3080.44
3162.15	2213.36	546	1.#QNAN	0	0.015	0	2.80732e-007	2261.78	3162.15	3077.94
3159.43	2211.18	547	1.#QNAN	0	0	0	2.7522e-007	2259.77	3159.43	3075.45
3156.66	2208.98	548	1.#QNAN	0	0.016	0	2.82838e-007	2239.14	3156.66	3072.91
3153.95	2206.81	549	1.#QNAN	0	0.015	0	2.72967e-007	2264.75	3153.95	3070.43
3151.19	2204.61	550	1.#QNAN	0	0.016	0	2.82457e-007	2253.12	3151.19	3067.91
3148.5	2202.48	551	1.#QNAN	0	0.016	0	2.88375e-007	2238.05	3148.5	3065.45
3145.79	2200.32	552	1.#QNAN	0	0.015	0	2.80711e-007	2251.54	3145.79	3062.97
3143.09	2198.16	553	1.#QNAN	0	0.016	0	2.84929e-007	2233.67	3143.09	3060.51
3140.43	2196.04	554	1.#QNAN	0	0	0	2.91999e-007	2273.78	3140.43	3058.08
3137.79	2193.94	555	1.#QNAN	0	0.015	0	2.84492e-007	2250.64	3137.79	3055.66
3135.13	2191.83	556	1.#QNAN	0	0.016	0	2.90675e-007	2234.32	3135.13	3053.23
3132.5	2189.73	557	1.#QNAN	0	0.016	0	2.731e-007	2240.97	3132.5	3050.84
3129.9	2187.64	558	1.#QNAN	0	0.015	0	2.83919e-007	2271.17	3129.9	3048.46
3127.34	2185.6	559	1.#QNAN	0	0.016	0	2.79239e-007	2261.2	3127.34	3046.13
3124.75	2183.53	560	1.#QNAN	0	0.015	0	2.85219e-007	2245.21	3124.75	3043.77
3122.13	2181.46	561	1.#QNAN	0	0.016	0	2.76009e-007	2233.74	3122.13	3041.38
3119.53	2179.39	562	1.#QNAN	0	0	0	2.84036e-007	2228.61	3119.53	3038.99
3116.95	2177.35	563	1.#QNAN	0	0.016	0	2.85447e-007	2254.82	3116.95	3036.63
3114.41	2175.33	564	1.#QNAN	0	0.015	0	2.93012e-007	2266.38	3114.41	3034.32
3111.89	2173.33	565	1.#QNAN	0	0.016	0	2.81485e-007	2251.28	3111.89	3032.01
3109.36	2171.31	566	1.#QNAN	0	0.015	0	2.97706e-007	2247.95	3109.36	3029.7
3106.83	2169.29	567	1.#QNAN	0	0.016	0	2.84093e-007	2243.94	3106.83	3027.39
3104.3	2167.28	568	1.#QNAN	0	0.016	0	2.85245e-007	2259.54	3104.3	3025.08
3101.76	2165.26	569	1.#QNAN	0	0	0	2.84265e-007	2229.14	3101.76	3022.75
3099.26	2163.26	570	1.#QNAN	0	0.015	0	2.90924e-007	2251.57	3099.26	3020.47
3096.77	2161.28	571	1.#QNAN	0	0.016	0	2.84936e-007	2248.42	3096.77	3018.19
3094.27	2159.28	572	1.#QNAN	0	0.015	0	2.85486e-007	2255.56	3094.27	3015.91
3091.78	2157.29	573	1.#QNAN	0	0.016	0	2.97701e-007	2268.81	3091.78	3013.63
3089.29	2155.3	574	1.#QNAN	0	0.016	0	2.90389e-007	2249.16	3089.29	3011.35
3086.77	2153.3	575	1.#QNAN	0	0	0	2.80521e-007	2233.78	3086.77	3009.04
3084.3	2151.34	576	1.#QNAN	0	0.015	0	2.78583e-007	2261.38	3084.3	3006.77
3081.79	2149.36	577	1.#QNAN	0	0.016	0	2.83867e-007	2247.71	3081.79	3004.48
3079.33	2147.4	578	1.#QNAN	0	0.015	0	2.87398e-007	2242.46	3079.33	3002.22
3076.83	2145.43	579	1.#QNAN	0	0.016	0	2.72121e-007	2218.48	3076.83	2999.92
3074.37	2143.49	580	1.#QNAN	0	0.016	0	2.89818e-007	2265.23	3074.37	2997.67
3071.94	2141.56	581	1.#QNAN	0	0.015	0	2.98244e-007	2251.72	3071.94	2995.44
3069.51	2139.62	582	1.#QNAN	0	0	0	2.91289e-007	2244.55	3069.51	2993.22
3067.13	2137.73	583	1.#QNAN	0	0.016	0	2.96032e-007	2257.75	3067.13	2991.04
3064.73	2135.8	584	1.#QNAN	0	0.015	0	2.86761e-007	2249.4	3064.73	2988.83
3062.36	2133.93	585	1.#QNAN	0	0.016	0	2.8722e-007	2243.59	3062.36	2986.67
3060	2132.05	586	1.#QNAN	0	0.016	0	2.8141e-007	2250.98	3060	2984.5
3057.6	2130.15	587	1.#QNAN	0	0.015	0	2.8298e-007	2241.44	3057.6	2982.31
3055.26	2128.29	588	1.#QNAN	0	0.016	0	2.84761e-007	2253.49	3055.26	2980.17
3052.88	2126.41	589	1.#QNAN	0	0.015	0	3.03782e-007	2235.3	3052.88	2977.98
3050.52	2124.53	590	1.#QNAN	0	0	0	2.89611e-007	2245.02	3050.52	2975.82
3048.18	2122.66	591	1.#QNAN	0	0.016	0	2.91235e-007	2257.69	3048.18	2973.68
3045.82	2120.79	592	1.#QNAN	0	0.016	0	2.90657e-007	2246.06	3045.82	2971.52
3043.5	2118.93	593	1.#QNAN	0	0.015	0	2.81169e-007	2257.37	3043.5	2969.4
3041.17	2117.06	594	1.#QNAN	0	0.016	0	2.9303e-007	2252.76	3041.17	2967.28
3038.9	2115.25	595	1.#QNAN	0	0.015	0	2.8401e-007	2253.32	3038.9	2965.2
3036.63	2113.42	596	1.#QNAN	0	0	0	2.88873e-007	2263.08	3036.63	2963.12
3034.38	2111.61	597	1.#QNAN	0	0.016	0	2.85862e-007	2254.47	3034.38	2961.08
3032.09	2109.77	598	1.#QNAN	0	0.016	0	2.96174e-007	2248.42	3032.09	2958.98
3029.83	2107.97	599	1.#QNAN	0	0.015	0	2.89659e-007	2233.47	3029.83	2956.92
3027.59	2106.18	600	1.#QNAN	0	0.016	0	2.97358e-007	2251.67	3027.59	2954.88
3025.37	2104.4	601	1.#QNAN	0	0.015	0	3.02952e-007	2239.78	3025.37	2952.85
3023.18	2102.64	602	1.#QNAN	0	0	0	2.94262e-007	2249.52	3023.18	2950.86
3020.95	2100.86	603	1.#QNAN	0	0.016	0	3.00144e-007	2250.84	3020.95	2948.83
3018.73	2099.06	604	1.#QNAN	0	0.016	0	2.8987e-007	2251.27	3018.73	2946.8
3016.52	2097.28	605	1.#QNAN	0	0.015	0	2.85961e-007	2249.28	3016.52	2944.79
3014.31	2095.49	606	1.#QNAN	0	0.016	0	2.93566e-007	2261.65	3014.31	2942.78
3012.11	2093.72	607	1.#QNAN	0	0.015	0	2.96383e-007	2243.97	3012.11	2940.77
3009.95	2092	608	1.#QNAN	0	0.016	0	3.03715e-007	2257.79	3009.95	2938.81
3007.77	2090.24	609	1.#QNAN	0	0	0	2.96857e-007	2241.2	3007.77	2936.82
3005.65	2088.51	610	1.#QNAN	0	0.016	0	2.93654e-007	2258.33	3005.65	2934.88
3003.52	2086.79	611	1.#QNAN	0	0.015	0	2.95058e-007	2261.25	3003.52	2932.94
3001.37	2085.03	612	1.#QNAN	0	0.016	1	2.98945e-007	2245.58	3001.37	2930.98
2999.23	2083.3	613	1.#QNAN	0	0.015	0	2.96824e-007	2238.71	2999.23	2929.02
2997.11	2081.58	614	1.#QNAN	0	0.016	0	2.88821e-007	2248.03	2997.11	2927.09
2995.02	2079.88	615	1.#QNAN	0	0	0	3.01416e-007	2266.73	2995.02	2925.19
2992.93	2078.22	616	1.#QNAN	0	0.016	0	2.95752e-007	2251.41	2992.93	2923.28
2990.86	2076.53	617	1.#QNAN	0	0.015	0	2.8686e-007	2267.18	2990.86	2921.39
2988.8	2074.87	618	1.#QNAN	0	0.016	0	2.88302e-007	2264.87	2988.8	2919.52
2986.74	2073.2	619	1.#QNAN	0	0.015	0	2.93905e-007	2249.7	2986.74	2917.63
2984.69	2071.54	620	1.#QNAN	0	0.016	0	2.91635e-007	2253.68	2984.69	2915.76
2982.64	2069.9	621	1.#QNAN	0	0	0	2.96315e-007	2235.61	2982.64	2913.89
2980.62	2068.27	622	1.#QNAN	0	0.016	0	2.93341e-007	2254.1	2980.62	2912.05
2978.59	2066.63	623	1.#QNAN	0	0.015	0	2.90154e-007	2267.02	2978.59	2910.2
2976.52	2064.98	624	1.#QNAN	0	0.016	0	2.79863e-007	2232.58	2976.52	2908.3
2974.5	2063.35	625	1.#QNAN	0	0.015	0	2.99112e-007	2240.75	2974.5	2906.45
2972.5	2061.74	626	1.#QNAN	0	0.016	0	2.95856e-007	2244.4	2972.5	2904.63
2970.49	2060.12	627	1.#QNAN	0	0.016	0	3.08672e-007	2233.13	2970.49	2902.79
2968.47	2058.52	628	1.#QNAN	0	0	0	3.03964e-007	2218.45	2968.47	2900.94
2966.43	2056.89	629	1.#QNAN	0	0.015	0	3.01836e-007	2238.58	2966.43	2899.07
2964.46	2055.3	630	1.#QNAN	0	0.016	0	3.12497e-007	2252.41	2964.46	2897.27
2962.49	2053.69	631	1.#QNAN	0	0.015	0	2.92376e-007	2240.86	2962.49	2895.47
2960.54	2052.11	632	1.#QNAN	0	0.016	0	3.05498e-007	2239.63	2960.54	2893.69
2958.56	2050.49	633	1.#QNAN	0	0.016	0	3.03192e-007	2235.32	2958.56	2891.87
2956.6	2048.9	634	1.#QNAN	0	0.015	0	3.05513e-007	2236.67	2956.6	2890.08
2954.62	2047.29	635	1.#QNAN	0	0	0	3.0957e-007	2238.61	2954.62	2888.28
2952.65	2045.69	636	1.#QNAN	0	0.016	0	3.01281e-007	2236.38	2952.65	2886.47
2950.71	2044.11	637	1.#QNAN	0	0.015	0	2.97635e-007	2235.46	2950.71	2884.7
2948.77	2042.52	638	1.#QNAN	0	0.016	0	3.02835e-007	2247.75	2948.77	2882.93
2946.83	2040.94	639	1.#QNAN	0	0.016	0	3.10493e-007	2236.42	2946.83	2881.16
2944.89	2039.35	640	1.#QNAN	0	0.015	0	2.96583e-007	2249.38	2944.89	2879.38
2942.95	2037.78	641	1.#QNAN	0	0	0	3.10518e-007	2216.32	2942.95	2877.61
2941.02	2036.22	642	1.#QNAN	0	0.016	0	3.07086e-007	2226.69	2941.02	2875.84
2939.07	2034.65	643	1.#QNAN	0	0.015	0	3.15759e-007	2216.54	2939.07	2874.05
2937.12	2033.08	644	1.#QNAN	0	0.016	0	2.98996e-007	2215.93	2937.12	2872.27
2935.21	2031.55	645	1.#QNAN	0	0.016	0	3.01857e-007	2207.73	2935.21	2870.52
2933.3	2030	646	1.#QNAN	0	0.015	0	2.9893e-007	2215.56	2933.3	2868.77
2931.41	2028.46	647	1.#QNAN	0	0	0	3.08583e-007	2218.97	2931.41	2867.05
2929.56	2026.96	648	1.#QNAN	0	0.016	0	3.01288e-007	2218.34	2929.56	2865.36
2927.72	2025.47	649	1.#QNAN	0	0.015	0	3.19013e-007	2224.26	2927.72	2863.68
2925.87	2023.96	650	1.#QNAN	0	0.016	0	3.0688e-007	2223.47	2925.87	2861.98
2924.01	2022.46	651	1.#QNAN	0	0.016	0	3.06441e-007	2196.94	2924.01	2860.28
2922.16	2020.97	652	1.#QNAN	0	0.015	0	3.06202e-007	2207.94	2922.16	2858.59
2920.34	2019.49	653	1.#QNAN	0	0.016	0	3.14133e-007	2199.63	2920.34	2856.92
2918.54	2018.05	654	1.#QNAN	0	0	0	3.13911e-007	2204.15	2918.54	2855.27
2916.73	2016.58	655	1.#QNAN	0	0.015	0	3.04229e-007	2196.21	2916.73	2853.62
2914.92	2015.12	656	1.#QNAN	0	0.016	0	3.02569e-007	2189.44	2914.92	2851.96
2913.14	2013.7	657	1.#QNAN	0	0.016	0	3.10498e-007	2209.49	2913.14	2850.34
2911.31	2012.22	658	1.#QNAN	0	0.015	0	3.07937e-007	2193.35	2911.31	2848.66
2909.54	2010.79	659	1.#QNAN	0	0.016	0	3.01985e-007	2202.45	2909.54	2847.04
2907.71	2009.33	660	1.#QNAN	0	0	0	3.00754e-007	2181.19	2907.71	2845.36
2905.93	2007.93	661	1.#QNAN	0	0.015	0	3.16114e-007	2192.55	2905.93	2843.73
2904.17	2006.5	662	1.#QNAN	0	0.016	0	3.0806e-007	2202.98	2904.17	2842.11
2902.38	2005.05	663	1.#QNAN	0	0.016	0	3.12085e-007	2190.4	2902.38	2840.48
2900.61	2003.62	664	1.#QNAN	0	0.015	0	3.09381e-007	2207.11	2900.61	2838.86
2898.85	2002.2	665	1.#QNAN	0	0.016	0	3.15065e-007	2206.18	2898.85	2837.25
2897.07	2000.78	666	1.#QNAN	0	0.015	0	3.08428e-007	2167.58	2897.07	2835.62
2895.29	1999.34	667	1.#QNAN	0	0.016	0	3.11772e-007	2186.59	2895.29	2833.99
2893.55	1997.91	668	1.#QNAN	0	0	0	3.12935e-007	2192.47	2893.55	2832.39
2891.82	1996.5	669	1.#QNAN	0	0.016	0	3.00747e-007	2193.72	2891.82	2830.81
2890.1	1995.1	670	1.#QNAN	0	0.015	0	3.11802e-007	2192.63	2890.1	2829.23
2888.37	1993.73	671	1.#QNAN	0	0.016	0	3.06029e-007	2192.24	2888.37	2827.65
2886.64	1992.32	672	1.#QNAN	0	0.015	0	2.99158e-007	2194.59	2886.64	2826.06
2884.96	1990.95	673	1.#QNAN	0	0.016	0	3.15092e-007	2217.27	2884.96	2824.52
2883.27	1989.57	674	1.#QNAN	0	0.016	0	3.09592e-007	2219.22	2883.27	2822.98
2881.57	1988.22	675	1.#QNAN	0	0	0	2.97306e-007	2171.68	2881.57	2821.42
2879.88	1986.86	676	1.#QNAN	0	0.015	0	3.05174e-007	2213.05	2879.88	2819.88
2878.19	1985.49	677	1.#QNAN	0	0.016	0	3.12665e-007	2192.09	2878.19	2818.33
2876.51	1984.13	678	1.#QNAN	0	0.015	0	3.139e-007	2191.19	2876.51	2816.79
2874.85	1982.78	679	1.#QNAN	0	0.016	0	3.13788e-007	2211	2874.85	2815.27
2873.16	1981.4	680	1.#QNAN	0	0.016	0	3.04728e-007	2207.67	2873.16	2813.72
2871.49	1980.04	681	1.#QNAN	0	0	0	3.17229e-007	2191.72	2871.49	2812.19
2869.82	1978.67	682	1.#QNAN	0	0.015	0	3.08083e-007	2195.07	2869.82	2810.66
2868.16	1977.31	683	1.#QNAN	0	0.016	0	3.05047e-007	2185.33	2868.16	2809.14
2866.48	1975.95	684	1.#QNAN	0	0.015	0	3.11326e-007	2180.67	2866.48	2807.61
2864.86	1974.6	685	1.#QNAN	0	0.016	0	3.14816e-007	2216.63	2864.86	2806.12
2863.25	1973.28	686	1.#QNAN	0	0.016	0	3.09573e-007	2205.24	2863.25	2804.66
2861.64	1971.96	687	1.#QNAN	0	0.015	0	3.09402e-007	2208.42	2861.64	2803.19
2860.04	1970.66	688	1.#QNAN	0	0	0	3.07504e-007	2210.02	2860.04	2801.73
2858.42	1969.35	689	1.#QNAN	0	0.016	1	3.13031e-007	2192.68	2858.42	2800.24
2856.79	1968.04	690	1.#QNAN	0	0.015	0	3.19981e-007	2191.58	2856.79	2798.75
2855.21	1966.73	691	1.#QNAN	0	0.016	0	3.0993e-007	2219.38	2855.21	2797.31
2853.59	1965.41	692	1.#QNAN	0	0.016	0	3.19309e-007	2191.89	2853.59	2795.82
2852	1964.09	693	1.#QNAN	0	0.015	0	3.17237e-007	2224.95	2852	2794.37
2850.37	1962.76	694	1.#QNAN	0	0	0	3.01858e-007	2197.04	2850.37	2792.88
2848.76	1961.42	695	1.#QNAN	0	0.016	0	3.09886e-007	2199.97	2848.76	2791.4
2847.14	1960.1	696	1.#QNAN	0	0.015	0	3.21775e-007	2172.77	2847.14	2789.92
2845.52	1958.77	697	1.#QNAN	0	0.016	0	3.12777e-007	2195.16	2845.52	2788.43
2843.92	1957.44	698	1.#QNAN	0	0.016	0	3.11986e-007	2202.74	2843.92	2786.97
2842.35	1956.13	699	1.#QNAN	0	0.015	0	3.21518e-007	2214.49	2842.35	2785.53
2840.75	1954.77	700	1.#QNAN	0	0	0	3.17623e-007	2207.6	2840.75	2784.06
2839.16	1953.47	701	1.#QNAN	0	0.016	0	3.07575e-007	2182.67	2839.16	2782.61
2837.59	1952.14	702	1.#QNAN	0	0.015	0	3.15171e-007	2214.01	2837.59	2781.17
2836.01	1950.82	703	1.#QNAN	0	0.016	0	3.16454e-007	2211.72	2836.01	2779.73
2834.44	1949.51	704	1.#QNAN	0	0.016	0	3.05657e-007	2193.29	2834.44	2778.29
2832.87	1948.21	705	1.#QNAN	0	0.015	0	3.21305e-007	2205.77	2832.87	2776.85
2831.28	1946.87	706	1.#QNAN	0	0.016	0	3.13263e-007	2203.9	2831.28	2775.39
2829.71	1945.58	707	1.#QNAN	0	0	0	3.1277e-007	2209.74	2829.71	2773.96
2828.17	1944.3	708	1.#QNAN	0	0.015	0	3.12596e-007	2206.96	2828.17	2772.55
2826.66	1943.05	709	1.#QNAN	0	0.016	0	3.21803e-007	2225.4	2826.66	2771.16
2825.12	1941.8	710	1.#QNAN	0	0.016	0	3.14302e-007	2203.82	2825.12	2769.75
2823.61	1940.56	711	1.#QNAN	0	0.015	0	3.24772e-007	2217.88	2823.61	2768.38
2822.13	1939.34	712	1.#QNAN	0	0.016	0	3.12024e-007	2206.55	2822.13	2767.02
2820.64	1938.1	713	1.#QNAN	0	0.015	0	3.23659e-007	2211.83	2820.64	2765.66
2819.14	1936.86	714	1.#QNAN	0	0	0	3.23206e-007	2198.8	2819.14	2764.29
2817.65	1935.63	715	1.#QNAN	0	0.016	0	3.14503e-007	2210.61	2817.65	2762.92
2816.17	1934.42	716	1.#QNAN	0	0.016	0	3.13272e-007	2211.95	2816.17	2761.58
2814.71	1933.19	717	1.#QNAN	0	0.015	0	3.21356e-007	2221.54	2814.71	2760.24
2813.26	1932	718	1.#QNAN	0	0.016	0	3.24674e-007	2209.59	2813.26	2758.91
2811.81	1930.79	719	1.#QNAN	0	0.015	0	3.2375e-007	2220.43	2811.81	2757.58
2810.35	1929.58	720	1.#QNAN	0	0.016	0	3.12769e-007	2208.3	2810.35	2756.25
2808.91	1928.38	721	1.#QNAN	0	0	0	3.18391e-007	2220.34	2808.91	2754.94
2807.44	1927.16	722	1.#QNAN	0	0.016	0	3.27552e-007	2200.53	2807.44	2753.59
2805.99	1925.96	723	1.#QNAN	0	0.015	0	3.20018e-007	2209.45	2805.99	2752.26
2804.55	1924.75	724	1.#QNAN	0	0.016	0	3.2178e-007	2209.63	2804.55	2750.94
2803.11	1923.55	725	1.#QNAN	0	0.015	0	3.13234e-007	2193.94	2803.11	2749.62
2801.69	1922.37	726	1.#QNAN	0	0.016	0	3.09333e-007	2200.47	2801.69	2748.33
2800.27	1921.19	727	1.#QNAN	0	0.016	0	3.21068e-007	2214.33	2800.27	2747.03
2798.86	1920.04	728	1.#QNAN	0	0	0	3.28889e-007	2208.02	2798.86	2745.74
2797.45	1918.87	729	1.#QNAN	0	0.015	0	3.24103e-007	2206.2	2797.45	2744.45
2796.04	1917.69	730	1.#QNAN	0	0.016	0	3.12448e-007	2213.11	2796.04	2743.16
2794.63	1916.52	731	1.#QNAN	0	0.015	0	3.20398e-007	2219.22	2794.63	2741.87
2793.21	1915.33	732	1.#QNAN	0	0.016	0	3.18642e-007	2187.46	2793.21	2740.57
2791.82	1914.2	733	1.#QNAN	0	0.016	0	3.16904e-007	2200.98	2791.82	2739.31
2790.4	1913.02	734	1.#QNAN	0	0	0	3.16855e-007	2181.85	2790.4	2738
2789.02	1911.86	735	1.#QNAN	0	0.015	0	3.16787e-007	2203.99	2789.02	2736.74
2787.64	1910.71	736	1.#QNAN	0	0.016	0	3.1736e-007	2200.78	2787.64	2735.47
2786.24	1909.55	737	1.#QNAN	0	0.015	0	3.25151e-007	2181.89	2786.24	2734.19
2784.85	1908.4	738	1.#QNAN	0	0.016	0	3.20042e-007	2206.45	2784.85	2732.92
2783.48	1907.26	739	1.#QNAN	0	0.016	0	3.2121e-007	2208.63	2783.48	2731.66
2782.12	1906.12	740	1.#QNAN	0	0.015	0	3.15042e-007	2204.59	2782.12	2730.42
2780.75	1904.98	741	1.#QNAN	0	0	0	3.2118e-007	2190.93	2780.75	2729.17
2779.37	1903.83	742	1.#QNAN	0	0.016	0	3.2551e-007	2178.28	2779.37	2727.9
2778.01	1902.71	743	1.#QNAN	0	0.015	0	3.12866e-007	2198.49	2778.01	2726.66
2776.64	1901.56	744	1.#QNAN	0	0.016	0	3.27452e-007	2196.79	2776.64	2725.4
2775.27	1900.43	745	1.#QNAN	0	0.016	0	3.29606e-007	2180.26	2775.27	2724.14
2773.91	1899.3	746	1.#QNAN	0	0.015	0	3.27147e-007	2191.77	2773.91	2722.9
2772.58	1898.18	747	1.#QNAN	0	0.016	0	3.28848e-007	2207.98	2772.58	2721.68
2771.24	1897.05	748	1.#QNAN	0	0	0	3.38762e-007	2195.64	2771.24	2720.45
2769.92	1895.94	749	1.#QNAN	0	0.015	0	3.20203e-007	2202.6	2769.92	2719.25
2768.61	1894.83	750	1.#QNAN	0	0.016	0	3.30998e-007	2213.27	2768.61	2718.05
2767.3	1893.73	751	1.#QNAN	0	0.016	0	3.27926e-007	2204.5	2767.3	2716.85
2765.98	1892.62	752	1.#QNAN	0	0.015	0	3.26286e-007	2192.01	2765.98	2715.63
2764.61	1891.49	753	1.#QNAN	0	0.016	0	3.23085e-007	2161.59	2764.61	2714.38
2763.29	1890.39	754	1.#QNAN	0	0	0	3.38902e-007	2192.57	2763.29	2713.17
2761.94	1889.26	755	1.#QNAN	0	0.015	0	3.29636e-007	2173.39	2761.94	2711.93
2760.61	1888.14	756	1.#QNAN	0	0.016	0	3.39282e-007	2195.03	2760.61	2710.71
2759.29	1887.04	757	1.#QNAN	0	0.016	0	3.26824e-007	2189.65	2759.29	2709.5
2757.96	1885.91	758	1.#QNAN	0	0.015	0	3.35397e-007	2173.88	2757.96	2708.28
2756.62	1884.79	759	1.#QNAN	0	0.016	0	3.42648e-007	2188.05	2756.62	2707.05
2755.3	1883.69	760	1.#QNAN	0	0	0	3.18957e-007	2176.35	2755.3	2705.84
2753.98	1882.58	761	1.#QNAN	0	0.015	0	3.2973e-007	2170.98	2753.98	2704.63
2752.63	1881.47	762	1.#QNAN	0	0.016	0	3.33738e-007	2135.1	2752.63	2703.38
2751.29	1880.35	763	1.#QNAN	0	0.016	0	3.29421e-007	2165.45	2751.29	2702.15
2749.99	1879.27	764	1.#QNAN	0	0.015	1	3.25743e-007	2190.63	2749.99	2700.96
2748.67	1878.18	765	1.#QNAN	0	0.016	0	3.30776e-007	2159.46	2748.67	2699.76
2747.36	1877.09	766	1.#QNAN	0	0.015	0	3.27075e-007	2149.93	2747.36	2698.55
2746.06	1875.99	767	1.#QNAN	0	0	0	3.20934e-007	2166.98	2746.06	2697.36
2744.76	1874.92	768	1.#QNAN	0	0.016	0	3.27758e-007	2155.99	2744.76	2696.16
2743.42	1873.83	769	1.#QNAN	0	0.016	0	3.25367e-007	2133.64	2743.42	2694.93
2742.11	1872.76	770	1.#QNAN	0	0.015	0	3.26565e-007	2139.59	2742.11	2693.73
2740.83	1871.69	771	1.#QNAN	0	0.016	0	3.2736e-007	2160.68	2740.83	2692.55
2739.49	1870.59	772	1.#QNAN	0	0.015	0	3.3149e-007	2121.05	2739.49	2691.32
2738.16	1869.5	773	1.#QNAN	0	0	0	3.27208e-007	2138.45	2738.16	2690.09
2736.88	1868.43	774	1.#QNAN	0	0.016	0	3.31767e-007	2154.48	2736.88	2688.92
2735.57	1867.36	775	1.#QNAN	0	0.016	0	3.17106e-007	2136.8	2735.57	2687.71
2734.26	1866.29	776	1.#QNAN	0	0.015	0	3.23474e-007	2148.42	2734.26	2686.51
2733.01	1865.24	777	1.#QNAN	0	0.016	0	3.28321e-007	2188.38	2733.01	2685.36
2731.76	1864.21	778	1.#QNAN	0	0.015	0	3.18689e-007	2168.51	2731.76	2684.22
2730.51	1863.16	779	1.#QNAN	0	0	0	3.21387e-007	2178.56	2730.51	2683.07
2729.24	1862.11	780	1.#QNAN	0	0.016	0	3.26253e-007	2160.29	2729.24	2681.91
2728.01	1861.06	781	1.#QNAN	0	0.016	0	3.22136e-007	2180.62	2728.01	2680.78
2726.76	1859.99	782	1.#QNAN	0	0.015	0	3.26811e-007	2184.3	2726.76	2679.64
2725.52	1858.95	783	1.#QNAN	0	0.016	0	3.30688e-007	2165.48	2725.52	2678.49
2724.3	1857.91	784	1.#QNAN	0	0.015	0	3.33673e-007	2171.75	2724.3	2677.38
2723.09	1856.88	785	1.#QNAN	0	0.016	0	3.21671e-007	2188.99	2723.09	2676.27
2721.84	1855.83	786	1.#QNAN	0	0.016	0	3.33197e-007	2154.44	2721.84	2675.12
2720.59	1854.76	787	1.#QNAN	0	0	0	3.38686e-007	2153.91	2720.59	2673.97
2719.38	1853.74	788	1.#QNAN	0	0.015	0	3.26919e-007	2164.87	2719.38	2672.87
2718.15	1852.69	789	1.#QNAN	0	0.016	0	3.29012e-007	2144.42	2718.15	2671.74
2716.92	1851.67	790	1.#QNAN	0	0.015	0	3.27785e-007	2140.24	2716.92	2670.6
2715.68	1850.63	791	1.#QNAN	0	0.016	0	3.32817e-007	2135.89	2715.68	2669.46
2714.47	1849.61	792	1.#QNAN	0	0.016	0	3.16588e-007	2164.36	2714.47	2668.35
2713.26	1848.59	793	1.#QNAN	0	0.015	0	3.43321e-007	2169.81	2713.26	2667.24
2712.03	1847.55	794	1.#QNAN	0	0	0	3.278e-007	2136.57	2712.03	2666.1
2710.82	1846.53	795	1.#QNAN	0	0.016	0	3.38744e-007	2151.09	2710.82	2665
2709.63	1845.54	796	1.#QNAN	0	0.015	0	3.2968e-007	2164.07	2709.63	2663.9
2708.44	1844.55	797	1.#QNAN	0	0.016	0	3.27655e-007	2161.97	2708.44	2662.81
2707.25	1843.55	798	1.#QNAN	0	0.016	0	3.20955e-007	2166.81	2707.25	2661.72
2706.05	1842.55	799	1.#QNAN	0	0.015	0	3.37245e-007	2141.72	2706.05	2660.62
2704.87	1841.56	800	1.#QNAN	0	0.016	0	3.29989e-007	2160.39	2704.87	2659.53
2703.68	1840.57	801	1.#QNAN	0	0	0	3.27012e-007	2157.97	2703.68	2658.45
2702.5	1839.58	802	1.#QNAN	0	0.015	0	3.27427e-007	2158.95	2702.5	2657.36
2701.33	1838.6	803	1.#QNAN	0	0.016	0	3.3943e-007	2157.37	2701.33	2656.29
2700.2	1837.62	804	1.#QNAN	0	0.016	0	3.15498e-007	2180.61	2700.2	2655.24
2699.03	1836.62	805	1.#QNAN	0	0.015	0	3.21776e-007	2170.85	2699.03	2654.18
2697.89	1835.65	806	1.#QNAN	0	0.016	0	3.30211e-007	2170.96	2697.89	2653.12
2696.75	1834.68	807	1.#QNAN	0	0.015	0	3.2079e-007	2166.06	2696.75	2652.07
2695.61	1833.72	808	1.#QNAN	0	0	0	3.27663e-007	2165.61	2695.61	2651.03
2694.47	1832.74	809	1.#QNAN	0	0.016	0	3.22561e-007	2173.15	2694.47	2649.98
2693.33	1831.76	810	1.#QNAN	0	0.016	0	3.22554e-007	2176.01	2693.33	2648.94
2692.17	1830.8	811	1.#QNAN	0	0.015	0	3.31896e-007	2149.33	2692.17	2647.87
2691.02	1829.84	812	1.#QNAN	0	0.016	0	3.34821e-007	2160.86	2691.02	2646.81
2689.89	1828.88	813	1.#QNAN	0	0.015	0	3.27025e-007	2178.96	2689.89	2645.78
2688.8	1827.93	814	1.#QNAN	0	0.016	0	3.34847e-007	2189.71	2688.8	2644.77
2687.7	1826.98	815	1.#QNAN	0	0	0	3.25995e-007	2194.94	2687.7	2643.77
2686.58	1826.02	816	1.#QNAN	0	0.016	0	3.4243e-007	2191.41	2686.58	2642.74
2685.48	1825.08	817	1.#QNAN	0	0.015	0	3.41988e-007	2181.29	2685.48	2641.74
2684.39	1824.14	818	1.#QNAN	0	0.016	0	3.40184e-007	2170.75	2684.39	2640.74
2683.27	1823.18	819	1.#QNAN	0	0.015	0	3.42796e-007	2165.92	2683.27	2639.71
2682.18	1822.25	820	1.#QNAN	0	0.016	0	3.21769e-007	2173.6	2682.18	2638.71
2681.12	1821.32	821	1.#QNAN	0	0	0	3.28371e-007	2200.38	2681.12	2637.74
2680.03	1820.4	822	1.#QNAN	0	0.016	0	3.34417e-007	2169.28	2680.03	2636.74
2678.9	1819.45	823	1.#QNAN	0	0.015	0	3.30736e-007	2158.99	2678.9	2635.7
2677.79	1818.5	824	1.#QNAN	0	0.016	0	3.2491e-007	2161.91	2677.79	2634.68
2676.69	1817.58	825	1.#QNAN	0	0.015	0	3.40515e-007	2155.26	2676.69	2633.68
2675.61	1816.66	826	1.#QNAN	0	0.016	0	3.40896e-007	2164.22	2675.61	2632.68
2674.53	1815.72	827	1.#QNAN	0	0.016	0	3.25959e-007	2167.08	2674.53	2631.68
2673.42	1814.78	828	1.#QNAN	0	0	0	3.38157e-007	2155.48	2673.42	2630.67
2672.35	1813.86	829	1.#QNAN	0	0.015	0	3.27312e-007	2165.23	2672.35	2629.69
2671.29	1812.94	830	1.#QNAN	0	0.016	0	3.33282e-007	2179.34	2671.29	2628.72
2670.2	1812.02	831	1.#QNAN	0	0.015	0	3.34799e-007	2147.37	2670.2	2627.71
2669.13	1811.09	832	1.#QNAN	0	0.016	0	3.40296e-007	2158.2	2669.13	2626.73
2668.07	1810.19	833	1.#QNAN	0	0.016	0	3.27104e-007	2168.04	2668.07	2625.76
2666.99	1809.26	834	1.#QNAN	0	0.015	0	3.39517e-007	2161.96	2666.99	2624.77
2665.94	1808.34	835	1.#QNAN	0	0	0	3.29974e-007	2187.8	2665.94	2623.82
2664.88	1807.43	836	1.#QNAN	0	0.016	0	3.25562e-007	2164.68	2664.88	2622.85
2663.85	1806.52	837	1.#QNAN	0	0.015	0	3.22479e-007	2186.2	2663.85	2621.9
2662.83	1805.62	838	1.#QNAN	0	0.016	0	3.39781e-007	2192.73	2662.83	2620.96
2661.81	1804.73	839	1.#QNAN	0	0.016	1	3.33332e-007	2191.5	2661.81	2620.03
2660.78	1803.83	840	1.#QNAN	0	0.015	0	3.34592e-007	2168.6	2660.78	2619.08
2659.77	1802.94	841	1.#QNAN	0	0.016	0	3.29775e-007	2192.09	2659.77	2618.16
2658.74	1802.03	842	1.#QNAN	0	0	0	3.37899e-007	2179.3	2658.74	2617.22
2657.71	1801.12	843	1.#QNAN	0	0.015	0	3.26072e-007	2171.77	2657.71	2616.27
2656.7	1800.22	844	1.#QNAN	0	0.016	0	3.39196e-007	2196.71	2656.7	2615.35
2655.69	1799.34	845	1.#QNAN	0	0.016	0	3.10102e-007	2175.31	2655.69	2614.42
2654.65	1798.42	846	1.#QNAN	0	0.015	0	3.27363e-007	2182.6	2654.65	2613.47
2653.63	1797.53	847	1.#QNAN	0	0.016	0	3.27879e-007	2174.72	2653.63	2612.54
2652.63	1796.64	848	1.#QNAN	0	0	0	3.44582e-007	2169.11	2652.63	2611.62
2651.63	1795.75	849	1.#QNAN	0	0.015	0	3.29271e-007	2192.38	2651.63	2610.71
2650.63	1794.85	850	1.#QNAN	0	0.016	0	3.39127e-007	2180.73	2650.63	2609.79
2649.63	1793.97	851	1.#QNAN	0	0.016	0	3.20229e-007	2166.03	2649.63	2608.87
2648.64	1793.09	852	1.#QNAN	0	0.015	0	3.35595e-007	2201.32	2648.64	2607.96
2647.66	1792.22	853	1.#QNAN	0	0.016	0	3.30337e-007	2175.57	2647.66	2607.06
2646.66	1791.34	854	1.#QNAN	0	0.015	0	3.38558e-007	2161.63	2646.66	2606.14
2645.64	1790.46	855	1.#QNAN	0	0.016	0	3.25843e-007	2168.16	2645.64	2605.21
2644.61	1789.56	856	1.#QNAN	0	0	0	3.44859e-007	2152.1	2644.61	2604.26
2643.59	1788.67	857	1.#QNAN	0	0.016	0	3.34543e-007	2148.31	2643.59	2603.32
2642.61	1787.82	858	1.#QNAN	0	0.015	0	3.48909e-007	2169.08	2642.61	2602.42
2641.6	1786.93	859	1.#QNAN	0	0.016	0	3.31488e-007	2147.41	2641.6	2601.49
2640.6	1786.06	860	1.#QNAN	0	0.015	0	3.44373e-007	2148.86	2640.6	2600.57
2639.6	1785.17	861	1.#QNAN	0	0.016	0	3.34085e-007	2161.97	2639.6	2599.65
2638.61	1784.31	862	1.#QNAN	0	0.016	0	3.43394e-007	2147.98	2638.61	2598.75
2637.61	1783.46	863	1.#QNAN	0	0.015	0	3.40636e-007	2122.23	2637.61	2597.83
2636.61	1782.59	864	1.#QNAN	0	0.016	0	3.27327e-007	2125.63	2636.61	2596.9
2635.64	1781.74	865	1.#QNAN	0	0	0	3.40063e-007	2169.22	2635.64	2596.01
2634.67	1780.88	866	1.#QNAN	0	0.015	0	3.44921e-007	2155.57	2634.67	2595.12
2633.71	1780.04	867	1.#QNAN	0	0.016	0	3.34284e-007	2158.65	2633.71	2594.25
2632.79	1779.22	868	1.#QNAN	0	0.016	0	3.46265e-007	2185.78	2632.79	2593.4
2631.84	1778.39	869	1.#QNAN	0	0.015	0	3.42771e-007	2178.9	2631.84	2592.53
2630.9	1777.54	870	1.#QNAN	0	0.016	0	3.41739e-007	2170.2	2630.9	2591.66
2629.96	1776.7	871	1.#QNAN	0	0.015	0	3.47634e-007	2172.96	2629.96	2590.8
2629.03	1775.88	872	1.#QNAN	0	0.016	0	3.39749e-007	2179.68	2629.03	2589.95
2628.09	1775.06	873	1.#QNAN	0	0	0	3.3071e-007	2155.92	2628.09	2589.09
2627.12	1774.21	874	1.#QNAN	0	0.016	0	3.38738e-007	2155.38	2627.12	2588.2
2626.16	1773.38	875	1.#QNAN	0	0.015	0	3.32975e-007	2144.85	2626.16	2587.32
2625.23	1772.54	876	1.#QNAN	0	0.016	0	3.38876e-007	2177.48	2625.23	2586.47
2624.31	1771.71	877	1.#QNAN	0	0.015	0	3.31638e-007	2172.67	2624.31	2585.62
2623.37	1770.88	878	1.#QNAN	0	0.016	0	3.34041e-007	2151.42	2623.37	2584.75
2622.45	1770.05	879	1.#QNAN	0	0.016	0	3.20016e-007	2167.35	2622.45	2583.91
2621.51	1769.22	880	1.#QNAN	0	0	0	3.35772e-007	2161.31	2621.51	2583.05
2620.58	1768.39	881	1.#QNAN	0	0.015	0	3.33271e-007	2162.6	2620.58	2582.2
2619.66	1767.57	882	1.#QNAN	0	0.016	0	3.4513e-007	2156.53	2619.66	2581.35
2618.76	1766.75	883	1.#QNAN	0	0.015	0	3.35628e-007	2154.34	2618.76	2580.52
2617.87	1765.94	884	1.#QNAN	0	0.016	0	3.39673e-007	2174.78	2617.87	2579.71
2616.94	1765.13	885	1.#QNAN	0	0.016	0	3.47173e-007	2132.23	2616.94	2578.86
2616.03	1764.31	886	1.#QNAN	0	0.015	0	3.46241e-007	2165.72	2616.03	2578.02
2615.11	1763.49	887	1.#QNAN	0	0.016	0	3.38728e-007	2141.03	2615.11	2577.17
2614.17	1762.64	888	1.#QNAN	0	0	0	3.37843e-007	2137.21	2614.17	2576.31
2613.26	1761.83	889	1.#QNAN	0	0.015	0	3.50526e-007	2152.05	2613.26	2575.48
2612.38	1761.03	890	1.#QNAN	0	0.016	0	3.44181e-007	2164.47	2612.38	2574.67
2611.5	1760.25	891	1.#QNAN	0	0.016	0	3.41861e-007	2170.88	2611.5	2573.86
2610.59	1759.45	892	1.#QNAN	0	0.015	0	3.43201e-007	2136.43	2610.59	2573.02
2609.68	1758.65	893	1.#QNAN	0	0.016	0	3.4814e-007	2155.57	2609.68	2572.19
2608.8	1757.88	894	1.#QNAN	0	0.015	0	3.46023e-007	2164.35	2608.8	2571.39
2607.89	1757.08	895	1.#QNAN	0	0	0	3.56313e-007	2145.78	2607.89	2570.55
2607.02	1756.31	896	1.#QNAN	0	0.016	0	3.49687e-007	2171.13	2607.02	2569.75
2606.12	1755.52	897	1.#QNAN	0	0.016	0	3.53505e-007	2151.8	2606.12	2568.92
2605.23	1754.72	898	1.#QNAN	0	0.015	0	3.42394e-007	2162.06	2605.23	2568.1
2604.34	1753.92	899	1.#QNAN	0	0.016	0	3.36984e-007	2167.8	2604.34	2567.29
2603.45	1753.13	900	1.#QNAN	0	0.015	0	3.5801e-007	2151.42	2603.45	2566.47
2602.55	1752.33	901	1.#QNAN	0	0	0	3.32592e-007	2154.89	2602.55	2565.65
2601.69	1751.55	902	1.#QNAN	0	0.016	0	3.33912e-007	2185.12	2601.69	2564.86
2600.83	1750.76	903	1.#QNAN	0	0.016	0	3.27644e-007	2185.57	2600.83	2564.06
2599.95	1749.97	904	1.#QNAN	0	0.015	0	3.37929e-007	2161.15	2599.95	2563.26
2599.09	1749.18	905	1.#QNAN	0	0.016	0	3.41426e-007	2168.98	2599.09	2562.47
2598.2	1748.4	906	1.#QNAN	0	0.015	0	3.34588e-007	2147.44	2598.2	2561.65
2597.33	1747.63	907	1.#QNAN	0	0	0	3.39713e-007	2147.52	2597.33	2560.85
2596.47	1746.86	908	1.#QNAN	0	0.016	0	3.41704e-007	2143.36	2596.47	2560.05
2595.59	1746.1	909	1.#QNAN	0	0.016	0	3.48706e-007	2137.57	2595.59	2559.25
2594.72	1745.33	910	1.#QNAN	0	0.015	0	3.50215e-007	2142.81	2594.72	2558.44
2593.85	1744.56	911	1.#QNAN	0	0.016	0	3.48824e-007	2161.6	2593.85	2557.64
2592.98	1743.79	912	1.#QNAN	0	0.015	0	3.43972e-007	2143	2592.98	2556.83
2592.09	1742.99	913	1.#QNAN	0	0.016	1	3.53635e-007	2152.38	2592.09	2556.02
2591.23	1742.21	914	1.#QNAN	0	0.016	0	3.55953e-007	2149.35	2591.23	2555.22
2590.39	1741.45	915	1.#QNAN	0	0.015	0	3.40887e-007	2162.16	2590.39	2554.46
2589.53	1740.67	916	1.#QNAN	0	0	0	3.45627e-007	2146.57	2589.53	2553.66
2588.65	1739.89	917	1.#QNAN	0	0.016	0	3.42762e-007	2141.46	2588.65	2552.86
2587.77	1739.12	918	1.#QNAN	0	0.015	0	3.3988e-007	2112.57	2587.77	2552.04
2586.89	1738.36	919	1.#QNAN	0	0.016	0	3.46364e-007	2132.77	2586.89	2551.23
2586.04	1737.6	920	1.#QNAN	0	0.016	0	3.53654e-007	2154.99	2586.04	2550.45
2585.16	1736.82	921	1.#QNAN	0	0.015	0	3.35043e-007	2135.18	2585.16	2549.64
2584.31	1736.06	922	1.#QNAN	0	0.016	0	3.47911e-007	2147.73	2584.31	2548.86
2583.44	1735.29	923	1.#QNAN	0	0.015	0	3.49047e-007	2125.32	2583.44	2548.06
2582.59	1734.53	924	1.#QNAN	0	0	0	3.47714e-007	2145.94	2582.59	2547.28
2581.73	1733.78	925	1.#QNAN	0	0.016	0	3.39197e-007	2145.07	2581.73	2546.49
2580.88	1733.04	926	1.#QNAN	0	0.016	0	3.43618e-007	2135.11	2580.88	2545.7
2580.03	1732.28	927	1.#QNAN	0	0.015	0	3.44995e-007	2139.63	2580.03	2544.92
2579.17	1731.54	928	1.#QNAN	0	0.016	0	3.50978e-007	2118.96	2579.17	2544.13
2578.31	1730.8	929	1.#QNAN	0	0.015	0	3.45642e-007	2120.48	2578.31	2543.34
2577.46	1730.06	930	1.#QNAN	0	0	0	3.53645e-007	2115.08	2577.46	2542.56
2576.59	1729.32	931	1.#QNAN	0	0.016	0	3.58017e-007	2101.79	2576.59	2541.76
2575.74	1728.59	932	1.#QNAN	0	0.016	0	3.46705e-007	2099.61	2575.74	2540.97
2574.9	1727.87	933	1.#QNAN	0	0.015	0	3.40084e-007	2121.48	2574.9	2540.19
2574.06	1727.13	934	1.#QNAN	0	0.016	0	3.52946e-007	2129.13	2574.06	2539.42
2573.23	1726.4	935	1.#QNAN	0	0.015	0	3.54023e-007	2108.84	2573.23	2538.66
2572.39	1725.67	936	1.#QNAN	0	0.016	0	3.42296e-007	2119.35	2572.39	2537.88
2571.59	1724.96	937	1.#QNAN	0	0.016	0	3.602e-007	2138.55	2571.59	2537.14
2570.76	1724.23	938	1.#QNAN	0	0	0	3.55914e-007	2135.51	2570.76	2536.39
2569.95	1723.52	939	1.#QNAN	0	0.015	0	3.67241e-007	2133.68	2569.95	2535.64
2569.14	1722.81	940	1.#QNAN	0	0.016	0	3.47751e-007	2117.69	2569.14	2534.89
2568.32	1722.1	941	1.#QNAN	0	0.015	0	3.55412e-007	2114.12	2568.32	2534.14
2567.46	1721.35	942	1.#QNAN	0	0.016	0	3.41259e-007	2100.7	2567.46	2533.34
2566.65	1720.65	943	1.#QNAN	0	0.016	0	3.53161e-007	2123.85	2566.65	2532.6
2565.84	1719.95	944	1.#QNAN	0	0	0	3.54887e-007	2116.95	2565.84	2531.85
2565.03	1719.24	945	1.#QNAN	0	0.015	0	3.56591e-007	2126.43	2565.03	2531.1
2564.23	1718.55	946	1.#QNAN	0	0.016	0	3.50731e-007	2134.05	2564.23	2530.37
2563.41	1717.83	947	1.#QNAN	0	0.015	0	3.60375e-007	2115.36	2563.41	2529.61
2562.6	1717.11	948	1.#QNAN	0	0.016	0	3.5828e-007	2112.36	2562.6	2528.87
2561.77	1716.4	949	1.#QNAN	0	0.016	0	3.4641e-007	2102.98	2561.77	2528.1
2560.94	1715.69	950	1.#QNAN	0	0.015	0	3.60615e-007	2087.31	2560.94	2527.33
2560.11	1714.98	951	1.#QNAN	0	0.016	0	3.47656e-007	2087.05	2560.11	2526.57
2559.28	1714.27	952	1.#QNAN	0	0	0	3.56348e-007	2098.18	2559.28	2525.8
2558.45	1713.56	953	1.#QNAN	0	0	0	3.51293e-007	2087.42	2558.45	2525.03
2557.64	1712.87	954	1.#QNAN	0	0.016	0	3.54474e-007	2120.83	2557.64	2524.28
2556.85	1712.18	955	1.#QNAN	0	0.016	0	3.33805e-007	2115.88	2556.85	2523.55
2556.02	1711.46	956	1.#QNAN	0	0.015	0	3.46751e-007	2090.16	2556.02	2522.78
2555.21	1710.76	957	1.#QNAN	0	0.016	0	3.50048e-007	2106.48	2555.21	2522.03
2554.38	1710.06	958	1.#QNAN	0	0.015	0	3.494e-007	2097.89	2554.38	2521.27
2553.57	1709.37	959	1.#QNAN	0	0.016	0	3.56124e-007	2099.77	2553.57	2520.52
2552.74	1708.66	960	1.#QNAN	0	0	0	3.59201e-007	2086.94	2552.74	2519.76
2551.93	1707.95	961	1.#QNAN	0	0.016	0	3.51664e-007	2105.83	2551.93	2519
2551.14	1707.27	962	1.#QNAN	0	0.015	0	3.56149e-007	2119.97	2551.14	2518.28
2550.36	1706.6	963	1.#QNAN	0	0.016	0	3.52274e-007	2103.72	2550.36	2517.55
2549.54	1705.91	964	1.#QNAN	0	0.015	0	3.68772e-007	2087.3	2549.54	2516.8
2548.78	1705.26	965	1.#QNAN	0	0.016	0	3.51811e-007	2134.74	2548.78	2516.1
2547.99	1704.59	966	1.#QNAN	0	0	0	3.6488e-007	2101.65	2547.99	2515.36
2547.23	1703.93	967	1.#QNAN	0	0.016	0	3.65514e-007	2122.55	2547.23	2514.66
2546.45	1703.27	968	1.#QNAN	0	0.015	0	3.5257e-007	2100.57	2546.45	2513.94
2545.66	1702.6	969	1.#QNAN	0	0.016	0	3.56502e-007	2095.34	2545.66	2513.21
2544.86	1701.92	970	1.#QNAN	0	0.015	0	3.54249e-007	2086.37	2544.86	2512.47
2544.08	1701.25	971	1.#QNAN	0	0.016	0	3.61424e-007	2094.68	2544.08	2511.75
2543.29	1700.58	972	1.#QNAN	0	0.016	0	3.67027e-007	2086.34	2543.29	2511.01
2542.52	1699.91	973	1.#QNAN	0	0	0	3.65334e-007	2091.51	2542.52	2510.3
2541.76	1699.26	974	1.#QNAN	0	0.015	0	3.58105e-007	2102.92	2541.76	2509.6
2541	1698.62	975	1.#QNAN	0	0.016	0	3.56491e-007	2107.88	2541	2508.9
2540.25	1697.99	976	1.#QNAN	0	0.015	0	3.55635e-007	2100.3	2540.25	2508.21
2539.53	1697.36	977	1.#QNAN	0	0.016	0	3.52549e-007	2111.5	2539.53	2507.54
2538.77	1696.71	978	1.#QNAN	0	0.016	0	3.51657e-007	2098.1	2538.77	2506.84
2538.03	1696.07	979	1.#QNAN	0	0.015	0	3.52094e-007	2102.58	2538.03	2506.16
2537.29	1695.42	980	1.#QNAN	0	0	0	3.60582e-007	2105.7	2537.29	2505.47
2536.54	1694.79	981	1.#QNAN	0	0.016	0	3.59336e-007	2089.47	2536.54	2504.77
2535.79	1694.14	982	1.#QNAN	0	0.015	0	3.64667e-007	2097.59	2535.79	2504.08
2535.04	1693.49	983	1.#QNAN	0	0.016	0	3.6651e-007	2088.57	2535.04	2503.39
2534.29	1692.84	984	1.#QNAN	0	0.016	0	3.64351e-007	2086.92	2534.29	2502.69
2533.54	1692.19	985	1.#QNAN	0	0.015	0	3.6922e-007	2092.32	2533.54	2502
2532.78	1691.54	986	1.#QNAN	0	0	0	3.65402e-007	2079.2	2532.78	2501.29
2532.04	1690.91	987	1.#QNAN	0	0.016	0	3.60218e-007	2100.96	2532.04	2500.61
2531.3	1690.27	988	1.#QNAN	0	0.015	1	3.73772e-007	2101.68	2531.3	2499.93
2530.56	1689.64	989	1.#QNAN	0	0.016	0	3.68694e-007	2102.04	2530.56	2499.24
2529.85	1689.01	990	1.#QNAN	0	0.016	0	3.67736e-007	2112.54	2529.85	2498.59
2529.1	1688.36	991	1.#QNAN	0	0.015	0	3.66685e-007	2069.57	2529.1	2497.89
2528.36	1687.72	992	1.#QNAN	0	0.016	0	3.6667e-007	2086.9	2528.36	2497.21
2527.62	1687.08	993	1.#QNAN	0	0.015	0	3.66434e-007	2096.72	2527.62	2496.53
2526.86	1686.45	994	1.#QNAN	0	0	0	3.60556e-007	2071.91	2526.86	2495.82
2526.14	1685.82	995	1.#QNAN	0	0.016	0	3.53918e-007	2097.28	2526.14	2495.15
2525.44	1685.19	996	1.#QNAN	0	0.016	0	3.59424e-007	2131.75	2525.44	2494.51
2524.72	1684.56	997	1.#QNAN	0	0.015	0	3.63347e-007	2116.19	2524.72	2493.85
2523.98	1683.9	998	1.#QNAN	0	0.016	0	3.58771e-007	2099.16	2523.98	2493.17
2523.27	1683.26	999	1.#QNAN	0	0.015	0	3.58432e-007	2127.12	2523.27	2492.51
2522.56	1682.66	1000	1.#QNAN	0	0.016	0	3.53619e-007	2107.71	2522.56	2491.85
2521.85	1682.03	1001	1.#QNAN	0	0	0	3.82346e-007	2123.87	2521.85	2491.2
2521.14	1681.41	1002	1.#QNAN	0	0.016	0	3.67434e-007	2123.77	2521.14	2490.55
2520.46	1680.8	1003	1.#QNAN	0	0.015	0	3.59384e-007	2138.39	2520.46	2489.91
2519.77	1680.19	1004	1.#QNAN	0	0.016	0	3.56033e-007	2148.63	2519.77	2489.28
2519.07	1679.57	1005	1.#QNAN	0	0.015	0	3.46814e-007	2109.33	2519.07	2488.63
2518.37	1678.96	1006	1.#QNAN	0	0.016	0	3.51002e-007	2148.01	2518.37	2488
2517.69	1678.35	1007	1.#QNAN	0	0.016	0	3.63709e-007	2134.51	2517.69	2487.37
2516.99	1677.74	1008	1.#QNAN	0	0	0	3.58941e-007	2121.66	2516.99	2486.72
2516.28	1677.13	1009	1.#QNAN	0	0.015	0	3.64038e-007	2104.44	2516.28	2486.07
2515.58	1676.51	1010	1.#QNAN	0	0.016	0	3.63267e-007	2115.41	2515.58	2485.41
2514.87	1675.88	1011	1.#QNAN	0	0.015	0	3.57039e-007	2106.78	2514.87	2484.76
2514.18	1675.28	1012	1.#QNAN	0	0.016	0	3.58783e-007	2121.42	2514.18	2484.13
2513.48	1674.67	1013	1.#QNAN	0	0.016	0	3.69195e-007	2098.17	2513.48	2483.47
2512.8	1674.07	1014	1.#QNAN	0	0.015	0	3.58626e-007	2123.75	2512.8	2482.85
2512.09	1673.46	1015	1.#QNAN	0	0.016	0	3.72502e-007	2122.02	2512.09	2482.19
2511.42	1672.87	1016	1.#QNAN	0	0.016	0	3.71831e-007	2126.32	2511.42	2481.58
2510.76	1672.29	1017	1.#QNAN	0	0.015	0	3.68495e-007	2148.86	2510.76	2480.97
2510.1	1671.69	1018	1.#QNAN	0	0.016	0	3.64122e-007	2151.62	2510.1	2480.36
2509.43	1671.09	1019	1.#QNAN	0	0	0	3.66346e-007	2135.97	2509.43	2479.74
2508.77	1670.5	1020	1.#QNAN	0	0.015	0	3.59737e-007	2133.55	2508.77	2479.13
2508.07	1669.88	1021	1.#QNAN	0	0.016	0	3.7026e-007	2110.6	2508.07	2478.49
2507.39	1669.28	1022	1.#QNAN	0	0.016	0	3.75772e-007	2118.28	2507.39	2477.86
2506.71	1668.68	1023	1.#QNAN	0	0.015	0	3.64173e-007	2117.57	2506.71	2477.24
2506.02	1668.06	1024	1.#QNAN	0	0.016	0	3.78081e-007	2112.16	2506.02	2476.6
2505.34	1667.46	1025	1.#QNAN	0	0.015	0	3.75928e-007	2109.77	2505.34	2475.97
2504.64	1666.86	1026	1.#QNAN	0	0	0	3.84511e-007	2101.61	2504.64	2475.32
2503.96	1666.25	1027	1.#QNAN	0	0.016	0	3.6916e-007	2115.65	2503.96	2474.7
2503.25	1665.65	1028	1.#QNAN	0	0.016	0	3.69934e-007	2080.81	2503.25	2474.03
2502.56	1665.04	1029	1.#QNAN	0	0.015	0	3.6669e-007	2116.56	2502.56	2473.4
2501.88	1664.44	1030	1.#QNAN	0	0.016	0	3.81476e-007	2115.21	2501.88	2472.77
2501.18	1663.84	1031	1.#QNAN	0	0.015	0	3.63789e-007	2086.54	2501.18	2472.12
2500.49	1663.23	1032	1.#QNAN	0	0	0	3.60431e-007	2115.21	2500.49	2471.48
2499.8	1662.63	1033	1.#QNAN	0	0.016	0	3.55185e-007	2105.71	2499.8	2470.84
2499.12	1662.03	1034	1.#QNAN	0	0.016	0	3.74338e-007	2108.66	2499.12	2470.21
2498.43	1661.43	1035	1.#QNAN	0	0.015	0	3.6949e-007	2111.27	2498.43	2469.57
2497.74	1660.83	1036	1.#QNAN	0	0.016	0	3.77506e-007	2105	2497.74	2468.94
2497.08	1660.24	1037	1.#QNAN	0	0.015	0	3.71814e-007	2111.52	2497.08	2468.32
2496.38	1659.65	1038	1.#QNAN	0	0.016	0	3.60934e-007	2083.6	2496.38	2467.67
2495.71	1659.07	1039	1.#QNAN	0	0.016	0	3.52106e-007	2106.42	2495.71	2467.05
2495.05	1658.49	1040	1.#QNAN	0	0	0	3.63611e-007	2103.32	2495.05	2466.44
2494.37	1657.9	1041	1.#QNAN	0	0.015	0	3.64477e-007	2081.44	2494.37	2465.81
2493.7	1657.31	1042	1.#QNAN	0	0.016	0	3.69982e-007	2106.79	2493.7	2465.19
2493.03	1656.72	1043	1.#QNAN	0	0.015	0	3.71719e-007	2106.1	2493.03	2464.57
2492.35	1656.12	1044	1.#QNAN	0	0.016	0	3.60407e-007	2104.4	2492.35	2463.94
2491.68	1655.52	1045	1.#QNAN	0	0.016	0	3.72741e-007	2099.89	2491.68	2463.32
2491.01	1654.93	1046	1.#QNAN	0	0	0	3.6508e-007	2107.04	2491.01	2462.7
2490.34	1654.33	1047	1.#QNAN	0	0.015	0	3.79645e-007	2097.54	2490.34	2462.08
2489.67	1653.75	1048	1.#QNAN	0	0.016	0	3.66037e-007	2093.57	2489.67	2461.45
2489.02	1653.18	1049	1.#QNAN	0	0.015	0	3.73814e-007	2107.11	2489.02	2460.85
2488.36	1652.59	1050	1.#QNAN	0	0.016	0	3.73018e-007	2104.49	2488.36	2460.24
2487.71	1652.02	1051	1.#QNAN	0	0.016	0	3.76188e-007	2112.69	2487.71	2459.64
2487.04	1651.44	1052	1.#QNAN	0	0.015	0	3.66252e-007	2087.93	2487.04	2459.02
2486.38	1650.86	1053	1.#QNAN	0	0	0	3.70104e-007	2104.11	2486.38	2458.41
2485.72	1650.29	1054	1.#QNAN	0	0.016	0	3.94862e-007	2089.78	2485.72	2457.79
2485.04	1649.7	1055	1.#QNAN	0	0.015	0	3.60713e-007	2096.36	2485.04	2457.17
2484.38	1649.12	1056	1.#QNAN	0	0.016	0	3.71503e-007	2107.52	2484.38	2456.55
2483.73	1648.55	1057	1.#QNAN	0	0.016	0	3.70998e-007	2125.29	2483.73	2455.95
2483.09	1647.97	1058	1.#QNAN	0	0.015	0	3.76656e-007	2129.81	2483.09	2455.36
2482.42	1647.38	1059	1.#QNAN	0	0	0	3.69834e-007	2121.22	2482.42	2454.74
2481.75	1646.79	1060	1.#QNAN	0	0.016	1	3.72318e-007	2117.94	2481.75	2454.12
2481.08	1646.19	1061	1.#QNAN	0	0.015	0	3.8449e-007	2124.98	2481.08	2453.5
2480.42	1645.61	1062	1.#QNAN	0	0.016	0	3.78297e-007	2117.79	2480.42	2452.89
2479.75	1645.02	1063	1.#QNAN	0	0.016	0	3.73502e-007	2135.03	2479.75	2452.26
2479.08	1644.43	1064	1.#QNAN	0	0.015	0	3.66078e-007	2124.11	2479.08	2451.64
2478.41	1643.84	1065	1.#QNAN	0	0.016	0	3.83976e-007	2110.12	2478.41	2451.02
2477.71	1643.25	1066	1.#QNAN	0	0	0	3.73753e-007	2090.09	2477.71	2450.37
2477.06	1642.66	1067	1.#QNAN	0	0.015	0	3.84226e-007	2136.76	2477.06	2449.76
2476.41	1642.1	1068	1.#QNAN	0	0.016	0	3.7792e-007	2114.11	2476.41	2449.16
2475.76	1641.52	1069	1.#QNAN	0	0.016	0	3.5856e-007	2121.9	2475.76	2448.55
2475.1	1640.96	1070	1.#QNAN	0	0.015	0	3.81533e-007	2121.96	2475.1	2447.94
2474.46	1640.39	1071	1.#QNAN	0	0.016	0	3.73847e-007	2117.97	2474.46	2447.34
2473.82	1639.82	1072	1.#QNAN	0	0	0	3.75658e-007	2117.72	2473.82	2446.75
2473.17	1639.25	1073	1.#QNAN	0	0.015	0	3.74351e-007	2116.59	2473.17	2446.14
2472.53	1638.69	1074	1.#QNAN	0	0.016	0	3.71608e-007	2123.32	2472.53	2445.55
2471.89	1638.12	1075	1.#QNAN	0	0.016	0	3.96884e-007	2142.19	2471.89	2444.96
2471.26	1637.54	1076	1.#QNAN	0	0.015	0	3.84849e-007	2145.03	2471.26	2444.37
2470.6	1636.96	1077	1.#QNAN	0	0.016	0	3.6845e-007	2118.7	2470.6	2443.76
2469.95	1636.39	1078	1.#QNAN	0	0	0	3.69533e-007	2125	2469.95	2443.16
2469.31	1635.81	1079	1.#QNAN	0	0.015	0	3.70474e-007	2152.68	2469.31	2442.56
2468.68	1635.25	1080	1.#QNAN	0	0.016	0	3.75273e-007	2130.42	2468.68	2441.97
2468.04	1634.68	1081	1.#QNAN	0	0.016	0	3.70121e-007	2125.91	2468.04	2441.38
2467.44	1634.13	1082	1.#QNAN	0	0.015	0	3.75165e-007	2149.03	2467.44	2440.82
2466.8	1633.56	1083	1.#QNAN	0	0.016	0	3.7869e-007	2129.06	2466.8	2440.23
2466.17	1633	1084	1.#QNAN	0	0.015	0	3.74103e-007	2129.23	2466.17	2439.65
2465.54	1632.43	1085	1.#QNAN	0	0	0	3.69743e-007	2118.23	2465.54	2439.06
2464.89	1631.85	1086	1.#QNAN	0	0.016	0	3.70645e-007	2107.11	2464.89	2438.46
2464.25	1631.27	1087	1.#QNAN	0	0.016	0	3.83555e-007	2129.46	2464.25	2437.86
2463.62	1630.71	1088	1.#QNAN	0	0.015	0	3.76124e-007	2140.71	2463.62	2437.28
2463.01	1630.14	1089	1.#QNAN	0	0.016	0	3.77447e-007	2135.36	2463.01	2436.71
2462.39	1629.58	1090	1.#QNAN	0	0.015	0	3.92495e-007	2150.76	2462.39	2436.13
2461.76	1629.02	1091	1.#QNAN	0	0.016	0	3.72925e-007	2121.6	2461.76	2435.55
2461.14	1628.46	1092	1.#QNAN	0	0	0	3.81809e-007	2146.71	2461.14	2434.98
2460.54	1627.91	1093	1.#QNAN	0	0.016	0	3.69688e-007	2124.01	2460.54	2434.42
2459.96	1627.38	1094	1.#QNAN	0	0.015	0	3.7708e-007	2117.17	2459.96	2433.88
2459.35	1626.83	1095	1.#QNAN	0	0.016	0	3.73884e-007	2102.3	2459.35	2433.31
2458.74	1626.28	1096	1.#QNAN	0	0.015	0	3.79777e-007	2123.52	2458.74	2432.75
2458.13	1625.72	1097	1.#QNAN	0	0.016	0	3.80963e-007	2107.67	2458.13	2432.17
2457.54	1625.19	1098	1.#QNAN	0	0	0	3.79743e-007	2129.16	2457.54	2431.63
2456.94	1624.67	1099	1.#QNAN	0	0.016	0	3.82664e-007	2086.85	2456.94	2431.07
2456.35	1624.13	1100	1.#QNAN	0	0.015	0	3.76835e-007	2115.82	2456.35	2430.52
2455.77	1623.61	1101	1.#QNAN	0	0.016	0	3.74448e-007	2138.02	2455.77	2429.99
2455.19	1623.09	1102	1.#QNAN	0	0.015	0	3.86083e-007	2128.2	2455.19	2429.45
2454.61	1622.56	1103	1.#QNAN	0	0.016	0	3.74932e-007	2115	2454.61	2428.9
2454.01	1622.03	1104	1.#QNAN	0	0.016	0	3.7864e-007	2121.97	2454.01	2428.35
2453.44	1621.51	1105	1.#QNAN	0	0	0	3.74432e-007	2120.6	2453.44	2427.82
2452.86	1621	1106	1.#QNAN	0	0.015	0	3.80456e-007	2128.19	2452.86	2427.28
2452.29	1620.48	1107	1.#QNAN	0	0.016	0	3.78711e-007	2150.4	2452.29	2426.76
2451.74	1619.96	1108	1.#QNAN	0	0.015	0	3.84998e-007	2145.82	2451.74	2426.24
2451.18	1619.45	1109	1.#QNAN	0	0.016	0	3.86824e-007	2135.27	2451.18	2425.72
2450.61	1618.94	1110	1.#QNAN	0	0.016	0	3.79483e-007	2132.59	2450.61	2425.2
2450.03	1618.43	1111	1.#QNAN	0	0	0	3.78738e-007	2121.4	2450.03	2424.66
2449.46	1617.92	1112	1.#QNAN	0	0.015	0	3.80234e-007	2136.34	2449.46	2424.13
2448.91	1617.41	1113	1.#QNAN	0	0.016	0	3.81372e-007	2139.93	2448.91	2423.62
2448.35	1616.9	1114	1.#QNAN	0	0.015	0	3.86874e-007	2143.64	2448.35	2423.1
2447.79	1616.39	1115	1.#QNAN	0	0.016	0	3.63627e-007	2127.74	2447.79	2422.58
2447.23	1615.89	1116	1.#QNAN	0	0.016	0	3.76106e-007	2149.21	2447.23	2422.06
2446.66	1615.37	1117	1.#QNAN	0	0.015	0	3.71488e-007	2113.21	2446.66	2421.53
2446.1	1614.85	1118	1.#QNAN	0	0	0	3.77633e-007	2127.26	2446.1	2421.02
2445.53	1614.33	1119	1.#QNAN	0	0.016	0	3.80853e-007	2116.75	2445.53	2420.49
2444.98	1613.82	1120	1.#QNAN	0	0.015	0	3.725e-007	2131.98	2444.98	2419.98
2444.41	1613.3	1121	1.#QNAN	0	0.016	0	3.77053e-007	2111.77	2444.41	2419.46
2443.85	1612.78	1122	1.#QNAN	0	0.016	0	3.81896e-007	2127.93	2443.85	2418.93
2443.29	1612.27	1123	1.#QNAN	0	0.015	0	3.78948e-007	2144.47	2443.29	2418.42
2442.7	1611.78	1124	1.#QNAN	0	0.016	0	3.79018e-007	2085.75	2442.7	2417.87
2442.12	1611.24	1125	1.#QNAN	0	0	0	3.77681e-007	2112.9	2442.12	2417.33
2441.56	1610.74	1126	1.#QNAN	0	0.015	0	3.90741e-007	2121.89	2441.56	2416.81
2440.98	1610.22	1127	1.#QNAN	0	0.016	0	3.75873e-007	2106.96	2440.98	2416.27
2440.42	1609.7	1128	1.#QNAN	0	0.016	0	3.84022e-007	2118.51	2440.42	2415.75
2439.87	1609.2	1129	1.#QNAN	0	0.015	0	4.01375e-007	2158.6	2439.87	2415.24
2439.28	1608.7	1130	1.#QNAN	0	0.016	0	3.92828e-007	2081.41	2439.28	2414.69
2438.7	1608.2	1131	1.#QNAN	0	0.015	0	3.89362e-007	2092.08	2438.7	2414.15
2438.14	1607.69	1132	1.#QNAN	0	0	0	3.97068e-007	2124.75	2438.14	2413.63
2437.57	1607.18	1133	1.#QNAN	0	0.016	0	3.84461e-007	2108.18	2437.57	2413.1
2437	1606.67	1134	1.#QNAN	0	0.016	0	3.81982e-007	2129.94	2437	2412.56
2436.43	1606.18	1135	1.#QNAN	0	0.015	1	3.96005e-007	2102.84	2436.43	2412.03
2435.87	1605.68	1136	1.#QNAN	0	0.016	0	3.77554e-007	2137.03	2435.87	2411.51
2435.32	1605.19	1137	1.#QNAN	0	0.015	0	3.9049e-007	2172.92	2435.32	2411
2434.76	1604.68	1138	1.#QNAN	0	0.016	0	3.91238e-007	2137.56	2434.76	2410.48
2434.18	1604.17	1139	1.#QNAN	0	0.016	0	3.78939e-007	2100.09	2434.18	2409.94
2433.61	1603.66	1140	1.#QNAN	0	0	0	3.83439e-007	2117.52	2433.61	2409.41
2433.05	1603.16	1141	1.#QNAN	0	0.015	0	3.86564e-007	2122.18	2433.05	2408.88
2432.46	1602.64	1142	1.#QNAN	0	0.016	0	3.90862e-007	2105.64	2432.46	2408.34
2431.89	1602.12	1143	1.#QNAN	0	0.015	0	3.92327e-007	2139.43	2431.89	2407.81
2431.31	1601.61	1144	1.#QNAN	0	0.016	0	3.75801e-007	2128.62	2431.31	2407.26
2430.74	1601.1	1145	1.#QNAN	0	0.016	0	3.74609e-007	2129.24	2430.74	2406.74
2430.16	1600.58	1146	1.#QNAN	0	0	0	3.87151e-007	2104.7	2430.16	2406.19
2429.6	1600.06	1147	1.#QNAN	0	0.015	0	3.91006e-007	2155.98	2429.6	2405.67
2429.05	1599.56	1148	1.#QNAN	0	0.016	0	3.80216e-007	2170.69	2429.05	2405.16
2428.48	1599.06	1149	1.#QNAN	0	0.015	0	3.98373e-007	2107.33	2428.48	2404.63
2427.93	1598.59	1150	1.#QNAN	0	0.016	0	3.92094e-007	2164.37	2427.93	2404.11
2427.39	1598.12	1151	1.#QNAN	0	0.016	0	3.94824e-007	2121.69	2427.39	2403.62
2426.85	1597.65	1152	1.#QNAN	0	0	0	3.88143e-007	2117.43	2426.85	2403.11
2426.3	1597.18	1153	1.#QNAN	0	0.015	0	4.01805e-007	2103.4	2426.3	2402.59
2425.74	1596.71	1154	1.#QNAN	0	0.016	0	4.01174e-007	2104.29	2425.74	2402.07
2425.19	1596.24	1155	1.#QNAN	0	0.015	0	3.81264e-007	2126.11	2425.19	2401.56
2424.64	1595.78	1156	1.#QNAN	0	0.016	0	3.80863e-007	2109.58	2424.64	2401.04
2424.1	1595.32	1157	1.#QNAN	0	0.016	0	3.84503e-007	2114.18	2424.1	2400.54
2423.56	1594.86	1158	1.#QNAN	0	0.015	0	3.92448e-007	2103.1	2423.56	2400.03
2423	1594.39	1159	1.#QNAN	0	0	0	3.81443e-007	2107.67	2423	2399.51
2422.44	1593.92	1160	1.#QNAN	0	0.016	0	3.96712e-007	2116.27	2422.44	2398.99
2421.9	1593.46	1161	1.#QNAN	0	0.015	0	4.00709e-007	2119.65	2421.9	2398.49
2421.36	1592.98	1162	1.#QNAN	0	0.016	0	3.99722e-007	2100.51	2421.36	2397.98
2420.79	1592.5	1163	1.#QNAN	0	0.016	0	3.80671e-007	2097.39	2420.79	2397.44
2420.22	1592.02	1164	1.#QNAN	0	0.015	0	4.01015e-007	2094.72	2420.22	2396.92
2419.68	1591.55	1165	1.#QNAN	0	0.016	0	3.83257e-007	2135.74	2419.68	2396.41
2419.14	1591.1	1166	1.#QNAN	0	0.015	0	3.96346e-007	2105.71	2419.14	2395.9
2418.58	1590.62	1167	1.#QNAN	0	0	0	3.87283e-007	2064.26	2418.58	2395.38
2418.03	1590.15	1168	1.#QNAN	0	0.016	0	3.73184e-007	2106.32	2418.03	2394.87
2417.49	1589.7	1169	1.#QNAN	0	0.016	0	3.89854e-007	2090.39	2417.49	2394.36
2416.95	1589.23	1170	1.#QNAN	0	0.015	0	3.98653e-007	2112.54	2416.95	2393.85
2416.38	1588.75	1171	1.#QNAN	0	0.016	0	3.80394e-007	2085.2	2416.38	2393.32
2415.84	1588.28	1172	1.#QNAN	0	0.015	0	4.0069e-007	2130.03	2415.84	2392.81
2415.3	1587.81	1173	1.#QNAN	0	0.016	0	3.9662e-007	2112.31	2415.3	2392.31
2414.75	1587.33	1174	1.#QNAN	0	0.016	0	3.8819e-007	2122.97	2414.75	2391.79
2414.17	1586.85	1175	1.#QNAN	0	0.015	0	4.01548e-007	2109.5	2414.17	2391.25
2413.64	1586.38	1176	1.#QNAN	0	0	0	3.84866e-007	2153.78	2413.64	2390.75
2413.09	1585.91	1177	1.#QNAN	0	0.016	0	3.86781e-007	2099.79	2413.09	2390.24
2412.53	1585.44	1178	1.#QNAN	0	0.015	0	3.98306e-007	2107.37	2412.53	2389.72
2411.98	1584.97	1179	1.#QNAN	0	0.016	0	3.86778e-007	2093.77	2411.98	2389.21
2411.45	1584.5	1180	1.#QNAN	0	0.016	0	4.03214e-007	2117.16	2411.45	2388.71
2410.91	1584.03	1181	1.#QNAN	0	0.015	0	4.05063e-007	2121.79	2410.91	2388.21
2410.37	1583.57	1182	1.#QNAN	0	0	0	3.96889e-007	2113.67	2410.37	2387.7
2409.85	1583.13	1183	1.#QNAN	0	0.016	0	4.14449e-007	2155.37	2409.85	2387.21
2409.33	1582.67	1184	1.#QNAN	0	0.015	0	3.91629e-007	2150.88	2409.33	2386.73
2408.8	1582.22	1185	1.#QNAN	0	0.016	0	3.97953e-007	2151.47	2408.8	2386.24
2408.27	1581.75	1186	1.#QNAN	0	0.016	0	3.76069e-007	2111.07	2408.27	2385.73
2407.75	1581.3	1187	1.#QNAN	0	0.015	0	3.96025e-007	2119.86	2407.75	2385.25
2407.24	1580.86	1188	1.#QNAN	0	0	0	3.86976e-007	2157	2407.24	2384.77
2406.72	1580.4	1189	1.#QNAN	0	0.016	0	3.93695e-007	2122.04	2406.72	2384.29
2406.21	1579.96	1190	1.#QNAN	0	0.015	0	3.95824e-007	2130.62	2406.21	2383.81
2405.69	1579.49	1191	1.#QNAN	0	0.016	0	4.16486e-007	2134.82	2405.69	2383.33
2405.17	1579.04	1192	1.#QNAN	0	0.016	0	4.00711e-007	2117.01	2405.17	2382.85
2404.64	1578.57	1193	1.#QNAN	0	0.015	0	3.89038e-007	2118.2	2404.64	2382.36
2404.14	1578.12	1194	1.#QNAN	0	0.016	0	3.98571e-007	2144.08	2404.14	2381.89
2403.62	1577.66	1195	1.#QNAN	0	0	0	4.01746e-007	2100.38	2403.62	2381.4
2403.11	1577.23	1196	1.#QNAN	0	0.015	0	3.97447e-007	2116.09	2403.11	2380.93
2402.6	1576.79	1197	1.#QNAN	0	0.016	0	3.98619e-007	2140.28	2402.6	2380.45
2402.1	1576.34	1198	1.#QNAN	0	0.016	0	3.89179e-007	2125.28	2402.1	2379.98
2401.59	1575.9	1199	1.#QNAN	0	0.015	0	4.02209e-007	2142.21	2401.59	2379.51
