rmse	mae	#iter	time_pred	time_learn	time_learn2	time_learn4	alpha	rmse_mcmc_this	rmse_mcmc_all	rmse_mcmc_all_but5
5128.61	3132.6	0	1.#QNAN	0	0.016	0	9.35007e-010	5128.61	5128.61	3880.47
4863.27	2949.17	1	1.#QNAN	0	0	0	1.9152e-008	4852.13	4863.27	3880.47
4730.12	2884.13	2	1.#QNAN	0	0	0	2.60502e-008	4610.78	4730.12	3880.47
4619.81	2839.67	3	1.#QNAN	0	0.016	0	2.6131e-008	4373.47	4619.81	3880.47
4535.29	2802.74	4	1.#QNAN	0	0	0	3.0459e-008	4255.12	4535.29	37687.6
4454.49	2768.99	5	1.#QNAN	0	0	0	3.50825e-008	4107.09	4454.49	4107.09
4363.97	2730.82	6	1.#QNAN	0	0.015	0	3.79888e-008	3891.36	4363.97	3977.57
4275.4	2691.53	7	1.#QNAN	0	0	0	4.04379e-008	3723.51	4275.4	3877.94
4192.37	2654.46	8	1.#QNAN	0	0	0	4.71757e-008	3576.46	4192.37	3796.49
4109.18	2617.19	9	1.#QNAN	0	0	0	5.22911e-008	3433.34	4109.18	3714.74
4025.22	2576.81	10	1.#QNAN	0	0.016	0	5.85963e-008	3256.02	4025.22	3630.72
3948.55	2540.52	11	1.#QNAN	0	0	0	6.6784e-008	3185.15	3948.55	3560.01
3869.02	2502.49	12	1.#QNAN	0	0	0	7.37705e-008	3006.12	3869.02	3483.69
3795.63	2466.63	13	1.#QNAN	0	0.015	0	7.79834e-008	2936.91	3795.63	3416.54
3724.25	2430.89	14	1.#QNAN	0	0	0	8.88205e-008	2821.8	3724.25	3351.12
3652.35	2395.3	15	1.#QNAN	0	0	0	9.57089e-008	2686.19	3652.35	3283.77
3583.49	2361.12	16	1.#QNAN	0	0.016	1	1.0773e-007	2608.32	3583.49	3220.77
3517.12	2327.24	17	1.#QNAN	0	0	0	1.17126e-007	2517.83	3517.12	3160.11
3450.88	2293.48	18	1.#QNAN	0	0	0	1.31677e-007	2402.2	3450.88	3099.38
3385.47	2259.25	19	1.#QNAN	0	0.016	0	1.49141e-007	2314.32	3385.47	3039.34
3322.75	2225.23	20	1.#QNAN	0	0	0	1.68342e-007	2229.11	3322.75	2982.04
3261.28	2192.01	21	1.#QNAN	0	0	0	1.815e-007	2157.91	3261.28	2926.12
3200.56	2158.52	22	1.#QNAN	0	0.015	0	2.01944e-007	2064.64	3200.56	2870.62
3142.06	2125.82	23	1.#QNAN	0	0	0	2.28318e-007	2013.23	3142.06	2817.44
3085.08	2092.93	24	1.#QNAN	0	0	0	2.42516e-007	1937.8	3085.08	2765.72
3028.63	2060.3	25	1.#QNAN	0	0.016	0	2.61064e-007	1875.59	3028.63	2714.42
2974.69	2028.52	26	1.#QNAN	0	0	0	2.77444e-007	1836.75	2974.69	2665.78
2922.23	1997.32	27	1.#QNAN	0	0	0	2.98137e-007	1783.15	2922.23	2618.65
2870.39	1966.38	28	1.#QNAN	0	0.015	0	3.33336e-007	1701.85	2870.39	2571.78
2821.84	1936.79	29	1.#QNAN	0	0	0	3.45664e-007	1694.78	2821.84	2528.55
2774.82	1908.32	30	1.#QNAN	0	0	0	3.45156e-007	1663.27	2774.82	2486.77
2729.04	1880.17	31	1.#QNAN	0	0.016	0	3.73609e-007	1629.6	2729.04	2446.2
2685.18	1853.03	32	1.#QNAN	0	0	0	3.69358e-007	1611.12	2685.18	2407.57
2642.44	1825.91	33	1.#QNAN	0	0	0	4.06839e-007	1569.37	2642.44	2369.86
2601.92	1800.05	34	1.#QNAN	0	0	0	4.1746e-007	1564.95	2601.92	2334.49
2562.89	1775.18	35	1.#QNAN	0	0.016	0	4.24041e-007	1554.21	2562.89	2300.61
2525.21	1751.07	36	1.#QNAN	0	0	0	4.22575e-007	1541.67	2525.21	2268.1
2488.56	1727.3	37	1.#QNAN	0	0	0	4.34901e-007	1494.73	2488.56	2236.37
2453.26	1704.6	38	1.#QNAN	0	0.015	0	4.33811e-007	1490.25	2453.26	2205.95
2419.71	1682.58	39	1.#QNAN	0	0	0	4.73017e-007	1464.51	2419.71	2177.19
2387.45	1661.35	40	1.#QNAN	0	0	0	4.66518e-007	1450.86	2387.45	2149.62
2356.21	1640.5	41	1.#QNAN	0	0.016	0	4.77175e-007	1457.46	2356.21	2123.09
2326.01	1620.01	42	1.#QNAN	0	0	0	4.89015e-007	1435.68	2326.01	2097.41
2297.03	1600.05	43	1.#QNAN	0	0	0	4.80931e-007	1416.77	2297.03	2072.79
2269.36	1581.02	44	1.#QNAN	0	0.015	0	5.01178e-007	1430.81	2269.36	2049.56
2242.97	1563.06	45	1.#QNAN	0	0	0	5.13326e-007	1414.23	2242.97	2027.47
2217.51	1545.99	46	1.#QNAN	0	0	0	5.00406e-007	1411.25	2217.51	2006.25
2193.32	1529.4	47	1.#QNAN	0	0.016	0	4.93147e-007	1416.08	2193.32	1986.28
2170.17	1513.42	48	1.#QNAN	0	0	0	5.03677e-007	1413.93	2170.17	1967.22
2147.44	1497.71	49	1.#QNAN	0	0	0	4.89641e-007	1403.73	2147.44	1948.47
2125.64	1482.59	50	1.#QNAN	0	0	0	5.00488e-007	1407.73	2125.64	1930.61
2104.54	1468.17	51	1.#QNAN	0	0.016	0	5.06815e-007	1393.19	2104.54	1913.36
2084.11	1454.03	52	1.#QNAN	0	0	0	4.99267e-007	1395.9	2084.11	1896.7
2064.49	1440.51	53	1.#QNAN	0	0	0	5.28359e-007	1389.79	2064.49	1880.74
2045.11	1427.03	54	1.#QNAN	0	0.015	0	5.08167e-007	1363.84	2045.11	1864.9
2026.81	1414.1	55	1.#QNAN	0	0	0	5.30988e-007	1375.6	2026.81	1850.07
2009.07	1401.72	56	1.#QNAN	0	0	0	5.24697e-007	1368.58	2009.07	1835.74
1992	1389.75	57	1.#QNAN	0	0.016	0	5.28619e-007	1368.69	1992	1821.99
1975.44	1378	58	1.#QNAN	0	0	0	5.38265e-007	1374.35	1975.44	1808.72
1959.63	1366.7	59	1.#QNAN	0	0	0	5.3711e-007	1367.64	1959.63	1796.06
1944.26	1355.87	60	1.#QNAN	0	0	0	5.36538e-007	1373.39	1944.26	1783.84
1929.51	1345.47	61	1.#QNAN	0	0.015	0	5.38129e-007	1364.01	1929.51	1772.11
1915.12	1335.29	62	1.#QNAN	0	0	0	5.45165e-007	1369.44	1915.12	1760.68
1901.28	1325.46	63	1.#QNAN	0	0	0	5.61335e-007	1371.27	1901.28	1749.73
1887.95	1316.07	64	1.#QNAN	0	0.016	0	5.30159e-007	1362.87	1887.95	1739.21
1875.04	1306.86	65	1.#QNAN	0	0	0	5.24545e-007	1365.48	1875.04	1729.07
1862.76	1298	66	1.#QNAN	0	0	0	5.60449e-007	1373.49	1862.76	1719.5
1850.58	1289.29	67	1.#QNAN	0	0.016	0	5.4703e-007	1357.63	1850.58	1709.96
1838.74	1280.75	68	1.#QNAN	0	0	0	5.67283e-007	1356.83	1838.74	1700.66
1827.43	1272.64	69	1.#QNAN	0	0	0	5.49697e-007	1363.36	1827.43	1691.89
1816.36	1264.69	70	1.#QNAN	0	0	0	5.51208e-007	1364.46	1816.36	1683.29
1805.84	1257.18	71	1.#QNAN	0	0.015	0	5.695e-007	1361.47	1805.84	1675.18
1795.69	1249.84	72	1.#QNAN	0	0	0	5.3331e-007	1364.36	1795.69	1667.35
1785.77	1242.64	73	1.#QNAN	0	0	0	5.50928e-007	1358.41	1785.77	1659.72
1776.33	1235.81	74	1.#QNAN	0	0.016	0	5.30653e-007	1368.54	1776.33	1652.52
1766.93	1229	75	1.#QNAN	0	0	0	5.70307e-007	1354.05	1766.93	1645.28
1757.94	1222.37	76	1.#QNAN	0	0	0	5.70462e-007	1371.82	1757.94	1638.46
1749.01	1215.79	77	1.#QNAN	0	0.015	0	5.48183e-007	1347.7	1749.01	1631.59
1740.35	1209.47	78	1.#QNAN	0	0	0	5.57344e-007	1347.04	1740.35	1624.95
1731.89	1203.23	79	1.#QNAN	0	0	0	5.43744e-007	1353.74	1731.89	1618.49
1723.6	1197.16	80	1.#QNAN	0	0	0	5.60097e-007	1349.56	1723.6	1612.13
1715.57	1191.18	81	1.#QNAN	0	0.016	0	5.49814e-007	1346.93	1715.57	1605.99
1707.7	1185.36	82	1.#QNAN	0	0	0	5.38349e-007	1341.11	1707.7	1599.96
1700.33	1179.83	83	1.#QNAN	0	0	0	5.7335e-007	1353.61	1700.33	1594.38
1692.89	1174.41	84	1.#QNAN	0	0.016	0	5.73322e-007	1335.06	1692.89	1588.69
1685.76	1169.07	85	1.#QNAN	0	0	0	5.76097e-007	1347.24	1685.76	1583.29
1678.89	1163.91	86	1.#QNAN	0	0	0	5.76217e-007	1347.21	1678.89	1578.09
1672.32	1159.02	87	1.#QNAN	0	0.015	0	5.5806e-007	1345.18	1672.32	1573.16
1665.87	1154.14	88	1.#QNAN	0	0	0	5.67393e-007	1353.2	1665.87	1568.32
1659.64	1149.48	89	1.#QNAN	0	0	0	5.66715e-007	1357.98	1659.64	1563.7
1653.39	1144.77	90	1.#QNAN	0	0.016	0	5.59517e-007	1343	1653.39	1558.97
1647.43	1140.3	91	1.#QNAN	0	0	0	5.71119e-007	1358.03	1647.43	1554.55
1641.47	1135.81	92	1.#QNAN	0	0	0	5.86218e-007	1340.02	1641.47	1550.06
1635.58	1131.3	93	1.#QNAN	0	0	0	5.87749e-007	1331.62	1635.58	1545.6
1630.03	1127.13	94	1.#QNAN	0	0.015	0	5.88317e-007	1351.68	1630.03	1541.47
1624.38	1122.89	95	1.#QNAN	0	0	0	5.68459e-007	1330.05	1624.38	1537.17
1618.89	1118.67	96	1.#QNAN	0	0	0	5.95647e-007	1346.7	1618.89	1533.04
1613.81	1114.69	97	1.#QNAN	0	0.016	0	5.8686e-007	1362.83	1613.81	1529.32
1608.58	1110.68	98	1.#QNAN	0	0	0	5.83486e-007	1345.2	1608.58	1525.41
1603.43	1106.65	99	1.#QNAN	0	0	0	5.90088e-007	1343.69	1603.43	1521.54
1598.67	1102.86	100	1.#QNAN	0	0.016	0	5.77027e-007	1358.09	1598.67	1518.05
1593.93	1099.24	101	1.#QNAN	0	0	0	5.8542e-007	1340.93	1593.93	1514.52
1589.58	1095.79	102	1.#QNAN	0	0	0	5.9408e-007	1390.68	1589.58	1511.39
1585.2	1092.35	103	1.#QNAN	0	0	0	5.75897e-007	1348.77	1585.2	1508.18
1580.88	1088.96	104	1.#QNAN	0	0.015	0	6.04748e-007	1345.51	1580.88	1505
1576.65	1085.65	105	1.#QNAN	0	0	0	6.02966e-007	1345.3	1576.65	1501.9
1572.68	1082.49	106	1.#QNAN	0	0	0	5.77958e-007	1365.67	1572.68	1499.05
1568.71	1079.4	107	1.#QNAN	0	0.016	0	6.00125e-007	1350.3	1568.71	1496.15
1564.78	1076.29	108	1.#QNAN	0	0	0	5.95605e-007	1341.11	1564.78	1493.27
1561.15	1073.56	109	1.#QNAN	0	0	0	5.81884e-007	1366.96	1561.15	1490.68
1557.77	1070.92	110	1.#QNAN	0	0.015	0	5.9003e-007	1387.71	1557.77	1488.33
1554.41	1068.23	111	1.#QNAN	0	0	0	5.82725e-007	1378.46	1554.41	1485.95
1551.02	1065.54	112	1.#QNAN	0	0	0	5.72563e-007	1358.54	1551.02	1483.53
1547.59	1062.94	113	1.#QNAN	0	0	0	5.91728e-007	1350.73	1547.59	1481.04
1544.47	1060.48	114	1.#QNAN	0	0.016	0	5.79696e-007	1381.43	1544.47	1478.87
1541.28	1058.07	115	1.#QNAN	0	0	0	5.90273e-007	1347.03	1541.28	1476.57
1538.22	1055.75	116	1.#QNAN	0	0	0	5.7998e-007	1358.7	1538.22	1474.4
1535.24	1053.47	117	1.#QNAN	0	0.016	0	5.78044e-007	1354.23	1535.24	1472.29
1532.07	1051.05	118	1.#QNAN	0	0	0	5.86277e-007	1341.01	1532.07	1469.99
1529.15	1048.79	119	1.#QNAN	0	0	0	6.04492e-007	1365.43	1529.15	1467.91
1526.14	1046.46	120	1.#QNAN	0	0.015	0	5.89648e-007	1333.71	1526.14	1465.72
1523.18	1044.15	121	1.#QNAN	0	0	0	6.09726e-007	1350.89	1523.18	1463.56
1520.38	1041.96	122	1.#QNAN	0	0	0	5.77017e-007	1354.76	1520.38	1461.57
1517.55	1039.78	123	1.#QNAN	0	0	0	6.12489e-007	1342.54	1517.55	1459.5
1514.75	1037.58	124	1.#QNAN	0	0.016	0	6.04969e-007	1333.78	1514.75	1457.46
1511.98	1035.36	125	1.#QNAN	0	0	0	6.22432e-007	1336.76	1511.98	1455.43
1509.23	1033.17	126	1.#QNAN	0	0	0	5.87179e-007	1332.06	1509.23	1453.41
1506.53	1031.01	127	1.#QNAN	0	0.015	0	6.09599e-007	1338.37	1506.53	1451.43
1503.89	1028.93	128	1.#QNAN	0	0	0	6.11283e-007	1334.53	1503.89	1449.51
1501.32	1026.88	129	1.#QNAN	0	0	0	5.8117e-007	1337.96	1501.32	1447.64
1498.9	1025	130	1.#QNAN	0	0.016	0	5.84259e-007	1346.2	1498.9	1445.91
1496.44	1023.03	131	1.#QNAN	0	0	0	6.113e-007	1333.95	1496.44	1444.12
1494.01	1021.08	132	1.#QNAN	0	0	0	5.86444e-007	1332.36	1494.01	1442.36
1491.67	1019.2	133	1.#QNAN	0	0.016	0	5.89987e-007	1326.78	1491.67	1440.66
1489.37	1017.31	134	1.#QNAN	0	0	0	6.03677e-007	1325.79	1489.37	1438.99
1487.2	1015.56	135	1.#QNAN	0	0	0	6.26072e-007	1334.67	1487.2	1437.44
1485.09	1013.88	136	1.#QNAN	0	0	0	6.24669e-007	1337.84	1485.09	1435.94
1482.95	1012.2	137	1.#QNAN	0	0.015	0	5.99258e-007	1324.35	1482.95	1434.39
1480.93	1010.6	138	1.#QNAN	0	0	0	6.08148e-007	1333.61	1480.93	1432.95
1478.9	1009.04	139	1.#QNAN	0	0	0	5.79457e-007	1339.67	1478.9	1431.51
1476.9	1007.52	140	1.#QNAN	0	0.016	0	5.80746e-007	1333.53	1476.9	1430.08
1474.96	1005.96	141	1.#QNAN	0	0	0	6.11774e-007	1333.84	1474.96	1428.68
1473.08	1004.46	142	1.#QNAN	0	0	0	6.14323e-007	1349.13	1473.08	1427.36
1471.2	1002.95	143	1.#QNAN	0	0.015	0	6.26176e-007	1346.35	1471.2	1426.02
1469.32	1001.49	144	1.#QNAN	0	0	0	6.25568e-007	1351.26	1469.32	1424.69
1467.4	999.987	145	1.#QNAN	0	0	0	6.38953e-007	1348.96	1467.4	1423.29
1465.46	998.449	146	1.#QNAN	0	0.016	0	5.81279e-007	1341.06	1465.46	1421.87
1463.45	996.892	147	1.#QNAN	0	0	0	6.25884e-007	1326.04	1463.45	1420.39
1461.59	995.468	148	1.#QNAN	0	0	0	6.03587e-007	1340.88	1461.59	1419.03
1459.67	993.996	149	1.#QNAN	0	0	0	6.23218e-007	1317.17	1459.67	1417.6
1457.68	992.471	150	1.#QNAN	0	0.016	0	6.01768e-007	1301.01	1457.68	1416.08
1455.81	990.996	151	1.#QNAN	0	0	0	6.18223e-007	1331.65	1455.81	1414.7
1453.91	989.571	152	1.#QNAN	0	0	0	6.1826e-007	1317.87	1453.91	1413.27
1452.05	988.117	153	1.#QNAN	0	0.015	0	6.20752e-007	1314.49	1452.05	1411.89
1450.4	986.786	154	1.#QNAN	0	0	0	6.2626e-007	1346.48	1450.4	1410.69
1448.69	985.473	155	1.#QNAN	0	0	0	6.17989e-007	1333.71	1448.69	1409.43
1446.94	984.115	156	1.#QNAN	0	0.016	0	6.27679e-007	1313.68	1446.94	1408.12
1445.3	982.823	157	1.#QNAN	0	0	0	6.20743e-007	1329.55	1445.3	1406.91
1443.65	981.444	158	1.#QNAN	0	0	0	6.44567e-007	1321.88	1443.65	1405.69
1441.98	980.13	159	1.#QNAN	0	0	0	6.2501e-007	1316.72	1441.98	1404.44
1440.41	978.856	160	1.#QNAN	0	0.015	0	6.24618e-007	1323.83	1440.41	1403.29
1438.77	977.562	161	1.#QNAN	0	0	0	6.54083e-007	1309	1438.77	1402.05
1437.38	976.41	162	1.#QNAN	0	0	0	6.07565e-007	1337.91	1437.38	1401.06
1435.84	975.213	163	1.#QNAN	0	0.016	0	6.27406e-007	1315.24	1435.84	1399.92
1434.48	974.103	164	1.#QNAN	0	0	0	6.28703e-007	1330.51	1434.48	1398.94
1433.1	972.956	165	1.#QNAN	0	0	0	6.24153e-007	1329.99	1433.1	1397.93
1431.74	971.865	166	1.#QNAN	0	0.016	0	6.29373e-007	1330.99	1431.74	1396.95
1430.44	970.805	167	1.#QNAN	0	0	0	6.29313e-007	1331.76	1430.44	1396
1429.14	969.721	168	1.#QNAN	0	0	0	6.11304e-007	1324.85	1429.14	1395.05
1427.86	968.696	169	1.#QNAN	0	0	0	6.25634e-007	1324.68	1427.86	1394.11
1426.56	967.627	170	1.#QNAN	0	0.015	0	6.19347e-007	1318.72	1426.56	1393.16
1425.25	966.6	171	1.#QNAN	0	0	0	6.20721e-007	1313.89	1425.25	1392.18
1424.08	965.653	172	1.#QNAN	0	0	0	6.40494e-007	1330.32	1424.08	1391.34
1422.93	964.73	173	1.#QNAN	0	0.016	0	6.42793e-007	1345.48	1422.93	1390.51
1421.78	963.828	174	1.#QNAN	0	0	0	6.22771e-007	1336.79	1421.78	1389.68
1420.67	963.017	175	1.#QNAN	0	0	0	6.19778e-007	1333	1420.67	1388.87
1419.62	962.145	176	1.#QNAN	0	0.015	0	6.65166e-007	1349.55	1419.62	1388.13
1418.55	961.259	177	1.#QNAN	0	0	0	6.49819e-007	1335.42	1418.55	1387.37
1417.44	960.396	178	1.#QNAN	0	0	0	6.64549e-007	1332.05	1417.44	1386.56
1416.35	959.535	179	1.#QNAN	0	0	0	6.29118e-007	1332.45	1416.35	1385.78
1415.32	958.715	180	1.#QNAN	0	0.016	0	6.59764e-007	1342.41	1415.32	1385.04
1414.31	957.905	181	1.#QNAN	0	0	0	6.33015e-007	1348.96	1414.31	1384.32
1413.33	957.086	182	1.#QNAN	0	0	0	6.66061e-007	1346.92	1413.33	1383.62
1412.28	956.252	183	1.#QNAN	0	0.016	0	6.5917e-007	1330.65	1412.28	1382.85
1411.23	955.368	184	1.#QNAN	0	0	0	6.33249e-007	1332.06	1411.23	1382.08
1410.21	954.469	185	1.#QNAN	0	0	0	6.50693e-007	1336.92	1410.21	1381.33
1409.16	953.606	186	1.#QNAN	0	0.015	0	6.44597e-007	1316.69	1409.16	1380.54
1408.2	952.782	187	1.#QNAN	0	0	0	6.40147e-007	1341.66	1408.2	1379.85
1407.17	951.933	188	1.#QNAN	0	0	0	6.30479e-007	1326.07	1407.17	1379.09
1406.18	951.049	189	1.#QNAN	0	0	0	6.46968e-007	1339.21	1406.18	1378.37
1405.11	950.179	190	1.#QNAN	0	0.016	0	6.71231e-007	1315.71	1405.11	1377.55
1404.04	949.291	191	1.#QNAN	0	0	0	6.43032e-007	1304.7	1404.04	1376.73
1403.02	948.441	192	1.#QNAN	0	0	0	6.26328e-007	1325.46	1403.02	1375.96
1401.94	947.55	193	1.#QNAN	0	0.015	0	6.75668e-007	1310.36	1401.94	1375.13
1400.88	946.653	194	1.#QNAN	0	0	0	6.51594e-007	1308.3	1400.88	1374.31
1399.81	945.777	195	1.#QNAN	0	0	0	6.52311e-007	1302.33	1399.81	1373.48
1398.75	944.907	196	1.#QNAN	0	0.016	0	6.65637e-007	1305.44	1398.75	1372.65
1397.71	943.99	197	1.#QNAN	0	0	0	6.57998e-007	1319.45	1397.71	1371.85
1396.64	943.075	198	1.#QNAN	0	0	0	6.4036e-007	1304.49	1396.64	1371.03
1395.54	942.196	199	1.#QNAN	0	0	0	6.52389e-007	1296.23	1395.54	1370.16
1394.47	941.304	200	1.#QNAN	0	0.016	0	6.43695e-007	1298.4	1394.47	1369.32
1393.4	940.427	201	1.#QNAN	0	0	0	6.4011e-007	1303.86	1393.4	1368.49
1392.39	939.546	202	1.#QNAN	0	0	0	6.58937e-007	1309.87	1392.39	1367.7
1391.45	938.714	203	1.#QNAN	0	0.015	0	6.62311e-007	1332.44	1391.45	1367
1390.53	937.937	204	1.#QNAN	0	0	0	6.87441e-007	1323.8	1390.53	1366.29
1389.64	937.18	205	1.#QNAN	0	0	0	6.81144e-007	1322.76	1389.64	1365.62
1388.68	936.327	206	1.#QNAN	0	0.016	0	6.66598e-007	1308.68	1388.68	1364.87
1387.7	935.486	207	1.#QNAN	0	0	0	6.9087e-007	1304.83	1387.7	1364.1
1386.79	934.686	208	1.#QNAN	0	0	0	6.78058e-007	1325.7	1386.79	1363.4
1385.99	933.967	209	1.#QNAN	0	0	0	6.41471e-007	1332.54	1385.99	1362.8
1385.15	933.213	210	1.#QNAN	0	0.015	0	6.58585e-007	1312.95	1385.15	1362.15
1384.25	932.407	211	1.#QNAN	0	0	0	6.44352e-007	1310.62	1384.25	1361.44
1383.41	931.674	212	1.#QNAN	0	0	0	6.78027e-007	1315.82	1383.41	1360.8
1382.59	930.918	213	1.#QNAN	0	0.016	0	6.6748e-007	1319.24	1382.59	1360.17
1381.75	930.132	214	1.#QNAN	0	0	0	6.69666e-007	1320.75	1381.75	1359.52
1381.04	929.443	215	1.#QNAN	0	0	0	6.68974e-007	1342.99	1381.04	1359.01
1380.25	928.675	216	1.#QNAN	0	0.016	0	6.5746e-007	1325.96	1380.25	1358.41
1379.42	927.901	217	1.#QNAN	0	0	0	6.76279e-007	1320.09	1379.42	1357.77
1378.69	927.189	218	1.#QNAN	0	0	0	6.96955e-007	1335.98	1378.69	1357.22
1377.96	926.454	219	1.#QNAN	0	0	0	6.64686e-007	1341.89	1377.96	1356.69
1377.21	925.751	220	1.#QNAN	0	0.015	0	6.9416e-007	1324.08	1377.21	1356.11
1376.42	925.004	221	1.#QNAN	0	0	0	7.0727e-007	1325.75	1376.42	1355.51
1375.68	924.299	222	1.#QNAN	0	0	0	6.80768e-007	1324.98	1375.68	1354.95
1374.96	923.598	223	1.#QNAN	0	0.016	0	6.40422e-007	1330.78	1374.96	1354.4
1374.25	922.875	224	1.#QNAN	0	0	0	6.73063e-007	1339.08	1374.25	1353.87
1373.55	922.173	225	1.#QNAN	0	0	0	6.82262e-007	1334.33	1373.55	1353.34
1372.82	921.449	226	1.#QNAN	0	0.015	1	6.84887e-007	1329.06	1372.82	1352.79
1372.11	920.777	227	1.#QNAN	0	0	0	6.59852e-007	1332.24	1372.11	1352.25
1371.31	920.065	228	1.#QNAN	0	0	0	6.8592e-007	1325.64	1371.31	1351.61
1370.56	919.367	229	1.#QNAN	0	0	0	6.71875e-007	1318.54	1370.56	1351.03
1369.85	918.725	230	1.#QNAN	0	0.016	0	6.62854e-007	1321.62	1369.85	1350.48
1369.12	918.022	231	1.#QNAN	0	0	0	6.74799e-007	1328.48	1369.12	1349.91
1368.4	917.322	232	1.#QNAN	0	0	0	6.69685e-007	1335.91	1368.4	1349.35
1367.7	916.638	233	1.#QNAN	0	0.016	0	6.85008e-007	1345.77	1367.7	1348.81
1367.06	915.994	234	1.#QNAN	0	0	0	6.92622e-007	1353.96	1367.06	1348.33
1366.38	915.363	235	1.#QNAN	0	0	0	6.74393e-007	1334.23	1366.38	1347.81
1365.64	914.696	236	1.#QNAN	0	0.015	0	7.09131e-007	1309.62	1365.64	1347.22
1364.91	914.044	237	1.#QNAN	0	0	0	6.81336e-007	1312.5	1364.91	1346.64
1364.22	913.413	238	1.#QNAN	0	0	0	6.88587e-007	1326.75	1364.22	1346.09
1363.54	912.761	239	1.#QNAN	0	0	0	6.91472e-007	1328.5	1363.54	1345.56
1362.9	912.125	240	1.#QNAN	0	0.016	0	6.86365e-007	1340.24	1362.9	1345.06
1362.29	911.538	241	1.#QNAN	0	0	0	6.86218e-007	1341.63	1362.29	1344.6
1361.65	910.911	242	1.#QNAN	0	0	0	7.06933e-007	1333.71	1361.65	1344.1
1361	910.282	243	1.#QNAN	0	0.015	0	6.9843e-007	1330.47	1361	1343.59
1360.38	909.663	244	1.#QNAN	0	0	0	6.93063e-007	1330.62	1360.38	1343.1
1359.8	909.078	245	1.#QNAN	0	0	0	7.10303e-007	1345.75	1359.8	1342.66
1359.23	908.478	246	1.#QNAN	0	0.016	0	6.81023e-007	1367.97	1359.23	1342.24
1358.73	907.917	247	1.#QNAN	0	0	0	7.30337e-007	1367.1	1358.73	1341.87
1358.26	907.366	248	1.#QNAN	0	0	0	7.18098e-007	1390.41	1358.26	1341.53
1357.81	906.872	249	1.#QNAN	0	0	0	6.83913e-007	1401.73	1357.81	1341.22
1357.33	906.332	250	1.#QNAN	0	0.016	0	7.06723e-007	1355.65	1357.33	1340.87
1356.85	905.793	251	1.#QNAN	0	0	0	6.78102e-007	1371.53	1356.85	1340.52
1356.41	905.288	252	1.#QNAN	0	0	0	6.81419e-007	1373.14	1356.41	1340.2
1355.97	904.789	253	1.#QNAN	0	0.015	0	6.91066e-007	1386.42	1355.97	1339.89
1355.49	904.231	254	1.#QNAN	0	0	0	6.99191e-007	1362.02	1355.49	1339.54
1354.98	903.703	255	1.#QNAN	0	0	0	7.03978e-007	1348.96	1354.98	1339.15
1354.5	903.144	256	1.#QNAN	0	0.016	0	7.11486e-007	1347.03	1354.5	1338.79
1354.02	902.599	257	1.#QNAN	0	0	0	7.24157e-007	1350.15	1354.02	1338.44
1353.51	902.02	258	1.#QNAN	0	0	0	6.85381e-007	1345.86	1353.51	1338.04
1353.01	901.502	259	1.#QNAN	0	0.015	0	6.99687e-007	1349.7	1353.01	1337.66
1352.53	900.977	260	1.#QNAN	0	0	0	7.26602e-007	1363.33	1352.53	1337.29
1352.13	900.46	261	1.#QNAN	0	0	0	7.11638e-007	1393.43	1352.13	1337.01
1351.67	899.945	262	1.#QNAN	0	0	0	6.98612e-007	1367.34	1351.67	1336.67
1351.2	899.409	263	1.#QNAN	0	0.016	0	7.14692e-007	1343.62	1351.2	1336.31
1350.72	898.896	264	1.#QNAN	0	0	0	7.07869e-007	1344.16	1350.72	1335.94
1350.31	898.402	265	1.#QNAN	0	0	0	7.07206e-007	1361.61	1350.31	1335.64
1349.93	897.925	266	1.#QNAN	0	0.016	0	7.21454e-007	1381.98	1349.93	1335.37
1349.46	897.433	267	1.#QNAN	0	0	0	6.89593e-007	1364.78	1349.46	1335
1349.07	896.934	268	1.#QNAN	0	0	0	7.10627e-007	1379.62	1349.07	1334.73
1348.68	896.459	269	1.#QNAN	0	0.015	0	7.02596e-007	1379.79	1348.68	1334.44
1348.23	895.955	270	1.#QNAN	0	0	0	7.09479e-007	1358.18	1348.23	1334.1
1347.77	895.447	271	1.#QNAN	0	0	0	6.96566e-007	1349.76	1347.77	1333.75
1347.28	894.926	272	1.#QNAN	0	0	0	7.30701e-007	1337.27	1347.28	1333.38
1346.79	894.409	273	1.#QNAN	0	0.016	0	6.88796e-007	1332.31	1346.79	1332.99
1346.34	893.917	274	1.#QNAN	0	0	0	7.15214e-007	1340.3	1346.34	1332.64
1345.87	893.391	275	1.#QNAN	0	0	0	7.18303e-007	1333.63	1345.87	1332.28
1345.36	892.872	276	1.#QNAN	0	0.015	0	6.82375e-007	1319.18	1345.36	1331.87
1344.94	892.382	277	1.#QNAN	0	0	0	6.96796e-007	1344.9	1344.94	1331.55
1344.47	891.872	278	1.#QNAN	0	0	0	7.03123e-007	1326.7	1344.47	1331.18
1343.99	891.355	279	1.#QNAN	0	0.016	0	6.89733e-007	1328.73	1343.99	1330.8
1343.53	890.85	280	1.#QNAN	0	0	0	7.15181e-007	1335.37	1343.53	1330.44
1343.1	890.341	281	1.#QNAN	0	0	0	6.92126e-007	1361.27	1343.1	1330.11
1342.65	889.866	282	1.#QNAN	0	0	0	7.06022e-007	1330.83	1342.65	1329.76
1342.19	889.376	283	1.#QNAN	0	0	0	7.12707e-007	1339.28	1342.19	1329.4
1341.71	888.867	284	1.#QNAN	0	0	0	7.28207e-007	1342.18	1341.71	1329.01
1341.29	888.394	285	1.#QNAN	0	0	0	7.23385e-007	1342.2	1341.29	1328.68
1340.86	887.918	286	1.#QNAN	0	0.015	0	7.1622e-007	1325.29	1340.86	1328.35
1340.39	887.43	287	1.#QNAN	0	0	0	7.25501e-007	1315.34	1340.39	1327.96
1339.94	886.968	288	1.#QNAN	0	0	0	7.27424e-007	1316.18	1339.94	1327.6
1339.46	886.516	289	1.#QNAN	0	0.016	0	7.44182e-007	1302.18	1339.46	1327.2
1338.97	886.075	290	1.#QNAN	0	0	0	7.34921e-007	1291.17	1338.97	1326.79
1338.53	885.627	291	1.#QNAN	0	0	0	7.39953e-007	1313.39	1338.53	1326.43
1338.08	885.157	292	1.#QNAN	0	0.015	0	7.14327e-007	1304.67	1338.08	1326.07
1337.71	884.768	293	1.#QNAN	0	0	0	7.10445e-007	1328.1	1337.71	1325.78
1337.28	884.348	294	1.#QNAN	0	0	0	7.2406e-007	1312.57	1337.28	1325.43
1336.88	883.929	295	1.#QNAN	0	0	0	7.0832e-007	1327.09	1336.88	1325.11
1336.54	883.542	296	1.#QNAN	0	0.016	0	7.04309e-007	1347.93	1336.54	1324.85
1336.14	883.147	297	1.#QNAN	0	0	0	6.8336e-007	1329.05	1336.14	1324.54
1335.74	882.724	298	1.#QNAN	0	0	0	7.13252e-007	1325.41	1335.74	1324.21
1335.35	882.334	299	1.#QNAN	0	0.016	0	7.03886e-007	1328.88	1335.35	1323.9
1335.01	881.966	300	1.#QNAN	0	0	0	7.6227e-007	1338.07	1335.01	1323.64
1334.66	881.565	301	1.#QNAN	0	0	0	7.075e-007	1354.24	1334.66	1323.37
1334.31	881.174	302	1.#QNAN	0	0.015	0	7.54435e-007	1339.99	1334.31	1323.1
1334	880.82	303	1.#QNAN	0	0	0	7.25733e-007	1376.13	1334	1322.88
1333.73	880.446	304	1.#QNAN	0	0	0	7.14963e-007	1382.17	1333.73	1322.69
1333.41	880.062	305	1.#QNAN	0	0	0	7.4165e-007	1374.6	1333.41	1322.45
1333.11	879.69	306	1.#QNAN	0	0.016	0	7.25892e-007	1386.04	1333.11	1322.23
1332.84	879.329	307	1.#QNAN	0	0	0	7.32474e-007	1415.66	1332.84	1322.04
1332.57	878.967	308	1.#QNAN	0	0	0	7.28014e-007	1404.41	1332.57	1321.85
1332.26	878.601	309	1.#QNAN	0	0.015	0	7.15916e-007	1381.24	1332.26	1321.62
1331.97	878.214	310	1.#QNAN	0	0	0	7.64957e-007	1387.26	1331.97	1321.4
1331.59	877.83	311	1.#QNAN	0	0	0	7.35733e-007	1338.62	1331.59	1321.1
1331.25	877.457	312	1.#QNAN	0	0.016	0	7.22752e-007	1358.56	1331.25	1320.83
1330.95	877.092	313	1.#QNAN	0	0	0	7.28849e-007	1374.38	1330.95	1320.61
1330.63	876.7	314	1.#QNAN	0	0	0	7.37437e-007	1385.46	1330.63	1320.36
1330.34	876.329	315	1.#QNAN	0	0	0	7.11011e-007	1403.18	1330.34	1320.14
1330.02	875.961	316	1.#QNAN	0	0.016	0	7.24585e-007	1393.97	1330.02	1319.89
1329.68	875.598	317	1.#QNAN	0	0	0	7.25727e-007	1367.73	1329.68	1319.63
1329.31	875.189	318	1.#QNAN	0	0	0	7.58686e-007	1373.34	1329.31	1319.32
1329.01	874.833	319	1.#QNAN	0	0.015	0	7.54432e-007	1357.91	1329.01	1319.09
1328.74	874.501	320	1.#QNAN	0	0	0	7.50085e-007	1386.45	1328.74	1318.9
1328.45	874.156	321	1.#QNAN	0	0	0	7.32994e-007	1368.96	1328.45	1318.68
1328.13	873.842	322	1.#QNAN	0	0.016	0	7.12501e-007	1341.38	1328.13	1318.42
1327.88	873.533	323	1.#QNAN	0	0	0	7.36352e-007	1393.25	1327.88	1318.24
1327.61	873.221	324	1.#QNAN	0	0	0	7.18239e-007	1358.96	1327.61	1318.04
1327.34	872.912	325	1.#QNAN	0	0.015	0	7.14002e-007	1364.68	1327.34	1317.84
1327.08	872.619	326	1.#QNAN	0	0	0	7.27294e-007	1369.47	1327.08	1317.65
1326.84	872.325	327	1.#QNAN	0	0	0	7.42805e-007	1361.25	1326.84	1317.47
1326.58	872.062	328	1.#QNAN	0	0.016	0	7.39337e-007	1355.49	1326.58	1317.27
1326.33	871.794	329	1.#QNAN	0	0	0	7.24564e-007	1357	1326.33	1317.09
1326.04	871.525	330	1.#QNAN	0	0	0	7.36688e-007	1330.19	1326.04	1316.86
1325.75	871.263	331	1.#QNAN	0	0.016	0	7.33462e-007	1333.73	1325.75	1316.63
1325.51	870.996	332	1.#QNAN	0	0	0	7.2843e-007	1354.83	1325.51	1316.46
1325.23	870.719	333	1.#QNAN	0	0	0	7.37431e-007	1329.63	1325.23	1316.23
1324.97	870.448	334	1.#QNAN	0	0	0	7.06101e-007	1342.7	1324.97	1316.03
1324.71	870.182	335	1.#QNAN	0	0.015	0	7.34226e-007	1330.15	1324.71	1315.82
1324.51	869.943	336	1.#QNAN	0	0	0	7.33208e-007	1373.81	1324.51	1315.69
1324.31	869.69	337	1.#QNAN	0	0	0	7.39678e-007	1357.93	1324.31	1315.54
1324.16	869.457	338	1.#QNAN	0	0.016	0	7.1409e-007	1388.99	1324.16	1315.45
1323.98	869.222	339	1.#QNAN	0	0	0	7.12562e-007	1369.58	1323.98	1315.32
1323.82	868.996	340	1.#QNAN	0	0	0	7.10877e-007	1373.8	1323.82	1315.22
1323.67	868.806	341	1.#QNAN	0	0.015	0	7.25385e-007	1371.21	1323.67	1315.12
1323.53	868.618	342	1.#QNAN	0	0	0	7.23587e-007	1387.94	1323.53	1315.03
1323.41	868.434	343	1.#QNAN	0	0	0	7.40707e-007	1386.52	1323.41	1314.97
1323.28	868.233	344	1.#QNAN	0	0	0	7.2507e-007	1376.95	1323.28	1314.89
1323.09	868.011	345	1.#QNAN	0	0.016	0	7.23049e-007	1358.93	1323.09	1314.76
1322.96	867.829	346	1.#QNAN	0	0	0	7.17272e-007	1376.3	1322.96	1314.67
1322.81	867.646	347	1.#QNAN	0	0	0	7.16483e-007	1397.18	1322.81	1314.58
1322.67	867.498	348	1.#QNAN	0	0.016	0	7.28776e-007	1378.11	1322.67	1314.5
1322.51	867.302	349	1.#QNAN	0	0	0	7.34283e-007	1350.5	1322.51	1314.38
1322.33	867.123	350	1.#QNAN	0	0	0	7.13394e-007	1357.49	1322.33	1314.25
1322.13	866.935	351	1.#QNAN	0	0.015	0	7.38901e-007	1346.66	1322.13	1314.1
1321.96	866.773	352	1.#QNAN	0	0	0	7.41177e-007	1348.34	1321.96	1313.98
1321.8	866.607	353	1.#QNAN	0	0	0	7.26539e-007	1350.46	1321.8	1313.87
1321.66	866.488	354	1.#QNAN	0	0	0	7.46112e-007	1358.39	1321.66	1313.77
1321.47	866.347	355	1.#QNAN	0	0.016	0	7.23975e-007	1351.79	1321.47	1313.63
1321.31	866.198	356	1.#QNAN	0	0	0	7.06796e-007	1351.38	1321.31	1313.51
1321.11	865.997	357	1.#QNAN	0	0	0	7.14458e-007	1330.73	1321.11	1313.36
1320.87	865.826	358	1.#QNAN	0	0.015	0	7.28361e-007	1316.32	1320.87	1313.16
1320.64	865.654	359	1.#QNAN	0	0	0	7.36715e-007	1312.98	1320.64	1312.97
1320.43	865.475	360	1.#QNAN	0	0	0	7.32529e-007	1327.53	1320.43	1312.81
1320.24	865.318	361	1.#QNAN	0	0.016	0	7.17709e-007	1337.22	1320.24	1312.66
1320.06	865.147	362	1.#QNAN	0	0	0	7.14329e-007	1337.81	1320.06	1312.53
1319.84	864.935	363	1.#QNAN	0	0	0	7.3677e-007	1320.06	1319.84	1312.35
1319.64	864.75	364	1.#QNAN	0	0.016	0	7.49562e-007	1340.1	1319.64	1312.2
1319.48	864.566	365	1.#QNAN	0	0	0	7.50375e-007	1355.29	1319.48	1312.08
1319.34	864.409	366	1.#QNAN	0	0	0	7.32116e-007	1356.7	1319.34	1311.99
1319.24	864.261	367	1.#QNAN	0	0	0	7.35831e-007	1383.85	1319.24	1311.93
1319.11	864.09	368	1.#QNAN	0	0.015	0	7.39978e-007	1369.27	1319.11	1311.85
1318.98	863.913	369	1.#QNAN	0	0	0	7.24244e-007	1370.72	1318.98	1311.77
1318.82	863.717	370	1.#QNAN	0	0	0	7.44481e-007	1361.98	1318.82	1311.65
1318.66	863.533	371	1.#QNAN	0	0.016	0	7.34435e-007	1365.58	1318.66	1311.53
1318.52	863.338	372	1.#QNAN	0	0	0	7.25786e-007	1376.21	1318.52	1311.44
1318.4	863.158	373	1.#QNAN	0	0	0	7.25542e-007	1380.04	1318.4	1311.36
1318.21	862.987	374	1.#QNAN	0	0.015	0	7.2808e-007	1361.42	1318.21	1311.22
1317.98	862.764	375	1.#QNAN	0	0	0	7.10167e-007	1340.52	1317.98	1311.03
1317.84	862.582	376	1.#QNAN	0	0	0	7.30284e-007	1376.69	1317.84	1310.94
1317.69	862.397	377	1.#QNAN	0	0	0	7.23797e-007	1380.07	1317.69	1310.83
1317.5	862.211	378	1.#QNAN	0	0.016	0	7.31732e-007	1358.91	1317.5	1310.68
1317.3	862.033	379	1.#QNAN	0	0	0	7.40083e-007	1348.45	1317.3	1310.53
1317.15	861.844	380	1.#QNAN	0	0	0	7.4602e-007	1366.86	1317.15	1310.42
1316.98	861.663	381	1.#QNAN	0	0.016	0	7.39423e-007	1359.61	1316.98	1310.29
1316.78	861.476	382	1.#QNAN	0	0	0	7.28535e-007	1341.96	1316.78	1310.13
1316.61	861.305	383	1.#QNAN	0	0	0	7.11563e-007	1371.49	1316.61	1310
1316.5	861.147	384	1.#QNAN	0	0.015	0	7.12689e-007	1373.68	1316.5	1309.93
1316.35	860.987	385	1.#QNAN	0	0	0	7.07756e-007	1375.51	1316.35	1309.82
1316.22	860.826	386	1.#QNAN	0	0	0	7.19354e-007	1371.34	1316.22	1309.73
1316.14	860.691	387	1.#QNAN	0	0	0	7.23889e-007	1391.11	1316.14	1309.69
1316.02	860.525	388	1.#QNAN	0	0.016	0	7.23569e-007	1370.2	1316.02	1309.61
1315.93	860.386	389	1.#QNAN	0	0	0	7.27473e-007	1393.21	1315.93	1309.56
1315.83	860.235	390	1.#QNAN	0	0	0	7.11344e-007	1378.06	1315.83	1309.5
1315.76	860.116	391	1.#QNAN	0	0.015	0	7.61414e-007	1390.4	1315.76	1309.47
1315.68	859.981	392	1.#QNAN	0	0	0	7.38586e-007	1398.94	1315.68	1309.43
1315.58	859.825	393	1.#QNAN	0	0	0	7.11603e-007	1412.54	1315.58	1309.38
1315.46	859.661	394	1.#QNAN	0	0.016	0	7.28471e-007	1382.99	1315.46	1309.29
1315.39	859.517	395	1.#QNAN	0	0	0	7.5961e-007	1429.58	1315.39	1309.27
1315.3	859.352	396	1.#QNAN	0	0	0	7.71255e-007	1424	1315.3	1309.22
1315.18	859.21	397	1.#QNAN	0	0	0	7.2188e-007	1381.81	1315.18	1309.14
1315.03	859.043	398	1.#QNAN	0	0.016	0	7.44485e-007	1373.13	1315.03	1309.03
1314.92	858.888	399	1.#QNAN	0	0	0	7.29532e-007	1379.89	1314.92	1308.95
1314.82	858.747	400	1.#QNAN	0	0	0	7.37301e-007	1397.83	1314.82	1308.89
1314.74	858.602	401	1.#QNAN	0	0.015	0	7.44073e-007	1396.34	1314.74	1308.85
1314.69	858.49	402	1.#QNAN	0	0	0	7.64166e-007	1432.79	1314.69	1308.83
1314.62	858.358	403	1.#QNAN	0	0	0	7.31655e-007	1419.15	1314.62	1308.81
1314.5	858.204	404	1.#QNAN	0	0.016	0	7.46848e-007	1366.88	1314.5	1308.73
1314.4	858.061	405	1.#QNAN	0	0	0	7.30659e-007	1381.39	1314.4	1308.67
1314.28	857.882	406	1.#QNAN	0	0	0	7.66427e-007	1370.74	1314.28	1308.58
1314.09	857.709	407	1.#QNAN	0	0	0	7.4018e-007	1327.7	1314.09	1308.43
1313.9	857.537	408	1.#QNAN	0	0.015	0	7.48173e-007	1331.05	1313.9	1308.28
1313.76	857.383	409	1.#QNAN	0	0	0	7.43527e-007	1346.12	1313.76	1308.17
1313.63	857.226	410	1.#QNAN	0	0	0	7.49656e-007	1348.64	1313.63	1308.08
1313.49	857.063	411	1.#QNAN	0	0.016	0	7.33557e-007	1356.8	1313.49	1307.98
1313.35	856.91	412	1.#QNAN	0	0	0	7.30559e-007	1344.09	1313.35	1307.87
1313.18	856.741	413	1.#QNAN	0	0	0	7.10975e-007	1327.47	1313.18	1307.73
1313.04	856.589	414	1.#QNAN	0	0.016	0	7.56305e-007	1342.67	1313.04	1307.63
1312.9	856.441	415	1.#QNAN	0	0	0	7.46399e-007	1338.61	1312.9	1307.52
1312.69	856.261	416	1.#QNAN	0	0	0	7.17713e-007	1317.39	1312.69	1307.34
1312.54	856.114	417	1.#QNAN	0	0	0	7.40348e-007	1344.86	1312.54	1307.22
1312.42	855.975	418	1.#QNAN	0	0.015	0	7.35318e-007	1357.57	1312.42	1307.13
1312.25	855.82	419	1.#QNAN	0	0	0	7.34517e-007	1335.62	1312.25	1307
1312.08	855.665	420	1.#QNAN	0	0	0	7.29516e-007	1330.87	1312.08	1306.85
1311.91	855.512	421	1.#QNAN	0	0.016	0	7.57351e-007	1325.69	1311.91	1306.72
1311.76	855.367	422	1.#QNAN	0	0	0	7.63531e-007	1331.43	1311.76	1306.59
1311.6	855.218	423	1.#QNAN	0	0	0	7.63294e-007	1317.67	1311.6	1306.46
1311.47	855.094	424	1.#QNAN	0	0.015	0	7.39481e-007	1336.54	1311.47	1306.37
1311.32	854.954	425	1.#QNAN	0	0	0	7.38273e-007	1324.67	1311.32	1306.25
1311.19	854.832	426	1.#QNAN	0	0	0	7.21472e-007	1337.46	1311.19	1306.14
1311.06	854.716	427	1.#QNAN	0	0	0	7.5422e-007	1340.34	1311.06	1306.04
1310.93	854.593	428	1.#QNAN	0	0.016	0	7.25248e-007	1328.69	1310.93	1305.95
1310.82	854.473	429	1.#QNAN	0	0	0	7.31581e-007	1338.59	1310.82	1305.86
1310.7	854.352	430	1.#QNAN	0	0	0	7.37067e-007	1352.16	1310.7	1305.77
1310.61	854.249	431	1.#QNAN	0	0.016	0	7.54008e-007	1352.51	1310.61	1305.71
1310.45	854.116	432	1.#QNAN	0	0	0	7.20194e-007	1319.91	1310.45	1305.57
1310.34	854.006	433	1.#QNAN	0	0	0	7.37383e-007	1345.38	1310.34	1305.5
1310.18	853.884	434	1.#QNAN	0	0.015	0	7.28737e-007	1330.54	1310.18	1305.36
1309.98	853.727	435	1.#QNAN	0	0	0	7.03442e-007	1308.88	1309.98	1305.19
1309.85	853.62	436	1.#QNAN	0	0	0	7.41861e-007	1329.17	1309.85	1305.09
1309.73	853.49	437	1.#QNAN	0	0	0	7.34355e-007	1335.93	1309.73	1304.99
1309.62	853.371	438	1.#QNAN	0	0.016	1	7.43551e-007	1338.71	1309.62	1304.91
1309.49	853.262	439	1.#QNAN	0	0	0	7.34193e-007	1334.65	1309.49	1304.8
1309.34	853.13	440	1.#QNAN	0	0	0	7.38565e-007	1336.54	1309.34	1304.67
1309.19	852.99	441	1.#QNAN	0	0.015	0	7.36617e-007	1326.16	1309.19	1304.55
1309.02	852.834	442	1.#QNAN	0	0	0	7.35208e-007	1322.56	1309.02	1304.41
1308.86	852.693	443	1.#QNAN	0	0	0	7.73634e-007	1336.26	1308.86	1304.28
1308.76	852.586	444	1.#QNAN	0	0.016	0	7.3262e-007	1346.8	1308.76	1304.19
1308.63	852.443	445	1.#QNAN	0	0	0	7.35144e-007	1349.05	1308.63	1304.1
1308.53	852.323	446	1.#QNAN	0	0	0	7.44599e-007	1345.74	1308.53	1304.01
1308.4	852.213	447	1.#QNAN	0	0	0	7.39219e-007	1332.88	1308.4	1303.92
1308.3	852.083	448	1.#QNAN	0	0.016	0	7.26185e-007	1352.39	1308.3	1303.83
1308.14	851.93	449	1.#QNAN	0	0	0	7.14678e-007	1339.77	1308.14	1303.69
1307.99	851.794	450	1.#QNAN	0	0	0	7.4135e-007	1353.78	1307.99	1303.57
1307.84	851.649	451	1.#QNAN	0	0.015	0	7.08769e-007	1359.17	1307.84	1303.44
1307.72	851.525	452	1.#QNAN	0	0	0	7.43156e-007	1354.53	1307.72	1303.35
1307.56	851.377	453	1.#QNAN	0	0	0	7.06215e-007	1325.01	1307.56	1303.21
1307.39	851.217	454	1.#QNAN	0	0.016	0	7.44689e-007	1327.27	1307.39	1303.06
1307.2	851.075	455	1.#QNAN	0	0	0	7.38939e-007	1317.27	1307.2	1302.9
1307.01	850.908	456	1.#QNAN	0	0	0	7.14005e-007	1309.67	1307.01	1302.73
1306.83	850.753	457	1.#QNAN	0	0	0	7.0881e-007	1321.83	1306.83	1302.58
1306.69	850.611	458	1.#QNAN	0	0.015	0	7.38379e-007	1336.11	1306.69	1302.45
1306.53	850.456	459	1.#QNAN	0	0	0	7.42575e-007	1330.67	1306.53	1302.32
1306.37	850.298	460	1.#QNAN	0	0	0	7.55304e-007	1348.81	1306.37	1302.17
1306.21	850.156	461	1.#QNAN	0	0.016	0	7.66431e-007	1349.89	1306.21	1302.04
1306.09	850.012	462	1.#QNAN	0	0	0	7.27358e-007	1337.45	1306.09	1301.94
1305.93	849.883	463	1.#QNAN	0	0	0	7.32473e-007	1318.64	1305.93	1301.8
1305.79	849.744	464	1.#QNAN	0	0.016	0	7.48362e-007	1322.3	1305.79	1301.69
1305.67	849.61	465	1.#QNAN	0	0	0	7.42685e-007	1321.36	1305.67	1301.59
1305.52	849.464	466	1.#QNAN	0	0	0	7.45066e-007	1334.95	1305.52	1301.46
1305.37	849.299	467	1.#QNAN	0	0	0	7.27176e-007	1311.51	1305.37	1301.33
1305.23	849.153	468	1.#QNAN	0	0.015	0	7.22457e-007	1305.17	1305.23	1301.22
1305.15	849.027	469	1.#QNAN	0	0	0	7.2326e-007	1342.08	1305.15	1301.15
1305.04	848.896	470	1.#QNAN	0	0	0	7.71282e-007	1329.46	1305.04	1301.06
1304.94	848.775	471	1.#QNAN	0	0.016	0	7.3721e-007	1337.38	1304.94	1300.99
1304.83	848.653	472	1.#QNAN	0	0	0	7.40601e-007	1335.18	1304.83	1300.9
1304.72	848.513	473	1.#QNAN	0	0	0	7.32491e-007	1338.76	1304.72	1300.81
1304.61	848.379	474	1.#QNAN	0	0.016	0	7.24078e-007	1329.15	1304.61	1300.72
1304.49	848.243	475	1.#QNAN	0	0	0	7.42669e-007	1324.78	1304.49	1300.62
1304.41	848.115	476	1.#QNAN	0	0	0	7.34486e-007	1345.69	1304.41	1300.57
1304.32	847.992	477	1.#QNAN	0	0	0	7.27038e-007	1330.35	1304.32	1300.49
1304.23	847.874	478	1.#QNAN	0	0.016	0	7.40525e-007	1329.04	1304.23	1300.43
1304.15	847.771	479	1.#QNAN	0	0	0	7.61604e-007	1336.28	1304.15	1300.36
1304.06	847.68	480	1.#QNAN	0	0	0	7.26136e-007	1331.19	1304.06	1300.3
1303.97	847.569	481	1.#QNAN	0	0.016	0	7.24807e-007	1339.8	1303.97	1300.23
1303.91	847.476	482	1.#QNAN	0	0	0	7.21369e-007	1339.75	1303.91	1300.18
1303.81	847.385	483	1.#QNAN	0	0	0	7.46486e-007	1324.36	1303.81	1300.1
1303.75	847.298	484	1.#QNAN	0	0.015	0	7.39697e-007	1337.92	1303.75	1300.06
1303.75	847.231	485	1.#QNAN	0	0	0	7.03635e-007	1368.4	1303.75	1300.08
1303.75	847.16	486	1.#QNAN	0	0	0	7.18167e-007	1379.25	1303.75	1300.09
1303.7	847.064	487	1.#QNAN	0	0.016	0	7.12748e-007	1357.87	1303.7	1300.07
1303.62	846.958	488	1.#QNAN	0	0	0	7.65478e-007	1325.79	1303.62	1300
1303.54	846.859	489	1.#QNAN	0	0	0	7.35505e-007	1335.25	1303.54	1299.94
1303.46	846.766	490	1.#QNAN	0	0.015	0	7.4208e-007	1334.92	1303.46	1299.88
1303.41	846.67	491	1.#QNAN	0	0	0	7.22784e-007	1346.21	1303.41	1299.84
1303.33	846.565	492	1.#QNAN	0	0	0	7.39715e-007	1323.81	1303.33	1299.79
1303.25	846.476	493	1.#QNAN	0	0	0	7.35452e-007	1323.95	1303.25	1299.73
1303.19	846.385	494	1.#QNAN	0	0.016	0	7.28041e-007	1341.21	1303.19	1299.69
1303.11	846.279	495	1.#QNAN	0	0	0	7.61055e-007	1325.52	1303.11	1299.62
1303.06	846.188	496	1.#QNAN	0	0	0	7.35035e-007	1358.67	1303.06	1299.59
1302.99	846.099	497	1.#QNAN	0	0.016	0	7.81151e-007	1339.53	1302.99	1299.53
1302.95	846.014	498	1.#QNAN	0	0	0	7.37077e-007	1353.3	1302.95	1299.51
1302.91	845.936	499	1.#QNAN	0	0	0	7.58963e-007	1351.35	1302.91	1299.49
1302.85	845.839	500	1.#QNAN	0	0.015	0	7.53219e-007	1338.74	1302.85	1299.45
1302.82	845.762	501	1.#QNAN	0	0	0	7.59034e-007	1361.43	1302.82	1299.43
1302.78	845.678	502	1.#QNAN	0	0	0	7.42204e-007	1353.13	1302.78	1299.42
1302.74	845.575	503	1.#QNAN	0	0.016	0	7.39088e-007	1351.07	1302.74	1299.39
1302.72	845.495	504	1.#QNAN	0	0	0	7.44135e-007	1360.26	1302.72	1299.39
1302.66	845.403	505	1.#QNAN	0	0	0	7.07822e-007	1365.84	1302.66	1299.35
1302.6	845.32	506	1.#QNAN	0	0.015	0	7.50662e-007	1364.16	1302.6	1299.31
1302.5	845.201	507	1.#QNAN	0	0	0	7.72307e-007	1340.38	1302.5	1299.22
1302.41	845.099	508	1.#QNAN	0	0	0	7.55069e-007	1336.71	1302.41	1299.15
1302.34	845.002	509	1.#QNAN	0	0	0	7.14326e-007	1359.74	1302.34	1299.1
1302.27	844.905	510	1.#QNAN	0	0.016	0	7.44344e-007	1346.3	1302.27	1299.04
1302.17	844.805	511	1.#QNAN	0	0	0	7.18482e-007	1332.86	1302.17	1298.96
1302.07	844.678	512	1.#QNAN	0	0.016	0	7.44653e-007	1329.59	1302.07	1298.87
1301.97	844.572	513	1.#QNAN	0	0	0	7.29412e-007	1322.62	1301.97	1298.79
1301.85	844.444	514	1.#QNAN	0	0	0	7.31282e-007	1325.45	1301.85	1298.69
1301.79	844.334	515	1.#QNAN	0	0	0	7.52779e-007	1342.35	1301.79	1298.64
1301.73	844.226	516	1.#QNAN	0	0.015	0	7.2864e-007	1349.41	1301.73	1298.6
1301.71	844.136	517	1.#QNAN	0	0	0	7.48105e-007	1367.46	1301.71	1298.6
1301.64	844.038	518	1.#QNAN	0	0	0	7.20222e-007	1343.15	1301.64	1298.55
1301.57	843.929	519	1.#QNAN	0	0.016	0	7.25737e-007	1329.9	1301.57	1298.49
1301.51	843.838	520	1.#QNAN	0	0	0	7.25849e-007	1345.31	1301.51	1298.45
1301.43	843.726	521	1.#QNAN	0	0	0	7.16356e-007	1327.96	1301.43	1298.38
1301.36	843.636	522	1.#QNAN	0	0.016	0	7.40075e-007	1340.47	1301.36	1298.33
1301.28	843.544	523	1.#QNAN	0	0	0	7.28595e-007	1329.39	1301.28	1298.27
1301.22	843.455	524	1.#QNAN	0	0	0	7.30812e-007	1337.01	1301.22	1298.23
1301.13	843.353	525	1.#QNAN	0	0	0	7.42628e-007	1313.48	1301.13	1298.15
1301.02	843.242	526	1.#QNAN	0	0.015	0	7.52707e-007	1301.68	1301.02	1298.06
1300.9	843.12	527	1.#QNAN	0	0	0	7.56995e-007	1299.16	1300.9	1297.95
1300.86	843.05	528	1.#QNAN	0	0	0	7.37898e-007	1341.82	1300.86	1297.92
1300.78	842.947	529	1.#QNAN	0	0.016	0	7.31846e-007	1326.81	1300.78	1297.86
1300.69	842.842	530	1.#QNAN	0	0	0	7.51762e-007	1315.21	1300.69	1297.78
1300.57	842.723	531	1.#QNAN	0	0	0	7.49901e-007	1297.62	1300.57	1297.68
1300.45	842.618	532	1.#QNAN	0	0.015	0	7.45939e-007	1300.16	1300.45	1297.58
1300.41	842.539	533	1.#QNAN	0	0	0	7.53279e-007	1339.79	1300.41	1297.55
1300.34	842.448	534	1.#QNAN	0	0	0	7.3869e-007	1330.29	1300.34	1297.49
1300.27	842.349	535	1.#QNAN	0	0	0	7.31939e-007	1333.04	1300.27	1297.44
1300.23	842.275	536	1.#QNAN	0	0.016	0	7.58096e-007	1344.5	1300.23	1297.41
1300.17	842.183	537	1.#QNAN	0	0	0	7.39997e-007	1336.11	1300.17	1297.37
1300.12	842.116	538	1.#QNAN	0	0	0	7.56782e-007	1348.45	1300.12	1297.33
1300.07	842.031	539	1.#QNAN	0	0.016	0	7.5932e-007	1335.89	1300.07	1297.29
1300.02	841.941	540	1.#QNAN	0	0	0	7.28653e-007	1340.2	1300.02	1297.26
1300	841.866	541	1.#QNAN	0	0	0	7.51262e-007	1356.35	1300	1297.25
1299.94	841.769	542	1.#QNAN	0	0.015	0	7.53707e-007	1344.41	1299.94	1297.21
1299.9	841.699	543	1.#QNAN	0	0	0	7.3434e-007	1344.05	1299.9	1297.18
1299.85	841.619	544	1.#QNAN	0	0	0	7.61835e-007	1348.91	1299.85	1297.14
1299.84	841.541	545	1.#QNAN	0	0.016	0	7.67842e-007	1375.15	1299.84	1297.15
1299.84	841.477	546	1.#QNAN	0	0	0	7.38067e-007	1372.3	1299.84	1297.16
1299.8	841.401	547	1.#QNAN	0	0	0	7.61252e-007	1340.48	1299.8	1297.13
1299.74	841.318	548	1.#QNAN	0	0	0	7.64951e-007	1321.57	1299.74	1297.08
1299.7	841.261	549	1.#QNAN	0	0.015	0	7.63607e-007	1345.37	1299.7	1297.06
1299.62	841.163	550	1.#QNAN	0	0	0	7.26643e-007	1311.91	1299.62	1296.99
1299.55	841.07	551	1.#QNAN	0	0	0	7.49318e-007	1324.82	1299.55	1296.93
1299.5	840.973	552	1.#QNAN	0	0.016	0	7.56691e-007	1339.19	1299.5	1296.9
1299.46	840.883	553	1.#QNAN	0	0	0	7.45143e-007	1346.53	1299.46	1296.87
1299.42	840.801	554	1.#QNAN	0	0	0	7.26925e-007	1343.87	1299.42	1296.83
1299.31	840.698	555	1.#QNAN	0	0.016	0	7.47296e-007	1306.19	1299.31	1296.74
1299.24	840.597	556	1.#QNAN	0	0	0	7.41321e-007	1337.65	1299.24	1296.68
1299.12	840.478	557	1.#QNAN	0	0	0	7.41021e-007	1311.09	1299.12	1296.58
1299.03	840.367	558	1.#QNAN	0	0	0	7.37764e-007	1325.39	1299.03	1296.5
1298.97	840.277	559	1.#QNAN	0	0.015	0	7.41889e-007	1350.55	1298.97	1296.45
1298.87	840.159	560	1.#QNAN	0	0	0	7.56826e-007	1321.22	1298.87	1296.36
1298.77	840.056	561	1.#QNAN	0	0	0	7.18688e-007	1317.5	1298.77	1296.27
1298.7	839.96	562	1.#QNAN	0	0.016	0	7.37795e-007	1343.3	1298.7	1296.21
1298.61	839.85	563	1.#QNAN	0	0	0	7.23951e-007	1327.98	1298.61	1296.13
1298.51	839.74	564	1.#QNAN	0	0	0	7.46269e-007	1318.1	1298.51	1296.05
1298.39	839.612	565	1.#QNAN	0	0.015	0	7.40139e-007	1326.76	1298.39	1295.94
1298.3	839.516	566	1.#QNAN	0	0	0	7.50105e-007	1321.75	1298.3	1295.86
1298.21	839.412	567	1.#QNAN	0	0	0	7.54968e-007	1337.5	1298.21	1295.79
1298.11	839.314	568	1.#QNAN	0	0	0	7.59476e-007	1330.81	1298.11	1295.7
1298.03	839.22	569	1.#QNAN	0	0.016	0	7.59385e-007	1331.35	1298.03	1295.62
1298	839.157	570	1.#QNAN	0	0	0	7.59091e-007	1362.15	1298	1295.6
1297.87	839.066	571	1.#QNAN	0	0	0	7.55619e-007	1330.62	1297.87	1295.49
1297.8	838.978	572	1.#QNAN	0	0.016	0	7.27816e-007	1343.6	1297.8	1295.43
1297.74	838.883	573	1.#QNAN	0	0	0	7.4921e-007	1345.19	1297.74	1295.38
1297.69	838.81	574	1.#QNAN	0	0	0	7.71915e-007	1360.07	1297.69	1295.34
1297.59	838.729	575	1.#QNAN	0	0.015	0	7.76804e-007	1326	1297.59	1295.26
1297.55	838.645	576	1.#QNAN	0	0	0	7.43474e-007	1363.07	1297.55	1295.22
1297.46	838.552	577	1.#QNAN	0	0	0	7.70757e-007	1322.87	1297.46	1295.14
1297.39	838.476	578	1.#QNAN	0	0	0	7.56558e-007	1328.72	1297.39	1295.08
1297.34	838.394	579	1.#QNAN	0	0.016	0	7.57239e-007	1366.07	1297.34	1295.05
1297.3	838.318	580	1.#QNAN	0	0	0	7.31591e-007	1368.07	1297.3	1295.02
1297.27	838.24	581	1.#QNAN	0	0	0	7.64e-007	1375.56	1297.27	1295
1297.23	838.169	582	1.#QNAN	0	0.015	0	7.31072e-007	1367.95	1297.23	1294.97
1297.23	838.095	583	1.#QNAN	0	0	0	7.72144e-007	1399.39	1297.23	1294.99
1297.21	838.039	584	1.#QNAN	0	0	0	7.70435e-007	1355.92	1297.21	1294.98
1297.15	837.948	585	1.#QNAN	0	0.016	0	7.61381e-007	1336.32	1297.15	1294.92
1297.14	837.893	586	1.#QNAN	0	0	0	7.80643e-007	1374.78	1297.14	1294.92
1297.11	837.826	587	1.#QNAN	0	0	0	7.45732e-007	1358.37	1297.11	1294.91
1297.09	837.761	588	1.#QNAN	0	0	0	7.35904e-007	1364.74	1297.09	1294.9
1297.08	837.706	589	1.#QNAN	0	0	0	7.53627e-007	1362.38	1297.08	1294.9
1297.07	837.638	590	1.#QNAN	0	0	0	7.61382e-007	1360.39	1297.07	1294.9
1297.02	837.551	591	1.#QNAN	0	0	0	7.62916e-007	1337.23	1297.02	1294.86
1297.04	837.498	592	1.#QNAN	0	0.015	0	7.58482e-007	1396.68	1297.04	1294.89
1297.03	837.45	593	1.#QNAN	0	0	0	7.68255e-007	1370.1	1297.03	1294.9
1297.01	837.39	594	1.#QNAN	0	0	0	7.40295e-007	1360.93	1297.01	1294.89
1296.99	837.332	595	1.#QNAN	0	0.016	0	7.59941e-007	1360.11	1296.99	1294.87
1296.97	837.272	596	1.#QNAN	0	0	0	7.68215e-007	1348.83	1296.97	1294.86
1296.91	837.195	597	1.#QNAN	0	0	0	7.34207e-007	1331.84	1296.91	1294.82
1296.88	837.108	598	1.#QNAN	0	0.015	0	7.46281e-007	1347.05	1296.88	1294.8
1296.84	837.031	599	1.#QNAN	0	0	0	7.45592e-007	1341.34	1296.84	1294.77
1296.8	836.957	600	1.#QNAN	0	0	0	7.4701e-007	1346.81	1296.8	1294.74
1296.74	836.88	601	1.#QNAN	0	0	0	7.41391e-007	1329.74	1296.74	1294.69
1296.72	836.826	602	1.#QNAN	0	0.016	0	7.55358e-007	1358.65	1296.72	1294.68
1296.67	836.75	603	1.#QNAN	0	0	0	7.91519e-007	1334.51	1296.67	1294.64
1296.64	836.675	604	1.#QNAN	0	0	0	7.62061e-007	1349.45	1296.64	1294.62
1296.6	836.614	605	1.#QNAN	0	0.016	0	7.32823e-007	1334.78	1296.6	1294.59
1296.58	836.553	606	1.#QNAN	0	0	0	7.56807e-007	1344.65	1296.58	1294.57
1296.54	836.494	607	1.#QNAN	0	0	0	7.6439e-007	1331.83	1296.54	1294.54
1296.48	836.44	608	1.#QNAN	0	0.015	0	7.51768e-007	1336.75	1296.48	1294.5
1296.46	836.392	609	1.#QNAN	0	0	0	7.28282e-007	1354.18	1296.46	1294.48
1296.42	836.328	610	1.#QNAN	0	0	0	7.27604e-007	1333.01	1296.42	1294.45
1296.37	836.264	611	1.#QNAN	0	0	0	7.2415e-007	1333.33	1296.37	1294.4
1296.32	836.189	612	1.#QNAN	0	0.016	0	7.3735e-007	1330.35	1296.32	1294.36
1296.31	836.143	613	1.#QNAN	0	0	0	7.20249e-007	1359.88	1296.31	1294.36
1296.27	836.079	614	1.#QNAN	0	0	0	7.80673e-007	1325.16	1296.27	1294.33
1296.21	836.023	615	1.#QNAN	0	0.015	0	7.68257e-007	1315.68	1296.21	1294.28
1296.16	835.954	616	1.#QNAN	0	0	0	7.57883e-007	1317.39	1296.16	1294.23
1296.09	835.883	617	1.#QNAN	0	0	0	7.6105e-007	1317.01	1296.09	1294.18
1296.07	835.819	618	1.#QNAN	0	0	0	7.53985e-007	1351.08	1296.07	1294.17
1296.02	835.756	619	1.#QNAN	0	0.016	0	7.7935e-007	1324.12	1296.02	1294.12
1295.97	835.693	620	1.#QNAN	0	0	0	7.45037e-007	1325.43	1295.97	1294.08
1295.97	835.629	621	1.#QNAN	0	0	0	7.39022e-007	1365.44	1295.97	1294.09
1295.94	835.572	622	1.#QNAN	0	0.016	0	7.70663e-007	1340.03	1295.94	1294.07
1295.94	835.505	623	1.#QNAN	0	0	0	7.61141e-007	1364.55	1295.94	1294.07
1295.95	835.448	624	1.#QNAN	0	0	0	7.61339e-007	1371.8	1295.95	1294.1
1295.96	835.398	625	1.#QNAN	0	0.015	0	7.55667e-007	1373.95	1295.96	1294.12
1295.95	835.331	626	1.#QNAN	0	0	0	7.50496e-007	1369.41	1295.95	1294.11
1295.96	835.288	627	1.#QNAN	0	0	0	7.60671e-007	1365.48	1295.96	1294.12
1295.97	835.245	628	1.#QNAN	0	0.016	0	7.53673e-007	1381.25	1295.97	1294.15
1295.98	835.199	629	1.#QNAN	0	0	0	7.19224e-007	1367.24	1295.98	1294.17
1295.98	835.156	630	1.#QNAN	0	0	0	7.47059e-007	1357.62	1295.98	1294.17
1295.95	835.096	631	1.#QNAN	0	0	0	7.46636e-007	1344.48	1295.95	1294.15
1295.93	835.027	632	1.#QNAN	0	0.015	0	7.77086e-007	1351.55	1295.93	1294.14
1295.89	834.962	633	1.#QNAN	0	0	0	7.72947e-007	1329.25	1295.89	1294.1
1295.87	834.916	634	1.#QNAN	0	0	0	7.3431e-007	1357.92	1295.87	1294.09
1295.88	834.868	635	1.#QNAN	0	0.016	0	7.25549e-007	1387.8	1295.88	1294.11
1295.87	834.808	636	1.#QNAN	0	0	0	7.61561e-007	1357.01	1295.87	1294.1
1295.88	834.769	637	1.#QNAN	0	0	0	7.82986e-007	1363.24	1295.88	1294.12
1295.87	834.713	638	1.#QNAN	0	0	0	7.46436e-007	1364.42	1295.87	1294.12
1295.86	834.669	639	1.#QNAN	0	0	0	7.49074e-007	1359.89	1295.86	1294.12
1295.78	834.596	640	1.#QNAN	0	0	0	7.35134e-007	1304.07	1295.78	1294.04
1295.74	834.538	641	1.#QNAN	0	0	0	7.56428e-007	1336.57	1295.74	1294.01
1295.66	834.481	642	1.#QNAN	0	0.015	1	7.56667e-007	1306.59	1295.66	1293.94
1295.62	834.428	643	1.#QNAN	0	0	0	7.63242e-007	1324.92	1295.62	1293.9
1295.55	834.357	644	1.#QNAN	0	0	0	7.80746e-007	1313.09	1295.55	1293.84
1295.53	834.299	645	1.#QNAN	0	0.016	0	7.67718e-007	1338.64	1295.53	1293.83
1295.48	834.226	646	1.#QNAN	0	0	0	7.33112e-007	1333.01	1295.48	1293.79
1295.43	834.158	647	1.#QNAN	0	0	0	7.73614e-007	1318.02	1295.43	1293.74
1295.4	834.091	648	1.#QNAN	0	0	0	7.59386e-007	1344.58	1295.4	1293.72
1295.37	834.045	649	1.#QNAN	0	0	0	7.36376e-007	1335.48	1295.37	1293.7
1295.27	833.96	650	1.#QNAN	0	0	0	7.48911e-007	1292.76	1295.27	1293.61
1295.23	833.907	651	1.#QNAN	0	0	0	7.53821e-007	1328.01	1295.23	1293.57
1295.17	833.832	652	1.#QNAN	0	0.016	0	7.70501e-007	1318.23	1295.17	1293.51
1295.14	833.794	653	1.#QNAN	0	0	0	7.63407e-007	1346.17	1295.14	1293.49
1295.12	833.757	654	1.#QNAN	0	0	0	7.62491e-007	1362.61	1295.12	1293.48
1295.06	833.68	655	1.#QNAN	0	0.016	0	7.511e-007	1332.42	1295.06	1293.43
1295.05	833.634	656	1.#QNAN	0	0	0	7.46779e-007	1359.58	1295.05	1293.42
1295.01	833.581	657	1.#QNAN	0	0	0	7.48997e-007	1348.42	1295.01	1293.4
1294.96	833.524	658	1.#QNAN	0	0.015	0	7.80184e-007	1348.52	1294.96	1293.36
1294.94	833.462	659	1.#QNAN	0	0	0	7.64052e-007	1363.9	1294.94	1293.34
1294.9	833.396	660	1.#QNAN	0	0	0	7.78059e-007	1357.41	1294.9	1293.31
1294.84	833.323	661	1.#QNAN	0	0	0	7.82015e-007	1357.29	1294.84	1293.25
1294.77	833.238	662	1.#QNAN	0	0.016	0	7.56553e-007	1354.81	1294.77	1293.19
1294.67	833.151	663	1.#QNAN	0	0	0	7.54301e-007	1344.38	1294.67	1293.1
1294.61	833.083	664	1.#QNAN	0	0	0	7.56557e-007	1348.94	1294.61	1293.04
1294.56	833.021	665	1.#QNAN	0	0.015	0	7.68022e-007	1355.15	1294.56	1293
1294.55	832.969	666	1.#QNAN	0	0	0	7.69711e-007	1366.61	1294.55	1293
1294.52	832.908	667	1.#QNAN	0	0	0	7.61337e-007	1350.03	1294.52	1292.98
1294.5	832.847	668	1.#QNAN	0	0.016	0	7.74079e-007	1354.36	1294.5	1292.96
1294.46	832.784	669	1.#QNAN	0	0	0	7.43921e-007	1359.94	1294.46	1292.93
1294.46	832.737	670	1.#QNAN	0	0	0	7.7336e-007	1387.93	1294.46	1292.94
1294.51	832.714	671	1.#QNAN	0	0	0	7.6893e-007	1408.7	1294.51	1293
1294.52	832.676	672	1.#QNAN	0	0.016	0	7.51138e-007	1377.82	1294.52	1293.01
1294.52	832.627	673	1.#QNAN	0	0	0	7.43019e-007	1376.43	1294.52	1293.02
1294.49	832.576	674	1.#QNAN	0	0	0	7.40205e-007	1356.45	1294.49	1293
1294.48	832.533	675	1.#QNAN	0	0.015	0	8.09222e-007	1387.73	1294.48	1293
1294.43	832.479	676	1.#QNAN	0	0	0	7.17988e-007	1349.25	1294.43	1292.96
1294.38	832.42	677	1.#QNAN	0	0	0	7.57792e-007	1360.73	1294.38	1292.92
1294.33	832.356	678	1.#QNAN	0	0.016	0	7.77139e-007	1345.95	1294.33	1292.88
1294.27	832.287	679	1.#QNAN	0	0	0	7.38969e-007	1338.51	1294.27	1292.82
1294.19	832.203	680	1.#QNAN	0	0	0	7.69065e-007	1344.45	1294.19	1292.74
1294.09	832.133	681	1.#QNAN	0	0	0	7.5352e-007	1332.16	1294.09	1292.66
1294.02	832.074	682	1.#QNAN	0	0.015	0	7.51162e-007	1328.78	1294.02	1292.59
1293.92	831.992	683	1.#QNAN	0	0	0	7.58639e-007	1319.56	1293.92	1292.5
1293.86	831.924	684	1.#QNAN	0	0	0	7.63259e-007	1344.15	1293.86	1292.44
1293.79	831.866	685	1.#QNAN	0	0.016	0	7.57927e-007	1330.88	1293.79	1292.38
1293.73	831.812	686	1.#QNAN	0	0	0	7.62753e-007	1342.94	1293.73	1292.33
1293.69	831.761	687	1.#QNAN	0	0	0	7.65952e-007	1353.18	1293.69	1292.3
1293.66	831.706	688	1.#QNAN	0	0.016	0	7.63831e-007	1355.36	1293.66	1292.28
1293.63	831.665	689	1.#QNAN	0	0	0	7.65746e-007	1344.35	1293.63	1292.25
1293.59	831.613	690	1.#QNAN	0	0	0	7.58602e-007	1353.84	1293.59	1292.22
1293.55	831.567	691	1.#QNAN	0	0.015	0	7.47402e-007	1327.56	1293.55	1292.18
1293.52	831.52	692	1.#QNAN	0	0	0	8.0704e-007	1349.09	1293.52	1292.16
1293.48	831.473	693	1.#QNAN	0	0	0	7.97071e-007	1336.34	1293.48	1292.12
1293.45	831.426	694	1.#QNAN	0	0	0	7.49367e-007	1335.68	1293.45	1292.1
1293.42	831.372	695	1.#QNAN	0	0.016	0	7.39783e-007	1338.64	1293.42	1292.08
1293.38	831.316	696	1.#QNAN	0	0	0	7.27583e-007	1325.92	1293.38	1292.04
1293.36	831.265	697	1.#QNAN	0	0	0	7.52497e-007	1340.83	1293.36	1292.03
1293.36	831.235	698	1.#QNAN	0	0.015	0	7.50744e-007	1367.21	1293.36	1292.04
1293.36	831.206	699	1.#QNAN	0	0	0	7.52642e-007	1356.81	1293.36	1292.04
1293.37	831.163	700	1.#QNAN	0	0	0	7.70791e-007	1355.9	1293.37	1292.05
1293.36	831.125	701	1.#QNAN	0	0.016	0	7.59393e-007	1347.21	1293.36	1292.06
1293.33	831.073	702	1.#QNAN	0	0	0	7.59193e-007	1329.39	1293.33	1292.03
1293.32	831.026	703	1.#QNAN	0	0	0	7.68832e-007	1352.05	1293.32	1292.03
1293.3	830.981	704	1.#QNAN	0	0.016	0	7.45546e-007	1350.42	1293.3	1292.01
1293.26	830.93	705	1.#QNAN	0	0	0	7.83718e-007	1334.72	1293.26	1291.98
1293.25	830.884	706	1.#QNAN	0	0	0	7.22359e-007	1357.54	1293.25	1291.98
1293.18	830.799	707	1.#QNAN	0	0	0	7.55005e-007	1312.51	1293.18	1291.91
1293.16	830.748	708	1.#QNAN	0	0.015	0	7.41856e-007	1359.13	1293.16	1291.89
1293.11	830.686	709	1.#QNAN	0	0	0	7.54388e-007	1339.61	1293.11	1291.86
1293.08	830.651	710	1.#QNAN	0	0	0	7.50872e-007	1341.79	1293.08	1291.83
1293.12	830.629	711	1.#QNAN	0	0.016	0	7.65076e-007	1401.06	1293.12	1291.87
1293.14	830.593	712	1.#QNAN	0	0	0	7.54559e-007	1395.31	1293.14	1291.9
1293.19	830.576	713	1.#QNAN	0	0	0	7.52963e-007	1442.64	1293.19	1291.96
1293.18	830.552	714	1.#QNAN	0	0	0	7.32757e-007	1368.22	1293.18	1291.96
1293.2	830.515	715	1.#QNAN	0	0	0	8.0043e-007	1385.72	1293.2	1291.98
1293.2	830.498	716	1.#QNAN	0	0	0	7.49236e-007	1368.23	1293.2	1291.99
1293.22	830.478	717	1.#QNAN	0	0	0	7.56554e-007	1377.78	1293.22	1292.01
1293.23	830.452	718	1.#QNAN	0	0.016	0	7.89028e-007	1378.37	1293.23	1292.03
1293.24	830.427	719	1.#QNAN	0	0	0	7.56557e-007	1372.24	1293.24	1292.04
1293.24	830.397	720	1.#QNAN	0	0	0	7.6626e-007	1371.78	1293.24	1292.05
1293.24	830.368	721	1.#QNAN	0	0.016	0	7.47526e-007	1361.42	1293.24	1292.05
1293.22	830.335	722	1.#QNAN	0	0	0	7.81923e-007	1354.52	1293.22	1292.04
1293.17	830.285	723	1.#QNAN	0	0	0	7.60063e-007	1333.99	1293.17	1292
1293.14	830.241	724	1.#QNAN	0	0	0	7.49553e-007	1342.41	1293.14	1291.98
1293.15	830.217	725	1.#QNAN	0	0	0	7.60672e-007	1385.12	1293.15	1291.99
1293.14	830.19	726	1.#QNAN	0	0	0	7.67841e-007	1367.55	1293.14	1291.99
1293.1	830.145	727	1.#QNAN	0	0	0	7.74794e-007	1331.85	1293.1	1291.95
1293.11	830.134	728	1.#QNAN	0	0.016	0	7.64329e-007	1375.79	1293.11	1291.97
1293.1	830.103	729	1.#QNAN	0	0	0	7.63744e-007	1354.51	1293.1	1291.96
1293.07	830.068	730	1.#QNAN	0	0	0	7.86686e-007	1355.1	1293.07	1291.94
1293.05	830.032	731	1.#QNAN	0	0.015	0	7.69731e-007	1363.1	1293.05	1291.92
1293.03	830.001	732	1.#QNAN	0	0	0	7.41395e-007	1365.23	1293.03	1291.91
1293.01	829.973	733	1.#QNAN	0	0	0	7.49595e-007	1356.29	1293.01	1291.89
1292.94	829.916	734	1.#QNAN	0	0.016	0	7.64169e-007	1328.73	1292.94	1291.83
1292.87	829.857	735	1.#QNAN	0	0	0	7.92444e-007	1315	1292.87	1291.76
1292.79	829.811	736	1.#QNAN	0	0	0	7.77649e-007	1304.46	1292.79	1291.68
1292.71	829.758	737	1.#QNAN	0	0	0	7.70482e-007	1314.77	1292.71	1291.61
1292.63	829.702	738	1.#QNAN	0	0.016	0	7.69388e-007	1322.35	1292.63	1291.54
1292.52	829.632	739	1.#QNAN	0	0	0	7.33581e-007	1305.92	1292.52	1291.42
1292.44	829.581	740	1.#QNAN	0	0	0	7.44584e-007	1342.38	1292.44	1291.35
1292.37	829.537	741	1.#QNAN	0	0.015	0	7.5284e-007	1334.83	1292.37	1291.28
1292.27	829.487	742	1.#QNAN	0	0	0	7.35077e-007	1323.45	1292.27	1291.19
1292.15	829.419	743	1.#QNAN	0	0	0	7.74103e-007	1322.78	1292.15	1291.08
1292.08	829.358	744	1.#QNAN	0	0.016	0	7.43511e-007	1338.01	1292.08	1291.01
1292.01	829.313	745	1.#QNAN	0	0	0	7.53092e-007	1322.75	1292.01	1290.94
1291.97	829.265	746	1.#QNAN	0	0	0	7.53795e-007	1343.17	1291.97	1290.91
1291.93	829.219	747	1.#QNAN	0	0.015	0	7.31516e-007	1340.45	1291.93	1290.87
1291.88	829.17	748	1.#QNAN	0	0	0	7.36543e-007	1336.8	1291.88	1290.83
1291.83	829.113	749	1.#QNAN	0	0	0	7.22395e-007	1343.8	1291.83	1290.78
1291.8	829.078	750	1.#QNAN	0	0	0	7.62976e-007	1374.04	1291.8	1290.76
1291.78	829.052	751	1.#QNAN	0	0.016	0	7.37444e-007	1357.68	1291.78	1290.74
1291.77	829.022	752	1.#QNAN	0	0	0	7.48188e-007	1385.02	1291.77	1290.74
1291.78	829.001	753	1.#QNAN	0	0	0	7.72835e-007	1381.36	1291.78	1290.75
1291.81	828.991	754	1.#QNAN	0	0.016	0	7.60552e-007	1394.76	1291.81	1290.79
1291.81	828.955	755	1.#QNAN	0	0	0	7.36742e-007	1357.99	1291.81	1290.8
1291.82	828.935	756	1.#QNAN	0	0	0	7.42884e-007	1375.82	1291.82	1290.81
1291.81	828.902	757	1.#QNAN	0	0.015	0	7.5842e-007	1371.1	1291.81	1290.81
1291.76	828.857	758	1.#QNAN	0	0	0	7.41187e-007	1337.02	1291.76	1290.76
1291.71	828.815	759	1.#QNAN	0	0	0	7.34894e-007	1324.09	1291.71	1290.71
1291.67	828.769	760	1.#QNAN	0	0.016	0	7.35524e-007	1328.09	1291.67	1290.68
1291.62	828.726	761	1.#QNAN	0	0	0	7.4295e-007	1321.2	1291.62	1290.63
1291.57	828.681	762	1.#QNAN	0	0	0	7.56796e-007	1316.95	1291.57	1290.58
1291.54	828.652	763	1.#QNAN	0	0	0	7.74832e-007	1328.62	1291.54	1290.55
1291.5	828.61	764	1.#QNAN	0	0.015	0	7.35383e-007	1316.78	1291.5	1290.52
1291.48	828.576	765	1.#QNAN	0	0	0	7.4339e-007	1334.09	1291.48	1290.5
1291.46	828.545	766	1.#QNAN	0	0	0	7.46459e-007	1349.27	1291.46	1290.49
1291.46	828.524	767	1.#QNAN	0	0.016	0	7.30443e-007	1359.61	1291.46	1290.49
1291.46	828.501	768	1.#QNAN	0	0	0	7.76546e-007	1369.6	1291.46	1290.5
1291.43	828.464	769	1.#QNAN	0	0	0	7.52216e-007	1346.36	1291.43	1290.47
1291.41	828.431	770	1.#QNAN	0	0.016	0	7.44521e-007	1360.7	1291.41	1290.46
1291.42	828.421	771	1.#QNAN	0	0	0	7.51095e-007	1371.74	1291.42	1290.47
1291.42	828.4	772	1.#QNAN	0	0	0	7.34214e-007	1358.46	1291.42	1290.47
1291.37	828.366	773	1.#QNAN	0	0	0	7.53784e-007	1347.19	1291.37	1290.43
1291.34	828.33	774	1.#QNAN	0	0.015	0	7.28956e-007	1345.02	1291.34	1290.41
1291.33	828.307	775	1.#QNAN	0	0	0	7.32969e-007	1361.51	1291.33	1290.39
1291.34	828.295	776	1.#QNAN	0	0	0	7.47633e-007	1389.22	1291.34	1290.42
1291.32	828.269	777	1.#QNAN	0	0.016	0	7.41296e-007	1334.51	1291.32	1290.4
1291.29	828.238	778	1.#QNAN	0	0	0	7.41257e-007	1337.6	1291.29	1290.37
1291.3	828.22	779	1.#QNAN	0	0	0	7.58563e-007	1371.27	1291.3	1290.39
1291.31	828.194	780	1.#QNAN	0	0.015	0	7.85556e-007	1374.41	1291.31	1290.41
1291.31	828.167	781	1.#QNAN	0	0	0	7.75256e-007	1365.16	1291.31	1290.41
1291.29	828.14	782	1.#QNAN	0	0	0	7.47281e-007	1344.63	1291.29	1290.39
1291.31	828.124	783	1.#QNAN	0	0	0	7.62053e-007	1379.38	1291.31	1290.42
1291.32	828.097	784	1.#QNAN	0	0.016	0	7.70521e-007	1372.44	1291.32	1290.43
1291.31	828.073	785	1.#QNAN	0	0	0	7.07508e-007	1356.17	1291.31	1290.43
1291.33	828.06	786	1.#QNAN	0	0	0	7.74002e-007	1399.52	1291.33	1290.45
1291.34	828.052	787	1.#QNAN	0	0.016	0	7.47081e-007	1386.61	1291.34	1290.47
1291.35	828.051	788	1.#QNAN	0	0	0	7.7579e-007	1383.1	1291.35	1290.49
1291.36	828.042	789	1.#QNAN	0	0	0	7.7016e-007	1374.58	1291.36	1290.5
1291.35	828.022	790	1.#QNAN	0	0.015	0	7.42032e-007	1361.1	1291.35	1290.5
1291.33	827.998	791	1.#QNAN	0	0	0	7.52247e-007	1355.95	1291.33	1290.48
1291.32	827.974	792	1.#QNAN	0	0	0	7.504e-007	1350.29	1291.32	1290.47
1291.3	827.952	793	1.#QNAN	0	0	0	7.78159e-007	1335.63	1291.3	1290.45
1291.3	827.941	794	1.#QNAN	0	0.016	0	7.52008e-007	1373.33	1291.3	1290.46
1291.34	827.928	795	1.#QNAN	0	0	0	7.32111e-007	1389.38	1291.34	1290.5
1291.36	827.922	796	1.#QNAN	0	0	0	7.49374e-007	1382.95	1291.36	1290.53
1291.37	827.896	797	1.#QNAN	0	0.015	0	7.5147e-007	1370.91	1291.37	1290.54
1291.37	827.877	798	1.#QNAN	0	0	0	7.71996e-007	1363.75	1291.37	1290.54
1291.39	827.858	799	1.#QNAN	0	0	0	7.4285e-007	1377.88	1291.39	1290.57
