rmse	mae	#iter	time_pred	time_learn	time_learn2	time_learn4	alpha	rmse_mcmc_this	rmse_mcmc_all	rmse_mcmc_all_but5
14672.7	11176.5	0	1.#QNAN	0	0	0	1.39511e-010	14672.7	14672.7	3999.82
13451.3	10201.1	1	1.#QNAN	0	0.016	0	2.8799e-009	12874.6	13451.3	3999.82
12912.6	9768.17	2	1.#QNAN	0	0	0	3.66671e-009	12146.2	12912.6	3999.82
12351.4	9331.32	3	1.#QNAN	0	0.015	0	4.34486e-009	10941.6	12351.4	3999.82
11719.6	8860.36	4	1.#QNAN	0	0.016	0	5.67925e-009	9488.34	11719.6	37739.9
10979.6	8298.58	5	1.#QNAN	0	0	0	7.1606e-009	7830.36	10979.6	7830.36
10284.3	7750.04	6	1.#QNAN	0	0.015	0	1.06871e-008	7007.94	10284.3	7317.29
9687.11	7269.32	7	1.#QNAN	0	0	0	1.41568e-008	6713.72	9687.11	7012.22
9169.04	6855.7	8	1.#QNAN	0	0.016	0	1.66995e-008	6280.17	9169.04	6749.42
8737.46	6513.16	9	1.#QNAN	0	0	0	1.90993e-008	6088.21	8737.46	6554.71
8370.03	6219.9	10	1.#QNAN	0	0.016	0	2.10066e-008	5952.6	8370.03	6396.66
8066.78	5978.53	11	1.#QNAN	0	0.015	0	2.20455e-008	5885.02	8066.78	6279.13
7805.76	5764.19	12	1.#QNAN	0	0	0	2.28916e-008	5795.78	7805.76	6176.9
7580.04	5579.46	13	1.#QNAN	0	0.016	0	2.4841e-008	5672.55	7580.04	6085.04
7380.42	5416.36	14	1.#QNAN	0	0	0	2.59209e-008	5539.47	7380.42	5998.94
7200.22	5267.81	15	1.#QNAN	0	0.015	0	2.6821e-008	5426.08	7200.22	5918.66
7043.02	5141.28	16	1.#QNAN	0	0	0	2.84374e-008	5369.98	7043.02	5847.55
6897.36	5022.37	17	1.#QNAN	0	0.016	0	3.00719e-008	5269.54	6897.36	5779.33
6770.92	4919.09	18	1.#QNAN	0	0.016	0	3.24984e-008	5285.15	6770.92	5720.53
6656.96	4825.76	19	1.#QNAN	0	0	0	3.20901e-008	5226.12	6656.96	5666.59
6552.98	4740.22	20	1.#QNAN	0	0.015	0	3.42972e-008	5209.19	6552.98	5619.13
6458.52	4662.7	21	1.#QNAN	0	0	0	3.52565e-008	5152.2	6458.52	5575.24
6372.38	4591.15	22	1.#QNAN	0	0.016	0	3.70767e-008	5109.07	6372.38	5534.32
6292.38	4525.01	23	1.#QNAN	0	0	0	3.54035e-008	5069.31	6292.38	5495.64
6216.53	4462.37	24	1.#QNAN	0	0.015	0	3.76837e-008	4982.34	6216.53	5457.67
6144.05	4403.28	25	1.#QNAN	0	0	0	3.96577e-008	4891.57	6144.05	5418.72
6075.33	4347.6	26	1.#QNAN	0	0.016	0	4.18328e-008	4846.92	6075.33	5380.7
6009.67	4296.53	27	1.#QNAN	0	0.016	0	4.36816e-008	4756.83	6009.67	5343.8
5949.31	4249.35	28	1.#QNAN	0	0	0	4.34652e-008	4732.44	5949.31	5308.69
5891.78	4204.82	29	1.#QNAN	0	0.015	0	4.27229e-008	4683.89	5891.78	5274.65
5836.58	4163.11	30	1.#QNAN	0	0	0	4.29878e-008	4595	5836.58	5241.12
5785.02	4123.39	31	1.#QNAN	0	0.016	0	4.68051e-008	4581.78	5785.02	5209.91
5733.25	4082.8	32	1.#QNAN	0	0	0	4.73966e-008	4510.65	5733.25	5177.83
5684.01	4044.57	33	1.#QNAN	0	0.015	0	4.87407e-008	4471.08	5684.01	5147.04
5636.04	4007.58	34	1.#QNAN	0	0.016	0	5.1538e-008	4443.94	5636.04	5116.57
5590.92	3972.24	35	1.#QNAN	0	0	0	5.20793e-008	4400.24	5590.92	5087.62
5547.35	3938.9	36	1.#QNAN	0	0.016	0	5.21435e-008	4320.53	5547.35	5058.47
5505.17	3905.81	37	1.#QNAN	0	0	0	5.36313e-008	4291.55	5505.17	5029.8
5462.21	3872.79	38	1.#QNAN	0	0.015	0	5.65634e-008	4175.7	5462.21	4999.32
5421	3840.68	39	1.#QNAN	0	0	0	5.75632e-008	4171.83	5421	4969.84
5377.81	3807.45	40	1.#QNAN	0	0.016	0	6.08443e-008	4011.73	5377.81	4937.31
5337.85	3776.62	41	1.#QNAN	0	0	0	6.54606e-008	4067.97	5337.85	4908.1
5297.54	3745.86	42	1.#QNAN	0	0.015	0	6.86159e-008	4044	5297.54	4878.38
5256.53	3715.3	43	1.#QNAN	0	0.016	0	6.65141e-008	3873.11	5256.53	4846.92
5217.44	3685.42	44	1.#QNAN	0	0	0	7.09943e-008	3842.06	5217.44	4816.86
5178.01	3655.46	45	1.#QNAN	0	0.016	0	7.55171e-008	3787.89	5178.01	4786.14
5139.83	3627.1	46	1.#QNAN	0	0.015	0	8.02691e-008	3783.79	5139.83	4756.27
5103.13	3599.06	47	1.#QNAN	0	0	0	8.21115e-008	3762.9	5103.13	4727.6
5066.86	3571.29	48	1.#QNAN	0	0.016	0	8.38733e-008	3761	5066.86	4699.16
5029.29	3542.92	49	1.#QNAN	0	0	0	8.41034e-008	3579.96	5029.29	4668.71
4993.11	3515.69	50	1.#QNAN	0	0.015	0	8.61995e-008	3533.28	4993.11	4639.34
4955.25	3487.91	51	1.#QNAN	0	0.016	0	8.93147e-008	3439.01	4955.25	4608.08
4920.53	3461.81	52	1.#QNAN	0	0	0	9.46112e-008	3490.67	4920.53	4580.05
4886.62	3436.08	53	1.#QNAN	0	0.016	0	9.8551e-008	3475.07	4886.62	4552.56
4853.02	3410.82	54	1.#QNAN	0	0	0	1.01065e-007	3436.72	4853.02	4525.07
4819.77	3385.83	55	1.#QNAN	0	0.015	0	1.06255e-007	3366.06	4819.77	4497.59
4786.66	3361.49	56	1.#QNAN	0	0.016	0	1.00938e-007	3354.06	4786.66	4470.04
4754.5	3337.52	57	1.#QNAN	0	0	0	1.09209e-007	3303.23	4754.5	4443
4722.07	3313.89	58	1.#QNAN	0	0.015	0	1.11514e-007	3174.97	4722.07	4415.19
4690.78	3291.01	59	1.#QNAN	0	0	0	1.16087e-007	3191.11	4690.78	4388.54
4659.29	3267.65	60	1.#QNAN	0	0.016	0	1.13477e-007	3139.97	4659.29	4361.51
4628.18	3244.84	61	1.#QNAN	0	0	0	1.24508e-007	3092.61	4628.18	4334.84
4598.72	3223.24	62	1.#QNAN	0	0.016	0	1.28444e-007	3127	4598.72	4309.83
4568.51	3201.37	63	1.#QNAN	0	0.015	0	1.31508e-007	3021.57	4568.51	4283.93
4538.97	3179.76	64	1.#QNAN	0	0	0	1.34344e-007	3006.25	4538.97	4258.58
4511.05	3158.92	65	1.#QNAN	0	0.016	0	1.37262e-007	3037.21	4511.05	4234.72
4482.79	3138.05	66	1.#QNAN	0	0	0	1.36091e-007	2973.14	4482.79	4210.23
4453.88	3117.01	67	1.#QNAN	0	0.015	1	1.46401e-007	2887.73	4453.88	4184.98
4425.92	3096.29	68	1.#QNAN	0	0	0	1.52243e-007	2937.13	4425.92	4160.67
4397.55	3075.66	69	1.#QNAN	0	0.016	0	1.63625e-007	2800.98	4397.55	4135.58
4369.82	3055.32	70	1.#QNAN	0	0.016	0	1.59706e-007	2777.86	4369.82	4111.24
4342.34	3035.13	71	1.#QNAN	0	0	0	1.63584e-007	2756.6	4342.34	4087.1
4316.05	3015.83	72	1.#QNAN	0	0.015	0	1.63986e-007	2771.39	4316.05	4064.13
4290.15	2996.73	73	1.#QNAN	0	0	0	1.68533e-007	2780.25	4290.15	4041.37
4264.41	2977.66	74	1.#QNAN	0	0.016	0	1.7522e-007	2740.59	4264.41	4018.78
4239.27	2958.93	75	1.#QNAN	0	0	0	1.82222e-007	2729.13	4239.27	3996.78
4214.37	2940.71	76	1.#QNAN	0	0.015	0	1.82933e-007	2675.28	4214.37	3974.81
4189.78	2922.52	77	1.#QNAN	0	0	0	1.87185e-007	2676.31	4189.78	3953.04
4165.35	2904.24	78	1.#QNAN	0	0.016	0	1.97024e-007	2668.29	4165.35	3931.48
4141.54	2886.33	79	1.#QNAN	0	0.016	0	1.95763e-007	2669.53	4141.54	3910.43
4117.62	2868.73	80	1.#QNAN	0	0	0	2.03604e-007	2555.62	4117.62	3889.17
4094.01	2851.55	81	1.#QNAN	0	0.015	0	2.0429e-007	2548.36	4094.01	3868.21
4070.44	2834.24	82	1.#QNAN	0	0	0	2.09889e-007	2524.75	4070.44	3847.17
4047.58	2817.6	83	1.#QNAN	0	0.016	0	2.1559e-007	2553.44	4047.58	3826.86
4025.04	2800.85	84	1.#QNAN	0	0	0	2.19121e-007	2505.17	4025.04	3806.83
4002.6	2784.47	85	1.#QNAN	0	0.015	0	2.24372e-007	2425.13	4002.6	3786.8
3980.51	2768.26	86	1.#QNAN	0	0.016	0	2.31729e-007	2445.52	3980.51	3767.13
3959.16	2752.43	87	1.#QNAN	0	0	0	2.28825e-007	2464.3	3959.16	3748.17
3937.54	2736.53	88	1.#QNAN	0	0.016	0	2.34573e-007	2383.08	3937.54	3728.79
3916.21	2720.98	89	1.#QNAN	0	0	0	2.41448e-007	2376.99	3916.21	3709.71
3895.73	2705.53	90	1.#QNAN	0	0.015	0	2.53083e-007	2416.87	3895.73	3691.45
3875.21	2690.18	91	1.#QNAN	0	0	0	2.44707e-007	2369.84	3875.21	3673.1
3854.89	2674.9	92	1.#QNAN	0	0.016	0	2.55853e-007	2363.55	3854.89	3655
3834.7	2659.99	93	1.#QNAN	0	0	0	2.53094e-007	2349.32	3834.7	3636.99
3814.63	2645.19	94	1.#QNAN	0	0.015	0	2.55117e-007	2276.94	3814.63	3618.9
3795.53	2630.91	95	1.#QNAN	0	0.016	0	2.66063e-007	2384.27	3795.53	3601.92
3776.29	2616.66	96	1.#QNAN	0	0	0	2.68787e-007	2303.21	3776.29	3584.73
3757.46	2602.69	97	1.#QNAN	0	0.016	0	2.70788e-007	2333.4	3757.46	3567.77
3738.47	2588.67	98	1.#QNAN	0	0	0	2.80856e-007	2226.95	3738.47	3550.61
3720.01	2574.74	99	1.#QNAN	0	0.015	0	2.82673e-007	2326.15	3720.01	3534.05
3701.91	2561.01	100	1.#QNAN	0	0	0	2.87663e-007	2288.5	3701.91	3517.77
3683.69	2547.51	101	1.#QNAN	0	0.016	0	2.86469e-007	2205.59	3683.69	3501.31
3666	2534.3	102	1.#QNAN	0	0.015	0	2.9288e-007	2222.38	3666	3485.38
3648.52	2521.43	103	1.#QNAN	0	0	0	3.01005e-007	2203.13	3648.52	3469.67
3631.23	2508.5	104	1.#QNAN	0	0.016	0	2.89591e-007	2202.89	3631.23	3454.14
3614.17	2495.93	105	1.#QNAN	0	0	0	3.05288e-007	2237.4	3614.17	3438.91
3597.12	2483.46	106	1.#QNAN	0	0.016	0	3.03641e-007	2207.95	3597.12	3423.57
3580.45	2471.32	107	1.#QNAN	0	0	0	3.0732e-007	2180.86	3580.45	3408.58
3563.83	2459.17	108	1.#QNAN	0	0.015	0	3.01258e-007	2126.54	3563.83	3393.56
3547.59	2447.29	109	1.#QNAN	0	0	0	3.03072e-007	2152.63	3547.59	3378.91
3531.73	2435.69	110	1.#QNAN	0	0.016	0	3.10375e-007	2161.32	3531.73	3364.66
3515.86	2424.18	111	1.#QNAN	0	0.015	0	3.13747e-007	2101.2	3515.86	3350.32
3500.2	2412.7	112	1.#QNAN	0	0	0	3.23899e-007	2092.08	3500.2	3336.15
3484.98	2401.41	113	1.#QNAN	0	0.016	0	3.40361e-007	2119.46	3484.98	3322.44
3470.01	2390.21	114	1.#QNAN	0	0	0	3.26478e-007	2143.85	3470.01	3308.97
3454.83	2378.9	115	1.#QNAN	0	0.016	0	3.29803e-007	2076	3454.83	3295.22
3439.82	2367.74	116	1.#QNAN	0	0	0	3.37803e-007	2058.13	3439.82	3281.62
3424.86	2356.65	117	1.#QNAN	0	0.015	0	3.33242e-007	2054.43	3424.86	3268.02
3410.28	2345.88	118	1.#QNAN	0	0.016	0	3.46312e-007	2034.87	3410.28	3254.8
3396.03	2335.42	119	1.#QNAN	0	0	0	3.48919e-007	2039.2	3396.03	3241.87
3381.9	2324.96	120	1.#QNAN	0	0.015	0	3.46865e-007	2035.89	3381.9	3229.1
3368.23	2314.8	121	1.#QNAN	0	0	0	3.53459e-007	2071.69	3368.23	3216.77
3354.51	2304.66	122	1.#QNAN	0	0.016	0	3.51003e-007	2036.12	3354.51	3204.35
3341.05	2294.69	123	1.#QNAN	0	0	0	3.58577e-007	2039.03	3341.05	3192.18
3327.72	2284.72	124	1.#QNAN	0	0.016	0	3.60893e-007	2038.72	3327.72	3180.15
3314.59	2274.92	125	1.#QNAN	0	0	0	3.73315e-007	2031.34	3314.59	3168.3
3301.5	2265.2	126	1.#QNAN	0	0.015	0	3.54092e-007	2021.72	3301.5	3156.48
3288.51	2255.43	127	1.#QNAN	0	0.016	0	3.71185e-007	2009.87	3288.51	3144.74
3275.75	2245.93	128	1.#QNAN	0	0	0	3.85189e-007	1983.55	3275.75	3133.21
3263.21	2236.49	129	1.#QNAN	0	0.015	0	3.85937e-007	1991.77	3263.21	3121.86
3250.96	2227.41	130	1.#QNAN	0	0	0	3.87191e-007	2021.94	3250.96	3110.8
3238.57	2218.16	131	1.#QNAN	0	0.016	0	3.83631e-007	1977.35	3238.57	3099.58
3226.29	2209.01	132	1.#QNAN	0	0.016	0	3.88546e-007	1958.19	3226.29	3088.43
3213.9	2199.76	133	1.#QNAN	0	0	0	4.01727e-007	1931.75	3213.9	3077.15
3201.69	2190.69	134	1.#QNAN	0	0.015	0	3.83224e-007	1934.46	3201.69	3066.07
3189.51	2181.65	135	1.#QNAN	0	0	0	3.97995e-007	1886.81	3189.51	3054.95
3177.72	2172.93	136	1.#QNAN	0	0.016	0	4.04987e-007	1919.09	3177.72	3044.23
3165.93	2164.36	137	1.#QNAN	0	0	0	4.07458e-007	1904.39	3165.93	3033.49
3154.35	2155.86	138	1.#QNAN	0	0.015	0	3.91035e-007	1903.51	3154.35	3022.96
3142.91	2147.56	139	1.#QNAN	0	0	0	3.97694e-007	1895.05	3142.91	3012.56
3131.42	2139.18	140	1.#QNAN	0	0.016	0	4.12555e-007	1863.45	3131.42	3002.06
3119.84	2130.92	141	1.#QNAN	0	0.016	0	4.18626e-007	1831	3119.84	2991.44
3108.34	2122.65	142	1.#QNAN	0	0	0	4.11349e-007	1845.8	3108.34	2980.9
3097.07	2114.55	143	1.#QNAN	0	0.015	0	4.25508e-007	1828.3	3097.07	2970.57
3085.86	2106.55	144	1.#QNAN	0	0	0	4.19104e-007	1822.37	3085.86	2960.3
3074.92	2098.68	145	1.#QNAN	0	0.016	0	4.15476e-007	1830.05	3074.92	2950.28
3064.19	2090.93	146	1.#QNAN	0	0	0	4.41969e-007	1825.33	3064.19	2940.44
3053.45	2083.21	147	1.#QNAN	0	0.015	0	4.23286e-007	1808.64	3053.45	2930.6
3042.67	2075.58	148	1.#QNAN	0	0	0	4.23693e-007	1790.61	3042.67	2920.72
3031.98	2067.92	149	1.#QNAN	0	0.016	0	4.29189e-007	1780.66	3031.98	2910.91
3021.53	2060.4	150	1.#QNAN	0	0.016	0	4.34548e-007	1784.15	3021.53	2901.34
3011.31	2052.95	151	1.#QNAN	0	0	0	4.36619e-007	1801.99	3011.31	2892
3001.06	2045.47	152	1.#QNAN	0	0.015	0	4.29788e-007	1764.2	3001.06	2882.58
2991	2038.12	153	1.#QNAN	0	0	0	4.41938e-007	1798.34	2991	2873.33
2980.89	2030.77	154	1.#QNAN	0	0.017	0	4.29155e-007	1768.48	2980.89	2864.03
2970.81	2023.45	155	1.#QNAN	0	0	0	4.4916e-007	1754.77	2970.81	2854.76
2960.82	2016.18	156	1.#QNAN	0	0.015	0	4.6702e-007	1761.74	2960.82	2845.59
2951.03	2009.11	157	1.#QNAN	0	0.016	0	4.61337e-007	1760.68	2951.03	2836.61
2941.56	2002.21	158	1.#QNAN	0	0	0	4.54552e-007	1795.64	2941.56	2827.92
2932.08	1995.4	159	1.#QNAN	0	0.016	0	4.62259e-007	1778.33	2932.08	2819.22
2922.56	1988.6	160	1.#QNAN	0	0	0	4.7374e-007	1744.25	2922.56	2810.46
2913.22	1981.82	161	1.#QNAN	0	0.015	0	4.67416e-007	1776.04	2913.22	2801.89
2904.02	1975.1	162	1.#QNAN	0	0	0	4.59506e-007	1768.12	2904.02	2793.46
2894.92	1968.44	163	1.#QNAN	0	0.016	0	4.6566e-007	1767.53	2894.92	2785.13
2886.03	1961.86	164	1.#QNAN	0	0	0	4.57748e-007	1778.64	2886.03	2776.99
2876.92	1955.15	165	1.#QNAN	0	0.015	0	4.8681e-007	1731.92	2876.92	2768.63
2868.03	1948.59	166	1.#QNAN	0	0.016	0	4.54414e-007	1754.82	2868.03	2760.5
2859.15	1942.11	167	1.#QNAN	0	0	0	4.67377e-007	1731.51	2859.15	2752.35
2850.16	1935.61	168	1.#QNAN	0	0.016	0	4.65398e-007	1718.65	2850.16	2744.09
2841.39	1929.26	169	1.#QNAN	0	0	0	4.64743e-007	1707.25	2841.39	2736.02
2832.9	1922.93	170	1.#QNAN	0	0.015	0	4.75005e-007	1751.87	2832.9	2728.26
2824.37	1916.7	171	1.#QNAN	0	0	0	4.69101e-007	1736.35	2824.37	2720.46
2816.03	1910.62	172	1.#QNAN	0	0.016	0	4.74102e-007	1740.41	2816.03	2712.82
2807.79	1904.68	173	1.#QNAN	0	0.015	0	4.8667e-007	1737.58	2807.79	2705.29
2799.56	1898.7	174	1.#QNAN	0	0	0	4.99453e-007	1723.93	2799.56	2697.74
2791.41	1892.72	175	1.#QNAN	0	0.016	0	4.95661e-007	1722.4	2791.41	2690.26
2783.14	1886.8	176	1.#QNAN	0	0	0	4.83742e-007	1707.86	2783.14	2682.66
2775.06	1880.98	177	1.#QNAN	0	0.016	0	4.85464e-007	1712.32	2775.06	2675.25
2766.9	1875.27	178	1.#QNAN	0	0	0	4.80306e-007	1689.59	2766.9	2667.73
2758.98	1869.66	179	1.#QNAN	0	0.015	0	4.82437e-007	1705.14	2758.98	2660.44
2750.97	1864.03	180	1.#QNAN	0	0.016	1	4.93247e-007	1659.17	2750.97	2653.03
2743.1	1858.43	181	1.#QNAN	0	0	0	4.93708e-007	1672.77	2743.1	2645.76
2735.31	1852.9	182	1.#QNAN	0	0.015	0	4.93318e-007	1701.38	2735.31	2638.57
2727.8	1847.51	183	1.#QNAN	0	0	0	4.99268e-007	1707.06	2727.8	2631.67
2720.14	1842.05	184	1.#QNAN	0	0.016	0	4.95064e-007	1673.02	2720.14	2624.61
2712.32	1836.56	185	1.#QNAN	0	0	0	5.01105e-007	1622.69	2712.32	2617.36
2704.67	1831.14	186	1.#QNAN	0	0.016	0	5.11208e-007	1648.66	2704.67	2610.3
2697.13	1825.78	187	1.#QNAN	0	0.015	0	5.32976e-007	1631.66	2697.13	2603.32
2689.56	1820.37	188	1.#QNAN	0	0	0	5.03567e-007	1626.91	2689.56	2596.32
2682.14	1815.11	189	1.#QNAN	0	0.016	0	5.13379e-007	1623.33	2682.14	2589.45
2674.71	1809.82	190	1.#QNAN	0	0	0	5.15114e-007	1632.6	2674.71	2582.56
2667.36	1804.59	191	1.#QNAN	0	0.015	0	5.23697e-007	1651.12	2667.36	2575.76
2660.22	1799.49	192	1.#QNAN	0	0.016	0	5.05315e-007	1658.96	2660.22	2569.17
2653.14	1794.45	193	1.#QNAN	0	0	0	5.24471e-007	1663.1	2653.14	2562.61
2646.01	1789.35	194	1.#QNAN	0	0.016	0	5.35288e-007	1651.52	2646.01	2556.02
2639.2	1784.43	195	1.#QNAN	0	0	0	5.07374e-007	1679.55	2639.2	2549.75
2632.29	1779.52	196	1.#QNAN	0	0.015	0	5.11424e-007	1678.86	2632.29	2543.36
2625.37	1774.61	197	1.#QNAN	0	0	0	5.1544e-007	1627.9	2625.37	2536.95
2618.48	1769.74	198	1.#QNAN	0	0.016	0	5.28324e-007	1648.31	2618.48	2530.58
2611.68	1764.89	199	1.#QNAN	0	0	0	5.34456e-007	1619.35	2611.68	2524.29
2604.95	1760.09	200	1.#QNAN	0	0.015	0	5.20874e-007	1625.45	2604.95	2518.07
2598.16	1755.28	201	1.#QNAN	0	0.016	0	5.40824e-007	1606.96	2598.16	2511.78
2591.4	1750.51	202	1.#QNAN	0	0	0	5.41121e-007	1599.98	2591.4	2505.5
2584.79	1745.81	203	1.#QNAN	0	0.016	0	5.34501e-007	1613.23	2584.79	2499.4
2578.25	1741.17	204	1.#QNAN	0	0	0	5.30385e-007	1627.43	2578.25	2493.36
2571.73	1736.57	205	1.#QNAN	0	0.015	0	5.48713e-007	1601.9	2571.73	2487.33
2565.28	1731.99	206	1.#QNAN	0	0	0	5.4914e-007	1626.01	2565.28	2481.37
2559.13	1727.62	207	1.#QNAN	0	0.016	0	5.42078e-007	1656.34	2559.13	2475.7
2553.04	1723.23	208	1.#QNAN	0	0.015	0	5.38041e-007	1666.05	2553.04	2470.09
2546.79	1718.88	209	1.#QNAN	0	0	0	5.48655e-007	1651.08	2546.79	2464.31
2540.55	1714.48	210	1.#QNAN	0	0.016	0	5.40817e-007	1623.63	2540.55	2458.53
2534.38	1710.07	211	1.#QNAN	0	0	0	5.43984e-007	1630.55	2534.38	2452.83
2528.06	1705.66	212	1.#QNAN	0	0.016	0	5.55683e-007	1558.55	2528.06	2446.95
2521.96	1701.27	213	1.#QNAN	0	0	0	5.60634e-007	1595.04	2521.96	2441.31
2516.02	1697	214	1.#QNAN	0	0.015	0	5.57182e-007	1600.93	2516.02	2435.82
2510.24	1692.76	215	1.#QNAN	0	0.016	0	5.53797e-007	1625.33	2510.24	2430.5
2504.39	1688.58	216	1.#QNAN	0	0	0	5.74815e-007	1618.16	2504.39	2425.1
2498.48	1684.33	217	1.#QNAN	0	0.015	0	5.51339e-007	1595.48	2498.48	2419.65
2492.69	1680.1	218	1.#QNAN	0	0	0	5.5053e-007	1645.47	2492.69	2414.31
2486.83	1675.88	219	1.#QNAN	0	0.016	0	5.59992e-007	1591.19	2486.83	2408.9
2480.92	1671.72	220	1.#QNAN	0	0	0	5.59146e-007	1554.49	2480.92	2403.42
2475.2	1667.59	221	1.#QNAN	0	0.016	0	5.60072e-007	1576.93	2475.2	2398.11
2469.46	1663.45	222	1.#QNAN	0	0	0	5.60887e-007	1580.84	2469.46	2392.79
2463.81	1659.38	223	1.#QNAN	0	0	0	5.71959e-007	1577.26	2463.81	2387.57
2458.3	1655.44	224	1.#QNAN	0	0.016	0	5.7293e-007	1598.97	2458.3	2382.49
2452.68	1651.44	225	1.#QNAN	0	0	0	5.57642e-007	1546.99	2452.68	2377.29
2447.17	1647.5	226	1.#QNAN	0	0.015	0	5.76147e-007	1558.43	2447.17	2372.18
2441.62	1643.59	227	1.#QNAN	0	0	0	5.64382e-007	1562.14	2441.62	2367.04
2436.34	1639.78	228	1.#QNAN	0	0.016	0	5.55187e-007	1588.64	2436.34	2362.17
2431.02	1635.94	229	1.#QNAN	0	0	0	5.73287e-007	1571.53	2431.02	2357.26
2425.65	1632.09	230	1.#QNAN	0	0.016	0	5.7409e-007	1569.7	2425.65	2352.3
2420.28	1628.24	231	1.#QNAN	0	0.015	0	5.77249e-007	1543.35	2420.28	2347.31
2415.13	1624.49	232	1.#QNAN	0	0	0	5.77141e-007	1569.98	2415.13	2342.55
2409.9	1620.69	233	1.#QNAN	0	0.016	0	5.79872e-007	1565.2	2409.9	2337.71
2404.57	1616.85	234	1.#QNAN	0	0	0	5.69707e-007	1551.1	2404.57	2332.77
2399.49	1613.1	235	1.#QNAN	0	0.015	0	5.73886e-007	1572.56	2399.49	2328.07
2394.23	1609.27	236	1.#QNAN	0	0	0	5.85919e-007	1536.32	2394.23	2323.19
2389.17	1605.61	237	1.#QNAN	0	0.016	0	5.95118e-007	1581.97	2389.17	2318.5
2384.06	1601.92	238	1.#QNAN	0	0	0	6.13177e-007	1564.36	2384.06	2313.77
2379.05	1598.19	239	1.#QNAN	0	0.016	0	6.14535e-007	1579.96	2379.05	2309.14
2374.02	1594.53	240	1.#QNAN	0	0.015	0	5.94843e-007	1585.23	2374.02	2304.47
2368.93	1590.92	241	1.#QNAN	0	0	0	6.0727e-007	1527.26	2368.93	2299.74
2363.92	1587.33	242	1.#QNAN	0	0.016	0	6.00089e-007	1546.61	2363.92	2295.09
2358.95	1583.76	243	1.#QNAN	0	0	0	6.21803e-007	1552.01	2358.95	2290.47
2354.04	1580.25	244	1.#QNAN	0	0.015	0	6.08227e-007	1539.32	2354.04	2285.91
2349.19	1576.79	245	1.#QNAN	0	0	0	5.98218e-007	1527.45	2349.19	2281.41
2344.34	1573.35	246	1.#QNAN	0	0.016	0	6.00344e-007	1533.3	2344.34	2276.9
2339.45	1569.92	247	1.#QNAN	0	0.016	0	6.00021e-007	1512.65	2339.45	2272.35
2334.55	1566.53	248	1.#QNAN	0	0	0	6.20072e-007	1520.24	2334.55	2267.78
2329.78	1563.13	249	1.#QNAN	0	0.015	0	6.23877e-007	1531.02	2329.78	2263.34
2324.99	1559.77	250	1.#QNAN	0	0	0	6.11482e-007	1507.36	2324.99	2258.87
2320.06	1556.41	251	1.#QNAN	0	0.018	0	6.37551e-007	1468.1	2320.06	2254.24
2315.16	1553.09	252	1.#QNAN	0	0	0	6.23655e-007	1480.61	2315.16	2249.65
2310.45	1549.81	253	1.#QNAN	0	0.015	0	6.18316e-007	1516.84	2310.45	2245.25
2305.64	1546.44	254	1.#QNAN	0	0.016	0	6.1691e-007	1488.54	2305.64	2240.75
2300.89	1543.07	255	1.#QNAN	0	0	0	6.13939e-007	1492.05	2300.89	2236.3
2296	1539.66	256	1.#QNAN	0	0.016	0	6.11001e-007	1458.22	2296	2231.72
2291.31	1536.33	257	1.#QNAN	0	0	0	6.25616e-007	1477.98	2291.31	2227.34
2286.54	1533.09	258	1.#QNAN	0	0.015	0	6.05636e-007	1442.44	2286.54	2222.85
2281.85	1529.84	259	1.#QNAN	0	0.016	0	6.14865e-007	1458.54	2281.85	2218.45
2277.3	1526.7	260	1.#QNAN	0	0	0	6.29476e-007	1459.93	2277.3	2214.18
2272.81	1523.52	261	1.#QNAN	0	0.015	0	6.00432e-007	1470.79	2272.81	2209.98
2268.4	1520.38	262	1.#QNAN	0	0	0	6.27637e-007	1485.7	2268.4	2205.88
2263.87	1517.27	263	1.#QNAN	0	0.016	0	6.09175e-007	1473.06	2263.87	2201.64
2259.39	1514.17	264	1.#QNAN	0	0	0	6.43258e-007	1468.56	2259.39	2197.45
2254.87	1511.08	265	1.#QNAN	0	0.016	0	6.05042e-007	1459.67	2254.87	2193.2
2250.48	1508.06	266	1.#QNAN	0	0.015	0	6.16098e-007	1479.36	2250.48	2189.09
2246.1	1505.01	267	1.#QNAN	0	0	0	6.17035e-007	1451.17	2246.1	2184.98
2241.71	1501.95	268	1.#QNAN	0	0.016	0	6.23916e-007	1451.68	2241.71	2180.87
2237.15	1498.91	269	1.#QNAN	0	0	0	6.25473e-007	1446.8	2237.15	2176.56
2232.96	1495.93	270	1.#QNAN	0	0.015	0	6.13741e-007	1465.59	2232.96	2172.66
2228.74	1492.94	271	1.#QNAN	0	0.016	0	6.3247e-007	1483.3	2228.74	2168.71
2224.73	1490.03	272	1.#QNAN	0	0	0	6.25922e-007	1529	2224.73	2164.98
2220.67	1487.13	273	1.#QNAN	0	0.016	0	6.15933e-007	1504.86	2220.67	2161.21
2216.47	1484.16	274	1.#QNAN	0	0	0	6.61726e-007	1470.8	2216.47	2157.28
2212.49	1481.25	275	1.#QNAN	0	0.015	0	6.42204e-007	1519.98	2212.49	2153.58
2208.47	1478.29	276	1.#QNAN	0	0	0	6.18431e-007	1518.5	2208.47	2149.83
2204.5	1475.4	277	1.#QNAN	0	0.016	0	6.37787e-007	1517.73	2204.5	2146.15
2200.44	1472.54	278	1.#QNAN	0	0.015	0	6.21848e-007	1449.25	2200.44	2142.35
2196.51	1469.77	279	1.#QNAN	0	0	0	6.21369e-007	1478.92	2196.51	2138.69
2192.61	1466.99	280	1.#QNAN	0	0.016	0	6.4766e-007	1473.65	2192.61	2135.06
2188.77	1464.28	281	1.#QNAN	0	0	0	5.93333e-007	1481.1	2188.77	2131.48
2184.88	1461.58	282	1.#QNAN	0	0.016	0	6.24433e-007	1480.81	2184.88	2127.84
2181.1	1458.87	283	1.#QNAN	0	0	0	6.376e-007	1517.31	2181.1	2124.31
2177.43	1456.15	284	1.#QNAN	0	0.015	0	6.38286e-007	1516.86	2177.43	2120.91
2173.8	1453.46	285	1.#QNAN	0	0	0	6.34313e-007	1527.76	2173.8	2117.55
2170.1	1450.79	286	1.#QNAN	0	0.016	0	6.41861e-007	1510.47	2170.1	2114.12
2166.42	1448.09	287	1.#QNAN	0	0.015	0	6.33626e-007	1494.72	2166.42	2110.7
2162.79	1445.42	288	1.#QNAN	0	0	0	6.60917e-007	1509.45	2162.79	2107.33
2159.18	1442.77	289	1.#QNAN	0	0.016	0	6.33045e-007	1517.33	2159.18	2103.98
2155.62	1440.17	290	1.#QNAN	0	0	0	6.45827e-007	1508.09	2155.62	2100.67
2152.06	1437.56	291	1.#QNAN	0	0.016	0	6.33277e-007	1508.84	2152.06	2097.36
2148.71	1435.03	292	1.#QNAN	0	0	0	6.35199e-007	1582.9	2148.71	2094.27
2145.25	1432.48	293	1.#QNAN	0	0.015	1	6.47885e-007	1551.32	2145.25	2091.07
2141.77	1429.9	294	1.#QNAN	0	0.016	0	6.31079e-007	1550.91	2141.77	2087.86
2138.31	1427.37	295	1.#QNAN	0	0	0	6.57784e-007	1557.7	2138.31	2084.66
2134.76	1424.85	296	1.#QNAN	0	0.015	0	6.48989e-007	1505.78	2134.76	2081.34
2131.16	1422.33	297	1.#QNAN	0	0	0	6.73198e-007	1472.41	2131.16	2077.99
2127.62	1419.83	298	1.#QNAN	0	0.016	0	6.66456e-007	1479.5	2127.62	2074.68
2124.17	1417.36	299	1.#QNAN	0	0	0	6.43582e-007	1479.46	2124.17	2071.47
2120.77	1414.91	300	1.#QNAN	0	0.016	0	6.29169e-007	1503.53	2120.77	2068.31
2117.44	1412.45	301	1.#QNAN	0	0	0	6.35651e-007	1516.73	2117.44	2065.22
2114.06	1410	302	1.#QNAN	0	0.015	0	6.46552e-007	1484.27	2114.06	2062.07
2110.59	1407.57	303	1.#QNAN	0	0.016	0	6.2727e-007	1465.3	2110.59	2058.83
2107.12	1405.12	304	1.#QNAN	0	0	0	6.51047e-007	1434.57	2107.12	2055.59
2103.85	1402.73	305	1.#QNAN	0	0.015	0	6.57608e-007	1487.54	2103.85	2052.55
2100.44	1400.4	306	1.#QNAN	0	0	0	6.435e-007	1447.49	2100.44	2049.36
2097.09	1398.05	307	1.#QNAN	0	0.016	0	6.6116e-007	1462.14	2097.09	2046.23
2093.74	1395.73	308	1.#QNAN	0	0	0	6.51203e-007	1445.53	2093.74	2043.1
2090.41	1393.41	309	1.#QNAN	0	0.016	0	6.34552e-007	1455.37	2090.41	2040
2087.16	1391.14	310	1.#QNAN	0	0	0	6.33996e-007	1462.72	2087.16	2036.96
2083.85	1388.9	311	1.#QNAN	0	0.015	0	6.37306e-007	1446.97	2083.85	2033.84
2080.62	1386.66	312	1.#QNAN	0	0.016	0	6.45402e-007	1442.32	2080.62	2030.83
2077.27	1384.39	313	1.#QNAN	0	0	0	6.5685e-007	1423.39	2077.27	2027.68
2074.17	1382.16	314	1.#QNAN	0	0.015	0	6.47579e-007	1480.12	2074.17	2024.8
2071.04	1379.95	315	1.#QNAN	0	0	0	6.61797e-007	1454.92	2071.04	2021.88
2067.93	1377.75	316	1.#QNAN	0	0.016	0	6.52684e-007	1446.07	2067.93	2018.97
2064.94	1375.63	317	1.#QNAN	0	0	0	6.43941e-007	1484.4	2064.94	2016.2
2061.95	1373.52	318	1.#QNAN	0	0.016	0	6.48251e-007	1476.78	2061.95	2013.42
2058.98	1371.42	319	1.#QNAN	0	0.015	0	6.44511e-007	1480.78	2058.98	2010.66
2055.99	1369.29	320	1.#QNAN	0	0	0	6.43342e-007	1468.1	2055.99	2007.88
2053.08	1367.22	321	1.#QNAN	0	0.016	0	6.47384e-007	1490.34	2053.08	2005.18
2050.11	1365.18	322	1.#QNAN	0	0	0	6.79781e-007	1489.83	2050.11	2002.41
2047.07	1363.13	323	1.#QNAN	0	0.015	0	6.39235e-007	1449.1	2047.07	1999.55
2044.21	1361.03	324	1.#QNAN	0	0	0	6.62185e-007	1470.81	2044.21	1996.9
2041.34	1359	325	1.#QNAN	0	0.016	0	6.39618e-007	1459.24	2041.34	1994.23
2038.5	1356.96	326	1.#QNAN	0	0.016	0	6.48222e-007	1474.81	2038.5	1991.59
2035.63	1354.95	327	1.#QNAN	0	0	0	6.37319e-007	1482.53	2035.63	1988.92
2032.82	1352.97	328	1.#QNAN	0	0.015	0	6.69466e-007	1510.72	2032.82	1986.3
2029.94	1350.94	329	1.#QNAN	0	0	0	6.54831e-007	1449.74	2029.94	1983.61
2026.97	1348.9	330	1.#QNAN	0	0.016	0	6.49668e-007	1434.74	2026.97	1980.81
2024.1	1346.93	331	1.#QNAN	0	0	0	6.41972e-007	1428.04	2024.1	1978.13
2021.26	1344.97	332	1.#QNAN	0	0.015	0	6.71357e-007	1422.33	2021.26	1975.47
2018.68	1343.07	333	1.#QNAN	0	0	0	6.4481e-007	1501.4	2018.68	1973.08
2015.95	1341.12	334	1.#QNAN	0	0.016	0	6.32947e-007	1445.81	2015.95	1970.54
2013.24	1339.22	335	1.#QNAN	0	0.016	0	6.63048e-007	1482.62	2013.24	1968
2010.54	1337.33	336	1.#QNAN	0	0	0	6.64734e-007	1512.16	2010.54	1965.49
2007.77	1335.41	337	1.#QNAN	0	0.015	0	6.486e-007	1462.06	2007.77	1962.89
2004.99	1333.52	338	1.#QNAN	0	0	0	6.46834e-007	1447.5	2004.99	1960.28
2002.25	1331.63	339	1.#QNAN	0	0.016	0	6.54396e-007	1452.9	2002.25	1957.71
1999.55	1329.79	340	1.#QNAN	0	0	0	6.68122e-007	1460.53	1999.55	1955.18
1996.91	1327.94	341	1.#QNAN	0	0.015	0	6.22e-007	1457.88	1996.91	1952.71
1994.44	1326.16	342	1.#QNAN	0	0.016	0	6.66274e-007	1524.27	1994.44	1950.42
1991.88	1324.37	343	1.#QNAN	0	0	0	6.47596e-007	1515.52	1991.88	1948.03
1989.38	1322.64	344	1.#QNAN	0	0.016	0	6.37005e-007	1497.33	1989.38	1945.7
1986.91	1320.92	345	1.#QNAN	0	0	0	6.44065e-007	1496.77	1986.91	1943.4
1984.35	1319.16	346	1.#QNAN	0	0.015	0	6.50065e-007	1504.21	1984.35	1941.01
1981.74	1317.42	347	1.#QNAN	0	0	0	6.37181e-007	1484.04	1981.74	1938.56
1979.21	1315.66	348	1.#QNAN	0	0.016	0	6.64244e-007	1460.92	1979.21	1936.19
1976.64	1313.94	349	1.#QNAN	0	0.015	0	6.22434e-007	1453.85	1976.64	1933.78
1974.09	1312.2	350	1.#QNAN	0	0	0	6.46009e-007	1453.94	1974.09	1931.39
1971.44	1310.45	351	1.#QNAN	0	0.016	0	6.58959e-007	1437.69	1971.44	1928.89
1968.91	1308.74	352	1.#QNAN	0	0	0	6.68787e-007	1442.1	1968.91	1926.51
1966.49	1307.07	353	1.#QNAN	0	0.016	0	6.56771e-007	1464.36	1966.49	1924.26
1963.99	1305.42	354	1.#QNAN	0	0	0	6.80528e-007	1447.97	1963.99	1921.92
1961.43	1303.74	355	1.#QNAN	0	0.015	0	6.70951e-007	1425.28	1961.43	1919.5
1959.01	1302.07	356	1.#QNAN	0	0.016	0	6.43225e-007	1456.98	1959.01	1917.25
1956.45	1300.38	357	1.#QNAN	0	0	0	6.68701e-007	1412.45	1956.45	1914.85
1954.01	1298.78	358	1.#QNAN	0	0.015	0	6.62308e-007	1420.64	1954.01	1912.55
1951.5	1297.07	359	1.#QNAN	0	0	0	6.4417e-007	1427.85	1951.5	1910.19
1949.06	1295.44	360	1.#QNAN	0	0.016	0	6.31105e-007	1484.81	1949.06	1907.91
1946.75	1293.83	361	1.#QNAN	0	0	0	6.36238e-007	1449.87	1946.75	1905.75
1944.42	1292.24	362	1.#QNAN	0	0.016	0	6.48588e-007	1438.97	1944.42	1903.57
1941.93	1290.65	363	1.#QNAN	0	0.015	0	6.8148e-007	1437.01	1941.93	1901.23
1939.59	1289.05	364	1.#QNAN	0	0	0	6.61776e-007	1440.96	1939.59	1899.04
1937.33	1287.52	365	1.#QNAN	0	0.016	0	6.52899e-007	1460.85	1937.33	1896.93
1935.07	1285.95	366	1.#QNAN	0	0	0	6.73806e-007	1440.12	1935.07	1894.82
1932.76	1284.41	367	1.#QNAN	0	0.015	0	6.66153e-007	1422.53	1932.76	1892.65
1930.37	1282.83	368	1.#QNAN	0	0	0	6.54799e-007	1435.73	1930.37	1890.39
1928.07	1281.28	369	1.#QNAN	0	0.016	0	6.55525e-007	1434.1	1928.07	1888.24
1925.69	1279.72	370	1.#QNAN	0	0	0	6.87581e-007	1486.26	1925.69	1886
1923.42	1278.19	371	1.#QNAN	0	0.016	0	6.74235e-007	1484.74	1923.42	1883.87
1921.07	1276.67	372	1.#QNAN	0	0.015	0	6.7448e-007	1477.15	1921.07	1881.65
1918.8	1275.14	373	1.#QNAN	0	0	0	6.73921e-007	1451.67	1918.8	1879.53
1916.57	1273.62	374	1.#QNAN	0	0.016	0	6.65664e-007	1480.2	1916.57	1877.44
1914.4	1272.13	375	1.#QNAN	0	0	0	6.66608e-007	1485.36	1914.4	1875.42
1912.32	1270.67	376	1.#QNAN	0	0.015	0	6.95357e-007	1460.54	1912.32	1873.48
1910.11	1269.19	377	1.#QNAN	0	0	0	6.63689e-007	1462.5	1910.11	1871.42
1908.05	1267.71	378	1.#QNAN	0	0.016	0	6.69097e-007	1473.47	1908.05	1869.5
1905.93	1266.26	379	1.#QNAN	0	0.016	0	6.69863e-007	1455.4	1905.93	1867.53
1903.78	1264.79	380	1.#QNAN	0	0	0	6.39042e-007	1428.53	1903.78	1865.52
1901.7	1263.33	381	1.#QNAN	0	0.015	0	6.67731e-007	1447.09	1901.7	1863.58
1899.71	1261.93	382	1.#QNAN	0	0	0	6.65508e-007	1482.49	1899.71	1861.73
1897.55	1260.47	383	1.#QNAN	0	0.016	0	6.49881e-007	1444.29	1897.55	1859.71
1895.45	1259.02	384	1.#QNAN	0	0	0	6.51298e-007	1443.73	1895.45	1857.75
1893.46	1257.61	385	1.#QNAN	0	0.015	0	6.81751e-007	1464.02	1893.46	1855.9
1891.5	1256.27	386	1.#QNAN	0	0.016	0	6.75682e-007	1523.44	1891.5	1854.07
1889.52	1254.91	387	1.#QNAN	0	0	0	6.51631e-007	1479.77	1889.52	1852.23
1887.51	1253.58	388	1.#QNAN	0	0.016	0	6.64071e-007	1461.29	1887.51	1850.35
1885.49	1252.19	389	1.#QNAN	0	0	0	6.46274e-007	1440.57	1885.49	1848.47
1883.49	1250.81	390	1.#QNAN	0	0.015	0	6.87283e-007	1479.5	1883.49	1846.59
1881.48	1249.42	391	1.#QNAN	0	0	0	6.69456e-007	1455.48	1881.48	1844.72
1879.45	1248.05	392	1.#QNAN	0	0.016	0	6.61203e-007	1453.05	1879.45	1842.81
1877.41	1246.65	393	1.#QNAN	0	0.015	0	6.86639e-007	1430.77	1877.41	1840.9
1875.38	1245.27	394	1.#QNAN	0	0	0	6.51709e-007	1436.38	1875.38	1839
1873.37	1243.88	395	1.#QNAN	0	0.016	0	6.54622e-007	1407.58	1873.37	1837.12
1871.36	1242.49	396	1.#QNAN	0	0	0	6.60206e-007	1415.27	1871.36	1835.25
1869.42	1241.12	397	1.#QNAN	0	0.016	0	6.57584e-007	1447.27	1869.42	1833.43
1867.43	1239.73	398	1.#QNAN	0	0	0	6.71496e-007	1420.72	1867.43	1831.57
1865.37	1238.36	399	1.#QNAN	0	0.015	0	6.60066e-007	1408.34	1865.37	1829.64
