rmse	mae	#iter	time_pred	time_learn	time_learn2	time_learn4	alpha	rmse_mcmc_this	rmse_mcmc_all	rmse_mcmc_all_but5
2874.7	2034.32	0	1.#QNAN	0	0.032	0	5.21403e-009	2874.7	2874.7	3880.47
2701.96	1910.04	1	1.#QNAN	0	0.015	1	8.98257e-008	2612.39	2701.96	3880.47
2626.31	1857.26	2	1.#QNAN	0	0.016	0	1.09617e-007	2520.58	2626.31	3880.47
2565.61	1819.74	3	1.#QNAN	0	0.015	0	1.29017e-007	2425.07	2565.61	3880.47
2515.2	1787.15	4	1.#QNAN	0	0.016	0	1.33475e-007	2347.72	2515.2	37687.6
2462.5	1753.98	5	1.#QNAN	0	0.016	0	1.51955e-007	2239.77	2462.5	2239.77
2414.68	1726.18	6	1.#QNAN	0	0.031	0	1.78984e-007	2160.19	2414.68	2191.08
2361.56	1692.52	7	1.#QNAN	0	0.015	0	1.93285e-007	2050.49	2361.56	2137.65
2304.73	1655.25	8	1.#QNAN	0	0.016	0	2.1031e-007	1941.13	2304.73	2078.51
2247.01	1618.93	9	1.#QNAN	0	0.031	0	2.54062e-007	1847.44	2247.01	2021.55
2187.12	1580.01	10	1.#QNAN	0	0.016	0	2.80856e-007	1735.9	2187.12	1962.34
2131	1543.05	11	1.#QNAN	0	0.015	0	3.18852e-007	1682.3	2131	1911.13
2078.55	1507.95	12	1.#QNAN	0	0.016	0	3.28222e-007	1656.93	2078.55	1866.37
2029.12	1474.7	13	1.#QNAN	0	0.031	0	3.50726e-007	1598.88	2029.12	1824.72
1985.12	1443.88	14	1.#QNAN	0	0.016	0	3.73165e-007	1592.19	1985.12	1790.34
1944.73	1416.25	15	1.#QNAN	0	0.015	0	3.78272e-007	1567.87	1944.73	1759.95
1908.35	1390.92	16	1.#QNAN	0	0.016	0	3.96557e-007	1557.99	1908.35	1733.44
1876.65	1367.85	17	1.#QNAN	0	0.016	0	3.99275e-007	1552.37	1876.65	1711.52
1847.49	1346.98	18	1.#QNAN	0	0.015	0	3.92933e-007	1534.57	1847.49	1691.28
1820.91	1327.3	19	1.#QNAN	0	0.031	0	4.02431e-007	1530.38	1820.91	1673.6
1797.84	1309.78	20	1.#QNAN	0	0.016	0	4.08829e-007	1545.71	1797.84	1659.08
1776.6	1293.85	21	1.#QNAN	0	0.016	0	4.28165e-007	1535.29	1776.6	1645.94
1756.1	1278.06	22	1.#QNAN	0	0.015	0	4.37262e-007	1507.75	1756.1	1632.69
1738.13	1263.41	23	1.#QNAN	0	0.016	0	4.38448e-007	1526.37	1738.13	1621.93
1720.72	1249.16	24	1.#QNAN	0	0.015	0	4.49665e-007	1500.97	1720.72	1610.99
1705.36	1236.79	25	1.#QNAN	0	0.032	0	4.32681e-007	1493.7	1705.36	1601.51
1691.13	1225.19	26	1.#QNAN	0	0.015	0	4.64227e-007	1487.56	1691.13	1592.74
1678.34	1214.47	27	1.#QNAN	0	0.016	0	4.55265e-007	1513.23	1678.34	1585.44
1665.63	1203.66	28	1.#QNAN	0	0.015	0	4.57407e-007	1473.44	1665.63	1577.35
1653.8	1193.62	29	1.#QNAN	0	0.016	0	4.62687e-007	1472.1	1653.8	1569.9
1642.38	1183.72	30	1.#QNAN	0	0.031	0	4.72315e-007	1443.83	1642.38	1562.29
1632.13	1174.8	31	1.#QNAN	0	0.016	0	4.76729e-007	1447.99	1632.13	1555.61
1622.46	1166.11	32	1.#QNAN	0	0.015	0	4.85545e-007	1459.64	1622.46	1549.51
1612.92	1157.65	33	1.#QNAN	0	0.016	0	4.81421e-007	1423.82	1612.92	1542.97
1604.06	1149.52	34	1.#QNAN	0	0.016	0	4.94676e-007	1440.39	1604.06	1537.22
1595.82	1142.12	35	1.#QNAN	0	0.015	0	5.06503e-007	1438.31	1595.82	1531.88
1588.22	1135.07	36	1.#QNAN	0	0.016	0	4.93152e-007	1451.28	1588.22	1527.11
1581.17	1128.4	37	1.#QNAN	0	0.015	0	5.10156e-007	1438.81	1581.17	1522.56
1574.2	1121.88	38	1.#QNAN	0	0.032	0	4.97132e-007	1427.67	1574.2	1517.87
1567.42	1115.78	39	1.#QNAN	0	0.015	0	5.17768e-007	1432.82	1567.42	1513.4
1560.39	1109.52	40	1.#QNAN	0	0.016	0	5.15344e-007	1401.08	1560.39	1508.39
1554.32	1103.99	41	1.#QNAN	0	0.015	0	5.15674e-007	1412.65	1554.32	1504.23
1548.2	1098.22	42	1.#QNAN	0	0.016	0	5.28779e-007	1407.74	1548.2	1499.92
1542.61	1092.99	43	1.#QNAN	0	0.016	0	5.41329e-007	1405.91	1542.61	1496.02
1537.32	1087.75	44	1.#QNAN	0	0.015	0	5.30709e-007	1411.62	1537.32	1492.4
1531.98	1082.69	45	1.#QNAN	0	0.031	0	5.31577e-007	1401.78	1531.98	1488.65
1527.18	1077.81	46	1.#QNAN	0	0.016	0	5.34137e-007	1411.39	1527.18	1485.4
1522.31	1073.04	47	1.#QNAN	0	0.016	0	5.40166e-007	1399.25	1522.31	1481.96
1517.76	1068.45	48	1.#QNAN	0	0.015	0	5.22964e-007	1404.6	1517.76	1478.79
1513.53	1064.41	49	1.#QNAN	0	0.016	0	5.47452e-007	1412.17	1513.53	1475.83
1509.31	1060.26	50	1.#QNAN	0	0.015	0	5.32663e-007	1387.34	1509.31	1472.73
1505.46	1056.22	51	1.#QNAN	0	0.032	0	5.49984e-007	1409.66	1505.46	1469.99
1501.63	1052.16	52	1.#QNAN	0	0.015	0	5.70759e-007	1399.77	1501.63	1467.21
1497.91	1048.23	53	1.#QNAN	0	0.016	0	5.68819e-007	1393.87	1497.91	1464.5
1494.32	1044.67	54	1.#QNAN	0	0.015	0	5.67152e-007	1391.74	1494.32	1461.84
1490.77	1040.96	55	1.#QNAN	0	0.016	0	5.64482e-007	1396.25	1490.77	1459.23
1487.3	1037.39	56	1.#QNAN	0	0.031	1	5.6068e-007	1392.01	1487.3	1456.69
1483.94	1033.81	57	1.#QNAN	0	0.016	0	5.75033e-007	1397.24	1483.94	1454.22
1480.18	1030.19	58	1.#QNAN	0	0.015	0	5.79e-007	1366.04	1480.18	1451.23
1476.9	1026.76	59	1.#QNAN	0	0.016	0	5.78615e-007	1380.93	1476.9	1448.73
1473.81	1023.37	60	1.#QNAN	0	0.016	0	5.80155e-007	1402.76	1473.81	1446.47
1471.12	1020.35	61	1.#QNAN	0	0.015	0	6.13619e-007	1428.39	1471.12	1444.63
1467.98	1017.09	62	1.#QNAN	0	0.031	0	6.00599e-007	1384.41	1467.98	1442.23
1464.73	1013.85	63	1.#QNAN	0	0.016	0	6.02574e-007	1373.07	1464.73	1439.65
1461.38	1010.58	64	1.#QNAN	0	0.016	0	5.91986e-007	1369.23	1461.38	1436.96
1458.26	1007.48	65	1.#QNAN	0	0.015	0	5.92838e-007	1369.22	1458.26	1434.46
1455.17	1004.38	66	1.#QNAN	0	0.016	0	5.90177e-007	1355.96	1455.17	1431.97
1452.08	1001.23	67	1.#QNAN	0	0.015	0	6.15874e-007	1346.01	1452.08	1429.43
1449.15	998.221	68	1.#QNAN	0	0.032	0	6.06249e-007	1357.58	1449.15	1427.03
1446.08	995.185	69	1.#QNAN	0	0.015	0	6.07622e-007	1349.02	1446.08	1424.48
1443.09	992.081	70	1.#QNAN	0	0.016	0	6.20475e-007	1351.76	1443.09	1422.01
1439.93	988.921	71	1.#QNAN	0	0.015	0	6.42766e-007	1345.53	1439.93	1419.37
1437.2	985.917	72	1.#QNAN	0	0.016	0	6.50749e-007	1356.67	1437.2	1417.17
1434.67	983.155	73	1.#QNAN	0	0.016	0	6.24921e-007	1362.42	1434.67	1415.13
1432.15	980.39	74	1.#QNAN	0	0.015	0	6.23536e-007	1365.19	1432.15	1413.11
1429.54	977.832	75	1.#QNAN	0	0.016	0	6.53894e-007	1352.24	1429.54	1410.91
1426.86	975.262	76	1.#QNAN	0	0.031	0	6.29569e-007	1344.75	1426.86	1408.62
1424.49	972.907	77	1.#QNAN	0	0.016	0	6.83158e-007	1356.47	1424.49	1406.64
1422.12	970.459	78	1.#QNAN	0	0.015	0	6.3132e-007	1339.1	1422.12	1404.62
1419.96	968.318	79	1.#QNAN	0	0.016	0	6.47391e-007	1364.37	1419.96	1402.83
1417.51	965.905	80	1.#QNAN	0	0.015	0	6.70317e-007	1336.73	1417.51	1400.72
1415.37	963.78	81	1.#QNAN	0	0.016	0	6.66686e-007	1368.15	1415.37	1398.93
1413.06	961.653	82	1.#QNAN	0	0.016	0	6.57233e-007	1349.99	1413.06	1396.95
1410.9	959.589	83	1.#QNAN	0	0.031	0	6.77934e-007	1353.27	1410.9	1395.09
1409.01	957.606	84	1.#QNAN	0	0.015	0	6.94151e-007	1374.66	1409.01	1393.51
1407.11	955.708	85	1.#QNAN	0	0.016	0	7.16585e-007	1375.07	1407.11	1391.89
1405.29	953.88	86	1.#QNAN	0	0.016	0	6.75398e-007	1364.32	1405.29	1390.37
1403.52	952.111	87	1.#QNAN	0	0.015	0	6.56143e-007	1371.44	1403.52	1388.88
1401.69	950.248	88	1.#QNAN	0	0.016	0	7.00123e-007	1360.63	1401.69	1387.33
1399.82	948.321	89	1.#QNAN	0	0.015	0	6.71746e-007	1363.89	1399.82	1385.75
1398.01	946.441	90	1.#QNAN	0	0.032	0	6.76452e-007	1385.29	1398.01	1384.21
1396.04	944.532	91	1.#QNAN	0	0.015	0	7.09321e-007	1365.65	1396.04	1382.5
1393.97	942.516	92	1.#QNAN	0	0.016	0	6.97371e-007	1333.97	1393.97	1380.66
1392.06	940.437	93	1.#QNAN	0	0.015	0	6.9487e-007	1361.73	1392.06	1379.01
1390.42	938.61	94	1.#QNAN	0	0.016	0	6.9222e-007	1370.15	1390.42	1377.62
1388.61	936.56	95	1.#QNAN	0	0.016	0	7.15826e-007	1368.66	1388.61	1376.08
1386.8	934.612	96	1.#QNAN	0	0.031	0	6.85306e-007	1352.3	1386.8	1374.49
1385.26	932.841	97	1.#QNAN	0	0.015	0	6.80709e-007	1364.34	1385.26	1373.17
1383.75	931.168	98	1.#QNAN	0	0.016	0	6.84505e-007	1368.81	1383.75	1371.89
1382.29	929.468	99	1.#QNAN	0	0.016	0	7.40881e-007	1380.11	1382.29	1370.69
1380.59	927.754	100	1.#QNAN	0	0.015	0	7.02293e-007	1332.7	1380.59	1369.19
1378.96	926.094	101	1.#QNAN	0	0.016	0	7.12069e-007	1340.77	1378.96	1367.75
1377.42	924.467	102	1.#QNAN	0	0.015	0	7.65413e-007	1345.89	1377.42	1366.43
1375.81	922.74	103	1.#QNAN	0	0.016	0	7.36904e-007	1354.8	1375.81	1365.04
1374.38	921.15	104	1.#QNAN	0	0.015	0	7.15998e-007	1359.79	1374.38	1363.84
1372.85	919.501	105	1.#QNAN	0	0.016	0	7.32306e-007	1350.18	1372.85	1362.51
1371.41	917.925	106	1.#QNAN	0	0.015	0	7.11113e-007	1337.64	1371.41	1361.26
1370.11	916.41	107	1.#QNAN	0	0.016	0	7.46085e-007	1351.01	1370.11	1360.16
1368.74	914.927	108	1.#QNAN	0	0.016	0	7.28318e-007	1335.44	1368.74	1358.97
1367.17	913.393	109	1.#QNAN	0	0.015	0	7.39112e-007	1312.82	1367.17	1357.56
1365.76	911.839	110	1.#QNAN	0	0.016	0	7.443e-007	1322	1365.76	1356.32
1364.13	910.288	111	1.#QNAN	0	0.031	0	7.42396e-007	1288.04	1364.13	1354.84
1362.72	908.83	112	1.#QNAN	0	0.016	1	7.35598e-007	1321.48	1362.72	1353.59
1361.51	907.417	113	1.#QNAN	0	0.015	0	7.31218e-007	1345.21	1361.51	1352.55
1360.12	905.935	114	1.#QNAN	0	0.016	0	7.50051e-007	1341.68	1360.12	1351.32
1359.1	904.683	115	1.#QNAN	0	0.015	0	7.4602e-007	1368.29	1359.1	1350.46
1357.89	903.309	116	1.#QNAN	0	0.016	0	7.34711e-007	1341.78	1357.89	1349.4
1356.82	902.014	117	1.#QNAN	0	0.016	0	7.80587e-007	1374.9	1356.82	1348.49
1355.52	900.634	118	1.#QNAN	0	0.031	0	7.5645e-007	1328.91	1355.52	1347.33
1354.26	899.219	119	1.#QNAN	0	0.015	0	7.44023e-007	1351.77	1354.26	1346.21
1353.09	897.932	120	1.#QNAN	0	0.016	0	7.55596e-007	1336.86	1353.09	1345.17
1351.89	896.64	121	1.#QNAN	0	0.016	0	7.68543e-007	1346.79	1351.89	1344.09
1350.63	895.304	122	1.#QNAN	0	0.015	0	7.70038e-007	1338.33	1350.63	1342.94
1349.64	893.94	123	1.#QNAN	0	0.016	0	7.57201e-007	1376.08	1349.64	1342.1
1348.77	892.702	124	1.#QNAN	0	0.031	0	7.37051e-007	1388.33	1348.77	1341.39
1347.8	891.477	125	1.#QNAN	0	0.016	0	7.30269e-007	1370.11	1347.8	1340.57
1346.58	890.234	126	1.#QNAN	0	0.015	0	7.52525e-007	1325.74	1346.58	1339.47
1345.64	889.135	127	1.#QNAN	0	0.016	0	7.38847e-007	1372.28	1345.64	1338.66
1344.66	887.974	128	1.#QNAN	0	0.015	0	7.48245e-007	1368.12	1344.66	1337.8
1343.45	886.763	129	1.#QNAN	0	0.016	0	7.62643e-007	1300.98	1343.45	1336.68
1342.63	885.671	130	1.#QNAN	0	0.016	0	7.48993e-007	1369.94	1342.63	1335.97
1341.78	884.614	131	1.#QNAN	0	0.031	0	7.61507e-007	1353.46	1341.78	1335.24
1340.88	883.523	132	1.#QNAN	0	0.015	0	7.53463e-007	1347.91	1340.88	1334.43
1339.94	882.43	133	1.#QNAN	0	0.016	0	7.56624e-007	1328.33	1339.94	1333.58
1339.02	881.341	134	1.#QNAN	0	0.016	0	7.5585e-007	1321.6	1339.02	1332.76
1338.36	880.336	135	1.#QNAN	0	0.015	0	7.6407e-007	1362.35	1338.36	1332.21
1337.44	879.29	136	1.#QNAN	0	0.016	0	7.56379e-007	1322.11	1337.44	1331.39
1336.63	878.153	137	1.#QNAN	0	0.015	0	7.61153e-007	1350.21	1336.63	1330.7
1335.59	877.009	138	1.#QNAN	0	0.032	0	7.28904e-007	1305.65	1335.59	1329.73
1334.78	875.969	139	1.#QNAN	0	0.015	0	7.52393e-007	1334.75	1334.78	1329.01
1334.1	875.024	140	1.#QNAN	0	0.016	0	7.55523e-007	1369.64	1334.1	1328.43
1333.06	873.946	141	1.#QNAN	0	0.015	0	8.09523e-007	1293.6	1333.06	1327.47
1332.11	872.924	142	1.#QNAN	0	0.016	0	7.62755e-007	1327	1332.11	1326.6
1331.4	872.014	143	1.#QNAN	0	0.016	0	7.62818e-007	1368	1331.4	1325.98
1330.7	871.111	144	1.#QNAN	0	0.015	0	7.71691e-007	1358.27	1330.7	1325.38
1330.05	870.257	145	1.#QNAN	0	0.031	0	7.52156e-007	1402.78	1330.05	1324.83
1329.28	869.395	146	1.#QNAN	0	0.016	0	7.41782e-007	1358.43	1329.28	1324.14
1328.68	868.526	147	1.#QNAN	0	0.016	0	7.59393e-007	1382.09	1328.68	1323.65
1328.1	867.77	148	1.#QNAN	0	0.015	0	7.60271e-007	1387.79	1328.1	1323.16
1327.28	866.859	149	1.#QNAN	0	0.016	0	7.45959e-007	1340	1327.28	1322.41
1326.43	866.035	150	1.#QNAN	0	0.015	0	7.64431e-007	1341.32	1326.43	1321.63
1325.62	865.238	151	1.#QNAN	0	0.016	0	7.75018e-007	1347.89	1325.62	1320.89
1324.93	864.434	152	1.#QNAN	0	0.031	0	7.90751e-007	1348.27	1324.93	1320.29
1324.3	863.728	153	1.#QNAN	0	0.016	0	7.67603e-007	1341.28	1324.3	1319.73
1323.8	863.046	154	1.#QNAN	0	0.015	0	7.79073e-007	1356.57	1323.8	1319.33
1323.34	862.32	155	1.#QNAN	0	0.016	0	7.62066e-007	1378.17	1323.34	1318.97
1322.77	861.633	156	1.#QNAN	0	0.016	0	7.50883e-007	1367.68	1322.77	1318.49
1322.25	860.951	157	1.#QNAN	0	0.015	0	7.68022e-007	1379.51	1322.25	1318.06
1321.63	860.232	158	1.#QNAN	0	0.016	0	8.03177e-007	1346.63	1321.63	1317.51
1321.14	859.602	159	1.#QNAN	0	0.031	0	7.708e-007	1360.48	1321.14	1317.11
1320.66	859.032	160	1.#QNAN	0	0.016	0	7.82981e-007	1361.09	1320.66	1316.69
1320.14	858.44	161	1.#QNAN	0	0.015	0	8.01455e-007	1342.83	1320.14	1316.23
1319.64	857.878	162	1.#QNAN	0	0.016	0	8.07656e-007	1361.02	1319.64	1315.81
1318.94	857.251	163	1.#QNAN	0	0.015	0	7.91614e-007	1326.09	1318.94	1315.17
1318.39	856.691	164	1.#QNAN	0	0.016	0	7.7676e-007	1341.93	1318.39	1314.66
1317.85	856.164	165	1.#QNAN	0	0.016	0	7.68873e-007	1348.46	1317.85	1314.17
1317.66	855.788	166	1.#QNAN	0	0.015	0	7.64737e-007	1423.77	1317.66	1314.06
1317.42	855.415	167	1.#QNAN	0	0.031	0	7.92906e-007	1431.7	1317.42	1313.9
1317.05	854.945	168	1.#QNAN	0	0.016	1	7.91721e-007	1379.66	1317.05	1313.58
1316.61	854.493	169	1.#QNAN	0	0.016	0	7.68559e-007	1386.44	1316.61	1313.2
1316.16	853.972	170	1.#QNAN	0	0.015	0	7.92983e-007	1372.3	1316.16	1312.8
1315.78	853.495	171	1.#QNAN	0	0.016	0	7.86047e-007	1382.24	1315.78	1312.48
1315.38	853.038	172	1.#QNAN	0	0.015	0	8.02797e-007	1374.7	1315.38	1312.15
1314.93	852.572	173	1.#QNAN	0	0.016	0	7.91408e-007	1358.72	1314.93	1311.75
1314.31	852.011	174	1.#QNAN	0	0.031	0	7.71048e-007	1324.11	1314.31	1311.18
1313.87	851.54	175	1.#QNAN	0	0.016	0	7.69624e-007	1342.03	1313.87	1310.79
1313.33	851.074	176	1.#QNAN	0	0.015	0	7.97552e-007	1337.44	1313.33	1310.29
1312.76	850.587	177	1.#QNAN	0	0.016	0	7.77528e-007	1345.1	1312.76	1309.77
1312.35	850.074	178	1.#QNAN	0	0.016	0	7.76872e-007	1360.5	1312.35	1309.41
1311.85	849.583	179	1.#QNAN	0	0.015	0	7.77501e-007	1347.99	1311.85	1308.95
1311.42	849.105	180	1.#QNAN	0	0.016	0	8.0308e-007	1366.03	1311.42	1308.58
1311.1	848.716	181	1.#QNAN	0	0.031	0	7.8442e-007	1379.05	1311.1	1308.31
1310.66	848.223	182	1.#QNAN	0	0.016	0	7.70647e-007	1349.26	1310.66	1307.91
1310.21	847.752	183	1.#QNAN	0	0.015	0	7.66961e-007	1353.74	1310.21	1307.51
1309.77	847.231	184	1.#QNAN	0	0.016	0	8.04918e-007	1332.41	1309.77	1307.1
1309.43	846.723	185	1.#QNAN	0	0.015	0	7.96515e-007	1348.23	1309.43	1306.81
1309.03	846.18	186	1.#QNAN	0	0.016	0	7.56802e-007	1362.89	1309.03	1306.45
1308.6	845.638	187	1.#QNAN	0	0.016	0	7.67442e-007	1359.87	1308.6	1306.06
1308.15	845.093	188	1.#QNAN	0	0.031	0	7.92693e-007	1366.66	1308.15	1305.65
1307.77	844.58	189	1.#QNAN	0	0.015	0	7.79408e-007	1361.7	1307.77	1305.31
1307.44	844.065	190	1.#QNAN	0	0.016	0	7.81949e-007	1365.39	1307.44	1305.02
1306.98	843.551	191	1.#QNAN	0	0.016	0	7.81871e-007	1329.13	1306.98	1304.6
1306.52	843.091	192	1.#QNAN	0	0.015	0	7.726e-007	1340.64	1306.52	1304.17
1306.18	842.68	193	1.#QNAN	0	0.016	0	7.75625e-007	1358.83	1306.18	1303.86
1305.72	842.278	194	1.#QNAN	0	0.015	0	8.03543e-007	1319.99	1305.72	1303.43
1305.18	841.85	195	1.#QNAN	0	0.016	0	7.78648e-007	1305.84	1305.18	1302.92
1304.67	841.441	196	1.#QNAN	0	0.031	0	7.86213e-007	1300.71	1304.67	1302.44
1304.1	840.992	197	1.#QNAN	0	0.016	0	8.21628e-007	1303.26	1304.1	1301.9
1303.55	840.567	198	1.#QNAN	0	0.015	0	7.74249e-007	1326.02	1303.55	1301.36
1303.12	840.162	199	1.#QNAN	0	0.016	0	7.99028e-007	1338.97	1303.12	1300.96
1302.69	839.765	200	1.#QNAN	0	0.016	0	7.9963e-007	1324.49	1302.69	1300.55
1302.24	839.361	201	1.#QNAN	0	0.015	0	7.792e-007	1314.31	1302.24	1300.14
1301.76	838.941	202	1.#QNAN	0	0.031	0	8.14387e-007	1304.49	1301.76	1299.67
1301.36	838.535	203	1.#QNAN	0	0.016	0	8.15481e-007	1324.56	1301.36	1299.31
1300.99	838.179	204	1.#QNAN	0	0.016	0	8.07123e-007	1343.66	1300.99	1298.96
1300.59	837.805	205	1.#QNAN	0	0.015	0	7.97054e-007	1330.03	1300.59	1298.6
1300.17	837.467	206	1.#QNAN	0	0.016	0	7.97068e-007	1312.43	1300.17	1298.21
1299.76	837.101	207	1.#QNAN	0	0.015	0	7.91714e-007	1325.68	1299.76	1297.84
1299.45	836.763	208	1.#QNAN	0	0.016	0	8.22354e-007	1347.36	1299.45	1297.56
1299.26	836.492	209	1.#QNAN	0	0.031	0	8.13453e-007	1402.37	1299.26	1297.41
1298.89	836.195	210	1.#QNAN	0	0.016	0	7.55651e-007	1322.21	1298.89	1297.07
1298.66	835.88	211	1.#QNAN	0	0.015	0	7.95879e-007	1332.91	1298.66	1296.88
1298.51	835.64	212	1.#QNAN	0	0.016	0	7.75365e-007	1371.05	1298.51	1296.76
1298.19	835.362	213	1.#QNAN	0	0.016	0	8.36173e-007	1318.21	1298.19	1296.47
1297.95	835.075	214	1.#QNAN	0	0.015	0	7.94608e-007	1352.5	1297.95	1296.26
1297.68	834.829	215	1.#QNAN	0	0.016	0	8.20356e-007	1331.12	1297.68	1296.03
1297.43	834.563	216	1.#QNAN	0	0.015	0	7.8073e-007	1361.08	1297.43	1295.82
1297.23	834.305	217	1.#QNAN	0	0.016	0	8.03481e-007	1354.11	1297.23	1295.65
1296.94	834.038	218	1.#QNAN	0	0.015	0	8.02912e-007	1338.62	1296.94	1295.39
1296.53	833.709	219	1.#QNAN	0	0.016	0	8.13564e-007	1317.83	1296.53	1295
1296.09	833.369	220	1.#QNAN	0	0.015	0	7.97582e-007	1321.78	1296.09	1294.59
1295.7	833.039	221	1.#QNAN	0	0.016	0	7.93082e-007	1332.21	1295.7	1294.23
1295.42	832.706	222	1.#QNAN	0	0.016	0	8.00593e-007	1333.68	1295.42	1293.97
1295.09	832.428	223	1.#QNAN	0	0.031	0	7.91334e-007	1329.41	1295.09	1293.66
1294.74	832.104	224	1.#QNAN	0	0.015	1	8.04931e-007	1324.22	1294.74	1293.34
1294.43	831.829	225	1.#QNAN	0	0.016	0	7.8167e-007	1327.45	1294.43	1293.05
1294.08	831.533	226	1.#QNAN	0	0.016	0	8.0098e-007	1318.53	1294.08	1292.72
1293.69	831.229	227	1.#QNAN	0	0.015	0	7.53613e-007	1314.42	1293.69	1292.35
1293.35	830.986	228	1.#QNAN	0	0.016	0	8.04036e-007	1313.45	1293.35	1292.04
1292.83	830.638	229	1.#QNAN	0	0.015	0	8.14423e-007	1276.74	1292.83	1291.54
1292.35	830.299	230	1.#QNAN	0	0.032	0	8.40062e-007	1286.17	1292.35	1291.08
1291.89	830.008	231	1.#QNAN	0	0.015	0	7.85163e-007	1278.78	1291.89	1290.63
1291.5	829.712	232	1.#QNAN	0	0.016	0	7.70121e-007	1292.32	1291.5	1290.26
1291.07	829.413	233	1.#QNAN	0	0.015	0	8.00171e-007	1269.73	1291.07	1289.85
1290.45	829.021	234	1.#QNAN	0	0.016	0	7.70104e-007	1254.16	1290.45	1289.23
1290.01	828.672	235	1.#QNAN	0	0.016	0	7.82258e-007	1295.08	1290.01	1288.81
1289.53	828.37	236	1.#QNAN	0	0.031	0	7.97413e-007	1265.08	1289.53	1288.34
1289.25	828.099	237	1.#QNAN	0	0.015	0	8.14018e-007	1342.34	1289.25	1288.08
1288.92	827.826	238	1.#QNAN	0	0.016	0	7.88305e-007	1298.38	1288.92	1287.77
1288.81	827.605	239	1.#QNAN	0	0.016	0	7.97309e-007	1345.18	1288.81	1287.68
1288.65	827.368	240	1.#QNAN	0	0.015	0	7.55248e-007	1333.54	1288.65	1287.55
1288.38	827.115	241	1.#QNAN	0	0.016	0	7.8417e-007	1315.27	1288.38	1287.3
1288.08	826.927	242	1.#QNAN	0	0.031	0	7.79947e-007	1287.12	1288.08	1287.01
1287.85	826.719	243	1.#QNAN	0	0.016	0	8.10569e-007	1306.74	1287.85	1286.8
1287.64	826.525	244	1.#QNAN	0	0.015	0	7.6907e-007	1323.49	1287.64	1286.62
1287.42	826.283	245	1.#QNAN	0	0.016	0	7.99666e-007	1325.37	1287.42	1286.42
1287.22	826.091	246	1.#QNAN	0	0.015	0	7.95625e-007	1329.52	1287.22	1286.24
1287.04	825.924	247	1.#QNAN	0	0.016	0	8.12667e-007	1326.31	1287.04	1286.07
1286.85	825.785	248	1.#QNAN	0	0.016	0	7.96698e-007	1333.46	1286.85	1285.9
1286.7	825.675	249	1.#QNAN	0	0.031	0	7.95934e-007	1341.04	1286.7	1285.77
1286.44	825.494	250	1.#QNAN	0	0.015	0	8.2299e-007	1323.74	1286.44	1285.53
1286.2	825.322	251	1.#QNAN	0	0.016	0	8.03982e-007	1303.91	1286.2	1285.3
1285.8	825.076	252	1.#QNAN	0	0.016	0	8.15743e-007	1274.75	1285.8	1284.91
1285.48	824.849	253	1.#QNAN	0	0.015	0	8.13853e-007	1309.42	1285.48	1284.59
1285.09	824.603	254	1.#QNAN	0	0.016	0	8.00492e-007	1295.04	1285.09	1284.21
1284.7	824.339	255	1.#QNAN	0	0.031	0	8.14149e-007	1279.32	1284.7	1283.83
1284.27	824.106	256	1.#QNAN	0	0.016	0	8.15956e-007	1271.88	1284.27	1283.4
1283.74	823.848	257	1.#QNAN	0	0.015	0	8.02914e-007	1272.19	1283.74	1282.86
1283.35	823.611	258	1.#QNAN	0	0.016	0	7.95161e-007	1299.91	1283.35	1282.48
1283.02	823.408	259	1.#QNAN	0	0.015	0	7.95147e-007	1299.14	1283.02	1282.15
1282.59	823.196	260	1.#QNAN	0	0.016	0	8.13519e-007	1265.18	1282.59	1281.73
1282.1	822.968	261	1.#QNAN	0	0.016	0	7.75695e-007	1248.24	1282.1	1281.24
1281.71	822.748	262	1.#QNAN	0	0.031	0	7.67932e-007	1315.05	1281.71	1280.86
1281.34	822.565	263	1.#QNAN	0	0.015	0	8.22648e-007	1333.68	1281.34	1280.49
1280.95	822.364	264	1.#QNAN	0	0.016	0	8.25968e-007	1363.03	1280.95	1280.11
1280.53	822.126	265	1.#QNAN	0	0.016	0	7.81834e-007	1327.93	1280.53	1279.7
1280.24	821.951	266	1.#QNAN	0	0.015	0	8.00046e-007	1293.68	1280.24	1279.42
1279.93	821.786	267	1.#QNAN	0	0.016	0	7.86614e-007	1307.74	1279.93	1279.12
1279.55	821.58	268	1.#QNAN	0	0.031	0	7.87103e-007	1278.35	1279.55	1278.75
1279.08	821.328	269	1.#QNAN	0	0.016	0	7.95663e-007	1247.39	1279.08	1278.28
1278.78	821.132	270	1.#QNAN	0	0.015	0	7.93707e-007	1309.68	1278.78	1278
1278.51	820.92	271	1.#QNAN	0	0.016	0	7.68373e-007	1311.34	1278.51	1277.73
1278.09	820.693	272	1.#QNAN	0	0.015	0	8.03518e-007	1272.34	1278.09	1277.33
1277.75	820.486	273	1.#QNAN	0	0.016	0	8.02658e-007	1281.5	1277.75	1277
1277.43	820.295	274	1.#QNAN	0	0.016	0	7.80185e-007	1272.83	1277.43	1276.69
1277.19	820.182	275	1.#QNAN	0	0.031	0	8.0943e-007	1302.17	1277.19	1276.46
1276.96	820.068	276	1.#QNAN	0	0.015	0	8.34744e-007	1298.37	1276.96	1276.25
1276.75	819.942	277	1.#QNAN	0	0.016	0	7.56259e-007	1304.71	1276.75	1276.04
1276.53	819.758	278	1.#QNAN	0	0.016	0	7.9366e-007	1332.74	1276.53	1275.83
1276.2	819.564	279	1.#QNAN	0	0.015	0	8.15161e-007	1292.26	1276.2	1275.52
1275.91	819.397	280	1.#QNAN	0	0.016	1	7.72318e-007	1285.52	1275.91	1275.23
1275.57	819.206	281	1.#QNAN	0	0.015	0	7.96282e-007	1260.55	1275.57	1274.89
1275.32	819.056	282	1.#QNAN	0	0.032	0	8.09819e-007	1286.68	1275.32	1274.66
1275.06	818.889	283	1.#QNAN	0	0.015	0	8.12282e-007	1304.8	1275.06	1274.41
1274.78	818.721	284	1.#QNAN	0	0.016	0	8.27106e-007	1284.68	1274.78	1274.13
1274.48	818.527	285	1.#QNAN	0	0.015	0	7.9385e-007	1281.25	1274.48	1273.84
1274.08	818.336	286	1.#QNAN	0	0.016	0	8.0782e-007	1271.24	1274.08	1273.45
1273.81	818.122	287	1.#QNAN	0	0.016	0	7.85539e-007	1296.17	1273.81	1273.18
1273.61	817.941	288	1.#QNAN	0	0.015	0	7.83559e-007	1297.8	1273.61	1273
1273.49	817.777	289	1.#QNAN	0	0.031	0	8.09826e-007	1311.2	1273.49	1272.89
1273.3	817.603	290	1.#QNAN	0	0.016	0	8.13641e-007	1289.31	1273.3	1272.72
1273.16	817.468	291	1.#QNAN	0	0.016	0	8.13502e-007	1330.08	1273.16	1272.59
1273.07	817.358	292	1.#QNAN	0	0.015	0	8.21813e-007	1337.42	1273.07	1272.51
1272.96	817.27	293	1.#QNAN	0	0.016	0	7.76359e-007	1362.05	1272.96	1272.41
1272.92	817.227	294	1.#QNAN	0	0.015	0	7.957e-007	1343.4	1272.92	1272.38
1272.82	817.112	295	1.#QNAN	0	0.016	0	7.99684e-007	1356.91	1272.82	1272.3
1272.68	817.013	296	1.#QNAN	0	0.031	0	8.09425e-007	1333.03	1272.68	1272.17
1272.52	816.944	297	1.#QNAN	0	0.016	0	8.25235e-007	1335.59	1272.52	1272.02
1272.51	816.918	298	1.#QNAN	0	0.015	0	8.07051e-007	1424.63	1272.51	1272.02
1272.54	816.908	299	1.#QNAN	0	0.016	0	7.70316e-007	1427.11	1272.54	1272.06
1272.54	816.909	300	1.#QNAN	0	0.016	0	8.0816e-007	1396.19	1272.54	1272.08
1272.62	816.923	301	1.#QNAN	0	0.015	0	8.05815e-007	1423.41	1272.62	1272.17
1272.51	816.886	302	1.#QNAN	0	0.016	0	8.37528e-007	1360.01	1272.51	1272.06
1272.42	816.811	303	1.#QNAN	0	0.031	0	8.13668e-007	1370.78	1272.42	1271.98
1272.3	816.726	304	1.#QNAN	0	0.016	0	8.20049e-007	1357.17	1272.3	1271.87
1272.2	816.638	305	1.#QNAN	0	0.015	0	8.03679e-007	1361.51	1272.2	1271.77
1272.15	816.566	306	1.#QNAN	0	0.016	0	7.8469e-007	1385.22	1272.15	1271.74
1272.2	816.511	307	1.#QNAN	0	0.015	0	8.16638e-007	1410.6	1272.2	1271.8
1272.23	816.456	308	1.#QNAN	0	0.016	0	8.23852e-007	1398.95	1272.23	1271.84
1272.15	816.386	309	1.#QNAN	0	0.031	0	8.03822e-007	1383.03	1272.15	1271.77
1272.1	816.314	310	1.#QNAN	0	0.016	0	8.27608e-007	1358.19	1272.1	1271.73
1272.03	816.262	311	1.#QNAN	0	0.015	0	7.70876e-007	1355.94	1272.03	1271.66
1271.89	816.184	312	1.#QNAN	0	0.016	0	8.0506e-007	1349.89	1271.89	1271.53
1271.68	816.07	313	1.#QNAN	0	0.016	0	8.07435e-007	1312.41	1271.68	1271.32
1271.55	816.002	314	1.#QNAN	0	0.015	0	7.89587e-007	1335.48	1271.55	1271.19
1271.43	815.882	315	1.#QNAN	0	0.031	0	8.15612e-007	1321.85	1271.43	1271.07
1271.38	815.813	316	1.#QNAN	0	0.016	0	7.81478e-007	1340.89	1271.38	1271.03
1271.3	815.719	317	1.#QNAN	0	0.016	0	8.1504e-007	1380.44	1271.3	1270.96
1271.28	815.656	318	1.#QNAN	0	0.015	0	7.96383e-007	1406.4	1271.28	1270.95
1271.27	815.646	319	1.#QNAN	0	0.016	0	8.09892e-007	1420.08	1271.27	1270.95
1271.27	815.633	320	1.#QNAN	0	0.015	0	8.01495e-007	1388.92	1271.27	1270.96
1271.29	815.588	321	1.#QNAN	0	0.016	0	8.27747e-007	1375.9	1271.29	1270.98
1271.24	815.536	322	1.#QNAN	0	0.031	0	8.03945e-007	1345.2	1271.24	1270.94
1271.13	815.488	323	1.#QNAN	0	0.016	0	8.03713e-007	1325.98	1271.13	1270.83
1271.04	815.418	324	1.#QNAN	0	0.015	0	7.74081e-007	1320.57	1271.04	1270.74
1270.92	815.333	325	1.#QNAN	0	0.016	0	7.77865e-007	1308.01	1270.92	1270.62
1270.78	815.237	326	1.#QNAN	0	0.016	0	7.95982e-007	1307.93	1270.78	1270.48
1270.62	815.136	327	1.#QNAN	0	0.015	0	7.92632e-007	1328.07	1270.62	1270.33
1270.55	815.045	328	1.#QNAN	0	0.016	0	7.98004e-007	1324.74	1270.55	1270.26
1270.56	814.936	329	1.#QNAN	0	0.015	0	8.04769e-007	1366.9	1270.56	1270.28
1270.39	814.788	330	1.#QNAN	0	0.016	0	8.02788e-007	1296.15	1270.39	1270.11
1270.29	814.717	331	1.#QNAN	0	0.015	0	8.15347e-007	1344.47	1270.29	1270.02
1270.13	814.636	332	1.#QNAN	0	0.016	0	7.9808e-007	1348.24	1270.13	1269.87
1270.03	814.563	333	1.#QNAN	0	0.015	0	8.25467e-007	1342.9	1270.03	1269.76
1269.89	814.486	334	1.#QNAN	0	0.016	0	7.98204e-007	1337.3	1269.89	1269.63
1269.83	814.419	335	1.#QNAN	0	0.016	0	8.25057e-007	1363.19	1269.83	1269.58
1269.78	814.352	336	1.#QNAN	0	0.031	1	7.80503e-007	1352.31	1269.78	1269.53
1269.66	814.269	337	1.#QNAN	0	0.015	0	7.82798e-007	1353.26	1269.66	1269.42
1269.53	814.203	338	1.#QNAN	0	0.016	0	8.06143e-007	1342.22	1269.53	1269.29
1269.55	814.176	339	1.#QNAN	0	0.016	0	7.99662e-007	1377.78	1269.55	1269.31
1269.52	814.136	340	1.#QNAN	0	0.015	0	7.89688e-007	1371.04	1269.52	1269.29
1269.49	814.111	341	1.#QNAN	0	0.016	0	8.13421e-007	1383.95	1269.49	1269.26
1269.31	814.044	342	1.#QNAN	0	0.015	0	7.97068e-007	1318.87	1269.31	1269.09
1269.18	813.977	343	1.#QNAN	0	0.032	0	8.08135e-007	1321.34	1269.18	1268.96
1269.08	813.948	344	1.#QNAN	0	0.015	0	7.96895e-007	1315.48	1269.08	1268.85
1269.06	813.9	345	1.#QNAN	0	0.016	0	8.28464e-007	1334.69	1269.06	1268.84
1268.98	813.861	346	1.#QNAN	0	0.015	0	7.98243e-007	1340.63	1268.98	1268.77
1268.9	813.824	347	1.#QNAN	0	0.016	0	7.85775e-007	1329.97	1268.9	1268.69
1268.76	813.71	348	1.#QNAN	0	0.016	0	8.30372e-007	1293.01	1268.76	1268.56
1268.59	813.609	349	1.#QNAN	0	0.015	0	7.96698e-007	1271.3	1268.59	1268.39
1268.52	813.522	350	1.#QNAN	0	0.016	0	7.75968e-007	1328.55	1268.52	1268.33
1268.38	813.446	351	1.#QNAN	0	0.031	0	8.09082e-007	1310.89	1268.38	1268.18
1268.21	813.31	352	1.#QNAN	0	0.016	0	8.01376e-007	1302.29	1268.21	1268.02
1268.12	813.209	353	1.#QNAN	0	0.015	0	8.00496e-007	1344.32	1268.12	1267.93
1268.02	813.098	354	1.#QNAN	0	0.016	0	8.0234e-007	1343.06	1268.02	1267.83
1267.87	812.944	355	1.#QNAN	0	0.015	0	7.85248e-007	1294.24	1267.87	1267.69
1267.82	812.843	356	1.#QNAN	0	0.016	0	8.01059e-007	1362.19	1267.82	1267.65
1267.74	812.74	357	1.#QNAN	0	0.031	0	7.81454e-007	1341.08	1267.74	1267.57
1267.6	812.648	358	1.#QNAN	0	0.015	0	7.88552e-007	1313.52	1267.6	1267.44
1267.43	812.586	359	1.#QNAN	0	0.016	0	8.20604e-007	1314.61	1267.43	1267.27
1267.33	812.507	360	1.#QNAN	0	0.016	0	7.81142e-007	1319.75	1267.33	1267.16
1267.14	812.414	361	1.#QNAN	0	0.015	0	7.71853e-007	1309.52	1267.14	1266.97
1266.87	812.266	362	1.#QNAN	0	0.016	0	7.99745e-007	1270.27	1266.87	1266.71
1266.63	812.102	363	1.#QNAN	0	0.031	0	7.96642e-007	1259.04	1266.63	1266.47
1266.41	811.979	364	1.#QNAN	0	0.016	0	7.69053e-007	1258.63	1266.41	1266.25
1266.23	811.861	365	1.#QNAN	0	0.015	0	8.15791e-007	1277.27	1266.23	1266.07
1266.08	811.755	366	1.#QNAN	0	0.016	0	8.20139e-007	1304.41	1266.08	1265.92
1265.91	811.633	367	1.#QNAN	0	0.015	0	7.80892e-007	1281.14	1265.91	1265.74
1265.87	811.596	368	1.#QNAN	0	0.016	0	7.87101e-007	1347.57	1265.87	1265.71
1265.73	811.522	369	1.#QNAN	0	0.016	0	7.8417e-007	1307.7	1265.73	1265.58
1265.61	811.459	370	1.#QNAN	0	0.031	0	8.07182e-007	1307.57	1265.61	1265.46
1265.54	811.426	371	1.#QNAN	0	0.015	0	7.89525e-007	1326.32	1265.54	1265.39
1265.34	811.339	372	1.#QNAN	0	0.016	0	7.9959e-007	1274.87	1265.34	1265.19
1265.27	811.287	373	1.#QNAN	0	0.016	0	7.8707e-007	1329.48	1265.27	1265.12
1265.22	811.249	374	1.#QNAN	0	0.015	0	7.96323e-007	1339.34	1265.22	1265.08
1265.14	811.168	375	1.#QNAN	0	0.016	0	7.77729e-007	1346.74	1265.14	1265
1265.03	811.103	376	1.#QNAN	0	0.015	0	7.70014e-007	1333.29	1265.03	1264.89
1264.98	811.031	377	1.#QNAN	0	0.032	0	7.90826e-007	1320.62	1264.98	1264.84
1264.93	810.97	378	1.#QNAN	0	0.015	0	8.22035e-007	1338.66	1264.93	1264.79
1264.75	810.871	379	1.#QNAN	0	0.016	0	8.15959e-007	1261.17	1264.75	1264.61
1264.66	810.779	380	1.#QNAN	0	0.015	0	7.91414e-007	1323.91	1264.66	1264.53
1264.66	810.732	381	1.#QNAN	0	0.016	0	8.01935e-007	1356.72	1264.66	1264.54
1264.65	810.679	382	1.#QNAN	0	0.016	0	8.00285e-007	1359.63	1264.65	1264.53
1264.69	810.634	383	1.#QNAN	0	0.015	0	7.82231e-007	1365.79	1264.69	1264.57
1264.62	810.578	384	1.#QNAN	0	0.031	0	8.25653e-007	1308.63	1264.62	1264.51
1264.54	810.51	385	1.#QNAN	0	0.016	0	8.0128e-007	1299.12	1264.54	1264.44
1264.59	810.485	386	1.#QNAN	0	0.016	0	8.12675e-007	1358.44	1264.59	1264.5
1264.56	810.404	387	1.#QNAN	0	0.015	0	7.92058e-007	1324.09	1264.56	1264.47
1264.57	810.367	388	1.#QNAN	0	0.016	0	8.04178e-007	1333.2	1264.57	1264.48
1264.53	810.313	389	1.#QNAN	0	0.015	0	7.85858e-007	1329.85	1264.53	1264.45
1264.4	810.229	390	1.#QNAN	0	0.016	0	8.13349e-007	1300.57	1264.4	1264.32
1264.33	810.16	391	1.#QNAN	0	0.031	1	7.78425e-007	1316.01	1264.33	1264.26
1264.29	810.096	392	1.#QNAN	0	0.016	0	8.07705e-007	1318.89	1264.29	1264.22
1264.24	810.012	393	1.#QNAN	0	0.015	0	8.43798e-007	1312.05	1264.24	1264.17
1264.23	809.953	394	1.#QNAN	0	0.016	0	7.92888e-007	1346.29	1264.23	1264.16
1264.21	809.895	395	1.#QNAN	0	0.016	0	7.83627e-007	1330.97	1264.21	1264.15
1264.26	809.838	396	1.#QNAN	0	0.015	0	8.14481e-007	1402.28	1264.26	1264.2
1264.29	809.781	397	1.#QNAN	0	0.031	0	7.96321e-007	1405.65	1264.29	1264.24
1264.28	809.715	398	1.#QNAN	0	0.016	0	8.10191e-007	1350.09	1264.28	1264.23
1264.24	809.614	399	1.#QNAN	0	0.016	0	8.01729e-007	1365.43	1264.24	1264.2
