rmse	mae	#iter	time_pred	time_learn	time_learn2	time_learn4	alpha	rmse_mcmc_this	rmse_mcmc_all	rmse_mcmc_all_but5
1908.85	1306.21	0	1.#QNAN	0	0.016	0	5.44903e-008	1908.85	1908.85	4162.21
1645.95	1126.85	1	1.#QNAN	0	0.015	0	2.87838e-007	1555.04	1645.95	4162.21
1587.43	1082.61	2	1.#QNAN	0	0.016	0	4.64543e-007	1547.91	1587.43	4162.21
1562.41	1061.77	3	1.#QNAN	0	0.015	0	4.55818e-007	1530.96	1562.41	4162.21
1541.46	1045.92	4	1.#QNAN	0	0.016	0	4.91607e-007	1501.47	1541.46	37734.5
1525.93	1032.97	5	1.#QNAN	0	0.031	0	4.86748e-007	1487.53	1525.93	1487.53
1512.11	1021.86	6	1.#QNAN	0	0.016	0	4.93938e-007	1466.89	1512.11	1471.86
1498.82	1010.73	7	1.#QNAN	0	0.015	0	5.1932e-007	1441.39	1498.82	1457.88
1489.91	1001.61	8	1.#QNAN	0	0.016	0	5.33146e-007	1461.71	1489.91	1455.35
1480.97	994.271	9	1.#QNAN	0	0.031	0	5.3288e-007	1442.21	1480.97	1449.06
1472.39	987.943	10	1.#QNAN	0	0.016	0	5.20496e-007	1432.48	1472.39	1443.5
1467.48	982.957	11	1.#QNAN	0	0.015	0	5.34005e-007	1450.36	1467.48	1441.76
1462.59	978.209	12	1.#QNAN	0	0.016	0	5.59221e-007	1444.37	1462.59	1440
1457.28	972.978	13	1.#QNAN	0	0.016	0	5.64868e-007	1438.76	1457.28	1437.07
1453.15	967.902	14	1.#QNAN	0	0.015	1	5.60021e-007	1438.81	1453.15	1435.41
1449.63	964.756	15	1.#QNAN	0	0.031	0	5.8569e-007	1439.24	1449.63	1434.1
1446.65	961.666	16	1.#QNAN	0	0.016	0	5.7067e-007	1441.05	1446.65	1433.12
1443.34	958.082	17	1.#QNAN	0	0.016	0	5.78575e-007	1436.96	1443.34	1431.58
1441.28	955.763	18	1.#QNAN	0	0.015	0	5.55374e-007	1441	1441.28	1430.98
1438.9	952.815	19	1.#QNAN	0	0.016	0	5.64596e-007	1425.59	1438.9	1429.46
1436.76	950.939	20	1.#QNAN	0	0.031	0	5.74839e-007	1416.58	1436.76	1427.89
1434.02	948.263	21	1.#QNAN	0	0.016	0	5.81845e-007	1404.58	1434.02	1425.72
1431.65	945.998	22	1.#QNAN	0	0.015	0	5.78843e-007	1406.1	1431.65	1423.81
1430	944.382	23	1.#QNAN	0	0.016	0	5.57675e-007	1419.87	1430	1422.84
1427.46	942.613	24	1.#QNAN	0	0.015	0	5.80707e-007	1402.46	1427.46	1420.64
1425.26	940.314	25	1.#QNAN	0	0.016	0	5.90343e-007	1399.42	1425.26	1418.86
1422.73	939.029	26	1.#QNAN	0	0.031	0	5.96557e-007	1394.85	1422.73	1416.64
1419.75	936.517	27	1.#QNAN	0	0.016	0	5.71161e-007	1376.76	1419.75	1413.74
1417.02	934.078	28	1.#QNAN	0	0.015	0	6.05517e-007	1393.71	1417.02	1411.15
1414.97	932.318	29	1.#QNAN	0	0.016	0	6.31815e-007	1425.23	1414.97	1409.47
1411.85	929.25	30	1.#QNAN	0	0.031	0	6.22578e-007	1393.39	1411.85	1406.34
1409.5	926.661	31	1.#QNAN	0	0.016	0	6.49867e-007	1408.87	1409.5	1404.06
1407.46	923.724	32	1.#QNAN	0	0.015	0	6.69196e-007	1420.51	1407.46	1402.22
1406.15	921.397	33	1.#QNAN	0	0.016	0	6.68582e-007	1422.92	1406.15	1401.15
1404.53	918.983	34	1.#QNAN	0	0.016	0	6.62042e-007	1432.7	1404.53	1399.85
1403.59	917.347	35	1.#QNAN	0	0.015	0	6.70015e-007	1444.25	1403.59	1399.35
1402.34	915.526	36	1.#QNAN	0	0.031	0	6.88858e-007	1447.07	1402.34	1398.48
1401.3	913.93	37	1.#QNAN	0	0.016	0	6.41381e-007	1450.18	1401.3	1397.83
1400.42	912.618	38	1.#QNAN	0	0.016	0	6.57414e-007	1439.01	1400.42	1397.2
1399.68	911.323	39	1.#QNAN	0	0.015	0	6.87737e-007	1445.87	1399.68	1396.78
1399.63	910.235	40	1.#QNAN	0	0.016	0	6.79288e-007	1463.16	1399.63	1397.05
1399.75	909.176	41	1.#QNAN	0	0.015	0	6.97148e-007	1483.42	1399.75	1397.54
1399.68	908.075	42	1.#QNAN	0	0.032	0	6.96662e-007	1455.05	1399.68	1397.75
1399.55	907.223	43	1.#QNAN	0	0.015	0	6.80704e-007	1448.15	1399.55	1397.84
1399.11	906.042	44	1.#QNAN	0	0.016	0	6.69507e-007	1438.06	1399.11	1397.5
1399.07	905.141	45	1.#QNAN	0	0.015	0	6.65368e-007	1456.83	1399.07	1397.62
1398.93	904.34	46	1.#QNAN	0	0.016	0	6.46306e-007	1445.98	1398.93	1397.59
1398.47	903.201	47	1.#QNAN	0	0.016	0	6.69536e-007	1447.31	1398.47	1397.26
1398.21	902.285	48	1.#QNAN	0	0.015	0	6.56007e-007	1433.78	1398.21	1397.12
1397.93	901.43	49	1.#QNAN	0	0.031	0	6.74565e-007	1439.41	1397.93	1396.95
1397.62	900.673	50	1.#QNAN	0	0.016	0	6.63142e-007	1437.85	1397.62	1396.76
1397.58	899.813	51	1.#QNAN	0	0.016	0	6.67315e-007	1456.81	1397.58	1396.91
1397.3	899.081	52	1.#QNAN	0	0.015	0	6.80975e-007	1431.49	1397.3	1396.77
1397.16	898.361	53	1.#QNAN	0	0.016	0	6.7339e-007	1447.78	1397.16	1396.8
1397.57	897.866	54	1.#QNAN	0	0.015	0	6.68915e-007	1476.58	1397.57	1397.47
1397.99	897.702	55	1.#QNAN	0	0.016	0	7.01401e-007	1466.95	1397.99	1398.09
1397.94	897.275	56	1.#QNAN	0	0.031	0	6.75703e-007	1438.88	1397.94	1398.18
1398.07	896.998	57	1.#QNAN	0	0.016	0	6.75751e-007	1449.46	1398.07	1398.42
1398.3	896.704	58	1.#QNAN	0	0.015	0	6.64352e-007	1446.5	1398.3	1398.78
1398.15	896.326	59	1.#QNAN	0	0.016	0	6.89638e-007	1423.21	1398.15	1398.67
1397.97	895.755	60	1.#QNAN	0	0.016	0	6.84981e-007	1424.37	1397.97	1398.54
1397.45	895.244	61	1.#QNAN	0	0.015	0	6.79093e-007	1400.21	1397.45	1398.04
1397.31	894.812	62	1.#QNAN	0	0.031	0	6.7391e-007	1422.19	1397.31	1397.96
1397.08	894.327	63	1.#QNAN	0	0.016	0	6.77168e-007	1418.03	1397.08	1397.79
1397.22	894.04	64	1.#QNAN	0	0.016	0	7.07308e-007	1441.61	1397.22	1398.02
1397.3	893.789	65	1.#QNAN	0	0.015	0	6.92249e-007	1446.38	1397.3	1398.19
1397	893.301	66	1.#QNAN	0	0.016	0	6.74418e-007	1411.73	1397	1397.93
1396.86	892.869	67	1.#QNAN	0	0.015	0	7.04474e-007	1435.2	1396.86	1397.89
1396.96	892.557	68	1.#QNAN	0	0.032	1	7.03442e-007	1436.77	1396.96	1398.07
1396.81	892.149	69	1.#QNAN	0	0.015	0	6.81742e-007	1429.54	1396.81	1397.98
1397.1	892.061	70	1.#QNAN	0	0.016	0	6.86533e-007	1463.39	1397.1	1398.37
1396.74	891.536	71	1.#QNAN	0	0.015	0	6.75746e-007	1414.01	1396.74	1398.01
1396.34	891.063	72	1.#QNAN	0	0.016	0	7.05662e-007	1406.8	1396.34	1397.62
1396.21	890.698	73	1.#QNAN	0	0.016	0	6.89709e-007	1414.93	1396.21	1397.5
1395.79	890.15	74	1.#QNAN	0	0.031	0	6.62989e-007	1397.74	1395.79	1397.07
1395.61	889.621	75	1.#QNAN	0	0.015	0	6.80567e-007	1415.26	1395.61	1396.9
1395.41	889.28	76	1.#QNAN	0	0.016	0	6.75685e-007	1411.67	1395.41	1396.71
1395.47	888.845	77	1.#QNAN	0	0.016	0	6.86697e-007	1434.44	1395.47	1396.82
1395.47	888.525	78	1.#QNAN	0	0.015	0	6.74511e-007	1429.34	1395.47	1396.86
1395.08	888.134	79	1.#QNAN	0	0.016	0	6.99755e-007	1391.77	1395.08	1396.46
1394.87	887.839	80	1.#QNAN	0	0.015	0	6.56357e-007	1414.63	1394.87	1396.24
1394.87	887.668	81	1.#QNAN	0	0.016	0	6.58782e-007	1425.58	1394.87	1396.25
1394.78	887.536	82	1.#QNAN	0	0.015	0	6.6255e-007	1418.17	1394.78	1396.18
1394.79	887.251	83	1.#QNAN	0	0.016	0	6.84701e-007	1428.49	1394.79	1396.23
1394.99	887.067	84	1.#QNAN	0	0.015	0	6.81826e-007	1449.78	1394.99	1396.46
1394.9	886.757	85	1.#QNAN	0	0.016	0	6.51456e-007	1432.66	1394.9	1396.4
1394.97	886.622	86	1.#QNAN	0	0.016	0	6.75724e-007	1434.34	1394.97	1396.49
1394.82	886.083	87	1.#QNAN	0	0.031	0	6.66636e-007	1426.25	1394.82	1396.35
1394.61	885.709	88	1.#QNAN	0	0.015	0	6.70564e-007	1407.57	1394.61	1396.16
1394.58	885.404	89	1.#QNAN	0	0.016	0	6.78011e-007	1434.73	1394.58	1396.16
1394.79	885.367	90	1.#QNAN	0	0.016	0	6.85151e-007	1446.78	1394.79	1396.41
1394.61	885.068	91	1.#QNAN	0	0.015	0	6.7852e-007	1416.67	1394.61	1396.24
1394.59	884.781	92	1.#QNAN	0	0.016	0	6.96801e-007	1431.2	1394.59	1396.24
1394.65	884.433	93	1.#QNAN	0	0.015	0	6.86956e-007	1446.77	1394.65	1396.34
1394.79	884.199	94	1.#QNAN	0	0.032	0	6.84188e-007	1451.17	1394.79	1396.51
1394.89	883.967	95	1.#QNAN	0	0.015	0	7.02866e-007	1452.69	1394.89	1396.65
1395.02	883.758	96	1.#QNAN	0	0.016	0	6.77624e-007	1451.22	1395.02	1396.82
1395.01	883.639	97	1.#QNAN	0	0.015	0	6.79303e-007	1437.23	1395.01	1396.85
1394.87	883.339	98	1.#QNAN	0	0.016	0	6.72411e-007	1417.7	1394.87	1396.73
1394.75	883.159	99	1.#QNAN	0	0.016	0	6.78488e-007	1411.42	1394.75	1396.6
1394.62	882.858	100	1.#QNAN	0	0.031	0	6.72052e-007	1408.46	1394.62	1396.48
1394.24	882.59	101	1.#QNAN	0	0.015	0	6.95394e-007	1382.56	1394.24	1396.08
1393.92	882.446	102	1.#QNAN	0	0.016	0	6.90054e-007	1387.42	1393.92	1395.74
1393.79	882.138	103	1.#QNAN	0	0.016	0	6.61723e-007	1405.39	1393.79	1395.6
1393.55	881.766	104	1.#QNAN	0	0.015	0	6.8838e-007	1397.74	1393.55	1395.33
1393.56	881.596	105	1.#QNAN	0	0.016	0	6.65676e-007	1421.67	1393.56	1395.33
1393.43	881.423	106	1.#QNAN	0	0.031	0	6.96919e-007	1424.67	1393.43	1395.2
1393.2	881.108	107	1.#QNAN	0	0.016	0	6.84141e-007	1420.88	1393.2	1394.96
1393.11	880.98	108	1.#QNAN	0	0.015	0	6.97795e-007	1424.79	1393.11	1394.85
1392.78	880.85	109	1.#QNAN	0	0.016	0	6.94665e-007	1390.55	1392.78	1394.49
1392.51	880.718	110	1.#QNAN	0	0.015	0	6.99983e-007	1401.68	1392.51	1394.21
1392.41	880.545	111	1.#QNAN	0	0.016	0	6.78014e-007	1428.96	1392.41	1394.11
1392.27	880.364	112	1.#QNAN	0	0.031	0	7.24216e-007	1425.75	1392.27	1393.97
1392.2	880.128	113	1.#QNAN	0	0.016	0	7.15455e-007	1449.9	1392.2	1393.91
1391.76	879.708	114	1.#QNAN	0	0.015	0	6.90645e-007	1397.09	1391.76	1393.45
1391.59	879.479	115	1.#QNAN	0	0.016	0	7.20913e-007	1436.67	1391.59	1393.3
1391.36	879.248	116	1.#QNAN	0	0.016	0	7.19304e-007	1406.7	1391.36	1393.06
1391.38	879.109	117	1.#QNAN	0	0.031	0	7.32468e-007	1434.79	1391.38	1393.09
1391.2	878.872	118	1.#QNAN	0	0.015	0	6.87418e-007	1416.25	1391.2	1392.91
1391.04	878.644	119	1.#QNAN	0	0.016	0	7.06988e-007	1411.78	1391.04	1392.73
1390.81	878.335	120	1.#QNAN	0	0.016	0	6.90924e-007	1422.5	1390.81	1392.49
1390.58	878.072	121	1.#QNAN	0	0.015	0	7.10808e-007	1409.28	1390.58	1392.24
1390	877.722	122	1.#QNAN	0	0.016	0	7.18116e-007	1368.34	1390	1391.62
1389.48	877.412	123	1.#QNAN	0	0.015	0	7.15796e-007	1381.57	1389.48	1391.09
1388.78	877.109	124	1.#QNAN	0	0.032	1	7.46948e-007	1364.23	1388.78	1390.36
1388.23	876.828	125	1.#QNAN	0	0.015	0	7.48886e-007	1384.17	1388.23	1389.79
1387.61	876.542	126	1.#QNAN	0	0.016	0	7.55482e-007	1386.61	1387.61	1389.14
1387.07	876.201	127	1.#QNAN	0	0.015	0	7.37393e-007	1383.56	1387.07	1388.58
1386.47	875.804	128	1.#QNAN	0	0.016	0	7.50358e-007	1382.63	1386.47	1387.96
1386	875.457	129	1.#QNAN	0	0.016	0	7.34779e-007	1399.69	1386	1387.47
1385.38	875.125	130	1.#QNAN	0	0.031	0	7.57782e-007	1383	1385.38	1386.83
1384.82	874.743	131	1.#QNAN	0	0.015	0	7.55204e-007	1398.37	1384.82	1386.26
1384.1	874.312	132	1.#QNAN	0	0.016	0	7.40381e-007	1387.07	1384.1	1385.52
1383.49	874.001	133	1.#QNAN	0	0.016	0	7.27417e-007	1389.5	1383.49	1384.89
1382.98	873.733	134	1.#QNAN	0	0.015	0	7.35588e-007	1399.21	1382.98	1384.35
1382.29	873.449	135	1.#QNAN	0	0.016	0	7.38746e-007	1393.24	1382.29	1383.63
1381.65	873.165	136	1.#QNAN	0	0.031	0	7.58998e-007	1392.19	1381.65	1382.96
1381.13	872.88	137	1.#QNAN	0	0.016	0	7.64694e-007	1413.64	1381.13	1382.42
1380.38	872.508	138	1.#QNAN	0	0.015	0	7.57827e-007	1391.41	1380.38	1381.64
1379.75	872.209	139	1.#QNAN	0	0.016	0	7.40286e-007	1400.59	1379.75	1380.98
1379.13	871.874	140	1.#QNAN	0	0.015	0	7.42168e-007	1387.66	1379.13	1380.34
1378.56	871.546	141	1.#QNAN	0	0.016	0	7.65908e-007	1394.9	1378.56	1379.75
1378.09	871.329	142	1.#QNAN	0	0.031	0	7.54825e-007	1417.95	1378.09	1379.26
1377.67	871.134	143	1.#QNAN	0	0.016	0	7.35422e-007	1405.06	1377.67	1378.82
1377.33	870.943	144	1.#QNAN	0	0.015	0	7.29573e-007	1429.83	1377.33	1378.46
1376.91	870.692	145	1.#QNAN	0	0.016	0	7.46873e-007	1429.91	1376.91	1378.02
1376.48	870.418	146	1.#QNAN	0	0.016	0	7.34148e-007	1435.67	1376.48	1377.56
1376.06	870.174	147	1.#QNAN	0	0.031	0	7.64689e-007	1404.33	1376.06	1377.11
1375.58	869.947	148	1.#QNAN	0	0.015	0	7.5151e-007	1417.49	1375.58	1376.61
1374.95	869.691	149	1.#QNAN	0	0.016	0	7.53643e-007	1420.1	1374.95	1375.95
1374.23	869.283	150	1.#QNAN	0	0.016	0	7.48967e-007	1403.02	1374.23	1375.21
1373.56	868.97	151	1.#QNAN	0	0.015	0	7.7392e-007	1416.46	1373.56	1374.5
1373.06	868.727	152	1.#QNAN	0	0.016	0	7.76475e-007	1412.47	1373.06	1373.99
1372.49	868.485	153	1.#QNAN	0	0.031	0	7.56025e-007	1392.73	1372.49	1373.39
1371.86	868.18	154	1.#QNAN	0	0.016	0	7.65064e-007	1385.36	1371.86	1372.72
1371.29	867.82	155	1.#QNAN	0	0.015	0	7.45604e-007	1383.47	1371.29	1372.14
1370.99	867.624	156	1.#QNAN	0	0.016	0	7.7944e-007	1435.54	1370.99	1371.83
1370.49	867.403	157	1.#QNAN	0	0.015	0	7.63385e-007	1421.12	1370.49	1371.32
1369.95	867.134	158	1.#QNAN	0	0.032	0	7.61603e-007	1420.91	1369.95	1370.77
1369.68	866.892	159	1.#QNAN	0	0.015	0	7.51681e-007	1420.52	1369.68	1370.49
1369.35	866.615	160	1.#QNAN	0	0.016	0	7.3709e-007	1414.04	1369.35	1370.15
1369.11	866.385	161	1.#QNAN	0	0.015	0	7.45137e-007	1417.63	1369.11	1369.9
1368.68	866.192	162	1.#QNAN	0	0.016	0	7.61802e-007	1380.18	1368.68	1369.46
1368.36	865.988	163	1.#QNAN	0	0.016	0	7.47246e-007	1378.26	1368.36	1369.12
1367.85	865.726	164	1.#QNAN	0	0.031	0	7.3755e-007	1356.51	1367.85	1368.6
1367.43	865.477	165	1.#QNAN	0	0.015	0	7.4864e-007	1388.33	1367.43	1368.16
1367.03	865.273	166	1.#QNAN	0	0.016	0	7.51679e-007	1374.53	1367.03	1367.75
1366.38	865.009	167	1.#QNAN	0	0.016	0	7.68985e-007	1376.68	1366.38	1367.08
1365.67	864.767	168	1.#QNAN	0	0.015	0	7.60675e-007	1378.82	1365.67	1366.35
1365.23	864.596	169	1.#QNAN	0	0.031	0	7.76195e-007	1420.06	1365.23	1365.9
1364.68	864.324	170	1.#QNAN	0	0.016	0	7.6066e-007	1383.36	1364.68	1365.33
1364.2	864.087	171	1.#QNAN	0	0.016	0	7.32388e-007	1359.66	1364.2	1364.83
1363.9	863.923	172	1.#QNAN	0	0.015	0	7.36535e-007	1397.55	1363.9	1364.52
1363.22	863.641	173	1.#QNAN	0	0.016	0	7.63175e-007	1375.82	1363.22	1363.84
1362.72	863.458	174	1.#QNAN	0	0.031	0	7.83438e-007	1425.89	1362.72	1363.33
1362.32	863.268	175	1.#QNAN	0	0.016	0	7.57476e-007	1386.18	1362.32	1362.93
1361.96	863.126	176	1.#QNAN	0	0.015	0	7.7462e-007	1386	1361.96	1362.56
1361.65	863.003	177	1.#QNAN	0	0.016	0	7.08785e-007	1397.17	1361.65	1362.25
1361.36	862.773	178	1.#QNAN	0	0.015	1	7.90142e-007	1395.55	1361.36	1361.96
1361.14	862.651	179	1.#QNAN	0	0.032	0	7.54466e-007	1430.81	1361.14	1361.74
1361.03	862.524	180	1.#QNAN	0	0.015	0	7.61899e-007	1427.83	1361.03	1361.64
1360.92	862.387	181	1.#QNAN	0	0.016	0	7.76443e-007	1422.99	1360.92	1361.53
1360.72	862.231	182	1.#QNAN	0	0.015	0	7.69318e-007	1417.98	1360.72	1361.34
1360.53	862.156	183	1.#QNAN	0	0.016	0	7.44027e-007	1401.68	1360.53	1361.14
1360.3	862.011	184	1.#QNAN	0	0.031	0	7.73932e-007	1408.08	1360.3	1360.92
1360.27	861.944	185	1.#QNAN	0	0.016	0	7.51666e-007	1423.96	1360.27	1360.9
1360.31	861.954	186	1.#QNAN	0	0.015	0	7.62441e-007	1446.69	1360.31	1360.95
1360.25	861.84	187	1.#QNAN	0	0.016	0	7.17079e-007	1419.85	1360.25	1360.89
1360.12	861.75	188	1.#QNAN	0	0.016	0	7.39095e-007	1394.03	1360.12	1360.76
1360	861.727	189	1.#QNAN	0	0.015	0	7.59356e-007	1408.3	1360	1360.64
1359.87	861.663	190	1.#QNAN	0	0.016	0	7.59497e-007	1405.09	1359.87	1360.5
1359.53	861.531	191	1.#QNAN	0	0.031	0	7.32523e-007	1369.64	1359.53	1360.16
1359.39	861.431	192	1.#QNAN	0	0.016	0	7.5255e-007	1395.41	1359.39	1360.01
1359.13	861.279	193	1.#QNAN	0	0.015	0	7.48366e-007	1369.99	1359.13	1359.74
1359.01	861.182	194	1.#QNAN	0	0.016	0	7.6221e-007	1414.32	1359.01	1359.62
1358.87	861.131	195	1.#QNAN	0	0.015	0	7.87108e-007	1413.7	1358.87	1359.49
1358.66	861.061	196	1.#QNAN	0	0.016	0	7.59532e-007	1407.94	1358.66	1359.27
1358.36	860.905	197	1.#QNAN	0	0.031	0	7.37113e-007	1373.52	1358.36	1358.96
1358.05	860.753	198	1.#QNAN	0	0.016	0	7.38336e-007	1382.07	1358.05	1358.64
1357.89	860.661	199	1.#QNAN	0	0.015	0	7.50629e-007	1383.47	1357.89	1358.47
1357.57	860.526	200	1.#QNAN	0	0.016	0	7.64354e-007	1388.52	1357.57	1358.15
1357.37	860.411	201	1.#QNAN	0	0.016	0	7.49942e-007	1410.72	1357.37	1357.95
1357.18	860.306	202	1.#QNAN	0	0.015	0	7.77966e-007	1397.3	1357.18	1357.77
1357.03	860.257	203	1.#QNAN	0	0.031	0	7.40829e-007	1417.9	1357.03	1357.61
1356.83	860.211	204	1.#QNAN	0	0.016	0	7.38802e-007	1398.91	1356.83	1357.4
1356.62	860.176	205	1.#QNAN	0	0.016	0	7.77215e-007	1401.1	1356.62	1357.18
1356.32	860.022	206	1.#QNAN	0	0.015	0	7.37443e-007	1360.34	1356.32	1356.88
1356.12	859.881	207	1.#QNAN	0	0.016	0	7.55446e-007	1376.45	1356.12	1356.68
1355.79	859.798	208	1.#QNAN	0	0.015	0	7.44206e-007	1369.63	1355.79	1356.33
1355.38	859.567	209	1.#QNAN	0	0.032	0	7.36148e-007	1362.45	1355.38	1355.91
1355.12	859.466	210	1.#QNAN	0	0.015	0	7.47986e-007	1386.11	1355.12	1355.65
1354.86	859.411	211	1.#QNAN	0	0.016	0	7.57034e-007	1371.94	1354.86	1355.39
1354.65	859.342	212	1.#QNAN	0	0.015	0	7.53219e-007	1397.7	1354.65	1355.18
1354.55	859.364	213	1.#QNAN	0	0.016	0	7.82708e-007	1419.23	1354.55	1355.08
1354.37	859.358	214	1.#QNAN	0	0.016	0	7.82696e-007	1400.24	1354.37	1354.9
1354.25	859.289	215	1.#QNAN	0	0.031	0	7.51186e-007	1399.99	1354.25	1354.76
1354.06	859.165	216	1.#QNAN	0	0.015	0	7.53836e-007	1386.91	1354.06	1354.58
1353.93	859.025	217	1.#QNAN	0	0.016	0	7.78678e-007	1395.45	1353.93	1354.44
1353.84	858.966	218	1.#QNAN	0	0.016	0	7.24819e-007	1398.61	1353.84	1354.34
1353.7	858.831	219	1.#QNAN	0	0.015	0	7.74034e-007	1377.81	1353.7	1354.2
1353.57	858.684	220	1.#QNAN	0	0.016	0	8.12171e-007	1391.68	1353.57	1354.07
1353.49	858.578	221	1.#QNAN	0	0.031	0	7.77376e-007	1390.34	1353.49	1353.98
1353.39	858.471	222	1.#QNAN	0	0.016	0	7.68994e-007	1387.82	1353.39	1353.88
1353.2	858.309	223	1.#QNAN	0	0.015	0	7.5205e-007	1391.22	1353.2	1353.7
1353.18	858.192	224	1.#QNAN	0	0.016	0	7.86009e-007	1418.77	1353.18	1353.67
1353.08	858.088	225	1.#QNAN	0	0.015	0	7.67652e-007	1405.25	1353.08	1353.58
1353.03	858.002	226	1.#QNAN	0	0.032	0	7.70081e-007	1418.88	1353.03	1353.52
1352.9	857.907	227	1.#QNAN	0	0.015	0	7.63608e-007	1405.49	1352.9	1353.39
1352.69	857.713	228	1.#QNAN	0	0.016	0	7.90938e-007	1399.95	1352.69	1353.18
1352.45	857.473	229	1.#QNAN	0	0.015	0	7.86264e-007	1390.74	1352.45	1352.94
1352.12	857.266	230	1.#QNAN	0	0.032	0	7.6555e-007	1361.9	1352.12	1352.6
1351.88	857.092	231	1.#QNAN	0	0.015	0	7.81984e-007	1382.72	1351.88	1352.36
1351.69	856.908	232	1.#QNAN	0	0.016	1	7.89948e-007	1411.84	1351.69	1352.17
1351.38	856.678	233	1.#QNAN	0	0.015	0	7.75182e-007	1394.05	1351.38	1351.85
1351.06	856.46	234	1.#QNAN	0	0.016	0	8.22257e-007	1367.59	1351.06	1351.53
1350.86	856.281	235	1.#QNAN	0	0.016	0	7.71457e-007	1419.36	1350.86	1351.32
1350.52	856.111	236	1.#QNAN	0	0.031	0	7.84343e-007	1358.14	1350.52	1350.98
1350.28	855.961	237	1.#QNAN	0	0.015	0	7.3647e-007	1366.61	1350.28	1350.74
1349.9	855.715	238	1.#QNAN	0	0.016	0	7.62577e-007	1365.64	1349.9	1350.35
1349.62	855.556	239	1.#QNAN	0	0.016	0	7.72551e-007	1358.76	1349.62	1350.07
1349.23	855.383	240	1.#QNAN	0	0.015	0	7.81555e-007	1351.59	1349.23	1349.68
1349.08	855.215	241	1.#QNAN	0	0.016	0	7.98142e-007	1385.48	1349.08	1349.53
1348.88	855.114	242	1.#QNAN	0	0.031	0	7.6624e-007	1380.75	1348.88	1349.33
1348.59	854.932	243	1.#QNAN	0	0.016	0	7.80469e-007	1364.56	1348.59	1349.04
1348.38	854.827	244	1.#QNAN	0	0.015	0	7.75936e-007	1389.86	1348.38	1348.83
1348.19	854.736	245	1.#QNAN	0	0.016	0	7.74285e-007	1386.31	1348.19	1348.64
1348.14	854.703	246	1.#QNAN	0	0.015	0	8.10349e-007	1403.15	1348.14	1348.59
1347.9	854.611	247	1.#QNAN	0	0.032	0	7.46123e-007	1367.53	1347.9	1348.35
1347.72	854.538	248	1.#QNAN	0	0.015	0	8.11508e-007	1382.51	1347.72	1348.17
1347.54	854.486	249	1.#QNAN	0	0.016	0	8.14948e-007	1392.44	1347.54	1347.98
1347.24	854.378	250	1.#QNAN	0	0.015	0	7.91755e-007	1378.55	1347.24	1347.69
1347.07	854.292	251	1.#QNAN	0	0.016	0	7.81245e-007	1402.14	1347.07	1347.52
1346.76	854.194	252	1.#QNAN	0	0.016	0	7.82278e-007	1388.03	1346.76	1347.21
1346.43	854.057	253	1.#QNAN	0	0.015	0	7.78637e-007	1366.79	1346.43	1346.88
1346.21	853.924	254	1.#QNAN	0	0.031	0	7.85478e-007	1377.38	1346.21	1346.66
1346.12	853.853	255	1.#QNAN	0	0.016	0	7.71702e-007	1408.22	1346.12	1346.56
1345.97	853.778	256	1.#QNAN	0	0.016	0	7.88564e-007	1401.53	1345.97	1346.41
1345.76	853.684	257	1.#QNAN	0	0.015	0	7.94364e-007	1385.2	1345.76	1346.2
1345.51	853.587	258	1.#QNAN	0	0.016	0	8.06021e-007	1390.74	1345.51	1345.95
1345.25	853.456	259	1.#QNAN	0	0.015	0	8.05467e-007	1415.33	1345.25	1345.69
1345.04	853.292	260	1.#QNAN	0	0.032	0	7.73939e-007	1478.63	1345.04	1345.47
1344.9	853.2	261	1.#QNAN	0	0.015	0	7.77578e-007	1424.19	1344.9	1345.33
1344.75	853.033	262	1.#QNAN	0	0.016	0	7.79105e-007	1447.84	1344.75	1345.19
1344.59	852.909	263	1.#QNAN	0	0.015	0	8.02198e-007	1432.25	1344.59	1345.02
1344.45	852.823	264	1.#QNAN	0	0.016	0	8.10574e-007	1422.63	1344.45	1344.88
1344.22	852.77	265	1.#QNAN	0	0.031	0	7.61252e-007	1421.86	1344.22	1344.66
1344.08	852.692	266	1.#QNAN	0	0.016	0	7.72816e-007	1418.53	1344.08	1344.51
1343.91	852.603	267	1.#QNAN	0	0.015	0	7.66127e-007	1478.48	1343.91	1344.34
1343.72	852.521	268	1.#QNAN	0	0.016	0	7.5622e-007	1429.44	1343.72	1344.15
1343.55	852.431	269	1.#QNAN	0	0.016	0	7.89671e-007	1403.91	1343.55	1343.98
1343.46	852.334	270	1.#QNAN	0	0.015	0	7.96362e-007	1415.65	1343.46	1343.89
1343.3	852.247	271	1.#QNAN	0	0.031	0	7.94309e-007	1415.53	1343.3	1343.72
1343.17	852.143	272	1.#QNAN	0	0.016	0	7.92096e-007	1417.13	1343.17	1343.6
1343.04	852.008	273	1.#QNAN	0	0.016	0	7.70385e-007	1388.61	1343.04	1343.46
1342.81	851.831	274	1.#QNAN	0	0.015	0	7.87582e-007	1369.46	1342.81	1343.24
1342.76	851.772	275	1.#QNAN	0	0.016	0	7.90537e-007	1413.48	1342.76	1343.18
1342.67	851.719	276	1.#QNAN	0	0.031	0	7.76941e-007	1408.09	1342.67	1343.1
1342.73	851.634	277	1.#QNAN	0	0.016	0	7.65734e-007	1446.29	1342.73	1343.16
1342.64	851.498	278	1.#QNAN	0	0.015	0	7.62037e-007	1440.2	1342.64	1343.07
1342.65	851.449	279	1.#QNAN	0	0.016	0	7.58486e-007	1407.04	1342.65	1343.08
1342.53	851.325	280	1.#QNAN	0	0.015	0	7.58087e-007	1391.39	1342.53	1342.95
1342.43	851.208	281	1.#QNAN	0	0.016	0	7.95535e-007	1393.21	1342.43	1342.85
1342.28	851.115	282	1.#QNAN	0	0.031	0	7.95664e-007	1401.56	1342.28	1342.7
1342.18	851.048	283	1.#QNAN	0	0.016	0	7.96437e-007	1395.87	1342.18	1342.6
1342.16	850.989	284	1.#QNAN	0	0.015	0	7.94631e-007	1407	1342.16	1342.57
1342.11	850.95	285	1.#QNAN	0	0.016	0	7.72685e-007	1405.69	1342.11	1342.53
1342.04	850.9	286	1.#QNAN	0	0.016	0	7.86773e-007	1379.07	1342.04	1342.45
1341.89	850.773	287	1.#QNAN	0	0.015	1	8.16504e-007	1380.45	1341.89	1342.3
1341.74	850.674	288	1.#QNAN	0	0.031	0	7.79578e-007	1387.63	1341.74	1342.15
1341.57	850.582	289	1.#QNAN	0	0.016	0	7.92434e-007	1362.58	1341.57	1341.98
1341.41	850.483	290	1.#QNAN	0	0.016	0	7.77478e-007	1374.67	1341.41	1341.82
1341.32	850.375	291	1.#QNAN	0	0.015	0	8.23943e-007	1383.5	1341.32	1341.72
1341.3	850.283	292	1.#QNAN	0	0.031	0	8.16051e-007	1390.48	1341.3	1341.7
1341.23	850.222	293	1.#QNAN	0	0.016	0	7.74167e-007	1395.99	1341.23	1341.63
1341.15	850.163	294	1.#QNAN	0	0.016	0	8.0934e-007	1391.84	1341.15	1341.55
1340.99	850.053	295	1.#QNAN	0	0.015	0	7.96112e-007	1390.9	1340.99	1341.4
1340.83	849.905	296	1.#QNAN	0	0.016	0	7.72044e-007	1381.55	1340.83	1341.24
1340.72	849.824	297	1.#QNAN	0	0.015	0	7.76746e-007	1388.46	1340.72	1341.12
1340.69	849.779	298	1.#QNAN	0	0.016	0	8.23339e-007	1400.39	1340.69	1341.09
1340.7	849.678	299	1.#QNAN	0	0.031	0	7.87079e-007	1430.87	1340.7	1341.11
1340.64	849.595	300	1.#QNAN	0	0.016	0	8.09637e-007	1456.48	1340.64	1341.05
1340.65	849.515	301	1.#QNAN	0	0.015	0	7.75425e-007	1427.34	1340.65	1341.07
1340.63	849.463	302	1.#QNAN	0	0.016	0	7.76389e-007	1416.81	1340.63	1341.05
1340.63	849.421	303	1.#QNAN	0	0.016	0	7.99237e-007	1422.59	1340.63	1341.05
1340.51	849.338	304	1.#QNAN	0	0.015	0	8.00422e-007	1390.08	1340.51	1340.93
1340.36	849.247	305	1.#QNAN	0	0.031	0	7.85852e-007	1382.35	1340.36	1340.78
1340.2	849.119	306	1.#QNAN	0	0.016	0	8.1301e-007	1405.28	1340.2	1340.62
1340	848.992	307	1.#QNAN	0	0.016	0	7.61422e-007	1356.75	1340	1340.42
1339.89	848.952	308	1.#QNAN	0	0.015	0	7.76692e-007	1397.34	1339.89	1340.31
1339.79	848.858	309	1.#QNAN	0	0.016	0	7.99144e-007	1402.63	1339.79	1340.2
1339.72	848.77	310	1.#QNAN	0	0.015	0	7.61138e-007	1409.33	1339.72	1340.13
1339.58	848.667	311	1.#QNAN	0	0.032	0	7.9651e-007	1417.01	1339.58	1340
1339.42	848.591	312	1.#QNAN	0	0.015	0	8.04676e-007	1444.69	1339.42	1339.83
1339.18	848.425	313	1.#QNAN	0	0.016	0	7.7595e-007	1417.31	1339.18	1339.59
1339.12	848.34	314	1.#QNAN	0	0.015	0	8.23734e-007	1425.61	1339.12	1339.53
1339.03	848.305	315	1.#QNAN	0	0.016	0	8.04619e-007	1419.27	1339.03	1339.44
1338.88	848.216	316	1.#QNAN	0	0.016	0	8.05961e-007	1390.27	1338.88	1339.29
1338.74	848.127	317	1.#QNAN	0	0.015	0	7.78788e-007	1378.22	1338.74	1339.15
1338.65	848.034	318	1.#QNAN	0	0.031	0	8.01286e-007	1412.84	1338.65	1339.06
1338.65	847.997	319	1.#QNAN	0	0.016	0	8.17434e-007	1410.61	1338.65	1339.06
1338.6	847.936	320	1.#QNAN	0	0.016	0	8.03218e-007	1408.98	1338.6	1339.01
1338.54	847.882	321	1.#QNAN	0	0.015	0	7.98082e-007	1418.98	1338.54	1338.94
1338.45	847.814	322	1.#QNAN	0	0.016	0	7.82889e-007	1426.79	1338.45	1338.85
1338.33	847.744	323	1.#QNAN	0	0.031	0	8.11356e-007	1392.13	1338.33	1338.74
1338.27	847.731	324	1.#QNAN	0	0.016	0	8.24339e-007	1460.07	1338.27	1338.67
1338.12	847.647	325	1.#QNAN	0	0.015	0	8.16649e-007	1408.21	1338.12	1338.53
1338.15	847.647	326	1.#QNAN	0	0.016	0	8.04007e-007	1448.67	1338.15	1338.56
1338.15	847.582	327	1.#QNAN	0	0.015	0	8.271e-007	1417.32	1338.15	1338.56
1338.09	847.52	328	1.#QNAN	0	0.016	0	8.03938e-007	1410.1	1338.09	1338.5
1338.1	847.502	329	1.#QNAN	0	0.031	0	8.39527e-007	1422.95	1338.1	1338.5
1337.97	847.403	330	1.#QNAN	0	0.016	0	8.1332e-007	1404.58	1337.97	1338.38
1337.92	847.39	331	1.#QNAN	0	0.015	0	7.99656e-007	1400.31	1337.92	1338.32
1337.85	847.318	332	1.#QNAN	0	0.016	0	7.8494e-007	1394.88	1337.85	1338.25
1337.75	847.278	333	1.#QNAN	0	0.016	0	7.85437e-007	1386.89	1337.75	1338.15
1337.63	847.216	334	1.#QNAN	0	0.015	0	7.85546e-007	1387.69	1337.63	1338.04
1337.65	847.188	335	1.#QNAN	0	0.031	0	8.13536e-007	1416.12	1337.65	1338.06
1337.61	847.161	336	1.#QNAN	0	0.016	0	8.01313e-007	1429.83	1337.61	1338.02
1337.49	847.079	337	1.#QNAN	0	0.016	0	8.04532e-007	1397.48	1337.49	1337.9
1337.42	847.014	338	1.#QNAN	0	0.015	0	8.03073e-007	1423.89	1337.42	1337.82
1337.52	846.994	339	1.#QNAN	0	0.031	0	7.8318e-007	1503.77	1337.52	1337.93
1337.59	846.984	340	1.#QNAN	0	0.016	0	7.68734e-007	1482.3	1337.59	1338.01
1337.67	846.966	341	1.#QNAN	0	0.016	0	7.95119e-007	1482.81	1337.67	1338.09
1337.6	846.917	342	1.#QNAN	0	0.015	1	8.40459e-007	1441.41	1337.6	1338.02
1337.57	846.85	343	1.#QNAN	0	0.016	0	8.1171e-007	1450.36	1337.57	1337.99
1337.61	846.858	344	1.#QNAN	0	0.015	0	8.13304e-007	1452.15	1337.61	1338.04
1337.56	846.816	345	1.#QNAN	0	0.032	0	7.99819e-007	1405.95	1337.56	1337.99
1337.48	846.76	346	1.#QNAN	0	0.015	0	8.07483e-007	1395.58	1337.48	1337.91
1337.39	846.697	347	1.#QNAN	0	0.016	0	7.97539e-007	1386.5	1337.39	1337.81
1337.27	846.645	348	1.#QNAN	0	0.015	0	8.10113e-007	1392.18	1337.27	1337.69
1337.13	846.572	349	1.#QNAN	0	0.016	0	8.4358e-007	1410.28	1337.13	1337.55
1337.01	846.517	350	1.#QNAN	0	0.016	0	8.28737e-007	1393.04	1337.01	1337.43
1337.05	846.5	351	1.#QNAN	0	0.031	0	7.96049e-007	1434.97	1337.05	1337.47
1337	846.473	352	1.#QNAN	0	0.015	0	7.84165e-007	1386.75	1337	1337.42
1336.95	846.44	353	1.#QNAN	0	0.016	0	8.20731e-007	1413.96	1336.95	1337.38
1337	846.433	354	1.#QNAN	0	0.016	0	8.27236e-007	1451.6	1337	1337.42
1337.06	846.397	355	1.#QNAN	0	0.015	0	8.05106e-007	1442.91	1337.06	1337.49
1337.05	846.363	356	1.#QNAN	0	0.016	0	7.94855e-007	1423.3	1337.05	1337.48
1336.95	846.313	357	1.#QNAN	0	0.031	0	8.1736e-007	1392.94	1336.95	1337.38
1336.88	846.302	358	1.#QNAN	0	0.016	0	8.23567e-007	1388.97	1336.88	1337.32
1336.87	846.275	359	1.#QNAN	0	0.015	0	8.11888e-007	1423.04	1336.87	1337.3
1336.98	846.32	360	1.#QNAN	0	0.016	0	7.86815e-007	1488.15	1336.98	1337.42
1336.88	846.268	361	1.#QNAN	0	0.015	0	8.10275e-007	1424.32	1336.88	1337.32
1336.96	846.279	362	1.#QNAN	0	0.016	0	8.08086e-007	1476.4	1336.96	1337.39
1336.95	846.244	363	1.#QNAN	0	0.031	0	8.05664e-007	1433.94	1336.95	1337.38
1336.94	846.22	364	1.#QNAN	0	0.016	0	8.05426e-007	1444.48	1336.94	1337.38
1336.89	846.188	365	1.#QNAN	0	0.015	0	8.03068e-007	1425.92	1336.89	1337.32
1336.82	846.153	366	1.#QNAN	0	0.016	0	8.12067e-007	1433.11	1336.82	1337.25
1336.88	846.144	367	1.#QNAN	0	0.016	0	8.07282e-007	1470.42	1336.88	1337.32
1336.88	846.058	368	1.#QNAN	0	0.031	0	8.15044e-007	1436.56	1336.88	1337.31
1336.99	846.092	369	1.#QNAN	0	0.015	0	8.31375e-007	1475.65	1336.99	1337.42
1337.11	846.138	370	1.#QNAN	0	0.016	0	8.16598e-007	1466.13	1337.11	1337.54
1337.08	846.129	371	1.#QNAN	0	0.016	0	8.08022e-007	1412.34	1337.08	1337.51
1337.02	846.109	372	1.#QNAN	0	0.015	0	8.1136e-007	1393.79	1337.02	1337.45
1337.01	846.079	373	1.#QNAN	0	0.016	0	7.72295e-007	1412.55	1337.01	1337.44
1336.95	846.064	374	1.#QNAN	0	0.031	0	8.02771e-007	1397.38	1336.95	1337.37
1336.87	846.032	375	1.#QNAN	0	0.016	0	7.88671e-007	1406.83	1336.87	1337.29
1336.9	845.986	376	1.#QNAN	0	0.015	0	8.25871e-007	1453.87	1336.9	1337.33
1336.84	845.936	377	1.#QNAN	0	0.016	0	7.92473e-007	1426.28	1336.84	1337.26
1336.86	845.874	378	1.#QNAN	0	0.015	0	8.15018e-007	1441.27	1336.86	1337.29
1336.93	845.863	379	1.#QNAN	0	0.016	0	8.34454e-007	1445.82	1336.93	1337.36
1336.97	845.879	380	1.#QNAN	0	0.031	0	7.91591e-007	1426.18	1336.97	1337.39
1336.94	845.854	381	1.#QNAN	0	0.016	0	7.92727e-007	1420.73	1336.94	1337.37
1336.92	845.82	382	1.#QNAN	0	0.015	0	8.09496e-007	1406.68	1336.92	1337.34
1336.83	845.763	383	1.#QNAN	0	0.016	0	8.3042e-007	1383.12	1336.83	1337.26
1336.87	845.758	384	1.#QNAN	0	0.016	0	8.04672e-007	1436.56	1336.87	1337.3
1336.81	845.707	385	1.#QNAN	0	0.015	0	8.53847e-007	1400.21	1336.81	1337.23
1336.77	845.677	386	1.#QNAN	0	0.031	0	8.19737e-007	1412.03	1336.77	1337.2
1336.67	845.603	387	1.#QNAN	0	0.016	0	8.29444e-007	1396.71	1336.67	1337.1
1336.62	845.526	388	1.#QNAN	0	0.016	0	8.07498e-007	1405.15	1336.62	1337.05
1336.66	845.474	389	1.#QNAN	0	0.015	0	7.76545e-007	1466.49	1336.66	1337.09
1336.73	845.447	390	1.#QNAN	0	0.016	0	8.0254e-007	1449.98	1336.73	1337.15
1336.76	845.377	391	1.#QNAN	0	0.015	0	8.08732e-007	1468.73	1336.76	1337.18
1336.8	845.373	392	1.#QNAN	0	0.032	0	7.8358e-007	1452.57	1336.8	1337.22
1336.7	845.321	393	1.#QNAN	0	0.015	0	8.27338e-007	1409.73	1336.7	1337.13
1336.64	845.264	394	1.#QNAN	0	0.016	0	8.13417e-007	1395.35	1336.64	1337.06
1336.51	845.189	395	1.#QNAN	0	0.015	0	8.22203e-007	1386.62	1336.51	1336.94
1336.45	845.11	396	1.#QNAN	0	0.016	0	8.17466e-007	1403.55	1336.45	1336.87
1336.28	844.991	397	1.#QNAN	0	0.031	1	8.13167e-007	1357.02	1336.28	1336.71
1336.24	844.93	398	1.#QNAN	0	0.016	0	8.00394e-007	1397.78	1336.24	1336.66
1336.19	844.876	399	1.#QNAN	0	0.015	0	8.14603e-007	1408.12	1336.19	1336.62
1336.1	844.777	400	1.#QNAN	0	0.016	0	8.07032e-007	1412.32	1336.1	1336.53
1336.03	844.713	401	1.#QNAN	0	0.016	0	8.07669e-007	1398.15	1336.03	1336.46
1335.99	844.686	402	1.#QNAN	0	0.015	0	7.97056e-007	1425.6	1335.99	1336.41
1335.99	844.653	403	1.#QNAN	0	0.031	0	7.88703e-007	1437.7	1335.99	1336.41
1335.99	844.607	404	1.#QNAN	0	0.016	0	8.32238e-007	1415.13	1335.99	1336.41
1336	844.538	405	1.#QNAN	0	0.016	0	8.20737e-007	1416.9	1336	1336.42
1335.89	844.462	406	1.#QNAN	0	0.015	0	8.12397e-007	1380.78	1335.89	1336.31
1335.88	844.425	407	1.#QNAN	0	0.016	0	8.15605e-007	1434.59	1335.88	1336.3
1335.83	844.399	408	1.#QNAN	0	0.031	0	8.29086e-007	1408.51	1335.83	1336.25
1335.7	844.336	409	1.#QNAN	0	0.016	0	8.34291e-007	1385.13	1335.7	1336.12
1335.59	844.334	410	1.#QNAN	0	0.015	0	8.69682e-007	1385.56	1335.59	1336.01
1335.53	844.314	411	1.#QNAN	0	0.016	0	8.35868e-007	1431.25	1335.53	1335.96
1335.47	844.261	412	1.#QNAN	0	0.015	0	7.99946e-007	1455.66	1335.47	1335.89
1335.43	844.223	413	1.#QNAN	0	0.032	0	7.93328e-007	1442.66	1335.43	1335.86
1335.46	844.232	414	1.#QNAN	0	0.015	0	8.05787e-007	1445.22	1335.46	1335.88
1335.52	844.264	415	1.#QNAN	0	0.016	0	8.04636e-007	1458.78	1335.52	1335.95
1335.54	844.287	416	1.#QNAN	0	0.015	0	8.29948e-007	1439.49	1335.54	1335.97
1335.55	844.317	417	1.#QNAN	0	0.016	0	8.14399e-007	1434.17	1335.55	1335.98
1335.53	844.323	418	1.#QNAN	0	0.031	0	7.92305e-007	1420.56	1335.53	1335.95
1335.52	844.34	419	1.#QNAN	0	0.016	0	7.96617e-007	1443.44	1335.52	1335.94
1335.58	844.366	420	1.#QNAN	0	0.015	0	8.30023e-007	1455.96	1335.58	1336.01
1335.55	844.39	421	1.#QNAN	0	0.016	0	8.27184e-007	1433.92	1335.55	1335.98
1335.52	844.361	422	1.#QNAN	0	0.016	0	8.05654e-007	1413.6	1335.52	1335.95
1335.52	844.34	423	1.#QNAN	0	0.015	0	7.92449e-007	1436.67	1335.52	1335.95
1335.5	844.326	424	1.#QNAN	0	0.016	0	7.99751e-007	1405.91	1335.5	1335.94
1335.54	844.336	425	1.#QNAN	0	0.031	0	8.04437e-007	1436.55	1335.54	1335.97
1335.5	844.294	426	1.#QNAN	0	0.016	0	8.122e-007	1398.82	1335.5	1335.93
1335.47	844.246	427	1.#QNAN	0	0.015	0	8.41497e-007	1394.9	1335.47	1335.9
1335.39	844.236	428	1.#QNAN	0	0.016	0	8.0154e-007	1409.51	1335.39	1335.82
1335.24	844.138	429	1.#QNAN	0	0.015	0	7.67738e-007	1408.44	1335.24	1335.67
1335.19	844.111	430	1.#QNAN	0	0.016	0	8.17955e-007	1415.46	1335.19	1335.62
1335.14	844.084	431	1.#QNAN	0	0.031	0	8.1621e-007	1461.98	1335.14	1335.57
1335.11	844.075	432	1.#QNAN	0	0.016	0	8.15602e-007	1454.25	1335.11	1335.54
1335.09	844.054	433	1.#QNAN	0	0.015	0	8.09757e-007	1458.93	1335.09	1335.52
1335.12	844.042	434	1.#QNAN	0	0.016	0	8.31776e-007	1439.66	1335.12	1335.56
1335.17	844.016	435	1.#QNAN	0	0.016	0	8.03723e-007	1462.16	1335.17	1335.6
1335.22	844.014	436	1.#QNAN	0	0.031	0	7.96369e-007	1475.31	1335.22	1335.66
1335.26	844.052	437	1.#QNAN	0	0.015	0	8.18536e-007	1460.69	1335.26	1335.69
1335.37	844.079	438	1.#QNAN	0	0.016	0	8.4982e-007	1488.21	1335.37	1335.81
1335.51	844.126	439	1.#QNAN	0	0.016	0	8.46501e-007	1502.08	1335.51	1335.96
1335.62	844.178	440	1.#QNAN	0	0.015	0	8.11432e-007	1484.88	1335.62	1336.06
1335.79	844.253	441	1.#QNAN	0	0.031	0	8.20494e-007	1566.98	1335.79	1336.24
1335.92	844.3	442	1.#QNAN	0	0.016	0	8.37806e-007	1518.08	1335.92	1336.37
1335.99	844.314	443	1.#QNAN	0	0.016	0	8.25494e-007	1459.3	1335.99	1336.45
1335.96	844.318	444	1.#QNAN	0	0.015	0	8.59721e-007	1437.06	1335.96	1336.41
1335.94	844.292	445	1.#QNAN	0	0.016	0	8.1646e-007	1443.51	1335.94	1336.39
1335.99	844.296	446	1.#QNAN	0	0.015	0	8.08457e-007	1454.43	1335.99	1336.45
1336.08	844.348	447	1.#QNAN	0	0.032	0	8.29455e-007	1491.41	1336.08	1336.54
1336.08	844.361	448	1.#QNAN	0	0.015	0	8.19934e-007	1487.57	1336.08	1336.53
1336.04	844.396	449	1.#QNAN	0	0.016	0	8.04219e-007	1421.38	1336.04	1336.49
1336.1	844.434	450	1.#QNAN	0	0.015	0	7.90796e-007	1452.45	1336.1	1336.55
1336.14	844.461	451	1.#QNAN	0	0.016	1	7.99621e-007	1463.82	1336.14	1336.59
1336.2	844.499	452	1.#QNAN	0	0.016	0	7.98374e-007	1456.27	1336.2	1336.66
1336.25	844.529	453	1.#QNAN	0	0.031	0	8.20494e-007	1471.38	1336.25	1336.71
1336.26	844.543	454	1.#QNAN	0	0.015	0	8.05096e-007	1431.01	1336.26	1336.71
1336.25	844.53	455	1.#QNAN	0	0.016	0	8.00585e-007	1430.52	1336.25	1336.71
1336.22	844.533	456	1.#QNAN	0	0.016	0	8.07986e-007	1429.29	1336.22	1336.68
1336.13	844.495	457	1.#QNAN	0	0.015	0	8.04727e-007	1434.73	1336.13	1336.59
1336.12	844.468	458	1.#QNAN	0	0.016	0	8.22912e-007	1426.66	1336.12	1336.57
1336.19	844.469	459	1.#QNAN	0	0.031	0	7.95905e-007	1468.62	1336.19	1336.64
1336.18	844.468	460	1.#QNAN	0	0.016	0	8.00908e-007	1444.13	1336.18	1336.64
1336.19	844.464	461	1.#QNAN	0	0.015	0	7.95653e-007	1419.31	1336.19	1336.65
1336.24	844.459	462	1.#QNAN	0	0.016	0	8.05046e-007	1435.38	1336.24	1336.69
1336.3	844.477	463	1.#QNAN	0	0.015	0	7.94936e-007	1430.77	1336.3	1336.75
1336.35	844.462	464	1.#QNAN	0	0.016	0	7.90374e-007	1429.95	1336.35	1336.8
1336.41	844.478	465	1.#QNAN	0	0.031	0	7.84621e-007	1454.1	1336.41	1336.86
1336.48	844.491	466	1.#QNAN	0	0.016	0	7.54902e-007	1466.48	1336.48	1336.94
1336.52	844.49	467	1.#QNAN	0	0.015	0	8.09703e-007	1435.26	1336.52	1336.98
1336.62	844.516	468	1.#QNAN	0	0.016	0	8.03416e-007	1462.96	1336.62	1337.07
1336.73	844.525	469	1.#QNAN	0	0.016	0	7.80107e-007	1469.5	1336.73	1337.19
1336.86	844.564	470	1.#QNAN	0	0.015	0	8.06629e-007	1509.87	1336.86	1337.31
1336.97	844.594	471	1.#QNAN	0	0.031	0	8.12376e-007	1483.5	1336.97	1337.43
1337.1	844.62	472	1.#QNAN	0	0.016	0	8.11194e-007	1480.18	1337.1	1337.55
1337.29	844.675	473	1.#QNAN	0	0.016	0	7.94972e-007	1535.32	1337.29	1337.75
1337.47	844.728	474	1.#QNAN	0	0.015	0	8.17589e-007	1516.63	1337.47	1337.92
1337.53	844.735	475	1.#QNAN	0	0.016	0	7.92341e-007	1471.39	1337.53	1337.99
1337.6	844.73	476	1.#QNAN	0	0.015	0	8.10194e-007	1471.52	1337.6	1338.06
1337.62	844.717	477	1.#QNAN	0	0.032	0	8.00751e-007	1447.79	1337.62	1338.08
1337.73	844.703	478	1.#QNAN	0	0.015	0	7.87829e-007	1485.84	1337.73	1338.18
1337.79	844.684	479	1.#QNAN	0	0.016	0	7.83659e-007	1459.22	1337.79	1338.25
1337.89	844.678	480	1.#QNAN	0	0.015	0	8.14673e-007	1475.62	1337.89	1338.35
1337.9	844.636	481	1.#QNAN	0	0.016	0	8.38673e-007	1422.24	1337.9	1338.36
1337.94	844.639	482	1.#QNAN	0	0.016	0	8.01579e-007	1467.07	1337.94	1338.39
1337.92	844.617	483	1.#QNAN	0	0.015	0	7.96917e-007	1438.9	1337.92	1338.38
1337.95	844.563	484	1.#QNAN	0	0.031	0	8.2389e-007	1447.06	1337.95	1338.4
1337.9	844.529	485	1.#QNAN	0	0.016	0	8.16402e-007	1405.95	1337.9	1338.36
1337.91	844.521	486	1.#QNAN	0	0.016	0	8.10402e-007	1454.63	1337.91	1338.36
1337.91	844.518	487	1.#QNAN	0	0.015	0	7.74626e-007	1457.1	1337.91	1338.36
1337.9	844.49	488	1.#QNAN	0	0.016	0	8.19824e-007	1445.93	1337.9	1338.35
1337.94	844.482	489	1.#QNAN	0	0.031	0	8.06341e-007	1492.11	1337.94	1338.4
1337.94	844.451	490	1.#QNAN	0	0.016	0	8.22422e-007	1481.41	1337.94	1338.39
1338.01	844.456	491	1.#QNAN	0	0.015	0	7.78978e-007	1508.96	1338.01	1338.46
1338.04	844.435	492	1.#QNAN	0	0.016	0	7.96678e-007	1481.87	1338.04	1338.49
1338.12	844.443	493	1.#QNAN	0	0.015	0	8.28774e-007	1493.51	1338.12	1338.57
1338.22	844.434	494	1.#QNAN	0	0.032	0	8.03795e-007	1497.32	1338.22	1338.67
1338.26	844.451	495	1.#QNAN	0	0.015	0	8.2563e-007	1451.58	1338.26	1338.72
1338.26	844.401	496	1.#QNAN	0	0.016	0	8.04767e-007	1450.46	1338.26	1338.72
1338.26	844.39	497	1.#QNAN	0	0.015	0	7.86101e-007	1457	1338.26	1338.72
1338.24	844.356	498	1.#QNAN	0	0.016	0	8.01295e-007	1443.01	1338.24	1338.7
1338.2	844.342	499	1.#QNAN	0	0.016	0	8.37214e-007	1450.95	1338.2	1338.66
1338.16	844.318	500	1.#QNAN	0	0.015	0	8.36472e-007	1421.66	1338.16	1338.62
1338.15	844.295	501	1.#QNAN	0	0.031	0	7.82872e-007	1452.3	1338.15	1338.61
1338.12	844.283	502	1.#QNAN	0	0.016	0	8.1338e-007	1429.52	1338.12	1338.58
1338.06	844.279	503	1.#QNAN	0	0.016	0	8.07507e-007	1398.66	1338.06	1338.52
1338.08	844.282	504	1.#QNAN	0	0.015	0	8.18911e-007	1457.69	1338.08	1338.54
1338.16	844.273	505	1.#QNAN	0	0.016	0	8.22949e-007	1475.64	1338.16	1338.62
1338.17	844.288	506	1.#QNAN	0	0.031	1	8.13135e-007	1425.88	1338.17	1338.63
1338.15	844.287	507	1.#QNAN	0	0.016	0	8.49787e-007	1438.25	1338.15	1338.61
1338.08	844.25	508	1.#QNAN	0	0.015	0	8.10346e-007	1407.85	1338.08	1338.54
1338.01	844.211	509	1.#QNAN	0	0.016	0	8.05199e-007	1423.17	1338.01	1338.47
1337.93	844.203	510	1.#QNAN	0	0.015	0	8.13889e-007	1419.3	1337.93	1338.39
1337.86	844.176	511	1.#QNAN	0	0.016	0	7.99903e-007	1409.54	1337.86	1338.31
1337.79	844.156	512	1.#QNAN	0	0.016	0	8.01899e-007	1419.5	1337.79	1338.25
1337.7	844.111	513	1.#QNAN	0	0.031	0	8.09606e-007	1424.68	1337.7	1338.16
1337.69	844.074	514	1.#QNAN	0	0.015	0	8.09697e-007	1450.86	1337.69	1338.15
1337.63	843.999	515	1.#QNAN	0	0.016	0	8.14853e-007	1443.9	1337.63	1338.09
1337.64	843.958	516	1.#QNAN	0	0.016	0	8.20875e-007	1430.89	1337.64	1338.1
1337.61	843.923	517	1.#QNAN	0	0.015	0	8.14146e-007	1427.09	1337.61	1338.07
1337.54	843.875	518	1.#QNAN	0	0.016	0	8.38824e-007	1413.57	1337.54	1338
1337.54	843.872	519	1.#QNAN	0	0.031	0	8.06223e-007	1429.85	1337.54	1338
1337.53	843.853	520	1.#QNAN	0	0.016	0	8.20951e-007	1433.25	1337.53	1338
1337.57	843.859	521	1.#QNAN	0	0.015	0	8.16917e-007	1455.52	1337.57	1338.03
1337.59	843.838	522	1.#QNAN	0	0.016	0	7.85657e-007	1456.77	1337.59	1338.05
1337.55	843.803	523	1.#QNAN	0	0.015	0	8.12115e-007	1417.08	1337.55	1338.01
1337.53	843.772	524	1.#QNAN	0	0.016	0	8.19323e-007	1410.1	1337.53	1337.99
1337.52	843.742	525	1.#QNAN	0	0.031	0	8.14377e-007	1443.93	1337.52	1337.98
1337.47	843.702	526	1.#QNAN	0	0.016	0	8.40796e-007	1396.62	1337.47	1337.93
1337.39	843.639	527	1.#QNAN	0	0.015	0	7.85549e-007	1401.36	1337.39	1337.85
1337.31	843.569	528	1.#QNAN	0	0.016	0	7.94721e-007	1421.65	1337.31	1337.78
1337.17	843.493	529	1.#QNAN	0	0.016	0	7.97183e-007	1365.77	1337.17	1337.63
1337.04	843.412	530	1.#QNAN	0	0.031	0	8.19624e-007	1413.53	1337.04	1337.5
1336.94	843.335	531	1.#QNAN	0	0.015	0	8.23588e-007	1389.57	1336.94	1337.4
1336.92	843.29	532	1.#QNAN	0	0.016	0	8.09563e-007	1395.21	1336.92	1337.38
1336.89	843.265	533	1.#QNAN	0	0.016	0	8.03514e-007	1434.61	1336.89	1337.35
1336.87	843.214	534	1.#QNAN	0	0.015	0	8.30051e-007	1446.59	1336.87	1337.33
1336.9	843.224	535	1.#QNAN	0	0.031	0	8.09239e-007	1433.13	1336.9	1337.35
1336.91	843.186	536	1.#QNAN	0	0.016	0	8.04141e-007	1426.91	1336.91	1337.37
1336.9	843.148	537	1.#QNAN	0	0.016	0	8.34098e-007	1411.09	1336.9	1337.36
1336.94	843.122	538	1.#QNAN	0	0.015	0	8.17505e-007	1438.63	1336.94	1337.4
1336.98	843.095	539	1.#QNAN	0	0.016	0	8.22307e-007	1451.28	1336.98	1337.44
1337.01	843.073	540	1.#QNAN	0	0.031	0	8.1442e-007	1427.91	1337.01	1337.47
1337.03	843.038	541	1.#QNAN	0	0.016	0	8.09881e-007	1428.87	1337.03	1337.48
1336.97	842.974	542	1.#QNAN	0	0.015	0	8.27263e-007	1393.1	1336.97	1337.43
1336.92	842.917	543	1.#QNAN	0	0.016	0	8.39882e-007	1386.17	1336.92	1337.38
1336.89	842.913	544	1.#QNAN	0	0.015	0	7.99566e-007	1405.98	1336.89	1337.35
1336.84	842.857	545	1.#QNAN	0	0.016	0	8.14901e-007	1389.38	1336.84	1337.3
1336.79	842.813	546	1.#QNAN	0	0.031	0	8.13199e-007	1409.55	1336.79	1337.24
1336.72	842.776	547	1.#QNAN	0	0.016	0	8.42351e-007	1442.45	1336.72	1337.17
1336.66	842.735	548	1.#QNAN	0	0.015	0	8.05951e-007	1431.17	1336.66	1337.12
1336.62	842.708	549	1.#QNAN	0	0.016	0	8.17969e-007	1421.69	1336.62	1337.07
1336.6	842.665	550	1.#QNAN	0	0.016	0	8.25413e-007	1447.03	1336.6	1337.05
1336.65	842.67	551	1.#QNAN	0	0.015	0	8.13467e-007	1466.06	1336.65	1337.1
1336.65	842.644	552	1.#QNAN	0	0.031	0	7.98814e-007	1415.85	1336.65	1337.11
1336.67	842.612	553	1.#QNAN	0	0.016	0	8.36393e-007	1440.44	1336.67	1337.12
1336.7	842.617	554	1.#QNAN	0	0.016	0	7.97873e-007	1454.39	1336.7	1337.16
1336.73	842.594	555	1.#QNAN	0	0.015	0	8.14183e-007	1454.28	1336.73	1337.18
1336.71	842.558	556	1.#QNAN	0	0.016	0	8.25679e-007	1428.04	1336.71	1337.16
1336.64	842.515	557	1.#QNAN	0	0.031	0	7.89578e-007	1397.53	1336.64	1337.09
1336.61	842.491	558	1.#QNAN	0	0.016	0	8.14667e-007	1397.49	1336.61	1337.07
1336.6	842.453	559	1.#QNAN	0	0.015	0	8.12051e-007	1412.57	1336.6	1337.05
1336.57	842.416	560	1.#QNAN	0	0.016	1	8.15621e-007	1430.06	1336.57	1337.02
1336.55	842.359	561	1.#QNAN	0	0.015	0	8.25602e-007	1447.73	1336.55	1337
1336.47	842.281	562	1.#QNAN	0	0.016	0	8.13604e-007	1366.88	1336.47	1336.92
1336.42	842.245	563	1.#QNAN	0	0.031	0	8.42472e-007	1389.33	1336.42	1336.87
1336.42	842.215	564	1.#QNAN	0	0.016	0	7.94993e-007	1406.66	1336.42	1336.87
1336.45	842.225	565	1.#QNAN	0	0.015	0	8.38334e-007	1422.72	1336.45	1336.91
1336.42	842.19	566	1.#QNAN	0	0.016	0	8.32614e-007	1398.09	1336.42	1336.87
1336.43	842.159	567	1.#QNAN	0	0.016	0	8.0828e-007	1460.39	1336.43	1336.88
1336.42	842.144	568	1.#QNAN	0	0.015	0	8.56893e-007	1490.99	1336.42	1336.87
1336.38	842.104	569	1.#QNAN	0	0.031	0	8.20588e-007	1457.02	1336.38	1336.84
1336.34	842.065	570	1.#QNAN	0	0.016	0	8.34713e-007	1429.33	1336.34	1336.79
1336.33	842.035	571	1.#QNAN	0	0.016	0	8.16224e-007	1444.57	1336.33	1336.78
1336.36	842.01	572	1.#QNAN	0	0.015	0	8.24407e-007	1485.73	1336.36	1336.82
1336.43	842.01	573	1.#QNAN	0	0.016	0	8.04703e-007	1480.29	1336.43	1336.88
1336.42	842.009	574	1.#QNAN	0	0.015	0	8.04124e-007	1431.01	1336.42	1336.88
1336.41	842	575	1.#QNAN	0	0.032	0	7.91764e-007	1421.65	1336.41	1336.87
1336.44	842.004	576	1.#QNAN	0	0.015	0	8.18677e-007	1435.39	1336.44	1336.9
1336.46	841.969	577	1.#QNAN	0	0.016	0	8.2949e-007	1428	1336.46	1336.92
1336.48	841.947	578	1.#QNAN	0	0.015	0	8.45055e-007	1433.88	1336.48	1336.93
1336.53	841.954	579	1.#QNAN	0	0.016	0	7.96854e-007	1459.94	1336.53	1336.99
1336.6	841.949	580	1.#QNAN	0	0.015	0	8.17365e-007	1477.26	1336.6	1337.06
1336.62	841.954	581	1.#QNAN	0	0.031	0	8.10177e-007	1436.54	1336.62	1337.08
1336.66	841.954	582	1.#QNAN	0	0.016	0	8.17379e-007	1444.93	1336.66	1337.12
1336.72	841.941	583	1.#QNAN	0	0.016	0	8.21643e-007	1457.94	1336.72	1337.19
1336.81	841.934	584	1.#QNAN	0	0.015	0	8.49622e-007	1473.2	1336.81	1337.27
1336.9	841.934	585	1.#QNAN	0	0.016	0	8.29182e-007	1488.6	1336.9	1337.37
1337.03	841.942	586	1.#QNAN	0	0.031	0	8.22906e-007	1513.03	1337.03	1337.49
1337.17	841.967	587	1.#QNAN	0	0.016	0	8.461e-007	1527.12	1337.17	1337.63
1337.35	842.016	588	1.#QNAN	0	0.015	0	8.05308e-007	1558.38	1337.35	1337.82
1337.41	842.017	589	1.#QNAN	0	0.016	0	8.28265e-007	1462.66	1337.41	1337.88
1337.55	842.029	590	1.#QNAN	0	0.015	0	8.10842e-007	1511.12	1337.55	1338.02
1337.7	842.041	591	1.#QNAN	0	0.032	0	8.20297e-007	1524.5	1337.7	1338.17
1337.81	842.043	592	1.#QNAN	0	0.015	0	8.28146e-007	1515.87	1337.81	1338.28
1337.96	842.049	593	1.#QNAN	0	0.016	0	8.20855e-007	1536.87	1337.96	1338.43
1338.12	842.074	594	1.#QNAN	0	0.015	0	8.26096e-007	1533.62	1338.12	1338.59
1338.23	842.092	595	1.#QNAN	0	0.016	0	8.10407e-007	1498.54	1338.23	1338.7
1338.35	842.125	596	1.#QNAN	0	0.016	0	8.22671e-007	1501.52	1338.35	1338.82
1338.47	842.135	597	1.#QNAN	0	0.015	0	8.28989e-007	1535.55	1338.47	1338.95
1338.56	842.138	598	1.#QNAN	0	0.031	0	8.11891e-007	1484.8	1338.56	1339.03
1338.65	842.149	599	1.#QNAN	0	0.016	0	8.43379e-007	1522.73	1338.65	1339.13
1338.73	842.166	600	1.#QNAN	0	0.016	0	8.33174e-007	1491.77	1338.73	1339.2
1338.76	842.145	601	1.#QNAN	0	0.015	0	8.58272e-007	1485.4	1338.76	1339.23
1338.8	842.118	602	1.#QNAN	0	0.016	0	8.7091e-007	1472.14	1338.8	1339.28
1338.91	842.146	603	1.#QNAN	0	0.015	0	8.05989e-007	1519.57	1338.91	1339.39
1338.92	842.111	604	1.#QNAN	0	0.016	0	8.00615e-007	1444.83	1338.92	1339.39
1338.94	842.086	605	1.#QNAN	0	0.016	0	8.41591e-007	1466.43	1338.94	1339.42
1338.99	842.081	606	1.#QNAN	0	0.031	0	8.15686e-007	1482.84	1338.99	1339.47
1339.04	842.086	607	1.#QNAN	0	0.015	0	8.18576e-007	1461.19	1339.04	1339.52
1339.1	842.093	608	1.#QNAN	0	0.016	0	7.8949e-007	1463.21	1339.1	1339.57
1339.17	842.108	609	1.#QNAN	0	0.016	0	8.16517e-007	1491.01	1339.17	1339.64
1339.23	842.138	610	1.#QNAN	0	0.015	0	8.00811e-007	1482.94	1339.23	1339.71
1339.32	842.128	611	1.#QNAN	0	0.016	0	7.89212e-007	1509.18	1339.32	1339.79
1339.37	842.104	612	1.#QNAN	0	0.015	0	8.02749e-007	1521.85	1339.37	1339.84
1339.44	842.095	613	1.#QNAN	0	0.016	0	8.35105e-007	1555.71	1339.44	1339.92
1339.55	842.085	614	1.#QNAN	0	0.031	1	8.16154e-007	1545.15	1339.55	1340.03
1339.67	842.104	615	1.#QNAN	0	0.016	0	8.46861e-007	1553.87	1339.67	1340.15
1339.79	842.116	616	1.#QNAN	0	0.015	0	8.87436e-007	1523.65	1339.79	1340.27
1339.93	842.142	617	1.#QNAN	0	0.016	0	8.1488e-007	1523.74	1339.93	1340.42
1340.06	842.17	618	1.#QNAN	0	0.016	0	8.18341e-007	1505.77	1340.06	1340.54
1340.15	842.171	619	1.#QNAN	0	0.015	0	8.14715e-007	1504.1	1340.15	1340.64
1340.26	842.152	620	1.#QNAN	0	0.016	0	8.32005e-007	1487.42	1340.26	1340.75
1340.28	842.12	621	1.#QNAN	0	0.015	0	8.11524e-007	1428.82	1340.28	1340.76
1340.38	842.119	622	1.#QNAN	0	0.016	0	8.13851e-007	1487.5	1340.38	1340.86
1340.45	842.121	623	1.#QNAN	0	0.031	0	8.08108e-007	1491.41	1340.45	1340.94
1340.49	842.112	624	1.#QNAN	0	0.016	0	8.63961e-007	1480.07	1340.49	1340.97
1340.53	842.097	625	1.#QNAN	0	0.015	0	8.26845e-007	1471.81	1340.53	1341.02
1340.58	842.077	626	1.#QNAN	0	0.016	0	7.9444e-007	1460.32	1340.58	1341.07
1340.67	842.07	627	1.#QNAN	0	0.016	0	8.1731e-007	1476.8	1340.67	1341.15
1340.75	842.09	628	1.#QNAN	0	0.015	0	8.09157e-007	1492.76	1340.75	1341.24
1340.78	842.083	629	1.#QNAN	0	0.016	0	7.7341e-007	1463.57	1340.78	1341.27
1340.84	842.075	630	1.#QNAN	0	0.015	0	8.25414e-007	1468.88	1340.84	1341.33
1340.9	842.041	631	1.#QNAN	0	0.016	0	8.22785e-007	1476.69	1340.9	1341.38
1340.99	842.032	632	1.#QNAN	0	0.031	0	7.96004e-007	1481.25	1340.99	1341.47
1340.99	841.996	633	1.#QNAN	0	0.016	0	8.12092e-007	1435.87	1340.99	1341.48
1341.06	841.995	634	1.#QNAN	0	0.015	0	8.06195e-007	1489.36	1341.06	1341.55
1341.12	841.978	635	1.#QNAN	0	0.016	0	8.02671e-007	1525.82	1341.12	1341.61
1341.12	841.968	636	1.#QNAN	0	0.016	0	8.20706e-007	1489.99	1341.12	1341.6
1341.16	841.955	637	1.#QNAN	0	0.015	0	8.11045e-007	1464.77	1341.16	1341.65
1341.19	841.961	638	1.#QNAN	0	0.016	0	8.46566e-007	1426.18	1341.19	1341.68
1341.22	841.985	639	1.#QNAN	0	0.016	0	7.95125e-007	1432.91	1341.22	1341.7
1341.3	842.002	640	1.#QNAN	0	0.016	0	8.3444e-007	1477.8	1341.3	1341.79
1341.4	842.046	641	1.#QNAN	0	0.031	0	8.15539e-007	1474.83	1341.4	1341.88
1341.42	842.051	642	1.#QNAN	0	0.016	0	8.38523e-007	1438.41	1341.42	1341.9
1341.43	842.093	643	1.#QNAN	0	0.015	0	8.20237e-007	1437.15	1341.43	1341.92
1341.44	842.101	644	1.#QNAN	0	0.016	0	8.05012e-007	1423.18	1341.44	1341.93
1341.47	842.111	645	1.#QNAN	0	0.016	0	8.11265e-007	1447.23	1341.47	1341.95
1341.46	842.098	646	1.#QNAN	0	0.015	0	7.99757e-007	1404.3	1341.46	1341.94
1341.45	842.082	647	1.#QNAN	0	0.016	0	8.00326e-007	1404.46	1341.45	1341.94
1341.49	842.072	648	1.#QNAN	0	0.015	0	8.22572e-007	1420.81	1341.49	1341.97
1341.5	842.077	649	1.#QNAN	0	0.032	0	8.27621e-007	1424.04	1341.5	1341.98
1341.49	842.065	650	1.#QNAN	0	0.015	0	7.92719e-007	1400.35	1341.49	1341.97
1341.5	842.044	651	1.#QNAN	0	0.016	0	8.01319e-007	1416.74	1341.5	1341.98
1341.46	842.03	652	1.#QNAN	0	0.015	0	8.04946e-007	1397.34	1341.46	1341.94
1341.47	842.039	653	1.#QNAN	0	0.016	0	8.13708e-007	1411.53	1341.47	1341.95
1341.44	842.008	654	1.#QNAN	0	0.016	0	8.3698e-007	1403.14	1341.44	1341.92
1341.43	841.98	655	1.#QNAN	0	0.015	0	8.18282e-007	1390.94	1341.43	1341.9
1341.42	841.982	656	1.#QNAN	0	0.016	0	8.18932e-007	1397.89	1341.42	1341.9
1341.39	841.922	657	1.#QNAN	0	0.031	0	7.99382e-007	1390.53	1341.39	1341.86
1341.35	841.889	658	1.#QNAN	0	0.016	0	7.93136e-007	1375.39	1341.35	1341.82
1341.34	841.856	659	1.#QNAN	0	0.015	0	8.00451e-007	1411.61	1341.34	1341.81
1341.33	841.824	660	1.#QNAN	0	0.016	0	8.21388e-007	1394.18	1341.33	1341.8
1341.32	841.783	661	1.#QNAN	0	0.015	0	7.9725e-007	1387.74	1341.32	1341.79
1341.31	841.757	662	1.#QNAN	0	0.016	0	8.26565e-007	1406.17	1341.31	1341.78
1341.28	841.724	663	1.#QNAN	0	0.016	0	8.13442e-007	1395.54	1341.28	1341.75
1341.33	841.722	664	1.#QNAN	0	0.015	0	8.13502e-007	1440.16	1341.33	1341.8
1341.34	841.692	665	1.#QNAN	0	0.031	0	8.26447e-007	1403.35	1341.34	1341.81
1341.36	841.682	666	1.#QNAN	0	0.016	0	8.25007e-007	1406.83	1341.36	1341.83
1341.35	841.665	667	1.#QNAN	0	0.016	0	8.17398e-007	1404.77	1341.35	1341.82
1341.34	841.635	668	1.#QNAN	0	0.015	0	8.10933e-007	1388.9	1341.34	1341.81
1341.36	841.636	669	1.#QNAN	0	0.016	0	8.25385e-007	1394.42	1341.36	1341.82
1341.34	841.64	670	1.#QNAN	0	0.015	0	8.24655e-007	1388.29	1341.34	1341.8
1341.36	841.64	671	1.#QNAN	0	0.016	0	7.96047e-007	1420.56	1341.36	1341.82
1341.41	841.667	672	1.#QNAN	0	0.016	1	8.03954e-007	1465.56	1341.41	1341.88
1341.46	841.685	673	1.#QNAN	0	0.015	0	8.37151e-007	1471.38	1341.46	1341.93
1341.57	841.722	674	1.#QNAN	0	0.031	0	8.36688e-007	1481.18	1341.57	1342.03
1341.63	841.743	675	1.#QNAN	0	0.016	0	8.44426e-007	1440.31	1341.63	1342.1
1341.67	841.751	676	1.#QNAN	0	0.016	0	8.11184e-007	1437.82	1341.67	1342.14
1341.64	841.693	677	1.#QNAN	0	0.015	0	8.13952e-007	1407.39	1341.64	1342.11
1341.63	841.681	678	1.#QNAN	0	0.016	0	8.16705e-007	1398.68	1341.63	1342.09
1341.63	841.679	679	1.#QNAN	0	0.015	0	8.10667e-007	1388.32	1341.63	1342.09
1341.62	841.657	680	1.#QNAN	0	0.016	0	8.07953e-007	1407.72	1341.62	1342.09
1341.56	841.637	681	1.#QNAN	0	0.016	0	8.06986e-007	1366.47	1341.56	1342.02
1341.48	841.59	682	1.#QNAN	0	0.031	0	8.16778e-007	1335.23	1341.48	1341.94
1341.44	841.603	683	1.#QNAN	0	0.015	0	8.38858e-007	1366.95	1341.44	1341.9
1341.43	841.609	684	1.#QNAN	0	0.016	0	8.21953e-007	1400.54	1341.43	1341.89
1341.43	841.608	685	1.#QNAN	0	0.016	0	7.95557e-007	1403.32	1341.43	1341.89
1341.4	841.6	686	1.#QNAN	0	0.015	0	8.14757e-007	1383.99	1341.4	1341.86
1341.42	841.627	687	1.#QNAN	0	0.016	0	8.38942e-007	1418.08	1341.42	1341.88
1341.42	841.638	688	1.#QNAN	0	0.015	0	8.31364e-007	1422.67	1341.42	1341.88
1341.41	841.646	689	1.#QNAN	0	0.016	0	7.72164e-007	1397.36	1341.41	1341.87
1341.39	841.641	690	1.#QNAN	0	0.031	0	8.13762e-007	1385.47	1341.39	1341.85
1341.39	841.653	691	1.#QNAN	0	0.016	0	8.19686e-007	1439.38	1341.39	1341.85
1341.36	841.648	692	1.#QNAN	0	0.015	0	8.49279e-007	1407.31	1341.36	1341.82
1341.34	841.639	693	1.#QNAN	0	0.016	0	8.38144e-007	1413.07	1341.34	1341.79
1341.29	841.625	694	1.#QNAN	0	0.016	0	8.25214e-007	1391.28	1341.29	1341.75
1341.29	841.623	695	1.#QNAN	0	0.015	0	8.07922e-007	1414.87	1341.29	1341.75
1341.22	841.598	696	1.#QNAN	0	0.016	0	7.93566e-007	1370.85	1341.22	1341.68
1341.26	841.614	697	1.#QNAN	0	0.015	0	8.2149e-007	1452.98	1341.26	1341.71
1341.29	841.642	698	1.#QNAN	0	0.032	0	8.14889e-007	1430.46	1341.29	1341.74
1341.34	841.637	699	1.#QNAN	0	0.015	0	8.46999e-007	1473.79	1341.34	1341.79
1341.38	841.634	700	1.#QNAN	0	0.016	0	8.21525e-007	1441.49	1341.38	1341.83
1341.41	841.628	701	1.#QNAN	0	0.015	0	7.92674e-007	1443.64	1341.41	1341.86
1341.44	841.642	702	1.#QNAN	0	0.016	0	8.09134e-007	1458.08	1341.44	1341.89
1341.48	841.649	703	1.#QNAN	0	0.016	0	8.16634e-007	1487.97	1341.48	1341.94
1341.56	841.674	704	1.#QNAN	0	0.015	0	8.13459e-007	1495.31	1341.56	1342.02
1341.66	841.712	705	1.#QNAN	0	0.031	0	8.12032e-007	1514.49	1341.66	1342.12
1341.76	841.741	706	1.#QNAN	0	0.016	0	8.08651e-007	1501.47	1341.76	1342.21
1341.84	841.773	707	1.#QNAN	0	0.016	0	8.3312e-007	1502.91	1341.84	1342.3
1341.92	841.807	708	1.#QNAN	0	0.015	0	8.30355e-007	1484.1	1341.92	1342.37
1341.97	841.839	709	1.#QNAN	0	0.016	0	8.31929e-007	1482.11	1341.97	1342.43
1341.99	841.856	710	1.#QNAN	0	0.015	0	7.93027e-007	1431.92	1341.99	1342.45
1342.04	841.869	711	1.#QNAN	0	0.016	0	7.92684e-007	1446.26	1342.04	1342.49
1342.13	841.891	712	1.#QNAN	0	0.016	0	8.21355e-007	1485.55	1342.13	1342.59
1342.2	841.929	713	1.#QNAN	0	0.015	0	8.27212e-007	1456.31	1342.2	1342.66
1342.21	841.927	714	1.#QNAN	0	0.031	0	8.54427e-007	1415.96	1342.21	1342.67
1342.21	841.934	715	1.#QNAN	0	0.016	0	8.04e-007	1406.87	1342.21	1342.66
1342.26	841.969	716	1.#QNAN	0	0.016	0	8.02526e-007	1463.47	1342.26	1342.72
1342.31	841.981	717	1.#QNAN	0	0.015	0	8.26759e-007	1468.97	1342.31	1342.77
1342.4	841.996	718	1.#QNAN	0	0.016	0	8.16148e-007	1503.79	1342.4	1342.86
1342.46	842.001	719	1.#QNAN	0	0.015	0	8.40707e-007	1465.83	1342.46	1342.92
1342.47	841.985	720	1.#QNAN	0	0.016	0	8.20203e-007	1421.66	1342.47	1342.93
1342.49	841.987	721	1.#QNAN	0	0.016	0	8.4602e-007	1440.14	1342.49	1342.95
1342.49	841.958	722	1.#QNAN	0	0.015	0	8.12418e-007	1430.71	1342.49	1342.94
1342.51	841.961	723	1.#QNAN	0	0.031	0	8.46657e-007	1459.36	1342.51	1342.97
1342.52	841.962	724	1.#QNAN	0	0.016	0	8.42581e-007	1427.21	1342.52	1342.98
1342.49	841.92	725	1.#QNAN	0	0.016	0	8.32166e-007	1443.12	1342.49	1342.95
1342.54	841.918	726	1.#QNAN	0	0.015	0	8.22635e-007	1475.54	1342.54	1342.99
1342.54	841.897	727	1.#QNAN	0	0.016	0	8.40247e-007	1438.35	1342.54	1343
1342.54	841.873	728	1.#QNAN	0	0.015	0	8.37288e-007	1445.14	1342.54	1343
1342.56	841.872	729	1.#QNAN	0	0.016	1	8.14641e-007	1438.07	1342.56	1343.01
1342.56	841.852	730	1.#QNAN	0	0.016	0	7.8356e-007	1416.03	1342.56	1343.01
1342.56	841.834	731	1.#QNAN	0	0.031	0	8.05298e-007	1429.1	1342.56	1343.02
1342.6	841.822	732	1.#QNAN	0	0.015	0	8.59315e-007	1446.25	1342.6	1343.05
1342.6	841.804	733	1.#QNAN	0	0.016	0	8.28533e-007	1410.45	1342.6	1343.06
1342.64	841.803	734	1.#QNAN	0	0.016	0	8.21401e-007	1438.37	1342.64	1343.1
1342.7	841.802	735	1.#QNAN	0	0.015	0	8.39921e-007	1459.07	1342.7	1343.15
1342.71	841.79	736	1.#QNAN	0	0.016	0	8.30556e-007	1428.21	1342.71	1343.16
1342.75	841.781	737	1.#QNAN	0	0.015	0	8.66187e-007	1457.66	1342.75	1343.21
1342.74	841.757	738	1.#QNAN	0	0.016	0	8.20117e-007	1409.9	1342.74	1343.2
1342.8	841.759	739	1.#QNAN	0	0.016	0	7.95404e-007	1501.67	1342.8	1343.26
1342.81	841.761	740	1.#QNAN	0	0.031	0	8.173e-007	1452.45	1342.81	1343.27
1342.82	841.747	741	1.#QNAN	0	0.015	0	8.49938e-007	1447.73	1342.82	1343.28
1342.84	841.739	742	1.#QNAN	0	0.016	0	8.49111e-007	1428.74	1342.84	1343.29
1342.84	841.723	743	1.#QNAN	0	0.016	0	8.32163e-007	1409.15	1342.84	1343.29
1342.86	841.723	744	1.#QNAN	0	0.015	0	8.72277e-007	1431.83	1342.86	1343.32
1342.86	841.706	745	1.#QNAN	0	0.016	0	8.47075e-007	1459.71	1342.86	1343.31
1342.88	841.713	746	1.#QNAN	0	0.015	0	8.45191e-007	1453.11	1342.88	1343.33
1342.93	841.72	747	1.#QNAN	0	0.016	0	8.25964e-007	1460.54	1342.93	1343.38
1342.99	841.735	748	1.#QNAN	0	0.016	0	8.19627e-007	1464.75	1342.99	1343.45
1343.02	841.736	749	1.#QNAN	0	0.031	0	8.4296e-007	1443.75	1343.02	1343.47
1343.04	841.723	750	1.#QNAN	0	0.015	0	8.20428e-007	1456.28	1343.04	1343.49
1343.06	841.714	751	1.#QNAN	0	0.016	0	8.41156e-007	1447.76	1343.06	1343.51
1343.05	841.718	752	1.#QNAN	0	0.016	0	8.39484e-007	1422.9	1343.05	1343.5
1343.06	841.716	753	1.#QNAN	0	0.015	0	8.00236e-007	1432.69	1343.06	1343.52
1343.1	841.724	754	1.#QNAN	0	0.016	0	8.00784e-007	1455.33	1343.1	1343.55
1343.13	841.727	755	1.#QNAN	0	0.015	0	8.40835e-007	1458.17	1343.13	1343.58
1343.2	841.74	756	1.#QNAN	0	0.032	0	8.37137e-007	1480.71	1343.2	1343.65
1343.28	841.762	757	1.#QNAN	0	0.015	0	8.24772e-007	1510.42	1343.28	1343.74
1343.32	841.774	758	1.#QNAN	0	0.016	0	8.30858e-007	1502.35	1343.32	1343.78
1343.39	841.797	759	1.#QNAN	0	0.015	0	8.43746e-007	1522.6	1343.39	1343.84
1343.45	841.822	760	1.#QNAN	0	0.016	0	8.32318e-007	1505.28	1343.45	1343.91
1343.5	841.839	761	1.#QNAN	0	0.016	0	8.34273e-007	1492.01	1343.5	1343.95
1343.55	841.849	762	1.#QNAN	0	0.015	0	8.38031e-007	1494.7	1343.55	1344.01
1343.52	841.855	763	1.#QNAN	0	0.016	0	8.14874e-007	1419.89	1343.52	1343.98
1343.54	841.863	764	1.#QNAN	0	0.031	0	8.30707e-007	1451.85	1343.54	1343.99
1343.6	841.876	765	1.#QNAN	0	0.016	0	8.08113e-007	1487.34	1343.6	1344.05
1343.63	841.883	766	1.#QNAN	0	0.015	0	8.2458e-007	1442.91	1343.63	1344.08
1343.64	841.884	767	1.#QNAN	0	0.016	0	8.39647e-007	1445.8	1343.64	1344.1
1343.67	841.885	768	1.#QNAN	0	0.015	0	8.56018e-007	1451.04	1343.67	1344.13
1343.73	841.894	769	1.#QNAN	0	0.016	0	8.28095e-007	1487.29	1343.73	1344.19
1343.78	841.908	770	1.#QNAN	0	0.016	0	8.31978e-007	1474.56	1343.78	1344.23
1343.82	841.914	771	1.#QNAN	0	0.015	0	8.4368e-007	1447.48	1343.82	1344.27
1343.84	841.926	772	1.#QNAN	0	0.016	0	8.45569e-007	1441.8	1343.84	1344.3
1343.92	841.946	773	1.#QNAN	0	0.031	0	8.2722e-007	1478.55	1343.92	1344.37
1343.95	841.949	774	1.#QNAN	0	0.016	0	8.29519e-007	1464.42	1343.95	1344.41
1343.98	841.952	775	1.#QNAN	0	0.015	0	8.29412e-007	1472.34	1343.98	1344.44
1344.01	841.951	776	1.#QNAN	0	0.016	0	8.34924e-007	1471.34	1344.01	1344.47
1344.07	841.969	777	1.#QNAN	0	0.015	0	8.2556e-007	1484.41	1344.07	1344.53
1344.14	841.996	778	1.#QNAN	0	0.016	0	8.2492e-007	1505.8	1344.14	1344.6
1344.17	841.993	779	1.#QNAN	0	0.016	0	8.28021e-007	1466.65	1344.17	1344.63
1344.25	842.01	780	1.#QNAN	0	0.015	0	8.15446e-007	1515.55	1344.25	1344.71
1344.31	842.026	781	1.#QNAN	0	0.031	0	8.13172e-007	1487	1344.31	1344.77
1344.31	842.013	782	1.#QNAN	0	0.016	0	8.08303e-007	1469.08	1344.31	1344.77
1344.36	842.025	783	1.#QNAN	0	0.016	0	8.2793e-007	1483.77	1344.36	1344.82
1344.39	842.037	784	1.#QNAN	0	0.015	0	8.23965e-007	1481.34	1344.39	1344.85
1344.47	842.069	785	1.#QNAN	0	0.016	0	8.15192e-007	1501.86	1344.47	1344.93
1344.54	842.096	786	1.#QNAN	0	0.015	1	8.03941e-007	1505.84	1344.54	1345
1344.63	842.131	787	1.#QNAN	0	0.016	0	8.4612e-007	1492.68	1344.63	1345.09
1344.7	842.169	788	1.#QNAN	0	0.016	0	8.26838e-007	1479.02	1344.7	1345.16
1344.77	842.201	789	1.#QNAN	0	0.031	0	8.35894e-007	1476.36	1344.77	1345.23
1344.83	842.247	790	1.#QNAN	0	0.015	0	8.57115e-007	1463.84	1344.83	1345.29
1344.86	842.268	791	1.#QNAN	0	0.016	0	8.2922e-007	1440.7	1344.86	1345.32
1344.89	842.265	792	1.#QNAN	0	0.016	0	7.8415e-007	1439.68	1344.89	1345.35
1344.91	842.282	793	1.#QNAN	0	0.015	0	8.50512e-007	1432.62	1344.91	1345.38
1344.91	842.273	794	1.#QNAN	0	0.016	0	8.19055e-007	1416.86	1344.91	1345.37
1344.93	842.282	795	1.#QNAN	0	0.015	0	8.3811e-007	1422.75	1344.93	1345.39
1344.95	842.281	796	1.#QNAN	0	0.016	0	8.39093e-007	1449.67	1344.95	1345.41
1344.97	842.29	797	1.#QNAN	0	0.031	0	8.3088e-007	1440.88	1344.97	1345.43
1345.05	842.326	798	1.#QNAN	0	0.016	0	8.36568e-007	1495.87	1345.05	1345.51
1345.11	842.363	799	1.#QNAN	0	0.015	0	8.44272e-007	1477.17	1345.11	1345.57
