rmse	mae	#iter	time_pred	time_learn	time_learn2	time_learn4	alpha	rmse_mcmc_this	rmse_mcmc_all	rmse_mcmc_all_but5
1901.02	1271.91	0	1.#QNAN	0	0.016	0	5.55864e-008	1901.02	1901.02	4162.21
1658.82	1130.21	1	1.#QNAN	0	0.016	0	2.80564e-007	1581.25	1658.82	4162.21
1597.48	1090.83	2	1.#QNAN	0	0.015	0	4.31679e-007	1540.88	1597.48	4162.21
1579.33	1077.84	3	1.#QNAN	0	0.015	0	4.53125e-007	1567.9	1579.33	4162.21
1559.57	1067.09	4	1.#QNAN	0	0.016	0	4.62614e-007	1514.22	1559.57	37734.5
1546.67	1055.93	5	1.#QNAN	0	0.016	0	4.67116e-007	1508.53	1546.67	1508.53
1539.89	1050.7	6	1.#QNAN	0	0.015	0	4.89479e-007	1519.4	1539.89	1508.92
1531.74	1042.98	7	1.#QNAN	0	0.016	0	4.8422e-007	1493.17	1531.74	1500.16
1526.7	1037.46	8	1.#QNAN	0	0.015	0	4.98305e-007	1501.16	1526.7	1497.92
1520.43	1031.67	9	1.#QNAN	0	0.032	0	4.78991e-007	1482.45	1520.43	1492.46
1513.75	1025.13	10	1.#QNAN	0	0.015	0	5.30414e-007	1467.91	1513.75	1486.12
1507	1018.34	11	1.#QNAN	0	0.016	0	4.99848e-007	1453.39	1507	1479.73
1502.25	1013.58	12	1.#QNAN	0	0.015	0	5.23088e-007	1467.12	1502.25	1476.38
1497.6	1009.24	13	1.#QNAN	0	0.016	0	5.21568e-007	1455.97	1497.6	1472.73
1491.84	1004.11	14	1.#QNAN	0	0.016	0	5.40755e-007	1433.03	1491.84	1467.39
1487.69	999.986	15	1.#QNAN	0	0.015	0	5.57004e-007	1446.24	1487.69	1464.24
1483.84	996.001	16	1.#QNAN	0	0.016	0	5.36513e-007	1446.52	1483.84	1461.46
1480.25	991.506	17	1.#QNAN	0	0.031	0	5.40324e-007	1445.34	1480.25	1458.86
1475.5	987.407	18	1.#QNAN	0	0.016	0	5.37858e-007	1417.2	1475.5	1454.55
1470.93	983.291	19	1.#QNAN	0	0.015	0	5.58389e-007	1415.45	1470.93	1450.56
1466.69	979.239	20	1.#QNAN	0	0.016	0	5.65909e-007	1411.49	1466.69	1446.91
1462.61	975.124	21	1.#QNAN	0	0.015	0	5.53974e-007	1406.28	1462.61	1443.42
1457.92	970.841	22	1.#QNAN	0	0.016	0	5.80428e-007	1390.82	1457.92	1439.09
1453.39	967.342	23	1.#QNAN	0	0.031	0	5.5382e-007	1382.34	1453.39	1434.89
1449.69	964.416	24	1.#QNAN	0	0.016	0	5.57439e-007	1409.51	1449.69	1431.78
1445.63	960.934	25	1.#QNAN	0	0.015	0	5.72667e-007	1386.07	1445.63	1428.19
1441.57	957.778	26	1.#QNAN	0	0.016	0	5.71784e-007	1389.02	1441.57	1424.6
1437.37	954.633	27	1.#QNAN	0	0.031	0	5.82038e-007	1371.41	1437.37	1420.77
1433.4	951.69	28	1.#QNAN	0	0.016	0	5.80446e-007	1374.67	1433.4	1417.23
1429.85	948.906	29	1.#QNAN	0	0.015	0	6.0271e-007	1388	1429.85	1414.16
1425.97	946.258	30	1.#QNAN	0	0.016	0	5.91989e-007	1370.81	1425.97	1410.65
1422.98	943.679	31	1.#QNAN	0	0.016	0	5.96107e-007	1397.86	1422.98	1408.19
1420.26	941.11	32	1.#QNAN	0	0.015	0	6.00522e-007	1387.23	1420.26	1405.97
1417.41	938.401	33	1.#QNAN	0	0.016	0	6.02373e-007	1377.27	1417.41	1403.52
1414.42	935.729	34	1.#QNAN	0	0.031	0	6.11947e-007	1372.83	1414.42	1400.89
1411.32	932.85	35	1.#QNAN	0	0.016	0	6.53409e-007	1361.42	1411.32	1398.04
1407.93	929.577	36	1.#QNAN	0	0.015	0	6.55662e-007	1355.21	1407.93	1394.82
1404.15	926.891	37	1.#QNAN	0	0.016	0	6.38677e-007	1365.8	1404.15	1391.19
1400.44	923.921	38	1.#QNAN	0	0.015	0	6.71791e-007	1361.02	1400.44	1387.62
1396.52	921.384	39	1.#QNAN	0	0.016	0	6.6652e-007	1354.36	1396.52	1383.85
1392.64	918.964	40	1.#QNAN	0	0.016	0	6.54946e-007	1366.98	1392.64	1380.14
1389.68	916.62	41	1.#QNAN	0	0.031	0	6.47489e-007	1356.38	1389.68	1377.42
1386.56	914.153	42	1.#QNAN	0	0.015	0	6.95284e-007	1376.06	1386.56	1374.58
1383.99	912.376	43	1.#QNAN	0	0.016	0	6.84823e-007	1384.65	1383.99	1372.29
1380.81	909.917	44	1.#QNAN	0	0.016	0	6.88761e-007	1376.58	1380.81	1369.27
1377.75	907.579	45	1.#QNAN	0	0.015	0	7.19996e-007	1355.68	1377.75	1366.37
1374.83	905.356	46	1.#QNAN	0	0.016	0	6.99655e-007	1359.57	1374.83	1363.67
1372.21	903.315	47	1.#QNAN	0	0.015	0	7.47097e-007	1373.96	1372.21	1361.3
1369.8	901.207	48	1.#QNAN	0	0.032	0	6.91256e-007	1366.83	1369.8	1359.12
1367.91	899.27	49	1.#QNAN	0	0.015	0	7.29008e-007	1416.54	1367.91	1357.56
1366.3	897.556	50	1.#QNAN	0	0.016	0	7.35401e-007	1403.76	1366.3	1356.28
1363.78	895.617	51	1.#QNAN	0	0.015	0	7.20454e-007	1430.65	1363.78	1354.07
1361.45	893.767	52	1.#QNAN	0	0.016	0	7.51183e-007	1391.25	1361.45	1351.98
1359.43	892.287	53	1.#QNAN	0	0.016	0	7.15384e-007	1448.63	1359.43	1350.26
1357.98	890.726	54	1.#QNAN	0	0.015	0	7.26408e-007	1413.97	1357.98	1349.11
1356.76	889.342	55	1.#QNAN	0	0.016	1	7.33725e-007	1414.66	1356.76	1348.18
1355.76	887.868	56	1.#QNAN	0	0.031	0	7.47639e-007	1386.86	1355.76	1347.43
1354.82	886.937	57	1.#QNAN	0	0.016	0	7.46514e-007	1397.39	1354.82	1346.77
1353.74	885.737	58	1.#QNAN	0	0.015	0	7.34348e-007	1382	1353.74	1345.89
1352.8	884.603	59	1.#QNAN	0	0.016	0	7.02499e-007	1381.84	1352.8	1345.16
1351.55	883.55	60	1.#QNAN	0	0.015	0	7.57705e-007	1382.99	1351.55	1344.11
1350.93	882.454	61	1.#QNAN	0	0.016	0	7.63681e-007	1400.54	1350.93	1343.73
1349.97	881.431	62	1.#QNAN	0	0.016	0	7.46783e-007	1382.66	1349.97	1342.96
1348.91	880.196	63	1.#QNAN	0	0.015	0	7.23709e-007	1375.32	1348.91	1342.09
1347.9	879.377	64	1.#QNAN	0	0.031	0	7.12845e-007	1424.98	1347.9	1341.29
1346.33	878.314	65	1.#QNAN	0	0.016	0	7.34472e-007	1423.9	1346.33	1339.86
1345.18	877.23	66	1.#QNAN	0	0.016	0	7.40494e-007	1409.5	1345.18	1338.88
1344.21	876.38	67	1.#QNAN	0	0.015	0	7.46928e-007	1374.11	1344.21	1338.09
1343.21	875.472	68	1.#QNAN	0	0.016	0	7.35166e-007	1419.88	1343.21	1337.31
1342.14	874.647	69	1.#QNAN	0	0.015	0	7.4383e-007	1400.38	1342.14	1336.42
1341.67	873.786	70	1.#QNAN	0	0.016	0	7.12411e-007	1392.78	1341.67	1336.14
1341.35	873.189	71	1.#QNAN	0	0.016	0	7.04447e-007	1416.3	1341.35	1336.01
1341.18	872.758	72	1.#QNAN	0	0.015	0	7.21382e-007	1442.58	1341.18	1336.03
1341.14	872.336	73	1.#QNAN	0	0.031	0	7.3719e-007	1435.38	1341.14	1336.19
1340.97	871.908	74	1.#QNAN	0	0.016	0	7.2037e-007	1446.44	1340.97	1336.22
1340.95	871.406	75	1.#QNAN	0	0.016	0	7.51402e-007	1444.28	1340.95	1336.4
1340.75	870.972	76	1.#QNAN	0	0.015	0	7.46537e-007	1430.62	1340.75	1336.39
1340.67	870.614	77	1.#QNAN	0	0.016	0	7.26028e-007	1436.03	1340.67	1336.51
1340.8	870.167	78	1.#QNAN	0	0.015	0	7.46045e-007	1437.42	1340.8	1336.81
1340.56	869.495	79	1.#QNAN	0	0.016	0	7.331e-007	1399.78	1340.56	1336.72
1340.55	869.151	80	1.#QNAN	0	0.016	0	7.50825e-007	1436.99	1340.55	1336.91
1340.23	868.536	81	1.#QNAN	0	0.031	0	7.55072e-007	1413.02	1340.23	1336.72
1339.76	867.969	82	1.#QNAN	0	0.015	0	7.35092e-007	1393.19	1339.76	1336.36
1339.33	867.539	83	1.#QNAN	0	0.016	0	7.50676e-007	1392.16	1339.33	1336.03
1338.88	867.118	84	1.#QNAN	0	0.016	0	7.40824e-007	1382.43	1338.88	1335.67
1338.15	866.488	85	1.#QNAN	0	0.015	0	7.58221e-007	1360.24	1338.15	1335.01
1337.36	865.865	86	1.#QNAN	0	0.016	0	7.47095e-007	1353.68	1337.36	1334.3
1336.91	865.449	87	1.#QNAN	0	0.015	0	7.47996e-007	1368.05	1336.91	1333.93
1336.26	864.912	88	1.#QNAN	0	0.016	0	7.47875e-007	1401.79	1336.26	1333.4
1335.89	864.481	89	1.#QNAN	0	0.016	0	7.72941e-007	1394.78	1335.89	1333.14
1335.53	864.097	90	1.#QNAN	0	0.031	0	7.70058e-007	1386.87	1335.53	1332.87
1335.1	863.643	91	1.#QNAN	0	0.015	0	7.88474e-007	1372.78	1335.1	1332.53
1334.99	863.276	92	1.#QNAN	0	0.016	0	7.53227e-007	1408.35	1334.99	1332.53
1334.77	862.921	93	1.#QNAN	0	0.016	0	7.57828e-007	1376.16	1334.77	1332.39
1334.61	862.666	94	1.#QNAN	0	0.015	0	7.52695e-007	1375.48	1334.61	1332.31
1334.34	862.513	95	1.#QNAN	0	0.016	0	7.60956e-007	1362.93	1334.34	1332.09
1334.01	862.274	96	1.#QNAN	0	0.015	0	7.46559e-007	1360.51	1334.01	1331.83
1333.84	862.008	97	1.#QNAN	0	0.016	0	7.40857e-007	1381.67	1333.84	1331.73
1333.85	861.828	98	1.#QNAN	0	0.031	0	7.60027e-007	1398.97	1333.85	1331.82
1333.45	861.419	99	1.#QNAN	0	0.016	0	7.6378e-007	1365.57	1333.45	1331.46
1333.31	861.249	100	1.#QNAN	0	0.015	0	7.66541e-007	1417.76	1333.31	1331.4
1333.4	861.126	101	1.#QNAN	0	0.016	0	7.64961e-007	1410.36	1333.4	1331.56
1333.34	860.965	102	1.#QNAN	0	0.016	0	7.61794e-007	1400.93	1333.34	1331.57
1333.39	860.736	103	1.#QNAN	0	0.015	0	7.28096e-007	1415.85	1333.39	1331.69
1333.16	860.449	104	1.#QNAN	0	0.016	0	7.50023e-007	1383.92	1333.16	1331.51
1333.14	860.173	105	1.#QNAN	0	0.015	0	7.31575e-007	1405.68	1333.14	1331.56
1333.04	859.984	106	1.#QNAN	0	0.032	0	7.49772e-007	1406.21	1333.04	1331.54
1332.94	859.708	107	1.#QNAN	0	0.015	0	7.44497e-007	1380.52	1332.94	1331.48
1332.62	859.375	108	1.#QNAN	0	0.016	0	7.78506e-007	1372.59	1332.62	1331.2
1332.41	859.156	109	1.#QNAN	0	0.015	0	7.30183e-007	1364.46	1332.41	1331.02
1332.35	858.919	110	1.#QNAN	0	0.016	0	7.65068e-007	1383.57	1332.35	1331.01
1332.26	858.846	111	1.#QNAN	0	0.016	0	7.46078e-007	1379.65	1332.26	1330.96
1332.35	858.891	112	1.#QNAN	0	0.015	1	7.50498e-007	1426.14	1332.35	1331.11
1332.14	858.678	113	1.#QNAN	0	0.016	0	7.68689e-007	1407.56	1332.14	1330.94
1332.2	858.581	114	1.#QNAN	0	0.015	0	7.23393e-007	1435.05	1332.2	1331.05
1331.7	858.285	115	1.#QNAN	0	0.016	0	7.61007e-007	1338.97	1331.7	1330.58
1331.39	858.06	116	1.#QNAN	0	0.015	0	7.66839e-007	1360.67	1331.39	1330.3
1331.01	857.684	117	1.#QNAN	0	0.016	0	7.54305e-007	1364.64	1331.01	1329.94
1330.77	857.43	118	1.#QNAN	0	0.015	0	7.60973e-007	1379.33	1330.77	1329.71
1330.59	857.184	119	1.#QNAN	0	0.016	0	7.35772e-007	1386.48	1330.59	1329.54
1330.51	856.992	120	1.#QNAN	0	0.016	0	7.42181e-007	1391.85	1330.51	1329.48
1330.37	856.747	121	1.#QNAN	0	0.015	0	7.41996e-007	1380.5	1330.37	1329.37
1330.15	856.593	122	1.#QNAN	0	0.031	0	7.87458e-007	1366.65	1330.15	1329.16
1330.08	856.442	123	1.#QNAN	0	0.016	0	7.74588e-007	1388.85	1330.08	1329.11
1329.99	856.345	124	1.#QNAN	0	0.016	0	7.62677e-007	1405.74	1329.99	1329.04
1329.74	856.052	125	1.#QNAN	0	0.015	0	7.70838e-007	1376.37	1329.74	1328.8
1329.79	856.043	126	1.#QNAN	0	0.016	0	7.84592e-007	1415.57	1329.79	1328.89
1329.5	855.89	127	1.#QNAN	0	0.015	0	7.61246e-007	1353.85	1329.5	1328.62
1329.33	855.692	128	1.#QNAN	0	0.016	0	7.71523e-007	1361.69	1329.33	1328.48
1329.13	855.515	129	1.#QNAN	0	0.016	0	7.57977e-007	1348.52	1329.13	1328.29
1329.17	855.428	130	1.#QNAN	0	0.016	0	7.70562e-007	1395.51	1329.17	1328.36
1328.93	855.169	131	1.#QNAN	0	0.015	0	7.64112e-007	1371.85	1328.93	1328.13
1328.84	855.035	132	1.#QNAN	0	0.016	0	7.42702e-007	1417.39	1328.84	1328.06
1328.71	854.983	133	1.#QNAN	0	0.016	0	7.70157e-007	1375.34	1328.71	1327.95
1328.8	854.968	134	1.#QNAN	0	0.015	0	7.68629e-007	1403.42	1328.8	1328.06
1328.76	854.968	135	1.#QNAN	0	0.016	0	7.41568e-007	1376.76	1328.76	1328.05
1328.35	854.67	136	1.#QNAN	0	0.015	0	7.39807e-007	1330.34	1328.35	1327.65
1328.16	854.589	137	1.#QNAN	0	0.016	0	7.56845e-007	1361.26	1328.16	1327.48
1328.07	854.428	138	1.#QNAN	0	0.031	0	7.64597e-007	1377.08	1328.07	1327.43
1327.94	854.343	139	1.#QNAN	0	0.016	0	7.74439e-007	1375.68	1327.94	1327.32
1327.75	854.276	140	1.#QNAN	0	0.015	0	7.97387e-007	1364.86	1327.75	1327.16
1327.71	854.282	141	1.#QNAN	0	0.016	0	7.67751e-007	1359.71	1327.71	1327.14
1327.79	854.279	142	1.#QNAN	0	0.016	0	8.03324e-007	1386.62	1327.79	1327.25
1327.91	854.278	143	1.#QNAN	0	0.015	0	7.53558e-007	1406.17	1327.91	1327.4
1327.95	854.249	144	1.#QNAN	0	0.016	0	7.29046e-007	1402.91	1327.95	1327.46
1328.11	854.201	145	1.#QNAN	0	0.015	0	7.67985e-007	1404.86	1328.11	1327.66
1328.35	854.213	146	1.#QNAN	0	0.016	0	7.7767e-007	1421.29	1328.35	1327.94
1328.48	854.112	147	1.#QNAN	0	0.031	0	7.73836e-007	1403.21	1328.48	1328.1
1328.47	854.005	148	1.#QNAN	0	0.016	0	7.61351e-007	1384.29	1328.47	1328.12
1328.4	853.916	149	1.#QNAN	0	0.015	0	7.41928e-007	1381.56	1328.4	1328.07
1328.29	853.793	150	1.#QNAN	0	0.016	0	7.47562e-007	1377.32	1328.29	1328
1328.38	853.78	151	1.#QNAN	0	0.016	0	7.66726e-007	1392.18	1328.38	1328.12
1328.4	853.724	152	1.#QNAN	0	0.015	0	7.46712e-007	1395.6	1328.4	1328.17
1328.43	853.605	153	1.#QNAN	0	0.016	0	7.62064e-007	1394.43	1328.43	1328.23
1328.51	853.523	154	1.#QNAN	0	0.031	0	7.60283e-007	1393.2	1328.51	1328.33
1328.56	853.534	155	1.#QNAN	0	0.016	0	7.6415e-007	1392.87	1328.56	1328.41
1328.6	853.565	156	1.#QNAN	0	0.015	0	7.68053e-007	1395.58	1328.6	1328.47
1328.74	853.633	157	1.#QNAN	0	0.016	0	7.61086e-007	1408.2	1328.74	1328.63
1328.68	853.611	158	1.#QNAN	0	0.015	0	7.53738e-007	1371.36	1328.68	1328.59
1328.86	853.633	159	1.#QNAN	0	0.016	0	7.74257e-007	1414.69	1328.86	1328.79
1328.98	853.555	160	1.#QNAN	0	0.016	0	7.79198e-007	1420.76	1328.98	1328.94
1329.1	853.57	161	1.#QNAN	0	0.031	0	7.86344e-007	1423.03	1329.1	1329.09
1329.15	853.496	162	1.#QNAN	0	0.015	0	7.63305e-007	1412.59	1329.15	1329.16
1329.29	853.336	163	1.#QNAN	0	0.016	0	7.88213e-007	1468.32	1329.29	1329.34
1329.47	853.261	164	1.#QNAN	0	0.016	0	7.81828e-007	1448.54	1329.47	1329.54
1329.67	853.274	165	1.#QNAN	0	0.015	0	7.663e-007	1462.88	1329.67	1329.78
1329.88	853.224	166	1.#QNAN	0	0.016	0	7.89747e-007	1456.15	1329.88	1330.02
1330.21	853.256	167	1.#QNAN	0	0.015	0	7.70339e-007	1472.01	1330.21	1330.38
1330.52	853.312	168	1.#QNAN	0	0.016	0	7.6599e-007	1442.4	1330.52	1330.71
1330.8	853.356	169	1.#QNAN	0	0.031	1	7.712e-007	1442.6	1330.8	1331.02
1331.07	853.402	170	1.#QNAN	0	0.016	0	7.83586e-007	1448.3	1331.07	1331.32
1331.44	853.553	171	1.#QNAN	0	0.015	0	7.89002e-007	1468.52	1331.44	1331.71
1331.54	853.508	172	1.#QNAN	0	0.016	0	7.86175e-007	1403.59	1331.54	1331.83
1331.78	853.503	173	1.#QNAN	0	0.016	0	7.90018e-007	1439.42	1331.78	1332.09
1332.12	853.64	174	1.#QNAN	0	0.015	0	7.80691e-007	1470.9	1332.12	1332.46
1332.36	853.689	175	1.#QNAN	0	0.016	0	7.68742e-007	1446.83	1332.36	1332.71
1332.59	853.713	176	1.#QNAN	0	0.031	0	7.57334e-007	1436.16	1332.59	1332.96
1332.56	853.602	177	1.#QNAN	0	0.016	0	7.69999e-007	1413.39	1332.56	1332.94
1332.8	853.609	178	1.#QNAN	0	0.015	0	7.8511e-007	1455.57	1332.8	1333.2
1333.03	853.558	179	1.#QNAN	0	0.016	0	7.49843e-007	1439.41	1333.03	1333.43
1333.04	853.429	180	1.#QNAN	0	0.015	0	7.80184e-007	1392.31	1333.04	1333.45
1333.2	853.376	181	1.#QNAN	0	0.016	0	7.45336e-007	1412.58	1333.2	1333.62
1333.27	853.325	182	1.#QNAN	0	0.016	0	7.62954e-007	1419.77	1333.27	1333.72
1333.33	853.249	183	1.#QNAN	0	0.031	0	7.62971e-007	1406.24	1333.33	1333.78
1333.48	853.238	184	1.#QNAN	0	0.015	0	7.77295e-007	1450.35	1333.48	1333.95
1333.35	853.148	185	1.#QNAN	0	0.016	0	7.70074e-007	1379.52	1333.35	1333.82
1333.34	853.162	186	1.#QNAN	0	0.016	0	7.71842e-007	1392.57	1333.34	1333.81
1333.49	853.167	187	1.#QNAN	0	0.015	0	7.92227e-007	1433.51	1333.49	1333.97
1333.54	853.164	188	1.#QNAN	0	0.016	0	7.84748e-007	1448.38	1333.54	1334.02
1333.46	853.029	189	1.#QNAN	0	0.015	0	7.76158e-007	1406.49	1333.46	1333.94
1333.65	853.049	190	1.#QNAN	0	0.016	0	7.67848e-007	1452.91	1333.65	1334.13
1333.92	853.083	191	1.#QNAN	0	0.031	0	7.95046e-007	1486.74	1333.92	1334.42
1334.25	853.071	192	1.#QNAN	0	0.016	0	8.00258e-007	1529.82	1334.25	1334.75
1334.64	853.115	193	1.#QNAN	0	0.015	0	7.80535e-007	1542.7	1334.64	1335.17
1334.82	852.998	194	1.#QNAN	0	0.016	0	7.82348e-007	1471.77	1334.82	1335.36
1335.12	852.955	195	1.#QNAN	0	0.016	0	7.70436e-007	1496.24	1335.12	1335.67
1335.39	852.887	196	1.#QNAN	0	0.015	0	7.64096e-007	1474.19	1335.39	1335.95
1335.59	852.821	197	1.#QNAN	0	0.016	0	7.78988e-007	1474.17	1335.59	1336.15
1335.94	852.835	198	1.#QNAN	0	0.015	0	7.76052e-007	1478.54	1335.94	1336.5
1336.14	852.827	199	1.#QNAN	0	0.016	0	7.74476e-007	1442.34	1336.14	1336.71
1336.21	852.728	200	1.#QNAN	0	0.031	0	7.74976e-007	1416.04	1336.21	1336.78
1336.17	852.552	201	1.#QNAN	0	0.016	0	7.90311e-007	1393.55	1336.17	1336.74
1336.28	852.476	202	1.#QNAN	0	0.015	0	7.84625e-007	1446.7	1336.28	1336.86
1336.2	852.299	203	1.#QNAN	0	0.016	0	8.02926e-007	1382.99	1336.2	1336.78
1336.29	852.218	204	1.#QNAN	0	0.016	0	7.56457e-007	1448.08	1336.29	1336.88
1336.44	852.158	205	1.#QNAN	0	0.015	0	7.88591e-007	1469.32	1336.44	1337.03
1336.67	852.182	206	1.#QNAN	0	0.016	0	7.80832e-007	1510.17	1336.67	1337.26
1336.77	852.119	207	1.#QNAN	0	0.015	0	7.53342e-007	1451.34	1336.77	1337.36
1336.84	852.079	208	1.#QNAN	0	0.016	0	7.80176e-007	1445.52	1336.84	1337.44
1336.93	852.016	209	1.#QNAN	0	0.031	0	7.73683e-007	1464.57	1336.93	1337.52
1336.94	851.91	210	1.#QNAN	0	0.016	0	7.86324e-007	1427.78	1336.94	1337.54
1337.08	851.85	211	1.#QNAN	0	0.015	0	7.83384e-007	1443.83	1337.08	1337.69
1337.17	851.821	212	1.#QNAN	0	0.016	0	7.94209e-007	1437.19	1337.17	1337.78
1337.24	851.817	213	1.#QNAN	0	0.016	0	8.02353e-007	1437.66	1337.24	1337.84
1337.3	851.802	214	1.#QNAN	0	0.015	0	7.64563e-007	1424.62	1337.3	1337.91
1337.38	851.691	215	1.#QNAN	0	0.016	0	7.75026e-007	1459.55	1337.38	1338
1337.4	851.565	216	1.#QNAN	0	0.015	0	7.88121e-007	1433.81	1337.4	1338.01
1337.4	851.438	217	1.#QNAN	0	0.032	0	7.66029e-007	1439.33	1337.4	1338
1337.32	851.313	218	1.#QNAN	0	0.015	0	8.02565e-007	1410.11	1337.32	1337.93
1337.41	851.244	219	1.#QNAN	0	0.016	0	8.03114e-007	1444.54	1337.41	1338.01
1337.35	851.109	220	1.#QNAN	0	0.015	0	7.91961e-007	1419.13	1337.35	1337.96
1337.37	850.969	221	1.#QNAN	0	0.016	0	8.11173e-007	1439.06	1337.37	1337.99
1337.28	850.828	222	1.#QNAN	0	0.016	0	8.02012e-007	1387.23	1337.28	1337.9
1337.24	850.651	223	1.#QNAN	0	0.015	0	7.95611e-007	1376.48	1337.24	1337.86
1337.2	850.503	224	1.#QNAN	0	0.016	0	7.89759e-007	1385.97	1337.2	1337.82
1337.01	850.326	225	1.#QNAN	0	0.015	0	7.92444e-007	1356.72	1337.01	1337.63
1337.07	850.256	226	1.#QNAN	0	0.016	0	8.18398e-007	1436.87	1337.07	1337.69
1336.95	850.143	227	1.#QNAN	0	0.015	0	7.77071e-007	1375.09	1336.95	1337.57
1336.9	850.027	228	1.#QNAN	0	0.016	0	7.83411e-007	1387.44	1336.9	1337.52
1336.96	849.969	229	1.#QNAN	0	0.015	0	7.99744e-007	1408.3	1336.96	1337.58
1337.16	849.987	230	1.#QNAN	0	0.016	0	8.19433e-007	1462.18	1337.16	1337.79
1337.31	849.966	231	1.#QNAN	0	0.016	0	7.8762e-007	1443.89	1337.31	1337.94
1337.35	849.919	232	1.#QNAN	0	0.015	0	7.99695e-007	1403.85	1337.35	1337.98
1337.37	849.898	233	1.#QNAN	0	0.031	0	7.63667e-007	1403.61	1337.37	1338.01
1337.5	849.91	234	1.#QNAN	0	0.016	0	8.03601e-007	1436.39	1337.5	1338.13
1337.63	849.932	235	1.#QNAN	0	0.016	0	7.93159e-007	1440.43	1337.63	1338.27
1337.73	849.88	236	1.#QNAN	0	0.015	0	7.97177e-007	1451.01	1337.73	1338.37
1337.97	849.885	237	1.#QNAN	0	0.016	0	7.80998e-007	1487.25	1337.97	1338.62
1338.1	849.905	238	1.#QNAN	0	0.015	0	7.96108e-007	1434.64	1338.1	1338.75
1338.23	849.853	239	1.#QNAN	0	0.016	0	7.76451e-007	1452.92	1338.23	1338.89
1338.32	849.834	240	1.#QNAN	0	0.016	0	8.09749e-007	1406.95	1338.32	1338.98
1338.37	849.775	241	1.#QNAN	0	0.031	0	7.68044e-007	1401.76	1338.37	1339.03
1338.39	849.697	242	1.#QNAN	0	0.015	0	7.71132e-007	1393.1	1338.39	1339.05
1338.51	849.67	243	1.#QNAN	0	0.016	0	8.03604e-007	1442.19	1338.51	1339.18
1338.61	849.679	244	1.#QNAN	0	0.016	0	7.65667e-007	1415.28	1338.61	1339.29
1338.73	849.614	245	1.#QNAN	0	0.015	0	7.62668e-007	1444.36	1338.73	1339.4
1338.86	849.6	246	1.#QNAN	0	0.016	0	8.01714e-007	1438.87	1338.86	1339.54
1339.03	849.602	247	1.#QNAN	0	0.015	0	7.61579e-007	1452.13	1339.03	1339.72
1339.17	849.533	248	1.#QNAN	0	0.032	0	7.89486e-007	1443.97	1339.17	1339.87
1339.41	849.543	249	1.#QNAN	0	0.015	0	7.94786e-007	1469.55	1339.41	1340.11
1339.54	849.494	250	1.#QNAN	0	0.016	0	7.78592e-007	1429.79	1339.54	1340.26
1339.89	849.523	251	1.#QNAN	0	0.015	0	8.12349e-007	1524.35	1339.89	1340.61
1340.07	849.493	252	1.#QNAN	0	0.016	0	8.01789e-007	1482.62	1340.07	1340.8
1340.07	849.402	253	1.#QNAN	0	0.016	0	7.6228e-007	1408.23	1340.07	1340.8
1340.18	849.332	254	1.#QNAN	0	0.015	0	7.92673e-007	1426.58	1340.18	1340.92
1340.3	849.286	255	1.#QNAN	0	0.016	0	7.75682e-007	1435.27	1340.3	1341.05
1340.46	849.234	256	1.#QNAN	0	0.031	0	7.95409e-007	1438.86	1340.46	1341.2
1340.59	849.199	257	1.#QNAN	0	0.016	0	7.97912e-007	1433.24	1340.59	1341.34
1340.64	849.109	258	1.#QNAN	0	0.015	0	7.44772e-007	1397.19	1340.64	1341.39
1340.74	849.058	259	1.#QNAN	0	0.016	0	7.48262e-007	1406.55	1340.74	1341.49
1340.78	848.981	260	1.#QNAN	0	0.015	0	7.49329e-007	1404.41	1340.78	1341.54
1340.83	848.892	261	1.#QNAN	0	0.016	0	7.74791e-007	1413.16	1340.83	1341.58
1340.86	848.87	262	1.#QNAN	0	0.016	0	7.72192e-007	1402.72	1340.86	1341.62
1340.85	848.795	263	1.#QNAN	0	0.015	0	7.71404e-007	1407.28	1340.85	1341.62
1340.85	848.706	264	1.#QNAN	0	0.016	0	7.88644e-007	1403.97	1340.85	1341.62
1340.9	848.64	265	1.#QNAN	0	0.031	0	7.88867e-007	1446.6	1340.9	1341.67
1341.03	848.563	266	1.#QNAN	0	0.016	0	8.02417e-007	1451.13	1341.03	1341.8
1341.19	848.534	267	1.#QNAN	0	0.015	0	7.7001e-007	1460.99	1341.19	1341.97
1341.31	848.526	268	1.#QNAN	0	0.016	0	7.82532e-007	1436.76	1341.31	1342.09
1341.32	848.495	269	1.#QNAN	0	0.015	0	7.62121e-007	1411.92	1341.32	1342.1
1341.28	848.491	270	1.#QNAN	0	0.016	0	7.93355e-007	1382.52	1341.28	1342.07
1341.22	848.403	271	1.#QNAN	0	0.016	0	8.05454e-007	1394.79	1341.22	1342
1341.11	848.278	272	1.#QNAN	0	0.015	0	7.80664e-007	1432.82	1341.11	1341.89
1341.18	848.241	273	1.#QNAN	0	0.031	0	7.74677e-007	1420.76	1341.18	1341.96
1341.25	848.218	274	1.#QNAN	0	0.016	0	7.77726e-007	1418.42	1341.25	1342.03
1341.19	848.123	275	1.#QNAN	0	0.016	0	7.96645e-007	1388.73	1341.19	1341.97
1341.17	848.01	276	1.#QNAN	0	0.015	0	7.43243e-007	1420.48	1341.17	1341.96
1341.19	847.949	277	1.#QNAN	0	0.016	0	7.72797e-007	1419.34	1341.19	1341.97
1341.43	847.92	278	1.#QNAN	0	0.015	0	7.93844e-007	1490.65	1341.43	1342.22
1341.47	847.811	279	1.#QNAN	0	0.016	0	7.71587e-007	1430.58	1341.47	1342.26
1341.49	847.741	280	1.#QNAN	0	0.016	0	7.98558e-007	1423.27	1341.49	1342.28
1341.4	847.625	281	1.#QNAN	0	0.031	0	7.60143e-007	1384.36	1341.4	1342.19
1341.49	847.541	282	1.#QNAN	0	0.015	1	7.80715e-007	1446.74	1341.49	1342.28
1341.51	847.379	283	1.#QNAN	0	0.016	0	7.61142e-007	1420.63	1341.51	1342.31
1341.53	847.241	284	1.#QNAN	0	0.016	0	8.14114e-007	1421.36	1341.53	1342.33
1341.61	847.145	285	1.#QNAN	0	0.015	0	7.8871e-007	1433.75	1341.61	1342.4
1341.68	847.021	286	1.#QNAN	0	0.016	0	7.94575e-007	1507.84	1341.68	1342.48
1341.86	846.965	287	1.#QNAN	0	0.031	0	7.86783e-007	1497.38	1341.86	1342.66
1341.92	846.92	288	1.#QNAN	0	0.016	0	7.80324e-007	1463.23	1341.92	1342.73
1342.05	846.857	289	1.#QNAN	0	0.015	0	7.88103e-007	1468.37	1342.05	1342.85
1342.2	846.777	290	1.#QNAN	0	0.016	0	7.99018e-007	1494.51	1342.2	1343
1342.38	846.675	291	1.#QNAN	0	0.015	0	8.05382e-007	1524.15	1342.38	1343.19
1342.64	846.642	292	1.#QNAN	0	0.016	0	7.76939e-007	1565.76	1342.64	1343.45
1342.87	846.654	293	1.#QNAN	0	0.016	0	7.89897e-007	1512.18	1342.87	1343.69
1342.94	846.572	294	1.#QNAN	0	0.015	0	8.29693e-007	1512.98	1342.94	1343.77
1343.15	846.609	295	1.#QNAN	0	0.031	0	8.05884e-007	1478.66	1343.15	1343.98
1343.34	846.597	296	1.#QNAN	0	0.016	0	7.78716e-007	1488.89	1343.34	1344.17
1343.44	846.571	297	1.#QNAN	0	0.016	0	7.93052e-007	1449.32	1343.44	1344.27
1343.42	846.522	298	1.#QNAN	0	0.015	0	7.93114e-007	1430.19	1343.42	1344.25
1343.31	846.395	299	1.#QNAN	0	0.016	0	8.30124e-007	1399.95	1343.31	1344.15
1343.31	846.262	300	1.#QNAN	0	0.015	0	8.22261e-007	1445.61	1343.31	1344.14
1343.33	846.186	301	1.#QNAN	0	0.016	0	7.8847e-007	1453.7	1343.33	1344.17
1343.33	846.074	302	1.#QNAN	0	0.016	0	7.81387e-007	1431.36	1343.33	1344.17
1343.25	845.942	303	1.#QNAN	0	0.031	0	7.70465e-007	1427.94	1343.25	1344.08
1343.26	845.831	304	1.#QNAN	0	0.015	0	8.17755e-007	1470.35	1343.26	1344.09
1343.15	845.67	305	1.#QNAN	0	0.016	0	7.96783e-007	1514.38	1343.15	1343.98
1343.09	845.552	306	1.#QNAN	0	0.016	0	8.06361e-007	1493.32	1343.09	1343.93
1343.02	845.386	307	1.#QNAN	0	0.015	0	7.84685e-007	1479.89	1343.02	1343.86
1342.98	845.295	308	1.#QNAN	0	0.016	0	8.08543e-007	1453.28	1342.98	1343.82
1342.93	845.221	309	1.#QNAN	0	0.015	0	8.28887e-007	1436.23	1342.93	1343.77
1342.82	845.048	310	1.#QNAN	0	0.016	0	7.8384e-007	1465.03	1342.82	1343.66
1342.77	844.913	311	1.#QNAN	0	0.031	0	8.85814e-007	1467.62	1342.77	1343.61
1342.84	844.808	312	1.#QNAN	0	0.016	0	8.06135e-007	1472.75	1342.84	1343.68
1342.92	844.773	313	1.#QNAN	0	0.015	0	8.13332e-007	1484.73	1342.92	1343.77
1343.07	844.755	314	1.#QNAN	0	0.016	0	7.85152e-007	1494.55	1343.07	1343.92
1343.34	844.795	315	1.#QNAN	0	0.016	0	8.19839e-007	1544.3	1343.34	1344.2
1343.52	844.826	316	1.#QNAN	0	0.015	0	8.41647e-007	1495.02	1343.52	1344.38
1343.56	844.836	317	1.#QNAN	0	0.016	0	7.98207e-007	1452.7	1343.56	1344.42
1343.6	844.778	318	1.#QNAN	0	0.015	0	8.31442e-007	1455.55	1343.6	1344.46
1343.57	844.724	319	1.#QNAN	0	0.032	0	8.07519e-007	1454.79	1343.57	1344.43
1343.59	844.695	320	1.#QNAN	0	0.015	0	8.31111e-007	1430.19	1343.59	1344.45
1343.66	844.669	321	1.#QNAN	0	0.016	0	8.03612e-007	1478.14	1343.66	1344.52
1343.6	844.557	322	1.#QNAN	0	0.015	0	8.09661e-007	1461.78	1343.6	1344.46
1343.63	844.507	323	1.#QNAN	0	0.016	0	8.05506e-007	1480	1343.63	1344.49
1343.54	844.386	324	1.#QNAN	0	0.016	0	8.33262e-007	1551.83	1343.54	1344.4
1343.54	844.308	325	1.#QNAN	0	0.015	0	8.21352e-007	1484.35	1343.54	1344.4
1343.52	844.249	326	1.#QNAN	0	0.016	0	8.0916e-007	1445.33	1343.52	1344.38
1343.51	844.183	327	1.#QNAN	0	0.015	0	7.75996e-007	1504.13	1343.51	1344.36
1343.55	844.108	328	1.#QNAN	0	0.032	0	7.97255e-007	1490.5	1343.55	1344.4
1343.56	844.031	329	1.#QNAN	0	0.015	0	8.12984e-007	1492.98	1343.56	1344.41
1343.5	843.906	330	1.#QNAN	0	0.016	0	8.08008e-007	1493.12	1343.5	1344.35
1343.57	843.901	331	1.#QNAN	0	0.015	0	8.1908e-007	1467.96	1343.57	1344.43
1343.7	843.867	332	1.#QNAN	0	0.016	0	8.26333e-007	1487.71	1343.7	1344.56
1343.79	843.824	333	1.#QNAN	0	0.016	0	8.10996e-007	1472.14	1343.79	1344.64
1343.92	843.81	334	1.#QNAN	0	0.015	0	8.33472e-007	1484.11	1343.92	1344.78
1343.93	843.765	335	1.#QNAN	0	0.016	0	8.09385e-007	1479	1343.93	1344.79
1343.91	843.68	336	1.#QNAN	0	0.015	0	8.07093e-007	1555.23	1343.91	1344.77
1343.88	843.595	337	1.#QNAN	0	0.032	0	8.09337e-007	1448.51	1343.88	1344.74
1343.94	843.558	338	1.#QNAN	0	0.015	0	7.99437e-007	1446.58	1343.94	1344.8
1343.9	843.515	339	1.#QNAN	0	0.016	0	8.26563e-007	1412.43	1343.9	1344.76
1343.83	843.432	340	1.#QNAN	0	0.015	1	8.3684e-007	1397.74	1343.83	1344.69
1343.81	843.342	341	1.#QNAN	0	0.016	0	8.18854e-007	1443.87	1343.81	1344.66
1343.76	843.263	342	1.#QNAN	0	0.016	0	8.10231e-007	1443.55	1343.76	1344.62
1343.6	843.146	343	1.#QNAN	0	0.015	0	8.26277e-007	1426.45	1343.6	1344.45
1343.49	843.105	344	1.#QNAN	0	0.031	0	8.04386e-007	1425.93	1343.49	1344.33
1343.43	843.092	345	1.#QNAN	0	0.016	0	8.08679e-007	1404.94	1343.43	1344.28
1343.39	843.053	346	1.#QNAN	0	0.016	0	8.01077e-007	1400.46	1343.39	1344.24
1343.4	843.032	347	1.#QNAN	0	0.015	0	8.06142e-007	1423.82	1343.4	1344.24
1343.43	843.035	348	1.#QNAN	0	0.016	0	7.96408e-007	1437.96	1343.43	1344.27
1343.43	843.024	349	1.#QNAN	0	0.015	0	8.11759e-007	1411.67	1343.43	1344.27
1343.43	842.995	350	1.#QNAN	0	0.016	0	8.2882e-007	1437.31	1343.43	1344.27
1343.43	842.956	351	1.#QNAN	0	0.031	0	8.16528e-007	1448.82	1343.43	1344.28
1343.47	842.97	352	1.#QNAN	0	0.016	0	7.99992e-007	1471.12	1343.47	1344.31
1343.6	842.966	353	1.#QNAN	0	0.015	0	8.27682e-007	1497.25	1343.6	1344.44
1343.58	842.928	354	1.#QNAN	0	0.016	0	8.09696e-007	1447.18	1343.58	1344.42
1343.55	842.918	355	1.#QNAN	0	0.016	0	8.00831e-007	1442.35	1343.55	1344.39
1343.46	842.877	356	1.#QNAN	0	0.015	0	8.1238e-007	1421.36	1343.46	1344.29
1343.53	842.892	357	1.#QNAN	0	0.016	0	8.07266e-007	1461.42	1343.53	1344.36
1343.55	842.895	358	1.#QNAN	0	0.015	0	8.20964e-007	1424.97	1343.55	1344.38
1343.62	842.887	359	1.#QNAN	0	0.032	0	8.26162e-007	1502.82	1343.62	1344.45
1343.67	842.885	360	1.#QNAN	0	0.015	0	8.29389e-007	1462.42	1343.67	1344.5
1343.78	842.917	361	1.#QNAN	0	0.016	0	8.07485e-007	1485.1	1343.78	1344.61
1343.87	842.907	362	1.#QNAN	0	0.015	0	7.83221e-007	1498.18	1343.87	1344.7
1343.97	842.957	363	1.#QNAN	0	0.016	0	8.33133e-007	1499.55	1343.97	1344.79
1344.08	842.943	364	1.#QNAN	0	0.016	0	8.02063e-007	1490.83	1344.08	1344.91
1344.22	842.961	365	1.#QNAN	0	0.015	0	8.01659e-007	1508.22	1344.22	1345.04
1344.26	843	366	1.#QNAN	0	0.031	0	8.14892e-007	1462.04	1344.26	1345.08
1344.18	843	367	1.#QNAN	0	0.016	0	7.84414e-007	1430.1	1344.18	1345
1344.2	843.01	368	1.#QNAN	0	0.016	0	7.99162e-007	1445.05	1344.2	1345.01
1344.26	843.007	369	1.#QNAN	0	0.015	0	8.12516e-007	1477.53	1344.26	1345.07
1344.32	843.02	370	1.#QNAN	0	0.016	0	8.07276e-007	1459.43	1344.32	1345.13
1344.36	843.043	371	1.#QNAN	0	0.015	0	8.31795e-007	1467.47	1344.36	1345.17
1344.37	843.003	372	1.#QNAN	0	0.016	0	8.02636e-007	1447.01	1344.37	1345.17
1344.43	842.98	373	1.#QNAN	0	0.016	0	8.16698e-007	1464.89	1344.43	1345.24
1344.51	842.974	374	1.#QNAN	0	0.031	0	8.50085e-007	1482.17	1344.51	1345.32
1344.57	842.969	375	1.#QNAN	0	0.015	0	8.35164e-007	1455.73	1344.57	1345.37
1344.66	842.977	376	1.#QNAN	0	0.016	0	8.14006e-007	1486.34	1344.66	1345.46
1344.71	842.964	377	1.#QNAN	0	0.017	0	8.28927e-007	1451.18	1344.71	1345.51
1344.81	843.012	378	1.#QNAN	0	0.015	0	8.25809e-007	1492.65	1344.81	1345.61
1344.86	843.018	379	1.#QNAN	0	0.016	0	8.13277e-007	1447.72	1344.86	1345.66
1344.89	843.043	380	1.#QNAN	0	0.015	0	7.99999e-007	1461.26	1344.89	1345.69
1344.89	843.04	381	1.#QNAN	0	0.016	0	8.06861e-007	1438.8	1344.89	1345.69
1344.82	843.026	382	1.#QNAN	0	0.031	0	7.94654e-007	1413.41	1344.82	1345.62
1344.74	842.979	383	1.#QNAN	0	0.016	0	8.2039e-007	1422.33	1344.74	1345.53
1344.59	842.92	384	1.#QNAN	0	0.015	0	8.11653e-007	1413.78	1344.59	1345.38
1344.48	842.895	385	1.#QNAN	0	0.016	0	8.35887e-007	1408.92	1344.48	1345.27
1344.36	842.846	386	1.#QNAN	0	0.016	0	8.13357e-007	1412.5	1344.36	1345.15
1344.26	842.799	387	1.#QNAN	0	0.015	0	8.15044e-007	1417.25	1344.26	1345.05
1344.23	842.793	388	1.#QNAN	0	0.016	0	8.07675e-007	1415.58	1344.23	1345.02
1344.1	842.78	389	1.#QNAN	0	0.031	0	7.91856e-007	1381.92	1344.1	1344.88
1343.97	842.742	390	1.#QNAN	0	0.016	0	7.86439e-007	1382.44	1343.97	1344.75
1343.91	842.732	391	1.#QNAN	0	0.015	0	7.98159e-007	1402.66	1343.91	1344.69
1343.81	842.703	392	1.#QNAN	0	0.016	0	8.24552e-007	1399.08	1343.81	1344.59
1343.63	842.597	393	1.#QNAN	0	0.015	0	8.00211e-007	1360.83	1343.63	1344.4
1343.5	842.526	394	1.#QNAN	0	0.016	0	7.98964e-007	1417.55	1343.5	1344.27
1343.42	842.481	395	1.#QNAN	0	0.016	0	8.03479e-007	1435.27	1343.42	1344.19
1343.35	842.455	396	1.#QNAN	0	0.015	0	8.1561e-007	1411.9	1343.35	1344.11
1343.28	842.4	397	1.#QNAN	0	0.031	1	8.0516e-007	1426.63	1343.28	1344.05
1343.26	842.381	398	1.#QNAN	0	0.016	0	8.50054e-007	1424.54	1343.26	1344.02
1343.23	842.32	399	1.#QNAN	0	0.016	0	8.18848e-007	1438.52	1343.23	1343.99
