rmse	mae	#iter	time_pred	time_learn	time_learn2	time_learn4	alpha	rmse_mcmc_this	rmse_mcmc_all	rmse_mcmc_all_but5
21476	14654.1	0	1.#QNAN	0	0.016	0	6.10662e-013	21476	21476	3880.47
19699	13570.9	1	1.#QNAN	0	0.016	0	1.13294e-011	20820	19699	3880.47
19997.6	13649.9	2	1.#QNAN	0	0.015	0	1.48626e-011	21529.1	19997.6	3880.47
20293.2	13829.2	3	1.#QNAN	0	0	0	1.68476e-011	21994.7	20293.2	3880.47
20456.3	13942.7	4	1.#QNAN	0	0	0	1.93947e-011	21804.6	20456.3	37687.6
20526.2	13957.6	5	1.#QNAN	0	0.015	0	2.14785e-011	21577.7	20526.2	21577.7
20503.5	13907.5	6	1.#QNAN	0	0.016	1	2.30906e-011	21222.2	20503.5	21011.7
20438.1	13828.4	7	1.#QNAN	0	0.016	0	2.70356e-011	20995.7	20438.1	20784.3
20452.6	13803.5	8	1.#QNAN	0	0.015	0	2.82658e-011	21162	20452.6	20750.7
20415.2	13749.1	9	1.#QNAN	0	0.016	0	3.07469e-011	20774.2	20415.2	20632.9
20387.1	13714.5	10	1.#QNAN	0	0.015	0	3.33998e-011	20906.4	20387.1	20584
20374.7	13680.3	11	1.#QNAN	0	0	0	3.743e-011	20797.5	20374.7	20549.5
20370.9	13667.1	12	1.#QNAN	0	0.016	0	4.34496e-011	20949.4	20370.9	20539.7
20340.8	13632	13	1.#QNAN	0	0.016	0	4.6687e-011	20558.4	20340.8	20484.2
20306.1	13597.8	14	1.#QNAN	0	0.015	0	5.21688e-011	20536.6	20306.1	20428.5
20270.3	13568.4	15	1.#QNAN	0	0.016	0	5.72351e-011	20384.2	20270.3	20374.3
20232.5	13527.1	16	1.#QNAN	0	0.015	0	7.00363e-011	20157.9	20232.5	20316.4
20191.6	13490.7	17	1.#QNAN	0	0.016	0	8.32154e-011	20139.2	20191.6	20254
20140.3	13447.9	18	1.#QNAN	0	0.016	0	1.02856e-010	20028.7	20140.3	20177.6
20066.9	13386.1	19	1.#QNAN	0	0.015	0	1.26513e-010	19543.4	20066.9	20076.3
19915.1	13278.8	20	1.#QNAN	0	0.016	0	1.49211e-010	18446.3	19915.1	19878.4
19828.5	13216.8	21	1.#QNAN	0	0	0	1.65529e-010	19303.4	19828.5	19767.4
19703.8	13135.6	22	1.#QNAN	0	0.015	0	2.02341e-010	18399.7	19703.8	19612.3
19543.1	13030.7	23	1.#QNAN	0	0.016	0	2.2367e-010	17869.7	19543.1	19417.7
19416.4	12958.7	24	1.#QNAN	0	0.016	0	2.51583e-010	18336.9	19416.4	19269.4
19263.1	12865.8	25	1.#QNAN	0	0.015	0	2.84631e-010	17808.9	19263.1	19091.1
19099.7	12765.5	26	1.#QNAN	0	0.016	0	3.15186e-010	17338.1	19099.7	18904.5
18949.3	12694.8	27	1.#QNAN	0	0.015	0	3.37107e-010	17647.2	18949.3	18735.4
18787.3	12611.1	28	1.#QNAN	0	0.016	0	3.47621e-010	17193.5	18787.3	18556
18646.9	12543.2	29	1.#QNAN	0	0	0	3.89636e-010	17474.4	18646.9	18404.7
18487.6	12458.5	30	1.#QNAN	0	0.016	0	4.10523e-010	16868	18487.6	18232.8
18328.1	12372.1	31	1.#QNAN	0	0.015	0	4.17771e-010	16634.5	18328.1	18063
18168.2	12287.6	32	1.#QNAN	0	0.016	0	4.3478e-010	16324.8	18168.2	17893.5
18014.2	12204.2	33	1.#QNAN	0	0.015	0	4.61385e-010	16122.9	18014.2	17732.1
17872.9	12127	34	1.#QNAN	0	0.016	0	4.82634e-010	16469.1	17872.9	17586.5
17708.3	12034.2	35	1.#QNAN	0	0.016	0	4.95636e-010	15585.3	17708.3	17414.2
17573.1	11960.8	36	1.#QNAN	0	0	0	5.18517e-010	16143	17573.1	17276.8
17415.3	11866.4	37	1.#QNAN	0	0	0	5.44219e-010	15406.6	17415.3	17115.1
17263.5	11779.2	38	1.#QNAN	0	0.016	0	5.64093e-010	15251	17263.5	16960.2
17116.9	11688	39	1.#QNAN	0	0.015	0	5.8102e-010	14963.1	17116.9	16811.6
16984.8	11611.1	40	1.#QNAN	0	0.016	0	6.074e-010	15288.7	16984.8	16680
16851.3	11531.4	41	1.#QNAN	0	0.016	0	6.45902e-010	14880.9	16851.3	16546.7
16723.9	11454.7	42	1.#QNAN	0	0.015	0	6.37358e-010	14784.4	16723.9	16420.4
16588.9	11368.5	43	1.#QNAN	0	0	0	6.79734e-010	14338.2	16588.9	16286.1
16466.4	11291.8	44	1.#QNAN	0	0.016	0	6.92758e-010	14518.9	16466.4	16165.2
16342.6	11209.7	45	1.#QNAN	0	0.015	0	7.27085e-010	14130.8	16342.6	16043.1
16235.5	11140.6	46	1.#QNAN	0	0.016	0	7.37275e-010	14593.3	16235.5	15939.7
16121.5	11065.7	47	1.#QNAN	0	0.016	0	7.54129e-010	14074.8	16121.5	15828.3
16022.5	11001.4	48	1.#QNAN	0	0.015	0	7.90377e-010	14382	16022.5	15733.4
15922	10932.1	49	1.#QNAN	0	0.016	0	7.95802e-010	14066	15922	15636.5
15819.9	10862.9	50	1.#QNAN	0	0	0	8.20648e-010	13842	15819.9	15537.7
15710.9	10784.6	51	1.#QNAN	0	0.015	0	8.16986e-010	13378.9	15710.9	15431.3
15615.8	10716.5	52	1.#QNAN	0	0.016	0	8.74842e-010	13653.6	15615.8	15340
15524.5	10649.4	53	1.#QNAN	0	0.016	0	8.97203e-010	13595.1	15524.5	15252.5
15438.2	10585.7	54	1.#QNAN	0	0.015	0	9.33156e-010	13722.6	15438.2	15170.4
15355.8	10525.1	55	1.#QNAN	0	0.016	0	1.01604e-009	13685.2	15355.8	15092.3
15268.3	10459.4	56	1.#QNAN	0	0.015	0	1.00874e-009	13298.5	15268.3	15008.4
15182.7	10395.7	57	1.#QNAN	0	0.016	0	1.0371e-009	13232.9	15182.7	14926.7
15106.8	10338.7	58	1.#QNAN	0	0	0	1.05189e-009	13409.1	15106.8	14854.7
15030.5	10281.9	59	1.#QNAN	0	0.016	0	1.06662e-009	13155.5	15030.5	14782.6
14951.4	10224	60	1.#QNAN	0	0.015	0	1.135e-009	12997.2	14951.4	14707.2
14874.8	10166.3	61	1.#QNAN	0	0.016	0	1.11571e-009	12890.2	14874.8	14634.3
14806.7	10115.4	62	1.#QNAN	0	0.015	0	1.16712e-009	13131.2	14806.7	14570.4
14735.5	10061	63	1.#QNAN	0	0.016	0	1.20788e-009	12840.4	14735.5	14502.9
14664.5	10006.4	64	1.#QNAN	0	0.016	0	1.21768e-009	12640.1	14664.5	14435.6
14602.9	9959.95	65	1.#QNAN	0	0	0	1.25355e-009	13061.3	14602.9	14378.3
14540.1	9912.22	66	1.#QNAN	0	0	0	1.26052e-009	12958.7	14540.1	14319.5
14477.9	9863.48	67	1.#QNAN	0	0.016	0	1.27781e-009	12752.6	14477.9	14261.1
14414.6	9813.2	68	1.#QNAN	0	0.015	0	1.29236e-009	12452.9	14414.6	14201.3
14351.4	9762.42	69	1.#QNAN	0	0.016	0	1.35366e-009	12339.2	14351.4	14141.4
14289.6	9712.81	70	1.#QNAN	0	0.016	0	1.34131e-009	12346.5	14289.6	14082.9
14230.1	9665.32	71	1.#QNAN	0	0.015	0	1.35085e-009	12390.6	14230.1	14026.9
14171.2	9617.74	72	1.#QNAN	0	0	0	1.4583e-009	12323.3	14171.2	13971.3
14114.4	9571.64	73	1.#QNAN	0	0.016	0	1.49904e-009	12258.9	14114.4	13917.9
14058.5	9526.12	74	1.#QNAN	0	0.015	0	1.44009e-009	12151.1	14058.5	13865.4
14005.1	9483.62	75	1.#QNAN	0	0.016	0	1.42326e-009	12321.7	14005.1	13815.2
13948.4	9437.62	76	1.#QNAN	0	0.016	0	1.5591e-009	11902.1	13948.4	13761.4
13892.9	9392.26	77	1.#QNAN	0	0.015	0	1.56151e-009	11914.3	13892.9	13708.8
13840.9	9349.07	78	1.#QNAN	0	0	0	1.56821e-009	12053.1	13840.9	13659.9
13791.8	9308.85	79	1.#QNAN	0	0.016	0	1.58477e-009	12000.3	13791.8	13613.8
13743.3	9267.94	80	1.#QNAN	0	0.015	1	1.66329e-009	11905.4	13743.3	13568.2
13695.3	9228.42	81	1.#QNAN	0	0.016	0	1.6436e-009	11807.8	13695.3	13523.1
13648.5	9189.1	82	1.#QNAN	0	0.016	0	1.66911e-009	11718.3	13648.5	13478.9
13599.1	9148.47	83	1.#QNAN	0	0.015	0	1.69177e-009	11593.8	13599.1	13432.2
13551.7	9109.22	84	1.#QNAN	0	0.016	0	1.73396e-009	11500.9	13551.7	13387.3
13504.8	9071.47	85	1.#QNAN	0	0	0	1.83161e-009	11544.8	13504.8	13342.9
13456.5	9032.12	86	1.#QNAN	0	0.015	0	1.8249e-009	11354.6	13456.5	13296.9
13409.6	8993.46	87	1.#QNAN	0	0.016	0	1.90919e-009	11343.5	13409.6	13252.3
13365	8956.05	88	1.#QNAN	0	0.016	0	1.94345e-009	11333.9	13365	13210
13320.2	8918.19	89	1.#QNAN	0	0.015	0	1.9193e-009	11267.7	13320.2	13167.5
13276.1	8881.83	90	1.#QNAN	0	0.016	0	2.01467e-009	11299.1	13276.1	13125.6
13234.8	8846.62	91	1.#QNAN	0	0	0	1.94984e-009	11301.4	13234.8	13086.5
13198.6	8815.23	92	1.#QNAN	0	0.015	0	2.01008e-009	11656	13198.6	13052.7
13160.3	8782.01	93	1.#QNAN	0	0.016	0	1.99795e-009	11395.3	13160.3	13016.7
13120.8	8747.31	94	1.#QNAN	0	0.016	0	2.05667e-009	11272.7	13120.8	12979.3
13079.2	8711.77	95	1.#QNAN	0	0.015	0	2.07381e-009	11036.5	13079.2	12939.7
13045	8680.77	96	1.#QNAN	0	0.016	0	2.20299e-009	11435.7	13045	12907.7
13006.7	8647.5	97	1.#QNAN	0	0.015	0	2.13635e-009	11038.6	13006.7	12871.3
12968.3	8613.56	98	1.#QNAN	0	0	0	2.13411e-009	11108.8	12968.3	12834.8
12932.2	8581.32	99	1.#QNAN	0	0.016	0	2.22971e-009	11134.1	12932.2	12800.6
12895	8549.09	100	1.#QNAN	0	0.016	0	2.25027e-009	11032.3	12895	12765.3
12858	8517.14	101	1.#QNAN	0	0.015	0	2.24107e-009	11016.1	12858	12730.2
12820.6	8484.07	102	1.#QNAN	0	0.016	0	2.31169e-009	10922.7	12820.6	12694.5
12785.3	8452.81	103	1.#QNAN	0	0.015	0	2.27201e-009	10982.5	12785.3	12660.9
12750.8	8422.56	104	1.#QNAN	0	0.016	0	2.42362e-009	10948.4	12750.8	12628
12717.9	8392.86	105	1.#QNAN	0	0.016	0	2.46997e-009	11005.2	12717.9	12596.8
12682.4	8362.06	106	1.#QNAN	0	0	0	2.50964e-009	10670.9	12682.4	12563
12648.1	8332.5	107	1.#QNAN	0	0.015	0	2.41952e-009	10671.4	12648.1	12530.2
12612.4	8301.31	108	1.#QNAN	0	0.016	0	2.47434e-009	10549	12612.4	12495.9
12578.9	8271.59	109	1.#QNAN	0	0.015	0	2.59891e-009	10634.8	12578.9	12463.9
12545	8242.48	110	1.#QNAN	0	0.016	0	2.5552e-009	10532.4	12545	12431.4
12512.6	8213.91	111	1.#QNAN	0	0.016	0	2.60979e-009	10564.8	12512.6	12400.5
12479.2	8185.01	112	1.#QNAN	0	0.015	0	2.59846e-009	10386.9	12479.2	12368.5
12446.7	8156.88	113	1.#QNAN	0	0.016	0	2.71472e-009	10351.7	12446.7	12337.3
12413.5	8128.57	114	1.#QNAN	0	0	0	2.70144e-009	10239.6	12413.5	12305.4
12381.1	8101.03	115	1.#QNAN	0	0.015	0	2.87652e-009	10213.4	12381.1	12274.2
12348.5	8074.08	116	1.#QNAN	0	0.016	0	2.81275e-009	10151.3	12348.5	12242.8
12313.9	8045.03	117	1.#QNAN	0	0.016	0	2.91683e-009	10006.6	12313.9	12209.3
12283.1	8018.98	118	1.#QNAN	0	0.015	0	2.85801e-009	10289.8	12283.1	12179.8
12251	7991.98	119	1.#QNAN	0	0.016	0	2.99923e-009	10070.4	12251	12148.9
12220.9	7966.7	120	1.#QNAN	0	0.015	0	3.01703e-009	10101.4	12220.9	12119.9
12191.3	7941.23	121	1.#QNAN	0	0	0	2.94565e-009	10199.2	12191.3	12091.5
12160.5	7915.28	122	1.#QNAN	0	0.016	0	3.15864e-009	10006.5	12160.5	12061.8
12129.7	7889.38	123	1.#QNAN	0	0.016	0	3.09391e-009	9922.93	12129.7	12032
12101.1	7865.12	124	1.#QNAN	0	0.015	0	3.09209e-009	10072	12101.1	12004.6
12073.1	7841.46	125	1.#QNAN	0	0.016	0	3.12799e-009	10053.6	12073.1	11977.6
12042.6	7816.02	126	1.#QNAN	0	0.015	0	3.16928e-009	9839.44	12042.6	11948.1
12013.3	7790.77	127	1.#QNAN	0	0.016	0	3.18485e-009	9897.94	12013.3	11919.8
11984.1	7766.82	128	1.#QNAN	0	0.016	0	3.21725e-009	9809.31	11984.1	11891.6
11955.9	7743.53	129	1.#QNAN	0	0	0	3.3479e-009	9802.76	11955.9	11864.4
11927.5	7719.59	130	1.#QNAN	0	0.015	0	3.41905e-009	9733.84	11927.5	11836.9
11898.7	7695.78	131	1.#QNAN	0	0.016	0	3.49713e-009	9730.26	11898.7	11809.1
11871.5	7673.05	132	1.#QNAN	0	0.015	0	3.36151e-009	9734.01	11871.5	11782.8
11843.9	7650.55	133	1.#QNAN	0	0.016	0	3.60371e-009	9635.64	11843.9	11756.2
11818	7628.69	134	1.#QNAN	0	0.016	0	3.48208e-009	9832.32	11818	11731.3
11794	7608.1	135	1.#QNAN	0	0.015	0	3.41067e-009	9928.35	11794	11708.2
11767.7	7586.77	136	1.#QNAN	0	0	0	3.46663e-009	9631.56	11767.7	11682.8
11742.3	7565.78	137	1.#QNAN	0	0.016	0	3.6246e-009	9632.71	11742.3	11658.3
11717.1	7544.56	138	1.#QNAN	0	0.015	0	3.64436e-009	9663.59	11717.1	11634
11691	7523.4	139	1.#QNAN	0	0.016	0	3.54765e-009	9438.39	11691	11608.7
11666.9	7503.4	140	1.#QNAN	0	0.016	0	3.6919e-009	9647.85	11666.9	11585.4
11641.4	7482.16	141	1.#QNAN	0	0.015	0	3.94995e-009	9459.23	11641.4	11560.8
11618.3	7463.38	142	1.#QNAN	0	0.016	0	3.82106e-009	9623.65	11618.3	11538.5
11594	7443.57	143	1.#QNAN	0	0	0	3.80099e-009	9456.34	11594	11514.9
11568.6	7422.98	144	1.#QNAN	0	0.015	0	3.83896e-009	9330.76	11568.6	11490.3
11543.3	7402.62	145	1.#QNAN	0	0.016	0	3.92322e-009	9346.62	11543.3	11465.8
11519.3	7382.91	146	1.#QNAN	0	0.016	0	3.87305e-009	9461.3	11519.3	11442.6
11495.3	7363.85	147	1.#QNAN	0	0.015	0	4.01502e-009	9403.05	11495.3	11419.3
11469.6	7343.34	148	1.#QNAN	0	0.016	0	3.96404e-009	9140.9	11469.6	11394.3
11445.3	7323.84	149	1.#QNAN	0	0	0	4.16491e-009	9262.89	11445.3	11370.8
11419.8	7304.03	150	1.#QNAN	0	0	0	4.07645e-009	9059.6	11419.8	11345.9
11394.5	7283.94	151	1.#QNAN	0	0.016	0	4.19962e-009	9040.82	11394.5	11321.3
11370.1	7264.58	152	1.#QNAN	0	0.016	0	4.16828e-009	9154.36	11370.1	11297.5
11345.5	7245.32	153	1.#QNAN	0	0.015	0	4.41305e-009	9055.78	11345.5	11273.6
11322.4	7227.26	154	1.#QNAN	0	0.016	1	4.27711e-009	9159.51	11322.4	11251.1
11298.8	7208.57	155	1.#QNAN	0	0.015	0	4.2134e-009	9130.47	11298.8	11228.2
11275.2	7190.11	156	1.#QNAN	0	0.016	0	4.32206e-009	9024.89	11275.2	11205.3
11251.2	7171.38	157	1.#QNAN	0	0	0	4.47466e-009	8958.8	11251.2	11181.8
11227	7152.46	158	1.#QNAN	0	0.016	0	4.44206e-009	8949.89	11227	11158.2
11202.7	7133.63	159	1.#QNAN	0	0.015	0	4.32232e-009	8892.66	11202.7	11134.5
11180.6	7116.11	160	1.#QNAN	0	0.016	0	4.63807e-009	9049.81	11180.6	11113
11157.9	7098.08	161	1.#QNAN	0	0.015	0	4.60782e-009	9020.9	11157.9	11090.9
11134.6	7079.89	162	1.#QNAN	0	0.016	0	4.54875e-009	8908.23	11134.6	11068.2
11113.2	7063.17	163	1.#QNAN	0	0	0	4.65223e-009	9121.21	11113.2	11047.4
11090.5	7045.53	164	1.#QNAN	0	0.016	0	4.80353e-009	8929.41	11090.5	11025.3
11066.4	7027.37	165	1.#QNAN	0	0.015	0	4.78001e-009	8661.64	11066.4	11001.6
11043.9	7010.16	166	1.#QNAN	0	0.016	0	4.83909e-009	8834.25	11043.9	10979.8
11021.7	6993.27	167	1.#QNAN	0	0.015	0	4.91781e-009	8774.99	11021.7	10958.1
10999.3	6976.14	168	1.#QNAN	0	0.016	0	5.18044e-009	8763.72	10999.3	10936.2
10977	6959.41	169	1.#QNAN	0	0.016	0	5.04286e-009	8703.53	10977	10914.3
10955.9	6943.25	170	1.#QNAN	0	0	0	5.13576e-009	8826.14	10955.9	10893.8
10933.5	6926.3	171	1.#QNAN	0	0.015	0	5.26019e-009	8609.41	10933.5	10871.9
10911.8	6909.95	172	1.#QNAN	0	0.016	0	5.09051e-009	8640.1	10911.8	10850.7
10889.8	6893.25	173	1.#QNAN	0	0.015	0	5.07347e-009	8546.5	10889.8	10829.1
10869.3	6877.81	174	1.#QNAN	0	0.016	0	5.36554e-009	8707.37	10869.3	10809
10847.6	6861.55	175	1.#QNAN	0	0.016	0	5.23551e-009	8530.71	10847.6	10787.8
10827.9	6846.65	176	1.#QNAN	0	0.015	0	5.38615e-009	8687.79	10827.9	10768.6
10809	6832.42	177	1.#QNAN	0	0	0	5.55224e-009	8735.9	10809	10750.2
10788.4	6816.95	178	1.#QNAN	0	0.016	0	5.79617e-009	8472.17	10788.4	10730.1
10768.2	6801.65	179	1.#QNAN	0	0.015	0	5.62826e-009	8417.06	10768.2	10710.3
10747.8	6786.57	180	1.#QNAN	0	0.016	0	5.82848e-009	8404.27	10747.8	10690.4
10728.3	6771.95	181	1.#QNAN	0	0.016	0	5.84795e-009	8524.83	10728.3	10671.2
10708	6756.75	182	1.#QNAN	0	0.015	0	6.03015e-009	8372.44	10708	10651.4
10687.7	6742.12	183	1.#QNAN	0	0.016	0	5.82651e-009	8300.26	10687.7	10631.5
10667.8	6727.39	184	1.#QNAN	0	0	0	6.23729e-009	8321	10667.8	10612
10647.9	6712.82	185	1.#QNAN	0	0.015	0	6.28293e-009	8342.63	10647.9	10592.5
10627.7	6697.86	186	1.#QNAN	0	0.016	0	6.08438e-009	8268.82	10627.7	10572.8
10607.9	6683.18	187	1.#QNAN	0	0.016	0	5.81402e-009	8277.97	10607.9	10553.4
10588.9	6669.14	188	1.#QNAN	0	0.015	0	6.48325e-009	8341.85	10588.9	10534.8
10570.2	6655.6	189	1.#QNAN	0	0.016	0	6.58557e-009	8354.68	10570.2	10516.5
10550.6	6641.17	190	1.#QNAN	0	0	0	6.45912e-009	8159.39	10550.6	10497.3
10531.1	6626.75	191	1.#QNAN	0	0.015	0	6.88044e-009	8192.44	10531.1	10478.2
10511.5	6612.36	192	1.#QNAN	0	0.016	0	6.768e-009	8157.72	10511.5	10459
10492.4	6598.13	193	1.#QNAN	0	0.016	0	6.94149e-009	8231.67	10492.4	10440.3
10474.1	6584.54	194	1.#QNAN	0	0.015	0	7.11321e-009	8207.09	10474.1	10422.3
10455.7	6571.18	195	1.#QNAN	0	0.016	0	7.02559e-009	8250.62	10455.7	10404.3
10437	6557.64	196	1.#QNAN	0	0.015	0	7.3237e-009	8148.04	10437	10386
10418.6	6544.18	197	1.#QNAN	0	0.016	0	7.12973e-009	8152.56	10418.6	10367.9
10400.5	6531.15	198	1.#QNAN	0	0	0	7.46729e-009	8216.94	10400.5	10350.2
10381.9	6517.9	199	1.#QNAN	0	0.016	0	7.47536e-009	8091.24	10381.9	10331.9
10362.7	6504.26	200	1.#QNAN	0	0.015	0	7.58863e-009	7954.12	10362.7	10313
10343.4	6490.62	201	1.#QNAN	0	0.016	0	7.98319e-009	7969.72	10343.4	10294.1
10325	6477.37	202	1.#QNAN	0	0.015	0	7.68417e-009	8010.03	10325	10276
10306.7	6464.23	203	1.#QNAN	0	0.016	0	8.05861e-009	8049.2	10306.7	10257.9
10288.4	6451.28	204	1.#QNAN	0	0.016	0	8.19783e-009	8018.93	10288.4	10239.9
10270.1	6438.35	205	1.#QNAN	0	0	0	8.44284e-009	8038.16	10270.1	10221.9
10251.4	6425.1	206	1.#QNAN	0	0	0	8.52284e-009	7962.07	10251.4	10203.5
10233	6412.01	207	1.#QNAN	0	0.016	0	8.41906e-009	7986.04	10233	10185.4
10213.6	6398.38	208	1.#QNAN	0	0.015	0	8.46173e-009	7837.34	10213.6	10166.3
10195.3	6385.54	209	1.#QNAN	0	0.016	0	8.96867e-009	7888.72	10195.3	10148.2
10176.6	6372.56	210	1.#QNAN	0	0.016	0	8.99107e-009	7832.62	10176.6	10129.9
10158	6359.6	211	1.#QNAN	0	0.015	0	9.07127e-009	7821.39	10158	10111.5
10139.4	6346.72	212	1.#QNAN	0	0.016	0	9.29861e-009	7862.96	10139.4	10093.1
10120.4	6333.42	213	1.#QNAN	0	0	0	9.22449e-009	7772.22	10120.4	10074.4
10101.4	6320.18	214	1.#QNAN	0	0.015	0	9.83477e-009	7771.93	10101.4	10055.6
10082.3	6307.11	215	1.#QNAN	0	0.016	0	9.99764e-009	7672.07	10082.3	10036.8
10064.3	6294.68	216	1.#QNAN	0	0.016	0	9.70129e-009	7781.1	10064.3	10019
10045.2	6281.56	217	1.#QNAN	0	0.015	0	9.91245e-009	7621.55	10045.2	10000.1
10025.9	6268.24	218	1.#QNAN	0	0.016	0	1.00121e-008	7612.94	10025.9	9981.06
10007.7	6255.8	219	1.#QNAN	0	0	0	1.04199e-008	7739.51	10007.7	9963.1
9989.6	6243.46	220	1.#QNAN	0	0.015	0	1.0764e-008	7741.53	9989.6	9945.21
9971.64	6231.22	221	1.#QNAN	0	0.016	0	1.05919e-008	7636.63	9971.64	9927.46
9953.2	6218.8	222	1.#QNAN	0	0.016	0	1.08316e-008	7570.7	9953.2	9909.22
9935.01	6206.42	223	1.#QNAN	0	0.015	0	1.09662e-008	7542.41	9935.01	9891.24
9917.06	6194.05	224	1.#QNAN	0	0.016	0	1.07469e-008	7509.91	9917.06	9873.5
9899.27	6181.94	225	1.#QNAN	0	0.015	0	1.10334e-008	7583.66	9899.27	9855.91
9881.39	6169.71	226	1.#QNAN	0	0	0	1.0835e-008	7438.49	9881.39	9838.25
9863.66	6157.43	227	1.#QNAN	0	0.016	0	1.14587e-008	7396.6	9863.66	9820.72
9845.41	6144.8	228	1.#QNAN	0	0.016	0	1.16526e-008	7356.01	9845.41	9802.68
9827.34	6132.35	229	1.#QNAN	0	0.015	1	1.13813e-008	7319.86	9827.34	9784.79
9809.27	6120.06	230	1.#QNAN	0	0.016	0	1.14943e-008	7354.07	9809.27	9766.92
9791.31	6107.79	231	1.#QNAN	0	0.015	0	1.15068e-008	7334.28	9791.31	9749.15
9772.89	6095.25	232	1.#QNAN	0	0.016	0	1.21472e-008	7283.03	9772.89	9730.92
9754.1	6082.41	233	1.#QNAN	0	0	0	1.21112e-008	7177.03	9754.1	9712.32
9736.44	6070.23	234	1.#QNAN	0	0.016	0	1.167e-008	7367.37	9736.44	9694.85
9718.99	6058.32	235	1.#QNAN	0	0.015	0	1.21515e-008	7374.5	9718.99	9677.59
9701.15	6046	236	1.#QNAN	0	0.016	0	1.27872e-008	7324.57	9701.15	9659.94
9682.96	6033.49	237	1.#QNAN	0	0.015	0	1.26407e-008	7308.7	9682.96	9641.91
9665.05	6021.12	238	1.#QNAN	0	0.016	0	1.2702e-008	7314.78	9665.05	9624.17
9647.07	6008.72	239	1.#QNAN	0	0.016	0	1.24417e-008	7279.58	9647.07	9606.35
9629.48	5996.75	240	1.#QNAN	0	0.015	0	1.26905e-008	7258.63	9629.48	9588.91
9611.84	5984.82	241	1.#QNAN	0	0	0	1.32543e-008	7243.35	9611.84	9571.43
9593.84	5972.43	242	1.#QNAN	0	0.016	0	1.30374e-008	7165.66	9593.84	9553.57
9576.19	5960.34	243	1.#QNAN	0	0.015	0	1.33714e-008	7198.05	9576.19	9536.07
9558.8	5948.51	244	1.#QNAN	0	0.016	0	1.40731e-008	7236.79	9558.8	9518.81
9541.01	5936.43	245	1.#QNAN	0	0.016	0	1.35122e-008	7072.8	9541.01	9501.17
9524.4	5925.04	246	1.#QNAN	0	0.015	0	1.36213e-008	7228.08	9524.4	9484.71
9507.63	5913.4	247	1.#QNAN	0	0.016	0	1.41677e-008	7230.79	9507.63	9468.1
9490.83	5902.11	248	1.#QNAN	0	0.015	0	1.41191e-008	7221.47	9490.83	9451.46
9474.55	5891.24	249	1.#QNAN	0	0	0	1.37847e-008	7240.5	9474.55	9435.32
9457.58	5879.95	250	1.#QNAN	0	0.016	0	1.38207e-008	7086.24	9457.58	9418.51
9441.43	5869.33	251	1.#QNAN	0	0.016	0	1.4039e-008	7193.06	9441.43	9402.52
9425.16	5858.66	252	1.#QNAN	0	0.015	0	1.46218e-008	7138.01	9425.16	9386.4
9408.85	5847.96	253	1.#QNAN	0	0.016	0	1.50162e-008	7128.4	9408.85	9370.24
9392.11	5837.06	254	1.#QNAN	0	0.015	0	1.44189e-008	7039.71	9392.11	9353.63
9375.1	5825.81	255	1.#QNAN	0	0	0	1.53658e-008	7005.94	9375.1	9336.76
9358.54	5814.94	256	1.#QNAN	0	0.016	0	1.49136e-008	7058.63	9358.54	9320.34
9342.08	5804.26	257	1.#QNAN	0	0.016	0	1.53166e-008	7039.57	9342.08	9304.03
9325.65	5793.6	258	1.#QNAN	0	0.015	0	1.52968e-008	7069.76	9325.65	9287.73
9309.7	5783.01	259	1.#QNAN	0	0.016	0	1.54085e-008	7052.39	9309.7	9271.94
9293.51	5772.44	260	1.#QNAN	0	0.015	0	1.57476e-008	6925.77	9293.51	9255.89
9277.31	5761.87	261	1.#QNAN	0	0.016	0	1.57209e-008	6970.1	9277.31	9239.85
9260.93	5751.05	262	1.#QNAN	0	0	0	1.55958e-008	6936.33	9260.93	9223.61
9245.17	5740.72	263	1.#QNAN	0	0.016	0	1.64001e-008	6972.69	9245.17	9208
9228.97	5730.16	264	1.#QNAN	0	0.015	0	1.63282e-008	6867.79	9228.97	9191.96
9212.95	5719.67	265	1.#QNAN	0	0.016	0	1.60491e-008	6911.88	9212.95	9176.09
9197	5709.1	266	1.#QNAN	0	0.015	0	1.62492e-008	6867.82	9197	9160.27
9181.76	5699.05	267	1.#QNAN	0	0.016	0	1.60027e-008	6966.77	9181.76	9145.18
9166.22	5688.89	268	1.#QNAN	0	0.016	0	1.5581e-008	6891.6	9166.22	9129.79
9150.99	5678.83	269	1.#QNAN	0	0	0	1.67423e-008	6863.81	9150.99	9114.71
9135.1	5668.46	270	1.#QNAN	0	0.015	0	1.69834e-008	6726.58	9135.1	9098.95
9119.58	5658.21	271	1.#QNAN	0	0.016	0	1.65492e-008	6773.7	9119.58	9083.57
9103.98	5647.96	272	1.#QNAN	0	0.015	0	1.71167e-008	6773.2	9103.98	9068.1
9088.96	5638.05	273	1.#QNAN	0	0.016	0	1.6722e-008	6861.62	9088.96	9053.21
9074.14	5628.28	274	1.#QNAN	0	0.016	0	1.71039e-008	6929.12	9074.14	9038.53
9059.21	5618.31	275	1.#QNAN	0	0.015	0	1.68196e-008	6899.45	9059.21	9023.73
9044.35	5608.35	276	1.#QNAN	0	0	0	1.71209e-008	6854.29	9044.35	9009.02
9029.74	5598.57	277	1.#QNAN	0	0.016	0	1.7267e-008	6852.58	9029.74	8994.53
9014.9	5588.69	278	1.#QNAN	0	0.015	0	1.76439e-008	6834.87	9014.9	8979.82
8999.97	5578.81	279	1.#QNAN	0	0.016	0	1.75273e-008	6801.5	8999.97	8965.02
8984.99	5568.92	280	1.#QNAN	0	0.016	0	1.74978e-008	6660.82	8984.99	8950.16
8970.16	5559.25	281	1.#QNAN	0	0.015	0	1.7832e-008	6695.29	8970.16	8935.45
8955.45	5549.56	282	1.#QNAN	0	0	0	1.72953e-008	6740.06	8955.45	8920.85
8940.9	5539.95	283	1.#QNAN	0	0.016	0	1.87314e-008	6660.14	8940.9	8906.42
8925.84	5529.84	284	1.#QNAN	0	0.015	0	1.84914e-008	6638.77	8925.84	8891.48
8911.09	5519.97	285	1.#QNAN	0	0.016	0	1.80025e-008	6653.83	8911.09	8876.86
8896.4	5510.06	286	1.#QNAN	0	0.016	0	1.85705e-008	6622.11	8896.4	8862.28
8881.83	5500.26	287	1.#QNAN	0	0.015	0	1.83915e-008	6640.93	8881.83	8847.82
8867.13	5490.5	288	1.#QNAN	0	0.016	0	1.91277e-008	6561.68	8867.13	8833.24
8852.46	5480.66	289	1.#QNAN	0	0.015	0	1.86284e-008	6645.77	8852.46	8818.68
8838.31	5471.11	290	1.#QNAN	0	0	0	1.85029e-008	6756.23	8838.31	8804.65
8824.3	5461.68	291	1.#QNAN	0	0.016	0	1.95448e-008	6783.74	8824.3	8790.77
8810.35	5452.14	292	1.#QNAN	0	0.016	0	1.90561e-008	6780.92	8810.35	8776.95
8796.24	5442.68	293	1.#QNAN	0	0.015	0	1.88669e-008	6703.79	8796.24	8762.95
8782.02	5433.06	294	1.#QNAN	0	0.016	0	1.93193e-008	6661.4	8782.02	8748.86
8768.31	5423.95	295	1.#QNAN	0	0.015	0	1.9342e-008	6722.05	8768.31	8735.25
8754.64	5414.8	296	1.#QNAN	0	0	0	1.99313e-008	6727.41	8754.64	8721.7
8741.01	5405.69	297	1.#QNAN	0	0.016	0	1.84526e-008	6654.83	8741.01	8708.18
8727.14	5396.44	298	1.#QNAN	0	0.016	0	1.91655e-008	6681.58	8727.14	8694.42
8713.36	5387.4	299	1.#QNAN	0	0.015	0	2.00412e-008	6613	8713.36	8680.77
8699.32	5378.25	300	1.#QNAN	0	0.016	0	1.97016e-008	6587.52	8699.32	8666.84
8685.69	5369.37	301	1.#QNAN	0	0.015	0	1.94664e-008	6649.38	8685.69	8653.33
8672.37	5360.72	302	1.#QNAN	0	0.016	0	1.92682e-008	6679.37	8672.37	8640.14
8658.48	5351.75	303	1.#QNAN	0	0	0	2.04074e-008	6574.39	8658.48	8626.35
8645.1	5343.1	304	1.#QNAN	0	0.016	1	1.9312e-008	6646.71	8645.1	8613.08
8631.45	5334.3	305	1.#QNAN	0	0.015	0	2.03208e-008	6508.82	8631.45	8599.54
8617.91	5325.58	306	1.#QNAN	0	0.016	0	1.98484e-008	6516.81	8617.91	8586.11
8604.11	5316.71	307	1.#QNAN	0	0.015	0	1.97064e-008	6421.98	8604.11	8572.42
8590.67	5307.98	308	1.#QNAN	0	0.016	0	2.04907e-008	6469.19	8590.67	8559.09
8577.25	5299.29	309	1.#QNAN	0	0.016	0	2.1129e-008	6454.96	8577.25	8545.79
8564.14	5290.82	310	1.#QNAN	0	0	0	1.97154e-008	6505.73	8564.14	8532.79
8551.16	5282.39	311	1.#QNAN	0	0.015	0	2.07242e-008	6520.1	8551.16	8519.93
8538.26	5273.96	312	1.#QNAN	0	0.016	0	2.1272e-008	6515.31	8538.26	8507.14
8525.34	5265.45	313	1.#QNAN	0	0.015	0	2.0754e-008	6532.47	8525.34	8494.33
8512.58	5257.08	314	1.#QNAN	0	0.016	0	2.10166e-008	6565.94	8512.58	8481.67
8499.78	5248.73	315	1.#QNAN	0	0.016	0	2.0713e-008	6519.85	8499.78	8468.99
8487.15	5240.41	316	1.#QNAN	0	0	0	2.07547e-008	6474.84	8487.15	8456.47
8474.39	5231.94	317	1.#QNAN	0	0.015	0	2.10276e-008	6593.74	8474.39	8443.84
8461.65	5223.53	318	1.#QNAN	0	0.016	0	2.17035e-008	6505.97	8461.65	8431.22
8449.19	5215.29	319	1.#QNAN	0	0.015	0	2.17914e-008	6579.64	8449.19	8418.86
8436.71	5206.96	320	1.#QNAN	0	0.016	0	2.11226e-008	6552.75	8436.71	8406.51
8424.38	5198.77	321	1.#QNAN	0	0.016	0	2.15298e-008	6486.78	8424.38	8394.28
8411.9	5190.58	322	1.#QNAN	0	0.015	0	2.15284e-008	6391.05	8411.9	8381.91
8399.59	5182.4	323	1.#QNAN	0	0	0	2.1692e-008	6488.99	8399.59	8369.72
8387.34	5174.23	324	1.#QNAN	0	0.016	0	2.12825e-008	6444.92	8387.34	8357.58
8375.45	5166.34	325	1.#QNAN	0	0.015	0	2.23171e-008	6552.28	8375.45	8345.82
8363.18	5158.2	326	1.#QNAN	0	0.016	0	2.20424e-008	6456.35	8363.18	8333.67
8351.12	5150.28	327	1.#QNAN	0	0.016	0	2.19026e-008	6495.63	8351.12	8321.74
8339.17	5142.35	328	1.#QNAN	0	0.015	0	2.21847e-008	6453.55	8339.17	8309.91
8327.2	5134.39	329	1.#QNAN	0	0.016	0	2.26751e-008	6439.8	8327.2	8298.06
8315.41	5126.46	330	1.#QNAN	0	0.015	0	2.22844e-008	6528.85	8315.41	8286.39
8303.2	5118.36	331	1.#QNAN	0	0	0	2.23325e-008	6407.07	8303.2	8274.29
8291.72	5110.62	332	1.#QNAN	0	0.016	0	2.27933e-008	6520.41	8291.72	8262.93
8280.11	5102.81	333	1.#QNAN	0	0.016	0	2.30113e-008	6435.62	8280.11	8251.43
8268.38	5094.96	334	1.#QNAN	0	0.015	0	2.21733e-008	6377.68	8268.38	8239.8
8256.5	5087.05	335	1.#QNAN	0	0.016	0	2.20866e-008	6302.21	8256.5	8228.02
8244.55	5079.13	336	1.#QNAN	0	0.015	0	2.2998e-008	6332.19	8244.55	8216.18
8233.1	5071.58	337	1.#QNAN	0	0.016	0	2.23831e-008	6381.87	8233.1	8204.83
8221.49	5063.81	338	1.#QNAN	0	0	0	2.26472e-008	6312.76	8221.49	8193.34
8210.05	5056.2	339	1.#QNAN	0	0.016	0	2.2947e-008	6336.02	8210.05	8182
8198.49	5048.45	340	1.#QNAN	0	0.015	0	2.31941e-008	6268.15	8198.49	8170.54
8187.21	5040.94	341	1.#QNAN	0	0.016	0	2.373e-008	6368.38	8187.21	8159.37
8175.73	5033.25	342	1.#QNAN	0	0.015	0	2.29847e-008	6273.71	8175.73	8148
8164.66	5025.83	343	1.#QNAN	0	0.016	0	2.31561e-008	6353.12	8164.66	8137.05
8153.92	5018.6	344	1.#QNAN	0	0.016	0	2.38275e-008	6389.88	8153.92	8126.42
8143.18	5011.32	345	1.#QNAN	0	0	0	2.34241e-008	6383.49	8143.18	8115.8
8132.01	5003.81	346	1.#QNAN	0	0.015	0	2.29165e-008	6320.34	8132.01	8104.74
8121.34	4996.64	347	1.#QNAN	0	0.016	0	2.43185e-008	6386.84	8121.34	8094.19
8110.55	4989.49	348	1.#QNAN	0	0.015	0	2.32676e-008	6341.46	8110.55	8083.51
8100.07	4982.48	349	1.#QNAN	0	0.016	0	2.38694e-008	6379.8	8100.07	8073.13
8089.22	4975.34	350	1.#QNAN	0	0.016	0	2.40494e-008	6286.55	8089.22	8062.38
8078.49	4968.23	351	1.#QNAN	0	0.015	0	2.37625e-008	6320.92	8078.49	8051.75
8067.71	4961.01	352	1.#QNAN	0	0	0	2.32535e-008	6281.08	8067.71	8041.07
8057.03	4953.9	353	1.#QNAN	0	0.016	0	2.4075e-008	6286.11	8057.03	8030.5
8046.42	4946.83	354	1.#QNAN	0	0.015	0	2.4339e-008	6277.38	8046.42	8019.98
8036.18	4940.01	355	1.#QNAN	0	0.016	0	2.42486e-008	6382.82	8036.18	8009.84
8025.88	4933.21	356	1.#QNAN	0	0.016	0	2.42731e-008	6263.64	8025.88	7999.63
8015.4	4926.37	357	1.#QNAN	0	0.015	0	2.43074e-008	6256.82	8015.4	7989.26
8004.85	4919.44	358	1.#QNAN	0	0.016	0	2.31454e-008	6246.78	8004.85	7978.81
7994.63	4912.74	359	1.#QNAN	0	0.015	0	2.36913e-008	6311.5	7994.63	7968.69
7984.38	4905.98	360	1.#QNAN	0	0	0	2.44099e-008	6239.65	7984.38	7958.54
7974.47	4899.5	361	1.#QNAN	0	0.016	0	2.39951e-008	6273.04	7974.47	7948.73
7964.62	4893.08	362	1.#QNAN	0	0.016	0	2.4324e-008	6325.28	7964.62	7938.98
7954.47	4886.55	363	1.#QNAN	0	0.015	0	2.42234e-008	6209.57	7954.47	7928.93
7944.63	4880.06	364	1.#QNAN	0	0.016	0	2.45593e-008	6292.61	7944.63	7919.18
7934.79	4873.64	365	1.#QNAN	0	0.015	0	2.50065e-008	6248	7934.79	7909.45
7925.3	4867.38	366	1.#QNAN	0	0	0	2.45122e-008	6288.3	7925.3	7900.07
7915.72	4861.11	367	1.#QNAN	0	0.016	0	2.48255e-008	6281.16	7915.72	7890.6
7905.95	4854.79	368	1.#QNAN	0	0.016	0	2.40853e-008	6202.05	7905.95	7880.92
7896.3	4848.5	369	1.#QNAN	0	0.015	0	2.45524e-008	6173.24	7896.3	7871.37
7886.62	4842.14	370	1.#QNAN	0	0.016	0	2.54494e-008	6174.82	7886.62	7861.78
7876.93	4835.76	371	1.#QNAN	0	0.015	0	2.52358e-008	6131.01	7876.93	7852.19
7867.25	4829.54	372	1.#QNAN	0	0	0	2.50179e-008	6163.87	7867.25	7842.6
7857.9	4823.55	373	1.#QNAN	0	0	0	2.58122e-008	6237.52	7857.9	7833.35
7848.56	4817.48	374	1.#QNAN	0	0.016	0	2.53823e-008	6243.47	7848.56	7824.11
7839.16	4811.27	375	1.#QNAN	0	0.015	0	2.54443e-008	6154.67	7839.16	7814.81
7829.94	4805.27	376	1.#QNAN	0	0.016	0	2.56568e-008	6159.8	7829.94	7805.68
7820.74	4799.16	377	1.#QNAN	0	0.015	0	2.69104e-008	6132.61	7820.74	7796.58
7811.3	4792.9	378	1.#QNAN	0	0.016	1	2.51465e-008	6102.86	7811.3	7787.22
7802.02	4786.91	379	1.#QNAN	0	0	0	2.59095e-008	6131.61	7802.02	7778.03
7793.07	4781.13	380	1.#QNAN	0	0.016	0	2.62306e-008	6235.52	7793.07	7769.18
7783.82	4775.1	381	1.#QNAN	0	0.015	0	2.49082e-008	6102.96	7783.82	7760.02
7774.78	4769.28	382	1.#QNAN	0	0.016	0	2.51344e-008	6093.33	7774.78	7751.07
7765.72	4763.32	383	1.#QNAN	0	0.015	0	2.57729e-008	6071	7765.72	7742.1
7757.23	4757.74	384	1.#QNAN	0	0.016	0	2.64616e-008	6221.13	7757.23	7733.7
7748.19	4751.87	385	1.#QNAN	0	0.016	0	2.53086e-008	6030.82	7748.19	7724.75
7739.13	4745.88	386	1.#QNAN	0	0	0	2.56704e-008	6057.62	7739.13	7715.79
7730.29	4740.03	387	1.#QNAN	0	0.015	0	2.56383e-008	6063.9	7730.29	7707.04
7721.15	4734.12	388	1.#QNAN	0	0.016	0	2.48442e-008	5922.23	7721.15	7697.98
7712.23	4728.32	389	1.#QNAN	0	0.015	0	2.58329e-008	6004.82	7712.23	7689.16
7703.54	4722.66	390	1.#QNAN	0	0.016	0	2.63386e-008	6044.57	7703.54	7680.56
7695.01	4717.06	391	1.#QNAN	0	0.016	0	2.7677e-008	6028.09	7695.01	7672.1
7686.4	4711.37	392	1.#QNAN	0	0.015	0	2.67738e-008	6015.62	7686.4	7663.58
7677.61	4705.6	393	1.#QNAN	0	0	0	2.67722e-008	5967.35	7677.61	7654.87
7669.33	4700.18	394	1.#QNAN	0	0.016	0	2.6667e-008	6094.87	7669.33	7646.69
7660.79	4694.64	395	1.#QNAN	0	0.015	0	2.72884e-008	6023.65	7660.79	7638.25
7651.76	4688.84	396	1.#QNAN	0	0.016	0	2.65804e-008	5910.93	7651.76	7629.31
7643.08	4683.28	397	1.#QNAN	0	0.016	0	2.75098e-008	5955.95	7643.08	7620.71
7634.45	4677.79	398	1.#QNAN	0	0.015	0	2.75202e-008	5968.76	7634.45	7612.16
7625.58	4672.17	399	1.#QNAN	0	0.016	0	2.72314e-008	5932.23	7625.58	7603.37
7616.96	4666.63	400	1.#QNAN	0	0	0	2.75426e-008	6031.18	7616.96	7594.83
7608.34	4661.11	401	1.#QNAN	0	0.015	0	2.77247e-008	6009.56	7608.34	7586.29
7599.52	4655.46	402	1.#QNAN	0	0.016	0	2.69937e-008	5806.63	7599.52	7577.55
7590.77	4649.85	403	1.#QNAN	0	0.016	0	2.72066e-008	5845.26	7590.77	7568.87
7582.11	4644.32	404	1.#QNAN	0	0.015	0	2.68706e-008	5832.08	7582.11	7560.28
7573.63	4638.86	405	1.#QNAN	0	0.016	0	2.63437e-008	5800.03	7573.63	7551.87
7564.95	4633.34	406	1.#QNAN	0	0.015	0	2.712e-008	5862.02	7564.95	7543.27
7556.5	4627.86	407	1.#QNAN	0	0	0	2.76565e-008	5930.45	7556.5	7534.91
7548.43	4622.65	408	1.#QNAN	0	0.016	0	2.7927e-008	5935.08	7548.43	7526.93
7540.11	4617.28	409	1.#QNAN	0	0.016	0	2.74336e-008	5887.42	7540.11	7518.7
7532	4612.02	410	1.#QNAN	0	0.015	0	2.64281e-008	5913.4	7532	7510.67
7523.56	4606.51	411	1.#QNAN	0	0.016	0	2.68206e-008	5841.85	7523.56	7502.31
7515.38	4601.19	412	1.#QNAN	0	0.015	0	2.84362e-008	5868.96	7515.38	7494.21
7507.6	4596.14	413	1.#QNAN	0	0	0	2.77665e-008	5941.81	7507.6	7486.52
7499.81	4591.07	414	1.#QNAN	0	0	0	2.80913e-008	5934.69	7499.81	7478.81
7492.07	4586.01	415	1.#QNAN	0	0.016	0	2.65466e-008	5910.84	7492.07	7471.15
7484.01	4580.79	416	1.#QNAN	0	0.015	0	2.76529e-008	5803.45	7484.01	7463.17
7476.22	4575.76	417	1.#QNAN	0	0.016	0	2.90397e-008	5919.11	7476.22	7455.46
7468.48	4570.78	418	1.#QNAN	0	0.015	0	2.77427e-008	5890.27	7468.48	7447.81
7460.58	4565.6	419	1.#QNAN	0	0.016	0	2.7627e-008	5898.23	7460.58	7440
7452.72	4560.49	420	1.#QNAN	0	0	0	2.77997e-008	5920.12	7452.72	7432.22
7445.07	4555.53	421	1.#QNAN	0	0.016	0	2.88328e-008	5987.98	7445.07	7424.66
7437.4	4550.59	422	1.#QNAN	0	0.015	0	2.76161e-008	5925.48	7437.4	7417.07
7429.88	4545.69	423	1.#QNAN	0	0.016	0	2.96031e-008	5911.56	7429.88	7409.62
7422.62	4540.91	424	1.#QNAN	0	0.015	0	2.74297e-008	5986.73	7422.62	7402.45
7415.17	4536.07	425	1.#QNAN	0	0.016	0	2.86095e-008	5925.79	7415.17	7395.09
7407.91	4531.31	426	1.#QNAN	0	0.016	0	2.80391e-008	5996.63	7407.91	7387.91
7400.65	4526.55	427	1.#QNAN	0	0	0	2.85465e-008	5939.49	7400.65	7380.73
7393.41	4521.8	428	1.#QNAN	0	0.015	0	2.9102e-008	5886.29	7393.41	7373.57
7386.15	4516.99	429	1.#QNAN	0	0.016	0	2.93618e-008	5854.87	7386.15	7366.4
7378.75	4512.11	430	1.#QNAN	0	0.015	0	2.84014e-008	5822.67	7378.75	7359.07
7371.52	4507.28	431	1.#QNAN	0	0.016	0	2.91716e-008	5902.05	7371.52	7351.92
7364.22	4502.38	432	1.#QNAN	0	0.016	0	2.9557e-008	5818.48	7364.22	7344.7
7356.94	4497.57	433	1.#QNAN	0	0.015	0	2.92284e-008	5820.69	7356.94	7337.5
7349.77	4492.84	434	1.#QNAN	0	0.016	0	2.79295e-008	5893.35	7349.77	7330.4
7342.57	4488.09	435	1.#QNAN	0	0	0	2.80694e-008	5813.18	7342.57	7323.28
7335.33	4483.29	436	1.#QNAN	0	0.015	0	2.90922e-008	5835.81	7335.33	7316.12
7328.24	4478.62	437	1.#QNAN	0	0.016	0	2.78798e-008	5839.03	7328.24	7309.11
7321.3	4474.02	438	1.#QNAN	0	0.016	0	2.84594e-008	5856.16	7321.3	7302.26
7314.29	4469.43	439	1.#QNAN	0	0.015	0	2.84678e-008	5803.94	7314.29	7295.32
7307.23	4464.73	440	1.#QNAN	0	0.016	0	2.95219e-008	5789.39	7307.23	7288.35
7300.25	4460.15	441	1.#QNAN	0	0.015	0	3.0277e-008	5891.45	7300.25	7281.45
7293.19	4455.56	442	1.#QNAN	0	0	0	2.88239e-008	5836.76	7293.19	7274.48
7286.22	4450.99	443	1.#QNAN	0	0.016	0	2.92612e-008	5850.96	7286.22	7267.59
7279.28	4446.48	444	1.#QNAN	0	0.016	0	2.96493e-008	5856.06	7279.28	7260.73
7272.47	4442.11	445	1.#QNAN	0	0.015	0	2.96246e-008	5871.21	7272.47	7254
7265.49	4437.66	446	1.#QNAN	0	0.016	0	2.8917e-008	5785.74	7265.49	7247.09
7258.8	4433.44	447	1.#QNAN	0	0.015	0	2.98386e-008	5845.2	7258.8	7240.48
7252.16	4429.14	448	1.#QNAN	0	0.016	0	2.92517e-008	5820.79	7252.16	7233.92
7245.56	4424.89	449	1.#QNAN	0	0	0	2.90672e-008	5835.61	7245.56	7227.39
7238.91	4420.57	450	1.#QNAN	0	0.016	0	3.03586e-008	5881.19	7238.91	7220.83
7232.59	4416.51	451	1.#QNAN	0	0.015	0	3.02436e-008	5944.43	7232.59	7214.59
7226.24	4412.31	452	1.#QNAN	0	0.016	0	3.02395e-008	5934.58	7226.24	7208.32
7219.89	4408.22	453	1.#QNAN	0	0.015	1	2.95084e-008	5913.82	7219.89	7202.05
7213.42	4404.02	454	1.#QNAN	0	0.016	0	2.99638e-008	5861.28	7213.42	7195.66
7207.03	4399.85	455	1.#QNAN	0	0	0	3.01944e-008	5868.48	7207.03	7189.34
7200.75	4395.7	456	1.#QNAN	0	0.016	0	3.01053e-008	5916.72	7200.75	7183.14
7194.41	4391.61	457	1.#QNAN	0	0.015	0	2.96392e-008	5869.69	7194.41	7176.88
7188.22	4387.48	458	1.#QNAN	0	0.016	0	2.85017e-008	5892.51	7188.22	7170.76
7182.11	4383.42	459	1.#QNAN	0	0.015	0	3.02439e-008	5916.49	7182.11	7164.72
7175.93	4379.37	460	1.#QNAN	0	0.016	0	2.90985e-008	5898.72	7175.93	7158.61
7169.89	4375.39	461	1.#QNAN	0	0.016	0	2.94794e-008	5957.9	7169.89	7152.65
7163.79	4371.39	462	1.#QNAN	0	0	0	3.07683e-008	5950.79	7163.79	7146.62
7157.56	4367.38	463	1.#QNAN	0	0.015	0	2.93678e-008	5820.57	7157.56	7140.47
7151.37	4363.28	464	1.#QNAN	0	0.016	0	3.04762e-008	5801.68	7151.37	7134.35
7145.33	4359.22	465	1.#QNAN	0	0.015	0	3.00358e-008	5823.05	7145.33	7128.38
7139.25	4355.17	466	1.#QNAN	0	0.016	0	3.04891e-008	5832.68	7139.25	7122.37
7133.29	4351.23	467	1.#QNAN	0	0.016	0	2.97553e-008	5917.74	7133.29	7116.49
7127.4	4347.34	468	1.#QNAN	0	0.015	0	3.02866e-008	5833.97	7127.4	7110.67
7121.55	4343.5	469	1.#QNAN	0	0	0	3.12453e-008	5817.33	7121.55	7104.89
7115.45	4339.49	470	1.#QNAN	0	0.016	0	3.04516e-008	5765.92	7115.45	7098.86
7109.56	4335.62	471	1.#QNAN	0	0.015	0	3.03942e-008	5779.48	7109.56	7093.04
7103.46	4331.57	472	1.#QNAN	0	0.016	0	3.0851e-008	5786.6	7103.46	7087.01
7097.56	4327.57	473	1.#QNAN	0	0.016	0	3.08289e-008	5817.79	7097.56	7081.19
7091.6	4323.52	474	1.#QNAN	0	0.015	0	3.10379e-008	5802.42	7091.6	7075.3
7085.81	4319.66	475	1.#QNAN	0	0.016	0	3.0566e-008	5828.85	7085.81	7069.58
7080.18	4315.93	476	1.#QNAN	0	0.015	0	3.09912e-008	5843.56	7080.18	7064.02
7074.48	4312.1	477	1.#QNAN	0	0	0	3.1091e-008	5820.15	7074.48	7058.4
7068.89	4308.4	478	1.#QNAN	0	0.016	0	2.99464e-008	5874.75	7068.89	7052.88
7063.24	4304.57	479	1.#QNAN	0	0.016	0	3.00451e-008	5842.44	7063.24	7047.31
7057.83	4300.94	480	1.#QNAN	0	0.015	0	2.99109e-008	5892.74	7057.83	7041.97
7052.32	4297.17	481	1.#QNAN	0	0.016	0	3.00993e-008	5885.48	7052.32	7036.53
7046.9	4293.49	482	1.#QNAN	0	0.015	0	3.08698e-008	5921.34	7046.9	7031.19
7041.51	4289.79	483	1.#QNAN	0	0.016	0	3.03992e-008	5878.18	7041.51	7025.87
7035.91	4286	484	1.#QNAN	0	0	0	3.16475e-008	5857.42	7035.91	7020.35
7030.43	4282.23	485	1.#QNAN	0	0.016	0	3.06043e-008	5821.78	7030.43	7014.94
7025.14	4278.57	486	1.#QNAN	0	0.015	0	3.00279e-008	5854.69	7025.14	7009.72
7019.78	4274.85	487	1.#QNAN	0	0.016	0	3.03459e-008	5854.02	7019.78	7004.43
7014.36	4271.17	488	1.#QNAN	0	0.015	0	2.97657e-008	5790.49	7014.36	6999.08
7008.98	4267.46	489	1.#QNAN	0	0.016	0	2.94893e-008	5825.23	7008.98	6993.77
7003.65	4263.81	490	1.#QNAN	0	0.016	0	3.13117e-008	5832.65	7003.65	6988.51
6998.32	4260.14	491	1.#QNAN	0	0	0	3.19095e-008	5895.79	6998.32	6983.24
6992.96	4256.5	492	1.#QNAN	0	0.015	0	3.06559e-008	5874.7	6992.96	6977.96
6987.37	4252.67	493	1.#QNAN	0	0.016	0	3.02689e-008	5799.19	6987.37	6972.44
6982.11	4248.99	494	1.#QNAN	0	0.015	0	3.23462e-008	5833.59	6982.11	6967.25
6976.64	4245.2	495	1.#QNAN	0	0.016	0	3.15347e-008	5788.91	6976.64	6961.85
6971.08	4241.33	496	1.#QNAN	0	0.016	0	3.13341e-008	5735.51	6971.08	6956.35
6965.53	4237.48	497	1.#QNAN	0	0	0	3.19758e-008	5761.03	6965.53	6950.87
6960.26	4233.86	498	1.#QNAN	0	0.015	0	3.171e-008	5782.7	6960.26	6945.67
6954.89	4230.06	499	1.#QNAN	0	0.016	0	3.22797e-008	5834.3	6954.89	6940.36
6949.48	4226.28	500	1.#QNAN	0	0.015	0	3.08897e-008	5793.46	6949.48	6935.02
6944.12	4222.51	501	1.#QNAN	0	0.016	0	3.17333e-008	5763.11	6944.12	6929.72
6938.94	4218.87	502	1.#QNAN	0	0.016	0	3.21374e-008	5820.4	6938.94	6924.61
6933.7	4215.2	503	1.#QNAN	0	0.015	0	3.12629e-008	5793.77	6933.7	6919.43
6928.51	4211.55	504	1.#QNAN	0	0.016	0	3.22e-008	5797.23	6928.51	6914.3
6923.26	4207.87	505	1.#QNAN	0	0.015	0	3.2149e-008	5820	6923.26	6909.12
6917.96	4204.18	506	1.#QNAN	0	0	0	3.30257e-008	5758.86	6917.96	6903.88
6912.8	4200.61	507	1.#QNAN	0	0.016	0	3.24725e-008	5753.96	6912.8	6898.78
6907.63	4197	508	1.#QNAN	0	0.016	0	3.21397e-008	5790.62	6907.63	6893.68
6902.39	4193.34	509	1.#QNAN	0	0.015	0	3.15903e-008	5750.39	6902.39	6888.5
6897.09	4189.68	510	1.#QNAN	0	0.016	0	3.13888e-008	5739.71	6897.09	6883.26
6891.74	4185.98	511	1.#QNAN	0	0.015	0	3.30285e-008	5726.16	6891.74	6877.98
6886.56	4182.42	512	1.#QNAN	0	0	0	3.23797e-008	5720.63	6886.56	6872.86
6881.43	4178.93	513	1.#QNAN	0	0.016	0	3.22565e-008	5752.27	6881.43	6867.79
6876.34	4175.36	514	1.#QNAN	0	0.016	0	3.21063e-008	5818.99	6876.34	6862.75
6871.24	4171.83	515	1.#QNAN	0	0.015	0	3.21377e-008	5761.47	6871.24	6857.71
6866.23	4168.31	516	1.#QNAN	0	0.016	0	3.30448e-008	5805.25	6866.23	6852.76
6861.19	4164.77	517	1.#QNAN	0	0.015	0	3.24048e-008	5699.72	6861.19	6847.76
6856.03	4161.17	518	1.#QNAN	0	0.016	0	3.33091e-008	5640.99	6856.03	6842.66
6850.97	4157.66	519	1.#QNAN	0	0.016	0	3.32989e-008	5707.34	6850.97	6837.65
6846.03	4154.21	520	1.#QNAN	0	0	0	3.24775e-008	5740.81	6846.03	6832.77
6840.96	4150.71	521	1.#QNAN	0	0.015	0	3.3206e-008	5739.34	6840.96	6827.74
6835.81	4147.09	522	1.#QNAN	0	0.016	0	3.25853e-008	5654.41	6835.81	6822.65
6830.73	4143.56	523	1.#QNAN	0	0.015	0	3.39821e-008	5698.47	6830.73	6817.63
6825.64	4140.06	524	1.#QNAN	0	0.016	0	3.41876e-008	5661.89	6825.64	6812.59
6820.68	4136.62	525	1.#QNAN	0	0.016	0	3.31455e-008	5735.46	6820.68	6807.68
6815.7	4133.2	526	1.#QNAN	0	0.015	0	3.3616e-008	5686.97	6815.7	6802.75
6810.9	4129.87	527	1.#QNAN	0	0	0	3.3682e-008	5772.65	6810.9	6798
6806	4126.48	528	1.#QNAN	0	0.016	1	3.37571e-008	5754.39	6806	6793.15
6801.06	4123	529	1.#QNAN	0	0.015	0	3.39373e-008	5752.25	6801.06	6788.27
6796.22	4119.7	530	1.#QNAN	0	0.016	0	3.39182e-008	5779.51	6796.22	6783.49
6791.52	4116.42	531	1.#QNAN	0	0.016	0	3.41107e-008	5705.79	6791.52	6778.84
6786.87	4113.16	532	1.#QNAN	0	0.015	0	3.34896e-008	5729.33	6786.87	6774.25
6782.25	4109.92	533	1.#QNAN	0	0.016	0	3.40054e-008	5709.69	6782.25	6769.69
6777.58	4106.71	534	1.#QNAN	0	0	0	3.31006e-008	5676.64	6777.58	6765.06
6772.96	4103.51	535	1.#QNAN	0	0.015	0	3.37351e-008	5706.08	6772.96	6760.5
6768.28	4100.23	536	1.#QNAN	0	0.016	0	3.32941e-008	5673.39	6768.28	6755.88
6763.69	4097.09	537	1.#QNAN	0	0.016	0	3.37816e-008	5645.6	6763.69	6751.34
6759.16	4093.97	538	1.#QNAN	0	0.015	0	3.34575e-008	5660.48	6759.16	6746.87
6754.59	4090.82	539	1.#QNAN	0	0.016	0	3.36077e-008	5611.49	6754.59	6742.36
6749.83	4087.6	540	1.#QNAN	0	0.015	0	3.32477e-008	5578.79	6749.83	6737.65
6745.39	4084.61	541	1.#QNAN	0	0	0	3.34465e-008	5714.33	6745.39	6733.27
6740.73	4081.38	542	1.#QNAN	0	0.016	0	3.24154e-008	5647.71	6740.73	6728.66
6736.13	4078.18	543	1.#QNAN	0	0.016	0	3.33292e-008	5624.09	6736.13	6724.11
6731.55	4074.98	544	1.#QNAN	0	0.015	0	3.35555e-008	5698.42	6731.55	6719.58
6727.11	4071.89	545	1.#QNAN	0	0.016	0	3.43866e-008	5668.83	6727.11	6715.2
6722.72	4068.83	546	1.#QNAN	0	0.015	0	3.38717e-008	5673.96	6722.72	6710.86
6718.35	4065.77	547	1.#QNAN	0	0.016	0	3.32117e-008	5661.27	6718.35	6706.54
6714.1	4062.85	548	1.#QNAN	0	0	0	3.48993e-008	5742.13	6714.1	6702.34
6709.74	4059.88	549	1.#QNAN	0	0.016	0	3.45594e-008	5659.92	6709.74	6698.04
6705.41	4056.97	550	1.#QNAN	0	0.015	0	3.34917e-008	5635.79	6705.41	6693.76
6701.04	4054.03	551	1.#QNAN	0	0.016	0	3.18389e-008	5665.04	6701.04	6689.45
6696.77	4051.12	552	1.#QNAN	0	0.015	0	3.23544e-008	5661.25	6696.77	6685.22
6692.44	4048.17	553	1.#QNAN	0	0.016	0	3.42239e-008	5672.97	6692.44	6680.94
6688.19	4045.23	554	1.#QNAN	0	0.016	0	3.45352e-008	5693.11	6688.19	6676.74
6683.85	4042.24	555	1.#QNAN	0	0	0	3.39774e-008	5664.49	6683.85	6672.46
6679.65	4039.41	556	1.#QNAN	0	0.015	0	3.37856e-008	5653.8	6679.65	6668.31
6675.38	4036.47	557	1.#QNAN	0	0.016	0	3.3603e-008	5670.11	6675.38	6664.1
6671.12	4033.62	558	1.#QNAN	0	0.015	0	3.39559e-008	5668.45	6671.12	6659.88
6666.8	4030.69	559	1.#QNAN	0	0.016	0	3.29544e-008	5653.22	6666.8	6655.62
6662.52	4027.79	560	1.#QNAN	0	0.016	0	3.4872e-008	5682.94	6662.52	6651.4
6658.31	4024.94	561	1.#QNAN	0	0.015	0	3.30987e-008	5660.52	6658.31	6647.24
6654.22	4022.18	562	1.#QNAN	0	0	0	3.3916e-008	5661.35	6654.22	6643.2
6649.98	4019.33	563	1.#QNAN	0	0.016	0	3.56747e-008	5624.49	6649.98	6639.01
6645.88	4016.64	564	1.#QNAN	0	0.015	0	3.41311e-008	5680.47	6645.88	6634.96
6641.73	4013.92	565	1.#QNAN	0	0.016	0	3.48591e-008	5705.52	6641.73	6630.87
6637.67	4011.23	566	1.#QNAN	0	0.016	0	3.36844e-008	5718.95	6637.67	6626.86
6633.51	4008.44	567	1.#QNAN	0	0.015	0	3.46165e-008	5665.45	6633.51	6622.75
6629.38	4005.69	568	1.#QNAN	0	0.016	0	3.47283e-008	5680.12	6629.38	6618.67
6625.35	4002.98	569	1.#QNAN	0	0	0	3.39163e-008	5767.56	6625.35	6614.69
6621.43	4000.32	570	1.#QNAN	0	0.015	0	3.395e-008	5731.14	6621.43	6610.82
6617.4	3997.62	571	1.#QNAN	0	0.016	0	3.32331e-008	5668.11	6617.4	6606.84
6613.33	3994.85	572	1.#QNAN	0	0.016	0	3.37883e-008	5636.44	6613.33	6602.82
6609.37	3992.19	573	1.#QNAN	0	0.015	0	3.53542e-008	5715.15	6609.37	6598.92
6605.4	3989.49	574	1.#QNAN	0	0.016	0	3.44124e-008	5730.6	6605.4	6595
6601.36	3986.81	575	1.#QNAN	0	0.015	0	3.46234e-008	5681.94	6601.36	6591.01
6597.43	3984.17	576	1.#QNAN	0	0	0	3.3817e-008	5737.19	6597.43	6587.13
6593.52	3981.52	577	1.#QNAN	0	0.016	0	3.40929e-008	5700.05	6593.52	6583.26
6589.48	3978.81	578	1.#QNAN	0	0.016	0	3.45938e-008	5624.17	6589.48	6579.27
6585.54	3976.14	579	1.#QNAN	0	0.015	0	3.4436e-008	5682.99	6585.54	6575.38
6581.7	3973.57	580	1.#QNAN	0	0.016	0	3.56204e-008	5690.7	6581.7	6571.57
6577.81	3970.95	581	1.#QNAN	0	0.015	0	3.39118e-008	5631.72	6577.81	6567.73
6573.97	3968.36	582	1.#QNAN	0	0.016	0	3.41422e-008	5634.41	6573.97	6563.94
6570.22	3965.85	583	1.#QNAN	0	0	0	3.39381e-008	5682.62	6570.22	6560.23
6566.44	3963.33	584	1.#QNAN	0	0.016	0	3.4181e-008	5649.93	6566.44	6556.5
6562.64	3960.85	585	1.#QNAN	0	0.015	0	3.37564e-008	5627.73	6562.64	6552.74
6558.91	3958.45	586	1.#QNAN	0	0.016	0	3.4278e-008	5639.96	6558.91	6549.06
6555.17	3955.93	587	1.#QNAN	0	0.015	0	3.52247e-008	5626.94	6555.17	6545.37
6551.49	3953.48	588	1.#QNAN	0	0.016	0	3.41354e-008	5682.03	6551.49	6541.73
6547.7	3950.92	589	1.#QNAN	0	0.016	0	3.50326e-008	5661.3	6547.7	6537.99
6544	3948.38	590	1.#QNAN	0	0.015	0	3.48962e-008	5704.98	6544	6534.34
6540.17	3945.81	591	1.#QNAN	0	0	0	3.55845e-008	5560.26	6540.17	6530.56
6536.43	3943.34	592	1.#QNAN	0	0.016	0	3.58229e-008	5642.02	6536.43	6526.86
6532.58	3940.8	593	1.#QNAN	0	0.015	0	3.58854e-008	5563.45	6532.58	6523.05
6528.75	3938.27	594	1.#QNAN	0	0.016	0	3.63216e-008	5592.26	6528.75	6519.26
6524.98	3935.76	595	1.#QNAN	0	0.016	0	3.53336e-008	5604.42	6524.98	6515.54
6521.14	3933.23	596	1.#QNAN	0	0.015	0	3.5099e-008	5536.35	6521.14	6511.74
6517.27	3930.66	597	1.#QNAN	0	0.016	0	3.4665e-008	5538.07	6517.27	6507.92
6513.39	3928.11	598	1.#QNAN	0	0	0	3.2982e-008	5540.86	6513.39	6504.08
6509.59	3925.59	599	1.#QNAN	0	0.015	0	3.45818e-008	5555.8	6509.59	6500.33
6505.75	3923.05	600	1.#QNAN	0	0.016	0	3.67635e-008	5505.17	6505.75	6496.53
6501.92	3920.49	601	1.#QNAN	0	0.016	0	3.47763e-008	5479.46	6501.92	6492.74
6498.17	3918.07	602	1.#QNAN	0	0.015	1	3.55891e-008	5510.31	6498.17	6489.03
6494.39	3915.63	603	1.#QNAN	0	0.016	0	3.53732e-008	5424.74	6494.39	6485.29
6490.63	3913.19	604	1.#QNAN	0	0.015	0	3.63895e-008	5464.34	6490.63	6481.58
6486.91	3910.79	605	1.#QNAN	0	0	0	3.67965e-008	5533.2	6486.91	6477.9
6483.24	3908.44	606	1.#QNAN	0	0.016	0	3.5524e-008	5552.46	6483.24	6474.28
6479.58	3906.05	607	1.#QNAN	0	0.016	0	3.51295e-008	5473.51	6479.58	6470.66
6475.78	3903.62	608	1.#QNAN	0	0.015	0	3.61401e-008	5392.83	6475.78	6466.9
6472.09	3901.27	609	1.#QNAN	0	0.016	0	3.54139e-008	5538.74	6472.09	6463.26
6468.31	3898.9	610	1.#QNAN	0	0.015	0	3.63493e-008	5399.83	6468.31	6459.52
6464.54	3896.5	611	1.#QNAN	0	0.016	0	3.47892e-008	5494.91	6464.54	6455.8
6460.78	3894.08	612	1.#QNAN	0	0	0	3.38693e-008	5441.64	6460.78	6452.07
6457.01	3891.64	613	1.#QNAN	0	0.016	0	3.54555e-008	5444.84	6457.01	6448.34
6453.33	3889.24	614	1.#QNAN	0	0.015	0	3.46308e-008	5482.16	6453.33	6444.7
6449.67	3886.87	615	1.#QNAN	0	0.016	0	3.54209e-008	5485.67	6449.67	6441.08
6446.16	3884.58	616	1.#QNAN	0	0.015	0	3.54339e-008	5547.34	6446.16	6437.61
6442.72	3882.32	617	1.#QNAN	0	0.016	0	3.66363e-008	5586.78	6442.72	6434.2
6439.28	3880.05	618	1.#QNAN	0	0.016	0	3.56612e-008	5577.1	6439.28	6430.81
6435.88	3877.8	619	1.#QNAN	0	0	0	3.43691e-008	5632.01	6435.88	6427.45
6432.41	3875.5	620	1.#QNAN	0	0.015	0	3.42984e-008	5652.97	6432.41	6424.02
6428.92	3873.2	621	1.#QNAN	0	0.016	0	3.46302e-008	5529.39	6428.92	6420.57
6425.34	3870.83	622	1.#QNAN	0	0.015	0	3.47416e-008	5526.32	6425.34	6417.03
6421.92	3868.62	623	1.#QNAN	0	0.016	0	3.52367e-008	5551.01	6421.92	6413.65
6418.49	3866.35	624	1.#QNAN	0	0.016	0	3.49109e-008	5480.64	6418.49	6410.26
6415.13	3864.15	625	1.#QNAN	0	0.015	0	3.51862e-008	5552.21	6415.13	6406.94
6411.75	3861.94	626	1.#QNAN	0	0	0	3.55768e-008	5584.1	6411.75	6403.6
6408.41	3859.74	627	1.#QNAN	0	0.016	0	3.56523e-008	5551.34	6408.41	6400.3
6405.07	3857.54	628	1.#QNAN	0	0.015	0	3.61972e-008	5555.02	6405.07	6397
6401.84	3855.49	629	1.#QNAN	0	0.016	0	3.46124e-008	5627.98	6401.84	6393.81
6398.58	3853.35	630	1.#QNAN	0	0.016	0	3.49762e-008	5660.1	6398.58	6390.59
6395.3	3851.22	631	1.#QNAN	0	0.015	0	3.61069e-008	5543.87	6395.3	6387.35
6392.08	3849.11	632	1.#QNAN	0	0.016	0	3.73131e-008	5582.54	6392.08	6384.16
6388.74	3846.91	633	1.#QNAN	0	0	0	3.5833e-008	5547.82	6388.74	6380.86
6385.39	3844.69	634	1.#QNAN	0	0.015	0	3.61695e-008	5461.74	6385.39	6377.55
6382.12	3842.58	635	1.#QNAN	0	0.016	0	3.63215e-008	5494.57	6382.12	6374.32
6378.75	3840.39	636	1.#QNAN	0	0.016	0	3.62067e-008	5447.06	6378.75	6370.98
6375.51	3838.29	637	1.#QNAN	0	0.015	0	3.4501e-008	5488.85	6375.51	6367.78
6372.31	3836.18	638	1.#QNAN	0	0.016	0	3.59237e-008	5499.53	6372.31	6364.62
6369.11	3834.04	639	1.#QNAN	0	0	0	3.57491e-008	5494.92	6369.11	6361.46
6366	3831.97	640	1.#QNAN	0	0.015	0	3.49443e-008	5522.46	6366	6358.39
6362.91	3829.95	641	1.#QNAN	0	0.016	0	3.60306e-008	5531.8	6362.91	6355.34
6359.8	3827.85	642	1.#QNAN	0	0.016	0	3.53897e-008	5538.27	6359.8	6352.27
6356.77	3825.82	643	1.#QNAN	0	0.015	0	3.58178e-008	5609.41	6356.77	6349.28
6353.69	3823.74	644	1.#QNAN	0	0.016	0	3.60936e-008	5516.38	6353.69	6346.23
6350.75	3821.73	645	1.#QNAN	0	0.015	0	3.65706e-008	5662.21	6350.75	6343.34
6347.82	3819.71	646	1.#QNAN	0	0	0	3.58684e-008	5606.75	6347.82	6340.44
6344.8	3817.64	647	1.#QNAN	0	0.016	0	3.68803e-008	5591.91	6344.8	6337.46
6341.78	3815.57	648	1.#QNAN	0	0.016	0	3.49989e-008	5591.57	6341.78	6334.48
6338.72	3813.49	649	1.#QNAN	0	0.015	0	3.58631e-008	5530.76	6338.72	6331.46
6335.71	3811.43	650	1.#QNAN	0	0.016	0	3.4449e-008	5579.75	6335.71	6328.49
6332.74	3809.41	651	1.#QNAN	0	0.015	0	3.55439e-008	5576.16	6332.74	6325.55
6329.57	3807.31	652	1.#QNAN	0	0.016	0	3.67945e-008	5466.6	6329.57	6322.42
6326.6	3805.29	653	1.#QNAN	0	0.016	0	3.68776e-008	5576.08	6326.6	6319.49
6323.63	3803.27	654	1.#QNAN	0	0	0	3.56772e-008	5491.2	6323.63	6316.55
6320.66	3801.26	655	1.#QNAN	0	0.015	0	3.64482e-008	5510.38	6320.66	6313.62
6317.75	3799.29	656	1.#QNAN	0	0.016	0	3.60446e-008	5572.97	6317.75	6310.74
6314.77	3797.29	657	1.#QNAN	0	0.015	0	3.66302e-008	5473.95	6314.77	6307.79
6311.88	3795.35	658	1.#QNAN	0	0.016	0	3.55907e-008	5531.35	6311.88	6304.94
6308.97	3793.4	659	1.#QNAN	0	0.016	0	3.60826e-008	5507.7	6308.97	6302.07
6306.14	3791.48	660	1.#QNAN	0	0	0	3.50802e-008	5588.36	6306.14	6299.27
6303.25	3789.49	661	1.#QNAN	0	0	0	3.5528e-008	5502.93	6303.25	6296.42
6300.43	3787.55	662	1.#QNAN	0	0.016	0	3.71946e-008	5555.76	6300.43	6293.63
6297.46	3785.5	663	1.#QNAN	0	0.015	0	3.66522e-008	5387.5	6297.46	6290.69
6294.58	3783.54	664	1.#QNAN	0	0.016	0	3.50655e-008	5476.55	6294.58	6287.85
6291.71	3781.61	665	1.#QNAN	0	0.016	0	3.69978e-008	5434.41	6291.71	6285.01
6288.76	3779.58	666	1.#QNAN	0	0.015	0	3.58442e-008	5401.24	6288.76	6282.1
6285.83	3777.57	667	1.#QNAN	0	0.016	0	3.57492e-008	5368.62	6285.83	6279.21
6282.85	3775.58	668	1.#QNAN	0	0	0	3.74117e-008	5343.67	6282.85	6276.26
6279.87	3773.53	669	1.#QNAN	0	0.015	0	3.57591e-008	5441.49	6279.87	6273.31
6277.02	3771.59	670	1.#QNAN	0	0.016	0	3.58437e-008	5541.11	6277.02	6270.49
6274.29	3769.71	671	1.#QNAN	0	0.016	0	3.61488e-008	5620.28	6274.29	6267.8
6271.5	3767.78	672	1.#QNAN	0	0.015	0	3.48959e-008	5512.71	6271.5	6265.05
6268.71	3765.85	673	1.#QNAN	0	0.016	0	3.59072e-008	5512.12	6268.71	6262.29
6266.02	3764.02	674	1.#QNAN	0	0	0	3.58461e-008	5582.77	6266.02	6259.63
6263.2	3762.07	675	1.#QNAN	0	0.015	0	3.7148e-008	5442.71	6263.2	6256.84
6260.45	3760.21	676	1.#QNAN	0	0.016	0	3.5912e-008	5478.25	6260.45	6254.12
6257.71	3758.35	677	1.#QNAN	0	0.016	0	3.51411e-008	5491.49	6257.71	6251.41
6254.89	3756.46	678	1.#QNAN	0	0.015	1	3.63466e-008	5467.2	6254.89	6248.63
6252.28	3754.64	679	1.#QNAN	0	0.016	0	3.56629e-008	5578.63	6252.28	6246.05
6249.74	3752.85	680	1.#QNAN	0	0.015	0	3.60245e-008	5618.16	6249.74	6243.55
6247.18	3751.12	681	1.#QNAN	0	0	0	3.77304e-008	5590.5	6247.18	6241.02
6244.7	3749.41	682	1.#QNAN	0	0.016	0	3.63228e-008	5605.21	6244.7	6238.57
6242.24	3747.69	683	1.#QNAN	0	0.016	0	3.59746e-008	5625.17	6242.24	6236.14
6239.64	3745.87	684	1.#QNAN	0	0.015	0	3.75639e-008	5566.99	6239.64	6233.58
6237.13	3744.11	685	1.#QNAN	0	0.016	0	3.63987e-008	5609.69	6237.13	6231.1
6234.55	3742.29	686	1.#QNAN	0	0.015	0	3.71245e-008	5585.26	6234.55	6228.56
6232.03	3740.56	687	1.#QNAN	0	0.016	0	3.53598e-008	5566.83	6232.03	6226.08
6229.54	3738.86	688	1.#QNAN	0	0.016	0	3.71331e-008	5597.15	6229.54	6223.62
6227.05	3737.19	689	1.#QNAN	0	0	0	3.60462e-008	5649.86	6227.05	6221.16
6224.48	3735.4	690	1.#QNAN	0	0.015	0	3.58389e-008	5524.68	6224.48	6218.64
6222.08	3733.71	691	1.#QNAN	0	0.016	0	3.7339e-008	5579.21	6222.08	6216.27
6219.6	3732.01	692	1.#QNAN	0	0.015	0	3.66249e-008	5534.38	6219.6	6213.83
6217.12	3730.29	693	1.#QNAN	0	0.016	0	3.68075e-008	5563.84	6217.12	6211.38
6214.55	3728.5	694	1.#QNAN	0	0.016	0	3.52628e-008	5503.42	6214.55	6208.85
6212.01	3726.74	695	1.#QNAN	0	0.015	0	3.61724e-008	5555.61	6212.01	6206.35
6209.43	3724.97	696	1.#QNAN	0	0.016	0	3.78144e-008	5488.61	6209.43	6203.81
6206.94	3723.25	697	1.#QNAN	0	0.015	0	3.80156e-008	5532.37	6206.94	6201.35
6204.49	3721.52	698	1.#QNAN	0	0.016	0	3.61185e-008	5552.66	6204.49	6198.93
6202.05	3719.8	699	1.#QNAN	0	0	0	3.71783e-008	5614.71	6202.05	6196.53
6199.59	3718.07	700	1.#QNAN	0	0.016	0	3.66278e-008	5524.42	6199.59	6194.1
6197.11	3716.31	701	1.#QNAN	0	0.015	0	3.62565e-008	5598.73	6197.11	6191.66
6194.63	3714.53	702	1.#QNAN	0	0.016	0	3.81689e-008	5573.22	6194.63	6189.21
6192.13	3712.78	703	1.#QNAN	0	0.015	0	3.67562e-008	5546.3	6192.13	6186.75
6189.7	3711.03	704	1.#QNAN	0	0.016	0	3.63394e-008	5570.25	6189.7	6184.36
6187.29	3709.3	705	1.#QNAN	0	0.016	0	3.70246e-008	5558	6187.29	6181.97
6184.91	3707.62	706	1.#QNAN	0	0.015	0	3.65899e-008	5613.39	6184.91	6179.63
6182.52	3705.87	707	1.#QNAN	0	0	0	3.67391e-008	5560.34	6182.52	6177.27
6180.11	3704.14	708	1.#QNAN	0	0.016	0	3.61985e-008	5531.7	6180.11	6174.9
6177.73	3702.44	709	1.#QNAN	0	0.015	0	3.71037e-008	5497.38	6177.73	6172.55
6175.4	3700.76	710	1.#QNAN	0	0.016	0	3.70014e-008	5535.75	6175.4	6170.26
6173.04	3699.03	711	1.#QNAN	0	0.016	0	3.635e-008	5516.39	6173.04	6167.93
6170.77	3697.43	712	1.#QNAN	0	0.015	0	3.71448e-008	5565.4	6170.77	6165.7
6168.42	3695.81	713	1.#QNAN	0	0.016	0	3.61477e-008	5471.7	6168.42	6163.37
6166.05	3694.09	714	1.#QNAN	0	0	0	3.60937e-008	5462.24	6166.05	6161.04
6163.8	3692.47	715	1.#QNAN	0	0.015	0	3.78138e-008	5545.66	6163.8	6158.83
6161.45	3690.83	716	1.#QNAN	0	0.016	0	3.74951e-008	5475.19	6161.45	6156.51
6159.15	3689.19	717	1.#QNAN	0	0.016	0	3.70433e-008	5512.94	6159.15	6154.24
6156.83	3687.52	718	1.#QNAN	0	0.015	0	3.85303e-008	5527.2	6156.83	6151.96
6154.52	3685.85	719	1.#QNAN	0	0.016	0	3.6762e-008	5575.22	6154.52	6149.68
6152.24	3684.21	720	1.#QNAN	0	0	0	3.78194e-008	5581.73	6152.24	6147.44
6150.04	3682.6	721	1.#QNAN	0	0.015	0	3.85139e-008	5602.43	6150.04	6145.27
6147.79	3680.98	722	1.#QNAN	0	0.016	0	3.73097e-008	5566.87	6147.79	6143.05
6145.55	3679.34	723	1.#QNAN	0	0.016	0	3.80173e-008	5585.48	6145.55	6140.85
6143.39	3677.78	724	1.#QNAN	0	0.015	0	3.80133e-008	5634.49	6143.39	6138.73
6141.1	3676.12	725	1.#QNAN	0	0.016	0	3.75661e-008	5514.23	6141.1	6136.46
6138.83	3674.49	726	1.#QNAN	0	0.015	0	3.74411e-008	5546.94	6138.83	6134.23
6136.52	3672.86	727	1.#QNAN	0	0.016	0	3.72828e-008	5498.29	6136.52	6131.96
6134.29	3671.3	728	1.#QNAN	0	0	0	3.79824e-008	5593.43	6134.29	6129.76
6132.01	3669.67	729	1.#QNAN	0	0.016	0	3.68028e-008	5564.53	6132.01	6127.51
6129.73	3668.07	730	1.#QNAN	0	0.015	0	3.75037e-008	5507.33	6129.73	6125.27
6127.5	3666.49	731	1.#QNAN	0	0.016	0	3.79539e-008	5562.04	6127.5	6123.07
6125.32	3664.93	732	1.#QNAN	0	0.015	0	3.82687e-008	5536.84	6125.32	6120.94
6123.21	3663.44	733	1.#QNAN	0	0.016	0	3.76951e-008	5541.39	6123.21	6118.85
6121.18	3662.01	734	1.#QNAN	0	0.016	0	3.87038e-008	5630.86	6121.18	6116.86
6119.13	3660.54	735	1.#QNAN	0	0.015	0	3.87952e-008	5613.5	6119.13	6114.84
6117	3659.02	736	1.#QNAN	0	0	0	3.83726e-008	5549.55	6117	6112.75
6114.9	3657.46	737	1.#QNAN	0	0.016	0	3.83847e-008	5565.78	6114.9	6110.68
6112.84	3656.01	738	1.#QNAN	0	0.015	0	3.86652e-008	5596.17	6112.84	6108.65
6110.82	3654.58	739	1.#QNAN	0	0.016	0	3.79972e-008	5598.17	6110.82	6106.66
6108.74	3653.05	740	1.#QNAN	0	0.016	0	3.90105e-008	5570.28	6108.74	6104.62
6106.68	3651.55	741	1.#QNAN	0	0.015	0	3.75443e-008	5579	6106.68	6102.59
6104.59	3650.06	742	1.#QNAN	0	0.016	0	3.86532e-008	5526.97	6104.59	6100.54
6102.48	3648.54	743	1.#QNAN	0	0	0	3.81508e-008	5515.3	6102.48	6098.46
6100.38	3647.02	744	1.#QNAN	0	0.015	0	3.78368e-008	5582.68	6100.38	6096.4
6098.32	3645.58	745	1.#QNAN	0	0.016	0	3.7897e-008	5586.5	6098.32	6094.36
6096.22	3644.06	746	1.#QNAN	0	0.016	0	3.6894e-008	5563.43	6096.22	6092.3
6094.14	3642.6	747	1.#QNAN	0	0.015	0	3.97124e-008	5577.04	6094.14	6090.25
6092.02	3641.12	748	1.#QNAN	0	0.016	0	3.86646e-008	5499.07	6092.02	6088.16
6089.89	3639.66	749	1.#QNAN	0	0.015	0	3.61863e-008	5497.36	6089.89	6086.06
6087.66	3638.16	750	1.#QNAN	0	0.016	0	3.80255e-008	5435.66	6087.66	6083.87
6085.45	3636.63	751	1.#QNAN	0	0.016	1	3.92505e-008	5406.09	6085.45	6081.69
6083.23	3635.13	752	1.#QNAN	0	0	0	3.71352e-008	5391.82	6083.23	6079.5
6081.11	3633.68	753	1.#QNAN	0	0.015	0	3.79966e-008	5504.37	6081.11	6077.4
6078.91	3632.14	754	1.#QNAN	0	0.016	0	3.77925e-008	5466.97	6078.91	6075.24
6076.74	3630.63	755	1.#QNAN	0	0.015	0	3.75334e-008	5479.16	6076.74	6073.09
6074.57	3629.13	756	1.#QNAN	0	0.016	0	3.9149e-008	5455.4	6074.57	6070.96
6072.51	3627.67	757	1.#QNAN	0	0.016	0	3.69891e-008	5499.56	6072.51	6068.92
6070.45	3626.23	758	1.#QNAN	0	0.015	0	3.81843e-008	5519.2	6070.45	6066.89
6068.28	3624.7	759	1.#QNAN	0	0.016	0	3.76762e-008	5440.61	6068.28	6064.76
6066.19	3623.2	760	1.#QNAN	0	0	0	3.80181e-008	5502.5	6066.19	6062.69
6064.11	3621.68	761	1.#QNAN	0	0.015	0	3.81425e-008	5510.5	6064.11	6060.64
6062.01	3620.18	762	1.#QNAN	0	0.016	0	3.95469e-008	5475.31	6062.01	6058.58
6059.96	3618.66	763	1.#QNAN	0	0.016	0	3.85162e-008	5529.52	6059.96	6056.56
6057.92	3617.15	764	1.#QNAN	0	0.015	0	3.93352e-008	5456.85	6057.92	6054.54
6055.85	3615.64	765	1.#QNAN	0	0.016	0	3.90334e-008	5446.47	6055.85	6052.5
6053.79	3614.12	766	1.#QNAN	0	0.015	0	3.82124e-008	5436.82	6053.79	6050.47
6051.85	3612.74	767	1.#QNAN	0	0	0	3.95202e-008	5527.57	6051.85	6048.56
6049.8	3611.26	768	1.#QNAN	0	0.016	0	3.65846e-008	5452.61	6049.8	6046.54
6047.79	3609.81	769	1.#QNAN	0	0.016	0	3.87407e-008	5445.31	6047.79	6044.56
6045.88	3608.39	770	1.#QNAN	0	0.015	0	3.73849e-008	5605.62	6045.88	6042.68
6043.94	3606.98	771	1.#QNAN	0	0.016	0	3.83668e-008	5520.35	6043.94	6040.77
6041.95	3605.53	772	1.#QNAN	0	0.015	0	3.95445e-008	5484.02	6041.95	6038.81
6040	3604.12	773	1.#QNAN	0	0.016	0	3.78064e-008	5544.32	6040	6036.88
6038.1	3602.77	774	1.#QNAN	0	0	0	3.87413e-008	5555.55	6038.1	6035.01
6036.26	3601.43	775	1.#QNAN	0	0.016	0	3.72174e-008	5567.23	6036.26	6033.21
6034.47	3600.11	776	1.#QNAN	0	0.015	0	3.95413e-008	5601.66	6034.47	6031.44
6032.66	3598.81	777	1.#QNAN	0	0.016	0	3.93778e-008	5584.29	6032.66	6029.66
6030.78	3597.41	778	1.#QNAN	0	0.015	0	4.09932e-008	5535.01	6030.78	6027.82
6028.96	3596.09	779	1.#QNAN	0	0.016	0	3.91578e-008	5588.52	6028.96	6026.02
6027.11	3594.76	780	1.#QNAN	0	0.016	0	3.96159e-008	5612.03	6027.11	6024.21
6025.16	3593.39	781	1.#QNAN	0	0	0	3.89779e-008	5493.24	6025.16	6022.28
6023.27	3592.05	782	1.#QNAN	0	0.015	0	3.98184e-008	5491.27	6023.27	6020.43
6021.39	3590.69	783	1.#QNAN	0	0.016	0	3.79027e-008	5507.11	6021.39	6018.57
6019.52	3589.33	784	1.#QNAN	0	0.015	0	3.84592e-008	5501.08	6019.52	6016.73
6017.61	3587.96	785	1.#QNAN	0	0.016	0	3.81422e-008	5438	6017.61	6014.84
6015.78	3586.65	786	1.#QNAN	0	0.016	0	3.99761e-008	5513.03	6015.78	6013.04
6013.95	3585.34	787	1.#QNAN	0	0	0	3.8474e-008	5529.2	6013.95	6011.25
6012.17	3584.06	788	1.#QNAN	0	0.015	0	3.84013e-008	5561.03	6012.17	6009.49
6010.3	3582.76	789	1.#QNAN	0	0.016	0	3.83217e-008	5510.43	6010.3	6007.65
6008.46	3581.5	790	1.#QNAN	0	0.015	0	3.93114e-008	5467.19	6008.46	6005.84
6006.74	3580.28	791	1.#QNAN	0	0.016	0	3.94011e-008	5562.19	6006.74	6004.15
6004.9	3578.97	792	1.#QNAN	0	0.016	0	3.86065e-008	5482.29	6004.9	6002.33
6003.17	3577.68	793	1.#QNAN	0	0.015	0	3.90103e-008	5611.53	6003.17	6000.63
6001.44	3576.44	794	1.#QNAN	0	0	0	4.00025e-008	5593.17	6001.44	5998.93
5999.49	3575.02	795	1.#QNAN	0	0.016	0	3.96943e-008	5471.48	5999.49	5997.01
5997.7	3573.71	796	1.#QNAN	0	0.015	0	3.89111e-008	5570.1	5997.7	5995.24
5995.87	3572.39	797	1.#QNAN	0	0.016	0	3.99268e-008	5522.21	5995.87	5993.44
5994.06	3571.05	798	1.#QNAN	0	0.016	0	3.86329e-008	5551.11	5994.06	5991.66
5992.29	3569.79	799	1.#QNAN	0	0.015	0	3.8978e-008	5536.47	5992.29	5989.91
