rmse	mae	#iter	time_pred	time_learn	time_learn2	time_learn4	alpha	rmse_mcmc_this	rmse_mcmc_all	rmse_mcmc_all_but5
3150.49	2218.66	0	1.#QNAN	0	0.016	0	4.79512e-009	3150.49	3150.49	3880.47
2890.91	2010.09	1	1.#QNAN	0	0.015	0	6.90266e-008	2842.87	2890.91	3880.47
2808.38	1960.79	2	1.#QNAN	0	0.016	0	9.69435e-008	2715.69	2808.38	3880.47
2747.14	1926.62	3	1.#QNAN	0	0.015	0	1.08434e-007	2624.61	2747.14	3880.47
2700.86	1902.6	4	1.#QNAN	0	0.032	0	1.14232e-007	2566.5	2700.86	37687.6
2650.58	1871.9	5	1.#QNAN	0	0.015	0	1.24533e-007	2446.78	2650.58	2446.78
2604.26	1843.59	6	1.#QNAN	0	0.016	0	1.384e-007	2361.88	2604.26	2393.9
2558.43	1815.2	7	1.#QNAN	0	0.015	0	1.51434e-007	2283.24	2558.43	2348
2515.94	1789.47	8	1.#QNAN	0	0.016	0	1.66248e-007	2227.25	2515.94	2311.11
2475.91	1763.57	9	1.#QNAN	0	0.031	0	1.84713e-007	2170.25	2475.91	2277.76
2434.99	1737.12	10	1.#QNAN	0	0.016	0	1.95182e-007	2092.56	2434.99	2241.88
2394.48	1710.04	11	1.#QNAN	0	0.015	0	2.14682e-007	2019.66	2394.48	2205.27
2351.98	1683.3	12	1.#QNAN	0	0.016	0	2.36658e-007	1941.45	2351.98	2165.69
2309.7	1656.14	13	1.#QNAN	0	0.016	0	2.59339e-007	1876.52	2309.7	2126.36
2268.03	1629.18	14	1.#QNAN	0	0.015	0	2.86817e-007	1833.77	2268.03	2088.38
2226.77	1602.59	15	1.#QNAN	0	0.031	0	3.04466e-007	1785.21	2226.77	2050.75
2186.98	1576.47	16	1.#QNAN	0	0.016	0	3.21717e-007	1734.26	2186.98	2014.76
2147.58	1549.85	17	1.#QNAN	0	0.016	0	3.52146e-007	1696.76	2147.58	1979.51
2110.45	1524.39	18	1.#QNAN	0	0.015	0	3.82634e-007	1677.97	2110.45	1947.01
2074.37	1499.75	19	1.#QNAN	0	0.016	0	3.95789e-007	1646.11	2074.37	1915.74
2040.54	1475.52	20	1.#QNAN	0	0.015	0	4.14962e-007	1631.17	2040.54	1886.86
2008.82	1452.72	21	1.#QNAN	0	0.016	0	4.27548e-007	1609.89	2008.82	1860.06
1979.04	1430.69	22	1.#QNAN	0	0.031	0	4.45166e-007	1577.98	1979.04	1835.14
1951.02	1410.4	23	1.#QNAN	0	0.016	0	4.43832e-007	1541.83	1951.02	1811.72
1925.1	1391.07	24	1.#QNAN	0	0.015	0	4.7231e-007	1579.95	1925.1	1790.99
1899.99	1372.47	25	1.#QNAN	0	0.016	0	4.65891e-007	1530.82	1899.99	1770.48
1874.89	1353.64	26	1.#QNAN	0	0.016	0	4.85206e-007	1517.93	1874.89	1749.95
1851.15	1335.37	27	1.#QNAN	0	0.015	0	5.12569e-007	1507.82	1851.15	1730.51
1828.73	1317.88	28	1.#QNAN	0	0.016	0	4.99264e-007	1508.44	1828.73	1712.36
1808.39	1301.69	29	1.#QNAN	0	0.031	0	5.24414e-007	1522.55	1808.39	1696.05
1789.64	1286.51	30	1.#QNAN	0	0.016	0	5.4908e-007	1520.27	1789.64	1681.56
1772.13	1272.53	31	1.#QNAN	0	0.015	0	5.47241e-007	1508.24	1772.13	1668.08
1755.6	1259.01	32	1.#QNAN	0	0.016	0	5.2556e-007	1522.33	1755.6	1655.41
1740.7	1246.51	33	1.#QNAN	0	0.015	0	5.32801e-007	1510.31	1740.7	1644.22
1726.61	1234.37	34	1.#QNAN	0	0.016	0	5.41477e-007	1493.89	1726.61	1633.57
1713.19	1222.93	35	1.#QNAN	0	0.016	0	5.52003e-007	1495.2	1713.19	1623.52
1700.56	1212.15	36	1.#QNAN	0	0.031	0	5.5199e-007	1504.56	1700.56	1614.29
1688.14	1201.73	37	1.#QNAN	0	0.015	0	5.57798e-007	1494.21	1688.14	1604.9
1676.26	1191.93	38	1.#QNAN	0	0.016	0	5.57482e-007	1468.68	1676.26	1596
1665.45	1182.71	39	1.#QNAN	0	0.016	0	5.76166e-007	1472.48	1665.45	1587.92
1656.06	1174.27	40	1.#QNAN	0	0.015	0	5.78651e-007	1493.37	1656.06	1581.39
1646.53	1165.68	41	1.#QNAN	0	0.016	0	5.79676e-007	1467.36	1646.53	1574.47
1637.69	1157.68	42	1.#QNAN	0	0.015	0	5.55732e-007	1464.03	1637.69	1568.1
1629.06	1150.01	43	1.#QNAN	0	0.032	0	5.74441e-007	1462.28	1629.06	1561.77
1620.41	1142.31	44	1.#QNAN	0	0.015	1	5.80285e-007	1434.81	1620.41	1555.27
1611.96	1135	45	1.#QNAN	0	0.016	0	6.09995e-007	1427.47	1611.96	1548.89
1604.4	1128.1	46	1.#QNAN	0	0.015	0	5.77654e-007	1454.85	1604.4	1543.47
1597.32	1121.61	47	1.#QNAN	0	0.016	0	6.06816e-007	1467.03	1597.32	1538.42
1590.15	1115.24	48	1.#QNAN	0	0.016	0	6.06001e-007	1442.66	1590.15	1533.19
1583.73	1109.19	49	1.#QNAN	0	0.015	0	6.05829e-007	1478.41	1583.73	1528.72
1577.36	1103.32	50	1.#QNAN	0	0.031	0	6.29686e-007	1453.34	1577.36	1524.11
1571.49	1098.02	51	1.#QNAN	0	0.016	0	6.1207e-007	1494.3	1571.49	1519.93
1565.71	1092.62	52	1.#QNAN	0	0.016	0	6.18296e-007	1500.18	1565.71	1515.84
1560.51	1087.61	53	1.#QNAN	0	0.015	0	6.29033e-007	1541.62	1560.51	1512.2
1555.22	1082.74	54	1.#QNAN	0	0.016	0	6.3e-007	1446.47	1555.22	1508.34
1550.21	1077.94	55	1.#QNAN	0	0.015	0	6.05855e-007	1451.18	1550.21	1504.75
1545.5	1073.47	56	1.#QNAN	0	0.016	0	6.41417e-007	1455.52	1545.5	1501.41
1540.9	1068.82	57	1.#QNAN	0	0.031	0	6.36501e-007	1444.27	1540.9	1498.16
1536.47	1064.36	58	1.#QNAN	0	0.016	0	6.48111e-007	1453.74	1536.47	1495.07
1532.37	1060.06	59	1.#QNAN	0	0.015	0	6.23022e-007	1468.67	1532.37	1492.32
1528.05	1055.59	60	1.#QNAN	0	0.016	0	6.2372e-007	1425.26	1528.05	1489.23
1523.35	1050.96	61	1.#QNAN	0	0.016	0	6.26745e-007	1400.4	1523.35	1485.65
1518.82	1046.67	62	1.#QNAN	0	0.015	0	6.57812e-007	1393.47	1518.82	1482.19
1514.72	1042.68	63	1.#QNAN	0	0.031	0	6.67676e-007	1415.24	1514.72	1479.12
1510.86	1038.93	64	1.#QNAN	0	0.016	0	6.53443e-007	1467.89	1510.86	1476.25
1506.75	1034.96	65	1.#QNAN	0	0.016	0	6.54986e-007	1396.95	1506.75	1473.09
1503.31	1031.51	66	1.#QNAN	0	0.015	0	6.61395e-007	1454.27	1503.31	1470.59
1500.19	1028.39	67	1.#QNAN	0	0.016	0	6.7411e-007	1466.68	1500.19	1468.38
1497.06	1025.43	68	1.#QNAN	0	0.015	0	6.46322e-007	1502.93	1497.06	1466.11
1493.69	1022.07	69	1.#QNAN	0	0.016	0	6.65728e-007	1407.59	1493.69	1463.56
1490.7	1019.04	70	1.#QNAN	0	0.031	0	6.54785e-007	1462.49	1490.7	1461.42
1487.19	1015.84	71	1.#QNAN	0	0.016	0	6.68134e-007	1386.65	1487.19	1458.67
1484.32	1013.01	72	1.#QNAN	0	0.015	0	6.73868e-007	1432.38	1484.32	1456.59
1481.26	1010.1	73	1.#QNAN	0	0.016	0	6.54452e-007	1402.46	1481.26	1454.25
1477.95	1007.18	74	1.#QNAN	0	0.016	0	6.79577e-007	1364.93	1477.95	1451.6
1475.07	1004.4	75	1.#QNAN	0	0.015	0	6.66436e-007	1404.58	1475.07	1449.39
1472.47	1001.88	76	1.#QNAN	0	0.016	0	6.74091e-007	1403.61	1472.47	1447.47
1470.18	999.445	77	1.#QNAN	0	0.015	0	6.72137e-007	1435.78	1470.18	1445.86
1468.02	997.012	78	1.#QNAN	0	0.032	0	6.72492e-007	1448.95	1468.02	1444.36
1465.85	994.784	79	1.#QNAN	0	0.015	0	6.85189e-007	1436.29	1465.85	1442.82
1464.1	992.642	80	1.#QNAN	0	0.016	0	6.79193e-007	1487.14	1464.1	1441.72
1461.97	990.442	81	1.#QNAN	0	0.015	0	6.75436e-007	1411.45	1461.97	1440.17
1460.12	988.419	82	1.#QNAN	0	0.016	0	6.59877e-007	1443.81	1460.12	1438.89
1457.85	986.272	83	1.#QNAN	0	0.016	0	6.72814e-007	1399.54	1457.85	1437.15
1455.56	984.17	84	1.#QNAN	0	0.015	0	6.83415e-007	1372.53	1455.56	1435.34
1453.72	982.24	85	1.#QNAN	0	0.031	0	7.06811e-007	1432.46	1453.72	1434.03
1451.89	980.332	86	1.#QNAN	0	0.016	0	7.10838e-007	1430.08	1451.89	1432.7
1450	978.396	87	1.#QNAN	0	0.016	0	6.76774e-007	1406.85	1450	1431.31
1447.79	976.386	88	1.#QNAN	0	0.015	0	6.91833e-007	1358	1447.79	1429.52
1445.94	974.621	89	1.#QNAN	0	0.016	0	7.08407e-007	1390.18	1445.94	1428.1
1444.42	972.958	90	1.#QNAN	0	0.015	0	6.93576e-007	1425.6	1444.42	1427.04
1442.87	971.214	91	1.#QNAN	0	0.016	0	6.80237e-007	1443.79	1442.87	1425.95
1441.24	969.527	92	1.#QNAN	0	0.031	0	6.69198e-007	1404.42	1441.24	1424.75
1439.9	967.874	93	1.#QNAN	0	0.016	0	6.81791e-007	1427.9	1439.9	1423.84
1438.48	966.259	94	1.#QNAN	0	0.015	0	7.0641e-007	1422.23	1438.48	1422.85
1437.32	964.8	95	1.#QNAN	0	0.016	0	7.01371e-007	1443.65	1437.32	1422.12
1436.12	963.316	96	1.#QNAN	0	0.016	0	7.02036e-007	1435.16	1436.12	1421.33
1434.83	961.824	97	1.#QNAN	0	0.015	0	6.83532e-007	1419.58	1434.83	1420.43
1433.47	960.402	98	1.#QNAN	0	0.016	0	6.58882e-007	1415.39	1433.47	1419.42
1432.19	959.102	99	1.#QNAN	0	0.015	0	7.05967e-007	1410.82	1432.19	1418.47
1430.84	957.594	100	1.#QNAN	0	0.032	1	6.64357e-007	1405.42	1430.84	1417.47
1429.49	956.086	101	1.#QNAN	0	0.015	0	6.88166e-007	1392.71	1429.49	1416.44
1428.25	954.71	102	1.#QNAN	0	0.016	0	6.83371e-007	1397.22	1428.25	1415.51
1426.96	953.38	103	1.#QNAN	0	0.015	0	6.86007e-007	1389.66	1426.96	1414.51
1425.92	952.113	104	1.#QNAN	0	0.016	0	7.02012e-007	1417.84	1425.92	1413.78
1424.79	950.756	105	1.#QNAN	0	0.016	0	6.97654e-007	1416.93	1424.79	1412.95
1423.76	949.521	106	1.#QNAN	0	0.015	0	7.02646e-007	1418.72	1423.76	1412.22
1422.64	948.242	107	1.#QNAN	0	0.031	0	7.14807e-007	1398.28	1422.64	1411.37
1421.54	946.997	108	1.#QNAN	0	0.016	0	7.02469e-007	1412.89	1421.54	1410.55
1420.44	945.808	109	1.#QNAN	0	0.016	0	7.17237e-007	1405.24	1420.44	1409.71
1419.14	944.56	110	1.#QNAN	0	0.015	0	7.08368e-007	1364.98	1419.14	1408.64
1417.89	943.333	111	1.#QNAN	0	0.016	0	7.26827e-007	1381.32	1417.89	1407.62
1416.85	942.254	112	1.#QNAN	0	0.015	0	7.3e-007	1410.91	1416.85	1406.82
1415.61	941.055	113	1.#QNAN	0	0.016	0	7.0805e-007	1374.88	1415.61	1405.8
1414.55	939.921	114	1.#QNAN	0	0.031	0	6.91616e-007	1385.22	1414.55	1404.96
1413.72	938.887	115	1.#QNAN	0	0.016	0	6.91559e-007	1408.1	1413.72	1404.34
1412.58	937.744	116	1.#QNAN	0	0.015	0	7.13027e-007	1362.77	1412.58	1403.37
1411.31	936.59	117	1.#QNAN	0	0.016	0	6.90074e-007	1334.81	1411.31	1402.26
1410.04	935.424	118	1.#QNAN	0	0.016	0	7.03171e-007	1350.68	1410.04	1401.15
1408.98	934.377	119	1.#QNAN	0	0.015	0	6.9619e-007	1372.31	1408.98	1400.26
1407.83	933.28	120	1.#QNAN	0	0.031	0	6.84815e-007	1352.76	1407.83	1399.28
1406.81	932.164	121	1.#QNAN	0	0.016	0	6.78428e-007	1385.07	1406.81	1398.46
1406	931.149	122	1.#QNAN	0	0.016	0	7.0438e-007	1410.92	1406	1397.83
1405.04	930.089	123	1.#QNAN	0	0.015	0	7.18612e-007	1381.54	1405.04	1397.06
1404.12	929.052	124	1.#QNAN	0	0.016	0	7.20827e-007	1377.9	1404.12	1396.3
1403.34	928.067	125	1.#QNAN	0	0.015	0	7.14601e-007	1397.91	1403.34	1395.69
1402.53	927.118	126	1.#QNAN	0	0.016	0	7.15812e-007	1389.3	1402.53	1395.05
1401.84	926.241	127	1.#QNAN	0	0.031	0	7.0042e-007	1414.89	1401.84	1394.53
1401.18	925.398	128	1.#QNAN	0	0.016	0	7.23841e-007	1422.75	1401.18	1394.04
1400.4	924.479	129	1.#QNAN	0	0.015	0	7.31707e-007	1389.74	1400.4	1393.4
1400.15	923.813	130	1.#QNAN	0	0.016	0	7.46118e-007	1519.21	1400.15	1393.33
1399.85	923.114	131	1.#QNAN	0	0.016	0	7.26105e-007	1477.97	1399.85	1393.19
1399.29	922.402	132	1.#QNAN	0	0.015	0	7.37591e-007	1412.93	1399.29	1392.77
1398.72	921.629	133	1.#QNAN	0	0.016	0	7.32002e-007	1415.01	1398.72	1392.34
1398.02	920.788	134	1.#QNAN	0	0.031	0	7.03918e-007	1386.42	1398.02	1391.77
1397.37	919.985	135	1.#QNAN	0	0.016	0	7.21899e-007	1384.05	1397.37	1391.24
1396.76	919.209	136	1.#QNAN	0	0.015	0	6.85912e-007	1397.88	1396.76	1390.76
1396.22	918.423	137	1.#QNAN	0	0.016	0	7.17064e-007	1422.83	1396.22	1390.36
1395.66	917.73	138	1.#QNAN	0	0.015	0	7.14772e-007	1425.56	1395.66	1389.92
1394.99	916.971	139	1.#QNAN	0	0.016	0	6.98702e-007	1393.72	1394.99	1389.38
1394.46	916.282	140	1.#QNAN	0	0.031	0	7.09911e-007	1406.06	1394.46	1388.97
1394.16	915.738	141	1.#QNAN	0	0.016	0	7.0154e-007	1451.8	1394.16	1388.79
1393.57	915.07	142	1.#QNAN	0	0.015	0	7.25723e-007	1384.46	1393.57	1388.31
1393.08	914.412	143	1.#QNAN	0	0.016	0	7.14873e-007	1397.44	1393.08	1387.92
1392.78	913.787	144	1.#QNAN	0	0.016	0	7.26987e-007	1451.18	1392.78	1387.75
1392.59	913.127	145	1.#QNAN	0	0.015	0	7.2101e-007	1496.51	1392.59	1387.69
1392.22	912.453	146	1.#QNAN	0	0.031	0	7.15686e-007	1442.95	1392.22	1387.43
1391.66	911.696	147	1.#QNAN	0	0.016	0	7.31791e-007	1410.6	1391.66	1386.97
1391.2	910.991	148	1.#QNAN	0	0.016	0	7.03164e-007	1425.85	1391.2	1386.62
1390.48	910.21	149	1.#QNAN	0	0.015	0	7.2814e-007	1377.93	1390.48	1385.98
1389.6	909.395	150	1.#QNAN	0	0.016	0	7.45902e-007	1331.85	1389.6	1385.18
1388.92	908.679	151	1.#QNAN	0	0.015	0	6.93208e-007	1383.09	1388.92	1384.59
1388.1	907.933	152	1.#QNAN	0	0.016	0	7.11719e-007	1354.48	1388.1	1383.86
1387.27	907.226	153	1.#QNAN	0	0.016	0	7.19272e-007	1351.47	1387.27	1383.11
1386.71	906.534	154	1.#QNAN	0	0.031	0	7.61505e-007	1393.8	1386.71	1382.64
1386.19	905.916	155	1.#QNAN	0	0.015	0	7.1842e-007	1395.1	1386.19	1382.22
1385.57	905.272	156	1.#QNAN	0	0.016	1	7.27547e-007	1371.94	1385.57	1381.68
1384.84	904.551	157	1.#QNAN	0	0.016	0	7.36762e-007	1350.17	1384.84	1381.03
1384.22	903.93	158	1.#QNAN	0	0.015	0	7.14731e-007	1367.45	1384.22	1380.49
1383.46	903.264	159	1.#QNAN	0	0.016	0	7.11903e-007	1342.46	1383.46	1379.78
1382.91	902.691	160	1.#QNAN	0	0.015	0	7.10859e-007	1374.32	1382.91	1379.3
1382.39	902.11	161	1.#QNAN	0	0.032	0	7.00272e-007	1384.22	1382.39	1378.84
1381.67	901.456	162	1.#QNAN	0	0.015	0	7.36506e-007	1337.74	1381.67	1378.17
1381.16	900.876	163	1.#QNAN	0	0.016	0	7.18454e-007	1371.47	1381.16	1377.72
1380.61	900.368	164	1.#QNAN	0	0.015	0	7.35327e-007	1366.69	1380.61	1377.22
1379.87	899.875	165	1.#QNAN	0	0.016	0	7.21764e-007	1333.99	1379.87	1376.53
1379.24	899.346	166	1.#QNAN	0	0.016	0	7.53455e-007	1355.74	1379.24	1375.96
1378.62	898.786	167	1.#QNAN	0	0.031	0	7.29285e-007	1348.5	1378.62	1375.4
1378.28	898.291	168	1.#QNAN	0	0.015	0	6.85471e-007	1410.05	1378.28	1375.11
1378	897.866	169	1.#QNAN	0	0.016	0	7.18351e-007	1430.33	1378	1374.9
1377.64	897.367	170	1.#QNAN	0	0.016	0	7.27005e-007	1397.3	1377.64	1374.59
1377.17	896.853	171	1.#QNAN	0	0.015	0	7.28715e-007	1397.13	1377.17	1374.19
1376.55	896.286	172	1.#QNAN	0	0.016	0	7.13645e-007	1393.76	1376.55	1373.62
1375.62	895.543	173	1.#QNAN	0	0.015	0	7.1627e-007	1349.87	1375.62	1372.74
1374.87	894.944	174	1.#QNAN	0	0.032	0	7.04037e-007	1341.26	1374.87	1372.04
1373.95	894.183	175	1.#QNAN	0	0.015	0	7.41657e-007	1345.84	1373.95	1371.16
1373.42	893.572	176	1.#QNAN	0	0.016	0	7.30357e-007	1384.34	1373.42	1370.68
1372.68	892.983	177	1.#QNAN	0	0.015	0	7.37459e-007	1326.5	1372.68	1369.98
1371.9	892.351	178	1.#QNAN	0	0.016	0	7.64517e-007	1325.52	1371.9	1369.24
1371.29	891.823	179	1.#QNAN	0	0.016	0	7.20856e-007	1326.03	1371.29	1368.66
1370.68	891.234	180	1.#QNAN	0	0.015	0	7.63907e-007	1326.72	1370.68	1368.09
1370.18	890.721	181	1.#QNAN	0	0.031	0	7.66238e-007	1345.02	1370.18	1367.63
1369.72	890.186	182	1.#QNAN	0	0.016	0	7.26428e-007	1369.1	1369.72	1367.21
1369.4	889.742	183	1.#QNAN	0	0.016	0	7.36787e-007	1391.16	1369.4	1366.94
1368.93	889.245	184	1.#QNAN	0	0.015	0	7.6507e-007	1358.82	1368.93	1366.52
1368.46	888.79	185	1.#QNAN	0	0.016	0	7.48006e-007	1358.19	1368.46	1366.1
1367.79	888.31	186	1.#QNAN	0	0.015	0	7.52053e-007	1321.66	1367.79	1365.46
1366.99	887.7	187	1.#QNAN	0	0.016	0	7.45894e-007	1315.25	1366.99	1364.69
1366.3	887.145	188	1.#QNAN	0	0.031	0	7.40599e-007	1333.69	1366.3	1364.04
1365.65	886.619	189	1.#QNAN	0	0.016	0	7.28999e-007	1330.78	1365.65	1363.42
1365.06	886.09	190	1.#QNAN	0	0.015	0	7.47018e-007	1321.96	1365.06	1362.87
1364.59	885.591	191	1.#QNAN	0	0.016	0	7.60933e-007	1351.43	1364.59	1362.45
1363.93	884.996	192	1.#QNAN	0	0.016	0	7.79816e-007	1308.25	1363.93	1361.82
1363.21	884.418	193	1.#QNAN	0	0.015	0	7.59544e-007	1298.83	1363.21	1361.13
1362.6	883.87	194	1.#QNAN	0	0.031	0	7.2996e-007	1315.14	1362.6	1360.55
1362.05	883.352	195	1.#QNAN	0	0.016	0	7.45803e-007	1322.16	1362.05	1360.03
1361.38	882.785	196	1.#QNAN	0	0.016	0	7.46314e-007	1306.32	1361.38	1359.4
1360.68	882.224	197	1.#QNAN	0	0.015	0	7.5631e-007	1302.88	1360.68	1358.72
1359.99	881.652	198	1.#QNAN	0	0.016	0	7.38914e-007	1309.55	1359.99	1358.07
1359.4	881.181	199	1.#QNAN	0	0.015	0	7.75799e-007	1314.75	1359.4	1357.51
1358.87	880.699	200	1.#QNAN	0	0.016	0	7.70088e-007	1327.58	1358.87	1357.02
1358.23	880.171	201	1.#QNAN	0	0.031	0	7.20923e-007	1301.84	1358.23	1356.42
1357.55	879.684	202	1.#QNAN	0	0.016	0	7.60099e-007	1285.82	1357.55	1355.76
1357.11	879.233	203	1.#QNAN	0	0.015	0	7.40538e-007	1346.42	1357.11	1355.37
1356.65	878.805	204	1.#QNAN	0	0.016	0	7.93114e-007	1347.18	1356.65	1354.94
1355.97	878.299	205	1.#QNAN	0	0.016	0	7.53212e-007	1284.65	1355.97	1354.28
1355.43	877.804	206	1.#QNAN	0	0.015	0	7.62279e-007	1323.64	1355.43	1353.77
1354.85	877.314	207	1.#QNAN	0	0.016	0	7.33581e-007	1320.11	1354.85	1353.22
1354.35	876.858	208	1.#QNAN	0	0.031	0	7.54474e-007	1326.66	1354.35	1352.75
1353.75	876.37	209	1.#QNAN	0	0.016	0	7.30839e-007	1310.85	1353.75	1352.18
1353.12	875.83	210	1.#QNAN	0	0.015	0	7.65531e-007	1306.54	1353.12	1351.59
1352.61	875.33	211	1.#QNAN	0	0.016	0	7.21511e-007	1342.38	1352.61	1351.1
1352.03	874.882	212	1.#QNAN	0	0.015	1	7.39819e-007	1321.56	1352.03	1350.55
1351.48	874.385	213	1.#QNAN	0	0.016	0	7.3387e-007	1324.06	1351.48	1350.02
1350.85	873.882	214	1.#QNAN	0	0.016	0	7.78918e-007	1314.84	1350.85	1349.42
1350.16	873.383	215	1.#QNAN	0	0.031	0	7.56705e-007	1300.05	1350.16	1348.75
1349.61	872.889	216	1.#QNAN	0	0.015	0	7.40511e-007	1323.07	1349.61	1348.23
1349.06	872.411	217	1.#QNAN	0	0.016	0	7.4224e-007	1322.53	1349.06	1347.71
1348.48	871.972	218	1.#QNAN	0	0.016	0	7.54522e-007	1306.37	1348.48	1347.15
1347.79	871.445	219	1.#QNAN	0	0.015	0	7.53509e-007	1276.96	1347.79	1346.48
1347.12	870.881	220	1.#QNAN	0	0.016	0	7.39823e-007	1281.56	1347.12	1345.82
1346.72	870.466	221	1.#QNAN	0	0.015	0	7.5987e-007	1336.01	1346.72	1345.46
1346.26	870.024	222	1.#QNAN	0	0.032	0	7.39706e-007	1316.34	1346.26	1345.01
1345.68	869.551	223	1.#QNAN	0	0.015	0	7.61085e-007	1294.93	1345.68	1344.45
1345.23	869.136	224	1.#QNAN	0	0.016	0	7.19968e-007	1325.19	1345.23	1344.02
1344.82	868.722	225	1.#QNAN	0	0.015	0	7.42131e-007	1322.06	1344.82	1343.63
1344.3	868.264	226	1.#QNAN	0	0.016	0	7.55817e-007	1308.81	1344.3	1343.13
1343.91	867.873	227	1.#QNAN	0	0.016	0	7.36259e-007	1334.9	1343.91	1342.76
1343.51	867.492	228	1.#QNAN	0	0.015	0	7.45309e-007	1336.81	1343.51	1342.39
1343.07	867.056	229	1.#QNAN	0	0.031	0	7.49697e-007	1342.68	1343.07	1341.97
1342.59	866.605	230	1.#QNAN	0	0.016	0	7.6781e-007	1327.92	1342.59	1341.51
1342.11	866.192	231	1.#QNAN	0	0.016	0	7.5452e-007	1310.31	1342.11	1341.06
1341.77	865.813	232	1.#QNAN	0	0.015	0	7.51573e-007	1347.05	1341.77	1340.73
1341.19	865.367	233	1.#QNAN	0	0.016	0	7.46844e-007	1312.55	1341.19	1340.17
1340.78	864.93	234	1.#QNAN	0	0.015	0	7.62384e-007	1328.36	1340.78	1339.78
1340.4	864.507	235	1.#QNAN	0	0.016	0	7.85597e-007	1338.58	1340.4	1339.42
1340.12	864.103	236	1.#QNAN	0	0.031	0	7.60989e-007	1367.88	1340.12	1339.16
1339.77	863.725	237	1.#QNAN	0	0.016	0	7.81732e-007	1353.94	1339.77	1338.84
1339.45	863.325	238	1.#QNAN	0	0.015	0	7.43996e-007	1359.08	1339.45	1338.55
1339.1	862.933	239	1.#QNAN	0	0.016	0	7.2976e-007	1347.3	1339.1	1338.22
1338.73	862.557	240	1.#QNAN	0	0.016	0	7.41102e-007	1338.97	1338.73	1337.87
1338.31	862.16	241	1.#QNAN	0	0.015	0	7.38518e-007	1327.84	1338.31	1337.48
1338.06	861.814	242	1.#QNAN	0	0.016	0	7.37984e-007	1356.58	1338.06	1337.25
1337.78	861.484	243	1.#QNAN	0	0.031	0	7.7824e-007	1355.42	1337.78	1336.99
1337.56	861.159	244	1.#QNAN	0	0.016	0	7.60612e-007	1367.63	1337.56	1336.79
1337.26	860.861	245	1.#QNAN	0	0.015	0	7.67794e-007	1341.46	1337.26	1336.52
1336.93	860.546	246	1.#QNAN	0	0.016	0	7.53597e-007	1333.6	1336.93	1336.21
1336.5	860.186	247	1.#QNAN	0	0.015	0	7.87966e-007	1317.33	1336.5	1335.8
1336.01	859.846	248	1.#QNAN	0	0.016	0	7.59933e-007	1308.02	1336.01	1335.32
1335.76	859.569	249	1.#QNAN	0	0.031	0	7.74877e-007	1360.34	1335.76	1335.1
1335.54	859.308	250	1.#QNAN	0	0.016	0	7.57113e-007	1360.53	1335.54	1334.9
1335.32	859.022	251	1.#QNAN	0	0.015	0	7.58472e-007	1352.44	1335.32	1334.69
1335.1	858.747	252	1.#QNAN	0	0.016	0	7.68645e-007	1357.49	1335.1	1334.49
1334.78	858.429	253	1.#QNAN	0	0.016	0	8.07451e-007	1329.8	1334.78	1334.19
1334.64	858.157	254	1.#QNAN	0	0.015	0	7.45856e-007	1371.6	1334.64	1334.06
1334.59	857.919	255	1.#QNAN	0	0.016	0	7.69628e-007	1411.48	1334.59	1334.04
1334.39	857.642	256	1.#QNAN	0	0.031	0	7.82605e-007	1374.85	1334.39	1333.86
1334.2	857.384	257	1.#QNAN	0	0.016	0	7.72251e-007	1366.28	1334.2	1333.69
1334.08	857.121	258	1.#QNAN	0	0.015	0	7.77187e-007	1384.99	1334.08	1333.59
1333.95	856.864	259	1.#QNAN	0	0.016	0	7.57691e-007	1377.57	1333.95	1333.47
1333.63	856.538	260	1.#QNAN	0	0.015	0	7.8194e-007	1329	1333.63	1333.17
1333.35	856.242	261	1.#QNAN	0	0.016	0	7.74085e-007	1338.59	1333.35	1332.9
1333.14	855.976	262	1.#QNAN	0	0.016	0	7.54513e-007	1362.85	1333.14	1332.71
1333	855.75	263	1.#QNAN	0	0.031	0	7.5161e-007	1385.92	1333	1332.58
1332.86	855.519	264	1.#QNAN	0	0.015	0	7.64725e-007	1389.96	1332.86	1332.46
1332.8	855.294	265	1.#QNAN	0	0.016	0	7.506e-007	1400.55	1332.8	1332.42
1332.73	855.1	266	1.#QNAN	0	0.016	0	7.87704e-007	1400.04	1332.73	1332.37
1332.75	854.914	267	1.#QNAN	0	0.015	0	7.5123e-007	1425.45	1332.75	1332.41
1332.6	854.712	268	1.#QNAN	0	0.016	1	7.72296e-007	1361.32	1332.6	1332.27
1332.53	854.557	269	1.#QNAN	0	0.015	0	7.54033e-007	1389.08	1332.53	1332.22
1332.41	854.363	270	1.#QNAN	0	0.032	0	7.7898e-007	1365.27	1332.41	1332.11
1332.21	854.163	271	1.#QNAN	0	0.015	0	7.79957e-007	1331.92	1332.21	1331.93
1332.09	853.958	272	1.#QNAN	0	0.016	0	7.84103e-007	1360.48	1332.09	1331.81
1331.9	853.728	273	1.#QNAN	0	0.015	0	7.36174e-007	1342.33	1331.9	1331.64
1331.83	853.546	274	1.#QNAN	0	0.016	0	7.78718e-007	1380.64	1331.83	1331.59
1331.79	853.396	275	1.#QNAN	0	0.031	0	7.92217e-007	1404.07	1331.79	1331.56
1331.6	853.192	276	1.#QNAN	0	0.016	0	7.70444e-007	1344.46	1331.6	1331.38
1331.38	852.989	277	1.#QNAN	0	0.015	0	7.549e-007	1329.82	1331.38	1331.17
1331.1	852.755	278	1.#QNAN	0	0.016	0	7.49959e-007	1310.83	1331.1	1330.89
1330.74	852.527	279	1.#QNAN	0	0.016	0	7.65317e-007	1295.53	1330.74	1330.53
1330.4	852.291	280	1.#QNAN	0	0.015	0	7.69747e-007	1297.28	1330.4	1330.2
1330.1	852.055	281	1.#QNAN	0	0.016	0	7.6988e-007	1302.95	1330.1	1329.91
1329.77	851.807	282	1.#QNAN	0	0.031	0	7.77893e-007	1303.96	1329.77	1329.58
1329.34	851.525	283	1.#QNAN	0	0.016	0	7.79177e-007	1290.71	1329.34	1329.14
1328.88	851.216	284	1.#QNAN	0	0.015	0	7.63301e-007	1286.79	1328.88	1328.69
1328.66	851.022	285	1.#QNAN	0	0.016	0	7.91318e-007	1335.63	1328.66	1328.47
1328.39	850.81	286	1.#QNAN	0	0.015	0	7.55543e-007	1327.82	1328.39	1328.21
1328.17	850.616	287	1.#QNAN	0	0.016	0	7.64919e-007	1340.53	1328.17	1327.99
1327.96	850.452	288	1.#QNAN	0	0.016	0	7.56953e-007	1335.77	1327.96	1327.79
1327.6	850.237	289	1.#QNAN	0	0.015	0	7.63087e-007	1301.92	1327.6	1327.44
1327.31	850.047	290	1.#QNAN	0	0.031	0	7.75736e-007	1309.61	1327.31	1327.15
1327.08	849.89	291	1.#QNAN	0	0.016	0	7.89121e-007	1326.34	1327.08	1326.92
1326.78	849.694	292	1.#QNAN	0	0.016	0	7.6135e-007	1325.69	1326.78	1326.63
1326.51	849.519	293	1.#QNAN	0	0.015	0	7.67118e-007	1326.25	1326.51	1326.37
1326.22	849.323	294	1.#QNAN	0	0.016	0	7.81278e-007	1318.65	1326.22	1326.08
1325.94	849.147	295	1.#QNAN	0	0.015	0	7.46395e-007	1313.9	1325.94	1325.81
1325.79	848.959	296	1.#QNAN	0	0.016	0	7.60731e-007	1366.29	1325.79	1325.66
1325.71	848.819	297	1.#QNAN	0	0.031	0	7.59547e-007	1382.18	1325.71	1325.58
1325.57	848.668	298	1.#QNAN	0	0.016	0	7.95563e-007	1356.6	1325.57	1325.46
1325.35	848.484	299	1.#QNAN	0	0.015	0	7.83987e-007	1335.42	1325.35	1325.24
1325.14	848.317	300	1.#QNAN	0	0.016	0	7.75795e-007	1334.45	1325.14	1325.04
1324.97	848.142	301	1.#QNAN	0	0.016	0	7.92316e-007	1357.71	1324.97	1324.88
1324.72	847.962	302	1.#QNAN	0	0.015	0	7.58769e-007	1317.38	1324.72	1324.63
1324.48	847.793	303	1.#QNAN	0	0.016	0	7.73629e-007	1324.81	1324.48	1324.4
1324.2	847.597	304	1.#QNAN	0	0.031	0	7.52643e-007	1307.5	1324.2	1324.12
1323.96	847.401	305	1.#QNAN	0	0.016	0	7.50753e-007	1333.3	1323.96	1323.89
1323.66	847.191	306	1.#QNAN	0	0.015	0	7.73229e-007	1323.64	1323.66	1323.6
1323.36	846.981	307	1.#QNAN	0	0.016	0	7.59488e-007	1320.58	1323.36	1323.3
1323.16	846.79	308	1.#QNAN	0	0.015	0	7.84583e-007	1338.54	1323.16	1323.11
1322.89	846.601	309	1.#QNAN	0	0.016	0	7.68324e-007	1310.89	1322.89	1322.85
1322.59	846.401	310	1.#QNAN	0	0.016	0	8.06751e-007	1309.62	1322.59	1322.55
1322.34	846.203	311	1.#QNAN	0	0.015	0	8.08852e-007	1313.43	1322.34	1322.31
1322.21	846.079	312	1.#QNAN	0	0.031	0	7.84856e-007	1346.97	1322.21	1322.19
1322.06	845.977	313	1.#QNAN	0	0.016	0	7.64055e-007	1349.08	1322.06	1322.04
1321.96	845.89	314	1.#QNAN	0	0.016	0	8.02336e-007	1362.72	1321.96	1321.95
1321.88	845.806	315	1.#QNAN	0	0.015	0	7.88498e-007	1369.24	1321.88	1321.89
1321.76	845.684	316	1.#QNAN	0	0.016	0	7.79683e-007	1368.04	1321.76	1321.77
1321.65	845.544	317	1.#QNAN	0	0.015	0	7.74669e-007	1367.46	1321.65	1321.67
1321.48	845.408	318	1.#QNAN	0	0.016	0	7.78821e-007	1332.61	1321.48	1321.51
1321.4	845.293	319	1.#QNAN	0	0.031	0	8.20549e-007	1359.43	1321.4	1321.43
1321.25	845.153	320	1.#QNAN	0	0.016	0	7.7199e-007	1340.1	1321.25	1321.3
1321.05	845.02	321	1.#QNAN	0	0.015	0	7.85603e-007	1319.64	1321.05	1321.1
1320.82	844.873	322	1.#QNAN	0	0.016	0	7.69837e-007	1317.09	1320.82	1320.87
1320.64	844.766	323	1.#QNAN	0	0.016	0	7.64367e-007	1337.85	1320.64	1320.71
1320.53	844.682	324	1.#QNAN	0	0.015	1	7.59622e-007	1349.16	1320.53	1320.6
1320.44	844.568	325	1.#QNAN	0	0.016	0	7.92977e-007	1359.52	1320.44	1320.51
1320.33	844.436	326	1.#QNAN	0	0.031	0	7.75255e-007	1364.33	1320.33	1320.42
1320.3	844.308	327	1.#QNAN	0	0.016	0	7.85963e-007	1380.49	1320.3	1320.39
1320.22	844.187	328	1.#QNAN	0	0.015	0	7.89783e-007	1351.08	1320.22	1320.31
1320.1	844.077	329	1.#QNAN	0	0.016	0	7.79973e-007	1348.34	1320.1	1320.2
1319.99	843.974	330	1.#QNAN	0	0.015	0	7.63171e-007	1372.33	1319.99	1320.1
1319.93	843.885	331	1.#QNAN	0	0.016	0	7.40365e-007	1394.03	1319.93	1320.04
1319.9	843.817	332	1.#QNAN	0	0.016	0	7.89373e-007	1400.29	1319.9	1320.02
1319.8	843.702	333	1.#QNAN	0	0.015	0	7.79201e-007	1362.39	1319.8	1319.92
1319.77	843.617	334	1.#QNAN	0	0.031	0	7.38421e-007	1388.89	1319.77	1319.9
1319.72	843.528	335	1.#QNAN	0	0.016	0	7.38496e-007	1376.53	1319.72	1319.86
1319.78	843.486	336	1.#QNAN	0	0.016	0	7.66243e-007	1464.02	1319.78	1319.92
1319.96	843.451	337	1.#QNAN	0	0.015	0	7.7104e-007	1528.42	1319.96	1320.12
1319.99	843.372	338	1.#QNAN	0	0.016	0	7.73693e-007	1443.16	1319.99	1320.16
1320	843.296	339	1.#QNAN	0	0.015	0	7.77033e-007	1429.33	1320	1320.18
1319.89	843.199	340	1.#QNAN	0	0.016	0	7.63079e-007	1367.13	1319.89	1320.08
1319.69	843.042	341	1.#QNAN	0	0.031	0	7.71354e-007	1330.83	1319.69	1319.87
1319.51	842.91	342	1.#QNAN	0	0.016	0	7.90862e-007	1338.91	1319.51	1319.71
1319.28	842.745	343	1.#QNAN	0	0.015	0	7.72821e-007	1302.61	1319.28	1319.48
1319.14	842.611	344	1.#QNAN	0	0.016	0	7.57482e-007	1334.22	1319.14	1319.34
1318.9	842.492	345	1.#QNAN	0	0.016	0	7.84707e-007	1307.34	1318.9	1319.1
1318.65	842.362	346	1.#QNAN	0	0.031	0	7.8634e-007	1311.7	1318.65	1318.86
1318.45	842.221	347	1.#QNAN	0	0.015	0	7.84313e-007	1316.69	1318.45	1318.66
1318.2	842.059	348	1.#QNAN	0	0.016	0	7.9605e-007	1294.47	1318.2	1318.41
1318.05	841.891	349	1.#QNAN	0	0.016	0	7.36439e-007	1334.9	1318.05	1318.26
1317.82	841.749	350	1.#QNAN	0	0.015	0	7.58867e-007	1311.3	1317.82	1318.04
1317.6	841.595	351	1.#QNAN	0	0.016	0	7.68434e-007	1312.39	1317.6	1317.82
1317.36	841.431	352	1.#QNAN	0	0.015	0	7.8838e-007	1309.13	1317.36	1317.58
1317.2	841.297	353	1.#QNAN	0	0.016	0	7.85572e-007	1340.08	1317.2	1317.42
1317.04	841.161	354	1.#QNAN	0	0.031	0	7.80511e-007	1326.97	1317.04	1317.26
1316.86	841.025	355	1.#QNAN	0	0.016	0	7.84883e-007	1329.95	1316.86	1317.07
1316.63	840.888	356	1.#QNAN	0	0.015	0	7.8493e-007	1333.54	1316.63	1316.85
1316.39	840.763	357	1.#QNAN	0	0.016	0	7.66449e-007	1321.58	1316.39	1316.61
1316.2	840.614	358	1.#QNAN	0	0.016	0	7.74477e-007	1360.83	1316.2	1316.41
1315.94	840.458	359	1.#QNAN	0	0.015	0	7.6138e-007	1323.05	1315.94	1316.15
1315.68	840.3	360	1.#QNAN	0	0.016	0	7.6945e-007	1325.86	1315.68	1315.89
1315.42	840.125	361	1.#QNAN	0	0.031	0	7.72922e-007	1317.77	1315.42	1315.63
1315.32	840.048	362	1.#QNAN	0	0.016	0	7.83566e-007	1411.45	1315.32	1315.53
1315.09	839.931	363	1.#QNAN	0	0.015	0	7.61206e-007	1318.2	1315.09	1315.3
1315	839.846	364	1.#QNAN	0	0.016	0	7.93738e-007	1374.93	1315	1315.21
1314.85	839.748	365	1.#QNAN	0	0.015	0	8.0984e-007	1340.9	1314.85	1315.07
1314.61	839.6	366	1.#QNAN	0	0.016	0	7.70806e-007	1309.03	1314.61	1314.83
1314.57	839.551	367	1.#QNAN	0	0.016	0	8.02944e-007	1452	1314.57	1314.78
1314.53	839.461	368	1.#QNAN	0	0.031	0	7.7923e-007	1431.11	1314.53	1314.75
1314.51	839.393	369	1.#QNAN	0	0.015	0	7.85958e-007	1450.75	1314.51	1314.74
1314.36	839.278	370	1.#QNAN	0	0.016	0	7.60159e-007	1349.26	1314.36	1314.59
1314.22	839.168	371	1.#QNAN	0	0.016	0	7.65523e-007	1377.66	1314.22	1314.46
1314.09	839.077	372	1.#QNAN	0	0.015	0	7.68071e-007	1373.99	1314.09	1314.33
1313.88	838.946	373	1.#QNAN	0	0.016	0	7.57381e-007	1312.04	1313.88	1314.11
1313.73	838.87	374	1.#QNAN	0	0.015	0	7.78873e-007	1338.9	1313.73	1313.96
1313.52	838.741	375	1.#QNAN	0	0.032	0	7.79912e-007	1304.84	1313.52	1313.75
1313.3	838.654	376	1.#QNAN	0	0.015	0	7.73884e-007	1315.64	1313.3	1313.53
1313.1	838.541	377	1.#QNAN	0	0.016	0	7.46533e-007	1332.88	1313.1	1313.34
1312.94	838.432	378	1.#QNAN	0	0.015	0	7.63159e-007	1359.55	1312.94	1313.17
1312.7	838.335	379	1.#QNAN	0	0.016	0	7.92109e-007	1312.57	1312.7	1312.93
1312.46	838.242	380	1.#QNAN	0	0.016	1	7.73229e-007	1299.99	1312.46	1312.68
1312.32	838.169	381	1.#QNAN	0	0.015	0	7.91714e-007	1373.6	1312.32	1312.55
1312.19	838.072	382	1.#QNAN	0	0.016	0	7.77957e-007	1383.95	1312.19	1312.42
1312.16	838.009	383	1.#QNAN	0	0.031	0	7.65149e-007	1457.01	1312.16	1312.39
1312.02	837.919	384	1.#QNAN	0	0.016	0	7.35869e-007	1398.87	1312.02	1312.25
1311.94	837.824	385	1.#QNAN	0	0.015	0	7.63687e-007	1461.8	1311.94	1312.17
1311.85	837.73	386	1.#QNAN	0	0.016	0	7.85809e-007	1404.04	1311.85	1312.08
1311.74	837.636	387	1.#QNAN	0	0.015	0	7.79113e-007	1426.2	1311.74	1311.98
1311.57	837.498	388	1.#QNAN	0	0.032	0	7.63943e-007	1382.57	1311.57	1311.8
1311.45	837.421	389	1.#QNAN	0	0.015	0	7.68089e-007	1352.64	1311.45	1311.69
1311.34	837.312	390	1.#QNAN	0	0.016	0	7.93339e-007	1360.46	1311.34	1311.57
1311.22	837.218	391	1.#QNAN	0	0.015	0	8.02381e-007	1365.78	1311.22	1311.45
1311.15	837.147	392	1.#QNAN	0	0.016	0	7.60277e-007	1418.48	1311.15	1311.38
1310.99	837.042	393	1.#QNAN	0	0.016	0	7.81397e-007	1343.12	1310.99	1311.23
1310.75	836.915	394	1.#QNAN	0	0.015	0	7.92667e-007	1279.34	1310.75	1310.98
1310.6	836.804	395	1.#QNAN	0	0.031	0	7.80529e-007	1355.91	1310.6	1310.84
1310.43	836.709	396	1.#QNAN	0	0.016	0	7.71771e-007	1319.48	1310.43	1310.67
1310.23	836.566	397	1.#QNAN	0	0.016	0	7.7292e-007	1298.13	1310.23	1310.47
1310.1	836.419	398	1.#QNAN	0	0.015	0	7.8188e-007	1323.65	1310.1	1310.34
1309.98	836.322	399	1.#QNAN	0	0.016	0	7.94421e-007	1325.27	1309.98	1310.23
