rmse	mae	#iter	time_pred	time_learn	time_learn2	time_learn4	alpha	rmse_mcmc_this	rmse_mcmc_all	rmse_mcmc_all_but5
4693.74	2981.92	0	1.#QNAN	0	0.016	0	1.48946e-009	4693.74	4693.74	3880.47
4420.81	2800.63	1	1.#QNAN	0	0.016	0	2.62438e-008	4330.92	4420.81	3880.47
4306.36	2728.93	2	1.#QNAN	0	0.015	0	3.3642e-008	4168.71	4306.36	3880.47
4195.32	2664.75	3	1.#QNAN	0	0.016	0	3.71726e-008	3955.07	4195.32	3880.47
4106.35	2624.7	4	1.#QNAN	0	0	0	4.17304e-008	3804.72	4106.35	37687.6
4003.85	2576.78	5	1.#QNAN	0	0.015	0	4.76238e-008	3543.77	4003.85	3543.77
3897.18	2524	6	1.#QNAN	0	0.016	0	5.23597e-008	3338.86	3897.18	3423.03
3785.27	2468.14	7	1.#QNAN	0	0.016	0	6.05653e-008	3100.78	3785.27	3299.34
3667.4	2405.43	8	1.#QNAN	0	0.015	0	7.32193e-008	2888.38	3667.4	3177.74
3557.03	2349.22	9	1.#QNAN	0	0.016	0	8.76468e-008	2816.47	3557.03	3079.55
3458.43	2299.1	10	1.#QNAN	0	0.015	0	1.00224e-007	2761.02	3458.43	3000.77
3364.53	2250.62	11	1.#QNAN	0	0.016	0	1.10157e-007	2656.77	3364.53	2928.22
3274.64	2203.56	12	1.#QNAN	0	0.016	0	1.21673e-007	2561.58	3274.64	2857.84
3194.01	2161.64	13	1.#QNAN	0	0.015	0	1.36877e-007	2499.01	3194.01	2797.39
3118.29	2119.82	14	1.#QNAN	0	0.016	0	1.46682e-007	2419.87	3118.29	2739.71
3047.6	2080.92	15	1.#QNAN	0	0.015	0	1.62376e-007	2377	3047.6	2688.24
2983.54	2045.73	16	1.#QNAN	0	0.016	0	1.75857e-007	2354.47	2983.54	2642.85
2924.22	2011.7	17	1.#QNAN	0	0.016	0	1.83307e-007	2331.75	2924.22	2601.44
2867.47	1979.22	18	1.#QNAN	0	0	0	1.92218e-007	2307.58	2867.47	2561.83
2816.09	1949.51	19	1.#QNAN	0	0.015	0	2.02431e-007	2297.48	2816.09	2527.27
2767.49	1920.9	20	1.#QNAN	0	0.016	0	2.1757e-007	2275.9	2767.49	2494.26
2720.32	1891.88	21	1.#QNAN	0	0.015	0	2.30308e-007	2206.4	2720.32	2461.16
2678.84	1865.64	22	1.#QNAN	0	0.016	0	2.44566e-007	2227.63	2678.84	2433.74
2638.33	1839.69	23	1.#QNAN	0	0.016	0	2.41094e-007	2078.02	2638.33	2404.36
2599.44	1814.4	24	1.#QNAN	0	0.015	0	2.59662e-007	2045.16	2599.44	2376.2
2563.8	1790.56	25	1.#QNAN	0	0	0	2.76752e-007	2068.57	2563.8	2351.1
2529.42	1766.69	26	1.#QNAN	0	0.016	0	2.83393e-007	2051.24	2529.42	2326.58
2497.25	1745.14	27	1.#QNAN	0	0.015	0	2.97976e-007	1965.36	2497.25	2302.88
2466.59	1725.18	28	1.#QNAN	0	0.016	0	3.05403e-007	1953.77	2466.59	2280.2
2436.77	1705.17	29	1.#QNAN	0	0.016	0	3.26044e-007	1921.23	2436.77	2257.88
2408.18	1685.64	30	1.#QNAN	0	0.015	0	3.33341e-007	1885.74	2408.18	2236.37
2381.43	1667.27	31	1.#QNAN	0	0.016	0	3.47942e-007	1912.03	2381.43	2216.76
2354.42	1648.98	32	1.#QNAN	0	0.015	0	3.63296e-007	1852.14	2354.42	2196.15
2328.72	1631.85	33	1.#QNAN	0	0	0	3.6841e-007	1851.62	2328.72	2176.48
2303.83	1615.1	34	1.#QNAN	0	0.016	0	3.78051e-007	1812.79	2303.83	2157.24
2279.18	1598.77	35	1.#QNAN	0	0.016	0	3.78735e-007	1782.2	2279.18	2137.76
2255.83	1582.92	36	1.#QNAN	0	0.015	0	3.94303e-007	1747.31	2255.83	2119.27
2232.97	1567.61	37	1.#QNAN	0	0.016	1	4.22249e-007	1749.58	2232.97	2101.12
2211.26	1552.57	38	1.#QNAN	0	0.015	0	4.23982e-007	1743.07	2211.26	2084.01
2190.99	1538.27	39	1.#QNAN	0	0.016	0	4.25866e-007	1783.58	2190.99	2068.5
2171.42	1524.19	40	1.#QNAN	0	0	0	4.51172e-007	1760.04	2171.42	2053.39
2152.99	1510.72	41	1.#QNAN	0	0.016	0	4.53011e-007	1738.18	2152.99	2039.09
2135.17	1497.34	42	1.#QNAN	0	0.015	0	4.48715e-007	1746.37	2135.17	2025.26
2117.38	1484.24	43	1.#QNAN	0	0.016	0	4.73555e-007	1689.31	2117.38	2010.94
2100.44	1471.79	44	1.#QNAN	0	0.015	0	4.72263e-007	1688.68	2100.44	1997.35
2083.83	1459.39	45	1.#QNAN	0	0.016	0	4.90559e-007	1646.06	2083.83	1983.93
2068.07	1447.41	46	1.#QNAN	0	0.016	0	4.83052e-007	1652.65	2068.07	1971.16
2052.74	1435.58	47	1.#QNAN	0	0	0	4.95806e-007	1662.36	2052.74	1958.76
2038.4	1424.32	48	1.#QNAN	0	0.015	0	4.98744e-007	1655.78	2038.4	1947.28
2024.76	1413.96	49	1.#QNAN	0	0.016	0	4.99559e-007	1676.34	2024.76	1936.41
2010.94	1403.54	50	1.#QNAN	0	0.015	0	5.16375e-007	1647.96	2010.94	1925.19
1997.93	1393.41	51	1.#QNAN	0	0.016	0	5.27586e-007	1654.49	1997.93	1914.79
1985.36	1383.61	52	1.#QNAN	0	0.016	0	5.22814e-007	1630.04	1985.36	1904.7
1973.22	1374.1	53	1.#QNAN	0	0.015	0	5.16238e-007	1638.42	1973.22	1895.06
1961.25	1364.76	54	1.#QNAN	0	0.016	0	5.2743e-007	1602.03	1961.25	1885.37
1949.49	1355.89	55	1.#QNAN	0	0	0	5.42863e-007	1617.1	1949.49	1875.75
1937.87	1347.11	56	1.#QNAN	0	0.015	0	5.40945e-007	1593.27	1937.87	1866.06
1926.99	1338.96	57	1.#QNAN	0	0.016	0	5.26745e-007	1563.31	1926.99	1857
1916.69	1331.06	58	1.#QNAN	0	0.016	0	5.52059e-007	1568.01	1916.69	1848.53
1906.72	1323.5	59	1.#QNAN	0	0.015	0	5.57646e-007	1568.69	1906.72	1840.36
1896.99	1315.95	60	1.#QNAN	0	0.016	0	5.42353e-007	1592.98	1896.99	1832.48
1887.87	1308.76	61	1.#QNAN	0	0.015	0	5.83029e-007	1593.54	1887.87	1825.09
1879.39	1301.81	62	1.#QNAN	0	0	0	5.63298e-007	1605.87	1879.39	1818.29
1870.49	1294.86	63	1.#QNAN	0	0.016	0	5.77897e-007	1583.39	1870.49	1810.92
1861.77	1287.85	64	1.#QNAN	0	0.016	0	5.99882e-007	1567.05	1861.77	1803.81
1852.94	1280.82	65	1.#QNAN	0	0.015	0	5.76572e-007	1560.5	1852.94	1796.47
1844.22	1273.88	66	1.#QNAN	0	0.016	0	5.80699e-007	1538.78	1844.22	1789.15
1835.61	1267.22	67	1.#QNAN	0	0.015	0	6.09385e-007	1529.86	1835.61	1781.87
1827.63	1260.73	68	1.#QNAN	0	0.016	0	5.93501e-007	1542.89	1827.63	1775.25
1819.76	1254.42	69	1.#QNAN	0	0	0	5.86295e-007	1529.1	1819.76	1768.64
1812.13	1248.26	70	1.#QNAN	0	0.016	0	5.92092e-007	1504.07	1812.13	1762.22
1805.01	1242.28	71	1.#QNAN	0	0.015	0	6.03878e-007	1523.92	1805.01	1756.3
1798.49	1236.75	72	1.#QNAN	0	0.016	0	6.10243e-007	1542.88	1798.49	1750.98
1791.79	1231.21	73	1.#QNAN	0	0.015	0	6.11706e-007	1526.11	1791.79	1745.38
1785.5	1225.88	74	1.#QNAN	0	0.016	0	6.1008e-007	1542.88	1785.5	1740.25
1778.92	1220.56	75	1.#QNAN	0	0.016	0	6.1942e-007	1499.45	1778.92	1734.7
1772.5	1215.3	76	1.#QNAN	0	0.015	0	6.0857e-007	1492.85	1772.5	1729.31
1766.48	1210.42	77	1.#QNAN	0	0	0	6.17273e-007	1492.85	1766.48	1724.26
1760.74	1205.54	78	1.#QNAN	0	0.016	0	6.21758e-007	1495.29	1760.74	1719.43
1754.91	1200.69	79	1.#QNAN	0	0.015	0	6.52977e-007	1481.18	1754.91	1714.48
1749.32	1195.95	80	1.#QNAN	0	0.016	0	6.20801e-007	1493.53	1749.32	1709.79
1743.37	1191.09	81	1.#QNAN	0	0.016	0	6.41039e-007	1452.32	1743.37	1704.64
1737.92	1186.44	82	1.#QNAN	0	0.015	0	6.20058e-007	1480.45	1737.92	1700
1732.31	1181.75	83	1.#QNAN	0	0.016	0	6.6339e-007	1458.52	1732.31	1695.13
1727.11	1177.35	84	1.#QNAN	0	0	0	6.55084e-007	1482.54	1727.11	1690.69
1722.18	1173.17	85	1.#QNAN	0	0.015	0	6.50101e-007	1499.66	1722.18	1686.51
1717.14	1168.82	86	1.#QNAN	0	0.016	0	6.636e-007	1474.19	1717.14	1682.2
1712.02	1164.55	87	1.#QNAN	0	0.016	0	6.60669e-007	1463.02	1712.02	1677.81
1706.74	1160.32	88	1.#QNAN	0	0.015	0	6.37332e-007	1441.74	1706.74	1673.23
1701.76	1156.23	89	1.#QNAN	0	0.016	0	6.61457e-007	1475.53	1701.76	1668.98
1696.65	1152.15	90	1.#QNAN	0	0.015	0	6.48506e-007	1457.44	1696.65	1664.52
1691.81	1148.07	91	1.#QNAN	0	0.016	0	6.67037e-007	1460.36	1691.81	1660.32
1687.5	1144.14	92	1.#QNAN	0	0.016	0	6.47093e-007	1503.66	1687.5	1656.66
1683.09	1140.4	93	1.#QNAN	0	0	0	6.80336e-007	1461.73	1683.09	1652.83
1678.56	1136.68	94	1.#QNAN	0	0.015	0	6.76861e-007	1451.1	1678.56	1648.84
1674.11	1133.02	95	1.#QNAN	0	0.016	0	6.81842e-007	1480.92	1674.11	1644.9
1669.67	1129.42	96	1.#QNAN	0	0.015	0	7.02217e-007	1493.01	1669.67	1640.9
1665.45	1125.9	97	1.#QNAN	0	0.016	0	7.00008e-007	1468.26	1665.45	1637.17
1661.48	1122.51	98	1.#QNAN	0	0.016	0	6.88554e-007	1485.9	1661.48	1633.7
1657.68	1119.18	99	1.#QNAN	0	0.015	0	6.7093e-007	1518.79	1657.68	1630.36
1653.85	1116.02	100	1.#QNAN	0	0	0	6.69804e-007	1505.8	1653.85	1626.98
1650.32	1113.05	101	1.#QNAN	0	0.016	0	7.04005e-007	1519.34	1650.32	1623.94
1646.65	1110.05	102	1.#QNAN	0	0.015	0	6.90205e-007	1477.16	1646.65	1620.73
1642.84	1106.99	103	1.#QNAN	0	0.016	0	6.8491e-007	1416.06	1642.84	1617.34
1639.12	1103.96	104	1.#QNAN	0	0.016	0	6.81165e-007	1422.27	1639.12	1614.03
1635.27	1100.92	105	1.#QNAN	0	0.015	0	7.17717e-007	1410.47	1635.27	1610.57
1631.51	1097.84	106	1.#QNAN	0	0.016	0	6.87405e-007	1413.27	1631.51	1607.18
1627.91	1094.91	107	1.#QNAN	0	0	0	7.13879e-007	1408.62	1627.91	1603.96
1623.77	1091.65	108	1.#QNAN	0	0.015	0	6.90015e-007	1377.78	1623.77	1600.16
1619.92	1088.6	109	1.#QNAN	0	0.016	0	6.90697e-007	1406.02	1619.92	1596.64
1616.28	1085.71	110	1.#QNAN	0	0.016	0	7.0374e-007	1428.25	1616.28	1593.36
1612.75	1082.87	111	1.#QNAN	0	0.015	1	6.97545e-007	1438.83	1612.75	1590.17
1609.26	1080.14	112	1.#QNAN	0	0.016	0	7.20937e-007	1410.09	1609.26	1587.02
1605.68	1077.28	113	1.#QNAN	0	0	0	6.88817e-007	1392.41	1605.68	1583.79
1602.37	1074.47	114	1.#QNAN	0	0.015	0	7.17507e-007	1420.28	1602.37	1580.83
1599.22	1071.74	115	1.#QNAN	0	0.016	0	6.99626e-007	1447.61	1599.22	1578.04
1596.34	1069.13	116	1.#QNAN	0	0.016	0	7.06e-007	1447.71	1596.34	1575.52
1593.57	1066.62	117	1.#QNAN	0	0.015	0	7.26077e-007	1446.21	1593.57	1573.12
1590.76	1064.07	118	1.#QNAN	0	0.016	0	7.11959e-007	1429.89	1590.76	1570.63
1588.14	1061.71	119	1.#QNAN	0	0.015	0	7.22251e-007	1444.78	1588.14	1568.32
1585.53	1059.39	120	1.#QNAN	0	0	0	7.41634e-007	1440.54	1585.53	1565.96
1582.69	1056.98	121	1.#QNAN	0	0.016	0	7.23365e-007	1398.17	1582.69	1563.37
1580.22	1054.68	122	1.#QNAN	0	0.016	0	7.29787e-007	1440.6	1580.22	1561.2
1577.63	1052.37	123	1.#QNAN	0	0.015	0	7.14174e-007	1414.75	1577.63	1558.86
1574.85	1050.03	124	1.#QNAN	0	0.016	0	6.97808e-007	1401.27	1574.85	1556.3
1572.05	1047.66	125	1.#QNAN	0	0.015	0	7.29133e-007	1419.01	1572.05	1553.74
1569.52	1045.46	126	1.#QNAN	0	0.016	0	7.0246e-007	1415.9	1569.52	1551.44
1566.77	1043.16	127	1.#QNAN	0	0	0	7.29864e-007	1406.49	1566.77	1548.93
1564.45	1041.02	128	1.#QNAN	0	0.016	0	7.47598e-007	1437.51	1564.45	1546.86
1562.18	1038.97	129	1.#QNAN	0	0.015	0	7.38428e-007	1414.47	1562.18	1544.81
1559.74	1036.81	130	1.#QNAN	0	0.016	0	7.49938e-007	1381	1559.74	1542.59
1557.66	1034.84	131	1.#QNAN	0	0.015	0	7.25812e-007	1431.39	1557.66	1540.78
1555.68	1032.86	132	1.#QNAN	0	0.016	0	7.32658e-007	1461.41	1555.68	1539.04
1553.72	1031	133	1.#QNAN	0	0	0	7.33617e-007	1452.59	1553.72	1537.29
1551.56	1029.13	134	1.#QNAN	0	0	0	7.40793e-007	1422.14	1551.56	1535.34
1549.23	1027.14	135	1.#QNAN	0	0.015	0	7.27989e-007	1397.81	1549.23	1533.19
1546.79	1025.14	136	1.#QNAN	0	0.016	0	7.15321e-007	1358.01	1546.79	1530.92
1544.33	1023.12	137	1.#QNAN	0	0.015	0	7.3064e-007	1356.34	1544.33	1528.63
1541.75	1021.11	138	1.#QNAN	0	0.016	0	7.13789e-007	1334.45	1541.75	1526.2
1539.44	1019.28	139	1.#QNAN	0	0.016	0	7.31795e-007	1377.82	1539.44	1524.05
1537.14	1017.39	140	1.#QNAN	0	0	0	7.26372e-007	1380.86	1537.14	1521.91
1535.06	1015.6	141	1.#QNAN	0	0.015	0	7.21974e-007	1420.05	1535.06	1519.99
1532.94	1013.86	142	1.#QNAN	0	0.016	0	7.26072e-007	1376.3	1532.94	1518.04
1530.88	1012.1	143	1.#QNAN	0	0.015	0	7.52107e-007	1391.16	1530.88	1516.15
1528.89	1010.35	144	1.#QNAN	0	0.016	0	7.74896e-007	1417.75	1528.89	1514.34
1526.77	1008.49	145	1.#QNAN	0	0.016	0	7.58722e-007	1368.57	1526.77	1512.38
1524.74	1006.81	146	1.#QNAN	0	0.015	0	7.21667e-007	1373.86	1524.74	1510.52
1522.69	1005.16	147	1.#QNAN	0	0	0	7.87196e-007	1370.87	1522.69	1508.62
1520.78	1003.53	148	1.#QNAN	0	0.016	0	7.72814e-007	1375.93	1520.78	1506.85
1518.65	1001.88	149	1.#QNAN	0	0.015	0	7.40149e-007	1347.12	1518.65	1504.87
1516.53	1000.22	150	1.#QNAN	0	0.016	0	7.38072e-007	1354.02	1516.53	1502.9
1514.41	998.505	151	1.#QNAN	0	0.016	0	7.31668e-007	1351.93	1514.41	1500.94
1512.23	996.759	152	1.#QNAN	0	0.015	0	7.40731e-007	1345	1512.23	1498.9
1510.29	995.125	153	1.#QNAN	0	0.016	0	7.46882e-007	1373.39	1510.29	1497.11
1508.37	993.545	154	1.#QNAN	0	0.015	0	7.39042e-007	1368.31	1508.37	1495.33
1506.55	992.047	155	1.#QNAN	0	0	0	7.34789e-007	1397.93	1506.55	1493.66
1504.77	990.596	156	1.#QNAN	0	0.016	0	7.53443e-007	1403.09	1504.77	1492.02
1502.98	989.176	157	1.#QNAN	0	0.016	0	7.38017e-007	1420.96	1502.98	1490.37
1501.25	987.742	158	1.#QNAN	0	0.015	0	7.6343e-007	1416.87	1501.25	1488.78
1499.41	986.288	159	1.#QNAN	0	0.016	0	7.41669e-007	1385.74	1499.41	1487.08
1497.6	984.947	160	1.#QNAN	0	0.015	0	7.44186e-007	1386.03	1497.6	1485.37
1495.83	983.567	161	1.#QNAN	0	0.016	0	7.20122e-007	1358.62	1495.83	1483.73
1494.22	982.251	162	1.#QNAN	0	0.016	0	7.67969e-007	1405.06	1494.22	1482.26
1492.65	980.95	163	1.#QNAN	0	0	0	7.40088e-007	1403.04	1492.65	1480.85
1491.01	979.676	164	1.#QNAN	0	0.015	0	7.59693e-007	1393.13	1491.01	1479.34
1489.36	978.431	165	1.#QNAN	0	0.016	0	7.39183e-007	1391.9	1489.36	1477.82
1487.53	977.117	166	1.#QNAN	0	0.015	0	7.62088e-007	1346.38	1487.53	1476.11
1485.97	975.959	167	1.#QNAN	0	0.016	0	7.51825e-007	1373.42	1485.97	1474.67
1484.47	974.779	168	1.#QNAN	0	0.016	0	7.67565e-007	1385.46	1484.47	1473.29
1482.91	973.522	169	1.#QNAN	0	0.015	0	8.06706e-007	1394.03	1482.91	1471.84
1481.44	972.433	170	1.#QNAN	0	0	0	7.39276e-007	1382.45	1481.44	1470.46
1480.03	971.307	171	1.#QNAN	0	0.016	0	7.62963e-007	1389.07	1480.03	1469.16
1478.57	970.167	172	1.#QNAN	0	0.015	0	7.67613e-007	1379.7	1478.57	1467.83
1477.14	969.033	173	1.#QNAN	0	0.016	0	7.7295e-007	1376.96	1477.14	1466.51
1475.72	967.871	174	1.#QNAN	0	0.016	0	7.46295e-007	1369.57	1475.72	1465.21
1474.34	966.737	175	1.#QNAN	0	0.015	0	7.70533e-007	1368.93	1474.34	1463.94
1472.95	965.686	176	1.#QNAN	0	0.016	0	7.7983e-007	1369.34	1472.95	1462.64
1471.43	964.565	177	1.#QNAN	0	0.015	0	7.60387e-007	1356.48	1471.43	1461.22
1470.13	963.514	178	1.#QNAN	0	0.016	0	7.50449e-007	1355.77	1470.13	1460.02
1468.83	962.448	179	1.#QNAN	0	0	0	7.4998e-007	1370.01	1468.83	1458.82
1467.44	961.311	180	1.#QNAN	0	0.016	0	7.88215e-007	1340.66	1467.44	1457.53
1466.09	960.232	181	1.#QNAN	0	0.015	0	7.52769e-007	1352.51	1466.09	1456.29
1464.74	959.132	182	1.#QNAN	0	0.016	0	7.70827e-007	1365.06	1464.74	1455.04
1463.4	958.043	183	1.#QNAN	0	0.015	0	7.84894e-007	1368	1463.4	1453.81
1461.95	956.886	184	1.#QNAN	0	0.016	0	7.80652e-007	1345.45	1461.95	1452.46
1460.59	955.83	185	1.#QNAN	0	0.016	0	7.59144e-007	1346.75	1460.59	1451.19
1459.28	954.803	186	1.#QNAN	0	0	0	7.44073e-007	1355.75	1459.28	1449.96
1458.16	953.896	187	1.#QNAN	0	0.015	1	7.6236e-007	1400.8	1458.16	1448.94
1456.91	952.92	188	1.#QNAN	0	0.016	0	7.44691e-007	1348.28	1456.91	1447.77
1455.46	951.829	189	1.#QNAN	0	0.015	0	7.63898e-007	1321.42	1455.46	1446.4
1454.14	950.814	190	1.#QNAN	0	0.016	0	7.36375e-007	1350.88	1454.14	1445.17
1452.99	949.896	191	1.#QNAN	0	0.016	0	7.53815e-007	1372.08	1452.99	1444.11
1451.95	948.963	192	1.#QNAN	0	0.015	0	7.75457e-007	1432.3	1451.95	1443.15
1450.65	947.961	193	1.#QNAN	0	0	0	7.57153e-007	1333.46	1450.65	1441.93
1449.47	946.997	194	1.#QNAN	0	0.016	0	7.54291e-007	1346.3	1449.47	1440.83
1448.22	946.073	195	1.#QNAN	0	0.015	0	7.52132e-007	1343.68	1448.22	1439.65
1447.03	945.126	196	1.#QNAN	0	0.016	0	7.78377e-007	1343.08	1447.03	1438.55
1445.88	944.197	197	1.#QNAN	0	0.016	0	8.06276e-007	1393.81	1445.88	1437.48
1444.67	943.245	198	1.#QNAN	0	0.015	0	7.59285e-007	1354.26	1444.67	1436.33
1443.48	942.384	199	1.#QNAN	0	0.016	0	7.74934e-007	1363.29	1443.48	1435.21
1442.2	941.464	200	1.#QNAN	0	0	0	7.42618e-007	1341.84	1442.2	1434
1440.97	940.539	201	1.#QNAN	0	0.015	0	7.83956e-007	1331.34	1440.97	1432.84
1439.77	939.639	202	1.#QNAN	0	0.016	0	7.78199e-007	1323.91	1439.77	1431.73
1438.65	938.786	203	1.#QNAN	0	0.016	0	7.76485e-007	1336.6	1438.65	1430.68
1437.44	937.884	204	1.#QNAN	0	0.015	0	7.78162e-007	1307.84	1437.44	1429.55
1436.38	936.991	205	1.#QNAN	0	0.016	0	7.78206e-007	1330.6	1436.38	1428.56
1435.24	936.027	206	1.#QNAN	0	0	0	7.68293e-007	1307.85	1435.24	1427.49
1434.1	935.163	207	1.#QNAN	0	0	0	7.85152e-007	1305.6	1434.1	1426.41
1432.92	934.234	208	1.#QNAN	0	0.016	0	7.78581e-007	1309.5	1432.92	1425.3
1431.67	933.363	209	1.#QNAN	0	0.016	0	7.61564e-007	1282.68	1431.67	1424.1
1430.6	932.513	210	1.#QNAN	0	0.015	0	7.45164e-007	1337.02	1430.6	1423.08
1429.6	931.722	211	1.#QNAN	0	0.016	0	7.88815e-007	1339.49	1429.6	1422.14
1428.67	930.975	212	1.#QNAN	0	0.015	0	7.85675e-007	1347.84	1428.67	1421.27
1427.72	930.2	213	1.#QNAN	0	0.016	0	7.70608e-007	1340.2	1427.72	1420.37
1426.8	929.417	214	1.#QNAN	0	0.016	0	7.83032e-007	1341.22	1426.8	1419.51
1425.97	928.684	215	1.#QNAN	0	0	0	7.48895e-007	1373.78	1425.97	1418.74
1425.05	927.931	216	1.#QNAN	0	0.015	0	7.7387e-007	1355.3	1425.05	1417.87
1424.21	927.237	217	1.#QNAN	0	0.016	0	7.54052e-007	1382.76	1424.21	1417.09
1423.4	926.547	218	1.#QNAN	0	0.015	0	7.60815e-007	1384.55	1423.4	1416.33
1422.56	925.848	219	1.#QNAN	0	0.016	0	7.66292e-007	1376.82	1422.56	1415.55
1421.78	925.171	220	1.#QNAN	0	0.016	0	7.73444e-007	1367.81	1421.78	1414.85
1421.01	924.477	221	1.#QNAN	0	0.015	0	7.92958e-007	1388.09	1421.01	1414.14
1420.1	923.727	222	1.#QNAN	0	0	0	7.6289e-007	1346.74	1420.1	1413.29
1419.26	923.049	223	1.#QNAN	0	0.016	0	7.81515e-007	1339.28	1419.26	1412.5
1418.42	922.364	224	1.#QNAN	0	0.015	0	7.48755e-007	1368.92	1418.42	1411.71
1417.66	921.775	225	1.#QNAN	0	0.016	0	7.5992e-007	1385.04	1417.66	1411
1416.85	921.128	226	1.#QNAN	0	0.016	0	7.91241e-007	1354.86	1416.85	1410.22
1416.12	920.51	227	1.#QNAN	0	0.015	0	7.92078e-007	1386.44	1416.12	1409.55
1415.35	919.855	228	1.#QNAN	0	0.016	0	7.80123e-007	1344.83	1415.35	1408.82
1414.51	919.172	229	1.#QNAN	0	0.015	0	7.8751e-007	1330.07	1414.51	1408.04
1413.76	918.545	230	1.#QNAN	0	0	0	7.39422e-007	1351.76	1413.76	1407.33
1412.97	917.914	231	1.#QNAN	0	0.016	0	7.72528e-007	1332.72	1412.97	1406.6
1412.24	917.245	232	1.#QNAN	0	0.016	0	7.57176e-007	1340.7	1412.24	1405.92
1411.47	916.623	233	1.#QNAN	0	0.015	0	7.43962e-007	1338.22	1411.47	1405.22
1410.7	915.968	234	1.#QNAN	0	0.016	0	7.78603e-007	1329.02	1410.7	1404.5
1409.91	915.297	235	1.#QNAN	0	0.015	0	7.63109e-007	1314.96	1409.91	1403.76
1409.21	914.687	236	1.#QNAN	0	0.016	0	7.49003e-007	1336.52	1409.21	1403.11
1408.46	914.06	237	1.#QNAN	0	0.016	0	7.85782e-007	1328.57	1408.46	1402.42
1407.81	913.478	238	1.#QNAN	0	0	0	7.82719e-007	1363.86	1407.81	1401.84
1407.13	912.868	239	1.#QNAN	0	0.015	0	7.66254e-007	1344.23	1407.13	1401.21
1406.43	912.262	240	1.#QNAN	0	0.016	0	7.57733e-007	1339.64	1406.43	1400.56
1405.66	911.623	241	1.#QNAN	0	0.015	0	7.52427e-007	1322.14	1405.66	1399.84
1404.87	910.988	242	1.#QNAN	0	0.016	0	7.67512e-007	1318.38	1404.87	1399.1
1404.05	910.359	243	1.#QNAN	0	0.016	0	7.91085e-007	1303.31	1404.05	1398.33
1403.2	909.713	244	1.#QNAN	0	0	0	7.70312e-007	1300.02	1403.2	1397.52
1402.43	909.094	245	1.#QNAN	0	0.015	0	7.73739e-007	1302.86	1402.43	1396.8
1401.71	908.461	246	1.#QNAN	0	0.016	0	7.66893e-007	1328.1	1401.71	1396.14
1400.91	907.832	247	1.#QNAN	0	0.015	0	7.50018e-007	1306.71	1400.91	1395.39
1400.14	907.186	248	1.#QNAN	0	0.016	0	7.68371e-007	1303.76	1400.14	1394.66
1399.35	906.571	249	1.#QNAN	0	0.016	0	7.70064e-007	1316.59	1399.35	1393.91
1398.71	906.03	250	1.#QNAN	0	0.015	0	7.38626e-007	1387.15	1398.71	1393.31
1397.94	905.447	251	1.#QNAN	0	0.016	0	7.41609e-007	1312.96	1397.94	1392.59
1397.21	904.905	252	1.#QNAN	0	0	0	7.39623e-007	1318.63	1397.21	1391.9
1396.55	904.361	253	1.#QNAN	0	0.015	0	7.32189e-007	1316.98	1396.55	1391.27
1395.91	903.841	254	1.#QNAN	0	0.016	0	7.45772e-007	1331.53	1395.91	1390.67
1395.35	903.341	255	1.#QNAN	0	0.016	0	7.77558e-007	1381.9	1395.35	1390.15
1394.74	902.807	256	1.#QNAN	0	0.015	0	7.76302e-007	1369.37	1394.74	1389.58
1394.16	902.306	257	1.#QNAN	0	0.016	0	7.51705e-007	1377.37	1394.16	1389.05
1393.58	901.822	258	1.#QNAN	0	0	0	7.68186e-007	1362.7	1393.58	1388.5
1392.93	901.3	259	1.#QNAN	0	0.015	0	7.62283e-007	1331.17	1392.93	1387.89
1392.3	900.766	260	1.#QNAN	0	0.016	0	7.63868e-007	1328.16	1392.3	1387.3
1391.62	900.214	261	1.#QNAN	0	0.016	1	7.60475e-007	1317.63	1391.62	1386.65
1391.02	899.713	262	1.#QNAN	0	0.015	0	7.80621e-007	1324.33	1391.02	1386.08
1390.5	899.246	263	1.#QNAN	0	0.016	0	7.7046e-007	1340.18	1390.5	1385.6
1389.87	898.724	264	1.#QNAN	0	0.015	0	7.9919e-007	1314.57	1389.87	1385.01
1389.27	898.204	265	1.#QNAN	0	0	0	7.89395e-007	1331.82	1389.27	1384.44
1388.74	897.719	266	1.#QNAN	0	0.016	0	7.22213e-007	1360.25	1388.74	1383.95
1388.19	897.234	267	1.#QNAN	0	0.016	0	7.87396e-007	1332.4	1388.19	1383.43
1387.57	896.761	268	1.#QNAN	0	0.015	0	7.655e-007	1321.51	1387.57	1382.84
1386.98	896.29	269	1.#QNAN	0	0.016	0	7.87464e-007	1352.46	1386.98	1382.28
1386.37	895.817	270	1.#QNAN	0	0.015	0	7.70595e-007	1372.95	1386.37	1381.7
1385.65	895.305	271	1.#QNAN	0	0.016	0	7.98721e-007	1299.15	1385.65	1381.02
1385.04	894.811	272	1.#QNAN	0	0	0	7.65122e-007	1349.87	1385.04	1380.44
1384.45	894.342	273	1.#QNAN	0	0.016	0	7.52174e-007	1320.95	1384.45	1379.89
1383.98	893.918	274	1.#QNAN	0	0.015	0	7.80776e-007	1361.86	1383.98	1379.45
1383.55	893.501	275	1.#QNAN	0	0.016	0	7.77507e-007	1390.19	1383.55	1379.06
1383.06	893.077	276	1.#QNAN	0	0.015	0	7.73952e-007	1356.09	1383.06	1378.61
1382.67	892.702	277	1.#QNAN	0	0.016	0	7.88533e-007	1408.06	1382.67	1378.27
1382.25	892.309	278	1.#QNAN	0	0.016	0	7.63794e-007	1371.71	1382.25	1377.87
1381.74	891.863	279	1.#QNAN	0	0.015	0	7.71763e-007	1348.49	1381.74	1377.4
1381.18	891.425	280	1.#QNAN	0	0.016	0	7.66156e-007	1336.54	1381.18	1376.86
1380.63	890.99	281	1.#QNAN	0	0	0	7.61337e-007	1360.65	1380.63	1376.34
1380.16	890.587	282	1.#QNAN	0	0.015	0	7.47936e-007	1386.85	1380.16	1375.91
1379.63	890.181	283	1.#QNAN	0	0.016	0	7.45788e-007	1341.88	1379.63	1375.42
1379.13	889.777	284	1.#QNAN	0	0.016	0	7.82863e-007	1332.6	1379.13	1374.94
1378.59	889.349	285	1.#QNAN	0	0.015	0	7.98143e-007	1333.07	1378.59	1374.44
1378.19	888.944	286	1.#QNAN	0	0.016	0	7.90881e-007	1375.11	1378.19	1374.07
1377.73	888.515	287	1.#QNAN	0	0.015	0	7.93e-007	1373.38	1377.73	1373.64
1377.24	888.086	288	1.#QNAN	0	0	0	7.6282e-007	1360.03	1377.24	1373.18
1376.69	887.68	289	1.#QNAN	0	0.016	0	7.54816e-007	1327.33	1376.69	1372.66
1376.1	887.214	290	1.#QNAN	0	0.016	0	7.85612e-007	1323.53	1376.1	1372.1
1375.62	886.825	291	1.#QNAN	0	0.015	0	7.85731e-007	1361.64	1375.62	1371.64
1375.11	886.396	292	1.#QNAN	0	0.016	0	7.65041e-007	1343.97	1375.11	1371.17
1374.59	885.98	293	1.#QNAN	0	0.015	0	7.7994e-007	1329.23	1374.59	1370.68
1374.16	885.585	294	1.#QNAN	0	0.016	0	7.95597e-007	1366.66	1374.16	1370.27
1373.77	885.204	295	1.#QNAN	0	0	0	7.88529e-007	1372.73	1373.77	1369.92
1373.31	884.797	296	1.#QNAN	0	0.016	0	8.14715e-007	1371.34	1373.31	1369.5
1372.87	884.368	297	1.#QNAN	0	0.015	0	7.62001e-007	1357.68	1372.87	1369.09
1372.41	883.954	298	1.#QNAN	0	0.016	0	7.82706e-007	1339.62	1372.41	1368.66
1371.98	883.559	299	1.#QNAN	0	0.015	0	7.96409e-007	1357.27	1371.98	1368.27
1371.58	883.167	300	1.#QNAN	0	0.016	0	7.55612e-007	1367.7	1371.58	1367.89
1371.16	882.782	301	1.#QNAN	0	0	0	7.74026e-007	1354.64	1371.16	1367.5
1370.69	882.418	302	1.#QNAN	0	0.016	0	7.85678e-007	1310.65	1370.69	1367.06
1370.24	882.034	303	1.#QNAN	0	0.015	0	7.84663e-007	1325.3	1370.24	1366.62
1369.72	881.63	304	1.#QNAN	0	0.016	0	7.70831e-007	1306.74	1369.72	1366.13
1369.26	881.231	305	1.#QNAN	0	0.015	0	7.77903e-007	1317.56	1369.26	1365.7
1368.75	880.826	306	1.#QNAN	0	0.016	0	7.55811e-007	1298.49	1368.75	1365.22
1368.26	880.443	307	1.#QNAN	0	0	0	7.82184e-007	1306.81	1368.26	1364.76
1367.79	880.051	308	1.#QNAN	0	0.016	0	7.5139e-007	1303.22	1367.79	1364.32
1367.37	879.67	309	1.#QNAN	0	0.015	0	7.86384e-007	1338.48	1367.37	1363.94
1366.93	879.298	310	1.#QNAN	0	0.016	0	7.54894e-007	1329	1366.93	1363.53
1366.41	878.885	311	1.#QNAN	0	0.015	0	7.78982e-007	1301.42	1366.41	1363.04
1365.99	878.531	312	1.#QNAN	0	0.016	0	7.67282e-007	1322.32	1365.99	1362.65
1365.58	878.19	313	1.#QNAN	0	0.016	0	7.93512e-007	1335.86	1365.58	1362.27
1365.08	877.826	314	1.#QNAN	0	0.015	0	7.82984e-007	1298.99	1365.08	1361.79
1364.73	877.522	315	1.#QNAN	0	0	0	7.74236e-007	1357.28	1364.73	1361.46
1364.29	877.208	316	1.#QNAN	0	0.016	0	7.9481e-007	1328.19	1364.29	1361.04
1363.89	876.907	317	1.#QNAN	0	0.015	0	7.69978e-007	1339.3	1363.89	1360.65
1363.4	876.527	318	1.#QNAN	0	0.016	0	7.76795e-007	1318.28	1363.4	1360.19
1362.83	876.117	319	1.#QNAN	0	0.016	0	7.75514e-007	1271.46	1362.83	1359.64
1362.15	875.676	320	1.#QNAN	0	0.015	0	7.63812e-007	1253.94	1362.15	1358.97
1361.53	875.266	321	1.#QNAN	0	0.016	0	7.88467e-007	1267.61	1361.53	1358.36
1360.96	874.889	322	1.#QNAN	0	0	0	7.74341e-007	1283.5	1360.96	1357.81
1360.44	874.52	323	1.#QNAN	0	0.015	0	8.11616e-007	1318.88	1360.44	1357.3
1359.92	874.149	324	1.#QNAN	0	0.016	0	7.99223e-007	1296.49	1359.92	1356.79
1359.41	873.777	325	1.#QNAN	0	0.016	0	7.59594e-007	1329.14	1359.41	1356.3
1358.94	873.464	326	1.#QNAN	0	0.015	0	7.80539e-007	1313.95	1358.94	1355.83
1358.52	873.158	327	1.#QNAN	0	0.016	0	7.62905e-007	1320.83	1358.52	1355.43
1358.17	872.871	328	1.#QNAN	0	0	0	7.58602e-007	1352.29	1358.17	1355.1
1357.78	872.569	329	1.#QNAN	0	0.015	0	7.71163e-007	1334.78	1357.78	1354.72
1357.38	872.278	330	1.#QNAN	0	0.016	0	7.55687e-007	1320.94	1357.38	1354.34
1356.98	871.95	331	1.#QNAN	0	0.016	0	7.90035e-007	1315.6	1356.98	1353.96
1356.48	871.604	332	1.#QNAN	0	0.015	0	7.7792e-007	1296.03	1356.48	1353.48
1356.01	871.255	333	1.#QNAN	0	0.016	0	7.48776e-007	1299.39	1356.01	1353.02
1355.44	870.887	334	1.#QNAN	0	0.015	0	7.81539e-007	1276.95	1355.44	1352.46
1354.9	870.519	335	1.#QNAN	0	0	0	7.84348e-007	1284.46	1354.9	1351.94
1354.41	870.183	336	1.#QNAN	0	0.016	1	7.89555e-007	1307.64	1354.41	1351.47
1353.9	869.852	337	1.#QNAN	0	0.016	0	7.64631e-007	1307.03	1353.9	1350.97
1353.42	869.539	338	1.#QNAN	0	0.015	0	7.9608e-007	1326.02	1353.42	1350.5
1352.91	869.188	339	1.#QNAN	0	0.016	0	7.70162e-007	1294.65	1352.91	1350
1352.44	868.872	340	1.#QNAN	0	0.015	0	7.82303e-007	1316.92	1352.44	1349.55
1351.98	868.543	341	1.#QNAN	0	0.016	0	7.7062e-007	1321.87	1351.98	1349.11
1351.48	868.235	342	1.#QNAN	0	0	0	7.94688e-007	1285.09	1351.48	1348.62
1351.06	867.923	343	1.#QNAN	0	0.016	0	7.68131e-007	1309.85	1351.06	1348.22
1350.62	867.627	344	1.#QNAN	0	0.015	0	7.67781e-007	1301.56	1350.62	1347.78
1350.19	867.36	345	1.#QNAN	0	0.016	0	7.81495e-007	1314.55	1350.19	1347.37
1349.77	867.072	346	1.#QNAN	0	0.015	0	7.75201e-007	1294.09	1349.77	1346.96
1349.27	866.739	347	1.#QNAN	0	0.016	0	7.73365e-007	1277.25	1349.27	1346.48
1348.82	866.402	348	1.#QNAN	0	0.016	0	7.54939e-007	1312.81	1348.82	1346.04
1348.47	866.107	349	1.#QNAN	0	0	0	7.80492e-007	1329.57	1348.47	1345.71
1348.06	865.829	350	1.#QNAN	0	0.015	0	7.82305e-007	1313.35	1348.06	1345.32
1347.75	865.576	351	1.#QNAN	0	0.016	0	7.84331e-007	1338.59	1347.75	1345.02
1347.47	865.335	352	1.#QNAN	0	0.015	0	7.60054e-007	1339.93	1347.47	1344.75
1347.16	865.097	353	1.#QNAN	0	0.016	0	7.92173e-007	1312.25	1347.16	1344.45
1346.87	864.852	354	1.#QNAN	0	0.016	0	7.65409e-007	1331.3	1346.87	1344.17
1346.52	864.595	355	1.#QNAN	0	0.015	0	7.69612e-007	1317.79	1346.52	1343.84
1346.13	864.334	356	1.#QNAN	0	0	0	7.92433e-007	1294.53	1346.13	1343.45
1345.75	864.084	357	1.#QNAN	0	0.016	0	7.70033e-007	1305.49	1345.75	1343.09
1345.42	863.829	358	1.#QNAN	0	0.015	0	8.04816e-007	1309.38	1345.42	1342.77
1345.03	863.562	359	1.#QNAN	0	0.016	0	7.58929e-007	1310.23	1345.03	1342.4
1344.61	863.273	360	1.#QNAN	0	0.016	0	7.71551e-007	1299.98	1344.61	1341.99
1344.28	863.051	361	1.#QNAN	0	0.015	0	7.79466e-007	1306.42	1344.28	1341.67
1343.99	862.818	362	1.#QNAN	0	0.016	0	7.80178e-007	1329.57	1343.99	1341.4
1343.72	862.589	363	1.#QNAN	0	0	0	7.85339e-007	1342.34	1343.72	1341.14
1343.51	862.358	364	1.#QNAN	0	0.015	0	7.70544e-007	1362.85	1343.51	1340.96
1343.32	862.146	365	1.#QNAN	0	0.016	0	7.80079e-007	1358.2	1343.32	1340.78
1343.03	861.931	366	1.#QNAN	0	0.016	0	7.94261e-007	1322.19	1343.03	1340.51
1342.79	861.707	367	1.#QNAN	0	0.015	0	7.82299e-007	1343.54	1342.79	1340.29
1342.52	861.483	368	1.#QNAN	0	0.016	0	8.02954e-007	1328.39	1342.52	1340.03
1342.2	861.234	369	1.#QNAN	0	0.015	0	7.73914e-007	1321.15	1342.2	1339.72
1341.95	861.01	370	1.#QNAN	0	0	0	7.74004e-007	1334.51	1341.95	1339.48
1341.68	860.801	371	1.#QNAN	0	0.016	0	7.56582e-007	1328.32	1341.68	1339.23
1341.49	860.633	372	1.#QNAN	0	0.016	0	7.36342e-007	1383.9	1341.49	1339.05
1341.22	860.408	373	1.#QNAN	0	0.015	0	7.90039e-007	1349.9	1341.22	1338.8
1340.97	860.194	374	1.#QNAN	0	0.016	0	7.85235e-007	1352.51	1340.97	1338.56
1340.76	860.01	375	1.#QNAN	0	0.015	0	7.8906e-007	1360.55	1340.76	1338.38
1340.52	859.806	376	1.#QNAN	0	0.016	0	7.7644e-007	1372.89	1340.52	1338.15
1340.27	859.611	377	1.#QNAN	0	0.016	0	8.07733e-007	1320.46	1340.27	1337.91
1339.97	859.381	378	1.#QNAN	0	0	0	7.90214e-007	1303.45	1339.97	1337.64
1339.74	859.194	379	1.#QNAN	0	0.015	0	7.67984e-007	1367.96	1339.74	1337.42
1339.47	858.979	380	1.#QNAN	0	0.016	0	7.92019e-007	1308.44	1339.47	1337.16
1339.23	858.757	381	1.#QNAN	0	0.015	0	7.75775e-007	1331.53	1339.23	1336.94
1339	858.564	382	1.#QNAN	0	0.016	0	7.5928e-007	1352.23	1339	1336.73
1338.74	858.358	383	1.#QNAN	0	0.016	0	7.97944e-007	1312.47	1338.74	1336.48
1338.42	858.14	384	1.#QNAN	0	0	0	7.75363e-007	1295.49	1338.42	1336.17
1338.19	857.943	385	1.#QNAN	0	0	0	7.81414e-007	1328.55	1338.19	1335.95
1337.95	857.741	386	1.#QNAN	0	0.016	0	7.62024e-007	1344.52	1337.95	1335.72
1337.68	857.543	387	1.#QNAN	0	0.015	0	7.63871e-007	1334.27	1337.68	1335.47
1337.38	857.298	388	1.#QNAN	0	0.016	0	8.02027e-007	1321.81	1337.38	1335.18
1337.09	857.06	389	1.#QNAN	0	0.016	0	8.18808e-007	1323.72	1337.09	1334.9
1336.76	856.82	390	1.#QNAN	0	0.015	0	7.60899e-007	1290.93	1336.76	1334.58
1336.47	856.583	391	1.#QNAN	0	0	0	7.95727e-007	1316.76	1336.47	1334.31
1336.16	856.36	392	1.#QNAN	0	0.016	0	7.81017e-007	1307.68	1336.16	1334
1335.79	856.111	393	1.#QNAN	0	0.015	0	7.9582e-007	1273.82	1335.79	1333.64
1335.41	855.866	394	1.#QNAN	0	0.016	0	7.60162e-007	1272.58	1335.41	1333.28
1335.03	855.635	395	1.#QNAN	0	0.016	0	8.16147e-007	1269.81	1335.03	1332.9
1334.7	855.409	396	1.#QNAN	0	0.015	0	7.70222e-007	1288.8	1334.7	1332.58
1334.41	855.195	397	1.#QNAN	0	0.016	0	7.9466e-007	1308.28	1334.41	1332.29
1334.15	854.988	398	1.#QNAN	0	0	0	7.85117e-007	1306.98	1334.15	1332.05
1333.89	854.818	399	1.#QNAN	0	0.015	0	7.75786e-007	1310.38	1333.89	1331.79
